[2015.11.13-04.06.59:604][  0]Log file open, 11/12/15 23:06:59
[2015.11.13-04.06.59:604][  0]LogInit:Display: Running engine for game: SuperSpaceArmada
[2015.11.13-04.06.59:604][  0]LogInit:Display: RandInit(1316314345) SRandInit(1316314346).
[2015.11.13-04.06.59:604][  0]LogTaskGraph: Started task graph with 4 named threads and 7 total threads.
[2015.11.13-04.06.59:604][  0]LogStats: Stats thread started at 0.081446
[2015.11.13-04.06.59:604][  0]LogInit: Version: 4.9.1-2689999+++depot+UE4-Releases+4.9
[2015.11.13-04.06.59:604][  0]LogInit: API Version: 2672455
[2015.11.13-04.06.59:604][  0]LogInit: Compiled (64-bit): Sep 14 2015 04:12:03
[2015.11.13-04.06.59:604][  0]LogInit: Compiled with Visual C++: 18.00.21005.01
[2015.11.13-04.06.59:604][  0]LogInit: Build Configuration: Development
[2015.11.13-04.06.59:604][  0]LogInit: Branch Name: ++depot+UE4-Releases+4.9
[2015.11.13-04.06.59:604][  0]LogInit: Command line:  
[2015.11.13-04.06.59:604][  0]LogInit: Base directory: C:/Program Files/Epic Games/4.9/Engine/Binaries/Win64/
[2015.11.13-04.06.59:604][  0]LogInit: Rocket: 1
[2015.11.13-04.06.59:616][  0]LogInit: Using libcurl 7.41.0
[2015.11.13-04.06.59:616][  0]LogInit:  - built for x86_64-pc-win32
[2015.11.13-04.06.59:616][  0]LogInit:  - supports SSL with WinSSL
[2015.11.13-04.06.59:616][  0]LogInit:  - other features:
[2015.11.13-04.06.59:616][  0]LogInit:      CURL_VERSION_SSL
[2015.11.13-04.06.59:616][  0]LogInit:      CURL_VERSION_IPV6
[2015.11.13-04.06.59:616][  0]LogInit:      CURL_VERSION_ASYNCHDNS
[2015.11.13-04.06.59:616][  0]LogInit:      CURL_VERSION_LARGEFILE
[2015.11.13-04.06.59:616][  0]LogInit:      CURL_VERSION_IDN
[2015.11.13-04.06.59:616][  0]LogInit:  CurlRequestOptions (configurable via config and command line):
[2015.11.13-04.06.59:616][  0]LogInit:  - bVerifyPeer = true  - Libcurl will verify peer certificate
[2015.11.13-04.06.59:616][  0]LogInit:  - bUseHttpProxy = false  - Libcurl will NOT use HTTP proxy
[2015.11.13-04.06.59:616][  0]LogInit:  - bDontReuseConnections = false  - Libcurl will reuse connections
[2015.11.13-04.06.59:616][  0]LogInit:  - CertBundlePath = nullptr  - Libcurl will use whatever was configured at build time.
[2015.11.13-04.06.59:625][  0]LogInit: Presizing for 0 objects not considered by GC, pre-allocating 0 bytes.
[2015.11.13-04.06.59:631][  0]LogInit: Object subsystem initialized
[2015.11.13-04.06.59:632][  0]LogInit: Selected Device Profile: [Windows]
[2015.11.13-04.06.59:632][  0]LogInit: Applying CVar settings loaded from the selected device profile: [Windows]
[2015.11.13-04.06.59:640][  0]LogInit: Computer: EXIA
[2015.11.13-04.06.59:640][  0]LogInit: User: SGJin
[2015.11.13-04.06.59:640][  0]LogInit: CPU Page size=4096, Cores=4
[2015.11.13-04.06.59:640][  0]LogInit: High frequency timer resolution =2.338349 MHz
[2015.11.13-04.06.59:640][  0]LogMemory: Memory total: Physical=7.9GB (8GB approx)
[2015.11.13-04.06.59:640][  0]LogMemory: Platform Memory Stats for Windows
[2015.11.13-04.06.59:640][  0]LogMemory: Process Physical Memory: 54.89 MB used, 54.89 MB peak
[2015.11.13-04.06.59:640][  0]LogMemory: Process Virtual Memory: 55.35 MB used, 55.35 MB peak
[2015.11.13-04.06.59:640][  0]LogMemory: Physical Memory: 3166.61 MB used, 8124.02 MB total
[2015.11.13-04.06.59:640][  0]LogMemory: Virtual Memory: 364.63 MB used, 134217728.00 MB total
[2015.11.13-04.07.00:015][  0]LogTextLocalizationManager: No specific translations for ('en-US') exist, so ('en') translations will be used.
[2015.11.13-04.07.00:734][  0]LogD3D11RHI: Found D3D11 adapter 0: NVIDIA GeForce GT 740M          (Feature Level 11_0)
[2015.11.13-04.07.00:734][  0]LogD3D11RHI: Adapter has 1996MB of dedicated video memory, 0MB of dedicated system memory, and 4062MB of shared system memory, 1 output[s]
[2015.11.13-04.07.00:740][  0]LogD3D11RHI: Found D3D11 adapter 1: Intel(R) HD Graphics 4600 (Feature Level 11_0)
[2015.11.13-04.07.00:740][  0]LogD3D11RHI: Adapter has 112MB of dedicated video memory, 0MB of dedicated system memory, and 4062MB of shared system memory, 0 output[s]
[2015.11.13-04.07.00:741][  0]LogD3D11RHI: Found D3D11 adapter 2: Microsoft Basic Render Driver (Feature Level 11_0)
[2015.11.13-04.07.00:741][  0]LogD3D11RHI: Adapter has 0MB of dedicated video memory, 0MB of dedicated system memory, and 4062MB of shared system memory, 0 output[s]
[2015.11.13-04.07.00:741][  0]LogD3D11RHI: Chosen D3D11 Adapter Id = 0
[2015.11.13-04.07.00:747][  0]LogD3D11RHI: !Direct3DDevice
[2015.11.13-04.07.00:747][  0]LogRHI: Texture pool is 1361 MB (70% of 1945 MB)
[2015.11.13-04.07.00:759][  0]LogD3D11RHI: Async texture creation enabled
[2015.11.13-04.07.00:769][  0]LogShaderCompilers: Guid format shader working directory is 15 characters bigger than the processId version (../../../../../../Users/Jin/Documents/GitHub/Game-Files/SuperSpaceArmada/Intermediate/Shaders/WorkingDirectory/1684/).
[2015.11.13-04.07.00:769][  0]LogShaderCompilers: Cleaned the shader compiler working directory '../../../../../../Users/Jin/Documents/GitHub/Game-Files/SuperSpaceArmada/Intermediate/Shaders/tmp/C55C44CE456E48C303FA20B7222E5682/'.
[2015.11.13-04.07.00:769][  0]LogShaderCompilers:Display: Using Local Shader Compiler.
[2015.11.13-04.07.02:119][  0]LogTemp:Display: Loaded TP AllDesktopTargetPlatform
[2015.11.13-04.07.02:126][  0]LogTemp:Display: Loaded TP WindowsClientTargetPlatform
[2015.11.13-04.07.02:132][  0]LogTemp:Display: Loaded TP WindowsNoEditorTargetPlatform
[2015.11.13-04.07.02:139][  0]LogTemp:Display: Loaded TP WindowsServerTargetPlatform
[2015.11.13-04.07.02:145][  0]LogTemp:Display: Loaded TP WindowsTargetPlatform
[2015.11.13-04.07.02:149][  0]LogTemp:Display: Loaded TP AndroidTargetPlatform
[2015.11.13-04.07.02:153][  0]LogTemp:Display: Loaded TP Android_ASTCTargetPlatform
[2015.11.13-04.07.02:157][  0]LogTemp:Display: Loaded TP Android_ATCTargetPlatform
[2015.11.13-04.07.02:160][  0]LogTemp:Display: Loaded TP Android_DXTTargetPlatform
[2015.11.13-04.07.02:164][  0]LogTemp:Display: Loaded TP Android_ETC1TargetPlatform
[2015.11.13-04.07.02:168][  0]LogTemp:Display: Loaded TP Android_ETC2TargetPlatform
[2015.11.13-04.07.02:172][  0]LogTemp:Display: Loaded TP Android_PVRTCTargetPlatform
[2015.11.13-04.07.02:173][  0]LogTemp:Display: Loaded TP HTML5TargetPlatform
[2015.11.13-04.07.02:191][  0]LogTemp:Display: Loaded TP IOSTargetPlatform
[2015.11.13-04.07.02:194][  0]LogTemp:Display: Loaded TP LinuxNoEditorTargetPlatform
[2015.11.13-04.07.02:198][  0]LogTemp:Display: Loaded TP LinuxServerTargetPlatform
[2015.11.13-04.07.02:202][  0]LogTemp:Display: Loaded TP LinuxTargetPlatform
[2015.11.13-04.07.02:202][  0]LogTargetPlatformManager:Display: Building Assets For Windows
[2015.11.13-04.07.02:304][  0]LogDerivedDataCache:Display: Max Cache Size: 512 MB
[2015.11.13-04.07.02:347][  0]LogDerivedDataCache: Loaded boot cache 0.04s 41MB C:/Users/Jin/AppData/Local/UnrealEngine/4.9/DerivedDataCache/Boot.ddc.
[2015.11.13-04.07.02:347][  0]LogDerivedDataCache:Display: Loaded Boot cache: C:/Users/Jin/AppData/Local/UnrealEngine/4.9/DerivedDataCache/Boot.ddc
[2015.11.13-04.07.02:347][  0]LogDerivedDataCache: FDerivedDataBackendGraph:  Pak pak cache file ../../../../../../Users/Jin/Documents/GitHub/Game-Files/SuperSpaceArmada/DerivedDataCache/DDC.ddp not found, will not use a pak cache.
[2015.11.13-04.07.02:347][  0]LogDerivedDataCache: Unable to find inner node Pak for hierarchical cache Hierarchy.
[2015.11.13-04.07.02:347][  0]LogDerivedDataCache: FDerivedDataBackendGraph:  CompressedPak pak cache file ../../../../../../Users/Jin/Documents/GitHub/Game-Files/SuperSpaceArmada/DerivedDataCache/Compressed.ddp not found, will not use a pak cache.
[2015.11.13-04.07.02:347][  0]LogDerivedDataCache: Unable to find inner node CompressedPak for hierarchical cache Hierarchy.
[2015.11.13-04.07.02:482][  0]LogDerivedDataCache:Display: Pak cache opened for reading ../../../Engine/DerivedDataCache/Compressed.ddp.
[2015.11.13-04.07.02:494][  0]LogDerivedDataCache: Using Local data cache path C:/Users/Jin/AppData/Local/UnrealEngine/Common/DerivedDataCache: Writable
[2015.11.13-04.07.02:688][  0]LogInit: Selected Device Profile: [Windows]
[2015.11.13-04.07.02:691][  0]LogContentStreaming: Texture pool size is 0.000000MB
[2015.11.13-04.07.02:814][  0]LogMeshUtilities: No automatic mesh reduction module available
[2015.11.13-04.07.02:814][  0]LogMeshUtilities: No automatic mesh merging module available
[2015.11.13-04.07.03:054][  0]LogInit: WinSock: version 1.1 (2.2), MaxSocks=32767, MaxUdp=65467
[2015.11.13-04.07.04:011][  0]LogAssetRegistry: FAssetRegistry took 0.0110 seconds to start up
[2015.11.13-04.07.04:029][  0]UdpMessaging: Initializing bridge on interface 0.0.0.0:0 to multicast group 230.0.0.1:6666.
[2015.11.13-04.07.04:303][  0]SourceControl: Info Source control is disabled
[2015.11.13-04.07.04:350][  0]SourceControl: Info Source control is disabled
[2015.11.13-04.07.04:364][  0]SourceControl: Info Source control is disabled
[2015.11.13-04.07.04:378][  0]SourceControl: Info Source control is disabled
[2015.11.13-04.07.04:559][  0]LogLinker:Warning: Asset '../../../Engine/Plugins/Runtime/LeapMotionController/Content/LM_PassthroughMaterial.uasset' has been saved with empty engine version. The asset will be loaded but may be incompatible.
[2015.11.13-04.07.04:672][  0]LogObj: 28528 objects as part of root set at end of initial load.
[2015.11.13-04.07.04:672][  0]LogUObjectAllocator: 6068464 out of 0 bytes used by permanent object pool.
[2015.11.13-04.07.04:728][  0]LogEngine: Initializing Engine...
[2015.11.13-04.07.04:731][  0]LogHMD: Can't find Oculus library dev build: is proper Runtime installed? Version: 0.7.0.0
[2015.11.13-04.07.04:732][  0]LogHMD: SteamVR failed to initialize.  Err: 110
[2015.11.13-04.07.04:854][  0]LogAIModule: Creating AISystem for world NewWorld
[2015.11.13-04.07.04:863][  0]LogInit: XAudio2 using 'Speakers / HP (IDT High Definition Audio CODEC)' : 2 channels at 48 kHz using 16 bits per sample (channel mask 0x3)
[2015.11.13-04.07.04:882][  0]LogInit: FAudioDevice initialized.
[2015.11.13-04.07.04:905][  0]LogDerivedDataCache: Saved boot cache 0.02s 41MB C:/Users/Jin/AppData/Local/UnrealEngine/4.9/DerivedDataCache/Boot.ddc.
[2015.11.13-04.07.04:908][  0]LogInit: Texture streaming: Enabled
[2015.11.13-04.07.04:915][  0]LogAnalytics: Creating configured Analytics provider AnalyticsET
[2015.11.13-04.07.04:915][  0]LogAnalytics: [UEEditor.Rocket.Release] APIServer = http://et2.epicgames.com/ET2/. AppVersion = 4.9.1-2689999+++depot+UE4-Releases+4.9
[2015.11.13-04.07.04:915][  0]LogAnalytics: [UEEditor.Rocket.Release] SetUserId 435ea4a8489b84c6f4feaab84cbae6c8|e03effeb7bdf4ddc9c712682a578c51b|8a2a019e-36d5-4c55-97e1-833141022920
[2015.11.13-04.07.04:915][  0]LogAnalytics: [UEEditor.Rocket.Release] AnalyticsET::StartSession
[2015.11.13-04.07.04:984][  0]LogInit: Transaction tracking system initialized
[2015.11.13-04.07.05:018][  0]BlueprintLog: New page: Editor Load
[2015.11.13-04.07.05:122][  0]LocalizationService: Info Localization service is disabled
[2015.11.13-04.07.05:217][  0]LogConsoleResponse:Display: 
[2015.11.13-04.07.05:328][  0]LogCook:Display: Done creating registry. It took  0.00s.
[2015.11.13-04.07.05:399][  0]LogFileCache: Scanning file cache for directory 'C:/Users/Jin/Documents/GitHub/Game-Files/SuperSpaceArmada/Content/' took 0.02s
[2015.11.13-04.07.05:406][  0]SourceControl: Info Source control is disabled
[2015.11.13-04.07.05:406][  0]Cmd: MAP LOAD FILE="../../../../../../Users/Jin/Documents/GitHub/Game-Files/SuperSpaceArmada/Content/SSA/Maps/Home_Kratakos.umap" TEMPLATE=0 SHOWPROGRESS=1 FEATURELEVEL=3
[2015.11.13-04.07.05:407][  0]LightingResults: New page: Lighting Build
[2015.11.13-04.07.05:411][  0]MapCheck: New page: Map Check
[2015.11.13-04.07.05:411][  0]LightingResults: New page: Lighting Build
[2015.11.13-04.07.05:423][  0]LogParticles: Destroying 0 GPU particle simulations for FXSystem 0x0000001B20665620
[2015.11.13-04.07.05:512][  0]LogLinker:Warning: Asset '../../../../../../Users/Jin/Documents/GitHub/Game-Files/SuperSpaceArmada/Content/Mannequin/Animations/ThirdPerson_AnimBP.uasset' has been saved with empty engine version. The asset will be loaded but may be incompatible.
[2015.11.13-04.07.05:514][  0]LogLinker:Warning: Asset '../../../../../../Users/Jin/Documents/GitHub/Game-Files/SuperSpaceArmada/Content/Mannequin/Animations/ThirdPerson_Jump.uasset' has been saved with empty engine version. The asset will be loaded but may be incompatible.
[2015.11.13-04.07.05:516][  0]LogLinker:Warning: Asset '../../../../../../Users/Jin/Documents/GitHub/Game-Files/SuperSpaceArmada/Content/Mannequin/Animations/ThirdPersonJump_Loop.uasset' has been saved with empty engine version. The asset will be loaded but may be incompatible.
[2015.11.13-04.07.05:517][  0]LogLinker:Warning: Asset '../../../../../../Users/Jin/Documents/GitHub/Game-Files/SuperSpaceArmada/Content/Mannequin/Animations/ThirdPersonJump_Start.uasset' has been saved with empty engine version. The asset will be loaded but may be incompatible.
[2015.11.13-04.07.05:518][  0]LogLinker:Warning: Asset '../../../../../../Users/Jin/Documents/GitHub/Game-Files/SuperSpaceArmada/Content/Mannequin/Animations/ThirdPerson_IdleRun_2D.uasset' has been saved with empty engine version. The asset will be loaded but may be incompatible.
[2015.11.13-04.07.05:519][  0]LogLinker:Warning: Asset '../../../../../../Users/Jin/Documents/GitHub/Game-Files/SuperSpaceArmada/Content/Mannequin/Animations/ThirdPersonIdle.uasset' has been saved with empty engine version. The asset will be loaded but may be incompatible.
[2015.11.13-04.07.05:520][  0]LogLinker:Warning: Asset '../../../../../../Users/Jin/Documents/GitHub/Game-Files/SuperSpaceArmada/Content/Mannequin/Animations/ThirdPersonRun.uasset' has been saved with empty engine version. The asset will be loaded but may be incompatible.
[2015.11.13-04.07.05:521][  0]LogLinker:Warning: Asset '../../../../../../Users/Jin/Documents/GitHub/Game-Files/SuperSpaceArmada/Content/Mannequin/Animations/ThirdPersonWalk.uasset' has been saved with empty engine version. The asset will be loaded but may be incompatible.
[2015.11.13-04.07.08:849][  0]LogLinker:Warning: Can't find file '/Game/Geometry/Meshes/1M_Cube'
[2015.11.13-04.07.08:849][  0]LogLinker:Warning: Can't find file for asset '/Game/Geometry/Meshes/1M_Cube' while loading ../../../../../../Users/Jin/Documents/GitHub/Game-Files/SuperSpaceArmada/Content/SSA/Blueprints/Objects/Crystal_Spawner.uasset.
[2015.11.13-04.07.08:849][  0]LoadErrors:Error: Error /Game/SSA/Blueprints/Objects/Crystal_Spawner : Can't find file for asset. /Game/Geometry/Meshes/1M_Cube
[2015.11.13-04.07.08:850][  0]LogLinker:Warning: Can't find file '/Game/Geometry/Meshes/1M_Cube'
[2015.11.13-04.07.08:851][  0]LogLinker:Warning: Can't find file for asset '/Game/Geometry/Meshes/1M_Cube' while loading ../../../../../../Users/Jin/Documents/GitHub/Game-Files/SuperSpaceArmada/Content/SSA/Blueprints/Objects/Crystal_Spawner.uasset.
[2015.11.13-04.07.08:851][  0]LoadErrors:Error: Error /Game/SSA/Blueprints/Objects/Crystal_Spawner : Can't find file for asset. /Game/Geometry/Meshes/1M_Cube
[2015.11.13-04.07.08:853][  0]LogLinker:Warning: Can't find file '/Game/Geometry/Meshes/1M_Cube'
[2015.11.13-04.07.08:853][  0]LogLinker:Warning: Can't find file for asset '/Game/Geometry/Meshes/1M_Cube' while loading ../../../../../../Users/Jin/Documents/GitHub/Game-Files/SuperSpaceArmada/Content/SSA/Maps/Home_Kratakos.umap.
[2015.11.13-04.07.08:853][  0]LoadErrors:Error: Error /Game/SSA/Maps/Home_Kratakos : Can't find file for asset. /Game/Geometry/Meshes/1M_Cube
[2015.11.13-04.07.08:853][  0]LogLinker:Warning: Can't find file '/Game/Geometry/Meshes/1M_Cube'
[2015.11.13-04.07.08:853][  0]LogLinker:Warning: Can't find file for asset '/Game/Geometry/Meshes/1M_Cube' while loading ../../../../../../Users/Jin/Documents/GitHub/Game-Files/SuperSpaceArmada/Content/SSA/Maps/Home_Kratakos.umap.
[2015.11.13-04.07.08:853][  0]LoadErrors:Error: Error /Game/SSA/Maps/Home_Kratakos : Can't find file for asset. /Game/Geometry/Meshes/1M_Cube
[2015.11.13-04.07.08:854][  0]LogLinker:Warning: Can't find file '/Game/Geometry/Meshes/1M_Cube'
[2015.11.13-04.07.08:854][  0]LoadErrors: Info Failed to load /Game/Geometry/Meshes/1M_Cube.1M_Cube Referenced by StaticMeshComponent0
[2015.11.13-04.07.08:855][  0]LogLinker:Warning: Can't find file for asset '/Game/Geometry/Meshes/1M_Cube' while loading ../../../../../../Users/Jin/Documents/GitHub/Game-Files/SuperSpaceArmada/Content/SSA/Maps/Home_Kratakos.umap.
[2015.11.13-04.07.08:855][  0]LoadErrors: Info Failed to load /Game/Geometry/Meshes/1M_Cube.1M_Cube Referenced by StaticMeshComponent0
[2015.11.13-04.07.08:855][  0]LoadErrors:Error: Error /Game/SSA/Maps/Home_Kratakos : Can't find file for asset. /Game/Geometry/Meshes/1M_Cube
[2015.11.13-04.07.09:396][  0]LogMaterial: Missing cached shader map for material lambert1, compiling. 
[2015.11.13-04.07.09:396][  0]LogMaterial:Warning: Failed to compile Material /Game/Geometry/Meshes/KratakosFrigate/lambert1.lambert1 for platform PCD3D_SM5, Default Material will be used in game.
[2015.11.13-04.07.09:396][  0]LogMaterial:Warning: 	(Node TextureSample) TextureSample> Missing input texture
[2015.11.13-04.07.10:303][  0]LogAIModule: Creating AISystem for world Home_Kratakos
[2015.11.13-04.07.10:310][  0]LogEditorServer: Finished looking for orphan Actors (0.000 secs)
[2015.11.13-04.07.10:311][  0]Cmd: MAP CHECKDEP NOCLEARLOG
[2015.11.13-04.07.10:509][  0]MapCheck: Info Map check complete: 0 Error(s), 0 Warning(s), took 198.659ms to complete.
[2015.11.13-04.07.10:509][  0]LogFileHelpers: Loading map 'Home_Kratakos' took 5.104
[2015.11.13-04.07.10:624][  0]LogCollectionManager: Loaded 0 collections in 0.002917 seconds
[2015.11.13-04.07.10:665][  0]LogFileCache: Scanning file cache for directory 'C:/Users/Jin/Documents/GitHub/Game-Files/SuperSpaceArmada/Saved/Collections/' took 0.01s
[2015.11.13-04.07.10:665][  0]LogFileCache: Scanning file cache for directory 'C:/Users/Jin/Documents/GitHub/Game-Files/SuperSpaceArmada/Content/Developers/SGJin/Collections/' took 0.01s
[2015.11.13-04.07.10:665][  0]LogFileCache: Scanning file cache for directory 'C:/Users/Jin/Documents/GitHub/Game-Files/SuperSpaceArmada/Content/Collections/' took 0.01s
[2015.11.13-04.07.10:665][  0]LogContentBrowser: Native class hierarchy populated in 0.0072 seconds. Added 1882 classes and 339 folders.
[2015.11.13-04.07.10:671][  0]LogCollectionManager: Rebuilt the GUID cache for 0 collections in 0.000003 seconds
[2015.11.13-04.07.10:678][  0]LogContentBrowser: Native class hierarchy updated for 'WidgetCarousel' in 0.0004 seconds. Added 0 classes and 0 folders.
[2015.11.13-04.07.10:741][  0]LogContentBrowser: Native class hierarchy updated for 'AddContentDialog' in 0.0003 seconds. Added 0 classes and 0 folders.
[2015.11.13-04.07.10:746][  0]LogContentBrowser: Native class hierarchy updated for 'SceneOutliner' in 0.0004 seconds. Added 1 classes and 2 folders.
[2015.11.13-04.07.10:845][  0]LogCrashTracker: Crashtracker disabled due to settings.
[2015.11.13-04.07.10:849][  0]LogUObjectGlobals:Warning: Failed to find object 'Class None.'
[2015.11.13-04.07.10:872][  0]LogLoad: Full Startup: 11.83 seconds (BP compile: 1.69 seconds)
[2015.11.13-04.07.11:212][  0]LoadErrors:Error: Error /Game/SSA/Blueprints/Player : Failed import for Player_C /Game/SSA/Blueprints/Player/Player.Default__Player_C
[2015.11.13-04.07.11:278][  0]LogContentStreaming: Texture pool size now 1000 MB
[2015.11.13-04.07.11:544][  1]LogRenderer: Reallocating scene render targets to support 1064x552 (Frame:2).
[2015.11.13-04.07.16:554][ 16]LogAssetRegistry: Asset discovery search completed in 12.5551 seconds
[2015.11.13-04.07.16:554][ 16]LogCollectionManager: Rebuilt the object cache for 0 collections in 0.000000 seconds (found 0 objects)
[2015.11.13-04.07.16:554][ 16]LogCollectionManager: Fixed up redirectors for 0 collections in 0.000019 seconds (updated 0 objects)
[2015.11.13-04.07.40:418][219]LogBlueprintUserMessages: Early PlayInEditor Detection: Level '/Game/SSA/Maps/Home_Kratakos.Home_Kratakos:PersistentLevel' has LevelScriptBlueprint '/Game/SSA/Maps/Home_Kratakos.Home_Kratakos:PersistentLevel.Home_Kratakos' with GeneratedClass '/Game/SSA/Maps/Home_Kratakos.Home_Kratakos_C' with ClassGeneratedBy '/Game/SSA/Maps/Home_Kratakos.Home_Kratakos:PersistentLevel.Home_Kratakos'
[2015.11.13-04.07.40:418][219]LogPlayLevel: PlayLevel: No blueprints needed recompiling
[2015.11.13-04.07.40:418][219]PIE: New page: PIE session: Home_Kratakos (Nov 12, 2015, 6:07:40 PM)
[2015.11.13-04.07.40:418][219]LogPlayLevel: Creating play world package: /Game/SSA/Maps/UEDPIE_0_Home_Kratakos
[2015.11.13-04.07.40:458][219]LogPlayLevel: PIE: StaticDuplicateObject took: (0.039558s)
[2015.11.13-04.07.40:459][219]LogAIModule: Creating AISystem for world Home_Kratakos
[2015.11.13-04.07.40:459][219]LogPlayLevel: PIE: World Init took: (0.001463s)
[2015.11.13-04.07.40:460][219]LogPlayLevel: PIE: Created PIE world by copying editor world from /Game/SSA/Maps/Home_Kratakos.Home_Kratakos to /Game/SSA/Maps/UEDPIE_0_Home_Kratakos.Home_Kratakos (0.041550s)
[2015.11.13-04.07.40:633][219]LogInit: XAudio2 using 'Speakers / HP (IDT High Definition Audio CODEC)' : 2 channels at 48 kHz using 16 bits per sample (channel mask 0x3)
[2015.11.13-04.07.40:652][219]LogInit: FAudioDevice initialized.
[2015.11.13-04.07.40:705][219]LogWorld: Game class is 'TopDownGameMode_C'
[2015.11.13-04.07.40:714][219]LogWorld:Warning: *** WARNING - PATHS MAY NOT BE VALID ***
[2015.11.13-04.07.40:714][219]LogWorld: Bringing World /Game/SSA/Maps/UEDPIE_0_Home_Kratakos.Home_Kratakos up for play (max tick rate 60) at 2015.11.12-23.07.40
[2015.11.13-04.07.40:714][219]LogActor:Warning: GameSession /Game/SSA/Maps/UEDPIE_0_Home_Kratakos.Home_Kratakos:PersistentLevel.GameSession_0 has natively added scene component(s), but none of them were set as the actor's RootComponent - picking one arbitrarily
[2015.11.13-04.07.40:714][219]LogActor:Warning: GameNetworkManager /Game/SSA/Maps/UEDPIE_0_Home_Kratakos.Home_Kratakos:PersistentLevel.GameNetworkManager_0 has natively added scene component(s), but none of them were set as the actor's RootComponent - picking one arbitrarily
[2015.11.13-04.07.40:715][219]LogWorld: Bringing up level for play took: 0.008122
[2015.11.13-04.07.40:722][219]PIE: Info Play in editor start time for /Game/SSA/Maps/UEDPIE_0_Home_Kratakos -0.323
[2015.11.13-04.07.40:722][219]LogBlueprintUserMessages: Late PlayInEditor Detection: Level '/Game/SSA/Maps/Home_Kratakos.Home_Kratakos:PersistentLevel' has LevelScriptBlueprint '/Game/SSA/Maps/Home_Kratakos.Home_Kratakos:PersistentLevel.Home_Kratakos' with GeneratedClass '/Game/SSA/Maps/Home_Kratakos.Home_Kratakos_C' with ClassGeneratedBy '/Game/SSA/Maps/Home_Kratakos.Home_Kratakos:PersistentLevel.Home_Kratakos'
[2015.11.13-04.08.03:119][150]LogScript:Warning: Accessed None 'CallFunc_K2_GetPawn_ReturnValue'
	EnemyAI1_C /Game/SSA/Maps/UEDPIE_0_Home_Kratakos.Home_Kratakos:PersistentLevel.EnemyAI1_C_0
	Function /Game/SSA/Blueprints/AI/EnemyAI1.EnemyAI1_C:ExecuteUbergraph_EnemyAI1:008C
[2015.11.13-04.08.03:120][150]PIE:Error: Error Accessed None 'CallFunc_K2_GetPawn_ReturnValue' from node Set Value as Vector in graph 'EventGraph' in blueprint EnemyAI1
[2015.11.13-04.08.03:121][150]LogBlueprintUserMessages: [Player_Human_C_0] X=553.209 Y=-34.333 Z=312.525
[2015.11.13-04.08.37:186][558]LogPhysics:Warning: FConstraintInstance::GetRefFrame : Contained scale.
[2015.11.13-04.08.37:186][558]LogPhysics:Warning: FConstraintInstance::GetRefFrame : Contained scale.
[2015.11.13-04.08.37:186][558]LogPhysics:Warning: FConstraintInstance::GetRefFrame : Contained scale.
[2015.11.13-04.08.42:563][779]LogBlueprintUserMessages: Early EndPlayMap Detection: Level '/Game/SSA/Maps/Home_Kratakos.Home_Kratakos:PersistentLevel' has LevelScriptBlueprint '/Game/SSA/Maps/Home_Kratakos.Home_Kratakos:PersistentLevel.Home_Kratakos' with GeneratedClass '/Game/SSA/Maps/Home_Kratakos.Home_Kratakos_C' with ClassGeneratedBy '/Game/SSA/Maps/Home_Kratakos.Home_Kratakos:PersistentLevel.Home_Kratakos'
[2015.11.13-04.08.42:614][779]LogBlueprintUserMessages: Late EndPlayMap Detection: Level '/Game/SSA/Maps/Home_Kratakos.Home_Kratakos:PersistentLevel' has LevelScriptBlueprint '/Game/SSA/Maps/Home_Kratakos.Home_Kratakos:PersistentLevel.Home_Kratakos' with GeneratedClass '/Game/SSA/Maps/Home_Kratakos.Home_Kratakos_C' with ClassGeneratedBy '/Game/SSA/Maps/Home_Kratakos.Home_Kratakos:PersistentLevel.Home_Kratakos'
[2015.11.13-04.08.42:652][779]LogParticles: Destroying 0 GPU particle simulations for FXSystem 0x0000001B010F0720
[2015.11.13-04.08.45:658][873]LogWindowsTextInputMethodSystem:Display: IME system now deactivated.
[2015.11.13-04.08.46:081][874]Cmd: QUIT_EDITOR
[2015.11.13-04.08.46:515][874]LogExit: Preparing to exit.
[2015.11.13-04.08.47:157][874]LogExit: Editor shut down
[2015.11.13-04.08.47:157][874]LogExit: Transaction tracking system shut down
[2015.11.13-04.08.47:165][874]LogParticles: Destroying 0 GPU particle simulations for FXSystem 0x0000001B2FDDDBC0
[2015.11.13-04.08.47:165][874]LogParticles: Destroying 0 GPU particle simulations for FXSystem 0x0000001B3590F4C0
[2015.11.13-04.08.47:165][874]LogParticles: Destroying 0 GPU particle simulations for FXSystem 0x0000001B37785080
[2015.11.13-04.08.47:165][874]LogParticles: Destroying 0 GPU particle simulations for FXSystem 0x0000001B419419E0
[2015.11.13-04.08.47:165][874]LogParticles: Destroying 0 GPU particle simulations for FXSystem 0x0000001B419416C0
[2015.11.13-04.08.47:165][874]LogParticles: Destroying 0 GPU particle simulations for FXSystem 0x0000001B41941580
[2015.11.13-04.08.47:309][874]LogExit: Object subsystem successfully closed.
[2015.11.13-04.08.47:330][874]LogD3D11RHI: Shutdown
[2015.11.13-04.08.47:330][874]LogD3D11RHI: CleanupD3DDevice
[2015.11.13-04.08.47:392][874]LogD3D11RHI: ~FD3D11DynamicRHI
[2015.11.13-04.08.47:416][874]LogModuleManager: Shutting down and abandoning module CrashTracker (199)
[2015.11.13-04.08.47:416][874]LogModuleManager: Shutting down and abandoning module SceneOutliner (198)
[2015.11.13-04.08.47:416][874]LogModuleManager: Shutting down and abandoning module SuperSearch (197)
[2015.11.13-04.08.47:416][874]LogModuleManager: Shutting down and abandoning module WidgetCarousel (196)
[2015.11.13-04.08.47:416][874]LogModuleManager: Shutting down and abandoning module AddContentDialog (195)
[2015.11.13-04.08.47:417][874]LogModuleManager: Shutting down and abandoning module EditorWidgets (194)
[2015.11.13-04.08.47:417][874]LogModuleManager: Shutting down and abandoning module CollectionManager (193)
[2015.11.13-04.08.47:417][874]LogModuleManager: Shutting down and abandoning module StatsViewer (192)
[2015.11.13-04.08.47:417][874]LogModuleManager: Shutting down and abandoning module FoliageEdit (191)
[2015.11.13-04.08.47:417][874]LogModuleManager: Shutting down and abandoning module LandscapeEditor (190)
[2015.11.13-04.08.47:417][874]LogModuleManager: Shutting down and abandoning module ActorPickerMode (189)
[2015.11.13-04.08.47:417][874]LogModuleManager: Shutting down and abandoning module GeometryMode (188)
[2015.11.13-04.08.47:417][874]LogModuleManager: Shutting down and abandoning module TextureAlignMode (187)
[2015.11.13-04.08.47:417][874]LogModuleManager: Shutting down and abandoning module BspMode (186)
[2015.11.13-04.08.47:417][874]LogModuleManager: Shutting down and abandoning module PlacementMode (185)
[2015.11.13-04.08.47:417][874]LogModuleManager: Shutting down and abandoning module AutomationWorker (184)
[2015.11.13-04.08.47:417][874]LogModuleManager: Shutting down and abandoning module CharacterAI (183)
[2015.11.13-04.08.47:417][874]LogModuleManager: Shutting down and abandoning module SmartSnapping (182)
[2015.11.13-04.08.47:417][874]LogModuleManager: Shutting down and abandoning module ViewportSnapping (181)
[2015.11.13-04.08.47:417][874]LogModuleManager: Shutting down and abandoning module LogVisualizer (180)
[2015.11.13-04.08.47:417][874]LogModuleManager: Shutting down and abandoning module GameProjectGeneration (179)
[2015.11.13-04.08.47:417][874]LogModuleManager: Shutting down and abandoning module IntroTutorials (178)
[2015.11.13-04.08.47:417][874]LogModuleManager: Shutting down and abandoning module EditorLiveStreaming (177)
[2015.11.13-04.08.47:417][874]LogModuleManager: Shutting down and abandoning module IOSPlatformEditor (176)
[2015.11.13-04.08.47:417][874]LogModuleManager: Shutting down and abandoning module HTML5PlatformEditor (175)
[2015.11.13-04.08.47:417][874]LogModuleManager: Shutting down and abandoning module AndroidDeviceDetection (174)
[2015.11.13-04.08.48:248][874]LogModuleManager: Shutting down and abandoning module AndroidPlatformEditor (173)
[2015.11.13-04.08.48:248][874]LogModuleManager: Shutting down and abandoning module IOSRuntimeSettings (172)
[2015.11.13-04.08.48:248][874]LogModuleManager: Shutting down and abandoning module AndroidRuntimeSettings (171)
[2015.11.13-04.08.48:248][874]LogModuleManager: Shutting down and abandoning module MergeActors (170)
[2015.11.13-04.08.48:248][874]LogModuleManager: Shutting down and abandoning module SizeMap (169)
[2015.11.13-04.08.48:248][874]LogModuleManager: Shutting down and abandoning module TreeMap (168)
[2015.11.13-04.08.48:248][874]LogModuleManager: Shutting down and abandoning module ReferenceViewer (167)
[2015.11.13-04.08.48:248][874]LogModuleManager: Shutting down and abandoning module LocalizationService (166)
[2015.11.13-04.08.48:248][874]LogModuleManager: Shutting down and abandoning module LocalizationDashboard (165)
[2015.11.13-04.08.48:248][874]LogModuleManager: Shutting down and abandoning module HardwareTargeting (164)
[2015.11.13-04.08.48:248][874]LogModuleManager: Shutting down and abandoning module DeviceProfileEditor (163)
[2015.11.13-04.08.48:248][874]LogModuleManager: Shutting down and abandoning module UndoHistory (162)
[2015.11.13-04.08.48:248][874]LogModuleManager: Shutting down and abandoning module GameplayTagsEditor (161)
[2015.11.13-04.08.48:248][874]LogModuleManager: Shutting down and abandoning module UserFeedback (160)
[2015.11.13-04.08.48:248][874]LogModuleManager: Shutting down and abandoning module XmlParser (159)
[2015.11.13-04.08.48:248][874]LogModuleManager: Shutting down and abandoning module Blutility (158)
[2015.11.13-04.08.48:248][874]LogModuleManager: Shutting down and abandoning module ProjectTargetPlatformEditor (157)
[2015.11.13-04.08.48:248][874]LogModuleManager: Shutting down and abandoning module ProjectSettingsViewer (156)
[2015.11.13-04.08.48:248][874]LogModuleManager: Shutting down and abandoning module InputBindingEditor (155)
[2015.11.13-04.08.48:248][874]LogModuleManager: Shutting down and abandoning module EditorSettingsViewer (154)
[2015.11.13-04.08.48:248][874]LogModuleManager: Shutting down and abandoning module SettingsEditor (153)
[2015.11.13-04.08.48:248][874]LogModuleManager: Shutting down and abandoning module ProjectLauncher (152)
[2015.11.13-04.08.48:248][874]LogModuleManager: Shutting down and abandoning module SessionFrontend (151)
[2015.11.13-04.08.48:248][874]LogModuleManager: Shutting down and abandoning module ProfilerClient (150)
[2015.11.13-04.08.48:248][874]LogModuleManager: Shutting down and abandoning module TargetDeviceServices (149)
[2015.11.13-04.08.48:248][874]LogModuleManager: Shutting down and abandoning module DeviceManager (148)
[2015.11.13-04.08.48:249][874]LogModuleManager: Shutting down and abandoning module AutomationController (147)
[2015.11.13-04.08.48:249][874]LogModuleManager: Shutting down and abandoning module AutomationWindow (146)
[2015.11.13-04.08.48:249][874]LogModuleManager: Shutting down and abandoning module Layers (145)
[2015.11.13-04.08.48:249][874]LogModuleManager: Shutting down and abandoning module ComponentVisualizers (144)
[2015.11.13-04.08.48:249][874]LogModuleManager: Shutting down and abandoning module DetailCustomizations (143)
[2015.11.13-04.08.48:249][874]LogModuleManager: Shutting down and abandoning module PackagesDialog (142)
[2015.11.13-04.08.48:249][874]LogModuleManager: Shutting down and abandoning module Persona (141)
[2015.11.13-04.08.48:249][874]LogModuleManager: Shutting down and abandoning module Kismet (140)
[2015.11.13-04.08.48:249][874]LogModuleManager: Shutting down and abandoning module GraphEditor (139)
[2015.11.13-04.08.48:249][874]LogModuleManager: Shutting down and abandoning module ClassViewer (138)
[2015.11.13-04.08.48:249][874]LogModuleManager: Shutting down and abandoning module Toolbox (137)
[2015.11.13-04.08.48:249][874]LogModuleManager: Shutting down and abandoning module ModuleUI (136)
[2015.11.13-04.08.48:249][874]LogModuleManager: Shutting down and abandoning module MovieSceneTools (135)
[2015.11.13-04.08.48:249][874]LogModuleManager: Shutting down and abandoning module OutputLog (134)
[2015.11.13-04.08.48:249][874]LogModuleManager: Shutting down and abandoning module GammaUI (133)
[2015.11.13-04.08.48:249][874]LogModuleManager: Shutting down and abandoning module Documentation (132)
[2015.11.13-04.08.48:249][874]LogModuleManager: Shutting down and abandoning module GameLiveStreaming (131)
[2015.11.13-04.08.48:249][874]LogModuleManager: Shutting down and abandoning module StreamingPauseRendering (130)
[2015.11.13-04.08.48:249][874]LogModuleManager: Shutting down and abandoning module AnalyticsET (129)
[2015.11.13-04.08.48:249][874]LogModuleManager: Shutting down and abandoning module Analytics (128)
[2015.11.13-04.08.48:249][874]LogModuleManager: Shutting down and abandoning module AITestSuite (127)
[2015.11.13-04.08.48:249][874]LogModuleManager: Shutting down and abandoning module GameplayDebugger (126)
[2015.11.13-04.08.48:249][874]LogModuleManager: Shutting down and abandoning module AIModule (125)
[2015.11.13-04.08.48:249][874]LogModuleManager: Shutting down and abandoning module ProfilerService (124)
[2015.11.13-04.08.48:294][874]LogModuleManager: Shutting down and abandoning module TaskGraph (123)
[2015.11.13-04.08.48:294][874]LogModuleManager: Shutting down and abandoning module SubstanceEditor (122)
[2015.11.13-04.08.48:294][874]LogModuleManager: Shutting down and abandoning module SlateRemote (121)
[2015.11.13-04.08.48:294][874]LogModuleManager: Shutting down and abandoning module SteamVRController (120)
[2015.11.13-04.08.48:294][874]LogModuleManager: Shutting down and abandoning module SteamVR (119)
[2015.11.13-04.08.48:294][874]LogModuleManager: Shutting down and abandoning module ProceduralMeshComponent (118)
[2015.11.13-04.08.48:294][874]LogModuleManager: Shutting down and abandoning module OculusRift (117)
[2015.11.13-04.08.48:294][874]LogModuleManager: Shutting down and abandoning module OculusLibrary (116)
[2015.11.13-04.08.48:294][874]LogModuleManager: Shutting down and abandoning module LeapMotionController (115)
[2015.11.13-04.08.48:312][874]LogModuleManager: Shutting down and abandoning module CustomMeshComponent (114)
[2015.11.13-04.08.48:312][874]LogModuleManager: Shutting down and abandoning module CableComponent (113)
[2015.11.13-04.08.48:312][874]LogModuleManager: Shutting down and abandoning module ArchVisCharacter (112)
[2015.11.13-04.08.48:312][874]LogModuleManager: Shutting down and abandoning module MessagingDebugger (111)
[2015.11.13-04.08.48:312][874]LogModuleManager: Shutting down and abandoning module MediaPlayerEditor (110)
[2015.11.13-04.08.48:312][874]LogModuleManager: Shutting down and abandoning module HTML5Networking (109)
[2015.11.13-04.08.48:312][874]LogModuleManager: Shutting down and abandoning module SpeedTreeImporter (108)
[2015.11.13-04.08.48:312][874]LogModuleManager: Shutting down and abandoning module PluginBrowser (107)
[2015.11.13-04.08.48:312][874]LogModuleManager: Shutting down and abandoning module EpicSurvey (106)
[2015.11.13-04.08.48:312][874]LogModuleManager: Shutting down and abandoning module DesktopPlatform (105)
[2015.11.13-04.08.48:312][874]LogModuleManager: Shutting down and abandoning module VisualStudioSourceCodeAccess (104)
[2015.11.13-04.08.48:312][874]LogModuleManager: Shutting down and abandoning module UObjectPlugin (103)
[2015.11.13-04.08.48:312][874]LogModuleManager: Shutting down and abandoning module SubversionSourceControl (102)
[2015.11.13-04.08.48:312][874]LogModuleManager: Shutting down and abandoning module PerforceSourceControl (101)
[2015.11.13-04.08.48:312][874]LogModuleManager: Shutting down and abandoning module SourceControl (100)
[2015.11.13-04.08.48:312][874]LogModuleManager: Shutting down and abandoning module GitSourceControl (99)
[2015.11.13-04.08.48:312][874]LogModuleManager: Shutting down and abandoning module LightPropagationVolumeEditor (98)
[2015.11.13-04.08.48:312][874]LogModuleManager: Shutting down and abandoning module PaperTiledImporter (97)
[2015.11.13-04.08.48:312][874]LogModuleManager: Shutting down and abandoning module PaperSpriteSheetImporter (96)
[2015.11.13-04.08.48:312][874]LogModuleManager: Shutting down and abandoning module MeshPaint (95)
[2015.11.13-04.08.48:312][874]LogModuleManager: Shutting down and abandoning module SlateReflector (94)
[2015.11.13-04.08.48:312][874]LogModuleManager: Shutting down and abandoning module HotReload (93)
[2015.11.13-04.08.48:312][874]LogModuleManager: Shutting down and abandoning module MainFrame (92)
[2015.11.13-04.08.48:312][874]LogModuleManager: Shutting down and abandoning module LevelEditor (91)
[2015.11.13-04.08.48:313][874]LogModuleManager: Shutting down and abandoning module ContentBrowser (90)
[2015.11.13-04.08.48:314][874]LogModuleManager: Shutting down and abandoning module Paper2DEditor (89)
[2015.11.13-04.08.48:314][874]LogModuleManager: Shutting down and abandoning module UdpMessaging (88)
[2015.11.13-04.08.48:414][874]LogModuleManager: Shutting down and abandoning module DirectoryWatcher (87)
[2015.11.13-04.08.48:414][874]LogModuleManager: Shutting down and abandoning module AssetRegistry (86)
[2015.11.13-04.08.48:519][874]LogModuleManager: Shutting down and abandoning module SubstanceCore (85)
[2015.11.13-04.08.48:519][874]LogModuleManager: Shutting down and abandoning module LightPropagationVolumeRuntime (84)
[2015.11.13-04.08.48:519][874]LogModuleManager: Shutting down and abandoning module Paper2D (83)
[2015.11.13-04.08.48:519][874]LogModuleManager: Shutting down and abandoning module WindowsMoviePlayer (82)
[2015.11.13-04.08.48:523][874]LogModuleManager: Shutting down and abandoning module Media (81)
[2015.11.13-04.08.48:523][874]LogModuleManager: Shutting down and abandoning module WmfMedia (80)
[2015.11.13-04.08.48:523][874]LogModuleManager: Shutting down and abandoning module OnlineBlueprintSupport (79)
[2015.11.13-04.08.48:523][874]LogModuleManager: Shutting down and abandoning module GameplayTasksEditor (78)
[2015.11.13-04.08.48:523][874]LogModuleManager: Shutting down and abandoning module PropertyEditor (77)
[2015.11.13-04.08.48:523][874]LogModuleManager: Shutting down and abandoning module BehaviorTreeEditor (76)
[2015.11.13-04.08.48:523][874]LogModuleManager: Shutting down and abandoning module FunctionalTesting (75)
[2015.11.13-04.08.48:523][874]LogModuleManager: Shutting down and abandoning module CollisionAnalyzer (74)
[2015.11.13-04.08.48:523][874]LogModuleManager: Shutting down and abandoning module WorkspaceMenuStructure (73)
[2015.11.13-04.08.48:523][874]LogModuleManager: Shutting down and abandoning module MessageLog (72)
[2015.11.13-04.08.48:523][874]LogModuleManager: Shutting down and abandoning module Sequencer (71)
[2015.11.13-04.08.48:523][874]LogModuleManager: Shutting down and abandoning module AssetTools (70)
[2015.11.13-04.08.48:524][874]LogModuleManager: Shutting down and abandoning module UMGEditor (69)
[2015.11.13-04.08.48:524][874]LogModuleManager: Shutting down and abandoning module UMG (68)
[2015.11.13-04.08.48:524][874]LogModuleManager: Shutting down and abandoning module Slate (67)
[2015.11.13-04.08.48:524][874]LogModuleManager: Shutting down and abandoning module EditorStyle (66)
[2015.11.13-04.08.48:526][874]LogModuleManager: Shutting down and abandoning module SessionServices (65)
[2015.11.13-04.08.48:526][874]LogModuleManager: Shutting down and abandoning module SourceCodeAccess (64)
[2015.11.13-04.08.48:526][874]LogModuleManager: Shutting down and abandoning module HeadMountedDisplay (63)
[2015.11.13-04.08.48:526][874]LogModuleManager: Shutting down and abandoning module XAudio2 (62)
[2015.11.13-04.08.48:526][874]LogModuleManager: Shutting down and abandoning module Networking (60)
[2015.11.13-04.08.48:526][874]LogModuleManager: Shutting down and abandoning module Core (59)
[2015.11.13-04.08.48:526][874]LogModuleManager: Shutting down and abandoning module KismetCompiler (58)
[2015.11.13-04.08.48:526][874]LogModuleManager: Shutting down and abandoning module PhysXFormats (57)
[2015.11.13-04.08.48:526][874]LogModuleManager: Shutting down and abandoning module MeshUtilities (56)
[2015.11.13-04.08.48:526][874]LogModuleManager: Shutting down and abandoning module CookingStats (55)
[2015.11.13-04.08.48:529][874]LogModuleManager: Shutting down and abandoning module DerivedDataCache (54)
[2015.11.13-04.08.48:572][874]LogDerivedDataCache: Shutdown
[2015.11.13-04.08.48:572][874]LogModuleManager: Shutting down and abandoning module ShaderFormatOpenGL (53)
[2015.11.13-04.08.48:572][874]LogModuleManager: Shutting down and abandoning module ShaderFormatD3D (52)
[2015.11.13-04.08.48:572][874]LogModuleManager: Shutting down and abandoning module MetalShaderFormat (51)
[2015.11.13-04.08.48:572][874]LogModuleManager: Shutting down and abandoning module TextureFormatUncompressed (50)
[2015.11.13-04.08.48:572][874]LogModuleManager: Shutting down and abandoning module TextureFormatPVR (49)
[2015.11.13-04.08.48:572][874]LogModuleManager: Shutting down and abandoning module TextureFormatIntelISPCTexComp (48)
[2015.11.13-04.08.48:572][874]LogModuleManager: Shutting down and abandoning module TextureFormatDXT (47)
[2015.11.13-04.08.48:572][874]LogModuleManager: Shutting down and abandoning module ImageWrapper (46)
[2015.11.13-04.08.48:572][874]LogModuleManager: Shutting down and abandoning module TextureFormatASTC (45)
[2015.11.13-04.08.48:572][874]LogModuleManager: Shutting down and abandoning module TextureFormatAndroid (44)
[2015.11.13-04.08.48:572][874]LogModuleManager: Shutting down and abandoning module AudioFormatOpus (43)
[2015.11.13-04.08.48:572][874]LogModuleManager: Shutting down and abandoning module AudioFormatOgg (42)
[2015.11.13-04.08.48:572][874]LogModuleManager: Shutting down and abandoning module AudioFormatADPCM (41)
[2015.11.13-04.08.48:572][874]LogModuleManager: Shutting down and abandoning module LinuxTargetPlatform (40)
[2015.11.13-04.08.48:572][874]LogModuleManager: Shutting down and abandoning module LinuxServerTargetPlatform (39)
[2015.11.13-04.08.48:572][874]LogModuleManager: Shutting down and abandoning module LinuxNoEditorTargetPlatform (38)
[2015.11.13-04.08.48:572][874]LogModuleManager: Shutting down and abandoning module Messaging (37)
[2015.11.13-04.08.48:572][874]LogModuleManager: Shutting down and abandoning module IOSTargetPlatform (36)
[2015.11.13-04.08.48:572][874]LogModuleManager: Shutting down and abandoning module HTML5TargetPlatform (35)
[2015.11.13-04.08.48:572][874]LogModuleManager: Shutting down and abandoning module Android_PVRTCTargetPlatform (34)
[2015.11.13-04.08.48:572][874]LogModuleManager: Shutting down and abandoning module Android_ETC2TargetPlatform (33)
[2015.11.13-04.08.48:572][874]LogModuleManager: Shutting down and abandoning module Android_ETC1TargetPlatform (32)
[2015.11.13-04.08.48:572][874]LogModuleManager: Shutting down and abandoning module Android_DXTTargetPlatform (31)
[2015.11.13-04.08.48:572][874]LogModuleManager: Shutting down and abandoning module Android_ATCTargetPlatform (30)
[2015.11.13-04.08.48:572][874]LogModuleManager: Shutting down and abandoning module Android_ASTCTargetPlatform (29)
[2015.11.13-04.08.48:572][874]LogModuleManager: Shutting down and abandoning module AndroidTargetPlatform (28)
[2015.11.13-04.08.48:572][874]LogModuleManager: Shutting down and abandoning module WindowsTargetPlatform (27)
[2015.11.13-04.08.48:572][874]LogModuleManager: Shutting down and abandoning module WindowsServerTargetPlatform (26)
[2015.11.13-04.08.48:572][874]LogModuleManager: Shutting down and abandoning module WindowsNoEditorTargetPlatform (25)
[2015.11.13-04.08.48:572][874]LogModuleManager: Shutting down and abandoning module WindowsClientTargetPlatform (24)
[2015.11.13-04.08.48:572][874]LogModuleManager: Shutting down and abandoning module AllDesktopTargetPlatform (23)
[2015.11.13-04.08.48:572][874]LogModuleManager: Shutting down and abandoning module TargetPlatform (22)
[2015.11.13-04.08.48:572][874]LogModuleManager: Shutting down and abandoning module InputCore (21)
[2015.11.13-04.08.48:572][874]LogModuleManager: Shutting down and abandoning module Settings (20)
[2015.11.13-04.08.48:572][874]LogModuleManager: Shutting down and abandoning module OnlineSubsystem (18)
[2015.11.13-04.08.48:572][874]LogModuleManager: Shutting down and abandoning module HTTP (17)
[2015.11.13-04.08.49:574][874]LogModuleManager: Shutting down and abandoning module XMPP (16)
[2015.11.13-04.08.49:574][874]LogModuleManager: Shutting down and abandoning module ExampleDeviceProfileSelector (15)
[2015.11.13-04.08.49:574][874]LogModuleManager: Shutting down and abandoning module TextureCompressor (14)
[2015.11.13-04.08.49:574][874]LogModuleManager: Shutting down and abandoning module ShaderCore (13)
[2015.11.13-04.08.49:574][874]LogModuleManager: Shutting down and abandoning module Landscape (12)
[2015.11.13-04.08.49:574][874]LogModuleManager: Shutting down and abandoning module SlateRHIRenderer (11)
[2015.11.13-04.08.49:575][874]LogModuleManager: Shutting down and abandoning module OpenGLDrv (10)
[2015.11.13-04.08.49:575][874]LogModuleManager: Shutting down and abandoning module D3D11RHI (9)
[2015.11.13-04.08.49:575][874]LogModuleManager: Shutting down and abandoning module AnimGraphRuntime (8)
[2015.11.13-04.08.49:575][874]LogModuleManager: Shutting down and abandoning module Renderer (7)
[2015.11.13-04.08.49:575][874]LogModuleManager: Shutting down and abandoning module Engine (6)
[2015.11.13-04.08.49:575][874]LogModuleManager: Shutting down and abandoning module CoreUObject (5)
[2015.11.13-04.08.49:575][874]LogModuleManager: Shutting down and abandoning module NetworkFile (4)
[2015.11.13-04.08.49:575][874]LogModuleManager: Shutting down and abandoning module StreamingFile (3)
[2015.11.13-04.08.49:575][874]LogModuleManager: Shutting down and abandoning module SandboxFile (2)
[2015.11.13-04.08.49:575][874]LogModuleManager: Shutting down and abandoning module PakFile (1)
[2015.11.13-04.08.49:576][874]LogExit: Exiting.
[2015.11.13-04.08.49:577][874]Log file closed, 11/12/15 23:08:49
