[2015.10.24-19.06.11:255][  0]Log file open, 10/24/15 15:06:11
[2015.10.24-19.06.11:255][  0]LogInit:Display: Running engine without a game
[2015.10.24-19.06.11:255][  0]LogInit:Display: Loading recent project file: ../../../../../../../My Media/UCF Documents/DIG 4725/Game-Files/SuperSpaceArmada/SuperSpaceArmada.uproject
[2015.10.24-19.06.11:255][  0]LogInit:Display: RandInit(-1417802388) SRandInit(-1417802387).
[2015.10.24-19.06.11:255][  0]LogTaskGraph: Started task graph with 4 named threads and 7 total threads.
[2015.10.24-19.06.11:255][  0]LogStats: Stats thread started at 0.064906
[2015.10.24-19.06.11:255][  0]LogInit: Version: 4.9.1-2689999+++depot+UE4-Releases+4.9
[2015.10.24-19.06.11:255][  0]LogInit: API Version: 2672455
[2015.10.24-19.06.11:255][  0]LogInit: Compiled (64-bit): Sep 14 2015 04:12:03
[2015.10.24-19.06.11:255][  0]LogInit: Compiled with Visual C++: 18.00.21005.01
[2015.10.24-19.06.11:255][  0]LogInit: Build Configuration: Development
[2015.10.24-19.06.11:255][  0]LogInit: Branch Name: ++depot+UE4-Releases+4.9
[2015.10.24-19.06.11:255][  0]LogInit: Command line: 
[2015.10.24-19.06.11:255][  0]LogInit: Base directory: F:/Program Files/Unreal/Epic Games/4.9/Engine/Binaries/Win64/
[2015.10.24-19.06.11:255][  0]LogInit: Rocket: 1
[2015.10.24-19.06.11:262][  0]LogInit: Using libcurl 7.41.0
[2015.10.24-19.06.11:262][  0]LogInit:  - built for x86_64-pc-win32
[2015.10.24-19.06.11:262][  0]LogInit:  - supports SSL with WinSSL
[2015.10.24-19.06.11:262][  0]LogInit:  - other features:
[2015.10.24-19.06.11:262][  0]LogInit:      CURL_VERSION_SSL
[2015.10.24-19.06.11:262][  0]LogInit:      CURL_VERSION_IPV6
[2015.10.24-19.06.11:262][  0]LogInit:      CURL_VERSION_ASYNCHDNS
[2015.10.24-19.06.11:262][  0]LogInit:      CURL_VERSION_LARGEFILE
[2015.10.24-19.06.11:262][  0]LogInit:      CURL_VERSION_IDN
[2015.10.24-19.06.11:262][  0]LogInit:  CurlRequestOptions (configurable via config and command line):
[2015.10.24-19.06.11:262][  0]LogInit:  - bVerifyPeer = true  - Libcurl will verify peer certificate
[2015.10.24-19.06.11:262][  0]LogInit:  - bUseHttpProxy = false  - Libcurl will NOT use HTTP proxy
[2015.10.24-19.06.11:262][  0]LogInit:  - bDontReuseConnections = false  - Libcurl will reuse connections
[2015.10.24-19.06.11:262][  0]LogInit:  - CertBundlePath = nullptr  - Libcurl will use whatever was configured at build time.
[2015.10.24-19.06.11:268][  0]LogInit: Presizing for 0 objects not considered by GC, pre-allocating 0 bytes.
[2015.10.24-19.06.11:275][  0]LogInit: Object subsystem initialized
[2015.10.24-19.06.11:276][  0]LogInit: Selected Device Profile: [Windows]
[2015.10.24-19.06.11:276][  0]LogInit: Applying CVar settings loaded from the selected device profile: [Windows]
[2015.10.24-19.06.11:285][  0]LogInit: Computer: ANDREW_2015
[2015.10.24-19.06.11:285][  0]LogInit: User: aehrlich92
[2015.10.24-19.06.11:285][  0]LogInit: CPU Page size=4096, Cores=4
[2015.10.24-19.06.11:285][  0]LogInit: High frequency timer resolution =3.984649 MHz
[2015.10.24-19.06.11:285][  0]LogMemory: Memory total: Physical=15.9GB (16GB approx)
[2015.10.24-19.06.11:285][  0]LogMemory: Platform Memory Stats for Windows
[2015.10.24-19.06.11:285][  0]LogMemory: Process Physical Memory: 54.91 MB used, 54.91 MB peak
[2015.10.24-19.06.11:285][  0]LogMemory: Process Virtual Memory: 59.37 MB used, 59.37 MB peak
[2015.10.24-19.06.11:285][  0]LogMemory: Physical Memory: 6325.51 MB used, 16322.88 MB total
[2015.10.24-19.06.11:285][  0]LogMemory: Virtual Memory: 368.35 MB used, 134217728.00 MB total
[2015.10.24-19.06.11:324][  0]LogTextLocalizationManager: No specific translations for ('en-US') exist, so ('en') translations will be used.
[2015.10.24-19.06.11:839][  0]LogD3D11RHI: Found D3D11 adapter 0: NVIDIA GeForce GTX 960 (Feature Level 11_0)
[2015.10.24-19.06.11:839][  0]LogD3D11RHI: Adapter has 1969MB of dedicated video memory, 0MB of dedicated system memory, and 8161MB of shared system memory, 2 output[s]
[2015.10.24-19.06.11:841][  0]LogD3D11RHI: Found D3D11 adapter 1: Microsoft Basic Render Driver (Feature Level 11_0)
[2015.10.24-19.06.11:841][  0]LogD3D11RHI: Adapter has 0MB of dedicated video memory, 0MB of dedicated system memory, and 8161MB of shared system memory, 0 output[s]
[2015.10.24-19.06.11:841][  0]LogD3D11RHI: Chosen D3D11 Adapter Id = 0
[2015.10.24-19.06.11:846][  0]LogD3D11RHI: !Direct3DDevice
[2015.10.24-19.06.11:846][  0]LogRHI: Texture pool is 1361 MB (70% of 1945 MB)
[2015.10.24-19.06.11:855][  0]LogD3D11RHI: Async texture creation enabled
[2015.10.24-19.06.11:870][  0]LogShaderCompilers: Guid format shader working directory is 14 characters bigger than the processId version (../../../../../../../My Media/UCF Documents/DIG 4725/Game-Files/SuperSpaceArmada/Intermediate/Shaders/WorkingDirectory/22608/).
[2015.10.24-19.06.11:870][  0]LogShaderCompilers: Cleaned the shader compiler working directory '../../../../../../../My Media/UCF Documents/DIG 4725/Game-Files/SuperSpaceArmada/Intermediate/Shaders/tmp/0BA93B1B4A645844908930908B62AA64/'.
[2015.10.24-19.06.11:870][  0]LogShaderCompilers:Display: Using Local Shader Compiler.
[2015.10.24-19.06.12:595][  0]LogTemp:Display: Loaded TP AllDesktopTargetPlatform
[2015.10.24-19.06.12:599][  0]LogTemp:Display: Loaded TP WindowsClientTargetPlatform
[2015.10.24-19.06.12:602][  0]LogTemp:Display: Loaded TP WindowsNoEditorTargetPlatform
[2015.10.24-19.06.12:606][  0]LogTemp:Display: Loaded TP WindowsServerTargetPlatform
[2015.10.24-19.06.12:610][  0]LogTemp:Display: Loaded TP WindowsTargetPlatform
[2015.10.24-19.06.12:612][  0]LogTemp:Display: Loaded TP AndroidTargetPlatform
[2015.10.24-19.06.12:615][  0]LogTemp:Display: Loaded TP Android_ASTCTargetPlatform
[2015.10.24-19.06.12:618][  0]LogTemp:Display: Loaded TP Android_ATCTargetPlatform
[2015.10.24-19.06.12:621][  0]LogTemp:Display: Loaded TP Android_DXTTargetPlatform
[2015.10.24-19.06.12:624][  0]LogTemp:Display: Loaded TP Android_ETC1TargetPlatform
[2015.10.24-19.06.12:627][  0]LogTemp:Display: Loaded TP Android_ETC2TargetPlatform
[2015.10.24-19.06.12:630][  0]LogTemp:Display: Loaded TP Android_PVRTCTargetPlatform
[2015.10.24-19.06.12:631][  0]LogTemp:Display: Loaded TP HTML5TargetPlatform
[2015.10.24-19.06.12:648][  0]LogTemp:Display: Loaded TP IOSTargetPlatform
[2015.10.24-19.06.12:651][  0]LogTemp:Display: Loaded TP LinuxNoEditorTargetPlatform
[2015.10.24-19.06.12:654][  0]LogTemp:Display: Loaded TP LinuxServerTargetPlatform
[2015.10.24-19.06.12:657][  0]LogTemp:Display: Loaded TP LinuxTargetPlatform
[2015.10.24-19.06.12:657][  0]LogTargetPlatformManager:Display: Building Assets For Windows
[2015.10.24-19.06.12:715][  0]LogDerivedDataCache:Display: Max Cache Size: 512 MB
[2015.10.24-19.06.12:743][  0]LogDerivedDataCache: Loaded boot cache 0.03s 41MB C:/Users/aehrlich92/AppData/Local/UnrealEngine/4.9/DerivedDataCache/Boot.ddc.
[2015.10.24-19.06.12:743][  0]LogDerivedDataCache:Display: Loaded Boot cache: C:/Users/aehrlich92/AppData/Local/UnrealEngine/4.9/DerivedDataCache/Boot.ddc
[2015.10.24-19.06.12:743][  0]LogDerivedDataCache: FDerivedDataBackendGraph:  Pak pak cache file ../../../../../../../My Media/UCF Documents/DIG 4725/Game-Files/SuperSpaceArmada/DerivedDataCache/DDC.ddp not found, will not use a pak cache.
[2015.10.24-19.06.12:743][  0]LogDerivedDataCache: Unable to find inner node Pak for hierarchical cache Hierarchy.
[2015.10.24-19.06.12:743][  0]LogDerivedDataCache: FDerivedDataBackendGraph:  CompressedPak pak cache file ../../../../../../../My Media/UCF Documents/DIG 4725/Game-Files/SuperSpaceArmada/DerivedDataCache/Compressed.ddp not found, will not use a pak cache.
[2015.10.24-19.06.12:743][  0]LogDerivedDataCache: Unable to find inner node CompressedPak for hierarchical cache Hierarchy.
[2015.10.24-19.06.12:840][  0]LogDerivedDataCache:Display: Pak cache opened for reading ../../../Engine/DerivedDataCache/Compressed.ddp.
[2015.10.24-19.06.12:851][  0]LogDerivedDataCache: Using Local data cache path C:/Users/aehrlich92/AppData/Local/UnrealEngine/Common/DerivedDataCache: Writable
[2015.10.24-19.06.12:977][  0]LogInit: Selected Device Profile: [Windows]
[2015.10.24-19.06.12:978][  0]LogContentStreaming: Texture pool size is 0.000000MB
[2015.10.24-19.06.13:072][  0]LogMeshUtilities: No automatic mesh reduction module available
[2015.10.24-19.06.13:072][  0]LogMeshUtilities: No automatic mesh merging module available
[2015.10.24-19.06.13:259][  0]LogInit: WinSock: version 1.1 (2.2), MaxSocks=32767, MaxUdp=65467
[2015.10.24-19.06.13:792][  0]LogAssetRegistry: FAssetRegistry took 0.0106 seconds to start up
[2015.10.24-19.06.13:799][  0]UdpMessaging: Initializing bridge on interface 0.0.0.0:0 to multicast group 230.0.0.1:6666.
[2015.10.24-19.06.13:977][  0]SourceControl: Info Source control is disabled
[2015.10.24-19.06.13:985][  0]SourceControl: Info Source control is disabled
[2015.10.24-19.06.13:991][  0]SourceControl: Info Source control is disabled
[2015.10.24-19.06.13:997][  0]SourceControl: Info Source control is disabled
[2015.10.24-19.06.14:076][  0]LogLinker:Warning: Asset '../../../Engine/Plugins/Runtime/LeapMotionController/Content/LM_PassthroughMaterial.uasset' has been saved with empty engine version. The asset will be loaded but may be incompatible.
[2015.10.24-19.06.14:128][  0]LogObj: 28528 objects as part of root set at end of initial load.
[2015.10.24-19.06.14:128][  0]LogUObjectAllocator: 6068464 out of 0 bytes used by permanent object pool.
[2015.10.24-19.06.14:170][  0]LogEngine: Initializing Engine...
[2015.10.24-19.06.14:172][  0]LogHMD: Can't find Oculus library dev build: is proper Runtime installed? Version: 0.7.0.0
[2015.10.24-19.06.14:173][  0]LogHMD: SteamVR failed to initialize.  Err: 110
[2015.10.24-19.06.14:254][  0]LogAIModule: Creating AISystem for world NewWorld
[2015.10.24-19.06.14:261][  0]LogInit: XAudio2 using 'Speakers (Realtek High Definition Audio)' : 8 channels at 48 kHz using 32 bits per sample (channel mask 0x63f)
[2015.10.24-19.06.14:271][  0]LogInit: FAudioDevice initialized.
[2015.10.24-19.06.14:287][  0]LogDerivedDataCache: Saved boot cache 0.02s 41MB C:/Users/aehrlich92/AppData/Local/UnrealEngine/4.9/DerivedDataCache/Boot.ddc.
[2015.10.24-19.06.14:290][  0]LogInit: Texture streaming: Enabled
[2015.10.24-19.06.14:294][  0]LogAnalytics: Creating configured Analytics provider AnalyticsET
[2015.10.24-19.06.14:294][  0]LogAnalytics: [UEEditor.Rocket.Release] APIServer = http://et2.epicgames.com/ET2/. AppVersion = 4.9.1-2689999+++depot+UE4-Releases+4.9
[2015.10.24-19.06.14:294][  0]LogAnalytics: [UEEditor.Rocket.Release] SetUserId 7bdbd2584788e6e37f918c9187bab22c|b300224d71e64562a5bff06c2aaa78f8|45aed112-7b58-41bf-9eba-b8dcb7f9dd12
[2015.10.24-19.06.14:294][  0]LogAnalytics: [UEEditor.Rocket.Release] AnalyticsET::StartSession
[2015.10.24-19.06.14:326][  0]LogInit: Transaction tracking system initialized
[2015.10.24-19.06.14:346][  0]BlueprintLog: New page: Editor Load
[2015.10.24-19.06.14:402][  0]LocalizationService: Info Localization service is disabled
[2015.10.24-19.06.14:460][  0]LogConsoleResponse:Display: 
[2015.10.24-19.06.14:542][  0]LogCook:Display: Done creating registry. It took  0.00s.
[2015.10.24-19.06.14:576][  0]LogFileCache: Scanning file cache for directory 'F:/My Media/UCF Documents/DIG 4725/Game-Files/SuperSpaceArmada/Content/' took 0.01s
[2015.10.24-19.06.14:576][  0]SourceControl: Info Source control is disabled
[2015.10.24-19.06.14:576][  0]Cmd: MAP LOAD FILE="../../../../../../../My Media/UCF Documents/DIG 4725/Game-Files/SuperSpaceArmada/Content/SSA/Maps/Home_Kratakos.umap" TEMPLATE=0 SHOWPROGRESS=1 FEATURELEVEL=3
[2015.10.24-19.06.14:576][  0]LightingResults: New page: Lighting Build
[2015.10.24-19.06.14:578][  0]MapCheck: New page: Map Check
[2015.10.24-19.06.14:578][  0]LightingResults: New page: Lighting Build
[2015.10.24-19.06.14:586][  0]LogParticles: Destroying 0 GPU particle simulations for FXSystem 0x000000416A1AD620
[2015.10.24-19.06.14:639][  0]LogLinker:Warning: Asset '../../../../../../../My Media/UCF Documents/DIG 4725/Game-Files/SuperSpaceArmada/Content/Mannequin/Animations/ThirdPerson_AnimBP.uasset' has been saved with empty engine version. The asset will be loaded but may be incompatible.
[2015.10.24-19.06.14:640][  0]LogLinker:Warning: Asset '../../../../../../../My Media/UCF Documents/DIG 4725/Game-Files/SuperSpaceArmada/Content/Mannequin/Animations/ThirdPerson_Jump.uasset' has been saved with empty engine version. The asset will be loaded but may be incompatible.
[2015.10.24-19.06.14:641][  0]LogLinker:Warning: Asset '../../../../../../../My Media/UCF Documents/DIG 4725/Game-Files/SuperSpaceArmada/Content/Mannequin/Animations/ThirdPersonJump_Loop.uasset' has been saved with empty engine version. The asset will be loaded but may be incompatible.
[2015.10.24-19.06.14:641][  0]LogLinker:Warning: Asset '../../../../../../../My Media/UCF Documents/DIG 4725/Game-Files/SuperSpaceArmada/Content/Mannequin/Animations/ThirdPersonJump_Start.uasset' has been saved with empty engine version. The asset will be loaded but may be incompatible.
[2015.10.24-19.06.14:642][  0]LogLinker:Warning: Asset '../../../../../../../My Media/UCF Documents/DIG 4725/Game-Files/SuperSpaceArmada/Content/Mannequin/Animations/ThirdPerson_IdleRun_2D.uasset' has been saved with empty engine version. The asset will be loaded but may be incompatible.
[2015.10.24-19.06.14:642][  0]LogLinker:Warning: Asset '../../../../../../../My Media/UCF Documents/DIG 4725/Game-Files/SuperSpaceArmada/Content/Mannequin/Animations/ThirdPersonIdle.uasset' has been saved with empty engine version. The asset will be loaded but may be incompatible.
[2015.10.24-19.06.14:643][  0]LogLinker:Warning: Asset '../../../../../../../My Media/UCF Documents/DIG 4725/Game-Files/SuperSpaceArmada/Content/Mannequin/Animations/ThirdPersonRun.uasset' has been saved with empty engine version. The asset will be loaded but may be incompatible.
[2015.10.24-19.06.14:644][  0]LogLinker:Warning: Asset '../../../../../../../My Media/UCF Documents/DIG 4725/Game-Files/SuperSpaceArmada/Content/Mannequin/Animations/ThirdPersonWalk.uasset' has been saved with empty engine version. The asset will be loaded but may be incompatible.
[2015.10.24-19.06.15:395][  0]LogBlueprint:Error: Broken Node: K2Node_CallFunction /Game/SSA/Blueprints/Objects/Debris.Debris:Debris Collision func.K2Node_CallFunction_3036 keeps removed/invalid pin: EdGraphPin /Game/SSA/Blueprints/Objects/Debris.Debris:Debris Collision func.K2Node_CallFunction_3036.EdGraphPin_189478. Try refresh all nodes.
[2015.10.24-19.06.15:395][  0]LogBlueprint:Error: Broken Node: K2Node_CallFunction /Game/SSA/Blueprints/Objects/Debris.Debris:Debris Collision func.K2Node_CallFunction_2761 keeps removed/invalid pin: EdGraphPin /Game/SSA/Blueprints/Objects/Debris.Debris:Debris Collision func.K2Node_CallFunction_2761.EdGraphPin_189448. Try refresh all nodes.
[2015.10.24-19.06.15:621][  0]LogBlueprint:Error: Broken Node: K2Node_CallFunction /Game/SSA/Blueprints/Objects/Debris.Debris:Debris Collision func.K2Node_CallFunction_2761 keeps removed/invalid pin: EdGraphPin /Game/SSA/Blueprints/Objects/Debris.Debris:Debris Collision func.K2Node_CallFunction_2761.EdGraphPin_189448. Try refresh all nodes.
[2015.10.24-19.06.15:621][  0]LogBlueprint:Error: Broken Node: K2Node_CallFunction /Game/SSA/Blueprints/Objects/Debris.Debris:Debris Collision func.K2Node_CallFunction_3036 keeps removed/invalid pin: EdGraphPin /Game/SSA/Blueprints/Objects/Debris.Debris:Debris Collision func.K2Node_CallFunction_3036.EdGraphPin_189478. Try refresh all nodes.
[2015.10.24-19.06.16:053][  0]LogLinker:Warning: Can't find file '/Game/Geometry/Meshes/1M_Cube'
[2015.10.24-19.06.16:053][  0]LogLinker:Warning: Can't find file for asset '/Game/Geometry/Meshes/1M_Cube' while loading ../../../../../../../My Media/UCF Documents/DIG 4725/Game-Files/SuperSpaceArmada/Content/SSA/Blueprints/Objects/Crystal_Spawner.uasset.
[2015.10.24-19.06.16:053][  0]LoadErrors:Error: Error /Game/SSA/Blueprints/Objects/Crystal_Spawner : Can't find file for asset. /Game/Geometry/Meshes/1M_Cube
[2015.10.24-19.06.16:054][  0]LogLinker:Warning: Can't find file '/Game/Geometry/Meshes/1M_Cube'
[2015.10.24-19.06.16:054][  0]LogLinker:Warning: Can't find file for asset '/Game/Geometry/Meshes/1M_Cube' while loading ../../../../../../../My Media/UCF Documents/DIG 4725/Game-Files/SuperSpaceArmada/Content/SSA/Blueprints/Objects/Crystal_Spawner.uasset.
[2015.10.24-19.06.16:054][  0]LoadErrors:Error: Error /Game/SSA/Blueprints/Objects/Crystal_Spawner : Can't find file for asset. /Game/Geometry/Meshes/1M_Cube
[2015.10.24-19.06.16:055][  0]LogLinker:Warning: Can't find file '/Game/Geometry/Meshes/1M_Cube'
[2015.10.24-19.06.16:055][  0]LogLinker:Warning: Can't find file for asset '/Game/Geometry/Meshes/1M_Cube' while loading ../../../../../../../My Media/UCF Documents/DIG 4725/Game-Files/SuperSpaceArmada/Content/SSA/Maps/Home_Kratakos.umap.
[2015.10.24-19.06.16:055][  0]LoadErrors:Error: Error /Game/SSA/Maps/Home_Kratakos : Can't find file for asset. /Game/Geometry/Meshes/1M_Cube
[2015.10.24-19.06.16:055][  0]LogLinker:Warning: Can't find file '/Game/Geometry/Meshes/1M_Cube'
[2015.10.24-19.06.16:055][  0]LogLinker:Warning: Can't find file for asset '/Game/Geometry/Meshes/1M_Cube' while loading ../../../../../../../My Media/UCF Documents/DIG 4725/Game-Files/SuperSpaceArmada/Content/SSA/Maps/Home_Kratakos.umap.
[2015.10.24-19.06.16:055][  0]LoadErrors:Error: Error /Game/SSA/Maps/Home_Kratakos : Can't find file for asset. /Game/Geometry/Meshes/1M_Cube
[2015.10.24-19.06.16:056][  0]LogLinker:Warning: Can't find file '/Game/Geometry/Meshes/1M_Cube'
[2015.10.24-19.06.16:056][  0]LoadErrors: Info Failed to load /Game/Geometry/Meshes/1M_Cube.1M_Cube Referenced by StaticMeshComponent0
[2015.10.24-19.06.16:056][  0]LogLinker:Warning: Can't find file for asset '/Game/Geometry/Meshes/1M_Cube' while loading ../../../../../../../My Media/UCF Documents/DIG 4725/Game-Files/SuperSpaceArmada/Content/SSA/Maps/Home_Kratakos.umap.
[2015.10.24-19.06.16:056][  0]LoadErrors: Info Failed to load /Game/Geometry/Meshes/1M_Cube.1M_Cube Referenced by StaticMeshComponent0
[2015.10.24-19.06.16:056][  0]LoadErrors:Error: Error /Game/SSA/Maps/Home_Kratakos : Can't find file for asset. /Game/Geometry/Meshes/1M_Cube
[2015.10.24-19.06.16:739][  0]LogAIModule: Creating AISystem for world Home_Kratakos
[2015.10.24-19.06.16:744][  0]LogEditorServer: Finished looking for orphan Actors (0.000 secs)
[2015.10.24-19.06.16:745][  0]Cmd: MAP CHECKDEP NOCLEARLOG
[2015.10.24-19.06.16:795][  0]MapCheck: Info Map check complete: 0 Error(s), 0 Warning(s), took 50.132ms to complete.
[2015.10.24-19.06.16:795][  0]LogFileHelpers: Loading map 'Home_Kratakos' took 2.220
[2015.10.24-19.06.16:913][  0]LogCollectionManager: Loaded 0 collections in 0.001021 seconds
[2015.10.24-19.06.16:953][  0]LogFileCache: Scanning file cache for directory 'F:/My Media/UCF Documents/DIG 4725/Game-Files/SuperSpaceArmada/Saved/Collections/' took 0.01s
[2015.10.24-19.06.16:953][  0]LogFileCache: Scanning file cache for directory 'F:/My Media/UCF Documents/DIG 4725/Game-Files/SuperSpaceArmada/Content/Developers/aehrlich92/Collections/' took 0.01s
[2015.10.24-19.06.16:953][  0]LogFileCache: Scanning file cache for directory 'F:/My Media/UCF Documents/DIG 4725/Game-Files/SuperSpaceArmada/Content/Collections/' took 0.01s
[2015.10.24-19.06.16:953][  0]LogContentBrowser: Native class hierarchy populated in 0.0084 seconds. Added 1882 classes and 339 folders.
[2015.10.24-19.06.16:960][  0]LogCollectionManager: Rebuilt the GUID cache for 0 collections in 0.000002 seconds
[2015.10.24-19.06.16:963][  0]LogContentBrowser: Native class hierarchy updated for 'WidgetCarousel' in 0.0003 seconds. Added 0 classes and 0 folders.
[2015.10.24-19.06.16:992][  0]LogContentBrowser: Native class hierarchy updated for 'AddContentDialog' in 0.0002 seconds. Added 0 classes and 0 folders.
[2015.10.24-19.06.16:994][  0]LogContentBrowser: Native class hierarchy updated for 'SceneOutliner' in 0.0002 seconds. Added 1 classes and 2 folders.
[2015.10.24-19.06.17:015][  0]LogCrashTracker: Crashtracker disabled due to settings.
[2015.10.24-19.06.17:017][  0]LogUObjectGlobals:Warning: Failed to find object 'Class None.'
[2015.10.24-19.06.17:039][  0]LogLoad: Full Startup: 6.21 seconds (BP compile: 0.69 seconds)
[2015.10.24-19.06.17:047][  0]LoadErrors:Error: Error /Game/SSA/Blueprints/Player : Failed import for Player_C /Game/SSA/Blueprints/Player/Player.Default__Player_C
[2015.10.24-19.06.17:047][  0]LoadErrors:Error: Error /Game/SSA/Blueprints/Player_Human : Failed import for Player_Human_C /Game/SSA/Blueprints/Player/Player_Human.Default__Player_Human_C [redirection] in /Game/SSA/Blueprints/Player_Human
[2015.10.24-19.06.17:087][  0]LogContentStreaming: Texture pool size now 1000 MB
[2015.10.24-19.06.17:184][  0]LogRenderer: Reallocating scene render targets to support 1208x584 (Frame:2).
[2015.10.24-19.06.17:571][ 11]LogAssetRegistry: Asset discovery search completed in 3.7906 seconds
[2015.10.24-19.06.17:571][ 11]LogCollectionManager: Rebuilt the object cache for 0 collections in 0.000000 seconds (found 0 objects)
[2015.10.24-19.06.17:571][ 11]LogCollectionManager: Fixed up redirectors for 0 collections in 0.000015 seconds (updated 0 objects)
[2015.10.24-19.06.20:672][313]LogLinker:Warning: Asset '../../../Engine/Content/ArtTools/RenderToTexture/Macros/RenderToTextureMacros.uasset' has been saved with empty engine version. The asset will be loaded but may be incompatible.
[2015.10.24-19.06.21:020][313]LogContentBrowser: Native class hierarchy updated for 'BlueprintGraph' in 0.0005 seconds. Added 107 classes and 0 folders.
[2015.10.24-19.07.48:362][890]BlueprintLog: New page: Compile Player
[2015.10.24-19.07.48:457][890]LogBlueprint:Error: Broken Node: K2Node_CallFunction /Game/SSA/Blueprints/Objects/Debris.Debris:Debris Collision func.K2Node_CallFunction_2761 keeps removed/invalid pin: EdGraphPin /Game/SSA/Blueprints/Objects/Debris.Debris:Debris Collision func.K2Node_CallFunction_2761.EdGraphPin_189448. Try refresh all nodes.
[2015.10.24-19.07.48:457][890]LogBlueprint:Error: Broken Node: K2Node_CallFunction /Game/SSA/Blueprints/Objects/Debris.Debris:Debris Collision func.K2Node_CallFunction_3036 keeps removed/invalid pin: EdGraphPin /Game/SSA/Blueprints/Objects/Debris.Debris:Debris Collision func.K2Node_CallFunction_3036.EdGraphPin_189478. Try refresh all nodes.
[2015.10.24-19.07.48:598][890]LogActorComponent: UnregisterComponent: (/Engine/Transient.CharMoveComp) Not registered. Aborting.
[2015.10.24-19.07.48:598][890]LogActorComponent: UnregisterComponent: (/Engine/Transient.CharacterMovementComponent_0) Not registered. Aborting.
[2015.10.24-19.07.48:598][890]LogActorComponent: UnregisterComponent: (/Engine/Transient.CharacterMovementComponent_1) Not registered. Aborting.
[2015.10.24-19.07.49:204][890]BlueprintEditorCompileResults: Info [0098.37] Compile of Player successful! [in 842 ms]
[2015.10.24-19.07.49:898][963]LogActorComponent: UnregisterComponent: (/Engine/Transient.CharMoveComp) Not registered. Aborting.
[2015.10.24-19.07.49:898][963]LogActorComponent: UnregisterComponent: (/Engine/Transient.CharacterMovementComponent_2) Not registered. Aborting.
[2015.10.24-19.07.49:898][963]LogActorComponent: UnregisterComponent: (/Engine/Transient.CharacterMovementComponent_3) Not registered. Aborting.
[2015.10.24-19.07.50:247][963]LogSavePackage: Save=292.131622ms
[2015.10.24-19.07.50:247][963]LogSavePackage: Moving '../../../../../../../My Media/UCF Documents/DIG 4725/Game-Files/SuperSpaceArmada/Saved/Player8C9E6E5D417FAD510FA1D4BFAB2CA461.tmp' to '../../../../../../../My Media/UCF Documents/DIG 4725/Game-Files/SuperSpaceArmada/Content/SSA/Blueprints/Player_Ships/Player.uasset'
[2015.10.24-19.07.50:249][963]LogSavePackage: Total save time: 301.426802ms
[2015.10.24-19.07.50:249][963]LogSavePackage:Warning: Finished SavePackage ../../../../../../../My Media/UCF Documents/DIG 4725/Game-Files/SuperSpaceArmada/Content/SSA/Blueprints/Player_Ships/Player.uasset
[2015.10.24-19.07.57:703][823]LogBlueprintUserMessages: CustomizeDetails for Blueprint 'Player', cached variable property's owner is '/Game/SSA/Blueprints/Player_Ships/Player.SKEL_Player_C'
[2015.10.24-19.08.05:085][705]LogActorComponent: UnregisterComponent: (/Engine/Transient.CharMoveComp) Not registered. Aborting.
[2015.10.24-19.08.05:205][705]LogBlueprintUserMessages: CustomizeDetails for Blueprint 'Player', cached variable property's owner is '/Game/SSA/Blueprints/Player_Ships/Player.SKEL_Player_C'
[2015.10.24-19.08.07:351][954]LogBlueprintUserMessages: CustomizeDetails for Blueprint 'Player', cached variable property's owner is '/Game/SSA/Blueprints/Player_Ships/Player.SKEL_Player_C'
[2015.10.24-19.08.08:743][119]LogBlueprintUserMessages: CustomizeDetails for Blueprint 'Player', cached variable property's owner is '/Game/SSA/Blueprints/Player_Ships/Player.SKEL_Player_C'
[2015.10.24-19.08.18:794][313]LogBlueprintUserMessages: CustomizeDetails for Blueprint 'Player', cached variable property's owner is '/Game/SSA/Blueprints/Player_Ships/Player.SKEL_Player_C'
[2015.10.24-19.08.47:119][660]LogBlueprintUserMessages: CustomizeDetails for Blueprint 'Player', cached variable property's owner is '/Game/SSA/Blueprints/Player_Ships/Player.SKEL_Player_C'
[2015.10.24-19.09.07:515][ 62]LogBlueprintUserMessages: CustomizeDetails for Blueprint 'Player', cached variable property's owner is '/Game/SSA/Blueprints/Player_Ships/Player.SKEL_Player_C'
[2015.10.24-19.09.52:040][339]LogActorComponent: UnregisterComponent: (/Engine/Transient.CharacterMovementComponent_4) Not registered. Aborting.
[2015.10.24-19.09.52:405][339]LogSavePackage: Save=296.282318ms
[2015.10.24-19.09.52:405][339]LogSavePackage: Moving '../../../../../../../My Media/UCF Documents/DIG 4725/Game-Files/SuperSpaceArmada/Saved/Player4BFC1CF24FA09EA34CEEC78851334C0E.tmp' to '../../../../../../../My Media/UCF Documents/DIG 4725/Game-Files/SuperSpaceArmada/Content/SSA/Blueprints/Player_Ships/Player.uasset'
[2015.10.24-19.09.52:406][339]LogSavePackage: Total save time: 307.485551ms
[2015.10.24-19.09.52:406][339]LogSavePackage:Warning: Finished SavePackage ../../../../../../../My Media/UCF Documents/DIG 4725/Game-Files/SuperSpaceArmada/Content/SSA/Blueprints/Player_Ships/Player.uasset
[2015.10.24-19.09.53:160][429]BlueprintLog: New page: Compile Player
[2015.10.24-19.09.53:859][429]BlueprintEditorCompileResults: Info [0223.03] Compile of Player successful! [in 699 ms]
[2015.10.24-19.10.52:564][389]LogActorComponent: UnregisterComponent: (/Engine/Transient.CharMoveComp) Not registered. Aborting.
[2015.10.24-19.10.52:564][389]LogActorComponent: UnregisterComponent: (/Engine/Transient.CharacterMovementComponent_5) Not registered. Aborting.
[2015.10.24-19.10.52:564][389]LogActorComponent: UnregisterComponent: (/Engine/Transient.CharacterMovementComponent_6) Not registered. Aborting.
[2015.10.24-19.10.52:615][389]Cmd: OBJ SAVEPACKAGE PACKAGE="/Game/SSA/Blueprints/Menues/HUD" FILE="../../../../../../../My Media/UCF Documents/DIG 4725/Game-Files/SuperSpaceArmada/Content/SSA/Blueprints/Menues/HUD.uasset" SILENT=true
[2015.10.24-19.10.52:662][389]LogSavePackage: Save=37.825665ms
[2015.10.24-19.10.52:662][389]LogSavePackage: Moving '../../../../../../../My Media/UCF Documents/DIG 4725/Game-Files/SuperSpaceArmada/Saved/HUD82E3F50248B80186C7C106B880CDC5B6.tmp' to '../../../../../../../My Media/UCF Documents/DIG 4725/Game-Files/SuperSpaceArmada/Content/SSA/Blueprints/Menues/HUD.uasset'
[2015.10.24-19.10.52:663][389]LogSavePackage: Total save time: 48.327468ms
[2015.10.24-19.10.52:663][389]LogSavePackage:Warning: Finished SavePackage ../../../../../../../My Media/UCF Documents/DIG 4725/Game-Files/SuperSpaceArmada/Content/SSA/Blueprints/Menues/HUD.uasset
[2015.10.24-19.12.09:948][577]Cmd: OBJ SAVEPACKAGE PACKAGE="/Game/SSA/Blueprints/Menues/HUD" FILE="../../../../../../../My Media/UCF Documents/DIG 4725/Game-Files/SuperSpaceArmada/Content/SSA/Blueprints/Menues/HUD.uasset" SILENT=true
[2015.10.24-19.12.09:997][577]LogSavePackage: Save=40.824173ms
[2015.10.24-19.12.09:997][577]LogSavePackage: Moving '../../../../../../../My Media/UCF Documents/DIG 4725/Game-Files/SuperSpaceArmada/Saved/HUDCA46B674412BBBBB9EFC7AAA7B9562B0.tmp' to '../../../../../../../My Media/UCF Documents/DIG 4725/Game-Files/SuperSpaceArmada/Content/SSA/Blueprints/Menues/HUD.uasset'
[2015.10.24-19.12.09:998][577]LogSavePackage: Total save time: 48.906691ms
[2015.10.24-19.12.09:998][577]LogSavePackage:Warning: Finished SavePackage ../../../../../../../My Media/UCF Documents/DIG 4725/Game-Files/SuperSpaceArmada/Content/SSA/Blueprints/Menues/HUD.uasset
[2015.10.24-19.12.45:716][732]LogRenderer: Reallocating scene render targets to support 1208x744 (Frame:1750).
[2015.10.24-19.12.49:866][199]LogUObjectHash:Warning: Ambiguous search, could be K2Node_MacroInstance /Game/SSA/Blueprints/Player_Ships/Player.Player:Set Enemy Ref.K2Node_MacroInstance_164 or K2Node_MacroInstance /Game/SSA/Blueprints/Enemy_Human.Enemy_Human:EventGraph.K2Node_MacroInstance_164
[2015.10.24-19.12.49:866][199]LogUObjectHash:Warning: Ambiguous search, could be K2Node_MacroInstance /Game/SSA/Blueprints/Player_Ships/Player.Player:Set Enemy Ref.K2Node_MacroInstance_164 or K2Node_MacroInstance /Game/SSA/Blueprints/Enemy_Kratakos.Enemy_Kratakos:EventGraph.K2Node_MacroInstance_164
[2015.10.24-19.12.49:866][199]LogUObjectHash:Warning: Ambiguous search, could be K2Node_MacroInstance /Game/SSA/Blueprints/Player_Ships/Player.Player:Set Enemy Ref.K2Node_MacroInstance_164 or K2Node_MacroInstance /Game/SSA/Blueprints/Weapons/Human_Torpedo.Human_Torpedo:EventGraph.K2Node_MacroInstance_164
[2015.10.24-19.12.49:867][199]LogUObjectHash:Warning: Ambiguous search, could be K2Node_MacroInstance /Game/SSA/Blueprints/Player_Ships/Player.Player:Set Enemy Ref.K2Node_MacroInstance_164 or K2Node_MacroInstance /Game/SSA/Blueprints/Weapons/Kratakos_Rail_Gun.Kratakos_Rail_Gun:EventGraph.K2Node_MacroInstance_164
[2015.10.24-19.12.49:867][199]LogUObjectHash:Warning: Ambiguous search, could be K2Node_MacroInstance /Game/SSA/Blueprints/Player_Ships/Player.Player:Set Enemy Ref.K2Node_MacroInstance_164 or K2Node_MacroInstance /Game/SSA/Blueprints/Player_Ships/Player.Player:EventGraph.K2Node_MacroInstance_164
[2015.10.24-19.12.49:867][199]LogUObjectHash:Warning: Ambiguous search, could be K2Node_MacroInstance /Game/SSA/Blueprints/Player_Ships/Player.Player:Set Enemy Ref.K2Node_MacroInstance_164 or K2Node_MacroInstance /Game/SSA/Blueprints/Player_Ships/Player.Player:EdGraph_613.K2Node_MacroInstance_164
[2015.10.24-19.12.49:867][199]LogUObjectHash:Warning: Ambiguous search, could be K2Node_MacroInstance /Game/SSA/Blueprints/Player_Ships/Player.Player:Set Enemy Ref.K2Node_MacroInstance_164 or K2Node_MacroInstance /Game/SSA/Blueprints/Player_Ships/Player.Player:EdGraph_573.K2Node_MacroInstance_164
[2015.10.24-19.12.49:867][199]LogUObjectHash:Warning: Ambiguous search, could be K2Node_VariableSet /Game/SSA/Blueprints/Player_Ships/Player.Player:Set Enemy Ref.K2Node_VariableSet_1836 or K2Node_VariableSet /Game/SSA/Blueprints/Player_Ships/Player.Player:EdGraph_613.K2Node_VariableSet_1836
[2015.10.24-19.12.49:867][199]LogUObjectHash:Warning: Ambiguous search, could be K2Node_VariableSet /Game/SSA/Blueprints/Player_Ships/Player.Player:Set Enemy Ref.K2Node_VariableSet_1836 or K2Node_VariableSet /Game/SSA/Blueprints/Player_Ships/Player.Player:EdGraph_573.K2Node_VariableSet_1836
[2015.10.24-19.12.49:867][199]LogUObjectHash:Warning: Ambiguous search, could be K2Node_MacroInstance /Game/SSA/Blueprints/Player_Ships/Player.Player:Set Enemy Ref.K2Node_MacroInstance_164 or K2Node_MacroInstance /Game/SSA/Blueprints/Enemy_Human.Enemy_Human:EventGraph.K2Node_MacroInstance_164
[2015.10.24-19.12.49:867][199]LogUObjectHash:Warning: Ambiguous search, could be K2Node_MacroInstance /Game/SSA/Blueprints/Player_Ships/Player.Player:Set Enemy Ref.K2Node_MacroInstance_164 or K2Node_MacroInstance /Game/SSA/Blueprints/Enemy_Kratakos.Enemy_Kratakos:EventGraph.K2Node_MacroInstance_164
[2015.10.24-19.12.49:867][199]LogUObjectHash:Warning: Ambiguous search, could be K2Node_MacroInstance /Game/SSA/Blueprints/Player_Ships/Player.Player:Set Enemy Ref.K2Node_MacroInstance_164 or K2Node_MacroInstance /Game/SSA/Blueprints/Weapons/Human_Torpedo.Human_Torpedo:EventGraph.K2Node_MacroInstance_164
[2015.10.24-19.12.49:867][199]LogUObjectHash:Warning: Ambiguous search, could be K2Node_MacroInstance /Game/SSA/Blueprints/Player_Ships/Player.Player:Set Enemy Ref.K2Node_MacroInstance_164 or K2Node_MacroInstance /Game/SSA/Blueprints/Weapons/Kratakos_Rail_Gun.Kratakos_Rail_Gun:EventGraph.K2Node_MacroInstance_164
[2015.10.24-19.12.49:867][199]LogUObjectHash:Warning: Ambiguous search, could be K2Node_MacroInstance /Game/SSA/Blueprints/Player_Ships/Player.Player:Set Enemy Ref.K2Node_MacroInstance_164 or K2Node_MacroInstance /Game/SSA/Blueprints/Player_Ships/Player.Player:EventGraph.K2Node_MacroInstance_164
[2015.10.24-19.12.49:867][199]LogUObjectHash:Warning: Ambiguous search, could be K2Node_MacroInstance /Game/SSA/Blueprints/Player_Ships/Player.Player:Set Enemy Ref.K2Node_MacroInstance_164 or K2Node_MacroInstance /Game/SSA/Blueprints/Player_Ships/Player.Player:EdGraph_613.K2Node_MacroInstance_164
[2015.10.24-19.12.49:867][199]LogUObjectHash:Warning: Ambiguous search, could be K2Node_MacroInstance /Game/SSA/Blueprints/Player_Ships/Player.Player:Set Enemy Ref.K2Node_MacroInstance_164 or K2Node_MacroInstance /Game/SSA/Blueprints/Player_Ships/Player.Player:EdGraph_573.K2Node_MacroInstance_164
[2015.10.24-19.12.49:867][199]LogUObjectHash:Warning: Ambiguous search, could be K2Node_VariableGet /Game/SSA/Blueprints/Player_Ships/Player.Player:Set Enemy Ref.K2Node_VariableGet_2311 or K2Node_VariableGet /Game/SSA/Blueprints/Player_Ships/Player.Player:EdGraph_573.K2Node_VariableGet_2311
[2015.10.24-19.12.49:867][199]LogUObjectHash:Warning: Ambiguous search, could be K2Node_VariableGet /Game/SSA/Blueprints/Player_Ships/Player.Player:Set Enemy Ref.K2Node_VariableGet_2311 or K2Node_VariableGet /Game/SSA/Blueprints/Player_Ships/Player.Player:EdGraph_613.K2Node_VariableGet_2311
[2015.10.24-19.12.49:867][199]LogUObjectHash:Warning: Ambiguous search, could be K2Node_FunctionEntry /Game/SSA/Blueprints/Player_Ships/Player.Player:Set Enemy Ref.K2Node_FunctionEntry_1565 or K2Node_FunctionEntry /Game/SSA/Blueprints/Player_Ships/Player.Player:EdGraph_613.K2Node_FunctionEntry_1565
[2015.10.24-19.12.49:867][199]LogUObjectHash:Warning: Ambiguous search, could be K2Node_FunctionEntry /Game/SSA/Blueprints/Player_Ships/Player.Player:Set Enemy Ref.K2Node_FunctionEntry_1565 or K2Node_FunctionEntry /Game/SSA/Blueprints/Player_Ships/Player.Player:EdGraph_573.K2Node_FunctionEntry_1565
[2015.10.24-19.12.49:867][199]LogUObjectHash:Warning: Ambiguous search, could be K2Node_MacroInstance /Game/SSA/Blueprints/Player_Ships/Player.Player:Set Enemy Ref.K2Node_MacroInstance_164 or K2Node_MacroInstance /Game/SSA/Blueprints/Enemy_Human.Enemy_Human:EventGraph.K2Node_MacroInstance_164
[2015.10.24-19.12.49:867][199]LogUObjectHash:Warning: Ambiguous search, could be K2Node_MacroInstance /Game/SSA/Blueprints/Player_Ships/Player.Player:Set Enemy Ref.K2Node_MacroInstance_164 or K2Node_MacroInstance /Game/SSA/Blueprints/Enemy_Kratakos.Enemy_Kratakos:EventGraph.K2Node_MacroInstance_164
[2015.10.24-19.12.49:867][199]LogUObjectHash:Warning: Ambiguous search, could be K2Node_MacroInstance /Game/SSA/Blueprints/Player_Ships/Player.Player:Set Enemy Ref.K2Node_MacroInstance_164 or K2Node_MacroInstance /Game/SSA/Blueprints/Weapons/Human_Torpedo.Human_Torpedo:EventGraph.K2Node_MacroInstance_164
[2015.10.24-19.12.49:867][199]LogUObjectHash:Warning: Ambiguous search, could be K2Node_MacroInstance /Game/SSA/Blueprints/Player_Ships/Player.Player:Set Enemy Ref.K2Node_MacroInstance_164 or K2Node_MacroInstance /Game/SSA/Blueprints/Weapons/Kratakos_Rail_Gun.Kratakos_Rail_Gun:EventGraph.K2Node_MacroInstance_164
[2015.10.24-19.12.49:867][199]LogUObjectHash:Warning: Ambiguous search, could be K2Node_MacroInstance /Game/SSA/Blueprints/Player_Ships/Player.Player:Set Enemy Ref.K2Node_MacroInstance_164 or K2Node_MacroInstance /Game/SSA/Blueprints/Player_Ships/Player.Player:EventGraph.K2Node_MacroInstance_164
[2015.10.24-19.12.49:867][199]LogUObjectHash:Warning: Ambiguous search, could be K2Node_MacroInstance /Game/SSA/Blueprints/Player_Ships/Player.Player:Set Enemy Ref.K2Node_MacroInstance_164 or K2Node_MacroInstance /Game/SSA/Blueprints/Player_Ships/Player.Player:EdGraph_613.K2Node_MacroInstance_164
[2015.10.24-19.12.49:867][199]LogUObjectHash:Warning: Ambiguous search, could be K2Node_MacroInstance /Game/SSA/Blueprints/Player_Ships/Player.Player:Set Enemy Ref.K2Node_MacroInstance_164 or K2Node_MacroInstance /Game/SSA/Blueprints/Player_Ships/Player.Player:EdGraph_573.K2Node_MacroInstance_164
[2015.10.24-19.12.49:867][199]LogUObjectHash:Warning: Ambiguous search, could be K2Node_MacroInstance /Game/SSA/Blueprints/Player_Ships/Player.Player:Set Enemy Ref.K2Node_MacroInstance_164 or K2Node_MacroInstance /Game/SSA/Blueprints/Enemy_Human.Enemy_Human:EventGraph.K2Node_MacroInstance_164
[2015.10.24-19.12.49:867][199]LogUObjectHash:Warning: Ambiguous search, could be K2Node_MacroInstance /Game/SSA/Blueprints/Player_Ships/Player.Player:Set Enemy Ref.K2Node_MacroInstance_164 or K2Node_MacroInstance /Game/SSA/Blueprints/Enemy_Kratakos.Enemy_Kratakos:EventGraph.K2Node_MacroInstance_164
[2015.10.24-19.12.49:867][199]LogUObjectHash:Warning: Ambiguous search, could be K2Node_MacroInstance /Game/SSA/Blueprints/Player_Ships/Player.Player:Set Enemy Ref.K2Node_MacroInstance_164 or K2Node_MacroInstance /Game/SSA/Blueprints/Weapons/Human_Torpedo.Human_Torpedo:EventGraph.K2Node_MacroInstance_164
[2015.10.24-19.12.49:867][199]LogUObjectHash:Warning: Ambiguous search, could be K2Node_MacroInstance /Game/SSA/Blueprints/Player_Ships/Player.Player:Set Enemy Ref.K2Node_MacroInstance_164 or K2Node_MacroInstance /Game/SSA/Blueprints/Weapons/Kratakos_Rail_Gun.Kratakos_Rail_Gun:EventGraph.K2Node_MacroInstance_164
[2015.10.24-19.12.49:867][199]LogUObjectHash:Warning: Ambiguous search, could be K2Node_MacroInstance /Game/SSA/Blueprints/Player_Ships/Player.Player:Set Enemy Ref.K2Node_MacroInstance_164 or K2Node_MacroInstance /Game/SSA/Blueprints/Player_Ships/Player.Player:EventGraph.K2Node_MacroInstance_164
[2015.10.24-19.12.49:867][199]LogUObjectHash:Warning: Ambiguous search, could be K2Node_MacroInstance /Game/SSA/Blueprints/Player_Ships/Player.Player:Set Enemy Ref.K2Node_MacroInstance_164 or K2Node_MacroInstance /Game/SSA/Blueprints/Player_Ships/Player.Player:EdGraph_613.K2Node_MacroInstance_164
[2015.10.24-19.12.49:867][199]LogUObjectHash:Warning: Ambiguous search, could be K2Node_MacroInstance /Game/SSA/Blueprints/Player_Ships/Player.Player:Set Enemy Ref.K2Node_MacroInstance_164 or K2Node_MacroInstance /Game/SSA/Blueprints/Player_Ships/Player.Player:EdGraph_573.K2Node_MacroInstance_164
[2015.10.24-19.13.38:814][999]BlueprintLog: New page: Compile Player
[2015.10.24-19.13.38:886][999]LogBlueprint:Error: [compiler Player] Error Could not find a function named "Player 1 End" in 'HUD_C'.
Make sure 'HUD_C' has been compiled for  Player 1 End 
[2015.10.24-19.13.39:199][999]LogBlueprint:Error: [compiler Player] Error Could not find a function named "Player 1 End" in 'HUD_C'.
Make sure 'HUD_C' has been compiled for  Player 1 End 
[2015.10.24-19.13.39:616][999]LogBlueprint:Error: [compiler Player] Error Could not find a function named "Player 1 End" in 'HUD_C'.
Make sure 'HUD_C' has been compiled for  Player 1 End 
[2015.10.24-19.13.40:015][999]LogBlueprint:Error: [compiler Player] Error Could not find a function named "Player 1 End" in 'HUD_C'.
Make sure 'HUD_C' has been compiled for  Player 1 End 
[2015.10.24-19.13.40:424][999]LogBlueprint:Error: [compiler Player] Error Could not find a function named "Player 1 End" in 'HUD_C'.
Make sure 'HUD_C' has been compiled for  Player 1 End 
[2015.10.24-19.13.40:739][999]LogProperty:Warning: Serialized Class /Script/CoreUObject.Function for a property of Class /Script/Engine.EdGraph. Reference will be NULLed.
    Property = ObjectProperty /Script/Engine.Blueprint:EventGraphs.EventGraphs
    Item = Function /Game/SSA/Blueprints/Player_Ships/Player.Player_C:Bonanza Calc
[2015.10.24-19.13.40:739][999]LogProperty:Warning: Serialized Class /Script/CoreUObject.Function for a property of Class /Script/Engine.EdGraph. Reference will be NULLed.
    Property = ObjectProperty /Script/Engine.Blueprint:EventGraphs.EventGraphs
    Item = Function /Game/SSA/Blueprints/Player_Ships/Player.Player_C:Load Enemies
[2015.10.24-19.13.40:825][999]LogBlueprint:Error: [compiler Player] Error Could not find a function named "Player 1 End" in 'HUD_C'.
Make sure 'HUD_C' has been compiled for  Player 1 End 
[2015.10.24-19.13.41:282][999]LogBlueprint:Error: [compiler Player] Error Could not find a function named "Player 1 End" in 'HUD_C'.
Make sure 'HUD_C' has been compiled for  Player 1 End 
[2015.10.24-19.13.41:737][999]LogBlueprint:Error: [compiler Player] Error Could not find a function named "Player 1 End" in 'HUD_C'.
Make sure 'HUD_C' has been compiled for  Player 1 End 
[2015.10.24-19.13.42:139][999]LogBlueprint:Error: [compiler Player] Error Could not find a function named "Player 1 End" in 'HUD_C'.
Make sure 'HUD_C' has been compiled for  Player 1 End 
[2015.10.24-19.13.42:565][999]LogBlueprint:Error: [compiler Player] Error Could not find a function named "Player 1 End" in 'HUD_C'.
Make sure 'HUD_C' has been compiled for  Player 1 End 
[2015.10.24-19.13.42:977][999]LogBlueprint:Error: [compiler Player] Error Could not find a function named "Player 1 End" in 'HUD_C'.
Make sure 'HUD_C' has been compiled for  Player 1 End 
[2015.10.24-19.13.43:395][999]LogBlueprint:Error: [compiler Player] Error Could not find a function named "Player 1 End" in 'HUD_C'.
Make sure 'HUD_C' has been compiled for  Player 1 End 
[2015.10.24-19.13.43:812][999]LogBlueprint:Error: [compiler Player] Error Could not find a function named "Player 1 End" in 'HUD_C'.
Make sure 'HUD_C' has been compiled for  Player 1 End 
[2015.10.24-19.13.44:236][999]LogBlueprint:Error: [compiler Player] Error Could not find a function named "Player 1 End" in 'HUD_C'.
Make sure 'HUD_C' has been compiled for  Player 1 End 
[2015.10.24-19.13.44:660][999]LogBlueprint:Error: [compiler Player] Error Could not find a function named "Player 1 End" in 'HUD_C'.
Make sure 'HUD_C' has been compiled for  Player 1 End 
[2015.10.24-19.13.45:091][999]LogBlueprint:Error: [compiler Player] Error Could not find a function named "Player 1 End" in 'HUD_C'.
Make sure 'HUD_C' has been compiled for  Player 1 End 
[2015.10.24-19.13.45:428][999]LogProperty:Warning: Serialized Class /Script/CoreUObject.Function for a property of Class /Script/Engine.EdGraph. Reference will be NULLed.
    Property = ObjectProperty /Script/Engine.Blueprint:EventGraphs.EventGraphs
    Item = Function /Game/SSA/Blueprints/Player_Ships/Player.Player_C:Boundary Damage
[2015.10.24-19.13.45:523][999]LogBlueprint:Error: [compiler Player] Error Could not find a function named "Player 1 End" in 'HUD_C'.
Make sure 'HUD_C' has been compiled for  Player 1 End 
[2015.10.24-19.13.45:952][999]LogBlueprint:Error: [compiler Player] Error Could not find a function named "Player 1 End" in 'HUD_C'.
Make sure 'HUD_C' has been compiled for  Player 1 End 
[2015.10.24-19.13.46:377][999]LogBlueprint:Error: [compiler Player] Error Could not find a function named "Player 1 End" in 'HUD_C'.
Make sure 'HUD_C' has been compiled for  Player 1 End 
[2015.10.24-19.13.46:806][999]LogBlueprint:Error: [compiler Player] Error Could not find a function named "Player 1 End" in 'HUD_C'.
Make sure 'HUD_C' has been compiled for  Player 1 End 
[2015.10.24-19.13.47:231][999]LogBlueprint:Error: [compiler Player] Error Could not find a function named "Player 1 End" in 'HUD_C'.
Make sure 'HUD_C' has been compiled for  Player 1 End 
[2015.10.24-19.13.47:665][999]LogBlueprint:Error: [compiler Player] Error Could not find a function named "Player 1 End" in 'HUD_C'.
Make sure 'HUD_C' has been compiled for  Player 1 End 
[2015.10.24-19.13.48:096][999]LogBlueprint:Error: [compiler Player] Error Could not find a function named "Player 1 End" in 'HUD_C'.
Make sure 'HUD_C' has been compiled for  Player 1 End 
[2015.10.24-19.13.48:530][999]LogBlueprint:Error: [compiler Player] Error Could not find a function named "Player 1 End" in 'HUD_C'.
Make sure 'HUD_C' has been compiled for  Player 1 End 
[2015.10.24-19.13.48:961][999]LogBlueprint:Error: [compiler Player] Error Could not find a function named "Player 1 End" in 'HUD_C'.
Make sure 'HUD_C' has been compiled for  Player 1 End 
[2015.10.24-19.13.49:403][999]LogBlueprint:Error: [compiler Player] Error Could not find a function named "Player 1 End" in 'HUD_C'.
Make sure 'HUD_C' has been compiled for  Player 1 End 
[2015.10.24-19.13.49:884][999]LogBlueprint:Error: [compiler Player] Error Could not find a function named "Player 1 End" in 'HUD_C'.
Make sure 'HUD_C' has been compiled for  Player 1 End 
[2015.10.24-19.13.50:330][999]LogBlueprint:Error: [compiler Player] Error Could not find a function named "Player 1 End" in 'HUD_C'.
Make sure 'HUD_C' has been compiled for  Player 1 End 
[2015.10.24-19.13.50:768][999]LogBlueprint:Error: [compiler Player] Error Could not find a function named "Player 1 End" in 'HUD_C'.
Make sure 'HUD_C' has been compiled for  Player 1 End 
[2015.10.24-19.13.50:923][999]LogBlueprint:Error: [compiler Player_Human] Error The property associated with  Health  could not be found
[2015.10.24-19.13.50:923][999]LogBlueprint:Error: [compiler Player_Human] Error The property associated with  Health  could not be found
[2015.10.24-19.13.50:924][999]LogBlueprint:Error: [compiler Player_Human] Error The property associated with  Energy  could not be found
[2015.10.24-19.13.50:924][999]LogBlueprint:Error: [compiler Player_Human] Error The property associated with  Max Energy  could not be found
[2015.10.24-19.13.50:924][999]LogBlueprint:Error: [compiler Player_Human] Error The property associated with  EdGraphPin_17180  could not be found
[2015.10.24-19.13.50:924][999]LogBlueprint:Error: [compiler Player_Human] Error The property associated with  Pressed  could not be found
[2015.10.24-19.13.50:924][999]LogBlueprint:Error: [compiler Player_Human] Error The property associated with  Energy  could not be found
[2015.10.24-19.13.50:924][999]LogBlueprint:Error: [compiler Player_Human] Error The property associated with  Max Energy  could not be found
[2015.10.24-19.13.50:925][999]LogBlueprint:Error: [compiler Player_Human] Error The property associated with  Secondary Atk  could not be found
[2015.10.24-19.13.50:925][999]LogBlueprint:Error: [compiler Player_Human] Error The property associated with  Max Energy  could not be found
[2015.10.24-19.13.50:925][999]LogBlueprint:Error: [compiler Player_Human] Error The property associated with  Pressed  could not be found
[2015.10.24-19.13.50:925][999]LogBlueprint:Error: [compiler Player_Human] Error The property associated with  Energy  could not be found
[2015.10.24-19.13.50:925][999]LogBlueprint:Error: [compiler Player_Human] Error The property associated with  Max Energy  could not be found
[2015.10.24-19.13.50:925][999]LogBlueprint:Error: [compiler Player_Human] Error The property associated with  Pressed  could not be found
[2015.10.24-19.13.50:926][999]LogBlueprint:Error: [compiler Player_Human] Error The property associated with  Secondary Atk  could not be found
[2015.10.24-19.13.50:926][999]LogBlueprint:Error: [compiler Player_Human] Error The property associated with  Secondary Atk  could not be found
[2015.10.24-19.13.50:926][999]LogBlueprint:Error: [compiler Player_Human] Error The property associated with  Primary Weapon CD  could not be found
[2015.10.24-19.13.50:926][999]LogBlueprint:Error: [compiler Player_Human] Error The property associated with  EdGraphPin_16478  could not be found
[2015.10.24-19.13.50:926][999]LogBlueprint:Error: [compiler Player_Human] Error The property associated with  Primary Weapon CD  could not be found
[2015.10.24-19.13.50:926][999]LogBlueprint:Error: [compiler Player_Human] Error The property associated with  Primary Weapon CD  could not be found
[2015.10.24-19.13.50:926][999]LogBlueprint:Error: [compiler Player_Human] Error The property associated with  Max HP  could not be found
[2015.10.24-19.13.50:927][999]LogBlueprint:Error: [compiler Player_Human] Error The property associated with  Health  could not be found
[2015.10.24-19.13.50:927][999]LogBlueprint:Error: [compiler Player_Human] Error The property associated with  Energy  could not be found
[2015.10.24-19.13.50:927][999]LogBlueprint:Error: [compiler Player_Human] Error The property associated with  Max Energy  could not be found
[2015.10.24-19.13.51:239][999]LogBlueprint:Error: [compiler Player] Error Could not find a function named "Player 1 End" in 'HUD_C'.
Make sure 'HUD_C' has been compiled for  Player 1 End 
[2015.10.24-19.13.51:688][999]LogBlueprint:Error: [compiler Player] Error Could not find a function named "Player 1 End" in 'HUD_C'.
Make sure 'HUD_C' has been compiled for  Player 1 End 
[2015.10.24-19.13.52:130][999]LogBlueprint:Error: [compiler Player] Error Could not find a function named "Player 1 End" in 'HUD_C'.
Make sure 'HUD_C' has been compiled for  Player 1 End 
[2015.10.24-19.13.52:574][999]LogBlueprint:Error: [compiler Player] Error Could not find a function named "Player 1 End" in 'HUD_C'.
Make sure 'HUD_C' has been compiled for  Player 1 End 
[2015.10.24-19.13.53:009][999]LogBlueprint:Error: [compiler Player] Error Could not find a function named "Player 1 End" in 'HUD_C'.
Make sure 'HUD_C' has been compiled for  Player 1 End 
[2015.10.24-19.13.53:464][999]LogBlueprint:Error: [compiler Player] Error Could not find a function named "Player 1 End" in 'HUD_C'.
Make sure 'HUD_C' has been compiled for  Player 1 End 
[2015.10.24-19.13.53:679][999]LogCrashTracker: 


[2015.10.24-19.13.53:679][999]LogThreadingWindows:Error: Runnable thread TaskGraphThread 0 crashed.
[2015.10.24-19.13.53:679][999]LogCrashTracker: 


[2015.10.24-19.13.53:679][999]LogWindows: === Critical error: ===
Fatal error!


Crash in runnable thread TaskGraphThread 0

[2015.10.24-19.13.58:240][999]LogThreadingWindows:Error: Runnable thread TaskGraphThread 2 crashed.
[2015.10.24-19.13.58:240][999]LogWindows:Error: HandleError re-entered.
[2015.10.24-19.13.58:240][999]LogWindows: FPlatformMisc::RequestExit(1)
[2015.10.24-19.13.58:240][999]Log file closed, 10/24/15 15:13:58
