[2015.09.28-14.00.26:584][  0]Log file open, 09/28/15 10:00:26
[2015.09.28-14.00.26:584][  0]LogInit:Display: Running engine for game: SuperSpaceArmada
[2015.09.28-14.00.26:584][  0]LogInit:Display: RandInit(-391711995) SRandInit(-391711994).
[2015.09.28-14.00.26:584][  0]LogTaskGraph: Started task graph with 4 named threads and 7 total threads.
[2015.09.28-14.00.26:584][  0]LogStats: Stats thread started at 0.156996
[2015.09.28-14.00.26:584][  0]LogInit: Version: 4.9.1-2689999+++depot+UE4-Releases+4.9
[2015.09.28-14.00.26:584][  0]LogInit: API Version: 2672455
[2015.09.28-14.00.26:584][  0]LogInit: Compiled (64-bit): Sep 14 2015 04:12:03
[2015.09.28-14.00.26:584][  0]LogInit: Compiled with Visual C++: 18.00.21005.01
[2015.09.28-14.00.26:584][  0]LogInit: Build Configuration: Development
[2015.09.28-14.00.26:584][  0]LogInit: Branch Name: ++depot+UE4-Releases+4.9
[2015.09.28-14.00.26:584][  0]LogInit: Command line:  
[2015.09.28-14.00.26:584][  0]LogInit: Base directory: C:/Program Files/Epic Games/4.9/Engine/Binaries/Win64/
[2015.09.28-14.00.26:584][  0]LogInit: Rocket: 1
[2015.09.28-14.00.26:644][  0]LogInit: Using libcurl 7.41.0
[2015.09.28-14.00.26:644][  0]LogInit:  - built for x86_64-pc-win32
[2015.09.28-14.00.26:644][  0]LogInit:  - supports SSL with WinSSL
[2015.09.28-14.00.26:644][  0]LogInit:  - other features:
[2015.09.28-14.00.26:644][  0]LogInit:      CURL_VERSION_SSL
[2015.09.28-14.00.26:644][  0]LogInit:      CURL_VERSION_IPV6
[2015.09.28-14.00.26:644][  0]LogInit:      CURL_VERSION_ASYNCHDNS
[2015.09.28-14.00.26:644][  0]LogInit:      CURL_VERSION_LARGEFILE
[2015.09.28-14.00.26:644][  0]LogInit:      CURL_VERSION_IDN
[2015.09.28-14.00.26:644][  0]LogInit:  CurlRequestOptions (configurable via config and command line):
[2015.09.28-14.00.26:644][  0]LogInit:  - bVerifyPeer = true  - Libcurl will verify peer certificate
[2015.09.28-14.00.26:644][  0]LogInit:  - bUseHttpProxy = false  - Libcurl will NOT use HTTP proxy
[2015.09.28-14.00.26:644][  0]LogInit:  - bDontReuseConnections = false  - Libcurl will reuse connections
[2015.09.28-14.00.26:644][  0]LogInit:  - CertBundlePath = nullptr  - Libcurl will use whatever was configured at build time.
[2015.09.28-14.00.26:863][  0]LogInit: Presizing for 0 objects not considered by GC, pre-allocating 0 bytes.
[2015.09.28-14.00.26:869][  0]LogInit: Object subsystem initialized
[2015.09.28-14.00.26:871][  0]LogInit: Selected Device Profile: [Windows]
[2015.09.28-14.00.26:871][  0]LogInit: Applying CVar settings loaded from the selected device profile: [Windows]
[2015.09.28-14.00.26:878][  0]LogInit: Computer: EXIA
[2015.09.28-14.00.26:878][  0]LogInit: User: SGJin
[2015.09.28-14.00.26:878][  0]LogInit: CPU Page size=4096, Cores=4
[2015.09.28-14.00.26:878][  0]LogInit: High frequency timer resolution =2.338347 MHz
[2015.09.28-14.00.26:878][  0]LogMemory: Memory total: Physical=7.9GB (8GB approx)
[2015.09.28-14.00.26:878][  0]LogMemory: Platform Memory Stats for Windows
[2015.09.28-14.00.26:878][  0]LogMemory: Process Physical Memory: 54.83 MB used, 54.83 MB peak
[2015.09.28-14.00.26:878][  0]LogMemory: Process Virtual Memory: 55.23 MB used, 55.23 MB peak
[2015.09.28-14.00.26:878][  0]LogMemory: Physical Memory: 4315.69 MB used, 8124.02 MB total
[2015.09.28-14.00.26:878][  0]LogMemory: Virtual Memory: 350.19 MB used, 134217728.00 MB total
[2015.09.28-14.00.27:632][  0]LogTextLocalizationManager: No specific translations for ('en-US') exist, so ('en') translations will be used.
[2015.09.28-14.00.28:777][  0]LogD3D11RHI: Found D3D11 adapter 0: NVIDIA GeForce GT 740M          (Feature Level 11_0)
[2015.09.28-14.00.28:777][  0]LogD3D11RHI: Adapter has 1997MB of dedicated video memory, 0MB of dedicated system memory, and 4062MB of shared system memory, 1 output[s]
[2015.09.28-14.00.28:784][  0]LogD3D11RHI: Found D3D11 adapter 1: Intel(R) HD Graphics 4600 (Feature Level 11_0)
[2015.09.28-14.00.28:784][  0]LogD3D11RHI: Adapter has 112MB of dedicated video memory, 0MB of dedicated system memory, and 4062MB of shared system memory, 0 output[s]
[2015.09.28-14.00.28:810][  0]LogD3D11RHI: Found D3D11 adapter 2: Microsoft Basic Render Driver (Feature Level 11_0)
[2015.09.28-14.00.28:810][  0]LogD3D11RHI: Adapter has 0MB of dedicated video memory, 0MB of dedicated system memory, and 4062MB of shared system memory, 0 output[s]
[2015.09.28-14.00.28:810][  0]LogD3D11RHI: Chosen D3D11 Adapter Id = 0
[2015.09.28-14.00.28:818][  0]LogD3D11RHI: !Direct3DDevice
[2015.09.28-14.00.28:818][  0]LogRHI: Texture pool is 1361 MB (70% of 1945 MB)
[2015.09.28-14.00.28:833][  0]LogD3D11RHI: Async texture creation enabled
[2015.09.28-14.00.28:845][  0]LogShaderCompilers: Guid format shader working directory is 14 characters bigger than the processId version (../../../../../../Users/Jin/Desktop/Game-Files/Game-Files/SuperSpaceArmada/Intermediate/Shaders/WorkingDirectory/28284/).
[2015.09.28-14.00.28:845][  0]LogShaderCompilers: Cleaned the shader compiler working directory '../../../../../../Users/Jin/Desktop/Game-Files/Game-Files/SuperSpaceArmada/Intermediate/Shaders/tmp/63D8C7E54A32CDC54C7523911F03BEAA/'.
[2015.09.28-14.00.28:845][  0]LogShaderCompilers:Display: Using Local Shader Compiler.
[2015.09.28-14.00.42:871][  0]LogTemp:Display: Loaded TP AllDesktopTargetPlatform
[2015.09.28-14.00.42:905][  0]LogTemp:Display: Loaded TP WindowsClientTargetPlatform
[2015.09.28-14.00.42:935][  0]LogTemp:Display: Loaded TP WindowsNoEditorTargetPlatform
[2015.09.28-14.00.42:949][  0]LogTemp:Display: Loaded TP WindowsServerTargetPlatform
[2015.09.28-14.00.42:982][  0]LogTemp:Display: Loaded TP WindowsTargetPlatform
[2015.09.28-14.00.42:995][  0]LogTemp:Display: Loaded TP AndroidTargetPlatform
[2015.09.28-14.00.43:006][  0]LogTemp:Display: Loaded TP Android_ASTCTargetPlatform
[2015.09.28-14.00.43:063][  0]LogTemp:Display: Loaded TP Android_ATCTargetPlatform
[2015.09.28-14.00.43:099][  0]LogTemp:Display: Loaded TP Android_DXTTargetPlatform
[2015.09.28-14.00.43:129][  0]LogTemp:Display: Loaded TP Android_ETC1TargetPlatform
[2015.09.28-14.00.43:163][  0]LogTemp:Display: Loaded TP Android_ETC2TargetPlatform
[2015.09.28-14.00.43:174][  0]LogTemp:Display: Loaded TP Android_PVRTCTargetPlatform
[2015.09.28-14.00.43:201][  0]LogTemp:Display: Loaded TP HTML5TargetPlatform
[2015.09.28-14.00.43:360][  0]LogTemp:Display: Loaded TP IOSTargetPlatform
[2015.09.28-14.00.43:402][  0]LogTemp:Display: Loaded TP LinuxNoEditorTargetPlatform
[2015.09.28-14.00.43:416][  0]LogTemp:Display: Loaded TP LinuxServerTargetPlatform
[2015.09.28-14.00.43:428][  0]LogTemp:Display: Loaded TP LinuxTargetPlatform
[2015.09.28-14.00.43:428][  0]LogTargetPlatformManager:Display: Building Assets For Windows
[2015.09.28-14.00.44:536][  0]LogDerivedDataCache:Display: Max Cache Size: 512 MB
[2015.09.28-14.00.45:433][  0]LogDerivedDataCache: Loaded boot cache 0.90s 41MB C:/Users/Jin/AppData/Local/UnrealEngine/4.9/DerivedDataCache/Boot.ddc.
[2015.09.28-14.00.45:433][  0]LogDerivedDataCache:Display: Loaded Boot cache: C:/Users/Jin/AppData/Local/UnrealEngine/4.9/DerivedDataCache/Boot.ddc
[2015.09.28-14.00.45:433][  0]LogDerivedDataCache: FDerivedDataBackendGraph:  Pak pak cache file ../../../../../../Users/Jin/Desktop/Game-Files/Game-Files/SuperSpaceArmada/DerivedDataCache/DDC.ddp not found, will not use a pak cache.
[2015.09.28-14.00.45:433][  0]LogDerivedDataCache: Unable to find inner node Pak for hierarchical cache Hierarchy.
[2015.09.28-14.00.45:433][  0]LogDerivedDataCache: FDerivedDataBackendGraph:  CompressedPak pak cache file ../../../../../../Users/Jin/Desktop/Game-Files/Game-Files/SuperSpaceArmada/DerivedDataCache/Compressed.ddp not found, will not use a pak cache.
[2015.09.28-14.00.45:433][  0]LogDerivedDataCache: Unable to find inner node CompressedPak for hierarchical cache Hierarchy.
[2015.09.28-14.00.45:662][  0]LogDerivedDataCache:Display: Pak cache opened for reading ../../../Engine/DerivedDataCache/Compressed.ddp.
[2015.09.28-14.00.45:692][  0]LogDerivedDataCache: Using Local data cache path C:/Users/Jin/AppData/Local/UnrealEngine/Common/DerivedDataCache: Writable
[2015.09.28-14.00.48:880][  0]LogInit: Selected Device Profile: [Windows]
[2015.09.28-14.00.48:897][  0]LogContentStreaming: Texture pool size is 0.000000MB
[2015.09.28-14.00.49:343][  0]LogMeshUtilities: No automatic mesh reduction module available
[2015.09.28-14.00.49:343][  0]LogMeshUtilities: No automatic mesh merging module available
[2015.09.28-14.00.52:392][  0]LogInit: WinSock: version 1.1 (2.2), MaxSocks=32767, MaxUdp=65467
[2015.09.28-14.01.38:136][  0]LogAssetRegistry: FAssetRegistry took 0.0110 seconds to start up
[2015.09.28-14.01.38:331][  0]UdpMessaging: Initializing bridge on interface 0.0.0.0:0 to multicast group 230.0.0.1:6666.
[2015.09.28-14.01.44:611][  0]SourceControl: Info Source control is disabled
[2015.09.28-14.01.44:876][  0]SourceControl: Info Source control is disabled
[2015.09.28-14.01.45:150][  0]SourceControl: Info Source control is disabled
[2015.09.28-14.01.45:353][  0]SourceControl: Info Source control is disabled
[2015.09.28-14.01.49:504][  0]LogLinker:Warning: Asset '../../../Engine/Plugins/Runtime/LeapMotionController/Content/LM_PassthroughMaterial.uasset' has been saved with empty engine version. The asset will be loaded but may be incompatible.
[2015.09.28-14.01.51:858][  0]LogObj: 28528 objects as part of root set at end of initial load.
[2015.09.28-14.01.51:858][  0]LogUObjectAllocator: 6068464 out of 0 bytes used by permanent object pool.
[2015.09.28-14.01.53:555][  0]LogEngine: Initializing Engine...
[2015.09.28-14.01.53:560][  0]LogHMD: Can't find Oculus library dev build: is proper Runtime installed? Version: 0.7.0.0
[2015.09.28-14.01.54:025][  0]LogHMD: SteamVR failed to initialize.  Err: 110
[2015.09.28-14.02.00:280][  0]LogAIModule: Creating AISystem for world NewWorld
[2015.09.28-14.02.00:662][  0]LogInit: XAudio2 using 'Speakers / HP (IDT High Definition Audio CODEC)' : 2 channels at 44.1 kHz using 32 bits per sample (channel mask 0x3)
[2015.09.28-14.02.00:683][  0]LogInit: FAudioDevice initialized.
[2015.09.28-14.02.00:843][  0]LogDerivedDataCache: Saved boot cache 0.16s 41MB C:/Users/Jin/AppData/Local/UnrealEngine/4.9/DerivedDataCache/Boot.ddc.
[2015.09.28-14.02.00:870][  0]LogInit: Texture streaming: Enabled
[2015.09.28-14.02.01:155][  0]LogAnalytics: Creating configured Analytics provider AnalyticsET
[2015.09.28-14.02.01:155][  0]LogAnalytics: [UEEditor.Rocket.Release] APIServer = http://et2.epicgames.com/ET2/. AppVersion = 4.9.1-2689999+++depot+UE4-Releases+4.9
[2015.09.28-14.02.01:155][  0]LogAnalytics: [UEEditor.Rocket.Release] SetUserId 435ea4a8489b84c6f4feaab84cbae6c8|e03effeb7bdf4ddc9c712682a578c51b|8a2a019e-36d5-4c55-97e1-833141022920
[2015.09.28-14.02.01:155][  0]LogAnalytics: [UEEditor.Rocket.Release] AnalyticsET::StartSession
[2015.09.28-14.02.03:094][  0]LogInit: Transaction tracking system initialized
[2015.09.28-14.02.04:090][  0]BlueprintLog: New page: Editor Load
[2015.09.28-14.02.09:750][  0]LocalizationService: Info Localization service is disabled
[2015.09.28-14.02.15:717][  0]LogConsoleResponse:Display: 
[2015.09.28-14.02.21:006][  0]LogCook:Display: Done creating registry. It took  0.00s.
[2015.09.28-14.02.21:331][  0]LogFileCache: Scanning file cache for directory 'C:/Users/Jin/Desktop/Game-Files/Game-Files/SuperSpaceArmada/Content/' took 0.02s
[2015.09.28-14.02.25:803][  0]SourceControl: Info Source control is disabled
[2015.09.28-14.02.25:803][  0]Cmd: MAP LOAD FILE="../../../../../../Users/Jin/Desktop/Game-Files/Game-Files/SuperSpaceArmada/Content/TopDownBP/Maps/TopDownExampleMap.umap" TEMPLATE=0 SHOWPROGRESS=1 FEATURELEVEL=3
[2015.09.28-14.02.25:803][  0]LogEditorServer:Warning: Can't find file '../../../../../../Users/Jin/Desktop/Game-Files/Game-Files/SuperSpaceArmada/Content/TopDownBP/Maps/TopDownExampleMap.umap'
[2015.09.28-14.02.25:803][  0]Cmd: MAP CHECKDEP NOCLEARLOG
[2015.09.28-14.02.25:892][  0]MapCheck: Info Map check complete: 0 Error(s), 0 Warning(s), took 88.858ms to complete.
[2015.09.28-14.02.25:892][  0]LogFileHelpers: Loading map 'TopDownExampleMap' took 0.089
[2015.09.28-14.02.27:655][  0]LogCollectionManager: Loaded 0 collections in 0.003332 seconds
[2015.09.28-14.02.27:697][  0]LogFileCache: Scanning file cache for directory 'C:/Users/Jin/Desktop/Game-Files/Game-Files/SuperSpaceArmada/Saved/Collections/' took 0.01s
[2015.09.28-14.02.27:697][  0]LogFileCache: Scanning file cache for directory 'C:/Users/Jin/Desktop/Game-Files/Game-Files/SuperSpaceArmada/Content/Developers/SGJin/Collections/' took 0.01s
[2015.09.28-14.02.27:697][  0]LogFileCache: Scanning file cache for directory 'C:/Users/Jin/Desktop/Game-Files/Game-Files/SuperSpaceArmada/Content/Collections/' took 0.01s
[2015.09.28-14.02.27:697][  0]LogContentBrowser: Native class hierarchy populated in 0.0070 seconds. Added 1882 classes and 339 folders.
[2015.09.28-14.02.27:706][  0]LogCollectionManager: Rebuilt the GUID cache for 0 collections in 0.000007 seconds
[2015.09.28-14.02.27:714][  0]LogContentBrowser: Native class hierarchy updated for 'WidgetCarousel' in 0.0003 seconds. Added 0 classes and 0 folders.
[2015.09.28-14.02.39:202][  0]LogContentBrowser: Native class hierarchy updated for 'AddContentDialog' in 0.0004 seconds. Added 0 classes and 0 folders.
[2015.09.28-14.02.39:243][  0]LogContentBrowser: Native class hierarchy updated for 'SceneOutliner' in 0.0004 seconds. Added 1 classes and 2 folders.
[2015.09.28-14.02.39:927][  0]LogCrashTracker: Crashtracker disabled due to settings.
[2015.09.28-14.02.39:934][  0]LogUObjectGlobals:Warning: Failed to find object 'Class None.'
[2015.09.28-14.02.39:956][  0]LogLoad: Full Startup: 134.67 seconds (BP compile: 0.11 seconds)
[2015.09.28-14.02.42:185][  0]LogContentStreaming: Texture pool size now 1000 MB
[2015.09.28-14.02.42:645][  0]LogRenderer: Reallocating scene render targets to support 1156x468 (Frame:2).
[2015.09.28-14.02.44:404][  2]LogLinker:Warning: Asset '../../../../../../Users/Jin/Desktop/Game-Files/Game-Files/SuperSpaceArmada/Content/Mannequin/Animations/ThirdPerson_AnimBP.uasset' has been saved with empty engine version. The asset will be loaded but may be incompatible.
[2015.09.28-14.02.44:808][  2]LogLinker:Warning: Asset '../../../../../../Users/Jin/Desktop/Game-Files/Game-Files/SuperSpaceArmada/Content/Mannequin/Animations/ThirdPerson_Jump.uasset' has been saved with empty engine version. The asset will be loaded but may be incompatible.
[2015.09.28-14.02.44:907][  2]LogLinker:Warning: Asset '../../../../../../Users/Jin/Desktop/Game-Files/Game-Files/SuperSpaceArmada/Content/Mannequin/Animations/ThirdPersonJump_Loop.uasset' has been saved with empty engine version. The asset will be loaded but may be incompatible.
[2015.09.28-14.02.44:910][  2]LogLinker:Warning: Asset '../../../../../../Users/Jin/Desktop/Game-Files/Game-Files/SuperSpaceArmada/Content/Mannequin/Animations/ThirdPersonJump_Start.uasset' has been saved with empty engine version. The asset will be loaded but may be incompatible.
[2015.09.28-14.02.45:025][  2]LogLinker:Warning: Asset '../../../../../../Users/Jin/Desktop/Game-Files/Game-Files/SuperSpaceArmada/Content/Mannequin/Animations/ThirdPerson_IdleRun_2D.uasset' has been saved with empty engine version. The asset will be loaded but may be incompatible.
[2015.09.28-14.02.45:034][  2]LogLinker:Warning: Asset '../../../../../../Users/Jin/Desktop/Game-Files/Game-Files/SuperSpaceArmada/Content/Mannequin/Animations/ThirdPersonIdle.uasset' has been saved with empty engine version. The asset will be loaded but may be incompatible.
[2015.09.28-14.02.45:088][  2]LogLinker:Warning: Asset '../../../../../../Users/Jin/Desktop/Game-Files/Game-Files/SuperSpaceArmada/Content/Mannequin/Animations/ThirdPersonRun.uasset' has been saved with empty engine version. The asset will be loaded but may be incompatible.
[2015.09.28-14.02.45:090][  2]LogLinker:Warning: Asset '../../../../../../Users/Jin/Desktop/Game-Files/Game-Files/SuperSpaceArmada/Content/Mannequin/Animations/ThirdPersonWalk.uasset' has been saved with empty engine version. The asset will be loaded but may be incompatible.
[2015.09.28-14.02.58:644][  2]LogLinker:Warning: Asset '../../../Engine/Content/ArtTools/RenderToTexture/Macros/RenderToTextureMacros.uasset' has been saved with empty engine version. The asset will be loaded but may be incompatible.
[2015.09.28-14.02.59:558][  2]LogContentBrowser: Native class hierarchy updated for 'BlueprintGraph' in 0.0007 seconds. Added 107 classes and 0 folders.
[2015.09.28-14.03.36:188][ 95]LogAssetRegistry: Asset discovery search completed in 118.0624 seconds
[2015.09.28-14.03.36:188][ 95]LogCollectionManager: Rebuilt the object cache for 0 collections in 0.000001 seconds (found 0 objects)
[2015.09.28-14.03.36:188][ 95]LogCollectionManager: Fixed up redirectors for 0 collections in 0.000030 seconds (updated 0 objects)
[2015.09.28-14.06.18:166][897]LogContentBrowser: Native class hierarchy updated for 'Cascade' in 0.0004 seconds. Added 2 classes and 2 folders.
[2015.09.28-14.07.55:445][591]LogCascade: Quitting Cascade. FXSystem=0x000000CC730132E0
[2015.09.28-14.14.21:328][224]LogParticles: Destroying 0 GPU particle simulations for FXSystem 0x000000CC730132E0
[2015.09.28-14.14.21:563][224]LogActorComponent: UnregisterComponent: (/Engine/Transient.EditorFloorComp) Not registered. Aborting.
[2015.09.28-14.14.21:639][224]LogActorComponent: UnregisterComponent: (/Engine/Transient.EditorFloorComp) Not registered. Aborting.
[2015.09.28-14.14.21:687][224]LogCascade: Quitting Cascade. FXSystem=0x000000CC73FE56C0
[2015.09.28-14.14.22:152][224]LogWindowsTextInputMethodSystem:Display: IME system now deactivated.
[2015.09.28-14.14.22:424][225]Cmd: QUIT_EDITOR
[2015.09.28-14.14.22:692][225]LogExit: Preparing to exit.
[2015.09.28-14.14.23:728][225]LogExit: Editor shut down
[2015.09.28-14.14.23:729][225]LogParticles: Destroying 0 GPU particle simulations for FXSystem 0x000000CC35AB1620
[2015.09.28-14.14.23:729][225]LogExit: Transaction tracking system shut down
[2015.09.28-14.14.23:729][225]LogParticles: Destroying 0 GPU particle simulations for FXSystem 0x000000CC2314D8A0
[2015.09.28-14.14.23:729][225]LogParticles: Destroying 0 GPU particle simulations for FXSystem 0x000000CC333E5800
[2015.09.28-14.14.23:731][225]LogParticles: Destroying 0 GPU particle simulations for FXSystem 0x000000CC5A915300
[2015.09.28-14.14.23:733][225]LogParticles: Destroying 0 GPU particle simulations for FXSystem 0x000000CC617CC540
[2015.09.28-14.14.23:734][225]LogParticles: Destroying 0 GPU particle simulations for FXSystem 0x000000CC655C3E20
[2015.09.28-14.14.23:734][225]LogParticles: Destroying 0 GPU particle simulations for FXSystem 0x000000CC655C3920
[2015.09.28-14.14.23:734][225]LogParticles: Destroying 0 GPU particle simulations for FXSystem 0x000000CC6D096E80
[2015.09.28-14.14.23:736][225]LogParticles: Destroying 0 GPU particle simulations for FXSystem 0x000000CC5F942340
[2015.09.28-14.14.23:737][225]LogParticles: Destroying 0 GPU particle simulations for FXSystem 0x000000CC73FE56C0
[2015.09.28-14.14.23:912][225]LogExit: Object subsystem successfully closed.
[2015.09.28-14.14.23:930][225]LogD3D11RHI: Shutdown
[2015.09.28-14.14.23:930][225]LogD3D11RHI: CleanupD3DDevice
[2015.09.28-14.14.23:998][225]LogD3D11RHI: ~FD3D11DynamicRHI
[2015.09.28-14.14.24:029][225]LogModuleManager: Shutting down and abandoning module DistCurveEditor (202)
[2015.09.28-14.14.24:029][225]LogModuleManager: Shutting down and abandoning module Cascade (201)
[2015.09.28-14.14.24:029][225]LogModuleManager: Shutting down and abandoning module SequencerWidgets (200)
[2015.09.28-14.14.24:029][225]LogModuleManager: Shutting down and abandoning module BlueprintGraph (199)
[2015.09.28-14.14.24:029][225]LogModuleManager: Shutting down and abandoning module CrashTracker (198)
[2015.09.28-14.14.24:029][225]LogModuleManager: Shutting down and abandoning module SceneOutliner (197)
[2015.09.28-14.14.24:029][225]LogModuleManager: Shutting down and abandoning module SuperSearch (196)
[2015.09.28-14.14.24:029][225]LogModuleManager: Shutting down and abandoning module WidgetCarousel (195)
[2015.09.28-14.14.24:029][225]LogModuleManager: Shutting down and abandoning module AddContentDialog (194)
[2015.09.28-14.14.24:030][225]LogModuleManager: Shutting down and abandoning module EditorWidgets (193)
[2015.09.28-14.14.24:030][225]LogModuleManager: Shutting down and abandoning module CollectionManager (192)
[2015.09.28-14.14.24:031][225]LogModuleManager: Shutting down and abandoning module FoliageEdit (191)
[2015.09.28-14.14.24:031][225]LogModuleManager: Shutting down and abandoning module LandscapeEditor (190)
[2015.09.28-14.14.24:031][225]LogModuleManager: Shutting down and abandoning module ActorPickerMode (189)
[2015.09.28-14.14.24:031][225]LogModuleManager: Shutting down and abandoning module GeometryMode (188)
[2015.09.28-14.14.24:031][225]LogModuleManager: Shutting down and abandoning module TextureAlignMode (187)
[2015.09.28-14.14.24:031][225]LogModuleManager: Shutting down and abandoning module BspMode (186)
[2015.09.28-14.14.24:031][225]LogModuleManager: Shutting down and abandoning module PlacementMode (185)
[2015.09.28-14.14.24:031][225]LogModuleManager: Shutting down and abandoning module AutomationWorker (184)
[2015.09.28-14.14.24:031][225]LogModuleManager: Shutting down and abandoning module CharacterAI (183)
[2015.09.28-14.14.24:031][225]LogModuleManager: Shutting down and abandoning module SmartSnapping (182)
[2015.09.28-14.14.24:031][225]LogModuleManager: Shutting down and abandoning module ViewportSnapping (181)
[2015.09.28-14.14.24:031][225]LogModuleManager: Shutting down and abandoning module LogVisualizer (180)
[2015.09.28-14.14.24:031][225]LogModuleManager: Shutting down and abandoning module GameProjectGeneration (179)
[2015.09.28-14.14.24:031][225]LogModuleManager: Shutting down and abandoning module IntroTutorials (178)
[2015.09.28-14.14.24:031][225]LogModuleManager: Shutting down and abandoning module EditorLiveStreaming (177)
[2015.09.28-14.14.24:031][225]LogModuleManager: Shutting down and abandoning module IOSPlatformEditor (176)
[2015.09.28-14.14.24:031][225]LogModuleManager: Shutting down and abandoning module HTML5PlatformEditor (175)
[2015.09.28-14.14.24:031][225]LogModuleManager: Shutting down and abandoning module AndroidDeviceDetection (174)
[2015.09.28-14.14.24:971][225]LogModuleManager: Shutting down and abandoning module AndroidPlatformEditor (173)
[2015.09.28-14.14.24:971][225]LogModuleManager: Shutting down and abandoning module IOSRuntimeSettings (172)
[2015.09.28-14.14.24:971][225]LogModuleManager: Shutting down and abandoning module AndroidRuntimeSettings (171)
[2015.09.28-14.14.24:971][225]LogModuleManager: Shutting down and abandoning module MergeActors (170)
[2015.09.28-14.14.24:971][225]LogModuleManager: Shutting down and abandoning module SizeMap (169)
[2015.09.28-14.14.24:971][225]LogModuleManager: Shutting down and abandoning module TreeMap (168)
[2015.09.28-14.14.24:971][225]LogModuleManager: Shutting down and abandoning module ReferenceViewer (167)
[2015.09.28-14.14.24:971][225]LogModuleManager: Shutting down and abandoning module LocalizationService (166)
[2015.09.28-14.14.24:971][225]LogModuleManager: Shutting down and abandoning module LocalizationDashboard (165)
[2015.09.28-14.14.24:971][225]LogModuleManager: Shutting down and abandoning module HardwareTargeting (164)
[2015.09.28-14.14.24:971][225]LogModuleManager: Shutting down and abandoning module DeviceProfileEditor (163)
[2015.09.28-14.14.24:971][225]LogModuleManager: Shutting down and abandoning module UndoHistory (162)
[2015.09.28-14.14.24:971][225]LogModuleManager: Shutting down and abandoning module GameplayTagsEditor (161)
[2015.09.28-14.14.24:971][225]LogModuleManager: Shutting down and abandoning module UserFeedback (160)
[2015.09.28-14.14.24:971][225]LogModuleManager: Shutting down and abandoning module XmlParser (159)
[2015.09.28-14.14.24:971][225]LogModuleManager: Shutting down and abandoning module Blutility (158)
[2015.09.28-14.14.24:971][225]LogModuleManager: Shutting down and abandoning module ProjectTargetPlatformEditor (157)
[2015.09.28-14.14.24:972][225]LogModuleManager: Shutting down and abandoning module ProjectSettingsViewer (156)
[2015.09.28-14.14.24:972][225]LogModuleManager: Shutting down and abandoning module InputBindingEditor (155)
[2015.09.28-14.14.24:972][225]LogModuleManager: Shutting down and abandoning module EditorSettingsViewer (154)
[2015.09.28-14.14.24:972][225]LogModuleManager: Shutting down and abandoning module SettingsEditor (153)
[2015.09.28-14.14.24:972][225]LogModuleManager: Shutting down and abandoning module ProjectLauncher (152)
[2015.09.28-14.14.24:972][225]LogModuleManager: Shutting down and abandoning module SessionFrontend (151)
[2015.09.28-14.14.24:972][225]LogModuleManager: Shutting down and abandoning module ProfilerClient (150)
[2015.09.28-14.14.24:972][225]LogModuleManager: Shutting down and abandoning module TargetDeviceServices (149)
[2015.09.28-14.14.24:972][225]LogModuleManager: Shutting down and abandoning module DeviceManager (148)
[2015.09.28-14.14.24:972][225]LogModuleManager: Shutting down and abandoning module AutomationController (147)
[2015.09.28-14.14.24:972][225]LogModuleManager: Shutting down and abandoning module AutomationWindow (146)
[2015.09.28-14.14.24:972][225]LogModuleManager: Shutting down and abandoning module Layers (145)
[2015.09.28-14.14.24:972][225]LogModuleManager: Shutting down and abandoning module ComponentVisualizers (144)
[2015.09.28-14.14.24:972][225]LogModuleManager: Shutting down and abandoning module DetailCustomizations (143)
[2015.09.28-14.14.24:972][225]LogModuleManager: Shutting down and abandoning module PackagesDialog (142)
[2015.09.28-14.14.24:972][225]LogModuleManager: Shutting down and abandoning module Persona (141)
[2015.09.28-14.14.24:972][225]LogModuleManager: Shutting down and abandoning module Kismet (140)
[2015.09.28-14.14.24:972][225]LogModuleManager: Shutting down and abandoning module GraphEditor (139)
[2015.09.28-14.14.24:972][225]LogModuleManager: Shutting down and abandoning module ClassViewer (138)
[2015.09.28-14.14.24:972][225]LogModuleManager: Shutting down and abandoning module Toolbox (137)
[2015.09.28-14.14.24:973][225]LogModuleManager: Shutting down and abandoning module ModuleUI (136)
[2015.09.28-14.14.24:973][225]LogModuleManager: Shutting down and abandoning module MovieSceneTools (135)
[2015.09.28-14.14.24:973][225]LogModuleManager: Shutting down and abandoning module OutputLog (134)
[2015.09.28-14.14.24:973][225]LogModuleManager: Shutting down and abandoning module GammaUI (133)
[2015.09.28-14.14.24:973][225]LogModuleManager: Shutting down and abandoning module Documentation (132)
[2015.09.28-14.14.24:973][225]LogModuleManager: Shutting down and abandoning module GameLiveStreaming (131)
[2015.09.28-14.14.24:973][225]LogModuleManager: Shutting down and abandoning module StreamingPauseRendering (130)
[2015.09.28-14.14.24:973][225]LogModuleManager: Shutting down and abandoning module AnalyticsET (129)
[2015.09.28-14.14.24:973][225]LogModuleManager: Shutting down and abandoning module Analytics (128)
[2015.09.28-14.14.24:973][225]LogModuleManager: Shutting down and abandoning module AITestSuite (127)
[2015.09.28-14.14.24:973][225]LogModuleManager: Shutting down and abandoning module GameplayDebugger (126)
[2015.09.28-14.14.24:973][225]LogModuleManager: Shutting down and abandoning module AIModule (125)
[2015.09.28-14.14.24:973][225]LogModuleManager: Shutting down and abandoning module ProfilerService (124)
[2015.09.28-14.14.25:026][225]LogModuleManager: Shutting down and abandoning module TaskGraph (123)
[2015.09.28-14.14.25:026][225]LogModuleManager: Shutting down and abandoning module SubstanceEditor (122)
[2015.09.28-14.14.25:026][225]LogModuleManager: Shutting down and abandoning module SlateRemote (121)
[2015.09.28-14.14.25:026][225]LogModuleManager: Shutting down and abandoning module SteamVRController (120)
[2015.09.28-14.14.25:026][225]LogModuleManager: Shutting down and abandoning module SteamVR (119)
[2015.09.28-14.14.25:026][225]LogModuleManager: Shutting down and abandoning module ProceduralMeshComponent (118)
[2015.09.28-14.14.25:026][225]LogModuleManager: Shutting down and abandoning module OculusRift (117)
[2015.09.28-14.14.25:026][225]LogModuleManager: Shutting down and abandoning module OculusLibrary (116)
[2015.09.28-14.14.25:026][225]LogModuleManager: Shutting down and abandoning module LeapMotionController (115)
[2015.09.28-14.14.25:048][225]LogModuleManager: Shutting down and abandoning module CustomMeshComponent (114)
[2015.09.28-14.14.25:048][225]LogModuleManager: Shutting down and abandoning module CableComponent (113)
[2015.09.28-14.14.25:048][225]LogModuleManager: Shutting down and abandoning module ArchVisCharacter (112)
[2015.09.28-14.14.25:048][225]LogModuleManager: Shutting down and abandoning module MessagingDebugger (111)
[2015.09.28-14.14.25:049][225]LogModuleManager: Shutting down and abandoning module MediaPlayerEditor (110)
[2015.09.28-14.14.25:049][225]LogModuleManager: Shutting down and abandoning module HTML5Networking (109)
[2015.09.28-14.14.25:049][225]LogModuleManager: Shutting down and abandoning module SpeedTreeImporter (108)
[2015.09.28-14.14.25:049][225]LogModuleManager: Shutting down and abandoning module PluginBrowser (107)
[2015.09.28-14.14.25:049][225]LogModuleManager: Shutting down and abandoning module EpicSurvey (106)
[2015.09.28-14.14.25:049][225]LogModuleManager: Shutting down and abandoning module DesktopPlatform (105)
[2015.09.28-14.14.25:049][225]LogModuleManager: Shutting down and abandoning module VisualStudioSourceCodeAccess (104)
[2015.09.28-14.14.25:049][225]LogModuleManager: Shutting down and abandoning module UObjectPlugin (103)
[2015.09.28-14.14.25:049][225]LogModuleManager: Shutting down and abandoning module SubversionSourceControl (102)
[2015.09.28-14.14.25:049][225]LogModuleManager: Shutting down and abandoning module PerforceSourceControl (101)
[2015.09.28-14.14.25:049][225]LogModuleManager: Shutting down and abandoning module SourceControl (100)
[2015.09.28-14.14.25:049][225]LogModuleManager: Shutting down and abandoning module GitSourceControl (99)
[2015.09.28-14.14.25:049][225]LogModuleManager: Shutting down and abandoning module LightPropagationVolumeEditor (98)
[2015.09.28-14.14.25:049][225]LogModuleManager: Shutting down and abandoning module PaperTiledImporter (97)
[2015.09.28-14.14.25:049][225]LogModuleManager: Shutting down and abandoning module PaperSpriteSheetImporter (96)
[2015.09.28-14.14.25:049][225]LogModuleManager: Shutting down and abandoning module MeshPaint (95)
[2015.09.28-14.14.25:049][225]LogModuleManager: Shutting down and abandoning module SlateReflector (94)
[2015.09.28-14.14.25:049][225]LogModuleManager: Shutting down and abandoning module HotReload (93)
[2015.09.28-14.14.25:049][225]LogModuleManager: Shutting down and abandoning module MainFrame (92)
[2015.09.28-14.14.25:049][225]LogModuleManager: Shutting down and abandoning module LevelEditor (91)
[2015.09.28-14.14.25:050][225]LogModuleManager: Shutting down and abandoning module ContentBrowser (90)
[2015.09.28-14.14.25:051][225]LogModuleManager: Shutting down and abandoning module Paper2DEditor (89)
[2015.09.28-14.14.25:051][225]LogModuleManager: Shutting down and abandoning module UdpMessaging (88)
[2015.09.28-14.14.25:152][225]LogModuleManager: Shutting down and abandoning module DirectoryWatcher (87)
[2015.09.28-14.14.25:152][225]LogModuleManager: Shutting down and abandoning module AssetRegistry (86)
[2015.09.28-14.14.25:266][225]LogModuleManager: Shutting down and abandoning module SubstanceCore (85)
[2015.09.28-14.14.25:266][225]LogModuleManager: Shutting down and abandoning module LightPropagationVolumeRuntime (84)
[2015.09.28-14.14.25:266][225]LogModuleManager: Shutting down and abandoning module Paper2D (83)
[2015.09.28-14.14.25:266][225]LogModuleManager: Shutting down and abandoning module WindowsMoviePlayer (82)
[2015.09.28-14.14.25:269][225]LogModuleManager: Shutting down and abandoning module Media (81)
[2015.09.28-14.14.25:269][225]LogModuleManager: Shutting down and abandoning module WmfMedia (80)
[2015.09.28-14.14.25:269][225]LogModuleManager: Shutting down and abandoning module OnlineBlueprintSupport (79)
[2015.09.28-14.14.25:269][225]LogModuleManager: Shutting down and abandoning module GameplayTasksEditor (78)
[2015.09.28-14.14.25:269][225]LogModuleManager: Shutting down and abandoning module PropertyEditor (77)
[2015.09.28-14.14.25:269][225]LogModuleManager: Shutting down and abandoning module BehaviorTreeEditor (76)
[2015.09.28-14.14.25:269][225]LogModuleManager: Shutting down and abandoning module FunctionalTesting (75)
[2015.09.28-14.14.25:269][225]LogModuleManager: Shutting down and abandoning module CollisionAnalyzer (74)
[2015.09.28-14.14.25:269][225]LogModuleManager: Shutting down and abandoning module WorkspaceMenuStructure (73)
[2015.09.28-14.14.25:269][225]LogModuleManager: Shutting down and abandoning module MessageLog (72)
[2015.09.28-14.14.25:269][225]LogModuleManager: Shutting down and abandoning module Sequencer (71)
[2015.09.28-14.14.25:269][225]LogModuleManager: Shutting down and abandoning module AssetTools (70)
[2015.09.28-14.14.25:269][225]LogModuleManager: Shutting down and abandoning module UMGEditor (69)
[2015.09.28-14.14.25:269][225]LogModuleManager: Shutting down and abandoning module UMG (68)
[2015.09.28-14.14.25:269][225]LogModuleManager: Shutting down and abandoning module Slate (67)
[2015.09.28-14.14.25:269][225]LogModuleManager: Shutting down and abandoning module EditorStyle (66)
[2015.09.28-14.14.25:272][225]LogModuleManager: Shutting down and abandoning module SessionServices (65)
[2015.09.28-14.14.25:272][225]LogModuleManager: Shutting down and abandoning module SourceCodeAccess (64)
[2015.09.28-14.14.25:272][225]LogModuleManager: Shutting down and abandoning module HeadMountedDisplay (63)
[2015.09.28-14.14.25:272][225]LogModuleManager: Shutting down and abandoning module XAudio2 (62)
[2015.09.28-14.14.25:272][225]LogModuleManager: Shutting down and abandoning module Networking (60)
[2015.09.28-14.14.25:272][225]LogModuleManager: Shutting down and abandoning module Core (59)
[2015.09.28-14.14.25:272][225]LogModuleManager: Shutting down and abandoning module KismetCompiler (58)
[2015.09.28-14.14.25:272][225]LogModuleManager: Shutting down and abandoning module PhysXFormats (57)
[2015.09.28-14.14.25:272][225]LogModuleManager: Shutting down and abandoning module MeshUtilities (56)
[2015.09.28-14.14.25:272][225]LogModuleManager: Shutting down and abandoning module CookingStats (55)
[2015.09.28-14.14.25:273][225]LogModuleManager: Shutting down and abandoning module DerivedDataCache (54)
[2015.09.28-14.14.25:298][225]LogDerivedDataCache: Shutdown
[2015.09.28-14.14.25:298][225]LogModuleManager: Shutting down and abandoning module ShaderFormatOpenGL (53)
[2015.09.28-14.14.25:298][225]LogModuleManager: Shutting down and abandoning module ShaderFormatD3D (52)
[2015.09.28-14.14.25:298][225]LogModuleManager: Shutting down and abandoning module MetalShaderFormat (51)
[2015.09.28-14.14.25:298][225]LogModuleManager: Shutting down and abandoning module TextureFormatUncompressed (50)
[2015.09.28-14.14.25:298][225]LogModuleManager: Shutting down and abandoning module TextureFormatPVR (49)
[2015.09.28-14.14.25:298][225]LogModuleManager: Shutting down and abandoning module TextureFormatIntelISPCTexComp (48)
[2015.09.28-14.14.25:298][225]LogModuleManager: Shutting down and abandoning module TextureFormatDXT (47)
[2015.09.28-14.14.25:298][225]LogModuleManager: Shutting down and abandoning module ImageWrapper (46)
[2015.09.28-14.14.25:298][225]LogModuleManager: Shutting down and abandoning module TextureFormatASTC (45)
[2015.09.28-14.14.25:298][225]LogModuleManager: Shutting down and abandoning module TextureFormatAndroid (44)
[2015.09.28-14.14.25:298][225]LogModuleManager: Shutting down and abandoning module AudioFormatOpus (43)
[2015.09.28-14.14.25:298][225]LogModuleManager: Shutting down and abandoning module AudioFormatOgg (42)
[2015.09.28-14.14.25:298][225]LogModuleManager: Shutting down and abandoning module AudioFormatADPCM (41)
[2015.09.28-14.14.25:298][225]LogModuleManager: Shutting down and abandoning module LinuxTargetPlatform (40)
[2015.09.28-14.14.25:298][225]LogModuleManager: Shutting down and abandoning module LinuxServerTargetPlatform (39)
[2015.09.28-14.14.25:298][225]LogModuleManager: Shutting down and abandoning module LinuxNoEditorTargetPlatform (38)
[2015.09.28-14.14.25:298][225]LogModuleManager: Shutting down and abandoning module Messaging (37)
[2015.09.28-14.14.25:298][225]LogModuleManager: Shutting down and abandoning module IOSTargetPlatform (36)
[2015.09.28-14.14.25:298][225]LogModuleManager: Shutting down and abandoning module HTML5TargetPlatform (35)
[2015.09.28-14.14.25:298][225]LogModuleManager: Shutting down and abandoning module Android_PVRTCTargetPlatform (34)
[2015.09.28-14.14.25:298][225]LogModuleManager: Shutting down and abandoning module Android_ETC2TargetPlatform (33)
[2015.09.28-14.14.25:298][225]LogModuleManager: Shutting down and abandoning module Android_ETC1TargetPlatform (32)
[2015.09.28-14.14.25:298][225]LogModuleManager: Shutting down and abandoning module Android_DXTTargetPlatform (31)
[2015.09.28-14.14.25:298][225]LogModuleManager: Shutting down and abandoning module Android_ATCTargetPlatform (30)
[2015.09.28-14.14.25:298][225]LogModuleManager: Shutting down and abandoning module Android_ASTCTargetPlatform (29)
[2015.09.28-14.14.25:298][225]LogModuleManager: Shutting down and abandoning module AndroidTargetPlatform (28)
[2015.09.28-14.14.25:298][225]LogModuleManager: Shutting down and abandoning module WindowsTargetPlatform (27)
[2015.09.28-14.14.25:298][225]LogModuleManager: Shutting down and abandoning module WindowsServerTargetPlatform (26)
[2015.09.28-14.14.25:298][225]LogModuleManager: Shutting down and abandoning module WindowsNoEditorTargetPlatform (25)
[2015.09.28-14.14.25:298][225]LogModuleManager: Shutting down and abandoning module WindowsClientTargetPlatform (24)
[2015.09.28-14.14.25:298][225]LogModuleManager: Shutting down and abandoning module AllDesktopTargetPlatform (23)
[2015.09.28-14.14.25:298][225]LogModuleManager: Shutting down and abandoning module TargetPlatform (22)
[2015.09.28-14.14.25:299][225]LogModuleManager: Shutting down and abandoning module InputCore (21)
[2015.09.28-14.14.25:299][225]LogModuleManager: Shutting down and abandoning module Settings (20)
[2015.09.28-14.14.25:299][225]LogModuleManager: Shutting down and abandoning module OnlineSubsystem (18)
[2015.09.28-14.14.25:299][225]LogModuleManager: Shutting down and abandoning module HTTP (17)
[2015.09.28-14.14.26:300][225]LogModuleManager: Shutting down and abandoning module XMPP (16)
[2015.09.28-14.14.26:300][225]LogModuleManager: Shutting down and abandoning module ExampleDeviceProfileSelector (15)
[2015.09.28-14.14.26:300][225]LogModuleManager: Shutting down and abandoning module TextureCompressor (14)
[2015.09.28-14.14.26:300][225]LogModuleManager: Shutting down and abandoning module ShaderCore (13)
[2015.09.28-14.14.26:300][225]LogModuleManager: Shutting down and abandoning module Landscape (12)
[2015.09.28-14.14.26:300][225]LogModuleManager: Shutting down and abandoning module SlateRHIRenderer (11)
[2015.09.28-14.14.26:302][225]LogModuleManager: Shutting down and abandoning module OpenGLDrv (10)
[2015.09.28-14.14.26:302][225]LogModuleManager: Shutting down and abandoning module D3D11RHI (9)
[2015.09.28-14.14.26:302][225]LogModuleManager: Shutting down and abandoning module AnimGraphRuntime (8)
[2015.09.28-14.14.26:302][225]LogModuleManager: Shutting down and abandoning module Renderer (7)
[2015.09.28-14.14.26:302][225]LogModuleManager: Shutting down and abandoning module Engine (6)
[2015.09.28-14.14.26:302][225]LogModuleManager: Shutting down and abandoning module CoreUObject (5)
[2015.09.28-14.14.26:302][225]LogModuleManager: Shutting down and abandoning module NetworkFile (4)
[2015.09.28-14.14.26:302][225]LogModuleManager: Shutting down and abandoning module StreamingFile (3)
[2015.09.28-14.14.26:302][225]LogModuleManager: Shutting down and abandoning module SandboxFile (2)
[2015.09.28-14.14.26:302][225]LogModuleManager: Shutting down and abandoning module PakFile (1)
[2015.09.28-14.14.26:303][225]LogExit: Exiting.
[2015.09.28-14.14.26:306][225]Log file closed, 09/28/15 10:14:26
