[2015.12.13-17.53.04:160][  0]Log file open, 12/13/15 12:53:04
[2015.12.13-17.53.04:160][  0]LogInit:Display: Running engine for game: SuperSpaceArmada
[2015.12.13-17.53.04:160][  0]LogInit:Display: RandInit(-658125488) SRandInit(-658125488).
[2015.12.13-17.53.04:160][  0]LogTaskGraph: Started task graph with 4 named threads and 7 total threads.
[2015.12.13-17.53.04:160][  0]LogStats: Stats thread started at 0.084430
[2015.12.13-17.53.04:160][  0]LogInit: Version: 4.9.2-2707645+++depot+UE4-Releases+4.9
[2015.12.13-17.53.04:160][  0]LogInit: API Version: 2672455
[2015.12.13-17.53.04:160][  0]LogInit: Compiled (64-bit): Sep 28 2015 10:25:44
[2015.12.13-17.53.04:160][  0]LogInit: Compiled with Visual C++: 18.00.21005.01
[2015.12.13-17.53.04:160][  0]LogInit: Build Configuration: Development
[2015.12.13-17.53.04:160][  0]LogInit: Branch Name: ++depot+UE4-Releases+4.9
[2015.12.13-17.53.04:160][  0]LogInit: Command line:  
[2015.12.13-17.53.04:160][  0]LogInit: Base directory: C:/Program Files/Epic Games/4.9/Engine/Binaries/Win64/
[2015.12.13-17.53.04:160][  0]LogInit: Rocket: 1
[2015.12.13-17.53.04:186][  0]LogInit: Using libcurl 7.41.0
[2015.12.13-17.53.04:186][  0]LogInit:  - built for x86_64-pc-win32
[2015.12.13-17.53.04:186][  0]LogInit:  - supports SSL with WinSSL
[2015.12.13-17.53.04:186][  0]LogInit:  - other features:
[2015.12.13-17.53.04:186][  0]LogInit:      CURL_VERSION_SSL
[2015.12.13-17.53.04:186][  0]LogInit:      CURL_VERSION_IPV6
[2015.12.13-17.53.04:186][  0]LogInit:      CURL_VERSION_ASYNCHDNS
[2015.12.13-17.53.04:186][  0]LogInit:      CURL_VERSION_LARGEFILE
[2015.12.13-17.53.04:186][  0]LogInit:      CURL_VERSION_IDN
[2015.12.13-17.53.04:186][  0]LogInit:  CurlRequestOptions (configurable via config and command line):
[2015.12.13-17.53.04:186][  0]LogInit:  - bVerifyPeer = true  - Libcurl will verify peer certificate
[2015.12.13-17.53.04:186][  0]LogInit:  - bUseHttpProxy = false  - Libcurl will NOT use HTTP proxy
[2015.12.13-17.53.04:186][  0]LogInit:  - bDontReuseConnections = false  - Libcurl will reuse connections
[2015.12.13-17.53.04:186][  0]LogInit:  - CertBundlePath = nullptr  - Libcurl will use whatever was configured at build time.
[2015.12.13-17.53.04:198][  0]LogInit: Presizing for 0 objects not considered by GC, pre-allocating 0 bytes.
[2015.12.13-17.53.04:205][  0]LogInit: Object subsystem initialized
[2015.12.13-17.53.04:207][  0]LogInit: Selected Device Profile: [Windows]
[2015.12.13-17.53.04:207][  0]LogInit: Applying CVar settings loaded from the selected device profile: [Windows]
[2015.12.13-17.53.04:215][  0]LogInit: Computer: EXIA
[2015.12.13-17.53.04:215][  0]LogInit: User: SGJin
[2015.12.13-17.53.04:215][  0]LogInit: CPU Page size=4096, Cores=4
[2015.12.13-17.53.04:215][  0]LogInit: High frequency timer resolution =2.338337 MHz
[2015.12.13-17.53.04:215][  0]LogMemory: Memory total: Physical=7.9GB (8GB approx)
[2015.12.13-17.53.04:215][  0]LogMemory: Platform Memory Stats for Windows
[2015.12.13-17.53.04:215][  0]LogMemory: Process Physical Memory: 56.13 MB used, 56.13 MB peak
[2015.12.13-17.53.04:215][  0]LogMemory: Process Virtual Memory: 58.34 MB used, 58.34 MB peak
[2015.12.13-17.53.04:215][  0]LogMemory: Physical Memory: 4046.60 MB used, 8124.02 MB total
[2015.12.13-17.53.04:215][  0]LogMemory: Virtual Memory: 353.27 MB used, 134217728.00 MB total
[2015.12.13-17.53.04:268][  0]LogTextLocalizationManager: No specific translations for ('en-US') exist, so ('en') translations will be used.
[2015.12.13-17.53.05:039][  0]LogD3D11RHI: Found D3D11 adapter 0: NVIDIA GeForce GT 740M          (Feature Level 11_0)
[2015.12.13-17.53.05:039][  0]LogD3D11RHI: Adapter has 1996MB of dedicated video memory, 0MB of dedicated system memory, and 4062MB of shared system memory, 1 output[s]
[2015.12.13-17.53.05:045][  0]LogD3D11RHI: Found D3D11 adapter 1: Intel(R) HD Graphics 4600 (Feature Level 11_0)
[2015.12.13-17.53.05:045][  0]LogD3D11RHI: Adapter has 112MB of dedicated video memory, 0MB of dedicated system memory, and 4062MB of shared system memory, 0 output[s]
[2015.12.13-17.53.05:047][  0]LogD3D11RHI: Found D3D11 adapter 2: Microsoft Basic Render Driver (Feature Level 11_0)
[2015.12.13-17.53.05:047][  0]LogD3D11RHI: Adapter has 0MB of dedicated video memory, 0MB of dedicated system memory, and 4062MB of shared system memory, 0 output[s]
[2015.12.13-17.53.05:047][  0]LogD3D11RHI: Chosen D3D11 Adapter Id = 0
[2015.12.13-17.53.05:055][  0]LogD3D11RHI: !Direct3DDevice
[2015.12.13-17.53.05:055][  0]LogRHI: Texture pool is 1361 MB (70% of 1945 MB)
[2015.12.13-17.53.05:067][  0]LogD3D11RHI: Async texture creation enabled
[2015.12.13-17.53.05:082][  0]LogShaderCompilers: Guid format shader working directory is 14 characters bigger than the processId version (../../../../../../Users/Jin/Documents/GitHub/Game-Files/SuperSpaceArmada/Intermediate/Shaders/WorkingDirectory/37336/).
[2015.12.13-17.53.05:083][  0]LogShaderCompilers: Cleaned the shader compiler working directory '../../../../../../Users/Jin/Documents/GitHub/Game-Files/SuperSpaceArmada/Intermediate/Shaders/tmp/46BBB7574A80CA5DF8C8EA86868F52A0/'.
[2015.12.13-17.53.05:083][  0]LogShaderCompilers:Display: Using Local Shader Compiler.
[2015.12.13-17.53.06:376][  0]LogTemp:Display: Loaded TP AllDesktopTargetPlatform
[2015.12.13-17.53.06:383][  0]LogTemp:Display: Loaded TP WindowsClientTargetPlatform
[2015.12.13-17.53.06:390][  0]LogTemp:Display: Loaded TP WindowsNoEditorTargetPlatform
[2015.12.13-17.53.06:397][  0]LogTemp:Display: Loaded TP WindowsServerTargetPlatform
[2015.12.13-17.53.06:404][  0]LogTemp:Display: Loaded TP WindowsTargetPlatform
[2015.12.13-17.53.06:409][  0]LogTemp:Display: Loaded TP AndroidTargetPlatform
[2015.12.13-17.53.06:413][  0]LogTemp:Display: Loaded TP Android_ASTCTargetPlatform
[2015.12.13-17.53.06:417][  0]LogTemp:Display: Loaded TP Android_ATCTargetPlatform
[2015.12.13-17.53.06:421][  0]LogTemp:Display: Loaded TP Android_DXTTargetPlatform
[2015.12.13-17.53.06:426][  0]LogTemp:Display: Loaded TP Android_ETC1TargetPlatform
[2015.12.13-17.53.06:430][  0]LogTemp:Display: Loaded TP Android_ETC2TargetPlatform
[2015.12.13-17.53.06:434][  0]LogTemp:Display: Loaded TP Android_PVRTCTargetPlatform
[2015.12.13-17.53.06:435][  0]LogTemp:Display: Loaded TP HTML5TargetPlatform
[2015.12.13-17.53.06:455][  0]LogTemp:Display: Loaded TP IOSTargetPlatform
[2015.12.13-17.53.06:459][  0]LogTemp:Display: Loaded TP LinuxNoEditorTargetPlatform
[2015.12.13-17.53.06:463][  0]LogTemp:Display: Loaded TP LinuxServerTargetPlatform
[2015.12.13-17.53.06:468][  0]LogTemp:Display: Loaded TP LinuxTargetPlatform
[2015.12.13-17.53.06:468][  0]LogTargetPlatformManager:Display: Building Assets For Windows
[2015.12.13-17.53.06:596][  0]LogDerivedDataCache:Display: Max Cache Size: 512 MB
[2015.12.13-17.53.06:750][  0]LogDerivedDataCache: Loaded boot cache 0.15s 41MB C:/Users/Jin/AppData/Local/UnrealEngine/4.9/DerivedDataCache/Boot.ddc.
[2015.12.13-17.53.06:750][  0]LogDerivedDataCache:Display: Loaded Boot cache: C:/Users/Jin/AppData/Local/UnrealEngine/4.9/DerivedDataCache/Boot.ddc
[2015.12.13-17.53.06:750][  0]LogDerivedDataCache: FDerivedDataBackendGraph:  Pak pak cache file ../../../../../../Users/Jin/Documents/GitHub/Game-Files/SuperSpaceArmada/DerivedDataCache/DDC.ddp not found, will not use a pak cache.
[2015.12.13-17.53.06:750][  0]LogDerivedDataCache: Unable to find inner node Pak for hierarchical cache Hierarchy.
[2015.12.13-17.53.06:750][  0]LogDerivedDataCache: FDerivedDataBackendGraph:  CompressedPak pak cache file ../../../../../../Users/Jin/Documents/GitHub/Game-Files/SuperSpaceArmada/DerivedDataCache/Compressed.ddp not found, will not use a pak cache.
[2015.12.13-17.53.06:750][  0]LogDerivedDataCache: Unable to find inner node CompressedPak for hierarchical cache Hierarchy.
[2015.12.13-17.53.06:901][  0]LogDerivedDataCache:Display: Pak cache opened for reading ../../../Engine/DerivedDataCache/Compressed.ddp.
[2015.12.13-17.53.06:913][  0]LogDerivedDataCache: Using Local data cache path C:/Users/Jin/AppData/Local/UnrealEngine/Common/DerivedDataCache: Writable
[2015.12.13-17.53.07:346][  0]LogInit: Selected Device Profile: [Windows]
[2015.12.13-17.53.07:349][  0]LogContentStreaming: Texture pool size is 0.000000MB
[2015.12.13-17.53.07:488][  0]LogMeshUtilities: No automatic mesh reduction module available
[2015.12.13-17.53.07:488][  0]LogMeshUtilities: No automatic mesh merging module available
[2015.12.13-17.53.07:790][  0]LogInit: WinSock: version 1.1 (2.2), MaxSocks=32767, MaxUdp=65467
[2015.12.13-17.53.09:401][  0]LogAssetRegistry: FAssetRegistry took 0.0107 seconds to start up
[2015.12.13-17.53.09:424][  0]UdpMessaging: Initializing bridge on interface 0.0.0.0:0 to multicast group 230.0.0.1:6666.
[2015.12.13-17.53.09:755][  0]SourceControl: Info Source control is disabled
[2015.12.13-17.53.09:756][  0]SourceControl: Info Source control is disabled
[2015.12.13-17.53.09:771][  0]SourceControl: Info Source control is disabled
[2015.12.13-17.53.09:785][  0]SourceControl: Info Source control is disabled
[2015.12.13-17.53.10:036][  0]LogLinker:Warning: Asset '../../../Engine/Plugins/Runtime/LeapMotionController/Content/LM_PassthroughMaterial.uasset' has been saved with empty engine version. The asset will be loaded but may be incompatible.
[2015.12.13-17.53.10:156][  0]LogObj: 28528 objects as part of root set at end of initial load.
[2015.12.13-17.53.10:156][  0]LogUObjectAllocator: 6068456 out of 0 bytes used by permanent object pool.
[2015.12.13-17.53.10:227][  0]LogEngine: Initializing Engine...
[2015.12.13-17.53.10:233][  0]LogHMD: Can't find Oculus library dev build: is proper Runtime installed? Version: 0.7.0.0
[2015.12.13-17.53.10:279][  0]LogHMD: SteamVR failed to initialize.  Err: 110
[2015.12.13-17.53.10:418][  0]LogAIModule: Creating AISystem for world NewWorld
[2015.12.13-17.53.10:427][  0]LogInit: XAudio2 using 'Speakers / HP (IDT High Definition Audio CODEC)' : 2 channels at 48 kHz using 16 bits per sample (channel mask 0x3)
[2015.12.13-17.53.10:455][  0]LogInit: FAudioDevice initialized.
[2015.12.13-17.53.10:476][  0]LogDerivedDataCache: Saved boot cache 0.02s 41MB C:/Users/Jin/AppData/Local/UnrealEngine/4.9/DerivedDataCache/Boot.ddc.
[2015.12.13-17.53.10:479][  0]LogInit: Texture streaming: Enabled
[2015.12.13-17.53.10:487][  0]LogAnalytics: Creating configured Analytics provider AnalyticsET
[2015.12.13-17.53.10:487][  0]LogAnalytics: [UEEditor.Rocket.Release] APIServer = http://et2.epicgames.com/ET2/. AppVersion = 4.9.2-2707645+++depot+UE4-Releases+4.9
[2015.12.13-17.53.10:487][  0]LogAnalytics: [UEEditor.Rocket.Release] SetUserId 435ea4a8489b84c6f4feaab84cbae6c8|e03effeb7bdf4ddc9c712682a578c51b|8a2a019e-36d5-4c55-97e1-833141022920
[2015.12.13-17.53.10:487][  0]LogAnalytics: [UEEditor.Rocket.Release] AnalyticsET::StartSession
[2015.12.13-17.53.10:634][  0]LogInit: Transaction tracking system initialized
[2015.12.13-17.53.10:708][  0]BlueprintLog: New page: Editor Load
[2015.12.13-17.53.10:828][  0]LocalizationService: Info Localization service is disabled
[2015.12.13-17.53.10:942][  0]LogConsoleResponse:Display: 
[2015.12.13-17.53.11:129][  0]LogCook:Display: Done creating registry. It took  0.00s.
[2015.12.13-17.53.11:230][  0]LogFileCache: Scanning file cache for directory 'C:/Users/Jin/Documents/GitHub/Game-Files/SuperSpaceArmada/Content/' took 0.03s
[2015.12.13-17.53.11:230][  0]SourceControl: Info Source control is disabled
[2015.12.13-17.53.11:230][  0]Cmd: MAP LOAD FILE="../../../../../../Users/Jin/Documents/GitHub/Game-Files/SuperSpaceArmada/Content/SSA/Maps/Ship_Selection.umap" TEMPLATE=0 SHOWPROGRESS=1 FEATURELEVEL=3
[2015.12.13-17.53.11:232][  0]LightingResults: New page: Lighting Build
[2015.12.13-17.53.11:238][  0]MapCheck: New page: Map Check
[2015.12.13-17.53.11:238][  0]LightingResults: New page: Lighting Build
[2015.12.13-17.53.11:248][  0]LogParticles: Destroying 0 GPU particle simulations for FXSystem 0x00000042951082C0
[2015.12.13-17.53.11:994][  0]LogLinker:Warning: Asset '../../../../../../Users/Jin/Documents/GitHub/Game-Files/SuperSpaceArmada/Content/Mannequin/Animations/ThirdPerson_AnimBP.uasset' has been saved with empty engine version. The asset will be loaded but may be incompatible.
[2015.12.13-17.53.11:997][  0]LogLinker:Warning: Asset '../../../../../../Users/Jin/Documents/GitHub/Game-Files/SuperSpaceArmada/Content/Mannequin/Animations/ThirdPerson_Jump.uasset' has been saved with empty engine version. The asset will be loaded but may be incompatible.
[2015.12.13-17.53.12:000][  0]LogLinker:Warning: Asset '../../../../../../Users/Jin/Documents/GitHub/Game-Files/SuperSpaceArmada/Content/Mannequin/Animations/ThirdPersonJump_Loop.uasset' has been saved with empty engine version. The asset will be loaded but may be incompatible.
[2015.12.13-17.53.12:002][  0]LogLinker:Warning: Asset '../../../../../../Users/Jin/Documents/GitHub/Game-Files/SuperSpaceArmada/Content/Mannequin/Animations/ThirdPersonJump_Start.uasset' has been saved with empty engine version. The asset will be loaded but may be incompatible.
[2015.12.13-17.53.12:004][  0]LogLinker:Warning: Asset '../../../../../../Users/Jin/Documents/GitHub/Game-Files/SuperSpaceArmada/Content/Mannequin/Animations/ThirdPerson_IdleRun_2D.uasset' has been saved with empty engine version. The asset will be loaded but may be incompatible.
[2015.12.13-17.53.12:004][  0]LogLinker:Warning: Asset '../../../../../../Users/Jin/Documents/GitHub/Game-Files/SuperSpaceArmada/Content/Mannequin/Animations/ThirdPersonIdle.uasset' has been saved with empty engine version. The asset will be loaded but may be incompatible.
[2015.12.13-17.53.12:006][  0]LogLinker:Warning: Asset '../../../../../../Users/Jin/Documents/GitHub/Game-Files/SuperSpaceArmada/Content/Mannequin/Animations/ThirdPersonRun.uasset' has been saved with empty engine version. The asset will be loaded but may be incompatible.
[2015.12.13-17.53.12:008][  0]LogLinker:Warning: Asset '../../../../../../Users/Jin/Documents/GitHub/Game-Files/SuperSpaceArmada/Content/Mannequin/Animations/ThirdPersonWalk.uasset' has been saved with empty engine version. The asset will be loaded but may be incompatible.
[2015.12.13-17.53.20:145][  0]LogAIModule: Creating AISystem for world Ship_Selection
[2015.12.13-17.53.20:153][  0]LogEditorServer: Finished looking for orphan Actors (0.000 secs)
[2015.12.13-17.53.20:153][  0]Cmd: MAP CHECKDEP NOCLEARLOG
[2015.12.13-17.53.20:506][  0]MapCheck: Info Map check complete: 0 Error(s), 0 Warning(s), took 352.653ms to complete.
[2015.12.13-17.53.20:506][  0]LogFileHelpers: Loading map 'Ship_Selection' took 9.276
[2015.12.13-17.53.20:629][  0]LogCollectionManager: Loaded 0 collections in 0.004529 seconds
[2015.12.13-17.53.20:677][  0]LogFileCache: Scanning file cache for directory 'C:/Users/Jin/Documents/GitHub/Game-Files/SuperSpaceArmada/Saved/Collections/' took 0.01s
[2015.12.13-17.53.20:677][  0]LogFileCache: Scanning file cache for directory 'C:/Users/Jin/Documents/GitHub/Game-Files/SuperSpaceArmada/Content/Developers/SGJin/Collections/' took 0.01s
[2015.12.13-17.53.20:677][  0]LogFileCache: Scanning file cache for directory 'C:/Users/Jin/Documents/GitHub/Game-Files/SuperSpaceArmada/Content/Collections/' took 0.01s
[2015.12.13-17.53.20:677][  0]LogContentBrowser: Native class hierarchy populated in 0.0129 seconds. Added 1882 classes and 339 folders.
[2015.12.13-17.53.20:684][  0]LogCollectionManager: Rebuilt the GUID cache for 0 collections in 0.000003 seconds
[2015.12.13-17.53.20:692][  0]LogContentBrowser: Native class hierarchy updated for 'WidgetCarousel' in 0.0004 seconds. Added 0 classes and 0 folders.
[2015.12.13-17.53.20:806][  0]LogContentBrowser: Native class hierarchy updated for 'AddContentDialog' in 0.0004 seconds. Added 0 classes and 0 folders.
[2015.12.13-17.53.20:812][  0]LogContentBrowser: Native class hierarchy updated for 'SceneOutliner' in 0.0005 seconds. Added 1 classes and 2 folders.
[2015.12.13-17.53.20:988][  0]LogCrashTracker: Crashtracker disabled due to settings.
[2015.12.13-17.53.20:994][  0]LogUObjectGlobals:Warning: Failed to find object 'Class None.'
[2015.12.13-17.53.21:017][  0]LogLoad: Full Startup: 17.48 seconds (BP compile: 3.18 seconds)
[2015.12.13-17.53.21:357][  0]LoadErrors:Error: Error /Game/SSA/Blueprints/Player : Failed import for Player_C /Game/SSA/Blueprints/Player/Player.Default__Player_C
[2015.12.13-17.53.21:463][  0]LogContentStreaming: Texture pool size now 1000 MB
[2015.12.13-17.53.21:702][  0]LogRenderer: Reallocating scene render targets to support 1156x564 (Frame:2).
[2015.12.13-17.53.25:066][ 36]LogAssetRegistry: Asset discovery search completed in 15.6755 seconds
[2015.12.13-17.53.25:067][ 36]LogCollectionManager: Rebuilt the object cache for 0 collections in 0.000001 seconds (found 0 objects)
[2015.12.13-17.53.25:067][ 36]LogCollectionManager: Fixed up redirectors for 0 collections in 0.000035 seconds (updated 0 objects)
[2015.12.13-17.53.30:309][180]LogLinker:Warning: Asset '../../../Engine/Content/ArtTools/RenderToTexture/Macros/RenderToTextureMacros.uasset' has been saved with empty engine version. The asset will be loaded but may be incompatible.
[2015.12.13-17.53.30:912][180]LogContentBrowser: Native class hierarchy updated for 'BlueprintGraph' in 0.0008 seconds. Added 107 classes and 0 folders.
[2015.12.13-17.53.53:519][810]PIE:Warning: Warning Invalid Simulate Options: Body (Player_Kratakos_C_0.CharacterMesh0 kratakos_lowpoly_bones_02) is set to simulate physics but Collision Enabled is incompatible
[2015.12.13-17.53.53:519][810]PIE:Warning: Warning Invalid Simulate Options: Body (Player_Kratakos_C_0.CharacterMesh0 kratakos_lowpoly_bones_02) is set to simulate physics but Collision Enabled is incompatible
[2015.12.13-17.53.53:522][810]PIE:Warning: Warning Invalid Simulate Options: Body (Player_Kratakos_C_0.CharacterMesh0 kratakos_lowpoly_bones_02) is set to simulate physics but Collision Enabled is incompatible
[2015.12.13-17.53.53:522][810]PIE:Warning: Warning Invalid Simulate Options: Body (Player_Kratakos_C_0.CharacterMesh0 kratakos_lowpoly_bones_02) is set to simulate physics but Collision Enabled is incompatible
[2015.12.13-17.53.53:525][810]LogActorComponent: UnregisterComponent: (/Engine/Transient.CharMoveComp) Not registered. Aborting.
[2015.12.13-17.53.53:525][810]LogActorComponent: UnregisterComponent: (/Engine/Transient.CharacterMovementComponent_0) Not registered. Aborting.
[2015.12.13-17.53.53:525][810]LogActorComponent: UnregisterComponent: (/Engine/Transient.CharacterMovementComponent_1) Not registered. Aborting.
[2015.12.13-17.53.53:525][810]LogActorComponent: UnregisterComponent: (/Engine/Transient.CharacterMovementComponent_2) Not registered. Aborting.
[2015.12.13-17.53.53:525][810]LogActorComponent: UnregisterComponent: (/Engine/Transient.CharacterMovementComponent_3) Not registered. Aborting.
[2015.12.13-17.53.53:525][810]LogActorComponent: UnregisterComponent: (/Engine/Transient.CharacterMovementComponent_4) Not registered. Aborting.
[2015.12.13-17.53.53:525][810]LogActorComponent: UnregisterComponent: (/Engine/Transient.CharacterMovementComponent_5) Not registered. Aborting.
[2015.12.13-17.53.53:525][810]LogActorComponent: UnregisterComponent: (/Engine/Transient.CharacterMovementComponent_6) Not registered. Aborting.
[2015.12.13-17.53.53:526][810]LogActorComponent: UnregisterComponent: (/Engine/Transient.CharacterMovementComponent_7) Not registered. Aborting.
[2015.12.13-17.53.53:526][810]LogActorComponent: UnregisterComponent: (/Engine/Transient.CharacterMovementComponent_8) Not registered. Aborting.
[2015.12.13-17.53.53:527][810]LogActorComponent: UnregisterComponent: (/Engine/Transient.CharacterMovementComponent_9) Not registered. Aborting.
[2015.12.13-17.53.53:527][810]LogActorComponent: UnregisterComponent: (/Engine/Transient.CharacterMovementComponent_10) Not registered. Aborting.
[2015.12.13-17.53.53:527][810]LogActorComponent: UnregisterComponent: (/Engine/Transient.ProjectileMovement_GEN_VARIABLE) Not registered. Aborting.
[2015.12.13-17.53.53:527][810]LogActorComponent: UnregisterComponent: (/Engine/Transient.ProjectileMovementComponent_0) Not registered. Aborting.
[2015.12.13-17.53.53:528][810]LogActorComponent: UnregisterComponent: (/Engine/Transient.ProjectileMovementComponent_1) Not registered. Aborting.
[2015.12.13-17.53.53:528][810]LogActorComponent: UnregisterComponent: (/Engine/Transient.ProjectileMovementComponent_2) Not registered. Aborting.
[2015.12.13-17.53.56:379][970]PIE:Warning: Warning Invalid Simulate Options: Body (Player_Kratakos_C_0.CharacterMesh0 kratakos_lowpoly_bones_02) is set to simulate physics but Collision Enabled is incompatible
[2015.12.13-17.53.56:379][970]PIE:Warning: Warning Invalid Simulate Options: Body (Player_Kratakos_C_0.CharacterMesh0 kratakos_lowpoly_bones_02) is set to simulate physics but Collision Enabled is incompatible
[2015.12.13-17.53.56:381][970]PIE:Warning: Warning Invalid Simulate Options: Body (Player_Kratakos_C_0.CharacterMesh0 kratakos_lowpoly_bones_02) is set to simulate physics but Collision Enabled is incompatible
[2015.12.13-17.53.56:382][970]PIE:Warning: Warning Invalid Simulate Options: Body (Player_Kratakos_C_0.CharacterMesh0 kratakos_lowpoly_bones_02) is set to simulate physics but Collision Enabled is incompatible
[2015.12.13-17.53.56:383][970]LogActorComponent: UnregisterComponent: (/Engine/Transient.CharacterMovementComponent_11) Not registered. Aborting.
[2015.12.13-17.54.04:833][475]PIE:Warning: Warning Invalid Simulate Options: Body (Player_Kratakos_C_0.CharacterMesh0 kratakos_lowpoly_bones_02) is set to simulate physics but Collision Enabled is incompatible
[2015.12.13-17.54.04:834][475]PIE:Warning: Warning Invalid Simulate Options: Body (Player_Kratakos_C_0.CharacterMesh0 kratakos_lowpoly_bones_02) is set to simulate physics but Collision Enabled is incompatible
[2015.12.13-17.54.04:838][475]PIE:Warning: Warning Invalid Simulate Options: Body (Player_Kratakos_C_0.CharacterMesh0 kratakos_lowpoly_bones_02) is set to simulate physics but Collision Enabled is incompatible
[2015.12.13-17.54.04:838][475]PIE:Warning: Warning Invalid Simulate Options: Body (Player_Kratakos_C_0.CharacterMesh0 kratakos_lowpoly_bones_02) is set to simulate physics but Collision Enabled is incompatible
[2015.12.13-17.54.04:840][475]LogActorComponent: UnregisterComponent: (/Engine/Transient.CharacterMovementComponent_12) Not registered. Aborting.
[2015.12.13-17.54.05:404][507]PIE:Warning: Warning Invalid Simulate Options: Body (Player_Kratakos_C_0.CharacterMesh0 kratakos_lowpoly_bones_02) is set to simulate physics but Collision Enabled is incompatible
[2015.12.13-17.54.05:405][507]PIE:Warning: Warning Invalid Simulate Options: Body (Player_Kratakos_C_0.CharacterMesh0 kratakos_lowpoly_bones_02) is set to simulate physics but Collision Enabled is incompatible
[2015.12.13-17.54.05:406][507]PIE:Warning: Warning Invalid Simulate Options: Body (Player_Kratakos_C_0.CharacterMesh0 kratakos_lowpoly_bones_02) is set to simulate physics but Collision Enabled is incompatible
[2015.12.13-17.54.05:406][507]PIE:Warning: Warning Invalid Simulate Options: Body (Player_Kratakos_C_0.CharacterMesh0 kratakos_lowpoly_bones_02) is set to simulate physics but Collision Enabled is incompatible
[2015.12.13-17.54.05:408][507]LogActorComponent: UnregisterComponent: (/Engine/Transient.CharacterMovementComponent_13) Not registered. Aborting.
[2015.12.13-17.54.22:101][489]LogSavePackage: Save=152.901825ms
[2015.12.13-17.54.22:101][489]LogSavePackage: Moving '../../../../../../Users/Jin/Documents/GitHub/Game-Files/SuperSpaceArmada/Saved/Player_KratakosE3C85CC646E0DD6E329D88BA63A87826.tmp' to '../../../../../../Users/Jin/Documents/GitHub/Game-Files/SuperSpaceArmada/Content/SSA/Blueprints/Player_Ships/Player_Kratakos.uasset'
[2015.12.13-17.54.22:104][489]LogSavePackage: Total save time: 192.841750ms
[2015.12.13-17.54.22:104][489]LogSavePackage:Warning: Finished SavePackage ../../../../../../Users/Jin/Documents/GitHub/Game-Files/SuperSpaceArmada/Content/SSA/Blueprints/Player_Ships/Player_Kratakos.uasset
[2015.12.13-17.54.22:953][536]LogBlueprintUserMessages: Early PlayInEditor Detection: Level '/Game/SSA/Maps/Ship_Selection.Ship_Selection:PersistentLevel' has LevelScriptBlueprint '/Game/SSA/Maps/Ship_Selection.Ship_Selection:PersistentLevel.Ship_Selection' with GeneratedClass '/Game/SSA/Maps/Ship_Selection.Ship_Selection_C' with ClassGeneratedBy '/Game/SSA/Maps/Ship_Selection.Ship_Selection:PersistentLevel.Ship_Selection'
[2015.12.13-17.54.22:954][536]BlueprintLog: New page: Pre-Play auto-recompile
[2015.12.13-17.54.22:955][536]PIE:Warning: Warning Invalid Simulate Options: Body (Player_Kratakos_C_0.CharacterMesh0 kratakos_lowpoly_bones_02) is set to simulate physics but Collision Enabled is incompatible
[2015.12.13-17.54.22:955][536]PIE:Warning: Warning Invalid Simulate Options: Body (Player_Kratakos_C_0.CharacterMesh0 kratakos_lowpoly_bones_02) is set to simulate physics but Collision Enabled is incompatible
[2015.12.13-17.54.22:957][536]LogActorComponent: UnregisterComponent: (/Engine/Transient.CharacterMovementComponent_14) Not registered. Aborting.
[2015.12.13-17.54.22:969][536]LogPlayLevel: [PlayLevel] Compiling Player_Kratakos before play...
[2015.12.13-17.54.23:398][536]PIE:Warning: Warning Invalid Simulate Options: Body (Player_Kratakos_C_1.CharacterMesh0 kratakos_lowpoly_bones_02) is set to simulate physics but Collision Enabled is incompatible
[2015.12.13-17.54.23:399][536]PIE:Warning: Warning Invalid Simulate Options: Body (Player_Kratakos_C_1.CharacterMesh0 kratakos_lowpoly_bones_02) is set to simulate physics but Collision Enabled is incompatible
[2015.12.13-17.54.23:402][536]PIE:Warning: Warning Invalid Simulate Options: Body (Player_Kratakos_C_1.CharacterMesh0 kratakos_lowpoly_bones_02) is set to simulate physics but Collision Enabled is incompatible
[2015.12.13-17.54.23:402][536]PIE:Warning: Warning Invalid Simulate Options: Body (Player_Kratakos_C_1.CharacterMesh0 kratakos_lowpoly_bones_02) is set to simulate physics but Collision Enabled is incompatible
[2015.12.13-17.54.23:557][536]PIE:Warning: Warning Invalid Simulate Options: Body (Player_Kratakos_C_1.CharacterMesh0 kratakos_lowpoly_bones_02) is set to simulate physics but Collision Enabled is incompatible
[2015.12.13-17.54.23:557][536]PIE:Warning: Warning Invalid Simulate Options: Body (Player_Kratakos_C_1.CharacterMesh0 kratakos_lowpoly_bones_02) is set to simulate physics but Collision Enabled is incompatible
[2015.12.13-17.54.23:585][536]PIE:Warning: Warning Invalid Simulate Options: Body (Player_Kratakos_C_1.CharacterMesh0 kratakos_lowpoly_bones_02) is set to simulate physics but Collision Enabled is incompatible
[2015.12.13-17.54.23:586][536]PIE:Warning: Warning Invalid Simulate Options: Body (Player_Kratakos_C_1.CharacterMesh0 kratakos_lowpoly_bones_02) is set to simulate physics but Collision Enabled is incompatible
[2015.12.13-17.54.23:594][536]LogPlayLevel: PlayLevel: Blueprint regeneration took 639 ms (3 blueprints)
[2015.12.13-17.54.23:597][536]LogPlayLevel: [PlayLevel] Compiling SSAGameInstance before play...
[2015.12.13-17.54.23:820][536]PIE:Warning: Warning Invalid Simulate Options: Body (Player_Kratakos_C_1.CharacterMesh0 kratakos_lowpoly_bones_02) is set to simulate physics but Collision Enabled is incompatible
[2015.12.13-17.54.23:820][536]PIE:Warning: Warning Invalid Simulate Options: Body (Player_Kratakos_C_1.CharacterMesh0 kratakos_lowpoly_bones_02) is set to simulate physics but Collision Enabled is incompatible
[2015.12.13-17.54.23:839][536]LogPlayLevel: PlayLevel: Blueprint regeneration took 885 ms (27 blueprints)
[2015.12.13-17.54.23:843][536]LogPlayLevel: [PlayLevel] Compiling Player before play...
[2015.12.13-17.54.24:320][536]LogParticles: Destroying 0 GPU particle simulations for FXSystem 0x0000004281D51F80
[2015.12.13-17.54.25:766][536]PIE:Warning: Warning Invalid Simulate Options: Body (Player_Kratakos_C_2.CharacterMesh0 kratakos_lowpoly_bones_02) is set to simulate physics but Collision Enabled is incompatible
[2015.12.13-17.54.25:766][536]PIE:Warning: Warning Invalid Simulate Options: Body (Player_Kratakos_C_2.CharacterMesh0 kratakos_lowpoly_bones_02) is set to simulate physics but Collision Enabled is incompatible
[2015.12.13-17.54.25:767][536]PIE:Warning: Warning Invalid Simulate Options: Body (Player_Kratakos_C_2.CharacterMesh0 kratakos_lowpoly_bones_02) is set to simulate physics but Collision Enabled is incompatible
[2015.12.13-17.54.25:767][536]PIE:Warning: Warning Invalid Simulate Options: Body (Player_Kratakos_C_2.CharacterMesh0 kratakos_lowpoly_bones_02) is set to simulate physics but Collision Enabled is incompatible
[2015.12.13-17.54.26:252][536]PIE:Warning: Warning Invalid Simulate Options: Body (Player_Kratakos_C_2.CharacterMesh0 kratakos_lowpoly_bones_02) is set to simulate physics but Collision Enabled is incompatible
[2015.12.13-17.54.26:253][536]PIE:Warning: Warning Invalid Simulate Options: Body (Player_Kratakos_C_2.CharacterMesh0 kratakos_lowpoly_bones_02) is set to simulate physics but Collision Enabled is incompatible
[2015.12.13-17.54.26:271][536]LogPlayLevel: PlayLevel: Blueprint regeneration took 3316 ms (37 blueprints)
[2015.12.13-17.54.26:271][536]LogPlayLevel: [PlayLevel] Compiling Arena_Boundary before play...
[2015.12.13-17.54.26:347][536]LogPlayLevel: PlayLevel: Blueprint regeneration took 3392 ms (37 blueprints)
[2015.12.13-17.54.26:348][536]LogPlayLevel: [PlayLevel] Compiling Enemy_Cephalon before play...
[2015.12.13-17.54.26:697][536]PIE:Warning: Warning Invalid Simulate Options: Body (Player_Kratakos_C_2.CharacterMesh0 kratakos_lowpoly_bones_02) is set to simulate physics but Collision Enabled is incompatible
[2015.12.13-17.54.26:697][536]PIE:Warning: Warning Invalid Simulate Options: Body (Player_Kratakos_C_2.CharacterMesh0 kratakos_lowpoly_bones_02) is set to simulate physics but Collision Enabled is incompatible
[2015.12.13-17.54.26:708][536]LogPlayLevel: PlayLevel: Blueprint regeneration took 3754 ms (37 blueprints)
[2015.12.13-17.54.26:709][536]LogPlayLevel: [PlayLevel] Compiling Enemy_Human before play...
[2015.12.13-17.54.27:306][536]PIE:Warning: Warning Invalid Simulate Options: Body (Player_Kratakos_C_2.CharacterMesh0 kratakos_lowpoly_bones_02) is set to simulate physics but Collision Enabled is incompatible
[2015.12.13-17.54.27:307][536]PIE:Warning: Warning Invalid Simulate Options: Body (Player_Kratakos_C_2.CharacterMesh0 kratakos_lowpoly_bones_02) is set to simulate physics but Collision Enabled is incompatible
[2015.12.13-17.54.27:317][536]LogPlayLevel: PlayLevel: Blueprint regeneration took 4363 ms (37 blueprints)
[2015.12.13-17.54.27:318][536]LogPlayLevel: [PlayLevel] Compiling Enemy_Dragomir before play...
[2015.12.13-17.54.27:646][536]PIE:Warning: Warning Invalid Simulate Options: Body (Player_Kratakos_C_2.CharacterMesh0 kratakos_lowpoly_bones_02) is set to simulate physics but Collision Enabled is incompatible
[2015.12.13-17.54.27:646][536]PIE:Warning: Warning Invalid Simulate Options: Body (Player_Kratakos_C_2.CharacterMesh0 kratakos_lowpoly_bones_02) is set to simulate physics but Collision Enabled is incompatible
[2015.12.13-17.54.27:656][536]LogPlayLevel: PlayLevel: Blueprint regeneration took 4702 ms (37 blueprints)
[2015.12.13-17.54.27:657][536]LogPlayLevel: [PlayLevel] Compiling Enemy_FireBreath before play...
[2015.12.13-17.54.27:762][536]LogPlayLevel: PlayLevel: Blueprint regeneration took 4808 ms (37 blueprints)
[2015.12.13-17.54.27:763][536]LogPlayLevel: [PlayLevel] Compiling Enemy_Hive_Drones before play...
[2015.12.13-17.54.27:886][536]LogPlayLevel: PlayLevel: Blueprint regeneration took 4931 ms (37 blueprints)
[2015.12.13-17.54.27:887][536]LogPlayLevel: [PlayLevel] Compiling Enemy_Kratakos before play...
[2015.12.13-17.54.28:269][536]PIE:Warning: Warning Invalid Simulate Options: Body (Player_Kratakos_C_2.CharacterMesh0 kratakos_lowpoly_bones_02) is set to simulate physics but Collision Enabled is incompatible
[2015.12.13-17.54.28:270][536]PIE:Warning: Warning Invalid Simulate Options: Body (Player_Kratakos_C_2.CharacterMesh0 kratakos_lowpoly_bones_02) is set to simulate physics but Collision Enabled is incompatible
[2015.12.13-17.54.28:279][536]LogPlayLevel: PlayLevel: Blueprint regeneration took 5325 ms (37 blueprints)
[2015.12.13-17.54.28:280][536]LogPlayLevel: [PlayLevel] Compiling Enemy_Hive before play...
[2015.12.13-17.54.28:678][536]PIE:Warning: Warning Invalid Simulate Options: Body (Player_Kratakos_C_2.CharacterMesh0 kratakos_lowpoly_bones_02) is set to simulate physics but Collision Enabled is incompatible
[2015.12.13-17.54.28:678][536]PIE:Warning: Warning Invalid Simulate Options: Body (Player_Kratakos_C_2.CharacterMesh0 kratakos_lowpoly_bones_02) is set to simulate physics but Collision Enabled is incompatible
[2015.12.13-17.54.28:688][536]LogPlayLevel: PlayLevel: Blueprint regeneration took 5734 ms (37 blueprints)
[2015.12.13-17.54.28:689][536]LogPlayLevel: [PlayLevel] Compiling Human_Torpedo before play...
[2015.12.13-17.54.28:823][536]LogPlayLevel: PlayLevel: Blueprint regeneration took 5868 ms (37 blueprints)
[2015.12.13-17.54.28:825][536]LogPlayLevel: [PlayLevel] Compiling Enemy_Vultari before play...
[2015.12.13-17.54.29:194][536]PIE:Warning: Warning Invalid Simulate Options: Body (Player_Kratakos_C_2.CharacterMesh0 kratakos_lowpoly_bones_02) is set to simulate physics but Collision Enabled is incompatible
[2015.12.13-17.54.29:194][536]PIE:Warning: Warning Invalid Simulate Options: Body (Player_Kratakos_C_2.CharacterMesh0 kratakos_lowpoly_bones_02) is set to simulate physics but Collision Enabled is incompatible
[2015.12.13-17.54.29:206][536]LogPlayLevel: PlayLevel: Blueprint regeneration took 6252 ms (37 blueprints)
[2015.12.13-17.54.29:207][536]LogPlayLevel: [PlayLevel] Compiling Player_Cephalon before play...
[2015.12.13-17.54.29:466][536]PIE:Warning: Warning Invalid Simulate Options: Body (Player_Kratakos_C_2.CharacterMesh0 kratakos_lowpoly_bones_02) is set to simulate physics but Collision Enabled is incompatible
[2015.12.13-17.54.29:467][536]PIE:Warning: Warning Invalid Simulate Options: Body (Player_Kratakos_C_2.CharacterMesh0 kratakos_lowpoly_bones_02) is set to simulate physics but Collision Enabled is incompatible
[2015.12.13-17.54.29:483][536]LogPlayLevel: PlayLevel: Blueprint regeneration took 6529 ms (37 blueprints)
[2015.12.13-17.54.29:484][536]LogPlayLevel: [PlayLevel] Compiling Enemy_Human_Torpedo before play...
[2015.12.13-17.54.29:622][536]LogPlayLevel: PlayLevel: Blueprint regeneration took 6668 ms (37 blueprints)
[2015.12.13-17.54.29:623][536]LogPlayLevel: [PlayLevel] Compiling Player_Dragomir before play...
[2015.12.13-17.54.29:864][536]PIE:Warning: Warning Invalid Simulate Options: Body (Player_Kratakos_C_2.CharacterMesh0 kratakos_lowpoly_bones_02) is set to simulate physics but Collision Enabled is incompatible
[2015.12.13-17.54.29:864][536]PIE:Warning: Warning Invalid Simulate Options: Body (Player_Kratakos_C_2.CharacterMesh0 kratakos_lowpoly_bones_02) is set to simulate physics but Collision Enabled is incompatible
[2015.12.13-17.54.29:884][536]LogPlayLevel: PlayLevel: Blueprint regeneration took 6930 ms (37 blueprints)
[2015.12.13-17.54.29:886][536]LogPlayLevel: [PlayLevel] Compiling Kratakos_Rail_Gun before play...
[2015.12.13-17.54.30:021][536]PIE:Warning: Warning Invalid Simulate Options: Body (Player_Kratakos_C_2.CharacterMesh0 kratakos_lowpoly_bones_02) is set to simulate physics but Collision Enabled is incompatible
[2015.12.13-17.54.30:021][536]PIE:Warning: Warning Invalid Simulate Options: Body (Player_Kratakos_C_2.CharacterMesh0 kratakos_lowpoly_bones_02) is set to simulate physics but Collision Enabled is incompatible
[2015.12.13-17.54.30:027][536]LogPlayLevel: PlayLevel: Blueprint regeneration took 7073 ms (37 blueprints)
[2015.12.13-17.54.30:028][536]LogPlayLevel: [PlayLevel] Compiling Hive_Drones before play...
[2015.12.13-17.54.30:175][536]LogPlayLevel: PlayLevel: Blueprint regeneration took 7221 ms (37 blueprints)
[2015.12.13-17.54.30:176][536]LogPlayLevel: [PlayLevel] Compiling Player_Hive before play...
[2015.12.13-17.54.30:420][536]PIE:Warning: Warning Invalid Simulate Options: Body (Player_Kratakos_C_2.CharacterMesh0 kratakos_lowpoly_bones_02) is set to simulate physics but Collision Enabled is incompatible
[2015.12.13-17.54.30:420][536]PIE:Warning: Warning Invalid Simulate Options: Body (Player_Kratakos_C_2.CharacterMesh0 kratakos_lowpoly_bones_02) is set to simulate physics but Collision Enabled is incompatible
[2015.12.13-17.54.30:437][536]LogPlayLevel: PlayLevel: Blueprint regeneration took 7482 ms (37 blueprints)
[2015.12.13-17.54.30:438][536]LogPlayLevel: [PlayLevel] Compiling Player_Human before play...
[2015.12.13-17.54.30:859][536]PIE:Warning: Warning Invalid Simulate Options: Body (Player_Kratakos_C_2.CharacterMesh0 kratakos_lowpoly_bones_02) is set to simulate physics but Collision Enabled is incompatible
[2015.12.13-17.54.30:859][536]PIE:Warning: Warning Invalid Simulate Options: Body (Player_Kratakos_C_2.CharacterMesh0 kratakos_lowpoly_bones_02) is set to simulate physics but Collision Enabled is incompatible
[2015.12.13-17.54.30:882][536]LogPlayLevel: PlayLevel: Blueprint regeneration took 7928 ms (37 blueprints)
[2015.12.13-17.54.30:883][536]LogPlayLevel: [PlayLevel] Compiling Vultaari_machine before play...
[2015.12.13-17.54.31:008][536]LogPlayLevel: PlayLevel: Blueprint regeneration took 8054 ms (37 blueprints)
[2015.12.13-17.54.31:009][536]LogPlayLevel: [PlayLevel] Compiling Player_Vultaari before play...
[2015.12.13-17.54.31:270][536]PIE:Warning: Warning Invalid Simulate Options: Body (Player_Kratakos_C_2.CharacterMesh0 kratakos_lowpoly_bones_02) is set to simulate physics but Collision Enabled is incompatible
[2015.12.13-17.54.31:270][536]PIE:Warning: Warning Invalid Simulate Options: Body (Player_Kratakos_C_2.CharacterMesh0 kratakos_lowpoly_bones_02) is set to simulate physics but Collision Enabled is incompatible
[2015.12.13-17.54.31:288][536]LogPlayLevel: PlayLevel: Blueprint regeneration took 8334 ms (37 blueprints)
[2015.12.13-17.54.31:289][536]LogPlayLevel: [PlayLevel] Compiling HUD before play...
[2015.12.13-17.54.31:520][536]LogPlayLevel: PlayLevel: Blueprint regeneration took 8566 ms (37 blueprints)
[2015.12.13-17.54.31:521][536]LogPlayLevel: [PlayLevel] Compiling PauseMenu before play...
[2015.12.13-17.54.31:654][536]LogPlayLevel: PlayLevel: Blueprint regeneration took 8699 ms (37 blueprints)
[2015.12.13-17.54.31:656][536]LogPlayLevel: [PlayLevel] Compiling MainMenu before play...
[2015.12.13-17.54.31:859][536]LogPlayLevel: PlayLevel: Blueprint regeneration took 8904 ms (38 blueprints)
[2015.12.13-17.54.31:861][536]LogPlayLevel: [PlayLevel] Compiling ProfileSelector before play...
[2015.12.13-17.54.32:099][536]LogPlayLevel: PlayLevel: Blueprint regeneration took 9144 ms (38 blueprints)
[2015.12.13-17.54.32:103][536]LogPlayLevel: [PlayLevel] Compiling Ship_Selection before play...
[2015.12.13-17.54.32:398][536]LogPlayLevel: PlayLevel: Blueprint regeneration took 9443 ms (39 blueprints)
[2015.12.13-17.54.32:399][536]LogPlayLevel: [PlayLevel] Compiling Debris before play...
[2015.12.13-17.54.32:570][536]LogPlayLevel: PlayLevel: Blueprint regeneration took 9616 ms (39 blueprints)
[2015.12.13-17.54.32:571][536]LogPlayLevel: [PlayLevel] Compiling Player_FireBreath before play...
[2015.12.13-17.54.32:716][536]LogPlayLevel: PlayLevel: Blueprint regeneration took 9762 ms (39 blueprints)
[2015.12.13-17.54.32:716][536]LogPlayLevel: [PlayLevel] Compiling AI_Ram_Trigger before play...
[2015.12.13-17.54.32:858][536]LogPlayLevel: PlayLevel: Blueprint regeneration took 9904 ms (39 blueprints)
[2015.12.13-17.54.32:859][536]LogPlayLevel: [PlayLevel] Compiling Hive_SelfDestruct before play...
[2015.12.13-17.54.32:987][536]LogPlayLevel: PlayLevel: Blueprint regeneration took 10033 ms (39 blueprints)
[2015.12.13-17.54.32:988][536]LogPlayLevel: [PlayLevel] Compiling Enemy_Vultaari_machine before play...
[2015.12.13-17.54.33:122][536]LogPlayLevel: PlayLevel: Blueprint regeneration took 10167 ms (39 blueprints)
[2015.12.13-17.54.33:123][536]LogPlayLevel: [PlayLevel] Compiling Player_PowerWave_Trigger before play...
[2015.12.13-17.54.33:267][536]LogPlayLevel: PlayLevel: Blueprint regeneration took 10312 ms (39 blueprints)
[2015.12.13-17.54.33:268][536]LogPlayLevel: [PlayLevel] Compiling Enemy_PowerWave_Trigger before play...
[2015.12.13-17.54.33:426][536]LogPlayLevel: PlayLevel: Blueprint regeneration took 10471 ms (39 blueprints)
[2015.12.13-17.54.33:427][536]LogPlayLevel: [PlayLevel] Compiling Player_Mine before play...
[2015.12.13-17.54.33:576][536]LogPlayLevel: PlayLevel: Blueprint regeneration took 10621 ms (39 blueprints)
[2015.12.13-17.54.33:577][536]LogPlayLevel: [PlayLevel] Compiling Player_Phaser_Trigger before play...
[2015.12.13-17.54.33:749][536]LogPlayLevel: PlayLevel: Blueprint regeneration took 10794 ms (39 blueprints)
[2015.12.13-17.54.33:749][536]LogPlayLevel: [PlayLevel] Compiling Player_Ram_Trigger before play...
[2015.12.13-17.54.33:882][536]PIE:Warning: Warning Invalid Simulate Options: Body (Player_Kratakos_C_2.CharacterMesh0 kratakos_lowpoly_bones_02) is set to simulate physics but Collision Enabled is incompatible
[2015.12.13-17.54.33:882][536]PIE:Warning: Warning Invalid Simulate Options: Body (Player_Kratakos_C_2.CharacterMesh0 kratakos_lowpoly_bones_02) is set to simulate physics but Collision Enabled is incompatible
[2015.12.13-17.54.33:888][536]LogPlayLevel: PlayLevel: Blueprint regeneration took 10934 ms (39 blueprints)
[2015.12.13-17.54.33:889][536]LogPlayLevel: [PlayLevel] Compiling Controls before play...
[2015.12.13-17.54.34:022][536]LogPlayLevel: PlayLevel: Blueprint regeneration took 11068 ms (39 blueprints)
[2015.12.13-17.54.34:023][536]LogPlayLevel: [PlayLevel] Compiling Ship_Selection before play...
[2015.12.13-17.54.34:161][536]LogPlayLevel: PlayLevel: Blueprint regeneration took 11207 ms (39 blueprints)
[2015.12.13-17.54.34:466][536]PIE: New page: PIE session: Ship_Selection (Dec 13, 2015, 7:54:34 AM)
[2015.12.13-17.54.34:466][536]LogPlayLevel: Creating play world package: /Game/SSA/Maps/UEDPIE_0_Ship_Selection
[2015.12.13-17.54.34:472][536]LogPlayLevel: PIE: StaticDuplicateObject took: (0.005323s)
[2015.12.13-17.54.34:472][536]LogAIModule: Creating AISystem for world Ship_Selection
[2015.12.13-17.54.34:472][536]LogPlayLevel: PIE: World Init took: (0.000533s)
[2015.12.13-17.54.34:473][536]LogPlayLevel: PIE: Created PIE world by copying editor world from /Game/SSA/Maps/Ship_Selection.Ship_Selection to /Game/SSA/Maps/UEDPIE_0_Ship_Selection.Ship_Selection (0.006575s)
[2015.12.13-17.54.34:519][536]LogInit: XAudio2 using 'Speakers / HP (IDT High Definition Audio CODEC)' : 2 channels at 48 kHz using 16 bits per sample (channel mask 0x3)
[2015.12.13-17.54.34:534][536]LogInit: FAudioDevice initialized.
[2015.12.13-17.54.34:624][536]LogWorld: Game class is 'TopDownGameMode_C'
[2015.12.13-17.54.34:628][536]LogWorld: Bringing World /Game/SSA/Maps/UEDPIE_0_Ship_Selection.Ship_Selection up for play (max tick rate 60) at 2015.12.13-12.54.34
[2015.12.13-17.54.34:628][536]LogActor:Warning: GameSession /Game/SSA/Maps/UEDPIE_0_Ship_Selection.Ship_Selection:PersistentLevel.GameSession_0 has natively added scene component(s), but none of them were set as the actor's RootComponent - picking one arbitrarily
[2015.12.13-17.54.34:629][536]LogActor:Warning: GameNetworkManager /Game/SSA/Maps/UEDPIE_0_Ship_Selection.Ship_Selection:PersistentLevel.GameNetworkManager_0 has natively added scene component(s), but none of them were set as the actor's RootComponent - picking one arbitrarily
[2015.12.13-17.54.34:629][536]LogWorld: Bringing up level for play took: 0.002656
[2015.12.13-17.54.34:633][536]LogGameMode: Warning - PATHS NOT DEFINED or NO PLAYERSTART with positive rating
[2015.12.13-17.54.34:662][536]PIE: Info Play in editor start time for /Game/SSA/Maps/UEDPIE_0_Ship_Selection 11.617
[2015.12.13-17.54.34:663][536]LogBlueprintUserMessages: Late PlayInEditor Detection: Level '/Game/SSA/Maps/Ship_Selection.Ship_Selection:PersistentLevel' has LevelScriptBlueprint '/Game/SSA/Maps/Ship_Selection.Ship_Selection:PersistentLevel.Ship_Selection' with GeneratedClass '/Game/SSA/Maps/Ship_Selection.Ship_Selection_C' with ClassGeneratedBy '/Game/SSA/Maps/Ship_Selection.Ship_Selection:PersistentLevel.Ship_Selection'
[2015.12.13-17.54.34:800][537]LogRenderer: Reallocating scene render targets to support 1280x720 (Frame:900).
[2015.12.13-17.54.36:113][541]LogD3D11RHI: Timed out while waiting for GPU to catch up. (0.5 s)
[2015.12.13-17.54.40:847][668]LogBlueprintUserMessages: Early EndPlayMap Detection: Level '/Game/SSA/Maps/Ship_Selection.Ship_Selection:PersistentLevel' has LevelScriptBlueprint '/Game/SSA/Maps/Ship_Selection.Ship_Selection:PersistentLevel.Ship_Selection' with GeneratedClass '/Game/SSA/Maps/Ship_Selection.Ship_Selection_C' with ClassGeneratedBy '/Game/SSA/Maps/Ship_Selection.Ship_Selection:PersistentLevel.Ship_Selection'
[2015.12.13-17.54.40:884][668]LogBlueprintUserMessages: Late EndPlayMap Detection: Level '/Game/SSA/Maps/Ship_Selection.Ship_Selection:PersistentLevel' has LevelScriptBlueprint '/Game/SSA/Maps/Ship_Selection.Ship_Selection:PersistentLevel.Ship_Selection' with GeneratedClass '/Game/SSA/Maps/Ship_Selection.Ship_Selection_C' with ClassGeneratedBy '/Game/SSA/Maps/Ship_Selection.Ship_Selection:PersistentLevel.Ship_Selection'
[2015.12.13-17.54.40:884][668]LogActorComponent: UnregisterComponent: (/Engine/Transient.CharMoveComp) Not registered. Aborting.
[2015.12.13-17.54.40:884][668]LogActorComponent: UnregisterComponent: (/Engine/Transient.CharacterMovementComponent_15) Not registered. Aborting.
[2015.12.13-17.54.40:885][668]LogActorComponent: UnregisterComponent: (/Engine/Transient.CharacterMovementComponent_16) Not registered. Aborting.
[2015.12.13-17.54.40:885][668]LogActorComponent: UnregisterComponent: (/Engine/Transient.CharacterMovementComponent_17) Not registered. Aborting.
[2015.12.13-17.54.40:885][668]LogActorComponent: UnregisterComponent: (/Engine/Transient.CharacterMovementComponent_18) Not registered. Aborting.
[2015.12.13-17.54.40:885][668]LogActorComponent: UnregisterComponent: (/Engine/Transient.CharacterMovementComponent_19) Not registered. Aborting.
[2015.12.13-17.54.40:885][668]LogActorComponent: UnregisterComponent: (/Engine/Transient.CharacterMovementComponent_20) Not registered. Aborting.
[2015.12.13-17.54.40:886][668]LogActorComponent: UnregisterComponent: (/Engine/Transient.CharacterMovementComponent_21) Not registered. Aborting.
[2015.12.13-17.54.40:886][668]LogActorComponent: UnregisterComponent: (/Engine/Transient.CharacterMovementComponent_22) Not registered. Aborting.
[2015.12.13-17.54.40:886][668]LogActorComponent: UnregisterComponent: (/Engine/Transient.CharacterMovementComponent_23) Not registered. Aborting.
[2015.12.13-17.54.40:886][668]LogActorComponent: UnregisterComponent: (/Engine/Transient.CharacterMovementComponent_24) Not registered. Aborting.
[2015.12.13-17.54.40:886][668]LogActorComponent: UnregisterComponent: (/Engine/Transient.CharacterMovementComponent_25) Not registered. Aborting.
[2015.12.13-17.54.40:948][669]LogParticles: Destroying 0 GPU particle simulations for FXSystem 0x00000042A655B880
[2015.12.13-17.54.58:815][203]PIE:Warning: Warning Invalid Simulate Options: Body (Player_Kratakos_C_2.CharacterMesh0 kratakos_lowpoly_bones_02) is set to simulate physics but Collision Enabled is incompatible
[2015.12.13-17.54.58:815][203]PIE:Warning: Warning Invalid Simulate Options: Body (Player_Kratakos_C_2.CharacterMesh0 kratakos_lowpoly_bones_02) is set to simulate physics but Collision Enabled is incompatible
[2015.12.13-17.54.58:819][203]LogActorComponent: UnregisterComponent: (/Engine/Transient.CharMoveComp) Not registered. Aborting.
[2015.12.13-17.54.58:820][203]LogActorComponent: UnregisterComponent: (/Engine/Transient.CharacterMovementComponent_26) Not registered. Aborting.
[2015.12.13-17.54.58:820][203]LogActorComponent: UnregisterComponent: (/Engine/Transient.CharacterMovementComponent_27) Not registered. Aborting.
[2015.12.13-17.54.58:821][203]LogActorComponent: UnregisterComponent: (/Engine/Transient.CharacterMovementComponent_28) Not registered. Aborting.
[2015.12.13-17.54.58:821][203]LogActorComponent: UnregisterComponent: (/Engine/Transient.CharacterMovementComponent_29) Not registered. Aborting.
[2015.12.13-17.54.58:821][203]LogActorComponent: UnregisterComponent: (/Engine/Transient.CharacterMovementComponent_30) Not registered. Aborting.
[2015.12.13-17.55.03:242][319]PIE:Warning: Warning Invalid Simulate Options: Body (Player_Kratakos_C_2.CharacterMesh0 kratakos_lowpoly_bones_02) is set to simulate physics but Collision Enabled is incompatible
[2015.12.13-17.55.03:242][319]PIE:Warning: Warning Invalid Simulate Options: Body (Player_Kratakos_C_2.CharacterMesh0 kratakos_lowpoly_bones_02) is set to simulate physics but Collision Enabled is incompatible
[2015.12.13-17.55.08:529][508]PIE:Warning: Warning Invalid Simulate Options: Body (Player_Kratakos_C_2.CharacterMesh0 kratakos_lowpoly_bones_02) is set to simulate physics but Collision Enabled is incompatible
[2015.12.13-17.55.08:529][508]PIE:Warning: Warning Invalid Simulate Options: Body (Player_Kratakos_C_2.CharacterMesh0 kratakos_lowpoly_bones_02) is set to simulate physics but Collision Enabled is incompatible
[2015.12.13-17.55.08:532][508]LogActorComponent: UnregisterComponent: (/Engine/Transient.CharacterMovementComponent_31) Not registered. Aborting.
[2015.12.13-17.55.08:533][508]LogActorComponent: UnregisterComponent: (/Engine/Transient.CharacterMovementComponent_32) Not registered. Aborting.
[2015.12.13-17.55.08:533][508]LogActorComponent: UnregisterComponent: (/Engine/Transient.CharacterMovementComponent_33) Not registered. Aborting.
[2015.12.13-17.55.08:533][508]LogActorComponent: UnregisterComponent: (/Engine/Transient.CharacterMovementComponent_34) Not registered. Aborting.
[2015.12.13-17.55.08:534][508]LogActorComponent: UnregisterComponent: (/Engine/Transient.CharacterMovementComponent_35) Not registered. Aborting.
[2015.12.13-17.55.08:534][508]LogActorComponent: UnregisterComponent: (/Engine/Transient.CharacterMovementComponent_36) Not registered. Aborting.
[2015.12.13-17.55.08:534][508]LogActorComponent: UnregisterComponent: (/Engine/Transient.CharacterMovementComponent_37) Not registered. Aborting.
[2015.12.13-17.55.09:649][530]PIE:Warning: Warning Invalid Simulate Options: Body (Player_Kratakos_C_2.CharacterMesh0 kratakos_lowpoly_bones_02) is set to simulate physics but Collision Enabled is incompatible
[2015.12.13-17.55.09:649][530]PIE:Warning: Warning Invalid Simulate Options: Body (Player_Kratakos_C_2.CharacterMesh0 kratakos_lowpoly_bones_02) is set to simulate physics but Collision Enabled is incompatible
[2015.12.13-17.55.26:360][202]LogBlueprintUserMessages: Early PlayInEditor Detection: Level '/Game/SSA/Maps/Ship_Selection.Ship_Selection:PersistentLevel' has LevelScriptBlueprint '/Game/SSA/Maps/Ship_Selection.Ship_Selection:PersistentLevel.Ship_Selection' with GeneratedClass '/Game/SSA/Maps/Ship_Selection.Ship_Selection_C' with ClassGeneratedBy '/Game/SSA/Maps/Ship_Selection.Ship_Selection:PersistentLevel.Ship_Selection'
[2015.12.13-17.55.26:361][202]BlueprintLog: New page: Pre-Play auto-recompile
[2015.12.13-17.55.26:365][202]LogPlayLevel: [PlayLevel] Compiling Player before play...
[2015.12.13-17.55.26:691][202]LogActorComponent: UnregisterComponent: (/Engine/Transient.CharacterMovementComponent_38) Not registered. Aborting.
[2015.12.13-17.55.26:691][202]LogActorComponent: UnregisterComponent: (/Engine/Transient.CharacterMovementComponent_39) Not registered. Aborting.
[2015.12.13-17.55.26:691][202]LogActorComponent: UnregisterComponent: (/Engine/Transient.CharacterMovementComponent_40) Not registered. Aborting.
[2015.12.13-17.55.26:692][202]LogActorComponent: UnregisterComponent: (/Engine/Transient.CharacterMovementComponent_41) Not registered. Aborting.
[2015.12.13-17.55.26:692][202]LogActorComponent: UnregisterComponent: (/Engine/Transient.CharacterMovementComponent_42) Not registered. Aborting.
[2015.12.13-17.55.26:692][202]LogActorComponent: UnregisterComponent: (/Engine/Transient.CharacterMovementComponent_43) Not registered. Aborting.
[2015.12.13-17.55.26:693][202]LogActorComponent: UnregisterComponent: (/Engine/Transient.CharacterMovementComponent_44) Not registered. Aborting.
[2015.12.13-17.55.28:226][202]PIE:Warning: Warning Invalid Simulate Options: Body (Player_Kratakos_C_1.CharacterMesh0 kratakos_lowpoly_bones_02) is set to simulate physics but Collision Enabled is incompatible
[2015.12.13-17.55.28:226][202]PIE:Warning: Warning Invalid Simulate Options: Body (Player_Kratakos_C_1.CharacterMesh0 kratakos_lowpoly_bones_02) is set to simulate physics but Collision Enabled is incompatible
[2015.12.13-17.55.28:227][202]PIE:Warning: Warning Invalid Simulate Options: Body (Player_Kratakos_C_1.CharacterMesh0 kratakos_lowpoly_bones_02) is set to simulate physics but Collision Enabled is incompatible
[2015.12.13-17.55.28:227][202]PIE:Warning: Warning Invalid Simulate Options: Body (Player_Kratakos_C_1.CharacterMesh0 kratakos_lowpoly_bones_02) is set to simulate physics but Collision Enabled is incompatible
[2015.12.13-17.55.28:709][202]PIE:Warning: Warning Invalid Simulate Options: Body (Player_Kratakos_C_1.CharacterMesh0 kratakos_lowpoly_bones_02) is set to simulate physics but Collision Enabled is incompatible
[2015.12.13-17.55.28:709][202]PIE:Warning: Warning Invalid Simulate Options: Body (Player_Kratakos_C_1.CharacterMesh0 kratakos_lowpoly_bones_02) is set to simulate physics but Collision Enabled is incompatible
[2015.12.13-17.55.28:734][202]LogPlayLevel: PlayLevel: Blueprint regeneration took 2373 ms (33 blueprints)
[2015.12.13-17.55.28:738][202]LogPlayLevel: [PlayLevel] Compiling SSAGameInstance before play...
[2015.12.13-17.55.28:938][202]PIE:Warning: Warning Invalid Simulate Options: Body (Player_Kratakos_C_1.CharacterMesh0 kratakos_lowpoly_bones_02) is set to simulate physics but Collision Enabled is incompatible
[2015.12.13-17.55.28:938][202]PIE:Warning: Warning Invalid Simulate Options: Body (Player_Kratakos_C_1.CharacterMesh0 kratakos_lowpoly_bones_02) is set to simulate physics but Collision Enabled is incompatible
[2015.12.13-17.55.28:959][202]LogPlayLevel: PlayLevel: Blueprint regeneration took 2598 ms (37 blueprints)
[2015.12.13-17.55.28:960][202]LogPlayLevel: [PlayLevel] Compiling Enemy_Cephalon before play...
[2015.12.13-17.55.29:330][202]PIE:Warning: Warning Invalid Simulate Options: Body (Player_Kratakos_C_1.CharacterMesh0 kratakos_lowpoly_bones_02) is set to simulate physics but Collision Enabled is incompatible
[2015.12.13-17.55.29:330][202]PIE:Warning: Warning Invalid Simulate Options: Body (Player_Kratakos_C_1.CharacterMesh0 kratakos_lowpoly_bones_02) is set to simulate physics but Collision Enabled is incompatible
[2015.12.13-17.55.29:342][202]LogPlayLevel: PlayLevel: Blueprint regeneration took 2982 ms (37 blueprints)
[2015.12.13-17.55.29:344][202]LogPlayLevel: [PlayLevel] Compiling Enemy_Human before play...
[2015.12.13-17.55.29:982][202]PIE:Warning: Warning Invalid Simulate Options: Body (Player_Kratakos_C_1.CharacterMesh0 kratakos_lowpoly_bones_02) is set to simulate physics but Collision Enabled is incompatible
[2015.12.13-17.55.29:983][202]PIE:Warning: Warning Invalid Simulate Options: Body (Player_Kratakos_C_1.CharacterMesh0 kratakos_lowpoly_bones_02) is set to simulate physics but Collision Enabled is incompatible
[2015.12.13-17.55.29:993][202]LogPlayLevel: PlayLevel: Blueprint regeneration took 3633 ms (37 blueprints)
[2015.12.13-17.55.29:994][202]LogPlayLevel: [PlayLevel] Compiling Debris before play...
[2015.12.13-17.55.30:155][202]LogPlayLevel: PlayLevel: Blueprint regeneration took 3794 ms (37 blueprints)
[2015.12.13-17.55.30:156][202]LogPlayLevel: [PlayLevel] Compiling Player_FireBreath before play...
[2015.12.13-17.55.30:295][202]LogPlayLevel: PlayLevel: Blueprint regeneration took 3934 ms (37 blueprints)
[2015.12.13-17.55.30:297][202]LogPlayLevel: [PlayLevel] Compiling Enemy_Dragomir before play...
[2015.12.13-17.55.30:672][202]PIE:Warning: Warning Invalid Simulate Options: Body (Player_Kratakos_C_1.CharacterMesh0 kratakos_lowpoly_bones_02) is set to simulate physics but Collision Enabled is incompatible
[2015.12.13-17.55.30:672][202]PIE:Warning: Warning Invalid Simulate Options: Body (Player_Kratakos_C_1.CharacterMesh0 kratakos_lowpoly_bones_02) is set to simulate physics but Collision Enabled is incompatible
[2015.12.13-17.55.30:683][202]LogPlayLevel: PlayLevel: Blueprint regeneration took 4322 ms (37 blueprints)
[2015.12.13-17.55.30:684][202]LogPlayLevel: [PlayLevel] Compiling Enemy_FireBreath before play...
[2015.12.13-17.55.30:811][202]LogPlayLevel: PlayLevel: Blueprint regeneration took 4450 ms (37 blueprints)
[2015.12.13-17.55.30:812][202]LogPlayLevel: [PlayLevel] Compiling Enemy_Hive_Drones before play...
[2015.12.13-17.55.30:948][202]LogPlayLevel: PlayLevel: Blueprint regeneration took 4588 ms (37 blueprints)
[2015.12.13-17.55.30:950][202]LogPlayLevel: [PlayLevel] Compiling Enemy_Kratakos before play...
[2015.12.13-17.55.31:376][202]PIE:Warning: Warning Invalid Simulate Options: Body (Player_Kratakos_C_1.CharacterMesh0 kratakos_lowpoly_bones_02) is set to simulate physics but Collision Enabled is incompatible
[2015.12.13-17.55.31:376][202]PIE:Warning: Warning Invalid Simulate Options: Body (Player_Kratakos_C_1.CharacterMesh0 kratakos_lowpoly_bones_02) is set to simulate physics but Collision Enabled is incompatible
[2015.12.13-17.55.31:387][202]LogPlayLevel: PlayLevel: Blueprint regeneration took 5026 ms (37 blueprints)
[2015.12.13-17.55.31:387][202]LogPlayLevel: [PlayLevel] Compiling AI_Ram_Trigger before play...
[2015.12.13-17.55.31:513][202]LogPlayLevel: PlayLevel: Blueprint regeneration took 5152 ms (37 blueprints)
[2015.12.13-17.55.31:515][202]LogPlayLevel: [PlayLevel] Compiling Enemy_Hive before play...
[2015.12.13-17.55.31:845][202]PIE:Warning: Warning Invalid Simulate Options: Body (Player_Kratakos_C_1.CharacterMesh0 kratakos_lowpoly_bones_02) is set to simulate physics but Collision Enabled is incompatible
[2015.12.13-17.55.31:845][202]PIE:Warning: Warning Invalid Simulate Options: Body (Player_Kratakos_C_1.CharacterMesh0 kratakos_lowpoly_bones_02) is set to simulate physics but Collision Enabled is incompatible
[2015.12.13-17.55.31:856][202]LogPlayLevel: PlayLevel: Blueprint regeneration took 5495 ms (37 blueprints)
[2015.12.13-17.55.31:857][202]LogPlayLevel: [PlayLevel] Compiling Hive_SelfDestruct before play...
[2015.12.13-17.55.31:971][202]LogPlayLevel: PlayLevel: Blueprint regeneration took 5611 ms (37 blueprints)
[2015.12.13-17.55.31:972][202]LogPlayLevel: [PlayLevel] Compiling Human_Torpedo before play...
[2015.12.13-17.55.32:110][202]LogPlayLevel: PlayLevel: Blueprint regeneration took 5749 ms (37 blueprints)
[2015.12.13-17.55.32:111][202]LogPlayLevel: [PlayLevel] Compiling Enemy_Vultari before play...
[2015.12.13-17.55.32:475][202]PIE:Warning: Warning Invalid Simulate Options: Body (Player_Kratakos_C_1.CharacterMesh0 kratakos_lowpoly_bones_02) is set to simulate physics but Collision Enabled is incompatible
[2015.12.13-17.55.32:475][202]PIE:Warning: Warning Invalid Simulate Options: Body (Player_Kratakos_C_1.CharacterMesh0 kratakos_lowpoly_bones_02) is set to simulate physics but Collision Enabled is incompatible
[2015.12.13-17.55.32:487][202]LogPlayLevel: PlayLevel: Blueprint regeneration took 6126 ms (37 blueprints)
[2015.12.13-17.55.32:487][202]LogPlayLevel: [PlayLevel] Compiling Enemy_Vultaari_machine before play...
[2015.12.13-17.55.32:614][202]LogPlayLevel: PlayLevel: Blueprint regeneration took 6254 ms (37 blueprints)
[2015.12.13-17.55.32:615][202]LogPlayLevel: [PlayLevel] Compiling Player_PowerWave_Trigger before play...
[2015.12.13-17.55.32:761][202]LogPlayLevel: PlayLevel: Blueprint regeneration took 6401 ms (37 blueprints)
[2015.12.13-17.55.32:762][202]LogPlayLevel: [PlayLevel] Compiling Player_Cephalon before play...
[2015.12.13-17.55.33:014][202]PIE:Warning: Warning Invalid Simulate Options: Body (Player_Kratakos_C_1.CharacterMesh0 kratakos_lowpoly_bones_02) is set to simulate physics but Collision Enabled is incompatible
[2015.12.13-17.55.33:014][202]PIE:Warning: Warning Invalid Simulate Options: Body (Player_Kratakos_C_1.CharacterMesh0 kratakos_lowpoly_bones_02) is set to simulate physics but Collision Enabled is incompatible
[2015.12.13-17.55.33:031][202]LogPlayLevel: PlayLevel: Blueprint regeneration took 6670 ms (37 blueprints)
[2015.12.13-17.55.33:032][202]LogPlayLevel: [PlayLevel] Compiling Enemy_PowerWave_Trigger before play...
[2015.12.13-17.55.33:161][202]LogPlayLevel: PlayLevel: Blueprint regeneration took 6800 ms (37 blueprints)
[2015.12.13-17.55.33:162][202]LogPlayLevel: [PlayLevel] Compiling Enemy_Human_Torpedo before play...
[2015.12.13-17.55.33:331][202]LogPlayLevel: PlayLevel: Blueprint regeneration took 6970 ms (37 blueprints)
[2015.12.13-17.55.33:332][202]LogPlayLevel: [PlayLevel] Compiling Player_Dragomir before play...
[2015.12.13-17.55.33:581][202]PIE:Warning: Warning Invalid Simulate Options: Body (Player_Kratakos_C_1.CharacterMesh0 kratakos_lowpoly_bones_02) is set to simulate physics but Collision Enabled is incompatible
[2015.12.13-17.55.33:581][202]PIE:Warning: Warning Invalid Simulate Options: Body (Player_Kratakos_C_1.CharacterMesh0 kratakos_lowpoly_bones_02) is set to simulate physics but Collision Enabled is incompatible
[2015.12.13-17.55.33:602][202]LogPlayLevel: PlayLevel: Blueprint regeneration took 7242 ms (37 blueprints)
[2015.12.13-17.55.33:603][202]LogPlayLevel: [PlayLevel] Compiling Kratakos_Rail_Gun before play...
[2015.12.13-17.55.33:744][202]PIE:Warning: Warning Invalid Simulate Options: Body (Player_Kratakos_C_1.CharacterMesh0 kratakos_lowpoly_bones_02) is set to simulate physics but Collision Enabled is incompatible
[2015.12.13-17.55.33:745][202]PIE:Warning: Warning Invalid Simulate Options: Body (Player_Kratakos_C_1.CharacterMesh0 kratakos_lowpoly_bones_02) is set to simulate physics but Collision Enabled is incompatible
[2015.12.13-17.55.33:751][202]LogPlayLevel: PlayLevel: Blueprint regeneration took 7391 ms (37 blueprints)
[2015.12.13-17.55.33:752][202]LogPlayLevel: [PlayLevel] Compiling Hive_Drones before play...
[2015.12.13-17.55.33:888][202]LogPlayLevel: PlayLevel: Blueprint regeneration took 7528 ms (37 blueprints)
[2015.12.13-17.55.33:889][202]LogPlayLevel: [PlayLevel] Compiling Player_Hive before play...
[2015.12.13-17.55.34:122][202]PIE:Warning: Warning Invalid Simulate Options: Body (Player_Kratakos_C_1.CharacterMesh0 kratakos_lowpoly_bones_02) is set to simulate physics but Collision Enabled is incompatible
[2015.12.13-17.55.34:122][202]PIE:Warning: Warning Invalid Simulate Options: Body (Player_Kratakos_C_1.CharacterMesh0 kratakos_lowpoly_bones_02) is set to simulate physics but Collision Enabled is incompatible
[2015.12.13-17.55.34:140][202]LogPlayLevel: PlayLevel: Blueprint regeneration took 7779 ms (37 blueprints)
[2015.12.13-17.55.34:140][202]LogPlayLevel: [PlayLevel] Compiling Player_Mine before play...
[2015.12.13-17.55.34:278][202]LogPlayLevel: PlayLevel: Blueprint regeneration took 7918 ms (37 blueprints)
[2015.12.13-17.55.34:279][202]LogPlayLevel: [PlayLevel] Compiling Player_Phaser_Trigger before play...
[2015.12.13-17.55.34:414][202]LogPlayLevel: PlayLevel: Blueprint regeneration took 8053 ms (37 blueprints)
[2015.12.13-17.55.34:415][202]LogPlayLevel: [PlayLevel] Compiling Player_Human before play...
[2015.12.13-17.55.34:864][202]PIE:Warning: Warning Invalid Simulate Options: Body (Player_Kratakos_C_1.CharacterMesh0 kratakos_lowpoly_bones_02) is set to simulate physics but Collision Enabled is incompatible
[2015.12.13-17.55.34:865][202]PIE:Warning: Warning Invalid Simulate Options: Body (Player_Kratakos_C_1.CharacterMesh0 kratakos_lowpoly_bones_02) is set to simulate physics but Collision Enabled is incompatible
[2015.12.13-17.55.34:883][202]LogPlayLevel: PlayLevel: Blueprint regeneration took 8522 ms (37 blueprints)
[2015.12.13-17.55.34:883][202]LogPlayLevel: [PlayLevel] Compiling Player_Ram_Trigger before play...
[2015.12.13-17.55.35:011][202]PIE:Warning: Warning Invalid Simulate Options: Body (Player_Kratakos_C_1.CharacterMesh0 kratakos_lowpoly_bones_02) is set to simulate physics but Collision Enabled is incompatible
[2015.12.13-17.55.35:011][202]PIE:Warning: Warning Invalid Simulate Options: Body (Player_Kratakos_C_1.CharacterMesh0 kratakos_lowpoly_bones_02) is set to simulate physics but Collision Enabled is incompatible
[2015.12.13-17.55.35:020][202]LogPlayLevel: PlayLevel: Blueprint regeneration took 8659 ms (37 blueprints)
[2015.12.13-17.55.35:020][202]PIE:Warning: Warning Invalid Simulate Options: Body (Player_Kratakos_C_1.CharacterMesh0 kratakos_lowpoly_bones_02) is set to simulate physics but Collision Enabled is incompatible
[2015.12.13-17.55.35:021][202]PIE:Warning: Warning Invalid Simulate Options: Body (Player_Kratakos_C_1.CharacterMesh0 kratakos_lowpoly_bones_02) is set to simulate physics but Collision Enabled is incompatible
[2015.12.13-17.55.35:026][202]LogPlayLevel: [PlayLevel] Compiling Player_Kratakos before play...
[2015.12.13-17.55.35:296][202]PIE:Warning: Warning Invalid Simulate Options: Body (Player_Kratakos_C_1.CharacterMesh0 kratakos_lowpoly_bones_02) is set to simulate physics but Collision Enabled is incompatible
[2015.12.13-17.55.35:297][202]PIE:Warning: Warning Invalid Simulate Options: Body (Player_Kratakos_C_1.CharacterMesh0 kratakos_lowpoly_bones_02) is set to simulate physics but Collision Enabled is incompatible
[2015.12.13-17.55.35:471][202]PIE:Warning: Warning Invalid Simulate Options: Body (Player_Kratakos_C_1.CharacterMesh0 kratakos_lowpoly_bones_02) is set to simulate physics but Collision Enabled is incompatible
[2015.12.13-17.55.35:472][202]PIE:Warning: Warning Invalid Simulate Options: Body (Player_Kratakos_C_1.CharacterMesh0 kratakos_lowpoly_bones_02) is set to simulate physics but Collision Enabled is incompatible
[2015.12.13-17.55.35:493][202]PIE:Warning: Warning Invalid Simulate Options: Body (Player_Kratakos_C_1.CharacterMesh0 kratakos_lowpoly_bones_02) is set to simulate physics but Collision Enabled is incompatible
[2015.12.13-17.55.35:494][202]PIE:Warning: Warning Invalid Simulate Options: Body (Player_Kratakos_C_1.CharacterMesh0 kratakos_lowpoly_bones_02) is set to simulate physics but Collision Enabled is incompatible
[2015.12.13-17.55.35:499][202]LogPlayLevel: PlayLevel: Blueprint regeneration took 9139 ms (37 blueprints)
[2015.12.13-17.55.35:500][202]LogPlayLevel: [PlayLevel] Compiling Vultaari_machine before play...
[2015.12.13-17.55.35:644][202]LogPlayLevel: PlayLevel: Blueprint regeneration took 9284 ms (37 blueprints)
[2015.12.13-17.55.35:645][202]LogPlayLevel: [PlayLevel] Compiling Player_Vultaari before play...
[2015.12.13-17.55.35:888][202]PIE:Warning: Warning Invalid Simulate Options: Body (Player_Kratakos_C_1.CharacterMesh0 kratakos_lowpoly_bones_02) is set to simulate physics but Collision Enabled is incompatible
[2015.12.13-17.55.35:888][202]PIE:Warning: Warning Invalid Simulate Options: Body (Player_Kratakos_C_1.CharacterMesh0 kratakos_lowpoly_bones_02) is set to simulate physics but Collision Enabled is incompatible
[2015.12.13-17.55.35:906][202]LogPlayLevel: PlayLevel: Blueprint regeneration took 9545 ms (37 blueprints)
[2015.12.13-17.55.35:907][202]LogPlayLevel: [PlayLevel] Compiling HUD before play...
[2015.12.13-17.55.36:129][202]LogPlayLevel: PlayLevel: Blueprint regeneration took 9769 ms (37 blueprints)
[2015.12.13-17.55.36:130][202]LogPlayLevel: [PlayLevel] Compiling PauseMenu before play...
[2015.12.13-17.55.36:286][202]LogPlayLevel: PlayLevel: Blueprint regeneration took 9926 ms (37 blueprints)
[2015.12.13-17.55.36:287][202]LogPlayLevel: [PlayLevel] Compiling Arena_Boundary before play...
[2015.12.13-17.55.36:407][202]LogPlayLevel: PlayLevel: Blueprint regeneration took 10047 ms (37 blueprints)
[2015.12.13-17.55.36:409][202]LogPlayLevel: [PlayLevel] Compiling MainMenu before play...
[2015.12.13-17.55.36:633][202]LogPlayLevel: PlayLevel: Blueprint regeneration took 10273 ms (38 blueprints)
[2015.12.13-17.55.36:635][202]LogPlayLevel: [PlayLevel] Compiling ProfileSelector before play...
[2015.12.13-17.55.36:868][202]LogPlayLevel: PlayLevel: Blueprint regeneration took 10508 ms (38 blueprints)
[2015.12.13-17.55.36:872][202]LogPlayLevel: [PlayLevel] Compiling Ship_Selection before play...
[2015.12.13-17.55.37:156][202]LogPlayLevel: PlayLevel: Blueprint regeneration took 10794 ms (39 blueprints)
[2015.12.13-17.55.37:156][202]LogPlayLevel: [PlayLevel] Compiling Controls before play...
[2015.12.13-17.55.37:300][202]LogPlayLevel: PlayLevel: Blueprint regeneration took 10939 ms (39 blueprints)
[2015.12.13-17.55.37:301][202]LogPlayLevel: [PlayLevel] Compiling Ship_Selection before play...
[2015.12.13-17.55.37:430][202]LogPlayLevel: PlayLevel: Blueprint regeneration took 11069 ms (39 blueprints)
[2015.12.13-17.55.37:769][202]PIE: New page: PIE session: Ship_Selection (Dec 13, 2015, 7:55:37 AM)
[2015.12.13-17.55.37:769][202]LogPlayLevel: Creating play world package: /Game/SSA/Maps/UEDPIE_0_Ship_Selection
[2015.12.13-17.55.37:773][202]LogPlayLevel: PIE: StaticDuplicateObject took: (0.003940s)
[2015.12.13-17.55.37:774][202]LogAIModule: Creating AISystem for world Ship_Selection
[2015.12.13-17.55.37:774][202]LogPlayLevel: PIE: World Init took: (0.000777s)
[2015.12.13-17.55.37:774][202]LogPlayLevel: PIE: Created PIE world by copying editor world from /Game/SSA/Maps/Ship_Selection.Ship_Selection to /Game/SSA/Maps/UEDPIE_0_Ship_Selection.Ship_Selection (0.004928s)
[2015.12.13-17.55.37:826][202]LogInit: XAudio2 using 'Speakers / HP (IDT High Definition Audio CODEC)' : 2 channels at 48 kHz using 16 bits per sample (channel mask 0x3)
[2015.12.13-17.55.37:847][202]LogInit: FAudioDevice initialized.
[2015.12.13-17.55.37:885][202]LogWorld: Game class is 'TopDownGameMode_C'
[2015.12.13-17.55.37:888][202]LogWorld: Bringing World /Game/SSA/Maps/UEDPIE_0_Ship_Selection.Ship_Selection up for play (max tick rate 60) at 2015.12.13-12.55.37
[2015.12.13-17.55.37:888][202]LogActor:Warning: GameSession /Game/SSA/Maps/UEDPIE_0_Ship_Selection.Ship_Selection:PersistentLevel.GameSession_1 has natively added scene component(s), but none of them were set as the actor's RootComponent - picking one arbitrarily
[2015.12.13-17.55.37:888][202]LogActor:Warning: GameNetworkManager /Game/SSA/Maps/UEDPIE_0_Ship_Selection.Ship_Selection:PersistentLevel.GameNetworkManager_1 has natively added scene component(s), but none of them were set as the actor's RootComponent - picking one arbitrarily
[2015.12.13-17.55.37:888][202]LogWorld: Bringing up level for play took: 0.002145
[2015.12.13-17.55.37:889][202]LogGameMode: Warning - PATHS NOT DEFINED or NO PLAYERSTART with positive rating
[2015.12.13-17.55.37:905][202]PIE: Info Play in editor start time for /Game/SSA/Maps/UEDPIE_0_Ship_Selection 10.861
[2015.12.13-17.55.37:906][202]LogBlueprintUserMessages: Late PlayInEditor Detection: Level '/Game/SSA/Maps/Ship_Selection.Ship_Selection:PersistentLevel' has LevelScriptBlueprint '/Game/SSA/Maps/Ship_Selection.Ship_Selection:PersistentLevel.Ship_Selection' with GeneratedClass '/Game/SSA/Maps/Ship_Selection.Ship_Selection_C' with ClassGeneratedBy '/Game/SSA/Maps/Ship_Selection.Ship_Selection:PersistentLevel.Ship_Selection'
[2015.12.13-17.55.46:858][450]LogPackageName: SearchForPackageOnDisk took   0.107s to resolve Home_Human.umap.
[2015.12.13-17.55.46:958][451]LogPackageName: SearchForPackageOnDisk took   0.092s to resolve Home_Human.umap.
[2015.12.13-17.55.46:958][451]LogNet: Browse: /Game/SSA/Maps/Home_Human
[2015.12.13-17.55.46:959][451]LogLoad: LoadMap: /Game/SSA/Maps/Home_Human
[2015.12.13-17.55.46:962][451]LogActorComponent: UnregisterComponent: (/Engine/Transient.CharMoveComp) Not registered. Aborting.
[2015.12.13-17.55.46:962][451]LogActorComponent: UnregisterComponent: (/Engine/Transient.CharacterMovementComponent_45) Not registered. Aborting.
[2015.12.13-17.55.46:962][451]LogActorComponent: UnregisterComponent: (/Engine/Transient.CharacterMovementComponent_46) Not registered. Aborting.
[2015.12.13-17.55.46:962][451]LogActorComponent: UnregisterComponent: (/Engine/Transient.CharacterMovementComponent_47) Not registered. Aborting.
[2015.12.13-17.55.46:962][451]LogActorComponent: UnregisterComponent: (/Engine/Transient.CharacterMovementComponent_48) Not registered. Aborting.
[2015.12.13-17.55.46:962][451]LogActorComponent: UnregisterComponent: (/Engine/Transient.CharacterMovementComponent_49) Not registered. Aborting.
[2015.12.13-17.55.47:001][451]LogParticles: Destroying 0 GPU particle simulations for FXSystem 0x00000042C944AC00
[2015.12.13-17.55.47:009][451]LogParticles: Destroying 0 GPU particle simulations for FXSystem 0x00000042EBBE8540
[2015.12.13-17.55.47:010][451]Cmd: MEM
[2015.12.13-17.55.47:051][451]LogMemory: Platform Memory Stats for Windows
[2015.12.13-17.55.47:051][451]LogMemory: Process Physical Memory: 900.79 MB used, 1499.07 MB peak
[2015.12.13-17.55.47:051][451]LogMemory: Process Virtual Memory: 2786.68 MB used, 2821.97 MB peak
[2015.12.13-17.55.47:051][451]LogMemory: Physical Memory: 5101.77 MB used, 8124.02 MB total
[2015.12.13-17.55.47:051][451]LogMemory: Virtual Memory: 3527.46 MB used, 134217728.00 MB total
[2015.12.13-17.55.47:051][451]LogMemory: 
[2015.12.13-17.55.47:051][451]Allocator Stats for TBB: (not implemented)
[2015.12.13-17.55.52:130][451]LogAIModule: Creating AISystem for world Home_Human
[2015.12.13-17.55.52:131][451]LogWorld: Game class is 'TopDownGameMode_C'
[2015.12.13-17.55.52:148][451]LogWorld:Warning: *** WARNING - PATHS MAY NOT BE VALID ***
[2015.12.13-17.55.52:148][451]LogWorld: Bringing World /Game/SSA/Maps/UEDPIE_0_Home_Human.Home_Human up for play (max tick rate 60) at 2015.12.13-12.55.52
[2015.12.13-17.55.52:148][451]LogActor:Warning: GameSession /Game/SSA/Maps/UEDPIE_0_Home_Human.Home_Human:PersistentLevel.GameSession_2 has natively added scene component(s), but none of them were set as the actor's RootComponent - picking one arbitrarily
[2015.12.13-17.55.52:148][451]LogActor:Warning: GameNetworkManager /Game/SSA/Maps/UEDPIE_0_Home_Human.Home_Human:PersistentLevel.GameNetworkManager_2 has natively added scene component(s), but none of them were set as the actor's RootComponent - picking one arbitrarily
[2015.12.13-17.55.52:149][451]LogWorld: Bringing up level for play took: 0.014079
[2015.12.13-17.55.52:152][451]PIE:Warning: Warning Invalid Simulate Options: Body (Player_Kratakos_C_48.CharacterMesh0 kratakos_lowpoly_bones_02) is set to simulate physics but Collision Enabled is incompatible
[2015.12.13-17.55.52:152][451]PIE:Warning: Warning Invalid Simulate Options: Body (Player_Kratakos_C_48.CharacterMesh0 kratakos_lowpoly_bones_02) is set to simulate physics but Collision Enabled is incompatible
[2015.12.13-17.55.52:157][451]LogScript:Warning: Accessed None 'HUD Reference'
	Player_Kratakos_C /Game/SSA/Maps/UEDPIE_0_Home_Human.Home_Human:PersistentLevel.Player_Kratakos_C_48
	Function /Game/SSA/Blueprints/Player_Ships/Player.Player_C:ExecuteUbergraph_Player:128C
[2015.12.13-17.55.52:158][451]PIE:Error: Error Accessed None 'HUD Reference' from node Change Portait in graph 'EventGraph' in blueprint Player
[2015.12.13-17.56.02:830][756]LogBlueprintUserMessages: Early EndPlayMap Detection: Level '/Game/SSA/Maps/Ship_Selection.Ship_Selection:PersistentLevel' has LevelScriptBlueprint '/Game/SSA/Maps/Ship_Selection.Ship_Selection:PersistentLevel.Ship_Selection' with GeneratedClass '/Game/SSA/Maps/Ship_Selection.Ship_Selection_C' with ClassGeneratedBy '/Game/SSA/Maps/Ship_Selection.Ship_Selection:PersistentLevel.Ship_Selection'
[2015.12.13-17.56.02:936][756]LogBlueprintUserMessages: Late EndPlayMap Detection: Level '/Game/SSA/Maps/Ship_Selection.Ship_Selection:PersistentLevel' has LevelScriptBlueprint '/Game/SSA/Maps/Ship_Selection.Ship_Selection:PersistentLevel.Ship_Selection' with GeneratedClass '/Game/SSA/Maps/Ship_Selection.Ship_Selection_C' with ClassGeneratedBy '/Game/SSA/Maps/Ship_Selection.Ship_Selection:PersistentLevel.Ship_Selection'
[2015.12.13-17.56.03:009][756]LogParticles: Destroying 0 GPU particle simulations for FXSystem 0x00000042B262AD40
[2015.12.13-17.56.10:099][164]LogWindows:Error: Windows GetLastError: The operation completed successfully. (0)
[2015.12.13-17.56.10:846][164]LogCrashTracker: 


[2015.12.13-17.56.10:849][164]LogCrashTracker: 


[2015.12.13-17.56.10:849][164]LogWindows: === Critical error: ===
Assertion failed: ((UObject*)ContainerPtr)->IsA((UClass*)GetOuter()) [File:D:\BuildFarm\buildmachine_++depot+UE4-Releases+4.9\Engine\Source\Runtime\CoreUObject\Public\UObject\UnrealType.h] [Line: 308] 
'Default__Player_Kratakos_C' is of class 'Player_Kratakos_C' however property 'ObjectProperty_6746' belongs to class 'TRASHCLASS_Player_811'




[2015.12.13-17.56.10:974][164]LogExit: Executing StaticShutdownAfterError
[2015.12.13-17.56.10:992][164]LogPhysics:Warning: PHYSX: ..\..\PhysX\src\NpScene.cpp (2946) 8 : PxScene::unlockWrite() called without matching call to PxScene::lockWrite(), behaviour will be undefined.
[2015.12.13-17.56.10:993][164]LogPhysics:Warning: PHYSX: ..\..\PhysX\src\NpScene.cpp (2946) 8 : PxScene::unlockWrite() called without matching call to PxScene::lockWrite(), behaviour will be undefined.
[2015.12.13-17.56.10:994][164]LogPhysics:Warning: PHYSX: ..\..\PhysX\src\NpScene.cpp (2946) 8 : PxScene::unlockWrite() called without matching call to PxScene::lockWrite(), behaviour will be undefined.
[2015.12.13-17.56.10:994][164]LogPhysics:Warning: PHYSX: ..\..\PhysX\src\NpScene.cpp (2946) 8 : PxScene::unlockWrite() called without matching call to PxScene::lockWrite(), behaviour will be undefined.
[2015.12.13-17.56.10:995][164]LogWindows: FPlatformMisc::RequestExit(1)
[2015.12.13-17.56.10:995][164]Log file closed, 12/13/15 12:56:10
