[2015.11.01-19.34.55:461][  0]Log file open, 11/01/15 14:34:55
[2015.11.01-19.34.55:461][  0]LogInit:Display: Running engine for game: SuperSpaceArmada
[2015.11.01-19.34.55:461][  0]LogInit:Display: RandInit(-583107691) SRandInit(-583107690).
[2015.11.01-19.34.55:461][  0]LogTaskGraph: Started task graph with 4 named threads and 7 total threads.
[2015.11.01-19.34.55:461][  0]LogStats: Stats thread started at 0.064591
[2015.11.01-19.34.55:461][  0]LogInit: Version: 4.9.1-2689999+++depot+UE4-Releases+4.9
[2015.11.01-19.34.55:461][  0]LogInit: API Version: 2672455
[2015.11.01-19.34.55:461][  0]LogInit: Compiled (64-bit): Sep 14 2015 04:12:03
[2015.11.01-19.34.55:461][  0]LogInit: Compiled with Visual C++: 18.00.21005.01
[2015.11.01-19.34.55:461][  0]LogInit: Build Configuration: Development
[2015.11.01-19.34.55:461][  0]LogInit: Branch Name: ++depot+UE4-Releases+4.9
[2015.11.01-19.34.55:461][  0]LogInit: Command line:  
[2015.11.01-19.34.55:461][  0]LogInit: Base directory: F:/Program Files/Unreal/Epic Games/4.9/Engine/Binaries/Win64/
[2015.11.01-19.34.55:461][  0]LogInit: Rocket: 1
[2015.11.01-19.34.55:467][  0]LogInit: Using libcurl 7.41.0
[2015.11.01-19.34.55:467][  0]LogInit:  - built for x86_64-pc-win32
[2015.11.01-19.34.55:467][  0]LogInit:  - supports SSL with WinSSL
[2015.11.01-19.34.55:467][  0]LogInit:  - other features:
[2015.11.01-19.34.55:467][  0]LogInit:      CURL_VERSION_SSL
[2015.11.01-19.34.55:467][  0]LogInit:      CURL_VERSION_IPV6
[2015.11.01-19.34.55:467][  0]LogInit:      CURL_VERSION_ASYNCHDNS
[2015.11.01-19.34.55:467][  0]LogInit:      CURL_VERSION_LARGEFILE
[2015.11.01-19.34.55:467][  0]LogInit:      CURL_VERSION_IDN
[2015.11.01-19.34.55:467][  0]LogInit:  CurlRequestOptions (configurable via config and command line):
[2015.11.01-19.34.55:467][  0]LogInit:  - bVerifyPeer = true  - Libcurl will verify peer certificate
[2015.11.01-19.34.55:467][  0]LogInit:  - bUseHttpProxy = false  - Libcurl will NOT use HTTP proxy
[2015.11.01-19.34.55:467][  0]LogInit:  - bDontReuseConnections = false  - Libcurl will reuse connections
[2015.11.01-19.34.55:467][  0]LogInit:  - CertBundlePath = nullptr  - Libcurl will use whatever was configured at build time.
[2015.11.01-19.34.55:473][  0]LogInit: Presizing for 0 objects not considered by GC, pre-allocating 0 bytes.
[2015.11.01-19.34.55:477][  0]LogInit: Object subsystem initialized
[2015.11.01-19.34.55:479][  0]LogInit: Selected Device Profile: [Windows]
[2015.11.01-19.34.55:479][  0]LogInit: Applying CVar settings loaded from the selected device profile: [Windows]
[2015.11.01-19.34.55:486][  0]LogInit: Computer: ANDREW_2015
[2015.11.01-19.34.55:486][  0]LogInit: User: aehrlich92
[2015.11.01-19.34.55:486][  0]LogInit: CPU Page size=4096, Cores=4
[2015.11.01-19.34.55:486][  0]LogInit: High frequency timer resolution =3.984654 MHz
[2015.11.01-19.34.55:486][  0]LogMemory: Memory total: Physical=15.9GB (16GB approx)
[2015.11.01-19.34.55:486][  0]LogMemory: Platform Memory Stats for Windows
[2015.11.01-19.34.55:486][  0]LogMemory: Process Physical Memory: 53.81 MB used, 53.81 MB peak
[2015.11.01-19.34.55:486][  0]LogMemory: Process Virtual Memory: 55.34 MB used, 55.34 MB peak
[2015.11.01-19.34.55:486][  0]LogMemory: Physical Memory: 6170.35 MB used, 16322.88 MB total
[2015.11.01-19.34.55:486][  0]LogMemory: Virtual Memory: 364.35 MB used, 134217728.00 MB total
[2015.11.01-19.34.55:522][  0]LogTextLocalizationManager: No specific translations for ('en-US') exist, so ('en') translations will be used.
[2015.11.01-19.34.56:043][  0]LogD3D11RHI: Found D3D11 adapter 0: NVIDIA GeForce GTX 960 (Feature Level 11_0)
[2015.11.01-19.34.56:043][  0]LogD3D11RHI: Adapter has 1969MB of dedicated video memory, 0MB of dedicated system memory, and 8161MB of shared system memory, 2 output[s]
[2015.11.01-19.34.56:045][  0]LogD3D11RHI: Found D3D11 adapter 1: Microsoft Basic Render Driver (Feature Level 11_0)
[2015.11.01-19.34.56:045][  0]LogD3D11RHI: Adapter has 0MB of dedicated video memory, 0MB of dedicated system memory, and 8161MB of shared system memory, 0 output[s]
[2015.11.01-19.34.56:045][  0]LogD3D11RHI: Chosen D3D11 Adapter Id = 0
[2015.11.01-19.34.56:048][  0]LogD3D11RHI: !Direct3DDevice
[2015.11.01-19.34.56:048][  0]LogRHI: Texture pool is 1361 MB (70% of 1945 MB)
[2015.11.01-19.34.56:056][  0]LogD3D11RHI: Async texture creation enabled
[2015.11.01-19.34.56:065][  0]LogShaderCompilers: Guid format shader working directory is 15 characters bigger than the processId version (../../../../../../../My Media/UCF Documents/DIG 4725/Game-Files/SuperSpaceArmada/Intermediate/Shaders/WorkingDirectory/2268/).
[2015.11.01-19.34.56:066][  0]LogShaderCompilers: Cleaned the shader compiler working directory '../../../../../../../My Media/UCF Documents/DIG 4725/Game-Files/SuperSpaceArmada/Intermediate/Shaders/tmp/9E8E40A2403E7FB2FFD6989A0033C415/'.
[2015.11.01-19.34.56:066][  0]LogShaderCompilers:Display: Using Local Shader Compiler.
[2015.11.01-19.34.57:279][  0]LogTemp:Display: Loaded TP AllDesktopTargetPlatform
[2015.11.01-19.34.57:283][  0]LogTemp:Display: Loaded TP WindowsClientTargetPlatform
[2015.11.01-19.34.57:286][  0]LogTemp:Display: Loaded TP WindowsNoEditorTargetPlatform
[2015.11.01-19.34.57:290][  0]LogTemp:Display: Loaded TP WindowsServerTargetPlatform
[2015.11.01-19.34.57:294][  0]LogTemp:Display: Loaded TP WindowsTargetPlatform
[2015.11.01-19.34.57:296][  0]LogTemp:Display: Loaded TP AndroidTargetPlatform
[2015.11.01-19.34.57:299][  0]LogTemp:Display: Loaded TP Android_ASTCTargetPlatform
[2015.11.01-19.34.57:302][  0]LogTemp:Display: Loaded TP Android_ATCTargetPlatform
[2015.11.01-19.34.57:304][  0]LogTemp:Display: Loaded TP Android_DXTTargetPlatform
[2015.11.01-19.34.57:307][  0]LogTemp:Display: Loaded TP Android_ETC1TargetPlatform
[2015.11.01-19.34.57:310][  0]LogTemp:Display: Loaded TP Android_ETC2TargetPlatform
[2015.11.01-19.34.57:314][  0]LogTemp:Display: Loaded TP Android_PVRTCTargetPlatform
[2015.11.01-19.34.57:315][  0]LogTemp:Display: Loaded TP HTML5TargetPlatform
[2015.11.01-19.34.57:331][  0]LogTemp:Display: Loaded TP IOSTargetPlatform
[2015.11.01-19.34.57:334][  0]LogTemp:Display: Loaded TP LinuxNoEditorTargetPlatform
[2015.11.01-19.34.57:337][  0]LogTemp:Display: Loaded TP LinuxServerTargetPlatform
[2015.11.01-19.34.57:340][  0]LogTemp:Display: Loaded TP LinuxTargetPlatform
[2015.11.01-19.34.57:340][  0]LogTargetPlatformManager:Display: Building Assets For Windows
[2015.11.01-19.34.57:398][  0]LogDerivedDataCache:Display: Max Cache Size: 512 MB
[2015.11.01-19.34.57:427][  0]LogDerivedDataCache: Loaded boot cache 0.03s 41MB C:/Users/aehrlich92/AppData/Local/UnrealEngine/4.9/DerivedDataCache/Boot.ddc.
[2015.11.01-19.34.57:427][  0]LogDerivedDataCache:Display: Loaded Boot cache: C:/Users/aehrlich92/AppData/Local/UnrealEngine/4.9/DerivedDataCache/Boot.ddc
[2015.11.01-19.34.57:427][  0]LogDerivedDataCache: FDerivedDataBackendGraph:  Pak pak cache file ../../../../../../../My Media/UCF Documents/DIG 4725/Game-Files/SuperSpaceArmada/DerivedDataCache/DDC.ddp not found, will not use a pak cache.
[2015.11.01-19.34.57:427][  0]LogDerivedDataCache: Unable to find inner node Pak for hierarchical cache Hierarchy.
[2015.11.01-19.34.57:427][  0]LogDerivedDataCache: FDerivedDataBackendGraph:  CompressedPak pak cache file ../../../../../../../My Media/UCF Documents/DIG 4725/Game-Files/SuperSpaceArmada/DerivedDataCache/Compressed.ddp not found, will not use a pak cache.
[2015.11.01-19.34.57:427][  0]LogDerivedDataCache: Unable to find inner node CompressedPak for hierarchical cache Hierarchy.
[2015.11.01-19.34.57:523][  0]LogDerivedDataCache:Display: Pak cache opened for reading ../../../Engine/DerivedDataCache/Compressed.ddp.
[2015.11.01-19.34.57:534][  0]LogDerivedDataCache: Using Local data cache path C:/Users/aehrlich92/AppData/Local/UnrealEngine/Common/DerivedDataCache: Writable
[2015.11.01-19.34.57:647][  0]LogInit: Selected Device Profile: [Windows]
[2015.11.01-19.34.57:649][  0]LogContentStreaming: Texture pool size is 0.000000MB
[2015.11.01-19.34.57:728][  0]LogMeshUtilities: No automatic mesh reduction module available
[2015.11.01-19.34.57:728][  0]LogMeshUtilities: No automatic mesh merging module available
[2015.11.01-19.34.57:893][  0]LogInit: WinSock: version 1.1 (2.2), MaxSocks=32767, MaxUdp=65467
[2015.11.01-19.34.58:383][  0]LogAssetRegistry: FAssetRegistry took 0.0108 seconds to start up
[2015.11.01-19.34.58:401][  0]UdpMessaging: Initializing bridge on interface 0.0.0.0:0 to multicast group 230.0.0.1:6666.
[2015.11.01-19.34.58:580][  0]SourceControl: Info Source control is disabled
[2015.11.01-19.34.58:587][  0]SourceControl: Info Source control is disabled
[2015.11.01-19.34.58:594][  0]SourceControl: Info Source control is disabled
[2015.11.01-19.34.58:601][  0]SourceControl: Info Source control is disabled
[2015.11.01-19.34.58:680][  0]LogLinker:Warning: Asset '../../../Engine/Plugins/Runtime/LeapMotionController/Content/LM_PassthroughMaterial.uasset' has been saved with empty engine version. The asset will be loaded but may be incompatible.
[2015.11.01-19.34.58:733][  0]LogObj: 28528 objects as part of root set at end of initial load.
[2015.11.01-19.34.58:733][  0]LogUObjectAllocator: 6068464 out of 0 bytes used by permanent object pool.
[2015.11.01-19.34.58:776][  0]LogEngine: Initializing Engine...
[2015.11.01-19.34.58:777][  0]LogHMD: Can't find Oculus library dev build: is proper Runtime installed? Version: 0.7.0.0
[2015.11.01-19.34.58:778][  0]LogHMD: SteamVR failed to initialize.  Err: 110
[2015.11.01-19.34.58:851][  0]LogAIModule: Creating AISystem for world NewWorld
[2015.11.01-19.34.58:858][  0]LogInit: XAudio2 using 'Speakers (Realtek High Definition Audio)' : 8 channels at 48 kHz using 32 bits per sample (channel mask 0x63f)
[2015.11.01-19.34.58:866][  0]LogInit: FAudioDevice initialized.
[2015.11.01-19.34.58:880][  0]LogDerivedDataCache: Saved boot cache 0.01s 41MB C:/Users/aehrlich92/AppData/Local/UnrealEngine/4.9/DerivedDataCache/Boot.ddc.
[2015.11.01-19.34.58:883][  0]LogInit: Texture streaming: Enabled
[2015.11.01-19.34.58:887][  0]LogAnalytics: Creating configured Analytics provider AnalyticsET
[2015.11.01-19.34.58:887][  0]LogAnalytics: [UEEditor.Rocket.Release] APIServer = http://et2.epicgames.com/ET2/. AppVersion = 4.9.1-2689999+++depot+UE4-Releases+4.9
[2015.11.01-19.34.58:887][  0]LogAnalytics: [UEEditor.Rocket.Release] SetUserId 7bdbd2584788e6e37f918c9187bab22c|b300224d71e64562a5bff06c2aaa78f8|45aed112-7b58-41bf-9eba-b8dcb7f9dd12
[2015.11.01-19.34.58:887][  0]LogAnalytics: [UEEditor.Rocket.Release] AnalyticsET::StartSession
[2015.11.01-19.34.58:913][  0]LogInit: Transaction tracking system initialized
[2015.11.01-19.34.58:933][  0]BlueprintLog: New page: Editor Load
[2015.11.01-19.34.58:988][  0]LocalizationService: Info Localization service is disabled
[2015.11.01-19.34.59:042][  0]LogConsoleResponse:Display: 
[2015.11.01-19.34.59:121][  0]LogCook:Display: Done creating registry. It took  0.00s.
[2015.11.01-19.34.59:158][  0]LogFileCache: Scanning file cache for directory 'F:/My Media/UCF Documents/DIG 4725/Game-Files/SuperSpaceArmada/Content/' took 0.01s
[2015.11.01-19.34.59:158][  0]SourceControl: Info Source control is disabled
[2015.11.01-19.34.59:158][  0]Cmd: MAP LOAD FILE="../../../../../../../My Media/UCF Documents/DIG 4725/Game-Files/SuperSpaceArmada/Content/SSA/Maps/Home_Kratakos.umap" TEMPLATE=0 SHOWPROGRESS=1 FEATURELEVEL=3
[2015.11.01-19.34.59:158][  0]LightingResults: New page: Lighting Build
[2015.11.01-19.34.59:160][  0]MapCheck: New page: Map Check
[2015.11.01-19.34.59:160][  0]LightingResults: New page: Lighting Build
[2015.11.01-19.34.59:169][  0]LogParticles: Destroying 0 GPU particle simulations for FXSystem 0x0000000B79B79620
[2015.11.01-19.34.59:218][  0]LogLinker:Warning: Asset '../../../../../../../My Media/UCF Documents/DIG 4725/Game-Files/SuperSpaceArmada/Content/Mannequin/Animations/ThirdPerson_AnimBP.uasset' has been saved with empty engine version. The asset will be loaded but may be incompatible.
[2015.11.01-19.34.59:219][  0]LogLinker:Warning: Asset '../../../../../../../My Media/UCF Documents/DIG 4725/Game-Files/SuperSpaceArmada/Content/Mannequin/Animations/ThirdPerson_Jump.uasset' has been saved with empty engine version. The asset will be loaded but may be incompatible.
[2015.11.01-19.34.59:220][  0]LogLinker:Warning: Asset '../../../../../../../My Media/UCF Documents/DIG 4725/Game-Files/SuperSpaceArmada/Content/Mannequin/Animations/ThirdPersonJump_Loop.uasset' has been saved with empty engine version. The asset will be loaded but may be incompatible.
[2015.11.01-19.34.59:221][  0]LogLinker:Warning: Asset '../../../../../../../My Media/UCF Documents/DIG 4725/Game-Files/SuperSpaceArmada/Content/Mannequin/Animations/ThirdPersonJump_Start.uasset' has been saved with empty engine version. The asset will be loaded but may be incompatible.
[2015.11.01-19.34.59:222][  0]LogLinker:Warning: Asset '../../../../../../../My Media/UCF Documents/DIG 4725/Game-Files/SuperSpaceArmada/Content/Mannequin/Animations/ThirdPerson_IdleRun_2D.uasset' has been saved with empty engine version. The asset will be loaded but may be incompatible.
[2015.11.01-19.34.59:222][  0]LogLinker:Warning: Asset '../../../../../../../My Media/UCF Documents/DIG 4725/Game-Files/SuperSpaceArmada/Content/Mannequin/Animations/ThirdPersonIdle.uasset' has been saved with empty engine version. The asset will be loaded but may be incompatible.
[2015.11.01-19.34.59:223][  0]LogLinker:Warning: Asset '../../../../../../../My Media/UCF Documents/DIG 4725/Game-Files/SuperSpaceArmada/Content/Mannequin/Animations/ThirdPersonRun.uasset' has been saved with empty engine version. The asset will be loaded but may be incompatible.
[2015.11.01-19.34.59:223][  0]LogLinker:Warning: Asset '../../../../../../../My Media/UCF Documents/DIG 4725/Game-Files/SuperSpaceArmada/Content/Mannequin/Animations/ThirdPersonWalk.uasset' has been saved with empty engine version. The asset will be loaded but may be incompatible.
[2015.11.01-19.35.00:250][  0]LogBlueprint:Error: Broken Node: K2Node_CallFunction /Game/SSA/Blueprints/Objects/Debris.Debris:Debris Collision func.K2Node_CallFunction_3036 keeps removed/invalid pin: EdGraphPin /Game/SSA/Blueprints/Objects/Debris.Debris:Debris Collision func.K2Node_CallFunction_3036.EdGraphPin_189478. Try refresh all nodes.
[2015.11.01-19.35.00:250][  0]LogBlueprint:Error: Broken Node: K2Node_CallFunction /Game/SSA/Blueprints/Objects/Debris.Debris:Debris Collision func.K2Node_CallFunction_2761 keeps removed/invalid pin: EdGraphPin /Game/SSA/Blueprints/Objects/Debris.Debris:Debris Collision func.K2Node_CallFunction_2761.EdGraphPin_189448. Try refresh all nodes.
[2015.11.01-19.35.00:461][  0]LogBlueprint:Error: Broken Node: K2Node_CallFunction /Game/SSA/Blueprints/Objects/Debris.Debris:Debris Collision func.K2Node_CallFunction_2761 keeps removed/invalid pin: EdGraphPin /Game/SSA/Blueprints/Objects/Debris.Debris:Debris Collision func.K2Node_CallFunction_2761.EdGraphPin_189448. Try refresh all nodes.
[2015.11.01-19.35.00:461][  0]LogBlueprint:Error: Broken Node: K2Node_CallFunction /Game/SSA/Blueprints/Objects/Debris.Debris:Debris Collision func.K2Node_CallFunction_3036 keeps removed/invalid pin: EdGraphPin /Game/SSA/Blueprints/Objects/Debris.Debris:Debris Collision func.K2Node_CallFunction_3036.EdGraphPin_189478. Try refresh all nodes.
[2015.11.01-19.35.00:899][  0]LogLinker:Warning: Can't find file '/Game/Geometry/Meshes/1M_Cube'
[2015.11.01-19.35.00:899][  0]LogLinker:Warning: Can't find file for asset '/Game/Geometry/Meshes/1M_Cube' while loading ../../../../../../../My Media/UCF Documents/DIG 4725/Game-Files/SuperSpaceArmada/Content/SSA/Blueprints/Objects/Crystal_Spawner.uasset.
[2015.11.01-19.35.00:899][  0]LoadErrors:Error: Error /Game/SSA/Blueprints/Objects/Crystal_Spawner : Can't find file for asset. /Game/Geometry/Meshes/1M_Cube
[2015.11.01-19.35.00:900][  0]LogLinker:Warning: Can't find file '/Game/Geometry/Meshes/1M_Cube'
[2015.11.01-19.35.00:900][  0]LogLinker:Warning: Can't find file for asset '/Game/Geometry/Meshes/1M_Cube' while loading ../../../../../../../My Media/UCF Documents/DIG 4725/Game-Files/SuperSpaceArmada/Content/SSA/Blueprints/Objects/Crystal_Spawner.uasset.
[2015.11.01-19.35.00:900][  0]LoadErrors:Error: Error /Game/SSA/Blueprints/Objects/Crystal_Spawner : Can't find file for asset. /Game/Geometry/Meshes/1M_Cube
[2015.11.01-19.35.00:901][  0]LogLinker:Warning: Can't find file '/Game/Geometry/Meshes/1M_Cube'
[2015.11.01-19.35.00:901][  0]LogLinker:Warning: Can't find file for asset '/Game/Geometry/Meshes/1M_Cube' while loading ../../../../../../../My Media/UCF Documents/DIG 4725/Game-Files/SuperSpaceArmada/Content/SSA/Maps/Home_Kratakos.umap.
[2015.11.01-19.35.00:901][  0]LoadErrors:Error: Error /Game/SSA/Maps/Home_Kratakos : Can't find file for asset. /Game/Geometry/Meshes/1M_Cube
[2015.11.01-19.35.00:901][  0]LogLinker:Warning: Can't find file '/Game/Geometry/Meshes/1M_Cube'
[2015.11.01-19.35.00:901][  0]LogLinker:Warning: Can't find file for asset '/Game/Geometry/Meshes/1M_Cube' while loading ../../../../../../../My Media/UCF Documents/DIG 4725/Game-Files/SuperSpaceArmada/Content/SSA/Maps/Home_Kratakos.umap.
[2015.11.01-19.35.00:901][  0]LoadErrors:Error: Error /Game/SSA/Maps/Home_Kratakos : Can't find file for asset. /Game/Geometry/Meshes/1M_Cube
[2015.11.01-19.35.00:901][  0]LogLinker:Warning: Can't find file '/Game/Geometry/Meshes/1M_Cube'
[2015.11.01-19.35.00:902][  0]LoadErrors: Info Failed to load /Game/Geometry/Meshes/1M_Cube.1M_Cube Referenced by StaticMeshComponent0
[2015.11.01-19.35.00:902][  0]LogLinker:Warning: Can't find file for asset '/Game/Geometry/Meshes/1M_Cube' while loading ../../../../../../../My Media/UCF Documents/DIG 4725/Game-Files/SuperSpaceArmada/Content/SSA/Maps/Home_Kratakos.umap.
[2015.11.01-19.35.00:902][  0]LoadErrors: Info Failed to load /Game/Geometry/Meshes/1M_Cube.1M_Cube Referenced by StaticMeshComponent0
[2015.11.01-19.35.00:902][  0]LoadErrors:Error: Error /Game/SSA/Maps/Home_Kratakos : Can't find file for asset. /Game/Geometry/Meshes/1M_Cube
[2015.11.01-19.35.01:634][  0]LogAIModule: Creating AISystem for world Home_Kratakos
[2015.11.01-19.35.01:638][  0]LogEditorServer: Finished looking for orphan Actors (0.000 secs)
[2015.11.01-19.35.01:639][  0]Cmd: MAP CHECKDEP NOCLEARLOG
[2015.11.01-19.35.01:690][  0]MapCheck: Info Map check complete: 0 Error(s), 0 Warning(s), took 50.819ms to complete.
[2015.11.01-19.35.01:690][  0]LogFileHelpers: Loading map 'Home_Kratakos' took 2.532
[2015.11.01-19.35.01:774][  0]LogCollectionManager: Loaded 0 collections in 0.000995 seconds
[2015.11.01-19.35.01:818][  0]LogFileCache: Scanning file cache for directory 'F:/My Media/UCF Documents/DIG 4725/Game-Files/SuperSpaceArmada/Saved/Collections/' took 0.01s
[2015.11.01-19.35.01:818][  0]LogFileCache: Scanning file cache for directory 'F:/My Media/UCF Documents/DIG 4725/Game-Files/SuperSpaceArmada/Content/Developers/aehrlich92/Collections/' took 0.01s
[2015.11.01-19.35.01:818][  0]LogFileCache: Scanning file cache for directory 'F:/My Media/UCF Documents/DIG 4725/Game-Files/SuperSpaceArmada/Content/Collections/' took 0.01s
[2015.11.01-19.35.01:818][  0]LogContentBrowser: Native class hierarchy populated in 0.0112 seconds. Added 1882 classes and 339 folders.
[2015.11.01-19.35.01:829][  0]LogCollectionManager: Rebuilt the GUID cache for 0 collections in 0.000004 seconds
[2015.11.01-19.35.01:837][  0]LogContentBrowser: Native class hierarchy updated for 'WidgetCarousel' in 0.0005 seconds. Added 0 classes and 0 folders.
[2015.11.01-19.35.01:880][  0]LogContentBrowser: Native class hierarchy updated for 'AddContentDialog' in 0.0002 seconds. Added 0 classes and 0 folders.
[2015.11.01-19.35.01:882][  0]LogContentBrowser: Native class hierarchy updated for 'SceneOutliner' in 0.0002 seconds. Added 1 classes and 2 folders.
[2015.11.01-19.35.01:906][  0]LogCrashTracker: Crashtracker disabled due to settings.
[2015.11.01-19.35.01:908][  0]LogUObjectGlobals:Warning: Failed to find object 'Class None.'
[2015.11.01-19.35.01:930][  0]LogLoad: Full Startup: 6.86 seconds (BP compile: 0.80 seconds)
[2015.11.01-19.35.01:939][  0]LoadErrors:Error: Error /Game/SSA/Blueprints/Player : Failed import for Player_C /Game/SSA/Blueprints/Player/Player.Default__Player_C
[2015.11.01-19.35.01:990][  0]LogContentStreaming: Texture pool size now 1000 MB
[2015.11.01-19.35.02:089][  0]LogRenderer: Reallocating scene render targets to support 1208x584 (Frame:2).
[2015.11.01-19.35.02:515][ 13]LogAssetRegistry: Asset discovery search completed in 4.1421 seconds
[2015.11.01-19.35.02:515][ 13]LogCollectionManager: Rebuilt the object cache for 0 collections in 0.000001 seconds (found 0 objects)
[2015.11.01-19.35.02:515][ 13]LogCollectionManager: Fixed up redirectors for 0 collections in 0.000014 seconds (updated 0 objects)
[2015.11.01-19.35.14:614][138]LogAIModule: Creating AISystem for world Ship_Selection
[2015.11.01-19.35.14:622][138]LogActorComponent: UnregisterComponent: (/Engine/Transient.CharMoveComp) Not registered. Aborting.
[2015.11.01-19.35.14:622][138]LogActorComponent: UnregisterComponent: (/Engine/Transient.CharacterMovementComponent_0) Not registered. Aborting.
[2015.11.01-19.35.14:622][138]LogActorComponent: UnregisterComponent: (/Engine/Transient.CharacterMovementComponent_1) Not registered. Aborting.
[2015.11.01-19.35.14:622][138]LogActorComponent: UnregisterComponent: (/Engine/Transient.CharacterMovementComponent_2) Not registered. Aborting.
[2015.11.01-19.35.14:622][138]LogActorComponent: UnregisterComponent: (/Engine/Transient.CharacterMovementComponent_3) Not registered. Aborting.
[2015.11.01-19.35.14:703][138]Cmd: MAP LOAD FILE="../../../../../../../My Media/UCF Documents/DIG 4725/Game-Files/SuperSpaceArmada/Content/SSA/Maps/Ship_Selection.umap" TEMPLATE=0 SHOWPROGRESS=1 FEATURELEVEL=3
[2015.11.01-19.35.14:703][138]LightingResults: New page: Lighting Build
[2015.11.01-19.35.14:714][138]LoadErrors: New page: Loading map: Ship_Selection.umap
[2015.11.01-19.35.14:714][138]MapCheck: New page: Map Check
[2015.11.01-19.35.14:714][138]LightingResults: New page: Lighting Build
[2015.11.01-19.35.14:726][138]LogParticles: Destroying 0 GPU particle simulations for FXSystem 0x0000000B087036A0
[2015.11.01-19.35.14:730][138]LogPhysics:Warning: FConstraintInstance::GetRefFrame : Contained scale.
[2015.11.01-19.35.14:730][138]LogPhysics:Warning: FConstraintInstance::GetRefFrame : Contained scale.
[2015.11.01-19.35.14:730][138]LogPhysics:Warning: FConstraintInstance::GetRefFrame : Contained scale.
[2015.11.01-19.35.14:730][138]LogPhysics:Warning: FConstraintInstance::GetRefFrame : Contained scale.
[2015.11.01-19.35.14:732][138]LogEditorServer: Finished looking for orphan Actors (0.000 secs)
[2015.11.01-19.35.14:752][138]Cmd: MAP CHECKDEP NOCLEARLOG
[2015.11.01-19.35.14:805][138]MapCheck: Info Map check complete: 0 Error(s), 0 Warning(s), took 51.937ms to complete.
[2015.11.01-19.35.14:805][138]LogFileHelpers: Loading map 'Ship_Selection' took 0.102
[2015.11.01-19.35.16:165][297]LogBlueprintUserMessages: Early PlayInEditor Detection: Level '/Game/SSA/Maps/Ship_Selection.Ship_Selection:PersistentLevel' has LevelScriptBlueprint '/Game/SSA/Maps/Ship_Selection.Ship_Selection:PersistentLevel.Ship_Selection' with GeneratedClass '/Game/SSA/Maps/Ship_Selection.Ship_Selection_C' with ClassGeneratedBy '/Game/SSA/Maps/Ship_Selection.Ship_Selection:PersistentLevel.Ship_Selection'
[2015.11.01-19.35.16:165][297]LogPlayLevel: PlayLevel: No blueprints needed recompiling
[2015.11.01-19.35.16:165][297]PIE: New page: PIE session: Ship_Selection (Nov 1, 2015, 9:35:16 AM)
[2015.11.01-19.35.16:165][297]LogPlayLevel: Creating play world package: /Game/SSA/Maps/UEDPIE_0_Ship_Selection
[2015.11.01-19.35.16:167][297]LogPlayLevel: PIE: StaticDuplicateObject took: (0.002145s)
[2015.11.01-19.35.16:168][297]LogAIModule: Creating AISystem for world Ship_Selection
[2015.11.01-19.35.16:168][297]LogPlayLevel: PIE: World Init took: (0.000369s)
[2015.11.01-19.35.16:168][297]LogPlayLevel: PIE: Created PIE world by copying editor world from /Game/SSA/Maps/Ship_Selection.Ship_Selection to /Game/SSA/Maps/UEDPIE_0_Ship_Selection.Ship_Selection (0.002646s)
[2015.11.01-19.35.16:186][297]LogInit: XAudio2 using 'Speakers (Realtek High Definition Audio)' : 8 channels at 48 kHz using 32 bits per sample (channel mask 0x63f)
[2015.11.01-19.35.16:191][297]LogInit: FAudioDevice initialized.
[2015.11.01-19.35.16:232][297]LogLinker:Warning: Can't find file '/Game/TopDownBP/Blueprints/TopDownGameMode'
[2015.11.01-19.35.16:232][297]LogLinker:Warning: Can't find file '/Game/TopDownBP/Blueprints/TopDownGameMode'
[2015.11.01-19.35.16:232][297]LogUObjectGlobals:Warning: Failed to find object 'Class /Game/TopDownBP/Blueprints/TopDownGameMode.TopDownGameMode_C'
[2015.11.01-19.35.16:232][297]LogWorld: Game class is 'GameMode'
[2015.11.01-19.35.16:235][297]LogPhysics:Warning: FConstraintInstance::GetRefFrame : Contained scale.
[2015.11.01-19.35.16:235][297]LogPhysics:Warning: FConstraintInstance::GetRefFrame : Contained scale.
[2015.11.01-19.35.16:235][297]LogPhysics:Warning: FConstraintInstance::GetRefFrame : Contained scale.
[2015.11.01-19.35.16:235][297]LogPhysics:Warning: FConstraintInstance::GetRefFrame : Contained scale.
[2015.11.01-19.35.16:235][297]LogWorld: Bringing World /Game/SSA/Maps/UEDPIE_0_Ship_Selection.Ship_Selection up for play (max tick rate 0) at 2015.11.01-14.35.16
[2015.11.01-19.35.16:235][297]LogActor:Warning: GameSession /Game/SSA/Maps/UEDPIE_0_Ship_Selection.Ship_Selection:PersistentLevel.GameSession_0 has natively added scene component(s), but none of them were set as the actor's RootComponent - picking one arbitrarily
[2015.11.01-19.35.16:235][297]LogActor:Warning: GameNetworkManager /Game/SSA/Maps/UEDPIE_0_Ship_Selection.Ship_Selection:PersistentLevel.GameNetworkManager_0 has natively added scene component(s), but none of them were set as the actor's RootComponent - picking one arbitrarily
[2015.11.01-19.35.16:236][297]LogWorld: Bringing up level for play took: 0.002612
[2015.11.01-19.35.16:238][297]PIE: Info Play in editor start time for /Game/SSA/Maps/UEDPIE_0_Ship_Selection 0.065
[2015.11.01-19.35.16:238][297]LogBlueprintUserMessages: Late PlayInEditor Detection: Level '/Game/SSA/Maps/Ship_Selection.Ship_Selection:PersistentLevel' has LevelScriptBlueprint '/Game/SSA/Maps/Ship_Selection.Ship_Selection:PersistentLevel.Ship_Selection' with GeneratedClass '/Game/SSA/Maps/Ship_Selection.Ship_Selection_C' with ClassGeneratedBy '/Game/SSA/Maps/Ship_Selection.Ship_Selection:PersistentLevel.Ship_Selection'
[2015.11.01-19.35.18:956][622]LogBlueprintUserMessages: [Ship_Selection_C_7] Opening now
[2015.11.01-19.35.19:481][681]LogPackageName: SearchForPackageOnDisk took   0.033s to resolve Home_Kratakos.umap.
[2015.11.01-19.35.19:518][682]LogPackageName: SearchForPackageOnDisk took   0.033s to resolve Home_Kratakos.umap.
[2015.11.01-19.35.19:518][682]LogNet: Browse: /Game/SSA/Maps/Home_Kratakos
[2015.11.01-19.35.19:518][682]LogLoad: LoadMap: /Game/SSA/Maps/Home_Kratakos
[2015.11.01-19.35.19:531][682]LogParticles: Destroying 0 GPU particle simulations for FXSystem 0x0000000B10A896C0
[2015.11.01-19.35.19:533][682]Cmd: MEM
[2015.11.01-19.35.19:546][682]LogMemory: Platform Memory Stats for Windows
[2015.11.01-19.35.19:546][682]LogMemory: Process Physical Memory: 964.46 MB used, 983.41 MB peak
[2015.11.01-19.35.19:546][682]LogMemory: Process Virtual Memory: 1589.88 MB used, 1620.60 MB peak
[2015.11.01-19.35.19:546][682]LogMemory: Physical Memory: 6183.65 MB used, 16322.88 MB total
[2015.11.01-19.35.19:546][682]LogMemory: Virtual Memory: 2349.42 MB used, 134217728.00 MB total
[2015.11.01-19.35.19:546][682]LogMemory: 
[2015.11.01-19.35.19:546][682]Allocator Stats for TBB: (not implemented)
[2015.11.01-19.35.20:365][682]LogAIModule: Creating AISystem for world Home_Kratakos
[2015.11.01-19.35.20:366][682]LogWorld: Game class is 'TopDownGameMode_C'
[2015.11.01-19.35.20:370][682]LogWorld:Warning: *** WARNING - PATHS MAY NOT BE VALID ***
[2015.11.01-19.35.20:370][682]LogWorld: Bringing World /Game/SSA/Maps/UEDPIE_0_Home_Kratakos.Home_Kratakos up for play (max tick rate 0) at 2015.11.01-14.35.20
[2015.11.01-19.35.20:370][682]LogActor:Warning: GameSession /Game/SSA/Maps/UEDPIE_0_Home_Kratakos.Home_Kratakos:PersistentLevel.GameSession_1 has natively added scene component(s), but none of them were set as the actor's RootComponent - picking one arbitrarily
[2015.11.01-19.35.20:370][682]LogActor:Warning: GameNetworkManager /Game/SSA/Maps/UEDPIE_0_Home_Kratakos.Home_Kratakos:PersistentLevel.GameNetworkManager_1 has natively added scene component(s), but none of them were set as the actor's RootComponent - picking one arbitrarily
[2015.11.01-19.35.20:371][682]LogWorld: Bringing up level for play took: 0.004348
[2015.11.01-19.35.22:802][969]LogPackageName: SearchForPackageOnDisk took   0.031s to resolve Ship_Selection.umap.
[2015.11.01-19.35.22:839][970]LogPackageName: SearchForPackageOnDisk took   0.033s to resolve Ship_Selection.umap.
[2015.11.01-19.35.22:839][970]LogNet: Browse: /Game/SSA/Maps/Ship_Selection
[2015.11.01-19.35.22:839][970]LogLoad: LoadMap: /Game/SSA/Maps/Ship_Selection
[2015.11.01-19.35.22:856][970]LogParticles: Destroying 0 GPU particle simulations for FXSystem 0x0000000B106E87C0
[2015.11.01-19.35.22:857][970]Cmd: MEM
[2015.11.01-19.35.22:868][970]LogMemory: Platform Memory Stats for Windows
[2015.11.01-19.35.22:868][970]LogMemory: Process Physical Memory: 1356.43 MB used, 1378.57 MB peak
[2015.11.01-19.35.22:868][970]LogMemory: Process Virtual Memory: 2055.19 MB used, 2074.52 MB peak
[2015.11.01-19.35.22:868][970]LogMemory: Physical Memory: 6533.29 MB used, 16322.88 MB total
[2015.11.01-19.35.22:868][970]LogMemory: Virtual Memory: 2797.17 MB used, 134217728.00 MB total
[2015.11.01-19.35.22:868][970]LogMemory: 
[2015.11.01-19.35.22:868][970]Allocator Stats for TBB: (not implemented)
[2015.11.01-19.35.22:868][970]LogPlayLevel: Creating play world package: /Game/SSA/Maps/UEDPIE_0_Ship_Selection
[2015.11.01-19.35.22:870][970]LogPlayLevel: PIE: StaticDuplicateObject took: (0.002180s)
[2015.11.01-19.35.22:870][970]LogAIModule: Creating AISystem for world Ship_Selection
[2015.11.01-19.35.22:870][970]LogPlayLevel: PIE: World Init took: (0.000385s)
[2015.11.01-19.35.22:871][970]LogPlayLevel: PIE: Created PIE world by copying editor world from /Game/SSA/Maps/Ship_Selection.Ship_Selection to /Game/SSA/Maps/UEDPIE_0_Ship_Selection.Ship_Selection (0.002700s)
[2015.11.01-19.35.22:871][970]LogLinker:Warning: Can't find file '/Game/TopDownBP/Blueprints/TopDownGameMode'
[2015.11.01-19.35.22:871][970]LogLinker:Warning: Can't find file '/Game/TopDownBP/Blueprints/TopDownGameMode'
[2015.11.01-19.35.22:871][970]LogUObjectGlobals:Warning: Failed to find object 'Class /Game/TopDownBP/Blueprints/TopDownGameMode.TopDownGameMode_C'
[2015.11.01-19.35.22:871][970]LogWorld: Game class is 'GameMode'
[2015.11.01-19.35.22:873][970]LogPhysics:Warning: FConstraintInstance::GetRefFrame : Contained scale.
[2015.11.01-19.35.22:873][970]LogPhysics:Warning: FConstraintInstance::GetRefFrame : Contained scale.
[2015.11.01-19.35.22:873][970]LogPhysics:Warning: FConstraintInstance::GetRefFrame : Contained scale.
[2015.11.01-19.35.22:873][970]LogPhysics:Warning: FConstraintInstance::GetRefFrame : Contained scale.
[2015.11.01-19.35.22:874][970]LogWorld: Bringing World /Game/SSA/Maps/UEDPIE_0_Ship_Selection.Ship_Selection up for play (max tick rate 0) at 2015.11.01-14.35.22
[2015.11.01-19.35.22:874][970]LogActor:Warning: GameSession /Game/SSA/Maps/UEDPIE_0_Ship_Selection.Ship_Selection:PersistentLevel.GameSession_2 has natively added scene component(s), but none of them were set as the actor's RootComponent - picking one arbitrarily
[2015.11.01-19.35.22:874][970]LogActor:Warning: GameNetworkManager /Game/SSA/Maps/UEDPIE_0_Ship_Selection.Ship_Selection:PersistentLevel.GameNetworkManager_2 has natively added scene component(s), but none of them were set as the actor's RootComponent - picking one arbitrarily
[2015.11.01-19.35.22:874][970]LogWorld: Bringing up level for play took: 0.002455
[2015.11.01-19.35.22:875][970]LogGameMode: Warning - PATHS NOT DEFINED or NO PLAYERSTART with positive rating
[2015.11.01-19.35.26:217][371]LogBlueprintUserMessages: [Ship_Selection_C_9] Opening now
[2015.11.01-19.35.26:741][430]LogPackageName: SearchForPackageOnDisk took   0.031s to resolve Home_Kratakos.umap.
[2015.11.01-19.35.26:777][431]LogPackageName: SearchForPackageOnDisk took   0.032s to resolve Home_Kratakos.umap.
[2015.11.01-19.35.26:777][431]LogNet: Browse: /Game/SSA/Maps/Home_Kratakos
[2015.11.01-19.35.26:777][431]LogLoad: LoadMap: /Game/SSA/Maps/Home_Kratakos
[2015.11.01-19.35.26:792][431]LogParticles: Destroying 0 GPU particle simulations for FXSystem 0x0000000B10A8B100
[2015.11.01-19.35.26:792][431]Cmd: MEM
[2015.11.01-19.35.26:805][431]LogMemory: Platform Memory Stats for Windows
[2015.11.01-19.35.26:805][431]LogMemory: Process Physical Memory: 1350.15 MB used, 1394.27 MB peak
[2015.11.01-19.35.26:805][431]LogMemory: Process Virtual Memory: 1962.06 MB used, 2089.11 MB peak
[2015.11.01-19.35.26:805][431]LogMemory: Physical Memory: 6526.48 MB used, 16322.88 MB total
[2015.11.01-19.35.26:805][431]LogMemory: Virtual Memory: 2805.11 MB used, 134217728.00 MB total
[2015.11.01-19.35.26:805][431]LogMemory: 
[2015.11.01-19.35.26:805][431]Allocator Stats for TBB: (not implemented)
[2015.11.01-19.35.26:820][431]LogLinker:Warning: Asset '../../../../../../../My Media/UCF Documents/DIG 4725/Game-Files/SuperSpaceArmada/Content/Mannequin/Animations/ThirdPerson_AnimBP.uasset' has been saved with empty engine version. The asset will be loaded but may be incompatible.
[2015.11.01-19.35.26:821][431]LogLinker:Warning: Asset '../../../../../../../My Media/UCF Documents/DIG 4725/Game-Files/SuperSpaceArmada/Content/Mannequin/Animations/ThirdPerson_Jump.uasset' has been saved with empty engine version. The asset will be loaded but may be incompatible.
[2015.11.01-19.35.26:822][431]LogLinker:Warning: Asset '../../../../../../../My Media/UCF Documents/DIG 4725/Game-Files/SuperSpaceArmada/Content/Mannequin/Animations/ThirdPersonJump_Loop.uasset' has been saved with empty engine version. The asset will be loaded but may be incompatible.
[2015.11.01-19.35.26:822][431]LogLinker:Warning: Asset '../../../../../../../My Media/UCF Documents/DIG 4725/Game-Files/SuperSpaceArmada/Content/Mannequin/Animations/ThirdPersonJump_Start.uasset' has been saved with empty engine version. The asset will be loaded but may be incompatible.
[2015.11.01-19.35.26:823][431]LogLinker:Warning: Asset '../../../../../../../My Media/UCF Documents/DIG 4725/Game-Files/SuperSpaceArmada/Content/Mannequin/Animations/ThirdPerson_IdleRun_2D.uasset' has been saved with empty engine version. The asset will be loaded but may be incompatible.
[2015.11.01-19.35.26:823][431]LogLinker:Warning: Asset '../../../../../../../My Media/UCF Documents/DIG 4725/Game-Files/SuperSpaceArmada/Content/Mannequin/Animations/ThirdPersonIdle.uasset' has been saved with empty engine version. The asset will be loaded but may be incompatible.
[2015.11.01-19.35.26:824][431]LogLinker:Warning: Asset '../../../../../../../My Media/UCF Documents/DIG 4725/Game-Files/SuperSpaceArmada/Content/Mannequin/Animations/ThirdPersonRun.uasset' has been saved with empty engine version. The asset will be loaded but may be incompatible.
[2015.11.01-19.35.26:824][431]LogLinker:Warning: Asset '../../../../../../../My Media/UCF Documents/DIG 4725/Game-Files/SuperSpaceArmada/Content/Mannequin/Animations/ThirdPersonWalk.uasset' has been saved with empty engine version. The asset will be loaded but may be incompatible.
[2015.11.01-19.35.27:028][431]LogLinker:Warning: Can't find file '/Game/Geometry/Meshes/1M_Cube'
[2015.11.01-19.35.27:028][431]LogLinker:Warning: Can't find file for asset '/Game/Geometry/Meshes/1M_Cube' while loading ../../../../../../../My Media/UCF Documents/DIG 4725/Game-Files/SuperSpaceArmada/Content/SSA/Blueprints/Objects/Crystal_Spawner.uasset.
[2015.11.01-19.35.27:028][431]LoadErrors:Error: Error /Game/SSA/Blueprints/Objects/Crystal_Spawner : Can't find file for asset. /Game/Geometry/Meshes/1M_Cube
[2015.11.01-19.35.27:028][431]LogLinker:Warning: Can't find file '/Game/Geometry/Meshes/1M_Cube'
[2015.11.01-19.35.27:028][431]LogLinker:Warning: Can't find file for asset '/Game/Geometry/Meshes/1M_Cube' while loading ../../../../../../../My Media/UCF Documents/DIG 4725/Game-Files/SuperSpaceArmada/Content/SSA/Blueprints/Objects/Crystal_Spawner.uasset.
[2015.11.01-19.35.27:087][431]LogAIModule: Creating AISystem for world Home_Kratakos
[2015.11.01-19.35.27:087][431]LogWorld: Game class is 'TopDownGameMode_C'
[2015.11.01-19.35.27:091][431]LogWorld:Warning: *** WARNING - PATHS MAY NOT BE VALID ***
[2015.11.01-19.35.27:091][431]LogWorld: Bringing World /Game/SSA/Maps/UEDPIE_0_Home_Kratakos.Home_Kratakos up for play (max tick rate 0) at 2015.11.01-14.35.27
[2015.11.01-19.35.27:091][431]LogActor:Warning: GameSession /Game/SSA/Maps/UEDPIE_0_Home_Kratakos.Home_Kratakos:PersistentLevel.GameSession_3 has natively added scene component(s), but none of them were set as the actor's RootComponent - picking one arbitrarily
[2015.11.01-19.35.27:091][431]LogActor:Warning: GameNetworkManager /Game/SSA/Maps/UEDPIE_0_Home_Kratakos.Home_Kratakos:PersistentLevel.GameNetworkManager_3 has natively added scene component(s), but none of them were set as the actor's RootComponent - picking one arbitrarily
[2015.11.01-19.35.27:092][431]LogWorld: Bringing up level for play took: 0.004355
[2015.11.01-19.35.27:104][432]LoadErrors:Error: Error /Game/SSA/Blueprints/Player : Failed import for Player_C /Game/SSA/Blueprints/Player/Player.Default__Player_C
[2015.11.01-19.35.29:456][714]LogBlueprintUserMessages: Early EndPlayMap Detection: Level '/Game/SSA/Maps/Ship_Selection.Ship_Selection:PersistentLevel' has LevelScriptBlueprint '/Game/SSA/Maps/Ship_Selection.Ship_Selection:PersistentLevel.Ship_Selection' with GeneratedClass '/Game/SSA/Maps/Ship_Selection.Ship_Selection_C' with ClassGeneratedBy '/Game/SSA/Maps/Ship_Selection.Ship_Selection:PersistentLevel.Ship_Selection'
[2015.11.01-19.35.29:486][714]LogBlueprintUserMessages: Late EndPlayMap Detection: Level '/Game/SSA/Maps/Ship_Selection.Ship_Selection:PersistentLevel' has LevelScriptBlueprint '/Game/SSA/Maps/Ship_Selection.Ship_Selection:PersistentLevel.Ship_Selection' with GeneratedClass '/Game/SSA/Maps/Ship_Selection.Ship_Selection_C' with ClassGeneratedBy '/Game/SSA/Maps/Ship_Selection.Ship_Selection:PersistentLevel.Ship_Selection'
[2015.11.01-19.35.29:518][715]LogParticles: Destroying 0 GPU particle simulations for FXSystem 0x0000000B1071A980
[2015.11.01-19.35.32:469][ 60]LogWindowsTextInputMethodSystem:Display: IME system now deactivated.
[2015.11.01-19.35.32:674][ 61]Cmd: QUIT_EDITOR
[2015.11.01-19.35.33:719][ 61]LogExit: Preparing to exit.
[2015.11.01-19.35.34:518][ 61]LogExit: Editor shut down
[2015.11.01-19.35.34:518][ 61]LogExit: Transaction tracking system shut down
[2015.11.01-19.35.34:521][ 61]LogParticles: Destroying 0 GPU particle simulations for FXSystem 0x0000000B1101F4C0
[2015.11.01-19.35.34:521][ 61]LogParticles: Destroying 0 GPU particle simulations for FXSystem 0x0000000B0FF7A0C0
[2015.11.01-19.35.34:523][ 61]LogParticles: Destroying 0 GPU particle simulations for FXSystem 0x0000000B10694720
[2015.11.01-19.35.34:663][ 61]LogExit: Object subsystem successfully closed.
[2015.11.01-19.35.34:678][ 61]LogD3D11RHI: Shutdown
[2015.11.01-19.35.34:678][ 61]LogD3D11RHI: CleanupD3DDevice
[2015.11.01-19.35.34:720][ 61]LogD3D11RHI: ~FD3D11DynamicRHI
[2015.11.01-19.35.34:731][ 61]LogModuleManager: Shutting down and abandoning module CrashTracker (199)
[2015.11.01-19.35.34:731][ 61]LogModuleManager: Shutting down and abandoning module SceneOutliner (198)
[2015.11.01-19.35.34:731][ 61]LogModuleManager: Shutting down and abandoning module SuperSearch (197)
[2015.11.01-19.35.34:731][ 61]LogModuleManager: Shutting down and abandoning module WidgetCarousel (196)
[2015.11.01-19.35.34:731][ 61]LogModuleManager: Shutting down and abandoning module AddContentDialog (195)
[2015.11.01-19.35.34:731][ 61]LogModuleManager: Shutting down and abandoning module EditorWidgets (194)
[2015.11.01-19.35.34:731][ 61]LogModuleManager: Shutting down and abandoning module CollectionManager (193)
[2015.11.01-19.35.34:731][ 61]LogModuleManager: Shutting down and abandoning module StatsViewer (192)
[2015.11.01-19.35.34:731][ 61]LogModuleManager: Shutting down and abandoning module FoliageEdit (191)
[2015.11.01-19.35.34:731][ 61]LogModuleManager: Shutting down and abandoning module LandscapeEditor (190)
[2015.11.01-19.35.34:732][ 61]LogModuleManager: Shutting down and abandoning module ActorPickerMode (189)
[2015.11.01-19.35.34:732][ 61]LogModuleManager: Shutting down and abandoning module GeometryMode (188)
[2015.11.01-19.35.34:732][ 61]LogModuleManager: Shutting down and abandoning module TextureAlignMode (187)
[2015.11.01-19.35.34:732][ 61]LogModuleManager: Shutting down and abandoning module BspMode (186)
[2015.11.01-19.35.34:732][ 61]LogModuleManager: Shutting down and abandoning module PlacementMode (185)
[2015.11.01-19.35.34:732][ 61]LogModuleManager: Shutting down and abandoning module AutomationWorker (184)
[2015.11.01-19.35.34:732][ 61]LogModuleManager: Shutting down and abandoning module CharacterAI (183)
[2015.11.01-19.35.34:732][ 61]LogModuleManager: Shutting down and abandoning module SmartSnapping (182)
[2015.11.01-19.35.34:732][ 61]LogModuleManager: Shutting down and abandoning module ViewportSnapping (181)
[2015.11.01-19.35.34:732][ 61]LogModuleManager: Shutting down and abandoning module LogVisualizer (180)
[2015.11.01-19.35.34:732][ 61]LogModuleManager: Shutting down and abandoning module GameProjectGeneration (179)
[2015.11.01-19.35.34:732][ 61]LogModuleManager: Shutting down and abandoning module IntroTutorials (178)
[2015.11.01-19.35.34:732][ 61]LogModuleManager: Shutting down and abandoning module EditorLiveStreaming (177)
[2015.11.01-19.35.34:732][ 61]LogModuleManager: Shutting down and abandoning module IOSPlatformEditor (176)
[2015.11.01-19.35.34:732][ 61]LogModuleManager: Shutting down and abandoning module HTML5PlatformEditor (175)
[2015.11.01-19.35.34:732][ 61]LogModuleManager: Shutting down and abandoning module AndroidDeviceDetection (174)
[2015.11.01-19.35.35:022][ 61]LogModuleManager: Shutting down and abandoning module AndroidPlatformEditor (173)
[2015.11.01-19.35.35:022][ 61]LogModuleManager: Shutting down and abandoning module IOSRuntimeSettings (172)
[2015.11.01-19.35.35:022][ 61]LogModuleManager: Shutting down and abandoning module AndroidRuntimeSettings (171)
[2015.11.01-19.35.35:022][ 61]LogModuleManager: Shutting down and abandoning module MergeActors (170)
[2015.11.01-19.35.35:022][ 61]LogModuleManager: Shutting down and abandoning module SizeMap (169)
[2015.11.01-19.35.35:022][ 61]LogModuleManager: Shutting down and abandoning module TreeMap (168)
[2015.11.01-19.35.35:022][ 61]LogModuleManager: Shutting down and abandoning module ReferenceViewer (167)
[2015.11.01-19.35.35:022][ 61]LogModuleManager: Shutting down and abandoning module LocalizationService (166)
[2015.11.01-19.35.35:022][ 61]LogModuleManager: Shutting down and abandoning module LocalizationDashboard (165)
[2015.11.01-19.35.35:022][ 61]LogModuleManager: Shutting down and abandoning module HardwareTargeting (164)
[2015.11.01-19.35.35:022][ 61]LogModuleManager: Shutting down and abandoning module DeviceProfileEditor (163)
[2015.11.01-19.35.35:022][ 61]LogModuleManager: Shutting down and abandoning module UndoHistory (162)
[2015.11.01-19.35.35:022][ 61]LogModuleManager: Shutting down and abandoning module GameplayTagsEditor (161)
[2015.11.01-19.35.35:022][ 61]LogModuleManager: Shutting down and abandoning module UserFeedback (160)
[2015.11.01-19.35.35:022][ 61]LogModuleManager: Shutting down and abandoning module XmlParser (159)
[2015.11.01-19.35.35:022][ 61]LogModuleManager: Shutting down and abandoning module Blutility (158)
[2015.11.01-19.35.35:022][ 61]LogModuleManager: Shutting down and abandoning module ProjectTargetPlatformEditor (157)
[2015.11.01-19.35.35:022][ 61]LogModuleManager: Shutting down and abandoning module ProjectSettingsViewer (156)
[2015.11.01-19.35.35:022][ 61]LogModuleManager: Shutting down and abandoning module InputBindingEditor (155)
[2015.11.01-19.35.35:022][ 61]LogModuleManager: Shutting down and abandoning module EditorSettingsViewer (154)
[2015.11.01-19.35.35:022][ 61]LogModuleManager: Shutting down and abandoning module SettingsEditor (153)
[2015.11.01-19.35.35:023][ 61]LogModuleManager: Shutting down and abandoning module ProjectLauncher (152)
[2015.11.01-19.35.35:023][ 61]LogModuleManager: Shutting down and abandoning module SessionFrontend (151)
[2015.11.01-19.35.35:023][ 61]LogModuleManager: Shutting down and abandoning module ProfilerClient (150)
[2015.11.01-19.35.35:023][ 61]LogModuleManager: Shutting down and abandoning module TargetDeviceServices (149)
[2015.11.01-19.35.35:023][ 61]LogModuleManager: Shutting down and abandoning module DeviceManager (148)
[2015.11.01-19.35.35:023][ 61]LogModuleManager: Shutting down and abandoning module AutomationController (147)
[2015.11.01-19.35.35:023][ 61]LogModuleManager: Shutting down and abandoning module AutomationWindow (146)
[2015.11.01-19.35.35:023][ 61]LogModuleManager: Shutting down and abandoning module Layers (145)
[2015.11.01-19.35.35:023][ 61]LogModuleManager: Shutting down and abandoning module ComponentVisualizers (144)
[2015.11.01-19.35.35:023][ 61]LogModuleManager: Shutting down and abandoning module DetailCustomizations (143)
[2015.11.01-19.35.35:023][ 61]LogModuleManager: Shutting down and abandoning module PackagesDialog (142)
[2015.11.01-19.35.35:023][ 61]LogModuleManager: Shutting down and abandoning module Persona (141)
[2015.11.01-19.35.35:023][ 61]LogModuleManager: Shutting down and abandoning module Kismet (140)
[2015.11.01-19.35.35:023][ 61]LogModuleManager: Shutting down and abandoning module GraphEditor (139)
[2015.11.01-19.35.35:023][ 61]LogModuleManager: Shutting down and abandoning module ClassViewer (138)
[2015.11.01-19.35.35:023][ 61]LogModuleManager: Shutting down and abandoning module Toolbox (137)
[2015.11.01-19.35.35:023][ 61]LogModuleManager: Shutting down and abandoning module ModuleUI (136)
[2015.11.01-19.35.35:023][ 61]LogModuleManager: Shutting down and abandoning module MovieSceneTools (135)
[2015.11.01-19.35.35:023][ 61]LogModuleManager: Shutting down and abandoning module OutputLog (134)
[2015.11.01-19.35.35:023][ 61]LogModuleManager: Shutting down and abandoning module GammaUI (133)
[2015.11.01-19.35.35:023][ 61]LogModuleManager: Shutting down and abandoning module Documentation (132)
[2015.11.01-19.35.35:023][ 61]LogModuleManager: Shutting down and abandoning module GameLiveStreaming (131)
[2015.11.01-19.35.35:023][ 61]LogModuleManager: Shutting down and abandoning module StreamingPauseRendering (130)
[2015.11.01-19.35.35:023][ 61]LogModuleManager: Shutting down and abandoning module AnalyticsET (129)
[2015.11.01-19.35.35:023][ 61]LogModuleManager: Shutting down and abandoning module Analytics (128)
[2015.11.01-19.35.35:023][ 61]LogModuleManager: Shutting down and abandoning module AITestSuite (127)
[2015.11.01-19.35.35:023][ 61]LogModuleManager: Shutting down and abandoning module GameplayDebugger (126)
[2015.11.01-19.35.35:023][ 61]LogModuleManager: Shutting down and abandoning module AIModule (125)
[2015.11.01-19.35.35:023][ 61]LogModuleManager: Shutting down and abandoning module ProfilerService (124)
[2015.11.01-19.35.35:032][ 61]LogModuleManager: Shutting down and abandoning module TaskGraph (123)
[2015.11.01-19.35.35:032][ 61]LogModuleManager: Shutting down and abandoning module SubstanceEditor (122)
[2015.11.01-19.35.35:032][ 61]LogModuleManager: Shutting down and abandoning module SlateRemote (121)
[2015.11.01-19.35.35:032][ 61]LogModuleManager: Shutting down and abandoning module SteamVRController (120)
[2015.11.01-19.35.35:032][ 61]LogModuleManager: Shutting down and abandoning module SteamVR (119)
[2015.11.01-19.35.35:032][ 61]LogModuleManager: Shutting down and abandoning module ProceduralMeshComponent (118)
[2015.11.01-19.35.35:032][ 61]LogModuleManager: Shutting down and abandoning module OculusRift (117)
[2015.11.01-19.35.35:032][ 61]LogModuleManager: Shutting down and abandoning module OculusLibrary (116)
[2015.11.01-19.35.35:032][ 61]LogModuleManager: Shutting down and abandoning module LeapMotionController (115)
[2015.11.01-19.35.35:048][ 61]LogModuleManager: Shutting down and abandoning module CustomMeshComponent (114)
[2015.11.01-19.35.35:048][ 61]LogModuleManager: Shutting down and abandoning module CableComponent (113)
[2015.11.01-19.35.35:048][ 61]LogModuleManager: Shutting down and abandoning module ArchVisCharacter (112)
[2015.11.01-19.35.35:048][ 61]LogModuleManager: Shutting down and abandoning module MessagingDebugger (111)
[2015.11.01-19.35.35:048][ 61]LogModuleManager: Shutting down and abandoning module MediaPlayerEditor (110)
[2015.11.01-19.35.35:048][ 61]LogModuleManager: Shutting down and abandoning module HTML5Networking (109)
[2015.11.01-19.35.35:048][ 61]LogModuleManager: Shutting down and abandoning module SpeedTreeImporter (108)
[2015.11.01-19.35.35:048][ 61]LogModuleManager: Shutting down and abandoning module PluginBrowser (107)
[2015.11.01-19.35.35:048][ 61]LogModuleManager: Shutting down and abandoning module EpicSurvey (106)
[2015.11.01-19.35.35:048][ 61]LogModuleManager: Shutting down and abandoning module DesktopPlatform (105)
[2015.11.01-19.35.35:048][ 61]LogModuleManager: Shutting down and abandoning module VisualStudioSourceCodeAccess (104)
[2015.11.01-19.35.35:048][ 61]LogModuleManager: Shutting down and abandoning module UObjectPlugin (103)
[2015.11.01-19.35.35:048][ 61]LogModuleManager: Shutting down and abandoning module SubversionSourceControl (102)
[2015.11.01-19.35.35:048][ 61]LogModuleManager: Shutting down and abandoning module PerforceSourceControl (101)
[2015.11.01-19.35.35:048][ 61]LogModuleManager: Shutting down and abandoning module SourceControl (100)
[2015.11.01-19.35.35:048][ 61]LogModuleManager: Shutting down and abandoning module GitSourceControl (99)
[2015.11.01-19.35.35:048][ 61]LogModuleManager: Shutting down and abandoning module LightPropagationVolumeEditor (98)
[2015.11.01-19.35.35:048][ 61]LogModuleManager: Shutting down and abandoning module PaperTiledImporter (97)
[2015.11.01-19.35.35:048][ 61]LogModuleManager: Shutting down and abandoning module PaperSpriteSheetImporter (96)
[2015.11.01-19.35.35:048][ 61]LogModuleManager: Shutting down and abandoning module MeshPaint (95)
[2015.11.01-19.35.35:048][ 61]LogModuleManager: Shutting down and abandoning module SlateReflector (94)
[2015.11.01-19.35.35:048][ 61]LogModuleManager: Shutting down and abandoning module HotReload (93)
[2015.11.01-19.35.35:048][ 61]LogModuleManager: Shutting down and abandoning module MainFrame (92)
[2015.11.01-19.35.35:048][ 61]LogModuleManager: Shutting down and abandoning module LevelEditor (91)
[2015.11.01-19.35.35:049][ 61]LogModuleManager: Shutting down and abandoning module ContentBrowser (90)
[2015.11.01-19.35.35:049][ 61]LogModuleManager: Shutting down and abandoning module Paper2DEditor (89)
[2015.11.01-19.35.35:049][ 61]LogModuleManager: Shutting down and abandoning module UdpMessaging (88)
[2015.11.01-19.35.35:150][ 61]LogModuleManager: Shutting down and abandoning module DirectoryWatcher (87)
[2015.11.01-19.35.35:150][ 61]LogModuleManager: Shutting down and abandoning module AssetRegistry (86)
[2015.11.01-19.35.35:197][ 61]LogModuleManager: Shutting down and abandoning module SubstanceCore (85)
[2015.11.01-19.35.35:197][ 61]LogModuleManager: Shutting down and abandoning module LightPropagationVolumeRuntime (84)
[2015.11.01-19.35.35:197][ 61]LogModuleManager: Shutting down and abandoning module Paper2D (83)
[2015.11.01-19.35.35:197][ 61]LogModuleManager: Shutting down and abandoning module WindowsMoviePlayer (82)
[2015.11.01-19.35.35:199][ 61]LogModuleManager: Shutting down and abandoning module Media (81)
[2015.11.01-19.35.35:199][ 61]LogModuleManager: Shutting down and abandoning module WmfMedia (80)
[2015.11.01-19.35.35:200][ 61]LogModuleManager: Shutting down and abandoning module OnlineBlueprintSupport (79)
[2015.11.01-19.35.35:200][ 61]LogModuleManager: Shutting down and abandoning module GameplayTasksEditor (78)
[2015.11.01-19.35.35:200][ 61]LogModuleManager: Shutting down and abandoning module PropertyEditor (77)
[2015.11.01-19.35.35:200][ 61]LogModuleManager: Shutting down and abandoning module BehaviorTreeEditor (76)
[2015.11.01-19.35.35:200][ 61]LogModuleManager: Shutting down and abandoning module FunctionalTesting (75)
[2015.11.01-19.35.35:200][ 61]LogModuleManager: Shutting down and abandoning module CollisionAnalyzer (74)
[2015.11.01-19.35.35:200][ 61]LogModuleManager: Shutting down and abandoning module WorkspaceMenuStructure (73)
[2015.11.01-19.35.35:200][ 61]LogModuleManager: Shutting down and abandoning module MessageLog (72)
[2015.11.01-19.35.35:200][ 61]LogModuleManager: Shutting down and abandoning module Sequencer (71)
[2015.11.01-19.35.35:200][ 61]LogModuleManager: Shutting down and abandoning module AssetTools (70)
[2015.11.01-19.35.35:200][ 61]LogModuleManager: Shutting down and abandoning module UMGEditor (69)
[2015.11.01-19.35.35:200][ 61]LogModuleManager: Shutting down and abandoning module UMG (68)
[2015.11.01-19.35.35:200][ 61]LogModuleManager: Shutting down and abandoning module Slate (67)
[2015.11.01-19.35.35:200][ 61]LogModuleManager: Shutting down and abandoning module EditorStyle (66)
[2015.11.01-19.35.35:201][ 61]LogModuleManager: Shutting down and abandoning module SessionServices (65)
[2015.11.01-19.35.35:201][ 61]LogModuleManager: Shutting down and abandoning module SourceCodeAccess (64)
[2015.11.01-19.35.35:201][ 61]LogModuleManager: Shutting down and abandoning module HeadMountedDisplay (63)
[2015.11.01-19.35.35:201][ 61]LogModuleManager: Shutting down and abandoning module XAudio2 (62)
[2015.11.01-19.35.35:201][ 61]LogModuleManager: Shutting down and abandoning module Networking (60)
[2015.11.01-19.35.35:201][ 61]LogModuleManager: Shutting down and abandoning module Core (59)
[2015.11.01-19.35.35:201][ 61]LogModuleManager: Shutting down and abandoning module KismetCompiler (58)
[2015.11.01-19.35.35:201][ 61]LogModuleManager: Shutting down and abandoning module PhysXFormats (57)
[2015.11.01-19.35.35:201][ 61]LogModuleManager: Shutting down and abandoning module MeshUtilities (56)
[2015.11.01-19.35.35:201][ 61]LogModuleManager: Shutting down and abandoning module CookingStats (55)
[2015.11.01-19.35.35:203][ 61]LogModuleManager: Shutting down and abandoning module DerivedDataCache (54)
[2015.11.01-19.35.35:547][ 61]LogDerivedDataCache: Shutdown
[2015.11.01-19.35.35:547][ 61]LogModuleManager: Shutting down and abandoning module ShaderFormatOpenGL (53)
[2015.11.01-19.35.35:547][ 61]LogModuleManager: Shutting down and abandoning module ShaderFormatD3D (52)
[2015.11.01-19.35.35:547][ 61]LogModuleManager: Shutting down and abandoning module MetalShaderFormat (51)
[2015.11.01-19.35.35:547][ 61]LogModuleManager: Shutting down and abandoning module TextureFormatUncompressed (50)
[2015.11.01-19.35.35:547][ 61]LogModuleManager: Shutting down and abandoning module TextureFormatPVR (49)
[2015.11.01-19.35.35:547][ 61]LogModuleManager: Shutting down and abandoning module TextureFormatIntelISPCTexComp (48)
[2015.11.01-19.35.35:547][ 61]LogModuleManager: Shutting down and abandoning module TextureFormatDXT (47)
[2015.11.01-19.35.35:547][ 61]LogModuleManager: Shutting down and abandoning module ImageWrapper (46)
[2015.11.01-19.35.35:547][ 61]LogModuleManager: Shutting down and abandoning module TextureFormatASTC (45)
[2015.11.01-19.35.35:547][ 61]LogModuleManager: Shutting down and abandoning module TextureFormatAndroid (44)
[2015.11.01-19.35.35:547][ 61]LogModuleManager: Shutting down and abandoning module AudioFormatOpus (43)
[2015.11.01-19.35.35:547][ 61]LogModuleManager: Shutting down and abandoning module AudioFormatOgg (42)
[2015.11.01-19.35.35:547][ 61]LogModuleManager: Shutting down and abandoning module AudioFormatADPCM (41)
[2015.11.01-19.35.35:547][ 61]LogModuleManager: Shutting down and abandoning module LinuxTargetPlatform (40)
[2015.11.01-19.35.35:547][ 61]LogModuleManager: Shutting down and abandoning module LinuxServerTargetPlatform (39)
[2015.11.01-19.35.35:547][ 61]LogModuleManager: Shutting down and abandoning module LinuxNoEditorTargetPlatform (38)
[2015.11.01-19.35.35:547][ 61]LogModuleManager: Shutting down and abandoning module Messaging (37)
[2015.11.01-19.35.35:547][ 61]LogModuleManager: Shutting down and abandoning module IOSTargetPlatform (36)
[2015.11.01-19.35.35:547][ 61]LogModuleManager: Shutting down and abandoning module HTML5TargetPlatform (35)
[2015.11.01-19.35.35:547][ 61]LogModuleManager: Shutting down and abandoning module Android_PVRTCTargetPlatform (34)
[2015.11.01-19.35.35:547][ 61]LogModuleManager: Shutting down and abandoning module Android_ETC2TargetPlatform (33)
[2015.11.01-19.35.35:547][ 61]LogModuleManager: Shutting down and abandoning module Android_ETC1TargetPlatform (32)
[2015.11.01-19.35.35:547][ 61]LogModuleManager: Shutting down and abandoning module Android_DXTTargetPlatform (31)
[2015.11.01-19.35.35:547][ 61]LogModuleManager: Shutting down and abandoning module Android_ATCTargetPlatform (30)
[2015.11.01-19.35.35:547][ 61]LogModuleManager: Shutting down and abandoning module Android_ASTCTargetPlatform (29)
[2015.11.01-19.35.35:547][ 61]LogModuleManager: Shutting down and abandoning module AndroidTargetPlatform (28)
[2015.11.01-19.35.35:547][ 61]LogModuleManager: Shutting down and abandoning module WindowsTargetPlatform (27)
[2015.11.01-19.35.35:547][ 61]LogModuleManager: Shutting down and abandoning module WindowsServerTargetPlatform (26)
[2015.11.01-19.35.35:547][ 61]LogModuleManager: Shutting down and abandoning module WindowsNoEditorTargetPlatform (25)
[2015.11.01-19.35.35:547][ 61]LogModuleManager: Shutting down and abandoning module WindowsClientTargetPlatform (24)
[2015.11.01-19.35.35:547][ 61]LogModuleManager: Shutting down and abandoning module AllDesktopTargetPlatform (23)
[2015.11.01-19.35.35:547][ 61]LogModuleManager: Shutting down and abandoning module TargetPlatform (22)
[2015.11.01-19.35.35:547][ 61]LogModuleManager: Shutting down and abandoning module InputCore (21)
[2015.11.01-19.35.35:547][ 61]LogModuleManager: Shutting down and abandoning module Settings (20)
[2015.11.01-19.35.35:547][ 61]LogModuleManager: Shutting down and abandoning module OnlineSubsystem (18)
[2015.11.01-19.35.35:548][ 61]LogModuleManager: Shutting down and abandoning module HTTP (17)
[2015.11.01-19.35.37:550][ 61]LogModuleManager: Shutting down and abandoning module XMPP (16)
[2015.11.01-19.35.37:550][ 61]LogModuleManager: Shutting down and abandoning module ExampleDeviceProfileSelector (15)
[2015.11.01-19.35.37:550][ 61]LogModuleManager: Shutting down and abandoning module TextureCompressor (14)
[2015.11.01-19.35.37:550][ 61]LogModuleManager: Shutting down and abandoning module ShaderCore (13)
[2015.11.01-19.35.37:550][ 61]LogModuleManager: Shutting down and abandoning module Landscape (12)
[2015.11.01-19.35.37:550][ 61]LogModuleManager: Shutting down and abandoning module SlateRHIRenderer (11)
[2015.11.01-19.35.37:550][ 61]LogModuleManager: Shutting down and abandoning module OpenGLDrv (10)
[2015.11.01-19.35.37:550][ 61]LogModuleManager: Shutting down and abandoning module D3D11RHI (9)
[2015.11.01-19.35.37:550][ 61]LogModuleManager: Shutting down and abandoning module AnimGraphRuntime (8)
[2015.11.01-19.35.37:550][ 61]LogModuleManager: Shutting down and abandoning module Renderer (7)
[2015.11.01-19.35.37:550][ 61]LogModuleManager: Shutting down and abandoning module Engine (6)
[2015.11.01-19.35.37:550][ 61]LogModuleManager: Shutting down and abandoning module CoreUObject (5)
[2015.11.01-19.35.37:550][ 61]LogModuleManager: Shutting down and abandoning module NetworkFile (4)
[2015.11.01-19.35.37:550][ 61]LogModuleManager: Shutting down and abandoning module StreamingFile (3)
[2015.11.01-19.35.37:550][ 61]LogModuleManager: Shutting down and abandoning module SandboxFile (2)
[2015.11.01-19.35.37:550][ 61]LogModuleManager: Shutting down and abandoning module PakFile (1)
[2015.11.01-19.35.37:551][ 61]LogExit: Exiting.
[2015.11.01-19.35.37:562][ 61]Log file closed, 11/01/15 14:35:37
