[2015.12.12-23.11.06:218][  0]Log file open, 12/12/15 18:11:06
[2015.12.12-23.11.06:218][  0]LogInit:Display: Running engine for game: SuperSpaceArmada
[2015.12.12-23.11.06:218][  0]LogInit:Display: RandInit(1155490433) SRandInit(1155490433).
[2015.12.12-23.11.06:218][  0]LogTaskGraph: Started task graph with 4 named threads and 7 total threads.
[2015.12.12-23.11.06:218][  0]LogStats: Stats thread started at 0.080803
[2015.12.12-23.11.06:218][  0]LogInit: Version: 4.9.1-2689999+++depot+UE4-Releases+4.9
[2015.12.12-23.11.06:218][  0]LogInit: API Version: 2672455
[2015.12.12-23.11.06:218][  0]LogInit: Compiled (64-bit): Sep 14 2015 04:12:03
[2015.12.12-23.11.06:218][  0]LogInit: Compiled with Visual C++: 18.00.21005.01
[2015.12.12-23.11.06:218][  0]LogInit: Build Configuration: Development
[2015.12.12-23.11.06:218][  0]LogInit: Branch Name: ++depot+UE4-Releases+4.9
[2015.12.12-23.11.06:218][  0]LogInit: Command line:  
[2015.12.12-23.11.06:218][  0]LogInit: Base directory: C:/Program Files/Unreal Engine/4.9/Engine/Binaries/Win64/
[2015.12.12-23.11.06:218][  0]LogInit: Rocket: 1
[2015.12.12-23.11.06:243][  0]LogInit: Using libcurl 7.41.0
[2015.12.12-23.11.06:243][  0]LogInit:  - built for x86_64-pc-win32
[2015.12.12-23.11.06:243][  0]LogInit:  - supports SSL with WinSSL
[2015.12.12-23.11.06:243][  0]LogInit:  - other features:
[2015.12.12-23.11.06:243][  0]LogInit:      CURL_VERSION_SSL
[2015.12.12-23.11.06:243][  0]LogInit:      CURL_VERSION_IPV6
[2015.12.12-23.11.06:243][  0]LogInit:      CURL_VERSION_ASYNCHDNS
[2015.12.12-23.11.06:243][  0]LogInit:      CURL_VERSION_LARGEFILE
[2015.12.12-23.11.06:243][  0]LogInit:      CURL_VERSION_IDN
[2015.12.12-23.11.06:243][  0]LogInit:  CurlRequestOptions (configurable via config and command line):
[2015.12.12-23.11.06:243][  0]LogInit:  - bVerifyPeer = true  - Libcurl will verify peer certificate
[2015.12.12-23.11.06:243][  0]LogInit:  - bUseHttpProxy = false  - Libcurl will NOT use HTTP proxy
[2015.12.12-23.11.06:243][  0]LogInit:  - bDontReuseConnections = false  - Libcurl will reuse connections
[2015.12.12-23.11.06:243][  0]LogInit:  - CertBundlePath = nullptr  - Libcurl will use whatever was configured at build time.
[2015.12.12-23.11.06:254][  0]LogInit: Presizing for 0 objects not considered by GC, pre-allocating 0 bytes.
[2015.12.12-23.11.06:261][  0]LogInit: Object subsystem initialized
[2015.12.12-23.11.06:262][  0]LogInit: Selected Device Profile: [Windows]
[2015.12.12-23.11.06:262][  0]LogInit: Applying CVar settings loaded from the selected device profile: [Windows]
[2015.12.12-23.11.06:271][  0]LogInit: Computer: LOU
[2015.12.12-23.11.06:271][  0]LogInit: User: LouIII
[2015.12.12-23.11.06:271][  0]LogInit: CPU Page size=4096, Cores=4
[2015.12.12-23.11.06:271][  0]LogInit: High frequency timer resolution =2.338336 MHz
[2015.12.12-23.11.06:271][  0]LogMemory: Memory total: Physical=15.9GB (16GB approx)
[2015.12.12-23.11.06:271][  0]LogMemory: Platform Memory Stats for Windows
[2015.12.12-23.11.06:271][  0]LogMemory: Process Physical Memory: 57.53 MB used, 57.53 MB peak
[2015.12.12-23.11.06:271][  0]LogMemory: Process Virtual Memory: 58.44 MB used, 58.44 MB peak
[2015.12.12-23.11.06:271][  0]LogMemory: Physical Memory: 6048.92 MB used, 16303.71 MB total
[2015.12.12-23.11.06:271][  0]LogMemory: Virtual Memory: 372.45 MB used, 134217728.00 MB total
[2015.12.12-23.11.06:306][  0]LogTextLocalizationManager: No specific translations for ('en-US') exist, so ('en') translations will be used.
[2015.12.12-23.11.07:027][  0]LogD3D11RHI: Found D3D11 adapter 0: NVIDIA GeForce GTX 765M     (Feature Level 11_0)
[2015.12.12-23.11.07:027][  0]LogD3D11RHI: Adapter has 1992MB of dedicated video memory, 0MB of dedicated system memory, and 8151MB of shared system memory, 1 output[s]
[2015.12.12-23.11.07:033][  0]LogD3D11RHI: Found D3D11 adapter 1: Intel(R) HD Graphics 4600 (Feature Level 11_0)
[2015.12.12-23.11.07:033][  0]LogD3D11RHI: Adapter has 112MB of dedicated video memory, 0MB of dedicated system memory, and 8151MB of shared system memory, 0 output[s]
[2015.12.12-23.11.07:034][  0]LogD3D11RHI: Found D3D11 adapter 2: Microsoft Basic Render Driver (Feature Level 11_0)
[2015.12.12-23.11.07:034][  0]LogD3D11RHI: Adapter has 0MB of dedicated video memory, 0MB of dedicated system memory, and 8151MB of shared system memory, 0 output[s]
[2015.12.12-23.11.07:034][  0]LogD3D11RHI: Chosen D3D11 Adapter Id = 0
[2015.12.12-23.11.07:039][  0]LogD3D11RHI: !Direct3DDevice
[2015.12.12-23.11.07:039][  0]LogRHI: Texture pool is 1361 MB (70% of 1945 MB)
[2015.12.12-23.11.07:052][  0]LogD3D11RHI: Async texture creation enabled
[2015.12.12-23.11.07:067][  0]LogShaderCompilers: Guid format shader working directory is 15 characters bigger than the processId version (../../../../../../Users/luisr_000/Documents/GitHub/Game-Files/SuperSpaceArmada/Intermediate/Shaders/WorkingDirectory/8668/).
[2015.12.12-23.11.07:068][  0]LogShaderCompilers: Cleaned the shader compiler working directory '../../../../../../Users/luisr_000/Documents/GitHub/Game-Files/SuperSpaceArmada/Intermediate/Shaders/tmp/421E366E4E4E42C6FDD652A946A9C587/'.
[2015.12.12-23.11.07:068][  0]LogShaderCompilers:Display: Using Local Shader Compiler.
[2015.12.12-23.11.08:119][  0]LogTemp:Display: Loaded TP AllDesktopTargetPlatform
[2015.12.12-23.11.08:125][  0]LogTemp:Display: Loaded TP WindowsClientTargetPlatform
[2015.12.12-23.11.08:131][  0]LogTemp:Display: Loaded TP WindowsNoEditorTargetPlatform
[2015.12.12-23.11.08:137][  0]LogTemp:Display: Loaded TP WindowsServerTargetPlatform
[2015.12.12-23.11.08:142][  0]LogTemp:Display: Loaded TP WindowsTargetPlatform
[2015.12.12-23.11.08:146][  0]LogTemp:Display: Loaded TP AndroidTargetPlatform
[2015.12.12-23.11.08:149][  0]LogTemp:Display: Loaded TP Android_ASTCTargetPlatform
[2015.12.12-23.11.08:153][  0]LogTemp:Display: Loaded TP Android_ATCTargetPlatform
[2015.12.12-23.11.08:156][  0]LogTemp:Display: Loaded TP Android_DXTTargetPlatform
[2015.12.12-23.11.08:160][  0]LogTemp:Display: Loaded TP Android_ETC1TargetPlatform
[2015.12.12-23.11.08:164][  0]LogTemp:Display: Loaded TP Android_ETC2TargetPlatform
[2015.12.12-23.11.08:168][  0]LogTemp:Display: Loaded TP Android_PVRTCTargetPlatform
[2015.12.12-23.11.08:169][  0]LogTemp:Display: Loaded TP HTML5TargetPlatform
[2015.12.12-23.11.08:186][  0]LogTemp:Display: Loaded TP IOSTargetPlatform
[2015.12.12-23.11.08:190][  0]LogTemp:Display: Loaded TP LinuxNoEditorTargetPlatform
[2015.12.12-23.11.08:194][  0]LogTemp:Display: Loaded TP LinuxServerTargetPlatform
[2015.12.12-23.11.08:198][  0]LogTemp:Display: Loaded TP LinuxTargetPlatform
[2015.12.12-23.11.08:198][  0]LogTargetPlatformManager:Display: Building Assets For Windows
[2015.12.12-23.11.08:294][  0]LogDerivedDataCache:Display: Max Cache Size: 512 MB
[2015.12.12-23.11.08:335][  0]LogDerivedDataCache: Loaded boot cache 0.04s 41MB C:/Users/luisr_000/AppData/Local/UnrealEngine/4.9/DerivedDataCache/Boot.ddc.
[2015.12.12-23.11.08:335][  0]LogDerivedDataCache:Display: Loaded Boot cache: C:/Users/luisr_000/AppData/Local/UnrealEngine/4.9/DerivedDataCache/Boot.ddc
[2015.12.12-23.11.08:335][  0]LogDerivedDataCache: FDerivedDataBackendGraph:  Pak pak cache file ../../../../../../Users/luisr_000/Documents/GitHub/Game-Files/SuperSpaceArmada/DerivedDataCache/DDC.ddp not found, will not use a pak cache.
[2015.12.12-23.11.08:335][  0]LogDerivedDataCache: Unable to find inner node Pak for hierarchical cache Hierarchy.
[2015.12.12-23.11.08:335][  0]LogDerivedDataCache: FDerivedDataBackendGraph:  CompressedPak pak cache file ../../../../../../Users/luisr_000/Documents/GitHub/Game-Files/SuperSpaceArmada/DerivedDataCache/Compressed.ddp not found, will not use a pak cache.
[2015.12.12-23.11.08:335][  0]LogDerivedDataCache: Unable to find inner node CompressedPak for hierarchical cache Hierarchy.
[2015.12.12-23.11.08:472][  0]LogDerivedDataCache:Display: Pak cache opened for reading ../../../Engine/DerivedDataCache/Compressed.ddp.
[2015.12.12-23.11.08:484][  0]LogDerivedDataCache: Using Local data cache path C:/Users/luisr_000/AppData/Local/UnrealEngine/Common/DerivedDataCache: Writable
[2015.12.12-23.11.08:657][  0]LogInit: Selected Device Profile: [Windows]
[2015.12.12-23.11.08:659][  0]LogContentStreaming: Texture pool size is 0.000000MB
[2015.12.12-23.11.08:781][  0]LogMeshUtilities: No automatic mesh reduction module available
[2015.12.12-23.11.08:781][  0]LogMeshUtilities: No automatic mesh merging module available
[2015.12.12-23.11.09:019][  0]LogInit: WinSock: version 1.1 (2.2), MaxSocks=32767, MaxUdp=65467
[2015.12.12-23.11.09:731][  0]LogAssetRegistry: FAssetRegistry took 0.0107 seconds to start up
[2015.12.12-23.11.09:752][  0]UdpMessaging: Initializing bridge on interface 0.0.0.0:0 to multicast group 230.0.0.1:6666.
[2015.12.12-23.11.10:016][  0]SourceControl: Info Source control is disabled
[2015.12.12-23.11.10:017][  0]SourceControl: Info Source control is disabled
[2015.12.12-23.11.10:031][  0]SourceControl: Info Source control is disabled
[2015.12.12-23.11.10:043][  0]SourceControl: Info Source control is disabled
[2015.12.12-23.11.10:210][  0]LogLinker:Warning: Asset '../../../Engine/Plugins/Runtime/LeapMotionController/Content/LM_PassthroughMaterial.uasset' has been saved with empty engine version. The asset will be loaded but may be incompatible.
[2015.12.12-23.11.10:308][  0]LogObj: 28528 objects as part of root set at end of initial load.
[2015.12.12-23.11.10:308][  0]LogUObjectAllocator: 6068456 out of 0 bytes used by permanent object pool.
[2015.12.12-23.11.10:364][  0]LogEngine: Initializing Engine...
[2015.12.12-23.11.10:367][  0]LogHMD: Can't find Oculus library dev build: is proper Runtime installed? Version: 0.7.0.0
[2015.12.12-23.11.10:367][  0]LogHMD: SteamVR failed to initialize.  Err: 110
[2015.12.12-23.11.10:479][  0]LogAIModule: Creating AISystem for world NewWorld
[2015.12.12-23.11.10:483][  0]LogInit: XAudio2 using 'Speakers (VIA HD Audio)' : 2 channels at 48 kHz using 32 bits per sample (channel mask 0x3)
[2015.12.12-23.11.10:495][  0]LogInit: FAudioDevice initialized.
[2015.12.12-23.11.10:531][  0]LogDerivedDataCache: Saved boot cache 0.04s 41MB C:/Users/luisr_000/AppData/Local/UnrealEngine/4.9/DerivedDataCache/Boot.ddc.
[2015.12.12-23.11.10:535][  0]LogInit: Texture streaming: Enabled
[2015.12.12-23.11.10:541][  0]LogAnalytics: Creating configured Analytics provider AnalyticsET
[2015.12.12-23.11.10:542][  0]LogAnalytics: [UEEditor.Rocket.Release] APIServer = http://et2.epicgames.com/ET2/. AppVersion = 4.9.1-2689999+++depot+UE4-Releases+4.9
[2015.12.12-23.11.10:542][  0]LogAnalytics: [UEEditor.Rocket.Release] SetUserId 06a592394ae99916f49c3d9c3c9f503a|b280ebf5e1b3428db734f63de3c232be|784865b8-3393-4bba-9a10-0fd663c4f742
[2015.12.12-23.11.10:542][  0]LogAnalytics: [UEEditor.Rocket.Release] AnalyticsET::StartSession
[2015.12.12-23.11.10:555][  0]LogWindowsTextInputMethodSystem:Display: IME system now deactivated.
[2015.12.12-23.11.10:555][  0]LogWindowsTextInputMethodSystem:Display: IME system now deactivated.
[2015.12.12-23.11.10:572][  0]LogInit: Transaction tracking system initialized
[2015.12.12-23.11.10:604][  0]BlueprintLog: New page: Editor Load
[2015.12.12-23.11.10:693][  0]LocalizationService: Info Localization service is disabled
[2015.12.12-23.11.10:789][  0]LogConsoleResponse:Display: 
[2015.12.12-23.11.10:897][  0]LogCook:Display: Done creating registry. It took  0.00s.
[2015.12.12-23.11.10:963][  0]LogFileCache: Scanning file cache for directory 'C:/Users/luisr_000/Documents/GitHub/Game-Files/SuperSpaceArmada/Content/' took 0.02s
[2015.12.12-23.11.10:963][  0]SourceControl: Info Source control is disabled
[2015.12.12-23.11.10:964][  0]Cmd: MAP LOAD FILE="../../../../../../Users/luisr_000/Documents/GitHub/Game-Files/SuperSpaceArmada/Content/SSA/Maps/Ship_Selection.umap" TEMPLATE=0 SHOWPROGRESS=1 FEATURELEVEL=3
[2015.12.12-23.11.10:964][  0]LightingResults: New page: Lighting Build
[2015.12.12-23.11.10:967][  0]MapCheck: New page: Map Check
[2015.12.12-23.11.10:967][  0]LightingResults: New page: Lighting Build
[2015.12.12-23.11.10:977][  0]LogParticles: Destroying 0 GPU particle simulations for FXSystem 0x0000019A1AD54400
[2015.12.12-23.11.11:546][  0]LogLinker:Warning: Asset '../../../../../../Users/luisr_000/Documents/GitHub/Game-Files/SuperSpaceArmada/Content/Mannequin/Animations/ThirdPerson_AnimBP.uasset' has been saved with empty engine version. The asset will be loaded but may be incompatible.
[2015.12.12-23.11.11:548][  0]LogLinker:Warning: Asset '../../../../../../Users/luisr_000/Documents/GitHub/Game-Files/SuperSpaceArmada/Content/Mannequin/Animations/ThirdPerson_Jump.uasset' has been saved with empty engine version. The asset will be loaded but may be incompatible.
[2015.12.12-23.11.11:552][  0]LogLinker:Warning: Asset '../../../../../../Users/luisr_000/Documents/GitHub/Game-Files/SuperSpaceArmada/Content/Mannequin/Animations/ThirdPersonJump_Loop.uasset' has been saved with empty engine version. The asset will be loaded but may be incompatible.
[2015.12.12-23.11.11:555][  0]LogLinker:Warning: Asset '../../../../../../Users/luisr_000/Documents/GitHub/Game-Files/SuperSpaceArmada/Content/Mannequin/Animations/ThirdPersonJump_Start.uasset' has been saved with empty engine version. The asset will be loaded but may be incompatible.
[2015.12.12-23.11.11:557][  0]LogLinker:Warning: Asset '../../../../../../Users/luisr_000/Documents/GitHub/Game-Files/SuperSpaceArmada/Content/Mannequin/Animations/ThirdPerson_IdleRun_2D.uasset' has been saved with empty engine version. The asset will be loaded but may be incompatible.
[2015.12.12-23.11.11:557][  0]LogLinker:Warning: Asset '../../../../../../Users/luisr_000/Documents/GitHub/Game-Files/SuperSpaceArmada/Content/Mannequin/Animations/ThirdPersonIdle.uasset' has been saved with empty engine version. The asset will be loaded but may be incompatible.
[2015.12.12-23.11.11:559][  0]LogLinker:Warning: Asset '../../../../../../Users/luisr_000/Documents/GitHub/Game-Files/SuperSpaceArmada/Content/Mannequin/Animations/ThirdPersonRun.uasset' has been saved with empty engine version. The asset will be loaded but may be incompatible.
[2015.12.12-23.11.11:561][  0]LogLinker:Warning: Asset '../../../../../../Users/luisr_000/Documents/GitHub/Game-Files/SuperSpaceArmada/Content/Mannequin/Animations/ThirdPersonWalk.uasset' has been saved with empty engine version. The asset will be loaded but may be incompatible.
[2015.12.12-23.11.17:684][  0]LogAIModule: Creating AISystem for world Ship_Selection
[2015.12.12-23.11.17:689][  0]LogEditorServer: Finished looking for orphan Actors (0.000 secs)
[2015.12.12-23.11.17:690][  0]Cmd: MAP CHECKDEP NOCLEARLOG
[2015.12.12-23.11.17:838][  0]MapCheck: Info Map check complete: 0 Error(s), 0 Warning(s), took 148.051ms to complete.
[2015.12.12-23.11.17:838][  0]LogFileHelpers: Loading map 'Ship_Selection' took 6.875
[2015.12.12-23.11.17:933][  0]LogCollectionManager: Loaded 0 collections in 0.002751 seconds
[2015.12.12-23.11.17:973][  0]LogFileCache: Scanning file cache for directory 'C:/Users/luisr_000/Documents/GitHub/Game-Files/SuperSpaceArmada/Saved/Collections/' took 0.01s
[2015.12.12-23.11.17:973][  0]LogFileCache: Scanning file cache for directory 'C:/Users/luisr_000/Documents/GitHub/Game-Files/SuperSpaceArmada/Content/Developers/LouIII/Collections/' took 0.01s
[2015.12.12-23.11.17:973][  0]LogFileCache: Scanning file cache for directory 'C:/Users/luisr_000/Documents/GitHub/Game-Files/SuperSpaceArmada/Content/Collections/' took 0.01s
[2015.12.12-23.11.17:973][  0]LogContentBrowser: Native class hierarchy populated in 0.0074 seconds. Added 1882 classes and 339 folders.
[2015.12.12-23.11.17:978][  0]LogCollectionManager: Rebuilt the GUID cache for 0 collections in 0.000003 seconds
[2015.12.12-23.11.17:986][  0]LogContentBrowser: Native class hierarchy updated for 'WidgetCarousel' in 0.0003 seconds. Added 0 classes and 0 folders.
[2015.12.12-23.11.18:028][  0]LogContentBrowser: Native class hierarchy updated for 'AddContentDialog' in 0.0003 seconds. Added 0 classes and 0 folders.
[2015.12.12-23.11.18:032][  0]LogContentBrowser: Native class hierarchy updated for 'SceneOutliner' in 0.0003 seconds. Added 1 classes and 2 folders.
[2015.12.12-23.11.18:062][  0]LogCrashTracker: Crashtracker disabled due to settings.
[2015.12.12-23.11.18:068][  0]LogUObjectGlobals:Warning: Failed to find object 'Class None.'
[2015.12.12-23.11.18:090][  0]LogLoad: Full Startup: 12.53 seconds (BP compile: 2.19 seconds)
[2015.12.12-23.11.18:100][  0]LoadErrors:Error: Error /Game/SSA/Blueprints/Player : Failed import for Player_C /Game/SSA/Blueprints/Player/Player.Default__Player_C
[2015.12.12-23.11.18:181][  0]LogContentStreaming: Texture pool size now 700 MB
[2015.12.12-23.11.18:334][  0]LogRenderer: Reallocating scene render targets to support 1208x576 (Frame:2).
[2015.12.12-23.11.19:965][ 31]LogAssetRegistry: Asset discovery search completed in 10.2446 seconds
[2015.12.12-23.11.19:965][ 31]LogCollectionManager: Rebuilt the object cache for 0 collections in 0.000001 seconds (found 0 objects)
[2015.12.12-23.11.19:965][ 31]LogCollectionManager: Fixed up redirectors for 0 collections in 0.000024 seconds (updated 0 objects)
[2015.12.12-23.11.25:341][459]LogActorComponent: UnregisterComponent: (/Engine/Transient.CharMoveComp) Not registered. Aborting.
[2015.12.12-23.11.25:341][459]LogActorComponent: UnregisterComponent: (/Engine/Transient.CharacterMovementComponent_0) Not registered. Aborting.
[2015.12.12-23.11.25:341][459]LogActorComponent: UnregisterComponent: (/Engine/Transient.CharacterMovementComponent_1) Not registered. Aborting.
[2015.12.12-23.11.25:341][459]LogActorComponent: UnregisterComponent: (/Engine/Transient.CharacterMovementComponent_2) Not registered. Aborting.
[2015.12.12-23.11.25:341][459]LogActorComponent: UnregisterComponent: (/Engine/Transient.CharacterMovementComponent_3) Not registered. Aborting.
[2015.12.12-23.11.25:341][459]LogActorComponent: UnregisterComponent: (/Engine/Transient.CharacterMovementComponent_4) Not registered. Aborting.
[2015.12.12-23.11.25:341][459]LogActorComponent: UnregisterComponent: (/Engine/Transient.CharacterMovementComponent_5) Not registered. Aborting.
[2015.12.12-23.11.25:342][459]LogActorComponent: UnregisterComponent: (/Engine/Transient.CharacterMovementComponent_6) Not registered. Aborting.
[2015.12.12-23.11.25:342][459]LogActorComponent: UnregisterComponent: (/Engine/Transient.CharacterMovementComponent_7) Not registered. Aborting.
[2015.12.12-23.11.25:343][459]LogActorComponent: UnregisterComponent: (/Engine/Transient.CharacterMovementComponent_8) Not registered. Aborting.
[2015.12.12-23.11.25:343][459]LogActorComponent: UnregisterComponent: (/Engine/Transient.CharacterMovementComponent_9) Not registered. Aborting.
[2015.12.12-23.11.25:343][459]LogActorComponent: UnregisterComponent: (/Engine/Transient.CharacterMovementComponent_10) Not registered. Aborting.
[2015.12.12-23.11.25:537][459]Cmd: MAP LOAD FILE="../../../../../../Users/luisr_000/Documents/GitHub/Game-Files/SuperSpaceArmada/Content/SSA/Maps/PrototypeLevel.umap" TEMPLATE=0 SHOWPROGRESS=1 FEATURELEVEL=3
[2015.12.12-23.11.25:567][459]LightingResults: New page: Lighting Build
[2015.12.12-23.11.25:594][459]LoadErrors: New page: Loading map: PrototypeLevel.umap
[2015.12.12-23.11.25:595][459]MapCheck: New page: Map Check
[2015.12.12-23.11.25:595][459]LightingResults: New page: Lighting Build
[2015.12.12-23.11.25:617][459]LogParticles: Destroying 0 GPU particle simulations for FXSystem 0x0000019A36E65E40
[2015.12.12-23.11.26:065][459]LogAIModule: Creating AISystem for world PrototypeLevel
[2015.12.12-23.11.26:069][459]LogPhysics:Warning: FConstraintInstance::GetRefFrame : Contained scale.
[2015.12.12-23.11.26:069][459]LogPhysics:Warning: FConstraintInstance::GetRefFrame : Contained scale.
[2015.12.12-23.11.26:069][459]LogPhysics:Warning: FConstraintInstance::GetRefFrame : Contained scale.
[2015.12.12-23.11.26:071][459]LogPhysics:Warning: FConstraintInstance::GetRefFrame : Contained scale.
[2015.12.12-23.11.26:071][459]LogPhysics:Warning: FConstraintInstance::GetRefFrame : Contained scale.
[2015.12.12-23.11.26:071][459]LogPhysics:Warning: FConstraintInstance::GetRefFrame : Contained scale.
[2015.12.12-23.11.26:071][459]LogPhysics:Warning: FConstraintInstance::GetRefFrame : Contained scale.
[2015.12.12-23.11.26:072][459]LogPhysics:Warning: FConstraintInstance::GetRefFrame : Contained scale.
[2015.12.12-23.11.26:072][459]LogPhysics:Warning: FConstraintInstance::GetRefFrame : Contained scale.
[2015.12.12-23.11.26:072][459]LogPhysics:Warning: FConstraintInstance::GetRefFrame : Contained scale.
[2015.12.12-23.11.26:072][459]LogPhysics:Warning: FConstraintInstance::GetRefFrame : Contained scale.
[2015.12.12-23.11.26:083][459]LogEditorServer: Finished looking for orphan Actors (0.000 secs)
[2015.12.12-23.11.26:192][459]Cmd: MAP CHECKDEP NOCLEARLOG
[2015.12.12-23.11.26:339][459]MapCheck: Info Map check complete: 0 Error(s), 0 Warning(s), took 146.432ms to complete.
[2015.12.12-23.11.26:339][459]LogFileHelpers: Loading map 'PrototypeLevel' took 0.803
[2015.12.12-23.11.33:183][756]LogLinker:Warning: Asset '../../../Engine/Content/ArtTools/RenderToTexture/Macros/RenderToTextureMacros.uasset' has been saved with empty engine version. The asset will be loaded but may be incompatible.
[2015.12.12-23.11.33:854][756]LogContentBrowser: Native class hierarchy updated for 'BlueprintGraph' in 0.0009 seconds. Added 107 classes and 0 folders.
[2015.12.12-23.11.36:158][904]LogRenderer: Reallocating scene render targets to support 1208x900 (Frame:818).
[2015.12.12-23.11.40:812][110]LogActorComponent: UnregisterComponent: (/Engine/Transient.CharMoveComp) Not registered. Aborting.
[2015.12.12-23.11.40:812][110]LogActorComponent: UnregisterComponent: (/Engine/Transient.CharacterMovementComponent_11) Not registered. Aborting.
[2015.12.12-23.11.40:812][110]LogActorComponent: UnregisterComponent: (/Engine/Transient.CharacterMovementComponent_12) Not registered. Aborting.
[2015.12.12-23.11.40:812][110]LogActorComponent: UnregisterComponent: (/Engine/Transient.CharacterMovementComponent_13) Not registered. Aborting.
[2015.12.12-23.11.40:812][110]LogActorComponent: UnregisterComponent: (/Engine/Transient.CharacterMovementComponent_14) Not registered. Aborting.
[2015.12.12-23.11.40:812][110]LogActorComponent: UnregisterComponent: (/Engine/Transient.CharacterMovementComponent_15) Not registered. Aborting.
[2015.12.12-23.11.40:812][110]LogActorComponent: UnregisterComponent: (/Engine/Transient.CharacterMovementComponent_16) Not registered. Aborting.
[2015.12.12-23.11.40:813][110]LogActorComponent: UnregisterComponent: (/Engine/Transient.CharacterMovementComponent_17) Not registered. Aborting.
[2015.12.12-23.11.40:813][110]LogActorComponent: UnregisterComponent: (/Engine/Transient.CharacterMovementComponent_18) Not registered. Aborting.
[2015.12.12-23.11.40:813][110]LogActorComponent: UnregisterComponent: (/Engine/Transient.CharacterMovementComponent_19) Not registered. Aborting.
[2015.12.12-23.11.40:813][110]LogActorComponent: UnregisterComponent: (/Engine/Transient.CharacterMovementComponent_20) Not registered. Aborting.
[2015.12.12-23.11.40:814][110]LogActorComponent: UnregisterComponent: (/Engine/Transient.CharacterMovementComponent_21) Not registered. Aborting.
[2015.12.12-23.11.49:439][407]LogActorComponent: UnregisterComponent: (/Engine/Transient.CharacterMovementComponent_22) Not registered. Aborting.
[2015.12.12-23.11.51:306][470]BlueprintLog: New page: Compile Player_Cephalon
[2015.12.12-23.11.51:884][470]LogActorComponent: UnregisterComponent: (/Engine/Transient.CharacterMovementComponent_23) Not registered. Aborting.
[2015.12.12-23.11.52:016][470]BlueprintEditorCompileResults: Info [0046.45] Compile of Player_Cephalon successful! [in 708 ms]
[2015.12.12-23.11.53:284][506]LogSavePackage: Save=174.137939ms
[2015.12.12-23.11.53:284][506]LogSavePackage: Moving '../../../../../../Users/luisr_000/Documents/GitHub/Game-Files/SuperSpaceArmada/Saved/Player_Cephalon639F2AAD4D15579D1D847EBCBD3EE466.tmp' to '../../../../../../Users/luisr_000/Documents/GitHub/Game-Files/SuperSpaceArmada/Content/SSA/Blueprints/Player_Ships/Player_Cephalon.uasset'
[2015.12.12-23.11.53:287][506]LogSavePackage: Total save time: 194.411322ms
[2015.12.12-23.11.53:287][506]LogSavePackage:Warning: Finished SavePackage ../../../../../../Users/luisr_000/Documents/GitHub/Game-Files/SuperSpaceArmada/Content/SSA/Blueprints/Player_Ships/Player_Cephalon.uasset
[2015.12.12-23.12.12:401][932]LogActorComponent: UnregisterComponent: (/Engine/Transient.CharMoveComp) Not registered. Aborting.
[2015.12.12-23.12.12:402][932]LogActorComponent: UnregisterComponent: (/Engine/Transient.CharacterMovementComponent_24) Not registered. Aborting.
[2015.12.12-23.12.12:402][932]LogActorComponent: UnregisterComponent: (/Engine/Transient.CharacterMovementComponent_25) Not registered. Aborting.
[2015.12.12-23.12.12:402][932]LogActorComponent: UnregisterComponent: (/Engine/Transient.CharacterMovementComponent_26) Not registered. Aborting.
[2015.12.12-23.12.12:402][932]LogActorComponent: UnregisterComponent: (/Engine/Transient.CharacterMovementComponent_27) Not registered. Aborting.
[2015.12.12-23.12.12:403][932]LogActorComponent: UnregisterComponent: (/Engine/Transient.CharacterMovementComponent_28) Not registered. Aborting.
[2015.12.12-23.12.14:445][986]BlueprintLog: New page: Compile Player_Cephalon
[2015.12.12-23.12.14:742][986]LogActorComponent: UnregisterComponent: (/Engine/Transient.CharacterMovementComponent_29) Not registered. Aborting.
[2015.12.12-23.12.14:814][986]BlueprintEditorCompileResults: Info [0069.25] Compile of Player_Cephalon successful! [in 368 ms]
[2015.12.12-23.12.15:628][  7]LogSavePackage: Save=165.881210ms
[2015.12.12-23.12.15:628][  7]LogSavePackage: Moving '../../../../../../Users/luisr_000/Documents/GitHub/Game-Files/SuperSpaceArmada/Saved/Player_CephalonDEE341594F50D31F9D007B8C21A5F2F8.tmp' to '../../../../../../Users/luisr_000/Documents/GitHub/Game-Files/SuperSpaceArmada/Content/SSA/Blueprints/Player_Ships/Player_Cephalon.uasset'
[2015.12.12-23.12.15:631][  7]LogSavePackage: Total save time: 178.952038ms
[2015.12.12-23.12.15:631][  7]LogSavePackage:Warning: Finished SavePackage ../../../../../../Users/luisr_000/Documents/GitHub/Game-Files/SuperSpaceArmada/Content/SSA/Blueprints/Player_Ships/Player_Cephalon.uasset
[2015.12.12-23.12.24:473][213]LogEditorViewport: Clicking on Actor (LMB): Player_Cephalon_C (Player_Cephalon)
[2015.12.12-23.12.25:056][222]Cmd: CAMERA ALIGN ACTIVEVIEWPORTONLY
[2015.12.12-23.12.28:459][286]Cmd: CAMERA ALIGN ACTIVEVIEWPORTONLY
[2015.12.12-23.12.37:224][447]Cmd: CAMERA ALIGN ACTIVEVIEWPORTONLY
[2015.12.12-23.12.40:082][500]LogActorComponent: UnregisterComponent: (/Engine/Transient.CharMoveComp) Not registered. Aborting.
[2015.12.12-23.12.40:476][500]LogSavePackage: Save=299.620758ms
[2015.12.12-23.12.40:477][500]LogSavePackage: Moving '../../../../../../Users/luisr_000/Documents/GitHub/Game-Files/SuperSpaceArmada/Saved/PrototypeLevelD457A04645E091931D253F8BE7545AEB.tmp' to '../../../../../../Users/luisr_000/Documents/GitHub/Game-Files/SuperSpaceArmada/Content/SSA/Maps/PrototypeLevel.umap'
[2015.12.12-23.12.40:481][500]LogSavePackage: Total save time: 354.992609ms
[2015.12.12-23.12.40:481][500]LogSavePackage:Warning: Finished SavePackage ../../../../../../Users/luisr_000/Documents/GitHub/Game-Files/SuperSpaceArmada/Content/SSA/Maps/PrototypeLevel.umap
[2015.12.12-23.12.43:656][612]LogParticles: Destroying 0 GPU particle simulations for FXSystem 0x0000019A297B63E0
[2015.12.12-23.12.49:732][756]LogEditorViewport: Clicking on Actor (LMB): StaticMeshActor (Floor)
[2015.12.12-23.14.09:470][394]LogActorComponent: UnregisterComponent: (/Engine/Transient.CharMoveComp) Not registered. Aborting.
[2015.12.12-23.14.09:470][394]LogActorComponent: UnregisterComponent: (/Engine/Transient.CharacterMovementComponent_30) Not registered. Aborting.
[2015.12.12-23.14.09:472][394]LogActorComponent: UnregisterComponent: (/Engine/Transient.CharacterMovementComponent_31) Not registered. Aborting.
[2015.12.12-23.14.09:472][394]LogActorComponent: UnregisterComponent: (/Engine/Transient.CharacterMovementComponent_32) Not registered. Aborting.
[2015.12.12-23.14.09:472][394]LogActorComponent: UnregisterComponent: (/Engine/Transient.CharacterMovementComponent_33) Not registered. Aborting.
[2015.12.12-23.14.09:472][394]LogActorComponent: UnregisterComponent: (/Engine/Transient.CharacterMovementComponent_34) Not registered. Aborting.
[2015.12.12-23.14.09:473][394]LogActorComponent: UnregisterComponent: (/Engine/Transient.CharacterMovementComponent_35) Not registered. Aborting.
[2015.12.12-23.14.09:473][394]LogActorComponent: UnregisterComponent: (/Engine/Transient.CharacterMovementComponent_36) Not registered. Aborting.
[2015.12.12-23.14.09:473][394]LogActorComponent: UnregisterComponent: (/Engine/Transient.CharacterMovementComponent_37) Not registered. Aborting.
[2015.12.12-23.14.09:473][394]LogActorComponent: UnregisterComponent: (/Engine/Transient.CharacterMovementComponent_38) Not registered. Aborting.
[2015.12.12-23.14.09:473][394]LogActorComponent: UnregisterComponent: (/Engine/Transient.CharacterMovementComponent_39) Not registered. Aborting.
[2015.12.12-23.14.09:473][394]LogActorComponent: UnregisterComponent: (/Engine/Transient.CharacterMovementComponent_40) Not registered. Aborting.
[2015.12.12-23.14.17:338][946]LogWindowsTextInputMethodSystem:Display: IME system now deactivated.
[2015.12.12-23.14.17:338][946]LogWindowsTextInputMethodSystem:Display: IME system now deactivated.
[2015.12.12-23.14.17:633][947]Cmd: QUIT_EDITOR
[2015.12.12-23.14.17:968][947]LogExit: Preparing to exit.
[2015.12.12-23.14.19:103][947]LogExit: Editor shut down
[2015.12.12-23.14.19:103][947]LogExit: Transaction tracking system shut down
[2015.12.12-23.14.19:114][947]LogParticles: Destroying 0 GPU particle simulations for FXSystem 0x0000019A221B3060
[2015.12.12-23.14.19:115][947]LogParticles: Destroying 0 GPU particle simulations for FXSystem 0x0000019A7554F920
[2015.12.12-23.14.19:119][947]LogParticles: Destroying 0 GPU particle simulations for FXSystem 0x0000019A22BE5260
[2015.12.12-23.14.19:120][947]LogParticles: Destroying 0 GPU particle simulations for FXSystem 0x0000019A26139E40
[2015.12.12-23.14.19:127][947]LogParticles: Destroying 0 GPU particle simulations for FXSystem 0x0000019A3F6EB880
[2015.12.12-23.14.19:127][947]LogParticles: Destroying 0 GPU particle simulations for FXSystem 0x0000019A2A3B04A0
[2015.12.12-23.14.19:528][947]LogExit: Object subsystem successfully closed.
[2015.12.12-23.14.19:537][947]LogD3D11RHI: Shutdown
[2015.12.12-23.14.19:537][947]LogD3D11RHI: CleanupD3DDevice
[2015.12.12-23.14.19:646][947]LogD3D11RHI: ~FD3D11DynamicRHI
[2015.12.12-23.14.19:887][947]LogModuleManager: Shutting down and abandoning module BlueprintGraph (200)
[2015.12.12-23.14.19:887][947]LogModuleManager: Shutting down and abandoning module CrashTracker (199)
[2015.12.12-23.14.19:887][947]LogModuleManager: Shutting down and abandoning module SceneOutliner (198)
[2015.12.12-23.14.19:887][947]LogModuleManager: Shutting down and abandoning module SuperSearch (197)
[2015.12.12-23.14.19:887][947]LogModuleManager: Shutting down and abandoning module WidgetCarousel (196)
[2015.12.12-23.14.19:887][947]LogModuleManager: Shutting down and abandoning module AddContentDialog (195)
[2015.12.12-23.14.19:896][947]LogModuleManager: Shutting down and abandoning module EditorWidgets (194)
[2015.12.12-23.14.19:896][947]LogModuleManager: Shutting down and abandoning module CollectionManager (193)
[2015.12.12-23.14.19:896][947]LogModuleManager: Shutting down and abandoning module StatsViewer (192)
[2015.12.12-23.14.19:896][947]LogModuleManager: Shutting down and abandoning module FoliageEdit (191)
[2015.12.12-23.14.19:896][947]LogModuleManager: Shutting down and abandoning module LandscapeEditor (190)
[2015.12.12-23.14.19:922][947]LogModuleManager: Shutting down and abandoning module ActorPickerMode (189)
[2015.12.12-23.14.19:922][947]LogModuleManager: Shutting down and abandoning module GeometryMode (188)
[2015.12.12-23.14.19:922][947]LogModuleManager: Shutting down and abandoning module TextureAlignMode (187)
[2015.12.12-23.14.19:922][947]LogModuleManager: Shutting down and abandoning module BspMode (186)
[2015.12.12-23.14.19:922][947]LogModuleManager: Shutting down and abandoning module PlacementMode (185)
[2015.12.12-23.14.19:922][947]LogModuleManager: Shutting down and abandoning module AutomationWorker (184)
[2015.12.12-23.14.19:922][947]LogModuleManager: Shutting down and abandoning module CharacterAI (183)
[2015.12.12-23.14.19:922][947]LogModuleManager: Shutting down and abandoning module SmartSnapping (182)
[2015.12.12-23.14.19:922][947]LogModuleManager: Shutting down and abandoning module ViewportSnapping (181)
[2015.12.12-23.14.19:922][947]LogModuleManager: Shutting down and abandoning module LogVisualizer (180)
[2015.12.12-23.14.19:922][947]LogModuleManager: Shutting down and abandoning module GameProjectGeneration (179)
[2015.12.12-23.14.19:925][947]LogModuleManager: Shutting down and abandoning module IntroTutorials (178)
[2015.12.12-23.14.19:925][947]LogModuleManager: Shutting down and abandoning module EditorLiveStreaming (177)
[2015.12.12-23.14.19:925][947]LogModuleManager: Shutting down and abandoning module IOSPlatformEditor (176)
[2015.12.12-23.14.19:925][947]LogModuleManager: Shutting down and abandoning module HTML5PlatformEditor (175)
[2015.12.12-23.14.19:925][947]LogModuleManager: Shutting down and abandoning module AndroidDeviceDetection (174)
[2015.12.12-23.14.20:792][947]LogModuleManager: Shutting down and abandoning module AndroidPlatformEditor (173)
[2015.12.12-23.14.20:792][947]LogModuleManager: Shutting down and abandoning module IOSRuntimeSettings (172)
[2015.12.12-23.14.20:792][947]LogModuleManager: Shutting down and abandoning module AndroidRuntimeSettings (171)
[2015.12.12-23.14.20:792][947]LogModuleManager: Shutting down and abandoning module MergeActors (170)
[2015.12.12-23.14.20:822][947]LogModuleManager: Shutting down and abandoning module SizeMap (169)
[2015.12.12-23.14.20:822][947]LogModuleManager: Shutting down and abandoning module TreeMap (168)
[2015.12.12-23.14.20:822][947]LogModuleManager: Shutting down and abandoning module ReferenceViewer (167)
[2015.12.12-23.14.20:822][947]LogModuleManager: Shutting down and abandoning module LocalizationService (166)
[2015.12.12-23.14.20:822][947]LogModuleManager: Shutting down and abandoning module LocalizationDashboard (165)
[2015.12.12-23.14.20:831][947]LogModuleManager: Shutting down and abandoning module HardwareTargeting (164)
[2015.12.12-23.14.20:831][947]LogModuleManager: Shutting down and abandoning module DeviceProfileEditor (163)
[2015.12.12-23.14.20:831][947]LogModuleManager: Shutting down and abandoning module UndoHistory (162)
[2015.12.12-23.14.20:831][947]LogModuleManager: Shutting down and abandoning module GameplayTagsEditor (161)
[2015.12.12-23.14.20:831][947]LogModuleManager: Shutting down and abandoning module UserFeedback (160)
[2015.12.12-23.14.20:831][947]LogModuleManager: Shutting down and abandoning module XmlParser (159)
[2015.12.12-23.14.20:831][947]LogModuleManager: Shutting down and abandoning module Blutility (158)
[2015.12.12-23.14.20:831][947]LogModuleManager: Shutting down and abandoning module ProjectTargetPlatformEditor (157)
[2015.12.12-23.14.20:831][947]LogModuleManager: Shutting down and abandoning module ProjectSettingsViewer (156)
[2015.12.12-23.14.20:831][947]LogModuleManager: Shutting down and abandoning module InputBindingEditor (155)
[2015.12.12-23.14.20:860][947]LogModuleManager: Shutting down and abandoning module EditorSettingsViewer (154)
[2015.12.12-23.14.20:860][947]LogModuleManager: Shutting down and abandoning module SettingsEditor (153)
[2015.12.12-23.14.20:860][947]LogModuleManager: Shutting down and abandoning module ProjectLauncher (152)
[2015.12.12-23.14.20:860][947]LogModuleManager: Shutting down and abandoning module SessionFrontend (151)
[2015.12.12-23.14.20:860][947]LogModuleManager: Shutting down and abandoning module ProfilerClient (150)
[2015.12.12-23.14.20:874][947]LogModuleManager: Shutting down and abandoning module TargetDeviceServices (149)
[2015.12.12-23.14.20:874][947]LogModuleManager: Shutting down and abandoning module DeviceManager (148)
[2015.12.12-23.14.20:875][947]LogModuleManager: Shutting down and abandoning module AutomationController (147)
[2015.12.12-23.14.20:875][947]LogModuleManager: Shutting down and abandoning module AutomationWindow (146)
[2015.12.12-23.14.20:887][947]LogModuleManager: Shutting down and abandoning module Layers (145)
[2015.12.12-23.14.20:899][947]LogModuleManager: Shutting down and abandoning module ComponentVisualizers (144)
[2015.12.12-23.14.20:899][947]LogModuleManager: Shutting down and abandoning module DetailCustomizations (143)
[2015.12.12-23.14.20:899][947]LogModuleManager: Shutting down and abandoning module PackagesDialog (142)
[2015.12.12-23.14.20:899][947]LogModuleManager: Shutting down and abandoning module Persona (141)
[2015.12.12-23.14.20:910][947]LogModuleManager: Shutting down and abandoning module Kismet (140)
[2015.12.12-23.14.20:910][947]LogModuleManager: Shutting down and abandoning module GraphEditor (139)
[2015.12.12-23.14.20:910][947]LogModuleManager: Shutting down and abandoning module ClassViewer (138)
[2015.12.12-23.14.20:910][947]LogModuleManager: Shutting down and abandoning module Toolbox (137)
[2015.12.12-23.14.20:910][947]LogModuleManager: Shutting down and abandoning module ModuleUI (136)
[2015.12.12-23.14.20:930][947]LogModuleManager: Shutting down and abandoning module MovieSceneTools (135)
[2015.12.12-23.14.20:930][947]LogModuleManager: Shutting down and abandoning module OutputLog (134)
[2015.12.12-23.14.20:930][947]LogModuleManager: Shutting down and abandoning module GammaUI (133)
[2015.12.12-23.14.20:967][947]LogModuleManager: Shutting down and abandoning module Documentation (132)
[2015.12.12-23.14.20:967][947]LogModuleManager: Shutting down and abandoning module GameLiveStreaming (131)
[2015.12.12-23.14.20:967][947]LogModuleManager: Shutting down and abandoning module StreamingPauseRendering (130)
[2015.12.12-23.14.20:967][947]LogModuleManager: Shutting down and abandoning module AnalyticsET (129)
[2015.12.12-23.14.20:967][947]LogModuleManager: Shutting down and abandoning module Analytics (128)
[2015.12.12-23.14.20:967][947]LogModuleManager: Shutting down and abandoning module AITestSuite (127)
[2015.12.12-23.14.20:967][947]LogModuleManager: Shutting down and abandoning module GameplayDebugger (126)
[2015.12.12-23.14.20:967][947]LogModuleManager: Shutting down and abandoning module AIModule (125)
[2015.12.12-23.14.20:967][947]LogModuleManager: Shutting down and abandoning module ProfilerService (124)
[2015.12.12-23.14.21:015][947]LogModuleManager: Shutting down and abandoning module TaskGraph (123)
[2015.12.12-23.14.21:015][947]LogModuleManager: Shutting down and abandoning module SubstanceEditor (122)
[2015.12.12-23.14.21:021][947]LogModuleManager: Shutting down and abandoning module SlateRemote (121)
[2015.12.12-23.14.21:021][947]LogModuleManager: Shutting down and abandoning module SteamVRController (120)
[2015.12.12-23.14.21:021][947]LogModuleManager: Shutting down and abandoning module SteamVR (119)
[2015.12.12-23.14.21:021][947]LogModuleManager: Shutting down and abandoning module ProceduralMeshComponent (118)
[2015.12.12-23.14.21:021][947]LogModuleManager: Shutting down and abandoning module OculusRift (117)
[2015.12.12-23.14.21:022][947]LogModuleManager: Shutting down and abandoning module OculusLibrary (116)
[2015.12.12-23.14.21:022][947]LogModuleManager: Shutting down and abandoning module LeapMotionController (115)
[2015.12.12-23.14.21:058][947]LogModuleManager: Shutting down and abandoning module CustomMeshComponent (114)
[2015.12.12-23.14.21:069][947]LogModuleManager: Shutting down and abandoning module CableComponent (113)
[2015.12.12-23.14.21:069][947]LogModuleManager: Shutting down and abandoning module ArchVisCharacter (112)
[2015.12.12-23.14.21:069][947]LogModuleManager: Shutting down and abandoning module MessagingDebugger (111)
[2015.12.12-23.14.21:079][947]LogModuleManager: Shutting down and abandoning module MediaPlayerEditor (110)
[2015.12.12-23.14.21:088][947]LogModuleManager: Shutting down and abandoning module HTML5Networking (109)
[2015.12.12-23.14.21:088][947]LogModuleManager: Shutting down and abandoning module SpeedTreeImporter (108)
[2015.12.12-23.14.21:088][947]LogModuleManager: Shutting down and abandoning module PluginBrowser (107)
[2015.12.12-23.14.21:088][947]LogModuleManager: Shutting down and abandoning module EpicSurvey (106)
[2015.12.12-23.14.21:088][947]LogModuleManager: Shutting down and abandoning module DesktopPlatform (105)
[2015.12.12-23.14.21:088][947]LogModuleManager: Shutting down and abandoning module VisualStudioSourceCodeAccess (104)
[2015.12.12-23.14.21:088][947]LogModuleManager: Shutting down and abandoning module UObjectPlugin (103)
[2015.12.12-23.14.21:088][947]LogModuleManager: Shutting down and abandoning module SubversionSourceControl (102)
[2015.12.12-23.14.21:089][947]LogModuleManager: Shutting down and abandoning module PerforceSourceControl (101)
[2015.12.12-23.14.21:089][947]LogModuleManager: Shutting down and abandoning module SourceControl (100)
[2015.12.12-23.14.21:089][947]LogModuleManager: Shutting down and abandoning module GitSourceControl (99)
[2015.12.12-23.14.21:089][947]LogModuleManager: Shutting down and abandoning module LightPropagationVolumeEditor (98)
[2015.12.12-23.14.21:089][947]LogModuleManager: Shutting down and abandoning module PaperTiledImporter (97)
[2015.12.12-23.14.21:089][947]LogModuleManager: Shutting down and abandoning module PaperSpriteSheetImporter (96)
[2015.12.12-23.14.21:089][947]LogModuleManager: Shutting down and abandoning module MeshPaint (95)
[2015.12.12-23.14.21:089][947]LogModuleManager: Shutting down and abandoning module SlateReflector (94)
[2015.12.12-23.14.21:099][947]LogModuleManager: Shutting down and abandoning module HotReload (93)
[2015.12.12-23.14.21:099][947]LogModuleManager: Shutting down and abandoning module MainFrame (92)
[2015.12.12-23.14.21:099][947]LogModuleManager: Shutting down and abandoning module LevelEditor (91)
[2015.12.12-23.14.21:105][947]LogModuleManager: Shutting down and abandoning module ContentBrowser (90)
[2015.12.12-23.14.21:106][947]LogModuleManager: Shutting down and abandoning module Paper2DEditor (89)
[2015.12.12-23.14.21:112][947]LogModuleManager: Shutting down and abandoning module UdpMessaging (88)
[2015.12.12-23.14.21:213][947]LogModuleManager: Shutting down and abandoning module DirectoryWatcher (87)
[2015.12.12-23.14.21:213][947]LogModuleManager: Shutting down and abandoning module AssetRegistry (86)
[2015.12.12-23.14.21:367][947]LogModuleManager: Shutting down and abandoning module SubstanceCore (85)
[2015.12.12-23.14.21:367][947]LogModuleManager: Shutting down and abandoning module LightPropagationVolumeRuntime (84)
[2015.12.12-23.14.21:367][947]LogModuleManager: Shutting down and abandoning module Paper2D (83)
[2015.12.12-23.14.21:367][947]LogModuleManager: Shutting down and abandoning module WindowsMoviePlayer (82)
[2015.12.12-23.14.21:384][947]LogModuleManager: Shutting down and abandoning module Media (81)
[2015.12.12-23.14.21:384][947]LogModuleManager: Shutting down and abandoning module WmfMedia (80)
[2015.12.12-23.14.21:384][947]LogModuleManager: Shutting down and abandoning module OnlineBlueprintSupport (79)
[2015.12.12-23.14.21:384][947]LogModuleManager: Shutting down and abandoning module GameplayTasksEditor (78)
[2015.12.12-23.14.21:384][947]LogModuleManager: Shutting down and abandoning module PropertyEditor (77)
[2015.12.12-23.14.21:384][947]LogModuleManager: Shutting down and abandoning module BehaviorTreeEditor (76)
[2015.12.12-23.14.21:384][947]LogModuleManager: Shutting down and abandoning module FunctionalTesting (75)
[2015.12.12-23.14.21:384][947]LogModuleManager: Shutting down and abandoning module CollisionAnalyzer (74)
[2015.12.12-23.14.21:384][947]LogModuleManager: Shutting down and abandoning module WorkspaceMenuStructure (73)
[2015.12.12-23.14.21:384][947]LogModuleManager: Shutting down and abandoning module MessageLog (72)
[2015.12.12-23.14.21:384][947]LogModuleManager: Shutting down and abandoning module Sequencer (71)
[2015.12.12-23.14.21:396][947]LogModuleManager: Shutting down and abandoning module AssetTools (70)
[2015.12.12-23.14.21:410][947]LogModuleManager: Shutting down and abandoning module UMGEditor (69)
[2015.12.12-23.14.21:415][947]LogModuleManager: Shutting down and abandoning module UMG (68)
[2015.12.12-23.14.21:415][947]LogModuleManager: Shutting down and abandoning module Slate (67)
[2015.12.12-23.14.21:415][947]LogModuleManager: Shutting down and abandoning module EditorStyle (66)
[2015.12.12-23.14.21:418][947]LogModuleManager: Shutting down and abandoning module SessionServices (65)
[2015.12.12-23.14.21:418][947]LogModuleManager: Shutting down and abandoning module SourceCodeAccess (64)
[2015.12.12-23.14.21:418][947]LogModuleManager: Shutting down and abandoning module HeadMountedDisplay (63)
[2015.12.12-23.14.21:418][947]LogModuleManager: Shutting down and abandoning module XAudio2 (62)
[2015.12.12-23.14.21:418][947]LogModuleManager: Shutting down and abandoning module Networking (60)
[2015.12.12-23.14.21:418][947]LogModuleManager: Shutting down and abandoning module Core (59)
[2015.12.12-23.14.21:418][947]LogModuleManager: Shutting down and abandoning module KismetCompiler (58)
[2015.12.12-23.14.21:418][947]LogModuleManager: Shutting down and abandoning module PhysXFormats (57)
[2015.12.12-23.14.21:418][947]LogModuleManager: Shutting down and abandoning module MeshUtilities (56)
[2015.12.12-23.14.21:425][947]LogModuleManager: Shutting down and abandoning module CookingStats (55)
[2015.12.12-23.14.21:430][947]LogModuleManager: Shutting down and abandoning module DerivedDataCache (54)
[2015.12.12-23.14.21:461][947]LogDerivedDataCache: Shutdown
[2015.12.12-23.14.21:461][947]LogModuleManager: Shutting down and abandoning module ShaderFormatOpenGL (53)
[2015.12.12-23.14.21:468][947]LogModuleManager: Shutting down and abandoning module ShaderFormatD3D (52)
[2015.12.12-23.14.21:468][947]LogModuleManager: Shutting down and abandoning module MetalShaderFormat (51)
[2015.12.12-23.14.21:479][947]LogModuleManager: Shutting down and abandoning module TextureFormatUncompressed (50)
[2015.12.12-23.14.21:479][947]LogModuleManager: Shutting down and abandoning module TextureFormatPVR (49)
[2015.12.12-23.14.21:479][947]LogModuleManager: Shutting down and abandoning module TextureFormatIntelISPCTexComp (48)
[2015.12.12-23.14.21:479][947]LogModuleManager: Shutting down and abandoning module TextureFormatDXT (47)
[2015.12.12-23.14.21:479][947]LogModuleManager: Shutting down and abandoning module ImageWrapper (46)
[2015.12.12-23.14.21:479][947]LogModuleManager: Shutting down and abandoning module TextureFormatASTC (45)
[2015.12.12-23.14.21:479][947]LogModuleManager: Shutting down and abandoning module TextureFormatAndroid (44)
[2015.12.12-23.14.21:479][947]LogModuleManager: Shutting down and abandoning module AudioFormatOpus (43)
[2015.12.12-23.14.21:491][947]LogModuleManager: Shutting down and abandoning module AudioFormatOgg (42)
[2015.12.12-23.14.21:491][947]LogModuleManager: Shutting down and abandoning module AudioFormatADPCM (41)
[2015.12.12-23.14.21:491][947]LogModuleManager: Shutting down and abandoning module LinuxTargetPlatform (40)
[2015.12.12-23.14.21:491][947]LogModuleManager: Shutting down and abandoning module LinuxServerTargetPlatform (39)
[2015.12.12-23.14.21:491][947]LogModuleManager: Shutting down and abandoning module LinuxNoEditorTargetPlatform (38)
[2015.12.12-23.14.21:491][947]LogModuleManager: Shutting down and abandoning module Messaging (37)
[2015.12.12-23.14.21:491][947]LogModuleManager: Shutting down and abandoning module IOSTargetPlatform (36)
[2015.12.12-23.14.21:491][947]LogModuleManager: Shutting down and abandoning module HTML5TargetPlatform (35)
[2015.12.12-23.14.21:491][947]LogModuleManager: Shutting down and abandoning module Android_PVRTCTargetPlatform (34)
[2015.12.12-23.14.21:491][947]LogModuleManager: Shutting down and abandoning module Android_ETC2TargetPlatform (33)
[2015.12.12-23.14.21:491][947]LogModuleManager: Shutting down and abandoning module Android_ETC1TargetPlatform (32)
[2015.12.12-23.14.21:491][947]LogModuleManager: Shutting down and abandoning module Android_DXTTargetPlatform (31)
[2015.12.12-23.14.21:491][947]LogModuleManager: Shutting down and abandoning module Android_ATCTargetPlatform (30)
[2015.12.12-23.14.21:491][947]LogModuleManager: Shutting down and abandoning module Android_ASTCTargetPlatform (29)
[2015.12.12-23.14.21:491][947]LogModuleManager: Shutting down and abandoning module AndroidTargetPlatform (28)
[2015.12.12-23.14.21:491][947]LogModuleManager: Shutting down and abandoning module WindowsTargetPlatform (27)
[2015.12.12-23.14.21:491][947]LogModuleManager: Shutting down and abandoning module WindowsServerTargetPlatform (26)
[2015.12.12-23.14.21:500][947]LogModuleManager: Shutting down and abandoning module WindowsNoEditorTargetPlatform (25)
[2015.12.12-23.14.21:506][947]LogModuleManager: Shutting down and abandoning module WindowsClientTargetPlatform (24)
[2015.12.12-23.14.21:506][947]LogModuleManager: Shutting down and abandoning module AllDesktopTargetPlatform (23)
[2015.12.12-23.14.21:506][947]LogModuleManager: Shutting down and abandoning module TargetPlatform (22)
[2015.12.12-23.14.21:506][947]LogModuleManager: Shutting down and abandoning module InputCore (21)
[2015.12.12-23.14.21:506][947]LogModuleManager: Shutting down and abandoning module Settings (20)
[2015.12.12-23.14.21:506][947]LogModuleManager: Shutting down and abandoning module OnlineSubsystem (18)
[2015.12.12-23.14.21:506][947]LogModuleManager: Shutting down and abandoning module HTTP (17)
[2015.12.12-23.14.22:508][947]LogModuleManager: Shutting down and abandoning module XMPP (16)
[2015.12.12-23.14.22:522][947]LogModuleManager: Shutting down and abandoning module ExampleDeviceProfileSelector (15)
[2015.12.12-23.14.22:522][947]LogModuleManager: Shutting down and abandoning module TextureCompressor (14)
[2015.12.12-23.14.22:522][947]LogModuleManager: Shutting down and abandoning module ShaderCore (13)
[2015.12.12-23.14.22:522][947]LogModuleManager: Shutting down and abandoning module Landscape (12)
[2015.12.12-23.14.22:522][947]LogModuleManager: Shutting down and abandoning module SlateRHIRenderer (11)
[2015.12.12-23.14.22:524][947]LogModuleManager: Shutting down and abandoning module OpenGLDrv (10)
[2015.12.12-23.14.22:530][947]LogModuleManager: Shutting down and abandoning module D3D11RHI (9)
[2015.12.12-23.14.22:530][947]LogModuleManager: Shutting down and abandoning module AnimGraphRuntime (8)
[2015.12.12-23.14.22:530][947]LogModuleManager: Shutting down and abandoning module Renderer (7)
[2015.12.12-23.14.22:530][947]LogModuleManager: Shutting down and abandoning module Engine (6)
[2015.12.12-23.14.22:530][947]LogModuleManager: Shutting down and abandoning module CoreUObject (5)
[2015.12.12-23.14.22:530][947]LogModuleManager: Shutting down and abandoning module NetworkFile (4)
[2015.12.12-23.14.22:538][947]LogModuleManager: Shutting down and abandoning module StreamingFile (3)
[2015.12.12-23.14.22:538][947]LogModuleManager: Shutting down and abandoning module SandboxFile (2)
[2015.12.12-23.14.22:538][947]LogModuleManager: Shutting down and abandoning module PakFile (1)
[2015.12.12-23.14.22:539][947]LogExit: Exiting.
[2015.12.12-23.14.22:594][947]Log file closed, 12/12/15 18:14:22
