[2015.11.30-04.26.50:537][  0]Log file open, 11/29/15 23:26:50
[2015.11.30-04.26.50:537][  0]LogInit:Display: Running engine for game: SuperSpaceArmada
[2015.11.30-04.26.50:537][  0]LogInit:Display: RandInit(1324201297) SRandInit(1324201298).
[2015.11.30-04.26.50:537][  0]LogTaskGraph: Started task graph with 4 named threads and 7 total threads.
[2015.11.30-04.26.50:537][  0]LogStats: Stats thread started at 0.332704
[2015.11.30-04.26.50:537][  0]LogInit: Version: 4.9.1-2689999+++depot+UE4-Releases+4.9
[2015.11.30-04.26.50:537][  0]LogInit: API Version: 2672455
[2015.11.30-04.26.50:538][  0]LogInit: Compiled (64-bit): Sep 14 2015 04:12:03
[2015.11.30-04.26.50:538][  0]LogInit: Compiled with Visual C++: 18.00.21005.01
[2015.11.30-04.26.50:538][  0]LogInit: Build Configuration: Development
[2015.11.30-04.26.50:538][  0]LogInit: Branch Name: ++depot+UE4-Releases+4.9
[2015.11.30-04.26.50:538][  0]LogInit: Command line:  
[2015.11.30-04.26.50:538][  0]LogInit: Base directory: C:/Program Files/Epic Games/4.9/Engine/Binaries/Win64/
[2015.11.30-04.26.50:538][  0]LogInit: Rocket: 1
[2015.11.30-04.26.50:818][  0]LogInit: Using libcurl 7.41.0
[2015.11.30-04.26.50:818][  0]LogInit:  - built for x86_64-pc-win32
[2015.11.30-04.26.50:818][  0]LogInit:  - supports SSL with WinSSL
[2015.11.30-04.26.50:818][  0]LogInit:  - other features:
[2015.11.30-04.26.50:818][  0]LogInit:      CURL_VERSION_SSL
[2015.11.30-04.26.50:818][  0]LogInit:      CURL_VERSION_IPV6
[2015.11.30-04.26.50:818][  0]LogInit:      CURL_VERSION_ASYNCHDNS
[2015.11.30-04.26.50:818][  0]LogInit:      CURL_VERSION_LARGEFILE
[2015.11.30-04.26.50:818][  0]LogInit:      CURL_VERSION_IDN
[2015.11.30-04.26.50:818][  0]LogInit:  CurlRequestOptions (configurable via config and command line):
[2015.11.30-04.26.50:818][  0]LogInit:  - bVerifyPeer = true  - Libcurl will verify peer certificate
[2015.11.30-04.26.50:818][  0]LogInit:  - bUseHttpProxy = false  - Libcurl will NOT use HTTP proxy
[2015.11.30-04.26.50:818][  0]LogInit:  - bDontReuseConnections = false  - Libcurl will reuse connections
[2015.11.30-04.26.50:818][  0]LogInit:  - CertBundlePath = nullptr  - Libcurl will use whatever was configured at build time.
[2015.11.30-04.26.50:991][  0]LogInit: Presizing for 0 objects not considered by GC, pre-allocating 0 bytes.
[2015.11.30-04.26.50:998][  0]LogInit: Object subsystem initialized
[2015.11.30-04.26.50:999][  0]LogInit: Selected Device Profile: [Windows]
[2015.11.30-04.26.50:999][  0]LogInit: Applying CVar settings loaded from the selected device profile: [Windows]
[2015.11.30-04.26.51:080][  0]LogInit: Computer: EXIA
[2015.11.30-04.26.51:080][  0]LogInit: User: SGJin
[2015.11.30-04.26.51:080][  0]LogInit: CPU Page size=4096, Cores=4
[2015.11.30-04.26.51:080][  0]LogInit: High frequency timer resolution =2.338346 MHz
[2015.11.30-04.26.51:080][  0]LogMemory: Memory total: Physical=7.9GB (8GB approx)
[2015.11.30-04.26.51:080][  0]LogMemory: Platform Memory Stats for Windows
[2015.11.30-04.26.51:080][  0]LogMemory: Process Physical Memory: 55.01 MB used, 55.01 MB peak
[2015.11.30-04.26.51:080][  0]LogMemory: Process Virtual Memory: 59.36 MB used, 59.36 MB peak
[2015.11.30-04.26.51:080][  0]LogMemory: Physical Memory: 4979.14 MB used, 8124.02 MB total
[2015.11.30-04.26.51:080][  0]LogMemory: Virtual Memory: 368.63 MB used, 134217728.00 MB total
[2015.11.30-04.26.52:339][  0]LogTextLocalizationManager: No specific translations for ('en-US') exist, so ('en') translations will be used.
[2015.11.30-04.26.53:394][  0]LogD3D11RHI: Found D3D11 adapter 0: NVIDIA GeForce GT 740M          (Feature Level 11_0)
[2015.11.30-04.26.53:395][  0]LogD3D11RHI: Adapter has 1996MB of dedicated video memory, 0MB of dedicated system memory, and 4062MB of shared system memory, 1 output[s]
[2015.11.30-04.26.53:400][  0]LogD3D11RHI: Found D3D11 adapter 1: Intel(R) HD Graphics 4600 (Feature Level 11_0)
[2015.11.30-04.26.53:400][  0]LogD3D11RHI: Adapter has 112MB of dedicated video memory, 0MB of dedicated system memory, and 4062MB of shared system memory, 0 output[s]
[2015.11.30-04.26.53:402][  0]LogD3D11RHI: Found D3D11 adapter 2: Microsoft Basic Render Driver (Feature Level 11_0)
[2015.11.30-04.26.53:402][  0]LogD3D11RHI: Adapter has 0MB of dedicated video memory, 0MB of dedicated system memory, and 4062MB of shared system memory, 0 output[s]
[2015.11.30-04.26.53:402][  0]LogD3D11RHI: Chosen D3D11 Adapter Id = 0
[2015.11.30-04.26.53:408][  0]LogD3D11RHI: !Direct3DDevice
[2015.11.30-04.26.53:408][  0]LogRHI: Texture pool is 1361 MB (70% of 1945 MB)
[2015.11.30-04.26.53:419][  0]LogD3D11RHI: Async texture creation enabled
[2015.11.30-04.26.53:436][  0]LogShaderCompilers: Guid format shader working directory is 14 characters bigger than the processId version (../../../../../../Users/Jin/Documents/GitHub/Game-Files/SuperSpaceArmada/Intermediate/Shaders/WorkingDirectory/40392/).
[2015.11.30-04.26.53:436][  0]LogShaderCompilers: Cleaned the shader compiler working directory '../../../../../../Users/Jin/Documents/GitHub/Game-Files/SuperSpaceArmada/Intermediate/Shaders/tmp/EED0A4024281A83B7799FAA250A674DC/'.
[2015.11.30-04.26.53:436][  0]LogShaderCompilers:Display: Using Local Shader Compiler.
[2015.11.30-04.26.59:299][  0]LogTemp:Display: Loaded TP AllDesktopTargetPlatform
[2015.11.30-04.26.59:353][  0]LogTemp:Display: Loaded TP WindowsClientTargetPlatform
[2015.11.30-04.26.59:397][  0]LogTemp:Display: Loaded TP WindowsNoEditorTargetPlatform
[2015.11.30-04.26.59:427][  0]LogTemp:Display: Loaded TP WindowsServerTargetPlatform
[2015.11.30-04.26.59:477][  0]LogTemp:Display: Loaded TP WindowsTargetPlatform
[2015.11.30-04.26.59:532][  0]LogTemp:Display: Loaded TP AndroidTargetPlatform
[2015.11.30-04.26.59:591][  0]LogTemp:Display: Loaded TP Android_ASTCTargetPlatform
[2015.11.30-04.26.59:650][  0]LogTemp:Display: Loaded TP Android_ATCTargetPlatform
[2015.11.30-04.26.59:687][  0]LogTemp:Display: Loaded TP Android_DXTTargetPlatform
[2015.11.30-04.26.59:735][  0]LogTemp:Display: Loaded TP Android_ETC1TargetPlatform
[2015.11.30-04.26.59:788][  0]LogTemp:Display: Loaded TP Android_ETC2TargetPlatform
[2015.11.30-04.26.59:815][  0]LogTemp:Display: Loaded TP Android_PVRTCTargetPlatform
[2015.11.30-04.26.59:856][  0]LogTemp:Display: Loaded TP HTML5TargetPlatform
[2015.11.30-04.26.59:986][  0]LogTemp:Display: Loaded TP IOSTargetPlatform
[2015.11.30-04.27.00:033][  0]LogTemp:Display: Loaded TP LinuxNoEditorTargetPlatform
[2015.11.30-04.27.00:069][  0]LogTemp:Display: Loaded TP LinuxServerTargetPlatform
[2015.11.30-04.27.00:121][  0]LogTemp:Display: Loaded TP LinuxTargetPlatform
[2015.11.30-04.27.00:121][  0]LogTargetPlatformManager:Display: Building Assets For Windows
[2015.11.30-04.27.01:529][  0]LogDerivedDataCache:Display: Max Cache Size: 512 MB
[2015.11.30-04.27.02:087][  0]LogDerivedDataCache: Loaded boot cache 0.56s 45MB C:/Users/Jin/AppData/Local/UnrealEngine/4.9/DerivedDataCache/Boot.ddc.
[2015.11.30-04.27.02:087][  0]LogDerivedDataCache:Display: Loaded Boot cache: C:/Users/Jin/AppData/Local/UnrealEngine/4.9/DerivedDataCache/Boot.ddc
[2015.11.30-04.27.02:087][  0]LogDerivedDataCache: FDerivedDataBackendGraph:  Pak pak cache file ../../../../../../Users/Jin/Documents/GitHub/Game-Files/SuperSpaceArmada/DerivedDataCache/DDC.ddp not found, will not use a pak cache.
[2015.11.30-04.27.02:087][  0]LogDerivedDataCache: Unable to find inner node Pak for hierarchical cache Hierarchy.
[2015.11.30-04.27.02:088][  0]LogDerivedDataCache: FDerivedDataBackendGraph:  CompressedPak pak cache file ../../../../../../Users/Jin/Documents/GitHub/Game-Files/SuperSpaceArmada/DerivedDataCache/Compressed.ddp not found, will not use a pak cache.
[2015.11.30-04.27.02:088][  0]LogDerivedDataCache: Unable to find inner node CompressedPak for hierarchical cache Hierarchy.
[2015.11.30-04.27.02:273][  0]LogDerivedDataCache:Display: Pak cache opened for reading ../../../Engine/DerivedDataCache/Compressed.ddp.
[2015.11.30-04.27.02:363][  0]LogDerivedDataCache: Using Local data cache path C:/Users/Jin/AppData/Local/UnrealEngine/Common/DerivedDataCache: Writable
[2015.11.30-04.27.07:756][  0]LogInit: Selected Device Profile: [Windows]
[2015.11.30-04.27.07:780][  0]LogContentStreaming: Texture pool size is 0.000000MB
[2015.11.30-04.27.08:673][  0]LogMeshUtilities: No automatic mesh reduction module available
[2015.11.30-04.27.08:673][  0]LogMeshUtilities: No automatic mesh merging module available
[2015.11.30-04.27.12:535][  0]LogInit: WinSock: version 1.1 (2.2), MaxSocks=32767, MaxUdp=65467
[2015.11.30-04.27.57:060][  0]LogAssetRegistry: FAssetRegistry took 0.0109 seconds to start up
[2015.11.30-04.27.57:390][  0]UdpMessaging: Initializing bridge on interface 0.0.0.0:0 to multicast group 230.0.0.1:6666.
[2015.11.30-04.28.03:749][  0]SourceControl: Info Source control is disabled
[2015.11.30-04.28.03:750][  0]SourceControl: Info Source control is disabled
[2015.11.30-04.28.04:102][  0]SourceControl: Info Source control is disabled
[2015.11.30-04.28.04:272][  0]SourceControl: Info Source control is disabled
[2015.11.30-04.28.07:475][  0]LogLinker:Warning: Asset '../../../Engine/Plugins/Runtime/LeapMotionController/Content/LM_PassthroughMaterial.uasset' has been saved with empty engine version. The asset will be loaded but may be incompatible.
[2015.11.30-04.28.08:406][  0]LogObj: 28528 objects as part of root set at end of initial load.
[2015.11.30-04.28.08:406][  0]LogUObjectAllocator: 6068456 out of 0 bytes used by permanent object pool.
[2015.11.30-04.28.09:365][  0]LogEngine: Initializing Engine...
[2015.11.30-04.28.09:368][  0]LogHMD: Can't find Oculus library dev build: is proper Runtime installed? Version: 0.7.0.0
[2015.11.30-04.28.09:520][  0]LogHMD: SteamVR failed to initialize.  Err: 110
[2015.11.30-04.28.10:753][  0]LogAIModule: Creating AISystem for world NewWorld
[2015.11.30-04.28.10:839][  0]LogInit: XAudio2 using 'Speakers / HP (IDT High Definition Audio CODEC)' : 2 channels at 48 kHz using 16 bits per sample (channel mask 0x3)
[2015.11.30-04.28.10:933][  0]LogInit: FAudioDevice initialized.
[2015.11.30-04.28.10:958][  0]LogDerivedDataCache: Saved boot cache 0.02s 41MB C:/Users/Jin/AppData/Local/UnrealEngine/4.9/DerivedDataCache/Boot.ddc.
[2015.11.30-04.28.10:960][  0]LogInit: Texture streaming: Enabled
[2015.11.30-04.28.11:526][  0]LogAnalytics: Creating configured Analytics provider AnalyticsET
[2015.11.30-04.28.11:526][  0]LogAnalytics: [UEEditor.Rocket.Release] APIServer = http://et2.epicgames.com/ET2/. AppVersion = 4.9.1-2689999+++depot+UE4-Releases+4.9
[2015.11.30-04.28.11:527][  0]LogAnalytics: [UEEditor.Rocket.Release] SetUserId 435ea4a8489b84c6f4feaab84cbae6c8|e03effeb7bdf4ddc9c712682a578c51b|8a2a019e-36d5-4c55-97e1-833141022920
[2015.11.30-04.28.11:527][  0]LogAnalytics: [UEEditor.Rocket.Release] AnalyticsET::StartSession
[2015.11.30-04.28.11:721][  0]LogInit: Transaction tracking system initialized
[2015.11.30-04.28.14:500][  0]BlueprintLog: New page: Editor Load
[2015.11.30-04.28.18:711][  0]LocalizationService: Info Localization service is disabled
[2015.11.30-04.28.20:989][  0]LogConsoleResponse:Display: 
[2015.11.30-04.28.23:171][  0]LogCook:Display: Done creating registry. It took  0.00s.
[2015.11.30-04.28.24:308][  0]LogFileCache: Scanning file cache for directory 'C:/Users/Jin/Documents/GitHub/Game-Files/SuperSpaceArmada/Content/' took 0.02s
[2015.11.30-04.28.24:629][  0]SourceControl: Info Source control is disabled
[2015.11.30-04.28.24:629][  0]Cmd: MAP LOAD FILE="../../../../../../Users/Jin/Documents/GitHub/Game-Files/SuperSpaceArmada/Content/SSA/Maps/Home_Kratakos.umap" TEMPLATE=0 SHOWPROGRESS=1 FEATURELEVEL=3
[2015.11.30-04.28.24:691][  0]LightingResults: New page: Lighting Build
[2015.11.30-04.28.24:695][  0]MapCheck: New page: Map Check
[2015.11.30-04.28.24:695][  0]LightingResults: New page: Lighting Build
[2015.11.30-04.28.24:708][  0]LogParticles: Destroying 0 GPU particle simulations for FXSystem 0x0000007C1E82D620
[2015.11.30-04.28.25:561][  0]LogLinker:Warning: Asset '../../../../../../Users/Jin/Documents/GitHub/Game-Files/SuperSpaceArmada/Content/Mannequin/Animations/ThirdPerson_AnimBP.uasset' has been saved with empty engine version. The asset will be loaded but may be incompatible.
[2015.11.30-04.28.25:604][  0]LogLinker:Warning: Asset '../../../../../../Users/Jin/Documents/GitHub/Game-Files/SuperSpaceArmada/Content/Mannequin/Animations/ThirdPerson_Jump.uasset' has been saved with empty engine version. The asset will be loaded but may be incompatible.
[2015.11.30-04.28.25:667][  0]LogLinker:Warning: Asset '../../../../../../Users/Jin/Documents/GitHub/Game-Files/SuperSpaceArmada/Content/Mannequin/Animations/ThirdPersonJump_Loop.uasset' has been saved with empty engine version. The asset will be loaded but may be incompatible.
[2015.11.30-04.28.25:758][  0]LogLinker:Warning: Asset '../../../../../../Users/Jin/Documents/GitHub/Game-Files/SuperSpaceArmada/Content/Mannequin/Animations/ThirdPersonJump_Start.uasset' has been saved with empty engine version. The asset will be loaded but may be incompatible.
[2015.11.30-04.28.25:768][  0]LogLinker:Warning: Asset '../../../../../../Users/Jin/Documents/GitHub/Game-Files/SuperSpaceArmada/Content/Mannequin/Animations/ThirdPerson_IdleRun_2D.uasset' has been saved with empty engine version. The asset will be loaded but may be incompatible.
[2015.11.30-04.28.25:770][  0]LogLinker:Warning: Asset '../../../../../../Users/Jin/Documents/GitHub/Game-Files/SuperSpaceArmada/Content/Mannequin/Animations/ThirdPersonIdle.uasset' has been saved with empty engine version. The asset will be loaded but may be incompatible.
[2015.11.30-04.28.25:807][  0]LogLinker:Warning: Asset '../../../../../../Users/Jin/Documents/GitHub/Game-Files/SuperSpaceArmada/Content/Mannequin/Animations/ThirdPersonRun.uasset' has been saved with empty engine version. The asset will be loaded but may be incompatible.
[2015.11.30-04.28.25:871][  0]LogLinker:Warning: Asset '../../../../../../Users/Jin/Documents/GitHub/Game-Files/SuperSpaceArmada/Content/Mannequin/Animations/ThirdPersonWalk.uasset' has been saved with empty engine version. The asset will be loaded but may be incompatible.
[2015.11.30-04.28.51:285][  0]LogLinker:Warning: Can't find file '/Game/Geometry/Meshes/1M_Cube'
[2015.11.30-04.28.51:285][  0]LogLinker:Warning: Can't find file for asset '/Game/Geometry/Meshes/1M_Cube' while loading ../../../../../../Users/Jin/Documents/GitHub/Game-Files/SuperSpaceArmada/Content/SSA/Blueprints/Objects/Crystal_Spawner.uasset.
[2015.11.30-04.28.51:285][  0]LoadErrors:Error: Error /Game/SSA/Blueprints/Objects/Crystal_Spawner : Can't find file for asset. /Game/Geometry/Meshes/1M_Cube
[2015.11.30-04.28.51:286][  0]LogLinker:Warning: Can't find file '/Game/Geometry/Meshes/1M_Cube'
[2015.11.30-04.28.51:286][  0]LogLinker:Warning: Can't find file for asset '/Game/Geometry/Meshes/1M_Cube' while loading ../../../../../../Users/Jin/Documents/GitHub/Game-Files/SuperSpaceArmada/Content/SSA/Blueprints/Objects/Crystal_Spawner.uasset.
[2015.11.30-04.28.51:286][  0]LoadErrors:Error: Error /Game/SSA/Blueprints/Objects/Crystal_Spawner : Can't find file for asset. /Game/Geometry/Meshes/1M_Cube
[2015.11.30-04.28.51:341][  0]LogLinker:Warning: Can't find file '/Game/Geometry/Meshes/1M_Cube'
[2015.11.30-04.28.51:341][  0]LogLinker:Warning: Can't find file for asset '/Game/Geometry/Meshes/1M_Cube' while loading ../../../../../../Users/Jin/Documents/GitHub/Game-Files/SuperSpaceArmada/Content/SSA/Maps/Home_Kratakos.umap.
[2015.11.30-04.28.51:341][  0]LoadErrors:Error: Error /Game/SSA/Maps/Home_Kratakos : Can't find file for asset. /Game/Geometry/Meshes/1M_Cube
[2015.11.30-04.28.51:341][  0]LogLinker:Warning: Can't find file '/Game/Geometry/Meshes/1M_Cube'
[2015.11.30-04.28.51:341][  0]LogLinker:Warning: Can't find file for asset '/Game/Geometry/Meshes/1M_Cube' while loading ../../../../../../Users/Jin/Documents/GitHub/Game-Files/SuperSpaceArmada/Content/SSA/Maps/Home_Kratakos.umap.
[2015.11.30-04.28.51:341][  0]LoadErrors:Error: Error /Game/SSA/Maps/Home_Kratakos : Can't find file for asset. /Game/Geometry/Meshes/1M_Cube
[2015.11.30-04.28.51:342][  0]LogLinker:Warning: Can't find file '/Game/Geometry/Meshes/1M_Cube'
[2015.11.30-04.28.51:342][  0]LoadErrors: Info Failed to load /Game/Geometry/Meshes/1M_Cube.1M_Cube Referenced by StaticMeshComponent0
[2015.11.30-04.28.51:342][  0]LogLinker:Warning: Can't find file for asset '/Game/Geometry/Meshes/1M_Cube' while loading ../../../../../../Users/Jin/Documents/GitHub/Game-Files/SuperSpaceArmada/Content/SSA/Maps/Home_Kratakos.umap.
[2015.11.30-04.28.51:342][  0]LoadErrors: Info Failed to load /Game/Geometry/Meshes/1M_Cube.1M_Cube Referenced by StaticMeshComponent0
[2015.11.30-04.28.51:342][  0]LoadErrors:Error: Error /Game/SSA/Maps/Home_Kratakos : Can't find file for asset. /Game/Geometry/Meshes/1M_Cube
[2015.11.30-04.29.14:735][  0]LogTexture:Display: Building textures: BACKGROUND (AutoDXT)
[2015.11.30-04.29.17:232][  0]LogMaterial: Missing cached shader map for material hullBooster_Mat, compiling. 
[2015.11.30-04.29.17:277][  0]LogMaterial: Missing cached shader map for material frontClaws_Mat, compiling. 
[2015.11.30-04.29.44:138][  0]LogAIModule: Creating AISystem for world Home_Kratakos
[2015.11.30-04.29.44:269][  0]LogEditorServer: Finished looking for orphan Actors (0.000 secs)
[2015.11.30-04.29.44:270][  0]Cmd: MAP CHECKDEP NOCLEARLOG
[2015.11.30-04.29.44:494][  0]MapCheck: Info Map check complete: 0 Error(s), 0 Warning(s), took 223.137ms to complete.
[2015.11.30-04.29.44:494][  0]LogFileHelpers: Loading map 'Home_Kratakos' took 79.865
[2015.11.30-04.29.45:090][  0]LogCollectionManager: Loaded 0 collections in 0.005818 seconds
[2015.11.30-04.29.45:131][  0]LogFileCache: Scanning file cache for directory 'C:/Users/Jin/Documents/GitHub/Game-Files/SuperSpaceArmada/Saved/Collections/' took 0.01s
[2015.11.30-04.29.45:131][  0]LogFileCache: Scanning file cache for directory 'C:/Users/Jin/Documents/GitHub/Game-Files/SuperSpaceArmada/Content/Developers/SGJin/Collections/' took 0.01s
[2015.11.30-04.29.45:131][  0]LogFileCache: Scanning file cache for directory 'C:/Users/Jin/Documents/GitHub/Game-Files/SuperSpaceArmada/Content/Collections/' took 0.01s
[2015.11.30-04.29.45:131][  0]LogContentBrowser: Native class hierarchy populated in 0.0081 seconds. Added 1882 classes and 339 folders.
[2015.11.30-04.29.45:137][  0]LogCollectionManager: Rebuilt the GUID cache for 0 collections in 0.000006 seconds
[2015.11.30-04.29.45:162][  0]LogContentBrowser: Native class hierarchy updated for 'WidgetCarousel' in 0.0005 seconds. Added 0 classes and 0 folders.
[2015.11.30-04.29.51:416][  0]LogContentBrowser: Native class hierarchy updated for 'AddContentDialog' in 0.0004 seconds. Added 0 classes and 0 folders.
[2015.11.30-04.29.51:558][  0]LogContentBrowser: Native class hierarchy updated for 'SceneOutliner' in 0.0004 seconds. Added 1 classes and 2 folders.
[2015.11.30-04.29.51:942][  0]LogCrashTracker: Crashtracker disabled due to settings.
[2015.11.30-04.29.52:003][  0]LogUObjectGlobals:Warning: Failed to find object 'Class None.'
[2015.11.30-04.29.52:026][  0]LogLoad: Full Startup: 184.31 seconds (BP compile: 2.29 seconds)
[2015.11.30-04.29.52:385][  0]LoadErrors:Error: Error /Game/SSA/Blueprints/Player : Failed import for Player_C /Game/SSA/Blueprints/Player/Player.Default__Player_C
[2015.11.30-04.29.52:584][  0]LogContentStreaming: Texture pool size now 1000 MB
[2015.11.30-04.29.53:031][  0]LogRenderer: Reallocating scene render targets to support 1156x564 (Frame:2).
[2015.11.30-04.30.03:244][ 27]LogAssetRegistry: Asset discovery search completed in 126.1946 seconds
[2015.11.30-04.30.03:244][ 27]LogCollectionManager: Rebuilt the object cache for 0 collections in 0.000001 seconds (found 0 objects)
[2015.11.30-04.30.03:244][ 27]LogCollectionManager: Fixed up redirectors for 0 collections in 0.000037 seconds (updated 0 objects)
[2015.11.30-04.31.13:661][187]LogLinker:Warning: Asset '../../../Engine/Content/ArtTools/RenderToTexture/Macros/RenderToTextureMacros.uasset' has been saved with empty engine version. The asset will be loaded but may be incompatible.
[2015.11.30-04.31.14:435][187]LogContentBrowser: Native class hierarchy updated for 'BlueprintGraph' in 0.0007 seconds. Added 107 classes and 0 folders.
[2015.11.30-04.31.22:640][386]LogRenderer: Reallocating scene render targets to support 1156x712 (Frame:936).
[2015.11.30-04.33.01:460][490]LogSavePackage: Save=83.884933ms
[2015.11.30-04.33.01:460][490]LogSavePackage: Moving '../../../../../../Users/Jin/Documents/GitHub/Game-Files/SuperSpaceArmada/Saved/Vultaari_machine09D7C51C43ED5B3C1E2BA9AD171DCAE2.tmp' to '../../../../../../Users/Jin/Documents/GitHub/Game-Files/SuperSpaceArmada/Content/SSA/Blueprints/Weapons/Vultaari_machine.uasset'
[2015.11.30-04.33.01:464][490]LogSavePackage: Total save time: 220.615771ms
[2015.11.30-04.33.01:464][490]LogSavePackage:Warning: Finished SavePackage ../../../../../../Users/Jin/Documents/GitHub/Game-Files/SuperSpaceArmada/Content/SSA/Blueprints/Weapons/Vultaari_machine.uasset
[2015.11.30-04.36.01:675][852]LogSavePackage: Save=64.466080ms
[2015.11.30-04.36.01:675][852]LogSavePackage: Moving '../../../../../../Users/Jin/Documents/GitHub/Game-Files/SuperSpaceArmada/Saved/Player_Mine4BD1563341B88C0CB15F629AE3B5EA06.tmp' to '../../../../../../Users/Jin/Documents/GitHub/Game-Files/SuperSpaceArmada/Content/SSA/Blueprints/Weapons/Player_Mine.uasset'
[2015.11.30-04.36.01:679][852]LogSavePackage: Total save time: 102.853898ms
[2015.11.30-04.36.01:679][852]LogSavePackage:Warning: Finished SavePackage ../../../../../../Users/Jin/Documents/GitHub/Game-Files/SuperSpaceArmada/Content/SSA/Blueprints/Weapons/Player_Mine.uasset
[2015.11.30-04.36.11:315][418]LogSavePackage: Save=53.064857ms
[2015.11.30-04.36.11:315][418]LogSavePackage: Moving '../../../../../../Users/Jin/Documents/GitHub/Game-Files/SuperSpaceArmada/Saved/Player_Mine3FD3BE764BDC8A9786D7658D8B0BF0AC.tmp' to '../../../../../../Users/Jin/Documents/GitHub/Game-Files/SuperSpaceArmada/Content/SSA/Blueprints/Weapons/Player_Mine.uasset'
[2015.11.30-04.36.11:318][418]LogSavePackage: Total save time: 80.432922ms
[2015.11.30-04.36.11:318][418]LogSavePackage:Warning: Finished SavePackage ../../../../../../Users/Jin/Documents/GitHub/Game-Files/SuperSpaceArmada/Content/SSA/Blueprints/Weapons/Player_Mine.uasset
[2015.11.30-04.36.23:754][149]LogContentBrowser: Native class hierarchy updated for 'Cascade' in 0.0004 seconds. Added 2 classes and 2 folders.
[2015.11.30-04.38.39:277][151]Cmd: OBJ SAVEPACKAGE PACKAGE="/Game/Effects/Particles/P_Mine" FILE="../../../../../../Users/Jin/Documents/GitHub/Game-Files/SuperSpaceArmada/Content/Effects/Particles/P_Mine.uasset" SILENT=true
[2015.11.30-04.38.39:345][151]LogSavePackage: Save=17.835684ms
[2015.11.30-04.38.39:345][151]LogSavePackage: Moving '../../../../../../Users/Jin/Documents/GitHub/Game-Files/SuperSpaceArmada/Saved/P_Mine4C16E2C74C6F74839F9736B019C8BAE2.tmp' to '../../../../../../Users/Jin/Documents/GitHub/Game-Files/SuperSpaceArmada/Content/Effects/Particles/P_Mine.uasset'
[2015.11.30-04.38.39:347][151]LogSavePackage: Total save time: 68.385091ms
[2015.11.30-04.38.39:347][151]LogSavePackage:Warning: Finished SavePackage ../../../../../../Users/Jin/Documents/GitHub/Game-Files/SuperSpaceArmada/Content/Effects/Particles/P_Mine.uasset
[2015.11.30-04.38.50:944][847]LogCascade: Quitting Cascade. FXSystem=0x0000007C81CC0B80
[2015.11.30-04.38.59:443][308]LogSavePackage: Save=73.404022ms
[2015.11.30-04.38.59:443][308]LogSavePackage: Moving '../../../../../../Users/Jin/Documents/GitHub/Game-Files/SuperSpaceArmada/Saved/Player_Mine4BEA89B64CD3681B7EF1AB8671049229.tmp' to '../../../../../../Users/Jin/Documents/GitHub/Game-Files/SuperSpaceArmada/Content/SSA/Blueprints/Weapons/Player_Mine.uasset'
[2015.11.30-04.38.59:445][308]LogSavePackage: Total save time: 108.704187ms
[2015.11.30-04.38.59:445][308]LogSavePackage:Warning: Finished SavePackage ../../../../../../Users/Jin/Documents/GitHub/Game-Files/SuperSpaceArmada/Content/SSA/Blueprints/Weapons/Player_Mine.uasset
[2015.11.30-04.39.23:980][633]LogCascade: Quitting Cascade. FXSystem=0x0000007C57CA02C0
[2015.11.30-04.39.35:114][291]LogActorComponent: UnregisterComponent: (/Engine/Transient.CharMoveComp) Not registered. Aborting.
[2015.11.30-04.39.35:114][291]LogActorComponent: UnregisterComponent: (/Engine/Transient.CharacterMovementComponent_0) Not registered. Aborting.
[2015.11.30-04.39.35:115][291]LogActorComponent: UnregisterComponent: (/Engine/Transient.CharacterMovementComponent_1) Not registered. Aborting.
[2015.11.30-04.39.35:115][291]LogActorComponent: UnregisterComponent: (/Engine/Transient.CharacterMovementComponent_2) Not registered. Aborting.
[2015.11.30-04.39.35:115][291]LogActorComponent: UnregisterComponent: (/Engine/Transient.CharacterMovementComponent_3) Not registered. Aborting.
[2015.11.30-04.39.35:116][291]LogActorComponent: UnregisterComponent: (/Engine/Transient.CharacterMovementComponent_4) Not registered. Aborting.
[2015.11.30-04.39.35:116][291]LogActorComponent: UnregisterComponent: (/Engine/Transient.RotatingMovement_GEN_VARIABLE) Not registered. Aborting.
[2015.11.30-04.39.35:116][291]LogActorComponent: UnregisterComponent: (/Engine/Transient.ProjectileMovement_GEN_VARIABLE) Not registered. Aborting.
[2015.11.30-04.39.35:116][291]LogActorComponent: UnregisterComponent: (/Engine/Transient.CharacterMovementComponent_5) Not registered. Aborting.
[2015.11.30-04.39.35:116][291]LogActorComponent: UnregisterComponent: (/Engine/Transient.CharacterMovementComponent_6) Not registered. Aborting.
[2015.11.30-04.39.35:116][291]LogActorComponent: UnregisterComponent: (/Engine/Transient.CharacterMovementComponent_7) Not registered. Aborting.
[2015.11.30-04.39.35:116][291]LogActorComponent: UnregisterComponent: (/Engine/Transient.CharacterMovementComponent_8) Not registered. Aborting.
[2015.11.30-04.39.35:116][291]LogActorComponent: UnregisterComponent: (/Engine/Transient.CharacterMovementComponent_9) Not registered. Aborting.
[2015.11.30-04.39.35:116][291]LogActorComponent: UnregisterComponent: (/Engine/Transient.CharacterMovementComponent_10) Not registered. Aborting.
[2015.11.30-04.39.35:116][291]LogActorComponent: UnregisterComponent: (/Engine/Transient.ProjectileMovementComponent_0) Not registered. Aborting.
[2015.11.30-04.39.35:116][291]LogActorComponent: UnregisterComponent: (/Engine/Transient.ProjectileMovementComponent_1) Not registered. Aborting.
[2015.11.30-04.39.35:244][291]LogParticles: Destroying 0 GPU particle simulations for FXSystem 0x0000007C3CE2D800
[2015.11.30-04.39.35:246][291]LogParticles: Destroying 0 GPU particle simulations for FXSystem 0x0000007C3CE2C2C0
[2015.11.30-04.39.35:247][291]LogParticles: Destroying 0 GPU particle simulations for FXSystem 0x0000007C5B18AF20
[2015.11.30-04.39.35:248][291]LogParticles: Destroying 0 GPU particle simulations for FXSystem 0x0000007C867D87C0
[2015.11.30-04.39.35:248][291]LogParticles: Destroying 0 GPU particle simulations for FXSystem 0x0000007C76E42700
[2015.11.30-04.39.35:249][291]LogParticles: Destroying 0 GPU particle simulations for FXSystem 0x0000007C81CC0B80
[2015.11.30-04.39.35:250][291]LogParticles: Destroying 0 GPU particle simulations for FXSystem 0x0000007C57CA02C0
[2015.11.30-04.39.35:540][291]LogSavePackage: Save=140.223907ms
[2015.11.30-04.39.35:540][291]LogSavePackage: Moving '../../../../../../Users/Jin/Documents/GitHub/Game-Files/SuperSpaceArmada/Saved/Home_Kratakos02D30D69403C4684EF815C8835C60BA3.tmp' to '../../../../../../Users/Jin/Documents/GitHub/Game-Files/SuperSpaceArmada/Content/SSA/Maps/Home_Kratakos.umap'
[2015.11.30-04.39.35:542][291]LogSavePackage: Total save time: 225.924220ms
[2015.11.30-04.39.35:542][291]LogSavePackage:Warning: Finished SavePackage ../../../../../../Users/Jin/Documents/GitHub/Game-Files/SuperSpaceArmada/Content/SSA/Maps/Home_Kratakos.umap
[2015.11.30-04.39.54:875][433]LogSavePackage: Save=128.575073ms
[2015.11.30-04.39.54:875][433]LogSavePackage: Moving '../../../../../../Users/Jin/Documents/GitHub/Game-Files/SuperSpaceArmada/Saved/Home_Kratakos3CA13FEB43329ED667C8C79D5187C05C.tmp' to '../../../../../../Users/Jin/Documents/GitHub/Game-Files/SuperSpaceArmada/Content/SSA/Maps/Home_Kratakos.umap'
[2015.11.30-04.39.54:877][433]LogSavePackage: Total save time: 162.694488ms
[2015.11.30-04.39.54:877][433]LogSavePackage:Warning: Finished SavePackage ../../../../../../Users/Jin/Documents/GitHub/Game-Files/SuperSpaceArmada/Content/SSA/Maps/Home_Kratakos.umap
[2015.11.30-04.42.52:914][611]LogEditorTransaction: Undo Set Color Property
[2015.11.30-04.42.53:497][628]LogEditorTransaction: Undo Set Color Property
[2015.11.30-04.42.54:038][656]LogEditorTransaction: Undo Set Color Property
[2015.11.30-04.42.54:703][690]LogEditorTransaction: Undo Set Color Property
[2015.11.30-04.42.55:369][724]LogEditorTransaction: Undo Set Color Property
[2015.11.30-04.42.56:419][780]LogEditorTransaction: Undo Set Color Property
[2015.11.30-04.42.57:016][810]LogEditorTransaction: Undo Set Color Property
[2015.11.30-04.44.29:707][843]LogSavePackage: Save=30.993275ms
[2015.11.30-04.44.29:707][843]LogSavePackage: Moving '../../../../../../Users/Jin/Documents/GitHub/Game-Files/SuperSpaceArmada/Saved/P_Mine_Explosion664B0259457EDBD9F6AB3AA8C0192652.tmp' to '../../../../../../Users/Jin/Documents/GitHub/Game-Files/SuperSpaceArmada/Content/Effects/Particles/P_Mine_Explosion.uasset'
[2015.11.30-04.44.29:709][843]LogSavePackage: Total save time: 33.832032ms
[2015.11.30-04.44.29:709][843]LogSavePackage:Warning: Finished SavePackage ../../../../../../Users/Jin/Documents/GitHub/Game-Files/SuperSpaceArmada/Content/Effects/Particles/P_Mine_Explosion.uasset
[2015.11.30-04.44.44:839][737]LogSavePackage: Save=15.467343ms
[2015.11.30-04.44.44:839][737]LogSavePackage: Moving '../../../../../../Users/Jin/Documents/GitHub/Game-Files/SuperSpaceArmada/Saved/P_Mine_Explosion58E68DE9495D4C6D21AED7A5E01E30E5.tmp' to '../../../../../../Users/Jin/Documents/GitHub/Game-Files/SuperSpaceArmada/Content/Effects/Particles/P_Mine_Explosion.uasset'
[2015.11.30-04.44.44:841][737]LogSavePackage: Total save time: 52.608982ms
[2015.11.30-04.44.44:841][737]LogSavePackage:Warning: Finished SavePackage ../../../../../../Users/Jin/Documents/GitHub/Game-Files/SuperSpaceArmada/Content/Effects/Particles/P_Mine_Explosion.uasset
[2015.11.30-04.46.04:331][ 76]LogCascade: Quitting Cascade. FXSystem=0x0000007C2CB116C0
[2015.11.30-04.46.53:756][962]LogCascade: Quitting Cascade. FXSystem=0x0000007C73EF8E00
[2015.11.30-04.47.37:451][551]LogCascade: Non-seeded module ParticleModuleTypeDataGpu
[2015.11.30-04.49.45:207][ 83]LogCascade: Non-seeded module ParticleModuleVectorFieldRotationRate
[2015.11.30-04.49.46:472][146]LogCascade: Non-seeded module ParticleModuleVectorFieldLocal
[2015.11.30-04.49.49:775][316]LogCascade: Non-seeded module ParticleModuleAccelerationConstant
[2015.11.30-04.49.52:545][471]LogCascade: Non-seeded module ParticleModuleSizeScaleBySpeed
[2015.11.30-04.50.33:166][878]LogCascade: Non-seeded module ParticleModuleLocation
[2015.11.30-04.51.21:516][688]LogCascade: Non-seeded module ParticleModuleTypeDataGpu
[2015.11.30-04.52.35:026][ 48]LogCascade: Non-seeded module ParticleModuleEventReceiverSpawn
[2015.11.30-04.54.35:128][122]LogParticles: Destroying 0 GPU particle simulations for FXSystem 0x0000007C73EF8E00
[2015.11.30-04.54.35:129][122]LogParticles: Destroying 0 GPU particle simulations for FXSystem 0x0000007C2CB116C0
[2015.11.30-04.54.35:136][122]LogFileHelpers: Editor autosave (incl. sublevels) for '/Game/SSA/Maps/Home_Kratakos' took 0.044
[2015.11.30-04.54.35:143][122]OBJ SavePackage: Generating thumbnails for [1] asset(s) in package [/Game/Effects/Particles/P_Missile_Explosion] ([1] browsable assets)...
[2015.11.30-04.54.35:151][122]OBJ SavePackage:     Rendered thumbnail for [ParticleSystem /Game/Effects/Particles/P_Missile_Explosion.P_Missile_Explosion]
[2015.11.30-04.54.35:151][122]OBJ SavePackage: Finished generating thumbnails for package [/Game/Effects/Particles/P_Missile_Explosion]
[2015.11.30-04.54.35:234][122]LogSavePackage: Save=25.727587ms
[2015.11.30-04.54.35:234][122]LogSavePackage: Moving '../../../../../../Users/Jin/Documents/GitHub/Game-Files/SuperSpaceArmada/Saved/P_Missile_Explosion_Auto12077E6774ABAA51E945B968B9DA1E0CB.tmp' to '../../../../../../Users/Jin/Documents/GitHub/Game-Files/SuperSpaceArmada/Saved/Autosaves/Game/Effects/Particles/P_Missile_Explosion_Auto1.uasset'
[2015.11.30-04.54.35:237][122]LogSavePackage: Total save time: 84.526416ms
[2015.11.30-04.54.35:237][122]LogSavePackage:Warning: Finished SavePackage ../../../../../../Users/Jin/Documents/GitHub/Game-Files/SuperSpaceArmada/Saved/Autosaves/Game/Effects/Particles/P_Missile_Explosion_Auto1.uasset
[2015.11.30-04.54.35:242][122]OBJ SavePackage: Generating thumbnails for [1] asset(s) in package [/Game/Effects/Particles/P_Mine_Explosion] ([1] browsable assets)...
[2015.11.30-04.54.35:252][122]OBJ SavePackage:     Rendered thumbnail for [ParticleSystem /Game/Effects/Particles/P_Mine_Explosion.P_Mine_Explosion]
[2015.11.30-04.54.35:252][122]OBJ SavePackage: Finished generating thumbnails for package [/Game/Effects/Particles/P_Mine_Explosion]
[2015.11.30-04.54.35:302][122]LogSavePackage: Save=24.338142ms
[2015.11.30-04.54.35:302][122]LogSavePackage: Moving '../../../../../../Users/Jin/Documents/GitHub/Game-Files/SuperSpaceArmada/Saved/P_Mine_Explosion_Auto1824048A0414A4F035D12BE9FBFEEE322.tmp' to '../../../../../../Users/Jin/Documents/GitHub/Game-Files/SuperSpaceArmada/Saved/Autosaves/Game/Effects/Particles/P_Mine_Explosion_Auto1.uasset'
[2015.11.30-04.54.35:304][122]LogSavePackage: Total save time: 51.231939ms
[2015.11.30-04.54.35:304][122]LogSavePackage:Warning: Finished SavePackage ../../../../../../Users/Jin/Documents/GitHub/Game-Files/SuperSpaceArmada/Saved/Autosaves/Game/Effects/Particles/P_Mine_Explosion_Auto1.uasset
[2015.11.30-04.54.35:304][122]LogFileHelpers: Auto-saving content packages took 0.168
[2015.11.30-04.54.41:436][490]LogCascade: Non-seeded module ParticleModuleEventReceiverSpawn
[2015.11.30-04.54.44:299][649]LogCascade: Non-seeded module ParticleModuleEventGenerator
[2015.11.30-05.01.58:293][914]LogCascade: Non-seeded module ParticleModuleTypeDataGpu
[2015.11.30-05.03.27:281][ 95]LogCascade: Non-seeded module ParticleModuleEventGenerator
[2015.11.30-05.04.25:644][451]LogSavePackage: Save=26.697931ms
[2015.11.30-05.04.25:644][451]LogSavePackage: Moving '../../../../../../Users/Jin/Documents/GitHub/Game-Files/SuperSpaceArmada/Saved/P_Mine_ExplosionDA6AD9EB4A13CFC9047A35AB6EF818E3.tmp' to '../../../../../../Users/Jin/Documents/GitHub/Game-Files/SuperSpaceArmada/Content/Effects/Particles/P_Mine_Explosion.uasset'
[2015.11.30-05.04.25:647][451]LogSavePackage: Total save time: 65.631006ms
[2015.11.30-05.04.25:647][451]LogSavePackage:Warning: Finished SavePackage ../../../../../../Users/Jin/Documents/GitHub/Game-Files/SuperSpaceArmada/Content/Effects/Particles/P_Mine_Explosion.uasset
[2015.11.30-05.06.01:594][520]LogCascade: Non-seeded module ParticleModuleLocationEmitter
[2015.11.30-05.08.51:951][462]LogCascade: Non-seeded module ParticleModuleLocationEmitter
[2015.11.30-05.09.39:545][786]LogFileHelpers: Editor autosave (incl. sublevels) for '/Game/SSA/Maps/Home_Kratakos' took 0.056
[2015.11.30-05.09.39:552][786]OBJ SavePackage: Generating thumbnails for [1] asset(s) in package [/Game/Effects/Particles/P_Mine_Explosion] ([1] browsable assets)...
[2015.11.30-05.09.39:563][786]OBJ SavePackage:     Rendered thumbnail for [ParticleSystem /Game/Effects/Particles/P_Mine_Explosion.P_Mine_Explosion]
[2015.11.30-05.09.39:563][786]OBJ SavePackage: Finished generating thumbnails for package [/Game/Effects/Particles/P_Mine_Explosion]
[2015.11.30-05.09.39:628][786]LogSavePackage: Save=27.306908ms
[2015.11.30-05.09.39:628][786]LogSavePackage: Moving '../../../../../../Users/Jin/Documents/GitHub/Game-Files/SuperSpaceArmada/Saved/P_Mine_Explosion_Auto259EBE604464A29376A161FB392879FA8.tmp' to '../../../../../../Users/Jin/Documents/GitHub/Game-Files/SuperSpaceArmada/Saved/Autosaves/Game/Effects/Particles/P_Mine_Explosion_Auto2.uasset'
[2015.11.30-05.09.39:630][786]LogSavePackage: Total save time: 65.304708ms
[2015.11.30-05.09.39:630][786]LogSavePackage:Warning: Finished SavePackage ../../../../../../Users/Jin/Documents/GitHub/Game-Files/SuperSpaceArmada/Saved/Autosaves/Game/Effects/Particles/P_Mine_Explosion_Auto2.uasset
[2015.11.30-05.09.39:630][786]LogFileHelpers: Auto-saving content packages took 0.083
[2015.11.30-05.10.39:928][308]LogCascade: Non-seeded module ParticleModuleEventGenerator
[2015.11.30-05.10.53:089][ 63]LogCascade: Non-seeded module ParticleModuleEventReceiverSpawn
[2015.11.30-05.13.27:139][636]LogCascade: Non-seeded module ParticleModuleEventReceiverSpawn
[2015.11.30-05.13.34:176][ 38]LogCascade: Non-seeded module ParticleModuleEventReceiverKillParticles
[2015.11.30-05.13.50:460][969]LogCascade: Non-seeded module ParticleModuleEventGenerator
[2015.11.30-05.15.25:074][684]LogSavePackage: Save=32.239883ms
[2015.11.30-05.15.25:074][684]LogSavePackage: Moving '../../../../../../Users/Jin/Documents/GitHub/Game-Files/SuperSpaceArmada/Saved/P_Mine_Explosion4BC69D904BA9231C8DA2329F4146A361.tmp' to '../../../../../../Users/Jin/Documents/GitHub/Game-Files/SuperSpaceArmada/Content/Effects/Particles/P_Mine_Explosion.uasset'
[2015.11.30-05.15.25:078][684]LogSavePackage: Total save time: 75.650055ms
[2015.11.30-05.15.25:078][684]LogSavePackage:Warning: Finished SavePackage ../../../../../../Users/Jin/Documents/GitHub/Game-Files/SuperSpaceArmada/Content/Effects/Particles/P_Mine_Explosion.uasset
[2015.11.30-05.17.03:392][488]LogCascade: Non-seeded module ParticleModuleEventGenerator
[2015.11.30-05.17.17:860][311]LogSavePackage: Save=23.783905ms
[2015.11.30-05.17.17:860][311]LogSavePackage: Moving '../../../../../../Users/Jin/Documents/GitHub/Game-Files/SuperSpaceArmada/Saved/P_Mine_Explosion709CD02C476D1A123674E7B1C30BBB3F.tmp' to '../../../../../../Users/Jin/Documents/GitHub/Game-Files/SuperSpaceArmada/Content/Effects/Particles/P_Mine_Explosion.uasset'
[2015.11.30-05.17.17:862][311]LogSavePackage: Total save time: 58.321137ms
[2015.11.30-05.17.17:862][311]LogSavePackage:Warning: Finished SavePackage ../../../../../../Users/Jin/Documents/GitHub/Game-Files/SuperSpaceArmada/Content/Effects/Particles/P_Mine_Explosion.uasset
[2015.11.30-05.17.19:107][386]LogCascade: Quitting Cascade. FXSystem=0x0000007C39986840
[2015.11.30-05.17.22:535][582]LogCascade: Quitting Cascade. FXSystem=0x0000007C2CA2B420
[2015.11.30-05.17.22:568][582]LogActorComponent: UnregisterComponent: (/Engine/Transient.FloorComponent) Not registered. Aborting.
[2015.11.30-05.17.58:868][670]LogParticles:Warning: MaxCount =  501 for Emitter ParticleSpriteEmitter_4 (/Game/Effects/Particles/P_Missile_Explosion2.P_Missile_Explosion2)
[2015.11.30-05.18.14:470][591]LogParticles:Warning: MaxCount =  700 for Emitter ParticleSpriteEmitter_4 (/Game/Effects/Particles/P_Missile_Explosion2.P_Missile_Explosion2)
[2015.11.30-05.18.21:095][982]LogParticles:Warning: MaxCount = 10000 for Emitter ParticleSpriteEmitter_4 (/Game/Effects/Particles/P_Missile_Explosion2.P_Missile_Explosion2)
[2015.11.30-05.18.42:643][247]LogParticles:Warning: MaxCount =  556 for Emitter ParticleSpriteEmitter_4 (/Game/Effects/Particles/P_Missile_Explosion2.P_Missile_Explosion2)
[2015.11.30-05.18.47:029][496]LogCascade: Quitting Cascade. FXSystem=0x0000007C2CC239C0
[2015.11.30-05.18.51:025][721]LogParticles: Destroying 0 GPU particle simulations for FXSystem 0x0000007C2CA2B420
[2015.11.30-05.18.51:030][721]LogParticles: Destroying 0 GPU particle simulations for FXSystem 0x0000007C39986840
[2015.11.30-05.18.51:031][721]LogParticles: Destroying 0 GPU particle simulations for FXSystem 0x0000007C2CC239C0
[2015.11.30-05.18.54:692][854]LogActorComponent: UnregisterComponent: (/Engine/Transient.CharMoveComp) Not registered. Aborting.
[2015.11.30-05.18.54:944][854]LogSavePackage: Save=172.532211ms
[2015.11.30-05.18.54:944][854]LogSavePackage: Moving '../../../../../../Users/Jin/Documents/GitHub/Game-Files/SuperSpaceArmada/Saved/Home_KratakosA1885A7A4DC20DC80DCA4AAC7346E0FB.tmp' to '../../../../../../Users/Jin/Documents/GitHub/Game-Files/SuperSpaceArmada/Content/SSA/Maps/Home_Kratakos.umap'
[2015.11.30-05.18.54:946][854]LogSavePackage: Total save time: 213.905044ms
[2015.11.30-05.18.54:946][854]LogSavePackage:Warning: Finished SavePackage ../../../../../../Users/Jin/Documents/GitHub/Game-Files/SuperSpaceArmada/Content/SSA/Maps/Home_Kratakos.umap
[2015.11.30-05.19.16:418][124]LogSavePackage: Save=130.034225ms
[2015.11.30-05.19.16:419][124]LogSavePackage: Moving '../../../../../../Users/Jin/Documents/GitHub/Game-Files/SuperSpaceArmada/Saved/Home_Kratakos9B2008924762DA779E8BD780BBBDFCAC.tmp' to '../../../../../../Users/Jin/Documents/GitHub/Game-Files/SuperSpaceArmada/Content/SSA/Maps/Home_Kratakos.umap'
[2015.11.30-05.19.16:422][124]LogSavePackage: Total save time: 158.194296ms
[2015.11.30-05.19.16:422][124]LogSavePackage:Warning: Finished SavePackage ../../../../../../Users/Jin/Documents/GitHub/Game-Files/SuperSpaceArmada/Content/SSA/Maps/Home_Kratakos.umap
[2015.11.30-05.19.19:803][197]LogSavePackage: Save=23.399446ms
[2015.11.30-05.19.19:803][197]LogSavePackage: Moving '../../../../../../Users/Jin/Documents/GitHub/Game-Files/SuperSpaceArmada/Saved/P_Missile_ExplosionA4116D684E94C42AEA9439880B8F5572.tmp' to '../../../../../../Users/Jin/Documents/GitHub/Game-Files/SuperSpaceArmada/Content/Effects/Particles/P_Missile_Explosion.uasset'
[2015.11.30-05.19.19:806][197]LogSavePackage: Total save time: 50.250903ms
[2015.11.30-05.19.19:806][197]LogSavePackage:Warning: Finished SavePackage ../../../../../../Users/Jin/Documents/GitHub/Game-Files/SuperSpaceArmada/Content/Effects/Particles/P_Missile_Explosion.uasset
[2015.11.30-05.19.19:989][197]LogWindowsTextInputMethodSystem:Display: IME system now deactivated.
[2015.11.30-05.19.20:256][198]Cmd: QUIT_EDITOR
[2015.11.30-05.19.20:513][198]LogExit: Preparing to exit.
[2015.11.30-05.19.21:364][198]LogExit: Editor shut down
[2015.11.30-05.19.21:365][198]LogExit: Transaction tracking system shut down
[2015.11.30-05.19.21:424][198]LogParticles: Destroying 0 GPU particle simulations for FXSystem 0x0000007C389FA3E0
[2015.11.30-05.19.21:425][198]LogParticles: Destroying 0 GPU particle simulations for FXSystem 0x0000007C3A3BF4C0
[2015.11.30-05.19.21:425][198]LogParticles: Destroying 0 GPU particle simulations for FXSystem 0x0000007C3A32E200
[2015.11.30-05.19.21:427][198]LogParticles: Destroying 0 GPU particle simulations for FXSystem 0x0000007C578DA8E0
[2015.11.30-05.19.21:427][198]LogParticles: Destroying 0 GPU particle simulations for FXSystem 0x0000007C578DA700
[2015.11.30-05.19.21:429][198]LogParticles: Destroying 0 GPU particle simulations for FXSystem 0x0000007C867BEFC0
[2015.11.30-05.19.21:750][198]LogExit: Object subsystem successfully closed.
[2015.11.30-05.19.21:780][198]LogD3D11RHI: Shutdown
[2015.11.30-05.19.21:780][198]LogD3D11RHI: CleanupD3DDevice
[2015.11.30-05.19.21:913][198]LogD3D11RHI: ~FD3D11DynamicRHI
[2015.11.30-05.19.21:983][198]LogModuleManager: Shutting down and abandoning module DistCurveEditor (202)
[2015.11.30-05.19.21:983][198]LogModuleManager: Shutting down and abandoning module Cascade (201)
[2015.11.30-05.19.21:983][198]LogModuleManager: Shutting down and abandoning module BlueprintGraph (200)
[2015.11.30-05.19.21:983][198]LogModuleManager: Shutting down and abandoning module CrashTracker (199)
[2015.11.30-05.19.21:983][198]LogModuleManager: Shutting down and abandoning module SceneOutliner (198)
[2015.11.30-05.19.21:983][198]LogModuleManager: Shutting down and abandoning module SuperSearch (197)
[2015.11.30-05.19.21:983][198]LogModuleManager: Shutting down and abandoning module WidgetCarousel (196)
[2015.11.30-05.19.21:983][198]LogModuleManager: Shutting down and abandoning module AddContentDialog (195)
[2015.11.30-05.19.21:990][198]LogModuleManager: Shutting down and abandoning module EditorWidgets (194)
[2015.11.30-05.19.21:990][198]LogModuleManager: Shutting down and abandoning module CollectionManager (193)
[2015.11.30-05.19.21:990][198]LogModuleManager: Shutting down and abandoning module StatsViewer (192)
[2015.11.30-05.19.21:991][198]LogModuleManager: Shutting down and abandoning module FoliageEdit (191)
[2015.11.30-05.19.21:991][198]LogModuleManager: Shutting down and abandoning module LandscapeEditor (190)
[2015.11.30-05.19.21:991][198]LogModuleManager: Shutting down and abandoning module ActorPickerMode (189)
[2015.11.30-05.19.21:991][198]LogModuleManager: Shutting down and abandoning module GeometryMode (188)
[2015.11.30-05.19.21:991][198]LogModuleManager: Shutting down and abandoning module TextureAlignMode (187)
[2015.11.30-05.19.21:991][198]LogModuleManager: Shutting down and abandoning module BspMode (186)
[2015.11.30-05.19.21:991][198]LogModuleManager: Shutting down and abandoning module PlacementMode (185)
[2015.11.30-05.19.21:991][198]LogModuleManager: Shutting down and abandoning module AutomationWorker (184)
[2015.11.30-05.19.21:991][198]LogModuleManager: Shutting down and abandoning module CharacterAI (183)
[2015.11.30-05.19.21:991][198]LogModuleManager: Shutting down and abandoning module SmartSnapping (182)
[2015.11.30-05.19.21:991][198]LogModuleManager: Shutting down and abandoning module ViewportSnapping (181)
[2015.11.30-05.19.21:991][198]LogModuleManager: Shutting down and abandoning module LogVisualizer (180)
[2015.11.30-05.19.22:025][198]LogModuleManager: Shutting down and abandoning module GameProjectGeneration (179)
[2015.11.30-05.19.22:025][198]LogModuleManager: Shutting down and abandoning module IntroTutorials (178)
[2015.11.30-05.19.22:025][198]LogModuleManager: Shutting down and abandoning module EditorLiveStreaming (177)
[2015.11.30-05.19.22:025][198]LogModuleManager: Shutting down and abandoning module IOSPlatformEditor (176)
[2015.11.30-05.19.22:025][198]LogModuleManager: Shutting down and abandoning module HTML5PlatformEditor (175)
[2015.11.30-05.19.22:025][198]LogModuleManager: Shutting down and abandoning module AndroidDeviceDetection (174)
[2015.11.30-05.19.22:599][198]LogModuleManager: Shutting down and abandoning module AndroidPlatformEditor (173)
[2015.11.30-05.19.22:599][198]LogModuleManager: Shutting down and abandoning module IOSRuntimeSettings (172)
[2015.11.30-05.19.22:599][198]LogModuleManager: Shutting down and abandoning module AndroidRuntimeSettings (171)
[2015.11.30-05.19.22:599][198]LogModuleManager: Shutting down and abandoning module MergeActors (170)
[2015.11.30-05.19.22:599][198]LogModuleManager: Shutting down and abandoning module SizeMap (169)
[2015.11.30-05.19.22:599][198]LogModuleManager: Shutting down and abandoning module TreeMap (168)
[2015.11.30-05.19.22:599][198]LogModuleManager: Shutting down and abandoning module ReferenceViewer (167)
[2015.11.30-05.19.22:599][198]LogModuleManager: Shutting down and abandoning module LocalizationService (166)
[2015.11.30-05.19.22:599][198]LogModuleManager: Shutting down and abandoning module LocalizationDashboard (165)
[2015.11.30-05.19.22:599][198]LogModuleManager: Shutting down and abandoning module HardwareTargeting (164)
[2015.11.30-05.19.22:599][198]LogModuleManager: Shutting down and abandoning module DeviceProfileEditor (163)
[2015.11.30-05.19.22:599][198]LogModuleManager: Shutting down and abandoning module UndoHistory (162)
[2015.11.30-05.19.22:599][198]LogModuleManager: Shutting down and abandoning module GameplayTagsEditor (161)
[2015.11.30-05.19.22:599][198]LogModuleManager: Shutting down and abandoning module UserFeedback (160)
[2015.11.30-05.19.22:599][198]LogModuleManager: Shutting down and abandoning module XmlParser (159)
[2015.11.30-05.19.22:626][198]LogModuleManager: Shutting down and abandoning module Blutility (158)
[2015.11.30-05.19.22:626][198]LogModuleManager: Shutting down and abandoning module ProjectTargetPlatformEditor (157)
[2015.11.30-05.19.22:626][198]LogModuleManager: Shutting down and abandoning module ProjectSettingsViewer (156)
[2015.11.30-05.19.22:626][198]LogModuleManager: Shutting down and abandoning module InputBindingEditor (155)
[2015.11.30-05.19.22:626][198]LogModuleManager: Shutting down and abandoning module EditorSettingsViewer (154)
[2015.11.30-05.19.22:626][198]LogModuleManager: Shutting down and abandoning module SettingsEditor (153)
[2015.11.30-05.19.22:626][198]LogModuleManager: Shutting down and abandoning module ProjectLauncher (152)
[2015.11.30-05.19.22:626][198]LogModuleManager: Shutting down and abandoning module SessionFrontend (151)
[2015.11.30-05.19.22:626][198]LogModuleManager: Shutting down and abandoning module ProfilerClient (150)
[2015.11.30-05.19.22:626][198]LogModuleManager: Shutting down and abandoning module TargetDeviceServices (149)
[2015.11.30-05.19.22:627][198]LogModuleManager: Shutting down and abandoning module DeviceManager (148)
[2015.11.30-05.19.22:627][198]LogModuleManager: Shutting down and abandoning module AutomationController (147)
[2015.11.30-05.19.22:627][198]LogModuleManager: Shutting down and abandoning module AutomationWindow (146)
[2015.11.30-05.19.22:627][198]LogModuleManager: Shutting down and abandoning module Layers (145)
[2015.11.30-05.19.22:627][198]LogModuleManager: Shutting down and abandoning module ComponentVisualizers (144)
[2015.11.30-05.19.22:627][198]LogModuleManager: Shutting down and abandoning module DetailCustomizations (143)
[2015.11.30-05.19.22:627][198]LogModuleManager: Shutting down and abandoning module PackagesDialog (142)
[2015.11.30-05.19.22:627][198]LogModuleManager: Shutting down and abandoning module Persona (141)
[2015.11.30-05.19.22:627][198]LogModuleManager: Shutting down and abandoning module Kismet (140)
[2015.11.30-05.19.22:627][198]LogModuleManager: Shutting down and abandoning module GraphEditor (139)
[2015.11.30-05.19.22:627][198]LogModuleManager: Shutting down and abandoning module ClassViewer (138)
[2015.11.30-05.19.22:629][198]LogModuleManager: Shutting down and abandoning module Toolbox (137)
[2015.11.30-05.19.22:629][198]LogModuleManager: Shutting down and abandoning module ModuleUI (136)
[2015.11.30-05.19.22:629][198]LogModuleManager: Shutting down and abandoning module MovieSceneTools (135)
[2015.11.30-05.19.22:629][198]LogModuleManager: Shutting down and abandoning module OutputLog (134)
[2015.11.30-05.19.22:629][198]LogModuleManager: Shutting down and abandoning module GammaUI (133)
[2015.11.30-05.19.22:629][198]LogModuleManager: Shutting down and abandoning module Documentation (132)
[2015.11.30-05.19.22:629][198]LogModuleManager: Shutting down and abandoning module GameLiveStreaming (131)
[2015.11.30-05.19.22:629][198]LogModuleManager: Shutting down and abandoning module StreamingPauseRendering (130)
[2015.11.30-05.19.22:630][198]LogModuleManager: Shutting down and abandoning module AnalyticsET (129)
[2015.11.30-05.19.22:630][198]LogModuleManager: Shutting down and abandoning module Analytics (128)
[2015.11.30-05.19.22:630][198]LogModuleManager: Shutting down and abandoning module AITestSuite (127)
[2015.11.30-05.19.22:630][198]LogModuleManager: Shutting down and abandoning module GameplayDebugger (126)
[2015.11.30-05.19.22:630][198]LogModuleManager: Shutting down and abandoning module AIModule (125)
[2015.11.30-05.19.22:630][198]LogModuleManager: Shutting down and abandoning module ProfilerService (124)
[2015.11.30-05.19.22:715][198]LogModuleManager: Shutting down and abandoning module TaskGraph (123)
[2015.11.30-05.19.22:715][198]LogModuleManager: Shutting down and abandoning module SubstanceEditor (122)
[2015.11.30-05.19.22:715][198]LogModuleManager: Shutting down and abandoning module SlateRemote (121)
[2015.11.30-05.19.22:715][198]LogModuleManager: Shutting down and abandoning module SteamVRController (120)
[2015.11.30-05.19.22:715][198]LogModuleManager: Shutting down and abandoning module SteamVR (119)
[2015.11.30-05.19.22:715][198]LogModuleManager: Shutting down and abandoning module ProceduralMeshComponent (118)
[2015.11.30-05.19.22:715][198]LogModuleManager: Shutting down and abandoning module OculusRift (117)
[2015.11.30-05.19.22:715][198]LogModuleManager: Shutting down and abandoning module OculusLibrary (116)
[2015.11.30-05.19.22:715][198]LogModuleManager: Shutting down and abandoning module LeapMotionController (115)
[2015.11.30-05.19.22:738][198]LogModuleManager: Shutting down and abandoning module CustomMeshComponent (114)
[2015.11.30-05.19.22:738][198]LogModuleManager: Shutting down and abandoning module CableComponent (113)
[2015.11.30-05.19.22:738][198]LogModuleManager: Shutting down and abandoning module ArchVisCharacter (112)
[2015.11.30-05.19.22:738][198]LogModuleManager: Shutting down and abandoning module MessagingDebugger (111)
[2015.11.30-05.19.22:750][198]LogModuleManager: Shutting down and abandoning module MediaPlayerEditor (110)
[2015.11.30-05.19.22:750][198]LogModuleManager: Shutting down and abandoning module HTML5Networking (109)
[2015.11.30-05.19.22:750][198]LogModuleManager: Shutting down and abandoning module SpeedTreeImporter (108)
[2015.11.30-05.19.22:750][198]LogModuleManager: Shutting down and abandoning module PluginBrowser (107)
[2015.11.30-05.19.22:750][198]LogModuleManager: Shutting down and abandoning module EpicSurvey (106)
[2015.11.30-05.19.22:750][198]LogModuleManager: Shutting down and abandoning module DesktopPlatform (105)
[2015.11.30-05.19.22:750][198]LogModuleManager: Shutting down and abandoning module VisualStudioSourceCodeAccess (104)
[2015.11.30-05.19.22:750][198]LogModuleManager: Shutting down and abandoning module UObjectPlugin (103)
[2015.11.30-05.19.22:750][198]LogModuleManager: Shutting down and abandoning module SubversionSourceControl (102)
[2015.11.30-05.19.22:750][198]LogModuleManager: Shutting down and abandoning module PerforceSourceControl (101)
[2015.11.30-05.19.22:750][198]LogModuleManager: Shutting down and abandoning module SourceControl (100)
[2015.11.30-05.19.22:750][198]LogModuleManager: Shutting down and abandoning module GitSourceControl (99)
[2015.11.30-05.19.22:750][198]LogModuleManager: Shutting down and abandoning module LightPropagationVolumeEditor (98)
[2015.11.30-05.19.22:750][198]LogModuleManager: Shutting down and abandoning module PaperTiledImporter (97)
[2015.11.30-05.19.22:751][198]LogModuleManager: Shutting down and abandoning module PaperSpriteSheetImporter (96)
[2015.11.30-05.19.22:751][198]LogModuleManager: Shutting down and abandoning module MeshPaint (95)
[2015.11.30-05.19.22:751][198]LogModuleManager: Shutting down and abandoning module SlateReflector (94)
[2015.11.30-05.19.22:751][198]LogModuleManager: Shutting down and abandoning module HotReload (93)
[2015.11.30-05.19.22:751][198]LogModuleManager: Shutting down and abandoning module MainFrame (92)
[2015.11.30-05.19.22:751][198]LogModuleManager: Shutting down and abandoning module LevelEditor (91)
[2015.11.30-05.19.22:752][198]LogModuleManager: Shutting down and abandoning module ContentBrowser (90)
[2015.11.30-05.19.22:754][198]LogModuleManager: Shutting down and abandoning module Paper2DEditor (89)
[2015.11.30-05.19.22:754][198]LogModuleManager: Shutting down and abandoning module UdpMessaging (88)
[2015.11.30-05.19.22:856][198]LogModuleManager: Shutting down and abandoning module DirectoryWatcher (87)
[2015.11.30-05.19.22:862][198]LogModuleManager: Shutting down and abandoning module AssetRegistry (86)
[2015.11.30-05.19.23:130][198]LogModuleManager: Shutting down and abandoning module SubstanceCore (85)
[2015.11.30-05.19.23:130][198]LogModuleManager: Shutting down and abandoning module LightPropagationVolumeRuntime (84)
[2015.11.30-05.19.23:130][198]LogModuleManager: Shutting down and abandoning module Paper2D (83)
[2015.11.30-05.19.23:130][198]LogModuleManager: Shutting down and abandoning module WindowsMoviePlayer (82)
[2015.11.30-05.19.23:136][198]LogModuleManager: Shutting down and abandoning module Media (81)
[2015.11.30-05.19.23:136][198]LogModuleManager: Shutting down and abandoning module WmfMedia (80)
[2015.11.30-05.19.23:136][198]LogModuleManager: Shutting down and abandoning module OnlineBlueprintSupport (79)
[2015.11.30-05.19.23:136][198]LogModuleManager: Shutting down and abandoning module GameplayTasksEditor (78)
[2015.11.30-05.19.23:136][198]LogModuleManager: Shutting down and abandoning module PropertyEditor (77)
[2015.11.30-05.19.23:136][198]LogModuleManager: Shutting down and abandoning module BehaviorTreeEditor (76)
[2015.11.30-05.19.23:136][198]LogModuleManager: Shutting down and abandoning module FunctionalTesting (75)
[2015.11.30-05.19.23:136][198]LogModuleManager: Shutting down and abandoning module CollisionAnalyzer (74)
[2015.11.30-05.19.23:136][198]LogModuleManager: Shutting down and abandoning module WorkspaceMenuStructure (73)
[2015.11.30-05.19.23:136][198]LogModuleManager: Shutting down and abandoning module MessageLog (72)
[2015.11.30-05.19.23:136][198]LogModuleManager: Shutting down and abandoning module Sequencer (71)
[2015.11.30-05.19.23:136][198]LogModuleManager: Shutting down and abandoning module AssetTools (70)
[2015.11.30-05.19.23:136][198]LogModuleManager: Shutting down and abandoning module UMGEditor (69)
[2015.11.30-05.19.23:136][198]LogModuleManager: Shutting down and abandoning module UMG (68)
[2015.11.30-05.19.23:137][198]LogModuleManager: Shutting down and abandoning module Slate (67)
[2015.11.30-05.19.23:137][198]LogModuleManager: Shutting down and abandoning module EditorStyle (66)
[2015.11.30-05.19.23:140][198]LogModuleManager: Shutting down and abandoning module SessionServices (65)
[2015.11.30-05.19.23:140][198]LogModuleManager: Shutting down and abandoning module SourceCodeAccess (64)
[2015.11.30-05.19.23:140][198]LogModuleManager: Shutting down and abandoning module HeadMountedDisplay (63)
[2015.11.30-05.19.23:140][198]LogModuleManager: Shutting down and abandoning module XAudio2 (62)
[2015.11.30-05.19.23:140][198]LogModuleManager: Shutting down and abandoning module Networking (60)
[2015.11.30-05.19.23:140][198]LogModuleManager: Shutting down and abandoning module Core (59)
[2015.11.30-05.19.23:140][198]LogModuleManager: Shutting down and abandoning module KismetCompiler (58)
[2015.11.30-05.19.23:140][198]LogModuleManager: Shutting down and abandoning module PhysXFormats (57)
[2015.11.30-05.19.23:182][198]LogModuleManager: Shutting down and abandoning module MeshUtilities (56)
[2015.11.30-05.19.23:182][198]LogModuleManager: Shutting down and abandoning module CookingStats (55)
[2015.11.30-05.19.23:193][198]LogModuleManager: Shutting down and abandoning module DerivedDataCache (54)
[2015.11.30-05.19.23:212][198]LogDerivedDataCache: Shutdown
[2015.11.30-05.19.23:212][198]LogModuleManager: Shutting down and abandoning module ShaderFormatOpenGL (53)
[2015.11.30-05.19.23:212][198]LogModuleManager: Shutting down and abandoning module ShaderFormatD3D (52)
[2015.11.30-05.19.23:212][198]LogModuleManager: Shutting down and abandoning module MetalShaderFormat (51)
[2015.11.30-05.19.23:212][198]LogModuleManager: Shutting down and abandoning module TextureFormatUncompressed (50)
[2015.11.30-05.19.23:212][198]LogModuleManager: Shutting down and abandoning module TextureFormatPVR (49)
[2015.11.30-05.19.23:223][198]LogModuleManager: Shutting down and abandoning module TextureFormatIntelISPCTexComp (48)
[2015.11.30-05.19.23:243][198]LogModuleManager: Shutting down and abandoning module TextureFormatDXT (47)
[2015.11.30-05.19.23:243][198]LogModuleManager: Shutting down and abandoning module ImageWrapper (46)
[2015.11.30-05.19.23:243][198]LogModuleManager: Shutting down and abandoning module TextureFormatASTC (45)
[2015.11.30-05.19.23:243][198]LogModuleManager: Shutting down and abandoning module TextureFormatAndroid (44)
[2015.11.30-05.19.23:243][198]LogModuleManager: Shutting down and abandoning module AudioFormatOpus (43)
[2015.11.30-05.19.23:243][198]LogModuleManager: Shutting down and abandoning module AudioFormatOgg (42)
[2015.11.30-05.19.23:257][198]LogModuleManager: Shutting down and abandoning module AudioFormatADPCM (41)
[2015.11.30-05.19.23:257][198]LogModuleManager: Shutting down and abandoning module LinuxTargetPlatform (40)
[2015.11.30-05.19.23:257][198]LogModuleManager: Shutting down and abandoning module LinuxServerTargetPlatform (39)
[2015.11.30-05.19.23:280][198]LogModuleManager: Shutting down and abandoning module LinuxNoEditorTargetPlatform (38)
[2015.11.30-05.19.23:285][198]LogModuleManager: Shutting down and abandoning module Messaging (37)
[2015.11.30-05.19.23:285][198]LogModuleManager: Shutting down and abandoning module IOSTargetPlatform (36)
[2015.11.30-05.19.23:285][198]LogModuleManager: Shutting down and abandoning module HTML5TargetPlatform (35)
[2015.11.30-05.19.23:285][198]LogModuleManager: Shutting down and abandoning module Android_PVRTCTargetPlatform (34)
[2015.11.30-05.19.23:285][198]LogModuleManager: Shutting down and abandoning module Android_ETC2TargetPlatform (33)
[2015.11.30-05.19.23:285][198]LogModuleManager: Shutting down and abandoning module Android_ETC1TargetPlatform (32)
[2015.11.30-05.19.23:285][198]LogModuleManager: Shutting down and abandoning module Android_DXTTargetPlatform (31)
[2015.11.30-05.19.23:285][198]LogModuleManager: Shutting down and abandoning module Android_ATCTargetPlatform (30)
[2015.11.30-05.19.23:285][198]LogModuleManager: Shutting down and abandoning module Android_ASTCTargetPlatform (29)
[2015.11.30-05.19.23:285][198]LogModuleManager: Shutting down and abandoning module AndroidTargetPlatform (28)
[2015.11.30-05.19.23:285][198]LogModuleManager: Shutting down and abandoning module WindowsTargetPlatform (27)
[2015.11.30-05.19.23:285][198]LogModuleManager: Shutting down and abandoning module WindowsServerTargetPlatform (26)
[2015.11.30-05.19.23:307][198]LogModuleManager: Shutting down and abandoning module WindowsNoEditorTargetPlatform (25)
[2015.11.30-05.19.23:315][198]LogModuleManager: Shutting down and abandoning module WindowsClientTargetPlatform (24)
[2015.11.30-05.19.23:324][198]LogModuleManager: Shutting down and abandoning module AllDesktopTargetPlatform (23)
[2015.11.30-05.19.23:330][198]LogModuleManager: Shutting down and abandoning module TargetPlatform (22)
[2015.11.30-05.19.23:330][198]LogModuleManager: Shutting down and abandoning module InputCore (21)
[2015.11.30-05.19.23:330][198]LogModuleManager: Shutting down and abandoning module Settings (20)
[2015.11.30-05.19.23:330][198]LogModuleManager: Shutting down and abandoning module OnlineSubsystem (18)
[2015.11.30-05.19.23:330][198]LogModuleManager: Shutting down and abandoning module HTTP (17)
[2015.11.30-05.19.25:332][198]LogModuleManager: Shutting down and abandoning module XMPP (16)
[2015.11.30-05.19.25:332][198]LogModuleManager: Shutting down and abandoning module ExampleDeviceProfileSelector (15)
[2015.11.30-05.19.25:332][198]LogModuleManager: Shutting down and abandoning module TextureCompressor (14)
[2015.11.30-05.19.25:332][198]LogModuleManager: Shutting down and abandoning module ShaderCore (13)
[2015.11.30-05.19.25:332][198]LogModuleManager: Shutting down and abandoning module Landscape (12)
[2015.11.30-05.19.25:332][198]LogModuleManager: Shutting down and abandoning module SlateRHIRenderer (11)
[2015.11.30-05.19.25:348][198]LogModuleManager: Shutting down and abandoning module OpenGLDrv (10)
[2015.11.30-05.19.25:348][198]LogModuleManager: Shutting down and abandoning module D3D11RHI (9)
[2015.11.30-05.19.25:348][198]LogModuleManager: Shutting down and abandoning module AnimGraphRuntime (8)
[2015.11.30-05.19.25:348][198]LogModuleManager: Shutting down and abandoning module Renderer (7)
[2015.11.30-05.19.25:348][198]LogModuleManager: Shutting down and abandoning module Engine (6)
[2015.11.30-05.19.25:348][198]LogModuleManager: Shutting down and abandoning module CoreUObject (5)
[2015.11.30-05.19.25:348][198]LogModuleManager: Shutting down and abandoning module NetworkFile (4)
[2015.11.30-05.19.25:348][198]LogModuleManager: Shutting down and abandoning module StreamingFile (3)
[2015.11.30-05.19.25:348][198]LogModuleManager: Shutting down and abandoning module SandboxFile (2)
[2015.11.30-05.19.25:348][198]LogModuleManager: Shutting down and abandoning module PakFile (1)
[2015.11.30-05.19.25:350][198]LogExit: Exiting.
[2015.11.30-05.19.25:402][198]Log file closed, 11/30/15 00:19:25
