[2015.11.01-18.59.47:979][  0]Log file open, 11/01/15 13:59:47
[2015.11.01-18.59.47:979][  0]LogInit:Display: Running engine for game: SuperSpaceArmada
[2015.11.01-18.59.47:979][  0]LogInit:Display: RandInit(-390791066) SRandInit(-390791066).
[2015.11.01-18.59.47:979][  0]LogTaskGraph: Started task graph with 4 named threads and 7 total threads.
[2015.11.01-18.59.47:979][  0]LogStats: Stats thread started at 0.061363
[2015.11.01-18.59.47:979][  0]LogInit: Version: 4.9.1-2689999+++depot+UE4-Releases+4.9
[2015.11.01-18.59.47:979][  0]LogInit: API Version: 2672455
[2015.11.01-18.59.47:979][  0]LogInit: Compiled (64-bit): Sep 14 2015 04:12:03
[2015.11.01-18.59.47:979][  0]LogInit: Compiled with Visual C++: 18.00.21005.01
[2015.11.01-18.59.47:979][  0]LogInit: Build Configuration: Development
[2015.11.01-18.59.47:979][  0]LogInit: Branch Name: ++depot+UE4-Releases+4.9
[2015.11.01-18.59.47:979][  0]LogInit: Command line:  
[2015.11.01-18.59.47:979][  0]LogInit: Base directory: F:/Program Files/Unreal/Epic Games/4.9/Engine/Binaries/Win64/
[2015.11.01-18.59.47:979][  0]LogInit: Rocket: 1
[2015.11.01-18.59.47:985][  0]LogInit: Using libcurl 7.41.0
[2015.11.01-18.59.47:985][  0]LogInit:  - built for x86_64-pc-win32
[2015.11.01-18.59.47:985][  0]LogInit:  - supports SSL with WinSSL
[2015.11.01-18.59.47:985][  0]LogInit:  - other features:
[2015.11.01-18.59.47:985][  0]LogInit:      CURL_VERSION_SSL
[2015.11.01-18.59.47:985][  0]LogInit:      CURL_VERSION_IPV6
[2015.11.01-18.59.47:985][  0]LogInit:      CURL_VERSION_ASYNCHDNS
[2015.11.01-18.59.47:985][  0]LogInit:      CURL_VERSION_LARGEFILE
[2015.11.01-18.59.47:985][  0]LogInit:      CURL_VERSION_IDN
[2015.11.01-18.59.47:985][  0]LogInit:  CurlRequestOptions (configurable via config and command line):
[2015.11.01-18.59.47:985][  0]LogInit:  - bVerifyPeer = true  - Libcurl will verify peer certificate
[2015.11.01-18.59.47:985][  0]LogInit:  - bUseHttpProxy = false  - Libcurl will NOT use HTTP proxy
[2015.11.01-18.59.47:985][  0]LogInit:  - bDontReuseConnections = false  - Libcurl will reuse connections
[2015.11.01-18.59.47:985][  0]LogInit:  - CertBundlePath = nullptr  - Libcurl will use whatever was configured at build time.
[2015.11.01-18.59.47:990][  0]LogInit: Presizing for 0 objects not considered by GC, pre-allocating 0 bytes.
[2015.11.01-18.59.47:995][  0]LogInit: Object subsystem initialized
[2015.11.01-18.59.47:996][  0]LogInit: Selected Device Profile: [Windows]
[2015.11.01-18.59.47:996][  0]LogInit: Applying CVar settings loaded from the selected device profile: [Windows]
[2015.11.01-18.59.48:003][  0]LogInit: Computer: ANDREW_2015
[2015.11.01-18.59.48:003][  0]LogInit: User: aehrlich92
[2015.11.01-18.59.48:003][  0]LogInit: CPU Page size=4096, Cores=4
[2015.11.01-18.59.48:003][  0]LogInit: High frequency timer resolution =3.984654 MHz
[2015.11.01-18.59.48:003][  0]LogMemory: Memory total: Physical=15.9GB (16GB approx)
[2015.11.01-18.59.48:003][  0]LogMemory: Platform Memory Stats for Windows
[2015.11.01-18.59.48:003][  0]LogMemory: Process Physical Memory: 54.07 MB used, 54.07 MB peak
[2015.11.01-18.59.48:003][  0]LogMemory: Process Virtual Memory: 57.30 MB used, 57.30 MB peak
[2015.11.01-18.59.48:003][  0]LogMemory: Physical Memory: 4724.71 MB used, 16322.88 MB total
[2015.11.01-18.59.48:003][  0]LogMemory: Virtual Memory: 366.29 MB used, 134217728.00 MB total
[2015.11.01-18.59.48:040][  0]LogTextLocalizationManager: No specific translations for ('en-US') exist, so ('en') translations will be used.
[2015.11.01-18.59.48:606][  0]LogD3D11RHI: Found D3D11 adapter 0: NVIDIA GeForce GTX 960 (Feature Level 11_0)
[2015.11.01-18.59.48:606][  0]LogD3D11RHI: Adapter has 1969MB of dedicated video memory, 0MB of dedicated system memory, and 8161MB of shared system memory, 2 output[s]
[2015.11.01-18.59.48:607][  0]LogD3D11RHI: Found D3D11 adapter 1: Microsoft Basic Render Driver (Feature Level 11_0)
[2015.11.01-18.59.48:607][  0]LogD3D11RHI: Adapter has 0MB of dedicated video memory, 0MB of dedicated system memory, and 8161MB of shared system memory, 0 output[s]
[2015.11.01-18.59.48:608][  0]LogD3D11RHI: Chosen D3D11 Adapter Id = 0
[2015.11.01-18.59.48:611][  0]LogD3D11RHI: !Direct3DDevice
[2015.11.01-18.59.48:611][  0]LogRHI: Texture pool is 1361 MB (70% of 1945 MB)
[2015.11.01-18.59.48:620][  0]LogD3D11RHI: Async texture creation enabled
[2015.11.01-18.59.48:635][  0]LogShaderCompilers: Guid format shader working directory is 15 characters bigger than the processId version (../../../../../../../My Media/UCF Documents/DIG 4725/Game-Files/SuperSpaceArmada/Intermediate/Shaders/WorkingDirectory/1580/).
[2015.11.01-18.59.48:635][  0]LogShaderCompilers: Cleaned the shader compiler working directory '../../../../../../../My Media/UCF Documents/DIG 4725/Game-Files/SuperSpaceArmada/Intermediate/Shaders/tmp/183C1F6B42DEFFE19D84B2A6FF3108A3/'.
[2015.11.01-18.59.48:635][  0]LogShaderCompilers:Display: Using Local Shader Compiler.
[2015.11.01-18.59.49:927][  0]LogTemp:Display: Loaded TP AllDesktopTargetPlatform
[2015.11.01-18.59.49:930][  0]LogTemp:Display: Loaded TP WindowsClientTargetPlatform
[2015.11.01-18.59.49:935][  0]LogTemp:Display: Loaded TP WindowsNoEditorTargetPlatform
[2015.11.01-18.59.49:939][  0]LogTemp:Display: Loaded TP WindowsServerTargetPlatform
[2015.11.01-18.59.49:943][  0]LogTemp:Display: Loaded TP WindowsTargetPlatform
[2015.11.01-18.59.49:946][  0]LogTemp:Display: Loaded TP AndroidTargetPlatform
[2015.11.01-18.59.49:949][  0]LogTemp:Display: Loaded TP Android_ASTCTargetPlatform
[2015.11.01-18.59.49:952][  0]LogTemp:Display: Loaded TP Android_ATCTargetPlatform
[2015.11.01-18.59.49:954][  0]LogTemp:Display: Loaded TP Android_DXTTargetPlatform
[2015.11.01-18.59.49:958][  0]LogTemp:Display: Loaded TP Android_ETC1TargetPlatform
[2015.11.01-18.59.49:961][  0]LogTemp:Display: Loaded TP Android_ETC2TargetPlatform
[2015.11.01-18.59.49:965][  0]LogTemp:Display: Loaded TP Android_PVRTCTargetPlatform
[2015.11.01-18.59.49:966][  0]LogTemp:Display: Loaded TP HTML5TargetPlatform
[2015.11.01-18.59.49:983][  0]LogTemp:Display: Loaded TP IOSTargetPlatform
[2015.11.01-18.59.49:986][  0]LogTemp:Display: Loaded TP LinuxNoEditorTargetPlatform
[2015.11.01-18.59.49:989][  0]LogTemp:Display: Loaded TP LinuxServerTargetPlatform
[2015.11.01-18.59.49:992][  0]LogTemp:Display: Loaded TP LinuxTargetPlatform
[2015.11.01-18.59.49:992][  0]LogTargetPlatformManager:Display: Building Assets For Windows
[2015.11.01-18.59.50:050][  0]LogDerivedDataCache:Display: Max Cache Size: 512 MB
[2015.11.01-18.59.50:079][  0]LogDerivedDataCache: Loaded boot cache 0.03s 41MB C:/Users/aehrlich92/AppData/Local/UnrealEngine/4.9/DerivedDataCache/Boot.ddc.
[2015.11.01-18.59.50:079][  0]LogDerivedDataCache:Display: Loaded Boot cache: C:/Users/aehrlich92/AppData/Local/UnrealEngine/4.9/DerivedDataCache/Boot.ddc
[2015.11.01-18.59.50:079][  0]LogDerivedDataCache: FDerivedDataBackendGraph:  Pak pak cache file ../../../../../../../My Media/UCF Documents/DIG 4725/Game-Files/SuperSpaceArmada/DerivedDataCache/DDC.ddp not found, will not use a pak cache.
[2015.11.01-18.59.50:079][  0]LogDerivedDataCache: Unable to find inner node Pak for hierarchical cache Hierarchy.
[2015.11.01-18.59.50:079][  0]LogDerivedDataCache: FDerivedDataBackendGraph:  CompressedPak pak cache file ../../../../../../../My Media/UCF Documents/DIG 4725/Game-Files/SuperSpaceArmada/DerivedDataCache/Compressed.ddp not found, will not use a pak cache.
[2015.11.01-18.59.50:079][  0]LogDerivedDataCache: Unable to find inner node CompressedPak for hierarchical cache Hierarchy.
[2015.11.01-18.59.50:179][  0]LogDerivedDataCache:Display: Pak cache opened for reading ../../../Engine/DerivedDataCache/Compressed.ddp.
[2015.11.01-18.59.50:191][  0]LogDerivedDataCache: Using Local data cache path C:/Users/aehrlich92/AppData/Local/UnrealEngine/Common/DerivedDataCache: Writable
[2015.11.01-18.59.50:310][  0]LogInit: Selected Device Profile: [Windows]
[2015.11.01-18.59.50:312][  0]LogContentStreaming: Texture pool size is 0.000000MB
[2015.11.01-18.59.50:396][  0]LogMeshUtilities: No automatic mesh reduction module available
[2015.11.01-18.59.50:396][  0]LogMeshUtilities: No automatic mesh merging module available
[2015.11.01-18.59.50:566][  0]LogInit: WinSock: version 1.1 (2.2), MaxSocks=32767, MaxUdp=65467
[2015.11.01-18.59.51:066][  0]LogAssetRegistry: FAssetRegistry took 0.0106 seconds to start up
[2015.11.01-18.59.51:077][  0]UdpMessaging: Initializing bridge on interface 0.0.0.0:0 to multicast group 230.0.0.1:6666.
[2015.11.01-18.59.51:266][  0]SourceControl: Info Source control is disabled
[2015.11.01-18.59.51:274][  0]SourceControl: Info Source control is disabled
[2015.11.01-18.59.51:279][  0]SourceControl: Info Source control is disabled
[2015.11.01-18.59.51:286][  0]SourceControl: Info Source control is disabled
[2015.11.01-18.59.51:368][  0]LogLinker:Warning: Asset '../../../Engine/Plugins/Runtime/LeapMotionController/Content/LM_PassthroughMaterial.uasset' has been saved with empty engine version. The asset will be loaded but may be incompatible.
[2015.11.01-18.59.51:424][  0]LogObj: 28528 objects as part of root set at end of initial load.
[2015.11.01-18.59.51:424][  0]LogUObjectAllocator: 6068464 out of 0 bytes used by permanent object pool.
[2015.11.01-18.59.51:467][  0]LogEngine: Initializing Engine...
[2015.11.01-18.59.51:468][  0]LogHMD: Can't find Oculus library dev build: is proper Runtime installed? Version: 0.7.0.0
[2015.11.01-18.59.51:470][  0]LogHMD: SteamVR failed to initialize.  Err: 110
[2015.11.01-18.59.51:558][  0]LogAIModule: Creating AISystem for world NewWorld
[2015.11.01-18.59.51:565][  0]LogInit: XAudio2 using 'Speakers (Realtek High Definition Audio)' : 8 channels at 48 kHz using 32 bits per sample (channel mask 0x63f)
[2015.11.01-18.59.51:571][  0]LogInit: FAudioDevice initialized.
[2015.11.01-18.59.51:585][  0]LogDerivedDataCache: Saved boot cache 0.01s 41MB C:/Users/aehrlich92/AppData/Local/UnrealEngine/4.9/DerivedDataCache/Boot.ddc.
[2015.11.01-18.59.51:588][  0]LogInit: Texture streaming: Enabled
[2015.11.01-18.59.51:593][  0]LogAnalytics: Creating configured Analytics provider AnalyticsET
[2015.11.01-18.59.51:593][  0]LogAnalytics: [UEEditor.Rocket.Release] APIServer = http://et2.epicgames.com/ET2/. AppVersion = 4.9.1-2689999+++depot+UE4-Releases+4.9
[2015.11.01-18.59.51:593][  0]LogAnalytics: [UEEditor.Rocket.Release] SetUserId 7bdbd2584788e6e37f918c9187bab22c|b300224d71e64562a5bff06c2aaa78f8|45aed112-7b58-41bf-9eba-b8dcb7f9dd12
[2015.11.01-18.59.51:593][  0]LogAnalytics: [UEEditor.Rocket.Release] AnalyticsET::StartSession
[2015.11.01-18.59.51:621][  0]LogInit: Transaction tracking system initialized
[2015.11.01-18.59.51:644][  0]BlueprintLog: New page: Editor Load
[2015.11.01-18.59.51:709][  0]LocalizationService: Info Localization service is disabled
[2015.11.01-18.59.51:774][  0]LogConsoleResponse:Display: 
[2015.11.01-18.59.51:864][  0]LogCook:Display: Done creating registry. It took  0.00s.
[2015.11.01-18.59.51:906][  0]LogFileCache: Scanning file cache for directory 'F:/My Media/UCF Documents/DIG 4725/Game-Files/SuperSpaceArmada/Content/' took 0.01s
[2015.11.01-18.59.51:906][  0]SourceControl: Info Source control is disabled
[2015.11.01-18.59.51:906][  0]Cmd: MAP LOAD FILE="../../../../../../../My Media/UCF Documents/DIG 4725/Game-Files/SuperSpaceArmada/Content/SSA/Maps/Home_Kratakos.umap" TEMPLATE=0 SHOWPROGRESS=1 FEATURELEVEL=3
[2015.11.01-18.59.51:907][  0]LightingResults: New page: Lighting Build
[2015.11.01-18.59.51:909][  0]MapCheck: New page: Map Check
[2015.11.01-18.59.51:909][  0]LightingResults: New page: Lighting Build
[2015.11.01-18.59.51:917][  0]LogParticles: Destroying 0 GPU particle simulations for FXSystem 0x0000006331CD5620
[2015.11.01-18.59.51:982][  0]LogLinker:Warning: Asset '../../../../../../../My Media/UCF Documents/DIG 4725/Game-Files/SuperSpaceArmada/Content/Mannequin/Animations/ThirdPerson_AnimBP.uasset' has been saved with empty engine version. The asset will be loaded but may be incompatible.
[2015.11.01-18.59.51:983][  0]LogLinker:Warning: Asset '../../../../../../../My Media/UCF Documents/DIG 4725/Game-Files/SuperSpaceArmada/Content/Mannequin/Animations/ThirdPerson_Jump.uasset' has been saved with empty engine version. The asset will be loaded but may be incompatible.
[2015.11.01-18.59.51:984][  0]LogLinker:Warning: Asset '../../../../../../../My Media/UCF Documents/DIG 4725/Game-Files/SuperSpaceArmada/Content/Mannequin/Animations/ThirdPersonJump_Loop.uasset' has been saved with empty engine version. The asset will be loaded but may be incompatible.
[2015.11.01-18.59.51:984][  0]LogLinker:Warning: Asset '../../../../../../../My Media/UCF Documents/DIG 4725/Game-Files/SuperSpaceArmada/Content/Mannequin/Animations/ThirdPersonJump_Start.uasset' has been saved with empty engine version. The asset will be loaded but may be incompatible.
[2015.11.01-18.59.51:985][  0]LogLinker:Warning: Asset '../../../../../../../My Media/UCF Documents/DIG 4725/Game-Files/SuperSpaceArmada/Content/Mannequin/Animations/ThirdPerson_IdleRun_2D.uasset' has been saved with empty engine version. The asset will be loaded but may be incompatible.
[2015.11.01-18.59.51:985][  0]LogLinker:Warning: Asset '../../../../../../../My Media/UCF Documents/DIG 4725/Game-Files/SuperSpaceArmada/Content/Mannequin/Animations/ThirdPersonIdle.uasset' has been saved with empty engine version. The asset will be loaded but may be incompatible.
[2015.11.01-18.59.51:986][  0]LogLinker:Warning: Asset '../../../../../../../My Media/UCF Documents/DIG 4725/Game-Files/SuperSpaceArmada/Content/Mannequin/Animations/ThirdPersonRun.uasset' has been saved with empty engine version. The asset will be loaded but may be incompatible.
[2015.11.01-18.59.51:987][  0]LogLinker:Warning: Asset '../../../../../../../My Media/UCF Documents/DIG 4725/Game-Files/SuperSpaceArmada/Content/Mannequin/Animations/ThirdPersonWalk.uasset' has been saved with empty engine version. The asset will be loaded but may be incompatible.
[2015.11.01-18.59.53:086][  0]LogBlueprint:Warning: [HUD] CreatePinForVariable: 'ReloadVariables' variable not found. Base class was probably changed.
[2015.11.01-18.59.53:086][  0]LogBlueprint:Warning: [HUD] CreatePinForVariable: 'ReloadVariables' variable not found. Base class was probably changed.
[2015.11.01-18.59.53:086][  0]LogBlueprint:Warning: [HUD] CreatePinForVariable: 'ReloadVariables' variable not found. Base class was probably changed.
[2015.11.01-18.59.53:086][  0]LogBlueprint:Warning: [HUD] CreatePinForVariable: 'ReloadVariables' variable not found. Base class was probably changed.
[2015.11.01-18.59.53:090][  0]LogBlueprint:Warning: [compiler HUD] Warning Could not find a variable named "ReloadVariables" in 'SSAGameInstance_C'.
Make sure 'SSAGameInstance_C' has been compiled for  Set ReloadVariables 
[2015.11.01-18.59.53:090][  0]LogBlueprint:Warning: [compiler HUD] Warning Could not find a variable named "ReloadVariables" in 'SSAGameInstance_C'.
Make sure 'SSAGameInstance_C' has been compiled for  Set ReloadVariables 
[2015.11.01-18.59.53:091][  0]LogBlueprint:Error: [compiler HUD] Error The property associated with  Reload Variables  could not be found
[2015.11.01-18.59.53:091][  0]LogBlueprint:Error: [compiler HUD] Error The property associated with  Reload Variables  could not be found
[2015.11.01-18.59.53:101][  0]LogBlueprint:Warning: [compiler HUD] Warning [0005.51] Compile of HUD failed. 2 Fatal Issue(s) 2 Warning(s) [in 14 ms]
[2015.11.01-18.59.53:104][  0]LogBlueprint:Warning: [compiler HUD] Warning [0005.52] Compile of HUD failed. 2 Fatal Issue(s) 3 Warning(s) [in 2 ms]
[2015.11.01-18.59.53:104][  0]LogBlueprint:Warning: [compiler HUD] Warning [0005.52] Compile of HUD failed. 2 Fatal Issue(s) 4 Warning(s) [in 0 ms]
[2015.11.01-18.59.53:195][  0]LogBlueprint:Error: Broken Node: K2Node_CallFunction /Game/SSA/Blueprints/Objects/Debris.Debris:Debris Collision func.K2Node_CallFunction_3036 keeps removed/invalid pin: EdGraphPin /Game/SSA/Blueprints/Objects/Debris.Debris:Debris Collision func.K2Node_CallFunction_3036.EdGraphPin_189478. Try refresh all nodes.
[2015.11.01-18.59.53:196][  0]LogBlueprint:Error: Broken Node: K2Node_CallFunction /Game/SSA/Blueprints/Objects/Debris.Debris:Debris Collision func.K2Node_CallFunction_2761 keeps removed/invalid pin: EdGraphPin /Game/SSA/Blueprints/Objects/Debris.Debris:Debris Collision func.K2Node_CallFunction_2761.EdGraphPin_189448. Try refresh all nodes.
[2015.11.01-18.59.53:457][  0]LogBlueprint:Error: Broken Node: K2Node_CallFunction /Game/SSA/Blueprints/Objects/Debris.Debris:Debris Collision func.K2Node_CallFunction_2761 keeps removed/invalid pin: EdGraphPin /Game/SSA/Blueprints/Objects/Debris.Debris:Debris Collision func.K2Node_CallFunction_2761.EdGraphPin_189448. Try refresh all nodes.
[2015.11.01-18.59.53:457][  0]LogBlueprint:Error: Broken Node: K2Node_CallFunction /Game/SSA/Blueprints/Objects/Debris.Debris:Debris Collision func.K2Node_CallFunction_3036 keeps removed/invalid pin: EdGraphPin /Game/SSA/Blueprints/Objects/Debris.Debris:Debris Collision func.K2Node_CallFunction_3036.EdGraphPin_189478. Try refresh all nodes.
[2015.11.01-18.59.53:966][  0]LogLinker:Warning: Can't find file '/Game/Geometry/Meshes/1M_Cube'
[2015.11.01-18.59.53:966][  0]LogLinker:Warning: Can't find file for asset '/Game/Geometry/Meshes/1M_Cube' while loading ../../../../../../../My Media/UCF Documents/DIG 4725/Game-Files/SuperSpaceArmada/Content/SSA/Blueprints/Objects/Crystal_Spawner.uasset.
[2015.11.01-18.59.53:966][  0]LoadErrors:Error: Error /Game/SSA/Blueprints/Objects/Crystal_Spawner : Can't find file for asset. /Game/Geometry/Meshes/1M_Cube
[2015.11.01-18.59.53:967][  0]LogLinker:Warning: Can't find file '/Game/Geometry/Meshes/1M_Cube'
[2015.11.01-18.59.53:967][  0]LogLinker:Warning: Can't find file for asset '/Game/Geometry/Meshes/1M_Cube' while loading ../../../../../../../My Media/UCF Documents/DIG 4725/Game-Files/SuperSpaceArmada/Content/SSA/Blueprints/Objects/Crystal_Spawner.uasset.
[2015.11.01-18.59.53:967][  0]LoadErrors:Error: Error /Game/SSA/Blueprints/Objects/Crystal_Spawner : Can't find file for asset. /Game/Geometry/Meshes/1M_Cube
[2015.11.01-18.59.53:969][  0]LogLinker:Warning: Can't find file '/Game/Geometry/Meshes/1M_Cube'
[2015.11.01-18.59.53:969][  0]LogLinker:Warning: Can't find file for asset '/Game/Geometry/Meshes/1M_Cube' while loading ../../../../../../../My Media/UCF Documents/DIG 4725/Game-Files/SuperSpaceArmada/Content/SSA/Maps/Home_Kratakos.umap.
[2015.11.01-18.59.53:969][  0]LoadErrors:Error: Error /Game/SSA/Maps/Home_Kratakos : Can't find file for asset. /Game/Geometry/Meshes/1M_Cube
[2015.11.01-18.59.53:969][  0]LogLinker:Warning: Can't find file '/Game/Geometry/Meshes/1M_Cube'
[2015.11.01-18.59.53:969][  0]LogLinker:Warning: Can't find file for asset '/Game/Geometry/Meshes/1M_Cube' while loading ../../../../../../../My Media/UCF Documents/DIG 4725/Game-Files/SuperSpaceArmada/Content/SSA/Maps/Home_Kratakos.umap.
[2015.11.01-18.59.53:969][  0]LoadErrors:Error: Error /Game/SSA/Maps/Home_Kratakos : Can't find file for asset. /Game/Geometry/Meshes/1M_Cube
[2015.11.01-18.59.53:970][  0]LogLinker:Warning: Can't find file '/Game/Geometry/Meshes/1M_Cube'
[2015.11.01-18.59.53:970][  0]LoadErrors: Info Failed to load /Game/Geometry/Meshes/1M_Cube.1M_Cube Referenced by StaticMeshComponent0
[2015.11.01-18.59.53:970][  0]LogLinker:Warning: Can't find file for asset '/Game/Geometry/Meshes/1M_Cube' while loading ../../../../../../../My Media/UCF Documents/DIG 4725/Game-Files/SuperSpaceArmada/Content/SSA/Maps/Home_Kratakos.umap.
[2015.11.01-18.59.53:970][  0]LoadErrors: Info Failed to load /Game/Geometry/Meshes/1M_Cube.1M_Cube Referenced by StaticMeshComponent0
[2015.11.01-18.59.53:970][  0]LoadErrors:Error: Error /Game/SSA/Maps/Home_Kratakos : Can't find file for asset. /Game/Geometry/Meshes/1M_Cube
[2015.11.01-18.59.54:705][  0]LogAIModule: Creating AISystem for world Home_Kratakos
[2015.11.01-18.59.54:711][  0]LogEditorServer: Finished looking for orphan Actors (0.000 secs)
[2015.11.01-18.59.54:711][  0]Cmd: MAP CHECKDEP NOCLEARLOG
[2015.11.01-18.59.54:767][  0]MapCheck: Info Map check complete: 0 Error(s), 0 Warning(s), took 55.773ms to complete.
[2015.11.01-18.59.54:767][  0]LogFileHelpers: Loading map 'Home_Kratakos' took 2.861
[2015.11.01-18.59.54:860][  0]LogCollectionManager: Loaded 0 collections in 0.000952 seconds
[2015.11.01-18.59.54:897][  0]LogFileCache: Scanning file cache for directory 'F:/My Media/UCF Documents/DIG 4725/Game-Files/SuperSpaceArmada/Saved/Collections/' took 0.01s
[2015.11.01-18.59.54:897][  0]LogFileCache: Scanning file cache for directory 'F:/My Media/UCF Documents/DIG 4725/Game-Files/SuperSpaceArmada/Content/Developers/aehrlich92/Collections/' took 0.01s
[2015.11.01-18.59.54:897][  0]LogFileCache: Scanning file cache for directory 'F:/My Media/UCF Documents/DIG 4725/Game-Files/SuperSpaceArmada/Content/Collections/' took 0.01s
[2015.11.01-18.59.54:897][  0]LogContentBrowser: Native class hierarchy populated in 0.0052 seconds. Added 1882 classes and 339 folders.
[2015.11.01-18.59.54:901][  0]LogCollectionManager: Rebuilt the GUID cache for 0 collections in 0.000002 seconds
[2015.11.01-18.59.54:905][  0]LogContentBrowser: Native class hierarchy updated for 'WidgetCarousel' in 0.0002 seconds. Added 0 classes and 0 folders.
[2015.11.01-18.59.54:932][  0]LogContentBrowser: Native class hierarchy updated for 'AddContentDialog' in 0.0003 seconds. Added 0 classes and 0 folders.
[2015.11.01-18.59.54:935][  0]LogContentBrowser: Native class hierarchy updated for 'SceneOutliner' in 0.0002 seconds. Added 1 classes and 2 folders.
[2015.11.01-18.59.54:961][  0]LogCrashTracker: Crashtracker disabled due to settings.
[2015.11.01-18.59.54:964][  0]LogUObjectGlobals:Warning: Failed to find object 'Class None.'
[2015.11.01-18.59.54:985][  0]LogLoad: Full Startup: 7.40 seconds (BP compile: 0.93 seconds)
[2015.11.01-18.59.54:994][  0]LoadErrors:Error: Error /Game/SSA/Blueprints/Player : Failed import for Player_C /Game/SSA/Blueprints/Player/Player.Default__Player_C
[2015.11.01-18.59.55:033][  0]LogContentStreaming: Texture pool size now 1000 MB
[2015.11.01-18.59.55:131][  0]LogRenderer: Reallocating scene render targets to support 1208x584 (Frame:2).
[2015.11.01-18.59.55:578][ 12]LogAssetRegistry: Asset discovery search completed in 4.5220 seconds
[2015.11.01-18.59.55:578][ 12]LogCollectionManager: Rebuilt the object cache for 0 collections in 0.000000 seconds (found 0 objects)
[2015.11.01-18.59.55:578][ 12]LogCollectionManager: Fixed up redirectors for 0 collections in 0.000015 seconds (updated 0 objects)
[2015.11.01-18.59.57:010][140]LogBlueprintUserMessages: Early PlayInEditor Detection: Level '/Game/SSA/Maps/Home_Kratakos.Home_Kratakos:PersistentLevel' has LevelScriptBlueprint '/Game/SSA/Maps/Home_Kratakos.Home_Kratakos:PersistentLevel.Home_Kratakos' with GeneratedClass '/Game/SSA/Maps/Home_Kratakos.Home_Kratakos_C' with ClassGeneratedBy '/Game/SSA/Maps/Home_Kratakos.Home_Kratakos:PersistentLevel.Home_Kratakos'
[2015.11.01-18.59.57:010][140]LogPlayLevel: PlayLevel: No blueprints needed recompiling
[2015.11.01-19.00.04:481][420]LogLinker:Warning: Asset '../../../Engine/Content/ArtTools/RenderToTexture/Macros/RenderToTextureMacros.uasset' has been saved with empty engine version. The asset will be loaded but may be incompatible.
[2015.11.01-19.00.04:825][420]LogContentBrowser: Native class hierarchy updated for 'BlueprintGraph' in 0.0005 seconds. Added 107 classes and 0 folders.
[2015.11.01-19.00.06:047][519]BlueprintLog: New page: Compile HUD
[2015.11.01-19.00.06:119][519]LogActorComponent: UnregisterComponent: (/Engine/Transient.CharMoveComp) Not registered. Aborting.
[2015.11.01-19.00.06:119][519]LogActorComponent: UnregisterComponent: (/Engine/Transient.CharacterMovementComponent_0) Not registered. Aborting.
[2015.11.01-19.00.06:204][519]BlueprintEditorCompileResults: Info [0018.62] Compile of HUD successful! [in 157 ms]
[2015.11.01-19.00.10:713][996]LogBlueprintUserMessages: Early PlayInEditor Detection: Level '/Game/SSA/Maps/Home_Kratakos.Home_Kratakos:PersistentLevel' has LevelScriptBlueprint '/Game/SSA/Maps/Home_Kratakos.Home_Kratakos:PersistentLevel.Home_Kratakos' with GeneratedClass '/Game/SSA/Maps/Home_Kratakos.Home_Kratakos_C' with ClassGeneratedBy '/Game/SSA/Maps/Home_Kratakos.Home_Kratakos:PersistentLevel.Home_Kratakos'
[2015.11.01-19.00.10:713][996]LogPlayLevel: PlayLevel: No blueprints needed recompiling
[2015.11.01-19.00.10:713][996]PIE: New page: PIE session: Home_Kratakos (Nov 1, 2015, 9:00:10 AM)
[2015.11.01-19.00.10:713][996]LogPlayLevel: Creating play world package: /Game/SSA/Maps/UEDPIE_0_Home_Kratakos
[2015.11.01-19.00.10:734][996]LogPlayLevel: PIE: StaticDuplicateObject took: (0.021209s)
[2015.11.01-19.00.10:735][996]LogAIModule: Creating AISystem for world Home_Kratakos
[2015.11.01-19.00.10:735][996]LogPlayLevel: PIE: World Init took: (0.000605s)
[2015.11.01-19.00.10:735][996]LogPlayLevel: PIE: Created PIE world by copying editor world from /Game/SSA/Maps/Home_Kratakos.Home_Kratakos to /Game/SSA/Maps/UEDPIE_0_Home_Kratakos.Home_Kratakos (0.022075s)
[2015.11.01-19.00.10:755][996]LogParticles: Destroying 0 GPU particle simulations for FXSystem 0x0000006343064B80
[2015.11.01-19.00.10:756][996]LogParticles: Destroying 0 GPU particle simulations for FXSystem 0x00000063430642C0
[2015.11.01-19.00.10:763][996]LogInit: XAudio2 using 'Speakers (Realtek High Definition Audio)' : 8 channels at 48 kHz using 32 bits per sample (channel mask 0x63f)
[2015.11.01-19.00.10:769][996]LogInit: FAudioDevice initialized.
[2015.11.01-19.00.10:821][996]LogWorld: Game class is 'TopDownGameMode_C'
[2015.11.01-19.00.10:824][996]LogWorld:Warning: *** WARNING - PATHS MAY NOT BE VALID ***
[2015.11.01-19.00.10:824][996]LogWorld: Bringing World /Game/SSA/Maps/UEDPIE_0_Home_Kratakos.Home_Kratakos up for play (max tick rate 0) at 2015.11.01-14.00.10
[2015.11.01-19.00.10:824][996]LogActor:Warning: GameSession /Game/SSA/Maps/UEDPIE_0_Home_Kratakos.Home_Kratakos:PersistentLevel.GameSession_0 has natively added scene component(s), but none of them were set as the actor's RootComponent - picking one arbitrarily
[2015.11.01-19.00.10:824][996]LogActor:Warning: GameNetworkManager /Game/SSA/Maps/UEDPIE_0_Home_Kratakos.Home_Kratakos:PersistentLevel.GameNetworkManager_0 has natively added scene component(s), but none of them were set as the actor's RootComponent - picking one arbitrarily
[2015.11.01-19.00.10:825][996]LogWorld: Bringing up level for play took: 0.003679
[2015.11.01-19.00.10:828][996]PIE: Info Play in editor start time for /Game/SSA/Maps/UEDPIE_0_Home_Kratakos 0.655
[2015.11.01-19.00.10:828][996]LogBlueprintUserMessages: Late PlayInEditor Detection: Level '/Game/SSA/Maps/Home_Kratakos.Home_Kratakos:PersistentLevel' has LevelScriptBlueprint '/Game/SSA/Maps/Home_Kratakos.Home_Kratakos:PersistentLevel.Home_Kratakos' with GeneratedClass '/Game/SSA/Maps/Home_Kratakos.Home_Kratakos_C' with ClassGeneratedBy '/Game/SSA/Maps/Home_Kratakos.Home_Kratakos:PersistentLevel.Home_Kratakos'
[2015.11.01-19.00.12:386][180]LogBlueprintUserMessages: Early EndPlayMap Detection: Level '/Game/SSA/Maps/Home_Kratakos.Home_Kratakos:PersistentLevel' has LevelScriptBlueprint '/Game/SSA/Maps/Home_Kratakos.Home_Kratakos:PersistentLevel.Home_Kratakos' with GeneratedClass '/Game/SSA/Maps/Home_Kratakos.Home_Kratakos_C' with ClassGeneratedBy '/Game/SSA/Maps/Home_Kratakos.Home_Kratakos:PersistentLevel.Home_Kratakos'
[2015.11.01-19.00.12:419][180]LogBlueprintUserMessages: Late EndPlayMap Detection: Level '/Game/SSA/Maps/Home_Kratakos.Home_Kratakos:PersistentLevel' has LevelScriptBlueprint '/Game/SSA/Maps/Home_Kratakos.Home_Kratakos:PersistentLevel.Home_Kratakos' with GeneratedClass '/Game/SSA/Maps/Home_Kratakos.Home_Kratakos_C' with ClassGeneratedBy '/Game/SSA/Maps/Home_Kratakos.Home_Kratakos:PersistentLevel.Home_Kratakos'
[2015.11.01-19.00.12:438][180]LogParticles: Destroying 0 GPU particle simulations for FXSystem 0x000000636AE0A0C0
[2015.11.01-19.00.14:625][430]LogWindowsTextInputMethodSystem:Display: IME system now deactivated.
[2015.11.01-19.00.14:856][431]Cmd: QUIT_EDITOR
[2015.11.01-19.00.15:464][431]LogExit: Preparing to exit.
[2015.11.01-19.00.16:200][431]LogExit: Editor shut down
[2015.11.01-19.00.16:201][431]LogExit: Transaction tracking system shut down
[2015.11.01-19.00.16:206][431]LogParticles: Destroying 0 GPU particle simulations for FXSystem 0x000000633D6A2980
[2015.11.01-19.00.16:206][431]LogParticles: Destroying 0 GPU particle simulations for FXSystem 0x000000632D184AE0
[2015.11.01-19.00.16:206][431]LogParticles: Destroying 0 GPU particle simulations for FXSystem 0x0000006343064E00
[2015.11.01-19.00.16:330][431]LogExit: Object subsystem successfully closed.
[2015.11.01-19.00.16:341][431]LogD3D11RHI: Shutdown
[2015.11.01-19.00.16:341][431]LogD3D11RHI: CleanupD3DDevice
[2015.11.01-19.00.16:377][431]LogD3D11RHI: ~FD3D11DynamicRHI
[2015.11.01-19.00.16:387][431]LogModuleManager: Shutting down and abandoning module SequencerWidgets (201)
[2015.11.01-19.00.16:387][431]LogModuleManager: Shutting down and abandoning module BlueprintGraph (200)
[2015.11.01-19.00.16:387][431]LogModuleManager: Shutting down and abandoning module CrashTracker (199)
[2015.11.01-19.00.16:387][431]LogModuleManager: Shutting down and abandoning module SceneOutliner (198)
[2015.11.01-19.00.16:387][431]LogModuleManager: Shutting down and abandoning module SuperSearch (197)
[2015.11.01-19.00.16:387][431]LogModuleManager: Shutting down and abandoning module WidgetCarousel (196)
[2015.11.01-19.00.16:387][431]LogModuleManager: Shutting down and abandoning module AddContentDialog (195)
[2015.11.01-19.00.16:388][431]LogModuleManager: Shutting down and abandoning module EditorWidgets (194)
[2015.11.01-19.00.16:388][431]LogModuleManager: Shutting down and abandoning module CollectionManager (193)
[2015.11.01-19.00.16:388][431]LogModuleManager: Shutting down and abandoning module StatsViewer (192)
[2015.11.01-19.00.16:388][431]LogModuleManager: Shutting down and abandoning module FoliageEdit (191)
[2015.11.01-19.00.16:388][431]LogModuleManager: Shutting down and abandoning module LandscapeEditor (190)
[2015.11.01-19.00.16:388][431]LogModuleManager: Shutting down and abandoning module ActorPickerMode (189)
[2015.11.01-19.00.16:388][431]LogModuleManager: Shutting down and abandoning module GeometryMode (188)
[2015.11.01-19.00.16:388][431]LogModuleManager: Shutting down and abandoning module TextureAlignMode (187)
[2015.11.01-19.00.16:388][431]LogModuleManager: Shutting down and abandoning module BspMode (186)
[2015.11.01-19.00.16:388][431]LogModuleManager: Shutting down and abandoning module PlacementMode (185)
[2015.11.01-19.00.16:388][431]LogModuleManager: Shutting down and abandoning module AutomationWorker (184)
[2015.11.01-19.00.16:388][431]LogModuleManager: Shutting down and abandoning module CharacterAI (183)
[2015.11.01-19.00.16:388][431]LogModuleManager: Shutting down and abandoning module SmartSnapping (182)
[2015.11.01-19.00.16:388][431]LogModuleManager: Shutting down and abandoning module ViewportSnapping (181)
[2015.11.01-19.00.16:388][431]LogModuleManager: Shutting down and abandoning module LogVisualizer (180)
[2015.11.01-19.00.16:388][431]LogModuleManager: Shutting down and abandoning module GameProjectGeneration (179)
[2015.11.01-19.00.16:388][431]LogModuleManager: Shutting down and abandoning module IntroTutorials (178)
[2015.11.01-19.00.16:388][431]LogModuleManager: Shutting down and abandoning module EditorLiveStreaming (177)
[2015.11.01-19.00.16:388][431]LogModuleManager: Shutting down and abandoning module IOSPlatformEditor (176)
[2015.11.01-19.00.16:388][431]LogModuleManager: Shutting down and abandoning module HTML5PlatformEditor (175)
[2015.11.01-19.00.16:389][431]LogModuleManager: Shutting down and abandoning module AndroidDeviceDetection (174)
[2015.11.01-19.00.16:749][431]LogModuleManager: Shutting down and abandoning module AndroidPlatformEditor (173)
[2015.11.01-19.00.16:749][431]LogModuleManager: Shutting down and abandoning module IOSRuntimeSettings (172)
[2015.11.01-19.00.16:749][431]LogModuleManager: Shutting down and abandoning module AndroidRuntimeSettings (171)
[2015.11.01-19.00.16:749][431]LogModuleManager: Shutting down and abandoning module MergeActors (170)
[2015.11.01-19.00.16:749][431]LogModuleManager: Shutting down and abandoning module SizeMap (169)
[2015.11.01-19.00.16:749][431]LogModuleManager: Shutting down and abandoning module TreeMap (168)
[2015.11.01-19.00.16:749][431]LogModuleManager: Shutting down and abandoning module ReferenceViewer (167)
[2015.11.01-19.00.16:749][431]LogModuleManager: Shutting down and abandoning module LocalizationService (166)
[2015.11.01-19.00.16:749][431]LogModuleManager: Shutting down and abandoning module LocalizationDashboard (165)
[2015.11.01-19.00.16:749][431]LogModuleManager: Shutting down and abandoning module HardwareTargeting (164)
[2015.11.01-19.00.16:749][431]LogModuleManager: Shutting down and abandoning module DeviceProfileEditor (163)
[2015.11.01-19.00.16:749][431]LogModuleManager: Shutting down and abandoning module UndoHistory (162)
[2015.11.01-19.00.16:749][431]LogModuleManager: Shutting down and abandoning module GameplayTagsEditor (161)
[2015.11.01-19.00.16:750][431]LogModuleManager: Shutting down and abandoning module UserFeedback (160)
[2015.11.01-19.00.16:750][431]LogModuleManager: Shutting down and abandoning module XmlParser (159)
[2015.11.01-19.00.16:750][431]LogModuleManager: Shutting down and abandoning module Blutility (158)
[2015.11.01-19.00.16:750][431]LogModuleManager: Shutting down and abandoning module ProjectTargetPlatformEditor (157)
[2015.11.01-19.00.16:750][431]LogModuleManager: Shutting down and abandoning module ProjectSettingsViewer (156)
[2015.11.01-19.00.16:750][431]LogModuleManager: Shutting down and abandoning module InputBindingEditor (155)
[2015.11.01-19.00.16:750][431]LogModuleManager: Shutting down and abandoning module EditorSettingsViewer (154)
[2015.11.01-19.00.16:750][431]LogModuleManager: Shutting down and abandoning module SettingsEditor (153)
[2015.11.01-19.00.16:751][431]LogModuleManager: Shutting down and abandoning module ProjectLauncher (152)
[2015.11.01-19.00.16:751][431]LogModuleManager: Shutting down and abandoning module SessionFrontend (151)
[2015.11.01-19.00.16:751][431]LogModuleManager: Shutting down and abandoning module ProfilerClient (150)
[2015.11.01-19.00.16:751][431]LogModuleManager: Shutting down and abandoning module TargetDeviceServices (149)
[2015.11.01-19.00.16:751][431]LogModuleManager: Shutting down and abandoning module DeviceManager (148)
[2015.11.01-19.00.16:751][431]LogModuleManager: Shutting down and abandoning module AutomationController (147)
[2015.11.01-19.00.16:751][431]LogModuleManager: Shutting down and abandoning module AutomationWindow (146)
[2015.11.01-19.00.16:751][431]LogModuleManager: Shutting down and abandoning module Layers (145)
[2015.11.01-19.00.16:751][431]LogModuleManager: Shutting down and abandoning module ComponentVisualizers (144)
[2015.11.01-19.00.16:751][431]LogModuleManager: Shutting down and abandoning module DetailCustomizations (143)
[2015.11.01-19.00.16:752][431]LogModuleManager: Shutting down and abandoning module PackagesDialog (142)
[2015.11.01-19.00.16:752][431]LogModuleManager: Shutting down and abandoning module Persona (141)
[2015.11.01-19.00.16:752][431]LogModuleManager: Shutting down and abandoning module Kismet (140)
[2015.11.01-19.00.16:752][431]LogModuleManager: Shutting down and abandoning module GraphEditor (139)
[2015.11.01-19.00.16:752][431]LogModuleManager: Shutting down and abandoning module ClassViewer (138)
[2015.11.01-19.00.16:752][431]LogModuleManager: Shutting down and abandoning module Toolbox (137)
[2015.11.01-19.00.16:752][431]LogModuleManager: Shutting down and abandoning module ModuleUI (136)
[2015.11.01-19.00.16:752][431]LogModuleManager: Shutting down and abandoning module MovieSceneTools (135)
[2015.11.01-19.00.16:752][431]LogModuleManager: Shutting down and abandoning module OutputLog (134)
[2015.11.01-19.00.16:752][431]LogModuleManager: Shutting down and abandoning module GammaUI (133)
[2015.11.01-19.00.16:752][431]LogModuleManager: Shutting down and abandoning module Documentation (132)
[2015.11.01-19.00.16:752][431]LogModuleManager: Shutting down and abandoning module GameLiveStreaming (131)
[2015.11.01-19.00.16:752][431]LogModuleManager: Shutting down and abandoning module StreamingPauseRendering (130)
[2015.11.01-19.00.16:753][431]LogModuleManager: Shutting down and abandoning module AnalyticsET (129)
[2015.11.01-19.00.16:753][431]LogModuleManager: Shutting down and abandoning module Analytics (128)
[2015.11.01-19.00.16:753][431]LogModuleManager: Shutting down and abandoning module AITestSuite (127)
[2015.11.01-19.00.16:753][431]LogModuleManager: Shutting down and abandoning module GameplayDebugger (126)
[2015.11.01-19.00.16:753][431]LogModuleManager: Shutting down and abandoning module AIModule (125)
[2015.11.01-19.00.16:753][431]LogModuleManager: Shutting down and abandoning module ProfilerService (124)
[2015.11.01-19.00.16:961][431]LogModuleManager: Shutting down and abandoning module TaskGraph (123)
[2015.11.01-19.00.16:961][431]LogModuleManager: Shutting down and abandoning module SubstanceEditor (122)
[2015.11.01-19.00.16:961][431]LogModuleManager: Shutting down and abandoning module SlateRemote (121)
[2015.11.01-19.00.16:961][431]LogModuleManager: Shutting down and abandoning module SteamVRController (120)
[2015.11.01-19.00.16:961][431]LogModuleManager: Shutting down and abandoning module SteamVR (119)
[2015.11.01-19.00.16:961][431]LogModuleManager: Shutting down and abandoning module ProceduralMeshComponent (118)
[2015.11.01-19.00.16:961][431]LogModuleManager: Shutting down and abandoning module OculusRift (117)
[2015.11.01-19.00.16:961][431]LogModuleManager: Shutting down and abandoning module OculusLibrary (116)
[2015.11.01-19.00.16:961][431]LogModuleManager: Shutting down and abandoning module LeapMotionController (115)
[2015.11.01-19.00.16:998][431]LogModuleManager: Shutting down and abandoning module CustomMeshComponent (114)
[2015.11.01-19.00.16:998][431]LogModuleManager: Shutting down and abandoning module CableComponent (113)
[2015.11.01-19.00.16:998][431]LogModuleManager: Shutting down and abandoning module ArchVisCharacter (112)
[2015.11.01-19.00.16:998][431]LogModuleManager: Shutting down and abandoning module MessagingDebugger (111)
[2015.11.01-19.00.16:998][431]LogModuleManager: Shutting down and abandoning module MediaPlayerEditor (110)
[2015.11.01-19.00.16:998][431]LogModuleManager: Shutting down and abandoning module HTML5Networking (109)
[2015.11.01-19.00.16:998][431]LogModuleManager: Shutting down and abandoning module SpeedTreeImporter (108)
[2015.11.01-19.00.16:998][431]LogModuleManager: Shutting down and abandoning module PluginBrowser (107)
[2015.11.01-19.00.16:998][431]LogModuleManager: Shutting down and abandoning module EpicSurvey (106)
[2015.11.01-19.00.16:998][431]LogModuleManager: Shutting down and abandoning module DesktopPlatform (105)
[2015.11.01-19.00.16:998][431]LogModuleManager: Shutting down and abandoning module VisualStudioSourceCodeAccess (104)
[2015.11.01-19.00.16:998][431]LogModuleManager: Shutting down and abandoning module UObjectPlugin (103)
[2015.11.01-19.00.16:998][431]LogModuleManager: Shutting down and abandoning module SubversionSourceControl (102)
[2015.11.01-19.00.16:998][431]LogModuleManager: Shutting down and abandoning module PerforceSourceControl (101)
[2015.11.01-19.00.16:998][431]LogModuleManager: Shutting down and abandoning module SourceControl (100)
[2015.11.01-19.00.16:998][431]LogModuleManager: Shutting down and abandoning module GitSourceControl (99)
[2015.11.01-19.00.16:998][431]LogModuleManager: Shutting down and abandoning module LightPropagationVolumeEditor (98)
[2015.11.01-19.00.16:998][431]LogModuleManager: Shutting down and abandoning module PaperTiledImporter (97)
[2015.11.01-19.00.16:998][431]LogModuleManager: Shutting down and abandoning module PaperSpriteSheetImporter (96)
[2015.11.01-19.00.16:998][431]LogModuleManager: Shutting down and abandoning module MeshPaint (95)
[2015.11.01-19.00.16:998][431]LogModuleManager: Shutting down and abandoning module SlateReflector (94)
[2015.11.01-19.00.16:998][431]LogModuleManager: Shutting down and abandoning module HotReload (93)
[2015.11.01-19.00.16:998][431]LogModuleManager: Shutting down and abandoning module MainFrame (92)
[2015.11.01-19.00.16:998][431]LogModuleManager: Shutting down and abandoning module LevelEditor (91)
[2015.11.01-19.00.16:999][431]LogModuleManager: Shutting down and abandoning module ContentBrowser (90)
[2015.11.01-19.00.17:000][431]LogModuleManager: Shutting down and abandoning module Paper2DEditor (89)
[2015.11.01-19.00.17:000][431]LogModuleManager: Shutting down and abandoning module UdpMessaging (88)
[2015.11.01-19.00.17:101][431]LogModuleManager: Shutting down and abandoning module DirectoryWatcher (87)
[2015.11.01-19.00.17:101][431]LogModuleManager: Shutting down and abandoning module AssetRegistry (86)
[2015.11.01-19.00.17:172][431]LogModuleManager: Shutting down and abandoning module SubstanceCore (85)
[2015.11.01-19.00.17:172][431]LogModuleManager: Shutting down and abandoning module LightPropagationVolumeRuntime (84)
[2015.11.01-19.00.17:172][431]LogModuleManager: Shutting down and abandoning module Paper2D (83)
[2015.11.01-19.00.17:172][431]LogModuleManager: Shutting down and abandoning module WindowsMoviePlayer (82)
[2015.11.01-19.00.17:177][431]LogModuleManager: Shutting down and abandoning module Media (81)
[2015.11.01-19.00.17:177][431]LogModuleManager: Shutting down and abandoning module WmfMedia (80)
[2015.11.01-19.00.17:177][431]LogModuleManager: Shutting down and abandoning module OnlineBlueprintSupport (79)
[2015.11.01-19.00.17:177][431]LogModuleManager: Shutting down and abandoning module GameplayTasksEditor (78)
[2015.11.01-19.00.17:177][431]LogModuleManager: Shutting down and abandoning module PropertyEditor (77)
[2015.11.01-19.00.17:177][431]LogModuleManager: Shutting down and abandoning module BehaviorTreeEditor (76)
[2015.11.01-19.00.17:177][431]LogModuleManager: Shutting down and abandoning module FunctionalTesting (75)
[2015.11.01-19.00.17:177][431]LogModuleManager: Shutting down and abandoning module CollisionAnalyzer (74)
[2015.11.01-19.00.17:177][431]LogModuleManager: Shutting down and abandoning module WorkspaceMenuStructure (73)
[2015.11.01-19.00.17:177][431]LogModuleManager: Shutting down and abandoning module MessageLog (72)
[2015.11.01-19.00.17:177][431]LogModuleManager: Shutting down and abandoning module Sequencer (71)
[2015.11.01-19.00.17:177][431]LogModuleManager: Shutting down and abandoning module AssetTools (70)
[2015.11.01-19.00.17:177][431]LogModuleManager: Shutting down and abandoning module UMGEditor (69)
[2015.11.01-19.00.17:177][431]LogModuleManager: Shutting down and abandoning module UMG (68)
[2015.11.01-19.00.17:177][431]LogModuleManager: Shutting down and abandoning module Slate (67)
[2015.11.01-19.00.17:177][431]LogModuleManager: Shutting down and abandoning module EditorStyle (66)
[2015.11.01-19.00.17:179][431]LogModuleManager: Shutting down and abandoning module SessionServices (65)
[2015.11.01-19.00.17:179][431]LogModuleManager: Shutting down and abandoning module SourceCodeAccess (64)
[2015.11.01-19.00.17:179][431]LogModuleManager: Shutting down and abandoning module HeadMountedDisplay (63)
[2015.11.01-19.00.17:179][431]LogModuleManager: Shutting down and abandoning module XAudio2 (62)
[2015.11.01-19.00.17:179][431]LogModuleManager: Shutting down and abandoning module Networking (60)
[2015.11.01-19.00.17:179][431]LogModuleManager: Shutting down and abandoning module Core (59)
[2015.11.01-19.00.17:179][431]LogModuleManager: Shutting down and abandoning module KismetCompiler (58)
[2015.11.01-19.00.17:179][431]LogModuleManager: Shutting down and abandoning module PhysXFormats (57)
[2015.11.01-19.00.17:179][431]LogModuleManager: Shutting down and abandoning module MeshUtilities (56)
[2015.11.01-19.00.17:179][431]LogModuleManager: Shutting down and abandoning module CookingStats (55)
[2015.11.01-19.00.17:181][431]LogModuleManager: Shutting down and abandoning module DerivedDataCache (54)
[2015.11.01-19.00.17:198][431]LogDerivedDataCache: Shutdown
[2015.11.01-19.00.17:198][431]LogModuleManager: Shutting down and abandoning module ShaderFormatOpenGL (53)
[2015.11.01-19.00.17:198][431]LogModuleManager: Shutting down and abandoning module ShaderFormatD3D (52)
[2015.11.01-19.00.17:198][431]LogModuleManager: Shutting down and abandoning module MetalShaderFormat (51)
[2015.11.01-19.00.17:198][431]LogModuleManager: Shutting down and abandoning module TextureFormatUncompressed (50)
[2015.11.01-19.00.17:198][431]LogModuleManager: Shutting down and abandoning module TextureFormatPVR (49)
[2015.11.01-19.00.17:198][431]LogModuleManager: Shutting down and abandoning module TextureFormatIntelISPCTexComp (48)
[2015.11.01-19.00.17:198][431]LogModuleManager: Shutting down and abandoning module TextureFormatDXT (47)
[2015.11.01-19.00.17:198][431]LogModuleManager: Shutting down and abandoning module ImageWrapper (46)
[2015.11.01-19.00.17:198][431]LogModuleManager: Shutting down and abandoning module TextureFormatASTC (45)
[2015.11.01-19.00.17:198][431]LogModuleManager: Shutting down and abandoning module TextureFormatAndroid (44)
[2015.11.01-19.00.17:198][431]LogModuleManager: Shutting down and abandoning module AudioFormatOpus (43)
[2015.11.01-19.00.17:198][431]LogModuleManager: Shutting down and abandoning module AudioFormatOgg (42)
[2015.11.01-19.00.17:198][431]LogModuleManager: Shutting down and abandoning module AudioFormatADPCM (41)
[2015.11.01-19.00.17:198][431]LogModuleManager: Shutting down and abandoning module LinuxTargetPlatform (40)
[2015.11.01-19.00.17:198][431]LogModuleManager: Shutting down and abandoning module LinuxServerTargetPlatform (39)
[2015.11.01-19.00.17:198][431]LogModuleManager: Shutting down and abandoning module LinuxNoEditorTargetPlatform (38)
[2015.11.01-19.00.17:198][431]LogModuleManager: Shutting down and abandoning module Messaging (37)
[2015.11.01-19.00.17:198][431]LogModuleManager: Shutting down and abandoning module IOSTargetPlatform (36)
[2015.11.01-19.00.17:198][431]LogModuleManager: Shutting down and abandoning module HTML5TargetPlatform (35)
[2015.11.01-19.00.17:198][431]LogModuleManager: Shutting down and abandoning module Android_PVRTCTargetPlatform (34)
[2015.11.01-19.00.17:198][431]LogModuleManager: Shutting down and abandoning module Android_ETC2TargetPlatform (33)
[2015.11.01-19.00.17:198][431]LogModuleManager: Shutting down and abandoning module Android_ETC1TargetPlatform (32)
[2015.11.01-19.00.17:198][431]LogModuleManager: Shutting down and abandoning module Android_DXTTargetPlatform (31)
[2015.11.01-19.00.17:198][431]LogModuleManager: Shutting down and abandoning module Android_ATCTargetPlatform (30)
[2015.11.01-19.00.17:198][431]LogModuleManager: Shutting down and abandoning module Android_ASTCTargetPlatform (29)
[2015.11.01-19.00.17:198][431]LogModuleManager: Shutting down and abandoning module AndroidTargetPlatform (28)
[2015.11.01-19.00.17:198][431]LogModuleManager: Shutting down and abandoning module WindowsTargetPlatform (27)
[2015.11.01-19.00.17:198][431]LogModuleManager: Shutting down and abandoning module WindowsServerTargetPlatform (26)
[2015.11.01-19.00.17:198][431]LogModuleManager: Shutting down and abandoning module WindowsNoEditorTargetPlatform (25)
[2015.11.01-19.00.17:198][431]LogModuleManager: Shutting down and abandoning module WindowsClientTargetPlatform (24)
[2015.11.01-19.00.17:198][431]LogModuleManager: Shutting down and abandoning module AllDesktopTargetPlatform (23)
[2015.11.01-19.00.17:198][431]LogModuleManager: Shutting down and abandoning module TargetPlatform (22)
[2015.11.01-19.00.17:198][431]LogModuleManager: Shutting down and abandoning module InputCore (21)
[2015.11.01-19.00.17:198][431]LogModuleManager: Shutting down and abandoning module Settings (20)
[2015.11.01-19.00.17:198][431]LogModuleManager: Shutting down and abandoning module OnlineSubsystem (18)
[2015.11.01-19.00.17:198][431]LogModuleManager: Shutting down and abandoning module HTTP (17)
[2015.11.01-19.00.19:201][431]LogModuleManager: Shutting down and abandoning module XMPP (16)
[2015.11.01-19.00.19:201][431]LogModuleManager: Shutting down and abandoning module ExampleDeviceProfileSelector (15)
[2015.11.01-19.00.19:201][431]LogModuleManager: Shutting down and abandoning module TextureCompressor (14)
[2015.11.01-19.00.19:201][431]LogModuleManager: Shutting down and abandoning module ShaderCore (13)
[2015.11.01-19.00.19:201][431]LogModuleManager: Shutting down and abandoning module Landscape (12)
[2015.11.01-19.00.19:201][431]LogModuleManager: Shutting down and abandoning module SlateRHIRenderer (11)
[2015.11.01-19.00.19:201][431]LogModuleManager: Shutting down and abandoning module OpenGLDrv (10)
[2015.11.01-19.00.19:201][431]LogModuleManager: Shutting down and abandoning module D3D11RHI (9)
[2015.11.01-19.00.19:201][431]LogModuleManager: Shutting down and abandoning module AnimGraphRuntime (8)
[2015.11.01-19.00.19:201][431]LogModuleManager: Shutting down and abandoning module Renderer (7)
[2015.11.01-19.00.19:201][431]LogModuleManager: Shutting down and abandoning module Engine (6)
[2015.11.01-19.00.19:201][431]LogModuleManager: Shutting down and abandoning module CoreUObject (5)
[2015.11.01-19.00.19:201][431]LogModuleManager: Shutting down and abandoning module NetworkFile (4)
[2015.11.01-19.00.19:201][431]LogModuleManager: Shutting down and abandoning module StreamingFile (3)
[2015.11.01-19.00.19:201][431]LogModuleManager: Shutting down and abandoning module SandboxFile (2)
[2015.11.01-19.00.19:201][431]LogModuleManager: Shutting down and abandoning module PakFile (1)
[2015.11.01-19.00.19:202][431]LogExit: Exiting.
[2015.11.01-19.00.19:203][431]Log file closed, 11/01/15 14:00:19
