[2015.10.21-22.35.11:518][  0]Log file open, 10/21/15 18:35:11
[2015.10.21-22.35.11:518][  0]LogInit:Display: Running engine for game: SuperSpaceArmada
[2015.10.21-22.35.11:518][  0]LogInit:Display: RandInit(533279018) SRandInit(533279018).
[2015.10.21-22.35.11:518][  0]LogTaskGraph: Started task graph with 4 named threads and 7 total threads.
[2015.10.21-22.35.11:518][  0]LogStats: Stats thread started at 0.080485
[2015.10.21-22.35.11:518][  0]LogInit: Version: 4.9.1-2689999+++depot+UE4-Releases+4.9
[2015.10.21-22.35.11:518][  0]LogInit: API Version: 2672455
[2015.10.21-22.35.11:518][  0]LogInit: Compiled (64-bit): Sep 14 2015 04:12:03
[2015.10.21-22.35.11:518][  0]LogInit: Compiled with Visual C++: 18.00.21005.01
[2015.10.21-22.35.11:518][  0]LogInit: Build Configuration: Development
[2015.10.21-22.35.11:518][  0]LogInit: Branch Name: ++depot+UE4-Releases+4.9
[2015.10.21-22.35.11:518][  0]LogInit: Command line:  
[2015.10.21-22.35.11:518][  0]LogInit: Base directory: C:/Program Files/Epic Games/4.9/Engine/Binaries/Win64/
[2015.10.21-22.35.11:518][  0]LogInit: Rocket: 1
[2015.10.21-22.35.11:531][  0]LogInit: Using libcurl 7.41.0
[2015.10.21-22.35.11:531][  0]LogInit:  - built for x86_64-pc-win32
[2015.10.21-22.35.11:531][  0]LogInit:  - supports SSL with WinSSL
[2015.10.21-22.35.11:531][  0]LogInit:  - other features:
[2015.10.21-22.35.11:531][  0]LogInit:      CURL_VERSION_SSL
[2015.10.21-22.35.11:531][  0]LogInit:      CURL_VERSION_IPV6
[2015.10.21-22.35.11:531][  0]LogInit:      CURL_VERSION_ASYNCHDNS
[2015.10.21-22.35.11:531][  0]LogInit:      CURL_VERSION_LARGEFILE
[2015.10.21-22.35.11:531][  0]LogInit:      CURL_VERSION_IDN
[2015.10.21-22.35.11:531][  0]LogInit:  CurlRequestOptions (configurable via config and command line):
[2015.10.21-22.35.11:531][  0]LogInit:  - bVerifyPeer = true  - Libcurl will verify peer certificate
[2015.10.21-22.35.11:531][  0]LogInit:  - bUseHttpProxy = false  - Libcurl will NOT use HTTP proxy
[2015.10.21-22.35.11:531][  0]LogInit:  - bDontReuseConnections = false  - Libcurl will reuse connections
[2015.10.21-22.35.11:531][  0]LogInit:  - CertBundlePath = nullptr  - Libcurl will use whatever was configured at build time.
[2015.10.21-22.35.11:540][  0]LogInit: Presizing for 0 objects not considered by GC, pre-allocating 0 bytes.
[2015.10.21-22.35.11:546][  0]LogInit: Object subsystem initialized
[2015.10.21-22.35.11:548][  0]LogInit: Selected Device Profile: [Windows]
[2015.10.21-22.35.11:548][  0]LogInit: Applying CVar settings loaded from the selected device profile: [Windows]
[2015.10.21-22.35.11:556][  0]LogInit: Computer: EXIA
[2015.10.21-22.35.11:556][  0]LogInit: User: SGJin
[2015.10.21-22.35.11:556][  0]LogInit: CPU Page size=4096, Cores=4
[2015.10.21-22.35.11:556][  0]LogInit: High frequency timer resolution =2.338348 MHz
[2015.10.21-22.35.11:556][  0]LogMemory: Memory total: Physical=7.9GB (8GB approx)
[2015.10.21-22.35.11:556][  0]LogMemory: Platform Memory Stats for Windows
[2015.10.21-22.35.11:556][  0]LogMemory: Process Physical Memory: 56.55 MB used, 56.55 MB peak
[2015.10.21-22.35.11:556][  0]LogMemory: Process Virtual Memory: 58.29 MB used, 58.29 MB peak
[2015.10.21-22.35.11:556][  0]LogMemory: Physical Memory: 3876.21 MB used, 8124.02 MB total
[2015.10.21-22.35.11:556][  0]LogMemory: Virtual Memory: 353.25 MB used, 134217728.00 MB total
[2015.10.21-22.35.11:600][  0]LogTextLocalizationManager: No specific translations for ('en-US') exist, so ('en') translations will be used.
[2015.10.21-22.35.12:405][  0]LogD3D11RHI: Found D3D11 adapter 0: NVIDIA GeForce GT 740M          (Feature Level 11_0)
[2015.10.21-22.35.12:405][  0]LogD3D11RHI: Adapter has 1997MB of dedicated video memory, 0MB of dedicated system memory, and 4062MB of shared system memory, 1 output[s]
[2015.10.21-22.35.12:411][  0]LogD3D11RHI: Found D3D11 adapter 1: Intel(R) HD Graphics 4600 (Feature Level 11_0)
[2015.10.21-22.35.12:411][  0]LogD3D11RHI: Adapter has 112MB of dedicated video memory, 0MB of dedicated system memory, and 4062MB of shared system memory, 0 output[s]
[2015.10.21-22.35.12:413][  0]LogD3D11RHI: Found D3D11 adapter 2: Microsoft Basic Render Driver (Feature Level 11_0)
[2015.10.21-22.35.12:413][  0]LogD3D11RHI: Adapter has 0MB of dedicated video memory, 0MB of dedicated system memory, and 4062MB of shared system memory, 0 output[s]
[2015.10.21-22.35.12:413][  0]LogD3D11RHI: Chosen D3D11 Adapter Id = 0
[2015.10.21-22.35.12:418][  0]LogD3D11RHI: !Direct3DDevice
[2015.10.21-22.35.12:418][  0]LogRHI: Texture pool is 1361 MB (70% of 1945 MB)
[2015.10.21-22.35.12:431][  0]LogD3D11RHI: Async texture creation enabled
[2015.10.21-22.35.12:448][  0]LogShaderCompilers: Guid format shader working directory is 14 characters bigger than the processId version (../../../../../../Users/Jin/Desktop/Game-Files/Game-Files/SuperSpaceArmada/Intermediate/Shaders/WorkingDirectory/12624/).
[2015.10.21-22.35.12:448][  0]LogShaderCompilers: Cleaned the shader compiler working directory '../../../../../../Users/Jin/Desktop/Game-Files/Game-Files/SuperSpaceArmada/Intermediate/Shaders/tmp/CC8BC86947F729488C70AC8B38F23239/'.
[2015.10.21-22.35.12:448][  0]LogShaderCompilers:Display: Using Local Shader Compiler.
[2015.10.21-22.35.13:712][  0]LogTemp:Display: Loaded TP AllDesktopTargetPlatform
[2015.10.21-22.35.13:719][  0]LogTemp:Display: Loaded TP WindowsClientTargetPlatform
[2015.10.21-22.35.13:725][  0]LogTemp:Display: Loaded TP WindowsNoEditorTargetPlatform
[2015.10.21-22.35.13:731][  0]LogTemp:Display: Loaded TP WindowsServerTargetPlatform
[2015.10.21-22.35.13:738][  0]LogTemp:Display: Loaded TP WindowsTargetPlatform
[2015.10.21-22.35.13:742][  0]LogTemp:Display: Loaded TP AndroidTargetPlatform
[2015.10.21-22.35.13:745][  0]LogTemp:Display: Loaded TP Android_ASTCTargetPlatform
[2015.10.21-22.35.13:749][  0]LogTemp:Display: Loaded TP Android_ATCTargetPlatform
[2015.10.21-22.35.13:753][  0]LogTemp:Display: Loaded TP Android_DXTTargetPlatform
[2015.10.21-22.35.13:757][  0]LogTemp:Display: Loaded TP Android_ETC1TargetPlatform
[2015.10.21-22.35.13:761][  0]LogTemp:Display: Loaded TP Android_ETC2TargetPlatform
[2015.10.21-22.35.13:766][  0]LogTemp:Display: Loaded TP Android_PVRTCTargetPlatform
[2015.10.21-22.35.13:766][  0]LogTemp:Display: Loaded TP HTML5TargetPlatform
[2015.10.21-22.35.13:785][  0]LogTemp:Display: Loaded TP IOSTargetPlatform
[2015.10.21-22.35.13:789][  0]LogTemp:Display: Loaded TP LinuxNoEditorTargetPlatform
[2015.10.21-22.35.13:793][  0]LogTemp:Display: Loaded TP LinuxServerTargetPlatform
[2015.10.21-22.35.13:797][  0]LogTemp:Display: Loaded TP LinuxTargetPlatform
[2015.10.21-22.35.13:797][  0]LogTargetPlatformManager:Display: Building Assets For Windows
[2015.10.21-22.35.13:920][  0]LogDerivedDataCache:Display: Max Cache Size: 512 MB
[2015.10.21-22.35.13:962][  0]LogDerivedDataCache: Loaded boot cache 0.04s 41MB C:/Users/Jin/AppData/Local/UnrealEngine/4.9/DerivedDataCache/Boot.ddc.
[2015.10.21-22.35.13:962][  0]LogDerivedDataCache:Display: Loaded Boot cache: C:/Users/Jin/AppData/Local/UnrealEngine/4.9/DerivedDataCache/Boot.ddc
[2015.10.21-22.35.13:962][  0]LogDerivedDataCache: FDerivedDataBackendGraph:  Pak pak cache file ../../../../../../Users/Jin/Desktop/Game-Files/Game-Files/SuperSpaceArmada/DerivedDataCache/DDC.ddp not found, will not use a pak cache.
[2015.10.21-22.35.13:962][  0]LogDerivedDataCache: Unable to find inner node Pak for hierarchical cache Hierarchy.
[2015.10.21-22.35.13:962][  0]LogDerivedDataCache: FDerivedDataBackendGraph:  CompressedPak pak cache file ../../../../../../Users/Jin/Desktop/Game-Files/Game-Files/SuperSpaceArmada/DerivedDataCache/Compressed.ddp not found, will not use a pak cache.
[2015.10.21-22.35.13:962][  0]LogDerivedDataCache: Unable to find inner node CompressedPak for hierarchical cache Hierarchy.
[2015.10.21-22.35.14:119][  0]LogDerivedDataCache:Display: Pak cache opened for reading ../../../Engine/DerivedDataCache/Compressed.ddp.
[2015.10.21-22.35.14:131][  0]LogDerivedDataCache: Using Local data cache path C:/Users/Jin/AppData/Local/UnrealEngine/Common/DerivedDataCache: Writable
[2015.10.21-22.35.14:360][  0]LogInit: Selected Device Profile: [Windows]
[2015.10.21-22.35.14:363][  0]LogContentStreaming: Texture pool size is 0.000000MB
[2015.10.21-22.35.14:493][  0]LogMeshUtilities: No automatic mesh reduction module available
[2015.10.21-22.35.14:493][  0]LogMeshUtilities: No automatic mesh merging module available
[2015.10.21-22.35.14:749][  0]LogInit: WinSock: version 1.1 (2.2), MaxSocks=32767, MaxUdp=65467
[2015.10.21-22.35.15:766][  0]LogAssetRegistry: FAssetRegistry took 0.0108 seconds to start up
[2015.10.21-22.35.15:793][  0]UdpMessaging: Initializing bridge on interface 0.0.0.0:0 to multicast group 230.0.0.1:6666.
[2015.10.21-22.35.16:193][  0]SourceControl: Info Source control is disabled
[2015.10.21-22.35.16:239][  0]SourceControl: Info Source control is disabled
[2015.10.21-22.35.16:255][  0]SourceControl: Info Source control is disabled
[2015.10.21-22.35.16:269][  0]SourceControl: Info Source control is disabled
[2015.10.21-22.35.16:471][  0]LogLinker:Warning: Asset '../../../Engine/Plugins/Runtime/LeapMotionController/Content/LM_PassthroughMaterial.uasset' has been saved with empty engine version. The asset will be loaded but may be incompatible.
[2015.10.21-22.35.16:610][  0]LogObj: 28528 objects as part of root set at end of initial load.
[2015.10.21-22.35.16:610][  0]LogUObjectAllocator: 6068456 out of 0 bytes used by permanent object pool.
[2015.10.21-22.35.16:673][  0]LogEngine: Initializing Engine...
[2015.10.21-22.35.16:677][  0]LogHMD: Can't find Oculus library dev build: is proper Runtime installed? Version: 0.7.0.0
[2015.10.21-22.35.16:678][  0]LogHMD: SteamVR failed to initialize.  Err: 110
[2015.10.21-22.35.16:825][  0]LogAIModule: Creating AISystem for world NewWorld
[2015.10.21-22.35.16:833][  0]LogInit: XAudio2 using 'Speakers / HP (IDT High Definition Audio CODEC)' : 2 channels at 48 kHz using 16 bits per sample (channel mask 0x3)
[2015.10.21-22.35.16:849][  0]LogInit: FAudioDevice initialized.
[2015.10.21-22.35.16:874][  0]LogDerivedDataCache: Saved boot cache 0.03s 41MB C:/Users/Jin/AppData/Local/UnrealEngine/4.9/DerivedDataCache/Boot.ddc.
[2015.10.21-22.35.16:877][  0]LogInit: Texture streaming: Enabled
[2015.10.21-22.35.16:885][  0]LogAnalytics: Creating configured Analytics provider AnalyticsET
[2015.10.21-22.35.16:885][  0]LogAnalytics: [UEEditor.Rocket.Release] APIServer = http://et2.epicgames.com/ET2/. AppVersion = 4.9.1-2689999+++depot+UE4-Releases+4.9
[2015.10.21-22.35.16:885][  0]LogAnalytics: [UEEditor.Rocket.Release] SetUserId 435ea4a8489b84c6f4feaab84cbae6c8|e03effeb7bdf4ddc9c712682a578c51b|8a2a019e-36d5-4c55-97e1-833141022920
[2015.10.21-22.35.16:885][  0]LogAnalytics: [UEEditor.Rocket.Release] AnalyticsET::StartSession
[2015.10.21-22.35.16:900][  0]LogWindowsTextInputMethodSystem:Display: IME system now deactivated.
[2015.10.21-22.35.16:957][  0]LogInit: Transaction tracking system initialized
[2015.10.21-22.35.17:018][  0]BlueprintLog: New page: Editor Load
[2015.10.21-22.35.17:149][  0]LocalizationService: Info Localization service is disabled
[2015.10.21-22.35.17:248][  0]LogConsoleResponse:Display: 
[2015.10.21-22.35.17:381][  0]LogCook:Display: Done creating registry. It took  0.00s.
[2015.10.21-22.35.17:461][  0]LogFileCache: Scanning file cache for directory 'C:/Users/Jin/Desktop/Game-Files/Game-Files/SuperSpaceArmada/Content/' took 0.02s
[2015.10.21-22.35.17:461][  0]SourceControl: Info Source control is disabled
[2015.10.21-22.35.17:461][  0]Cmd: MAP LOAD FILE="../../../../../../Users/Jin/Desktop/Game-Files/Game-Files/SuperSpaceArmada/Content/SSA/Maps/Home_Kratakos.umap" TEMPLATE=0 SHOWPROGRESS=1 FEATURELEVEL=3
[2015.10.21-22.35.17:462][  0]LightingResults: New page: Lighting Build
[2015.10.21-22.35.17:466][  0]MapCheck: New page: Map Check
[2015.10.21-22.35.17:466][  0]LightingResults: New page: Lighting Build
[2015.10.21-22.35.17:477][  0]LogParticles: Destroying 0 GPU particle simulations for FXSystem 0x000000F79628D620
[2015.10.21-22.35.17:550][  0]LogLinker:Warning: Asset '../../../../../../Users/Jin/Desktop/Game-Files/Game-Files/SuperSpaceArmada/Content/Mannequin/Animations/ThirdPerson_AnimBP.uasset' has been saved with empty engine version. The asset will be loaded but may be incompatible.
[2015.10.21-22.35.17:551][  0]LogLinker:Warning: Asset '../../../../../../Users/Jin/Desktop/Game-Files/Game-Files/SuperSpaceArmada/Content/Mannequin/Animations/ThirdPerson_Jump.uasset' has been saved with empty engine version. The asset will be loaded but may be incompatible.
[2015.10.21-22.35.17:553][  0]LogLinker:Warning: Asset '../../../../../../Users/Jin/Desktop/Game-Files/Game-Files/SuperSpaceArmada/Content/Mannequin/Animations/ThirdPersonJump_Loop.uasset' has been saved with empty engine version. The asset will be loaded but may be incompatible.
[2015.10.21-22.35.17:554][  0]LogLinker:Warning: Asset '../../../../../../Users/Jin/Desktop/Game-Files/Game-Files/SuperSpaceArmada/Content/Mannequin/Animations/ThirdPersonJump_Start.uasset' has been saved with empty engine version. The asset will be loaded but may be incompatible.
[2015.10.21-22.35.17:555][  0]LogLinker:Warning: Asset '../../../../../../Users/Jin/Desktop/Game-Files/Game-Files/SuperSpaceArmada/Content/Mannequin/Animations/ThirdPerson_IdleRun_2D.uasset' has been saved with empty engine version. The asset will be loaded but may be incompatible.
[2015.10.21-22.35.17:556][  0]LogLinker:Warning: Asset '../../../../../../Users/Jin/Desktop/Game-Files/Game-Files/SuperSpaceArmada/Content/Mannequin/Animations/ThirdPersonIdle.uasset' has been saved with empty engine version. The asset will be loaded but may be incompatible.
[2015.10.21-22.35.17:557][  0]LogLinker:Warning: Asset '../../../../../../Users/Jin/Desktop/Game-Files/Game-Files/SuperSpaceArmada/Content/Mannequin/Animations/ThirdPersonRun.uasset' has been saved with empty engine version. The asset will be loaded but may be incompatible.
[2015.10.21-22.35.17:558][  0]LogLinker:Warning: Asset '../../../../../../Users/Jin/Desktop/Game-Files/Game-Files/SuperSpaceArmada/Content/Mannequin/Animations/ThirdPersonWalk.uasset' has been saved with empty engine version. The asset will be loaded but may be incompatible.
[2015.10.21-22.35.20:349][  0]LogLinker:Warning: Can't find file '/Game/Geometry/Meshes/1M_Cube'
[2015.10.21-22.35.20:349][  0]LogLinker:Warning: Can't find file for asset '/Game/Geometry/Meshes/1M_Cube' while loading ../../../../../../Users/Jin/Desktop/Game-Files/Game-Files/SuperSpaceArmada/Content/SSA/Blueprints/Objects/Crystal_Spawner.uasset.
[2015.10.21-22.35.20:350][  0]LoadErrors:Error: Error /Game/SSA/Blueprints/Objects/Crystal_Spawner : Can't find file for asset. /Game/Geometry/Meshes/1M_Cube
[2015.10.21-22.35.20:351][  0]LogLinker:Warning: Can't find file '/Game/Geometry/Meshes/1M_Cube'
[2015.10.21-22.35.20:351][  0]LogLinker:Warning: Can't find file for asset '/Game/Geometry/Meshes/1M_Cube' while loading ../../../../../../Users/Jin/Desktop/Game-Files/Game-Files/SuperSpaceArmada/Content/SSA/Blueprints/Objects/Crystal_Spawner.uasset.
[2015.10.21-22.35.20:351][  0]LoadErrors:Error: Error /Game/SSA/Blueprints/Objects/Crystal_Spawner : Can't find file for asset. /Game/Geometry/Meshes/1M_Cube
[2015.10.21-22.35.20:353][  0]LogLinker:Warning: Can't find file '/Game/Geometry/Meshes/1M_Cube'
[2015.10.21-22.35.20:353][  0]LogLinker:Warning: Can't find file for asset '/Game/Geometry/Meshes/1M_Cube' while loading ../../../../../../Users/Jin/Desktop/Game-Files/Game-Files/SuperSpaceArmada/Content/SSA/Maps/Home_Kratakos.umap.
[2015.10.21-22.35.20:353][  0]LoadErrors:Error: Error /Game/SSA/Maps/Home_Kratakos : Can't find file for asset. /Game/Geometry/Meshes/1M_Cube
[2015.10.21-22.35.20:353][  0]LogLinker:Warning: Can't find file '/Game/Geometry/Meshes/1M_Cube'
[2015.10.21-22.35.20:354][  0]LogLinker:Warning: Can't find file for asset '/Game/Geometry/Meshes/1M_Cube' while loading ../../../../../../Users/Jin/Desktop/Game-Files/Game-Files/SuperSpaceArmada/Content/SSA/Maps/Home_Kratakos.umap.
[2015.10.21-22.35.20:354][  0]LoadErrors:Error: Error /Game/SSA/Maps/Home_Kratakos : Can't find file for asset. /Game/Geometry/Meshes/1M_Cube
[2015.10.21-22.35.20:354][  0]LogLinker:Warning: Can't find file '/Game/Geometry/Meshes/1M_Cube'
[2015.10.21-22.35.20:354][  0]LoadErrors: Info Failed to load /Game/Geometry/Meshes/1M_Cube.1M_Cube Referenced by StaticMeshComponent0
[2015.10.21-22.35.20:355][  0]LogLinker:Warning: Can't find file for asset '/Game/Geometry/Meshes/1M_Cube' while loading ../../../../../../Users/Jin/Desktop/Game-Files/Game-Files/SuperSpaceArmada/Content/SSA/Maps/Home_Kratakos.umap.
[2015.10.21-22.35.20:355][  0]LoadErrors: Info Failed to load /Game/Geometry/Meshes/1M_Cube.1M_Cube Referenced by StaticMeshComponent0
[2015.10.21-22.35.20:355][  0]LoadErrors:Error: Error /Game/SSA/Maps/Home_Kratakos : Can't find file for asset. /Game/Geometry/Meshes/1M_Cube
[2015.10.21-22.35.21:749][  0]LogAIModule: Creating AISystem for world Home_Kratakos
[2015.10.21-22.35.21:760][  0]LogEditorServer: Finished looking for orphan Actors (0.000 secs)
[2015.10.21-22.35.21:761][  0]Cmd: MAP CHECKDEP NOCLEARLOG
[2015.10.21-22.35.21:965][  0]MapCheck: Info Map check complete: 0 Error(s), 0 Warning(s), took 202.894ms to complete.
[2015.10.21-22.35.21:965][  0]LogFileHelpers: Loading map 'Home_Kratakos' took 4.503
[2015.10.21-22.35.22:080][  0]LogCollectionManager: Loaded 0 collections in 0.003090 seconds
[2015.10.21-22.35.22:124][  0]LogFileCache: Scanning file cache for directory 'C:/Users/Jin/Desktop/Game-Files/Game-Files/SuperSpaceArmada/Saved/Collections/' took 0.01s
[2015.10.21-22.35.22:124][  0]LogFileCache: Scanning file cache for directory 'C:/Users/Jin/Desktop/Game-Files/Game-Files/SuperSpaceArmada/Content/Developers/SGJin/Collections/' took 0.01s
[2015.10.21-22.35.22:124][  0]LogFileCache: Scanning file cache for directory 'C:/Users/Jin/Desktop/Game-Files/Game-Files/SuperSpaceArmada/Content/Collections/' took 0.01s
[2015.10.21-22.35.22:124][  0]LogContentBrowser: Native class hierarchy populated in 0.0079 seconds. Added 1882 classes and 339 folders.
[2015.10.21-22.35.22:130][  0]LogCollectionManager: Rebuilt the GUID cache for 0 collections in 0.000003 seconds
[2015.10.21-22.35.22:140][  0]LogContentBrowser: Native class hierarchy updated for 'WidgetCarousel' in 0.0005 seconds. Added 0 classes and 0 folders.
[2015.10.21-22.35.22:219][  0]LogContentBrowser: Native class hierarchy updated for 'AddContentDialog' in 0.0007 seconds. Added 0 classes and 0 folders.
[2015.10.21-22.35.22:224][  0]LogContentBrowser: Native class hierarchy updated for 'SceneOutliner' in 0.0004 seconds. Added 1 classes and 2 folders.
[2015.10.21-22.35.22:261][  0]LogCrashTracker: Crashtracker disabled due to settings.
[2015.10.21-22.35.22:266][  0]LogUObjectGlobals:Warning: Failed to find object 'Class None.'
[2015.10.21-22.35.22:288][  0]LogLoad: Full Startup: 11.40 seconds (BP compile: 1.43 seconds)
[2015.10.21-22.35.22:369][  0]LogContentStreaming: Texture pool size now 1000 MB
[2015.10.21-22.35.22:526][  0]LogRenderer: Reallocating scene render targets to support 1156x564 (Frame:2).
[2015.10.21-22.35.23:473][ 12]LogLinker:Warning: Asset '../../../Engine/Content/ArtTools/RenderToTexture/Macros/RenderToTextureMacros.uasset' has been saved with empty engine version. The asset will be loaded but may be incompatible.
[2015.10.21-22.35.24:091][ 12]LogContentBrowser: Native class hierarchy updated for 'BlueprintGraph' in 0.0008 seconds. Added 107 classes and 0 folders.
[2015.10.21-22.35.26:614][ 18]LogAssetRegistry: Asset discovery search completed in 10.8590 seconds
[2015.10.21-22.35.26:614][ 18]LogCollectionManager: Rebuilt the object cache for 0 collections in 0.000002 seconds (found 0 objects)
[2015.10.21-22.35.26:614][ 18]LogCollectionManager: Fixed up redirectors for 0 collections in 0.000033 seconds (updated 0 objects)
[2015.10.21-22.35.58:423][240]LogWindows:Error: Windows GetLastError: The operation completed successfully. (0)
[2015.10.21-22.36.01:428][240]LogCrashTracker: 


[2015.10.21-22.36.01:428][240]LogCrashTracker: 


[2015.10.21-22.36.01:428][240]LogWindows: === Critical error: ===
Fatal error: [File:D:\BuildFarm\buildmachine_++depot+UE4-Releases+4.9\Engine\Source\Runtime\CoreUObject\Private\Templates\Casts.cpp] [Line: 11] 
Cast of Package /Engine/Transient to Level failed




[2015.10.21-22.36.01:668][240]LogExit: Executing StaticShutdownAfterError
[2015.10.21-22.36.01:675][240]LogPhysics:Warning: PHYSX: ..\..\PhysX\src\NpScene.cpp (2946) 8 : PxScene::unlockWrite() called without matching call to PxScene::lockWrite(), behaviour will be undefined.
[2015.10.21-22.36.01:675][240]LogPhysics:Warning: PHYSX: ..\..\PhysX\src\NpScene.cpp (2946) 8 : PxScene::unlockWrite() called without matching call to PxScene::lockWrite(), behaviour will be undefined.
[2015.10.21-22.36.01:676][240]LogPhysics:Warning: PHYSX: ..\..\PhysX\src\NpScene.cpp (2946) 8 : PxScene::unlockWrite() called without matching call to PxScene::lockWrite(), behaviour will be undefined.
[2015.10.21-22.36.01:676][240]LogPhysics:Warning: PHYSX: ..\..\PhysX\src\NpScene.cpp (2946) 8 : PxScene::unlockWrite() called without matching call to PxScene::lockWrite(), behaviour will be undefined.
[2015.10.21-22.36.01:676][240]LogPhysics:Warning: PHYSX: ..\..\PhysX\src\NpScene.cpp (2946) 8 : PxScene::unlockWrite() called without matching call to PxScene::lockWrite(), behaviour will be undefined.
[2015.10.21-22.36.01:676][240]LogPhysics:Warning: PHYSX: ..\..\PhysX\src\NpScene.cpp (2946) 8 : PxScene::unlockWrite() called without matching call to PxScene::lockWrite(), behaviour will be undefined.
[2015.10.21-22.36.01:676][240]LogPhysics:Warning: PHYSX: ..\..\PhysX\src\NpScene.cpp (2946) 8 : PxScene::unlockWrite() called without matching call to PxScene::lockWrite(), behaviour will be undefined.
[2015.10.21-22.36.01:676][240]LogPhysics:Warning: PHYSX: ..\..\PhysX\src\NpScene.cpp (2946) 8 : PxScene::unlockWrite() called without matching call to PxScene::lockWrite(), behaviour will be undefined.
[2015.10.21-22.36.01:676][240]LogPhysics:Warning: PHYSX: ..\..\PhysX\src\NpScene.cpp (2946) 8 : PxScene::unlockWrite() called without matching call to PxScene::lockWrite(), behaviour will be undefined.
[2015.10.21-22.36.01:676][240]LogPhysics:Warning: PHYSX: ..\..\PhysX\src\NpScene.cpp (2946) 8 : PxScene::unlockWrite() called without matching call to PxScene::lockWrite(), behaviour will be undefined.
[2015.10.21-22.36.01:677][240]LogPhysics:Warning: PHYSX: ..\..\PhysX\src\NpScene.cpp (2946) 8 : PxScene::unlockWrite() called without matching call to PxScene::lockWrite(), behaviour will be undefined.
[2015.10.21-22.36.01:677][240]LogPhysics:Warning: PHYSX: ..\..\PhysX\src\NpScene.cpp (2946) 8 : PxScene::unlockWrite() called without matching call to PxScene::lockWrite(), behaviour will be undefined.
[2015.10.21-22.36.01:677][240]LogWindows: FPlatformMisc::RequestExit(1)
[2015.10.21-22.36.01:677][240]Log file closed, 10/21/15 18:36:01
