[2015.10.19-21.30.39:623][  0]Log file open, 10/19/15 17:30:39
[2015.10.19-21.30.39:623][  0]LogInit:Display: Running engine for game: SuperSpaceArmada
[2015.10.19-21.30.39:623][  0]LogInit:Display: RandInit(-544331191) SRandInit(-544331191).
[2015.10.19-21.30.39:623][  0]LogTaskGraph: Started task graph with 4 named threads and 7 total threads.
[2015.10.19-21.30.39:623][  0]LogStats: Stats thread started at 0.082309
[2015.10.19-21.30.39:623][  0]LogInit: Version: 4.9.1-2689999+++depot+UE4-Releases+4.9
[2015.10.19-21.30.39:623][  0]LogInit: API Version: 2672455
[2015.10.19-21.30.39:623][  0]LogInit: Compiled (64-bit): Sep 14 2015 04:12:03
[2015.10.19-21.30.39:623][  0]LogInit: Compiled with Visual C++: 18.00.21005.01
[2015.10.19-21.30.39:623][  0]LogInit: Build Configuration: Development
[2015.10.19-21.30.39:623][  0]LogInit: Branch Name: ++depot+UE4-Releases+4.9
[2015.10.19-21.30.39:623][  0]LogInit: Command line:  
[2015.10.19-21.30.39:623][  0]LogInit: Base directory: C:/Program Files/Epic Games/4.9/Engine/Binaries/Win64/
[2015.10.19-21.30.39:623][  0]LogInit: Rocket: 1
[2015.10.19-21.30.39:728][  0]LogInit: Using libcurl 7.41.0
[2015.10.19-21.30.39:728][  0]LogInit:  - built for x86_64-pc-win32
[2015.10.19-21.30.39:728][  0]LogInit:  - supports SSL with WinSSL
[2015.10.19-21.30.39:728][  0]LogInit:  - other features:
[2015.10.19-21.30.39:728][  0]LogInit:      CURL_VERSION_SSL
[2015.10.19-21.30.39:728][  0]LogInit:      CURL_VERSION_IPV6
[2015.10.19-21.30.39:728][  0]LogInit:      CURL_VERSION_ASYNCHDNS
[2015.10.19-21.30.39:728][  0]LogInit:      CURL_VERSION_LARGEFILE
[2015.10.19-21.30.39:728][  0]LogInit:      CURL_VERSION_IDN
[2015.10.19-21.30.39:728][  0]LogInit:  CurlRequestOptions (configurable via config and command line):
[2015.10.19-21.30.39:728][  0]LogInit:  - bVerifyPeer = true  - Libcurl will verify peer certificate
[2015.10.19-21.30.39:728][  0]LogInit:  - bUseHttpProxy = false  - Libcurl will NOT use HTTP proxy
[2015.10.19-21.30.39:728][  0]LogInit:  - bDontReuseConnections = false  - Libcurl will reuse connections
[2015.10.19-21.30.39:728][  0]LogInit:  - CertBundlePath = nullptr  - Libcurl will use whatever was configured at build time.
[2015.10.19-21.30.39:736][  0]LogInit: Presizing for 0 objects not considered by GC, pre-allocating 0 bytes.
[2015.10.19-21.30.39:743][  0]LogInit: Object subsystem initialized
[2015.10.19-21.30.39:744][  0]LogInit: Selected Device Profile: [Windows]
[2015.10.19-21.30.39:744][  0]LogInit: Applying CVar settings loaded from the selected device profile: [Windows]
[2015.10.19-21.30.39:751][  0]LogInit: Computer: EXIA
[2015.10.19-21.30.39:751][  0]LogInit: User: SGJin
[2015.10.19-21.30.39:751][  0]LogInit: CPU Page size=4096, Cores=4
[2015.10.19-21.30.39:751][  0]LogInit: High frequency timer resolution =2.338346 MHz
[2015.10.19-21.30.39:751][  0]LogMemory: Memory total: Physical=7.9GB (8GB approx)
[2015.10.19-21.30.39:751][  0]LogMemory: Platform Memory Stats for Windows
[2015.10.19-21.30.39:751][  0]LogMemory: Process Physical Memory: 55.11 MB used, 55.11 MB peak
[2015.10.19-21.30.39:751][  0]LogMemory: Process Virtual Memory: 59.38 MB used, 59.38 MB peak
[2015.10.19-21.30.39:751][  0]LogMemory: Physical Memory: 3613.89 MB used, 8124.02 MB total
[2015.10.19-21.30.39:751][  0]LogMemory: Virtual Memory: 368.63 MB used, 134217728.00 MB total
[2015.10.19-21.30.39:798][  0]LogTextLocalizationManager: No specific translations for ('en-US') exist, so ('en') translations will be used.
[2015.10.19-21.30.40:882][  0]LogD3D11RHI: Found D3D11 adapter 0: NVIDIA GeForce GT 740M          (Feature Level 11_0)
[2015.10.19-21.30.40:882][  0]LogD3D11RHI: Adapter has 1997MB of dedicated video memory, 0MB of dedicated system memory, and 4062MB of shared system memory, 1 output[s]
[2015.10.19-21.30.40:888][  0]LogD3D11RHI: Found D3D11 adapter 1: Intel(R) HD Graphics 4600 (Feature Level 11_0)
[2015.10.19-21.30.40:888][  0]LogD3D11RHI: Adapter has 112MB of dedicated video memory, 0MB of dedicated system memory, and 4062MB of shared system memory, 0 output[s]
[2015.10.19-21.30.40:889][  0]LogD3D11RHI: Found D3D11 adapter 2: Microsoft Basic Render Driver (Feature Level 11_0)
[2015.10.19-21.30.40:889][  0]LogD3D11RHI: Adapter has 0MB of dedicated video memory, 0MB of dedicated system memory, and 4062MB of shared system memory, 0 output[s]
[2015.10.19-21.30.40:889][  0]LogD3D11RHI: Chosen D3D11 Adapter Id = 0
[2015.10.19-21.30.40:894][  0]LogD3D11RHI: !Direct3DDevice
[2015.10.19-21.30.40:894][  0]LogRHI: Texture pool is 1361 MB (70% of 1945 MB)
[2015.10.19-21.30.40:907][  0]LogD3D11RHI: Async texture creation enabled
[2015.10.19-21.30.40:925][  0]LogShaderCompilers: Guid format shader working directory is 15 characters bigger than the processId version (../../../../../../Users/Jin/Documents/GitHub/Game-Files/SuperSpaceArmada/Intermediate/Shaders/WorkingDirectory/2892/).
[2015.10.19-21.30.40:926][  0]LogShaderCompilers: Cleaned the shader compiler working directory '../../../../../../Users/Jin/Documents/GitHub/Game-Files/SuperSpaceArmada/Intermediate/Shaders/tmp/CEB3BA8647E7F9FAFDFAE78301FB319C/'.
[2015.10.19-21.30.40:926][  0]LogShaderCompilers:Display: Using Local Shader Compiler.
[2015.10.19-21.30.44:680][  0]LogTemp:Display: Loaded TP AllDesktopTargetPlatform
[2015.10.19-21.30.44:687][  0]LogTemp:Display: Loaded TP WindowsClientTargetPlatform
[2015.10.19-21.30.44:693][  0]LogTemp:Display: Loaded TP WindowsNoEditorTargetPlatform
[2015.10.19-21.30.44:700][  0]LogTemp:Display: Loaded TP WindowsServerTargetPlatform
[2015.10.19-21.30.44:708][  0]LogTemp:Display: Loaded TP WindowsTargetPlatform
[2015.10.19-21.30.44:713][  0]LogTemp:Display: Loaded TP AndroidTargetPlatform
[2015.10.19-21.30.44:716][  0]LogTemp:Display: Loaded TP Android_ASTCTargetPlatform
[2015.10.19-21.30.44:721][  0]LogTemp:Display: Loaded TP Android_ATCTargetPlatform
[2015.10.19-21.30.44:725][  0]LogTemp:Display: Loaded TP Android_DXTTargetPlatform
[2015.10.19-21.30.44:730][  0]LogTemp:Display: Loaded TP Android_ETC1TargetPlatform
[2015.10.19-21.30.44:734][  0]LogTemp:Display: Loaded TP Android_ETC2TargetPlatform
[2015.10.19-21.30.44:738][  0]LogTemp:Display: Loaded TP Android_PVRTCTargetPlatform
[2015.10.19-21.30.44:739][  0]LogTemp:Display: Loaded TP HTML5TargetPlatform
[2015.10.19-21.30.44:758][  0]LogTemp:Display: Loaded TP IOSTargetPlatform
[2015.10.19-21.30.44:762][  0]LogTemp:Display: Loaded TP LinuxNoEditorTargetPlatform
[2015.10.19-21.30.44:767][  0]LogTemp:Display: Loaded TP LinuxServerTargetPlatform
[2015.10.19-21.30.44:772][  0]LogTemp:Display: Loaded TP LinuxTargetPlatform
[2015.10.19-21.30.44:772][  0]LogTargetPlatformManager:Display: Building Assets For Windows
[2015.10.19-21.30.44:902][  0]LogDerivedDataCache:Display: Max Cache Size: 512 MB
[2015.10.19-21.30.48:360][  0]LogDerivedDataCache: Loaded boot cache 3.46s 41MB C:/Users/Jin/AppData/Local/UnrealEngine/4.9/DerivedDataCache/Boot.ddc.
[2015.10.19-21.30.48:360][  0]LogDerivedDataCache:Display: Loaded Boot cache: C:/Users/Jin/AppData/Local/UnrealEngine/4.9/DerivedDataCache/Boot.ddc
[2015.10.19-21.30.48:360][  0]LogDerivedDataCache: FDerivedDataBackendGraph:  Pak pak cache file ../../../../../../Users/Jin/Documents/GitHub/Game-Files/SuperSpaceArmada/DerivedDataCache/DDC.ddp not found, will not use a pak cache.
[2015.10.19-21.30.48:360][  0]LogDerivedDataCache: Unable to find inner node Pak for hierarchical cache Hierarchy.
[2015.10.19-21.30.48:360][  0]LogDerivedDataCache: FDerivedDataBackendGraph:  CompressedPak pak cache file ../../../../../../Users/Jin/Documents/GitHub/Game-Files/SuperSpaceArmada/DerivedDataCache/Compressed.ddp not found, will not use a pak cache.
[2015.10.19-21.30.48:360][  0]LogDerivedDataCache: Unable to find inner node CompressedPak for hierarchical cache Hierarchy.
[2015.10.19-21.30.48:711][  0]LogDerivedDataCache:Display: Pak cache opened for reading ../../../Engine/DerivedDataCache/Compressed.ddp.
[2015.10.19-21.30.48:724][  0]LogDerivedDataCache: Using Local data cache path C:/Users/Jin/AppData/Local/UnrealEngine/Common/DerivedDataCache: Writable
[2015.10.19-21.31.03:820][  0]LogInit: Selected Device Profile: [Windows]
[2015.10.19-21.31.03:881][  0]LogContentStreaming: Texture pool size is 0.000000MB
[2015.10.19-21.31.05:553][  0]LogMeshUtilities: No automatic mesh reduction module available
[2015.10.19-21.31.05:553][  0]LogMeshUtilities: No automatic mesh merging module available
[2015.10.19-21.31.08:047][  0]LogInit: WinSock: version 1.1 (2.2), MaxSocks=32767, MaxUdp=65467
[2015.10.19-21.31.58:291][  0]LogAssetRegistry: FAssetRegistry took 0.0106 seconds to start up
[2015.10.19-21.31.58:499][  0]UdpMessaging: Initializing bridge on interface 0.0.0.0:0 to multicast group 230.0.0.1:6666.
[2015.10.19-21.32.01:168][  0]SourceControl: Info Source control is disabled
[2015.10.19-21.32.02:208][  0]SourceControl: Info Source control is disabled
[2015.10.19-21.32.02:251][  0]SourceControl: Info Source control is disabled
[2015.10.19-21.32.02:298][  0]SourceControl: Info Source control is disabled
[2015.10.19-21.32.03:466][  0]LogLinker:Warning: Asset '../../../Engine/Plugins/Runtime/LeapMotionController/Content/LM_PassthroughMaterial.uasset' has been saved with empty engine version. The asset will be loaded but may be incompatible.
[2015.10.19-21.32.03:791][  0]LogObj: 28528 objects as part of root set at end of initial load.
[2015.10.19-21.32.03:791][  0]LogUObjectAllocator: 6068464 out of 0 bytes used by permanent object pool.
[2015.10.19-21.32.04:062][  0]LogEngine: Initializing Engine...
[2015.10.19-21.32.04:066][  0]LogHMD: Can't find Oculus library dev build: is proper Runtime installed? Version: 0.7.0.0
[2015.10.19-21.32.04:125][  0]LogHMD: SteamVR failed to initialize.  Err: 110
[2015.10.19-21.32.04:327][  0]LogAIModule: Creating AISystem for world NewWorld
[2015.10.19-21.32.04:344][  0]LogInit: XAudio2 using 'Speakers / HP (IDT High Definition Audio CODEC)' : 2 channels at 48 kHz using 16 bits per sample (channel mask 0x3)
[2015.10.19-21.32.04:422][  0]LogInit: FAudioDevice initialized.
[2015.10.19-21.32.04:588][  0]LogDerivedDataCache: Saved boot cache 0.17s 41MB C:/Users/Jin/AppData/Local/UnrealEngine/4.9/DerivedDataCache/Boot.ddc.
[2015.10.19-21.32.04:591][  0]LogInit: Texture streaming: Enabled
[2015.10.19-21.32.04:640][  0]LogAnalytics: Creating configured Analytics provider AnalyticsET
[2015.10.19-21.32.04:640][  0]LogAnalytics: [UEEditor.Rocket.Release] APIServer = http://et2.epicgames.com/ET2/. AppVersion = 4.9.1-2689999+++depot+UE4-Releases+4.9
[2015.10.19-21.32.04:640][  0]LogAnalytics: [UEEditor.Rocket.Release] SetUserId 435ea4a8489b84c6f4feaab84cbae6c8|e03effeb7bdf4ddc9c712682a578c51b|8a2a019e-36d5-4c55-97e1-833141022920
[2015.10.19-21.32.04:640][  0]LogAnalytics: [UEEditor.Rocket.Release] AnalyticsET::StartSession
[2015.10.19-21.32.04:693][  0]LogWindowsTextInputMethodSystem:Display: IME system now deactivated.
[2015.10.19-21.32.05:488][  0]LogInit: Transaction tracking system initialized
[2015.10.19-21.32.05:808][  0]BlueprintLog: New page: Editor Load
[2015.10.19-21.32.07:456][  0]LocalizationService: Info Localization service is disabled
[2015.10.19-21.32.10:718][  0]LogConsoleResponse:Display: 
[2015.10.19-21.32.12:260][  0]LogCook:Display: Done creating registry. It took  0.00s.
[2015.10.19-21.32.13:315][  0]LogFileCache: Scanning file cache for directory 'C:/Users/Jin/Documents/GitHub/Game-Files/SuperSpaceArmada/Content/' took 0.02s
[2015.10.19-21.32.13:464][  0]SourceControl: Info Source control is disabled
[2015.10.19-21.32.13:465][  0]Cmd: MAP LOAD FILE="../../../../../../Users/Jin/Documents/GitHub/Game-Files/SuperSpaceArmada/Content/TopDownBP/Maps/TopDownExampleMap.umap" TEMPLATE=0 SHOWPROGRESS=1 FEATURELEVEL=3
[2015.10.19-21.32.13:465][  0]LogEditorServer:Warning: Can't find file '../../../../../../Users/Jin/Documents/GitHub/Game-Files/SuperSpaceArmada/Content/TopDownBP/Maps/TopDownExampleMap.umap'
[2015.10.19-21.32.13:465][  0]Cmd: MAP CHECKDEP NOCLEARLOG
[2015.10.19-21.32.13:557][  0]MapCheck: Info Map check complete: 0 Error(s), 0 Warning(s), took 92.424ms to complete.
[2015.10.19-21.32.13:557][  0]LogFileHelpers: Loading map 'TopDownExampleMap' took 0.093
[2015.10.19-21.32.15:021][  0]LogCollectionManager: Loaded 0 collections in 0.018216 seconds
[2015.10.19-21.32.15:062][  0]LogFileCache: Scanning file cache for directory 'C:/Users/Jin/Documents/GitHub/Game-Files/SuperSpaceArmada/Saved/Collections/' took 0.01s
[2015.10.19-21.32.15:062][  0]LogFileCache: Scanning file cache for directory 'C:/Users/Jin/Documents/GitHub/Game-Files/SuperSpaceArmada/Content/Developers/SGJin/Collections/' took 0.01s
[2015.10.19-21.32.15:062][  0]LogFileCache: Scanning file cache for directory 'C:/Users/Jin/Documents/GitHub/Game-Files/SuperSpaceArmada/Content/Collections/' took 0.01s
[2015.10.19-21.32.15:062][  0]LogContentBrowser: Native class hierarchy populated in 0.0072 seconds. Added 1882 classes and 339 folders.
[2015.10.19-21.32.15:171][  0]LogCollectionManager: Rebuilt the GUID cache for 0 collections in 0.000003 seconds
[2015.10.19-21.32.15:286][  0]LogContentBrowser: Native class hierarchy updated for 'WidgetCarousel' in 0.0003 seconds. Added 0 classes and 0 folders.
[2015.10.19-21.32.20:124][  0]LogContentBrowser: Native class hierarchy updated for 'AddContentDialog' in 0.0004 seconds. Added 0 classes and 0 folders.
[2015.10.19-21.32.20:130][  0]LogContentBrowser: Native class hierarchy updated for 'SceneOutliner' in 0.0003 seconds. Added 1 classes and 2 folders.
[2015.10.19-21.32.20:303][  0]LogCrashTracker: Crashtracker disabled due to settings.
[2015.10.19-21.32.20:308][  0]LogUObjectGlobals:Warning: Failed to find object 'Class None.'
[2015.10.19-21.32.20:368][  0]LogLoad: Full Startup: 101.42 seconds (BP compile: 0.00 seconds)
[2015.10.19-21.32.20:730][  0]LogContentStreaming: Texture pool size now 1000 MB
[2015.10.19-21.32.20:916][  2]LogRenderer: Reallocating scene render targets to support 1148x552 (Frame:2).
[2015.10.19-21.32.21:242][  2]LogAssetRegistry: Asset discovery search completed in 22.9617 seconds
[2015.10.19-21.32.21:242][  2]LogCollectionManager: Rebuilt the object cache for 0 collections in 0.000000 seconds (found 0 objects)
[2015.10.19-21.32.21:242][  2]LogCollectionManager: Fixed up redirectors for 0 collections in 0.000021 seconds (updated 0 objects)
[2015.10.19-21.32.25:236][191]LogLinker:Warning: Asset '../../../../../../Users/Jin/Documents/GitHub/Game-Files/SuperSpaceArmada/Content/Mannequin/Animations/ThirdPerson_AnimBP.uasset' has been saved with empty engine version. The asset will be loaded but may be incompatible.
[2015.10.19-21.32.25:238][191]LogLinker:Warning: Asset '../../../../../../Users/Jin/Documents/GitHub/Game-Files/SuperSpaceArmada/Content/Mannequin/Animations/ThirdPerson_Jump.uasset' has been saved with empty engine version. The asset will be loaded but may be incompatible.
[2015.10.19-21.32.25:240][191]LogLinker:Warning: Asset '../../../../../../Users/Jin/Documents/GitHub/Game-Files/SuperSpaceArmada/Content/Mannequin/Animations/ThirdPersonJump_Loop.uasset' has been saved with empty engine version. The asset will be loaded but may be incompatible.
[2015.10.19-21.32.25:241][191]LogLinker:Warning: Asset '../../../../../../Users/Jin/Documents/GitHub/Game-Files/SuperSpaceArmada/Content/Mannequin/Animations/ThirdPersonJump_Start.uasset' has been saved with empty engine version. The asset will be loaded but may be incompatible.
[2015.10.19-21.32.25:242][191]LogLinker:Warning: Asset '../../../../../../Users/Jin/Documents/GitHub/Game-Files/SuperSpaceArmada/Content/Mannequin/Animations/ThirdPerson_IdleRun_2D.uasset' has been saved with empty engine version. The asset will be loaded but may be incompatible.
[2015.10.19-21.32.25:242][191]LogLinker:Warning: Asset '../../../../../../Users/Jin/Documents/GitHub/Game-Files/SuperSpaceArmada/Content/Mannequin/Animations/ThirdPersonIdle.uasset' has been saved with empty engine version. The asset will be loaded but may be incompatible.
[2015.10.19-21.32.25:244][191]LogLinker:Warning: Asset '../../../../../../Users/Jin/Documents/GitHub/Game-Files/SuperSpaceArmada/Content/Mannequin/Animations/ThirdPersonRun.uasset' has been saved with empty engine version. The asset will be loaded but may be incompatible.
[2015.10.19-21.32.25:245][191]LogLinker:Warning: Asset '../../../../../../Users/Jin/Documents/GitHub/Game-Files/SuperSpaceArmada/Content/Mannequin/Animations/ThirdPersonWalk.uasset' has been saved with empty engine version. The asset will be loaded but may be incompatible.
[2015.10.19-21.32.30:823][191]LogLinker:Warning: Asset '../../../Engine/Content/ArtTools/RenderToTexture/Macros/RenderToTextureMacros.uasset' has been saved with empty engine version. The asset will be loaded but may be incompatible.
[2015.10.19-21.32.31:430][191]LogContentBrowser: Native class hierarchy updated for 'BlueprintGraph' in 0.0007 seconds. Added 107 classes and 0 folders.
[2015.10.19-21.32.49:044][ 37]BlueprintLog: New page: Pre-Play auto-recompile
[2015.10.19-21.32.49:057][ 37]LogPlayLevel: [PlayLevel] Compiling Player_Kratakos before play...
[2015.10.19-21.32.49:406][ 37]LogPlayLevel: PlayLevel: Blueprint regeneration took 361 ms (3 blueprints)
[2015.10.19-21.32.49:409][ 37]LogPlayLevel: [PlayLevel] Compiling Player before play...
[2015.10.19-21.32.50:045][ 37]LogPlayLevel: PlayLevel: Blueprint regeneration took 1001 ms (13 blueprints)
[2015.10.19-21.32.50:048][ 37]LogPlayLevel: [PlayLevel] Compiling MainMenu before play...
[2015.10.19-21.32.50:165][ 37]LogPlayLevel: PlayLevel: Blueprint regeneration took 1121 ms (13 blueprints)
[2015.10.19-21.32.50:166][ 37]LogPlayLevel: [PlayLevel] Compiling Enemy_Human before play...
[2015.10.19-21.32.50:271][ 37]LogPlayLevel: PlayLevel: Blueprint regeneration took 1226 ms (13 blueprints)
[2015.10.19-21.32.50:276][ 37]LogPlayLevel: [PlayLevel] Compiling Player_Human before play...
[2015.10.19-21.32.50:546][ 37]LogPlayLevel: PlayLevel: Blueprint regeneration took 1501 ms (13 blueprints)
[2015.10.19-21.32.50:547][ 37]LogPlayLevel: [PlayLevel] Compiling Human_Torpedo before play...
[2015.10.19-21.32.50:648][ 37]LogPlayLevel: PlayLevel: Blueprint regeneration took 1604 ms (13 blueprints)
[2015.10.19-21.32.50:652][ 37]LogPlayLevel: [PlayLevel] Compiling Debris before play...
[2015.10.19-21.32.50:759][ 37]LogPlayLevel: PlayLevel: Blueprint regeneration took 1715 ms (13 blueprints)
[2015.10.19-21.32.50:765][ 37]LogPlayLevel: [PlayLevel] Compiling Enemy_Kratakos before play...
[2015.10.19-21.32.50:966][ 37]LogPlayLevel: PlayLevel: Blueprint regeneration took 1922 ms (13 blueprints)
[2015.10.19-21.32.50:967][ 37]LogPlayLevel: [PlayLevel] Compiling Kratakos_Rail_Gun before play...
[2015.10.19-21.32.51:066][ 37]LogPlayLevel: PlayLevel: Blueprint regeneration took 2021 ms (13 blueprints)
[2015.10.19-21.32.51:069][ 37]LogPlayLevel: [PlayLevel] Compiling Player_Ram_Trigger before play...
[2015.10.19-21.32.51:140][ 37]LogPlayLevel: PlayLevel: Blueprint regeneration took 2095 ms (13 blueprints)
[2015.10.19-21.32.51:140][ 37]LogPlayLevel: [PlayLevel] Compiling AI_Ram_Trigger before play...
[2015.10.19-21.32.51:218][ 37]LogPlayLevel: PlayLevel: Blueprint regeneration took 2174 ms (13 blueprints)
[2015.10.19-21.32.51:219][ 37]LogPlayLevel: [PlayLevel] Compiling Player_Phaser_Trigger before play...
[2015.10.19-21.32.51:306][ 37]LogPlayLevel: PlayLevel: Blueprint regeneration took 2261 ms (13 blueprints)
[2015.10.19-21.32.51:308][ 37]LogPlayLevel: [PlayLevel] Compiling Debris_Spawner before play...
[2015.10.19-21.32.51:383][ 37]LogPlayLevel: PlayLevel: Blueprint regeneration took 2339 ms (13 blueprints)
[2015.10.19-21.32.51:729][ 37]PIE: New page: PIE session: Untitled_0 (Oct 19, 2015, 1:32:51 PM)
[2015.10.19-21.32.51:729][ 37]LogPlayLevel: Creating play world package: /Temp/UEDPIE_0_Untitled_0
[2015.10.19-21.32.51:730][ 37]LogPlayLevel: PIE: StaticDuplicateObject took: (0.000504s)
[2015.10.19-21.32.51:730][ 37]LogAIModule: Creating AISystem for world NewWorld
[2015.10.19-21.32.51:730][ 37]LogPlayLevel: PIE: World Init took: (0.000618s)
[2015.10.19-21.32.51:731][ 37]LogPlayLevel: PIE: Created PIE world by copying editor world from /Temp/Untitled_0.NewWorld to /Temp/UEDPIE_0_Untitled_0.NewWorld (0.001300s)
[2015.10.19-21.32.51:766][ 37]LogInit: XAudio2 using 'Speakers / HP (IDT High Definition Audio CODEC)' : 2 channels at 48 kHz using 16 bits per sample (channel mask 0x3)
[2015.10.19-21.32.51:780][ 37]LogInit: FAudioDevice initialized.
[2015.10.19-21.32.51:826][ 37]LogLinker:Warning: Can't find file '/Game/TopDownBP/Blueprints/TopDownGameMode'
[2015.10.19-21.32.51:827][ 37]LogLinker:Warning: Can't find file '/Game/TopDownBP/Blueprints/TopDownGameMode'
[2015.10.19-21.32.51:827][ 37]LogUObjectGlobals:Warning: Failed to find object 'Class /Game/TopDownBP/Blueprints/TopDownGameMode.TopDownGameMode_C'
[2015.10.19-21.32.51:827][ 37]LogWorld: Game class is 'GameMode'
[2015.10.19-21.32.51:830][ 37]LogWorld: Bringing World /Temp/UEDPIE_0_Untitled_0.NewWorld up for play (max tick rate 60) at 2015.10.19-17.32.51
[2015.10.19-21.32.51:830][ 37]LogActor:Warning: GameSession /Temp/UEDPIE_0_Untitled_0.NewWorld:PersistentLevel.GameSession_0 has natively added scene component(s), but none of them were set as the actor's RootComponent - picking one arbitrarily
[2015.10.19-21.32.51:830][ 37]LogActor:Warning: GameNetworkManager /Temp/UEDPIE_0_Untitled_0.NewWorld:PersistentLevel.GameNetworkManager_0 has natively added scene component(s), but none of them were set as the actor's RootComponent - picking one arbitrarily
[2015.10.19-21.32.51:830][ 37]LogWorld: Bringing up level for play took: 0.000791
[2015.10.19-21.32.51:831][ 37]LogGameMode: Warning - PATHS NOT DEFINED or NO PLAYERSTART with positive rating
[2015.10.19-21.32.51:848][ 37]PIE: Info Play in editor start time for /Temp/UEDPIE_0_Untitled_0 1.83
[2015.10.19-21.32.51:928][ 38]LogRenderer: Reallocating scene render targets to support 1232x692 (Frame:139).
[2015.10.19-21.32.53:574][102]LogParticles: Destroying 0 GPU particle simulations for FXSystem 0x0000003E8D608680
[2015.10.19-21.33.00:527][406]LogLinker:Warning: Can't find file '/Game/Geometry/Meshes/1M_Cube'
[2015.10.19-21.33.00:527][406]LogLinker:Warning: Can't find file for asset '/Game/Geometry/Meshes/1M_Cube' while loading ../../../../../../Users/Jin/Documents/GitHub/Game-Files/SuperSpaceArmada/Content/SSA/Blueprints/Objects/Crystal_Spawner.uasset.
[2015.10.19-21.33.00:527][406]LoadErrors:Error: Error /Game/SSA/Blueprints/Objects/Crystal_Spawner : Can't find file for asset. /Game/Geometry/Meshes/1M_Cube
[2015.10.19-21.33.00:528][406]LogLinker:Warning: Can't find file '/Game/Geometry/Meshes/1M_Cube'
[2015.10.19-21.33.00:528][406]LogLinker:Warning: Can't find file for asset '/Game/Geometry/Meshes/1M_Cube' while loading ../../../../../../Users/Jin/Documents/GitHub/Game-Files/SuperSpaceArmada/Content/SSA/Blueprints/Objects/Crystal_Spawner.uasset.
[2015.10.19-21.33.00:548][406]LogLinker:Warning: Can't find file '/Game/Geometry/Meshes/1M_Cube'
[2015.10.19-21.33.00:548][406]LogLinker:Warning: Can't find file for asset '/Game/Geometry/Meshes/1M_Cube' while loading ../../../../../../Users/Jin/Documents/GitHub/Game-Files/SuperSpaceArmada/Content/SSA/Maps/Home_Kratakos.umap.
[2015.10.19-21.33.00:548][406]LoadErrors:Error: Error /Game/SSA/Maps/Home_Kratakos : Can't find file for asset. /Game/Geometry/Meshes/1M_Cube
[2015.10.19-21.33.00:548][406]LogLinker:Warning: Can't find file '/Game/Geometry/Meshes/1M_Cube'
[2015.10.19-21.33.00:549][406]LogLinker:Warning: Can't find file for asset '/Game/Geometry/Meshes/1M_Cube' while loading ../../../../../../Users/Jin/Documents/GitHub/Game-Files/SuperSpaceArmada/Content/SSA/Maps/Home_Kratakos.umap.
[2015.10.19-21.33.00:549][406]LogLinker:Warning: Can't find file '/Game/Geometry/Meshes/1M_Cube'
[2015.10.19-21.33.00:549][406]LoadErrors: Info Failed to load /Game/Geometry/Meshes/1M_Cube.1M_Cube Referenced by Default__Crystal_Spawner_C
[2015.10.19-21.33.00:549][406]LogLinker:Warning: Can't find file for asset '/Game/Geometry/Meshes/1M_Cube' while loading ../../../../../../Users/Jin/Documents/GitHub/Game-Files/SuperSpaceArmada/Content/SSA/Maps/Home_Kratakos.umap.
[2015.10.19-21.33.03:813][406]LogAIModule: Creating AISystem for world Home_Kratakos
[2015.10.19-21.33.03:814][406]LogParticles:Warning: InitializeSystem called on an unregistered component. Template=/Game/Effects/Particles/P_Radiation_Long.P_Radiation_Long Component=/Game/SSA/Maps/Home_Kratakos.Home_Kratakos:PersistentLevel.P_Radiation_Long_2.ParticleSystemComponent0
[2015.10.19-21.33.03:814][406]LogParticles:Warning: InitializeSystem called on an unregistered component. Template=/Game/Effects/Particles/P_Radiation_Long.P_Radiation_Long Component=/Game/SSA/Maps/Home_Kratakos.Home_Kratakos:PersistentLevel.P_Radiation_Long2.ParticleSystemComponent0
[2015.10.19-21.33.03:814][406]LogParticles:Warning: InitializeSystem called on an unregistered component. Template=/Game/Effects/Particles/P_Radiation_Long.P_Radiation_Long Component=/Game/SSA/Maps/Home_Kratakos.Home_Kratakos:PersistentLevel.P_Radiation_Long3.ParticleSystemComponent0
[2015.10.19-21.33.03:814][406]LogParticles:Warning: InitializeSystem called on an unregistered component. Template=/Game/Effects/Particles/P_Radiation_Long.P_Radiation_Long Component=/Game/SSA/Maps/Home_Kratakos.Home_Kratakos:PersistentLevel.P_Radiation_Long4.ParticleSystemComponent0
[2015.10.19-21.33.10:620][406]LogSavePackage: Save=116.141495ms
[2015.10.19-21.33.10:620][406]LogSavePackage: Moving '../../../../../../Users/Jin/Documents/GitHub/Game-Files/SuperSpaceArmada/Saved/Player_KratakosFBAD68BB431C41916D06F6A76C616C66.tmp' to '../../../../../../Users/Jin/Documents/GitHub/Game-Files/SuperSpaceArmada/Content/SSA/Blueprints/Player/Player_Kratakos.uasset'
[2015.10.19-21.33.10:623][406]LogSavePackage: Total save time: 147.968266ms
[2015.10.19-21.33.10:623][406]LogSavePackage:Warning: Finished SavePackage ../../../../../../Users/Jin/Documents/GitHub/Game-Files/SuperSpaceArmada/Content/SSA/Blueprints/Player/Player_Kratakos.uasset
[2015.10.19-21.33.10:624][406]Cmd: MAP LOAD FILE="../../../../../../Users/Jin/Documents/GitHub/Game-Files/SuperSpaceArmada/Content/SSA/Maps/Home_Kratakos.umap" TEMPLATE=0 SHOWPROGRESS=1 FEATURELEVEL=3
[2015.10.19-21.33.10:625][406]LightingResults: New page: Lighting Build
[2015.10.19-21.33.10:629][406]LogContentBrowser: Native class hierarchy updated for 'StatsViewer' in 0.0004 seconds. Added 5 classes and 0 folders.
[2015.10.19-21.33.10:651][406]LoadErrors: New page: Loading map: Home_Kratakos.umap
[2015.10.19-21.33.10:651][406]MapCheck: New page: Map Check
[2015.10.19-21.33.10:651][406]LightingResults: New page: Lighting Build
[2015.10.19-21.33.10:651][406]LogActorComponent: UnregisterComponent: (/Engine/Transient.CharMoveComp) Not registered. Aborting.
[2015.10.19-21.33.10:678][406]LogParticles: Destroying 0 GPU particle simulations for FXSystem 0x0000003EDA28D620
[2015.10.19-21.33.10:693][406]LogEditorServer: Finished looking for orphan Actors (0.004 secs)
[2015.10.19-21.33.10:781][406]Cmd: MAP CHECKDEP NOCLEARLOG
[2015.10.19-21.33.10:939][406]MapCheck: Info Map check complete: 0 Error(s), 0 Warning(s), took 158.559ms to complete.
[2015.10.19-21.33.10:940][406]LogFileHelpers: Loading map 'Home_Kratakos' took 0.318
[2015.10.19-21.33.11:699][423]LogBlueprintUserMessages: Early PlayInEditor Detection: Level '/Game/SSA/Maps/Home_Kratakos.Home_Kratakos:PersistentLevel' has LevelScriptBlueprint '/Game/SSA/Maps/Home_Kratakos.Home_Kratakos:PersistentLevel.Home_Kratakos' with GeneratedClass '/Game/SSA/Maps/Home_Kratakos.Home_Kratakos_C' with ClassGeneratedBy '/Game/SSA/Maps/Home_Kratakos.Home_Kratakos:PersistentLevel.Home_Kratakos'
[2015.10.19-21.33.11:699][423]LogPlayLevel: PlayLevel: No blueprints needed recompiling
[2015.10.19-21.33.11:700][423]PIE: New page: PIE session: Home_Kratakos (Oct 19, 2015, 1:33:11 PM)
[2015.10.19-21.33.11:700][423]LogPlayLevel: Creating play world package: /Game/SSA/Maps/UEDPIE_0_Home_Kratakos
[2015.10.19-21.33.11:738][423]LogPlayLevel: PIE: StaticDuplicateObject took: (0.038330s)
[2015.10.19-21.33.11:739][423]LogAIModule: Creating AISystem for world Home_Kratakos
[2015.10.19-21.33.11:739][423]LogPlayLevel: PIE: World Init took: (0.001099s)
[2015.10.19-21.33.11:739][423]LogPlayLevel: PIE: Created PIE world by copying editor world from /Game/SSA/Maps/Home_Kratakos.Home_Kratakos to /Game/SSA/Maps/UEDPIE_0_Home_Kratakos.Home_Kratakos (0.039702s)
[2015.10.19-21.33.11:739][423]LogActorComponent: UnregisterComponent: (/Engine/Transient.CharMoveComp) Not registered. Aborting.
[2015.10.19-21.33.11:740][423]LogActorComponent: UnregisterComponent: (/Engine/Transient.CharacterMovementComponent_0) Not registered. Aborting.
[2015.10.19-21.33.11:784][423]LogInit: XAudio2 using 'Speakers / HP (IDT High Definition Audio CODEC)' : 2 channels at 48 kHz using 16 bits per sample (channel mask 0x3)
[2015.10.19-21.33.11:799][423]LogInit: FAudioDevice initialized.
[2015.10.19-21.33.11:808][423]LogWorld: Game class is 'TopDownGameMode_C'
[2015.10.19-21.33.11:817][423]LogWorld:Warning: *** WARNING - PATHS MAY NOT BE VALID ***
[2015.10.19-21.33.11:817][423]LogWorld: Bringing World /Game/SSA/Maps/UEDPIE_0_Home_Kratakos.Home_Kratakos up for play (max tick rate 60) at 2015.10.19-17.33.11
[2015.10.19-21.33.11:817][423]LogActor:Warning: GameSession /Game/SSA/Maps/UEDPIE_0_Home_Kratakos.Home_Kratakos:PersistentLevel.GameSession_1 has natively added scene component(s), but none of them were set as the actor's RootComponent - picking one arbitrarily
[2015.10.19-21.33.11:818][423]LogActor:Warning: GameNetworkManager /Game/SSA/Maps/UEDPIE_0_Home_Kratakos.Home_Kratakos:PersistentLevel.GameNetworkManager_1 has natively added scene component(s), but none of them were set as the actor's RootComponent - picking one arbitrarily
[2015.10.19-21.33.11:819][423]LogWorld: Bringing up level for play took: 0.008760
[2015.10.19-21.33.11:823][423]LogBlueprintUserMessages: [Player_Kratakos_C_39] X=270.000 Y=750.000 Z=265.594
[2015.10.19-21.33.11:835][423]PIE: Info Play in editor start time for /Game/SSA/Maps/UEDPIE_0_Home_Kratakos -0.183
[2015.10.19-21.33.11:835][423]LogBlueprintUserMessages: Late PlayInEditor Detection: Level '/Game/SSA/Maps/Home_Kratakos.Home_Kratakos:PersistentLevel' has LevelScriptBlueprint '/Game/SSA/Maps/Home_Kratakos.Home_Kratakos:PersistentLevel.Home_Kratakos' with GeneratedClass '/Game/SSA/Maps/Home_Kratakos.Home_Kratakos_C' with ClassGeneratedBy '/Game/SSA/Maps/Home_Kratakos.Home_Kratakos:PersistentLevel.Home_Kratakos'
[2015.10.19-21.33.23:879][791]LogBlueprintUserMessages: Early EndPlayMap Detection: Level '/Game/SSA/Maps/Home_Kratakos.Home_Kratakos:PersistentLevel' has LevelScriptBlueprint '/Game/SSA/Maps/Home_Kratakos.Home_Kratakos:PersistentLevel.Home_Kratakos' with GeneratedClass '/Game/SSA/Maps/Home_Kratakos.Home_Kratakos_C' with ClassGeneratedBy '/Game/SSA/Maps/Home_Kratakos.Home_Kratakos:PersistentLevel.Home_Kratakos'
[2015.10.19-21.33.23:971][791]LogBlueprintUserMessages: Late EndPlayMap Detection: Level '/Game/SSA/Maps/Home_Kratakos.Home_Kratakos:PersistentLevel' has LevelScriptBlueprint '/Game/SSA/Maps/Home_Kratakos.Home_Kratakos:PersistentLevel.Home_Kratakos' with GeneratedClass '/Game/SSA/Maps/Home_Kratakos.Home_Kratakos_C' with ClassGeneratedBy '/Game/SSA/Maps/Home_Kratakos.Home_Kratakos:PersistentLevel.Home_Kratakos'
[2015.10.19-21.33.24:009][791]LogParticles: Destroying 0 GPU particle simulations for FXSystem 0x0000003E8254C400
[2015.10.19-21.40.14:373][175]LogWindows:Error: Windows GetLastError: The operation completed successfully. (0)
[2015.10.19-21.40.14:692][175]LogCrashTracker: 


[2015.10.19-21.40.14:692][175]LogCrashTracker: 


[2015.10.19-21.40.14:692][175]LogWindows: === Critical error: ===
Assertion failed: ((UObject*)ContainerPtr)->IsA((UClass*)GetOuter()) [File:D:\BuildFarm\buildmachine_++depot+UE4-Releases+4.9\Engine\Source\Runtime\CoreUObject\Public\UObject\UnrealType.h] [Line: 308] 
'Default__Player_Kratakos_C' is of class 'Player_Kratakos_C' however property 'ObjectProperty_849' belongs to class 'TRASHCLASS_Player_150'




[2015.10.19-21.40.14:813][175]LogExit: Executing StaticShutdownAfterError
[2015.10.19-21.40.14:821][175]LogPhysics:Warning: PHYSX: ..\..\PhysX\src\NpScene.cpp (2946) 8 : PxScene::unlockWrite() called without matching call to PxScene::lockWrite(), behaviour will be undefined.
[2015.10.19-21.40.14:821][175]LogPhysics:Warning: PHYSX: ..\..\PhysX\src\NpScene.cpp (2946) 8 : PxScene::unlockWrite() called without matching call to PxScene::lockWrite(), behaviour will be undefined.
[2015.10.19-21.40.14:821][175]LogPhysics:Warning: PHYSX: ..\..\PhysX\src\NpScene.cpp (2946) 8 : PxScene::unlockWrite() called without matching call to PxScene::lockWrite(), behaviour will be undefined.
[2015.10.19-21.40.14:821][175]LogPhysics:Warning: PHYSX: ..\..\PhysX\src\NpScene.cpp (2946) 8 : PxScene::unlockWrite() called without matching call to PxScene::lockWrite(), behaviour will be undefined.
[2015.10.19-21.40.14:821][175]LogPhysics:Warning: PHYSX: ..\..\PhysX\src\NpScene.cpp (2946) 8 : PxScene::unlockWrite() called without matching call to PxScene::lockWrite(), behaviour will be undefined.
[2015.10.19-21.40.14:821][175]LogPhysics:Warning: PHYSX: ..\..\PhysX\src\NpScene.cpp (2946) 8 : PxScene::unlockWrite() called without matching call to PxScene::lockWrite(), behaviour will be undefined.
[2015.10.19-21.40.14:821][175]LogPhysics:Warning: PHYSX: ..\..\PhysX\src\NpScene.cpp (2946) 8 : PxScene::unlockWrite() called without matching call to PxScene::lockWrite(), behaviour will be undefined.
[2015.10.19-21.40.14:822][175]LogPhysics:Warning: PHYSX: ..\..\PhysX\src\NpScene.cpp (2946) 8 : PxScene::unlockWrite() called without matching call to PxScene::lockWrite(), behaviour will be undefined.
[2015.10.19-21.40.14:822][175]LogPhysics:Warning: PHYSX: ..\..\PhysX\src\NpScene.cpp (2946) 8 : PxScene::unlockWrite() called without matching call to PxScene::lockWrite(), behaviour will be undefined.
[2015.10.19-21.40.14:822][175]LogPhysics:Warning: PHYSX: ..\..\PhysX\src\NpScene.cpp (2946) 8 : PxScene::unlockWrite() called without matching call to PxScene::lockWrite(), behaviour will be undefined.
[2015.10.19-21.40.14:822][175]LogPhysics:Warning: PHYSX: ..\..\PhysX\src\NpScene.cpp (2946) 8 : PxScene::unlockWrite() called without matching call to PxScene::lockWrite(), behaviour will be undefined.
[2015.10.19-21.40.14:822][175]LogPhysics:Warning: PHYSX: ..\..\PhysX\src\NpScene.cpp (2946) 8 : PxScene::unlockWrite() called without matching call to PxScene::lockWrite(), behaviour will be undefined.
[2015.10.19-21.40.14:822][175]LogPhysics:Warning: PHYSX: ..\..\PhysX\src\NpScene.cpp (2946) 8 : PxScene::unlockWrite() called without matching call to PxScene::lockWrite(), behaviour will be undefined.
[2015.10.19-21.40.14:822][175]LogPhysics:Warning: PHYSX: ..\..\PhysX\src\NpScene.cpp (2946) 8 : PxScene::unlockWrite() called without matching call to PxScene::lockWrite(), behaviour will be undefined.
[2015.10.19-21.40.14:823][175]LogWindows: FPlatformMisc::RequestExit(1)
[2015.10.19-21.40.14:823][175]Log file closed, 10/19/15 17:40:14
