[2015.10.24-20.23.10:119][  0]Log file open, 10/24/15 16:23:10
[2015.10.24-20.23.10:119][  0]LogInit:Display: Running engine without a game
[2015.10.24-20.23.10:119][  0]LogInit:Display: Loading recent project file: F:/My Media/UCF Documents/DIG 4725/Game-Files/SuperSpaceArmada/SuperSpaceArmada.uproject
[2015.10.24-20.23.10:119][  0]LogInit:Display: RandInit(-193240767) SRandInit(-193240766).
[2015.10.24-20.23.10:119][  0]LogTaskGraph: Started task graph with 4 named threads and 7 total threads.
[2015.10.24-20.23.10:119][  0]LogStats: Stats thread started at 0.063293
[2015.10.24-20.23.10:119][  0]LogInit: Version: 4.9.1-2689999+++depot+UE4-Releases+4.9
[2015.10.24-20.23.10:119][  0]LogInit: API Version: 2672455
[2015.10.24-20.23.10:119][  0]LogInit: Compiled (64-bit): Sep 14 2015 04:12:03
[2015.10.24-20.23.10:119][  0]LogInit: Compiled with Visual C++: 18.00.21005.01
[2015.10.24-20.23.10:119][  0]LogInit: Build Configuration: Development
[2015.10.24-20.23.10:119][  0]LogInit: Branch Name: ++depot+UE4-Releases+4.9
[2015.10.24-20.23.10:119][  0]LogInit: Command line: 
[2015.10.24-20.23.10:119][  0]LogInit: Base directory: F:/Program Files/Unreal/Epic Games/4.9/Engine/Binaries/Win64/
[2015.10.24-20.23.10:119][  0]LogInit: Rocket: 1
[2015.10.24-20.23.10:127][  0]LogInit: Using libcurl 7.41.0
[2015.10.24-20.23.10:127][  0]LogInit:  - built for x86_64-pc-win32
[2015.10.24-20.23.10:127][  0]LogInit:  - supports SSL with WinSSL
[2015.10.24-20.23.10:127][  0]LogInit:  - other features:
[2015.10.24-20.23.10:127][  0]LogInit:      CURL_VERSION_SSL
[2015.10.24-20.23.10:127][  0]LogInit:      CURL_VERSION_IPV6
[2015.10.24-20.23.10:127][  0]LogInit:      CURL_VERSION_ASYNCHDNS
[2015.10.24-20.23.10:127][  0]LogInit:      CURL_VERSION_LARGEFILE
[2015.10.24-20.23.10:127][  0]LogInit:      CURL_VERSION_IDN
[2015.10.24-20.23.10:127][  0]LogInit:  CurlRequestOptions (configurable via config and command line):
[2015.10.24-20.23.10:127][  0]LogInit:  - bVerifyPeer = true  - Libcurl will verify peer certificate
[2015.10.24-20.23.10:127][  0]LogInit:  - bUseHttpProxy = false  - Libcurl will NOT use HTTP proxy
[2015.10.24-20.23.10:127][  0]LogInit:  - bDontReuseConnections = false  - Libcurl will reuse connections
[2015.10.24-20.23.10:127][  0]LogInit:  - CertBundlePath = nullptr  - Libcurl will use whatever was configured at build time.
[2015.10.24-20.23.10:132][  0]LogInit: Presizing for 0 objects not considered by GC, pre-allocating 0 bytes.
[2015.10.24-20.23.10:137][  0]LogInit: Object subsystem initialized
[2015.10.24-20.23.10:138][  0]LogInit: Selected Device Profile: [Windows]
[2015.10.24-20.23.10:138][  0]LogInit: Applying CVar settings loaded from the selected device profile: [Windows]
[2015.10.24-20.23.10:145][  0]LogInit: Computer: ANDREW_2015
[2015.10.24-20.23.10:145][  0]LogInit: User: aehrlich92
[2015.10.24-20.23.10:145][  0]LogInit: CPU Page size=4096, Cores=4
[2015.10.24-20.23.10:145][  0]LogInit: High frequency timer resolution =3.984649 MHz
[2015.10.24-20.23.10:146][  0]LogMemory: Memory total: Physical=15.9GB (16GB approx)
[2015.10.24-20.23.10:146][  0]LogMemory: Platform Memory Stats for Windows
[2015.10.24-20.23.10:146][  0]LogMemory: Process Physical Memory: 54.79 MB used, 54.79 MB peak
[2015.10.24-20.23.10:146][  0]LogMemory: Process Virtual Memory: 59.34 MB used, 59.34 MB peak
[2015.10.24-20.23.10:146][  0]LogMemory: Physical Memory: 6261.86 MB used, 16322.88 MB total
[2015.10.24-20.23.10:146][  0]LogMemory: Virtual Memory: 368.35 MB used, 134217728.00 MB total
[2015.10.24-20.23.10:189][  0]LogTextLocalizationManager: No specific translations for ('en-US') exist, so ('en') translations will be used.
[2015.10.24-20.23.10:767][  0]LogD3D11RHI: Found D3D11 adapter 0: NVIDIA GeForce GTX 960 (Feature Level 11_0)
[2015.10.24-20.23.10:767][  0]LogD3D11RHI: Adapter has 1969MB of dedicated video memory, 0MB of dedicated system memory, and 8161MB of shared system memory, 2 output[s]
[2015.10.24-20.23.10:769][  0]LogD3D11RHI: Found D3D11 adapter 1: Microsoft Basic Render Driver (Feature Level 11_0)
[2015.10.24-20.23.10:769][  0]LogD3D11RHI: Adapter has 0MB of dedicated video memory, 0MB of dedicated system memory, and 8161MB of shared system memory, 0 output[s]
[2015.10.24-20.23.10:769][  0]LogD3D11RHI: Chosen D3D11 Adapter Id = 0
[2015.10.24-20.23.10:774][  0]LogD3D11RHI: !Direct3DDevice
[2015.10.24-20.23.10:774][  0]LogRHI: Texture pool is 1361 MB (70% of 1945 MB)
[2015.10.24-20.23.10:787][  0]LogD3D11RHI: Async texture creation enabled
[2015.10.24-20.23.10:803][  0]LogShaderCompilers: Guid format shader working directory is 14 characters bigger than the processId version (../../../../../../../My Media/UCF Documents/DIG 4725/Game-Files/SuperSpaceArmada/Intermediate/Shaders/WorkingDirectory/24492/).
[2015.10.24-20.23.10:803][  0]LogShaderCompilers: Cleaned the shader compiler working directory '../../../../../../../My Media/UCF Documents/DIG 4725/Game-Files/SuperSpaceArmada/Intermediate/Shaders/tmp/AF3363B1422A0F9ECA403A951E2D4C46/'.
[2015.10.24-20.23.10:803][  0]LogShaderCompilers:Display: Using Local Shader Compiler.
[2015.10.24-20.23.11:594][  0]LogTemp:Display: Loaded TP AllDesktopTargetPlatform
[2015.10.24-20.23.11:600][  0]LogTemp:Display: Loaded TP WindowsClientTargetPlatform
[2015.10.24-20.23.11:605][  0]LogTemp:Display: Loaded TP WindowsNoEditorTargetPlatform
[2015.10.24-20.23.11:609][  0]LogTemp:Display: Loaded TP WindowsServerTargetPlatform
[2015.10.24-20.23.11:614][  0]LogTemp:Display: Loaded TP WindowsTargetPlatform
[2015.10.24-20.23.11:627][  0]LogTemp:Display: Loaded TP AndroidTargetPlatform
[2015.10.24-20.23.11:632][  0]LogTemp:Display: Loaded TP Android_ASTCTargetPlatform
[2015.10.24-20.23.11:636][  0]LogTemp:Display: Loaded TP Android_ATCTargetPlatform
[2015.10.24-20.23.11:639][  0]LogTemp:Display: Loaded TP Android_DXTTargetPlatform
[2015.10.24-20.23.11:642][  0]LogTemp:Display: Loaded TP Android_ETC1TargetPlatform
[2015.10.24-20.23.11:645][  0]LogTemp:Display: Loaded TP Android_ETC2TargetPlatform
[2015.10.24-20.23.11:649][  0]LogTemp:Display: Loaded TP Android_PVRTCTargetPlatform
[2015.10.24-20.23.11:650][  0]LogTemp:Display: Loaded TP HTML5TargetPlatform
[2015.10.24-20.23.11:667][  0]LogTemp:Display: Loaded TP IOSTargetPlatform
[2015.10.24-20.23.11:670][  0]LogTemp:Display: Loaded TP LinuxNoEditorTargetPlatform
[2015.10.24-20.23.11:673][  0]LogTemp:Display: Loaded TP LinuxServerTargetPlatform
[2015.10.24-20.23.11:676][  0]LogTemp:Display: Loaded TP LinuxTargetPlatform
[2015.10.24-20.23.11:676][  0]LogTargetPlatformManager:Display: Building Assets For Windows
[2015.10.24-20.23.11:741][  0]LogDerivedDataCache:Display: Max Cache Size: 512 MB
[2015.10.24-20.23.11:775][  0]LogDerivedDataCache: Loaded boot cache 0.03s 45MB C:/Users/aehrlich92/AppData/Local/UnrealEngine/4.9/DerivedDataCache/Boot.ddc.
[2015.10.24-20.23.11:775][  0]LogDerivedDataCache:Display: Loaded Boot cache: C:/Users/aehrlich92/AppData/Local/UnrealEngine/4.9/DerivedDataCache/Boot.ddc
[2015.10.24-20.23.11:775][  0]LogDerivedDataCache: FDerivedDataBackendGraph:  Pak pak cache file ../../../../../../../My Media/UCF Documents/DIG 4725/Game-Files/SuperSpaceArmada/DerivedDataCache/DDC.ddp not found, will not use a pak cache.
[2015.10.24-20.23.11:775][  0]LogDerivedDataCache: Unable to find inner node Pak for hierarchical cache Hierarchy.
[2015.10.24-20.23.11:775][  0]LogDerivedDataCache: FDerivedDataBackendGraph:  CompressedPak pak cache file ../../../../../../../My Media/UCF Documents/DIG 4725/Game-Files/SuperSpaceArmada/DerivedDataCache/Compressed.ddp not found, will not use a pak cache.
[2015.10.24-20.23.11:775][  0]LogDerivedDataCache: Unable to find inner node CompressedPak for hierarchical cache Hierarchy.
[2015.10.24-20.23.11:875][  0]LogDerivedDataCache:Display: Pak cache opened for reading ../../../Engine/DerivedDataCache/Compressed.ddp.
[2015.10.24-20.23.11:887][  0]LogDerivedDataCache: Using Local data cache path C:/Users/aehrlich92/AppData/Local/UnrealEngine/Common/DerivedDataCache: Writable
[2015.10.24-20.23.12:006][  0]LogInit: Selected Device Profile: [Windows]
[2015.10.24-20.23.12:008][  0]LogContentStreaming: Texture pool size is 0.000000MB
[2015.10.24-20.23.12:098][  0]LogMeshUtilities: No automatic mesh reduction module available
[2015.10.24-20.23.12:098][  0]LogMeshUtilities: No automatic mesh merging module available
[2015.10.24-20.23.12:279][  0]LogInit: WinSock: version 1.1 (2.2), MaxSocks=32767, MaxUdp=65467
[2015.10.24-20.23.12:795][  0]LogAssetRegistry: FAssetRegistry took 0.0107 seconds to start up
[2015.10.24-20.23.12:807][  0]UdpMessaging: Initializing bridge on interface 0.0.0.0:0 to multicast group 230.0.0.1:6666.
[2015.10.24-20.23.13:004][  0]SourceControl: Info Source control is disabled
[2015.10.24-20.23.13:013][  0]SourceControl: Info Source control is disabled
[2015.10.24-20.23.13:019][  0]SourceControl: Info Source control is disabled
[2015.10.24-20.23.13:025][  0]SourceControl: Info Source control is disabled
[2015.10.24-20.23.13:114][  0]LogLinker:Warning: Asset '../../../Engine/Plugins/Runtime/LeapMotionController/Content/LM_PassthroughMaterial.uasset' has been saved with empty engine version. The asset will be loaded but may be incompatible.
[2015.10.24-20.23.13:172][  0]LogObj: 28528 objects as part of root set at end of initial load.
[2015.10.24-20.23.13:172][  0]LogUObjectAllocator: 6068464 out of 0 bytes used by permanent object pool.
[2015.10.24-20.23.13:216][  0]LogEngine: Initializing Engine...
[2015.10.24-20.23.13:217][  0]LogHMD: Can't find Oculus library dev build: is proper Runtime installed? Version: 0.7.0.0
[2015.10.24-20.23.13:218][  0]LogHMD: SteamVR failed to initialize.  Err: 110
[2015.10.24-20.23.13:308][  0]LogAIModule: Creating AISystem for world NewWorld
[2015.10.24-20.23.13:316][  0]LogInit: XAudio2 using 'Speakers (Realtek High Definition Audio)' : 8 channels at 48 kHz using 32 bits per sample (channel mask 0x63f)
[2015.10.24-20.23.13:326][  0]LogInit: FAudioDevice initialized.
[2015.10.24-20.23.13:343][  0]LogDerivedDataCache: Saved boot cache 0.02s 45MB C:/Users/aehrlich92/AppData/Local/UnrealEngine/4.9/DerivedDataCache/Boot.ddc.
[2015.10.24-20.23.13:347][  0]LogInit: Texture streaming: Enabled
[2015.10.24-20.23.13:351][  0]LogAnalytics: Creating configured Analytics provider AnalyticsET
[2015.10.24-20.23.13:351][  0]LogAnalytics: [UEEditor.Rocket.Release] APIServer = http://et2.epicgames.com/ET2/. AppVersion = 4.9.1-2689999+++depot+UE4-Releases+4.9
[2015.10.24-20.23.13:351][  0]LogAnalytics: [UEEditor.Rocket.Release] SetUserId 7bdbd2584788e6e37f918c9187bab22c|b300224d71e64562a5bff06c2aaa78f8|45aed112-7b58-41bf-9eba-b8dcb7f9dd12
[2015.10.24-20.23.13:351][  0]LogAnalytics: [UEEditor.Rocket.Release] AnalyticsET::StartSession
[2015.10.24-20.23.13:387][  0]LogInit: Transaction tracking system initialized
[2015.10.24-20.23.13:415][  0]BlueprintLog: New page: Editor Load
[2015.10.24-20.23.13:476][  0]LocalizationService: Info Localization service is disabled
[2015.10.24-20.23.13:538][  0]LogConsoleResponse:Display: 
[2015.10.24-20.23.13:626][  0]LogCook:Display: Done creating registry. It took  0.00s.
[2015.10.24-20.23.13:663][  0]LogFileCache: Scanning file cache for directory 'F:/My Media/UCF Documents/DIG 4725/Game-Files/SuperSpaceArmada/Content/' took 0.01s
[2015.10.24-20.23.13:663][  0]SourceControl: Info Source control is disabled
[2015.10.24-20.23.13:663][  0]Cmd: MAP LOAD FILE="../../../../../../../My Media/UCF Documents/DIG 4725/Game-Files/SuperSpaceArmada/Content/SSA/Maps/Home_Kratakos.umap" TEMPLATE=0 SHOWPROGRESS=1 FEATURELEVEL=3
[2015.10.24-20.23.13:664][  0]LightingResults: New page: Lighting Build
[2015.10.24-20.23.13:665][  0]MapCheck: New page: Map Check
[2015.10.24-20.23.13:665][  0]LightingResults: New page: Lighting Build
[2015.10.24-20.23.13:677][  0]LogParticles: Destroying 0 GPU particle simulations for FXSystem 0x00000047CE1A1620
[2015.10.24-20.23.13:736][  0]LogLinker:Warning: Asset '../../../../../../../My Media/UCF Documents/DIG 4725/Game-Files/SuperSpaceArmada/Content/Mannequin/Animations/ThirdPerson_AnimBP.uasset' has been saved with empty engine version. The asset will be loaded but may be incompatible.
[2015.10.24-20.23.13:738][  0]LogLinker:Warning: Asset '../../../../../../../My Media/UCF Documents/DIG 4725/Game-Files/SuperSpaceArmada/Content/Mannequin/Animations/ThirdPerson_Jump.uasset' has been saved with empty engine version. The asset will be loaded but may be incompatible.
[2015.10.24-20.23.13:739][  0]LogLinker:Warning: Asset '../../../../../../../My Media/UCF Documents/DIG 4725/Game-Files/SuperSpaceArmada/Content/Mannequin/Animations/ThirdPersonJump_Loop.uasset' has been saved with empty engine version. The asset will be loaded but may be incompatible.
[2015.10.24-20.23.13:740][  0]LogLinker:Warning: Asset '../../../../../../../My Media/UCF Documents/DIG 4725/Game-Files/SuperSpaceArmada/Content/Mannequin/Animations/ThirdPersonJump_Start.uasset' has been saved with empty engine version. The asset will be loaded but may be incompatible.
[2015.10.24-20.23.13:741][  0]LogLinker:Warning: Asset '../../../../../../../My Media/UCF Documents/DIG 4725/Game-Files/SuperSpaceArmada/Content/Mannequin/Animations/ThirdPerson_IdleRun_2D.uasset' has been saved with empty engine version. The asset will be loaded but may be incompatible.
[2015.10.24-20.23.13:741][  0]LogLinker:Warning: Asset '../../../../../../../My Media/UCF Documents/DIG 4725/Game-Files/SuperSpaceArmada/Content/Mannequin/Animations/ThirdPersonIdle.uasset' has been saved with empty engine version. The asset will be loaded but may be incompatible.
[2015.10.24-20.23.13:742][  0]LogLinker:Warning: Asset '../../../../../../../My Media/UCF Documents/DIG 4725/Game-Files/SuperSpaceArmada/Content/Mannequin/Animations/ThirdPersonRun.uasset' has been saved with empty engine version. The asset will be loaded but may be incompatible.
[2015.10.24-20.23.13:743][  0]LogLinker:Warning: Asset '../../../../../../../My Media/UCF Documents/DIG 4725/Game-Files/SuperSpaceArmada/Content/Mannequin/Animations/ThirdPersonWalk.uasset' has been saved with empty engine version. The asset will be loaded but may be incompatible.
[2015.10.24-20.23.14:296][  0]LogBlueprint:Error: [compiler Player] Error Could not find a function named "Player 1 End" in 'HUD_C'.
Make sure 'HUD_C' has been compiled for  Player 1 End 
[2015.10.24-20.23.14:344][  0]LogBlueprint:Warning: [compiler Player] Warning [0004.68] Compile of Player failed. 1 Fatal Issue(s) 0 Warning(s) [in 75 ms]
[2015.10.24-20.23.14:345][  0]LogBlueprint:Warning: [compiler Player] Warning [0004.68] Compile of Player failed. 1 Fatal Issue(s) 1 Warning(s) [in 0 ms]
[2015.10.24-20.23.14:345][  0]LogBlueprint:Warning: [compiler Player] Warning [0004.68] Compile of Player failed. 1 Fatal Issue(s) 2 Warning(s) [in 0 ms]
[2015.10.24-20.23.14:627][  0]LogBlueprint:Error: Broken Node: K2Node_CallFunction /Game/SSA/Blueprints/Objects/Debris.Debris:Debris Collision func.K2Node_CallFunction_3036 keeps removed/invalid pin: EdGraphPin /Game/SSA/Blueprints/Objects/Debris.Debris:Debris Collision func.K2Node_CallFunction_3036.EdGraphPin_189478. Try refresh all nodes.
[2015.10.24-20.23.14:627][  0]LogBlueprint:Error: Broken Node: K2Node_CallFunction /Game/SSA/Blueprints/Objects/Debris.Debris:Debris Collision func.K2Node_CallFunction_2761 keeps removed/invalid pin: EdGraphPin /Game/SSA/Blueprints/Objects/Debris.Debris:Debris Collision func.K2Node_CallFunction_2761.EdGraphPin_189448. Try refresh all nodes.
[2015.10.24-20.23.14:873][  0]LogBlueprint:Error: Broken Node: K2Node_CallFunction /Game/SSA/Blueprints/Objects/Debris.Debris:Debris Collision func.K2Node_CallFunction_2761 keeps removed/invalid pin: EdGraphPin /Game/SSA/Blueprints/Objects/Debris.Debris:Debris Collision func.K2Node_CallFunction_2761.EdGraphPin_189448. Try refresh all nodes.
[2015.10.24-20.23.14:874][  0]LogBlueprint:Error: Broken Node: K2Node_CallFunction /Game/SSA/Blueprints/Objects/Debris.Debris:Debris Collision func.K2Node_CallFunction_3036 keeps removed/invalid pin: EdGraphPin /Game/SSA/Blueprints/Objects/Debris.Debris:Debris Collision func.K2Node_CallFunction_3036.EdGraphPin_189478. Try refresh all nodes.
[2015.10.24-20.23.15:397][  0]LogLinker:Warning: Can't find file '/Game/Geometry/Meshes/1M_Cube'
[2015.10.24-20.23.15:397][  0]LogLinker:Warning: Can't find file for asset '/Game/Geometry/Meshes/1M_Cube' while loading ../../../../../../../My Media/UCF Documents/DIG 4725/Game-Files/SuperSpaceArmada/Content/SSA/Blueprints/Objects/Crystal_Spawner.uasset.
[2015.10.24-20.23.15:397][  0]LoadErrors:Error: Error /Game/SSA/Blueprints/Objects/Crystal_Spawner : Can't find file for asset. /Game/Geometry/Meshes/1M_Cube
[2015.10.24-20.23.15:398][  0]LogLinker:Warning: Can't find file '/Game/Geometry/Meshes/1M_Cube'
[2015.10.24-20.23.15:398][  0]LogLinker:Warning: Can't find file for asset '/Game/Geometry/Meshes/1M_Cube' while loading ../../../../../../../My Media/UCF Documents/DIG 4725/Game-Files/SuperSpaceArmada/Content/SSA/Blueprints/Objects/Crystal_Spawner.uasset.
[2015.10.24-20.23.15:398][  0]LoadErrors:Error: Error /Game/SSA/Blueprints/Objects/Crystal_Spawner : Can't find file for asset. /Game/Geometry/Meshes/1M_Cube
[2015.10.24-20.23.15:399][  0]LogLinker:Warning: Can't find file '/Game/Geometry/Meshes/1M_Cube'
[2015.10.24-20.23.15:399][  0]LogLinker:Warning: Can't find file for asset '/Game/Geometry/Meshes/1M_Cube' while loading ../../../../../../../My Media/UCF Documents/DIG 4725/Game-Files/SuperSpaceArmada/Content/SSA/Maps/Home_Kratakos.umap.
[2015.10.24-20.23.15:399][  0]LoadErrors:Error: Error /Game/SSA/Maps/Home_Kratakos : Can't find file for asset. /Game/Geometry/Meshes/1M_Cube
[2015.10.24-20.23.15:399][  0]LogLinker:Warning: Can't find file '/Game/Geometry/Meshes/1M_Cube'
[2015.10.24-20.23.15:399][  0]LogLinker:Warning: Can't find file for asset '/Game/Geometry/Meshes/1M_Cube' while loading ../../../../../../../My Media/UCF Documents/DIG 4725/Game-Files/SuperSpaceArmada/Content/SSA/Maps/Home_Kratakos.umap.
[2015.10.24-20.23.15:399][  0]LoadErrors:Error: Error /Game/SSA/Maps/Home_Kratakos : Can't find file for asset. /Game/Geometry/Meshes/1M_Cube
[2015.10.24-20.23.15:400][  0]LogLinker:Warning: Can't find file '/Game/Geometry/Meshes/1M_Cube'
[2015.10.24-20.23.15:400][  0]LoadErrors: Info Failed to load /Game/Geometry/Meshes/1M_Cube.1M_Cube Referenced by StaticMeshComponent0
[2015.10.24-20.23.15:400][  0]LogLinker:Warning: Can't find file for asset '/Game/Geometry/Meshes/1M_Cube' while loading ../../../../../../../My Media/UCF Documents/DIG 4725/Game-Files/SuperSpaceArmada/Content/SSA/Maps/Home_Kratakos.umap.
[2015.10.24-20.23.15:400][  0]LoadErrors: Info Failed to load /Game/Geometry/Meshes/1M_Cube.1M_Cube Referenced by StaticMeshComponent0
[2015.10.24-20.23.15:400][  0]LoadErrors:Error: Error /Game/SSA/Maps/Home_Kratakos : Can't find file for asset. /Game/Geometry/Meshes/1M_Cube
[2015.10.24-20.23.16:133][  0]LogAIModule: Creating AISystem for world Home_Kratakos
[2015.10.24-20.23.16:139][  0]LogEditorServer: Finished looking for orphan Actors (0.000 secs)
[2015.10.24-20.23.16:139][  0]Cmd: MAP CHECKDEP NOCLEARLOG
[2015.10.24-20.23.16:207][  0]MapCheck: Info Map check complete: 0 Error(s), 0 Warning(s), took 66.945ms to complete.
[2015.10.24-20.23.16:207][  0]LogFileHelpers: Loading map 'Home_Kratakos' took 2.543
[2015.10.24-20.23.16:307][  0]LogCollectionManager: Loaded 0 collections in 0.000935 seconds
[2015.10.24-20.23.16:344][  0]LogFileCache: Scanning file cache for directory 'F:/My Media/UCF Documents/DIG 4725/Game-Files/SuperSpaceArmada/Saved/Collections/' took 0.01s
[2015.10.24-20.23.16:344][  0]LogFileCache: Scanning file cache for directory 'F:/My Media/UCF Documents/DIG 4725/Game-Files/SuperSpaceArmada/Content/Developers/aehrlich92/Collections/' took 0.01s
[2015.10.24-20.23.16:344][  0]LogFileCache: Scanning file cache for directory 'F:/My Media/UCF Documents/DIG 4725/Game-Files/SuperSpaceArmada/Content/Collections/' took 0.01s
[2015.10.24-20.23.16:344][  0]LogContentBrowser: Native class hierarchy populated in 0.0052 seconds. Added 1882 classes and 339 folders.
[2015.10.24-20.23.16:349][  0]LogCollectionManager: Rebuilt the GUID cache for 0 collections in 0.000002 seconds
[2015.10.24-20.23.16:353][  0]LogContentBrowser: Native class hierarchy updated for 'WidgetCarousel' in 0.0002 seconds. Added 0 classes and 0 folders.
[2015.10.24-20.23.16:380][  0]LogContentBrowser: Native class hierarchy updated for 'AddContentDialog' in 0.0002 seconds. Added 0 classes and 0 folders.
[2015.10.24-20.23.16:383][  0]LogContentBrowser: Native class hierarchy updated for 'SceneOutliner' in 0.0002 seconds. Added 1 classes and 2 folders.
[2015.10.24-20.23.16:407][  0]LogCrashTracker: Crashtracker disabled due to settings.
[2015.10.24-20.23.16:411][  0]LogUObjectGlobals:Warning: Failed to find object 'Class None.'
[2015.10.24-20.23.16:433][  0]LogLoad: Full Startup: 6.77 seconds (BP compile: 0.83 seconds)
[2015.10.24-20.23.16:442][  0]LoadErrors:Error: Error /Game/SSA/Blueprints/Player : Failed import for Player_C /Game/SSA/Blueprints/Player/Player.Default__Player_C
[2015.10.24-20.23.16:442][  0]LoadErrors:Error: Error /Game/SSA/Blueprints/Player_Human : Failed import for Player_Human_C /Game/SSA/Blueprints/Player/Player_Human.Default__Player_Human_C [redirection] in /Game/SSA/Blueprints/Player_Human
[2015.10.24-20.23.16:487][  0]LogContentStreaming: Texture pool size now 1000 MB
[2015.10.24-20.23.16:599][  0]LogRenderer: Reallocating scene render targets to support 1208x584 (Frame:2).
[2015.10.24-20.23.17:074][ 13]LogAssetRegistry: Asset discovery search completed in 4.2897 seconds
[2015.10.24-20.23.17:074][ 13]LogCollectionManager: Rebuilt the object cache for 0 collections in 0.000001 seconds (found 0 objects)
[2015.10.24-20.23.17:074][ 13]LogCollectionManager: Fixed up redirectors for 0 collections in 0.000021 seconds (updated 0 objects)
[2015.10.24-20.23.21:493][496]LogBlueprintUserMessages: Early PlayInEditor Detection: Level '/Game/SSA/Maps/Home_Kratakos.Home_Kratakos:PersistentLevel' has LevelScriptBlueprint '/Game/SSA/Maps/Home_Kratakos.Home_Kratakos:PersistentLevel.Home_Kratakos' with GeneratedClass '/Game/SSA/Maps/Home_Kratakos.Home_Kratakos_C' with ClassGeneratedBy '/Game/SSA/Maps/Home_Kratakos.Home_Kratakos:PersistentLevel.Home_Kratakos'
[2015.10.24-20.23.21:493][496]LogPlayLevel: PlayLevel: No blueprints needed recompiling
[2015.10.24-20.23.21:493][496]PIE: New page: PIE session: Home_Kratakos (Oct 24, 2015, 12:23:21 PM)
[2015.10.24-20.23.21:493][496]LogPlayLevel: Creating play world package: /Game/SSA/Maps/UEDPIE_0_Home_Kratakos
[2015.10.24-20.23.21:517][496]LogPlayLevel: PIE: StaticDuplicateObject took: (0.023785s)
[2015.10.24-20.23.21:517][496]LogAIModule: Creating AISystem for world Home_Kratakos
[2015.10.24-20.23.21:518][496]LogPlayLevel: PIE: World Init took: (0.000750s)
[2015.10.24-20.23.21:518][496]LogPlayLevel: PIE: Created PIE world by copying editor world from /Game/SSA/Maps/Home_Kratakos.Home_Kratakos to /Game/SSA/Maps/UEDPIE_0_Home_Kratakos.Home_Kratakos (0.024806s)
[2015.10.24-20.23.21:518][496]LogActorComponent: UnregisterComponent: (/Engine/Transient.CharMoveComp) Not registered. Aborting.
[2015.10.24-20.23.21:518][496]LogActorComponent: UnregisterComponent: (/Engine/Transient.CharacterMovementComponent_0) Not registered. Aborting.
[2015.10.24-20.23.21:532][496]LogThreadingWindows:Error: Runnable thread TaskGraphThread 1 crashed.
[2015.10.24-20.23.21:532][496]LogCrashTracker: 


[2015.10.24-20.23.21:532][496]LogWindows: === Critical error: ===
Fatal error!


Crash in runnable thread TaskGraphThread 1

[2015.10.24-20.23.21:699][496]LogCrashTracker: 


[2015.10.24-20.23.21:699][496]LogThreadingWindows:Error: Runnable thread TaskGraphThread 0 crashed.
[2015.10.24-20.23.21:699][496]LogWindows:Error: HandleError re-entered.
[2015.10.24-20.23.21:699][496]LogWindows: FPlatformMisc::RequestExit(1)
[2015.10.24-20.23.21:699][496]Log file closed, 10/24/15 16:23:21
