[2015.10.24-20.37.04:741][  0]Log file open, 10/24/15 16:37:04
[2015.10.24-20.37.04:741][  0]LogInit:Display: Running engine without a game
[2015.10.24-20.37.04:741][  0]LogInit:Display: Loading recent project file: F:/My Media/UCF Documents/DIG 4725/Game-Files/SuperSpaceArmada/SuperSpaceArmada.uproject
[2015.10.24-20.37.04:741][  0]LogInit:Display: RandInit(-1162546129) SRandInit(-1162546128).
[2015.10.24-20.37.04:741][  0]LogTaskGraph: Started task graph with 4 named threads and 7 total threads.
[2015.10.24-20.37.04:741][  0]LogStats: Stats thread started at 0.063146
[2015.10.24-20.37.04:741][  0]LogInit: Version: 4.9.1-2689999+++depot+UE4-Releases+4.9
[2015.10.24-20.37.04:741][  0]LogInit: API Version: 2672455
[2015.10.24-20.37.04:741][  0]LogInit: Compiled (64-bit): Sep 14 2015 04:12:03
[2015.10.24-20.37.04:742][  0]LogInit: Compiled with Visual C++: 18.00.21005.01
[2015.10.24-20.37.04:742][  0]LogInit: Build Configuration: Development
[2015.10.24-20.37.04:742][  0]LogInit: Branch Name: ++depot+UE4-Releases+4.9
[2015.10.24-20.37.04:742][  0]LogInit: Command line: 
[2015.10.24-20.37.04:742][  0]LogInit: Base directory: F:/Program Files/Unreal/Epic Games/4.9/Engine/Binaries/Win64/
[2015.10.24-20.37.04:742][  0]LogInit: Rocket: 1
[2015.10.24-20.37.04:749][  0]LogInit: Using libcurl 7.41.0
[2015.10.24-20.37.04:749][  0]LogInit:  - built for x86_64-pc-win32
[2015.10.24-20.37.04:749][  0]LogInit:  - supports SSL with WinSSL
[2015.10.24-20.37.04:749][  0]LogInit:  - other features:
[2015.10.24-20.37.04:749][  0]LogInit:      CURL_VERSION_SSL
[2015.10.24-20.37.04:749][  0]LogInit:      CURL_VERSION_IPV6
[2015.10.24-20.37.04:749][  0]LogInit:      CURL_VERSION_ASYNCHDNS
[2015.10.24-20.37.04:749][  0]LogInit:      CURL_VERSION_LARGEFILE
[2015.10.24-20.37.04:749][  0]LogInit:      CURL_VERSION_IDN
[2015.10.24-20.37.04:749][  0]LogInit:  CurlRequestOptions (configurable via config and command line):
[2015.10.24-20.37.04:749][  0]LogInit:  - bVerifyPeer = true  - Libcurl will verify peer certificate
[2015.10.24-20.37.04:749][  0]LogInit:  - bUseHttpProxy = false  - Libcurl will NOT use HTTP proxy
[2015.10.24-20.37.04:749][  0]LogInit:  - bDontReuseConnections = false  - Libcurl will reuse connections
[2015.10.24-20.37.04:749][  0]LogInit:  - CertBundlePath = nullptr  - Libcurl will use whatever was configured at build time.
[2015.10.24-20.37.04:755][  0]LogInit: Presizing for 0 objects not considered by GC, pre-allocating 0 bytes.
[2015.10.24-20.37.04:759][  0]LogInit: Object subsystem initialized
[2015.10.24-20.37.04:760][  0]LogInit: Selected Device Profile: [Windows]
[2015.10.24-20.37.04:760][  0]LogInit: Applying CVar settings loaded from the selected device profile: [Windows]
[2015.10.24-20.37.04:766][  0]LogInit: Computer: ANDREW_2015
[2015.10.24-20.37.04:766][  0]LogInit: User: aehrlich92
[2015.10.24-20.37.04:766][  0]LogInit: CPU Page size=4096, Cores=4
[2015.10.24-20.37.04:766][  0]LogInit: High frequency timer resolution =3.984649 MHz
[2015.10.24-20.37.04:766][  0]LogMemory: Memory total: Physical=15.9GB (16GB approx)
[2015.10.24-20.37.04:766][  0]LogMemory: Platform Memory Stats for Windows
[2015.10.24-20.37.04:766][  0]LogMemory: Process Physical Memory: 54.79 MB used, 54.79 MB peak
[2015.10.24-20.37.04:766][  0]LogMemory: Process Virtual Memory: 59.34 MB used, 59.34 MB peak
[2015.10.24-20.37.04:766][  0]LogMemory: Physical Memory: 6059.01 MB used, 16322.88 MB total
[2015.10.24-20.37.04:766][  0]LogMemory: Virtual Memory: 368.35 MB used, 134217728.00 MB total
[2015.10.24-20.37.04:805][  0]LogTextLocalizationManager: No specific translations for ('en-US') exist, so ('en') translations will be used.
[2015.10.24-20.37.05:351][  0]LogD3D11RHI: Found D3D11 adapter 0: NVIDIA GeForce GTX 960 (Feature Level 11_0)
[2015.10.24-20.37.05:351][  0]LogD3D11RHI: Adapter has 1969MB of dedicated video memory, 0MB of dedicated system memory, and 8161MB of shared system memory, 2 output[s]
[2015.10.24-20.37.05:354][  0]LogD3D11RHI: Found D3D11 adapter 1: Microsoft Basic Render Driver (Feature Level 11_0)
[2015.10.24-20.37.05:354][  0]LogD3D11RHI: Adapter has 0MB of dedicated video memory, 0MB of dedicated system memory, and 8161MB of shared system memory, 0 output[s]
[2015.10.24-20.37.05:354][  0]LogD3D11RHI: Chosen D3D11 Adapter Id = 0
[2015.10.24-20.37.05:358][  0]LogD3D11RHI: !Direct3DDevice
[2015.10.24-20.37.05:358][  0]LogRHI: Texture pool is 1361 MB (70% of 1945 MB)
[2015.10.24-20.37.05:368][  0]LogD3D11RHI: Async texture creation enabled
[2015.10.24-20.37.05:377][  0]LogShaderCompilers: Guid format shader working directory is 14 characters bigger than the processId version (../../../../../../../My Media/UCF Documents/DIG 4725/Game-Files/SuperSpaceArmada/Intermediate/Shaders/WorkingDirectory/12776/).
[2015.10.24-20.37.05:378][  0]LogShaderCompilers: Cleaned the shader compiler working directory '../../../../../../../My Media/UCF Documents/DIG 4725/Game-Files/SuperSpaceArmada/Intermediate/Shaders/tmp/D01F5A0D4B597F01E5EDB5A231749CD9/'.
[2015.10.24-20.37.05:378][  0]LogShaderCompilers:Display: Using Local Shader Compiler.
[2015.10.24-20.37.06:113][  0]LogTemp:Display: Loaded TP AllDesktopTargetPlatform
[2015.10.24-20.37.06:116][  0]LogTemp:Display: Loaded TP WindowsClientTargetPlatform
[2015.10.24-20.37.06:120][  0]LogTemp:Display: Loaded TP WindowsNoEditorTargetPlatform
[2015.10.24-20.37.06:124][  0]LogTemp:Display: Loaded TP WindowsServerTargetPlatform
[2015.10.24-20.37.06:127][  0]LogTemp:Display: Loaded TP WindowsTargetPlatform
[2015.10.24-20.37.06:130][  0]LogTemp:Display: Loaded TP AndroidTargetPlatform
[2015.10.24-20.37.06:133][  0]LogTemp:Display: Loaded TP Android_ASTCTargetPlatform
[2015.10.24-20.37.06:136][  0]LogTemp:Display: Loaded TP Android_ATCTargetPlatform
[2015.10.24-20.37.06:139][  0]LogTemp:Display: Loaded TP Android_DXTTargetPlatform
[2015.10.24-20.37.06:142][  0]LogTemp:Display: Loaded TP Android_ETC1TargetPlatform
[2015.10.24-20.37.06:145][  0]LogTemp:Display: Loaded TP Android_ETC2TargetPlatform
[2015.10.24-20.37.06:148][  0]LogTemp:Display: Loaded TP Android_PVRTCTargetPlatform
[2015.10.24-20.37.06:149][  0]LogTemp:Display: Loaded TP HTML5TargetPlatform
[2015.10.24-20.37.06:166][  0]LogTemp:Display: Loaded TP IOSTargetPlatform
[2015.10.24-20.37.06:169][  0]LogTemp:Display: Loaded TP LinuxNoEditorTargetPlatform
[2015.10.24-20.37.06:172][  0]LogTemp:Display: Loaded TP LinuxServerTargetPlatform
[2015.10.24-20.37.06:175][  0]LogTemp:Display: Loaded TP LinuxTargetPlatform
[2015.10.24-20.37.06:175][  0]LogTargetPlatformManager:Display: Building Assets For Windows
[2015.10.24-20.37.06:235][  0]LogDerivedDataCache:Display: Max Cache Size: 512 MB
[2015.10.24-20.37.06:265][  0]LogDerivedDataCache: Loaded boot cache 0.03s 41MB C:/Users/aehrlich92/AppData/Local/UnrealEngine/4.9/DerivedDataCache/Boot.ddc.
[2015.10.24-20.37.06:265][  0]LogDerivedDataCache:Display: Loaded Boot cache: C:/Users/aehrlich92/AppData/Local/UnrealEngine/4.9/DerivedDataCache/Boot.ddc
[2015.10.24-20.37.06:265][  0]LogDerivedDataCache: FDerivedDataBackendGraph:  Pak pak cache file ../../../../../../../My Media/UCF Documents/DIG 4725/Game-Files/SuperSpaceArmada/DerivedDataCache/DDC.ddp not found, will not use a pak cache.
[2015.10.24-20.37.06:265][  0]LogDerivedDataCache: Unable to find inner node Pak for hierarchical cache Hierarchy.
[2015.10.24-20.37.06:265][  0]LogDerivedDataCache: FDerivedDataBackendGraph:  CompressedPak pak cache file ../../../../../../../My Media/UCF Documents/DIG 4725/Game-Files/SuperSpaceArmada/DerivedDataCache/Compressed.ddp not found, will not use a pak cache.
[2015.10.24-20.37.06:265][  0]LogDerivedDataCache: Unable to find inner node CompressedPak for hierarchical cache Hierarchy.
[2015.10.24-20.37.06:364][  0]LogDerivedDataCache:Display: Pak cache opened for reading ../../../Engine/DerivedDataCache/Compressed.ddp.
[2015.10.24-20.37.06:376][  0]LogDerivedDataCache: Using Local data cache path C:/Users/aehrlich92/AppData/Local/UnrealEngine/Common/DerivedDataCache: Writable
[2015.10.24-20.37.06:491][  0]LogInit: Selected Device Profile: [Windows]
[2015.10.24-20.37.06:493][  0]LogContentStreaming: Texture pool size is 0.000000MB
[2015.10.24-20.37.06:574][  0]LogMeshUtilities: No automatic mesh reduction module available
[2015.10.24-20.37.06:574][  0]LogMeshUtilities: No automatic mesh merging module available
[2015.10.24-20.37.06:740][  0]LogInit: WinSock: version 1.1 (2.2), MaxSocks=32767, MaxUdp=65467
[2015.10.24-20.37.07:220][  0]LogAssetRegistry: FAssetRegistry took 0.0112 seconds to start up
[2015.10.24-20.37.07:231][  0]UdpMessaging: Initializing bridge on interface 0.0.0.0:0 to multicast group 230.0.0.1:6666.
[2015.10.24-20.37.07:424][  0]SourceControl: Info Source control is disabled
[2015.10.24-20.37.07:431][  0]SourceControl: Info Source control is disabled
[2015.10.24-20.37.07:437][  0]SourceControl: Info Source control is disabled
[2015.10.24-20.37.07:442][  0]SourceControl: Info Source control is disabled
[2015.10.24-20.37.07:524][  0]LogLinker:Warning: Asset '../../../Engine/Plugins/Runtime/LeapMotionController/Content/LM_PassthroughMaterial.uasset' has been saved with empty engine version. The asset will be loaded but may be incompatible.
[2015.10.24-20.37.07:577][  0]LogObj: 28528 objects as part of root set at end of initial load.
[2015.10.24-20.37.07:577][  0]LogUObjectAllocator: 6068464 out of 0 bytes used by permanent object pool.
[2015.10.24-20.37.07:619][  0]LogEngine: Initializing Engine...
[2015.10.24-20.37.07:621][  0]LogHMD: Can't find Oculus library dev build: is proper Runtime installed? Version: 0.7.0.0
[2015.10.24-20.37.07:622][  0]LogHMD: SteamVR failed to initialize.  Err: 110
[2015.10.24-20.37.07:701][  0]LogAIModule: Creating AISystem for world NewWorld
[2015.10.24-20.37.07:708][  0]LogInit: XAudio2 using 'Speakers (Realtek High Definition Audio)' : 8 channels at 48 kHz using 32 bits per sample (channel mask 0x63f)
[2015.10.24-20.37.07:717][  0]LogInit: FAudioDevice initialized.
[2015.10.24-20.37.07:732][  0]LogDerivedDataCache: Saved boot cache 0.02s 41MB C:/Users/aehrlich92/AppData/Local/UnrealEngine/4.9/DerivedDataCache/Boot.ddc.
[2015.10.24-20.37.07:735][  0]LogInit: Texture streaming: Enabled
[2015.10.24-20.37.07:739][  0]LogAnalytics: Creating configured Analytics provider AnalyticsET
[2015.10.24-20.37.07:739][  0]LogAnalytics: [UEEditor.Rocket.Release] APIServer = http://et2.epicgames.com/ET2/. AppVersion = 4.9.1-2689999+++depot+UE4-Releases+4.9
[2015.10.24-20.37.07:739][  0]LogAnalytics: [UEEditor.Rocket.Release] SetUserId 7bdbd2584788e6e37f918c9187bab22c|b300224d71e64562a5bff06c2aaa78f8|45aed112-7b58-41bf-9eba-b8dcb7f9dd12
[2015.10.24-20.37.07:740][  0]LogAnalytics: [UEEditor.Rocket.Release] AnalyticsET::StartSession
[2015.10.24-20.37.07:770][  0]LogInit: Transaction tracking system initialized
[2015.10.24-20.37.07:789][  0]BlueprintLog: New page: Editor Load
[2015.10.24-20.37.07:846][  0]LocalizationService: Info Localization service is disabled
[2015.10.24-20.37.07:901][  0]LogConsoleResponse:Display: 
[2015.10.24-20.37.07:986][  0]LogCook:Display: Done creating registry. It took  0.00s.
[2015.10.24-20.37.08:025][  0]LogFileCache: Scanning file cache for directory 'F:/My Media/UCF Documents/DIG 4725/Game-Files/SuperSpaceArmada/Content/' took 0.01s
[2015.10.24-20.37.08:025][  0]SourceControl: Info Source control is disabled
[2015.10.24-20.37.08:025][  0]Cmd: MAP LOAD FILE="../../../../../../../My Media/UCF Documents/DIG 4725/Game-Files/SuperSpaceArmada/Content/SSA/Maps/Home_Kratakos.umap" TEMPLATE=0 SHOWPROGRESS=1 FEATURELEVEL=3
[2015.10.24-20.37.08:025][  0]LightingResults: New page: Lighting Build
[2015.10.24-20.37.08:027][  0]MapCheck: New page: Map Check
[2015.10.24-20.37.08:027][  0]LightingResults: New page: Lighting Build
[2015.10.24-20.37.08:034][  0]LogParticles: Destroying 0 GPU particle simulations for FXSystem 0x00000026B09F5620
[2015.10.24-20.37.08:081][  0]LogLinker:Warning: Asset '../../../../../../../My Media/UCF Documents/DIG 4725/Game-Files/SuperSpaceArmada/Content/Mannequin/Animations/ThirdPerson_AnimBP.uasset' has been saved with empty engine version. The asset will be loaded but may be incompatible.
[2015.10.24-20.37.08:082][  0]LogLinker:Warning: Asset '../../../../../../../My Media/UCF Documents/DIG 4725/Game-Files/SuperSpaceArmada/Content/Mannequin/Animations/ThirdPerson_Jump.uasset' has been saved with empty engine version. The asset will be loaded but may be incompatible.
[2015.10.24-20.37.08:083][  0]LogLinker:Warning: Asset '../../../../../../../My Media/UCF Documents/DIG 4725/Game-Files/SuperSpaceArmada/Content/Mannequin/Animations/ThirdPersonJump_Loop.uasset' has been saved with empty engine version. The asset will be loaded but may be incompatible.
[2015.10.24-20.37.08:084][  0]LogLinker:Warning: Asset '../../../../../../../My Media/UCF Documents/DIG 4725/Game-Files/SuperSpaceArmada/Content/Mannequin/Animations/ThirdPersonJump_Start.uasset' has been saved with empty engine version. The asset will be loaded but may be incompatible.
[2015.10.24-20.37.08:085][  0]LogLinker:Warning: Asset '../../../../../../../My Media/UCF Documents/DIG 4725/Game-Files/SuperSpaceArmada/Content/Mannequin/Animations/ThirdPerson_IdleRun_2D.uasset' has been saved with empty engine version. The asset will be loaded but may be incompatible.
[2015.10.24-20.37.08:085][  0]LogLinker:Warning: Asset '../../../../../../../My Media/UCF Documents/DIG 4725/Game-Files/SuperSpaceArmada/Content/Mannequin/Animations/ThirdPersonIdle.uasset' has been saved with empty engine version. The asset will be loaded but may be incompatible.
[2015.10.24-20.37.08:086][  0]LogLinker:Warning: Asset '../../../../../../../My Media/UCF Documents/DIG 4725/Game-Files/SuperSpaceArmada/Content/Mannequin/Animations/ThirdPersonRun.uasset' has been saved with empty engine version. The asset will be loaded but may be incompatible.
[2015.10.24-20.37.08:087][  0]LogLinker:Warning: Asset '../../../../../../../My Media/UCF Documents/DIG 4725/Game-Files/SuperSpaceArmada/Content/Mannequin/Animations/ThirdPersonWalk.uasset' has been saved with empty engine version. The asset will be loaded but may be incompatible.
[2015.10.24-20.37.08:596][  0]LogBlueprint:Error: [compiler Player] Error Could not find a function named "Player 1 End" in 'HUD_C'.
Make sure 'HUD_C' has been compiled for  Player 1 End 
[2015.10.24-20.37.08:646][  0]LogBlueprint:Warning: [compiler Player] Warning [0004.36] Compile of Player failed. 1 Fatal Issue(s) 0 Warning(s) [in 75 ms]
[2015.10.24-20.37.08:647][  0]LogBlueprint:Warning: [compiler Player] Warning [0004.36] Compile of Player failed. 1 Fatal Issue(s) 1 Warning(s) [in 0 ms]
[2015.10.24-20.37.08:647][  0]LogBlueprint:Warning: [compiler Player] Warning [0004.36] Compile of Player failed. 1 Fatal Issue(s) 2 Warning(s) [in 0 ms]
[2015.10.24-20.37.08:861][  0]LogBlueprint:Error: Broken Node: K2Node_CallFunction /Game/SSA/Blueprints/Objects/Debris.Debris:Debris Collision func.K2Node_CallFunction_3036 keeps removed/invalid pin: EdGraphPin /Game/SSA/Blueprints/Objects/Debris.Debris:Debris Collision func.K2Node_CallFunction_3036.EdGraphPin_189478. Try refresh all nodes.
[2015.10.24-20.37.08:861][  0]LogBlueprint:Error: Broken Node: K2Node_CallFunction /Game/SSA/Blueprints/Objects/Debris.Debris:Debris Collision func.K2Node_CallFunction_2761 keeps removed/invalid pin: EdGraphPin /Game/SSA/Blueprints/Objects/Debris.Debris:Debris Collision func.K2Node_CallFunction_2761.EdGraphPin_189448. Try refresh all nodes.
[2015.10.24-20.37.09:060][  0]LogBlueprint:Error: Broken Node: K2Node_CallFunction /Game/SSA/Blueprints/Objects/Debris.Debris:Debris Collision func.K2Node_CallFunction_2761 keeps removed/invalid pin: EdGraphPin /Game/SSA/Blueprints/Objects/Debris.Debris:Debris Collision func.K2Node_CallFunction_2761.EdGraphPin_189448. Try refresh all nodes.
[2015.10.24-20.37.09:061][  0]LogBlueprint:Error: Broken Node: K2Node_CallFunction /Game/SSA/Blueprints/Objects/Debris.Debris:Debris Collision func.K2Node_CallFunction_3036 keeps removed/invalid pin: EdGraphPin /Game/SSA/Blueprints/Objects/Debris.Debris:Debris Collision func.K2Node_CallFunction_3036.EdGraphPin_189478. Try refresh all nodes.
[2015.10.24-20.37.09:247][  0]LogBlueprint:Error: [compiler Player] Error Could not find a function named "Player 1 End" in 'HUD_C'.
Make sure 'HUD_C' has been compiled for  Player 1 End 
[2015.10.24-20.37.09:291][  0]LogBlueprint:Warning: [compiler Player] Warning [0005.01] Compile of Player failed. 1 Fatal Issue(s) 0 Warning(s) [in 65 ms]
[2015.10.24-20.37.09:291][  0]LogBlueprint:Warning: [compiler Player] Warning [0005.01] Compile of Player failed. 1 Fatal Issue(s) 1 Warning(s) [in 0 ms]
[2015.10.24-20.37.09:293][  0]LogBlueprint:Warning: [compiler Player] Warning [0005.01] Compile of Player failed. 1 Fatal Issue(s) 2 Warning(s) [in 2 ms]
[2015.10.24-20.37.09:529][  0]LogLinker:Warning: Can't find file '/Game/Geometry/Meshes/1M_Cube'
[2015.10.24-20.37.09:529][  0]LogLinker:Warning: Can't find file for asset '/Game/Geometry/Meshes/1M_Cube' while loading ../../../../../../../My Media/UCF Documents/DIG 4725/Game-Files/SuperSpaceArmada/Content/SSA/Blueprints/Objects/Crystal_Spawner.uasset.
[2015.10.24-20.37.09:529][  0]LoadErrors:Error: Error /Game/SSA/Blueprints/Objects/Crystal_Spawner : Can't find file for asset. /Game/Geometry/Meshes/1M_Cube
[2015.10.24-20.37.09:530][  0]LogLinker:Warning: Can't find file '/Game/Geometry/Meshes/1M_Cube'
[2015.10.24-20.37.09:530][  0]LogLinker:Warning: Can't find file for asset '/Game/Geometry/Meshes/1M_Cube' while loading ../../../../../../../My Media/UCF Documents/DIG 4725/Game-Files/SuperSpaceArmada/Content/SSA/Blueprints/Objects/Crystal_Spawner.uasset.
[2015.10.24-20.37.09:530][  0]LoadErrors:Error: Error /Game/SSA/Blueprints/Objects/Crystal_Spawner : Can't find file for asset. /Game/Geometry/Meshes/1M_Cube
[2015.10.24-20.37.09:531][  0]LogLinker:Warning: Can't find file '/Game/Geometry/Meshes/1M_Cube'
[2015.10.24-20.37.09:531][  0]LogLinker:Warning: Can't find file for asset '/Game/Geometry/Meshes/1M_Cube' while loading ../../../../../../../My Media/UCF Documents/DIG 4725/Game-Files/SuperSpaceArmada/Content/SSA/Maps/Home_Kratakos.umap.
[2015.10.24-20.37.09:531][  0]LoadErrors:Error: Error /Game/SSA/Maps/Home_Kratakos : Can't find file for asset. /Game/Geometry/Meshes/1M_Cube
[2015.10.24-20.37.09:531][  0]LogLinker:Warning: Can't find file '/Game/Geometry/Meshes/1M_Cube'
[2015.10.24-20.37.09:531][  0]LogLinker:Warning: Can't find file for asset '/Game/Geometry/Meshes/1M_Cube' while loading ../../../../../../../My Media/UCF Documents/DIG 4725/Game-Files/SuperSpaceArmada/Content/SSA/Maps/Home_Kratakos.umap.
[2015.10.24-20.37.09:531][  0]LoadErrors:Error: Error /Game/SSA/Maps/Home_Kratakos : Can't find file for asset. /Game/Geometry/Meshes/1M_Cube
[2015.10.24-20.37.09:531][  0]LogLinker:Warning: Can't find file '/Game/Geometry/Meshes/1M_Cube'
[2015.10.24-20.37.09:531][  0]LoadErrors: Info Failed to load /Game/Geometry/Meshes/1M_Cube.1M_Cube Referenced by StaticMeshComponent0
[2015.10.24-20.37.09:531][  0]LogLinker:Warning: Can't find file for asset '/Game/Geometry/Meshes/1M_Cube' while loading ../../../../../../../My Media/UCF Documents/DIG 4725/Game-Files/SuperSpaceArmada/Content/SSA/Maps/Home_Kratakos.umap.
[2015.10.24-20.37.09:531][  0]LoadErrors: Info Failed to load /Game/Geometry/Meshes/1M_Cube.1M_Cube Referenced by StaticMeshComponent0
[2015.10.24-20.37.09:531][  0]LoadErrors:Error: Error /Game/SSA/Maps/Home_Kratakos : Can't find file for asset. /Game/Geometry/Meshes/1M_Cube
[2015.10.24-20.37.10:182][  0]LogAIModule: Creating AISystem for world Home_Kratakos
[2015.10.24-20.37.10:188][  0]LogEditorServer: Finished looking for orphan Actors (0.000 secs)
[2015.10.24-20.37.10:189][  0]Cmd: MAP CHECKDEP NOCLEARLOG
[2015.10.24-20.37.10:239][  0]MapCheck: Info Map check complete: 0 Error(s), 0 Warning(s), took 50.335ms to complete.
[2015.10.24-20.37.10:239][  0]LogFileHelpers: Loading map 'Home_Kratakos' took 2.214
[2015.10.24-20.37.10:337][  0]LogCollectionManager: Loaded 0 collections in 0.001474 seconds
[2015.10.24-20.37.10:375][  0]LogFileCache: Scanning file cache for directory 'F:/My Media/UCF Documents/DIG 4725/Game-Files/SuperSpaceArmada/Saved/Collections/' took 0.01s
[2015.10.24-20.37.10:375][  0]LogFileCache: Scanning file cache for directory 'F:/My Media/UCF Documents/DIG 4725/Game-Files/SuperSpaceArmada/Content/Developers/aehrlich92/Collections/' took 0.01s
[2015.10.24-20.37.10:375][  0]LogFileCache: Scanning file cache for directory 'F:/My Media/UCF Documents/DIG 4725/Game-Files/SuperSpaceArmada/Content/Collections/' took 0.01s
[2015.10.24-20.37.10:375][  0]LogContentBrowser: Native class hierarchy populated in 0.0051 seconds. Added 1882 classes and 339 folders.
[2015.10.24-20.37.10:380][  0]LogCollectionManager: Rebuilt the GUID cache for 0 collections in 0.000002 seconds
[2015.10.24-20.37.10:383][  0]LogContentBrowser: Native class hierarchy updated for 'WidgetCarousel' in 0.0002 seconds. Added 0 classes and 0 folders.
[2015.10.24-20.37.10:411][  0]LogContentBrowser: Native class hierarchy updated for 'AddContentDialog' in 0.0002 seconds. Added 0 classes and 0 folders.
[2015.10.24-20.37.10:413][  0]LogContentBrowser: Native class hierarchy updated for 'SceneOutliner' in 0.0002 seconds. Added 1 classes and 2 folders.
[2015.10.24-20.37.10:435][  0]LogCrashTracker: Crashtracker disabled due to settings.
[2015.10.24-20.37.10:444][  0]LogUObjectGlobals:Warning: Failed to find object 'Class None.'
[2015.10.24-20.37.10:466][  0]LogLoad: Full Startup: 6.18 seconds (BP compile: 0.71 seconds)
[2015.10.24-20.37.10:475][  0]LoadErrors:Error: Error /Game/SSA/Blueprints/Player : Failed import for Player_C /Game/SSA/Blueprints/Player/Player.Default__Player_C
[2015.10.24-20.37.10:475][  0]LoadErrors:Error: Error /Game/SSA/Blueprints/Player_Human : Failed import for Player_Human_C /Game/SSA/Blueprints/Player/Player_Human.Default__Player_Human_C [redirection] in /Game/SSA/Blueprints/Player_Human
[2015.10.24-20.37.10:519][  0]LogContentStreaming: Texture pool size now 1000 MB
[2015.10.24-20.37.10:618][  0]LogRenderer: Reallocating scene render targets to support 1208x584 (Frame:2).
[2015.10.24-20.37.11:023][ 11]LogAssetRegistry: Asset discovery search completed in 3.8148 seconds
[2015.10.24-20.37.11:023][ 11]LogCollectionManager: Rebuilt the object cache for 0 collections in 0.000001 seconds (found 0 objects)
[2015.10.24-20.37.11:023][ 11]LogCollectionManager: Fixed up redirectors for 0 collections in 0.000016 seconds (updated 0 objects)
[2015.10.24-20.37.11:702][ 47]LogLinker:Warning: Asset '../../../Engine/Content/ArtTools/RenderToTexture/Macros/RenderToTextureMacros.uasset' has been saved with empty engine version. The asset will be loaded but may be incompatible.
[2015.10.24-20.37.12:070][ 47]LogContentBrowser: Native class hierarchy updated for 'BlueprintGraph' in 0.0005 seconds. Added 107 classes and 0 folders.
[2015.10.24-20.37.15:873][272]BlueprintLog: New page: Compile MainMenu
[2015.10.24-20.37.15:965][272]LogActorComponent: UnregisterComponent: (/Engine/Transient.CharMoveComp) Not registered. Aborting.
[2015.10.24-20.37.15:965][272]LogActorComponent: UnregisterComponent: (/Engine/Transient.CharacterMovementComponent_0) Not registered. Aborting.
[2015.10.24-20.37.16:060][272]BlueprintEditorCompileResults: Info [0011.78] Compile of MainMenu successful! [in 186 ms]
[2015.10.24-20.37.33:631][877]BlueprintLog: New page: Compile Player
[2015.10.24-20.37.33:805][877]LogActorComponent: UnregisterComponent: (/Engine/Transient.CharMoveComp) Not registered. Aborting.
[2015.10.24-20.37.33:805][877]LogActorComponent: UnregisterComponent: (/Engine/Transient.CharacterMovementComponent_1) Not registered. Aborting.
[2015.10.24-20.37.33:805][877]LogActorComponent: UnregisterComponent: (/Engine/Transient.CharacterMovementComponent_2) Not registered. Aborting.
[2015.10.24-20.37.34:330][877]BlueprintEditorCompileResults: Info [0030.05] Compile of Player successful! [in 698 ms]
[2015.10.24-20.37.35:138][936]LogActorComponent: UnregisterComponent: (/Engine/Transient.CharMoveComp) Not registered. Aborting.
[2015.10.24-20.37.35:138][936]LogActorComponent: UnregisterComponent: (/Engine/Transient.CharacterMovementComponent_3) Not registered. Aborting.
[2015.10.24-20.37.35:138][936]LogActorComponent: UnregisterComponent: (/Engine/Transient.CharacterMovementComponent_4) Not registered. Aborting.
[2015.10.24-20.37.35:503][936]LogSavePackage: Save=313.840454ms
[2015.10.24-20.37.35:503][936]LogSavePackage: Moving '../../../../../../../My Media/UCF Documents/DIG 4725/Game-Files/SuperSpaceArmada/Saved/PlayerBD78F7E74107537E695B929A6CA1CF5B.tmp' to '../../../../../../../My Media/UCF Documents/DIG 4725/Game-Files/SuperSpaceArmada/Content/SSA/Blueprints/Player_Ships/Player.uasset'
[2015.10.24-20.37.35:505][936]LogSavePackage: Total save time: 325.643737ms
[2015.10.24-20.37.35:505][936]LogSavePackage:Warning: Finished SavePackage ../../../../../../../My Media/UCF Documents/DIG 4725/Game-Files/SuperSpaceArmada/Content/SSA/Blueprints/Player_Ships/Player.uasset
[2015.10.24-20.37.41:124][535]LogParticles: Destroying 0 GPU particle simulations for FXSystem 0x00000026F047E980
[2015.10.24-20.37.41:125][535]LogParticles: Destroying 0 GPU particle simulations for FXSystem 0x00000026F047F100
[2015.10.24-20.37.41:125][535]LogParticles: Destroying 0 GPU particle simulations for FXSystem 0x00000026F0E78860
[2015.10.24-20.37.41:359][535]LogWindowsTextInputMethodSystem:Display: IME system now deactivated.
[2015.10.24-20.37.41:573][536]Cmd: QUIT_EDITOR
[2015.10.24-20.37.41:757][536]LogExit: Preparing to exit.
[2015.10.24-20.37.42:362][536]LogExit: Editor shut down
[2015.10.24-20.37.42:362][536]LogExit: Transaction tracking system shut down
[2015.10.24-20.37.42:366][536]LogParticles: Destroying 0 GPU particle simulations for FXSystem 0x00000026BCBD6FC0
[2015.10.24-20.37.42:366][536]LogParticles: Destroying 0 GPU particle simulations for FXSystem 0x00000026C176B4C0
[2015.10.24-20.37.42:366][536]LogParticles: Destroying 0 GPU particle simulations for FXSystem 0x00000026C0CE0400
[2015.10.24-20.37.42:366][536]LogParticles: Destroying 0 GPU particle simulations for FXSystem 0x00000026CC562C00
[2015.10.24-20.37.42:366][536]LogParticles: Destroying 0 GPU particle simulations for FXSystem 0x00000026CC562980
[2015.10.24-20.37.42:369][536]LogParticles: Destroying 0 GPU particle simulations for FXSystem 0x00000026DDCD1B20
[2015.10.24-20.37.42:369][536]LogParticles: Destroying 0 GPU particle simulations for FXSystem 0x00000026F3CAD8A0
[2015.10.24-20.37.42:370][536]LogParticles: Destroying 0 GPU particle simulations for FXSystem 0x00000026F3CAD3A0
[2015.10.24-20.37.42:508][536]LogExit: Object subsystem successfully closed.
[2015.10.24-20.37.42:526][536]LogD3D11RHI: Shutdown
[2015.10.24-20.37.42:526][536]LogD3D11RHI: CleanupD3DDevice
[2015.10.24-20.37.42:569][536]LogD3D11RHI: ~FD3D11DynamicRHI
[2015.10.24-20.37.42:580][536]LogModuleManager: Shutting down and abandoning module SequencerWidgets (201)
[2015.10.24-20.37.42:580][536]LogModuleManager: Shutting down and abandoning module BlueprintGraph (200)
[2015.10.24-20.37.42:580][536]LogModuleManager: Shutting down and abandoning module CrashTracker (199)
[2015.10.24-20.37.42:580][536]LogModuleManager: Shutting down and abandoning module SceneOutliner (198)
[2015.10.24-20.37.42:580][536]LogModuleManager: Shutting down and abandoning module SuperSearch (197)
[2015.10.24-20.37.42:580][536]LogModuleManager: Shutting down and abandoning module WidgetCarousel (196)
[2015.10.24-20.37.42:580][536]LogModuleManager: Shutting down and abandoning module AddContentDialog (195)
[2015.10.24-20.37.42:580][536]LogModuleManager: Shutting down and abandoning module EditorWidgets (194)
[2015.10.24-20.37.42:580][536]LogModuleManager: Shutting down and abandoning module CollectionManager (193)
[2015.10.24-20.37.42:580][536]LogModuleManager: Shutting down and abandoning module StatsViewer (192)
[2015.10.24-20.37.42:581][536]LogModuleManager: Shutting down and abandoning module FoliageEdit (191)
[2015.10.24-20.37.42:581][536]LogModuleManager: Shutting down and abandoning module LandscapeEditor (190)
[2015.10.24-20.37.42:581][536]LogModuleManager: Shutting down and abandoning module ActorPickerMode (189)
[2015.10.24-20.37.42:581][536]LogModuleManager: Shutting down and abandoning module GeometryMode (188)
[2015.10.24-20.37.42:581][536]LogModuleManager: Shutting down and abandoning module TextureAlignMode (187)
[2015.10.24-20.37.42:581][536]LogModuleManager: Shutting down and abandoning module BspMode (186)
[2015.10.24-20.37.42:581][536]LogModuleManager: Shutting down and abandoning module PlacementMode (185)
[2015.10.24-20.37.42:581][536]LogModuleManager: Shutting down and abandoning module AutomationWorker (184)
[2015.10.24-20.37.42:581][536]LogModuleManager: Shutting down and abandoning module CharacterAI (183)
[2015.10.24-20.37.42:581][536]LogModuleManager: Shutting down and abandoning module SmartSnapping (182)
[2015.10.24-20.37.42:581][536]LogModuleManager: Shutting down and abandoning module ViewportSnapping (181)
[2015.10.24-20.37.42:581][536]LogModuleManager: Shutting down and abandoning module LogVisualizer (180)
[2015.10.24-20.37.42:581][536]LogModuleManager: Shutting down and abandoning module GameProjectGeneration (179)
[2015.10.24-20.37.42:581][536]LogModuleManager: Shutting down and abandoning module IntroTutorials (178)
[2015.10.24-20.37.42:581][536]LogModuleManager: Shutting down and abandoning module EditorLiveStreaming (177)
[2015.10.24-20.37.42:581][536]LogModuleManager: Shutting down and abandoning module IOSPlatformEditor (176)
[2015.10.24-20.37.42:581][536]LogModuleManager: Shutting down and abandoning module HTML5PlatformEditor (175)
[2015.10.24-20.37.42:581][536]LogModuleManager: Shutting down and abandoning module AndroidDeviceDetection (174)
[2015.10.24-20.37.42:883][536]LogModuleManager: Shutting down and abandoning module AndroidPlatformEditor (173)
[2015.10.24-20.37.42:883][536]LogModuleManager: Shutting down and abandoning module IOSRuntimeSettings (172)
[2015.10.24-20.37.42:883][536]LogModuleManager: Shutting down and abandoning module AndroidRuntimeSettings (171)
[2015.10.24-20.37.42:883][536]LogModuleManager: Shutting down and abandoning module MergeActors (170)
[2015.10.24-20.37.42:883][536]LogModuleManager: Shutting down and abandoning module SizeMap (169)
[2015.10.24-20.37.42:883][536]LogModuleManager: Shutting down and abandoning module TreeMap (168)
[2015.10.24-20.37.42:883][536]LogModuleManager: Shutting down and abandoning module ReferenceViewer (167)
[2015.10.24-20.37.42:883][536]LogModuleManager: Shutting down and abandoning module LocalizationService (166)
[2015.10.24-20.37.42:883][536]LogModuleManager: Shutting down and abandoning module LocalizationDashboard (165)
[2015.10.24-20.37.42:883][536]LogModuleManager: Shutting down and abandoning module HardwareTargeting (164)
[2015.10.24-20.37.42:883][536]LogModuleManager: Shutting down and abandoning module DeviceProfileEditor (163)
[2015.10.24-20.37.42:883][536]LogModuleManager: Shutting down and abandoning module UndoHistory (162)
[2015.10.24-20.37.42:883][536]LogModuleManager: Shutting down and abandoning module GameplayTagsEditor (161)
[2015.10.24-20.37.42:883][536]LogModuleManager: Shutting down and abandoning module UserFeedback (160)
[2015.10.24-20.37.42:883][536]LogModuleManager: Shutting down and abandoning module XmlParser (159)
[2015.10.24-20.37.42:883][536]LogModuleManager: Shutting down and abandoning module Blutility (158)
[2015.10.24-20.37.42:883][536]LogModuleManager: Shutting down and abandoning module ProjectTargetPlatformEditor (157)
[2015.10.24-20.37.42:883][536]LogModuleManager: Shutting down and abandoning module ProjectSettingsViewer (156)
[2015.10.24-20.37.42:883][536]LogModuleManager: Shutting down and abandoning module InputBindingEditor (155)
[2015.10.24-20.37.42:883][536]LogModuleManager: Shutting down and abandoning module EditorSettingsViewer (154)
[2015.10.24-20.37.42:883][536]LogModuleManager: Shutting down and abandoning module SettingsEditor (153)
[2015.10.24-20.37.42:883][536]LogModuleManager: Shutting down and abandoning module ProjectLauncher (152)
[2015.10.24-20.37.42:883][536]LogModuleManager: Shutting down and abandoning module SessionFrontend (151)
[2015.10.24-20.37.42:883][536]LogModuleManager: Shutting down and abandoning module ProfilerClient (150)
[2015.10.24-20.37.42:883][536]LogModuleManager: Shutting down and abandoning module TargetDeviceServices (149)
[2015.10.24-20.37.42:883][536]LogModuleManager: Shutting down and abandoning module DeviceManager (148)
[2015.10.24-20.37.42:884][536]LogModuleManager: Shutting down and abandoning module AutomationController (147)
[2015.10.24-20.37.42:884][536]LogModuleManager: Shutting down and abandoning module AutomationWindow (146)
[2015.10.24-20.37.42:884][536]LogModuleManager: Shutting down and abandoning module Layers (145)
[2015.10.24-20.37.42:884][536]LogModuleManager: Shutting down and abandoning module ComponentVisualizers (144)
[2015.10.24-20.37.42:884][536]LogModuleManager: Shutting down and abandoning module DetailCustomizations (143)
[2015.10.24-20.37.42:884][536]LogModuleManager: Shutting down and abandoning module PackagesDialog (142)
[2015.10.24-20.37.42:884][536]LogModuleManager: Shutting down and abandoning module Persona (141)
[2015.10.24-20.37.42:884][536]LogModuleManager: Shutting down and abandoning module Kismet (140)
[2015.10.24-20.37.42:884][536]LogModuleManager: Shutting down and abandoning module GraphEditor (139)
[2015.10.24-20.37.42:884][536]LogModuleManager: Shutting down and abandoning module ClassViewer (138)
[2015.10.24-20.37.42:884][536]LogModuleManager: Shutting down and abandoning module Toolbox (137)
[2015.10.24-20.37.42:884][536]LogModuleManager: Shutting down and abandoning module ModuleUI (136)
[2015.10.24-20.37.42:884][536]LogModuleManager: Shutting down and abandoning module MovieSceneTools (135)
[2015.10.24-20.37.42:884][536]LogModuleManager: Shutting down and abandoning module OutputLog (134)
[2015.10.24-20.37.42:884][536]LogModuleManager: Shutting down and abandoning module GammaUI (133)
[2015.10.24-20.37.42:884][536]LogModuleManager: Shutting down and abandoning module Documentation (132)
[2015.10.24-20.37.42:884][536]LogModuleManager: Shutting down and abandoning module GameLiveStreaming (131)
[2015.10.24-20.37.42:884][536]LogModuleManager: Shutting down and abandoning module StreamingPauseRendering (130)
[2015.10.24-20.37.42:884][536]LogModuleManager: Shutting down and abandoning module AnalyticsET (129)
[2015.10.24-20.37.42:884][536]LogModuleManager: Shutting down and abandoning module Analytics (128)
[2015.10.24-20.37.42:884][536]LogModuleManager: Shutting down and abandoning module AITestSuite (127)
[2015.10.24-20.37.42:884][536]LogModuleManager: Shutting down and abandoning module GameplayDebugger (126)
[2015.10.24-20.37.42:884][536]LogModuleManager: Shutting down and abandoning module AIModule (125)
[2015.10.24-20.37.42:884][536]LogModuleManager: Shutting down and abandoning module ProfilerService (124)
[2015.10.24-20.37.43:123][536]LogModuleManager: Shutting down and abandoning module TaskGraph (123)
[2015.10.24-20.37.43:123][536]LogModuleManager: Shutting down and abandoning module SubstanceEditor (122)
[2015.10.24-20.37.43:123][536]LogModuleManager: Shutting down and abandoning module SlateRemote (121)
[2015.10.24-20.37.43:123][536]LogModuleManager: Shutting down and abandoning module SteamVRController (120)
[2015.10.24-20.37.43:123][536]LogModuleManager: Shutting down and abandoning module SteamVR (119)
[2015.10.24-20.37.43:123][536]LogModuleManager: Shutting down and abandoning module ProceduralMeshComponent (118)
[2015.10.24-20.37.43:123][536]LogModuleManager: Shutting down and abandoning module OculusRift (117)
[2015.10.24-20.37.43:123][536]LogModuleManager: Shutting down and abandoning module OculusLibrary (116)
[2015.10.24-20.37.43:123][536]LogModuleManager: Shutting down and abandoning module LeapMotionController (115)
[2015.10.24-20.37.43:149][536]LogModuleManager: Shutting down and abandoning module CustomMeshComponent (114)
[2015.10.24-20.37.43:149][536]LogModuleManager: Shutting down and abandoning module CableComponent (113)
[2015.10.24-20.37.43:149][536]LogModuleManager: Shutting down and abandoning module ArchVisCharacter (112)
[2015.10.24-20.37.43:149][536]LogModuleManager: Shutting down and abandoning module MessagingDebugger (111)
[2015.10.24-20.37.43:149][536]LogModuleManager: Shutting down and abandoning module MediaPlayerEditor (110)
[2015.10.24-20.37.43:149][536]LogModuleManager: Shutting down and abandoning module HTML5Networking (109)
[2015.10.24-20.37.43:149][536]LogModuleManager: Shutting down and abandoning module SpeedTreeImporter (108)
[2015.10.24-20.37.43:149][536]LogModuleManager: Shutting down and abandoning module PluginBrowser (107)
[2015.10.24-20.37.43:149][536]LogModuleManager: Shutting down and abandoning module EpicSurvey (106)
[2015.10.24-20.37.43:149][536]LogModuleManager: Shutting down and abandoning module DesktopPlatform (105)
[2015.10.24-20.37.43:149][536]LogModuleManager: Shutting down and abandoning module VisualStudioSourceCodeAccess (104)
[2015.10.24-20.37.43:149][536]LogModuleManager: Shutting down and abandoning module UObjectPlugin (103)
[2015.10.24-20.37.43:149][536]LogModuleManager: Shutting down and abandoning module SubversionSourceControl (102)
[2015.10.24-20.37.43:149][536]LogModuleManager: Shutting down and abandoning module PerforceSourceControl (101)
[2015.10.24-20.37.43:149][536]LogModuleManager: Shutting down and abandoning module SourceControl (100)
[2015.10.24-20.37.43:149][536]LogModuleManager: Shutting down and abandoning module GitSourceControl (99)
[2015.10.24-20.37.43:149][536]LogModuleManager: Shutting down and abandoning module LightPropagationVolumeEditor (98)
[2015.10.24-20.37.43:149][536]LogModuleManager: Shutting down and abandoning module PaperTiledImporter (97)
[2015.10.24-20.37.43:149][536]LogModuleManager: Shutting down and abandoning module PaperSpriteSheetImporter (96)
[2015.10.24-20.37.43:149][536]LogModuleManager: Shutting down and abandoning module MeshPaint (95)
[2015.10.24-20.37.43:149][536]LogModuleManager: Shutting down and abandoning module SlateReflector (94)
[2015.10.24-20.37.43:149][536]LogModuleManager: Shutting down and abandoning module HotReload (93)
[2015.10.24-20.37.43:149][536]LogModuleManager: Shutting down and abandoning module MainFrame (92)
[2015.10.24-20.37.43:149][536]LogModuleManager: Shutting down and abandoning module LevelEditor (91)
[2015.10.24-20.37.43:150][536]LogModuleManager: Shutting down and abandoning module ContentBrowser (90)
[2015.10.24-20.37.43:150][536]LogModuleManager: Shutting down and abandoning module Paper2DEditor (89)
[2015.10.24-20.37.43:150][536]LogModuleManager: Shutting down and abandoning module UdpMessaging (88)
[2015.10.24-20.37.43:252][536]LogModuleManager: Shutting down and abandoning module DirectoryWatcher (87)
[2015.10.24-20.37.43:252][536]LogModuleManager: Shutting down and abandoning module AssetRegistry (86)
[2015.10.24-20.37.43:360][536]LogModuleManager: Shutting down and abandoning module SubstanceCore (85)
[2015.10.24-20.37.43:360][536]LogModuleManager: Shutting down and abandoning module LightPropagationVolumeRuntime (84)
[2015.10.24-20.37.43:360][536]LogModuleManager: Shutting down and abandoning module Paper2D (83)
[2015.10.24-20.37.43:360][536]LogModuleManager: Shutting down and abandoning module WindowsMoviePlayer (82)
[2015.10.24-20.37.43:365][536]LogModuleManager: Shutting down and abandoning module Media (81)
[2015.10.24-20.37.43:365][536]LogModuleManager: Shutting down and abandoning module WmfMedia (80)
[2015.10.24-20.37.43:365][536]LogModuleManager: Shutting down and abandoning module OnlineBlueprintSupport (79)
[2015.10.24-20.37.43:365][536]LogModuleManager: Shutting down and abandoning module GameplayTasksEditor (78)
[2015.10.24-20.37.43:365][536]LogModuleManager: Shutting down and abandoning module PropertyEditor (77)
[2015.10.24-20.37.43:365][536]LogModuleManager: Shutting down and abandoning module BehaviorTreeEditor (76)
[2015.10.24-20.37.43:365][536]LogModuleManager: Shutting down and abandoning module FunctionalTesting (75)
[2015.10.24-20.37.43:365][536]LogModuleManager: Shutting down and abandoning module CollisionAnalyzer (74)
[2015.10.24-20.37.43:365][536]LogModuleManager: Shutting down and abandoning module WorkspaceMenuStructure (73)
[2015.10.24-20.37.43:365][536]LogModuleManager: Shutting down and abandoning module MessageLog (72)
[2015.10.24-20.37.43:365][536]LogModuleManager: Shutting down and abandoning module Sequencer (71)
[2015.10.24-20.37.43:365][536]LogModuleManager: Shutting down and abandoning module AssetTools (70)
[2015.10.24-20.37.43:365][536]LogModuleManager: Shutting down and abandoning module UMGEditor (69)
[2015.10.24-20.37.43:365][536]LogModuleManager: Shutting down and abandoning module UMG (68)
[2015.10.24-20.37.43:365][536]LogModuleManager: Shutting down and abandoning module Slate (67)
[2015.10.24-20.37.43:365][536]LogModuleManager: Shutting down and abandoning module EditorStyle (66)
[2015.10.24-20.37.43:368][536]LogModuleManager: Shutting down and abandoning module SessionServices (65)
[2015.10.24-20.37.43:368][536]LogModuleManager: Shutting down and abandoning module SourceCodeAccess (64)
[2015.10.24-20.37.43:368][536]LogModuleManager: Shutting down and abandoning module HeadMountedDisplay (63)
[2015.10.24-20.37.43:368][536]LogModuleManager: Shutting down and abandoning module XAudio2 (62)
[2015.10.24-20.37.43:368][536]LogModuleManager: Shutting down and abandoning module Networking (60)
[2015.10.24-20.37.43:368][536]LogModuleManager: Shutting down and abandoning module Core (59)
[2015.10.24-20.37.43:368][536]LogModuleManager: Shutting down and abandoning module KismetCompiler (58)
[2015.10.24-20.37.43:368][536]LogModuleManager: Shutting down and abandoning module PhysXFormats (57)
[2015.10.24-20.37.43:368][536]LogModuleManager: Shutting down and abandoning module MeshUtilities (56)
[2015.10.24-20.37.43:368][536]LogModuleManager: Shutting down and abandoning module CookingStats (55)
[2015.10.24-20.37.43:370][536]LogModuleManager: Shutting down and abandoning module DerivedDataCache (54)
[2015.10.24-20.37.43:388][536]LogDerivedDataCache: Shutdown
[2015.10.24-20.37.43:388][536]LogModuleManager: Shutting down and abandoning module ShaderFormatOpenGL (53)
[2015.10.24-20.37.43:388][536]LogModuleManager: Shutting down and abandoning module ShaderFormatD3D (52)
[2015.10.24-20.37.43:388][536]LogModuleManager: Shutting down and abandoning module MetalShaderFormat (51)
[2015.10.24-20.37.43:388][536]LogModuleManager: Shutting down and abandoning module TextureFormatUncompressed (50)
[2015.10.24-20.37.43:388][536]LogModuleManager: Shutting down and abandoning module TextureFormatPVR (49)
[2015.10.24-20.37.43:388][536]LogModuleManager: Shutting down and abandoning module TextureFormatIntelISPCTexComp (48)
[2015.10.24-20.37.43:388][536]LogModuleManager: Shutting down and abandoning module TextureFormatDXT (47)
[2015.10.24-20.37.43:388][536]LogModuleManager: Shutting down and abandoning module ImageWrapper (46)
[2015.10.24-20.37.43:388][536]LogModuleManager: Shutting down and abandoning module TextureFormatASTC (45)
[2015.10.24-20.37.43:388][536]LogModuleManager: Shutting down and abandoning module TextureFormatAndroid (44)
[2015.10.24-20.37.43:388][536]LogModuleManager: Shutting down and abandoning module AudioFormatOpus (43)
[2015.10.24-20.37.43:388][536]LogModuleManager: Shutting down and abandoning module AudioFormatOgg (42)
[2015.10.24-20.37.43:388][536]LogModuleManager: Shutting down and abandoning module AudioFormatADPCM (41)
[2015.10.24-20.37.43:388][536]LogModuleManager: Shutting down and abandoning module LinuxTargetPlatform (40)
[2015.10.24-20.37.43:388][536]LogModuleManager: Shutting down and abandoning module LinuxServerTargetPlatform (39)
[2015.10.24-20.37.43:388][536]LogModuleManager: Shutting down and abandoning module LinuxNoEditorTargetPlatform (38)
[2015.10.24-20.37.43:389][536]LogModuleManager: Shutting down and abandoning module Messaging (37)
[2015.10.24-20.37.43:389][536]LogModuleManager: Shutting down and abandoning module IOSTargetPlatform (36)
[2015.10.24-20.37.43:389][536]LogModuleManager: Shutting down and abandoning module HTML5TargetPlatform (35)
[2015.10.24-20.37.43:389][536]LogModuleManager: Shutting down and abandoning module Android_PVRTCTargetPlatform (34)
[2015.10.24-20.37.43:389][536]LogModuleManager: Shutting down and abandoning module Android_ETC2TargetPlatform (33)
[2015.10.24-20.37.43:389][536]LogModuleManager: Shutting down and abandoning module Android_ETC1TargetPlatform (32)
[2015.10.24-20.37.43:389][536]LogModuleManager: Shutting down and abandoning module Android_DXTTargetPlatform (31)
[2015.10.24-20.37.43:389][536]LogModuleManager: Shutting down and abandoning module Android_ATCTargetPlatform (30)
[2015.10.24-20.37.43:389][536]LogModuleManager: Shutting down and abandoning module Android_ASTCTargetPlatform (29)
[2015.10.24-20.37.43:389][536]LogModuleManager: Shutting down and abandoning module AndroidTargetPlatform (28)
[2015.10.24-20.37.43:389][536]LogModuleManager: Shutting down and abandoning module WindowsTargetPlatform (27)
[2015.10.24-20.37.43:389][536]LogModuleManager: Shutting down and abandoning module WindowsServerTargetPlatform (26)
[2015.10.24-20.37.43:389][536]LogModuleManager: Shutting down and abandoning module WindowsNoEditorTargetPlatform (25)
[2015.10.24-20.37.43:389][536]LogModuleManager: Shutting down and abandoning module WindowsClientTargetPlatform (24)
[2015.10.24-20.37.43:389][536]LogModuleManager: Shutting down and abandoning module AllDesktopTargetPlatform (23)
[2015.10.24-20.37.43:389][536]LogModuleManager: Shutting down and abandoning module TargetPlatform (22)
[2015.10.24-20.37.43:389][536]LogModuleManager: Shutting down and abandoning module InputCore (21)
[2015.10.24-20.37.43:389][536]LogModuleManager: Shutting down and abandoning module Settings (20)
[2015.10.24-20.37.43:389][536]LogModuleManager: Shutting down and abandoning module OnlineSubsystem (18)
[2015.10.24-20.37.43:389][536]LogModuleManager: Shutting down and abandoning module HTTP (17)
[2015.10.24-20.37.45:391][536]LogModuleManager: Shutting down and abandoning module XMPP (16)
[2015.10.24-20.37.45:391][536]LogModuleManager: Shutting down and abandoning module ExampleDeviceProfileSelector (15)
[2015.10.24-20.37.45:391][536]LogModuleManager: Shutting down and abandoning module TextureCompressor (14)
[2015.10.24-20.37.45:391][536]LogModuleManager: Shutting down and abandoning module ShaderCore (13)
[2015.10.24-20.37.45:391][536]LogModuleManager: Shutting down and abandoning module Landscape (12)
[2015.10.24-20.37.45:391][536]LogModuleManager: Shutting down and abandoning module SlateRHIRenderer (11)
[2015.10.24-20.37.45:393][536]LogModuleManager: Shutting down and abandoning module OpenGLDrv (10)
[2015.10.24-20.37.45:393][536]LogModuleManager: Shutting down and abandoning module D3D11RHI (9)
[2015.10.24-20.37.45:393][536]LogModuleManager: Shutting down and abandoning module AnimGraphRuntime (8)
[2015.10.24-20.37.45:393][536]LogModuleManager: Shutting down and abandoning module Renderer (7)
[2015.10.24-20.37.45:393][536]LogModuleManager: Shutting down and abandoning module Engine (6)
[2015.10.24-20.37.45:393][536]LogModuleManager: Shutting down and abandoning module CoreUObject (5)
[2015.10.24-20.37.45:393][536]LogModuleManager: Shutting down and abandoning module NetworkFile (4)
[2015.10.24-20.37.45:393][536]LogModuleManager: Shutting down and abandoning module StreamingFile (3)
[2015.10.24-20.37.45:393][536]LogModuleManager: Shutting down and abandoning module SandboxFile (2)
[2015.10.24-20.37.45:393][536]LogModuleManager: Shutting down and abandoning module PakFile (1)
[2015.10.24-20.37.45:393][536]LogExit: Exiting.
[2015.10.24-20.37.45:395][536]Log file closed, 10/24/15 16:37:45
