[2015.10.04-18.25.29:766][  0]Log file open, 10/04/15 14:25:29
[2015.10.04-18.25.29:766][  0]LogInit:Display: Running engine without a game
[2015.10.04-18.25.29:766][  0]LogInit:Display: Loading recent project file: ../../../../../../../My Media/UCF Documents/DIG 4725/Game-Files/SuperSpaceArmada/SuperSpaceArmada.uproject
[2015.10.04-18.25.29:766][  0]LogInit:Display: RandInit(-1284479207) SRandInit(-1284479206).
[2015.10.04-18.25.29:766][  0]LogTaskGraph: Started task graph with 4 named threads and 7 total threads.
[2015.10.04-18.25.29:766][  0]LogStats: Stats thread started at 0.064246
[2015.10.04-18.25.29:766][  0]LogInit: Version: 4.9.1-2689999+++depot+UE4-Releases+4.9
[2015.10.04-18.25.29:766][  0]LogInit: API Version: 2672455
[2015.10.04-18.25.29:766][  0]LogInit: Compiled (64-bit): Sep 14 2015 04:12:03
[2015.10.04-18.25.29:766][  0]LogInit: Compiled with Visual C++: 18.00.21005.01
[2015.10.04-18.25.29:766][  0]LogInit: Build Configuration: Development
[2015.10.04-18.25.29:766][  0]LogInit: Branch Name: ++depot+UE4-Releases+4.9
[2015.10.04-18.25.29:766][  0]LogInit: Command line: 
[2015.10.04-18.25.29:766][  0]LogInit: Base directory: F:/Program Files/Unreal/Epic Games/4.9/Engine/Binaries/Win64/
[2015.10.04-18.25.29:766][  0]LogInit: Rocket: 1
[2015.10.04-18.25.29:773][  0]LogInit: Using libcurl 7.41.0
[2015.10.04-18.25.29:773][  0]LogInit:  - built for x86_64-pc-win32
[2015.10.04-18.25.29:773][  0]LogInit:  - supports SSL with WinSSL
[2015.10.04-18.25.29:773][  0]LogInit:  - other features:
[2015.10.04-18.25.29:773][  0]LogInit:      CURL_VERSION_SSL
[2015.10.04-18.25.29:773][  0]LogInit:      CURL_VERSION_IPV6
[2015.10.04-18.25.29:773][  0]LogInit:      CURL_VERSION_ASYNCHDNS
[2015.10.04-18.25.29:773][  0]LogInit:      CURL_VERSION_LARGEFILE
[2015.10.04-18.25.29:773][  0]LogInit:      CURL_VERSION_IDN
[2015.10.04-18.25.29:773][  0]LogInit:  CurlRequestOptions (configurable via config and command line):
[2015.10.04-18.25.29:773][  0]LogInit:  - bVerifyPeer = true  - Libcurl will verify peer certificate
[2015.10.04-18.25.29:773][  0]LogInit:  - bUseHttpProxy = false  - Libcurl will NOT use HTTP proxy
[2015.10.04-18.25.29:773][  0]LogInit:  - bDontReuseConnections = false  - Libcurl will reuse connections
[2015.10.04-18.25.29:773][  0]LogInit:  - CertBundlePath = nullptr  - Libcurl will use whatever was configured at build time.
[2015.10.04-18.25.29:778][  0]LogInit: Presizing for 0 objects not considered by GC, pre-allocating 0 bytes.
[2015.10.04-18.25.29:783][  0]LogInit: Object subsystem initialized
[2015.10.04-18.25.29:784][  0]LogInit: Selected Device Profile: [Windows]
[2015.10.04-18.25.29:784][  0]LogInit: Applying CVar settings loaded from the selected device profile: [Windows]
[2015.10.04-18.25.29:790][  0]LogInit: Computer: ANDREW_2015
[2015.10.04-18.25.29:790][  0]LogInit: User: aehrlich92
[2015.10.04-18.25.29:790][  0]LogInit: CPU Page size=4096, Cores=4
[2015.10.04-18.25.29:790][  0]LogInit: High frequency timer resolution =3.984650 MHz
[2015.10.04-18.25.29:790][  0]LogMemory: Memory total: Physical=15.9GB (16GB approx)
[2015.10.04-18.25.29:790][  0]LogMemory: Platform Memory Stats for Windows
[2015.10.04-18.25.29:790][  0]LogMemory: Process Physical Memory: 54.80 MB used, 54.80 MB peak
[2015.10.04-18.25.29:790][  0]LogMemory: Process Virtual Memory: 59.61 MB used, 59.61 MB peak
[2015.10.04-18.25.29:790][  0]LogMemory: Physical Memory: 5254.87 MB used, 16322.88 MB total
[2015.10.04-18.25.29:790][  0]LogMemory: Virtual Memory: 369.29 MB used, 134217728.00 MB total
[2015.10.04-18.25.29:829][  0]LogTextLocalizationManager: No specific translations for ('en-US') exist, so ('en') translations will be used.
[2015.10.04-18.25.30:337][  0]LogD3D11RHI: Found D3D11 adapter 0: NVIDIA GeForce GTX 960 (Feature Level 11_0)
[2015.10.04-18.25.30:337][  0]LogD3D11RHI: Adapter has 1969MB of dedicated video memory, 0MB of dedicated system memory, and 8161MB of shared system memory, 2 output[s]
[2015.10.04-18.25.30:338][  0]LogD3D11RHI: Found D3D11 adapter 1: Microsoft Basic Render Driver (Feature Level 11_0)
[2015.10.04-18.25.30:338][  0]LogD3D11RHI: Adapter has 0MB of dedicated video memory, 0MB of dedicated system memory, and 8161MB of shared system memory, 0 output[s]
[2015.10.04-18.25.30:338][  0]LogD3D11RHI: Chosen D3D11 Adapter Id = 0
[2015.10.04-18.25.30:344][  0]LogD3D11RHI: !Direct3DDevice
[2015.10.04-18.25.30:344][  0]LogRHI: Texture pool is 1361 MB (70% of 1945 MB)
[2015.10.04-18.25.30:353][  0]LogD3D11RHI: Async texture creation enabled
[2015.10.04-18.25.30:368][  0]LogShaderCompilers: Guid format shader working directory is 14 characters bigger than the processId version (../../../../../../../My Media/UCF Documents/DIG 4725/Game-Files/SuperSpaceArmada/Intermediate/Shaders/WorkingDirectory/13976/).
[2015.10.04-18.25.30:368][  0]LogShaderCompilers: Cleaned the shader compiler working directory '../../../../../../../My Media/UCF Documents/DIG 4725/Game-Files/SuperSpaceArmada/Intermediate/Shaders/tmp/CA470B6740DF346F9E9EE9980813FD8B/'.
[2015.10.04-18.25.30:368][  0]LogShaderCompilers:Display: Using Local Shader Compiler.
[2015.10.04-18.25.31:087][  0]LogTemp:Display: Loaded TP AllDesktopTargetPlatform
[2015.10.04-18.25.31:091][  0]LogTemp:Display: Loaded TP WindowsClientTargetPlatform
[2015.10.04-18.25.31:095][  0]LogTemp:Display: Loaded TP WindowsNoEditorTargetPlatform
[2015.10.04-18.25.31:099][  0]LogTemp:Display: Loaded TP WindowsServerTargetPlatform
[2015.10.04-18.25.31:103][  0]LogTemp:Display: Loaded TP WindowsTargetPlatform
[2015.10.04-18.25.31:106][  0]LogTemp:Display: Loaded TP AndroidTargetPlatform
[2015.10.04-18.25.31:108][  0]LogTemp:Display: Loaded TP Android_ASTCTargetPlatform
[2015.10.04-18.25.31:112][  0]LogTemp:Display: Loaded TP Android_ATCTargetPlatform
[2015.10.04-18.25.31:115][  0]LogTemp:Display: Loaded TP Android_DXTTargetPlatform
[2015.10.04-18.25.31:118][  0]LogTemp:Display: Loaded TP Android_ETC1TargetPlatform
[2015.10.04-18.25.31:121][  0]LogTemp:Display: Loaded TP Android_ETC2TargetPlatform
[2015.10.04-18.25.31:124][  0]LogTemp:Display: Loaded TP Android_PVRTCTargetPlatform
[2015.10.04-18.25.31:125][  0]LogTemp:Display: Loaded TP HTML5TargetPlatform
[2015.10.04-18.25.31:142][  0]LogTemp:Display: Loaded TP IOSTargetPlatform
[2015.10.04-18.25.31:145][  0]LogTemp:Display: Loaded TP LinuxNoEditorTargetPlatform
[2015.10.04-18.25.31:148][  0]LogTemp:Display: Loaded TP LinuxServerTargetPlatform
[2015.10.04-18.25.31:151][  0]LogTemp:Display: Loaded TP LinuxTargetPlatform
[2015.10.04-18.25.31:151][  0]LogTargetPlatformManager:Display: Building Assets For Windows
[2015.10.04-18.25.31:210][  0]LogDerivedDataCache:Display: Max Cache Size: 512 MB
[2015.10.04-18.25.31:238][  0]LogDerivedDataCache: Loaded boot cache 0.03s 41MB C:/Users/aehrlich92/AppData/Local/UnrealEngine/4.9/DerivedDataCache/Boot.ddc.
[2015.10.04-18.25.31:238][  0]LogDerivedDataCache:Display: Loaded Boot cache: C:/Users/aehrlich92/AppData/Local/UnrealEngine/4.9/DerivedDataCache/Boot.ddc
[2015.10.04-18.25.31:239][  0]LogDerivedDataCache: FDerivedDataBackendGraph:  Pak pak cache file ../../../../../../../My Media/UCF Documents/DIG 4725/Game-Files/SuperSpaceArmada/DerivedDataCache/DDC.ddp not found, will not use a pak cache.
[2015.10.04-18.25.31:239][  0]LogDerivedDataCache: Unable to find inner node Pak for hierarchical cache Hierarchy.
[2015.10.04-18.25.31:239][  0]LogDerivedDataCache: FDerivedDataBackendGraph:  CompressedPak pak cache file ../../../../../../../My Media/UCF Documents/DIG 4725/Game-Files/SuperSpaceArmada/DerivedDataCache/Compressed.ddp not found, will not use a pak cache.
[2015.10.04-18.25.31:239][  0]LogDerivedDataCache: Unable to find inner node CompressedPak for hierarchical cache Hierarchy.
[2015.10.04-18.25.31:335][  0]LogDerivedDataCache:Display: Pak cache opened for reading ../../../Engine/DerivedDataCache/Compressed.ddp.
[2015.10.04-18.25.31:346][  0]LogDerivedDataCache: Using Local data cache path C:/Users/aehrlich92/AppData/Local/UnrealEngine/Common/DerivedDataCache: Writable
[2015.10.04-18.25.31:466][  0]LogInit: Selected Device Profile: [Windows]
[2015.10.04-18.25.31:468][  0]LogContentStreaming: Texture pool size is 0.000000MB
[2015.10.04-18.25.31:551][  0]LogMeshUtilities: No automatic mesh reduction module available
[2015.10.04-18.25.31:551][  0]LogMeshUtilities: No automatic mesh merging module available
[2015.10.04-18.25.31:719][  0]LogInit: WinSock: version 1.1 (2.2), MaxSocks=32767, MaxUdp=65467
[2015.10.04-18.25.32:201][  0]LogAssetRegistry: FAssetRegistry took 0.0105 seconds to start up
[2015.10.04-18.25.32:209][  0]UdpMessaging: Initializing bridge on interface 0.0.0.0:0 to multicast group 230.0.0.1:6666.
[2015.10.04-18.25.32:382][  0]SourceControl: Info Source control is disabled
[2015.10.04-18.25.32:391][  0]SourceControl: Info Source control is disabled
[2015.10.04-18.25.32:396][  0]SourceControl: Info Source control is disabled
[2015.10.04-18.25.32:403][  0]SourceControl: Info Source control is disabled
[2015.10.04-18.25.32:481][  0]LogLinker:Warning: Asset '../../../Engine/Plugins/Runtime/LeapMotionController/Content/LM_PassthroughMaterial.uasset' has been saved with empty engine version. The asset will be loaded but may be incompatible.
[2015.10.04-18.25.32:532][  0]LogObj: 28528 objects as part of root set at end of initial load.
[2015.10.04-18.25.32:532][  0]LogUObjectAllocator: 6068464 out of 0 bytes used by permanent object pool.
[2015.10.04-18.25.32:574][  0]LogEngine: Initializing Engine...
[2015.10.04-18.25.32:575][  0]LogHMD: Can't find Oculus library dev build: is proper Runtime installed? Version: 0.7.0.0
[2015.10.04-18.25.32:577][  0]LogHMD: SteamVR failed to initialize.  Err: 110
[2015.10.04-18.25.32:651][  0]LogAIModule: Creating AISystem for world NewWorld
[2015.10.04-18.25.32:659][  0]LogInit: XAudio2 using 'Speakers (Realtek High Definition Audio)' : 8 channels at 48 kHz using 32 bits per sample (channel mask 0x63f)
[2015.10.04-18.25.32:667][  0]LogInit: FAudioDevice initialized.
[2015.10.04-18.25.32:682][  0]LogDerivedDataCache: Saved boot cache 0.02s 41MB C:/Users/aehrlich92/AppData/Local/UnrealEngine/4.9/DerivedDataCache/Boot.ddc.
[2015.10.04-18.25.32:685][  0]LogInit: Texture streaming: Enabled
[2015.10.04-18.25.32:690][  0]LogAnalytics: Creating configured Analytics provider AnalyticsET
[2015.10.04-18.25.32:690][  0]LogAnalytics: [UEEditor.Rocket.Release] APIServer = http://et2.epicgames.com/ET2/. AppVersion = 4.9.1-2689999+++depot+UE4-Releases+4.9
[2015.10.04-18.25.32:690][  0]LogAnalytics: [UEEditor.Rocket.Release] SetUserId 7bdbd2584788e6e37f918c9187bab22c|b300224d71e64562a5bff06c2aaa78f8|45aed112-7b58-41bf-9eba-b8dcb7f9dd12
[2015.10.04-18.25.32:690][  0]LogAnalytics: [UEEditor.Rocket.Release] AnalyticsET::StartSession
[2015.10.04-18.25.32:718][  0]LogInit: Transaction tracking system initialized
[2015.10.04-18.25.32:737][  0]BlueprintLog: New page: Editor Load
[2015.10.04-18.25.32:792][  0]LocalizationService: Info Localization service is disabled
[2015.10.04-18.25.32:845][  0]LogConsoleResponse:Display: 
[2015.10.04-18.25.32:925][  0]LogCook:Display: Done creating registry. It took  0.00s.
[2015.10.04-18.25.32:963][  0]LogFileCache: Scanning file cache for directory 'F:/My Media/UCF Documents/DIG 4725/Game-Files/SuperSpaceArmada/Content/' took 0.01s
[2015.10.04-18.25.32:963][  0]SourceControl: Info Source control is disabled
[2015.10.04-18.25.32:963][  0]Cmd: MAP LOAD FILE="../../../../../../../My Media/UCF Documents/DIG 4725/Game-Files/SuperSpaceArmada/Content/TopDownBP/Maps/TopDownExampleMap.umap" TEMPLATE=0 SHOWPROGRESS=1 FEATURELEVEL=3
[2015.10.04-18.25.32:963][  0]LogEditorServer:Warning: Can't find file '../../../../../../../My Media/UCF Documents/DIG 4725/Game-Files/SuperSpaceArmada/Content/TopDownBP/Maps/TopDownExampleMap.umap'
[2015.10.04-18.25.32:963][  0]Cmd: MAP CHECKDEP NOCLEARLOG
[2015.10.04-18.25.32:990][  0]MapCheck: Info Map check complete: 0 Error(s), 0 Warning(s), took 27.024ms to complete.
[2015.10.04-18.25.32:990][  0]LogFileHelpers: Loading map 'TopDownExampleMap' took 0.027
[2015.10.04-18.25.33:097][  0]LogCollectionManager: Loaded 0 collections in 0.000924 seconds
[2015.10.04-18.25.33:134][  0]LogFileCache: Scanning file cache for directory 'F:/My Media/UCF Documents/DIG 4725/Game-Files/SuperSpaceArmada/Saved/Collections/' took 0.01s
[2015.10.04-18.25.33:134][  0]LogFileCache: Scanning file cache for directory 'F:/My Media/UCF Documents/DIG 4725/Game-Files/SuperSpaceArmada/Content/Developers/aehrlich92/Collections/' took 0.01s
[2015.10.04-18.25.33:134][  0]LogFileCache: Scanning file cache for directory 'F:/My Media/UCF Documents/DIG 4725/Game-Files/SuperSpaceArmada/Content/Collections/' took 0.01s
[2015.10.04-18.25.33:134][  0]LogContentBrowser: Native class hierarchy populated in 0.0049 seconds. Added 1882 classes and 339 folders.
[2015.10.04-18.25.33:140][  0]LogCollectionManager: Rebuilt the GUID cache for 0 collections in 0.000002 seconds
[2015.10.04-18.25.33:143][  0]LogContentBrowser: Native class hierarchy updated for 'WidgetCarousel' in 0.0002 seconds. Added 0 classes and 0 folders.
[2015.10.04-18.25.33:169][  0]LogContentBrowser: Native class hierarchy updated for 'AddContentDialog' in 0.0002 seconds. Added 0 classes and 0 folders.
[2015.10.04-18.25.33:172][  0]LogContentBrowser: Native class hierarchy updated for 'SceneOutliner' in 0.0002 seconds. Added 1 classes and 2 folders.
[2015.10.04-18.25.33:186][  0]LogCrashTracker: Crashtracker disabled due to settings.
[2015.10.04-18.25.33:190][  0]LogUObjectGlobals:Warning: Failed to find object 'Class None.'
[2015.10.04-18.25.33:213][  0]LogLoad: Full Startup: 3.85 seconds (BP compile: 0.00 seconds)
[2015.10.04-18.25.33:252][  0]LogContentStreaming: Texture pool size now 1000 MB
[2015.10.04-18.25.33:346][  0]LogRenderer: Reallocating scene render targets to support 1208x584 (Frame:2).
[2015.10.04-18.25.33:394][  1]LogAssetRegistry: Asset discovery search completed in 1.2029 seconds
[2015.10.04-18.25.33:394][  1]LogCollectionManager: Rebuilt the object cache for 0 collections in 0.000000 seconds (found 0 objects)
[2015.10.04-18.25.33:394][  1]LogCollectionManager: Fixed up redirectors for 0 collections in 0.000015 seconds (updated 0 objects)
[2015.10.04-18.25.35:287][196]LogLinker:Warning: Asset '../../../../../../../My Media/UCF Documents/DIG 4725/Game-Files/SuperSpaceArmada/Content/Mannequin/Animations/ThirdPerson_AnimBP.uasset' has been saved with empty engine version. The asset will be loaded but may be incompatible.
[2015.10.04-18.25.35:288][196]LogLinker:Warning: Asset '../../../../../../../My Media/UCF Documents/DIG 4725/Game-Files/SuperSpaceArmada/Content/Mannequin/Animations/ThirdPerson_Jump.uasset' has been saved with empty engine version. The asset will be loaded but may be incompatible.
[2015.10.04-18.25.35:289][196]LogLinker:Warning: Asset '../../../../../../../My Media/UCF Documents/DIG 4725/Game-Files/SuperSpaceArmada/Content/Mannequin/Animations/ThirdPersonJump_Loop.uasset' has been saved with empty engine version. The asset will be loaded but may be incompatible.
[2015.10.04-18.25.35:290][196]LogLinker:Warning: Asset '../../../../../../../My Media/UCF Documents/DIG 4725/Game-Files/SuperSpaceArmada/Content/Mannequin/Animations/ThirdPersonJump_Start.uasset' has been saved with empty engine version. The asset will be loaded but may be incompatible.
[2015.10.04-18.25.35:291][196]LogLinker:Warning: Asset '../../../../../../../My Media/UCF Documents/DIG 4725/Game-Files/SuperSpaceArmada/Content/Mannequin/Animations/ThirdPerson_IdleRun_2D.uasset' has been saved with empty engine version. The asset will be loaded but may be incompatible.
[2015.10.04-18.25.35:291][196]LogLinker:Warning: Asset '../../../../../../../My Media/UCF Documents/DIG 4725/Game-Files/SuperSpaceArmada/Content/Mannequin/Animations/ThirdPersonIdle.uasset' has been saved with empty engine version. The asset will be loaded but may be incompatible.
[2015.10.04-18.25.35:292][196]LogLinker:Warning: Asset '../../../../../../../My Media/UCF Documents/DIG 4725/Game-Files/SuperSpaceArmada/Content/Mannequin/Animations/ThirdPersonRun.uasset' has been saved with empty engine version. The asset will be loaded but may be incompatible.
[2015.10.04-18.25.35:292][196]LogLinker:Warning: Asset '../../../../../../../My Media/UCF Documents/DIG 4725/Game-Files/SuperSpaceArmada/Content/Mannequin/Animations/ThirdPersonWalk.uasset' has been saved with empty engine version. The asset will be loaded but may be incompatible.
[2015.10.04-18.25.36:309][196]LogLinker:Warning: ChildActorComponent_1 has an inappropriate outermost, it was probably saved with a deprecated outer (file: ../../../../../../../My Media/UCF Documents/DIG 4725/Game-Files/SuperSpaceArmada/Content/SSA/Blueprints/Player/Player_Kratakos.uasset)
[2015.10.04-18.25.36:313][196]LogLinker:Warning: ChildActorComponent_1 has an inappropriate outermost, it was probably saved with a deprecated outer (file: ../../../../../../../My Media/UCF Documents/DIG 4725/Game-Files/SuperSpaceArmada/Content/SSA/Blueprints/Player/Player_Kratakos.uasset)
[2015.10.04-18.25.36:314][196]LogLinker:Warning: ChildActorComponent_1 has an inappropriate outermost, it was probably saved with a deprecated outer (file: ../../../../../../../My Media/UCF Documents/DIG 4725/Game-Files/SuperSpaceArmada/Content/SSA/Blueprints/Player/Player_Kratakos.uasset)
[2015.10.04-18.25.36:315][196]LogLinker:Warning: ChildActorComponent_1 has an inappropriate outermost, it was probably saved with a deprecated outer (file: ../../../../../../../My Media/UCF Documents/DIG 4725/Game-Files/SuperSpaceArmada/Content/SSA/Blueprints/Player/Player_Kratakos.uasset)
[2015.10.04-18.25.36:842][196]LogAIModule: Creating AISystem for world Home_Kratakos
[2015.10.04-18.25.36:906][196]Cmd: MAP LOAD FILE="../../../../../../../My Media/UCF Documents/DIG 4725/Game-Files/SuperSpaceArmada/Content/SSA/Maps/Home_Kratakos.umap" TEMPLATE=0 SHOWPROGRESS=1 FEATURELEVEL=3
[2015.10.04-18.25.36:906][196]LightingResults: New page: Lighting Build
[2015.10.04-18.25.36:907][196]LogContentBrowser: Native class hierarchy updated for 'StatsViewer' in 0.0002 seconds. Added 5 classes and 0 folders.
[2015.10.04-18.25.36:922][196]LoadErrors: New page: Loading map: Home_Kratakos.umap
[2015.10.04-18.25.36:922][196]MapCheck: New page: Map Check
[2015.10.04-18.25.36:922][196]LightingResults: New page: Lighting Build
[2015.10.04-18.25.36:932][196]LogParticles: Destroying 0 GPU particle simulations for FXSystem 0x000000E07EB29620
[2015.10.04-18.25.36:936][196]LogEditorServer: Finished looking for orphan Actors (0.000 secs)
[2015.10.04-18.25.36:992][196]Cmd: MAP CHECKDEP NOCLEARLOG
[2015.10.04-18.25.37:034][196]MapCheck: Info Map check complete: 0 Error(s), 0 Warning(s), took 41.877ms to complete.
[2015.10.04-18.25.37:034][196]LogFileHelpers: Loading map 'Home_Kratakos' took 0.129
[2015.10.04-18.25.37:041][196]LoadErrors:Error: Error /Game/SSA/Blueprints/Player/Player_Human : Failed import for ObjectProperty /Game/SSA/Blueprints/SSAGameInstance.SSAGameInstance_C:Player Ref
[2015.10.04-18.25.37:041][196]LoadErrors:Error: Error /Game/SSA/Blueprints/Player/Player_Kratakos : Failed import for ObjectProperty /Game/SSA/Blueprints/SSAGameInstance.SSAGameInstance_C:Player Ref
[2015.10.04-18.25.37:041][196]LoadErrors:Error: Error /Game/SSA/Maps/Home_Kratakos : Failed import for CurveFloat /Game/SSA/Blueprints/Objects/Crystal_Spawner.Crystal_Spawner_C:CurveFloat_0__256DA8D9
[2015.10.04-18.25.38:248][303]LogLinker:Warning: Asset '../../../Engine/Content/ArtTools/RenderToTexture/Macros/RenderToTextureMacros.uasset' has been saved with empty engine version. The asset will be loaded but may be incompatible.
[2015.10.04-18.25.38:589][303]LogContentBrowser: Native class hierarchy updated for 'BlueprintGraph' in 0.0005 seconds. Added 107 classes and 0 folders.
[2015.10.04-18.25.39:657][303]LogBlueprintUserMessages: [Player_Human_C_0] 0
[2015.10.04-18.25.39:657][303]LogBlueprintUserMessages: [Player_Human_C_0] 0
[2015.10.04-18.26.10:189][789]LogProperty:Warning: Illegal TEXT reference to a private object in external package (EdGraphPin /Game/SSA/Blueprints/Player/Player_Kratakos.Player_Kratakos:EventGraph.K2Node_CustomEvent_2307.EdGraphPin_30502) from referencer (EdGraphPin /Game/SSA/Blueprints/Player/Player.Player:EventGraph.K2Node_SpawnActorFromClass_1343.EdGraphPin_31909).  Import failed...
[2015.10.04-18.26.10:189][789]LogProperty:Warning: ObjectProperty /Script/Engine.EdGraphPin:LinkedTo.LinkedTo: unresolved reference to 'EdGraphPin'K2Node_CustomEvent_2307.EdGraphPin_30502''
[2015.10.04-18.26.10:189][789]LogUObjectHash:Warning: Ambiguous search, could be K2Node_CallFunction /Game/SSA/Blueprints/Player/Player_Kratakos.Player_Kratakos:EventGraph.K2Node_CallFunction_4166 or K2Node_CallFunction /Engine/ArtTools/RenderToTexture/Macros/RenderToTextureMacros.RenderToTextureMacros:2D Grid Execution Macro.K2Node_CallFunction_4166
[2015.10.04-18.26.10:189][789]LogUObjectHash:Warning: Ambiguous search, could be K2Node_CallFunction /Game/SSA/Blueprints/Player/Player_Kratakos.Player_Kratakos:EventGraph.K2Node_CallFunction_4166 or K2Node_CallFunction /Game/SSA/Blueprints/Player/Player.Player:EventGraph.K2Node_CallFunction_4166
[2015.10.04-18.26.10:189][789]LogProperty:Warning: Illegal TEXT reference to a private object in external package (EdGraphPin /Game/SSA/Blueprints/Player/Player_Kratakos.Player_Kratakos:EventGraph.K2Node_CallFunction_4166.EdGraphPin_31933) from referencer (EdGraphPin /Game/SSA/Blueprints/Player/Player.Player:EventGraph.K2Node_SpawnActorFromClass_1343.EdGraphPin_31910).  Import failed...
[2015.10.04-18.26.10:189][789]LogProperty:Warning: ObjectProperty /Script/Engine.EdGraphPin:LinkedTo.LinkedTo: unresolved reference to 'EdGraphPin'K2Node_CallFunction_4166.EdGraphPin_31933''
[2015.10.04-18.26.10:190][789]LogUObjectHash:Warning: Ambiguous search, could be K2Node_CallFunction /Game/SSA/Blueprints/Player/Player_Kratakos.Player_Kratakos:EventGraph.K2Node_CallFunction_4587 or K2Node_CallFunction /Game/SSA/Blueprints/Player/Player.Player:EventGraph.K2Node_CallFunction_4587
[2015.10.04-18.26.10:190][789]LogProperty:Warning: Illegal TEXT reference to a private object in external package (EdGraphPin /Game/SSA/Blueprints/Player/Player_Kratakos.Player_Kratakos:EventGraph.K2Node_CallFunction_4587.EdGraphPin_31958) from referencer (EdGraphPin /Game/SSA/Blueprints/Player/Player.Player:EventGraph.K2Node_SpawnActorFromClass_1343.EdGraphPin_31912).  Import failed...
[2015.10.04-18.26.10:190][789]LogProperty:Warning: ObjectProperty /Script/Engine.EdGraphPin:LinkedTo.LinkedTo: unresolved reference to 'EdGraphPin'K2Node_CallFunction_4587.EdGraphPin_31958''
[2015.10.04-18.26.10:190][789]LogUObjectHash:Warning: Ambiguous search, could be K2Node_CallFunction /Game/SSA/Blueprints/Player/Player_Kratakos.Player_Kratakos:EventGraph.K2Node_CallFunction_4166 or K2Node_CallFunction /Engine/ArtTools/RenderToTexture/Macros/RenderToTextureMacros.RenderToTextureMacros:2D Grid Execution Macro.K2Node_CallFunction_4166
[2015.10.04-18.26.10:190][789]LogUObjectHash:Warning: Ambiguous search, could be K2Node_CallFunction /Game/SSA/Blueprints/Player/Player_Kratakos.Player_Kratakos:EventGraph.K2Node_CallFunction_4166 or K2Node_CallFunction /Game/SSA/Blueprints/Player/Player.Player:EventGraph.K2Node_CallFunction_4166
[2015.10.04-18.26.10:190][789]LogProperty:Warning: Illegal TEXT reference to a private object in external package (EdGraphPin /Game/SSA/Blueprints/Player/Player_Kratakos.Player_Kratakos:EventGraph.K2Node_CallFunction_4166.EdGraphPin_31936) from referencer (EdGraphPin /Game/SSA/Blueprints/Player/Player.Player:EventGraph.K2Node_SpawnActorFromClass_1343.EdGraphPin_31915).  Import failed...
[2015.10.04-18.26.10:190][789]LogProperty:Warning: ObjectProperty /Script/Engine.EdGraphPin:LinkedTo.LinkedTo: unresolved reference to 'EdGraphPin'K2Node_CallFunction_4166.EdGraphPin_31936''
[2015.10.04-18.26.10:190][789]LogUObjectHash:Warning: Ambiguous search, could be K2Node_VariableSet /Game/SSA/Blueprints/Player/Player_Kratakos.Player_Kratakos:EventGraph.K2Node_VariableSet_621 or K2Node_VariableSet /Game/SSA/Blueprints/Player/Player.Player:EventGraph.K2Node_VariableSet_621
[2015.10.04-18.26.10:190][789]LogProperty:Warning: Illegal TEXT reference to a private object in external package (EdGraphPin /Game/SSA/Blueprints/Player/Player_Kratakos.Player_Kratakos:EventGraph.K2Node_VariableSet_621.EdGraphPin_32022) from referencer (EdGraphPin /Game/SSA/Blueprints/Player/Player.Player:EventGraph.K2Node_SpawnActorFromClass_1343.EdGraphPin_31915).  Import failed...
[2015.10.04-18.26.10:190][789]LogProperty:Warning: ObjectProperty /Script/Engine.EdGraphPin:LinkedTo.LinkedTo: unresolved reference to 'EdGraphPin'K2Node_VariableSet_621.EdGraphPin_32022''
[2015.10.04-18.26.10:190][789]LogUObjectHash:Warning: Ambiguous search, could be K2Node_CallFunction /Game/SSA/Blueprints/Player/Player.Player:Set Enemy Ref.K2Node_CallFunction_9511 or K2Node_CallFunction /Game/SSA/Blueprints/Enemy_Human.Enemy_Human:EventGraph.K2Node_CallFunction_9511
[2015.10.04-18.26.10:190][789]LogUObjectHash:Warning: Ambiguous search, could be K2Node_CallFunction /Game/SSA/Blueprints/Player/Player.Player:Set Enemy Ref.K2Node_CallFunction_9511 or K2Node_CallFunction /Game/SSA/Blueprints/Weapons/Human_Torpedo.Human_Torpedo:EventGraph.K2Node_CallFunction_9511
[2015.10.04-18.26.10:190][789]LogUObjectHash:Warning: Ambiguous search, could be K2Node_CallFunction /Game/SSA/Blueprints/Player/Player.Player:Set Enemy Ref.K2Node_CallFunction_9511 or K2Node_CallFunction /Game/SSA/Blueprints/Enemy_Kratakos.Enemy_Kratakos:EventGraph.K2Node_CallFunction_9511
[2015.10.04-18.26.10:190][789]LogUObjectHash:Warning: Ambiguous search, could be K2Node_CallFunction /Game/SSA/Blueprints/Player/Player.Player:Set Enemy Ref.K2Node_CallFunction_9511 or K2Node_CallFunction /Game/SSA/Blueprints/Weapons/Kratakos_Rail_Gun.Kratakos_Rail_Gun:EventGraph.K2Node_CallFunction_9511
[2015.10.04-18.26.10:190][789]LogUObjectHash:Warning: Ambiguous search, could be K2Node_CallFunction /Game/SSA/Blueprints/Player/Player.Player:Set Enemy Ref.K2Node_CallFunction_9511 or K2Node_CallFunction /Game/SSA/Blueprints/Player/Player.Player:EventGraph.K2Node_CallFunction_9511
[2015.10.04-18.26.10:190][789]LogUObjectHash:Warning: Ambiguous search, could be K2Node_CallFunction /Game/SSA/Blueprints/Player/Player.Player:Set Enemy Ref.K2Node_CallFunction_9511 or K2Node_CallFunction /Game/SSA/Blueprints/Player/Player_Kratakos.Player_Kratakos:EventGraph.K2Node_CallFunction_9511
[2015.10.04-18.26.10:190][789]LogProperty:Warning: Illegal TEXT reference to a private object in external package (EdGraphPin /Game/SSA/Blueprints/Player/Player_Kratakos.Player_Kratakos:EventGraph.K2Node_CallFunction_9511.EdGraphPin_31981) from referencer (EdGraphPin /Game/SSA/Blueprints/Player/Player.Player:EventGraph.K2Node_CallFunction_4166.EdGraphPin_31934).  Import failed...
[2015.10.04-18.26.10:190][789]LogProperty:Warning: ObjectProperty /Script/Engine.EdGraphPin:LinkedTo.LinkedTo: unresolved reference to 'EdGraphPin'K2Node_CallFunction_9511.EdGraphPin_31981''
[2015.10.04-18.26.10:190][789]LogUObjectHash:Warning: Ambiguous search, could be K2Node_CallFunction /Game/SSA/Blueprints/Player/Player_Kratakos.Player_Kratakos:EventGraph.K2Node_CallFunction_4356 or K2Node_CallFunction /Game/SSA/Blueprints/Player/Player.Player:EventGraph.K2Node_CallFunction_4356
[2015.10.04-18.26.10:190][789]LogProperty:Warning: Illegal TEXT reference to a private object in external package (EdGraphPin /Game/SSA/Blueprints/Player/Player_Kratakos.Player_Kratakos:EventGraph.K2Node_CallFunction_4356.EdGraphPin_31948) from referencer (EdGraphPin /Game/SSA/Blueprints/Player/Player.Player:EventGraph.K2Node_CallFunction_4166.EdGraphPin_31935).  Import failed...
[2015.10.04-18.26.10:190][789]LogProperty:Warning: ObjectProperty /Script/Engine.EdGraphPin:LinkedTo.LinkedTo: unresolved reference to 'EdGraphPin'K2Node_CallFunction_4356.EdGraphPin_31948''
[2015.10.04-18.26.10:191][789]LogUObjectHash:Warning: Ambiguous search, could be K2Node_MacroInstance /Game/SSA/Blueprints/Player/Player.Player:Set Enemy Ref.K2Node_MacroInstance_164 or K2Node_MacroInstance /Game/SSA/Blueprints/Enemy_Human.Enemy_Human:EventGraph.K2Node_MacroInstance_164
[2015.10.04-18.26.10:191][789]LogUObjectHash:Warning: Ambiguous search, could be K2Node_MacroInstance /Game/SSA/Blueprints/Player/Player.Player:Set Enemy Ref.K2Node_MacroInstance_164 or K2Node_MacroInstance /Game/SSA/Blueprints/Weapons/Human_Torpedo.Human_Torpedo:EventGraph.K2Node_MacroInstance_164
[2015.10.04-18.26.10:191][789]LogUObjectHash:Warning: Ambiguous search, could be K2Node_MacroInstance /Game/SSA/Blueprints/Player/Player.Player:Set Enemy Ref.K2Node_MacroInstance_164 or K2Node_MacroInstance /Game/SSA/Blueprints/Enemy_Kratakos.Enemy_Kratakos:EventGraph.K2Node_MacroInstance_164
[2015.10.04-18.26.10:191][789]LogUObjectHash:Warning: Ambiguous search, could be K2Node_MacroInstance /Game/SSA/Blueprints/Player/Player.Player:Set Enemy Ref.K2Node_MacroInstance_164 or K2Node_MacroInstance /Game/SSA/Blueprints/Weapons/Kratakos_Rail_Gun.Kratakos_Rail_Gun:EventGraph.K2Node_MacroInstance_164
[2015.10.04-18.26.10:191][789]LogUObjectHash:Warning: Ambiguous search, could be K2Node_MacroInstance /Game/SSA/Blueprints/Player/Player.Player:Set Enemy Ref.K2Node_MacroInstance_164 or K2Node_MacroInstance /Game/SSA/Blueprints/Player/Player_Kratakos.Player_Kratakos:EventGraph.K2Node_MacroInstance_164
[2015.10.04-18.26.10:191][789]LogUObjectHash:Warning: Ambiguous search, could be K2Node_MacroInstance /Game/SSA/Blueprints/Player/Player.Player:Set Enemy Ref.K2Node_MacroInstance_164 or K2Node_MacroInstance /Game/SSA/Blueprints/Player/Player.Player:EventGraph.K2Node_MacroInstance_164
[2015.10.04-18.26.10:191][789]LogProperty:Warning: Illegal TEXT reference to a private object in external package (EdGraphPin /Game/SSA/Blueprints/Player/Player_Kratakos.Player_Kratakos:EventGraph.K2Node_MacroInstance_164.EdGraphPin_32004) from referencer (EdGraphPin /Game/SSA/Blueprints/Player/Player.Player:EventGraph.K2Node_DynamicCast_1038.EdGraphPin_31963).  Import failed...
[2015.10.04-18.26.10:191][789]LogProperty:Warning: ObjectProperty /Script/Engine.EdGraphPin:LinkedTo.LinkedTo: unresolved reference to 'EdGraphPin'K2Node_MacroInstance_164.EdGraphPin_32004''
[2015.10.04-18.26.10:191][789]LogUObjectHash:Warning: Ambiguous search, could be K2Node_VariableSet /Game/SSA/Blueprints/Player/Player_Kratakos.Player_Kratakos:EventGraph.K2Node_VariableSet_621 or K2Node_VariableSet /Game/SSA/Blueprints/Player/Player.Player:EventGraph.K2Node_VariableSet_621
[2015.10.04-18.26.10:191][789]LogProperty:Warning: Illegal TEXT reference to a private object in external package (EdGraphPin /Game/SSA/Blueprints/Player/Player_Kratakos.Player_Kratakos:EventGraph.K2Node_VariableSet_621.EdGraphPin_32020) from referencer (EdGraphPin /Game/SSA/Blueprints/Player/Player.Player:EventGraph.K2Node_DynamicCast_1038.EdGraphPin_31964).  Import failed...
[2015.10.04-18.26.10:191][789]LogProperty:Warning: ObjectProperty /Script/Engine.EdGraphPin:LinkedTo.LinkedTo: unresolved reference to 'EdGraphPin'K2Node_VariableSet_621.EdGraphPin_32020''
[2015.10.04-18.26.10:191][789]LogUObjectHash:Warning: Ambiguous search, could be K2Node_MacroInstance /Game/SSA/Blueprints/Player/Player.Player:Set Enemy Ref.K2Node_MacroInstance_164 or K2Node_MacroInstance /Game/SSA/Blueprints/Enemy_Human.Enemy_Human:EventGraph.K2Node_MacroInstance_164
[2015.10.04-18.26.10:191][789]LogUObjectHash:Warning: Ambiguous search, could be K2Node_MacroInstance /Game/SSA/Blueprints/Player/Player.Player:Set Enemy Ref.K2Node_MacroInstance_164 or K2Node_MacroInstance /Game/SSA/Blueprints/Weapons/Human_Torpedo.Human_Torpedo:EventGraph.K2Node_MacroInstance_164
[2015.10.04-18.26.10:191][789]LogUObjectHash:Warning: Ambiguous search, could be K2Node_MacroInstance /Game/SSA/Blueprints/Player/Player.Player:Set Enemy Ref.K2Node_MacroInstance_164 or K2Node_MacroInstance /Game/SSA/Blueprints/Enemy_Kratakos.Enemy_Kratakos:EventGraph.K2Node_MacroInstance_164
[2015.10.04-18.26.10:191][789]LogUObjectHash:Warning: Ambiguous search, could be K2Node_MacroInstance /Game/SSA/Blueprints/Player/Player.Player:Set Enemy Ref.K2Node_MacroInstance_164 or K2Node_MacroInstance /Game/SSA/Blueprints/Weapons/Kratakos_Rail_Gun.Kratakos_Rail_Gun:EventGraph.K2Node_MacroInstance_164
[2015.10.04-18.26.10:191][789]LogUObjectHash:Warning: Ambiguous search, could be K2Node_MacroInstance /Game/SSA/Blueprints/Player/Player.Player:Set Enemy Ref.K2Node_MacroInstance_164 or K2Node_MacroInstance /Game/SSA/Blueprints/Player/Player_Kratakos.Player_Kratakos:EventGraph.K2Node_MacroInstance_164
[2015.10.04-18.26.10:191][789]LogUObjectHash:Warning: Ambiguous search, could be K2Node_MacroInstance /Game/SSA/Blueprints/Player/Player.Player:Set Enemy Ref.K2Node_MacroInstance_164 or K2Node_MacroInstance /Game/SSA/Blueprints/Player/Player.Player:EventGraph.K2Node_MacroInstance_164
[2015.10.04-18.26.10:191][789]LogProperty:Warning: Illegal TEXT reference to a private object in external package (EdGraphPin /Game/SSA/Blueprints/Player/Player_Kratakos.Player_Kratakos:EventGraph.K2Node_MacroInstance_164.EdGraphPin_32005) from referencer (EdGraphPin /Game/SSA/Blueprints/Player/Player.Player:EventGraph.K2Node_DynamicCast_1038.EdGraphPin_31966).  Import failed...
[2015.10.04-18.26.10:191][789]LogProperty:Warning: ObjectProperty /Script/Engine.EdGraphPin:LinkedTo.LinkedTo: unresolved reference to 'EdGraphPin'K2Node_MacroInstance_164.EdGraphPin_32005''
[2015.10.04-18.26.10:191][789]LogUObjectHash:Warning: Ambiguous search, could be K2Node_VariableSet /Game/SSA/Blueprints/Player/Player_Kratakos.Player_Kratakos:EventGraph.K2Node_VariableSet_621 or K2Node_VariableSet /Game/SSA/Blueprints/Player/Player.Player:EventGraph.K2Node_VariableSet_621
[2015.10.04-18.26.10:191][789]LogProperty:Warning: Illegal TEXT reference to a private object in external package (EdGraphPin /Game/SSA/Blueprints/Player/Player_Kratakos.Player_Kratakos:EventGraph.K2Node_VariableSet_621.EdGraphPin_32024) from referencer (EdGraphPin /Game/SSA/Blueprints/Player/Player.Player:EventGraph.K2Node_DynamicCast_1038.EdGraphPin_31967).  Import failed...
[2015.10.04-18.26.10:191][789]LogProperty:Warning: ObjectProperty /Script/Engine.EdGraphPin:LinkedTo.LinkedTo: unresolved reference to 'EdGraphPin'K2Node_VariableSet_621.EdGraphPin_32024''
[2015.10.04-18.26.10:191][789]LogUObjectHash:Warning: Ambiguous search, could be K2Node_MacroInstance /Game/SSA/Blueprints/Player/Player.Player:Set Enemy Ref.K2Node_MacroInstance_164 or K2Node_MacroInstance /Game/SSA/Blueprints/Enemy_Human.Enemy_Human:EventGraph.K2Node_MacroInstance_164
[2015.10.04-18.26.10:191][789]LogUObjectHash:Warning: Ambiguous search, could be K2Node_MacroInstance /Game/SSA/Blueprints/Player/Player.Player:Set Enemy Ref.K2Node_MacroInstance_164 or K2Node_MacroInstance /Game/SSA/Blueprints/Weapons/Human_Torpedo.Human_Torpedo:EventGraph.K2Node_MacroInstance_164
[2015.10.04-18.26.10:191][789]LogUObjectHash:Warning: Ambiguous search, could be K2Node_MacroInstance /Game/SSA/Blueprints/Player/Player.Player:Set Enemy Ref.K2Node_MacroInstance_164 or K2Node_MacroInstance /Game/SSA/Blueprints/Enemy_Kratakos.Enemy_Kratakos:EventGraph.K2Node_MacroInstance_164
[2015.10.04-18.26.10:191][789]LogUObjectHash:Warning: Ambiguous search, could be K2Node_MacroInstance /Game/SSA/Blueprints/Player/Player.Player:Set Enemy Ref.K2Node_MacroInstance_164 or K2Node_MacroInstance /Game/SSA/Blueprints/Weapons/Kratakos_Rail_Gun.Kratakos_Rail_Gun:EventGraph.K2Node_MacroInstance_164
[2015.10.04-18.26.10:191][789]LogUObjectHash:Warning: Ambiguous search, could be K2Node_MacroInstance /Game/SSA/Blueprints/Player/Player.Player:Set Enemy Ref.K2Node_MacroInstance_164 or K2Node_MacroInstance /Game/SSA/Blueprints/Player/Player_Kratakos.Player_Kratakos:EventGraph.K2Node_MacroInstance_164
[2015.10.04-18.26.10:191][789]LogUObjectHash:Warning: Ambiguous search, could be K2Node_MacroInstance /Game/SSA/Blueprints/Player/Player.Player:Set Enemy Ref.K2Node_MacroInstance_164 or K2Node_MacroInstance /Game/SSA/Blueprints/Player/Player.Player:EventGraph.K2Node_MacroInstance_164
[2015.10.04-18.26.10:191][789]LogProperty:Warning: Illegal TEXT reference to a private object in external package (EdGraphPin /Game/SSA/Blueprints/Player/Player_Kratakos.Player_Kratakos:EventGraph.K2Node_MacroInstance_164.EdGraphPin_32002) from referencer (EdGraphPin /Game/SSA/Blueprints/Player/Player.Player:EventGraph.K2Node_CallFunction_9511.EdGraphPin_31982).  Import failed...
[2015.10.04-18.26.10:191][789]LogProperty:Warning: ObjectProperty /Script/Engine.EdGraphPin:LinkedTo.LinkedTo: unresolved reference to 'EdGraphPin'K2Node_MacroInstance_164.EdGraphPin_32002''
[2015.10.04-18.26.10:191][789]LogUObjectHash:Warning: Ambiguous search, could be K2Node_MacroInstance /Game/SSA/Blueprints/Player/Player.Player:Set Enemy Ref.K2Node_MacroInstance_164 or K2Node_MacroInstance /Game/SSA/Blueprints/Enemy_Human.Enemy_Human:EventGraph.K2Node_MacroInstance_164
[2015.10.04-18.26.10:191][789]LogUObjectHash:Warning: Ambiguous search, could be K2Node_MacroInstance /Game/SSA/Blueprints/Player/Player.Player:Set Enemy Ref.K2Node_MacroInstance_164 or K2Node_MacroInstance /Game/SSA/Blueprints/Weapons/Human_Torpedo.Human_Torpedo:EventGraph.K2Node_MacroInstance_164
[2015.10.04-18.26.10:191][789]LogUObjectHash:Warning: Ambiguous search, could be K2Node_MacroInstance /Game/SSA/Blueprints/Player/Player.Player:Set Enemy Ref.K2Node_MacroInstance_164 or K2Node_MacroInstance /Game/SSA/Blueprints/Enemy_Kratakos.Enemy_Kratakos:EventGraph.K2Node_MacroInstance_164
[2015.10.04-18.26.10:191][789]LogUObjectHash:Warning: Ambiguous search, could be K2Node_MacroInstance /Game/SSA/Blueprints/Player/Player.Player:Set Enemy Ref.K2Node_MacroInstance_164 or K2Node_MacroInstance /Game/SSA/Blueprints/Weapons/Kratakos_Rail_Gun.Kratakos_Rail_Gun:EventGraph.K2Node_MacroInstance_164
[2015.10.04-18.26.10:191][789]LogUObjectHash:Warning: Ambiguous search, could be K2Node_MacroInstance /Game/SSA/Blueprints/Player/Player.Player:Set Enemy Ref.K2Node_MacroInstance_164 or K2Node_MacroInstance /Game/SSA/Blueprints/Player/Player_Kratakos.Player_Kratakos:EventGraph.K2Node_MacroInstance_164
[2015.10.04-18.26.10:191][789]LogUObjectHash:Warning: Ambiguous search, could be K2Node_MacroInstance /Game/SSA/Blueprints/Player/Player.Player:Set Enemy Ref.K2Node_MacroInstance_164 or K2Node_MacroInstance /Game/SSA/Blueprints/Player/Player.Player:EventGraph.K2Node_MacroInstance_164
[2015.10.04-18.26.10:192][789]LogProperty:Warning: Illegal TEXT reference to a private object in external package (EdGraphPin /Game/SSA/Blueprints/Player/Player_Kratakos.Player_Kratakos:EventGraph.K2Node_MacroInstance_164.EdGraphPin_32003) from referencer (EdGraphPin /Game/SSA/Blueprints/Player/Player.Player:EventGraph.K2Node_CallFunction_9511.EdGraphPin_31985).  Import failed...
[2015.10.04-18.26.10:192][789]LogProperty:Warning: ObjectProperty /Script/Engine.EdGraphPin:LinkedTo.LinkedTo: unresolved reference to 'EdGraphPin'K2Node_MacroInstance_164.EdGraphPin_32003''
[2015.10.04-18.26.10:272][789]LogActorComponent: UnregisterComponent: (/Engine/Transient.CharMoveComp) Not registered. Aborting.
[2015.10.04-18.26.10:272][789]LogActorComponent: UnregisterComponent: (/Engine/Transient.CharacterMovementComponent_0) Not registered. Aborting.
[2015.10.04-18.26.19:620][885]BlueprintLog: New page: Compile Player
[2015.10.04-18.26.19:657][885]LogBlueprint:Error: [compiler Player] Error COMPILER ERROR: failed building connection with 'Player Human Reference is not compatible with Player Reference.' at  SpawnActor Player Human 
[2015.10.04-18.26.19:932][885]LogBlueprint:Error: [compiler Player] Error COMPILER ERROR: failed building connection with 'Player Human Reference is not compatible with Player Reference.' at  SpawnActor Player Human 
[2015.10.04-18.26.20:262][885]LogBlueprint:Error: [compiler Player] Error COMPILER ERROR: failed building connection with 'Player Human Reference is not compatible with Player Reference.' at  SpawnActor Player Human 
[2015.10.04-18.26.20:593][885]LogBlueprint:Error: [compiler Player] Error COMPILER ERROR: failed building connection with 'Player Human Reference is not compatible with Player Reference.' at  SpawnActor Player Human 
[2015.10.04-18.26.20:914][885]LogBlueprint:Error: [compiler Player] Error COMPILER ERROR: failed building connection with 'Player Human Reference is not compatible with Player Reference.' at  SpawnActor Player Human 
[2015.10.04-18.26.21:234][885]LogBlueprint:Error: [compiler Player] Error COMPILER ERROR: failed building connection with 'Player Human Reference is not compatible with Player Reference.' at  SpawnActor Player Human 
[2015.10.04-18.26.21:557][885]LogBlueprint:Error: [compiler Player] Error COMPILER ERROR: failed building connection with 'Player Human Reference is not compatible with Player Reference.' at  SpawnActor Player Human 
[2015.10.04-18.26.21:883][885]LogBlueprint:Error: [compiler Player] Error COMPILER ERROR: failed building connection with 'Player Human Reference is not compatible with Player Reference.' at  SpawnActor Player Human 
[2015.10.04-18.26.22:206][885]LogBlueprint:Error: [compiler Player] Error COMPILER ERROR: failed building connection with 'Player Human Reference is not compatible with Player Reference.' at  SpawnActor Player Human 
[2015.10.04-18.26.22:536][885]LogBlueprint:Error: [compiler Player] Error COMPILER ERROR: failed building connection with 'Player Human Reference is not compatible with Player Reference.' at  SpawnActor Player Human 
[2015.10.04-18.26.22:870][885]LogBlueprint:Error: [compiler Player] Error COMPILER ERROR: failed building connection with 'Player Human Reference is not compatible with Player Reference.' at  SpawnActor Player Human 
[2015.10.04-18.26.23:207][885]LogBlueprint:Error: [compiler Player] Error COMPILER ERROR: failed building connection with 'Player Human Reference is not compatible with Player Reference.' at  SpawnActor Player Human 
[2015.10.04-18.26.23:542][885]LogBlueprint:Error: [compiler Player] Error COMPILER ERROR: failed building connection with 'Player Human Reference is not compatible with Player Reference.' at  SpawnActor Player Human 
[2015.10.04-18.26.23:873][885]LogBlueprint:Error: [compiler Player] Error COMPILER ERROR: failed building connection with 'Player Human Reference is not compatible with Player Reference.' at  SpawnActor Player Human 
[2015.10.04-18.26.24:213][885]LogBlueprint:Error: [compiler Player] Error COMPILER ERROR: failed building connection with 'Player Human Reference is not compatible with Player Reference.' at  SpawnActor Player Human 
[2015.10.04-18.26.24:552][885]LogBlueprint:Error: [compiler Player] Error COMPILER ERROR: failed building connection with 'Player Human Reference is not compatible with Player Reference.' at  SpawnActor Player Human 
[2015.10.04-18.26.24:888][885]LogBlueprint:Error: [compiler Player] Error COMPILER ERROR: failed building connection with 'Player Human Reference is not compatible with Player Reference.' at  SpawnActor Player Human 
[2015.10.04-18.26.25:229][885]LogBlueprint:Error: [compiler Player] Error COMPILER ERROR: failed building connection with 'Player Human Reference is not compatible with Player Reference.' at  SpawnActor Player Human 
[2015.10.04-18.26.25:350][885]LogBlueprint:Error: [compiler Player_Kratakos] Error The property associated with  Energy  could not be found
[2015.10.04-18.26.25:350][885]LogBlueprint:Error: [compiler Player_Kratakos] Error The property associated with  Secondary Weapon CD  could not be found
[2015.10.04-18.26.25:350][885]LogBlueprint:Error: [compiler Player_Kratakos] Error The property associated with  Secondary Weapon CD  could not be found
[2015.10.04-18.26.25:350][885]LogBlueprint:Error: [compiler Player_Kratakos] Error The property associated with  Max Energy  could not be found
[2015.10.04-18.26.25:350][885]LogBlueprint:Error: [compiler Player_Kratakos] Error The property associated with  Secondary Weapon CD  could not be found
[2015.10.04-18.26.25:350][885]LogBlueprint:Error: [compiler Player_Kratakos] Error The property associated with  Is Immortal  could not be found
[2015.10.04-18.26.25:350][885]LogBlueprint:Error: [compiler Player_Kratakos] Error The property associated with  Is Immortal  could not be found
[2015.10.04-18.26.25:351][885]LogBlueprint:Error: [compiler Player_Kratakos] Error The property associated with  Max HP  could not be found
[2015.10.04-18.26.25:351][885]LogBlueprint:Error: [compiler Player_Kratakos] Error The property associated with  Health  could not be found
[2015.10.04-18.26.25:351][885]LogBlueprint:Error: [compiler Player_Kratakos] Error The property associated with  Energy  could not be found
[2015.10.04-18.26.25:351][885]LogBlueprint:Error: [compiler Player_Kratakos] Error The property associated with  Max Energy  could not be found
[2015.10.04-18.26.25:351][885]LogBlueprint:Error: [compiler Player_Kratakos] Error The property associated with  EdGraphPin_31058  could not be found
[2015.10.04-18.26.25:351][885]LogBlueprint:Error: [compiler Player_Kratakos] Error The property associated with  Health  could not be found
[2015.10.04-18.26.25:351][885]LogBlueprint:Error: [compiler Player_Kratakos] Error The property associated with  Health  could not be found
[2015.10.04-18.26.25:578][885]LogBlueprint:Error: [compiler Player] Error COMPILER ERROR: failed building connection with 'Player Human Reference is not compatible with Player Reference.' at  SpawnActor Player Human 
[2015.10.04-18.26.25:926][885]LogBlueprint:Error: [compiler Player] Error COMPILER ERROR: failed building connection with 'Player Human Reference is not compatible with Player Reference.' at  SpawnActor Player Human 
[2015.10.04-18.26.26:273][885]LogBlueprint:Error: [compiler Player] Error COMPILER ERROR: failed building connection with 'Player Human Reference is not compatible with Player Reference.' at  SpawnActor Player Human 
[2015.10.04-18.26.26:619][885]LogBlueprint:Error: [compiler Player] Error COMPILER ERROR: failed building connection with 'Player Human Reference is not compatible with Player Reference.' at  SpawnActor Player Human 
[2015.10.04-18.26.26:904][885]LogProperty:Warning: Serialized Class /Script/CoreUObject.Function for a property of Class /Script/Engine.EdGraph. Reference will be NULLed.
    Property = ObjectProperty /Script/Engine.Blueprint:EventGraphs.EventGraphs
    Item = Function /Game/SSA/Blueprints/Player/Player.Player_C:Enemy Remove
[2015.10.04-18.26.26:905][885]LogProperty:Warning: Serialized Class /Script/CoreUObject.Function for a property of Class /Script/Engine.EdGraph. Reference will be NULLed.
    Property = ObjectProperty /Script/Engine.Blueprint:EventGraphs.EventGraphs
    Item = Function /Game/SSA/Blueprints/Player/Player.Player_C:Load Enemies
[2015.10.04-18.26.26:905][885]LogProperty:Warning: Serialized Class /Script/CoreUObject.Function for a property of Class /Script/Engine.EdGraph. Reference will be NULLed.
    Property = ObjectProperty /Script/Engine.Blueprint:EventGraphs.EventGraphs
    Item = Function /Game/SSA/Blueprints/Player/Player.Player_C:Initialize Ship
[2015.10.04-18.26.26:905][885]LogProperty:Warning: Serialized Class /Script/CoreUObject.Function for a property of Class /Script/Engine.EdGraph. Reference will be NULLed.
    Property = ObjectProperty /Script/Engine.Blueprint:EventGraphs.EventGraphs
    Item = Function /Game/SSA/Blueprints/Player/Player.Player_C:Camera Move
[2015.10.04-18.26.26:966][885]LogBlueprint:Error: [compiler Player] Error COMPILER ERROR: failed building connection with 'Player Human Reference is not compatible with Player Reference.' at  SpawnActor Player Human 
[2015.10.04-18.26.27:314][885]LogBlueprint:Error: [compiler Player] Error COMPILER ERROR: failed building connection with 'Player Human Reference is not compatible with Player Reference.' at  SpawnActor Player Human 
[2015.10.04-18.26.27:684][885]LogBlueprint:Error: [compiler Player] Error COMPILER ERROR: failed building connection with 'Player Human Reference is not compatible with Player Reference.' at  SpawnActor Player Human 
[2015.10.04-18.26.28:037][885]LogBlueprint:Error: [compiler Player] Error COMPILER ERROR: failed building connection with 'Player Human Reference is not compatible with Player Reference.' at  SpawnActor Player Human 
[2015.10.04-18.26.28:391][885]LogBlueprint:Error: [compiler Player] Error COMPILER ERROR: failed building connection with 'Player Human Reference is not compatible with Player Reference.' at  SpawnActor Player Human 
[2015.10.04-18.26.28:745][885]LogBlueprint:Error: [compiler Player] Error COMPILER ERROR: failed building connection with 'Player Human Reference is not compatible with Player Reference.' at  SpawnActor Player Human 
[2015.10.04-18.26.29:100][885]LogBlueprint:Error: [compiler Player] Error COMPILER ERROR: failed building connection with 'Player Human Reference is not compatible with Player Reference.' at  SpawnActor Player Human 
[2015.10.04-18.26.29:213][885]LogCrashTracker: 


[2015.10.04-18.26.29:213][885]LogWindows: === Critical error: ===
Fatal error!



