[2015.11.01-19.12.07:582][  0]Log file open, 11/01/15 14:12:07
[2015.11.01-19.12.07:582][  0]LogInit:Display: Running engine for game: SuperSpaceArmada
[2015.11.01-19.12.07:582][  0]LogInit:Display: RandInit(-1738667408) SRandInit(-1738667407).
[2015.11.01-19.12.07:582][  0]LogTaskGraph: Started task graph with 4 named threads and 7 total threads.
[2015.11.01-19.12.07:582][  0]LogStats: Stats thread started at 0.062993
[2015.11.01-19.12.07:582][  0]LogInit: Version: 4.9.1-2689999+++depot+UE4-Releases+4.9
[2015.11.01-19.12.07:582][  0]LogInit: API Version: 2672455
[2015.11.01-19.12.07:582][  0]LogInit: Compiled (64-bit): Sep 14 2015 04:12:03
[2015.11.01-19.12.07:582][  0]LogInit: Compiled with Visual C++: 18.00.21005.01
[2015.11.01-19.12.07:582][  0]LogInit: Build Configuration: Development
[2015.11.01-19.12.07:582][  0]LogInit: Branch Name: ++depot+UE4-Releases+4.9
[2015.11.01-19.12.07:582][  0]LogInit: Command line:  
[2015.11.01-19.12.07:582][  0]LogInit: Base directory: F:/Program Files/Unreal/Epic Games/4.9/Engine/Binaries/Win64/
[2015.11.01-19.12.07:582][  0]LogInit: Rocket: 1
[2015.11.01-19.12.07:588][  0]LogInit: Using libcurl 7.41.0
[2015.11.01-19.12.07:588][  0]LogInit:  - built for x86_64-pc-win32
[2015.11.01-19.12.07:588][  0]LogInit:  - supports SSL with WinSSL
[2015.11.01-19.12.07:588][  0]LogInit:  - other features:
[2015.11.01-19.12.07:588][  0]LogInit:      CURL_VERSION_SSL
[2015.11.01-19.12.07:588][  0]LogInit:      CURL_VERSION_IPV6
[2015.11.01-19.12.07:588][  0]LogInit:      CURL_VERSION_ASYNCHDNS
[2015.11.01-19.12.07:588][  0]LogInit:      CURL_VERSION_LARGEFILE
[2015.11.01-19.12.07:588][  0]LogInit:      CURL_VERSION_IDN
[2015.11.01-19.12.07:588][  0]LogInit:  CurlRequestOptions (configurable via config and command line):
[2015.11.01-19.12.07:588][  0]LogInit:  - bVerifyPeer = true  - Libcurl will verify peer certificate
[2015.11.01-19.12.07:588][  0]LogInit:  - bUseHttpProxy = false  - Libcurl will NOT use HTTP proxy
[2015.11.01-19.12.07:588][  0]LogInit:  - bDontReuseConnections = false  - Libcurl will reuse connections
[2015.11.01-19.12.07:588][  0]LogInit:  - CertBundlePath = nullptr  - Libcurl will use whatever was configured at build time.
[2015.11.01-19.12.07:594][  0]LogInit: Presizing for 0 objects not considered by GC, pre-allocating 0 bytes.
[2015.11.01-19.12.07:599][  0]LogInit: Object subsystem initialized
[2015.11.01-19.12.07:600][  0]LogInit: Selected Device Profile: [Windows]
[2015.11.01-19.12.07:600][  0]LogInit: Applying CVar settings loaded from the selected device profile: [Windows]
[2015.11.01-19.12.07:607][  0]LogInit: Computer: ANDREW_2015
[2015.11.01-19.12.07:607][  0]LogInit: User: aehrlich92
[2015.11.01-19.12.07:607][  0]LogInit: CPU Page size=4096, Cores=4
[2015.11.01-19.12.07:607][  0]LogInit: High frequency timer resolution =3.984654 MHz
[2015.11.01-19.12.07:607][  0]LogMemory: Memory total: Physical=15.9GB (16GB approx)
[2015.11.01-19.12.07:607][  0]LogMemory: Platform Memory Stats for Windows
[2015.11.01-19.12.07:607][  0]LogMemory: Process Physical Memory: 53.91 MB used, 53.91 MB peak
[2015.11.01-19.12.07:607][  0]LogMemory: Process Virtual Memory: 55.40 MB used, 55.40 MB peak
[2015.11.01-19.12.07:607][  0]LogMemory: Physical Memory: 4461.32 MB used, 16322.88 MB total
[2015.11.01-19.12.07:607][  0]LogMemory: Virtual Memory: 364.35 MB used, 134217728.00 MB total
[2015.11.01-19.12.07:662][  0]LogTextLocalizationManager: No specific translations for ('en-US') exist, so ('en') translations will be used.
[2015.11.01-19.12.08:208][  0]LogD3D11RHI: Found D3D11 adapter 0: NVIDIA GeForce GTX 960 (Feature Level 11_0)
[2015.11.01-19.12.08:208][  0]LogD3D11RHI: Adapter has 1969MB of dedicated video memory, 0MB of dedicated system memory, and 8161MB of shared system memory, 2 output[s]
[2015.11.01-19.12.08:210][  0]LogD3D11RHI: Found D3D11 adapter 1: Microsoft Basic Render Driver (Feature Level 11_0)
[2015.11.01-19.12.08:210][  0]LogD3D11RHI: Adapter has 0MB of dedicated video memory, 0MB of dedicated system memory, and 8161MB of shared system memory, 0 output[s]
[2015.11.01-19.12.08:210][  0]LogD3D11RHI: Chosen D3D11 Adapter Id = 0
[2015.11.01-19.12.08:214][  0]LogD3D11RHI: !Direct3DDevice
[2015.11.01-19.12.08:214][  0]LogRHI: Texture pool is 1361 MB (70% of 1945 MB)
[2015.11.01-19.12.08:224][  0]LogD3D11RHI: Async texture creation enabled
[2015.11.01-19.12.08:238][  0]LogShaderCompilers: Guid format shader working directory is 15 characters bigger than the processId version (../../../../../../../My Media/UCF Documents/DIG 4725/Game-Files/SuperSpaceArmada/Intermediate/Shaders/WorkingDirectory/1560/).
[2015.11.01-19.12.08:238][  0]LogShaderCompilers: Cleaned the shader compiler working directory '../../../../../../../My Media/UCF Documents/DIG 4725/Game-Files/SuperSpaceArmada/Intermediate/Shaders/tmp/E79AC1F845EFAEA0587B53AD3EAAE71A/'.
[2015.11.01-19.12.08:238][  0]LogShaderCompilers:Display: Using Local Shader Compiler.
[2015.11.01-19.12.09:394][  0]LogTemp:Display: Loaded TP AllDesktopTargetPlatform
[2015.11.01-19.12.09:398][  0]LogTemp:Display: Loaded TP WindowsClientTargetPlatform
[2015.11.01-19.12.09:402][  0]LogTemp:Display: Loaded TP WindowsNoEditorTargetPlatform
[2015.11.01-19.12.09:406][  0]LogTemp:Display: Loaded TP WindowsServerTargetPlatform
[2015.11.01-19.12.09:409][  0]LogTemp:Display: Loaded TP WindowsTargetPlatform
[2015.11.01-19.12.09:412][  0]LogTemp:Display: Loaded TP AndroidTargetPlatform
[2015.11.01-19.12.09:415][  0]LogTemp:Display: Loaded TP Android_ASTCTargetPlatform
[2015.11.01-19.12.09:419][  0]LogTemp:Display: Loaded TP Android_ATCTargetPlatform
[2015.11.01-19.12.09:423][  0]LogTemp:Display: Loaded TP Android_DXTTargetPlatform
[2015.11.01-19.12.09:426][  0]LogTemp:Display: Loaded TP Android_ETC1TargetPlatform
[2015.11.01-19.12.09:429][  0]LogTemp:Display: Loaded TP Android_ETC2TargetPlatform
[2015.11.01-19.12.09:432][  0]LogTemp:Display: Loaded TP Android_PVRTCTargetPlatform
[2015.11.01-19.12.09:433][  0]LogTemp:Display: Loaded TP HTML5TargetPlatform
[2015.11.01-19.12.09:449][  0]LogTemp:Display: Loaded TP IOSTargetPlatform
[2015.11.01-19.12.09:452][  0]LogTemp:Display: Loaded TP LinuxNoEditorTargetPlatform
[2015.11.01-19.12.09:455][  0]LogTemp:Display: Loaded TP LinuxServerTargetPlatform
[2015.11.01-19.12.09:458][  0]LogTemp:Display: Loaded TP LinuxTargetPlatform
[2015.11.01-19.12.09:458][  0]LogTargetPlatformManager:Display: Building Assets For Windows
[2015.11.01-19.12.09:516][  0]LogDerivedDataCache:Display: Max Cache Size: 512 MB
[2015.11.01-19.12.09:545][  0]LogDerivedDataCache: Loaded boot cache 0.03s 41MB C:/Users/aehrlich92/AppData/Local/UnrealEngine/4.9/DerivedDataCache/Boot.ddc.
[2015.11.01-19.12.09:545][  0]LogDerivedDataCache:Display: Loaded Boot cache: C:/Users/aehrlich92/AppData/Local/UnrealEngine/4.9/DerivedDataCache/Boot.ddc
[2015.11.01-19.12.09:545][  0]LogDerivedDataCache: FDerivedDataBackendGraph:  Pak pak cache file ../../../../../../../My Media/UCF Documents/DIG 4725/Game-Files/SuperSpaceArmada/DerivedDataCache/DDC.ddp not found, will not use a pak cache.
[2015.11.01-19.12.09:545][  0]LogDerivedDataCache: Unable to find inner node Pak for hierarchical cache Hierarchy.
[2015.11.01-19.12.09:545][  0]LogDerivedDataCache: FDerivedDataBackendGraph:  CompressedPak pak cache file ../../../../../../../My Media/UCF Documents/DIG 4725/Game-Files/SuperSpaceArmada/DerivedDataCache/Compressed.ddp not found, will not use a pak cache.
[2015.11.01-19.12.09:545][  0]LogDerivedDataCache: Unable to find inner node CompressedPak for hierarchical cache Hierarchy.
[2015.11.01-19.12.09:641][  0]LogDerivedDataCache:Display: Pak cache opened for reading ../../../Engine/DerivedDataCache/Compressed.ddp.
[2015.11.01-19.12.09:653][  0]LogDerivedDataCache: Using Local data cache path C:/Users/aehrlich92/AppData/Local/UnrealEngine/Common/DerivedDataCache: Writable
[2015.11.01-19.12.09:763][  0]LogInit: Selected Device Profile: [Windows]
[2015.11.01-19.12.09:765][  0]LogContentStreaming: Texture pool size is 0.000000MB
[2015.11.01-19.12.09:844][  0]LogMeshUtilities: No automatic mesh reduction module available
[2015.11.01-19.12.09:844][  0]LogMeshUtilities: No automatic mesh merging module available
[2015.11.01-19.12.10:009][  0]LogInit: WinSock: version 1.1 (2.2), MaxSocks=32767, MaxUdp=65467
[2015.11.01-19.12.10:501][  0]LogAssetRegistry: FAssetRegistry took 0.0107 seconds to start up
[2015.11.01-19.12.10:509][  0]UdpMessaging: Initializing bridge on interface 0.0.0.0:0 to multicast group 230.0.0.1:6666.
[2015.11.01-19.12.10:691][  0]SourceControl: Info Source control is disabled
[2015.11.01-19.12.10:699][  0]SourceControl: Info Source control is disabled
[2015.11.01-19.12.10:704][  0]SourceControl: Info Source control is disabled
[2015.11.01-19.12.10:710][  0]SourceControl: Info Source control is disabled
[2015.11.01-19.12.10:789][  0]LogLinker:Warning: Asset '../../../Engine/Plugins/Runtime/LeapMotionController/Content/LM_PassthroughMaterial.uasset' has been saved with empty engine version. The asset will be loaded but may be incompatible.
[2015.11.01-19.12.10:840][  0]LogObj: 28528 objects as part of root set at end of initial load.
[2015.11.01-19.12.10:840][  0]LogUObjectAllocator: 6068464 out of 0 bytes used by permanent object pool.
[2015.11.01-19.12.10:882][  0]LogEngine: Initializing Engine...
[2015.11.01-19.12.10:883][  0]LogHMD: Can't find Oculus library dev build: is proper Runtime installed? Version: 0.7.0.0
[2015.11.01-19.12.10:884][  0]LogHMD: SteamVR failed to initialize.  Err: 110
[2015.11.01-19.12.10:960][  0]LogAIModule: Creating AISystem for world NewWorld
[2015.11.01-19.12.10:967][  0]LogInit: XAudio2 using 'Speakers (Realtek High Definition Audio)' : 8 channels at 48 kHz using 32 bits per sample (channel mask 0x63f)
[2015.11.01-19.12.10:975][  0]LogInit: FAudioDevice initialized.
[2015.11.01-19.12.10:989][  0]LogDerivedDataCache: Saved boot cache 0.01s 41MB C:/Users/aehrlich92/AppData/Local/UnrealEngine/4.9/DerivedDataCache/Boot.ddc.
[2015.11.01-19.12.10:992][  0]LogInit: Texture streaming: Enabled
[2015.11.01-19.12.10:996][  0]LogAnalytics: Creating configured Analytics provider AnalyticsET
[2015.11.01-19.12.10:996][  0]LogAnalytics: [UEEditor.Rocket.Release] APIServer = http://et2.epicgames.com/ET2/. AppVersion = 4.9.1-2689999+++depot+UE4-Releases+4.9
[2015.11.01-19.12.10:996][  0]LogAnalytics: [UEEditor.Rocket.Release] SetUserId 7bdbd2584788e6e37f918c9187bab22c|b300224d71e64562a5bff06c2aaa78f8|45aed112-7b58-41bf-9eba-b8dcb7f9dd12
[2015.11.01-19.12.10:996][  0]LogAnalytics: [UEEditor.Rocket.Release] AnalyticsET::StartSession
[2015.11.01-19.12.11:025][  0]LogInit: Transaction tracking system initialized
[2015.11.01-19.12.11:045][  0]BlueprintLog: New page: Editor Load
[2015.11.01-19.12.11:098][  0]LocalizationService: Info Localization service is disabled
[2015.11.01-19.12.11:151][  0]LogConsoleResponse:Display: 
[2015.11.01-19.12.11:227][  0]LogCook:Display: Done creating registry. It took  0.00s.
[2015.11.01-19.12.11:261][  0]LogFileCache: Scanning file cache for directory 'F:/My Media/UCF Documents/DIG 4725/Game-Files/SuperSpaceArmada/Content/' took 0.01s
[2015.11.01-19.12.11:261][  0]SourceControl: Info Source control is disabled
[2015.11.01-19.12.11:261][  0]Cmd: MAP LOAD FILE="../../../../../../../My Media/UCF Documents/DIG 4725/Game-Files/SuperSpaceArmada/Content/SSA/Maps/Home_Kratakos.umap" TEMPLATE=0 SHOWPROGRESS=1 FEATURELEVEL=3
[2015.11.01-19.12.11:261][  0]LightingResults: New page: Lighting Build
[2015.11.01-19.12.11:263][  0]MapCheck: New page: Map Check
[2015.11.01-19.12.11:263][  0]LightingResults: New page: Lighting Build
[2015.11.01-19.12.11:272][  0]LogParticles: Destroying 0 GPU particle simulations for FXSystem 0x0000008662539620
[2015.11.01-19.12.11:321][  0]LogLinker:Warning: Asset '../../../../../../../My Media/UCF Documents/DIG 4725/Game-Files/SuperSpaceArmada/Content/Mannequin/Animations/ThirdPerson_AnimBP.uasset' has been saved with empty engine version. The asset will be loaded but may be incompatible.
[2015.11.01-19.12.11:322][  0]LogLinker:Warning: Asset '../../../../../../../My Media/UCF Documents/DIG 4725/Game-Files/SuperSpaceArmada/Content/Mannequin/Animations/ThirdPerson_Jump.uasset' has been saved with empty engine version. The asset will be loaded but may be incompatible.
[2015.11.01-19.12.11:323][  0]LogLinker:Warning: Asset '../../../../../../../My Media/UCF Documents/DIG 4725/Game-Files/SuperSpaceArmada/Content/Mannequin/Animations/ThirdPersonJump_Loop.uasset' has been saved with empty engine version. The asset will be loaded but may be incompatible.
[2015.11.01-19.12.11:323][  0]LogLinker:Warning: Asset '../../../../../../../My Media/UCF Documents/DIG 4725/Game-Files/SuperSpaceArmada/Content/Mannequin/Animations/ThirdPersonJump_Start.uasset' has been saved with empty engine version. The asset will be loaded but may be incompatible.
[2015.11.01-19.12.11:324][  0]LogLinker:Warning: Asset '../../../../../../../My Media/UCF Documents/DIG 4725/Game-Files/SuperSpaceArmada/Content/Mannequin/Animations/ThirdPerson_IdleRun_2D.uasset' has been saved with empty engine version. The asset will be loaded but may be incompatible.
[2015.11.01-19.12.11:324][  0]LogLinker:Warning: Asset '../../../../../../../My Media/UCF Documents/DIG 4725/Game-Files/SuperSpaceArmada/Content/Mannequin/Animations/ThirdPersonIdle.uasset' has been saved with empty engine version. The asset will be loaded but may be incompatible.
[2015.11.01-19.12.11:325][  0]LogLinker:Warning: Asset '../../../../../../../My Media/UCF Documents/DIG 4725/Game-Files/SuperSpaceArmada/Content/Mannequin/Animations/ThirdPersonRun.uasset' has been saved with empty engine version. The asset will be loaded but may be incompatible.
[2015.11.01-19.12.11:326][  0]LogLinker:Warning: Asset '../../../../../../../My Media/UCF Documents/DIG 4725/Game-Files/SuperSpaceArmada/Content/Mannequin/Animations/ThirdPersonWalk.uasset' has been saved with empty engine version. The asset will be loaded but may be incompatible.
[2015.11.01-19.12.12:206][  0]LogBlueprint:Warning: [HUD] CreatePinForVariable: 'ReloadVariables' variable not found. Base class was probably changed.
[2015.11.01-19.12.12:206][  0]LogBlueprint:Warning: [HUD] CreatePinForVariable: 'ReloadVariables' variable not found. Base class was probably changed.
[2015.11.01-19.12.12:206][  0]LogBlueprint:Warning: [HUD] CreatePinForVariable: 'ReloadVariables' variable not found. Base class was probably changed.
[2015.11.01-19.12.12:206][  0]LogBlueprint:Warning: [HUD] CreatePinForVariable: 'ReloadVariables' variable not found. Base class was probably changed.
[2015.11.01-19.12.12:209][  0]LogBlueprint:Warning: [compiler HUD] Warning Could not find a variable named "ReloadVariables" in 'SSAGameInstance_C'.
Make sure 'SSAGameInstance_C' has been compiled for  Set ReloadVariables 
[2015.11.01-19.12.12:209][  0]LogBlueprint:Warning: [compiler HUD] Warning Could not find a variable named "ReloadVariables" in 'SSAGameInstance_C'.
Make sure 'SSAGameInstance_C' has been compiled for  Set ReloadVariables 
[2015.11.01-19.12.12:210][  0]LogBlueprint:Error: [compiler HUD] Error The property associated with  Reload Variables  could not be found
[2015.11.01-19.12.12:210][  0]LogBlueprint:Error: [compiler HUD] Error The property associated with  Reload Variables  could not be found
[2015.11.01-19.12.12:216][  0]LogBlueprint:Warning: [compiler HUD] Warning [0005.02] Compile of HUD failed. 2 Fatal Issue(s) 2 Warning(s) [in 10 ms]
[2015.11.01-19.12.12:218][  0]LogBlueprint:Warning: [compiler HUD] Warning [0005.02] Compile of HUD failed. 2 Fatal Issue(s) 3 Warning(s) [in 1 ms]
[2015.11.01-19.12.12:218][  0]LogBlueprint:Warning: [compiler HUD] Warning [0005.02] Compile of HUD failed. 2 Fatal Issue(s) 4 Warning(s) [in 0 ms]
[2015.11.01-19.12.12:289][  0]LogBlueprint:Error: Broken Node: K2Node_CallFunction /Game/SSA/Blueprints/Objects/Debris.Debris:Debris Collision func.K2Node_CallFunction_3036 keeps removed/invalid pin: EdGraphPin /Game/SSA/Blueprints/Objects/Debris.Debris:Debris Collision func.K2Node_CallFunction_3036.EdGraphPin_189478. Try refresh all nodes.
[2015.11.01-19.12.12:289][  0]LogBlueprint:Error: Broken Node: K2Node_CallFunction /Game/SSA/Blueprints/Objects/Debris.Debris:Debris Collision func.K2Node_CallFunction_2761 keeps removed/invalid pin: EdGraphPin /Game/SSA/Blueprints/Objects/Debris.Debris:Debris Collision func.K2Node_CallFunction_2761.EdGraphPin_189448. Try refresh all nodes.
[2015.11.01-19.12.12:484][  0]LogBlueprint:Error: Broken Node: K2Node_CallFunction /Game/SSA/Blueprints/Objects/Debris.Debris:Debris Collision func.K2Node_CallFunction_2761 keeps removed/invalid pin: EdGraphPin /Game/SSA/Blueprints/Objects/Debris.Debris:Debris Collision func.K2Node_CallFunction_2761.EdGraphPin_189448. Try refresh all nodes.
[2015.11.01-19.12.12:484][  0]LogBlueprint:Error: Broken Node: K2Node_CallFunction /Game/SSA/Blueprints/Objects/Debris.Debris:Debris Collision func.K2Node_CallFunction_3036 keeps removed/invalid pin: EdGraphPin /Game/SSA/Blueprints/Objects/Debris.Debris:Debris Collision func.K2Node_CallFunction_3036.EdGraphPin_189478. Try refresh all nodes.
[2015.11.01-19.12.12:924][  0]LogLinker:Warning: Can't find file '/Game/Geometry/Meshes/1M_Cube'
[2015.11.01-19.12.12:924][  0]LogLinker:Warning: Can't find file for asset '/Game/Geometry/Meshes/1M_Cube' while loading ../../../../../../../My Media/UCF Documents/DIG 4725/Game-Files/SuperSpaceArmada/Content/SSA/Blueprints/Objects/Crystal_Spawner.uasset.
[2015.11.01-19.12.12:924][  0]LoadErrors:Error: Error /Game/SSA/Blueprints/Objects/Crystal_Spawner : Can't find file for asset. /Game/Geometry/Meshes/1M_Cube
[2015.11.01-19.12.12:924][  0]LogLinker:Warning: Can't find file '/Game/Geometry/Meshes/1M_Cube'
[2015.11.01-19.12.12:924][  0]LogLinker:Warning: Can't find file for asset '/Game/Geometry/Meshes/1M_Cube' while loading ../../../../../../../My Media/UCF Documents/DIG 4725/Game-Files/SuperSpaceArmada/Content/SSA/Blueprints/Objects/Crystal_Spawner.uasset.
[2015.11.01-19.12.12:924][  0]LoadErrors:Error: Error /Game/SSA/Blueprints/Objects/Crystal_Spawner : Can't find file for asset. /Game/Geometry/Meshes/1M_Cube
[2015.11.01-19.12.12:925][  0]LogLinker:Warning: Can't find file '/Game/Geometry/Meshes/1M_Cube'
[2015.11.01-19.12.12:925][  0]LogLinker:Warning: Can't find file for asset '/Game/Geometry/Meshes/1M_Cube' while loading ../../../../../../../My Media/UCF Documents/DIG 4725/Game-Files/SuperSpaceArmada/Content/SSA/Maps/Home_Kratakos.umap.
[2015.11.01-19.12.12:926][  0]LoadErrors:Error: Error /Game/SSA/Maps/Home_Kratakos : Can't find file for asset. /Game/Geometry/Meshes/1M_Cube
[2015.11.01-19.12.12:926][  0]LogLinker:Warning: Can't find file '/Game/Geometry/Meshes/1M_Cube'
[2015.11.01-19.12.12:926][  0]LogLinker:Warning: Can't find file for asset '/Game/Geometry/Meshes/1M_Cube' while loading ../../../../../../../My Media/UCF Documents/DIG 4725/Game-Files/SuperSpaceArmada/Content/SSA/Maps/Home_Kratakos.umap.
[2015.11.01-19.12.12:926][  0]LoadErrors:Error: Error /Game/SSA/Maps/Home_Kratakos : Can't find file for asset. /Game/Geometry/Meshes/1M_Cube
[2015.11.01-19.12.12:926][  0]LogLinker:Warning: Can't find file '/Game/Geometry/Meshes/1M_Cube'
[2015.11.01-19.12.12:926][  0]LoadErrors: Info Failed to load /Game/Geometry/Meshes/1M_Cube.1M_Cube Referenced by StaticMeshComponent0
[2015.11.01-19.12.12:926][  0]LogLinker:Warning: Can't find file for asset '/Game/Geometry/Meshes/1M_Cube' while loading ../../../../../../../My Media/UCF Documents/DIG 4725/Game-Files/SuperSpaceArmada/Content/SSA/Maps/Home_Kratakos.umap.
[2015.11.01-19.12.12:926][  0]LoadErrors: Info Failed to load /Game/Geometry/Meshes/1M_Cube.1M_Cube Referenced by StaticMeshComponent0
[2015.11.01-19.12.12:926][  0]LoadErrors:Error: Error /Game/SSA/Maps/Home_Kratakos : Can't find file for asset. /Game/Geometry/Meshes/1M_Cube
[2015.11.01-19.12.13:619][  0]LogAIModule: Creating AISystem for world Home_Kratakos
[2015.11.01-19.12.13:624][  0]LogEditorServer: Finished looking for orphan Actors (0.000 secs)
[2015.11.01-19.12.13:625][  0]Cmd: MAP CHECKDEP NOCLEARLOG
[2015.11.01-19.12.13:680][  0]MapCheck: Info Map check complete: 0 Error(s), 0 Warning(s), took 53.97ms to complete.
[2015.11.01-19.12.13:680][  0]LogFileHelpers: Loading map 'Home_Kratakos' took 2.419
[2015.11.01-19.12.13:774][  0]LogCollectionManager: Loaded 0 collections in 0.001559 seconds
[2015.11.01-19.12.13:811][  0]LogFileCache: Scanning file cache for directory 'F:/My Media/UCF Documents/DIG 4725/Game-Files/SuperSpaceArmada/Saved/Collections/' took 0.01s
[2015.11.01-19.12.13:811][  0]LogFileCache: Scanning file cache for directory 'F:/My Media/UCF Documents/DIG 4725/Game-Files/SuperSpaceArmada/Content/Developers/aehrlich92/Collections/' took 0.01s
[2015.11.01-19.12.13:811][  0]LogFileCache: Scanning file cache for directory 'F:/My Media/UCF Documents/DIG 4725/Game-Files/SuperSpaceArmada/Content/Collections/' took 0.01s
[2015.11.01-19.12.13:811][  0]LogContentBrowser: Native class hierarchy populated in 0.0052 seconds. Added 1882 classes and 339 folders.
[2015.11.01-19.12.13:815][  0]LogCollectionManager: Rebuilt the GUID cache for 0 collections in 0.000002 seconds
[2015.11.01-19.12.13:818][  0]LogContentBrowser: Native class hierarchy updated for 'WidgetCarousel' in 0.0002 seconds. Added 0 classes and 0 folders.
[2015.11.01-19.12.13:843][  0]LogContentBrowser: Native class hierarchy updated for 'AddContentDialog' in 0.0002 seconds. Added 0 classes and 0 folders.
[2015.11.01-19.12.13:846][  0]LogContentBrowser: Native class hierarchy updated for 'SceneOutliner' in 0.0002 seconds. Added 1 classes and 2 folders.
[2015.11.01-19.12.13:868][  0]LogCrashTracker: Crashtracker disabled due to settings.
[2015.11.01-19.12.13:871][  0]LogUObjectGlobals:Warning: Failed to find object 'Class None.'
[2015.11.01-19.12.13:892][  0]LogLoad: Full Startup: 6.70 seconds (BP compile: 0.77 seconds)
[2015.11.01-19.12.13:901][  0]LoadErrors:Error: Error /Game/SSA/Blueprints/Player : Failed import for Player_C /Game/SSA/Blueprints/Player/Player.Default__Player_C
[2015.11.01-19.12.13:901][  0]LoadErrors:Error: Error /Game/SSA/Blueprints/Player_Ships/Player_Cephalon : Failed import for ObjectProperty /Game/SSA/Blueprints/Player_Ships/Player.Player_C:FirstAtk
[2015.11.01-19.12.13:934][  0]LogContentStreaming: Texture pool size now 1000 MB
[2015.11.01-19.12.14:034][  0]LogRenderer: Reallocating scene render targets to support 1208x584 (Frame:2).
[2015.11.01-19.12.14:460][ 13]LogAssetRegistry: Asset discovery search completed in 3.9702 seconds
[2015.11.01-19.12.14:460][ 13]LogCollectionManager: Rebuilt the object cache for 0 collections in 0.000000 seconds (found 0 objects)
[2015.11.01-19.12.14:460][ 13]LogCollectionManager: Fixed up redirectors for 0 collections in 0.000015 seconds (updated 0 objects)
[2015.11.01-19.12.22:894][  3]LogBlueprintUserMessages: Early PlayInEditor Detection: Level '/Game/SSA/Maps/Home_Kratakos.Home_Kratakos:PersistentLevel' has LevelScriptBlueprint '/Game/SSA/Maps/Home_Kratakos.Home_Kratakos:PersistentLevel.Home_Kratakos' with GeneratedClass '/Game/SSA/Maps/Home_Kratakos.Home_Kratakos_C' with ClassGeneratedBy '/Game/SSA/Maps/Home_Kratakos.Home_Kratakos:PersistentLevel.Home_Kratakos'
[2015.11.01-19.12.22:894][  3]LogPlayLevel: PlayLevel: No blueprints needed recompiling
[2015.11.01-19.12.31:782][533]LogLinker:Warning: Asset '../../../Engine/Content/ArtTools/RenderToTexture/Macros/RenderToTextureMacros.uasset' has been saved with empty engine version. The asset will be loaded but may be incompatible.
[2015.11.01-19.12.32:124][533]LogContentBrowser: Native class hierarchy updated for 'BlueprintGraph' in 0.0005 seconds. Added 107 classes and 0 folders.
[2015.11.01-19.12.34:965][823]BlueprintLog: New page: Compile HUD
[2015.11.01-19.12.35:129][823]BlueprintEditorCompileResults: Info [0027.93] Compile of HUD successful! [in 162 ms]
[2015.11.01-19.12.36:802][ 21]LogBlueprintUserMessages: CustomizeDetails for Blueprint 'HUD', cached variable property's owner is '/Game/SSA/Blueprints/SSAGameInstance.SSAGameInstance_C'
[2015.11.01-19.12.39:247][313]LogBlueprintUserMessages: CustomizeDetails for Blueprint 'HUD', cached variable property's owner is '/Game/SSA/Blueprints/SSAGameInstance.SSAGameInstance_C'
[2015.11.01-19.12.43:873][858]Cmd: OBJ SAVEPACKAGE PACKAGE="/Game/SSA/Blueprints/Menues/HUD" FILE="../../../../../../../My Media/UCF Documents/DIG 4725/Game-Files/SuperSpaceArmada/Content/SSA/Blueprints/Menues/HUD.uasset" SILENT=true
[2015.11.01-19.12.43:927][858]LogSavePackage: Save=51.765099ms
[2015.11.01-19.12.43:927][858]LogSavePackage: Moving '../../../../../../../My Media/UCF Documents/DIG 4725/Game-Files/SuperSpaceArmada/Saved/HUDA3E570E146A06D4669B5A895B0C91555.tmp' to '../../../../../../../My Media/UCF Documents/DIG 4725/Game-Files/SuperSpaceArmada/Content/SSA/Blueprints/Menues/HUD.uasset'
[2015.11.01-19.12.43:928][858]LogSavePackage: Total save time: 54.233566ms
[2015.11.01-19.12.43:928][858]LogSavePackage:Warning: Finished SavePackage ../../../../../../../My Media/UCF Documents/DIG 4725/Game-Files/SuperSpaceArmada/Content/SSA/Blueprints/Menues/HUD.uasset
[2015.11.01-19.12.44:402][915]BlueprintLog: New page: Compile HUD
[2015.11.01-19.12.44:480][915]BlueprintEditorCompileResults: Info [0037.28] Compile of HUD successful! [in 78 ms]
[2015.11.01-19.12.45:672][ 55]LogBlueprintUserMessages: Early PlayInEditor Detection: Level '/Game/SSA/Maps/Home_Kratakos.Home_Kratakos:PersistentLevel' has LevelScriptBlueprint '/Game/SSA/Maps/Home_Kratakos.Home_Kratakos:PersistentLevel.Home_Kratakos' with GeneratedClass '/Game/SSA/Maps/Home_Kratakos.Home_Kratakos_C' with ClassGeneratedBy '/Game/SSA/Maps/Home_Kratakos.Home_Kratakos:PersistentLevel.Home_Kratakos'
[2015.11.01-19.12.45:672][ 55]LogPlayLevel: PlayLevel: No blueprints needed recompiling
[2015.11.01-19.12.45:673][ 55]PIE: New page: PIE session: Home_Kratakos (Nov 1, 2015, 9:12:45 AM)
[2015.11.01-19.12.45:673][ 55]LogPlayLevel: Creating play world package: /Game/SSA/Maps/UEDPIE_0_Home_Kratakos
[2015.11.01-19.12.45:692][ 55]LogPlayLevel: PIE: StaticDuplicateObject took: (0.019085s)
[2015.11.01-19.12.45:692][ 55]LogAIModule: Creating AISystem for world Home_Kratakos
[2015.11.01-19.12.45:692][ 55]LogPlayLevel: PIE: World Init took: (0.000576s)
[2015.11.01-19.12.45:692][ 55]LogPlayLevel: PIE: Created PIE world by copying editor world from /Game/SSA/Maps/Home_Kratakos.Home_Kratakos to /Game/SSA/Maps/UEDPIE_0_Home_Kratakos.Home_Kratakos (0.019852s)
[2015.11.01-19.12.45:726][ 55]LogInit: XAudio2 using 'Speakers (Realtek High Definition Audio)' : 8 channels at 48 kHz using 32 bits per sample (channel mask 0x63f)
[2015.11.01-19.12.45:735][ 55]LogInit: FAudioDevice initialized.
[2015.11.01-19.12.45:785][ 55]LogWorld: Game class is 'TopDownGameMode_C'
[2015.11.01-19.12.45:789][ 55]LogWorld:Warning: *** WARNING - PATHS MAY NOT BE VALID ***
[2015.11.01-19.12.45:789][ 55]LogWorld: Bringing World /Game/SSA/Maps/UEDPIE_0_Home_Kratakos.Home_Kratakos up for play (max tick rate 0) at 2015.11.01-14.12.45
[2015.11.01-19.12.45:789][ 55]LogActor:Warning: GameSession /Game/SSA/Maps/UEDPIE_0_Home_Kratakos.Home_Kratakos:PersistentLevel.GameSession_0 has natively added scene component(s), but none of them were set as the actor's RootComponent - picking one arbitrarily
[2015.11.01-19.12.45:790][ 55]LogActor:Warning: GameNetworkManager /Game/SSA/Maps/UEDPIE_0_Home_Kratakos.Home_Kratakos:PersistentLevel.GameNetworkManager_0 has natively added scene component(s), but none of them were set as the actor's RootComponent - picking one arbitrarily
[2015.11.01-19.12.45:790][ 55]LogWorld: Bringing up level for play took: 0.004347
[2015.11.01-19.12.45:804][ 55]PIE: Info Play in editor start time for /Game/SSA/Maps/UEDPIE_0_Home_Kratakos -0.368
[2015.11.01-19.12.45:805][ 55]LogBlueprintUserMessages: Late PlayInEditor Detection: Level '/Game/SSA/Maps/Home_Kratakos.Home_Kratakos:PersistentLevel' has LevelScriptBlueprint '/Game/SSA/Maps/Home_Kratakos.Home_Kratakos:PersistentLevel.Home_Kratakos' with GeneratedClass '/Game/SSA/Maps/Home_Kratakos.Home_Kratakos_C' with ClassGeneratedBy '/Game/SSA/Maps/Home_Kratakos.Home_Kratakos:PersistentLevel.Home_Kratakos'
[2015.11.01-19.12.45:814][ 56]LogRenderer: Reallocating scene render targets to support 1280x720 (Frame:1342).
[2015.11.01-19.12.47:032][199]LogBlueprintUserMessages: Early EndPlayMap Detection: Level '/Game/SSA/Maps/Home_Kratakos.Home_Kratakos:PersistentLevel' has LevelScriptBlueprint '/Game/SSA/Maps/Home_Kratakos.Home_Kratakos:PersistentLevel.Home_Kratakos' with GeneratedClass '/Game/SSA/Maps/Home_Kratakos.Home_Kratakos_C' with ClassGeneratedBy '/Game/SSA/Maps/Home_Kratakos.Home_Kratakos:PersistentLevel.Home_Kratakos'
[2015.11.01-19.12.47:077][199]LogBlueprintUserMessages: Late EndPlayMap Detection: Level '/Game/SSA/Maps/Home_Kratakos.Home_Kratakos:PersistentLevel' has LevelScriptBlueprint '/Game/SSA/Maps/Home_Kratakos.Home_Kratakos:PersistentLevel.Home_Kratakos' with GeneratedClass '/Game/SSA/Maps/Home_Kratakos.Home_Kratakos_C' with ClassGeneratedBy '/Game/SSA/Maps/Home_Kratakos.Home_Kratakos:PersistentLevel.Home_Kratakos'
[2015.11.01-19.12.47:096][199]LogParticles: Destroying 0 GPU particle simulations for FXSystem 0x00000086693F6020
[2015.11.01-19.12.53:316][935]LogParticles: Destroying 0 GPU particle simulations for FXSystem 0x000000867B9794E0
[2015.11.01-19.12.53:316][935]LogParticles: Destroying 0 GPU particle simulations for FXSystem 0x000000867B9798A0
[2015.11.01-19.12.53:381][935]LogWindowsTextInputMethodSystem:Display: IME system now deactivated.
[2015.11.01-19.12.53:593][936]Cmd: QUIT_EDITOR
[2015.11.01-19.12.54:548][936]LogExit: Preparing to exit.
[2015.11.01-19.12.55:657][936]LogExit: Editor shut down
[2015.11.01-19.12.55:657][936]LogExit: Transaction tracking system shut down
[2015.11.01-19.12.55:663][936]LogParticles: Destroying 0 GPU particle simulations for FXSystem 0x000000866F52AB60
[2015.11.01-19.12.55:663][936]LogParticles: Destroying 0 GPU particle simulations for FXSystem 0x000000865D9C34C0
[2015.11.01-19.12.55:663][936]LogParticles: Destroying 0 GPU particle simulations for FXSystem 0x000000866F1EC860
[2015.11.01-19.12.55:798][936]LogExit: Object subsystem successfully closed.
[2015.11.01-19.12.55:803][936]LogD3D11RHI: Shutdown
[2015.11.01-19.12.55:803][936]LogD3D11RHI: CleanupD3DDevice
[2015.11.01-19.12.55:844][936]LogD3D11RHI: ~FD3D11DynamicRHI
[2015.11.01-19.12.55:855][936]LogModuleManager: Shutting down and abandoning module SequencerWidgets (201)
[2015.11.01-19.12.55:855][936]LogModuleManager: Shutting down and abandoning module BlueprintGraph (200)
[2015.11.01-19.12.55:855][936]LogModuleManager: Shutting down and abandoning module CrashTracker (199)
[2015.11.01-19.12.55:855][936]LogModuleManager: Shutting down and abandoning module SceneOutliner (198)
[2015.11.01-19.12.55:855][936]LogModuleManager: Shutting down and abandoning module SuperSearch (197)
[2015.11.01-19.12.55:855][936]LogModuleManager: Shutting down and abandoning module WidgetCarousel (196)
[2015.11.01-19.12.55:855][936]LogModuleManager: Shutting down and abandoning module AddContentDialog (195)
[2015.11.01-19.12.55:855][936]LogModuleManager: Shutting down and abandoning module EditorWidgets (194)
[2015.11.01-19.12.55:855][936]LogModuleManager: Shutting down and abandoning module CollectionManager (193)
[2015.11.01-19.12.55:855][936]LogModuleManager: Shutting down and abandoning module StatsViewer (192)
[2015.11.01-19.12.55:855][936]LogModuleManager: Shutting down and abandoning module FoliageEdit (191)
[2015.11.01-19.12.55:855][936]LogModuleManager: Shutting down and abandoning module LandscapeEditor (190)
[2015.11.01-19.12.55:856][936]LogModuleManager: Shutting down and abandoning module ActorPickerMode (189)
[2015.11.01-19.12.55:856][936]LogModuleManager: Shutting down and abandoning module GeometryMode (188)
[2015.11.01-19.12.55:856][936]LogModuleManager: Shutting down and abandoning module TextureAlignMode (187)
[2015.11.01-19.12.55:856][936]LogModuleManager: Shutting down and abandoning module BspMode (186)
[2015.11.01-19.12.55:856][936]LogModuleManager: Shutting down and abandoning module PlacementMode (185)
[2015.11.01-19.12.55:856][936]LogModuleManager: Shutting down and abandoning module AutomationWorker (184)
[2015.11.01-19.12.55:856][936]LogModuleManager: Shutting down and abandoning module CharacterAI (183)
[2015.11.01-19.12.55:856][936]LogModuleManager: Shutting down and abandoning module SmartSnapping (182)
[2015.11.01-19.12.55:856][936]LogModuleManager: Shutting down and abandoning module ViewportSnapping (181)
[2015.11.01-19.12.55:856][936]LogModuleManager: Shutting down and abandoning module LogVisualizer (180)
[2015.11.01-19.12.55:856][936]LogModuleManager: Shutting down and abandoning module GameProjectGeneration (179)
[2015.11.01-19.12.55:856][936]LogModuleManager: Shutting down and abandoning module IntroTutorials (178)
[2015.11.01-19.12.55:856][936]LogModuleManager: Shutting down and abandoning module EditorLiveStreaming (177)
[2015.11.01-19.12.55:856][936]LogModuleManager: Shutting down and abandoning module IOSPlatformEditor (176)
[2015.11.01-19.12.55:856][936]LogModuleManager: Shutting down and abandoning module HTML5PlatformEditor (175)
[2015.11.01-19.12.55:856][936]LogModuleManager: Shutting down and abandoning module AndroidDeviceDetection (174)
[2015.11.01-19.12.56:135][936]LogModuleManager: Shutting down and abandoning module AndroidPlatformEditor (173)
[2015.11.01-19.12.56:135][936]LogModuleManager: Shutting down and abandoning module IOSRuntimeSettings (172)
[2015.11.01-19.12.56:135][936]LogModuleManager: Shutting down and abandoning module AndroidRuntimeSettings (171)
[2015.11.01-19.12.56:135][936]LogModuleManager: Shutting down and abandoning module MergeActors (170)
[2015.11.01-19.12.56:135][936]LogModuleManager: Shutting down and abandoning module SizeMap (169)
[2015.11.01-19.12.56:135][936]LogModuleManager: Shutting down and abandoning module TreeMap (168)
[2015.11.01-19.12.56:135][936]LogModuleManager: Shutting down and abandoning module ReferenceViewer (167)
[2015.11.01-19.12.56:135][936]LogModuleManager: Shutting down and abandoning module LocalizationService (166)
[2015.11.01-19.12.56:135][936]LogModuleManager: Shutting down and abandoning module LocalizationDashboard (165)
[2015.11.01-19.12.56:135][936]LogModuleManager: Shutting down and abandoning module HardwareTargeting (164)
[2015.11.01-19.12.56:135][936]LogModuleManager: Shutting down and abandoning module DeviceProfileEditor (163)
[2015.11.01-19.12.56:135][936]LogModuleManager: Shutting down and abandoning module UndoHistory (162)
[2015.11.01-19.12.56:135][936]LogModuleManager: Shutting down and abandoning module GameplayTagsEditor (161)
[2015.11.01-19.12.56:135][936]LogModuleManager: Shutting down and abandoning module UserFeedback (160)
[2015.11.01-19.12.56:135][936]LogModuleManager: Shutting down and abandoning module XmlParser (159)
[2015.11.01-19.12.56:135][936]LogModuleManager: Shutting down and abandoning module Blutility (158)
[2015.11.01-19.12.56:136][936]LogModuleManager: Shutting down and abandoning module ProjectTargetPlatformEditor (157)
[2015.11.01-19.12.56:136][936]LogModuleManager: Shutting down and abandoning module ProjectSettingsViewer (156)
[2015.11.01-19.12.56:136][936]LogModuleManager: Shutting down and abandoning module InputBindingEditor (155)
[2015.11.01-19.12.56:136][936]LogModuleManager: Shutting down and abandoning module EditorSettingsViewer (154)
[2015.11.01-19.12.56:136][936]LogModuleManager: Shutting down and abandoning module SettingsEditor (153)
[2015.11.01-19.12.56:136][936]LogModuleManager: Shutting down and abandoning module ProjectLauncher (152)
[2015.11.01-19.12.56:136][936]LogModuleManager: Shutting down and abandoning module SessionFrontend (151)
[2015.11.01-19.12.56:136][936]LogModuleManager: Shutting down and abandoning module ProfilerClient (150)
[2015.11.01-19.12.56:136][936]LogModuleManager: Shutting down and abandoning module TargetDeviceServices (149)
[2015.11.01-19.12.56:136][936]LogModuleManager: Shutting down and abandoning module DeviceManager (148)
[2015.11.01-19.12.56:136][936]LogModuleManager: Shutting down and abandoning module AutomationController (147)
[2015.11.01-19.12.56:136][936]LogModuleManager: Shutting down and abandoning module AutomationWindow (146)
[2015.11.01-19.12.56:136][936]LogModuleManager: Shutting down and abandoning module Layers (145)
[2015.11.01-19.12.56:136][936]LogModuleManager: Shutting down and abandoning module ComponentVisualizers (144)
[2015.11.01-19.12.56:136][936]LogModuleManager: Shutting down and abandoning module DetailCustomizations (143)
[2015.11.01-19.12.56:136][936]LogModuleManager: Shutting down and abandoning module PackagesDialog (142)
[2015.11.01-19.12.56:137][936]LogModuleManager: Shutting down and abandoning module Persona (141)
[2015.11.01-19.12.56:137][936]LogModuleManager: Shutting down and abandoning module Kismet (140)
[2015.11.01-19.12.56:137][936]LogModuleManager: Shutting down and abandoning module GraphEditor (139)
[2015.11.01-19.12.56:137][936]LogModuleManager: Shutting down and abandoning module ClassViewer (138)
[2015.11.01-19.12.56:137][936]LogModuleManager: Shutting down and abandoning module Toolbox (137)
[2015.11.01-19.12.56:137][936]LogModuleManager: Shutting down and abandoning module ModuleUI (136)
[2015.11.01-19.12.56:137][936]LogModuleManager: Shutting down and abandoning module MovieSceneTools (135)
[2015.11.01-19.12.56:137][936]LogModuleManager: Shutting down and abandoning module OutputLog (134)
[2015.11.01-19.12.56:137][936]LogModuleManager: Shutting down and abandoning module GammaUI (133)
[2015.11.01-19.12.56:137][936]LogModuleManager: Shutting down and abandoning module Documentation (132)
[2015.11.01-19.12.56:137][936]LogModuleManager: Shutting down and abandoning module GameLiveStreaming (131)
[2015.11.01-19.12.56:137][936]LogModuleManager: Shutting down and abandoning module StreamingPauseRendering (130)
[2015.11.01-19.12.56:137][936]LogModuleManager: Shutting down and abandoning module AnalyticsET (129)
[2015.11.01-19.12.56:137][936]LogModuleManager: Shutting down and abandoning module Analytics (128)
[2015.11.01-19.12.56:137][936]LogModuleManager: Shutting down and abandoning module AITestSuite (127)
[2015.11.01-19.12.56:137][936]LogModuleManager: Shutting down and abandoning module GameplayDebugger (126)
[2015.11.01-19.12.56:137][936]LogModuleManager: Shutting down and abandoning module AIModule (125)
[2015.11.01-19.12.56:137][936]LogModuleManager: Shutting down and abandoning module ProfilerService (124)
[2015.11.01-19.12.56:148][936]LogModuleManager: Shutting down and abandoning module TaskGraph (123)
[2015.11.01-19.12.56:148][936]LogModuleManager: Shutting down and abandoning module SubstanceEditor (122)
[2015.11.01-19.12.56:148][936]LogModuleManager: Shutting down and abandoning module SlateRemote (121)
[2015.11.01-19.12.56:148][936]LogModuleManager: Shutting down and abandoning module SteamVRController (120)
[2015.11.01-19.12.56:148][936]LogModuleManager: Shutting down and abandoning module SteamVR (119)
[2015.11.01-19.12.56:148][936]LogModuleManager: Shutting down and abandoning module ProceduralMeshComponent (118)
[2015.11.01-19.12.56:148][936]LogModuleManager: Shutting down and abandoning module OculusRift (117)
[2015.11.01-19.12.56:148][936]LogModuleManager: Shutting down and abandoning module OculusLibrary (116)
[2015.11.01-19.12.56:148][936]LogModuleManager: Shutting down and abandoning module LeapMotionController (115)
[2015.11.01-19.12.56:186][936]LogModuleManager: Shutting down and abandoning module CustomMeshComponent (114)
[2015.11.01-19.12.56:186][936]LogModuleManager: Shutting down and abandoning module CableComponent (113)
[2015.11.01-19.12.56:186][936]LogModuleManager: Shutting down and abandoning module ArchVisCharacter (112)
[2015.11.01-19.12.56:186][936]LogModuleManager: Shutting down and abandoning module MessagingDebugger (111)
[2015.11.01-19.12.56:186][936]LogModuleManager: Shutting down and abandoning module MediaPlayerEditor (110)
[2015.11.01-19.12.56:186][936]LogModuleManager: Shutting down and abandoning module HTML5Networking (109)
[2015.11.01-19.12.56:186][936]LogModuleManager: Shutting down and abandoning module SpeedTreeImporter (108)
[2015.11.01-19.12.56:187][936]LogModuleManager: Shutting down and abandoning module PluginBrowser (107)
[2015.11.01-19.12.56:187][936]LogModuleManager: Shutting down and abandoning module EpicSurvey (106)
[2015.11.01-19.12.56:187][936]LogModuleManager: Shutting down and abandoning module DesktopPlatform (105)
[2015.11.01-19.12.56:187][936]LogModuleManager: Shutting down and abandoning module VisualStudioSourceCodeAccess (104)
[2015.11.01-19.12.56:187][936]LogModuleManager: Shutting down and abandoning module UObjectPlugin (103)
[2015.11.01-19.12.56:187][936]LogModuleManager: Shutting down and abandoning module SubversionSourceControl (102)
[2015.11.01-19.12.56:187][936]LogModuleManager: Shutting down and abandoning module PerforceSourceControl (101)
[2015.11.01-19.12.56:187][936]LogModuleManager: Shutting down and abandoning module SourceControl (100)
[2015.11.01-19.12.56:187][936]LogModuleManager: Shutting down and abandoning module GitSourceControl (99)
[2015.11.01-19.12.56:187][936]LogModuleManager: Shutting down and abandoning module LightPropagationVolumeEditor (98)
[2015.11.01-19.12.56:187][936]LogModuleManager: Shutting down and abandoning module PaperTiledImporter (97)
[2015.11.01-19.12.56:187][936]LogModuleManager: Shutting down and abandoning module PaperSpriteSheetImporter (96)
[2015.11.01-19.12.56:187][936]LogModuleManager: Shutting down and abandoning module MeshPaint (95)
[2015.11.01-19.12.56:187][936]LogModuleManager: Shutting down and abandoning module SlateReflector (94)
[2015.11.01-19.12.56:187][936]LogModuleManager: Shutting down and abandoning module HotReload (93)
[2015.11.01-19.12.56:187][936]LogModuleManager: Shutting down and abandoning module MainFrame (92)
[2015.11.01-19.12.56:187][936]LogModuleManager: Shutting down and abandoning module LevelEditor (91)
[2015.11.01-19.12.56:188][936]LogModuleManager: Shutting down and abandoning module ContentBrowser (90)
[2015.11.01-19.12.56:189][936]LogModuleManager: Shutting down and abandoning module Paper2DEditor (89)
[2015.11.01-19.12.56:189][936]LogModuleManager: Shutting down and abandoning module UdpMessaging (88)
[2015.11.01-19.12.56:290][936]LogModuleManager: Shutting down and abandoning module DirectoryWatcher (87)
[2015.11.01-19.12.56:291][936]LogModuleManager: Shutting down and abandoning module AssetRegistry (86)
[2015.11.01-19.12.56:427][936]LogModuleManager: Shutting down and abandoning module SubstanceCore (85)
[2015.11.01-19.12.56:427][936]LogModuleManager: Shutting down and abandoning module LightPropagationVolumeRuntime (84)
[2015.11.01-19.12.56:427][936]LogModuleManager: Shutting down and abandoning module Paper2D (83)
[2015.11.01-19.12.56:427][936]LogModuleManager: Shutting down and abandoning module WindowsMoviePlayer (82)
[2015.11.01-19.12.56:430][936]LogModuleManager: Shutting down and abandoning module Media (81)
[2015.11.01-19.12.56:430][936]LogModuleManager: Shutting down and abandoning module WmfMedia (80)
[2015.11.01-19.12.56:430][936]LogModuleManager: Shutting down and abandoning module OnlineBlueprintSupport (79)
[2015.11.01-19.12.56:430][936]LogModuleManager: Shutting down and abandoning module GameplayTasksEditor (78)
[2015.11.01-19.12.56:430][936]LogModuleManager: Shutting down and abandoning module PropertyEditor (77)
[2015.11.01-19.12.56:430][936]LogModuleManager: Shutting down and abandoning module BehaviorTreeEditor (76)
[2015.11.01-19.12.56:430][936]LogModuleManager: Shutting down and abandoning module FunctionalTesting (75)
[2015.11.01-19.12.56:430][936]LogModuleManager: Shutting down and abandoning module CollisionAnalyzer (74)
[2015.11.01-19.12.56:430][936]LogModuleManager: Shutting down and abandoning module WorkspaceMenuStructure (73)
[2015.11.01-19.12.56:431][936]LogModuleManager: Shutting down and abandoning module MessageLog (72)
[2015.11.01-19.12.56:431][936]LogModuleManager: Shutting down and abandoning module Sequencer (71)
[2015.11.01-19.12.56:431][936]LogModuleManager: Shutting down and abandoning module AssetTools (70)
[2015.11.01-19.12.56:431][936]LogModuleManager: Shutting down and abandoning module UMGEditor (69)
[2015.11.01-19.12.56:431][936]LogModuleManager: Shutting down and abandoning module UMG (68)
[2015.11.01-19.12.56:431][936]LogModuleManager: Shutting down and abandoning module Slate (67)
[2015.11.01-19.12.56:431][936]LogModuleManager: Shutting down and abandoning module EditorStyle (66)
[2015.11.01-19.12.56:432][936]LogModuleManager: Shutting down and abandoning module SessionServices (65)
[2015.11.01-19.12.56:432][936]LogModuleManager: Shutting down and abandoning module SourceCodeAccess (64)
[2015.11.01-19.12.56:432][936]LogModuleManager: Shutting down and abandoning module HeadMountedDisplay (63)
[2015.11.01-19.12.56:432][936]LogModuleManager: Shutting down and abandoning module XAudio2 (62)
[2015.11.01-19.12.56:433][936]LogModuleManager: Shutting down and abandoning module Networking (60)
[2015.11.01-19.12.56:433][936]LogModuleManager: Shutting down and abandoning module Core (59)
[2015.11.01-19.12.56:433][936]LogModuleManager: Shutting down and abandoning module KismetCompiler (58)
[2015.11.01-19.12.56:433][936]LogModuleManager: Shutting down and abandoning module PhysXFormats (57)
[2015.11.01-19.12.56:433][936]LogModuleManager: Shutting down and abandoning module MeshUtilities (56)
[2015.11.01-19.12.56:433][936]LogModuleManager: Shutting down and abandoning module CookingStats (55)
[2015.11.01-19.12.56:434][936]LogModuleManager: Shutting down and abandoning module DerivedDataCache (54)
[2015.11.01-19.12.56:671][936]LogDerivedDataCache: Shutdown
[2015.11.01-19.12.56:671][936]LogModuleManager: Shutting down and abandoning module ShaderFormatOpenGL (53)
[2015.11.01-19.12.56:671][936]LogModuleManager: Shutting down and abandoning module ShaderFormatD3D (52)
[2015.11.01-19.12.56:671][936]LogModuleManager: Shutting down and abandoning module MetalShaderFormat (51)
[2015.11.01-19.12.56:671][936]LogModuleManager: Shutting down and abandoning module TextureFormatUncompressed (50)
[2015.11.01-19.12.56:671][936]LogModuleManager: Shutting down and abandoning module TextureFormatPVR (49)
[2015.11.01-19.12.56:671][936]LogModuleManager: Shutting down and abandoning module TextureFormatIntelISPCTexComp (48)
[2015.11.01-19.12.56:671][936]LogModuleManager: Shutting down and abandoning module TextureFormatDXT (47)
[2015.11.01-19.12.56:671][936]LogModuleManager: Shutting down and abandoning module ImageWrapper (46)
[2015.11.01-19.12.56:671][936]LogModuleManager: Shutting down and abandoning module TextureFormatASTC (45)
[2015.11.01-19.12.56:671][936]LogModuleManager: Shutting down and abandoning module TextureFormatAndroid (44)
[2015.11.01-19.12.56:671][936]LogModuleManager: Shutting down and abandoning module AudioFormatOpus (43)
[2015.11.01-19.12.56:671][936]LogModuleManager: Shutting down and abandoning module AudioFormatOgg (42)
[2015.11.01-19.12.56:671][936]LogModuleManager: Shutting down and abandoning module AudioFormatADPCM (41)
[2015.11.01-19.12.56:671][936]LogModuleManager: Shutting down and abandoning module LinuxTargetPlatform (40)
[2015.11.01-19.12.56:671][936]LogModuleManager: Shutting down and abandoning module LinuxServerTargetPlatform (39)
[2015.11.01-19.12.56:671][936]LogModuleManager: Shutting down and abandoning module LinuxNoEditorTargetPlatform (38)
[2015.11.01-19.12.56:671][936]LogModuleManager: Shutting down and abandoning module Messaging (37)
[2015.11.01-19.12.56:671][936]LogModuleManager: Shutting down and abandoning module IOSTargetPlatform (36)
[2015.11.01-19.12.56:671][936]LogModuleManager: Shutting down and abandoning module HTML5TargetPlatform (35)
[2015.11.01-19.12.56:671][936]LogModuleManager: Shutting down and abandoning module Android_PVRTCTargetPlatform (34)
[2015.11.01-19.12.56:671][936]LogModuleManager: Shutting down and abandoning module Android_ETC2TargetPlatform (33)
[2015.11.01-19.12.56:671][936]LogModuleManager: Shutting down and abandoning module Android_ETC1TargetPlatform (32)
[2015.11.01-19.12.56:671][936]LogModuleManager: Shutting down and abandoning module Android_DXTTargetPlatform (31)
[2015.11.01-19.12.56:671][936]LogModuleManager: Shutting down and abandoning module Android_ATCTargetPlatform (30)
[2015.11.01-19.12.56:671][936]LogModuleManager: Shutting down and abandoning module Android_ASTCTargetPlatform (29)
[2015.11.01-19.12.56:671][936]LogModuleManager: Shutting down and abandoning module AndroidTargetPlatform (28)
[2015.11.01-19.12.56:671][936]LogModuleManager: Shutting down and abandoning module WindowsTargetPlatform (27)
[2015.11.01-19.12.56:671][936]LogModuleManager: Shutting down and abandoning module WindowsServerTargetPlatform (26)
[2015.11.01-19.12.56:671][936]LogModuleManager: Shutting down and abandoning module WindowsNoEditorTargetPlatform (25)
[2015.11.01-19.12.56:671][936]LogModuleManager: Shutting down and abandoning module WindowsClientTargetPlatform (24)
[2015.11.01-19.12.56:671][936]LogModuleManager: Shutting down and abandoning module AllDesktopTargetPlatform (23)
[2015.11.01-19.12.56:671][936]LogModuleManager: Shutting down and abandoning module TargetPlatform (22)
[2015.11.01-19.12.56:671][936]LogModuleManager: Shutting down and abandoning module InputCore (21)
[2015.11.01-19.12.56:671][936]LogModuleManager: Shutting down and abandoning module Settings (20)
[2015.11.01-19.12.56:672][936]LogModuleManager: Shutting down and abandoning module OnlineSubsystem (18)
[2015.11.01-19.12.56:672][936]LogModuleManager: Shutting down and abandoning module HTTP (17)
[2015.11.01-19.12.58:674][936]LogModuleManager: Shutting down and abandoning module XMPP (16)
[2015.11.01-19.12.58:674][936]LogModuleManager: Shutting down and abandoning module ExampleDeviceProfileSelector (15)
[2015.11.01-19.12.58:674][936]LogModuleManager: Shutting down and abandoning module TextureCompressor (14)
[2015.11.01-19.12.58:674][936]LogModuleManager: Shutting down and abandoning module ShaderCore (13)
[2015.11.01-19.12.58:674][936]LogModuleManager: Shutting down and abandoning module Landscape (12)
[2015.11.01-19.12.58:674][936]LogModuleManager: Shutting down and abandoning module SlateRHIRenderer (11)
[2015.11.01-19.12.58:675][936]LogModuleManager: Shutting down and abandoning module OpenGLDrv (10)
[2015.11.01-19.12.58:675][936]LogModuleManager: Shutting down and abandoning module D3D11RHI (9)
[2015.11.01-19.12.58:675][936]LogModuleManager: Shutting down and abandoning module AnimGraphRuntime (8)
[2015.11.01-19.12.58:675][936]LogModuleManager: Shutting down and abandoning module Renderer (7)
[2015.11.01-19.12.58:675][936]LogModuleManager: Shutting down and abandoning module Engine (6)
[2015.11.01-19.12.58:675][936]LogModuleManager: Shutting down and abandoning module CoreUObject (5)
[2015.11.01-19.12.58:675][936]LogModuleManager: Shutting down and abandoning module NetworkFile (4)
[2015.11.01-19.12.58:675][936]LogModuleManager: Shutting down and abandoning module StreamingFile (3)
[2015.11.01-19.12.58:675][936]LogModuleManager: Shutting down and abandoning module SandboxFile (2)
[2015.11.01-19.12.58:675][936]LogModuleManager: Shutting down and abandoning module PakFile (1)
[2015.11.01-19.12.58:676][936]LogExit: Exiting.
[2015.11.01-19.12.58:678][936]Log file closed, 11/01/15 14:12:58
