[2015.10.04-18.24.18:264][  0]Log file open, 10/04/15 14:24:18
[2015.10.04-18.24.18:264][  0]LogInit:Display: Running engine without a game
[2015.10.04-18.24.18:264][  0]LogInit:Display: Loading recent project file: ../../../../../../../My Media/UCF Documents/DIG 4725/Game-Files/SuperSpaceArmada/SuperSpaceArmada.uproject
[2015.10.04-18.24.18:264][  0]LogInit:Display: RandInit(-1569389435) SRandInit(-1569389433).
[2015.10.04-18.24.18:264][  0]LogTaskGraph: Started task graph with 4 named threads and 7 total threads.
[2015.10.04-18.24.18:264][  0]LogStats: Stats thread started at 0.062700
[2015.10.04-18.24.18:264][  0]LogInit: Version: 4.9.1-2689999+++depot+UE4-Releases+4.9
[2015.10.04-18.24.18:264][  0]LogInit: API Version: 2672455
[2015.10.04-18.24.18:264][  0]LogInit: Compiled (64-bit): Sep 14 2015 04:12:03
[2015.10.04-18.24.18:264][  0]LogInit: Compiled with Visual C++: 18.00.21005.01
[2015.10.04-18.24.18:264][  0]LogInit: Build Configuration: Development
[2015.10.04-18.24.18:264][  0]LogInit: Branch Name: ++depot+UE4-Releases+4.9
[2015.10.04-18.24.18:264][  0]LogInit: Command line: 
[2015.10.04-18.24.18:264][  0]LogInit: Base directory: F:/Program Files/Unreal/Epic Games/4.9/Engine/Binaries/Win64/
[2015.10.04-18.24.18:264][  0]LogInit: Rocket: 1
[2015.10.04-18.24.18:271][  0]LogInit: Using libcurl 7.41.0
[2015.10.04-18.24.18:271][  0]LogInit:  - built for x86_64-pc-win32
[2015.10.04-18.24.18:271][  0]LogInit:  - supports SSL with WinSSL
[2015.10.04-18.24.18:271][  0]LogInit:  - other features:
[2015.10.04-18.24.18:271][  0]LogInit:      CURL_VERSION_SSL
[2015.10.04-18.24.18:271][  0]LogInit:      CURL_VERSION_IPV6
[2015.10.04-18.24.18:271][  0]LogInit:      CURL_VERSION_ASYNCHDNS
[2015.10.04-18.24.18:271][  0]LogInit:      CURL_VERSION_LARGEFILE
[2015.10.04-18.24.18:271][  0]LogInit:      CURL_VERSION_IDN
[2015.10.04-18.24.18:271][  0]LogInit:  CurlRequestOptions (configurable via config and command line):
[2015.10.04-18.24.18:271][  0]LogInit:  - bVerifyPeer = true  - Libcurl will verify peer certificate
[2015.10.04-18.24.18:271][  0]LogInit:  - bUseHttpProxy = false  - Libcurl will NOT use HTTP proxy
[2015.10.04-18.24.18:271][  0]LogInit:  - bDontReuseConnections = false  - Libcurl will reuse connections
[2015.10.04-18.24.18:271][  0]LogInit:  - CertBundlePath = nullptr  - Libcurl will use whatever was configured at build time.
[2015.10.04-18.24.18:277][  0]LogInit: Presizing for 0 objects not considered by GC, pre-allocating 0 bytes.
[2015.10.04-18.24.18:282][  0]LogInit: Object subsystem initialized
[2015.10.04-18.24.18:283][  0]LogInit: Selected Device Profile: [Windows]
[2015.10.04-18.24.18:283][  0]LogInit: Applying CVar settings loaded from the selected device profile: [Windows]
[2015.10.04-18.24.18:289][  0]LogInit: Computer: ANDREW_2015
[2015.10.04-18.24.18:289][  0]LogInit: User: aehrlich92
[2015.10.04-18.24.18:289][  0]LogInit: CPU Page size=4096, Cores=4
[2015.10.04-18.24.18:289][  0]LogInit: High frequency timer resolution =3.984650 MHz
[2015.10.04-18.24.18:289][  0]LogMemory: Memory total: Physical=15.9GB (16GB approx)
[2015.10.04-18.24.18:289][  0]LogMemory: Platform Memory Stats for Windows
[2015.10.04-18.24.18:289][  0]LogMemory: Process Physical Memory: 54.65 MB used, 54.65 MB peak
[2015.10.04-18.24.18:289][  0]LogMemory: Process Virtual Memory: 59.38 MB used, 59.38 MB peak
[2015.10.04-18.24.18:289][  0]LogMemory: Physical Memory: 6169.70 MB used, 16322.88 MB total
[2015.10.04-18.24.18:289][  0]LogMemory: Virtual Memory: 368.36 MB used, 134217728.00 MB total
[2015.10.04-18.24.18:328][  0]LogTextLocalizationManager: No specific translations for ('en-US') exist, so ('en') translations will be used.
[2015.10.04-18.24.18:844][  0]LogD3D11RHI: Found D3D11 adapter 0: NVIDIA GeForce GTX 960 (Feature Level 11_0)
[2015.10.04-18.24.18:844][  0]LogD3D11RHI: Adapter has 1969MB of dedicated video memory, 0MB of dedicated system memory, and 8161MB of shared system memory, 2 output[s]
[2015.10.04-18.24.18:846][  0]LogD3D11RHI: Found D3D11 adapter 1: Microsoft Basic Render Driver (Feature Level 11_0)
[2015.10.04-18.24.18:846][  0]LogD3D11RHI: Adapter has 0MB of dedicated video memory, 0MB of dedicated system memory, and 8161MB of shared system memory, 0 output[s]
[2015.10.04-18.24.18:846][  0]LogD3D11RHI: Chosen D3D11 Adapter Id = 0
[2015.10.04-18.24.18:850][  0]LogD3D11RHI: !Direct3DDevice
[2015.10.04-18.24.18:850][  0]LogRHI: Texture pool is 1361 MB (70% of 1945 MB)
[2015.10.04-18.24.18:859][  0]LogD3D11RHI: Async texture creation enabled
[2015.10.04-18.24.18:874][  0]LogShaderCompilers: Guid format shader working directory is 15 characters bigger than the processId version (../../../../../../../My Media/UCF Documents/DIG 4725/Game-Files/SuperSpaceArmada/Intermediate/Shaders/WorkingDirectory/8980/).
[2015.10.04-18.24.18:874][  0]LogShaderCompilers: Cleaned the shader compiler working directory '../../../../../../../My Media/UCF Documents/DIG 4725/Game-Files/SuperSpaceArmada/Intermediate/Shaders/tmp/AADBF36045ADFD6C615B219F3B6808FB/'.
[2015.10.04-18.24.18:874][  0]LogShaderCompilers:Display: Using Local Shader Compiler.
[2015.10.04-18.24.19:812][  0]LogTemp:Display: Loaded TP AllDesktopTargetPlatform
[2015.10.04-18.24.19:816][  0]LogTemp:Display: Loaded TP WindowsClientTargetPlatform
[2015.10.04-18.24.19:819][  0]LogTemp:Display: Loaded TP WindowsNoEditorTargetPlatform
[2015.10.04-18.24.19:823][  0]LogTemp:Display: Loaded TP WindowsServerTargetPlatform
[2015.10.04-18.24.19:827][  0]LogTemp:Display: Loaded TP WindowsTargetPlatform
[2015.10.04-18.24.19:830][  0]LogTemp:Display: Loaded TP AndroidTargetPlatform
[2015.10.04-18.24.19:832][  0]LogTemp:Display: Loaded TP Android_ASTCTargetPlatform
[2015.10.04-18.24.19:835][  0]LogTemp:Display: Loaded TP Android_ATCTargetPlatform
[2015.10.04-18.24.19:838][  0]LogTemp:Display: Loaded TP Android_DXTTargetPlatform
[2015.10.04-18.24.19:841][  0]LogTemp:Display: Loaded TP Android_ETC1TargetPlatform
[2015.10.04-18.24.19:844][  0]LogTemp:Display: Loaded TP Android_ETC2TargetPlatform
[2015.10.04-18.24.19:847][  0]LogTemp:Display: Loaded TP Android_PVRTCTargetPlatform
[2015.10.04-18.24.19:848][  0]LogTemp:Display: Loaded TP HTML5TargetPlatform
[2015.10.04-18.24.19:864][  0]LogTemp:Display: Loaded TP IOSTargetPlatform
[2015.10.04-18.24.19:867][  0]LogTemp:Display: Loaded TP LinuxNoEditorTargetPlatform
[2015.10.04-18.24.19:870][  0]LogTemp:Display: Loaded TP LinuxServerTargetPlatform
[2015.10.04-18.24.19:873][  0]LogTemp:Display: Loaded TP LinuxTargetPlatform
[2015.10.04-18.24.19:873][  0]LogTargetPlatformManager:Display: Building Assets For Windows
[2015.10.04-18.24.19:932][  0]LogDerivedDataCache:Display: Max Cache Size: 512 MB
[2015.10.04-18.24.19:960][  0]LogDerivedDataCache: Loaded boot cache 0.03s 41MB C:/Users/aehrlich92/AppData/Local/UnrealEngine/4.9/DerivedDataCache/Boot.ddc.
[2015.10.04-18.24.19:960][  0]LogDerivedDataCache:Display: Loaded Boot cache: C:/Users/aehrlich92/AppData/Local/UnrealEngine/4.9/DerivedDataCache/Boot.ddc
[2015.10.04-18.24.19:960][  0]LogDerivedDataCache: FDerivedDataBackendGraph:  Pak pak cache file ../../../../../../../My Media/UCF Documents/DIG 4725/Game-Files/SuperSpaceArmada/DerivedDataCache/DDC.ddp not found, will not use a pak cache.
[2015.10.04-18.24.19:960][  0]LogDerivedDataCache: Unable to find inner node Pak for hierarchical cache Hierarchy.
[2015.10.04-18.24.19:960][  0]LogDerivedDataCache: FDerivedDataBackendGraph:  CompressedPak pak cache file ../../../../../../../My Media/UCF Documents/DIG 4725/Game-Files/SuperSpaceArmada/DerivedDataCache/Compressed.ddp not found, will not use a pak cache.
[2015.10.04-18.24.19:960][  0]LogDerivedDataCache: Unable to find inner node CompressedPak for hierarchical cache Hierarchy.
[2015.10.04-18.24.20:057][  0]LogDerivedDataCache:Display: Pak cache opened for reading ../../../Engine/DerivedDataCache/Compressed.ddp.
[2015.10.04-18.24.20:068][  0]LogDerivedDataCache: Using Local data cache path C:/Users/aehrlich92/AppData/Local/UnrealEngine/Common/DerivedDataCache: Writable
[2015.10.04-18.24.20:210][  0]LogInit: Selected Device Profile: [Windows]
[2015.10.04-18.24.20:211][  0]LogContentStreaming: Texture pool size is 0.000000MB
[2015.10.04-18.24.20:307][  0]LogMeshUtilities: No automatic mesh reduction module available
[2015.10.04-18.24.20:307][  0]LogMeshUtilities: No automatic mesh merging module available
[2015.10.04-18.24.20:506][  0]LogInit: WinSock: version 1.1 (2.2), MaxSocks=32767, MaxUdp=65467
[2015.10.04-18.24.21:560][  0]LogAssetRegistry: FAssetRegistry took 0.0108 seconds to start up
[2015.10.04-18.24.21:601][  0]UdpMessaging: Initializing bridge on interface 0.0.0.0:0 to multicast group 230.0.0.1:6666.
[2015.10.04-18.24.22:127][  0]SourceControl: Info Source control is disabled
[2015.10.04-18.24.22:136][  0]SourceControl: Info Source control is disabled
[2015.10.04-18.24.22:165][  0]SourceControl: Info Source control is disabled
[2015.10.04-18.24.22:199][  0]SourceControl: Info Source control is disabled
[2015.10.04-18.24.22:484][  0]LogLinker:Warning: Asset '../../../Engine/Plugins/Runtime/LeapMotionController/Content/LM_PassthroughMaterial.uasset' has been saved with empty engine version. The asset will be loaded but may be incompatible.
[2015.10.04-18.24.22:644][  0]LogObj: 28528 objects as part of root set at end of initial load.
[2015.10.04-18.24.22:644][  0]LogUObjectAllocator: 6068464 out of 0 bytes used by permanent object pool.
[2015.10.04-18.24.22:732][  0]LogEngine: Initializing Engine...
[2015.10.04-18.24.22:733][  0]LogHMD: Can't find Oculus library dev build: is proper Runtime installed? Version: 0.7.0.0
[2015.10.04-18.24.22:749][  0]LogHMD: SteamVR failed to initialize.  Err: 110
[2015.10.04-18.24.22:849][  0]LogAIModule: Creating AISystem for world NewWorld
[2015.10.04-18.24.22:869][  0]LogInit: XAudio2 using 'Speakers (Realtek High Definition Audio)' : 8 channels at 48 kHz using 32 bits per sample (channel mask 0x63f)
[2015.10.04-18.24.22:896][  0]LogInit: FAudioDevice initialized.
[2015.10.04-18.24.22:910][  0]LogDerivedDataCache: Saved boot cache 0.01s 41MB C:/Users/aehrlich92/AppData/Local/UnrealEngine/4.9/DerivedDataCache/Boot.ddc.
[2015.10.04-18.24.22:913][  0]LogInit: Texture streaming: Enabled
[2015.10.04-18.24.22:944][  0]LogAnalytics: Creating configured Analytics provider AnalyticsET
[2015.10.04-18.24.22:944][  0]LogAnalytics: [UEEditor.Rocket.Release] APIServer = http://et2.epicgames.com/ET2/. AppVersion = 4.9.1-2689999+++depot+UE4-Releases+4.9
[2015.10.04-18.24.22:944][  0]LogAnalytics: [UEEditor.Rocket.Release] SetUserId 7bdbd2584788e6e37f918c9187bab22c|b300224d71e64562a5bff06c2aaa78f8|45aed112-7b58-41bf-9eba-b8dcb7f9dd12
[2015.10.04-18.24.22:944][  0]LogAnalytics: [UEEditor.Rocket.Release] AnalyticsET::StartSession
[2015.10.04-18.24.23:248][  0]LogInit: Transaction tracking system initialized
[2015.10.04-18.24.23:481][  0]BlueprintLog: New page: Editor Load
[2015.10.04-18.24.24:051][  0]LocalizationService: Info Localization service is disabled
[2015.10.04-18.24.24:344][  0]LogConsoleResponse:Display: 
[2015.10.04-18.24.24:435][  0]LogCook:Display: Done creating registry. It took  0.00s.
[2015.10.04-18.24.24:613][  0]LogFileCache: Scanning file cache for directory 'F:/My Media/UCF Documents/DIG 4725/Game-Files/SuperSpaceArmada/Content/' took 0.01s
[2015.10.04-18.24.24:642][  0]SourceControl: Info Source control is disabled
[2015.10.04-18.24.24:642][  0]Cmd: MAP LOAD FILE="../../../../../../../My Media/UCF Documents/DIG 4725/Game-Files/SuperSpaceArmada/Content/TopDownBP/Maps/TopDownExampleMap.umap" TEMPLATE=0 SHOWPROGRESS=1 FEATURELEVEL=3
[2015.10.04-18.24.24:642][  0]LogEditorServer:Warning: Can't find file '../../../../../../../My Media/UCF Documents/DIG 4725/Game-Files/SuperSpaceArmada/Content/TopDownBP/Maps/TopDownExampleMap.umap'
[2015.10.04-18.24.24:642][  0]Cmd: MAP CHECKDEP NOCLEARLOG
[2015.10.04-18.24.24:667][  0]MapCheck: Info Map check complete: 0 Error(s), 0 Warning(s), took 24.929ms to complete.
[2015.10.04-18.24.24:667][  0]LogFileHelpers: Loading map 'TopDownExampleMap' took 0.025
[2015.10.04-18.24.24:797][  0]LogCollectionManager: Loaded 0 collections in 0.000933 seconds
[2015.10.04-18.24.24:835][  0]LogFileCache: Scanning file cache for directory 'F:/My Media/UCF Documents/DIG 4725/Game-Files/SuperSpaceArmada/Saved/Collections/' took 0.01s
[2015.10.04-18.24.24:835][  0]LogFileCache: Scanning file cache for directory 'F:/My Media/UCF Documents/DIG 4725/Game-Files/SuperSpaceArmada/Content/Developers/aehrlich92/Collections/' took 0.01s
[2015.10.04-18.24.24:835][  0]LogFileCache: Scanning file cache for directory 'F:/My Media/UCF Documents/DIG 4725/Game-Files/SuperSpaceArmada/Content/Collections/' took 0.01s
[2015.10.04-18.24.24:835][  0]LogContentBrowser: Native class hierarchy populated in 0.0056 seconds. Added 1882 classes and 339 folders.
[2015.10.04-18.24.24:840][  0]LogCollectionManager: Rebuilt the GUID cache for 0 collections in 0.000002 seconds
[2015.10.04-18.24.24:843][  0]LogContentBrowser: Native class hierarchy updated for 'WidgetCarousel' in 0.0002 seconds. Added 0 classes and 0 folders.
[2015.10.04-18.24.24:886][  0]LogContentBrowser: Native class hierarchy updated for 'AddContentDialog' in 0.0002 seconds. Added 0 classes and 0 folders.
[2015.10.04-18.24.24:912][  0]LogContentBrowser: Native class hierarchy updated for 'SceneOutliner' in 0.0004 seconds. Added 1 classes and 2 folders.
[2015.10.04-18.24.24:945][  0]LogCrashTracker: Crashtracker disabled due to settings.
[2015.10.04-18.24.24:949][  0]LogUObjectGlobals:Warning: Failed to find object 'Class None.'
[2015.10.04-18.24.24:971][  0]LogLoad: Full Startup: 7.11 seconds (BP compile: 0.00 seconds)
[2015.10.04-18.24.25:012][  0]LogContentStreaming: Texture pool size now 1000 MB
[2015.10.04-18.24.25:109][  0]LogRenderer: Reallocating scene render targets to support 1208x584 (Frame:2).
[2015.10.04-18.24.25:182][  2]LogAssetRegistry: Asset discovery search completed in 3.6324 seconds
[2015.10.04-18.24.25:182][  2]LogCollectionManager: Rebuilt the object cache for 0 collections in 0.000000 seconds (found 0 objects)
[2015.10.04-18.24.25:182][  2]LogCollectionManager: Fixed up redirectors for 0 collections in 0.000014 seconds (updated 0 objects)
[2015.10.04-18.24.28:060][320]LogLinker:Warning: Asset '../../../../../../../My Media/UCF Documents/DIG 4725/Game-Files/SuperSpaceArmada/Content/Mannequin/Animations/ThirdPerson_AnimBP.uasset' has been saved with empty engine version. The asset will be loaded but may be incompatible.
[2015.10.04-18.24.28:061][320]LogLinker:Warning: Asset '../../../../../../../My Media/UCF Documents/DIG 4725/Game-Files/SuperSpaceArmada/Content/Mannequin/Animations/ThirdPerson_Jump.uasset' has been saved with empty engine version. The asset will be loaded but may be incompatible.
[2015.10.04-18.24.28:063][320]LogLinker:Warning: Asset '../../../../../../../My Media/UCF Documents/DIG 4725/Game-Files/SuperSpaceArmada/Content/Mannequin/Animations/ThirdPersonJump_Loop.uasset' has been saved with empty engine version. The asset will be loaded but may be incompatible.
[2015.10.04-18.24.28:063][320]LogLinker:Warning: Asset '../../../../../../../My Media/UCF Documents/DIG 4725/Game-Files/SuperSpaceArmada/Content/Mannequin/Animations/ThirdPersonJump_Start.uasset' has been saved with empty engine version. The asset will be loaded but may be incompatible.
[2015.10.04-18.24.28:064][320]LogLinker:Warning: Asset '../../../../../../../My Media/UCF Documents/DIG 4725/Game-Files/SuperSpaceArmada/Content/Mannequin/Animations/ThirdPerson_IdleRun_2D.uasset' has been saved with empty engine version. The asset will be loaded but may be incompatible.
[2015.10.04-18.24.28:064][320]LogLinker:Warning: Asset '../../../../../../../My Media/UCF Documents/DIG 4725/Game-Files/SuperSpaceArmada/Content/Mannequin/Animations/ThirdPersonIdle.uasset' has been saved with empty engine version. The asset will be loaded but may be incompatible.
[2015.10.04-18.24.28:065][320]LogLinker:Warning: Asset '../../../../../../../My Media/UCF Documents/DIG 4725/Game-Files/SuperSpaceArmada/Content/Mannequin/Animations/ThirdPersonRun.uasset' has been saved with empty engine version. The asset will be loaded but may be incompatible.
[2015.10.04-18.24.28:066][320]LogLinker:Warning: Asset '../../../../../../../My Media/UCF Documents/DIG 4725/Game-Files/SuperSpaceArmada/Content/Mannequin/Animations/ThirdPersonWalk.uasset' has been saved with empty engine version. The asset will be loaded but may be incompatible.
[2015.10.04-18.24.28:906][320]LogLinker:Warning: ChildActorComponent_1 has an inappropriate outermost, it was probably saved with a deprecated outer (file: ../../../../../../../My Media/UCF Documents/DIG 4725/Game-Files/SuperSpaceArmada/Content/SSA/Blueprints/Player/Player_Kratakos.uasset)
[2015.10.04-18.24.28:910][320]LogLinker:Warning: ChildActorComponent_1 has an inappropriate outermost, it was probably saved with a deprecated outer (file: ../../../../../../../My Media/UCF Documents/DIG 4725/Game-Files/SuperSpaceArmada/Content/SSA/Blueprints/Player/Player_Kratakos.uasset)
[2015.10.04-18.24.28:911][320]LogLinker:Warning: ChildActorComponent_1 has an inappropriate outermost, it was probably saved with a deprecated outer (file: ../../../../../../../My Media/UCF Documents/DIG 4725/Game-Files/SuperSpaceArmada/Content/SSA/Blueprints/Player/Player_Kratakos.uasset)
[2015.10.04-18.24.28:911][320]LogLinker:Warning: ChildActorComponent_1 has an inappropriate outermost, it was probably saved with a deprecated outer (file: ../../../../../../../My Media/UCF Documents/DIG 4725/Game-Files/SuperSpaceArmada/Content/SSA/Blueprints/Player/Player_Kratakos.uasset)
[2015.10.04-18.24.29:365][320]LogLinker:Warning: Asset '../../../Engine/Content/ArtTools/RenderToTexture/Macros/RenderToTextureMacros.uasset' has been saved with empty engine version. The asset will be loaded but may be incompatible.
[2015.10.04-18.24.29:712][320]LogContentBrowser: Native class hierarchy updated for 'BlueprintGraph' in 0.0005 seconds. Added 107 classes and 0 folders.
[2015.10.04-18.24.30:802][320]LoadErrors:Error: Error /Game/SSA/Blueprints/Player/Player_Human : Failed import for ObjectProperty /Game/SSA/Blueprints/SSAGameInstance.SSAGameInstance_C:Player Ref
[2015.10.04-18.24.30:802][320]LoadErrors:Error: Error /Game/SSA/Blueprints/Player/Player_Kratakos : Failed import for ObjectProperty /Game/SSA/Blueprints/SSAGameInstance.SSAGameInstance_C:Player Ref
[2015.10.04-18.24.30:806][320]LogBlueprintUserMessages: [Player_Human_C_0] 0
[2015.10.04-18.24.30:806][320]LogBlueprintUserMessages: [Player_Human_C_0] 0
[2015.10.04-18.24.36:265][869]LogAIModule: Creating AISystem for world Home_Kratakos
[2015.10.04-18.24.36:339][869]Cmd: MAP LOAD FILE="../../../../../../../My Media/UCF Documents/DIG 4725/Game-Files/SuperSpaceArmada/Content/SSA/Maps/Home_Kratakos.umap" TEMPLATE=0 SHOWPROGRESS=1 FEATURELEVEL=3
[2015.10.04-18.24.36:339][869]LightingResults: New page: Lighting Build
[2015.10.04-18.24.36:340][869]LogContentBrowser: Native class hierarchy updated for 'StatsViewer' in 0.0002 seconds. Added 5 classes and 0 folders.
[2015.10.04-18.24.36:353][869]LoadErrors: New page: Loading map: Home_Kratakos.umap
[2015.10.04-18.24.36:353][869]MapCheck: New page: Map Check
[2015.10.04-18.24.36:353][869]LightingResults: New page: Lighting Build
[2015.10.04-18.24.36:371][869]LogParticles: Destroying 0 GPU particle simulations for FXSystem 0x000000526AB89620
[2015.10.04-18.24.36:377][869]LogEditorServer: Finished looking for orphan Actors (0.000 secs)
[2015.10.04-18.24.36:435][869]Cmd: MAP CHECKDEP NOCLEARLOG
[2015.10.04-18.24.36:481][869]MapCheck: Info Map check complete: 0 Error(s), 0 Warning(s), took 46.571ms to complete.
[2015.10.04-18.24.36:482][869]LogFileHelpers: Loading map 'Home_Kratakos' took 0.144
[2015.10.04-18.24.36:488][869]LoadErrors:Error: Error /Game/SSA/Maps/Home_Kratakos : Failed import for CurveFloat /Game/SSA/Blueprints/Objects/Crystal_Spawner.Crystal_Spawner_C:CurveFloat_0__256DA8D9
[2015.10.04-18.24.38:661][102]LogActorComponent: UnregisterComponent: (/Engine/Transient.CharMoveComp) Not registered. Aborting.
[2015.10.04-18.24.38:661][102]LogActorComponent: UnregisterComponent: (/Engine/Transient.CharacterMovementComponent_0) Not registered. Aborting.
[2015.10.04-18.24.53:447][836]LogProperty:Warning: Illegal TEXT reference to a private object in external package (EdGraphPin /Game/SSA/Blueprints/Player/Player_Kratakos.Player_Kratakos:EventGraph.K2Node_CustomEvent_2307.EdGraphPin_24397) from referencer (EdGraphPin /Game/SSA/Blueprints/Player/Player.Player:EventGraph.K2Node_SpawnActorFromClass_1343.EdGraphPin_25804).  Import failed...
[2015.10.04-18.24.53:447][836]LogProperty:Warning: ObjectProperty /Script/Engine.EdGraphPin:LinkedTo.LinkedTo: unresolved reference to 'EdGraphPin'K2Node_CustomEvent_2307.EdGraphPin_24397''
[2015.10.04-18.24.53:447][836]LogUObjectHash:Warning: Ambiguous search, could be K2Node_CallFunction /Game/SSA/Blueprints/Player/Player.Player:EventGraph.K2Node_CallFunction_4166 or K2Node_CallFunction /Game/SSA/Blueprints/Player/Player_Kratakos.Player_Kratakos:EventGraph.K2Node_CallFunction_4166
[2015.10.04-18.24.53:448][836]LogUObjectHash:Warning: Ambiguous search, could be K2Node_CallFunction /Game/SSA/Blueprints/Player/Player.Player:EventGraph.K2Node_CallFunction_4166 or K2Node_CallFunction /Engine/ArtTools/RenderToTexture/Macros/RenderToTextureMacros.RenderToTextureMacros:2D Grid Execution Macro.K2Node_CallFunction_4166
[2015.10.04-18.24.53:448][836]LogProperty:Warning: Illegal TEXT reference to a private object in external package (EdGraphPin /Game/SSA/Blueprints/Player/Player_Kratakos.Player_Kratakos:EventGraph.K2Node_CallFunction_4166.EdGraphPin_25828) from referencer (EdGraphPin /Game/SSA/Blueprints/Player/Player.Player:EventGraph.K2Node_SpawnActorFromClass_1343.EdGraphPin_25805).  Import failed...
[2015.10.04-18.24.53:448][836]LogProperty:Warning: ObjectProperty /Script/Engine.EdGraphPin:LinkedTo.LinkedTo: unresolved reference to 'EdGraphPin'K2Node_CallFunction_4166.EdGraphPin_25828''
[2015.10.04-18.24.53:448][836]LogUObjectHash:Warning: Ambiguous search, could be K2Node_CallFunction /Game/SSA/Blueprints/Player/Player_Kratakos.Player_Kratakos:EventGraph.K2Node_CallFunction_4587 or K2Node_CallFunction /Game/SSA/Blueprints/Player/Player.Player:EventGraph.K2Node_CallFunction_4587
[2015.10.04-18.24.53:448][836]LogProperty:Warning: Illegal TEXT reference to a private object in external package (EdGraphPin /Game/SSA/Blueprints/Player/Player_Kratakos.Player_Kratakos:EventGraph.K2Node_CallFunction_4587.EdGraphPin_25853) from referencer (EdGraphPin /Game/SSA/Blueprints/Player/Player.Player:EventGraph.K2Node_SpawnActorFromClass_1343.EdGraphPin_25807).  Import failed...
[2015.10.04-18.24.53:448][836]LogProperty:Warning: ObjectProperty /Script/Engine.EdGraphPin:LinkedTo.LinkedTo: unresolved reference to 'EdGraphPin'K2Node_CallFunction_4587.EdGraphPin_25853''
[2015.10.04-18.24.53:448][836]LogUObjectHash:Warning: Ambiguous search, could be K2Node_CallFunction /Game/SSA/Blueprints/Player/Player.Player:EventGraph.K2Node_CallFunction_4166 or K2Node_CallFunction /Game/SSA/Blueprints/Player/Player_Kratakos.Player_Kratakos:EventGraph.K2Node_CallFunction_4166
[2015.10.04-18.24.53:448][836]LogUObjectHash:Warning: Ambiguous search, could be K2Node_CallFunction /Game/SSA/Blueprints/Player/Player.Player:EventGraph.K2Node_CallFunction_4166 or K2Node_CallFunction /Engine/ArtTools/RenderToTexture/Macros/RenderToTextureMacros.RenderToTextureMacros:2D Grid Execution Macro.K2Node_CallFunction_4166
[2015.10.04-18.24.53:448][836]LogProperty:Warning: Illegal TEXT reference to a private object in external package (EdGraphPin /Game/SSA/Blueprints/Player/Player_Kratakos.Player_Kratakos:EventGraph.K2Node_CallFunction_4166.EdGraphPin_25831) from referencer (EdGraphPin /Game/SSA/Blueprints/Player/Player.Player:EventGraph.K2Node_SpawnActorFromClass_1343.EdGraphPin_25810).  Import failed...
[2015.10.04-18.24.53:448][836]LogProperty:Warning: ObjectProperty /Script/Engine.EdGraphPin:LinkedTo.LinkedTo: unresolved reference to 'EdGraphPin'K2Node_CallFunction_4166.EdGraphPin_25831''
[2015.10.04-18.24.53:448][836]LogUObjectHash:Warning: Ambiguous search, could be K2Node_VariableSet /Game/SSA/Blueprints/Player/Player.Player:EventGraph.K2Node_VariableSet_621 or K2Node_VariableSet /Game/SSA/Blueprints/Player/Player_Kratakos.Player_Kratakos:EventGraph.K2Node_VariableSet_621
[2015.10.04-18.24.53:448][836]LogProperty:Warning: Illegal TEXT reference to a private object in external package (EdGraphPin /Game/SSA/Blueprints/Player/Player_Kratakos.Player_Kratakos:EventGraph.K2Node_VariableSet_621.EdGraphPin_25917) from referencer (EdGraphPin /Game/SSA/Blueprints/Player/Player.Player:EventGraph.K2Node_SpawnActorFromClass_1343.EdGraphPin_25810).  Import failed...
[2015.10.04-18.24.53:448][836]LogProperty:Warning: ObjectProperty /Script/Engine.EdGraphPin:LinkedTo.LinkedTo: unresolved reference to 'EdGraphPin'K2Node_VariableSet_621.EdGraphPin_25917''
[2015.10.04-18.24.53:448][836]LogUObjectHash:Warning: Ambiguous search, could be K2Node_CallFunction /Game/SSA/Blueprints/Player/Player.Player:Set Enemy Ref.K2Node_CallFunction_9511 or K2Node_CallFunction /Game/SSA/Blueprints/Enemy_Human.Enemy_Human:EventGraph.K2Node_CallFunction_9511
[2015.10.04-18.24.53:448][836]LogUObjectHash:Warning: Ambiguous search, could be K2Node_CallFunction /Game/SSA/Blueprints/Player/Player.Player:Set Enemy Ref.K2Node_CallFunction_9511 or K2Node_CallFunction /Game/SSA/Blueprints/Weapons/Human_Torpedo.Human_Torpedo:EventGraph.K2Node_CallFunction_9511
[2015.10.04-18.24.53:448][836]LogUObjectHash:Warning: Ambiguous search, could be K2Node_CallFunction /Game/SSA/Blueprints/Player/Player.Player:Set Enemy Ref.K2Node_CallFunction_9511 or K2Node_CallFunction /Game/SSA/Blueprints/Enemy_Kratakos.Enemy_Kratakos:EventGraph.K2Node_CallFunction_9511
[2015.10.04-18.24.53:448][836]LogUObjectHash:Warning: Ambiguous search, could be K2Node_CallFunction /Game/SSA/Blueprints/Player/Player.Player:Set Enemy Ref.K2Node_CallFunction_9511 or K2Node_CallFunction /Game/SSA/Blueprints/Weapons/Kratakos_Rail_Gun.Kratakos_Rail_Gun:EventGraph.K2Node_CallFunction_9511
[2015.10.04-18.24.53:448][836]LogUObjectHash:Warning: Ambiguous search, could be K2Node_CallFunction /Game/SSA/Blueprints/Player/Player.Player:Set Enemy Ref.K2Node_CallFunction_9511 or K2Node_CallFunction /Game/SSA/Blueprints/Player/Player.Player:EventGraph.K2Node_CallFunction_9511
[2015.10.04-18.24.53:448][836]LogUObjectHash:Warning: Ambiguous search, could be K2Node_CallFunction /Game/SSA/Blueprints/Player/Player.Player:Set Enemy Ref.K2Node_CallFunction_9511 or K2Node_CallFunction /Game/SSA/Blueprints/Player/Player_Kratakos.Player_Kratakos:EventGraph.K2Node_CallFunction_9511
[2015.10.04-18.24.53:448][836]LogProperty:Warning: Illegal TEXT reference to a private object in external package (EdGraphPin /Game/SSA/Blueprints/Player/Player_Kratakos.Player_Kratakos:EventGraph.K2Node_CallFunction_9511.EdGraphPin_25876) from referencer (EdGraphPin /Game/SSA/Blueprints/Player/Player.Player:EventGraph.K2Node_CallFunction_4166.EdGraphPin_25829).  Import failed...
[2015.10.04-18.24.53:448][836]LogProperty:Warning: ObjectProperty /Script/Engine.EdGraphPin:LinkedTo.LinkedTo: unresolved reference to 'EdGraphPin'K2Node_CallFunction_9511.EdGraphPin_25876''
[2015.10.04-18.24.53:448][836]LogUObjectHash:Warning: Ambiguous search, could be K2Node_CallFunction /Game/SSA/Blueprints/Player/Player_Kratakos.Player_Kratakos:EventGraph.K2Node_CallFunction_4356 or K2Node_CallFunction /Game/SSA/Blueprints/Player/Player.Player:EventGraph.K2Node_CallFunction_4356
[2015.10.04-18.24.53:448][836]LogProperty:Warning: Illegal TEXT reference to a private object in external package (EdGraphPin /Game/SSA/Blueprints/Player/Player_Kratakos.Player_Kratakos:EventGraph.K2Node_CallFunction_4356.EdGraphPin_25843) from referencer (EdGraphPin /Game/SSA/Blueprints/Player/Player.Player:EventGraph.K2Node_CallFunction_4166.EdGraphPin_25830).  Import failed...
[2015.10.04-18.24.53:448][836]LogProperty:Warning: ObjectProperty /Script/Engine.EdGraphPin:LinkedTo.LinkedTo: unresolved reference to 'EdGraphPin'K2Node_CallFunction_4356.EdGraphPin_25843''
[2015.10.04-18.24.53:449][836]LogUObjectHash:Warning: Ambiguous search, could be K2Node_MacroInstance /Game/SSA/Blueprints/Player/Player.Player:Set Enemy Ref.K2Node_MacroInstance_164 or K2Node_MacroInstance /Game/SSA/Blueprints/Enemy_Human.Enemy_Human:EventGraph.K2Node_MacroInstance_164
[2015.10.04-18.24.53:449][836]LogUObjectHash:Warning: Ambiguous search, could be K2Node_MacroInstance /Game/SSA/Blueprints/Player/Player.Player:Set Enemy Ref.K2Node_MacroInstance_164 or K2Node_MacroInstance /Game/SSA/Blueprints/Weapons/Human_Torpedo.Human_Torpedo:EventGraph.K2Node_MacroInstance_164
[2015.10.04-18.24.53:449][836]LogUObjectHash:Warning: Ambiguous search, could be K2Node_MacroInstance /Game/SSA/Blueprints/Player/Player.Player:Set Enemy Ref.K2Node_MacroInstance_164 or K2Node_MacroInstance /Game/SSA/Blueprints/Enemy_Kratakos.Enemy_Kratakos:EventGraph.K2Node_MacroInstance_164
[2015.10.04-18.24.53:449][836]LogUObjectHash:Warning: Ambiguous search, could be K2Node_MacroInstance /Game/SSA/Blueprints/Player/Player.Player:Set Enemy Ref.K2Node_MacroInstance_164 or K2Node_MacroInstance /Game/SSA/Blueprints/Weapons/Kratakos_Rail_Gun.Kratakos_Rail_Gun:EventGraph.K2Node_MacroInstance_164
[2015.10.04-18.24.53:449][836]LogUObjectHash:Warning: Ambiguous search, could be K2Node_MacroInstance /Game/SSA/Blueprints/Player/Player.Player:Set Enemy Ref.K2Node_MacroInstance_164 or K2Node_MacroInstance /Game/SSA/Blueprints/Player/Player_Kratakos.Player_Kratakos:EventGraph.K2Node_MacroInstance_164
[2015.10.04-18.24.53:449][836]LogUObjectHash:Warning: Ambiguous search, could be K2Node_MacroInstance /Game/SSA/Blueprints/Player/Player.Player:Set Enemy Ref.K2Node_MacroInstance_164 or K2Node_MacroInstance /Game/SSA/Blueprints/Player/Player.Player:EventGraph.K2Node_MacroInstance_164
[2015.10.04-18.24.53:449][836]LogProperty:Warning: Illegal TEXT reference to a private object in external package (EdGraphPin /Game/SSA/Blueprints/Player/Player_Kratakos.Player_Kratakos:EventGraph.K2Node_MacroInstance_164.EdGraphPin_25899) from referencer (EdGraphPin /Game/SSA/Blueprints/Player/Player.Player:EventGraph.K2Node_DynamicCast_1038.EdGraphPin_25858).  Import failed...
[2015.10.04-18.24.53:449][836]LogProperty:Warning: ObjectProperty /Script/Engine.EdGraphPin:LinkedTo.LinkedTo: unresolved reference to 'EdGraphPin'K2Node_MacroInstance_164.EdGraphPin_25899''
[2015.10.04-18.24.53:449][836]LogUObjectHash:Warning: Ambiguous search, could be K2Node_VariableSet /Game/SSA/Blueprints/Player/Player.Player:EventGraph.K2Node_VariableSet_621 or K2Node_VariableSet /Game/SSA/Blueprints/Player/Player_Kratakos.Player_Kratakos:EventGraph.K2Node_VariableSet_621
[2015.10.04-18.24.53:449][836]LogProperty:Warning: Illegal TEXT reference to a private object in external package (EdGraphPin /Game/SSA/Blueprints/Player/Player_Kratakos.Player_Kratakos:EventGraph.K2Node_VariableSet_621.EdGraphPin_25915) from referencer (EdGraphPin /Game/SSA/Blueprints/Player/Player.Player:EventGraph.K2Node_DynamicCast_1038.EdGraphPin_25859).  Import failed...
[2015.10.04-18.24.53:449][836]LogProperty:Warning: ObjectProperty /Script/Engine.EdGraphPin:LinkedTo.LinkedTo: unresolved reference to 'EdGraphPin'K2Node_VariableSet_621.EdGraphPin_25915''
[2015.10.04-18.24.53:449][836]LogUObjectHash:Warning: Ambiguous search, could be K2Node_MacroInstance /Game/SSA/Blueprints/Player/Player.Player:Set Enemy Ref.K2Node_MacroInstance_164 or K2Node_MacroInstance /Game/SSA/Blueprints/Enemy_Human.Enemy_Human:EventGraph.K2Node_MacroInstance_164
[2015.10.04-18.24.53:449][836]LogUObjectHash:Warning: Ambiguous search, could be K2Node_MacroInstance /Game/SSA/Blueprints/Player/Player.Player:Set Enemy Ref.K2Node_MacroInstance_164 or K2Node_MacroInstance /Game/SSA/Blueprints/Weapons/Human_Torpedo.Human_Torpedo:EventGraph.K2Node_MacroInstance_164
[2015.10.04-18.24.53:449][836]LogUObjectHash:Warning: Ambiguous search, could be K2Node_MacroInstance /Game/SSA/Blueprints/Player/Player.Player:Set Enemy Ref.K2Node_MacroInstance_164 or K2Node_MacroInstance /Game/SSA/Blueprints/Enemy_Kratakos.Enemy_Kratakos:EventGraph.K2Node_MacroInstance_164
[2015.10.04-18.24.53:449][836]LogUObjectHash:Warning: Ambiguous search, could be K2Node_MacroInstance /Game/SSA/Blueprints/Player/Player.Player:Set Enemy Ref.K2Node_MacroInstance_164 or K2Node_MacroInstance /Game/SSA/Blueprints/Weapons/Kratakos_Rail_Gun.Kratakos_Rail_Gun:EventGraph.K2Node_MacroInstance_164
[2015.10.04-18.24.53:449][836]LogUObjectHash:Warning: Ambiguous search, could be K2Node_MacroInstance /Game/SSA/Blueprints/Player/Player.Player:Set Enemy Ref.K2Node_MacroInstance_164 or K2Node_MacroInstance /Game/SSA/Blueprints/Player/Player_Kratakos.Player_Kratakos:EventGraph.K2Node_MacroInstance_164
[2015.10.04-18.24.53:449][836]LogUObjectHash:Warning: Ambiguous search, could be K2Node_MacroInstance /Game/SSA/Blueprints/Player/Player.Player:Set Enemy Ref.K2Node_MacroInstance_164 or K2Node_MacroInstance /Game/SSA/Blueprints/Player/Player.Player:EventGraph.K2Node_MacroInstance_164
[2015.10.04-18.24.53:449][836]LogProperty:Warning: Illegal TEXT reference to a private object in external package (EdGraphPin /Game/SSA/Blueprints/Player/Player_Kratakos.Player_Kratakos:EventGraph.K2Node_MacroInstance_164.EdGraphPin_25900) from referencer (EdGraphPin /Game/SSA/Blueprints/Player/Player.Player:EventGraph.K2Node_DynamicCast_1038.EdGraphPin_25861).  Import failed...
[2015.10.04-18.24.53:449][836]LogProperty:Warning: ObjectProperty /Script/Engine.EdGraphPin:LinkedTo.LinkedTo: unresolved reference to 'EdGraphPin'K2Node_MacroInstance_164.EdGraphPin_25900''
[2015.10.04-18.24.53:449][836]LogUObjectHash:Warning: Ambiguous search, could be K2Node_VariableSet /Game/SSA/Blueprints/Player/Player.Player:EventGraph.K2Node_VariableSet_621 or K2Node_VariableSet /Game/SSA/Blueprints/Player/Player_Kratakos.Player_Kratakos:EventGraph.K2Node_VariableSet_621
[2015.10.04-18.24.53:449][836]LogProperty:Warning: Illegal TEXT reference to a private object in external package (EdGraphPin /Game/SSA/Blueprints/Player/Player_Kratakos.Player_Kratakos:EventGraph.K2Node_VariableSet_621.EdGraphPin_25919) from referencer (EdGraphPin /Game/SSA/Blueprints/Player/Player.Player:EventGraph.K2Node_DynamicCast_1038.EdGraphPin_25862).  Import failed...
[2015.10.04-18.24.53:449][836]LogProperty:Warning: ObjectProperty /Script/Engine.EdGraphPin:LinkedTo.LinkedTo: unresolved reference to 'EdGraphPin'K2Node_VariableSet_621.EdGraphPin_25919''
[2015.10.04-18.24.53:449][836]LogUObjectHash:Warning: Ambiguous search, could be K2Node_MacroInstance /Game/SSA/Blueprints/Player/Player.Player:Set Enemy Ref.K2Node_MacroInstance_164 or K2Node_MacroInstance /Game/SSA/Blueprints/Enemy_Human.Enemy_Human:EventGraph.K2Node_MacroInstance_164
[2015.10.04-18.24.53:449][836]LogUObjectHash:Warning: Ambiguous search, could be K2Node_MacroInstance /Game/SSA/Blueprints/Player/Player.Player:Set Enemy Ref.K2Node_MacroInstance_164 or K2Node_MacroInstance /Game/SSA/Blueprints/Weapons/Human_Torpedo.Human_Torpedo:EventGraph.K2Node_MacroInstance_164
[2015.10.04-18.24.53:449][836]LogUObjectHash:Warning: Ambiguous search, could be K2Node_MacroInstance /Game/SSA/Blueprints/Player/Player.Player:Set Enemy Ref.K2Node_MacroInstance_164 or K2Node_MacroInstance /Game/SSA/Blueprints/Enemy_Kratakos.Enemy_Kratakos:EventGraph.K2Node_MacroInstance_164
[2015.10.04-18.24.53:449][836]LogUObjectHash:Warning: Ambiguous search, could be K2Node_MacroInstance /Game/SSA/Blueprints/Player/Player.Player:Set Enemy Ref.K2Node_MacroInstance_164 or K2Node_MacroInstance /Game/SSA/Blueprints/Weapons/Kratakos_Rail_Gun.Kratakos_Rail_Gun:EventGraph.K2Node_MacroInstance_164
[2015.10.04-18.24.53:449][836]LogUObjectHash:Warning: Ambiguous search, could be K2Node_MacroInstance /Game/SSA/Blueprints/Player/Player.Player:Set Enemy Ref.K2Node_MacroInstance_164 or K2Node_MacroInstance /Game/SSA/Blueprints/Player/Player_Kratakos.Player_Kratakos:EventGraph.K2Node_MacroInstance_164
[2015.10.04-18.24.53:449][836]LogUObjectHash:Warning: Ambiguous search, could be K2Node_MacroInstance /Game/SSA/Blueprints/Player/Player.Player:Set Enemy Ref.K2Node_MacroInstance_164 or K2Node_MacroInstance /Game/SSA/Blueprints/Player/Player.Player:EventGraph.K2Node_MacroInstance_164
[2015.10.04-18.24.53:449][836]LogProperty:Warning: Illegal TEXT reference to a private object in external package (EdGraphPin /Game/SSA/Blueprints/Player/Player_Kratakos.Player_Kratakos:EventGraph.K2Node_MacroInstance_164.EdGraphPin_25897) from referencer (EdGraphPin /Game/SSA/Blueprints/Player/Player.Player:EventGraph.K2Node_CallFunction_9511.EdGraphPin_25877).  Import failed...
[2015.10.04-18.24.53:449][836]LogProperty:Warning: ObjectProperty /Script/Engine.EdGraphPin:LinkedTo.LinkedTo: unresolved reference to 'EdGraphPin'K2Node_MacroInstance_164.EdGraphPin_25897''
[2015.10.04-18.24.53:450][836]LogUObjectHash:Warning: Ambiguous search, could be K2Node_MacroInstance /Game/SSA/Blueprints/Player/Player.Player:Set Enemy Ref.K2Node_MacroInstance_164 or K2Node_MacroInstance /Game/SSA/Blueprints/Enemy_Human.Enemy_Human:EventGraph.K2Node_MacroInstance_164
[2015.10.04-18.24.53:450][836]LogUObjectHash:Warning: Ambiguous search, could be K2Node_MacroInstance /Game/SSA/Blueprints/Player/Player.Player:Set Enemy Ref.K2Node_MacroInstance_164 or K2Node_MacroInstance /Game/SSA/Blueprints/Weapons/Human_Torpedo.Human_Torpedo:EventGraph.K2Node_MacroInstance_164
[2015.10.04-18.24.53:450][836]LogUObjectHash:Warning: Ambiguous search, could be K2Node_MacroInstance /Game/SSA/Blueprints/Player/Player.Player:Set Enemy Ref.K2Node_MacroInstance_164 or K2Node_MacroInstance /Game/SSA/Blueprints/Enemy_Kratakos.Enemy_Kratakos:EventGraph.K2Node_MacroInstance_164
[2015.10.04-18.24.53:450][836]LogUObjectHash:Warning: Ambiguous search, could be K2Node_MacroInstance /Game/SSA/Blueprints/Player/Player.Player:Set Enemy Ref.K2Node_MacroInstance_164 or K2Node_MacroInstance /Game/SSA/Blueprints/Weapons/Kratakos_Rail_Gun.Kratakos_Rail_Gun:EventGraph.K2Node_MacroInstance_164
[2015.10.04-18.24.53:450][836]LogUObjectHash:Warning: Ambiguous search, could be K2Node_MacroInstance /Game/SSA/Blueprints/Player/Player.Player:Set Enemy Ref.K2Node_MacroInstance_164 or K2Node_MacroInstance /Game/SSA/Blueprints/Player/Player_Kratakos.Player_Kratakos:EventGraph.K2Node_MacroInstance_164
[2015.10.04-18.24.53:450][836]LogUObjectHash:Warning: Ambiguous search, could be K2Node_MacroInstance /Game/SSA/Blueprints/Player/Player.Player:Set Enemy Ref.K2Node_MacroInstance_164 or K2Node_MacroInstance /Game/SSA/Blueprints/Player/Player.Player:EventGraph.K2Node_MacroInstance_164
[2015.10.04-18.24.53:450][836]LogProperty:Warning: Illegal TEXT reference to a private object in external package (EdGraphPin /Game/SSA/Blueprints/Player/Player_Kratakos.Player_Kratakos:EventGraph.K2Node_MacroInstance_164.EdGraphPin_25898) from referencer (EdGraphPin /Game/SSA/Blueprints/Player/Player.Player:EventGraph.K2Node_CallFunction_9511.EdGraphPin_25880).  Import failed...
[2015.10.04-18.24.53:450][836]LogProperty:Warning: ObjectProperty /Script/Engine.EdGraphPin:LinkedTo.LinkedTo: unresolved reference to 'EdGraphPin'K2Node_MacroInstance_164.EdGraphPin_25898''
[2015.10.04-18.25.02:515][831]BlueprintLog: New page: Compile Player
[2015.10.04-18.25.02:553][831]LogBlueprint:Error: [compiler Player] Error COMPILER ERROR: failed building connection with 'Player Human Reference is not compatible with Player Reference.' at  SpawnActor Player Human 
[2015.10.04-18.25.02:769][831]LogBlueprint:Error: [compiler Player] Error COMPILER ERROR: failed building connection with 'Player Human Reference is not compatible with Player Reference.' at  SpawnActor Player Human 
[2015.10.04-18.25.03:105][831]LogBlueprint:Error: [compiler Player] Error COMPILER ERROR: failed building connection with 'Player Human Reference is not compatible with Player Reference.' at  SpawnActor Player Human 
[2015.10.04-18.25.03:434][831]LogBlueprint:Error: [compiler Player] Error COMPILER ERROR: failed building connection with 'Player Human Reference is not compatible with Player Reference.' at  SpawnActor Player Human 
[2015.10.04-18.25.03:765][831]LogBlueprint:Error: [compiler Player] Error COMPILER ERROR: failed building connection with 'Player Human Reference is not compatible with Player Reference.' at  SpawnActor Player Human 
[2015.10.04-18.25.04:094][831]LogBlueprint:Error: [compiler Player] Error COMPILER ERROR: failed building connection with 'Player Human Reference is not compatible with Player Reference.' at  SpawnActor Player Human 
[2015.10.04-18.25.04:417][831]LogBlueprint:Error: [compiler Player] Error COMPILER ERROR: failed building connection with 'Player Human Reference is not compatible with Player Reference.' at  SpawnActor Player Human 
[2015.10.04-18.25.04:747][831]LogBlueprint:Error: [compiler Player] Error COMPILER ERROR: failed building connection with 'Player Human Reference is not compatible with Player Reference.' at  SpawnActor Player Human 
[2015.10.04-18.25.05:097][831]LogBlueprint:Error: [compiler Player] Error COMPILER ERROR: failed building connection with 'Player Human Reference is not compatible with Player Reference.' at  SpawnActor Player Human 
[2015.10.04-18.25.05:427][831]LogBlueprint:Error: [compiler Player] Error COMPILER ERROR: failed building connection with 'Player Human Reference is not compatible with Player Reference.' at  SpawnActor Player Human 
[2015.10.04-18.25.05:720][831]LogProperty:Warning: Serialized Class /Script/CoreUObject.Function for a property of Class /Script/Engine.EdGraph. Reference will be NULLed.
    Property = ObjectProperty /Script/Engine.Blueprint:EventGraphs.EventGraphs
    Item = Function /Game/SSA/Blueprints/Player/Player.Player_C:Enemy Remove
[2015.10.04-18.25.05:778][831]LogBlueprint:Error: [compiler Player] Error COMPILER ERROR: failed building connection with 'Player Human Reference is not compatible with Player Reference.' at  SpawnActor Player Human 
[2015.10.04-18.25.06:123][831]LogBlueprint:Error: [compiler Player] Error COMPILER ERROR: failed building connection with 'Player Human Reference is not compatible with Player Reference.' at  SpawnActor Player Human 
[2015.10.04-18.25.06:473][831]LogBlueprint:Error: [compiler Player] Error COMPILER ERROR: failed building connection with 'Player Human Reference is not compatible with Player Reference.' at  SpawnActor Player Human 
[2015.10.04-18.25.06:808][831]LogBlueprint:Error: [compiler Player] Error COMPILER ERROR: failed building connection with 'Player Human Reference is not compatible with Player Reference.' at  SpawnActor Player Human 
[2015.10.04-18.25.07:148][831]LogBlueprint:Error: [compiler Player] Error COMPILER ERROR: failed building connection with 'Player Human Reference is not compatible with Player Reference.' at  SpawnActor Player Human 
[2015.10.04-18.25.07:507][831]LogBlueprint:Error: [compiler Player] Error COMPILER ERROR: failed building connection with 'Player Human Reference is not compatible with Player Reference.' at  SpawnActor Player Human 
[2015.10.04-18.25.07:844][831]LogBlueprint:Error: [compiler Player] Error COMPILER ERROR: failed building connection with 'Player Human Reference is not compatible with Player Reference.' at  SpawnActor Player Human 
[2015.10.04-18.25.08:184][831]LogBlueprint:Error: [compiler Player] Error COMPILER ERROR: failed building connection with 'Player Human Reference is not compatible with Player Reference.' at  SpawnActor Player Human 
[2015.10.04-18.25.08:538][831]LogBlueprint:Error: [compiler Player] Error COMPILER ERROR: failed building connection with 'Player Human Reference is not compatible with Player Reference.' at  SpawnActor Player Human 
[2015.10.04-18.25.08:890][831]LogBlueprint:Error: [compiler Player] Error COMPILER ERROR: failed building connection with 'Player Human Reference is not compatible with Player Reference.' at  SpawnActor Player Human 
[2015.10.04-18.25.09:244][831]LogBlueprint:Error: [compiler Player] Error COMPILER ERROR: failed building connection with 'Player Human Reference is not compatible with Player Reference.' at  SpawnActor Player Human 
[2015.10.04-18.25.09:595][831]LogBlueprint:Error: [compiler Player] Error COMPILER ERROR: failed building connection with 'Player Human Reference is not compatible with Player Reference.' at  SpawnActor Player Human 
[2015.10.04-18.25.09:968][831]LogBlueprint:Error: [compiler Player] Error COMPILER ERROR: failed building connection with 'Player Human Reference is not compatible with Player Reference.' at  SpawnActor Player Human 
[2015.10.04-18.25.10:328][831]LogBlueprint:Error: [compiler Player] Error COMPILER ERROR: failed building connection with 'Player Human Reference is not compatible with Player Reference.' at  SpawnActor Player Human 
[2015.10.04-18.25.10:679][831]LogBlueprint:Error: [compiler Player] Error COMPILER ERROR: failed building connection with 'Player Human Reference is not compatible with Player Reference.' at  SpawnActor Player Human 
[2015.10.04-18.25.11:032][831]LogBlueprint:Error: [compiler Player] Error COMPILER ERROR: failed building connection with 'Player Human Reference is not compatible with Player Reference.' at  SpawnActor Player Human 
[2015.10.04-18.25.11:389][831]LogBlueprint:Error: [compiler Player] Error COMPILER ERROR: failed building connection with 'Player Human Reference is not compatible with Player Reference.' at  SpawnActor Player Human 
[2015.10.04-18.25.11:744][831]LogBlueprint:Error: [compiler Player] Error COMPILER ERROR: failed building connection with 'Player Human Reference is not compatible with Player Reference.' at  SpawnActor Player Human 
[2015.10.04-18.25.12:102][831]LogBlueprint:Error: [compiler Player] Error COMPILER ERROR: failed building connection with 'Player Human Reference is not compatible with Player Reference.' at  SpawnActor Player Human 
[2015.10.04-18.25.12:460][831]LogBlueprint:Error: [compiler Player] Error COMPILER ERROR: failed building connection with 'Player Human Reference is not compatible with Player Reference.' at  SpawnActor Player Human 
[2015.10.04-18.25.12:822][831]LogBlueprint:Error: [compiler Player] Error COMPILER ERROR: failed building connection with 'Player Human Reference is not compatible with Player Reference.' at  SpawnActor Player Human 
[2015.10.04-18.25.13:189][831]LogBlueprint:Error: [compiler Player] Error COMPILER ERROR: failed building connection with 'Player Human Reference is not compatible with Player Reference.' at  SpawnActor Player Human 
[2015.10.04-18.25.13:569][831]LogBlueprint:Error: [compiler Player] Error COMPILER ERROR: failed building connection with 'Player Human Reference is not compatible with Player Reference.' at  SpawnActor Player Human 
[2015.10.04-18.25.13:942][831]LogBlueprint:Error: [compiler Player] Error COMPILER ERROR: failed building connection with 'Player Human Reference is not compatible with Player Reference.' at  SpawnActor Player Human 
[2015.10.04-18.25.14:305][831]LogBlueprint:Error: [compiler Player] Error COMPILER ERROR: failed building connection with 'Player Human Reference is not compatible with Player Reference.' at  SpawnActor Player Human 
[2015.10.04-18.25.14:671][831]LogBlueprint:Error: [compiler Player] Error COMPILER ERROR: failed building connection with 'Player Human Reference is not compatible with Player Reference.' at  SpawnActor Player Human 
[2015.10.04-18.25.15:039][831]LogBlueprint:Error: [compiler Player] Error COMPILER ERROR: failed building connection with 'Player Human Reference is not compatible with Player Reference.' at  SpawnActor Player Human 
[2015.10.04-18.25.15:406][831]LogBlueprint:Error: [compiler Player] Error COMPILER ERROR: failed building connection with 'Player Human Reference is not compatible with Player Reference.' at  SpawnActor Player Human 
[2015.10.04-18.25.15:776][831]LogBlueprint:Error: [compiler Player] Error COMPILER ERROR: failed building connection with 'Player Human Reference is not compatible with Player Reference.' at  SpawnActor Player Human 
[2015.10.04-18.25.16:150][831]LogBlueprint:Error: [compiler Player] Error COMPILER ERROR: failed building connection with 'Player Human Reference is not compatible with Player Reference.' at  SpawnActor Player Human 
[2015.10.04-18.25.16:523][831]LogBlueprint:Error: [compiler Player] Error COMPILER ERROR: failed building connection with 'Player Human Reference is not compatible with Player Reference.' at  SpawnActor Player Human 
[2015.10.04-18.25.16:898][831]LogBlueprint:Error: [compiler Player] Error COMPILER ERROR: failed building connection with 'Player Human Reference is not compatible with Player Reference.' at  SpawnActor Player Human 
[2015.10.04-18.25.17:276][831]LogBlueprint:Error: [compiler Player] Error COMPILER ERROR: failed building connection with 'Player Human Reference is not compatible with Player Reference.' at  SpawnActor Player Human 
[2015.10.04-18.25.17:656][831]LogBlueprint:Error: [compiler Player] Error COMPILER ERROR: failed building connection with 'Player Human Reference is not compatible with Player Reference.' at  SpawnActor Player Human 
[2015.10.04-18.25.18:034][831]LogBlueprint:Error: [compiler Player] Error COMPILER ERROR: failed building connection with 'Player Human Reference is not compatible with Player Reference.' at  SpawnActor Player Human 
[2015.10.04-18.25.18:417][831]LogBlueprint:Error: [compiler Player] Error COMPILER ERROR: failed building connection with 'Player Human Reference is not compatible with Player Reference.' at  SpawnActor Player Human 
[2015.10.04-18.25.18:796][831]LogBlueprint:Error: [compiler Player] Error COMPILER ERROR: failed building connection with 'Player Human Reference is not compatible with Player Reference.' at  SpawnActor Player Human 
[2015.10.04-18.25.19:183][831]LogBlueprint:Error: [compiler Player] Error COMPILER ERROR: failed building connection with 'Player Human Reference is not compatible with Player Reference.' at  SpawnActor Player Human 
[2015.10.04-18.25.19:562][831]LogBlueprint:Error: [compiler Player] Error COMPILER ERROR: failed building connection with 'Player Human Reference is not compatible with Player Reference.' at  SpawnActor Player Human 
[2015.10.04-18.25.19:947][831]LogBlueprint:Error: [compiler Player] Error COMPILER ERROR: failed building connection with 'Player Human Reference is not compatible with Player Reference.' at  SpawnActor Player Human 
[2015.10.04-18.25.20:331][831]LogBlueprint:Error: [compiler Player] Error COMPILER ERROR: failed building connection with 'Player Human Reference is not compatible with Player Reference.' at  SpawnActor Player Human 
[2015.10.04-18.25.20:720][831]LogBlueprint:Error: [compiler Player] Error COMPILER ERROR: failed building connection with 'Player Human Reference is not compatible with Player Reference.' at  SpawnActor Player Human 
[2015.10.04-18.25.21:115][831]LogBlueprint:Error: [compiler Player] Error COMPILER ERROR: failed building connection with 'Player Human Reference is not compatible with Player Reference.' at  SpawnActor Player Human 
[2015.10.04-18.25.21:503][831]LogBlueprint:Error: [compiler Player] Error COMPILER ERROR: failed building connection with 'Player Human Reference is not compatible with Player Reference.' at  SpawnActor Player Human 
[2015.10.04-18.25.21:902][831]LogBlueprint:Error: [compiler Player] Error COMPILER ERROR: failed building connection with 'Player Human Reference is not compatible with Player Reference.' at  SpawnActor Player Human 
[2015.10.04-18.25.22:298][831]LogBlueprint:Error: [compiler Player] Error COMPILER ERROR: failed building connection with 'Player Human Reference is not compatible with Player Reference.' at  SpawnActor Player Human 
[2015.10.04-18.25.22:696][831]LogBlueprint:Error: [compiler Player] Error COMPILER ERROR: failed building connection with 'Player Human Reference is not compatible with Player Reference.' at  SpawnActor Player Human 
[2015.10.04-18.25.22:853][831]LogUObjectBase:Error: Virtual functions table is invalid.
[2015.10.04-18.25.22:874][831]LogWindows:Error: Windows GetLastError: The operation completed successfully. (0)
[2015.10.04-18.25.23:003][831]LogCrashTracker: 


[2015.10.04-18.25.23:003][831]LogThreadingWindows:Error: Runnable thread TaskGraphThread 1 crashed.
[2015.10.04-18.25.23:003][831]LogCrashTracker: 


[2015.10.04-18.25.23:003][831]LogWindows: === Critical error: ===
Fatal error: [File:D:\BuildFarm\buildmachine_++depot+UE4-Releases+4.9\Engine\Source\Runtime\CoreUObject\Private\UObject\GarbageCollection.cpp] [Line: 412] 
Invalid object in GC: 0x0000005200000000, ReferencingObject: REINST_Player_Kratakos_C_1413 /Engine/Transient.TRASH_Default__Player_Kratakos_C_111, ReferencingProperty: ObjectProperty /Script/Engine.Character:Mesh



Crash in runnable thread TaskGraphThread 1

[2015.10.04-18.25.28:133][831]LogExit: Executing StaticShutdownAfterError
[2015.10.04-18.25.28:133][831]LogWindows: FPlatformMisc::RequestExit(1)
[2015.10.04-18.25.28:133][831]Log file closed, 10/04/15 14:25:28
