[2015.09.20-13.13.02:502][  0]Log file open, 09/20/15 09:13:02
[2015.09.20-13.13.02:502][  0]LogInit:Display: Running engine for game: SuperSpaceArmada
[2015.09.20-13.13.02:502][  0]LogInit:Display: RandInit(660417228) SRandInit(660417228).
[2015.09.20-13.13.02:502][  0]LogTaskGraph: Started task graph with 4 named threads and 7 total threads.
[2015.09.20-13.13.02:502][  0]LogStats: Stats thread started at 0.178647
[2015.09.20-13.13.02:502][  0]LogInit: Version: 4.9.1-2689999+++depot+UE4-Releases+4.9
[2015.09.20-13.13.02:502][  0]LogInit: API Version: 2672455
[2015.09.20-13.13.02:502][  0]LogInit: Compiled (64-bit): Sep 14 2015 04:12:03
[2015.09.20-13.13.02:502][  0]LogInit: Compiled with Visual C++: 18.00.21005.01
[2015.09.20-13.13.02:502][  0]LogInit: Build Configuration: Development
[2015.09.20-13.13.02:502][  0]LogInit: Branch Name: ++depot+UE4-Releases+4.9
[2015.09.20-13.13.02:502][  0]LogInit: Command line:  
[2015.09.20-13.13.02:502][  0]LogInit: Base directory: C:/Program Files/Epic Games/4.9/Engine/Binaries/Win64/
[2015.09.20-13.13.02:502][  0]LogInit: Rocket: 1
[2015.09.20-13.13.02:611][  0]LogInit: Using libcurl 7.41.0
[2015.09.20-13.13.02:611][  0]LogInit:  - built for x86_64-pc-win32
[2015.09.20-13.13.02:611][  0]LogInit:  - supports SSL with WinSSL
[2015.09.20-13.13.02:611][  0]LogInit:  - other features:
[2015.09.20-13.13.02:611][  0]LogInit:      CURL_VERSION_SSL
[2015.09.20-13.13.02:611][  0]LogInit:      CURL_VERSION_IPV6
[2015.09.20-13.13.02:611][  0]LogInit:      CURL_VERSION_ASYNCHDNS
[2015.09.20-13.13.02:611][  0]LogInit:      CURL_VERSION_LARGEFILE
[2015.09.20-13.13.02:611][  0]LogInit:      CURL_VERSION_IDN
[2015.09.20-13.13.02:611][  0]LogInit:  CurlRequestOptions (configurable via config and command line):
[2015.09.20-13.13.02:611][  0]LogInit:  - bVerifyPeer = true  - Libcurl will verify peer certificate
[2015.09.20-13.13.02:611][  0]LogInit:  - bUseHttpProxy = false  - Libcurl will NOT use HTTP proxy
[2015.09.20-13.13.02:611][  0]LogInit:  - bDontReuseConnections = false  - Libcurl will reuse connections
[2015.09.20-13.13.02:611][  0]LogInit:  - CertBundlePath = nullptr  - Libcurl will use whatever was configured at build time.
[2015.09.20-13.13.02:719][  0]LogInit: Presizing for 0 objects not considered by GC, pre-allocating 0 bytes.
[2015.09.20-13.13.02:725][  0]LogInit: Object subsystem initialized
[2015.09.20-13.13.02:727][  0]LogInit: Selected Device Profile: [Windows]
[2015.09.20-13.13.02:727][  0]LogInit: Applying CVar settings loaded from the selected device profile: [Windows]
[2015.09.20-13.13.02:734][  0]LogInit: Computer: EXIA
[2015.09.20-13.13.02:734][  0]LogInit: User: SGJin
[2015.09.20-13.13.02:734][  0]LogInit: CPU Page size=4096, Cores=4
[2015.09.20-13.13.02:734][  0]LogInit: High frequency timer resolution =2.338344 MHz
[2015.09.20-13.13.02:734][  0]LogMemory: Memory total: Physical=7.9GB (8GB approx)
[2015.09.20-13.13.02:734][  0]LogMemory: Platform Memory Stats for Windows
[2015.09.20-13.13.02:734][  0]LogMemory: Process Physical Memory: 54.37 MB used, 54.37 MB peak
[2015.09.20-13.13.02:734][  0]LogMemory: Process Virtual Memory: 55.30 MB used, 55.30 MB peak
[2015.09.20-13.13.02:734][  0]LogMemory: Physical Memory: 3737.81 MB used, 8124.02 MB total
[2015.09.20-13.13.02:734][  0]LogMemory: Virtual Memory: 350.19 MB used, 134217728.00 MB total
[2015.09.20-13.13.03:515][  0]LogTextLocalizationManager: No specific translations for ('en-US') exist, so ('en') translations will be used.
[2015.09.20-13.13.04:342][  0]LogD3D11RHI: Found D3D11 adapter 0: NVIDIA GeForce GT 740M          (Feature Level 11_0)
[2015.09.20-13.13.04:342][  0]LogD3D11RHI: Adapter has 1997MB of dedicated video memory, 0MB of dedicated system memory, and 4062MB of shared system memory, 1 output[s]
[2015.09.20-13.13.04:347][  0]LogD3D11RHI: Found D3D11 adapter 1: Intel(R) HD Graphics 4600 (Feature Level 11_0)
[2015.09.20-13.13.04:347][  0]LogD3D11RHI: Adapter has 112MB of dedicated video memory, 0MB of dedicated system memory, and 4062MB of shared system memory, 0 output[s]
[2015.09.20-13.13.04:349][  0]LogD3D11RHI: Found D3D11 adapter 2: Microsoft Basic Render Driver (Feature Level 11_0)
[2015.09.20-13.13.04:349][  0]LogD3D11RHI: Adapter has 0MB of dedicated video memory, 0MB of dedicated system memory, and 4062MB of shared system memory, 0 output[s]
[2015.09.20-13.13.04:349][  0]LogD3D11RHI: Chosen D3D11 Adapter Id = 0
[2015.09.20-13.13.04:352][  0]LogD3D11RHI: !Direct3DDevice
[2015.09.20-13.13.04:353][  0]LogRHI: Texture pool is 1361 MB (70% of 1945 MB)
[2015.09.20-13.13.04:367][  0]LogD3D11RHI: Async texture creation enabled
[2015.09.20-13.13.04:381][  0]LogShaderCompilers: Guid format shader working directory is 15 characters bigger than the processId version (../../../../../../Users/Jin/Desktop/Game-Files/SuperSpaceArmada/Intermediate/Shaders/WorkingDirectory/5936/).
[2015.09.20-13.13.04:381][  0]LogShaderCompilers: Cleaned the shader compiler working directory '../../../../../../Users/Jin/Desktop/Game-Files/SuperSpaceArmada/Intermediate/Shaders/tmp/456ED5C04735627C5C2E848FB74CF88C/'.
[2015.09.20-13.13.04:381][  0]LogShaderCompilers:Display: Using Local Shader Compiler.
[2015.09.20-13.13.07:078][  0]LogTemp:Display: Loaded TP AllDesktopTargetPlatform
[2015.09.20-13.13.07:131][  0]LogTemp:Display: Loaded TP WindowsClientTargetPlatform
[2015.09.20-13.13.07:166][  0]LogTemp:Display: Loaded TP WindowsNoEditorTargetPlatform
[2015.09.20-13.13.07:220][  0]LogTemp:Display: Loaded TP WindowsServerTargetPlatform
[2015.09.20-13.13.07:266][  0]LogTemp:Display: Loaded TP WindowsTargetPlatform
[2015.09.20-13.13.07:309][  0]LogTemp:Display: Loaded TP AndroidTargetPlatform
[2015.09.20-13.13.07:334][  0]LogTemp:Display: Loaded TP Android_ASTCTargetPlatform
[2015.09.20-13.13.07:358][  0]LogTemp:Display: Loaded TP Android_ATCTargetPlatform
[2015.09.20-13.13.07:378][  0]LogTemp:Display: Loaded TP Android_DXTTargetPlatform
[2015.09.20-13.13.07:426][  0]LogTemp:Display: Loaded TP Android_ETC1TargetPlatform
[2015.09.20-13.13.07:462][  0]LogTemp:Display: Loaded TP Android_ETC2TargetPlatform
[2015.09.20-13.13.07:494][  0]LogTemp:Display: Loaded TP Android_PVRTCTargetPlatform
[2015.09.20-13.13.07:522][  0]LogTemp:Display: Loaded TP HTML5TargetPlatform
[2015.09.20-13.13.07:603][  0]LogTemp:Display: Loaded TP IOSTargetPlatform
[2015.09.20-13.13.07:634][  0]LogTemp:Display: Loaded TP LinuxNoEditorTargetPlatform
[2015.09.20-13.13.07:674][  0]LogTemp:Display: Loaded TP LinuxServerTargetPlatform
[2015.09.20-13.13.07:723][  0]LogTemp:Display: Loaded TP LinuxTargetPlatform
[2015.09.20-13.13.07:723][  0]LogTargetPlatformManager:Display: Building Assets For Windows
[2015.09.20-13.13.08:693][  0]LogDerivedDataCache:Display: Max Cache Size: 512 MB
[2015.09.20-13.13.09:454][  0]LogDerivedDataCache: Loaded boot cache 0.76s 62MB C:/Users/Jin/AppData/Local/UnrealEngine/4.9/DerivedDataCache/Boot.ddc.
[2015.09.20-13.13.09:454][  0]LogDerivedDataCache:Display: Loaded Boot cache: C:/Users/Jin/AppData/Local/UnrealEngine/4.9/DerivedDataCache/Boot.ddc
[2015.09.20-13.13.09:454][  0]LogDerivedDataCache: FDerivedDataBackendGraph:  Pak pak cache file ../../../../../../Users/Jin/Desktop/Game-Files/SuperSpaceArmada/DerivedDataCache/DDC.ddp not found, will not use a pak cache.
[2015.09.20-13.13.09:454][  0]LogDerivedDataCache: Unable to find inner node Pak for hierarchical cache Hierarchy.
[2015.09.20-13.13.09:454][  0]LogDerivedDataCache: FDerivedDataBackendGraph:  CompressedPak pak cache file ../../../../../../Users/Jin/Desktop/Game-Files/SuperSpaceArmada/DerivedDataCache/Compressed.ddp not found, will not use a pak cache.
[2015.09.20-13.13.09:455][  0]LogDerivedDataCache: Unable to find inner node CompressedPak for hierarchical cache Hierarchy.
[2015.09.20-13.13.09:676][  0]LogDerivedDataCache:Display: Pak cache opened for reading ../../../Engine/DerivedDataCache/Compressed.ddp.
[2015.09.20-13.13.09:724][  0]LogDerivedDataCache: Using Local data cache path C:/Users/Jin/AppData/Local/UnrealEngine/Common/DerivedDataCache: Writable
[2015.09.20-13.13.16:060][  0]LogInit: Selected Device Profile: [Windows]
[2015.09.20-13.13.16:076][  0]LogContentStreaming: Texture pool size is 0.000000MB
[2015.09.20-13.13.16:691][  0]LogMeshUtilities: No automatic mesh reduction module available
[2015.09.20-13.13.16:691][  0]LogMeshUtilities: No automatic mesh merging module available
[2015.09.20-13.13.19:685][  0]LogInit: WinSock: version 1.1 (2.2), MaxSocks=32767, MaxUdp=65467
[2015.09.20-13.13.55:741][  0]LogAssetRegistry: FAssetRegistry took 0.0114 seconds to start up
[2015.09.20-13.13.55:836][  0]UdpMessaging: Initializing bridge on interface 0.0.0.0:0 to multicast group 230.0.0.1:6666.
[2015.09.20-13.14.01:504][  0]SourceControl: Info Source control is disabled
[2015.09.20-13.14.01:531][  0]SourceControl: Info Source control is disabled
[2015.09.20-13.14.01:747][  0]SourceControl: Info Source control is disabled
[2015.09.20-13.14.01:911][  0]SourceControl: Info Source control is disabled
[2015.09.20-13.14.04:773][  0]LogLinker:Warning: Asset '../../../Engine/Plugins/Runtime/LeapMotionController/Content/LM_PassthroughMaterial.uasset' has been saved with empty engine version. The asset will be loaded but may be incompatible.
[2015.09.20-13.14.05:822][  0]LogObj: 28528 objects as part of root set at end of initial load.
[2015.09.20-13.14.05:822][  0]LogUObjectAllocator: 6068456 out of 0 bytes used by permanent object pool.
[2015.09.20-13.14.06:561][  0]LogEngine: Initializing Engine...
[2015.09.20-13.14.06:565][  0]LogHMD: Can't find Oculus library dev build: is proper Runtime installed? Version: 0.7.0.0
[2015.09.20-13.14.06:692][  0]LogHMD: SteamVR failed to initialize.  Err: 110
[2015.09.20-13.14.08:117][  0]LogAIModule: Creating AISystem for world NewWorld
[2015.09.20-13.14.08:161][  0]LogInit: XAudio2 using 'Speakers / HP (IDT High Definition Audio CODEC)' : 2 channels at 44.1 kHz using 32 bits per sample (channel mask 0x3)
[2015.09.20-13.14.08:460][  0]LogInit: FAudioDevice initialized.
[2015.09.20-13.14.08:503][  0]LogDerivedDataCache: Saved boot cache 0.04s 62MB C:/Users/Jin/AppData/Local/UnrealEngine/4.9/DerivedDataCache/Boot.ddc.
[2015.09.20-13.14.08:600][  0]LogInit: Texture streaming: Enabled
[2015.09.20-13.14.08:718][  0]LogAnalytics: Creating configured Analytics provider AnalyticsET
[2015.09.20-13.14.08:718][  0]LogAnalytics: [UEEditor.Rocket.Release] APIServer = http://et2.epicgames.com/ET2/. AppVersion = 4.9.1-2689999+++depot+UE4-Releases+4.9
[2015.09.20-13.14.08:718][  0]LogAnalytics: [UEEditor.Rocket.Release] SetUserId 435ea4a8489b84c6f4feaab84cbae6c8|e03effeb7bdf4ddc9c712682a578c51b|8a2a019e-36d5-4c55-97e1-833141022920
[2015.09.20-13.14.08:719][  0]LogAnalytics: [UEEditor.Rocket.Release] AnalyticsET::StartSession
[2015.09.20-13.14.10:870][  0]LogInit: Transaction tracking system initialized
[2015.09.20-13.14.11:908][  0]BlueprintLog: New page: Editor Load
[2015.09.20-13.14.18:525][  0]LocalizationService: Info Localization service is disabled
[2015.09.20-13.14.22:141][  0]LogConsoleResponse:Display: 
[2015.09.20-13.14.28:364][  0]LogCook:Display: Done creating registry. It took  0.00s.
[2015.09.20-13.14.31:826][  0]LogFileCache: Scanning file cache for directory 'C:/Users/Jin/Desktop/Game-Files/SuperSpaceArmada/Content/' took 0.02s
[2015.09.20-13.14.32:487][  0]SourceControl: Info Source control is disabled
[2015.09.20-13.14.32:487][  0]Cmd: MAP LOAD FILE="../../../../../../Users/Jin/Desktop/Game-Files/SuperSpaceArmada/Content/TopDownBP/Maps/TopDownExampleMap.umap" TEMPLATE=0 SHOWPROGRESS=1 FEATURELEVEL=3
[2015.09.20-13.14.32:487][  0]LogEditorServer:Warning: Can't find file '../../../../../../Users/Jin/Desktop/Game-Files/SuperSpaceArmada/Content/TopDownBP/Maps/TopDownExampleMap.umap'
[2015.09.20-13.14.32:487][  0]Cmd: MAP CHECKDEP NOCLEARLOG
[2015.09.20-13.14.32:559][  0]MapCheck: Info Map check complete: 0 Error(s), 0 Warning(s), took 72.238ms to complete.
[2015.09.20-13.14.32:559][  0]LogFileHelpers: Loading map 'TopDownExampleMap' took 0.073
[2015.09.20-13.14.33:873][  0]LogCollectionManager: Loaded 0 collections in 0.002806 seconds
[2015.09.20-13.14.33:914][  0]LogFileCache: Scanning file cache for directory 'C:/Users/Jin/Desktop/Game-Files/SuperSpaceArmada/Saved/Collections/' took 0.01s
[2015.09.20-13.14.33:914][  0]LogFileCache: Scanning file cache for directory 'C:/Users/Jin/Desktop/Game-Files/SuperSpaceArmada/Content/Developers/SGJin/Collections/' took 0.01s
[2015.09.20-13.14.33:914][  0]LogFileCache: Scanning file cache for directory 'C:/Users/Jin/Desktop/Game-Files/SuperSpaceArmada/Content/Collections/' took 0.01s
[2015.09.20-13.14.33:914][  0]LogContentBrowser: Native class hierarchy populated in 0.0068 seconds. Added 1882 classes and 339 folders.
[2015.09.20-13.14.33:921][  0]LogCollectionManager: Rebuilt the GUID cache for 0 collections in 0.000006 seconds
[2015.09.20-13.14.33:929][  0]LogContentBrowser: Native class hierarchy updated for 'WidgetCarousel' in 0.0003 seconds. Added 0 classes and 0 folders.
[2015.09.20-13.14.41:405][  0]LogContentBrowser: Native class hierarchy updated for 'AddContentDialog' in 0.0004 seconds. Added 0 classes and 0 folders.
[2015.09.20-13.14.41:631][  0]LogContentBrowser: Native class hierarchy updated for 'SceneOutliner' in 0.0004 seconds. Added 1 classes and 2 folders.
[2015.09.20-13.14.42:120][  0]LogCrashTracker: Crashtracker disabled due to settings.
[2015.09.20-13.14.42:128][  0]LogUObjectGlobals:Warning: Failed to find object 'Class None.'
[2015.09.20-13.14.42:153][  0]LogLoad: Full Startup: 101.06 seconds (BP compile: 0.17 seconds)
[2015.09.20-13.14.44:165][  0]LogContentStreaming: Texture pool size now 1000 MB
[2015.09.20-13.14.44:460][  0]LogRenderer: Reallocating scene render targets to support 1304x468 (Frame:2).
[2015.09.20-13.15.05:498][ 63]LogAssetRegistry: Asset discovery search completed in 69.7692 seconds
[2015.09.20-13.15.05:498][ 63]LogCollectionManager: Rebuilt the object cache for 0 collections in 0.000001 seconds (found 0 objects)
[2015.09.20-13.15.05:498][ 63]LogCollectionManager: Fixed up redirectors for 0 collections in 0.000051 seconds (updated 0 objects)
[2015.09.20-13.16.45:680][334]LogWindowsTextInputMethodSystem:Display: IME system now deactivated.
[2015.09.20-13.16.45:972][335]Cmd: QUIT_EDITOR
[2015.09.20-13.16.46:302][335]LogExit: Preparing to exit.
[2015.09.20-13.16.46:957][335]LogExit: Editor shut down
[2015.09.20-13.16.46:959][335]LogParticles: Destroying 0 GPU particle simulations for FXSystem 0x000000D7E412C400
[2015.09.20-13.16.46:959][335]LogExit: Transaction tracking system shut down
[2015.09.20-13.16.46:959][335]LogParticles: Destroying 0 GPU particle simulations for FXSystem 0x000000D7D29DFF60
[2015.09.20-13.16.46:959][335]LogParticles: Destroying 0 GPU particle simulations for FXSystem 0x000000D7D2E6D080
[2015.09.20-13.16.46:959][335]LogParticles: Destroying 0 GPU particle simulations for FXSystem 0x000000D7D0E80B80
[2015.09.20-13.16.47:072][335]LogExit: Object subsystem successfully closed.
[2015.09.20-13.16.47:081][335]LogD3D11RHI: Shutdown
[2015.09.20-13.16.47:081][335]LogD3D11RHI: CleanupD3DDevice
[2015.09.20-13.16.47:129][335]LogD3D11RHI: ~FD3D11DynamicRHI
[2015.09.20-13.16.47:160][335]LogModuleManager: Shutting down and abandoning module CrashTracker (198)
[2015.09.20-13.16.47:160][335]LogModuleManager: Shutting down and abandoning module SceneOutliner (197)
[2015.09.20-13.16.47:160][335]LogModuleManager: Shutting down and abandoning module SuperSearch (196)
[2015.09.20-13.16.47:160][335]LogModuleManager: Shutting down and abandoning module WidgetCarousel (195)
[2015.09.20-13.16.47:160][335]LogModuleManager: Shutting down and abandoning module AddContentDialog (194)
[2015.09.20-13.16.47:161][335]LogModuleManager: Shutting down and abandoning module EditorWidgets (193)
[2015.09.20-13.16.47:161][335]LogModuleManager: Shutting down and abandoning module CollectionManager (192)
[2015.09.20-13.16.47:161][335]LogModuleManager: Shutting down and abandoning module FoliageEdit (191)
[2015.09.20-13.16.47:161][335]LogModuleManager: Shutting down and abandoning module LandscapeEditor (190)
[2015.09.20-13.16.47:161][335]LogModuleManager: Shutting down and abandoning module ActorPickerMode (189)
[2015.09.20-13.16.47:161][335]LogModuleManager: Shutting down and abandoning module GeometryMode (188)
[2015.09.20-13.16.47:161][335]LogModuleManager: Shutting down and abandoning module TextureAlignMode (187)
[2015.09.20-13.16.47:161][335]LogModuleManager: Shutting down and abandoning module BspMode (186)
[2015.09.20-13.16.47:161][335]LogModuleManager: Shutting down and abandoning module PlacementMode (185)
[2015.09.20-13.16.47:161][335]LogModuleManager: Shutting down and abandoning module AutomationWorker (184)
[2015.09.20-13.16.47:161][335]LogModuleManager: Shutting down and abandoning module CharacterAI (183)
[2015.09.20-13.16.47:161][335]LogModuleManager: Shutting down and abandoning module SmartSnapping (182)
[2015.09.20-13.16.47:161][335]LogModuleManager: Shutting down and abandoning module ViewportSnapping (181)
[2015.09.20-13.16.47:161][335]LogModuleManager: Shutting down and abandoning module LogVisualizer (180)
[2015.09.20-13.16.47:161][335]LogModuleManager: Shutting down and abandoning module GameProjectGeneration (179)
[2015.09.20-13.16.47:161][335]LogModuleManager: Shutting down and abandoning module IntroTutorials (178)
[2015.09.20-13.16.47:162][335]LogModuleManager: Shutting down and abandoning module EditorLiveStreaming (177)
[2015.09.20-13.16.47:162][335]LogModuleManager: Shutting down and abandoning module IOSPlatformEditor (176)
[2015.09.20-13.16.47:162][335]LogModuleManager: Shutting down and abandoning module HTML5PlatformEditor (175)
[2015.09.20-13.16.47:162][335]LogModuleManager: Shutting down and abandoning module AndroidDeviceDetection (174)
[2015.09.20-13.16.48:069][335]LogModuleManager: Shutting down and abandoning module AndroidPlatformEditor (173)
[2015.09.20-13.16.48:069][335]LogModuleManager: Shutting down and abandoning module IOSRuntimeSettings (172)
[2015.09.20-13.16.48:069][335]LogModuleManager: Shutting down and abandoning module AndroidRuntimeSettings (171)
[2015.09.20-13.16.48:069][335]LogModuleManager: Shutting down and abandoning module MergeActors (170)
[2015.09.20-13.16.48:069][335]LogModuleManager: Shutting down and abandoning module SizeMap (169)
[2015.09.20-13.16.48:069][335]LogModuleManager: Shutting down and abandoning module TreeMap (168)
[2015.09.20-13.16.48:069][335]LogModuleManager: Shutting down and abandoning module ReferenceViewer (167)
[2015.09.20-13.16.48:069][335]LogModuleManager: Shutting down and abandoning module LocalizationService (166)
[2015.09.20-13.16.48:069][335]LogModuleManager: Shutting down and abandoning module LocalizationDashboard (165)
[2015.09.20-13.16.48:069][335]LogModuleManager: Shutting down and abandoning module HardwareTargeting (164)
[2015.09.20-13.16.48:069][335]LogModuleManager: Shutting down and abandoning module DeviceProfileEditor (163)
[2015.09.20-13.16.48:069][335]LogModuleManager: Shutting down and abandoning module UndoHistory (162)
[2015.09.20-13.16.48:069][335]LogModuleManager: Shutting down and abandoning module GameplayTagsEditor (161)
[2015.09.20-13.16.48:069][335]LogModuleManager: Shutting down and abandoning module UserFeedback (160)
[2015.09.20-13.16.48:069][335]LogModuleManager: Shutting down and abandoning module XmlParser (159)
[2015.09.20-13.16.48:069][335]LogModuleManager: Shutting down and abandoning module Blutility (158)
[2015.09.20-13.16.48:069][335]LogModuleManager: Shutting down and abandoning module ProjectTargetPlatformEditor (157)
[2015.09.20-13.16.48:070][335]LogModuleManager: Shutting down and abandoning module ProjectSettingsViewer (156)
[2015.09.20-13.16.48:070][335]LogModuleManager: Shutting down and abandoning module InputBindingEditor (155)
[2015.09.20-13.16.48:070][335]LogModuleManager: Shutting down and abandoning module EditorSettingsViewer (154)
[2015.09.20-13.16.48:070][335]LogModuleManager: Shutting down and abandoning module SettingsEditor (153)
[2015.09.20-13.16.48:070][335]LogModuleManager: Shutting down and abandoning module ProjectLauncher (152)
[2015.09.20-13.16.48:070][335]LogModuleManager: Shutting down and abandoning module SessionFrontend (151)
[2015.09.20-13.16.48:070][335]LogModuleManager: Shutting down and abandoning module ProfilerClient (150)
[2015.09.20-13.16.48:070][335]LogModuleManager: Shutting down and abandoning module TargetDeviceServices (149)
[2015.09.20-13.16.48:070][335]LogModuleManager: Shutting down and abandoning module DeviceManager (148)
[2015.09.20-13.16.48:070][335]LogModuleManager: Shutting down and abandoning module AutomationController (147)
[2015.09.20-13.16.48:070][335]LogModuleManager: Shutting down and abandoning module AutomationWindow (146)
[2015.09.20-13.16.48:070][335]LogModuleManager: Shutting down and abandoning module Layers (145)
[2015.09.20-13.16.48:070][335]LogModuleManager: Shutting down and abandoning module ComponentVisualizers (144)
[2015.09.20-13.16.48:070][335]LogModuleManager: Shutting down and abandoning module DetailCustomizations (143)
[2015.09.20-13.16.48:070][335]LogModuleManager: Shutting down and abandoning module PackagesDialog (142)
[2015.09.20-13.16.48:070][335]LogModuleManager: Shutting down and abandoning module Persona (141)
[2015.09.20-13.16.48:071][335]LogModuleManager: Shutting down and abandoning module Kismet (140)
[2015.09.20-13.16.48:071][335]LogModuleManager: Shutting down and abandoning module GraphEditor (139)
[2015.09.20-13.16.48:071][335]LogModuleManager: Shutting down and abandoning module ClassViewer (138)
[2015.09.20-13.16.48:071][335]LogModuleManager: Shutting down and abandoning module Toolbox (137)
[2015.09.20-13.16.48:071][335]LogModuleManager: Shutting down and abandoning module ModuleUI (136)
[2015.09.20-13.16.48:071][335]LogModuleManager: Shutting down and abandoning module MovieSceneTools (135)
[2015.09.20-13.16.48:071][335]LogModuleManager: Shutting down and abandoning module OutputLog (134)
[2015.09.20-13.16.48:071][335]LogModuleManager: Shutting down and abandoning module GammaUI (133)
[2015.09.20-13.16.48:071][335]LogModuleManager: Shutting down and abandoning module Documentation (132)
[2015.09.20-13.16.48:071][335]LogModuleManager: Shutting down and abandoning module GameLiveStreaming (131)
[2015.09.20-13.16.48:071][335]LogModuleManager: Shutting down and abandoning module StreamingPauseRendering (130)
[2015.09.20-13.16.48:071][335]LogModuleManager: Shutting down and abandoning module AnalyticsET (129)
[2015.09.20-13.16.48:071][335]LogModuleManager: Shutting down and abandoning module Analytics (128)
[2015.09.20-13.16.48:071][335]LogModuleManager: Shutting down and abandoning module AITestSuite (127)
[2015.09.20-13.16.48:071][335]LogModuleManager: Shutting down and abandoning module GameplayDebugger (126)
[2015.09.20-13.16.48:071][335]LogModuleManager: Shutting down and abandoning module AIModule (125)
[2015.09.20-13.16.48:071][335]LogModuleManager: Shutting down and abandoning module ProfilerService (124)
[2015.09.20-13.16.48:124][335]LogModuleManager: Shutting down and abandoning module TaskGraph (123)
[2015.09.20-13.16.48:124][335]LogModuleManager: Shutting down and abandoning module SubstanceEditor (122)
[2015.09.20-13.16.48:124][335]LogModuleManager: Shutting down and abandoning module SlateRemote (121)
[2015.09.20-13.16.48:124][335]LogModuleManager: Shutting down and abandoning module SteamVRController (120)
[2015.09.20-13.16.48:124][335]LogModuleManager: Shutting down and abandoning module SteamVR (119)
[2015.09.20-13.16.48:124][335]LogModuleManager: Shutting down and abandoning module ProceduralMeshComponent (118)
[2015.09.20-13.16.48:124][335]LogModuleManager: Shutting down and abandoning module OculusRift (117)
[2015.09.20-13.16.48:124][335]LogModuleManager: Shutting down and abandoning module OculusLibrary (116)
[2015.09.20-13.16.48:124][335]LogModuleManager: Shutting down and abandoning module LeapMotionController (115)
[2015.09.20-13.16.48:138][335]LogModuleManager: Shutting down and abandoning module CustomMeshComponent (114)
[2015.09.20-13.16.48:138][335]LogModuleManager: Shutting down and abandoning module CableComponent (113)
[2015.09.20-13.16.48:138][335]LogModuleManager: Shutting down and abandoning module ArchVisCharacter (112)
[2015.09.20-13.16.48:138][335]LogModuleManager: Shutting down and abandoning module MessagingDebugger (111)
[2015.09.20-13.16.48:138][335]LogModuleManager: Shutting down and abandoning module MediaPlayerEditor (110)
[2015.09.20-13.16.48:138][335]LogModuleManager: Shutting down and abandoning module HTML5Networking (109)
[2015.09.20-13.16.48:138][335]LogModuleManager: Shutting down and abandoning module SpeedTreeImporter (108)
[2015.09.20-13.16.48:138][335]LogModuleManager: Shutting down and abandoning module PluginBrowser (107)
[2015.09.20-13.16.48:138][335]LogModuleManager: Shutting down and abandoning module EpicSurvey (106)
[2015.09.20-13.16.48:138][335]LogModuleManager: Shutting down and abandoning module DesktopPlatform (105)
[2015.09.20-13.16.48:138][335]LogModuleManager: Shutting down and abandoning module VisualStudioSourceCodeAccess (104)
[2015.09.20-13.16.48:138][335]LogModuleManager: Shutting down and abandoning module UObjectPlugin (103)
[2015.09.20-13.16.48:138][335]LogModuleManager: Shutting down and abandoning module SubversionSourceControl (102)
[2015.09.20-13.16.48:138][335]LogModuleManager: Shutting down and abandoning module PerforceSourceControl (101)
[2015.09.20-13.16.48:138][335]LogModuleManager: Shutting down and abandoning module SourceControl (100)
[2015.09.20-13.16.48:138][335]LogModuleManager: Shutting down and abandoning module GitSourceControl (99)
[2015.09.20-13.16.48:138][335]LogModuleManager: Shutting down and abandoning module LightPropagationVolumeEditor (98)
[2015.09.20-13.16.48:138][335]LogModuleManager: Shutting down and abandoning module PaperTiledImporter (97)
[2015.09.20-13.16.48:138][335]LogModuleManager: Shutting down and abandoning module PaperSpriteSheetImporter (96)
[2015.09.20-13.16.48:138][335]LogModuleManager: Shutting down and abandoning module MeshPaint (95)
[2015.09.20-13.16.48:138][335]LogModuleManager: Shutting down and abandoning module SlateReflector (94)
[2015.09.20-13.16.48:138][335]LogModuleManager: Shutting down and abandoning module HotReload (93)
[2015.09.20-13.16.48:138][335]LogModuleManager: Shutting down and abandoning module MainFrame (92)
[2015.09.20-13.16.48:138][335]LogModuleManager: Shutting down and abandoning module LevelEditor (91)
[2015.09.20-13.16.48:139][335]LogModuleManager: Shutting down and abandoning module ContentBrowser (90)
[2015.09.20-13.16.48:140][335]LogModuleManager: Shutting down and abandoning module Paper2DEditor (89)
[2015.09.20-13.16.48:140][335]LogModuleManager: Shutting down and abandoning module UdpMessaging (88)
[2015.09.20-13.16.48:242][335]LogModuleManager: Shutting down and abandoning module DirectoryWatcher (87)
[2015.09.20-13.16.48:242][335]LogModuleManager: Shutting down and abandoning module AssetRegistry (86)
[2015.09.20-13.16.48:348][335]LogModuleManager: Shutting down and abandoning module SubstanceCore (85)
[2015.09.20-13.16.48:348][335]LogModuleManager: Shutting down and abandoning module LightPropagationVolumeRuntime (84)
[2015.09.20-13.16.48:348][335]LogModuleManager: Shutting down and abandoning module Paper2D (83)
[2015.09.20-13.16.48:348][335]LogModuleManager: Shutting down and abandoning module WindowsMoviePlayer (82)
[2015.09.20-13.16.48:350][335]LogModuleManager: Shutting down and abandoning module Media (81)
[2015.09.20-13.16.48:350][335]LogModuleManager: Shutting down and abandoning module WmfMedia (80)
[2015.09.20-13.16.48:351][335]LogModuleManager: Shutting down and abandoning module OnlineBlueprintSupport (79)
[2015.09.20-13.16.48:351][335]LogModuleManager: Shutting down and abandoning module GameplayTasksEditor (78)
[2015.09.20-13.16.48:351][335]LogModuleManager: Shutting down and abandoning module PropertyEditor (77)
[2015.09.20-13.16.48:351][335]LogModuleManager: Shutting down and abandoning module BehaviorTreeEditor (76)
[2015.09.20-13.16.48:351][335]LogModuleManager: Shutting down and abandoning module FunctionalTesting (75)
[2015.09.20-13.16.48:351][335]LogModuleManager: Shutting down and abandoning module CollisionAnalyzer (74)
[2015.09.20-13.16.48:351][335]LogModuleManager: Shutting down and abandoning module WorkspaceMenuStructure (73)
[2015.09.20-13.16.48:351][335]LogModuleManager: Shutting down and abandoning module MessageLog (72)
[2015.09.20-13.16.48:351][335]LogModuleManager: Shutting down and abandoning module Sequencer (71)
[2015.09.20-13.16.48:351][335]LogModuleManager: Shutting down and abandoning module AssetTools (70)
[2015.09.20-13.16.48:351][335]LogModuleManager: Shutting down and abandoning module UMGEditor (69)
[2015.09.20-13.16.48:351][335]LogModuleManager: Shutting down and abandoning module UMG (68)
[2015.09.20-13.16.48:351][335]LogModuleManager: Shutting down and abandoning module Slate (67)
[2015.09.20-13.16.48:351][335]LogModuleManager: Shutting down and abandoning module EditorStyle (66)
[2015.09.20-13.16.48:353][335]LogModuleManager: Shutting down and abandoning module SessionServices (65)
[2015.09.20-13.16.48:353][335]LogModuleManager: Shutting down and abandoning module SourceCodeAccess (64)
[2015.09.20-13.16.48:353][335]LogModuleManager: Shutting down and abandoning module HeadMountedDisplay (63)
[2015.09.20-13.16.48:353][335]LogModuleManager: Shutting down and abandoning module XAudio2 (62)
[2015.09.20-13.16.48:353][335]LogModuleManager: Shutting down and abandoning module Networking (60)
[2015.09.20-13.16.48:354][335]LogModuleManager: Shutting down and abandoning module Core (59)
[2015.09.20-13.16.48:354][335]LogModuleManager: Shutting down and abandoning module KismetCompiler (58)
[2015.09.20-13.16.48:354][335]LogModuleManager: Shutting down and abandoning module PhysXFormats (57)
[2015.09.20-13.16.48:354][335]LogModuleManager: Shutting down and abandoning module MeshUtilities (56)
[2015.09.20-13.16.48:354][335]LogModuleManager: Shutting down and abandoning module CookingStats (55)
[2015.09.20-13.16.48:354][335]LogModuleManager: Shutting down and abandoning module DerivedDataCache (54)
[2015.09.20-13.16.48:375][335]LogDerivedDataCache: Shutdown
[2015.09.20-13.16.48:375][335]LogModuleManager: Shutting down and abandoning module ShaderFormatOpenGL (53)
[2015.09.20-13.16.48:375][335]LogModuleManager: Shutting down and abandoning module ShaderFormatD3D (52)
[2015.09.20-13.16.48:375][335]LogModuleManager: Shutting down and abandoning module MetalShaderFormat (51)
[2015.09.20-13.16.48:375][335]LogModuleManager: Shutting down and abandoning module TextureFormatUncompressed (50)
[2015.09.20-13.16.48:375][335]LogModuleManager: Shutting down and abandoning module TextureFormatPVR (49)
[2015.09.20-13.16.48:400][335]LogModuleManager: Shutting down and abandoning module TextureFormatIntelISPCTexComp (48)
[2015.09.20-13.16.48:413][335]LogModuleManager: Shutting down and abandoning module TextureFormatDXT (47)
[2015.09.20-13.16.48:427][335]LogModuleManager: Shutting down and abandoning module ImageWrapper (46)
[2015.09.20-13.16.48:427][335]LogModuleManager: Shutting down and abandoning module TextureFormatASTC (45)
[2015.09.20-13.16.48:427][335]LogModuleManager: Shutting down and abandoning module TextureFormatAndroid (44)
[2015.09.20-13.16.48:427][335]LogModuleManager: Shutting down and abandoning module AudioFormatOpus (43)
[2015.09.20-13.16.48:427][335]LogModuleManager: Shutting down and abandoning module AudioFormatOgg (42)
[2015.09.20-13.16.48:427][335]LogModuleManager: Shutting down and abandoning module AudioFormatADPCM (41)
[2015.09.20-13.16.48:427][335]LogModuleManager: Shutting down and abandoning module LinuxTargetPlatform (40)
[2015.09.20-13.16.48:427][335]LogModuleManager: Shutting down and abandoning module LinuxServerTargetPlatform (39)
[2015.09.20-13.16.48:441][335]LogModuleManager: Shutting down and abandoning module LinuxNoEditorTargetPlatform (38)
[2015.09.20-13.16.48:449][335]LogModuleManager: Shutting down and abandoning module Messaging (37)
[2015.09.20-13.16.48:450][335]LogModuleManager: Shutting down and abandoning module IOSTargetPlatform (36)
[2015.09.20-13.16.48:450][335]LogModuleManager: Shutting down and abandoning module HTML5TargetPlatform (35)
[2015.09.20-13.16.48:450][335]LogModuleManager: Shutting down and abandoning module Android_PVRTCTargetPlatform (34)
[2015.09.20-13.16.48:450][335]LogModuleManager: Shutting down and abandoning module Android_ETC2TargetPlatform (33)
[2015.09.20-13.16.48:450][335]LogModuleManager: Shutting down and abandoning module Android_ETC1TargetPlatform (32)
[2015.09.20-13.16.48:450][335]LogModuleManager: Shutting down and abandoning module Android_DXTTargetPlatform (31)
[2015.09.20-13.16.48:450][335]LogModuleManager: Shutting down and abandoning module Android_ATCTargetPlatform (30)
[2015.09.20-13.16.48:450][335]LogModuleManager: Shutting down and abandoning module Android_ASTCTargetPlatform (29)
[2015.09.20-13.16.48:450][335]LogModuleManager: Shutting down and abandoning module AndroidTargetPlatform (28)
[2015.09.20-13.16.48:450][335]LogModuleManager: Shutting down and abandoning module WindowsTargetPlatform (27)
[2015.09.20-13.16.48:450][335]LogModuleManager: Shutting down and abandoning module WindowsServerTargetPlatform (26)
[2015.09.20-13.16.48:463][335]LogModuleManager: Shutting down and abandoning module WindowsNoEditorTargetPlatform (25)
[2015.09.20-13.16.48:482][335]LogModuleManager: Shutting down and abandoning module WindowsClientTargetPlatform (24)
[2015.09.20-13.16.48:498][335]LogModuleManager: Shutting down and abandoning module AllDesktopTargetPlatform (23)
[2015.09.20-13.16.48:508][335]LogModuleManager: Shutting down and abandoning module TargetPlatform (22)
[2015.09.20-13.16.48:508][335]LogModuleManager: Shutting down and abandoning module InputCore (21)
[2015.09.20-13.16.48:508][335]LogModuleManager: Shutting down and abandoning module Settings (20)
[2015.09.20-13.16.48:508][335]LogModuleManager: Shutting down and abandoning module OnlineSubsystem (18)
[2015.09.20-13.16.48:508][335]LogModuleManager: Shutting down and abandoning module HTTP (17)
[2015.09.20-13.16.50:511][335]LogModuleManager: Shutting down and abandoning module XMPP (16)
[2015.09.20-13.16.50:511][335]LogModuleManager: Shutting down and abandoning module ExampleDeviceProfileSelector (15)
[2015.09.20-13.16.50:511][335]LogModuleManager: Shutting down and abandoning module TextureCompressor (14)
[2015.09.20-13.16.50:511][335]LogModuleManager: Shutting down and abandoning module ShaderCore (13)
[2015.09.20-13.16.50:511][335]LogModuleManager: Shutting down and abandoning module Landscape (12)
[2015.09.20-13.16.50:511][335]LogModuleManager: Shutting down and abandoning module SlateRHIRenderer (11)
[2015.09.20-13.16.50:511][335]LogModuleManager: Shutting down and abandoning module OpenGLDrv (10)
[2015.09.20-13.16.50:511][335]LogModuleManager: Shutting down and abandoning module D3D11RHI (9)
[2015.09.20-13.16.50:511][335]LogModuleManager: Shutting down and abandoning module AnimGraphRuntime (8)
[2015.09.20-13.16.50:511][335]LogModuleManager: Shutting down and abandoning module Renderer (7)
[2015.09.20-13.16.50:511][335]LogModuleManager: Shutting down and abandoning module Engine (6)
[2015.09.20-13.16.50:512][335]LogModuleManager: Shutting down and abandoning module CoreUObject (5)
[2015.09.20-13.16.50:512][335]LogModuleManager: Shutting down and abandoning module NetworkFile (4)
[2015.09.20-13.16.50:512][335]LogModuleManager: Shutting down and abandoning module StreamingFile (3)
[2015.09.20-13.16.50:512][335]LogModuleManager: Shutting down and abandoning module SandboxFile (2)
[2015.09.20-13.16.50:512][335]LogModuleManager: Shutting down and abandoning module PakFile (1)
[2015.09.20-13.16.50:512][335]LogExit: Exiting.
[2015.09.20-13.16.50:534][335]Log file closed, 09/20/15 09:16:50
