[2015.09.19-21.08.37:840][  0]Log file open, 09/19/15 17:08:37
[2015.09.19-21.08.37:840][  0]LogInit:Display: Running engine for game: SuperSpaceArmada
[2015.09.19-21.08.37:840][  0]LogInit:Display: RandInit(396763356) SRandInit(396763356).
[2015.09.19-21.08.37:840][  0]LogTaskGraph: Started task graph with 4 named threads and 7 total threads.
[2015.09.19-21.08.37:840][  0]LogStats: Stats thread started at 0.064067
[2015.09.19-21.08.37:840][  0]LogInit: Version: 4.9.0-2672455+++depot+UE4-Releases+4.9
[2015.09.19-21.08.37:840][  0]LogInit: API Version: 2672455
[2015.09.19-21.08.37:840][  0]LogInit: Compiled (64-bit): Aug 28 2015 12:33:01
[2015.09.19-21.08.37:840][  0]LogInit: Compiled with Visual C++: 18.00.21005.01
[2015.09.19-21.08.37:840][  0]LogInit: Build Configuration: Development
[2015.09.19-21.08.37:840][  0]LogInit: Branch Name: ++depot+UE4-Releases+4.9
[2015.09.19-21.08.37:840][  0]LogInit: Command line: 
[2015.09.19-21.08.37:840][  0]LogInit: Base directory: F:/Program Files/Unreal/Epic Games/4.9/Engine/Binaries/Win64/
[2015.09.19-21.08.37:840][  0]LogInit: Rocket: 1
[2015.09.19-21.08.37:846][  0]LogInit: Using libcurl 7.41.0
[2015.09.19-21.08.37:846][  0]LogInit:  - built for x86_64-pc-win32
[2015.09.19-21.08.37:846][  0]LogInit:  - supports SSL with WinSSL
[2015.09.19-21.08.37:846][  0]LogInit:  - other features:
[2015.09.19-21.08.37:846][  0]LogInit:      CURL_VERSION_SSL
[2015.09.19-21.08.37:846][  0]LogInit:      CURL_VERSION_IPV6
[2015.09.19-21.08.37:846][  0]LogInit:      CURL_VERSION_ASYNCHDNS
[2015.09.19-21.08.37:846][  0]LogInit:      CURL_VERSION_LARGEFILE
[2015.09.19-21.08.37:846][  0]LogInit:      CURL_VERSION_IDN
[2015.09.19-21.08.37:846][  0]LogInit:  CurlRequestOptions (configurable via config and command line):
[2015.09.19-21.08.37:846][  0]LogInit:  - bVerifyPeer = true  - Libcurl will verify peer certificate
[2015.09.19-21.08.37:846][  0]LogInit:  - bUseHttpProxy = false  - Libcurl will NOT use HTTP proxy
[2015.09.19-21.08.37:846][  0]LogInit:  - bDontReuseConnections = false  - Libcurl will reuse connections
[2015.09.19-21.08.37:846][  0]LogInit:  - CertBundlePath = nullptr  - Libcurl will use whatever was configured at build time.
[2015.09.19-21.08.37:852][  0]LogInit: Presizing for 0 objects not considered by GC, pre-allocating 0 bytes.
[2015.09.19-21.08.37:856][  0]LogInit: Object subsystem initialized
[2015.09.19-21.08.37:857][  0]LogInit: Selected Device Profile: [Windows]
[2015.09.19-21.08.37:857][  0]LogInit: Applying CVar settings loaded from the selected device profile: [Windows]
[2015.09.19-21.08.37:863][  0]LogInit: Computer: ANDREW_2015
[2015.09.19-21.08.37:863][  0]LogInit: User: aehrlich92
[2015.09.19-21.08.37:863][  0]LogInit: CPU Page size=4096, Cores=4
[2015.09.19-21.08.37:863][  0]LogInit: High frequency timer resolution =3.984647 MHz
[2015.09.19-21.08.37:863][  0]LogMemory: Memory total: Physical=15.9GB (16GB approx)
[2015.09.19-21.08.37:863][  0]LogMemory: Platform Memory Stats for Windows
[2015.09.19-21.08.37:863][  0]LogMemory: Process Physical Memory: 54.08 MB used, 54.08 MB peak
[2015.09.19-21.08.37:863][  0]LogMemory: Process Virtual Memory: 55.28 MB used, 55.28 MB peak
[2015.09.19-21.08.37:863][  0]LogMemory: Physical Memory: 5675.31 MB used, 16322.88 MB total
[2015.09.19-21.08.37:863][  0]LogMemory: Virtual Memory: 365.27 MB used, 134217728.00 MB total
[2015.09.19-21.08.37:897][  0]LogTextLocalizationManager: No specific translations for ('en-US') exist, so ('en') translations will be used.
[2015.09.19-21.08.38:312][  0]LogD3D11RHI: Found D3D11 adapter 0: NVIDIA GeForce GTX 960 (Feature Level 11_0)
[2015.09.19-21.08.38:312][  0]LogD3D11RHI: Adapter has 1969MB of dedicated video memory, 0MB of dedicated system memory, and 8161MB of shared system memory, 2 output[s]
[2015.09.19-21.08.38:314][  0]LogD3D11RHI: Found D3D11 adapter 1: Microsoft Basic Render Driver (Feature Level 11_0)
[2015.09.19-21.08.38:314][  0]LogD3D11RHI: Adapter has 0MB of dedicated video memory, 0MB of dedicated system memory, and 8161MB of shared system memory, 0 output[s]
[2015.09.19-21.08.38:314][  0]LogD3D11RHI: Chosen D3D11 Adapter Id = 0
[2015.09.19-21.08.38:317][  0]LogD3D11RHI: !Direct3DDevice
[2015.09.19-21.08.38:317][  0]LogRHI: Texture pool is 1361 MB (70% of 1945 MB)
[2015.09.19-21.08.38:326][  0]LogD3D11RHI: Async texture creation enabled
[2015.09.19-21.08.38:341][  0]LogShaderCompilers: Guid format shader working directory is 14 characters bigger than the processId version (../../../../../../../My Media/UCF Documents/DIG 4725/Game-Files/SuperSpaceArmada/Intermediate/Shaders/WorkingDirectory/13104/).
[2015.09.19-21.08.38:341][  0]LogShaderCompilers: Cleaned the shader compiler working directory '../../../../../../../My Media/UCF Documents/DIG 4725/Game-Files/SuperSpaceArmada/Intermediate/Shaders/tmp/E66987C64454288141E2FDAD30E1AFE6/'.
[2015.09.19-21.08.38:341][  0]LogShaderCompilers:Display: Using Local Shader Compiler.
[2015.09.19-21.08.39:094][  0]LogTemp:Display: Loaded TP AllDesktopTargetPlatform
[2015.09.19-21.08.39:098][  0]LogTemp:Display: Loaded TP WindowsClientTargetPlatform
[2015.09.19-21.08.39:102][  0]LogTemp:Display: Loaded TP WindowsNoEditorTargetPlatform
[2015.09.19-21.08.39:106][  0]LogTemp:Display: Loaded TP WindowsServerTargetPlatform
[2015.09.19-21.08.39:109][  0]LogTemp:Display: Loaded TP WindowsTargetPlatform
[2015.09.19-21.08.39:112][  0]LogTemp:Display: Loaded TP AndroidTargetPlatform
[2015.09.19-21.08.39:115][  0]LogTemp:Display: Loaded TP Android_ASTCTargetPlatform
[2015.09.19-21.08.39:117][  0]LogTemp:Display: Loaded TP Android_ATCTargetPlatform
[2015.09.19-21.08.39:120][  0]LogTemp:Display: Loaded TP Android_DXTTargetPlatform
[2015.09.19-21.08.39:122][  0]LogTemp:Display: Loaded TP Android_ETC1TargetPlatform
[2015.09.19-21.08.39:125][  0]LogTemp:Display: Loaded TP Android_ETC2TargetPlatform
[2015.09.19-21.08.39:128][  0]LogTemp:Display: Loaded TP Android_PVRTCTargetPlatform
[2015.09.19-21.08.39:129][  0]LogTemp:Display: Loaded TP HTML5TargetPlatform
[2015.09.19-21.08.39:145][  0]LogTemp:Display: Loaded TP IOSTargetPlatform
[2015.09.19-21.08.39:148][  0]LogTemp:Display: Loaded TP LinuxNoEditorTargetPlatform
[2015.09.19-21.08.39:151][  0]LogTemp:Display: Loaded TP LinuxServerTargetPlatform
[2015.09.19-21.08.39:154][  0]LogTemp:Display: Loaded TP LinuxTargetPlatform
[2015.09.19-21.08.39:154][  0]LogTargetPlatformManager:Display: Building Assets For Windows
[2015.09.19-21.08.39:210][  0]LogDerivedDataCache:Display: Max Cache Size: 512 MB
[2015.09.19-21.08.39:238][  0]LogDerivedDataCache: Loaded boot cache 0.03s 41MB C:/Users/aehrlich92/AppData/Local/UnrealEngine/4.9/DerivedDataCache/Boot.ddc.
[2015.09.19-21.08.39:238][  0]LogDerivedDataCache:Display: Loaded Boot cache: C:/Users/aehrlich92/AppData/Local/UnrealEngine/4.9/DerivedDataCache/Boot.ddc
[2015.09.19-21.08.39:238][  0]LogDerivedDataCache: FDerivedDataBackendGraph:  Pak pak cache file ../../../../../../../My Media/UCF Documents/DIG 4725/Game-Files/SuperSpaceArmada/DerivedDataCache/DDC.ddp not found, will not use a pak cache.
[2015.09.19-21.08.39:238][  0]LogDerivedDataCache: Unable to find inner node Pak for hierarchical cache Hierarchy.
[2015.09.19-21.08.39:238][  0]LogDerivedDataCache: FDerivedDataBackendGraph:  CompressedPak pak cache file ../../../../../../../My Media/UCF Documents/DIG 4725/Game-Files/SuperSpaceArmada/DerivedDataCache/Compressed.ddp not found, will not use a pak cache.
[2015.09.19-21.08.39:238][  0]LogDerivedDataCache: Unable to find inner node CompressedPak for hierarchical cache Hierarchy.
[2015.09.19-21.08.39:335][  0]LogDerivedDataCache:Display: Pak cache opened for reading ../../../Engine/DerivedDataCache/Compressed.ddp.
[2015.09.19-21.08.39:346][  0]LogDerivedDataCache: Using Local data cache path C:/Users/aehrlich92/AppData/Local/UnrealEngine/Common/DerivedDataCache: Writable
[2015.09.19-21.08.39:455][  0]LogInit: Selected Device Profile: [Windows]
[2015.09.19-21.08.39:457][  0]LogContentStreaming: Texture pool size is 0.000000MB
[2015.09.19-21.08.39:566][  0]LogMeshUtilities: No automatic mesh reduction module available
[2015.09.19-21.08.39:567][  0]LogMeshUtilities: No automatic mesh merging module available
[2015.09.19-21.08.39:766][  0]LogInit: WinSock: version 1.1 (2.2), MaxSocks=32767, MaxUdp=65467
[2015.09.19-21.08.40:238][  0]UdpMessaging: Initializing bridge on interface 0.0.0.0:0 to multicast group 230.0.0.1:6666.
[2015.09.19-21.08.40:321][  0]LogAssetRegistry: FAssetRegistry took 0.0103 seconds to start up
[2015.09.19-21.08.40:432][  0]SourceControl: Info Source control is disabled
[2015.09.19-21.08.40:439][  0]SourceControl: Info Source control is disabled
[2015.09.19-21.08.40:446][  0]SourceControl: Info Source control is disabled
[2015.09.19-21.08.40:452][  0]SourceControl: Info Source control is disabled
[2015.09.19-21.08.40:549][  0]LogLinker:Warning: Asset '../../../Engine/Plugins/Runtime/LeapMotionController/Content/LM_PassthroughMaterial.uasset' has been saved with empty engine version. The asset will be loaded but may be incompatible.
[2015.09.19-21.08.40:601][  0]LogObj: 28361 objects as part of root set at end of initial load.
[2015.09.19-21.08.40:601][  0]LogUObjectAllocator: 6038864 out of 0 bytes used by permanent object pool.
[2015.09.19-21.08.40:648][  0]LogEngine: Initializing Engine...
[2015.09.19-21.08.40:649][  0]LogHMD: Can't find Oculus library dev build: is proper Runtime installed? Version: 0.6.0.0
[2015.09.19-21.08.40:650][  0]LogHMD: SteamVR failed to initialize.  Err: 110
[2015.09.19-21.08.40:733][  0]LogAIModule: Creating AISystem for world NewWorld
[2015.09.19-21.08.40:740][  0]LogInit: XAudio2 using 'Speakers (Realtek High Definition Audio)' : 8 channels at 48 kHz using 32 bits per sample (channel mask 0x63f)
[2015.09.19-21.08.40:748][  0]LogInit: FAudioDevice initialized.
[2015.09.19-21.08.40:764][  0]LogDerivedDataCache: Saved boot cache 0.02s 41MB C:/Users/aehrlich92/AppData/Local/UnrealEngine/4.9/DerivedDataCache/Boot.ddc.
[2015.09.19-21.08.40:768][  0]LogInit: Texture streaming: Enabled
[2015.09.19-21.08.40:773][  0]LogAnalytics: Creating configured Analytics provider AnalyticsET
[2015.09.19-21.08.40:773][  0]LogAnalytics: [UEEditor.Rocket.Release] APIServer = http://et2.epicgames.com/ET2/. AppVersion = 4.9.0-2672455+++depot+UE4-Releases+4.9
[2015.09.19-21.08.40:773][  0]LogAnalytics: [UEEditor.Rocket.Release] SetUserId 7bdbd2584788e6e37f918c9187bab22c|b300224d71e64562a5bff06c2aaa78f8|45aed112-7b58-41bf-9eba-b8dcb7f9dd12
[2015.09.19-21.08.40:773][  0]LogAnalytics: [UEEditor.Rocket.Release] AnalyticsET::StartSession
[2015.09.19-21.08.40:806][  0]LogInit: Transaction tracking system initialized
[2015.09.19-21.08.40:830][  0]BlueprintLog: New page: Editor Load
[2015.09.19-21.08.40:888][  0]LocalizationService: Info Localization service is disabled
[2015.09.19-21.08.40:954][  0]LogConsoleResponse:Display: 
[2015.09.19-21.08.41:047][  0]LogCook:Display: Done creating registry. It took  0.00s.
[2015.09.19-21.08.41:086][  0]LogFileCache: Scanning file cache for directory 'F:/My Media/UCF Documents/DIG 4725/Game-Files/SuperSpaceArmada/Content/' took 0.01s
[2015.09.19-21.08.41:086][  0]SourceControl: Info Source control is disabled
[2015.09.19-21.08.41:086][  0]Cmd: MAP LOAD FILE="../../../../../../../My Media/UCF Documents/DIG 4725/Game-Files/SuperSpaceArmada/Content/TopDownBP/Maps/TopDownExampleMap.umap" TEMPLATE=0 SHOWPROGRESS=1 FEATURELEVEL=3
[2015.09.19-21.08.41:086][  0]LogEditorServer:Warning: Can't find file '../../../../../../../My Media/UCF Documents/DIG 4725/Game-Files/SuperSpaceArmada/Content/TopDownBP/Maps/TopDownExampleMap.umap'
[2015.09.19-21.08.41:086][  0]Cmd: MAP CHECKDEP NOCLEARLOG
[2015.09.19-21.08.41:112][  0]MapCheck: Info Map check complete: 0 Error(s), 0 Warning(s), took 25.955ms to complete.
[2015.09.19-21.08.41:112][  0]LogFileHelpers: Loading map 'TopDownExampleMap' took 0.026
[2015.09.19-21.08.41:207][  0]LogCollectionManager: Loaded 0 collections in 0.000850 seconds
[2015.09.19-21.08.41:244][  0]LogFileCache: Scanning file cache for directory 'F:/My Media/UCF Documents/DIG 4725/Game-Files/SuperSpaceArmada/Saved/Collections/' took 0.01s
[2015.09.19-21.08.41:244][  0]LogFileCache: Scanning file cache for directory 'F:/My Media/UCF Documents/DIG 4725/Game-Files/SuperSpaceArmada/Content/Developers/aehrlich92/Collections/' took 0.01s
[2015.09.19-21.08.41:244][  0]LogFileCache: Scanning file cache for directory 'F:/My Media/UCF Documents/DIG 4725/Game-Files/SuperSpaceArmada/Content/Collections/' took 0.01s
[2015.09.19-21.08.41:244][  0]LogContentBrowser: Native class hierarchy populated in 0.0048 seconds. Added 1867 classes and 333 folders.
[2015.09.19-21.08.41:248][  0]LogCollectionManager: Rebuilt the GUID cache for 0 collections in 0.000002 seconds
[2015.09.19-21.08.41:251][  0]LogContentBrowser: Native class hierarchy updated for 'WidgetCarousel' in 0.0002 seconds. Added 0 classes and 0 folders.
[2015.09.19-21.08.41:276][  0]LogContentBrowser: Native class hierarchy updated for 'AddContentDialog' in 0.0002 seconds. Added 0 classes and 0 folders.
[2015.09.19-21.08.41:279][  0]LogContentBrowser: Native class hierarchy updated for 'SceneOutliner' in 0.0002 seconds. Added 1 classes and 2 folders.
[2015.09.19-21.08.41:293][  0]LogCrashTracker: Crashtracker disabled due to settings.
[2015.09.19-21.08.41:296][  0]LogUObjectGlobals:Warning: Failed to find object 'Class None.'
[2015.09.19-21.08.41:317][  0]LogLoad: Full Startup: 3.85 seconds (BP compile: 0.00 seconds)
[2015.09.19-21.08.41:355][  0]LogContentStreaming: Texture pool size now 1000 MB
[2015.09.19-21.08.41:448][  0]LogRenderer: Reallocating scene render targets to support 1216x600 (Frame:2).
[2015.09.19-21.08.41:551][  2]LogAssetRegistry: Asset discovery search completed in 1.2407 seconds
[2015.09.19-21.08.41:551][  2]LogCollectionManager: Rebuilt the object cache for 0 collections in 0.000001 seconds (found 0 objects)
[2015.09.19-21.08.41:551][  2]LogCollectionManager: Fixed up redirectors for 0 collections in 0.000013 seconds (updated 0 objects)
[2015.09.19-21.08.52:555][317]LogLinker:Warning: Asset '../../../../../../../My Media/UCF Documents/DIG 4725/Game-Files/SuperSpaceArmada/Content/Mannequin/Animations/ThirdPerson_AnimBP.uasset' has been saved with empty engine version. The asset will be loaded but may be incompatible.
[2015.09.19-21.08.52:556][317]LogLinker:Warning: Asset '../../../../../../../My Media/UCF Documents/DIG 4725/Game-Files/SuperSpaceArmada/Content/Mannequin/Animations/ThirdPerson_Jump.uasset' has been saved with empty engine version. The asset will be loaded but may be incompatible.
[2015.09.19-21.08.52:568][317]LogLinker:Warning: Asset '../../../../../../../My Media/UCF Documents/DIG 4725/Game-Files/SuperSpaceArmada/Content/Mannequin/Animations/ThirdPersonJump_Loop.uasset' has been saved with empty engine version. The asset will be loaded but may be incompatible.
[2015.09.19-21.08.52:569][317]LogLinker:Warning: Asset '../../../../../../../My Media/UCF Documents/DIG 4725/Game-Files/SuperSpaceArmada/Content/Mannequin/Animations/ThirdPersonJump_Start.uasset' has been saved with empty engine version. The asset will be loaded but may be incompatible.
[2015.09.19-21.08.52:570][317]LogLinker:Warning: Asset '../../../../../../../My Media/UCF Documents/DIG 4725/Game-Files/SuperSpaceArmada/Content/Mannequin/Animations/ThirdPerson_IdleRun_2D.uasset' has been saved with empty engine version. The asset will be loaded but may be incompatible.
[2015.09.19-21.08.52:570][317]LogLinker:Warning: Asset '../../../../../../../My Media/UCF Documents/DIG 4725/Game-Files/SuperSpaceArmada/Content/Mannequin/Animations/ThirdPersonIdle.uasset' has been saved with empty engine version. The asset will be loaded but may be incompatible.
[2015.09.19-21.08.52:571][317]LogLinker:Warning: Asset '../../../../../../../My Media/UCF Documents/DIG 4725/Game-Files/SuperSpaceArmada/Content/Mannequin/Animations/ThirdPersonRun.uasset' has been saved with empty engine version. The asset will be loaded but may be incompatible.
[2015.09.19-21.08.52:572][317]LogLinker:Warning: Asset '../../../../../../../My Media/UCF Documents/DIG 4725/Game-Files/SuperSpaceArmada/Content/Mannequin/Animations/ThirdPersonWalk.uasset' has been saved with empty engine version. The asset will be loaded but may be incompatible.
[2015.09.19-21.08.53:289][317]LogTexture:Display: Building textures: HQ_Lightmap0_1 (AutoDXT)
[2015.09.19-21.08.53:366][317]LogTexture:Display: Building textures: HQ_Lightmap0_2 (AutoDXT)
[2015.09.19-21.08.53:391][317]LogTexture:Display: Building textures: HQ_Lightmap0_3 (AutoDXT)
[2015.09.19-21.08.53:428][317]LogTexture:Display: Building textures: HQ_Lightmap0_4 (AutoDXT)
[2015.09.19-21.08.53:456][317]LogTexture:Display: Building textures: HQ_Lightmap0_5 (AutoDXT)
[2015.09.19-21.08.53:477][317]LogTexture:Display: Building textures: HQ_Lightmap1_6 (AutoDXT)
[2015.09.19-21.08.53:484][317]LogTexture:Display: Building textures: LQ_Lightmap_0_1 (DXT1)
[2015.09.19-21.08.53:525][317]LogTexture:Display: Building textures: LQ_Lightmap_0_2 (DXT1)
[2015.09.19-21.08.53:541][317]LogTexture:Display: Building textures: LQ_Lightmap_0_3 (DXT1)
[2015.09.19-21.08.53:559][317]LogTexture:Display: Building textures: LQ_Lightmap_0_4 (DXT1)
[2015.09.19-21.08.53:574][317]LogTexture:Display: Building textures: LQ_Lightmap_0_5 (DXT1)
[2015.09.19-21.08.53:587][317]LogTexture:Display: Building textures: LQ_Lightmap_1_6 (DXT1)
[2015.09.19-21.08.53:594][317]LogTexture:Display: Building textures: SkyOcclusion0_1 (AutoDXT)
[2015.09.19-21.08.53:640][317]LogTexture:Display: Building textures: SkyOcclusion0_2 (AutoDXT)
[2015.09.19-21.08.53:654][317]LogTexture:Display: Building textures: SkyOcclusion0_3 (AutoDXT)
[2015.09.19-21.08.53:670][317]LogTexture:Display: Building textures: SkyOcclusion0_4 (AutoDXT)
[2015.09.19-21.08.53:686][317]LogTexture:Display: Building textures: SkyOcclusion0_5 (AutoDXT)
[2015.09.19-21.08.53:700][317]LogTexture:Display: Building textures: SkyOcclusion0_6 (AutoDXT)
[2015.09.19-21.08.53:706][317]LogTexture:Display: Building textures: ShadowMapTexture2D_10 (G8)
[2015.09.19-21.08.53:709][317]LogTexture:Display: Building textures: ShadowMapTexture2D_11 (G8)
[2015.09.19-21.08.53:711][317]LogTexture:Display: Building textures: ShadowMapTexture2D_6 (G8)
[2015.09.19-21.08.53:723][317]LogTexture:Display: Building textures: ShadowMapTexture2D_7 (G8)
[2015.09.19-21.08.53:727][317]LogTexture:Display: Building textures: ShadowMapTexture2D_8 (G8)
[2015.09.19-21.08.53:731][317]LogTexture:Display: Building textures: ShadowMapTexture2D_9 (G8)
[2015.09.19-21.08.53:742][317]LogStaticMesh: Building static mesh humanShip...
[2015.09.19-21.08.53:869][317]LogStaticMesh: Built static mesh [0.126464.2s] /Game/Geometry/Meshes/humanShip.humanShip
[2015.09.19-21.08.53:879][317]LogStaticMesh: Building static mesh healthCrate...
[2015.09.19-21.08.53:885][317]LogStaticMesh: Built static mesh [0.005426.2s] /Game/Geometry/Meshes/healthCrate.healthCrate
[2015.09.19-21.08.53:887][317]LogStaticMesh: Building static mesh powerUpCratefbx...
[2015.09.19-21.08.53:893][317]LogStaticMesh: Built static mesh [0.005771.2s] /Game/Geometry/Meshes/powerUpCratefbx.powerUpCratefbx
[2015.09.19-21.08.54:018][317]LogMaterial: Missing cached shader map for material Mat_Sphere, compiling. 
[2015.09.19-21.08.54:081][317]LogTexture:Display: Building textures: T_FireSubUV_11X11_32 (AutoDXT)
[2015.09.19-21.08.54:393][317]LogMaterial: Missing cached shader map for material Mat_Fire, compiling. 
[2015.09.19-21.08.54:408][317]LogTexture:Display: Building textures: ThumbnailTexture (DXT1)
[2015.09.19-21.08.54:637][317]LogTexture:Display: Building textures: PowerUpCrateTex_Roughness (AutoDXT)
[2015.09.19-21.08.55:600][317]LogTexture:Display: Building textures: PowerUpCrateTex_Normal_DirectX (BC5)
[2015.09.19-21.08.56:055][317]LogTexture:Display: Building textures: PowerUpCrateTex_Metallic (AutoDXT)
[2015.09.19-21.08.56:655][317]LogTexture:Display: Building textures: PowerUpCrateTex_Base_Color (AutoDXT)
[2015.09.19-21.08.57:375][317]LogTexture:Display: Building textures: ThumbnailTexture (DXT1)
[2015.09.19-21.08.57:475][317]LogTexture:Display: Building textures: cockpitGlass_low_Base_Color (AutoDXT)
[2015.09.19-21.08.57:934][317]LogTexture:Display: Building textures: cockpitGlass_low_Metallic (AutoDXT)
[2015.09.19-21.08.58:415][317]LogTexture:Display: Building textures: cockpitGlass_low_Normal_DirectX (BC5)
[2015.09.19-21.08.58:693][317]LogTexture:Display: Building textures: cockpitGlass_low_Roughness (AutoDXT)
[2015.09.19-21.08.58:952][317]LogMaterial: Missing cached shader map for material cockpitGlass_low, compiling. 
[2015.09.19-21.08.59:032][317]LogTexture:Display: Building textures: guns_low_Base_Color (AutoDXT)
[2015.09.19-21.08.59:599][317]LogTexture:Display: Building textures: guns_low_Ambient_occlusion (AutoDXT)
[2015.09.19-21.09.00:187][317]LogTexture:Display: Building textures: guns_low_Metallic (AutoDXT)
[2015.09.19-21.09.00:768][317]LogTexture:Display: Building textures: guns_low_Roughness (AutoDXT)
[2015.09.19-21.09.01:439][317]LogTexture:Display: Building textures: guns_low_Normal_DirectX (BC5)
[2015.09.19-21.09.01:831][317]LogTexture:Display: Building textures: humanShip_emissionmaskGuns (AutoDXT)
[2015.09.19-21.09.02:059][317]LogMaterial: Missing cached shader map for material guns_low, compiling. 
[2015.09.19-21.09.02:151][317]LogTexture:Display: Building textures: mainShip_low_Base_Color (AutoDXT)
[2015.09.19-21.09.04:858][317]LogTexture:Display: Building textures: mainShip_low_Metallic (AutoDXT)
[2015.09.19-21.09.05:456][317]LogTexture:Display: Building textures: mainShip_low_Specular (AutoDXT)
[2015.09.19-21.09.07:553][317]LogTexture:Display: Building textures: mainShip_low_Roughness (AutoDXT)
[2015.09.19-21.09.08:379][317]LogTexture:Display: Building textures: mainShip_low_Normal_DirectX (BC5)
[2015.09.19-21.09.08:670][317]LogTexture:Display: Building textures: mainShip_low_Ambient_occlusion (AutoDXT)
[2015.09.19-21.09.09:075][317]LogTexture:Display: Building textures: humanShip_emissionmask (AutoDXT)
[2015.09.19-21.09.09:302][317]LogTexture:Display: Building textures: emissioncolor (AutoDXT)
[2015.09.19-21.09.09:507][317]LogMaterial: Missing cached shader map for material mainShip_low, compiling. 
[2015.09.19-21.09.09:869][317]LogTexture:Display: Building textures: HealthCrateTex_Normal_DirectX (BC5)
[2015.09.19-21.09.10:345][317]LogTexture:Display: Building textures: HealthCrateTex_Metallic (AutoDXT)
[2015.09.19-21.09.11:088][317]LogTexture:Display: Building textures: HeatlhCrateTex_Base_Color (AutoDXT)
[2015.09.19-21.09.11:919][317]LogTexture:Display: Building textures: HealthCrateTex_Specular (AutoDXT)
[2015.09.19-21.09.12:519][317]LogTexture:Display: Building textures: HealthCrateTex_Roughness (AutoDXT)
[2015.09.19-21.09.13:040][317]LogTexture:Display: Building textures: PowerUpCrateTex_Ambient_occlusion (AutoDXT)
[2015.09.19-21.09.13:441][317]LogTexture:Display: Building textures: PowerUpCrateHealth_emissive (AutoDXT)
[2015.09.19-21.09.13:641][317]LogMaterial: Missing cached shader map for material HealthCrateTex, compiling. 
[2015.09.19-21.09.13:696][317]LogTexture:Display: Building textures: PowerUpCrate_emissive (AutoDXT)
[2015.09.19-21.09.13:980][317]LogTexture:Display: Building textures: PowerUpCrateTraditional_emissive (AutoDXT)
[2015.09.19-21.09.14:271][317]LogTexture:Display: Building textures: PowerUpCrateTex_Specular (AutoDXT)
[2015.09.19-21.09.14:773][317]LogMaterial: Missing cached shader map for material PowerUpCrateTex, compiling. 
[2015.09.19-21.09.14:779][317]LogAIModule: Creating AISystem for world PrototypeLevel
[2015.09.19-21.09.14:914][317]Cmd: MAP LOAD FILE="../../../../../../../My Media/UCF Documents/DIG 4725/Game-Files/SuperSpaceArmada/Content/SSA/Maps/PrototypeLevel.umap" TEMPLATE=0 SHOWPROGRESS=1 FEATURELEVEL=3
[2015.09.19-21.09.14:914][317]LightingResults: New page: Lighting Build
[2015.09.19-21.09.14:915][317]LogContentBrowser: Native class hierarchy updated for 'StatsViewer' in 0.0002 seconds. Added 5 classes and 0 folders.
[2015.09.19-21.09.14:930][317]LoadErrors: New page: Loading map: PrototypeLevel.umap
[2015.09.19-21.09.14:930][317]MapCheck: New page: Map Check
[2015.09.19-21.09.14:930][317]LightingResults: New page: Lighting Build
[2015.09.19-21.09.14:939][317]LogParticles: Destroying 0 GPU particle simulations for FXSystem 0x000000AAB9D72160
[2015.09.19-21.09.14:991][317]LogEditorServer: Finished looking for orphan Actors (0.000 secs)
[2015.09.19-21.09.15:044][317]Cmd: MAP CHECKDEP NOCLEARLOG
[2015.09.19-21.09.15:090][317]MapCheck: Info Map check complete: 0 Error(s), 0 Warning(s), took 45.439ms to complete.
[2015.09.19-21.09.15:090][317]LogFileHelpers: Loading map 'PrototypeLevel' took 0.178
[2015.09.19-21.10.02:017][906]LogEditorViewport: Clicking on Actor (LMB): StaticMeshActor (healthCrate)
[2015.09.19-21.10.02:529][938]LogEditorViewport: Clicking on Actor (LMB): StaticMeshActor (healthCrate)
[2015.09.19-21.10.06:316][391]LogEditorViewport: Clicking on Actor (LMB): StaticMeshActor (powerUpCratefbx)
[2015.09.19-21.10.19:664][979]LogEditorViewport: Clicking on Actor (LMB): StaticMeshActor (Floor)
[2015.09.19-21.10.21:092][147]LogEditorViewport: Clicking on Actor (LMB): StaticMeshActor (powerUpCratefbx)
[2015.09.19-21.10.38:802][250]LogEditorViewport: Clicking on Actor (LMB): Debris_collider_C (Debris_collider)
[2015.09.19-21.10.50:119][597]LogLinker:Warning: Asset '../../../Engine/Content/ArtTools/RenderToTexture/Macros/RenderToTextureMacros.uasset' has been saved with empty engine version. The asset will be loaded but may be incompatible.
[2015.09.19-21.10.50:506][597]LogContentBrowser: Native class hierarchy updated for 'BlueprintGraph' in 0.0005 seconds. Added 107 classes and 0 folders.
[2015.09.19-21.12.57:962][235]BlueprintLog: New page: Compile Debris_collider
[2015.09.19-21.12.58:043][235]BlueprintEditorCompileResults: Info [0260.58] Compile of Debris_collider successful! [in 80 ms]
[2015.09.19-21.13.34:232][541]LogEditorViewport: Clicking on Actor (LMB): StaticMeshActor (Floor)
[2015.09.19-21.13.34:717][594]LogEditorViewport: Clicking on Actor (LMB): StaticMeshActor (healthCrate)
[2015.09.19-21.13.55:971][862]LogMetaData: Removing '/Game/SSA/Blueprints/Objects/Debris_collider.Debris_collider:UserConstructionScript.K2Node_FunctionEntry_87' ref from Metadata '/Game/SSA/Blueprints/Debris/Debris_collider.PackageMetaData'
[2015.09.19-21.13.55:971][862]LogMetaData: Removing '/Game/SSA/Blueprints/Objects/Debris_collider.Debris_collider:Debris Collision func.K2Node_FunctionEntry_88' ref from Metadata '/Game/SSA/Blueprints/Debris/Debris_collider.PackageMetaData'
[2015.09.19-21.13.55:971][862]LogMetaData: Removing '/Game/SSA/Blueprints/Objects/Debris_collider.Debris_collider_C' ref from Metadata '/Game/SSA/Blueprints/Debris/Debris_collider.PackageMetaData'
[2015.09.19-21.13.55:971][862]LogMetaData: Removing '/Game/SSA/Blueprints/Objects/Debris_collider.Debris_collider:EventGraph.K2Node_Event_156' ref from Metadata '/Game/SSA/Blueprints/Debris/Debris_collider.PackageMetaData'
[2015.09.19-21.13.55:971][862]LogMetaData: Removing '/Game/SSA/Blueprints/Objects/Debris_collider.Debris_collider:EventGraph.K2Node_Event_157' ref from Metadata '/Game/SSA/Blueprints/Debris/Debris_collider.PackageMetaData'
[2015.09.19-21.13.55:971][862]LogMetaData: Removing '/Game/SSA/Blueprints/Objects/Debris_collider.SKEL_Debris_collider_C' ref from Metadata '/Game/SSA/Blueprints/Debris/Debris_collider.PackageMetaData'
[2015.09.19-21.13.56:032][862]LogSavePackage: Save=31.004251ms
[2015.09.19-21.13.56:033][862]LogSavePackage: Moving '../../../../../../../My Media/UCF Documents/DIG 4725/Game-Files/SuperSpaceArmada/Saved/Debris_collider57587B014B0C449B77155AB9143C0126.tmp' to '../../../../../../../My Media/UCF Documents/DIG 4725/Game-Files/SuperSpaceArmada/Content/SSA/Blueprints/Objects/Debris_collider.uasset'
[2015.09.19-21.13.56:034][862]LogSavePackage: Total save time: 32.969292ms
[2015.09.19-21.13.56:034][862]LogSavePackage:Warning: Finished SavePackage ../../../../../../../My Media/UCF Documents/DIG 4725/Game-Files/SuperSpaceArmada/Content/SSA/Blueprints/Objects/Debris_collider.uasset
[2015.09.19-21.13.56:048][862]LogSavePackage: Save=3.317985ms
[2015.09.19-21.13.56:048][862]LogSavePackage: Moving '../../../../../../../My Media/UCF Documents/DIG 4725/Game-Files/SuperSpaceArmada/Saved/Debris_colliderCD3DAEA44B611510FE4994BE2E775FCF.tmp' to '../../../../../../../My Media/UCF Documents/DIG 4725/Game-Files/SuperSpaceArmada/Content/SSA/Blueprints/Debris/Debris_collider.uasset'
[2015.09.19-21.13.56:048][862]LogSavePackage: Total save time: 8.829642ms
[2015.09.19-21.13.56:048][862]LogSavePackage:Warning: Finished SavePackage ../../../../../../../My Media/UCF Documents/DIG 4725/Game-Files/SuperSpaceArmada/Content/SSA/Blueprints/Debris/Debris_collider.uasset
[2015.09.19-21.14.08:145][536]LogEditorViewport: Clicking on Actor (LMB): StaticMeshActor (healthCrate)
[2015.09.19-21.14.08:868][620]LogEditorViewport: Clicking on Actor (LMB): StaticMeshActor (healthCrate)
[2015.09.19-21.14.16:670][493]LogRenderer: Reallocating scene render targets to support 1540x940 (Frame:33451).
[2015.09.19-21.14.30:537][851]LogMetaData: Removing '/Game/SSA/Blueprints/Objects/healthCrate_Blueprint.healthCrate_Blueprint:UserConstructionScript.K2Node_FunctionEntry_116' ref from Metadata '/Game/healthCrate_Blueprint.PackageMetaData'
[2015.09.19-21.14.30:537][851]LogMetaData: Removing '/Game/SSA/Blueprints/Objects/healthCrate_Blueprint.SKEL_healthCrate_Blueprint_C' ref from Metadata '/Game/healthCrate_Blueprint.PackageMetaData'
[2015.09.19-21.14.30:537][851]LogMetaData: Removing '/Game/SSA/Blueprints/Objects/healthCrate_Blueprint.healthCrate_Blueprint_C' ref from Metadata '/Game/healthCrate_Blueprint.PackageMetaData'
[2015.09.19-21.14.30:537][851]LogMetaData: Removing '/Game/SSA/Blueprints/Objects/healthCrate_Blueprint.healthCrate_Blueprint:EventGraph.K2Node_Event_181' ref from Metadata '/Game/healthCrate_Blueprint.PackageMetaData'
[2015.09.19-21.14.30:537][851]LogMetaData: Removing '/Game/SSA/Blueprints/Objects/healthCrate_Blueprint.healthCrate_Blueprint:EventGraph.K2Node_Event_182' ref from Metadata '/Game/healthCrate_Blueprint.PackageMetaData'
[2015.09.19-21.14.30:537][851]LogMetaData: Removing '/Game/SSA/Blueprints/Objects/healthCrate_Blueprint.healthCrate_Blueprint:EventGraph.K2Node_Event_183' ref from Metadata '/Game/healthCrate_Blueprint.PackageMetaData'
[2015.09.19-21.14.30:583][851]LogSavePackage: Save=13.605472ms
[2015.09.19-21.14.30:583][851]LogSavePackage: Moving '../../../../../../../My Media/UCF Documents/DIG 4725/Game-Files/SuperSpaceArmada/Saved/healthCrate_BlueprintEC5E9E1D466172F1AC181BB57C5140B8.tmp' to '../../../../../../../My Media/UCF Documents/DIG 4725/Game-Files/SuperSpaceArmada/Content/SSA/Blueprints/Objects/healthCrate_Blueprint.uasset'
[2015.09.19-21.14.30:583][851]LogSavePackage: Total save time: 14.652237ms
[2015.09.19-21.14.30:583][851]LogSavePackage:Warning: Finished SavePackage ../../../../../../../My Media/UCF Documents/DIG 4725/Game-Files/SuperSpaceArmada/Content/SSA/Blueprints/Objects/healthCrate_Blueprint.uasset
[2015.09.19-21.14.50:143][293]LogMetaData: Removing '/Game/SSA/Blueprints/Objects/Health_Crate.Health_Crate_C' ref from Metadata '/Game/SSA/Blueprints/Objects/healthCrate_Blueprint.PackageMetaData'
[2015.09.19-21.14.50:143][293]LogMetaData: Removing '/Game/SSA/Blueprints/Objects/Health_Crate.SKEL_Health_Crate_C' ref from Metadata '/Game/SSA/Blueprints/Objects/healthCrate_Blueprint.PackageMetaData'
[2015.09.19-21.14.50:143][293]LogMetaData: Removing '/Game/SSA/Blueprints/Objects/Health_Crate.Health_Crate:UserConstructionScript.K2Node_FunctionEntry_116' ref from Metadata '/Game/SSA/Blueprints/Objects/healthCrate_Blueprint.PackageMetaData'
[2015.09.19-21.14.50:143][293]LogMetaData: Removing '/Game/SSA/Blueprints/Objects/Health_Crate.Health_Crate:EventGraph.K2Node_Event_181' ref from Metadata '/Game/SSA/Blueprints/Objects/healthCrate_Blueprint.PackageMetaData'
[2015.09.19-21.14.50:144][293]LogMetaData: Removing '/Game/SSA/Blueprints/Objects/Health_Crate.Health_Crate:EventGraph.K2Node_Event_182' ref from Metadata '/Game/SSA/Blueprints/Objects/healthCrate_Blueprint.PackageMetaData'
[2015.09.19-21.14.50:144][293]LogMetaData: Removing '/Game/SSA/Blueprints/Objects/Health_Crate.Health_Crate:EventGraph.K2Node_Event_183' ref from Metadata '/Game/SSA/Blueprints/Objects/healthCrate_Blueprint.PackageMetaData'
[2015.09.19-21.14.50:198][293]LogSavePackage: Save=13.662189ms
[2015.09.19-21.14.50:198][293]LogSavePackage: Moving '../../../../../../../My Media/UCF Documents/DIG 4725/Game-Files/SuperSpaceArmada/Saved/Health_CrateBBC817A74DB7F131273FDDAB3CD7F648.tmp' to '../../../../../../../My Media/UCF Documents/DIG 4725/Game-Files/SuperSpaceArmada/Content/SSA/Blueprints/Objects/Health_Crate.uasset'
[2015.09.19-21.14.50:199][293]LogSavePackage: Total save time: 14.682103ms
[2015.09.19-21.14.50:199][293]LogSavePackage:Warning: Finished SavePackage ../../../../../../../My Media/UCF Documents/DIG 4725/Game-Files/SuperSpaceArmada/Content/SSA/Blueprints/Objects/Health_Crate.uasset
[2015.09.19-21.15.12:112][429]LogUObjectHash:Warning: Ambiguous search, could be K2Node_Event /Game/SSA/Blueprints/Objects/Debris_collider.Debris_collider:EventGraph.K2Node_Event_179 or K2Node_Event /Game/SSA/Blueprints/Objects/Health_Crate.Health_Crate:EventGraph.K2Node_Event_179
[2015.09.19-21.15.12:112][429]LogProperty:Warning: Illegal TEXT reference to a private object in external package (EdGraphPin /Game/SSA/Blueprints/Objects/Debris_collider.Debris_collider:EventGraph.K2Node_Event_179.EdGraphPin_8177) from referencer (EdGraphPin /Game/SSA/Blueprints/Objects/Health_Crate.Health_Crate:EventGraph.K2Node_CallFunction_2473.EdGraphPin_7931).  Import failed...
[2015.09.19-21.15.12:112][429]LogProperty:Warning: ObjectProperty /Script/Engine.EdGraphPin:LinkedTo.LinkedTo: unresolved reference to 'EdGraphPin'K2Node_Event_179.EdGraphPin_8177''
[2015.09.19-21.15.12:112][429]LogUObjectHash:Warning: Ambiguous search, could be K2Node_Event /Game/SSA/Blueprints/Objects/Debris_collider.Debris_collider:EventGraph.K2Node_Event_179 or K2Node_Event /Game/SSA/Blueprints/Objects/Health_Crate.Health_Crate:EventGraph.K2Node_Event_179
[2015.09.19-21.15.12:112][429]LogProperty:Warning: Illegal TEXT reference to a private object in external package (EdGraphPin /Game/SSA/Blueprints/Objects/Debris_collider.Debris_collider:EventGraph.K2Node_Event_179.EdGraphPin_8179) from referencer (EdGraphPin /Game/SSA/Blueprints/Objects/Health_Crate.Health_Crate:EventGraph.K2Node_CallFunction_2473.EdGraphPin_7934).  Import failed...
[2015.09.19-21.15.12:112][429]LogProperty:Warning: ObjectProperty /Script/Engine.EdGraphPin:LinkedTo.LinkedTo: unresolved reference to 'EdGraphPin'K2Node_Event_179.EdGraphPin_8179''
[2015.09.19-21.15.12:113][429]LogUObjectHash:Warning: Ambiguous search, could be K2Node_CallFunction /Game/SSA/Blueprints/Objects/Debris_collider.Debris_collider:EventGraph.K2Node_CallFunction_2473 or K2Node_CallFunction /Engine/Transient.PROTO_BP_Blueprint_0:UserConstructionScript.K2Node_CallFunction_2473
[2015.09.19-21.15.12:113][429]LogProperty:Warning: Illegal TEXT reference to a private object in external package (EdGraphPin /Game/SSA/Blueprints/Objects/Debris_collider.Debris_collider:EventGraph.K2Node_CallFunction_2473.EdGraphPin_7931) from referencer (EdGraphPin /Game/SSA/Blueprints/Objects/Health_Crate.Health_Crate:EventGraph.K2Node_Event_179.EdGraphPin_8177).  Import failed...
[2015.09.19-21.15.12:113][429]LogProperty:Warning: ObjectProperty /Script/Engine.EdGraphPin:LinkedTo.LinkedTo: unresolved reference to 'EdGraphPin'K2Node_CallFunction_2473.EdGraphPin_7931''
[2015.09.19-21.15.12:113][429]LogUObjectHash:Warning: Ambiguous search, could be K2Node_CallFunction /Game/SSA/Blueprints/Objects/Debris_collider.Debris_collider:EventGraph.K2Node_CallFunction_2473 or K2Node_CallFunction /Engine/Transient.PROTO_BP_Blueprint_0:UserConstructionScript.K2Node_CallFunction_2473
[2015.09.19-21.15.12:113][429]LogProperty:Warning: Illegal TEXT reference to a private object in external package (EdGraphPin /Game/SSA/Blueprints/Objects/Debris_collider.Debris_collider:EventGraph.K2Node_CallFunction_2473.EdGraphPin_7934) from referencer (EdGraphPin /Game/SSA/Blueprints/Objects/Health_Crate.Health_Crate:EventGraph.K2Node_Event_179.EdGraphPin_8179).  Import failed...
[2015.09.19-21.15.12:113][429]LogProperty:Warning: ObjectProperty /Script/Engine.EdGraphPin:LinkedTo.LinkedTo: unresolved reference to 'EdGraphPin'K2Node_CallFunction_2473.EdGraphPin_7934''
[2015.09.19-21.15.12:113][429]LogUObjectHash:Warning: Ambiguous search, could be K2Node_CallFunction /Game/SSA/Blueprints/EnemyBot.EnemyBot:EventGraph.K2Node_CallFunction_2643 or K2Node_CallFunction /Game/SSA/Blueprints/TopDownCharacter.TopDownCharacter:EventGraph.K2Node_CallFunction_2643
[2015.09.19-21.15.12:113][429]LogUObjectHash:Warning: Ambiguous search, could be K2Node_CallFunction /Game/SSA/Blueprints/EnemyBot.EnemyBot:EventGraph.K2Node_CallFunction_2643 or K2Node_CallFunction /Game/SSA/Blueprints/Objects/Debris_collider.Debris_collider:EventGraph.K2Node_CallFunction_2643
[2015.09.19-21.15.12:113][429]LogUObjectHash:Warning: Ambiguous search, could be K2Node_CallFunction /Game/SSA/Blueprints/EnemyBot.EnemyBot:EventGraph.K2Node_CallFunction_2643 or K2Node_CallFunction /Game/SSA/Blueprints/Objects/Health_Crate.Health_Crate:EventGraph.K2Node_CallFunction_2643
[2015.09.19-21.15.12:113][429]LogProperty:Warning: Illegal TEXT reference to a private object in external package (EdGraphPin /Game/SSA/Blueprints/Objects/Debris_collider.Debris_collider:EventGraph.K2Node_CallFunction_2643.EdGraphPin_8214) from referencer (EdGraphPin /Game/SSA/Blueprints/Objects/Health_Crate.Health_Crate:EventGraph.K2Node_CallFunction_2642.EdGraphPin_8207).  Import failed...
[2015.09.19-21.15.12:113][429]LogProperty:Warning: ObjectProperty /Script/Engine.EdGraphPin:LinkedTo.LinkedTo: unresolved reference to 'EdGraphPin'K2Node_CallFunction_2643.EdGraphPin_8214''
[2015.09.19-21.15.12:113][429]LogUObjectHash:Warning: Ambiguous search, could be K2Node_CallFunction /Game/SSA/Blueprints/Objects/Health_Crate.Health_Crate:EventGraph.K2Node_CallFunction_2644 or K2Node_CallFunction /Game/SSA/Blueprints/EnemyBot.EnemyBot:EventGraph.K2Node_CallFunction_2644
[2015.09.19-21.15.12:114][429]LogUObjectHash:Warning: Ambiguous search, could be K2Node_CallFunction /Game/SSA/Blueprints/Objects/Health_Crate.Health_Crate:EventGraph.K2Node_CallFunction_2644 or K2Node_CallFunction /Game/SSA/Blueprints/TopDownCharacter.TopDownCharacter:EventGraph.K2Node_CallFunction_2644
[2015.09.19-21.15.12:114][429]LogUObjectHash:Warning: Ambiguous search, could be K2Node_CallFunction /Game/SSA/Blueprints/Objects/Health_Crate.Health_Crate:EventGraph.K2Node_CallFunction_2644 or K2Node_CallFunction /Game/SSA/Blueprints/Objects/Debris_collider.Debris_collider:EventGraph.K2Node_CallFunction_2644
[2015.09.19-21.15.12:114][429]LogProperty:Warning: Illegal TEXT reference to a private object in external package (EdGraphPin /Game/SSA/Blueprints/Objects/Debris_collider.Debris_collider:EventGraph.K2Node_CallFunction_2644.EdGraphPin_8228) from referencer (EdGraphPin /Game/SSA/Blueprints/Objects/Health_Crate.Health_Crate:EventGraph.K2Node_CallFunction_2642.EdGraphPin_8207).  Import failed...
[2015.09.19-21.15.12:114][429]LogProperty:Warning: ObjectProperty /Script/Engine.EdGraphPin:LinkedTo.LinkedTo: unresolved reference to 'EdGraphPin'K2Node_CallFunction_2644.EdGraphPin_8228''
[2015.09.19-21.15.12:114][429]LogUObjectHash:Warning: Ambiguous search, could be K2Node_CommutativeAssociativeBinaryOperator /Game/SSA/Blueprints/Objects/Health_Crate.Health_Crate:EventGraph.K2Node_CommutativeAssociativeBinaryOperator_31 or K2Node_CommutativeAssociativeBinaryOperator /Game/SSA/Blueprints/EnemyBot.EnemyBot:EventGraph.K2Node_CommutativeAssociativeBinaryOperator_31
[2015.09.19-21.15.12:114][429]LogUObjectHash:Warning: Ambiguous search, could be K2Node_CommutativeAssociativeBinaryOperator /Game/SSA/Blueprints/Objects/Health_Crate.Health_Crate:EventGraph.K2Node_CommutativeAssociativeBinaryOperator_31 or K2Node_CommutativeAssociativeBinaryOperator /Game/SSA/Blueprints/TopDownCharacter.TopDownCharacter:EventGraph.K2Node_CommutativeAssociativeBinaryOperator_31
[2015.09.19-21.15.12:114][429]LogUObjectHash:Warning: Ambiguous search, could be K2Node_CommutativeAssociativeBinaryOperator /Game/SSA/Blueprints/Objects/Health_Crate.Health_Crate:EventGraph.K2Node_CommutativeAssociativeBinaryOperator_31 or K2Node_CommutativeAssociativeBinaryOperator /Game/SSA/Blueprints/Objects/Debris_collider.Debris_collider:EventGraph.K2Node_CommutativeAssociativeBinaryOperator_31
[2015.09.19-21.15.12:114][429]LogUObjectHash:Warning: Ambiguous search, could be K2Node_CommutativeAssociativeBinaryOperator /Game/SSA/Blueprints/Objects/Health_Crate.Health_Crate:EventGraph.K2Node_CommutativeAssociativeBinaryOperator_31 or K2Node_CommutativeAssociativeBinaryOperator /Engine/Transient.PROTO_BP_Blueprint_0:UserConstructionScript.K2Node_CommutativeAssociativeBinaryOperator_31
[2015.09.19-21.15.12:114][429]LogProperty:Warning: Illegal TEXT reference to a private object in external package (EdGraphPin /Game/SSA/Blueprints/Objects/Debris_collider.Debris_collider:EventGraph.K2Node_CommutativeAssociativeBinaryOperator_31.EdGraphPin_8251) from referencer (EdGraphPin /Game/SSA/Blueprints/Objects/Health_Crate.Health_Crate:EventGraph.K2Node_CallFunction_2643.EdGraphPin_8213).  Import failed...
[2015.09.19-21.15.12:114][429]LogProperty:Warning: ObjectProperty /Script/Engine.EdGraphPin:LinkedTo.LinkedTo: unresolved reference to 'EdGraphPin'K2Node_CommutativeAssociativeBinaryOperator_31.EdGraphPin_8251''
[2015.09.19-21.15.12:114][429]LogUObjectHash:Warning: Ambiguous search, could be K2Node_SpawnActorFromClass /Game/SSA/Blueprints/EnemyBot.EnemyBot:EventGraph.K2Node_SpawnActorFromClass_11 or K2Node_SpawnActorFromClass /Game/SSA/Blueprints/TopDownCharacter.TopDownCharacter:EventGraph.K2Node_SpawnActorFromClass_11
[2015.09.19-21.15.12:114][429]LogUObjectHash:Warning: Ambiguous search, could be K2Node_SpawnActorFromClass /Game/SSA/Blueprints/EnemyBot.EnemyBot:EventGraph.K2Node_SpawnActorFromClass_11 or K2Node_SpawnActorFromClass /Game/SSA/Blueprints/Objects/Debris_collider.Debris_collider:EventGraph.K2Node_SpawnActorFromClass_11
[2015.09.19-21.15.12:114][429]LogUObjectHash:Warning: Ambiguous search, could be K2Node_SpawnActorFromClass /Game/SSA/Blueprints/EnemyBot.EnemyBot:EventGraph.K2Node_SpawnActorFromClass_11 or K2Node_SpawnActorFromClass /Game/SSA/Blueprints/Objects/Health_Crate.Health_Crate:EventGraph.K2Node_SpawnActorFromClass_11
[2015.09.19-21.15.12:114][429]LogProperty:Warning: Illegal TEXT reference to a private object in external package (EdGraphPin /Game/SSA/Blueprints/Objects/Debris_collider.Debris_collider:EventGraph.K2Node_SpawnActorFromClass_11.EdGraphPin_8269) from referencer (EdGraphPin /Game/SSA/Blueprints/Objects/Health_Crate.Health_Crate:EventGraph.K2Node_CallFunction_2643.EdGraphPin_8216).  Import failed...
[2015.09.19-21.15.12:114][429]LogProperty:Warning: ObjectProperty /Script/Engine.EdGraphPin:LinkedTo.LinkedTo: unresolved reference to 'EdGraphPin'K2Node_SpawnActorFromClass_11.EdGraphPin_8269''
[2015.09.19-21.15.12:114][429]LogUObjectHash:Warning: Ambiguous search, could be K2Node_CallFunction /Game/SSA/Blueprints/Objects/Health_Crate.Health_Crate:EventGraph.K2Node_CallFunction_2645 or K2Node_CallFunction /Game/SSA/Blueprints/EnemyBot.EnemyBot:EventGraph.K2Node_CallFunction_2645
[2015.09.19-21.15.12:114][429]LogUObjectHash:Warning: Ambiguous search, could be K2Node_CallFunction /Game/SSA/Blueprints/Objects/Health_Crate.Health_Crate:EventGraph.K2Node_CallFunction_2645 or K2Node_CallFunction /Game/SSA/Blueprints/TopDownCharacter.TopDownCharacter:EventGraph.K2Node_CallFunction_2645
[2015.09.19-21.15.12:114][429]LogUObjectHash:Warning: Ambiguous search, could be K2Node_CallFunction /Game/SSA/Blueprints/Objects/Health_Crate.Health_Crate:EventGraph.K2Node_CallFunction_2645 or K2Node_CallFunction /Game/SSA/Blueprints/Objects/Debris_collider.Debris_collider:EventGraph.K2Node_CallFunction_2645
[2015.09.19-21.15.12:114][429]LogProperty:Warning: Illegal TEXT reference to a private object in external package (EdGraphPin /Game/SSA/Blueprints/Objects/Debris_collider.Debris_collider:EventGraph.K2Node_CallFunction_2645.EdGraphPin_8237) from referencer (EdGraphPin /Game/SSA/Blueprints/Objects/Health_Crate.Health_Crate:EventGraph.K2Node_CallFunction_2644.EdGraphPin_8229).  Import failed...
[2015.09.19-21.15.12:114][429]LogProperty:Warning: ObjectProperty /Script/Engine.EdGraphPin:LinkedTo.LinkedTo: unresolved reference to 'EdGraphPin'K2Node_CallFunction_2645.EdGraphPin_8237''
[2015.09.19-21.15.12:115][429]LogUObjectHash:Warning: Ambiguous search, could be K2Node_CommutativeAssociativeBinaryOperator /Game/SSA/Blueprints/Objects/Health_Crate.Health_Crate:EventGraph.K2Node_CommutativeAssociativeBinaryOperator_31 or K2Node_CommutativeAssociativeBinaryOperator /Game/SSA/Blueprints/EnemyBot.EnemyBot:EventGraph.K2Node_CommutativeAssociativeBinaryOperator_31
[2015.09.19-21.15.12:115][429]LogUObjectHash:Warning: Ambiguous search, could be K2Node_CommutativeAssociativeBinaryOperator /Game/SSA/Blueprints/Objects/Health_Crate.Health_Crate:EventGraph.K2Node_CommutativeAssociativeBinaryOperator_31 or K2Node_CommutativeAssociativeBinaryOperator /Game/SSA/Blueprints/TopDownCharacter.TopDownCharacter:EventGraph.K2Node_CommutativeAssociativeBinaryOperator_31
[2015.09.19-21.15.12:115][429]LogUObjectHash:Warning: Ambiguous search, could be K2Node_CommutativeAssociativeBinaryOperator /Game/SSA/Blueprints/Objects/Health_Crate.Health_Crate:EventGraph.K2Node_CommutativeAssociativeBinaryOperator_31 or K2Node_CommutativeAssociativeBinaryOperator /Game/SSA/Blueprints/Objects/Debris_collider.Debris_collider:EventGraph.K2Node_CommutativeAssociativeBinaryOperator_31
[2015.09.19-21.15.12:115][429]LogUObjectHash:Warning: Ambiguous search, could be K2Node_CommutativeAssociativeBinaryOperator /Game/SSA/Blueprints/Objects/Health_Crate.Health_Crate:EventGraph.K2Node_CommutativeAssociativeBinaryOperator_31 or K2Node_CommutativeAssociativeBinaryOperator /Engine/Transient.PROTO_BP_Blueprint_0:UserConstructionScript.K2Node_CommutativeAssociativeBinaryOperator_31
[2015.09.19-21.15.12:115][429]LogProperty:Warning: Illegal TEXT reference to a private object in external package (EdGraphPin /Game/SSA/Blueprints/Objects/Debris_collider.Debris_collider:EventGraph.K2Node_CommutativeAssociativeBinaryOperator_31.EdGraphPin_8249) from referencer (EdGraphPin /Game/SSA/Blueprints/Objects/Health_Crate.Health_Crate:EventGraph.K2Node_CallFunction_2645.EdGraphPin_8239).  Import failed...
[2015.09.19-21.15.12:115][429]LogProperty:Warning: ObjectProperty /Script/Engine.EdGraphPin:LinkedTo.LinkedTo: unresolved reference to 'EdGraphPin'K2Node_CommutativeAssociativeBinaryOperator_31.EdGraphPin_8249''
[2015.09.19-21.15.12:115][429]LogUObjectHash:Warning: Ambiguous search, could be K2Node_CallFunction /Game/SSA/Blueprints/EnemyBot.EnemyBot:EventGraph.K2Node_CallFunction_2646 or K2Node_CallFunction /Game/SSA/Blueprints/TopDownCharacter.TopDownCharacter:EventGraph.K2Node_CallFunction_2646
[2015.09.19-21.15.12:115][429]LogUObjectHash:Warning: Ambiguous search, could be K2Node_CallFunction /Game/SSA/Blueprints/EnemyBot.EnemyBot:EventGraph.K2Node_CallFunction_2646 or K2Node_CallFunction /Game/SSA/Blueprints/Objects/Debris_collider.Debris_collider:EventGraph.K2Node_CallFunction_2646
[2015.09.19-21.15.12:115][429]LogUObjectHash:Warning: Ambiguous search, could be K2Node_CallFunction /Game/SSA/Blueprints/EnemyBot.EnemyBot:EventGraph.K2Node_CallFunction_2646 or K2Node_CallFunction /Game/SSA/Blueprints/Objects/Health_Crate.Health_Crate:EventGraph.K2Node_CallFunction_2646
[2015.09.19-21.15.12:115][429]LogProperty:Warning: Illegal TEXT reference to a private object in external package (EdGraphPin /Game/SSA/Blueprints/Objects/Debris_collider.Debris_collider:EventGraph.K2Node_CallFunction_2646.EdGraphPin_8261) from referencer (EdGraphPin /Game/SSA/Blueprints/Objects/Health_Crate.Health_Crate:EventGraph.K2Node_CommutativeAssociativeBinaryOperator_31.EdGraphPin_8250).  Import failed...
[2015.09.19-21.15.12:115][429]LogProperty:Warning: ObjectProperty /Script/Engine.EdGraphPin:LinkedTo.LinkedTo: unresolved reference to 'EdGraphPin'K2Node_CallFunction_2646.EdGraphPin_8261''
[2015.09.19-21.15.12:115][429]LogUObjectHash:Warning: Ambiguous search, could be K2Node_CallFunction /Game/SSA/Blueprints/EnemyBot.EnemyBot:EventGraph.K2Node_CallFunction_2917 or K2Node_CallFunction /Game/SSA/Blueprints/Objects/Debris_collider.Debris_collider:EventGraph.K2Node_CallFunction_2917
[2015.09.19-21.15.12:115][429]LogUObjectHash:Warning: Ambiguous search, could be K2Node_CallFunction /Game/SSA/Blueprints/EnemyBot.EnemyBot:EventGraph.K2Node_CallFunction_2917 or K2Node_CallFunction /Game/SSA/Blueprints/Objects/Health_Crate.Health_Crate:EventGraph.K2Node_CallFunction_2917
[2015.09.19-21.15.12:115][429]LogProperty:Warning: Illegal TEXT reference to a private object in external package (EdGraphPin /Game/SSA/Blueprints/Objects/Debris_collider.Debris_collider:EventGraph.K2Node_CallFunction_2917.EdGraphPin_8291) from referencer (EdGraphPin /Game/SSA/Blueprints/Objects/Health_Crate.Health_Crate:EventGraph.K2Node_SpawnActorFromClass_11.EdGraphPin_26347).  Import failed...
[2015.09.19-21.15.12:115][429]LogProperty:Warning: ObjectProperty /Script/Engine.EdGraphPin:LinkedTo.LinkedTo: unresolved reference to 'EdGraphPin'K2Node_CallFunction_2917.EdGraphPin_8291''
[2015.09.19-21.15.12:117][429]LogWindows:Error: Windows GetLastError: The operation completed successfully. (0)
[2015.09.19-21.15.12:486][429]LogCrashTracker: 


[2015.09.19-21.15.12:486][429]LogCrashTracker: 


[2015.09.19-21.15.12:486][429]LogWindows: === Critical error: ===
Fatal error: [File:D:\BuildFarm\buildmachine_++depot+UE4-Releases+4.9\Engine\Source\Runtime\CoreUObject\Private\Templates\Casts.cpp] [Line: 11] 
Cast of ObjectRedirector /Game/SSA/Blueprints/Debris/Debris_collider.Debris_collider_C to Class failed




[2015.09.19-21.15.12:573][429]LogExit: Executing StaticShutdownAfterError
[2015.09.19-21.15.12:576][429]LogPhysics:Warning: PHYSX: ..\..\PhysX\src\NpScene.cpp (2946) 8 : PxScene::unlockWrite() called without matching call to PxScene::lockWrite(), behaviour will be undefined.
[2015.09.19-21.15.12:576][429]LogPhysics:Warning: PHYSX: ..\..\PhysX\src\NpScene.cpp (2946) 8 : PxScene::unlockWrite() called without matching call to PxScene::lockWrite(), behaviour will be undefined.
[2015.09.19-21.15.12:576][429]LogPhysics:Warning: PHYSX: ..\..\PhysX\src\NpScene.cpp (2946) 8 : PxScene::unlockWrite() called without matching call to PxScene::lockWrite(), behaviour will be undefined.
[2015.09.19-21.15.12:577][429]LogPhysics:Warning: PHYSX: ..\..\PhysX\src\NpScene.cpp (2946) 8 : PxScene::unlockWrite() called without matching call to PxScene::lockWrite(), behaviour will be undefined.
[2015.09.19-21.15.12:577][429]LogPhysics:Warning: PHYSX: ..\..\PhysX\src\NpScene.cpp (2946) 8 : PxScene::unlockWrite() called without matching call to PxScene::lockWrite(), behaviour will be undefined.
[2015.09.19-21.15.12:577][429]LogPhysics:Warning: PHYSX: ..\..\PhysX\src\NpScene.cpp (2946) 8 : PxScene::unlockWrite() called without matching call to PxScene::lockWrite(), behaviour will be undefined.
[2015.09.19-21.15.12:577][429]LogWindows: FPlatformMisc::RequestExit(1)
[2015.09.19-21.15.12:577][429]Log file closed, 09/19/15 17:15:12
