[2015.09.22-01.21.54:344][  0]Log file open, 09/21/15 21:21:54
[2015.09.22-01.21.54:344][  0]LogInit:Display: Running engine for game: SuperSpaceArmada
[2015.09.22-01.21.54:344][  0]LogInit:Display: RandInit(281329615) SRandInit(281329615).
[2015.09.22-01.21.54:344][  0]LogTaskGraph: Started task graph with 4 named threads and 7 total threads.
[2015.09.22-01.21.54:344][  0]LogStats: Stats thread started at 0.144608
[2015.09.22-01.21.54:344][  0]LogExit: Preparing to exit.
[2015.09.22-01.21.54:345][  0]LogModuleManager: Shutting down and abandoning module TextureCompressor (14)
[2015.09.22-01.21.54:345][  0]LogModuleManager: Shutting down and abandoning module ShaderCore (13)
[2015.09.22-01.21.54:345][  0]LogModuleManager: Shutting down and abandoning module Landscape (12)
[2015.09.22-01.21.54:345][  0]LogModuleManager: Shutting down and abandoning module SlateRHIRenderer (11)
[2015.09.22-01.21.54:345][  0]LogModuleManager: Shutting down and abandoning module OpenGLDrv (10)
[2015.09.22-01.21.54:345][  0]LogModuleManager: Shutting down and abandoning module D3D11RHI (9)
[2015.09.22-01.21.54:345][  0]LogModuleManager: Shutting down and abandoning module AnimGraphRuntime (8)
[2015.09.22-01.21.54:345][  0]LogModuleManager: Shutting down and abandoning module Renderer (7)
[2015.09.22-01.21.54:345][  0]LogModuleManager: Shutting down and abandoning module Engine (6)
[2015.09.22-01.21.54:345][  0]LogModuleManager: Shutting down and abandoning module CoreUObject (5)
[2015.09.22-01.21.54:345][  0]LogModuleManager: Shutting down and abandoning module NetworkFile (4)
[2015.09.22-01.21.54:345][  0]LogModuleManager: Shutting down and abandoning module StreamingFile (3)
[2015.09.22-01.21.54:345][  0]LogModuleManager: Shutting down and abandoning module SandboxFile (2)
[2015.09.22-01.21.54:345][  0]LogModuleManager: Shutting down and abandoning module PakFile (1)
[2015.09.22-01.21.54:345][  0]LogExit: Exiting.
[2015.09.22-01.21.54:346][  0]Log file closed, 09/21/15 21:21:54
