[2015.12.14-13.25.44:956][  0]Log file open, 12/14/15 08:25:44
[2015.12.14-13.25.44:956][  0]LogInit:Display: Running engine for game: SuperSpaceArmada
[2015.12.14-13.25.44:956][  0]LogInit:Display: RandInit(1656019421) SRandInit(1656019421).
[2015.12.14-13.25.44:956][  0]LogTaskGraph: Started task graph with 4 named threads and 5 total threads.
[2015.12.14-13.25.44:956][  0]LogStats: Stats thread started at 0.072377
[2015.12.14-13.25.44:956][  0]LogInit: Version: 4.9.1-2689999+++depot+UE4-Releases+4.9
[2015.12.14-13.25.44:956][  0]LogInit: API Version: 2672455
[2015.12.14-13.25.44:956][  0]LogInit: Compiled (64-bit): Sep 14 2015 04:12:03
[2015.12.14-13.25.44:956][  0]LogInit: Compiled with Visual C++: 18.00.21005.01
[2015.12.14-13.25.44:956][  0]LogInit: Build Configuration: Development
[2015.12.14-13.25.44:956][  0]LogInit: Branch Name: ++depot+UE4-Releases+4.9
[2015.12.14-13.25.44:956][  0]LogInit: Command line:  
[2015.12.14-13.25.44:957][  0]LogInit: Base directory: C:/Program Files/Epic Games/4.9/Engine/Binaries/Win64/
[2015.12.14-13.25.44:957][  0]LogInit: Rocket: 1
[2015.12.14-13.25.44:994][  0]LogInit: Using libcurl 7.41.0
[2015.12.14-13.25.44:994][  0]LogInit:  - built for x86_64-pc-win32
[2015.12.14-13.25.44:994][  0]LogInit:  - supports SSL with WinSSL
[2015.12.14-13.25.44:994][  0]LogInit:  - other features:
[2015.12.14-13.25.44:994][  0]LogInit:      CURL_VERSION_SSL
[2015.12.14-13.25.44:994][  0]LogInit:      CURL_VERSION_IPV6
[2015.12.14-13.25.44:994][  0]LogInit:      CURL_VERSION_ASYNCHDNS
[2015.12.14-13.25.44:994][  0]LogInit:      CURL_VERSION_LARGEFILE
[2015.12.14-13.25.44:994][  0]LogInit:      CURL_VERSION_IDN
[2015.12.14-13.25.44:994][  0]LogInit:  CurlRequestOptions (configurable via config and command line):
[2015.12.14-13.25.44:994][  0]LogInit:  - bVerifyPeer = true  - Libcurl will verify peer certificate
[2015.12.14-13.25.44:994][  0]LogInit:  - bUseHttpProxy = false  - Libcurl will NOT use HTTP proxy
[2015.12.14-13.25.44:994][  0]LogInit:  - bDontReuseConnections = false  - Libcurl will reuse connections
[2015.12.14-13.25.44:994][  0]LogInit:  - CertBundlePath = nullptr  - Libcurl will use whatever was configured at build time.
[2015.12.14-13.25.45:008][  0]LogInit: Presizing for 0 objects not considered by GC, pre-allocating 0 bytes.
[2015.12.14-13.25.45:016][  0]LogInit: Object subsystem initialized
[2015.12.14-13.25.45:018][  0]LogInit: Selected Device Profile: [Windows]
[2015.12.14-13.25.45:018][  0]LogInit: Applying CVar settings loaded from the selected device profile: [Windows]
[2015.12.14-13.25.45:026][  0]LogInit: Computer: PERSONAL-PC
[2015.12.14-13.25.45:026][  0]LogInit: User: MEnrique
[2015.12.14-13.25.45:026][  0]LogInit: CPU Page size=4096, Cores=2
[2015.12.14-13.25.45:026][  0]LogInit: High frequency timer resolution =2.338338 MHz
[2015.12.14-13.25.45:026][  0]LogMemory: Memory total: Physical=15.9GB (16GB approx)
[2015.12.14-13.25.45:026][  0]LogMemory: Platform Memory Stats for Windows
[2015.12.14-13.25.45:026][  0]LogMemory: Process Physical Memory: 54.76 MB used, 54.76 MB peak
[2015.12.14-13.25.45:026][  0]LogMemory: Process Virtual Memory: 56.26 MB used, 56.26 MB peak
[2015.12.14-13.25.45:026][  0]LogMemory: Physical Memory: 3590.91 MB used, 16299.39 MB total
[2015.12.14-13.25.45:026][  0]LogMemory: Virtual Memory: 351.72 MB used, 134217728.00 MB total
[2015.12.14-13.25.45:128][  0]LogTextLocalizationManager: No specific translations for ('en-US') exist, so ('en') translations will be used.
[2015.12.14-13.25.46:132][  0]LogD3D11RHI: Found D3D11 adapter 0: NVIDIA GeForce 940M          (Feature Level 11_0)
[2015.12.14-13.25.46:132][  0]LogD3D11RHI: Adapter has 1972MB of dedicated video memory, 0MB of dedicated system memory, and 2048MB of shared system memory, 1 output[s]
[2015.12.14-13.25.46:159][  0]LogD3D11RHI: Found D3D11 adapter 1: Intel(R) HD Graphics 5500 (Feature Level 11_0)
[2015.12.14-13.25.46:159][  0]LogD3D11RHI: Adapter has 0MB of dedicated video memory, 0MB of dedicated system memory, and 3839MB of shared system memory, 0 output[s]
[2015.12.14-13.25.46:162][  0]LogD3D11RHI: Found D3D11 adapter 2: Microsoft Basic Render Driver (Feature Level 11_0)
[2015.12.14-13.25.46:162][  0]LogD3D11RHI: Adapter has 0MB of dedicated video memory, 0MB of dedicated system memory, and 256MB of shared system memory, 0 output[s]
[2015.12.14-13.25.46:162][  0]LogD3D11RHI: Chosen D3D11 Adapter Id = 0
[2015.12.14-13.25.46:166][  0]LogD3D11RHI: !Direct3DDevice
[2015.12.14-13.25.46:166][  0]LogRHI: Texture pool is 1361 MB (70% of 1945 MB)
[2015.12.14-13.25.46:177][  0]LogD3D11RHI: Async texture creation enabled
[2015.12.14-13.25.46:195][  0]LogShaderCompilers: Guid format shader working directory is 15 characters bigger than the processId version (../../../../../../Users/MEnrique/Documents/GitHub/Game-Files/SuperSpaceArmada/Intermediate/Shaders/WorkingDirectory/8876/).
[2015.12.14-13.25.46:195][  0]LogShaderCompilers: Cleaned the shader compiler working directory '../../../../../../Users/MEnrique/Documents/GitHub/Game-Files/SuperSpaceArmada/Intermediate/Shaders/tmp/7C50D014497431B00E80C4B1D545A0C3/'.
[2015.12.14-13.25.46:195][  0]LogShaderCompilers:Display: Using Local Shader Compiler.
[2015.12.14-13.25.47:642][  0]LogTemp:Display: Loaded TP AllDesktopTargetPlatform
[2015.12.14-13.25.47:660][  0]LogTemp:Display: Loaded TP WindowsClientTargetPlatform
[2015.12.14-13.25.47:668][  0]LogTemp:Display: Loaded TP WindowsNoEditorTargetPlatform
[2015.12.14-13.25.47:674][  0]LogTemp:Display: Loaded TP WindowsServerTargetPlatform
[2015.12.14-13.25.47:680][  0]LogTemp:Display: Loaded TP WindowsTargetPlatform
[2015.12.14-13.25.47:686][  0]LogTemp:Display: Loaded TP AndroidTargetPlatform
[2015.12.14-13.25.47:691][  0]LogTemp:Display: Loaded TP Android_ASTCTargetPlatform
[2015.12.14-13.25.47:704][  0]LogTemp:Display: Loaded TP Android_ATCTargetPlatform
[2015.12.14-13.25.47:709][  0]LogTemp:Display: Loaded TP Android_DXTTargetPlatform
[2015.12.14-13.25.47:716][  0]LogTemp:Display: Loaded TP Android_ETC1TargetPlatform
[2015.12.14-13.25.47:722][  0]LogTemp:Display: Loaded TP Android_ETC2TargetPlatform
[2015.12.14-13.25.47:737][  0]LogTemp:Display: Loaded TP Android_PVRTCTargetPlatform
[2015.12.14-13.25.47:751][  0]LogTemp:Display: Loaded TP HTML5TargetPlatform
[2015.12.14-13.25.47:784][  0]LogTemp:Display: Loaded TP IOSTargetPlatform
[2015.12.14-13.25.47:789][  0]LogTemp:Display: Loaded TP LinuxNoEditorTargetPlatform
[2015.12.14-13.25.47:805][  0]LogTemp:Display: Loaded TP LinuxServerTargetPlatform
[2015.12.14-13.25.47:811][  0]LogTemp:Display: Loaded TP LinuxTargetPlatform
[2015.12.14-13.25.47:811][  0]LogTargetPlatformManager:Display: Building Assets For Windows
[2015.12.14-13.25.47:982][  0]LogDerivedDataCache:Display: Max Cache Size: 512 MB
[2015.12.14-13.25.48:035][  0]LogDerivedDataCache: Loaded boot cache 0.05s 41MB C:/Users/MEnrique/AppData/Local/UnrealEngine/4.9/DerivedDataCache/Boot.ddc.
[2015.12.14-13.25.48:035][  0]LogDerivedDataCache:Display: Loaded Boot cache: C:/Users/MEnrique/AppData/Local/UnrealEngine/4.9/DerivedDataCache/Boot.ddc
[2015.12.14-13.25.48:035][  0]LogDerivedDataCache: FDerivedDataBackendGraph:  Pak pak cache file ../../../../../../Users/MEnrique/Documents/GitHub/Game-Files/SuperSpaceArmada/DerivedDataCache/DDC.ddp not found, will not use a pak cache.
[2015.12.14-13.25.48:035][  0]LogDerivedDataCache: Unable to find inner node Pak for hierarchical cache Hierarchy.
[2015.12.14-13.25.48:035][  0]LogDerivedDataCache: FDerivedDataBackendGraph:  CompressedPak pak cache file ../../../../../../Users/MEnrique/Documents/GitHub/Game-Files/SuperSpaceArmada/DerivedDataCache/Compressed.ddp not found, will not use a pak cache.
[2015.12.14-13.25.48:035][  0]LogDerivedDataCache: Unable to find inner node CompressedPak for hierarchical cache Hierarchy.
[2015.12.14-13.25.48:210][  0]LogDerivedDataCache:Display: Pak cache opened for reading ../../../Engine/DerivedDataCache/Compressed.ddp.
[2015.12.14-13.25.48:222][  0]LogDerivedDataCache: Using Local data cache path C:/Users/MEnrique/AppData/Local/UnrealEngine/Common/DerivedDataCache: Writable
[2015.12.14-13.25.48:429][  0]LogInit: Selected Device Profile: [Windows]
[2015.12.14-13.25.48:433][  0]LogContentStreaming: Texture pool size is 0.000000MB
[2015.12.14-13.25.48:570][  0]LogMeshUtilities: No automatic mesh reduction module available
[2015.12.14-13.25.48:570][  0]LogMeshUtilities: No automatic mesh merging module available
[2015.12.14-13.25.48:905][  0]LogInit: WinSock: version 1.1 (2.2), MaxSocks=32767, MaxUdp=65467
[2015.12.14-13.25.49:832][  0]LogAssetRegistry: FAssetRegistry took 0.0110 seconds to start up
[2015.12.14-13.25.49:849][  0]UdpMessaging: Initializing bridge on interface 0.0.0.0:0 to multicast group 230.0.0.1:6666.
[2015.12.14-13.25.50:292][  0]SourceControl: Info Source control is disabled
[2015.12.14-13.25.50:293][  0]SourceControl: Info Source control is disabled
[2015.12.14-13.25.50:330][  0]SourceControl: Info Source control is disabled
[2015.12.14-13.25.50:352][  0]SourceControl: Info Source control is disabled
[2015.12.14-13.25.50:708][  0]LogLinker:Warning: Asset '../../../Engine/Plugins/Runtime/LeapMotionController/Content/LM_PassthroughMaterial.uasset' has been saved with empty engine version. The asset will be loaded but may be incompatible.
[2015.12.14-13.25.50:846][  0]LogObj: 28528 objects as part of root set at end of initial load.
[2015.12.14-13.25.50:846][  0]LogUObjectAllocator: 6068464 out of 0 bytes used by permanent object pool.
[2015.12.14-13.25.50:936][  0]LogEngine: Initializing Engine...
[2015.12.14-13.25.50:940][  0]LogHMD: Can't find Oculus library dev build: is proper Runtime installed? Version: 0.7.0.0
[2015.12.14-13.25.50:942][  0]LogHMD: SteamVR failed to initialize.  Err: 110
[2015.12.14-13.25.51:115][  0]LogAIModule: Creating AISystem for world NewWorld
[2015.12.14-13.25.51:124][  0]LogInit: XAudio2 using 'Speaker/HP (Realtek High Definition Audio)' : 2 channels at 48 kHz using 32 bits per sample (channel mask 0x3)
[2015.12.14-13.25.51:134][  0]LogInit: FAudioDevice initialized.
[2015.12.14-13.25.51:157][  0]LogDerivedDataCache: Saved boot cache 0.02s 41MB C:/Users/MEnrique/AppData/Local/UnrealEngine/4.9/DerivedDataCache/Boot.ddc.
[2015.12.14-13.25.51:161][  0]LogInit: Texture streaming: Enabled
[2015.12.14-13.25.51:171][  0]LogAnalytics: Creating configured Analytics provider AnalyticsET
[2015.12.14-13.25.51:171][  0]LogAnalytics: [UEEditor.Rocket.Release] APIServer = http://et2.epicgames.com/ET2/. AppVersion = 4.9.1-2689999+++depot+UE4-Releases+4.9
[2015.12.14-13.25.51:171][  0]LogAnalytics: [UEEditor.Rocket.Release] SetUserId 90a4bcb3439f64e419d9378050b206b3|656f284bf5d54f8f9452234d119bf9d4|9a3458ae-8410-4c63-b423-f9054b45c157
[2015.12.14-13.25.51:171][  0]LogAnalytics: [UEEditor.Rocket.Release] AnalyticsET::StartSession
[2015.12.14-13.25.51:208][  0]LogInit: Transaction tracking system initialized
[2015.12.14-13.25.51:311][  0]BlueprintLog: New page: Editor Load
[2015.12.14-13.25.51:626][  0]LocalizationService: Info Localization service is disabled
[2015.12.14-13.25.51:801][  0]LogConsoleResponse:Display: 
[2015.12.14-13.25.52:084][  0]LogCook:Display: Done creating registry. It took  0.00s.
[2015.12.14-13.25.52:229][  0]LogFileCache: Scanning file cache for directory 'C:/Users/MEnrique/Documents/GitHub/Game-Files/SuperSpaceArmada/Content/' took 0.02s
[2015.12.14-13.25.52:229][  0]SourceControl: Info Source control is disabled
[2015.12.14-13.25.52:229][  0]Cmd: MAP LOAD FILE="../../../../../../Users/MEnrique/Documents/GitHub/Game-Files/SuperSpaceArmada/Content/SSA/Maps/Ship_Selection.umap" TEMPLATE=0 SHOWPROGRESS=1 FEATURELEVEL=3
[2015.12.14-13.25.52:230][  0]LightingResults: New page: Lighting Build
[2015.12.14-13.25.52:234][  0]MapCheck: New page: Map Check
[2015.12.14-13.25.52:234][  0]LightingResults: New page: Lighting Build
[2015.12.14-13.25.52:262][  0]LogParticles: Destroying 0 GPU particle simulations for FXSystem 0x00000054EC844400
[2015.12.14-13.25.52:975][  0]LogLinker:Warning: Asset '../../../../../../Users/MEnrique/Documents/GitHub/Game-Files/SuperSpaceArmada/Content/Mannequin/Animations/ThirdPerson_AnimBP.uasset' has been saved with empty engine version. The asset will be loaded but may be incompatible.
[2015.12.14-13.25.52:976][  0]LogLinker:Warning: Asset '../../../../../../Users/MEnrique/Documents/GitHub/Game-Files/SuperSpaceArmada/Content/Mannequin/Animations/ThirdPerson_Jump.uasset' has been saved with empty engine version. The asset will be loaded but may be incompatible.
[2015.12.14-13.25.52:978][  0]LogLinker:Warning: Asset '../../../../../../Users/MEnrique/Documents/GitHub/Game-Files/SuperSpaceArmada/Content/Mannequin/Animations/ThirdPersonJump_Loop.uasset' has been saved with empty engine version. The asset will be loaded but may be incompatible.
[2015.12.14-13.25.52:979][  0]LogLinker:Warning: Asset '../../../../../../Users/MEnrique/Documents/GitHub/Game-Files/SuperSpaceArmada/Content/Mannequin/Animations/ThirdPersonJump_Start.uasset' has been saved with empty engine version. The asset will be loaded but may be incompatible.
[2015.12.14-13.25.52:980][  0]LogLinker:Warning: Asset '../../../../../../Users/MEnrique/Documents/GitHub/Game-Files/SuperSpaceArmada/Content/Mannequin/Animations/ThirdPerson_IdleRun_2D.uasset' has been saved with empty engine version. The asset will be loaded but may be incompatible.
[2015.12.14-13.25.52:981][  0]LogLinker:Warning: Asset '../../../../../../Users/MEnrique/Documents/GitHub/Game-Files/SuperSpaceArmada/Content/Mannequin/Animations/ThirdPersonIdle.uasset' has been saved with empty engine version. The asset will be loaded but may be incompatible.
[2015.12.14-13.25.52:983][  0]LogLinker:Warning: Asset '../../../../../../Users/MEnrique/Documents/GitHub/Game-Files/SuperSpaceArmada/Content/Mannequin/Animations/ThirdPersonRun.uasset' has been saved with empty engine version. The asset will be loaded but may be incompatible.
[2015.12.14-13.25.52:984][  0]LogLinker:Warning: Asset '../../../../../../Users/MEnrique/Documents/GitHub/Game-Files/SuperSpaceArmada/Content/Mannequin/Animations/ThirdPersonWalk.uasset' has been saved with empty engine version. The asset will be loaded but may be incompatible.
[2015.12.14-13.26.02:571][  0]LogAIModule: Creating AISystem for world Ship_Selection
[2015.12.14-13.26.02:581][  0]LogEditorServer: Finished looking for orphan Actors (0.000 secs)
[2015.12.14-13.26.02:585][  0]Cmd: MAP CHECKDEP NOCLEARLOG
[2015.12.14-13.26.02:775][  0]MapCheck: Info Map check complete: 0 Error(s), 0 Warning(s), took 189.989ms to complete.
[2015.12.14-13.26.02:775][  0]LogFileHelpers: Loading map 'Ship_Selection' took 10.545
[2015.12.14-13.26.02:886][  0]LogCollectionManager: Loaded 0 collections in 0.002452 seconds
[2015.12.14-13.26.02:929][  0]LogFileCache: Scanning file cache for directory 'C:/Users/MEnrique/Documents/GitHub/Game-Files/SuperSpaceArmada/Saved/Collections/' took 0.01s
[2015.12.14-13.26.02:929][  0]LogFileCache: Scanning file cache for directory 'C:/Users/MEnrique/Documents/GitHub/Game-Files/SuperSpaceArmada/Content/Developers/MEnrique/Collections/' took 0.01s
[2015.12.14-13.26.02:929][  0]LogFileCache: Scanning file cache for directory 'C:/Users/MEnrique/Documents/GitHub/Game-Files/SuperSpaceArmada/Content/Collections/' took 0.01s
[2015.12.14-13.26.02:929][  0]LogContentBrowser: Native class hierarchy populated in 0.0079 seconds. Added 1882 classes and 339 folders.
[2015.12.14-13.26.02:934][  0]LogCollectionManager: Rebuilt the GUID cache for 0 collections in 0.000003 seconds
[2015.12.14-13.26.02:941][  0]LogContentBrowser: Native class hierarchy updated for 'WidgetCarousel' in 0.0003 seconds. Added 0 classes and 0 folders.
[2015.12.14-13.26.02:990][  0]LogContentBrowser: Native class hierarchy updated for 'AddContentDialog' in 0.0003 seconds. Added 0 classes and 0 folders.
[2015.12.14-13.26.03:000][  0]LogContentBrowser: Native class hierarchy updated for 'SceneOutliner' in 0.0004 seconds. Added 1 classes and 2 folders.
[2015.12.14-13.26.03:140][  0]LogCrashTracker: Crashtracker disabled due to settings.
[2015.12.14-13.26.03:149][  0]LogUObjectGlobals:Warning: Failed to find object 'Class None.'
[2015.12.14-13.26.03:172][  0]LogLoad: Full Startup: 18.88 seconds (BP compile: 3.63 seconds)
[2015.12.14-13.26.03:512][  0]LoadErrors:Error: Error /Game/SSA/Blueprints/Player : Failed import for Player_C /Game/SSA/Blueprints/Player/Player.Default__Player_C
[2015.12.14-13.26.03:571][  0]LogContentStreaming: Texture pool size now 400 MB
[2015.12.14-13.26.03:725][  0]LogRenderer: Reallocating scene render targets to support 1208x576 (Frame:2).
[2015.12.14-13.26.15:860][ 37]LogAssetRegistry: Asset discovery search completed in 26.0397 seconds
[2015.12.14-13.26.15:860][ 37]LogCollectionManager: Rebuilt the object cache for 0 collections in 0.000001 seconds (found 0 objects)
[2015.12.14-13.26.15:860][ 37]LogCollectionManager: Fixed up redirectors for 0 collections in 0.000044 seconds (updated 0 objects)
[2015.12.14-13.26.41:915][218]LogActorComponent: UnregisterComponent: (/Engine/Transient.CharMoveComp) Not registered. Aborting.
[2015.12.14-13.26.41:916][218]LogActorComponent: UnregisterComponent: (/Engine/Transient.CharacterMovementComponent_0) Not registered. Aborting.
[2015.12.14-13.26.41:916][218]LogActorComponent: UnregisterComponent: (/Engine/Transient.CharacterMovementComponent_1) Not registered. Aborting.
[2015.12.14-13.26.41:916][218]LogActorComponent: UnregisterComponent: (/Engine/Transient.CharacterMovementComponent_2) Not registered. Aborting.
[2015.12.14-13.26.41:916][218]LogActorComponent: UnregisterComponent: (/Engine/Transient.CharacterMovementComponent_3) Not registered. Aborting.
[2015.12.14-13.26.41:916][218]LogActorComponent: UnregisterComponent: (/Engine/Transient.CharacterMovementComponent_4) Not registered. Aborting.
[2015.12.14-13.26.41:916][218]LogActorComponent: UnregisterComponent: (/Engine/Transient.CharacterMovementComponent_5) Not registered. Aborting.
[2015.12.14-13.26.41:916][218]LogActorComponent: UnregisterComponent: (/Engine/Transient.CharacterMovementComponent_6) Not registered. Aborting.
[2015.12.14-13.26.41:917][218]LogActorComponent: UnregisterComponent: (/Engine/Transient.CharacterMovementComponent_7) Not registered. Aborting.
[2015.12.14-13.26.41:918][218]LogActorComponent: UnregisterComponent: (/Engine/Transient.CharacterMovementComponent_8) Not registered. Aborting.
[2015.12.14-13.26.41:918][218]LogActorComponent: UnregisterComponent: (/Engine/Transient.CharacterMovementComponent_9) Not registered. Aborting.
[2015.12.14-13.26.41:919][218]LogActorComponent: UnregisterComponent: (/Engine/Transient.CharacterMovementComponent_10) Not registered. Aborting.
[2015.12.14-13.26.41:920][218]LogActorComponent: UnregisterComponent: (/Engine/Transient.ProjectileMovement_GEN_VARIABLE) Not registered. Aborting.
[2015.12.14-13.26.41:920][218]LogActorComponent: UnregisterComponent: (/Engine/Transient.ProjectileMovementComponent_0) Not registered. Aborting.
[2015.12.14-13.26.41:920][218]LogActorComponent: UnregisterComponent: (/Engine/Transient.ProjectileMovementComponent_1) Not registered. Aborting.
[2015.12.14-13.26.41:920][218]LogActorComponent: UnregisterComponent: (/Engine/Transient.ProjectileMovementComponent_2) Not registered. Aborting.
[2015.12.14-13.26.42:503][218]LogSavePackage: Save=159.731400ms
[2015.12.14-13.26.42:503][218]LogSavePackage: Moving '../../../../../../Users/MEnrique/Documents/GitHub/Game-Files/SuperSpaceArmada/Saved/Ship_SelectionD8E40EE045ABB80C0C2B6C9B2BCB3B05.tmp' to '../../../../../../Users/MEnrique/Documents/GitHub/Game-Files/SuperSpaceArmada/Content/SSA/Maps/Ship_Selection.umap'
[2015.12.14-13.26.42:506][218]LogSavePackage: Total save time: 206.859317ms
[2015.12.14-13.26.42:506][218]LogSavePackage:Warning: Finished SavePackage ../../../../../../Users/MEnrique/Documents/GitHub/Game-Files/SuperSpaceArmada/Content/SSA/Maps/Ship_Selection.umap
[2015.12.14-13.26.56:409][688]LogLinker:Warning: Asset '../../../Engine/Content/ArtTools/RenderToTexture/Macros/RenderToTextureMacros.uasset' has been saved with empty engine version. The asset will be loaded but may be incompatible.
[2015.12.14-13.26.57:354][688]LogContentBrowser: Native class hierarchy updated for 'BlueprintGraph' in 0.0008 seconds. Added 107 classes and 0 folders.
[2015.12.14-13.29.25:824][431]LogBlueprintUserMessages: CustomizeDetails for Blueprint 'Player', cached variable property's owner is '/Game/SSA/Blueprints/SSAGameInstance.SSAGameInstance_C'
[2015.12.14-13.29.30:099][653]LogActorComponent: UnregisterComponent: (/Engine/Transient.ProjectileMovement_GEN_VARIABLE) Not registered. Aborting.
[2015.12.14-13.29.30:099][653]LogActorComponent: UnregisterComponent: (/Engine/Transient.ProjectileMovementComponent_3) Not registered. Aborting.
[2015.12.14-13.29.30:099][653]LogActorComponent: UnregisterComponent: (/Engine/Transient.ProjectileMovementComponent_4) Not registered. Aborting.
[2015.12.14-13.29.30:099][653]LogActorComponent: UnregisterComponent: (/Engine/Transient.ProjectileMovementComponent_5) Not registered. Aborting.
[2015.12.14-13.29.30:099][653]LogActorComponent: UnregisterComponent: (/Engine/Transient.CharMoveComp) Not registered. Aborting.
[2015.12.14-13.29.30:099][653]LogActorComponent: UnregisterComponent: (/Engine/Transient.CharacterMovementComponent_11) Not registered. Aborting.
[2015.12.14-13.29.30:099][653]LogActorComponent: UnregisterComponent: (/Engine/Transient.CharacterMovementComponent_12) Not registered. Aborting.
[2015.12.14-13.29.30:099][653]LogActorComponent: UnregisterComponent: (/Engine/Transient.CharacterMovementComponent_13) Not registered. Aborting.
[2015.12.14-13.29.30:099][653]LogActorComponent: UnregisterComponent: (/Engine/Transient.CharacterMovementComponent_14) Not registered. Aborting.
[2015.12.14-13.29.30:099][653]LogActorComponent: UnregisterComponent: (/Engine/Transient.CharacterMovementComponent_15) Not registered. Aborting.
[2015.12.14-13.29.30:100][653]LogActorComponent: UnregisterComponent: (/Engine/Transient.CharacterMovementComponent_16) Not registered. Aborting.
[2015.12.14-13.29.30:100][653]LogActorComponent: UnregisterComponent: (/Engine/Transient.CharacterMovementComponent_17) Not registered. Aborting.
[2015.12.14-13.29.30:101][653]LogActorComponent: UnregisterComponent: (/Engine/Transient.CharacterMovementComponent_18) Not registered. Aborting.
[2015.12.14-13.29.30:101][653]LogActorComponent: UnregisterComponent: (/Engine/Transient.CharacterMovementComponent_19) Not registered. Aborting.
[2015.12.14-13.29.30:101][653]LogActorComponent: UnregisterComponent: (/Engine/Transient.CharacterMovementComponent_20) Not registered. Aborting.
[2015.12.14-13.29.30:102][653]LogActorComponent: UnregisterComponent: (/Engine/Transient.CharacterMovementComponent_21) Not registered. Aborting.
[2015.12.14-13.29.30:102][653]LogActorComponent: UnregisterComponent: (/Engine/Transient.CharacterMovementComponent_22) Not registered. Aborting.
[2015.12.14-13.29.30:230][653]LogParticles: Destroying 0 GPU particle simulations for FXSystem 0x000000549A79D4E0
[2015.12.14-13.29.30:232][653]LogParticles: Destroying 0 GPU particle simulations for FXSystem 0x000000549A79C220
[2015.12.14-13.29.30:239][653]LogParticles: Destroying 0 GPU particle simulations for FXSystem 0x00000054F8B73A60
[2015.12.14-13.29.31:505][653]LogSavePackage: Save=1071.202759ms
[2015.12.14-13.29.31:505][653]LogSavePackage: Moving '../../../../../../Users/MEnrique/Documents/GitHub/Game-Files/SuperSpaceArmada/Saved/PlayerA0B7045949386FD017F03280EE84C87F.tmp' to '../../../../../../Users/MEnrique/Documents/GitHub/Game-Files/SuperSpaceArmada/Content/SSA/Blueprints/Player_Ships/Player.uasset'
[2015.12.14-13.29.31:511][653]LogSavePackage: Total save time: 1118.348587ms
[2015.12.14-13.29.31:511][653]LogSavePackage:Warning: Finished SavePackage ../../../../../../Users/MEnrique/Documents/GitHub/Game-Files/SuperSpaceArmada/Content/SSA/Blueprints/Player_Ships/Player.uasset
[2015.12.14-13.32.47:007][137]LogActorComponent: UnregisterComponent: (/Engine/Transient.CharMoveComp) Not registered. Aborting.
[2015.12.14-13.32.47:989][137]LogSavePackage: Save=794.287659ms
[2015.12.14-13.32.47:989][137]LogSavePackage: Moving '../../../../../../Users/MEnrique/Documents/GitHub/Game-Files/SuperSpaceArmada/Saved/PlayerDA04B3584DB9C27E3A9E67B95F7AF520.tmp' to '../../../../../../Users/MEnrique/Documents/GitHub/Game-Files/SuperSpaceArmada/Content/SSA/Blueprints/Player_Ships/Player.uasset'
[2015.12.14-13.32.48:002][137]LogSavePackage: Total save time: 828.223292ms
[2015.12.14-13.32.48:002][137]LogSavePackage:Warning: Finished SavePackage ../../../../../../Users/MEnrique/Documents/GitHub/Game-Files/SuperSpaceArmada/Content/SSA/Blueprints/Player_Ships/Player.uasset
[2015.12.14-13.32.48:886][185]BlueprintLog: New page: Compile Player
[2015.12.14-13.32.49:110][185]LogBlueprint:Error: [compiler Player] Error The type of  Object  is undetermined.  Connect something to  Cast To Ship_Selection  to imply a specific type.
[2015.12.14-13.32.49:111][185]LogBlueprint:Error: [compiler Player] Error The current value of the ' Object ' pin is invalid: Unsupported type Object Wildcard on pin Object
[2015.12.14-13.32.49:400][185]LogActorComponent: UnregisterComponent: (/Engine/Transient.CharMoveComp) Not registered. Aborting.
[2015.12.14-13.32.53:138][185]LogBlueprint:Warning: [compiler Player] Warning [0428.85] Compile of Player failed. 2 Fatal Issue(s) 0 Warning(s) [in 4,252 ms]
[2015.12.14-13.32.53:138][185]BlueprintEditorCompileResults:Error: Error The type of  Object  is undetermined.  Connect something to  Cast To Ship_Selection  to imply a specific type.
[2015.12.14-13.32.53:139][185]BlueprintEditorCompileResults:Error: Error The current value of the ' Object ' pin is invalid: Unsupported type Object Wildcard on pin Object
[2015.12.14-13.32.53:139][185]BlueprintEditorCompileResults:Warning: Warning [0428.85] Compile of Player failed. 2 Fatal Issue(s) 0 Warning(s) [in 4,252 ms]
[2015.12.14-13.32.55:562][316]LogActorComponent: UnregisterComponent: (/Engine/Transient.CharMoveComp) Not registered. Aborting.
[2015.12.14-13.32.55:562][316]LogActorComponent: UnregisterComponent: (/Engine/Transient.CharacterMovementComponent_23) Not registered. Aborting.
[2015.12.14-13.32.55:563][316]LogActorComponent: UnregisterComponent: (/Engine/Transient.CharacterMovementComponent_24) Not registered. Aborting.
[2015.12.14-13.32.55:563][316]LogActorComponent: UnregisterComponent: (/Engine/Transient.CharacterMovementComponent_25) Not registered. Aborting.
[2015.12.14-13.32.55:563][316]LogActorComponent: UnregisterComponent: (/Engine/Transient.CharacterMovementComponent_26) Not registered. Aborting.
[2015.12.14-13.32.55:563][316]LogActorComponent: UnregisterComponent: (/Engine/Transient.CharacterMovementComponent_27) Not registered. Aborting.
[2015.12.14-13.32.55:563][316]LogActorComponent: UnregisterComponent: (/Engine/Transient.CharacterMovementComponent_28) Not registered. Aborting.
[2015.12.14-13.32.55:563][316]LogActorComponent: UnregisterComponent: (/Engine/Transient.CharacterMovementComponent_29) Not registered. Aborting.
[2015.12.14-13.32.55:563][316]LogActorComponent: UnregisterComponent: (/Engine/Transient.CharacterMovementComponent_30) Not registered. Aborting.
[2015.12.14-13.32.55:564][316]LogActorComponent: UnregisterComponent: (/Engine/Transient.CharacterMovementComponent_31) Not registered. Aborting.
[2015.12.14-13.32.55:564][316]LogActorComponent: UnregisterComponent: (/Engine/Transient.CharacterMovementComponent_32) Not registered. Aborting.
[2015.12.14-13.32.55:564][316]LogActorComponent: UnregisterComponent: (/Engine/Transient.CharacterMovementComponent_33) Not registered. Aborting.
[2015.12.14-13.33.22:894][762]BlueprintLog: New page: Compile Player
[2015.12.14-13.33.23:094][762]LogBlueprint:Warning: [compiler Player] Warning 'Ship Selection' does not inherit from 'Controller' ( Cast To Ship_Selection  would always fail).
[2015.12.14-13.33.25:536][762]LogBlueprint:Warning: [compiler Player] Warning [0461.24] Compile of Player successful, but with 1 Warning(s) [in 2,641 ms]
[2015.12.14-13.33.25:536][762]BlueprintEditorCompileResults:Warning: Warning 'Ship Selection' does not inherit from 'Controller' ( Cast To Ship_Selection  would always fail).
[2015.12.14-13.33.25:536][762]BlueprintEditorCompileResults:Warning: Warning [0461.24] Compile of Player successful, but with 1 Warning(s) [in 2,641 ms]
[2015.12.14-13.36.42:786][953]LogActorComponent: UnregisterComponent: (/Engine/Transient.CharMoveComp) Not registered. Aborting.
[2015.12.14-13.36.42:786][953]LogActorComponent: UnregisterComponent: (/Engine/Transient.CharacterMovementComponent_34) Not registered. Aborting.
[2015.12.14-13.36.42:787][953]LogActorComponent: UnregisterComponent: (/Engine/Transient.CharacterMovementComponent_35) Not registered. Aborting.
[2015.12.14-13.36.42:787][953]LogActorComponent: UnregisterComponent: (/Engine/Transient.CharacterMovementComponent_36) Not registered. Aborting.
[2015.12.14-13.36.42:787][953]LogActorComponent: UnregisterComponent: (/Engine/Transient.CharacterMovementComponent_37) Not registered. Aborting.
[2015.12.14-13.36.42:787][953]LogActorComponent: UnregisterComponent: (/Engine/Transient.CharacterMovementComponent_38) Not registered. Aborting.
[2015.12.14-13.36.42:787][953]LogActorComponent: UnregisterComponent: (/Engine/Transient.CharacterMovementComponent_39) Not registered. Aborting.
[2015.12.14-13.36.42:787][953]LogActorComponent: UnregisterComponent: (/Engine/Transient.CharacterMovementComponent_40) Not registered. Aborting.
[2015.12.14-13.36.42:788][953]LogActorComponent: UnregisterComponent: (/Engine/Transient.CharacterMovementComponent_41) Not registered. Aborting.
[2015.12.14-13.36.42:788][953]LogActorComponent: UnregisterComponent: (/Engine/Transient.CharacterMovementComponent_42) Not registered. Aborting.
[2015.12.14-13.36.42:788][953]LogActorComponent: UnregisterComponent: (/Engine/Transient.CharacterMovementComponent_43) Not registered. Aborting.
[2015.12.14-13.36.42:788][953]LogActorComponent: UnregisterComponent: (/Engine/Transient.CharacterMovementComponent_44) Not registered. Aborting.
[2015.12.14-13.36.42:875][953]LogFileHelpers: Editor autosave (incl. sublevels) for '/Game/SSA/Maps/Ship_Selection' took 0.090
[2015.12.14-13.36.42:888][953]OBJ SavePackage: Generating thumbnails for [1] asset(s) in package [/Game/SSA/Blueprints/Player_Ships/Player] ([1] browsable assets)...
[2015.12.14-13.36.42:908][953]OBJ SavePackage:     Rendered thumbnail for [Blueprint /Game/SSA/Blueprints/Player_Ships/Player.Player]
[2015.12.14-13.36.42:908][953]OBJ SavePackage: Finished generating thumbnails for package [/Game/SSA/Blueprints/Player_Ships/Player]
[2015.12.14-13.36.43:614][953]LogSavePackage: Save=683.156555ms
[2015.12.14-13.36.43:614][953]LogSavePackage: Moving '../../../../../../Users/MEnrique/Documents/GitHub/Game-Files/SuperSpaceArmada/Saved/Player_Auto19C399A1B4041830645447BBA5A3CA873.tmp' to '../../../../../../Users/MEnrique/Documents/GitHub/Game-Files/SuperSpaceArmada/Saved/Autosaves/Game/SSA/Blueprints/Player_Ships/Player_Auto1.uasset'
[2015.12.14-13.36.43:618][953]LogSavePackage: Total save time: 708.070859ms
[2015.12.14-13.36.43:618][953]LogSavePackage:Warning: Finished SavePackage ../../../../../../Users/MEnrique/Documents/GitHub/Game-Files/SuperSpaceArmada/Saved/Autosaves/Game/SSA/Blueprints/Player_Ships/Player_Auto1.uasset
[2015.12.14-13.36.43:618][953]LogFileHelpers: Auto-saving content packages took 0.742
[2015.12.14-13.40.24:817][455]LogBlueprintUserMessages: CustomizeDetails for Blueprint 'Player', cached variable property's owner is '/Game/SSA/Blueprints/SSAGameInstance.SSAGameInstance_C'
[2015.12.14-13.40.30:585][774]BlueprintLog: New page: Compile Player
[2015.12.14-13.40.30:990][774]LogActorComponent: UnregisterComponent: (/Engine/Transient.CharMoveComp) Not registered. Aborting.
[2015.12.14-13.40.33:325][774]BlueprintEditorCompileResults: Info [0889.03] Compile of Player successful! [in 2,739 ms]
[2015.12.14-13.40.35:283][827]LogSavePackage: Save=697.490295ms
[2015.12.14-13.40.35:283][827]LogSavePackage: Moving '../../../../../../Users/MEnrique/Documents/GitHub/Game-Files/SuperSpaceArmada/Saved/PlayerAF58406A4ABEFE0DEA51AE959420A806.tmp' to '../../../../../../Users/MEnrique/Documents/GitHub/Game-Files/SuperSpaceArmada/Content/SSA/Blueprints/Player_Ships/Player.uasset'
[2015.12.14-13.40.35:289][827]LogSavePackage: Total save time: 721.626215ms
[2015.12.14-13.40.35:289][827]LogSavePackage:Warning: Finished SavePackage ../../../../../../Users/MEnrique/Documents/GitHub/Game-Files/SuperSpaceArmada/Content/SSA/Blueprints/Player_Ships/Player.uasset
[2015.12.14-13.41.11:659][297]LogBlueprintUserMessages: CustomizeDetails for Blueprint 'SSAGameInstance', cached variable property's owner is '/Game/SSA/Blueprints/SSAGameInstance.SKEL_SSAGameInstance_C'
[2015.12.14-13.41.41:452][928]LogBlueprintUserMessages: CustomizeDetails for Blueprint 'Player', cached variable property's owner is '/Game/SSA/Blueprints/SSAGameInstance.SSAGameInstance_C'
[2015.12.14-13.43.50:428][ 20]LogActorComponent: UnregisterComponent: (/Engine/Transient.CharMoveComp) Not registered. Aborting.
[2015.12.14-13.43.50:429][ 20]LogActorComponent: UnregisterComponent: (/Engine/Transient.CharacterMovementComponent_45) Not registered. Aborting.
[2015.12.14-13.43.50:429][ 20]LogActorComponent: UnregisterComponent: (/Engine/Transient.CharacterMovementComponent_46) Not registered. Aborting.
[2015.12.14-13.43.50:429][ 20]LogActorComponent: UnregisterComponent: (/Engine/Transient.CharacterMovementComponent_47) Not registered. Aborting.
[2015.12.14-13.43.50:429][ 20]LogActorComponent: UnregisterComponent: (/Engine/Transient.CharacterMovementComponent_48) Not registered. Aborting.
[2015.12.14-13.43.50:430][ 20]LogActorComponent: UnregisterComponent: (/Engine/Transient.CharacterMovementComponent_49) Not registered. Aborting.
[2015.12.14-13.43.50:430][ 20]LogActorComponent: UnregisterComponent: (/Engine/Transient.CharacterMovementComponent_50) Not registered. Aborting.
[2015.12.14-13.43.50:430][ 20]LogActorComponent: UnregisterComponent: (/Engine/Transient.CharacterMovementComponent_51) Not registered. Aborting.
[2015.12.14-13.43.50:431][ 20]LogActorComponent: UnregisterComponent: (/Engine/Transient.CharacterMovementComponent_52) Not registered. Aborting.
[2015.12.14-13.43.50:431][ 20]LogActorComponent: UnregisterComponent: (/Engine/Transient.CharacterMovementComponent_53) Not registered. Aborting.
[2015.12.14-13.43.50:431][ 20]LogActorComponent: UnregisterComponent: (/Engine/Transient.CharacterMovementComponent_54) Not registered. Aborting.
[2015.12.14-13.43.50:431][ 20]LogActorComponent: UnregisterComponent: (/Engine/Transient.CharacterMovementComponent_55) Not registered. Aborting.
[2015.12.14-13.43.50:432][ 20]LogActorComponent: UnregisterComponent: (/Engine/Transient.CharacterMovementComponent_56) Not registered. Aborting.
[2015.12.14-13.43.50:542][ 20]LogParticles: Destroying 0 GPU particle simulations for FXSystem 0x0000005487375C60
[2015.12.14-13.43.50:544][ 20]LogParticles: Destroying 0 GPU particle simulations for FXSystem 0x0000005487374EA0
[2015.12.14-13.43.50:546][ 20]LogParticles: Destroying 0 GPU particle simulations for FXSystem 0x00000054F494BC40
[2015.12.14-13.43.50:548][ 20]LogParticles: Destroying 0 GPU particle simulations for FXSystem 0x00000054A9311120
[2015.12.14-13.43.53:138][ 20]LogSavePackage: Save=602.707581ms
[2015.12.14-13.43.53:138][ 20]LogSavePackage: Moving '../../../../../../Users/MEnrique/Documents/GitHub/Game-Files/SuperSpaceArmada/Saved/PlayerBBA53B554D24506FDFF7789FD1140CB4.tmp' to '../../../../../../Users/MEnrique/Documents/GitHub/Game-Files/SuperSpaceArmada/Content/SSA/Blueprints/Player_Ships/Player.uasset'
[2015.12.14-13.43.53:143][ 20]LogSavePackage: Total save time: 656.417079ms
[2015.12.14-13.43.53:143][ 20]LogSavePackage:Warning: Finished SavePackage ../../../../../../Users/MEnrique/Documents/GitHub/Game-Files/SuperSpaceArmada/Content/SSA/Blueprints/Player_Ships/Player.uasset
[2015.12.14-13.43.53:584][ 20]LogWindowsTextInputMethodSystem:Display: IME system now deactivated.
[2015.12.14-13.43.53:585][ 20]LogWindowsTextInputMethodSystem:Display: IME system now deactivated.
[2015.12.14-13.43.53:936][ 21]Cmd: QUIT_EDITOR
[2015.12.14-13.43.54:278][ 21]LogExit: Preparing to exit.
[2015.12.14-13.43.54:729][ 21]LogExit: Editor shut down
[2015.12.14-13.43.54:730][ 21]LogExit: Transaction tracking system shut down
[2015.12.14-13.43.54:745][ 21]LogParticles: Destroying 0 GPU particle simulations for FXSystem 0x00000054EFBF3060
[2015.12.14-13.43.54:746][ 21]LogParticles: Destroying 0 GPU particle simulations for FXSystem 0x00000054EFBF2E80
[2015.12.14-13.43.54:762][ 21]LogParticles: Destroying 0 GPU particle simulations for FXSystem 0x0000005482C10A40
[2015.12.14-13.43.54:762][ 21]LogParticles: Destroying 0 GPU particle simulations for FXSystem 0x000000548671EC00
[2015.12.14-13.43.54:762][ 21]LogParticles: Destroying 0 GPU particle simulations for FXSystem 0x00000054870E6DE0
[2015.12.14-13.43.54:762][ 21]LogParticles: Destroying 0 GPU particle simulations for FXSystem 0x0000005492DBE020
[2015.12.14-13.43.55:054][ 21]LogExit: Object subsystem successfully closed.
[2015.12.14-13.43.55:069][ 21]LogD3D11RHI: Shutdown
[2015.12.14-13.43.55:069][ 21]LogD3D11RHI: CleanupD3DDevice
[2015.12.14-13.43.55:141][ 21]LogD3D11RHI: ~FD3D11DynamicRHI
[2015.12.14-13.43.55:164][ 21]LogModuleManager: Shutting down and abandoning module SequencerWidgets (201)
[2015.12.14-13.43.55:164][ 21]LogModuleManager: Shutting down and abandoning module BlueprintGraph (200)
[2015.12.14-13.43.55:164][ 21]LogModuleManager: Shutting down and abandoning module CrashTracker (199)
[2015.12.14-13.43.55:164][ 21]LogModuleManager: Shutting down and abandoning module SceneOutliner (198)
[2015.12.14-13.43.55:164][ 21]LogModuleManager: Shutting down and abandoning module SuperSearch (197)
[2015.12.14-13.43.55:164][ 21]LogModuleManager: Shutting down and abandoning module WidgetCarousel (196)
[2015.12.14-13.43.55:164][ 21]LogModuleManager: Shutting down and abandoning module AddContentDialog (195)
[2015.12.14-13.43.55:165][ 21]LogModuleManager: Shutting down and abandoning module EditorWidgets (194)
[2015.12.14-13.43.55:165][ 21]LogModuleManager: Shutting down and abandoning module CollectionManager (193)
[2015.12.14-13.43.55:166][ 21]LogModuleManager: Shutting down and abandoning module StatsViewer (192)
[2015.12.14-13.43.55:166][ 21]LogModuleManager: Shutting down and abandoning module FoliageEdit (191)
[2015.12.14-13.43.55:166][ 21]LogModuleManager: Shutting down and abandoning module LandscapeEditor (190)
[2015.12.14-13.43.55:166][ 21]LogModuleManager: Shutting down and abandoning module ActorPickerMode (189)
[2015.12.14-13.43.55:166][ 21]LogModuleManager: Shutting down and abandoning module GeometryMode (188)
[2015.12.14-13.43.55:166][ 21]LogModuleManager: Shutting down and abandoning module TextureAlignMode (187)
[2015.12.14-13.43.55:166][ 21]LogModuleManager: Shutting down and abandoning module BspMode (186)
[2015.12.14-13.43.55:166][ 21]LogModuleManager: Shutting down and abandoning module PlacementMode (185)
[2015.12.14-13.43.55:166][ 21]LogModuleManager: Shutting down and abandoning module AutomationWorker (184)
[2015.12.14-13.43.55:166][ 21]LogModuleManager: Shutting down and abandoning module CharacterAI (183)
[2015.12.14-13.43.55:166][ 21]LogModuleManager: Shutting down and abandoning module SmartSnapping (182)
[2015.12.14-13.43.55:166][ 21]LogModuleManager: Shutting down and abandoning module ViewportSnapping (181)
[2015.12.14-13.43.55:166][ 21]LogModuleManager: Shutting down and abandoning module LogVisualizer (180)
[2015.12.14-13.43.55:166][ 21]LogModuleManager: Shutting down and abandoning module GameProjectGeneration (179)
[2015.12.14-13.43.55:166][ 21]LogModuleManager: Shutting down and abandoning module IntroTutorials (178)
[2015.12.14-13.43.55:166][ 21]LogModuleManager: Shutting down and abandoning module EditorLiveStreaming (177)
[2015.12.14-13.43.55:166][ 21]LogModuleManager: Shutting down and abandoning module IOSPlatformEditor (176)
[2015.12.14-13.43.55:166][ 21]LogModuleManager: Shutting down and abandoning module HTML5PlatformEditor (175)
[2015.12.14-13.43.55:166][ 21]LogModuleManager: Shutting down and abandoning module AndroidDeviceDetection (174)
[2015.12.14-13.43.55:405][ 21]LogModuleManager: Shutting down and abandoning module AndroidPlatformEditor (173)
[2015.12.14-13.43.55:405][ 21]LogModuleManager: Shutting down and abandoning module IOSRuntimeSettings (172)
[2015.12.14-13.43.55:405][ 21]LogModuleManager: Shutting down and abandoning module AndroidRuntimeSettings (171)
[2015.12.14-13.43.55:405][ 21]LogModuleManager: Shutting down and abandoning module MergeActors (170)
[2015.12.14-13.43.55:405][ 21]LogModuleManager: Shutting down and abandoning module SizeMap (169)
[2015.12.14-13.43.55:405][ 21]LogModuleManager: Shutting down and abandoning module TreeMap (168)
[2015.12.14-13.43.55:405][ 21]LogModuleManager: Shutting down and abandoning module ReferenceViewer (167)
[2015.12.14-13.43.55:405][ 21]LogModuleManager: Shutting down and abandoning module LocalizationService (166)
[2015.12.14-13.43.55:405][ 21]LogModuleManager: Shutting down and abandoning module LocalizationDashboard (165)
[2015.12.14-13.43.55:405][ 21]LogModuleManager: Shutting down and abandoning module HardwareTargeting (164)
[2015.12.14-13.43.55:405][ 21]LogModuleManager: Shutting down and abandoning module DeviceProfileEditor (163)
[2015.12.14-13.43.55:405][ 21]LogModuleManager: Shutting down and abandoning module UndoHistory (162)
[2015.12.14-13.43.55:405][ 21]LogModuleManager: Shutting down and abandoning module GameplayTagsEditor (161)
[2015.12.14-13.43.55:405][ 21]LogModuleManager: Shutting down and abandoning module UserFeedback (160)
[2015.12.14-13.43.55:405][ 21]LogModuleManager: Shutting down and abandoning module XmlParser (159)
[2015.12.14-13.43.55:405][ 21]LogModuleManager: Shutting down and abandoning module Blutility (158)
[2015.12.14-13.43.55:405][ 21]LogModuleManager: Shutting down and abandoning module ProjectTargetPlatformEditor (157)
[2015.12.14-13.43.55:405][ 21]LogModuleManager: Shutting down and abandoning module ProjectSettingsViewer (156)
[2015.12.14-13.43.55:405][ 21]LogModuleManager: Shutting down and abandoning module InputBindingEditor (155)
[2015.12.14-13.43.55:406][ 21]LogModuleManager: Shutting down and abandoning module EditorSettingsViewer (154)
[2015.12.14-13.43.55:406][ 21]LogModuleManager: Shutting down and abandoning module SettingsEditor (153)
[2015.12.14-13.43.55:406][ 21]LogModuleManager: Shutting down and abandoning module ProjectLauncher (152)
[2015.12.14-13.43.55:406][ 21]LogModuleManager: Shutting down and abandoning module SessionFrontend (151)
[2015.12.14-13.43.55:406][ 21]LogModuleManager: Shutting down and abandoning module ProfilerClient (150)
[2015.12.14-13.43.55:406][ 21]LogModuleManager: Shutting down and abandoning module TargetDeviceServices (149)
[2015.12.14-13.43.55:406][ 21]LogModuleManager: Shutting down and abandoning module DeviceManager (148)
[2015.12.14-13.43.55:406][ 21]LogModuleManager: Shutting down and abandoning module AutomationController (147)
[2015.12.14-13.43.55:406][ 21]LogModuleManager: Shutting down and abandoning module AutomationWindow (146)
[2015.12.14-13.43.55:406][ 21]LogModuleManager: Shutting down and abandoning module Layers (145)
[2015.12.14-13.43.55:406][ 21]LogModuleManager: Shutting down and abandoning module ComponentVisualizers (144)
[2015.12.14-13.43.55:406][ 21]LogModuleManager: Shutting down and abandoning module DetailCustomizations (143)
[2015.12.14-13.43.55:406][ 21]LogModuleManager: Shutting down and abandoning module PackagesDialog (142)
[2015.12.14-13.43.55:406][ 21]LogModuleManager: Shutting down and abandoning module Persona (141)
[2015.12.14-13.43.55:406][ 21]LogModuleManager: Shutting down and abandoning module Kismet (140)
[2015.12.14-13.43.55:406][ 21]LogModuleManager: Shutting down and abandoning module GraphEditor (139)
[2015.12.14-13.43.55:406][ 21]LogModuleManager: Shutting down and abandoning module ClassViewer (138)
[2015.12.14-13.43.55:406][ 21]LogModuleManager: Shutting down and abandoning module Toolbox (137)
[2015.12.14-13.43.55:406][ 21]LogModuleManager: Shutting down and abandoning module ModuleUI (136)
[2015.12.14-13.43.55:406][ 21]LogModuleManager: Shutting down and abandoning module MovieSceneTools (135)
[2015.12.14-13.43.55:406][ 21]LogModuleManager: Shutting down and abandoning module OutputLog (134)
[2015.12.14-13.43.55:407][ 21]LogModuleManager: Shutting down and abandoning module GammaUI (133)
[2015.12.14-13.43.55:407][ 21]LogModuleManager: Shutting down and abandoning module Documentation (132)
[2015.12.14-13.43.55:407][ 21]LogModuleManager: Shutting down and abandoning module GameLiveStreaming (131)
[2015.12.14-13.43.55:407][ 21]LogModuleManager: Shutting down and abandoning module StreamingPauseRendering (130)
[2015.12.14-13.43.55:407][ 21]LogModuleManager: Shutting down and abandoning module AnalyticsET (129)
[2015.12.14-13.43.55:407][ 21]LogModuleManager: Shutting down and abandoning module Analytics (128)
[2015.12.14-13.43.55:407][ 21]LogModuleManager: Shutting down and abandoning module AITestSuite (127)
[2015.12.14-13.43.55:407][ 21]LogModuleManager: Shutting down and abandoning module GameplayDebugger (126)
[2015.12.14-13.43.55:407][ 21]LogModuleManager: Shutting down and abandoning module AIModule (125)
[2015.12.14-13.43.55:407][ 21]LogModuleManager: Shutting down and abandoning module ProfilerService (124)
[2015.12.14-13.43.55:552][ 21]LogModuleManager: Shutting down and abandoning module TaskGraph (123)
[2015.12.14-13.43.55:552][ 21]LogModuleManager: Shutting down and abandoning module SubstanceEditor (122)
[2015.12.14-13.43.55:552][ 21]LogModuleManager: Shutting down and abandoning module SlateRemote (121)
[2015.12.14-13.43.55:552][ 21]LogModuleManager: Shutting down and abandoning module SteamVRController (120)
[2015.12.14-13.43.55:552][ 21]LogModuleManager: Shutting down and abandoning module SteamVR (119)
[2015.12.14-13.43.55:552][ 21]LogModuleManager: Shutting down and abandoning module ProceduralMeshComponent (118)
[2015.12.14-13.43.55:552][ 21]LogModuleManager: Shutting down and abandoning module OculusRift (117)
[2015.12.14-13.43.55:552][ 21]LogModuleManager: Shutting down and abandoning module OculusLibrary (116)
[2015.12.14-13.43.55:552][ 21]LogModuleManager: Shutting down and abandoning module LeapMotionController (115)
[2015.12.14-13.43.55:565][ 21]LogModuleManager: Shutting down and abandoning module CustomMeshComponent (114)
[2015.12.14-13.43.55:565][ 21]LogModuleManager: Shutting down and abandoning module CableComponent (113)
[2015.12.14-13.43.55:565][ 21]LogModuleManager: Shutting down and abandoning module ArchVisCharacter (112)
[2015.12.14-13.43.55:565][ 21]LogModuleManager: Shutting down and abandoning module MessagingDebugger (111)
[2015.12.14-13.43.55:565][ 21]LogModuleManager: Shutting down and abandoning module MediaPlayerEditor (110)
[2015.12.14-13.43.55:565][ 21]LogModuleManager: Shutting down and abandoning module HTML5Networking (109)
[2015.12.14-13.43.55:565][ 21]LogModuleManager: Shutting down and abandoning module SpeedTreeImporter (108)
[2015.12.14-13.43.55:565][ 21]LogModuleManager: Shutting down and abandoning module PluginBrowser (107)
[2015.12.14-13.43.55:565][ 21]LogModuleManager: Shutting down and abandoning module EpicSurvey (106)
[2015.12.14-13.43.55:565][ 21]LogModuleManager: Shutting down and abandoning module DesktopPlatform (105)
[2015.12.14-13.43.55:565][ 21]LogModuleManager: Shutting down and abandoning module VisualStudioSourceCodeAccess (104)
[2015.12.14-13.43.55:565][ 21]LogModuleManager: Shutting down and abandoning module UObjectPlugin (103)
[2015.12.14-13.43.55:565][ 21]LogModuleManager: Shutting down and abandoning module SubversionSourceControl (102)
[2015.12.14-13.43.55:565][ 21]LogModuleManager: Shutting down and abandoning module PerforceSourceControl (101)
[2015.12.14-13.43.55:565][ 21]LogModuleManager: Shutting down and abandoning module SourceControl (100)
[2015.12.14-13.43.55:565][ 21]LogModuleManager: Shutting down and abandoning module GitSourceControl (99)
[2015.12.14-13.43.55:565][ 21]LogModuleManager: Shutting down and abandoning module LightPropagationVolumeEditor (98)
[2015.12.14-13.43.55:565][ 21]LogModuleManager: Shutting down and abandoning module PaperTiledImporter (97)
[2015.12.14-13.43.55:565][ 21]LogModuleManager: Shutting down and abandoning module PaperSpriteSheetImporter (96)
[2015.12.14-13.43.55:565][ 21]LogModuleManager: Shutting down and abandoning module MeshPaint (95)
[2015.12.14-13.43.55:565][ 21]LogModuleManager: Shutting down and abandoning module SlateReflector (94)
[2015.12.14-13.43.55:565][ 21]LogModuleManager: Shutting down and abandoning module HotReload (93)
[2015.12.14-13.43.55:566][ 21]LogModuleManager: Shutting down and abandoning module MainFrame (92)
[2015.12.14-13.43.55:566][ 21]LogModuleManager: Shutting down and abandoning module LevelEditor (91)
[2015.12.14-13.43.55:567][ 21]LogModuleManager: Shutting down and abandoning module ContentBrowser (90)
[2015.12.14-13.43.55:567][ 21]LogModuleManager: Shutting down and abandoning module Paper2DEditor (89)
[2015.12.14-13.43.55:567][ 21]LogModuleManager: Shutting down and abandoning module UdpMessaging (88)
[2015.12.14-13.43.55:668][ 21]LogModuleManager: Shutting down and abandoning module DirectoryWatcher (87)
[2015.12.14-13.43.55:671][ 21]LogModuleManager: Shutting down and abandoning module AssetRegistry (86)
[2015.12.14-13.43.55:846][ 21]LogModuleManager: Shutting down and abandoning module SubstanceCore (85)
[2015.12.14-13.43.55:846][ 21]LogModuleManager: Shutting down and abandoning module LightPropagationVolumeRuntime (84)
[2015.12.14-13.43.55:846][ 21]LogModuleManager: Shutting down and abandoning module Paper2D (83)
[2015.12.14-13.43.55:846][ 21]LogModuleManager: Shutting down and abandoning module WindowsMoviePlayer (82)
[2015.12.14-13.43.55:851][ 21]LogModuleManager: Shutting down and abandoning module Media (81)
[2015.12.14-13.43.55:851][ 21]LogModuleManager: Shutting down and abandoning module WmfMedia (80)
[2015.12.14-13.43.55:852][ 21]LogModuleManager: Shutting down and abandoning module OnlineBlueprintSupport (79)
[2015.12.14-13.43.55:852][ 21]LogModuleManager: Shutting down and abandoning module GameplayTasksEditor (78)
[2015.12.14-13.43.55:852][ 21]LogModuleManager: Shutting down and abandoning module PropertyEditor (77)
[2015.12.14-13.43.55:852][ 21]LogModuleManager: Shutting down and abandoning module BehaviorTreeEditor (76)
[2015.12.14-13.43.55:852][ 21]LogModuleManager: Shutting down and abandoning module FunctionalTesting (75)
[2015.12.14-13.43.55:852][ 21]LogModuleManager: Shutting down and abandoning module CollisionAnalyzer (74)
[2015.12.14-13.43.55:852][ 21]LogModuleManager: Shutting down and abandoning module WorkspaceMenuStructure (73)
[2015.12.14-13.43.55:852][ 21]LogModuleManager: Shutting down and abandoning module MessageLog (72)
[2015.12.14-13.43.55:852][ 21]LogModuleManager: Shutting down and abandoning module Sequencer (71)
[2015.12.14-13.43.55:852][ 21]LogModuleManager: Shutting down and abandoning module AssetTools (70)
[2015.12.14-13.43.55:852][ 21]LogModuleManager: Shutting down and abandoning module UMGEditor (69)
[2015.12.14-13.43.55:852][ 21]LogModuleManager: Shutting down and abandoning module UMG (68)
[2015.12.14-13.43.55:852][ 21]LogModuleManager: Shutting down and abandoning module Slate (67)
[2015.12.14-13.43.55:852][ 21]LogModuleManager: Shutting down and abandoning module EditorStyle (66)
[2015.12.14-13.43.55:855][ 21]LogModuleManager: Shutting down and abandoning module SessionServices (65)
[2015.12.14-13.43.55:855][ 21]LogModuleManager: Shutting down and abandoning module SourceCodeAccess (64)
[2015.12.14-13.43.55:855][ 21]LogModuleManager: Shutting down and abandoning module HeadMountedDisplay (63)
[2015.12.14-13.43.55:855][ 21]LogModuleManager: Shutting down and abandoning module XAudio2 (62)
[2015.12.14-13.43.55:855][ 21]LogModuleManager: Shutting down and abandoning module Networking (60)
[2015.12.14-13.43.55:855][ 21]LogModuleManager: Shutting down and abandoning module Core (59)
[2015.12.14-13.43.55:855][ 21]LogModuleManager: Shutting down and abandoning module KismetCompiler (58)
[2015.12.14-13.43.55:855][ 21]LogModuleManager: Shutting down and abandoning module PhysXFormats (57)
[2015.12.14-13.43.55:855][ 21]LogModuleManager: Shutting down and abandoning module MeshUtilities (56)
[2015.12.14-13.43.55:855][ 21]LogModuleManager: Shutting down and abandoning module CookingStats (55)
[2015.12.14-13.43.55:859][ 21]LogModuleManager: Shutting down and abandoning module DerivedDataCache (54)
[2015.12.14-13.43.55:941][ 21]LogDerivedDataCache: Shutdown
[2015.12.14-13.43.55:941][ 21]LogModuleManager: Shutting down and abandoning module ShaderFormatOpenGL (53)
[2015.12.14-13.43.55:941][ 21]LogModuleManager: Shutting down and abandoning module ShaderFormatD3D (52)
[2015.12.14-13.43.55:941][ 21]LogModuleManager: Shutting down and abandoning module MetalShaderFormat (51)
[2015.12.14-13.43.55:941][ 21]LogModuleManager: Shutting down and abandoning module TextureFormatUncompressed (50)
[2015.12.14-13.43.55:941][ 21]LogModuleManager: Shutting down and abandoning module TextureFormatPVR (49)
[2015.12.14-13.43.55:941][ 21]LogModuleManager: Shutting down and abandoning module TextureFormatIntelISPCTexComp (48)
[2015.12.14-13.43.55:941][ 21]LogModuleManager: Shutting down and abandoning module TextureFormatDXT (47)
[2015.12.14-13.43.55:941][ 21]LogModuleManager: Shutting down and abandoning module ImageWrapper (46)
[2015.12.14-13.43.55:941][ 21]LogModuleManager: Shutting down and abandoning module TextureFormatASTC (45)
[2015.12.14-13.43.55:941][ 21]LogModuleManager: Shutting down and abandoning module TextureFormatAndroid (44)
[2015.12.14-13.43.55:941][ 21]LogModuleManager: Shutting down and abandoning module AudioFormatOpus (43)
[2015.12.14-13.43.55:941][ 21]LogModuleManager: Shutting down and abandoning module AudioFormatOgg (42)
[2015.12.14-13.43.55:941][ 21]LogModuleManager: Shutting down and abandoning module AudioFormatADPCM (41)
[2015.12.14-13.43.55:941][ 21]LogModuleManager: Shutting down and abandoning module LinuxTargetPlatform (40)
[2015.12.14-13.43.55:941][ 21]LogModuleManager: Shutting down and abandoning module LinuxServerTargetPlatform (39)
[2015.12.14-13.43.55:941][ 21]LogModuleManager: Shutting down and abandoning module LinuxNoEditorTargetPlatform (38)
[2015.12.14-13.43.55:941][ 21]LogModuleManager: Shutting down and abandoning module Messaging (37)
[2015.12.14-13.43.55:941][ 21]LogModuleManager: Shutting down and abandoning module IOSTargetPlatform (36)
[2015.12.14-13.43.55:941][ 21]LogModuleManager: Shutting down and abandoning module HTML5TargetPlatform (35)
[2015.12.14-13.43.55:941][ 21]LogModuleManager: Shutting down and abandoning module Android_PVRTCTargetPlatform (34)
[2015.12.14-13.43.55:941][ 21]LogModuleManager: Shutting down and abandoning module Android_ETC2TargetPlatform (33)
[2015.12.14-13.43.55:941][ 21]LogModuleManager: Shutting down and abandoning module Android_ETC1TargetPlatform (32)
[2015.12.14-13.43.55:941][ 21]LogModuleManager: Shutting down and abandoning module Android_DXTTargetPlatform (31)
[2015.12.14-13.43.55:941][ 21]LogModuleManager: Shutting down and abandoning module Android_ATCTargetPlatform (30)
[2015.12.14-13.43.55:941][ 21]LogModuleManager: Shutting down and abandoning module Android_ASTCTargetPlatform (29)
[2015.12.14-13.43.55:941][ 21]LogModuleManager: Shutting down and abandoning module AndroidTargetPlatform (28)
[2015.12.14-13.43.55:941][ 21]LogModuleManager: Shutting down and abandoning module WindowsTargetPlatform (27)
[2015.12.14-13.43.55:941][ 21]LogModuleManager: Shutting down and abandoning module WindowsServerTargetPlatform (26)
[2015.12.14-13.43.55:941][ 21]LogModuleManager: Shutting down and abandoning module WindowsNoEditorTargetPlatform (25)
[2015.12.14-13.43.55:941][ 21]LogModuleManager: Shutting down and abandoning module WindowsClientTargetPlatform (24)
[2015.12.14-13.43.55:941][ 21]LogModuleManager: Shutting down and abandoning module AllDesktopTargetPlatform (23)
[2015.12.14-13.43.55:941][ 21]LogModuleManager: Shutting down and abandoning module TargetPlatform (22)
[2015.12.14-13.43.55:941][ 21]LogModuleManager: Shutting down and abandoning module InputCore (21)
[2015.12.14-13.43.55:941][ 21]LogModuleManager: Shutting down and abandoning module Settings (20)
[2015.12.14-13.43.55:942][ 21]LogModuleManager: Shutting down and abandoning module OnlineSubsystem (18)
[2015.12.14-13.43.55:942][ 21]LogModuleManager: Shutting down and abandoning module HTTP (17)
[2015.12.14-13.43.56:943][ 21]LogModuleManager: Shutting down and abandoning module XMPP (16)
[2015.12.14-13.43.56:943][ 21]LogModuleManager: Shutting down and abandoning module ExampleDeviceProfileSelector (15)
[2015.12.14-13.43.56:943][ 21]LogModuleManager: Shutting down and abandoning module TextureCompressor (14)
[2015.12.14-13.43.56:943][ 21]LogModuleManager: Shutting down and abandoning module ShaderCore (13)
[2015.12.14-13.43.56:943][ 21]LogModuleManager: Shutting down and abandoning module Landscape (12)
[2015.12.14-13.43.56:943][ 21]LogModuleManager: Shutting down and abandoning module SlateRHIRenderer (11)
[2015.12.14-13.43.56:948][ 21]LogModuleManager: Shutting down and abandoning module OpenGLDrv (10)
[2015.12.14-13.43.56:948][ 21]LogModuleManager: Shutting down and abandoning module D3D11RHI (9)
[2015.12.14-13.43.56:948][ 21]LogModuleManager: Shutting down and abandoning module AnimGraphRuntime (8)
[2015.12.14-13.43.56:948][ 21]LogModuleManager: Shutting down and abandoning module Renderer (7)
[2015.12.14-13.43.56:948][ 21]LogModuleManager: Shutting down and abandoning module Engine (6)
[2015.12.14-13.43.56:948][ 21]LogModuleManager: Shutting down and abandoning module CoreUObject (5)
[2015.12.14-13.43.56:948][ 21]LogModuleManager: Shutting down and abandoning module NetworkFile (4)
[2015.12.14-13.43.56:948][ 21]LogModuleManager: Shutting down and abandoning module StreamingFile (3)
[2015.12.14-13.43.56:948][ 21]LogModuleManager: Shutting down and abandoning module SandboxFile (2)
[2015.12.14-13.43.56:948][ 21]LogModuleManager: Shutting down and abandoning module PakFile (1)
[2015.12.14-13.43.56:948][ 21]LogExit: Exiting.
[2015.12.14-13.43.57:025][ 21]Log file closed, 12/14/15 08:43:57
