[2015.11.22-14.22.10:737][  0]Log file open, 11/22/15 09:22:10
[2015.11.22-14.22.10:737][  0]LogInit:Display: Running engine without a game
[2015.11.22-14.22.10:737][  0]LogInit:Display: Loading recent project file: ../../../../../../../My Media/UCF Documents/DIG 4725/Game-Files/SuperSpaceArmada/SuperSpaceArmada.uproject
[2015.11.22-14.22.10:737][  0]LogInit:Display: RandInit(913930516) SRandInit(913930518).
[2015.11.22-14.22.10:737][  0]LogTaskGraph: Started task graph with 4 named threads and 7 total threads.
[2015.11.22-14.22.10:737][  0]LogStats: Stats thread started at 0.092655
[2015.11.22-14.22.10:737][  0]LogInit: Version: 4.9.1-2689999+++depot+UE4-Releases+4.9
[2015.11.22-14.22.10:737][  0]LogInit: API Version: 2672455
[2015.11.22-14.22.10:737][  0]LogInit: Compiled (64-bit): Sep 14 2015 04:12:03
[2015.11.22-14.22.10:737][  0]LogInit: Compiled with Visual C++: 18.00.21005.01
[2015.11.22-14.22.10:737][  0]LogInit: Build Configuration: Development
[2015.11.22-14.22.10:737][  0]LogInit: Branch Name: ++depot+UE4-Releases+4.9
[2015.11.22-14.22.10:737][  0]LogInit: Command line: 
[2015.11.22-14.22.10:737][  0]LogInit: Base directory: F:/Program Files/Unreal/Epic Games/4.9/Engine/Binaries/Win64/
[2015.11.22-14.22.10:737][  0]LogInit: Rocket: 1
[2015.11.22-14.22.10:762][  0]LogInit: Using libcurl 7.41.0
[2015.11.22-14.22.10:762][  0]LogInit:  - built for x86_64-pc-win32
[2015.11.22-14.22.10:762][  0]LogInit:  - supports SSL with WinSSL
[2015.11.22-14.22.10:762][  0]LogInit:  - other features:
[2015.11.22-14.22.10:762][  0]LogInit:      CURL_VERSION_SSL
[2015.11.22-14.22.10:762][  0]LogInit:      CURL_VERSION_IPV6
[2015.11.22-14.22.10:762][  0]LogInit:      CURL_VERSION_ASYNCHDNS
[2015.11.22-14.22.10:762][  0]LogInit:      CURL_VERSION_LARGEFILE
[2015.11.22-14.22.10:762][  0]LogInit:      CURL_VERSION_IDN
[2015.11.22-14.22.10:762][  0]LogInit:  CurlRequestOptions (configurable via config and command line):
[2015.11.22-14.22.10:762][  0]LogInit:  - bVerifyPeer = true  - Libcurl will verify peer certificate
[2015.11.22-14.22.10:762][  0]LogInit:  - bUseHttpProxy = false  - Libcurl will NOT use HTTP proxy
[2015.11.22-14.22.10:762][  0]LogInit:  - bDontReuseConnections = false  - Libcurl will reuse connections
[2015.11.22-14.22.10:762][  0]LogInit:  - CertBundlePath = nullptr  - Libcurl will use whatever was configured at build time.
[2015.11.22-14.22.10:767][  0]LogInit: Presizing for 0 objects not considered by GC, pre-allocating 0 bytes.
[2015.11.22-14.22.10:772][  0]LogInit: Object subsystem initialized
[2015.11.22-14.22.10:773][  0]LogInit: Selected Device Profile: [Windows]
[2015.11.22-14.22.10:773][  0]LogInit: Applying CVar settings loaded from the selected device profile: [Windows]
[2015.11.22-14.22.10:779][  0]LogInit: Computer: ANDREW_2015
[2015.11.22-14.22.10:779][  0]LogInit: User: aehrlich92
[2015.11.22-14.22.10:779][  0]LogInit: CPU Page size=4096, Cores=4
[2015.11.22-14.22.10:779][  0]LogInit: High frequency timer resolution =3.984650 MHz
[2015.11.22-14.22.10:779][  0]LogMemory: Memory total: Physical=15.9GB (16GB approx)
[2015.11.22-14.22.10:779][  0]LogMemory: Platform Memory Stats for Windows
[2015.11.22-14.22.10:779][  0]LogMemory: Process Physical Memory: 54.75 MB used, 54.75 MB peak
[2015.11.22-14.22.10:779][  0]LogMemory: Process Virtual Memory: 55.39 MB used, 55.39 MB peak
[2015.11.22-14.22.10:779][  0]LogMemory: Physical Memory: 6579.28 MB used, 16322.88 MB total
[2015.11.22-14.22.10:779][  0]LogMemory: Virtual Memory: 364.35 MB used, 134217728.00 MB total
[2015.11.22-14.22.10:816][  0]LogTextLocalizationManager: No specific translations for ('en-US') exist, so ('en') translations will be used.
[2015.11.22-14.22.11:353][  0]LogD3D11RHI: Found D3D11 adapter 0: NVIDIA GeForce GTX 960 (Feature Level 11_0)
[2015.11.22-14.22.11:353][  0]LogD3D11RHI: Adapter has 1969MB of dedicated video memory, 0MB of dedicated system memory, and 8161MB of shared system memory, 2 output[s]
[2015.11.22-14.22.11:355][  0]LogD3D11RHI: Found D3D11 adapter 1: Microsoft Basic Render Driver (Feature Level 11_0)
[2015.11.22-14.22.11:355][  0]LogD3D11RHI: Adapter has 0MB of dedicated video memory, 0MB of dedicated system memory, and 8161MB of shared system memory, 0 output[s]
[2015.11.22-14.22.11:355][  0]LogD3D11RHI: Chosen D3D11 Adapter Id = 0
[2015.11.22-14.22.11:359][  0]LogD3D11RHI: !Direct3DDevice
[2015.11.22-14.22.11:359][  0]LogRHI: Texture pool is 1361 MB (70% of 1945 MB)
[2015.11.22-14.22.11:370][  0]LogD3D11RHI: Async texture creation enabled
[2015.11.22-14.22.11:386][  0]LogShaderCompilers: Guid format shader working directory is 15 characters bigger than the processId version (../../../../../../../My Media/UCF Documents/DIG 4725/Game-Files/SuperSpaceArmada/Intermediate/Shaders/WorkingDirectory/9632/).
[2015.11.22-14.22.11:386][  0]LogShaderCompilers: Cleaned the shader compiler working directory '../../../../../../../My Media/UCF Documents/DIG 4725/Game-Files/SuperSpaceArmada/Intermediate/Shaders/tmp/567F7911493080743AD8CE8010FA416C/'.
[2015.11.22-14.22.11:386][  0]LogShaderCompilers:Display: Using Local Shader Compiler.
[2015.11.22-14.22.12:514][  0]LogTemp:Display: Loaded TP AllDesktopTargetPlatform
[2015.11.22-14.22.12:518][  0]LogTemp:Display: Loaded TP WindowsClientTargetPlatform
[2015.11.22-14.22.12:522][  0]LogTemp:Display: Loaded TP WindowsNoEditorTargetPlatform
[2015.11.22-14.22.12:526][  0]LogTemp:Display: Loaded TP WindowsServerTargetPlatform
[2015.11.22-14.22.12:529][  0]LogTemp:Display: Loaded TP WindowsTargetPlatform
[2015.11.22-14.22.12:532][  0]LogTemp:Display: Loaded TP AndroidTargetPlatform
[2015.11.22-14.22.12:535][  0]LogTemp:Display: Loaded TP Android_ASTCTargetPlatform
[2015.11.22-14.22.12:538][  0]LogTemp:Display: Loaded TP Android_ATCTargetPlatform
[2015.11.22-14.22.12:540][  0]LogTemp:Display: Loaded TP Android_DXTTargetPlatform
[2015.11.22-14.22.12:543][  0]LogTemp:Display: Loaded TP Android_ETC1TargetPlatform
[2015.11.22-14.22.12:546][  0]LogTemp:Display: Loaded TP Android_ETC2TargetPlatform
[2015.11.22-14.22.12:549][  0]LogTemp:Display: Loaded TP Android_PVRTCTargetPlatform
[2015.11.22-14.22.12:550][  0]LogTemp:Display: Loaded TP HTML5TargetPlatform
[2015.11.22-14.22.12:566][  0]LogTemp:Display: Loaded TP IOSTargetPlatform
[2015.11.22-14.22.12:569][  0]LogTemp:Display: Loaded TP LinuxNoEditorTargetPlatform
[2015.11.22-14.22.12:572][  0]LogTemp:Display: Loaded TP LinuxServerTargetPlatform
[2015.11.22-14.22.12:575][  0]LogTemp:Display: Loaded TP LinuxTargetPlatform
[2015.11.22-14.22.12:575][  0]LogTargetPlatformManager:Display: Building Assets For Windows
[2015.11.22-14.22.12:633][  0]LogDerivedDataCache:Display: Max Cache Size: 512 MB
[2015.11.22-14.22.12:828][  0]LogDerivedDataCache: Loaded boot cache 0.19s 41MB C:/Users/aehrlich92/AppData/Local/UnrealEngine/4.9/DerivedDataCache/Boot.ddc.
[2015.11.22-14.22.12:828][  0]LogDerivedDataCache:Display: Loaded Boot cache: C:/Users/aehrlich92/AppData/Local/UnrealEngine/4.9/DerivedDataCache/Boot.ddc
[2015.11.22-14.22.12:828][  0]LogDerivedDataCache: FDerivedDataBackendGraph:  Pak pak cache file ../../../../../../../My Media/UCF Documents/DIG 4725/Game-Files/SuperSpaceArmada/DerivedDataCache/DDC.ddp not found, will not use a pak cache.
[2015.11.22-14.22.12:828][  0]LogDerivedDataCache: Unable to find inner node Pak for hierarchical cache Hierarchy.
[2015.11.22-14.22.12:829][  0]LogDerivedDataCache: FDerivedDataBackendGraph:  CompressedPak pak cache file ../../../../../../../My Media/UCF Documents/DIG 4725/Game-Files/SuperSpaceArmada/DerivedDataCache/Compressed.ddp not found, will not use a pak cache.
[2015.11.22-14.22.12:829][  0]LogDerivedDataCache: Unable to find inner node CompressedPak for hierarchical cache Hierarchy.
[2015.11.22-14.22.13:044][  0]LogDerivedDataCache:Display: Pak cache opened for reading ../../../Engine/DerivedDataCache/Compressed.ddp.
[2015.11.22-14.22.13:057][  0]LogDerivedDataCache: Using Local data cache path C:/Users/aehrlich92/AppData/Local/UnrealEngine/Common/DerivedDataCache: Writable
[2015.11.22-14.22.18:374][  0]LogInit: Selected Device Profile: [Windows]
[2015.11.22-14.22.18:471][  0]LogContentStreaming: Texture pool size is 0.000000MB
[2015.11.22-14.22.19:179][  0]LogMeshUtilities: No automatic mesh reduction module available
[2015.11.22-14.22.19:179][  0]LogMeshUtilities: No automatic mesh merging module available
[2015.11.22-14.22.21:700][  0]LogInit: WinSock: version 1.1 (2.2), MaxSocks=32767, MaxUdp=65467
[2015.11.22-14.22.30:547][  0]LogAssetRegistry: FAssetRegistry took 0.0109 seconds to start up
[2015.11.22-14.22.30:675][  0]UdpMessaging: Initializing bridge on interface 0.0.0.0:0 to multicast group 230.0.0.1:6666.
[2015.11.22-14.22.33:306][  0]SourceControl: Info Source control is disabled
[2015.11.22-14.22.33:314][  0]SourceControl: Info Source control is disabled
[2015.11.22-14.22.33:376][  0]SourceControl: Info Source control is disabled
[2015.11.22-14.22.33:429][  0]SourceControl: Info Source control is disabled
[2015.11.22-14.22.35:086][  0]LogLinker:Warning: Asset '../../../Engine/Plugins/Runtime/LeapMotionController/Content/LM_PassthroughMaterial.uasset' has been saved with empty engine version. The asset will be loaded but may be incompatible.
[2015.11.22-14.22.35:484][  0]LogObj: 28528 objects as part of root set at end of initial load.
[2015.11.22-14.22.35:484][  0]LogUObjectAllocator: 6068456 out of 0 bytes used by permanent object pool.
[2015.11.22-14.22.35:831][  0]LogEngine: Initializing Engine...
[2015.11.22-14.22.35:869][  0]LogHMD: Can't find Oculus library dev build: is proper Runtime installed? Version: 0.7.0.0
[2015.11.22-14.22.35:963][  0]LogHMD: SteamVR failed to initialize.  Err: 110
[2015.11.22-14.22.36:800][  0]LogAIModule: Creating AISystem for world NewWorld
[2015.11.22-14.22.37:129][  0]LogInit: XAudio2 using 'Speakers (Realtek High Definition Audio)' : 8 channels at 48 kHz using 32 bits per sample (channel mask 0x63f)
[2015.11.22-14.22.37:142][  0]LogInit: FAudioDevice initialized.
[2015.11.22-14.22.37:161][  0]LogDerivedDataCache: Saved boot cache 0.02s 41MB C:/Users/aehrlich92/AppData/Local/UnrealEngine/4.9/DerivedDataCache/Boot.ddc.
[2015.11.22-14.22.37:181][  0]LogInit: Texture streaming: Enabled
[2015.11.22-14.22.37:236][  0]LogAnalytics: Creating configured Analytics provider AnalyticsET
[2015.11.22-14.22.37:236][  0]LogAnalytics: [UEEditor.Rocket.Release] APIServer = http://et2.epicgames.com/ET2/. AppVersion = 4.9.1-2689999+++depot+UE4-Releases+4.9
[2015.11.22-14.22.37:236][  0]LogAnalytics: [UEEditor.Rocket.Release] SetUserId 7bdbd2584788e6e37f918c9187bab22c|b300224d71e64562a5bff06c2aaa78f8|45aed112-7b58-41bf-9eba-b8dcb7f9dd12
[2015.11.22-14.22.37:236][  0]LogAnalytics: [UEEditor.Rocket.Release] AnalyticsET::StartSession
[2015.11.22-14.22.37:424][  0]LogInit: Transaction tracking system initialized
[2015.11.22-14.22.37:635][  0]BlueprintLog: New page: Editor Load
[2015.11.22-14.22.38:735][  0]LocalizationService: Info Localization service is disabled
[2015.11.22-14.22.39:673][  0]LogConsoleResponse:Display: 
[2015.11.22-14.22.41:211][  0]LogCook:Display: Done creating registry. It took  0.00s.
[2015.11.22-14.22.41:966][  0]LogFileCache: Scanning file cache for directory 'F:/My Media/UCF Documents/DIG 4725/Game-Files/SuperSpaceArmada/Content/' took 0.03s
[2015.11.22-14.22.42:061][  0]SourceControl: Info Source control is disabled
[2015.11.22-14.22.42:061][  0]Cmd: MAP LOAD FILE="../../../../../../../My Media/UCF Documents/DIG 4725/Game-Files/SuperSpaceArmada/Content/SSA/Maps/Home_Kratakos.umap" TEMPLATE=0 SHOWPROGRESS=1 FEATURELEVEL=3
[2015.11.22-14.22.42:062][  0]LightingResults: New page: Lighting Build
[2015.11.22-14.22.42:195][  0]MapCheck: New page: Map Check
[2015.11.22-14.22.42:195][  0]LightingResults: New page: Lighting Build
[2015.11.22-14.22.42:612][  0]LogParticles: Destroying 0 GPU particle simulations for FXSystem 0x00000072E2681620
[2015.11.22-14.22.43:841][  0]LogLinker:Warning: Asset '../../../../../../../My Media/UCF Documents/DIG 4725/Game-Files/SuperSpaceArmada/Content/Mannequin/Animations/ThirdPerson_AnimBP.uasset' has been saved with empty engine version. The asset will be loaded but may be incompatible.
[2015.11.22-14.22.43:865][  0]LogLinker:Warning: Asset '../../../../../../../My Media/UCF Documents/DIG 4725/Game-Files/SuperSpaceArmada/Content/Mannequin/Animations/ThirdPerson_Jump.uasset' has been saved with empty engine version. The asset will be loaded but may be incompatible.
[2015.11.22-14.22.43:976][  0]LogLinker:Warning: Asset '../../../../../../../My Media/UCF Documents/DIG 4725/Game-Files/SuperSpaceArmada/Content/Mannequin/Animations/ThirdPersonJump_Loop.uasset' has been saved with empty engine version. The asset will be loaded but may be incompatible.
[2015.11.22-14.22.43:993][  0]LogLinker:Warning: Asset '../../../../../../../My Media/UCF Documents/DIG 4725/Game-Files/SuperSpaceArmada/Content/Mannequin/Animations/ThirdPersonJump_Start.uasset' has been saved with empty engine version. The asset will be loaded but may be incompatible.
[2015.11.22-14.22.44:011][  0]LogLinker:Warning: Asset '../../../../../../../My Media/UCF Documents/DIG 4725/Game-Files/SuperSpaceArmada/Content/Mannequin/Animations/ThirdPerson_IdleRun_2D.uasset' has been saved with empty engine version. The asset will be loaded but may be incompatible.
[2015.11.22-14.22.44:027][  0]LogLinker:Warning: Asset '../../../../../../../My Media/UCF Documents/DIG 4725/Game-Files/SuperSpaceArmada/Content/Mannequin/Animations/ThirdPersonIdle.uasset' has been saved with empty engine version. The asset will be loaded but may be incompatible.
[2015.11.22-14.22.44:207][  0]LogLinker:Warning: Asset '../../../../../../../My Media/UCF Documents/DIG 4725/Game-Files/SuperSpaceArmada/Content/Mannequin/Animations/ThirdPersonRun.uasset' has been saved with empty engine version. The asset will be loaded but may be incompatible.
[2015.11.22-14.22.44:229][  0]LogLinker:Warning: Asset '../../../../../../../My Media/UCF Documents/DIG 4725/Game-Files/SuperSpaceArmada/Content/Mannequin/Animations/ThirdPersonWalk.uasset' has been saved with empty engine version. The asset will be loaded but may be incompatible.
[2015.11.22-14.22.59:321][  0]LogLinker:Warning: Can't find file '/Game/Geometry/Meshes/1M_Cube'
[2015.11.22-14.22.59:321][  0]LogLinker:Warning: Can't find file for asset '/Game/Geometry/Meshes/1M_Cube' while loading ../../../../../../../My Media/UCF Documents/DIG 4725/Game-Files/SuperSpaceArmada/Content/SSA/Blueprints/Objects/Crystal_Spawner.uasset.
[2015.11.22-14.22.59:321][  0]LoadErrors:Error: Error /Game/SSA/Blueprints/Objects/Crystal_Spawner : Can't find file for asset. /Game/Geometry/Meshes/1M_Cube
[2015.11.22-14.22.59:322][  0]LogLinker:Warning: Can't find file '/Game/Geometry/Meshes/1M_Cube'
[2015.11.22-14.22.59:322][  0]LogLinker:Warning: Can't find file for asset '/Game/Geometry/Meshes/1M_Cube' while loading ../../../../../../../My Media/UCF Documents/DIG 4725/Game-Files/SuperSpaceArmada/Content/SSA/Blueprints/Objects/Crystal_Spawner.uasset.
[2015.11.22-14.22.59:322][  0]LoadErrors:Error: Error /Game/SSA/Blueprints/Objects/Crystal_Spawner : Can't find file for asset. /Game/Geometry/Meshes/1M_Cube
[2015.11.22-14.22.59:324][  0]LogLinker:Warning: Can't find file '/Game/Geometry/Meshes/1M_Cube'
[2015.11.22-14.22.59:324][  0]LogLinker:Warning: Can't find file for asset '/Game/Geometry/Meshes/1M_Cube' while loading ../../../../../../../My Media/UCF Documents/DIG 4725/Game-Files/SuperSpaceArmada/Content/SSA/Maps/Home_Kratakos.umap.
[2015.11.22-14.22.59:324][  0]LoadErrors:Error: Error /Game/SSA/Maps/Home_Kratakos : Can't find file for asset. /Game/Geometry/Meshes/1M_Cube
[2015.11.22-14.22.59:324][  0]LogLinker:Warning: Can't find file '/Game/Geometry/Meshes/1M_Cube'
[2015.11.22-14.22.59:324][  0]LogLinker:Warning: Can't find file for asset '/Game/Geometry/Meshes/1M_Cube' while loading ../../../../../../../My Media/UCF Documents/DIG 4725/Game-Files/SuperSpaceArmada/Content/SSA/Maps/Home_Kratakos.umap.
[2015.11.22-14.22.59:324][  0]LoadErrors:Error: Error /Game/SSA/Maps/Home_Kratakos : Can't find file for asset. /Game/Geometry/Meshes/1M_Cube
[2015.11.22-14.22.59:325][  0]LogLinker:Warning: Can't find file '/Game/Geometry/Meshes/1M_Cube'
[2015.11.22-14.22.59:325][  0]LoadErrors: Info Failed to load /Game/Geometry/Meshes/1M_Cube.1M_Cube Referenced by StaticMeshComponent0
[2015.11.22-14.22.59:325][  0]LogLinker:Warning: Can't find file for asset '/Game/Geometry/Meshes/1M_Cube' while loading ../../../../../../../My Media/UCF Documents/DIG 4725/Game-Files/SuperSpaceArmada/Content/SSA/Maps/Home_Kratakos.umap.
[2015.11.22-14.22.59:325][  0]LoadErrors: Info Failed to load /Game/Geometry/Meshes/1M_Cube.1M_Cube Referenced by StaticMeshComponent0
[2015.11.22-14.22.59:325][  0]LoadErrors:Error: Error /Game/SSA/Maps/Home_Kratakos : Can't find file for asset. /Game/Geometry/Meshes/1M_Cube
[2015.11.22-14.23.05:470][  0]LogAudioDerivedData:Display: Building compressed audio format OGG wave MainMenu_Music...
[2015.11.22-14.23.06:871][  0]LogAudioDerivedData:Display: Building compressed audio format OGG wave Kratakos_CombatMusic...
[2015.11.22-14.23.07:703][  0]LogAIModule: Creating AISystem for world Home_Kratakos
[2015.11.22-14.23.08:311][  0]LogEditorServer: Finished looking for orphan Actors (0.000 secs)
[2015.11.22-14.23.08:317][  0]Cmd: MAP CHECKDEP NOCLEARLOG
[2015.11.22-14.23.08:392][  0]MapCheck: Info Map check complete: 0 Error(s), 0 Warning(s), took 75.091ms to complete.
[2015.11.22-14.23.08:392][  0]LogFileHelpers: Loading map 'Home_Kratakos' took 26.330
[2015.11.22-14.23.08:848][  0]LogCollectionManager: Loaded 0 collections in 0.001189 seconds
[2015.11.22-14.23.08:910][  0]LogFileCache: Scanning file cache for directory 'F:/My Media/UCF Documents/DIG 4725/Game-Files/SuperSpaceArmada/Saved/Collections/' took 0.01s
[2015.11.22-14.23.08:910][  0]LogFileCache: Scanning file cache for directory 'F:/My Media/UCF Documents/DIG 4725/Game-Files/SuperSpaceArmada/Content/Developers/aehrlich92/Collections/' took 0.01s
[2015.11.22-14.23.08:910][  0]LogFileCache: Scanning file cache for directory 'F:/My Media/UCF Documents/DIG 4725/Game-Files/SuperSpaceArmada/Content/Collections/' took 0.01s
[2015.11.22-14.23.08:910][  0]LogContentBrowser: Native class hierarchy populated in 0.0261 seconds. Added 1882 classes and 339 folders.
[2015.11.22-14.23.08:932][  0]LogCollectionManager: Rebuilt the GUID cache for 0 collections in 0.000011 seconds
[2015.11.22-14.23.08:941][  0]LogContentBrowser: Native class hierarchy updated for 'WidgetCarousel' in 0.0005 seconds. Added 0 classes and 0 folders.
[2015.11.22-14.23.10:578][  0]LogContentBrowser: Native class hierarchy updated for 'AddContentDialog' in 0.0010 seconds. Added 0 classes and 0 folders.
[2015.11.22-14.23.10:670][  0]LogContentBrowser: Native class hierarchy updated for 'SceneOutliner' in 0.0004 seconds. Added 1 classes and 2 folders.
[2015.11.22-14.23.10:814][  0]LogCrashTracker: Crashtracker disabled due to settings.
[2015.11.22-14.23.10:833][  0]LogUObjectGlobals:Warning: Failed to find object 'Class None.'
[2015.11.22-14.23.10:855][  0]LogLoad: Full Startup: 60.74 seconds (BP compile: 1.72 seconds)
[2015.11.22-14.23.10:889][  0]LoadErrors:Error: Error /Game/SSA/Blueprints/Player : Failed import for Player_C /Game/SSA/Blueprints/Player/Player.Default__Player_C
[2015.11.22-14.23.11:298][  0]LogContentStreaming: Texture pool size now 1000 MB
[2015.11.22-14.23.11:835][  0]LogRenderer: Reallocating scene render targets to support 1208x584 (Frame:2).
[2015.11.22-14.23.12:591][ 17]LogAssetRegistry: Asset discovery search completed in 42.0550 seconds
[2015.11.22-14.23.12:591][ 17]LogCollectionManager: Rebuilt the object cache for 0 collections in 0.000000 seconds (found 0 objects)
[2015.11.22-14.23.12:591][ 17]LogCollectionManager: Fixed up redirectors for 0 collections in 0.000027 seconds (updated 0 objects)
[2015.11.22-14.23.17:664][218]LogSynthBenchmark:Display: FSynthBenchmark (V0.95):  requested WorkScale=1.00
[2015.11.22-14.23.17:664][218]LogSynthBenchmark:Display: ===============
[2015.11.22-14.23.17:664][218]LogSynthBenchmark:Display: Main Processor:
[2015.11.22-14.23.17:704][218]LogSynthBenchmark:Display:          ... 0.023426 s/Run 'RayIntersect'
[2015.11.22-14.23.17:704][218]LogSynthBenchmark:Display:          ... 0.016635 s/Run 'Fractal'
[2015.11.22-14.23.17:704][218]LogSynthBenchmark:Display: 
[2015.11.22-14.23.17:704][218]LogSynthBenchmark:Display:   CompiledTarget_x_Bits: 64
[2015.11.22-14.23.17:704][218]LogSynthBenchmark:Display:   UE_BUILD_SHIPPING: 0
[2015.11.22-14.23.17:704][218]LogSynthBenchmark:Display:   UE_BUILD_TEST: 0
[2015.11.22-14.23.17:704][218]LogSynthBenchmark:Display:   UE_BUILD_DEBUG: 0
[2015.11.22-14.23.17:704][218]LogSynthBenchmark:Display:   TotalPhysicalGBRam: 16
[2015.11.22-14.23.17:704][218]LogSynthBenchmark:Display:   NumberOfCores (physical): 4
[2015.11.22-14.23.17:704][218]LogSynthBenchmark:Display:   NumberOfCores (logical): 8
[2015.11.22-14.23.17:704][218]LogSynthBenchmark:Display:   CPU Perf Index 0: 109.3
[2015.11.22-14.23.17:704][218]LogSynthBenchmark:Display:   CPU Perf Index 1: 171.9
[2015.11.22-14.23.17:704][218]LogSynthBenchmark:Display:  
[2015.11.22-14.23.17:704][218]LogSynthBenchmark:Display: Graphics:
[2015.11.22-14.23.17:704][218]LogSynthBenchmark:Display:   Adapter Name: 'NVIDIA GeForce GTX 960'
[2015.11.22-14.23.17:704][218]LogSynthBenchmark:Display:   (On Optimus the name might be wrong, memory should be ok)
[2015.11.22-14.23.17:704][218]LogSynthBenchmark:Display:   Vendor Id: 0x10de
[2015.11.22-14.23.17:704][218]LogSynthBenchmark:Display:   GPU Memory: 1970/0/8162 MB
[2015.11.22-14.23.17:704][218]LogSynthBenchmark:Display:   CPUIndex: 109.3
[2015.11.22-14.23.17:704][218]LogSynthBenchmark:Display:   GPUIndex: -1.$
[2015.11.22-14.23.17:704][218]LogSynthBenchmark:Display: 
[2015.11.22-14.23.17:704][218]LogSynthBenchmark:Display:          ... Total Time: 0.040293 sec
[2015.11.22-14.23.45:599][807]LogAIModule: Creating AISystem for world Menu
[2015.11.22-14.23.45:772][807]Cmd: MAP LOAD FILE="../../../../../../../My Media/UCF Documents/DIG 4725/Game-Files/SuperSpaceArmada/Content/SSA/Maps/Menu.umap" TEMPLATE=0 SHOWPROGRESS=1 FEATURELEVEL=3
[2015.11.22-14.23.45:773][807]LightingResults: New page: Lighting Build
[2015.11.22-14.23.45:787][807]LoadErrors: New page: Loading map: Menu.umap
[2015.11.22-14.23.45:788][807]MapCheck: New page: Map Check
[2015.11.22-14.23.45:788][807]LightingResults: New page: Lighting Build
[2015.11.22-14.23.45:819][807]LogParticles: Destroying 0 GPU particle simulations for FXSystem 0x00000072F6E05940
[2015.11.22-14.23.45:832][807]LogEditorServer: Finished looking for orphan Actors (0.000 secs)
[2015.11.22-14.23.45:877][807]Cmd: MAP CHECKDEP NOCLEARLOG
[2015.11.22-14.23.45:941][807]MapCheck: Info Map check complete: 0 Error(s), 0 Warning(s), took 64.274ms to complete.
[2015.11.22-14.23.45:941][807]LogFileHelpers: Loading map 'Menu' took 0.170
[2015.11.22-14.23.47:157][949]LogBlueprintUserMessages: Early PlayInEditor Detection: Level '/Game/SSA/Maps/Menu.Menu:PersistentLevel' has LevelScriptBlueprint '/Game/SSA/Maps/Menu.Menu:PersistentLevel.Menu' with GeneratedClass '/Game/SSA/Maps/Menu.Menu_C' with ClassGeneratedBy '/Game/SSA/Maps/Menu.Menu:PersistentLevel.Menu'
[2015.11.22-14.23.47:157][949]LogPlayLevel: PlayLevel: No blueprints needed recompiling
[2015.11.22-14.23.47:180][949]PIE: New page: PIE session: Menu (Nov 22, 2015, 4:23:47 AM)
[2015.11.22-14.23.47:181][949]LogPlayLevel: Creating play world package: /Game/SSA/Maps/UEDPIE_0_Menu
[2015.11.22-14.23.47:183][949]LogPlayLevel: PIE: StaticDuplicateObject took: (0.002242s)
[2015.11.22-14.23.47:184][949]LogAIModule: Creating AISystem for world Menu
[2015.11.22-14.23.47:184][949]LogPlayLevel: PIE: World Init took: (0.000378s)
[2015.11.22-14.23.47:184][949]LogPlayLevel: PIE: Created PIE world by copying editor world from /Game/SSA/Maps/Menu.Menu to /Game/SSA/Maps/UEDPIE_0_Menu.Menu (0.002771s)
[2015.11.22-14.23.47:209][949]LogInit: XAudio2 using 'Speakers (Realtek High Definition Audio)' : 8 channels at 48 kHz using 32 bits per sample (channel mask 0x63f)
[2015.11.22-14.23.47:215][949]LogInit: FAudioDevice initialized.
[2015.11.22-14.23.47:351][949]LogWorld: Game class is 'TopDownGameMode_C'
[2015.11.22-14.23.47:370][949]LogWorld: Bringing World /Game/SSA/Maps/UEDPIE_0_Menu.Menu up for play (max tick rate 0) at 2015.11.22-09.23.47
[2015.11.22-14.23.47:370][949]LogActor:Warning: GameSession /Game/SSA/Maps/UEDPIE_0_Menu.Menu:PersistentLevel.GameSession_0 has natively added scene component(s), but none of them were set as the actor's RootComponent - picking one arbitrarily
[2015.11.22-14.23.47:372][949]LogActor:Warning: GameNetworkManager /Game/SSA/Maps/UEDPIE_0_Menu.Menu:PersistentLevel.GameNetworkManager_0 has natively added scene component(s), but none of them were set as the actor's RootComponent - picking one arbitrarily
[2015.11.22-14.23.47:373][949]LogWorld: Bringing up level for play took: 0.003758
[2015.11.22-14.23.47:442][949]PIE: Info Play in editor start time for /Game/SSA/Maps/UEDPIE_0_Menu 0.68
[2015.11.22-14.23.47:442][949]LogBlueprintUserMessages: Late PlayInEditor Detection: Level '/Game/SSA/Maps/Menu.Menu:PersistentLevel' has LevelScriptBlueprint '/Game/SSA/Maps/Menu.Menu:PersistentLevel.Menu' with GeneratedClass '/Game/SSA/Maps/Menu.Menu_C' with ClassGeneratedBy '/Game/SSA/Maps/Menu.Menu:PersistentLevel.Menu'
[2015.11.22-14.23.47:567][950]LogRenderer: Reallocating scene render targets to support 1280x720 (Frame:2691).
[2015.11.22-14.24.03:616][863]LogBlueprintUserMessages: [SSAGameInstance_C_0] saved
[2015.11.22-14.24.05:850][131]LogBlueprintUserMessages: [SSAGameInstance_C_0] saved
[2015.11.22-14.24.05:857][132]LogBlueprintUserMessages: Early EndPlayMap Detection: Level '/Game/SSA/Maps/Menu.Menu:PersistentLevel' has LevelScriptBlueprint '/Game/SSA/Maps/Menu.Menu:PersistentLevel.Menu' with GeneratedClass '/Game/SSA/Maps/Menu.Menu_C' with ClassGeneratedBy '/Game/SSA/Maps/Menu.Menu:PersistentLevel.Menu'
[2015.11.22-14.24.05:909][132]LogBlueprintUserMessages: Late EndPlayMap Detection: Level '/Game/SSA/Maps/Menu.Menu:PersistentLevel' has LevelScriptBlueprint '/Game/SSA/Maps/Menu.Menu:PersistentLevel.Menu' with GeneratedClass '/Game/SSA/Maps/Menu.Menu_C' with ClassGeneratedBy '/Game/SSA/Maps/Menu.Menu:PersistentLevel.Menu'
[2015.11.22-14.24.05:940][133]LogParticles: Destroying 0 GPU particle simulations for FXSystem 0x00000072EF2D1A80
[2015.11.22-14.24.07:830][357]LogBlueprintUserMessages: Early PlayInEditor Detection: Level '/Game/SSA/Maps/Menu.Menu:PersistentLevel' has LevelScriptBlueprint '/Game/SSA/Maps/Menu.Menu:PersistentLevel.Menu' with GeneratedClass '/Game/SSA/Maps/Menu.Menu_C' with ClassGeneratedBy '/Game/SSA/Maps/Menu.Menu:PersistentLevel.Menu'
[2015.11.22-14.24.07:830][357]LogPlayLevel: PlayLevel: No blueprints needed recompiling
[2015.11.22-14.24.07:830][357]PIE: New page: PIE session: Menu (Nov 22, 2015, 4:24:07 AM)
[2015.11.22-14.24.07:831][357]LogPlayLevel: Creating play world package: /Game/SSA/Maps/UEDPIE_0_Menu
[2015.11.22-14.24.07:832][357]LogPlayLevel: PIE: StaticDuplicateObject took: (0.001755s)
[2015.11.22-14.24.07:833][357]LogAIModule: Creating AISystem for world Menu
[2015.11.22-14.24.07:833][357]LogPlayLevel: PIE: World Init took: (0.000390s)
[2015.11.22-14.24.07:833][357]LogPlayLevel: PIE: Created PIE world by copying editor world from /Game/SSA/Maps/Menu.Menu to /Game/SSA/Maps/UEDPIE_0_Menu.Menu (0.002271s)
[2015.11.22-14.24.07:850][357]LogInit: XAudio2 using 'Speakers (Realtek High Definition Audio)' : 8 channels at 48 kHz using 32 bits per sample (channel mask 0x63f)
[2015.11.22-14.24.07:856][357]LogInit: FAudioDevice initialized.
[2015.11.22-14.24.07:894][357]LogWorld: Game class is 'TopDownGameMode_C'
[2015.11.22-14.24.07:894][357]LogWorld: Bringing World /Game/SSA/Maps/UEDPIE_0_Menu.Menu up for play (max tick rate 0) at 2015.11.22-09.24.07
[2015.11.22-14.24.07:895][357]LogActor:Warning: GameSession /Game/SSA/Maps/UEDPIE_0_Menu.Menu:PersistentLevel.GameSession_1 has natively added scene component(s), but none of them were set as the actor's RootComponent - picking one arbitrarily
[2015.11.22-14.24.07:895][357]LogActor:Warning: GameNetworkManager /Game/SSA/Maps/UEDPIE_0_Menu.Menu:PersistentLevel.GameNetworkManager_1 has natively added scene component(s), but none of them were set as the actor's RootComponent - picking one arbitrarily
[2015.11.22-14.24.07:895][357]LogWorld: Bringing up level for play took: 0.000527
[2015.11.22-14.24.07:903][357]PIE: Info Play in editor start time for /Game/SSA/Maps/UEDPIE_0_Menu -0.859
[2015.11.22-14.24.07:903][357]LogBlueprintUserMessages: Late PlayInEditor Detection: Level '/Game/SSA/Maps/Menu.Menu:PersistentLevel' has LevelScriptBlueprint '/Game/SSA/Maps/Menu.Menu:PersistentLevel.Menu' with GeneratedClass '/Game/SSA/Maps/Menu.Menu_C' with ClassGeneratedBy '/Game/SSA/Maps/Menu.Menu:PersistentLevel.Menu'
[2015.11.22-14.24.09:072][493]LogPackageName: SearchForPackageOnDisk took   0.032s to resolve IntroNarrative.umap.
[2015.11.22-14.24.09:110][494]LogPackageName: SearchForPackageOnDisk took   0.031s to resolve IntroNarrative.umap.
[2015.11.22-14.24.09:110][494]LogNet: Browse: /Game/SSA/Maps/Narratives/IntroNarrative
[2015.11.22-14.24.09:112][494]LogLoad: LoadMap: /Game/SSA/Maps/Narratives/IntroNarrative
[2015.11.22-14.24.09:128][494]LogParticles: Destroying 0 GPU particle simulations for FXSystem 0x00000072EEB998A0
[2015.11.22-14.24.09:129][494]Cmd: MEM
[2015.11.22-14.24.09:145][494]LogMemory: Platform Memory Stats for Windows
[2015.11.22-14.24.09:145][494]LogMemory: Process Physical Memory: 956.41 MB used, 974.21 MB peak
[2015.11.22-14.24.09:145][494]LogMemory: Process Virtual Memory: 1611.03 MB used, 1759.95 MB peak
[2015.11.22-14.24.09:145][494]LogMemory: Physical Memory: 7550.36 MB used, 16322.88 MB total
[2015.11.22-14.24.09:145][494]LogMemory: Virtual Memory: 2455.08 MB used, 134217728.00 MB total
[2015.11.22-14.24.09:145][494]LogMemory: 
[2015.11.22-14.24.09:145][494]Allocator Stats for TBB: (not implemented)
[2015.11.22-14.24.14:307][494]LogAIModule: Creating AISystem for world IntroNarrative
[2015.11.22-14.24.14:310][494]LogLinker:Warning: Can't find file '/Game/TopDownBP/Blueprints/TopDownGameMode'
[2015.11.22-14.24.14:310][494]LogLinker:Warning: Can't find file '/Game/TopDownBP/Blueprints/TopDownGameMode'
[2015.11.22-14.24.14:310][494]LogUObjectGlobals:Warning: Failed to find object 'Class /Game/TopDownBP/Blueprints/TopDownGameMode.TopDownGameMode_C'
[2015.11.22-14.24.14:310][494]LogWorld: Game class is 'GameMode'
[2015.11.22-14.24.14:311][494]LogWorld: Bringing World /Game/SSA/Maps/Narratives/UEDPIE_0_IntroNarrative.IntroNarrative up for play (max tick rate 0) at 2015.11.22-09.24.14
[2015.11.22-14.24.14:311][494]LogActor:Warning: GameSession /Game/SSA/Maps/Narratives/UEDPIE_0_IntroNarrative.IntroNarrative:PersistentLevel.GameSession_2 has natively added scene component(s), but none of them were set as the actor's RootComponent - picking one arbitrarily
[2015.11.22-14.24.14:311][494]LogActor:Warning: GameNetworkManager /Game/SSA/Maps/Narratives/UEDPIE_0_IntroNarrative.IntroNarrative:PersistentLevel.GameNetworkManager_2 has natively added scene component(s), but none of them were set as the actor's RootComponent - picking one arbitrarily
[2015.11.22-14.24.14:311][494]LogWorld: Bringing up level for play took: 0.000550
[2015.11.22-14.24.14:311][494]LogGameMode: Warning - PATHS NOT DEFINED or NO PLAYERSTART with positive rating
[2015.11.22-14.24.23:546][562]LogPackageName: SearchForPackageOnDisk took   0.032s to resolve Ship_Selection.umap.
[2015.11.22-14.24.23:577][563]LogPackageName: SearchForPackageOnDisk took   0.031s to resolve Ship_Selection.umap.
[2015.11.22-14.24.23:577][563]LogNet: Browse: /Game/SSA/Maps/Ship_Selection
[2015.11.22-14.24.23:577][563]LogLoad: LoadMap: /Game/SSA/Maps/Ship_Selection
[2015.11.22-14.24.23:595][563]LogParticles: Destroying 0 GPU particle simulations for FXSystem 0x00000072EE54F2E0
[2015.11.22-14.24.23:595][563]Cmd: MEM
[2015.11.22-14.24.23:608][563]LogMemory: Platform Memory Stats for Windows
[2015.11.22-14.24.23:608][563]LogMemory: Process Physical Memory: 1361.75 MB used, 1412.84 MB peak
[2015.11.22-14.24.23:608][563]LogMemory: Process Virtual Memory: 2051.03 MB used, 2154.12 MB peak
[2015.11.22-14.24.23:608][563]LogMemory: Physical Memory: 7890.46 MB used, 16322.88 MB total
[2015.11.22-14.24.23:608][563]LogMemory: Virtual Memory: 2893.18 MB used, 134217728.00 MB total
[2015.11.22-14.24.23:608][563]LogMemory: 
[2015.11.22-14.24.23:608][563]Allocator Stats for TBB: (not implemented)
[2015.11.22-14.24.23:768][563]LogLinker:Warning: Asset '../../../../../../../My Media/UCF Documents/DIG 4725/Game-Files/SuperSpaceArmada/Content/Mannequin/Animations/ThirdPerson_AnimBP.uasset' has been saved with empty engine version. The asset will be loaded but may be incompatible.
[2015.11.22-14.24.23:769][563]LogLinker:Warning: Asset '../../../../../../../My Media/UCF Documents/DIG 4725/Game-Files/SuperSpaceArmada/Content/Mannequin/Animations/ThirdPerson_Jump.uasset' has been saved with empty engine version. The asset will be loaded but may be incompatible.
[2015.11.22-14.24.23:770][563]LogLinker:Warning: Asset '../../../../../../../My Media/UCF Documents/DIG 4725/Game-Files/SuperSpaceArmada/Content/Mannequin/Animations/ThirdPersonJump_Loop.uasset' has been saved with empty engine version. The asset will be loaded but may be incompatible.
[2015.11.22-14.24.23:770][563]LogLinker:Warning: Asset '../../../../../../../My Media/UCF Documents/DIG 4725/Game-Files/SuperSpaceArmada/Content/Mannequin/Animations/ThirdPersonJump_Start.uasset' has been saved with empty engine version. The asset will be loaded but may be incompatible.
[2015.11.22-14.24.23:771][563]LogLinker:Warning: Asset '../../../../../../../My Media/UCF Documents/DIG 4725/Game-Files/SuperSpaceArmada/Content/Mannequin/Animations/ThirdPerson_IdleRun_2D.uasset' has been saved with empty engine version. The asset will be loaded but may be incompatible.
[2015.11.22-14.24.23:771][563]LogLinker:Warning: Asset '../../../../../../../My Media/UCF Documents/DIG 4725/Game-Files/SuperSpaceArmada/Content/Mannequin/Animations/ThirdPersonIdle.uasset' has been saved with empty engine version. The asset will be loaded but may be incompatible.
[2015.11.22-14.24.23:771][563]LogLinker:Warning: Asset '../../../../../../../My Media/UCF Documents/DIG 4725/Game-Files/SuperSpaceArmada/Content/Mannequin/Animations/ThirdPersonRun.uasset' has been saved with empty engine version. The asset will be loaded but may be incompatible.
[2015.11.22-14.24.23:773][563]LogLinker:Warning: Asset '../../../../../../../My Media/UCF Documents/DIG 4725/Game-Files/SuperSpaceArmada/Content/Mannequin/Animations/ThirdPersonWalk.uasset' has been saved with empty engine version. The asset will be loaded but may be incompatible.
[2015.11.22-14.24.24:479][563]LogAudioDerivedData:Display: Building compressed audio format OGG wave Cephalon_Ship_Purchase...
[2015.11.22-14.24.24:515][563]LogAudioDerivedData:Display: Building compressed audio format OGG wave Dragomir_Ship_Purchase...
[2015.11.22-14.24.24:540][563]LogAudioDerivedData:Display: Building compressed audio format OGG wave Hive_Ship_Purchase...
[2015.11.22-14.24.24:578][563]LogAudioDerivedData:Display: Building compressed audio format OGG wave Vultaari_Ship_Select...
[2015.11.22-14.24.24:600][563]LogAudioDerivedData:Display: Building compressed audio format OGG wave Human_Ship_Select...
[2015.11.22-14.24.24:624][563]LogAudioDerivedData:Display: Building compressed audio format OGG wave Kratakos_Ship_Select...
[2015.11.22-14.24.24:677][563]LogAudioDerivedData:Display: Building compressed audio format OGG wave Human_Ship_Purchase...
[2015.11.22-14.24.24:693][563]LogAudioDerivedData:Display: Building compressed audio format OGG wave Kratakos_Ship_Purchase...
[2015.11.22-14.24.24:731][563]LogAudioDerivedData:Display: Building compressed audio format OGG wave Vultaari_Ship_Purchase...
[2015.11.22-14.24.24:758][563]LogAudioDerivedData:Display: Building compressed audio format OGG wave Hive_Ship_Select...
[2015.11.22-14.24.24:820][563]LogAudioDerivedData:Display: Building compressed audio format OGG wave Cephalon_Ship_Select...
[2015.11.22-14.24.24:859][563]LogAudioDerivedData:Display: Building compressed audio format OGG wave Dragomir_Ship_Select...
[2015.11.22-14.24.25:203][563]LogAIModule: Creating AISystem for world Ship_Selection
[2015.11.22-14.24.25:204][563]LogLinker:Warning: Can't find file '/Game/TopDownBP/Blueprints/TopDownGameMode'
[2015.11.22-14.24.25:204][563]LogLinker:Warning: Can't find file '/Game/TopDownBP/Blueprints/TopDownGameMode'
[2015.11.22-14.24.25:205][563]LogUObjectGlobals:Warning: Failed to find object 'Class /Game/TopDownBP/Blueprints/TopDownGameMode.TopDownGameMode_C'
[2015.11.22-14.24.25:205][563]LogWorld: Game class is 'GameMode'
[2015.11.22-14.24.25:236][563]LogWorld: Bringing World /Game/SSA/Maps/UEDPIE_0_Ship_Selection.Ship_Selection up for play (max tick rate 0) at 2015.11.22-09.24.25
[2015.11.22-14.24.25:236][563]LogActor:Warning: GameSession /Game/SSA/Maps/UEDPIE_0_Ship_Selection.Ship_Selection:PersistentLevel.GameSession_3 has natively added scene component(s), but none of them were set as the actor's RootComponent - picking one arbitrarily
[2015.11.22-14.24.25:236][563]LogActor:Warning: GameNetworkManager /Game/SSA/Maps/UEDPIE_0_Ship_Selection.Ship_Selection:PersistentLevel.GameNetworkManager_3 has natively added scene component(s), but none of them were set as the actor's RootComponent - picking one arbitrarily
[2015.11.22-14.24.25:254][563]LogWorld: Bringing up level for play took: 0.047682
[2015.11.22-14.24.25:255][563]LogGameMode: Warning - PATHS NOT DEFINED or NO PLAYERSTART with positive rating
[2015.11.22-14.24.25:258][563]LogBlueprintUserMessages: [SparklerCharacter_C_1] Hello
[2015.11.22-14.24.25:329][564]LoadErrors:Error: Error /Game/SSA/Blueprints/Player : Failed import for Player_C /Game/SSA/Blueprints/Player/Player.Default__Player_C
[2015.11.22-14.24.48:383][320]LogBlueprintUserMessages: [Ship_Selection_C_0] Not enough PP
[2015.11.22-14.24.49:821][492]LogBlueprintUserMessages: [Ship_Selection_C_0] Not enough PP
[2015.11.22-14.24.50:805][610]LogBlueprintUserMessages: [Ship_Selection_C_0] Not enough PP
[2015.11.22-14.24.51:163][653]LogBlueprintUserMessages: [Ship_Selection_C_0] Not enough PP
[2015.11.22-14.24.52:402][802]LogBlueprintUserMessages: Early EndPlayMap Detection: Level '/Game/SSA/Maps/Menu.Menu:PersistentLevel' has LevelScriptBlueprint '/Game/SSA/Maps/Menu.Menu:PersistentLevel.Menu' with GeneratedClass '/Game/SSA/Maps/Menu.Menu_C' with ClassGeneratedBy '/Game/SSA/Maps/Menu.Menu:PersistentLevel.Menu'
[2015.11.22-14.24.52:455][802]LogBlueprintUserMessages: Late EndPlayMap Detection: Level '/Game/SSA/Maps/Menu.Menu:PersistentLevel' has LevelScriptBlueprint '/Game/SSA/Maps/Menu.Menu:PersistentLevel.Menu' with GeneratedClass '/Game/SSA/Maps/Menu.Menu_C' with ClassGeneratedBy '/Game/SSA/Maps/Menu.Menu:PersistentLevel.Menu'
[2015.11.22-14.24.52:474][802]LogParticles: Destroying 0 GPU particle simulations for FXSystem 0x00000072ECE06520
[2015.11.22-14.24.54:600][ 47]LogLinker:Warning: Asset '../../../../../../../My Media/UCF Documents/DIG 4725/Game-Files/SuperSpaceArmada/Content/Mannequin/Animations/ThirdPerson_AnimBP.uasset' has been saved with empty engine version. The asset will be loaded but may be incompatible.
[2015.11.22-14.24.54:601][ 47]LogLinker:Warning: Asset '../../../../../../../My Media/UCF Documents/DIG 4725/Game-Files/SuperSpaceArmada/Content/Mannequin/Animations/ThirdPerson_Jump.uasset' has been saved with empty engine version. The asset will be loaded but may be incompatible.
[2015.11.22-14.24.54:602][ 47]LogLinker:Warning: Asset '../../../../../../../My Media/UCF Documents/DIG 4725/Game-Files/SuperSpaceArmada/Content/Mannequin/Animations/ThirdPersonJump_Loop.uasset' has been saved with empty engine version. The asset will be loaded but may be incompatible.
[2015.11.22-14.24.54:602][ 47]LogLinker:Warning: Asset '../../../../../../../My Media/UCF Documents/DIG 4725/Game-Files/SuperSpaceArmada/Content/Mannequin/Animations/ThirdPersonJump_Start.uasset' has been saved with empty engine version. The asset will be loaded but may be incompatible.
[2015.11.22-14.24.54:603][ 47]LogLinker:Warning: Asset '../../../../../../../My Media/UCF Documents/DIG 4725/Game-Files/SuperSpaceArmada/Content/Mannequin/Animations/ThirdPerson_IdleRun_2D.uasset' has been saved with empty engine version. The asset will be loaded but may be incompatible.
[2015.11.22-14.24.54:603][ 47]LogLinker:Warning: Asset '../../../../../../../My Media/UCF Documents/DIG 4725/Game-Files/SuperSpaceArmada/Content/Mannequin/Animations/ThirdPersonIdle.uasset' has been saved with empty engine version. The asset will be loaded but may be incompatible.
[2015.11.22-14.24.54:604][ 47]LogLinker:Warning: Asset '../../../../../../../My Media/UCF Documents/DIG 4725/Game-Files/SuperSpaceArmada/Content/Mannequin/Animations/ThirdPersonRun.uasset' has been saved with empty engine version. The asset will be loaded but may be incompatible.
[2015.11.22-14.24.54:604][ 47]LogLinker:Warning: Asset '../../../../../../../My Media/UCF Documents/DIG 4725/Game-Files/SuperSpaceArmada/Content/Mannequin/Animations/ThirdPersonWalk.uasset' has been saved with empty engine version. The asset will be loaded but may be incompatible.
[2015.11.22-14.24.54:895][ 47]LogAIModule: Creating AISystem for world Ship_Selection
[2015.11.22-14.24.54:915][ 47]Cmd: MAP LOAD FILE="../../../../../../../My Media/UCF Documents/DIG 4725/Game-Files/SuperSpaceArmada/Content/SSA/Maps/Ship_Selection.umap" TEMPLATE=0 SHOWPROGRESS=1 FEATURELEVEL=3
[2015.11.22-14.24.54:915][ 47]LightingResults: New page: Lighting Build
[2015.11.22-14.24.54:931][ 47]LoadErrors: New page: Loading map: Ship_Selection.umap
[2015.11.22-14.24.54:931][ 47]MapCheck: New page: Map Check
[2015.11.22-14.24.54:931][ 47]LightingResults: New page: Lighting Build
[2015.11.22-14.24.54:944][ 47]LogParticles: Destroying 0 GPU particle simulations for FXSystem 0x00000072FBDF9A80
[2015.11.22-14.24.54:962][ 47]LogEditorServer: Finished looking for orphan Actors (0.000 secs)
[2015.11.22-14.24.55:008][ 47]Cmd: MAP CHECKDEP NOCLEARLOG
[2015.11.22-14.24.55:080][ 47]MapCheck: Info Map check complete: 0 Error(s), 0 Warning(s), took 71.57ms to complete.
[2015.11.22-14.24.55:080][ 47]LogFileHelpers: Loading map 'Ship_Selection' took 0.166
[2015.11.22-14.24.55:083][ 47]LoadErrors:Error: Error /Game/SSA/Blueprints/Player : Failed import for Player_C /Game/SSA/Blueprints/Player/Player.Default__Player_C
[2015.11.22-14.24.55:958][146]LogBlueprintUserMessages: Early PlayInEditor Detection: Level '/Game/SSA/Maps/Ship_Selection.Ship_Selection:PersistentLevel' has LevelScriptBlueprint '/Game/SSA/Maps/Ship_Selection.Ship_Selection:PersistentLevel.Ship_Selection' with GeneratedClass '/Game/SSA/Maps/Ship_Selection.Ship_Selection_C' with ClassGeneratedBy '/Game/SSA/Maps/Ship_Selection.Ship_Selection:PersistentLevel.Ship_Selection'
[2015.11.22-14.24.55:958][146]LogPlayLevel: PlayLevel: No blueprints needed recompiling
[2015.11.22-14.24.55:958][146]PIE: New page: PIE session: Ship_Selection (Nov 22, 2015, 4:24:55 AM)
[2015.11.22-14.24.55:958][146]LogPlayLevel: Creating play world package: /Game/SSA/Maps/UEDPIE_0_Ship_Selection
[2015.11.22-14.24.55:961][146]LogPlayLevel: PIE: StaticDuplicateObject took: (0.002988s)
[2015.11.22-14.24.55:961][146]LogAIModule: Creating AISystem for world Ship_Selection
[2015.11.22-14.24.55:961][146]LogPlayLevel: PIE: World Init took: (0.000363s)
[2015.11.22-14.24.55:961][146]LogPlayLevel: PIE: Created PIE world by copying editor world from /Game/SSA/Maps/Ship_Selection.Ship_Selection to /Game/SSA/Maps/UEDPIE_0_Ship_Selection.Ship_Selection (0.003482s)
[2015.11.22-14.24.55:981][146]LogInit: XAudio2 using 'Speakers (Realtek High Definition Audio)' : 8 channels at 48 kHz using 32 bits per sample (channel mask 0x63f)
[2015.11.22-14.24.55:987][146]LogInit: FAudioDevice initialized.
[2015.11.22-14.24.56:029][146]LogLinker:Warning: Can't find file '/Game/TopDownBP/Blueprints/TopDownGameMode'
[2015.11.22-14.24.56:029][146]LogLinker:Warning: Can't find file '/Game/TopDownBP/Blueprints/TopDownGameMode'
[2015.11.22-14.24.56:029][146]LogUObjectGlobals:Warning: Failed to find object 'Class /Game/TopDownBP/Blueprints/TopDownGameMode.TopDownGameMode_C'
[2015.11.22-14.24.56:029][146]LogWorld: Game class is 'GameMode'
[2015.11.22-14.24.56:031][146]LogWorld: Bringing World /Game/SSA/Maps/UEDPIE_0_Ship_Selection.Ship_Selection up for play (max tick rate 0) at 2015.11.22-09.24.56
[2015.11.22-14.24.56:031][146]LogActor:Warning: GameSession /Game/SSA/Maps/UEDPIE_0_Ship_Selection.Ship_Selection:PersistentLevel.GameSession_4 has natively added scene component(s), but none of them were set as the actor's RootComponent - picking one arbitrarily
[2015.11.22-14.24.56:031][146]LogActor:Warning: GameNetworkManager /Game/SSA/Maps/UEDPIE_0_Ship_Selection.Ship_Selection:PersistentLevel.GameNetworkManager_4 has natively added scene component(s), but none of them were set as the actor's RootComponent - picking one arbitrarily
[2015.11.22-14.24.56:031][146]LogWorld: Bringing up level for play took: 0.001775
[2015.11.22-14.24.56:033][146]LogBlueprintUserMessages: [SparklerCharacter_C_1] Hello
[2015.11.22-14.24.56:042][146]PIE: Info Play in editor start time for /Game/SSA/Maps/UEDPIE_0_Ship_Selection -0.719
[2015.11.22-14.24.56:042][146]LogBlueprintUserMessages: Late PlayInEditor Detection: Level '/Game/SSA/Maps/Ship_Selection.Ship_Selection:PersistentLevel' has LevelScriptBlueprint '/Game/SSA/Maps/Ship_Selection.Ship_Selection:PersistentLevel.Ship_Selection' with GeneratedClass '/Game/SSA/Maps/Ship_Selection.Ship_Selection_C' with ClassGeneratedBy '/Game/SSA/Maps/Ship_Selection.Ship_Selection:PersistentLevel.Ship_Selection'
[2015.11.22-14.25.00:396][665]LogBlueprintUserMessages: [Ship_Selection_C_1] Not enough PP
[2015.11.22-14.25.00:755][708]LogBlueprintUserMessages: [Ship_Selection_C_1] Not enough PP
[2015.11.22-14.25.01:512][799]LogBlueprintUserMessages: Early EndPlayMap Detection: Level '/Game/SSA/Maps/Ship_Selection.Ship_Selection:PersistentLevel' has LevelScriptBlueprint '/Game/SSA/Maps/Ship_Selection.Ship_Selection:PersistentLevel.Ship_Selection' with GeneratedClass '/Game/SSA/Maps/Ship_Selection.Ship_Selection_C' with ClassGeneratedBy '/Game/SSA/Maps/Ship_Selection.Ship_Selection:PersistentLevel.Ship_Selection'
[2015.11.22-14.25.01:576][799]LogBlueprintUserMessages: Late EndPlayMap Detection: Level '/Game/SSA/Maps/Ship_Selection.Ship_Selection:PersistentLevel' has LevelScriptBlueprint '/Game/SSA/Maps/Ship_Selection.Ship_Selection:PersistentLevel.Ship_Selection' with GeneratedClass '/Game/SSA/Maps/Ship_Selection.Ship_Selection_C' with ClassGeneratedBy '/Game/SSA/Maps/Ship_Selection.Ship_Selection:PersistentLevel.Ship_Selection'
[2015.11.22-14.25.01:591][799]LogParticles: Destroying 0 GPU particle simulations for FXSystem 0x00000072EDC1E200
[2015.11.22-14.25.02:411][894]LogBlueprintUserMessages: Early PlayInEditor Detection: Level '/Game/SSA/Maps/Ship_Selection.Ship_Selection:PersistentLevel' has LevelScriptBlueprint '/Game/SSA/Maps/Ship_Selection.Ship_Selection:PersistentLevel.Ship_Selection' with GeneratedClass '/Game/SSA/Maps/Ship_Selection.Ship_Selection_C' with ClassGeneratedBy '/Game/SSA/Maps/Ship_Selection.Ship_Selection:PersistentLevel.Ship_Selection'
[2015.11.22-14.25.02:411][894]LogPlayLevel: PlayLevel: No blueprints needed recompiling
[2015.11.22-14.25.02:411][894]PIE: New page: PIE session: Ship_Selection (Nov 22, 2015, 4:25:02 AM)
[2015.11.22-14.25.02:411][894]LogPlayLevel: Creating play world package: /Game/SSA/Maps/UEDPIE_0_Ship_Selection
[2015.11.22-14.25.02:414][894]LogPlayLevel: PIE: StaticDuplicateObject took: (0.002591s)
[2015.11.22-14.25.02:414][894]LogAIModule: Creating AISystem for world Ship_Selection
[2015.11.22-14.25.02:414][894]LogPlayLevel: PIE: World Init took: (0.000359s)
[2015.11.22-14.25.02:414][894]LogPlayLevel: PIE: Created PIE world by copying editor world from /Game/SSA/Maps/Ship_Selection.Ship_Selection to /Game/SSA/Maps/UEDPIE_0_Ship_Selection.Ship_Selection (0.003081s)
[2015.11.22-14.25.02:432][894]LogInit: XAudio2 using 'Speakers (Realtek High Definition Audio)' : 8 channels at 48 kHz using 32 bits per sample (channel mask 0x63f)
[2015.11.22-14.25.02:438][894]LogInit: FAudioDevice initialized.
[2015.11.22-14.25.02:474][894]LogLinker:Warning: Can't find file '/Game/TopDownBP/Blueprints/TopDownGameMode'
[2015.11.22-14.25.02:474][894]LogLinker:Warning: Can't find file '/Game/TopDownBP/Blueprints/TopDownGameMode'
[2015.11.22-14.25.02:474][894]LogUObjectGlobals:Warning: Failed to find object 'Class /Game/TopDownBP/Blueprints/TopDownGameMode.TopDownGameMode_C'
[2015.11.22-14.25.02:474][894]LogWorld: Game class is 'GameMode'
[2015.11.22-14.25.02:476][894]LogWorld: Bringing World /Game/SSA/Maps/UEDPIE_0_Ship_Selection.Ship_Selection up for play (max tick rate 0) at 2015.11.22-09.25.02
[2015.11.22-14.25.02:476][894]LogActor:Warning: GameSession /Game/SSA/Maps/UEDPIE_0_Ship_Selection.Ship_Selection:PersistentLevel.GameSession_5 has natively added scene component(s), but none of them were set as the actor's RootComponent - picking one arbitrarily
[2015.11.22-14.25.02:476][894]LogActor:Warning: GameNetworkManager /Game/SSA/Maps/UEDPIE_0_Ship_Selection.Ship_Selection:PersistentLevel.GameNetworkManager_5 has natively added scene component(s), but none of them were set as the actor's RootComponent - picking one arbitrarily
[2015.11.22-14.25.02:476][894]LogWorld: Bringing up level for play took: 0.001704
[2015.11.22-14.25.02:477][894]LogBlueprintUserMessages: [SparklerCharacter_C_1] Hello
[2015.11.22-14.25.02:486][894]PIE: Info Play in editor start time for /Game/SSA/Maps/UEDPIE_0_Ship_Selection -0.275
[2015.11.22-14.25.02:486][894]LogBlueprintUserMessages: Late PlayInEditor Detection: Level '/Game/SSA/Maps/Ship_Selection.Ship_Selection:PersistentLevel' has LevelScriptBlueprint '/Game/SSA/Maps/Ship_Selection.Ship_Selection:PersistentLevel.Ship_Selection' with GeneratedClass '/Game/SSA/Maps/Ship_Selection.Ship_Selection_C' with ClassGeneratedBy '/Game/SSA/Maps/Ship_Selection.Ship_Selection:PersistentLevel.Ship_Selection'
[2015.11.22-14.25.04:297][110]LogBlueprintUserMessages: [Ship_Selection_C_2] Not enough PP
[2015.11.22-14.25.04:797][170]LogBlueprintUserMessages: [Ship_Selection_C_2] Not enough PP
[2015.11.22-14.25.09:515][732]LogBlueprintUserMessages: Early EndPlayMap Detection: Level '/Game/SSA/Maps/Ship_Selection.Ship_Selection:PersistentLevel' has LevelScriptBlueprint '/Game/SSA/Maps/Ship_Selection.Ship_Selection:PersistentLevel.Ship_Selection' with GeneratedClass '/Game/SSA/Maps/Ship_Selection.Ship_Selection_C' with ClassGeneratedBy '/Game/SSA/Maps/Ship_Selection.Ship_Selection:PersistentLevel.Ship_Selection'
[2015.11.22-14.25.09:546][732]LogBlueprintUserMessages: Late EndPlayMap Detection: Level '/Game/SSA/Maps/Ship_Selection.Ship_Selection:PersistentLevel' has LevelScriptBlueprint '/Game/SSA/Maps/Ship_Selection.Ship_Selection:PersistentLevel.Ship_Selection' with GeneratedClass '/Game/SSA/Maps/Ship_Selection.Ship_Selection_C' with ClassGeneratedBy '/Game/SSA/Maps/Ship_Selection.Ship_Selection:PersistentLevel.Ship_Selection'
[2015.11.22-14.25.09:572][733]LogParticles: Destroying 0 GPU particle simulations for FXSystem 0x00000072ED6EB600
[2015.11.22-14.25.18:831][835]LogLinker:Warning: Can't find file '/Game/Geometry/Meshes/1M_Cube'
[2015.11.22-14.25.18:831][835]LogLinker:Warning: Can't find file for asset '/Game/Geometry/Meshes/1M_Cube' while loading ../../../../../../../My Media/UCF Documents/DIG 4725/Game-Files/SuperSpaceArmada/Content/SSA/Blueprints/Objects/Crystal_Spawner.uasset.
[2015.11.22-14.25.18:831][835]LoadErrors:Error: Error /Game/SSA/Blueprints/Objects/Crystal_Spawner : Can't find file for asset. /Game/Geometry/Meshes/1M_Cube
[2015.11.22-14.25.18:832][835]LogLinker:Warning: Can't find file '/Game/Geometry/Meshes/1M_Cube'
[2015.11.22-14.25.18:832][835]LogLinker:Warning: Can't find file for asset '/Game/Geometry/Meshes/1M_Cube' while loading ../../../../../../../My Media/UCF Documents/DIG 4725/Game-Files/SuperSpaceArmada/Content/SSA/Blueprints/Objects/Crystal_Spawner.uasset.
[2015.11.22-14.25.19:253][835]LogTexture:Display: Building textures: DragomirStarScape (AutoDXT)
[2015.11.22-14.25.21:438][835]LogAudioDerivedData:Display: Building compressed audio format OGG wave Dragomir_CombatMusic...
[2015.11.22-14.25.22:610][835]LogMaterial: Missing cached shader map for material DragomirStar, compiling. 
[2015.11.22-14.25.22:692][835]LogAIModule: Creating AISystem for world Home_Dragomir
[2015.11.22-14.25.22:692][835]LogParticles:Warning: InitializeSystem called on an unregistered component. Template=/Game/Effects/Particles/P_Radiation_Long.P_Radiation_Long Component=/Game/SSA/Maps/Home_Dragomir.Home_Dragomir:PersistentLevel.P_Radiation_Long_2.ParticleSystemComponent0
[2015.11.22-14.25.22:692][835]LogParticles:Warning: InitializeSystem called on an unregistered component. Template=/Game/Effects/Particles/P_Radiation_Long.P_Radiation_Long Component=/Game/SSA/Maps/Home_Dragomir.Home_Dragomir:PersistentLevel.P_Radiation_Long2.ParticleSystemComponent0
[2015.11.22-14.25.22:693][835]LogParticles:Warning: InitializeSystem called on an unregistered component. Template=/Game/Effects/Particles/P_Radiation_Long.P_Radiation_Long Component=/Game/SSA/Maps/Home_Dragomir.Home_Dragomir:PersistentLevel.P_Radiation_Long3.ParticleSystemComponent0
[2015.11.22-14.25.22:693][835]LogParticles:Warning: InitializeSystem called on an unregistered component. Template=/Game/Effects/Particles/P_Radiation_Long.P_Radiation_Long Component=/Game/SSA/Maps/Home_Dragomir.Home_Dragomir:PersistentLevel.P_Radiation_Long4.ParticleSystemComponent0
[2015.11.22-14.25.22:693][835]LogParticles:Warning: InitializeSystem called on an unregistered component. Template=/Game/Effects/Particles/P_Stars.P_Stars Component=/Game/SSA/Maps/Home_Dragomir.Home_Dragomir:PersistentLevel.P_Stars_2.ParticleSystemComponent0
[2015.11.22-14.25.22:724][835]Cmd: MAP LOAD FILE="../../../../../../../My Media/UCF Documents/DIG 4725/Game-Files/SuperSpaceArmada/Content/SSA/Maps/Home_Dragomir.umap" TEMPLATE=0 SHOWPROGRESS=1 FEATURELEVEL=3
[2015.11.22-14.25.22:724][835]LightingResults: New page: Lighting Build
[2015.11.22-14.25.22:739][835]LoadErrors: New page: Loading map: Home_Dragomir.umap
[2015.11.22-14.25.22:739][835]MapCheck: New page: Map Check
[2015.11.22-14.25.22:739][835]LightingResults: New page: Lighting Build
[2015.11.22-14.25.22:753][835]LogParticles: Destroying 0 GPU particle simulations for FXSystem 0x00000072A0DCFB00
[2015.11.22-14.25.22:758][835]LogEditorServer: Finished looking for orphan Actors (0.000 secs)
[2015.11.22-14.25.22:802][835]Cmd: MAP CHECKDEP NOCLEARLOG
[2015.11.22-14.25.22:895][835]MapCheck: Info Map check complete: 0 Error(s), 0 Warning(s), took 92.929ms to complete.
[2015.11.22-14.25.22:895][835]LogFileHelpers: Loading map 'Home_Dragomir' took 0.173
[2015.11.22-14.25.23:709][905]LogBlueprintUserMessages: Early PlayInEditor Detection: Level '/Game/SSA/Maps/Home_Dragomir.Home_Dragomir:PersistentLevel' has LevelScriptBlueprint '/Game/SSA/Maps/Home_Dragomir.Home_Dragomir:PersistentLevel.Home_Dragomir' with GeneratedClass '/Game/SSA/Maps/Home_Dragomir.Home_Dragomir_C' with ClassGeneratedBy '/Game/SSA/Maps/Home_Dragomir.Home_Dragomir:PersistentLevel.Home_Dragomir'
[2015.11.22-14.25.23:709][905]LogPlayLevel: PlayLevel: No blueprints needed recompiling
[2015.11.22-14.25.23:709][905]PIE: New page: PIE session: Home_Dragomir (Nov 22, 2015, 4:25:23 AM)
[2015.11.22-14.25.23:709][905]LogPlayLevel: Creating play world package: /Game/SSA/Maps/UEDPIE_0_Home_Dragomir
[2015.11.22-14.25.23:774][905]LogPlayLevel: PIE: StaticDuplicateObject took: (0.064432s)
[2015.11.22-14.25.23:774][905]LogAIModule: Creating AISystem for world Home_Dragomir
[2015.11.22-14.25.23:774][905]LogPlayLevel: PIE: World Init took: (0.000581s)
[2015.11.22-14.25.23:775][905]LogPlayLevel: PIE: Created PIE world by copying editor world from /Game/SSA/Maps/Home_Dragomir.Home_Dragomir to /Game/SSA/Maps/UEDPIE_0_Home_Dragomir.Home_Dragomir (0.065217s)
[2015.11.22-14.25.23:803][905]LogInit: XAudio2 using 'Speakers (Realtek High Definition Audio)' : 8 channels at 48 kHz using 32 bits per sample (channel mask 0x63f)
[2015.11.22-14.25.23:811][905]LogInit: FAudioDevice initialized.
[2015.11.22-14.25.23:833][905]LogWorld: Game class is 'TopDownGameMode_C'
[2015.11.22-14.25.23:836][905]LogWorld:Warning: *** WARNING - PATHS MAY NOT BE VALID ***
[2015.11.22-14.25.23:836][905]LogWorld: Bringing World /Game/SSA/Maps/UEDPIE_0_Home_Dragomir.Home_Dragomir up for play (max tick rate 0) at 2015.11.22-09.25.23
[2015.11.22-14.25.23:836][905]LogActor:Warning: GameSession /Game/SSA/Maps/UEDPIE_0_Home_Dragomir.Home_Dragomir:PersistentLevel.GameSession_6 has natively added scene component(s), but none of them were set as the actor's RootComponent - picking one arbitrarily
[2015.11.22-14.25.23:837][905]LogActor:Warning: GameNetworkManager /Game/SSA/Maps/UEDPIE_0_Home_Dragomir.Home_Dragomir:PersistentLevel.GameNetworkManager_6 has natively added scene component(s), but none of them were set as the actor's RootComponent - picking one arbitrarily
[2015.11.22-14.25.23:837][905]LogWorld: Bringing up level for play took: 0.003460
[2015.11.22-14.25.23:876][905]PIE: Info Play in editor start time for /Game/SSA/Maps/UEDPIE_0_Home_Dragomir 1.115
[2015.11.22-14.25.23:877][905]LogBlueprintUserMessages: Late PlayInEditor Detection: Level '/Game/SSA/Maps/Home_Dragomir.Home_Dragomir:PersistentLevel' has LevelScriptBlueprint '/Game/SSA/Maps/Home_Dragomir.Home_Dragomir:PersistentLevel.Home_Dragomir' with GeneratedClass '/Game/SSA/Maps/Home_Dragomir.Home_Dragomir_C' with ClassGeneratedBy '/Game/SSA/Maps/Home_Dragomir.Home_Dragomir:PersistentLevel.Home_Dragomir'
[2015.11.22-14.25.25:876][ 93]LogBlueprintUserMessages: Early EndPlayMap Detection: Level '/Game/SSA/Maps/Home_Dragomir.Home_Dragomir:PersistentLevel' has LevelScriptBlueprint '/Game/SSA/Maps/Home_Dragomir.Home_Dragomir:PersistentLevel.Home_Dragomir' with GeneratedClass '/Game/SSA/Maps/Home_Dragomir.Home_Dragomir_C' with ClassGeneratedBy '/Game/SSA/Maps/Home_Dragomir.Home_Dragomir:PersistentLevel.Home_Dragomir'
[2015.11.22-14.25.25:939][ 93]LogBlueprintUserMessages: Late EndPlayMap Detection: Level '/Game/SSA/Maps/Home_Dragomir.Home_Dragomir:PersistentLevel' has LevelScriptBlueprint '/Game/SSA/Maps/Home_Dragomir.Home_Dragomir:PersistentLevel.Home_Dragomir' with GeneratedClass '/Game/SSA/Maps/Home_Dragomir.Home_Dragomir_C' with ClassGeneratedBy '/Game/SSA/Maps/Home_Dragomir.Home_Dragomir:PersistentLevel.Home_Dragomir'
[2015.11.22-14.25.25:962][ 93]LogParticles: Destroying 0 GPU particle simulations for FXSystem 0x00000072EB72E700
[2015.11.22-14.25.27:652][223]LogTexture:Display: Building textures: HiveStarScape (AutoDXT)
[2015.11.22-14.25.31:255][223]LogMaterial: Missing cached shader map for material HiveStar, compiling. 
[2015.11.22-14.25.31:273][223]LogAudioDerivedData:Display: Building compressed audio format OGG wave The_Hive_CombatMusic...
[2015.11.22-14.25.32:726][223]LogAIModule: Creating AISystem for world Home_Hive
[2015.11.22-14.25.32:727][223]LogParticles:Warning: InitializeSystem called on an unregistered component. Template=/Game/Effects/Particles/P_Radiation_Long.P_Radiation_Long Component=/Game/SSA/Maps/Home_Hive.Home_Hive:PersistentLevel.P_Radiation_Long_2.ParticleSystemComponent0
[2015.11.22-14.25.32:727][223]LogParticles:Warning: InitializeSystem called on an unregistered component. Template=/Game/Effects/Particles/P_Radiation_Long.P_Radiation_Long Component=/Game/SSA/Maps/Home_Hive.Home_Hive:PersistentLevel.P_Radiation_Long2.ParticleSystemComponent0
[2015.11.22-14.25.32:727][223]LogParticles:Warning: InitializeSystem called on an unregistered component. Template=/Game/Effects/Particles/P_Radiation_Long.P_Radiation_Long Component=/Game/SSA/Maps/Home_Hive.Home_Hive:PersistentLevel.P_Radiation_Long3.ParticleSystemComponent0
[2015.11.22-14.25.32:727][223]LogParticles:Warning: InitializeSystem called on an unregistered component. Template=/Game/Effects/Particles/P_Radiation_Long.P_Radiation_Long Component=/Game/SSA/Maps/Home_Hive.Home_Hive:PersistentLevel.P_Radiation_Long4.ParticleSystemComponent0
[2015.11.22-14.25.32:727][223]LogParticles:Warning: InitializeSystem called on an unregistered component. Template=/Game/Effects/Particles/P_Stars.P_Stars Component=/Game/SSA/Maps/Home_Hive.Home_Hive:PersistentLevel.P_Stars_2.ParticleSystemComponent0
[2015.11.22-14.25.32:757][223]Cmd: MAP LOAD FILE="../../../../../../../My Media/UCF Documents/DIG 4725/Game-Files/SuperSpaceArmada/Content/SSA/Maps/Home_Hive.umap" TEMPLATE=0 SHOWPROGRESS=1 FEATURELEVEL=3
[2015.11.22-14.25.32:757][223]LightingResults: New page: Lighting Build
[2015.11.22-14.25.32:777][223]LoadErrors: New page: Loading map: Home_Hive.umap
[2015.11.22-14.25.32:778][223]MapCheck: New page: Map Check
[2015.11.22-14.25.32:778][223]LightingResults: New page: Lighting Build
[2015.11.22-14.25.32:798][223]LogParticles: Destroying 0 GPU particle simulations for FXSystem 0x00000072E7B747C0
[2015.11.22-14.25.32:821][223]LogEditorServer: Finished looking for orphan Actors (0.000 secs)
[2015.11.22-14.25.32:890][223]Cmd: MAP CHECKDEP NOCLEARLOG
[2015.11.22-14.25.32:989][223]MapCheck: Info Map check complete: 0 Error(s), 0 Warning(s), took 98.394ms to complete.
[2015.11.22-14.25.32:990][223]LogFileHelpers: Loading map 'Home_Hive' took 0.233
[2015.11.22-14.25.33:775][288]LogBlueprintUserMessages: Early PlayInEditor Detection: Level '/Game/SSA/Maps/Home_Hive.Home_Hive:PersistentLevel' has LevelScriptBlueprint '/Game/SSA/Maps/Home_Hive.Home_Hive:PersistentLevel.Home_Hive' with GeneratedClass '/Game/SSA/Maps/Home_Hive.Home_Hive_C' with ClassGeneratedBy '/Game/SSA/Maps/Home_Hive.Home_Hive:PersistentLevel.Home_Hive'
[2015.11.22-14.25.33:775][288]LogPlayLevel: PlayLevel: No blueprints needed recompiling
[2015.11.22-14.25.33:775][288]PIE: New page: PIE session: Home_Hive (Nov 22, 2015, 4:25:33 AM)
[2015.11.22-14.25.33:775][288]LogPlayLevel: Creating play world package: /Game/SSA/Maps/UEDPIE_0_Home_Hive
[2015.11.22-14.25.33:801][288]LogPlayLevel: PIE: StaticDuplicateObject took: (0.025455s)
[2015.11.22-14.25.33:801][288]LogAIModule: Creating AISystem for world Home_Hive
[2015.11.22-14.25.33:802][288]LogPlayLevel: PIE: World Init took: (0.000580s)
[2015.11.22-14.25.33:802][288]LogPlayLevel: PIE: Created PIE world by copying editor world from /Game/SSA/Maps/Home_Hive.Home_Hive to /Game/SSA/Maps/UEDPIE_0_Home_Hive.Home_Hive (0.026253s)
[2015.11.22-14.25.33:833][288]LogInit: XAudio2 using 'Speakers (Realtek High Definition Audio)' : 8 channels at 48 kHz using 32 bits per sample (channel mask 0x63f)
[2015.11.22-14.25.33:841][288]LogInit: FAudioDevice initialized.
[2015.11.22-14.25.33:858][288]LogWorld: Game class is 'TopDownGameMode_C'
[2015.11.22-14.25.33:862][288]LogWorld:Warning: *** WARNING - PATHS MAY NOT BE VALID ***
[2015.11.22-14.25.33:862][288]LogWorld: Bringing World /Game/SSA/Maps/UEDPIE_0_Home_Hive.Home_Hive up for play (max tick rate 0) at 2015.11.22-09.25.33
[2015.11.22-14.25.33:862][288]LogActor:Warning: GameSession /Game/SSA/Maps/UEDPIE_0_Home_Hive.Home_Hive:PersistentLevel.GameSession_7 has natively added scene component(s), but none of them were set as the actor's RootComponent - picking one arbitrarily
[2015.11.22-14.25.33:863][288]LogActor:Warning: GameNetworkManager /Game/SSA/Maps/UEDPIE_0_Home_Hive.Home_Hive:PersistentLevel.GameNetworkManager_7 has natively added scene component(s), but none of them were set as the actor's RootComponent - picking one arbitrarily
[2015.11.22-14.25.33:863][288]LogWorld: Bringing up level for play took: 0.003598
[2015.11.22-14.25.33:887][288]PIE: Info Play in editor start time for /Game/SSA/Maps/UEDPIE_0_Home_Hive -0.875
[2015.11.22-14.25.33:887][288]LogBlueprintUserMessages: Late PlayInEditor Detection: Level '/Game/SSA/Maps/Home_Hive.Home_Hive:PersistentLevel' has LevelScriptBlueprint '/Game/SSA/Maps/Home_Hive.Home_Hive:PersistentLevel.Home_Hive' with GeneratedClass '/Game/SSA/Maps/Home_Hive.Home_Hive_C' with ClassGeneratedBy '/Game/SSA/Maps/Home_Hive.Home_Hive:PersistentLevel.Home_Hive'
[2015.11.22-14.25.38:425][807]LogBlueprintUserMessages: Early EndPlayMap Detection: Level '/Game/SSA/Maps/Home_Hive.Home_Hive:PersistentLevel' has LevelScriptBlueprint '/Game/SSA/Maps/Home_Hive.Home_Hive:PersistentLevel.Home_Hive' with GeneratedClass '/Game/SSA/Maps/Home_Hive.Home_Hive_C' with ClassGeneratedBy '/Game/SSA/Maps/Home_Hive.Home_Hive:PersistentLevel.Home_Hive'
[2015.11.22-14.25.38:483][807]LogBlueprintUserMessages: Late EndPlayMap Detection: Level '/Game/SSA/Maps/Home_Hive.Home_Hive:PersistentLevel' has LevelScriptBlueprint '/Game/SSA/Maps/Home_Hive.Home_Hive:PersistentLevel.Home_Hive' with GeneratedClass '/Game/SSA/Maps/Home_Hive.Home_Hive_C' with ClassGeneratedBy '/Game/SSA/Maps/Home_Hive.Home_Hive:PersistentLevel.Home_Hive'
[2015.11.22-14.25.38:501][807]LogParticles: Destroying 0 GPU particle simulations for FXSystem 0x00000072EC413CE0
[2015.11.22-14.25.43:291][372]LogAIModule: Creating AISystem for world IntroNarrative
[2015.11.22-14.25.43:309][372]Cmd: MAP LOAD FILE="../../../../../../../My Media/UCF Documents/DIG 4725/Game-Files/SuperSpaceArmada/Content/SSA/Maps/Narratives/IntroNarrative.umap" TEMPLATE=0 SHOWPROGRESS=1 FEATURELEVEL=3
[2015.11.22-14.25.43:309][372]LightingResults: New page: Lighting Build
[2015.11.22-14.25.43:324][372]LoadErrors: New page: Loading map: IntroNarrative.umap
[2015.11.22-14.25.43:325][372]MapCheck: New page: Map Check
[2015.11.22-14.25.43:325][372]LightingResults: New page: Lighting Build
[2015.11.22-14.25.43:338][372]LogParticles: Destroying 0 GPU particle simulations for FXSystem 0x00000072E7C4EF20
[2015.11.22-14.25.43:343][372]LogEditorServer: Finished looking for orphan Actors (0.000 secs)
[2015.11.22-14.25.43:388][372]Cmd: MAP CHECKDEP NOCLEARLOG
[2015.11.22-14.25.43:460][372]MapCheck: Info Map check complete: 0 Error(s), 0 Warning(s), took 71.779ms to complete.
[2015.11.22-14.25.43:460][372]LogFileHelpers: Loading map 'IntroNarrative' took 0.152
[2015.11.22-14.25.44:564][499]LogBlueprintUserMessages: Early PlayInEditor Detection: Level '/Game/SSA/Maps/Narratives/IntroNarrative.IntroNarrative:PersistentLevel' has LevelScriptBlueprint '/Game/SSA/Maps/Narratives/IntroNarrative.IntroNarrative:PersistentLevel.IntroNarrative' with GeneratedClass '/Game/SSA/Maps/Narratives/IntroNarrative.IntroNarrative_C' with ClassGeneratedBy '/Game/SSA/Maps/Narratives/IntroNarrative.IntroNarrative:PersistentLevel.IntroNarrative'
[2015.11.22-14.25.44:564][499]LogPlayLevel: PlayLevel: No blueprints needed recompiling
[2015.11.22-14.25.44:564][499]PIE: New page: PIE session: IntroNarrative (Nov 22, 2015, 4:25:44 AM)
[2015.11.22-14.25.44:564][499]LogPlayLevel: Creating play world package: /Game/SSA/Maps/Narratives/UEDPIE_0_IntroNarrative
[2015.11.22-14.25.44:565][499]LogPlayLevel: PIE: StaticDuplicateObject took: (0.001055s)
[2015.11.22-14.25.44:566][499]LogAIModule: Creating AISystem for world IntroNarrative
[2015.11.22-14.25.44:566][499]LogPlayLevel: PIE: World Init took: (0.000387s)
[2015.11.22-14.25.44:566][499]LogPlayLevel: PIE: Created PIE world by copying editor world from /Game/SSA/Maps/Narratives/IntroNarrative.IntroNarrative to /Game/SSA/Maps/Narratives/UEDPIE_0_IntroNarrative.IntroNarrative (0.001573s)
[2015.11.22-14.25.44:585][499]LogInit: XAudio2 using 'Speakers (Realtek High Definition Audio)' : 8 channels at 48 kHz using 32 bits per sample (channel mask 0x63f)
[2015.11.22-14.25.44:591][499]LogInit: FAudioDevice initialized.
[2015.11.22-14.25.44:629][499]LogLinker:Warning: Can't find file '/Game/TopDownBP/Blueprints/TopDownGameMode'
[2015.11.22-14.25.44:629][499]LogLinker:Warning: Can't find file '/Game/TopDownBP/Blueprints/TopDownGameMode'
[2015.11.22-14.25.44:629][499]LogUObjectGlobals:Warning: Failed to find object 'Class /Game/TopDownBP/Blueprints/TopDownGameMode.TopDownGameMode_C'
[2015.11.22-14.25.44:629][499]LogWorld: Game class is 'GameMode'
[2015.11.22-14.25.44:630][499]LogWorld: Bringing World /Game/SSA/Maps/Narratives/UEDPIE_0_IntroNarrative.IntroNarrative up for play (max tick rate 0) at 2015.11.22-09.25.44
[2015.11.22-14.25.44:630][499]LogActor:Warning: GameSession /Game/SSA/Maps/Narratives/UEDPIE_0_IntroNarrative.IntroNarrative:PersistentLevel.GameSession_8 has natively added scene component(s), but none of them were set as the actor's RootComponent - picking one arbitrarily
[2015.11.22-14.25.44:630][499]LogActor:Warning: GameNetworkManager /Game/SSA/Maps/Narratives/UEDPIE_0_IntroNarrative.IntroNarrative:PersistentLevel.GameNetworkManager_8 has natively added scene component(s), but none of them were set as the actor's RootComponent - picking one arbitrarily
[2015.11.22-14.25.44:630][499]LogWorld: Bringing up level for play took: 0.000565
[2015.11.22-14.25.44:641][499]PIE: Info Play in editor start time for /Game/SSA/Maps/Narratives/UEDPIE_0_IntroNarrative -0.12
[2015.11.22-14.25.44:641][499]LogBlueprintUserMessages: Late PlayInEditor Detection: Level '/Game/SSA/Maps/Narratives/IntroNarrative.IntroNarrative:PersistentLevel' has LevelScriptBlueprint '/Game/SSA/Maps/Narratives/IntroNarrative.IntroNarrative:PersistentLevel.IntroNarrative' with GeneratedClass '/Game/SSA/Maps/Narratives/IntroNarrative.IntroNarrative_C' with ClassGeneratedBy '/Game/SSA/Maps/Narratives/IntroNarrative.IntroNarrative:PersistentLevel.IntroNarrative'
[2015.11.22-14.25.48:926][ 11]LogBlueprintUserMessages: Early EndPlayMap Detection: Level '/Game/SSA/Maps/Narratives/IntroNarrative.IntroNarrative:PersistentLevel' has LevelScriptBlueprint '/Game/SSA/Maps/Narratives/IntroNarrative.IntroNarrative:PersistentLevel.IntroNarrative' with GeneratedClass '/Game/SSA/Maps/Narratives/IntroNarrative.IntroNarrative_C' with ClassGeneratedBy '/Game/SSA/Maps/Narratives/IntroNarrative.IntroNarrative:PersistentLevel.IntroNarrative'
[2015.11.22-14.25.48:981][ 11]LogBlueprintUserMessages: Late EndPlayMap Detection: Level '/Game/SSA/Maps/Narratives/IntroNarrative.IntroNarrative:PersistentLevel' has LevelScriptBlueprint '/Game/SSA/Maps/Narratives/IntroNarrative.IntroNarrative:PersistentLevel.IntroNarrative' with GeneratedClass '/Game/SSA/Maps/Narratives/IntroNarrative.IntroNarrative_C' with ClassGeneratedBy '/Game/SSA/Maps/Narratives/IntroNarrative.IntroNarrative:PersistentLevel.IntroNarrative'
[2015.11.22-14.25.49:008][ 11]LogParticles: Destroying 0 GPU particle simulations for FXSystem 0x00000072EB0999E0
[2015.11.22-14.36.37:303][ 71]LogLinker:Warning: Asset '../../../Engine/Content/ArtTools/RenderToTexture/Macros/RenderToTextureMacros.uasset' has been saved with empty engine version. The asset will be loaded but may be incompatible.
[2015.11.22-14.36.37:905][ 71]LogContentBrowser: Native class hierarchy updated for 'BlueprintGraph' in 0.0005 seconds. Added 107 classes and 0 folders.
[2015.11.22-14.46.04:157][944]LogActorComponent: UnregisterComponent: (/Engine/Transient.CharMoveComp) Not registered. Aborting.
[2015.11.22-14.46.04:157][944]LogActorComponent: UnregisterComponent: (/Engine/Transient.CharacterMovementComponent_0) Not registered. Aborting.
[2015.11.22-14.46.04:181][944]LogFileHelpers: Editor autosave (incl. sublevels) for '/Game/SSA/Maps/Narratives/IntroNarrative' took 0.024
[2015.11.22-14.46.04:186][944]OBJ SavePackage: Generating thumbnails for [0] asset(s) in package [/Game/SSA/Blueprints/Menues/Narratives/Intro] ([1] browsable assets)...
[2015.11.22-14.46.04:186][944]OBJ SavePackage: Finished generating thumbnails for package [/Game/SSA/Blueprints/Menues/Narratives/Intro]
[2015.11.22-14.46.04:537][944]LogSavePackage: Save=45.657211ms
[2015.11.22-14.46.04:537][944]LogSavePackage: Moving '../../../../../../../My Media/UCF Documents/DIG 4725/Game-Files/SuperSpaceArmada/Saved/Intro_Auto17B11EB58473C6A2E7E3FD8888A87DCB7.tmp' to '../../../../../../../My Media/UCF Documents/DIG 4725/Game-Files/SuperSpaceArmada/Saved/Autosaves/Game/SSA/Blueprints/Menues/Narratives/Intro_Auto1.uasset'
[2015.11.22-14.46.04:545][944]LogSavePackage: Total save time: 358.832017ms
[2015.11.22-14.46.04:545][944]LogSavePackage:Warning: Finished SavePackage ../../../../../../../My Media/UCF Documents/DIG 4725/Game-Files/SuperSpaceArmada/Saved/Autosaves/Game/SSA/Blueprints/Menues/Narratives/Intro_Auto1.uasset
[2015.11.22-14.46.04:545][944]LogFileHelpers: Auto-saving content packages took 0.364
[2015.11.22-14.53.24:620][814]LogEditorViewport: Clicking Background
[2015.11.22-14.56.27:309][122]LogParticles: Destroying 0 GPU particle simulations for FXSystem 0x00000072EAD32980
[2015.11.22-14.56.27:317][122]LogParticles: Destroying 0 GPU particle simulations for FXSystem 0x00000072E8C77D80
[2015.11.22-14.56.28:026][122]LogSavePackage: Save=40.717754ms
[2015.11.22-14.56.28:026][122]LogSavePackage: Moving '../../../../../../../My Media/UCF Documents/DIG 4725/Game-Files/SuperSpaceArmada/Saved/Intro170ACD5643C0D3327272198843F238B2.tmp' to '../../../../../../../My Media/UCF Documents/DIG 4725/Game-Files/SuperSpaceArmada/Content/SSA/Blueprints/Menues/Narratives/Intro.uasset'
[2015.11.22-14.56.28:253][122]LogSavePackage: Total save time: 277.160857ms
[2015.11.22-14.56.28:253][122]LogSavePackage:Warning: Finished SavePackage ../../../../../../../My Media/UCF Documents/DIG 4725/Game-Files/SuperSpaceArmada/Content/SSA/Blueprints/Menues/Narratives/Intro.uasset
[2015.11.22-14.56.28:449][122]LogWindowsTextInputMethodSystem:Display: IME system now deactivated.
[2015.11.22-14.56.28:666][123]Cmd: QUIT_EDITOR
[2015.11.22-14.56.29:468][123]LogExit: Preparing to exit.
[2015.11.22-14.56.30:473][123]LogExit: Editor shut down
[2015.11.22-14.56.30:474][123]LogExit: Transaction tracking system shut down
[2015.11.22-14.56.30:476][123]LogParticles: Destroying 0 GPU particle simulations for FXSystem 0x0000007283CE0B80
[2015.11.22-14.56.30:486][123]LogParticles: Destroying 0 GPU particle simulations for FXSystem 0x00000072ED1D4F40
[2015.11.22-14.56.30:486][123]LogParticles: Destroying 0 GPU particle simulations for FXSystem 0x00000072FBDF9E40
[2015.11.22-14.56.30:487][123]LogParticles: Destroying 0 GPU particle simulations for FXSystem 0x0000007283F0D580
[2015.11.22-14.56.30:487][123]LogParticles: Destroying 0 GPU particle simulations for FXSystem 0x0000007283F0D3A0
[2015.11.22-14.56.30:487][123]LogParticles: Destroying 0 GPU particle simulations for FXSystem 0x00000072FBDF8900
[2015.11.22-14.56.30:670][123]LogParticles: Destroying 0 GPU particle simulations for FXSystem 0x00000072ED6E9BC0
[2015.11.22-14.56.30:670][123]LogExit: Object subsystem successfully closed.
[2015.11.22-14.56.30:684][123]LogD3D11RHI: Shutdown
[2015.11.22-14.56.30:684][123]LogD3D11RHI: CleanupD3DDevice
[2015.11.22-14.56.30:745][123]LogD3D11RHI: ~FD3D11DynamicRHI
[2015.11.22-14.56.30:755][123]LogModuleManager: Shutting down and abandoning module SequencerWidgets (202)
[2015.11.22-14.56.30:755][123]LogModuleManager: Shutting down and abandoning module BlueprintGraph (201)
[2015.11.22-14.56.30:755][123]LogModuleManager: Shutting down and abandoning module SynthBenchmark (200)
[2015.11.22-14.56.30:755][123]LogModuleManager: Shutting down and abandoning module CrashTracker (199)
[2015.11.22-14.56.30:755][123]LogModuleManager: Shutting down and abandoning module SceneOutliner (198)
[2015.11.22-14.56.30:755][123]LogModuleManager: Shutting down and abandoning module SuperSearch (197)
[2015.11.22-14.56.30:755][123]LogModuleManager: Shutting down and abandoning module WidgetCarousel (196)
[2015.11.22-14.56.30:755][123]LogModuleManager: Shutting down and abandoning module AddContentDialog (195)
[2015.11.22-14.56.30:756][123]LogModuleManager: Shutting down and abandoning module EditorWidgets (194)
[2015.11.22-14.56.30:756][123]LogModuleManager: Shutting down and abandoning module CollectionManager (193)
[2015.11.22-14.56.30:756][123]LogModuleManager: Shutting down and abandoning module StatsViewer (192)
[2015.11.22-14.56.30:756][123]LogModuleManager: Shutting down and abandoning module FoliageEdit (191)
[2015.11.22-14.56.30:756][123]LogModuleManager: Shutting down and abandoning module LandscapeEditor (190)
[2015.11.22-14.56.30:756][123]LogModuleManager: Shutting down and abandoning module ActorPickerMode (189)
[2015.11.22-14.56.30:756][123]LogModuleManager: Shutting down and abandoning module GeometryMode (188)
[2015.11.22-14.56.30:756][123]LogModuleManager: Shutting down and abandoning module TextureAlignMode (187)
[2015.11.22-14.56.30:756][123]LogModuleManager: Shutting down and abandoning module BspMode (186)
[2015.11.22-14.56.30:756][123]LogModuleManager: Shutting down and abandoning module PlacementMode (185)
[2015.11.22-14.56.30:756][123]LogModuleManager: Shutting down and abandoning module AutomationWorker (184)
[2015.11.22-14.56.30:756][123]LogModuleManager: Shutting down and abandoning module CharacterAI (183)
[2015.11.22-14.56.30:756][123]LogModuleManager: Shutting down and abandoning module SmartSnapping (182)
[2015.11.22-14.56.30:756][123]LogModuleManager: Shutting down and abandoning module ViewportSnapping (181)
[2015.11.22-14.56.30:756][123]LogModuleManager: Shutting down and abandoning module LogVisualizer (180)
[2015.11.22-14.56.30:756][123]LogModuleManager: Shutting down and abandoning module GameProjectGeneration (179)
[2015.11.22-14.56.30:756][123]LogModuleManager: Shutting down and abandoning module IntroTutorials (178)
[2015.11.22-14.56.30:756][123]LogModuleManager: Shutting down and abandoning module EditorLiveStreaming (177)
[2015.11.22-14.56.30:756][123]LogModuleManager: Shutting down and abandoning module IOSPlatformEditor (176)
[2015.11.22-14.56.30:756][123]LogModuleManager: Shutting down and abandoning module HTML5PlatformEditor (175)
[2015.11.22-14.56.30:756][123]LogModuleManager: Shutting down and abandoning module AndroidDeviceDetection (174)
[2015.11.22-14.56.31:645][123]LogModuleManager: Shutting down and abandoning module AndroidPlatformEditor (173)
[2015.11.22-14.56.31:645][123]LogModuleManager: Shutting down and abandoning module IOSRuntimeSettings (172)
[2015.11.22-14.56.31:645][123]LogModuleManager: Shutting down and abandoning module AndroidRuntimeSettings (171)
[2015.11.22-14.56.31:645][123]LogModuleManager: Shutting down and abandoning module MergeActors (170)
[2015.11.22-14.56.31:645][123]LogModuleManager: Shutting down and abandoning module SizeMap (169)
[2015.11.22-14.56.31:645][123]LogModuleManager: Shutting down and abandoning module TreeMap (168)
[2015.11.22-14.56.31:645][123]LogModuleManager: Shutting down and abandoning module ReferenceViewer (167)
[2015.11.22-14.56.31:645][123]LogModuleManager: Shutting down and abandoning module LocalizationService (166)
[2015.11.22-14.56.31:645][123]LogModuleManager: Shutting down and abandoning module LocalizationDashboard (165)
[2015.11.22-14.56.31:645][123]LogModuleManager: Shutting down and abandoning module HardwareTargeting (164)
[2015.11.22-14.56.31:645][123]LogModuleManager: Shutting down and abandoning module DeviceProfileEditor (163)
[2015.11.22-14.56.31:645][123]LogModuleManager: Shutting down and abandoning module UndoHistory (162)
[2015.11.22-14.56.31:645][123]LogModuleManager: Shutting down and abandoning module GameplayTagsEditor (161)
[2015.11.22-14.56.31:646][123]LogModuleManager: Shutting down and abandoning module UserFeedback (160)
[2015.11.22-14.56.31:646][123]LogModuleManager: Shutting down and abandoning module XmlParser (159)
[2015.11.22-14.56.31:646][123]LogModuleManager: Shutting down and abandoning module Blutility (158)
[2015.11.22-14.56.31:646][123]LogModuleManager: Shutting down and abandoning module ProjectTargetPlatformEditor (157)
[2015.11.22-14.56.31:646][123]LogModuleManager: Shutting down and abandoning module ProjectSettingsViewer (156)
[2015.11.22-14.56.31:646][123]LogModuleManager: Shutting down and abandoning module InputBindingEditor (155)
[2015.11.22-14.56.31:646][123]LogModuleManager: Shutting down and abandoning module EditorSettingsViewer (154)
[2015.11.22-14.56.31:646][123]LogModuleManager: Shutting down and abandoning module SettingsEditor (153)
[2015.11.22-14.56.31:646][123]LogModuleManager: Shutting down and abandoning module ProjectLauncher (152)
[2015.11.22-14.56.31:647][123]LogModuleManager: Shutting down and abandoning module SessionFrontend (151)
[2015.11.22-14.56.31:647][123]LogModuleManager: Shutting down and abandoning module ProfilerClient (150)
[2015.11.22-14.56.31:647][123]LogModuleManager: Shutting down and abandoning module TargetDeviceServices (149)
[2015.11.22-14.56.31:647][123]LogModuleManager: Shutting down and abandoning module DeviceManager (148)
[2015.11.22-14.56.31:647][123]LogModuleManager: Shutting down and abandoning module AutomationController (147)
[2015.11.22-14.56.31:647][123]LogModuleManager: Shutting down and abandoning module AutomationWindow (146)
[2015.11.22-14.56.31:647][123]LogModuleManager: Shutting down and abandoning module Layers (145)
[2015.11.22-14.56.31:647][123]LogModuleManager: Shutting down and abandoning module ComponentVisualizers (144)
[2015.11.22-14.56.31:647][123]LogModuleManager: Shutting down and abandoning module DetailCustomizations (143)
[2015.11.22-14.56.31:648][123]LogModuleManager: Shutting down and abandoning module PackagesDialog (142)
[2015.11.22-14.56.31:648][123]LogModuleManager: Shutting down and abandoning module Persona (141)
[2015.11.22-14.56.31:648][123]LogModuleManager: Shutting down and abandoning module Kismet (140)
[2015.11.22-14.56.31:648][123]LogModuleManager: Shutting down and abandoning module GraphEditor (139)
[2015.11.22-14.56.31:648][123]LogModuleManager: Shutting down and abandoning module ClassViewer (138)
[2015.11.22-14.56.31:648][123]LogModuleManager: Shutting down and abandoning module Toolbox (137)
[2015.11.22-14.56.31:648][123]LogModuleManager: Shutting down and abandoning module ModuleUI (136)
[2015.11.22-14.56.31:648][123]LogModuleManager: Shutting down and abandoning module MovieSceneTools (135)
[2015.11.22-14.56.31:648][123]LogModuleManager: Shutting down and abandoning module OutputLog (134)
[2015.11.22-14.56.31:648][123]LogModuleManager: Shutting down and abandoning module GammaUI (133)
[2015.11.22-14.56.31:648][123]LogModuleManager: Shutting down and abandoning module Documentation (132)
[2015.11.22-14.56.31:649][123]LogModuleManager: Shutting down and abandoning module GameLiveStreaming (131)
[2015.11.22-14.56.31:649][123]LogModuleManager: Shutting down and abandoning module StreamingPauseRendering (130)
[2015.11.22-14.56.31:649][123]LogModuleManager: Shutting down and abandoning module AnalyticsET (129)
[2015.11.22-14.56.31:649][123]LogModuleManager: Shutting down and abandoning module Analytics (128)
[2015.11.22-14.56.31:649][123]LogModuleManager: Shutting down and abandoning module AITestSuite (127)
[2015.11.22-14.56.31:649][123]LogModuleManager: Shutting down and abandoning module GameplayDebugger (126)
[2015.11.22-14.56.31:649][123]LogModuleManager: Shutting down and abandoning module AIModule (125)
[2015.11.22-14.56.31:649][123]LogModuleManager: Shutting down and abandoning module ProfilerService (124)
[2015.11.22-14.56.31:762][123]LogModuleManager: Shutting down and abandoning module TaskGraph (123)
[2015.11.22-14.56.31:762][123]LogModuleManager: Shutting down and abandoning module SubstanceEditor (122)
[2015.11.22-14.56.31:762][123]LogModuleManager: Shutting down and abandoning module SlateRemote (121)
[2015.11.22-14.56.31:762][123]LogModuleManager: Shutting down and abandoning module SteamVRController (120)
[2015.11.22-14.56.31:762][123]LogModuleManager: Shutting down and abandoning module SteamVR (119)
[2015.11.22-14.56.31:762][123]LogModuleManager: Shutting down and abandoning module ProceduralMeshComponent (118)
[2015.11.22-14.56.31:762][123]LogModuleManager: Shutting down and abandoning module OculusRift (117)
[2015.11.22-14.56.31:762][123]LogModuleManager: Shutting down and abandoning module OculusLibrary (116)
[2015.11.22-14.56.31:762][123]LogModuleManager: Shutting down and abandoning module LeapMotionController (115)
[2015.11.22-14.56.31:823][123]LogModuleManager: Shutting down and abandoning module CustomMeshComponent (114)
[2015.11.22-14.56.31:823][123]LogModuleManager: Shutting down and abandoning module CableComponent (113)
[2015.11.22-14.56.31:823][123]LogModuleManager: Shutting down and abandoning module ArchVisCharacter (112)
[2015.11.22-14.56.31:823][123]LogModuleManager: Shutting down and abandoning module MessagingDebugger (111)
[2015.11.22-14.56.31:823][123]LogModuleManager: Shutting down and abandoning module MediaPlayerEditor (110)
[2015.11.22-14.56.31:823][123]LogModuleManager: Shutting down and abandoning module HTML5Networking (109)
[2015.11.22-14.56.31:823][123]LogModuleManager: Shutting down and abandoning module SpeedTreeImporter (108)
[2015.11.22-14.56.31:823][123]LogModuleManager: Shutting down and abandoning module PluginBrowser (107)
[2015.11.22-14.56.31:823][123]LogModuleManager: Shutting down and abandoning module EpicSurvey (106)
[2015.11.22-14.56.31:823][123]LogModuleManager: Shutting down and abandoning module DesktopPlatform (105)
[2015.11.22-14.56.31:823][123]LogModuleManager: Shutting down and abandoning module VisualStudioSourceCodeAccess (104)
[2015.11.22-14.56.31:823][123]LogModuleManager: Shutting down and abandoning module UObjectPlugin (103)
[2015.11.22-14.56.31:823][123]LogModuleManager: Shutting down and abandoning module SubversionSourceControl (102)
[2015.11.22-14.56.31:823][123]LogModuleManager: Shutting down and abandoning module PerforceSourceControl (101)
[2015.11.22-14.56.31:823][123]LogModuleManager: Shutting down and abandoning module SourceControl (100)
[2015.11.22-14.56.31:823][123]LogModuleManager: Shutting down and abandoning module GitSourceControl (99)
[2015.11.22-14.56.31:823][123]LogModuleManager: Shutting down and abandoning module LightPropagationVolumeEditor (98)
[2015.11.22-14.56.31:823][123]LogModuleManager: Shutting down and abandoning module PaperTiledImporter (97)
[2015.11.22-14.56.31:823][123]LogModuleManager: Shutting down and abandoning module PaperSpriteSheetImporter (96)
[2015.11.22-14.56.31:823][123]LogModuleManager: Shutting down and abandoning module MeshPaint (95)
[2015.11.22-14.56.31:823][123]LogModuleManager: Shutting down and abandoning module SlateReflector (94)
[2015.11.22-14.56.31:823][123]LogModuleManager: Shutting down and abandoning module HotReload (93)
[2015.11.22-14.56.31:824][123]LogModuleManager: Shutting down and abandoning module MainFrame (92)
[2015.11.22-14.56.31:824][123]LogModuleManager: Shutting down and abandoning module LevelEditor (91)
[2015.11.22-14.56.31:825][123]LogModuleManager: Shutting down and abandoning module ContentBrowser (90)
[2015.11.22-14.56.31:825][123]LogModuleManager: Shutting down and abandoning module Paper2DEditor (89)
[2015.11.22-14.56.31:826][123]LogModuleManager: Shutting down and abandoning module UdpMessaging (88)
[2015.11.22-14.56.31:927][123]LogModuleManager: Shutting down and abandoning module DirectoryWatcher (87)
[2015.11.22-14.56.31:929][123]LogModuleManager: Shutting down and abandoning module AssetRegistry (86)
[2015.11.22-14.56.32:109][123]LogModuleManager: Shutting down and abandoning module SubstanceCore (85)
[2015.11.22-14.56.32:109][123]LogModuleManager: Shutting down and abandoning module LightPropagationVolumeRuntime (84)
[2015.11.22-14.56.32:109][123]LogModuleManager: Shutting down and abandoning module Paper2D (83)
[2015.11.22-14.56.32:109][123]LogModuleManager: Shutting down and abandoning module WindowsMoviePlayer (82)
[2015.11.22-14.56.32:112][123]LogModuleManager: Shutting down and abandoning module Media (81)
[2015.11.22-14.56.32:112][123]LogModuleManager: Shutting down and abandoning module WmfMedia (80)
[2015.11.22-14.56.32:112][123]LogModuleManager: Shutting down and abandoning module OnlineBlueprintSupport (79)
[2015.11.22-14.56.32:112][123]LogModuleManager: Shutting down and abandoning module GameplayTasksEditor (78)
[2015.11.22-14.56.32:112][123]LogModuleManager: Shutting down and abandoning module PropertyEditor (77)
[2015.11.22-14.56.32:112][123]LogModuleManager: Shutting down and abandoning module BehaviorTreeEditor (76)
[2015.11.22-14.56.32:112][123]LogModuleManager: Shutting down and abandoning module FunctionalTesting (75)
[2015.11.22-14.56.32:112][123]LogModuleManager: Shutting down and abandoning module CollisionAnalyzer (74)
[2015.11.22-14.56.32:112][123]LogModuleManager: Shutting down and abandoning module WorkspaceMenuStructure (73)
[2015.11.22-14.56.32:112][123]LogModuleManager: Shutting down and abandoning module MessageLog (72)
[2015.11.22-14.56.32:112][123]LogModuleManager: Shutting down and abandoning module Sequencer (71)
[2015.11.22-14.56.32:112][123]LogModuleManager: Shutting down and abandoning module AssetTools (70)
[2015.11.22-14.56.32:112][123]LogModuleManager: Shutting down and abandoning module UMGEditor (69)
[2015.11.22-14.56.32:112][123]LogModuleManager: Shutting down and abandoning module UMG (68)
[2015.11.22-14.56.32:113][123]LogModuleManager: Shutting down and abandoning module Slate (67)
[2015.11.22-14.56.32:113][123]LogModuleManager: Shutting down and abandoning module EditorStyle (66)
[2015.11.22-14.56.32:114][123]LogModuleManager: Shutting down and abandoning module SessionServices (65)
[2015.11.22-14.56.32:114][123]LogModuleManager: Shutting down and abandoning module SourceCodeAccess (64)
[2015.11.22-14.56.32:114][123]LogModuleManager: Shutting down and abandoning module HeadMountedDisplay (63)
[2015.11.22-14.56.32:114][123]LogModuleManager: Shutting down and abandoning module XAudio2 (62)
[2015.11.22-14.56.32:114][123]LogModuleManager: Shutting down and abandoning module Networking (60)
[2015.11.22-14.56.32:114][123]LogModuleManager: Shutting down and abandoning module Core (59)
[2015.11.22-14.56.32:114][123]LogModuleManager: Shutting down and abandoning module KismetCompiler (58)
[2015.11.22-14.56.32:114][123]LogModuleManager: Shutting down and abandoning module PhysXFormats (57)
[2015.11.22-14.56.32:114][123]LogModuleManager: Shutting down and abandoning module MeshUtilities (56)
[2015.11.22-14.56.32:114][123]LogModuleManager: Shutting down and abandoning module CookingStats (55)
[2015.11.22-14.56.32:116][123]LogModuleManager: Shutting down and abandoning module DerivedDataCache (54)
[2015.11.22-14.56.32:207][123]LogDerivedDataCache: Shutdown
[2015.11.22-14.56.32:207][123]LogModuleManager: Shutting down and abandoning module ShaderFormatOpenGL (53)
[2015.11.22-14.56.32:207][123]LogModuleManager: Shutting down and abandoning module ShaderFormatD3D (52)
[2015.11.22-14.56.32:207][123]LogModuleManager: Shutting down and abandoning module MetalShaderFormat (51)
[2015.11.22-14.56.32:207][123]LogModuleManager: Shutting down and abandoning module TextureFormatUncompressed (50)
[2015.11.22-14.56.32:207][123]LogModuleManager: Shutting down and abandoning module TextureFormatPVR (49)
[2015.11.22-14.56.32:207][123]LogModuleManager: Shutting down and abandoning module TextureFormatIntelISPCTexComp (48)
[2015.11.22-14.56.32:207][123]LogModuleManager: Shutting down and abandoning module TextureFormatDXT (47)
[2015.11.22-14.56.32:207][123]LogModuleManager: Shutting down and abandoning module ImageWrapper (46)
[2015.11.22-14.56.32:207][123]LogModuleManager: Shutting down and abandoning module TextureFormatASTC (45)
[2015.11.22-14.56.32:207][123]LogModuleManager: Shutting down and abandoning module TextureFormatAndroid (44)
[2015.11.22-14.56.32:207][123]LogModuleManager: Shutting down and abandoning module AudioFormatOpus (43)
[2015.11.22-14.56.32:207][123]LogModuleManager: Shutting down and abandoning module AudioFormatOgg (42)
[2015.11.22-14.56.32:207][123]LogModuleManager: Shutting down and abandoning module AudioFormatADPCM (41)
[2015.11.22-14.56.32:207][123]LogModuleManager: Shutting down and abandoning module LinuxTargetPlatform (40)
[2015.11.22-14.56.32:207][123]LogModuleManager: Shutting down and abandoning module LinuxServerTargetPlatform (39)
[2015.11.22-14.56.32:207][123]LogModuleManager: Shutting down and abandoning module LinuxNoEditorTargetPlatform (38)
[2015.11.22-14.56.32:207][123]LogModuleManager: Shutting down and abandoning module Messaging (37)
[2015.11.22-14.56.32:207][123]LogModuleManager: Shutting down and abandoning module IOSTargetPlatform (36)
[2015.11.22-14.56.32:207][123]LogModuleManager: Shutting down and abandoning module HTML5TargetPlatform (35)
[2015.11.22-14.56.32:207][123]LogModuleManager: Shutting down and abandoning module Android_PVRTCTargetPlatform (34)
[2015.11.22-14.56.32:207][123]LogModuleManager: Shutting down and abandoning module Android_ETC2TargetPlatform (33)
[2015.11.22-14.56.32:207][123]LogModuleManager: Shutting down and abandoning module Android_ETC1TargetPlatform (32)
[2015.11.22-14.56.32:207][123]LogModuleManager: Shutting down and abandoning module Android_DXTTargetPlatform (31)
[2015.11.22-14.56.32:207][123]LogModuleManager: Shutting down and abandoning module Android_ATCTargetPlatform (30)
[2015.11.22-14.56.32:207][123]LogModuleManager: Shutting down and abandoning module Android_ASTCTargetPlatform (29)
[2015.11.22-14.56.32:207][123]LogModuleManager: Shutting down and abandoning module AndroidTargetPlatform (28)
[2015.11.22-14.56.32:207][123]LogModuleManager: Shutting down and abandoning module WindowsTargetPlatform (27)
[2015.11.22-14.56.32:207][123]LogModuleManager: Shutting down and abandoning module WindowsServerTargetPlatform (26)
[2015.11.22-14.56.32:207][123]LogModuleManager: Shutting down and abandoning module WindowsNoEditorTargetPlatform (25)
[2015.11.22-14.56.32:207][123]LogModuleManager: Shutting down and abandoning module WindowsClientTargetPlatform (24)
[2015.11.22-14.56.32:207][123]LogModuleManager: Shutting down and abandoning module AllDesktopTargetPlatform (23)
[2015.11.22-14.56.32:207][123]LogModuleManager: Shutting down and abandoning module TargetPlatform (22)
[2015.11.22-14.56.32:208][123]LogModuleManager: Shutting down and abandoning module InputCore (21)
[2015.11.22-14.56.32:208][123]LogModuleManager: Shutting down and abandoning module Settings (20)
[2015.11.22-14.56.32:208][123]LogModuleManager: Shutting down and abandoning module OnlineSubsystem (18)
[2015.11.22-14.56.32:208][123]LogModuleManager: Shutting down and abandoning module HTTP (17)
[2015.11.22-14.56.34:209][123]LogModuleManager: Shutting down and abandoning module XMPP (16)
[2015.11.22-14.56.34:209][123]LogModuleManager: Shutting down and abandoning module ExampleDeviceProfileSelector (15)
[2015.11.22-14.56.34:209][123]LogModuleManager: Shutting down and abandoning module TextureCompressor (14)
[2015.11.22-14.56.34:209][123]LogModuleManager: Shutting down and abandoning module ShaderCore (13)
[2015.11.22-14.56.34:209][123]LogModuleManager: Shutting down and abandoning module Landscape (12)
[2015.11.22-14.56.34:210][123]LogModuleManager: Shutting down and abandoning module SlateRHIRenderer (11)
[2015.11.22-14.56.34:214][123]LogModuleManager: Shutting down and abandoning module OpenGLDrv (10)
[2015.11.22-14.56.34:214][123]LogModuleManager: Shutting down and abandoning module D3D11RHI (9)
[2015.11.22-14.56.34:214][123]LogModuleManager: Shutting down and abandoning module AnimGraphRuntime (8)
[2015.11.22-14.56.34:214][123]LogModuleManager: Shutting down and abandoning module Renderer (7)
[2015.11.22-14.56.34:214][123]LogModuleManager: Shutting down and abandoning module Engine (6)
[2015.11.22-14.56.34:214][123]LogModuleManager: Shutting down and abandoning module CoreUObject (5)
[2015.11.22-14.56.34:214][123]LogModuleManager: Shutting down and abandoning module NetworkFile (4)
[2015.11.22-14.56.34:214][123]LogModuleManager: Shutting down and abandoning module StreamingFile (3)
[2015.11.22-14.56.34:214][123]LogModuleManager: Shutting down and abandoning module SandboxFile (2)
[2015.11.22-14.56.34:214][123]LogModuleManager: Shutting down and abandoning module PakFile (1)
[2015.11.22-14.56.34:215][123]LogExit: Exiting.
[2015.11.22-14.56.34:262][123]Log file closed, 11/22/15 09:56:34
