[2015.10.22-18.53.52:008][  0]Log file open, 10/22/15 14:53:52
[2015.10.22-18.53.52:008][  0]LogInit:Display: Running engine without a game
[2015.10.22-18.53.52:008][  0]LogInit:Display: Loading recent project file: ../../../../../../../My Media/UCF Documents/DIG 4725/Game-Files/SuperSpaceArmada/SuperSpaceArmada.uproject
[2015.10.22-18.53.52:008][  0]LogInit:Display: RandInit(-1421331975) SRandInit(-1421331974).
[2015.10.22-18.53.52:008][  0]LogTaskGraph: Started task graph with 4 named threads and 7 total threads.
[2015.10.22-18.53.52:008][  0]LogStats: Stats thread started at 0.069636
[2015.10.22-18.53.52:008][  0]LogInit: Version: 4.9.1-2689999+++depot+UE4-Releases+4.9
[2015.10.22-18.53.52:008][  0]LogInit: API Version: 2672455
[2015.10.22-18.53.52:008][  0]LogInit: Compiled (64-bit): Sep 14 2015 04:12:03
[2015.10.22-18.53.52:008][  0]LogInit: Compiled with Visual C++: 18.00.21005.01
[2015.10.22-18.53.52:008][  0]LogInit: Build Configuration: Development
[2015.10.22-18.53.52:008][  0]LogInit: Branch Name: ++depot+UE4-Releases+4.9
[2015.10.22-18.53.52:008][  0]LogInit: Command line: 
[2015.10.22-18.53.52:008][  0]LogInit: Base directory: F:/Program Files/Unreal/Epic Games/4.9/Engine/Binaries/Win64/
[2015.10.22-18.53.52:008][  0]LogInit: Rocket: 1
[2015.10.22-18.53.52:015][  0]LogInit: Using libcurl 7.41.0
[2015.10.22-18.53.52:015][  0]LogInit:  - built for x86_64-pc-win32
[2015.10.22-18.53.52:015][  0]LogInit:  - supports SSL with WinSSL
[2015.10.22-18.53.52:015][  0]LogInit:  - other features:
[2015.10.22-18.53.52:015][  0]LogInit:      CURL_VERSION_SSL
[2015.10.22-18.53.52:015][  0]LogInit:      CURL_VERSION_IPV6
[2015.10.22-18.53.52:015][  0]LogInit:      CURL_VERSION_ASYNCHDNS
[2015.10.22-18.53.52:015][  0]LogInit:      CURL_VERSION_LARGEFILE
[2015.10.22-18.53.52:015][  0]LogInit:      CURL_VERSION_IDN
[2015.10.22-18.53.52:015][  0]LogInit:  CurlRequestOptions (configurable via config and command line):
[2015.10.22-18.53.52:015][  0]LogInit:  - bVerifyPeer = true  - Libcurl will verify peer certificate
[2015.10.22-18.53.52:015][  0]LogInit:  - bUseHttpProxy = false  - Libcurl will NOT use HTTP proxy
[2015.10.22-18.53.52:015][  0]LogInit:  - bDontReuseConnections = false  - Libcurl will reuse connections
[2015.10.22-18.53.52:015][  0]LogInit:  - CertBundlePath = nullptr  - Libcurl will use whatever was configured at build time.
[2015.10.22-18.53.52:023][  0]LogInit: Presizing for 0 objects not considered by GC, pre-allocating 0 bytes.
[2015.10.22-18.53.52:027][  0]LogInit: Object subsystem initialized
[2015.10.22-18.53.52:028][  0]LogInit: Selected Device Profile: [Windows]
[2015.10.22-18.53.52:028][  0]LogInit: Applying CVar settings loaded from the selected device profile: [Windows]
[2015.10.22-18.53.52:038][  0]LogInit: Computer: ANDREW_2015
[2015.10.22-18.53.52:038][  0]LogInit: User: aehrlich92
[2015.10.22-18.53.52:038][  0]LogInit: CPU Page size=4096, Cores=4
[2015.10.22-18.53.52:038][  0]LogInit: High frequency timer resolution =3.984649 MHz
[2015.10.22-18.53.52:038][  0]LogMemory: Memory total: Physical=15.9GB (16GB approx)
[2015.10.22-18.53.52:038][  0]LogMemory: Platform Memory Stats for Windows
[2015.10.22-18.53.52:038][  0]LogMemory: Process Physical Memory: 54.88 MB used, 54.88 MB peak
[2015.10.22-18.53.52:038][  0]LogMemory: Process Virtual Memory: 59.38 MB used, 59.38 MB peak
[2015.10.22-18.53.52:038][  0]LogMemory: Physical Memory: 6042.50 MB used, 16322.88 MB total
[2015.10.22-18.53.52:038][  0]LogMemory: Virtual Memory: 368.35 MB used, 134217728.00 MB total
[2015.10.22-18.53.52:075][  0]LogTextLocalizationManager: No specific translations for ('en-US') exist, so ('en') translations will be used.
[2015.10.22-18.53.52:553][  0]LogD3D11RHI: Found D3D11 adapter 0: NVIDIA GeForce GTX 960 (Feature Level 11_0)
[2015.10.22-18.53.52:553][  0]LogD3D11RHI: Adapter has 1969MB of dedicated video memory, 0MB of dedicated system memory, and 8161MB of shared system memory, 2 output[s]
[2015.10.22-18.53.52:555][  0]LogD3D11RHI: Found D3D11 adapter 1: Microsoft Basic Render Driver (Feature Level 11_0)
[2015.10.22-18.53.52:555][  0]LogD3D11RHI: Adapter has 0MB of dedicated video memory, 0MB of dedicated system memory, and 8161MB of shared system memory, 0 output[s]
[2015.10.22-18.53.52:555][  0]LogD3D11RHI: Chosen D3D11 Adapter Id = 0
[2015.10.22-18.53.52:560][  0]LogD3D11RHI: !Direct3DDevice
[2015.10.22-18.53.52:560][  0]LogRHI: Texture pool is 1361 MB (70% of 1945 MB)
[2015.10.22-18.53.52:569][  0]LogD3D11RHI: Async texture creation enabled
[2015.10.22-18.53.52:586][  0]LogShaderCompilers: Guid format shader working directory is 14 characters bigger than the processId version (../../../../../../../My Media/UCF Documents/DIG 4725/Game-Files/SuperSpaceArmada/Intermediate/Shaders/WorkingDirectory/20588/).
[2015.10.22-18.53.52:586][  0]LogShaderCompilers: Cleaned the shader compiler working directory '../../../../../../../My Media/UCF Documents/DIG 4725/Game-Files/SuperSpaceArmada/Intermediate/Shaders/tmp/6C657243432E3C5B7BC6AFACBC1D649F/'.
[2015.10.22-18.53.52:586][  0]LogShaderCompilers:Display: Using Local Shader Compiler.
[2015.10.22-18.53.53:381][  0]LogTemp:Display: Loaded TP AllDesktopTargetPlatform
[2015.10.22-18.53.53:385][  0]LogTemp:Display: Loaded TP WindowsClientTargetPlatform
[2015.10.22-18.53.53:388][  0]LogTemp:Display: Loaded TP WindowsNoEditorTargetPlatform
[2015.10.22-18.53.53:392][  0]LogTemp:Display: Loaded TP WindowsServerTargetPlatform
[2015.10.22-18.53.53:396][  0]LogTemp:Display: Loaded TP WindowsTargetPlatform
[2015.10.22-18.53.53:399][  0]LogTemp:Display: Loaded TP AndroidTargetPlatform
[2015.10.22-18.53.53:402][  0]LogTemp:Display: Loaded TP Android_ASTCTargetPlatform
[2015.10.22-18.53.53:404][  0]LogTemp:Display: Loaded TP Android_ATCTargetPlatform
[2015.10.22-18.53.53:407][  0]LogTemp:Display: Loaded TP Android_DXTTargetPlatform
[2015.10.22-18.53.53:411][  0]LogTemp:Display: Loaded TP Android_ETC1TargetPlatform
[2015.10.22-18.53.53:415][  0]LogTemp:Display: Loaded TP Android_ETC2TargetPlatform
[2015.10.22-18.53.53:418][  0]LogTemp:Display: Loaded TP Android_PVRTCTargetPlatform
[2015.10.22-18.53.53:419][  0]LogTemp:Display: Loaded TP HTML5TargetPlatform
[2015.10.22-18.53.53:435][  0]LogTemp:Display: Loaded TP IOSTargetPlatform
[2015.10.22-18.53.53:438][  0]LogTemp:Display: Loaded TP LinuxNoEditorTargetPlatform
[2015.10.22-18.53.53:441][  0]LogTemp:Display: Loaded TP LinuxServerTargetPlatform
[2015.10.22-18.53.53:445][  0]LogTemp:Display: Loaded TP LinuxTargetPlatform
[2015.10.22-18.53.53:445][  0]LogTargetPlatformManager:Display: Building Assets For Windows
[2015.10.22-18.53.53:506][  0]LogDerivedDataCache:Display: Max Cache Size: 512 MB
[2015.10.22-18.53.53:536][  0]LogDerivedDataCache: Loaded boot cache 0.03s 41MB C:/Users/aehrlich92/AppData/Local/UnrealEngine/4.9/DerivedDataCache/Boot.ddc.
[2015.10.22-18.53.53:537][  0]LogDerivedDataCache:Display: Loaded Boot cache: C:/Users/aehrlich92/AppData/Local/UnrealEngine/4.9/DerivedDataCache/Boot.ddc
[2015.10.22-18.53.53:537][  0]LogDerivedDataCache: FDerivedDataBackendGraph:  Pak pak cache file ../../../../../../../My Media/UCF Documents/DIG 4725/Game-Files/SuperSpaceArmada/DerivedDataCache/DDC.ddp not found, will not use a pak cache.
[2015.10.22-18.53.53:537][  0]LogDerivedDataCache: Unable to find inner node Pak for hierarchical cache Hierarchy.
[2015.10.22-18.53.53:537][  0]LogDerivedDataCache: FDerivedDataBackendGraph:  CompressedPak pak cache file ../../../../../../../My Media/UCF Documents/DIG 4725/Game-Files/SuperSpaceArmada/DerivedDataCache/Compressed.ddp not found, will not use a pak cache.
[2015.10.22-18.53.53:537][  0]LogDerivedDataCache: Unable to find inner node CompressedPak for hierarchical cache Hierarchy.
[2015.10.22-18.53.53:642][  0]LogDerivedDataCache:Display: Pak cache opened for reading ../../../Engine/DerivedDataCache/Compressed.ddp.
[2015.10.22-18.53.53:654][  0]LogDerivedDataCache: Using Local data cache path C:/Users/aehrlich92/AppData/Local/UnrealEngine/Common/DerivedDataCache: Writable
[2015.10.22-18.53.53:780][  0]LogInit: Selected Device Profile: [Windows]
[2015.10.22-18.53.53:782][  0]LogContentStreaming: Texture pool size is 0.000000MB
[2015.10.22-18.53.53:874][  0]LogMeshUtilities: No automatic mesh reduction module available
[2015.10.22-18.53.53:874][  0]LogMeshUtilities: No automatic mesh merging module available
[2015.10.22-18.53.54:061][  0]LogInit: WinSock: version 1.1 (2.2), MaxSocks=32767, MaxUdp=65467
[2015.10.22-18.53.54:563][  0]LogAssetRegistry: FAssetRegistry took 0.0108 seconds to start up
[2015.10.22-18.53.54:574][  0]UdpMessaging: Initializing bridge on interface 0.0.0.0:0 to multicast group 230.0.0.1:6666.
[2015.10.22-18.53.54:761][  0]SourceControl: Info Source control is disabled
[2015.10.22-18.53.54:769][  0]SourceControl: Info Source control is disabled
[2015.10.22-18.53.54:778][  0]SourceControl: Info Source control is disabled
[2015.10.22-18.53.54:784][  0]SourceControl: Info Source control is disabled
[2015.10.22-18.53.54:868][  0]LogLinker:Warning: Asset '../../../Engine/Plugins/Runtime/LeapMotionController/Content/LM_PassthroughMaterial.uasset' has been saved with empty engine version. The asset will be loaded but may be incompatible.
[2015.10.22-18.53.54:928][  0]LogObj: 28528 objects as part of root set at end of initial load.
[2015.10.22-18.53.54:928][  0]LogUObjectAllocator: 6068456 out of 0 bytes used by permanent object pool.
[2015.10.22-18.53.54:974][  0]LogEngine: Initializing Engine...
[2015.10.22-18.53.54:976][  0]LogHMD: Can't find Oculus library dev build: is proper Runtime installed? Version: 0.7.0.0
[2015.10.22-18.53.54:977][  0]LogHMD: SteamVR failed to initialize.  Err: 110
[2015.10.22-18.53.55:065][  0]LogAIModule: Creating AISystem for world NewWorld
[2015.10.22-18.53.55:073][  0]LogInit: XAudio2 using 'Speakers (Realtek High Definition Audio)' : 8 channels at 48 kHz using 32 bits per sample (channel mask 0x63f)
[2015.10.22-18.53.55:082][  0]LogInit: FAudioDevice initialized.
[2015.10.22-18.53.55:097][  0]LogDerivedDataCache: Saved boot cache 0.01s 41MB C:/Users/aehrlich92/AppData/Local/UnrealEngine/4.9/DerivedDataCache/Boot.ddc.
[2015.10.22-18.53.55:100][  0]LogInit: Texture streaming: Enabled
[2015.10.22-18.53.55:104][  0]LogAnalytics: Creating configured Analytics provider AnalyticsET
[2015.10.22-18.53.55:104][  0]LogAnalytics: [UEEditor.Rocket.Release] APIServer = http://et2.epicgames.com/ET2/. AppVersion = 4.9.1-2689999+++depot+UE4-Releases+4.9
[2015.10.22-18.53.55:104][  0]LogAnalytics: [UEEditor.Rocket.Release] SetUserId 7bdbd2584788e6e37f918c9187bab22c|b300224d71e64562a5bff06c2aaa78f8|45aed112-7b58-41bf-9eba-b8dcb7f9dd12
[2015.10.22-18.53.55:104][  0]LogAnalytics: [UEEditor.Rocket.Release] AnalyticsET::StartSession
[2015.10.22-18.53.55:135][  0]LogInit: Transaction tracking system initialized
[2015.10.22-18.53.55:155][  0]BlueprintLog: New page: Editor Load
[2015.10.22-18.53.55:215][  0]LocalizationService: Info Localization service is disabled
[2015.10.22-18.53.55:274][  0]LogConsoleResponse:Display: 
[2015.10.22-18.53.55:370][  0]LogCook:Display: Done creating registry. It took  0.00s.
[2015.10.22-18.53.55:412][  0]LogFileCache: Scanning file cache for directory 'F:/My Media/UCF Documents/DIG 4725/Game-Files/SuperSpaceArmada/Content/' took 0.01s
[2015.10.22-18.53.55:412][  0]SourceControl: Info Source control is disabled
[2015.10.22-18.53.55:412][  0]Cmd: MAP LOAD FILE="../../../../../../../My Media/UCF Documents/DIG 4725/Game-Files/SuperSpaceArmada/Content/SSA/Maps/Home_Kratakos.umap" TEMPLATE=0 SHOWPROGRESS=1 FEATURELEVEL=3
[2015.10.22-18.53.55:413][  0]LightingResults: New page: Lighting Build
[2015.10.22-18.53.55:414][  0]MapCheck: New page: Map Check
[2015.10.22-18.53.55:414][  0]LightingResults: New page: Lighting Build
[2015.10.22-18.53.55:425][  0]LogParticles: Destroying 0 GPU particle simulations for FXSystem 0x00000034F8E45620
[2015.10.22-18.53.55:488][  0]LogLinker:Warning: Asset '../../../../../../../My Media/UCF Documents/DIG 4725/Game-Files/SuperSpaceArmada/Content/Mannequin/Animations/ThirdPerson_AnimBP.uasset' has been saved with empty engine version. The asset will be loaded but may be incompatible.
[2015.10.22-18.53.55:489][  0]LogLinker:Warning: Asset '../../../../../../../My Media/UCF Documents/DIG 4725/Game-Files/SuperSpaceArmada/Content/Mannequin/Animations/ThirdPerson_Jump.uasset' has been saved with empty engine version. The asset will be loaded but may be incompatible.
[2015.10.22-18.53.55:491][  0]LogLinker:Warning: Asset '../../../../../../../My Media/UCF Documents/DIG 4725/Game-Files/SuperSpaceArmada/Content/Mannequin/Animations/ThirdPersonJump_Loop.uasset' has been saved with empty engine version. The asset will be loaded but may be incompatible.
[2015.10.22-18.53.55:491][  0]LogLinker:Warning: Asset '../../../../../../../My Media/UCF Documents/DIG 4725/Game-Files/SuperSpaceArmada/Content/Mannequin/Animations/ThirdPersonJump_Start.uasset' has been saved with empty engine version. The asset will be loaded but may be incompatible.
[2015.10.22-18.53.55:492][  0]LogLinker:Warning: Asset '../../../../../../../My Media/UCF Documents/DIG 4725/Game-Files/SuperSpaceArmada/Content/Mannequin/Animations/ThirdPerson_IdleRun_2D.uasset' has been saved with empty engine version. The asset will be loaded but may be incompatible.
[2015.10.22-18.53.55:492][  0]LogLinker:Warning: Asset '../../../../../../../My Media/UCF Documents/DIG 4725/Game-Files/SuperSpaceArmada/Content/Mannequin/Animations/ThirdPersonIdle.uasset' has been saved with empty engine version. The asset will be loaded but may be incompatible.
[2015.10.22-18.53.55:493][  0]LogLinker:Warning: Asset '../../../../../../../My Media/UCF Documents/DIG 4725/Game-Files/SuperSpaceArmada/Content/Mannequin/Animations/ThirdPersonRun.uasset' has been saved with empty engine version. The asset will be loaded but may be incompatible.
[2015.10.22-18.53.55:494][  0]LogLinker:Warning: Asset '../../../../../../../My Media/UCF Documents/DIG 4725/Game-Files/SuperSpaceArmada/Content/Mannequin/Animations/ThirdPersonWalk.uasset' has been saved with empty engine version. The asset will be loaded but may be incompatible.
[2015.10.22-18.53.56:016][  0]LogBlueprint:Warning: [MainMenu] CreatePinForVariable: 'EnergyArray' variable not found. Base class was probably changed.
[2015.10.22-18.53.56:017][  0]LogBlueprint:Warning: [MainMenu] CreatePinForVariable: 'SpeedArray' variable not found. Base class was probably changed.
[2015.10.22-18.53.56:017][  0]LogBlueprint:Warning: [MainMenu] CreatePinForVariable: 'HealthArray' variable not found. Base class was probably changed.
[2015.10.22-18.53.56:018][  0]LogBlueprint:Warning: [MainMenu] CreatePinForVariable: 'EnergyArray' variable not found. Base class was probably changed.
[2015.10.22-18.53.56:018][  0]LogBlueprint:Warning: [MainMenu] CreatePinForVariable: 'SpeedArray' variable not found. Base class was probably changed.
[2015.10.22-18.53.56:018][  0]LogBlueprint:Warning: [MainMenu] CreatePinForVariable: 'HealthArray' variable not found. Base class was probably changed.
[2015.10.22-18.53.56:019][  0]LogBlueprint:Warning: [MainMenu] CreatePinForVariable: 'SMeshArray' variable not found. Base class was probably changed.
[2015.10.22-18.53.56:019][  0]LogBlueprint:Warning: [MainMenu] CreatePinForVariable: 'SMeshArray' variable not found. Base class was probably changed.
[2015.10.22-18.53.56:046][  0]LogBlueprint:Warning: [compiler MainMenu] Warning Could not find a variable named "SMeshArray" in 'SSAGameInstance_C'.
Make sure 'SSAGameInstance_C' has been compiled for  Get SMeshArray 
[2015.10.22-18.53.56:046][  0]LogBlueprint:Warning: [compiler MainMenu] Warning Could not find a variable named "HealthArray" in 'SSAGameInstance_C'.
Make sure 'SSAGameInstance_C' has been compiled for  Get HealthArray 
[2015.10.22-18.53.56:046][  0]LogBlueprint:Warning: [compiler MainMenu] Warning Could not find a variable named "EnergyArray" in 'SSAGameInstance_C'.
Make sure 'SSAGameInstance_C' has been compiled for  Get EnergyArray 
[2015.10.22-18.53.56:046][  0]LogBlueprint:Warning: [compiler MainMenu] Warning Could not find a variable named "SpeedArray" in 'SSAGameInstance_C'.
Make sure 'SSAGameInstance_C' has been compiled for  Get SpeedArray 
[2015.10.22-18.53.56:047][  0]LogBlueprint:Warning: [compiler MainMenu] Warning Could not find a variable named "SMeshArray" in 'SSAGameInstance_C'.
Make sure 'SSAGameInstance_C' has been compiled for  Get SMeshArray 
[2015.10.22-18.53.56:047][  0]LogBlueprint:Warning: [compiler MainMenu] Warning Could not find a variable named "HealthArray" in 'SSAGameInstance_C'.
Make sure 'SSAGameInstance_C' has been compiled for  Get HealthArray 
[2015.10.22-18.53.56:047][  0]LogBlueprint:Warning: [compiler MainMenu] Warning Could not find a variable named "EnergyArray" in 'SSAGameInstance_C'.
Make sure 'SSAGameInstance_C' has been compiled for  Get EnergyArray 
[2015.10.22-18.53.56:047][  0]LogBlueprint:Warning: [compiler MainMenu] Warning Could not find a variable named "SpeedArray" in 'SSAGameInstance_C'.
Make sure 'SSAGameInstance_C' has been compiled for  Get SpeedArray 
[2015.10.22-18.53.56:052][  0]LogBlueprint:Warning: [compiler MainMenu] Warning [0004.50] Compile of MainMenu successful, but with 8 Warning(s) [in 25 ms]
[2015.10.22-18.53.56:053][  0]LogBlueprint:Warning: [compiler MainMenu] Warning [0004.50] Compile of MainMenu successful, but with 9 Warning(s) [in 0 ms]
[2015.10.22-18.53.56:053][  0]LogBlueprint:Warning: [compiler MainMenu] Warning [0004.50] Compile of MainMenu successful, but with 10 Warning(s) [in 0 ms]
[2015.10.22-18.53.56:122][  0]LogBlueprint:Warning: [Player] CreatePinForVariable: 'SMeshArray' variable not found. Base class was probably changed.
[2015.10.22-18.53.56:123][  0]LogBlueprint:Warning: [Player] CreatePinForVariable: 'SpeedArray' variable not found. Base class was probably changed.
[2015.10.22-18.53.56:124][  0]LogBlueprint:Warning: [Player] CreatePinForVariable: 'EnergyArray' variable not found. Base class was probably changed.
[2015.10.22-18.53.56:124][  0]LogBlueprint:Warning: [Player] CreatePinForVariable: 'HealthArray' variable not found. Base class was probably changed.
[2015.10.22-18.53.56:165][  0]LogBlueprint:Warning: [compiler Player] Warning Could not find a variable named "HealthArray" in 'SSAGameInstance_C'.
Make sure 'SSAGameInstance_C' has been compiled for  Get HealthArray 
[2015.10.22-18.53.56:165][  0]LogBlueprint:Warning: [compiler Player] Warning Could not find a variable named "EnergyArray" in 'SSAGameInstance_C'.
Make sure 'SSAGameInstance_C' has been compiled for  Get EnergyArray 
[2015.10.22-18.53.56:165][  0]LogBlueprint:Warning: [compiler Player] Warning Could not find a variable named "SpeedArray" in 'SSAGameInstance_C'.
Make sure 'SSAGameInstance_C' has been compiled for  Get SpeedArray 
[2015.10.22-18.53.56:165][  0]LogBlueprint:Warning: [compiler Player] Warning Could not find a variable named "SMeshArray" in 'SSAGameInstance_C'.
Make sure 'SSAGameInstance_C' has been compiled for  Get SMeshArray 
[2015.10.22-18.53.56:176][  0]LogBlueprint:Error: [compiler Player] Error The property associated with  SMesh Array  could not be found
[2015.10.22-18.53.56:176][  0]LogBlueprint:Error: [compiler Player] Error The property associated with  Speed Array  could not be found
[2015.10.22-18.53.56:176][  0]LogBlueprint:Error: [compiler Player] Error The property associated with  Energy Array  could not be found
[2015.10.22-18.53.56:176][  0]LogBlueprint:Error: [compiler Player] Error The property associated with  Health Array  could not be found
[2015.10.22-18.53.56:214][  0]LogBlueprint:Warning: [compiler Player] Warning [0004.66] Compile of Player failed. 4 Fatal Issue(s) 4 Warning(s) [in 77 ms]
[2015.10.22-18.53.56:214][  0]LogBlueprint:Warning: [compiler Player] Warning [0004.66] Compile of Player failed. 4 Fatal Issue(s) 5 Warning(s) [in 0 ms]
[2015.10.22-18.53.56:214][  0]LogBlueprint:Warning: [compiler Player] Warning [0004.66] Compile of Player failed. 4 Fatal Issue(s) 6 Warning(s) [in 0 ms]
[2015.10.22-18.53.56:462][  0]LogBlueprint:Error: Broken Node: K2Node_CallFunction /Game/SSA/Blueprints/Objects/Debris.Debris:Debris Collision func.K2Node_CallFunction_3036 keeps removed/invalid pin: EdGraphPin /Game/SSA/Blueprints/Objects/Debris.Debris:Debris Collision func.K2Node_CallFunction_3036.EdGraphPin_189478. Try refresh all nodes.
[2015.10.22-18.53.56:462][  0]LogBlueprint:Error: Broken Node: K2Node_CallFunction /Game/SSA/Blueprints/Objects/Debris.Debris:Debris Collision func.K2Node_CallFunction_2761 keeps removed/invalid pin: EdGraphPin /Game/SSA/Blueprints/Objects/Debris.Debris:Debris Collision func.K2Node_CallFunction_2761.EdGraphPin_189448. Try refresh all nodes.
[2015.10.22-18.53.56:626][  0]LogBlueprint:Warning: [Player] CreatePinForVariable: 'HealthArray' variable not found. Base class was probably changed.
[2015.10.22-18.53.56:626][  0]LogBlueprint:Warning: [Player] CreatePinForVariable: 'EnergyArray' variable not found. Base class was probably changed.
[2015.10.22-18.53.56:626][  0]LogBlueprint:Warning: [Player] CreatePinForVariable: 'SpeedArray' variable not found. Base class was probably changed.
[2015.10.22-18.53.56:626][  0]LogBlueprint:Warning: [Player] CreatePinForVariable: 'SMeshArray' variable not found. Base class was probably changed.
[2015.10.22-18.53.56:658][  0]LogBlueprint:Warning: [compiler Player] Warning Could not find a variable named "HealthArray" in 'SSAGameInstance_C'.
Make sure 'SSAGameInstance_C' has been compiled for  Get HealthArray 
[2015.10.22-18.53.56:658][  0]LogBlueprint:Warning: [compiler Player] Warning Could not find a variable named "EnergyArray" in 'SSAGameInstance_C'.
Make sure 'SSAGameInstance_C' has been compiled for  Get EnergyArray 
[2015.10.22-18.53.56:658][  0]LogBlueprint:Warning: [compiler Player] Warning Could not find a variable named "SpeedArray" in 'SSAGameInstance_C'.
Make sure 'SSAGameInstance_C' has been compiled for  Get SpeedArray 
[2015.10.22-18.53.56:658][  0]LogBlueprint:Warning: [compiler Player] Warning Could not find a variable named "SMeshArray" in 'SSAGameInstance_C'.
Make sure 'SSAGameInstance_C' has been compiled for  Get SMeshArray 
[2015.10.22-18.53.56:672][  0]LogBlueprint:Error: [compiler Player] Error The property associated with  SMesh Array  could not be found
[2015.10.22-18.53.56:672][  0]LogBlueprint:Error: [compiler Player] Error The property associated with  Speed Array  could not be found
[2015.10.22-18.53.56:672][  0]LogBlueprint:Error: [compiler Player] Error The property associated with  Energy Array  could not be found
[2015.10.22-18.53.56:673][  0]LogBlueprint:Error: [compiler Player] Error The property associated with  Health Array  could not be found
[2015.10.22-18.53.56:706][  0]LogBlueprint:Warning: [compiler Player] Warning [0005.16] Compile of Player failed. 4 Fatal Issue(s) 4 Warning(s) [in 71 ms]
[2015.10.22-18.53.56:706][  0]LogBlueprint:Warning: [compiler Player] Warning [0005.16] Compile of Player failed. 4 Fatal Issue(s) 5 Warning(s) [in 0 ms]
[2015.10.22-18.53.56:710][  0]LogBlueprint:Warning: [compiler Player] Warning [0005.16] Compile of Player failed. 4 Fatal Issue(s) 6 Warning(s) [in 3 ms]
[2015.10.22-18.53.56:758][  0]LogBlueprint:Error: Broken Node: K2Node_CallFunction /Game/SSA/Blueprints/Objects/Debris.Debris:Debris Collision func.K2Node_CallFunction_2761 keeps removed/invalid pin: EdGraphPin /Game/SSA/Blueprints/Objects/Debris.Debris:Debris Collision func.K2Node_CallFunction_2761.EdGraphPin_189448. Try refresh all nodes.
[2015.10.22-18.53.56:758][  0]LogBlueprint:Error: Broken Node: K2Node_CallFunction /Game/SSA/Blueprints/Objects/Debris.Debris:Debris Collision func.K2Node_CallFunction_3036 keeps removed/invalid pin: EdGraphPin /Game/SSA/Blueprints/Objects/Debris.Debris:Debris Collision func.K2Node_CallFunction_3036.EdGraphPin_189478. Try refresh all nodes.
[2015.10.22-18.53.56:912][  0]LogBlueprint:Warning: [MainMenu] CreatePinForVariable: 'SMeshArray' variable not found. Base class was probably changed.
[2015.10.22-18.53.56:913][  0]LogBlueprint:Warning: [MainMenu] CreatePinForVariable: 'HealthArray' variable not found. Base class was probably changed.
[2015.10.22-18.53.56:913][  0]LogBlueprint:Warning: [MainMenu] CreatePinForVariable: 'EnergyArray' variable not found. Base class was probably changed.
[2015.10.22-18.53.56:913][  0]LogBlueprint:Warning: [MainMenu] CreatePinForVariable: 'SpeedArray' variable not found. Base class was probably changed.
[2015.10.22-18.53.56:913][  0]LogBlueprint:Warning: [MainMenu] CreatePinForVariable: 'SMeshArray' variable not found. Base class was probably changed.
[2015.10.22-18.53.56:913][  0]LogBlueprint:Warning: [MainMenu] CreatePinForVariable: 'HealthArray' variable not found. Base class was probably changed.
[2015.10.22-18.53.56:914][  0]LogBlueprint:Warning: [MainMenu] CreatePinForVariable: 'EnergyArray' variable not found. Base class was probably changed.
[2015.10.22-18.53.56:914][  0]LogBlueprint:Warning: [MainMenu] CreatePinForVariable: 'SpeedArray' variable not found. Base class was probably changed.
[2015.10.22-18.53.56:935][  0]LogBlueprint:Warning: [compiler MainMenu] Warning Could not find a variable named "SMeshArray" in 'SSAGameInstance_C'.
Make sure 'SSAGameInstance_C' has been compiled for  Get SMeshArray 
[2015.10.22-18.53.56:935][  0]LogBlueprint:Warning: [compiler MainMenu] Warning Could not find a variable named "HealthArray" in 'SSAGameInstance_C'.
Make sure 'SSAGameInstance_C' has been compiled for  Get HealthArray 
[2015.10.22-18.53.56:935][  0]LogBlueprint:Warning: [compiler MainMenu] Warning Could not find a variable named "EnergyArray" in 'SSAGameInstance_C'.
Make sure 'SSAGameInstance_C' has been compiled for  Get EnergyArray 
[2015.10.22-18.53.56:935][  0]LogBlueprint:Warning: [compiler MainMenu] Warning Could not find a variable named "SpeedArray" in 'SSAGameInstance_C'.
Make sure 'SSAGameInstance_C' has been compiled for  Get SpeedArray 
[2015.10.22-18.53.56:936][  0]LogBlueprint:Warning: [compiler MainMenu] Warning Could not find a variable named "SMeshArray" in 'SSAGameInstance_C'.
Make sure 'SSAGameInstance_C' has been compiled for  Get SMeshArray 
[2015.10.22-18.53.56:936][  0]LogBlueprint:Warning: [compiler MainMenu] Warning Could not find a variable named "HealthArray" in 'SSAGameInstance_C'.
Make sure 'SSAGameInstance_C' has been compiled for  Get HealthArray 
[2015.10.22-18.53.56:937][  0]LogBlueprint:Warning: [compiler MainMenu] Warning Could not find a variable named "EnergyArray" in 'SSAGameInstance_C'.
Make sure 'SSAGameInstance_C' has been compiled for  Get EnergyArray 
[2015.10.22-18.53.56:937][  0]LogBlueprint:Warning: [compiler MainMenu] Warning Could not find a variable named "SpeedArray" in 'SSAGameInstance_C'.
Make sure 'SSAGameInstance_C' has been compiled for  Get SpeedArray 
[2015.10.22-18.53.56:942][  0]LogBlueprint:Warning: [compiler MainMenu] Warning [0005.39] Compile of MainMenu successful, but with 8 Warning(s) [in 22 ms]
[2015.10.22-18.53.56:942][  0]LogBlueprint:Warning: [compiler MainMenu] Warning [0005.39] Compile of MainMenu successful, but with 9 Warning(s) [in 0 ms]
[2015.10.22-18.53.56:942][  0]LogBlueprint:Warning: [compiler MainMenu] Warning [0005.39] Compile of MainMenu successful, but with 10 Warning(s) [in 0 ms]
[2015.10.22-18.53.57:232][  0]LogLinker:Warning: Can't find file '/Game/Geometry/Meshes/1M_Cube'
[2015.10.22-18.53.57:232][  0]LogLinker:Warning: Can't find file for asset '/Game/Geometry/Meshes/1M_Cube' while loading ../../../../../../../My Media/UCF Documents/DIG 4725/Game-Files/SuperSpaceArmada/Content/SSA/Blueprints/Objects/Crystal_Spawner.uasset.
[2015.10.22-18.53.57:232][  0]LoadErrors:Error: Error /Game/SSA/Blueprints/Objects/Crystal_Spawner : Can't find file for asset. /Game/Geometry/Meshes/1M_Cube
[2015.10.22-18.53.57:233][  0]LogLinker:Warning: Can't find file '/Game/Geometry/Meshes/1M_Cube'
[2015.10.22-18.53.57:233][  0]LogLinker:Warning: Can't find file for asset '/Game/Geometry/Meshes/1M_Cube' while loading ../../../../../../../My Media/UCF Documents/DIG 4725/Game-Files/SuperSpaceArmada/Content/SSA/Blueprints/Objects/Crystal_Spawner.uasset.
[2015.10.22-18.53.57:233][  0]LoadErrors:Error: Error /Game/SSA/Blueprints/Objects/Crystal_Spawner : Can't find file for asset. /Game/Geometry/Meshes/1M_Cube
[2015.10.22-18.53.57:234][  0]LogLinker:Warning: Can't find file '/Game/Geometry/Meshes/1M_Cube'
[2015.10.22-18.53.57:234][  0]LogLinker:Warning: Can't find file for asset '/Game/Geometry/Meshes/1M_Cube' while loading ../../../../../../../My Media/UCF Documents/DIG 4725/Game-Files/SuperSpaceArmada/Content/SSA/Maps/Home_Kratakos.umap.
[2015.10.22-18.53.57:234][  0]LoadErrors:Error: Error /Game/SSA/Maps/Home_Kratakos : Can't find file for asset. /Game/Geometry/Meshes/1M_Cube
[2015.10.22-18.53.57:234][  0]LogLinker:Warning: Can't find file '/Game/Geometry/Meshes/1M_Cube'
[2015.10.22-18.53.57:235][  0]LogLinker:Warning: Can't find file for asset '/Game/Geometry/Meshes/1M_Cube' while loading ../../../../../../../My Media/UCF Documents/DIG 4725/Game-Files/SuperSpaceArmada/Content/SSA/Maps/Home_Kratakos.umap.
[2015.10.22-18.53.57:235][  0]LoadErrors:Error: Error /Game/SSA/Maps/Home_Kratakos : Can't find file for asset. /Game/Geometry/Meshes/1M_Cube
[2015.10.22-18.53.57:235][  0]LogLinker:Warning: Can't find file '/Game/Geometry/Meshes/1M_Cube'
[2015.10.22-18.53.57:235][  0]LoadErrors: Info Failed to load /Game/Geometry/Meshes/1M_Cube.1M_Cube Referenced by StaticMeshComponent0
[2015.10.22-18.53.57:235][  0]LogLinker:Warning: Can't find file for asset '/Game/Geometry/Meshes/1M_Cube' while loading ../../../../../../../My Media/UCF Documents/DIG 4725/Game-Files/SuperSpaceArmada/Content/SSA/Maps/Home_Kratakos.umap.
[2015.10.22-18.53.57:235][  0]LoadErrors: Info Failed to load /Game/Geometry/Meshes/1M_Cube.1M_Cube Referenced by StaticMeshComponent0
[2015.10.22-18.53.57:235][  0]LoadErrors:Error: Error /Game/SSA/Maps/Home_Kratakos : Can't find file for asset. /Game/Geometry/Meshes/1M_Cube
[2015.10.22-18.53.57:400][  0]LogBlueprint:Warning: [Home_Kratakos] CreatePinForVariable: 'SMeshArray' variable not found. Base class was probably changed.
[2015.10.22-18.53.57:408][  0]LogBlueprint:Warning: [compiler Home_Kratakos] Warning Could not find a variable named "SMeshArray" in 'SSAGameInstance_C'.
Make sure 'SSAGameInstance_C' has been compiled for  Get SMeshArray 
[2015.10.22-18.53.57:409][  0]LogBlueprint:Error: [compiler Home_Kratakos] Error The property associated with  SMesh Array  could not be found
[2015.10.22-18.53.57:412][  0]LogBlueprint:Warning: [compiler Home_Kratakos] Warning [0005.86] Compile of Home_Kratakos failed. 1 Fatal Issue(s) 1 Warning(s) [in 10 ms]
[2015.10.22-18.53.57:412][  0]LogBlueprint:Warning: [compiler Home_Kratakos] Warning [0005.86] Compile of Home_Kratakos failed. 1 Fatal Issue(s) 2 Warning(s) [in 0 ms]
[2015.10.22-18.53.57:412][  0]LogBlueprint:Warning: [compiler Home_Kratakos] Warning [0005.86] Compile of Home_Kratakos failed. 1 Fatal Issue(s) 3 Warning(s) [in 0 ms]
[2015.10.22-18.53.57:413][  0]LogBlueprint:Warning: [Home_Kratakos] CreatePinForVariable: 'SMeshArray' variable not found. Base class was probably changed.
[2015.10.22-18.53.58:004][  0]LogAIModule: Creating AISystem for world Home_Kratakos
[2015.10.22-18.53.58:008][  0]LogEditorServer: Finished looking for orphan Actors (0.000 secs)
[2015.10.22-18.53.58:009][  0]Cmd: MAP CHECKDEP NOCLEARLOG
[2015.10.22-18.53.58:071][  0]MapCheck: Info Map check complete: 0 Error(s), 0 Warning(s), took 62.505ms to complete.
[2015.10.22-18.53.58:071][  0]LogFileHelpers: Loading map 'Home_Kratakos' took 2.658
[2015.10.22-18.53.58:166][  0]LogCollectionManager: Loaded 0 collections in 0.001026 seconds
[2015.10.22-18.53.58:204][  0]LogFileCache: Scanning file cache for directory 'F:/My Media/UCF Documents/DIG 4725/Game-Files/SuperSpaceArmada/Saved/Collections/' took 0.01s
[2015.10.22-18.53.58:204][  0]LogFileCache: Scanning file cache for directory 'F:/My Media/UCF Documents/DIG 4725/Game-Files/SuperSpaceArmada/Content/Developers/aehrlich92/Collections/' took 0.01s
[2015.10.22-18.53.58:204][  0]LogFileCache: Scanning file cache for directory 'F:/My Media/UCF Documents/DIG 4725/Game-Files/SuperSpaceArmada/Content/Collections/' took 0.01s
[2015.10.22-18.53.58:204][  0]LogContentBrowser: Native class hierarchy populated in 0.0052 seconds. Added 1882 classes and 339 folders.
[2015.10.22-18.53.58:209][  0]LogCollectionManager: Rebuilt the GUID cache for 0 collections in 0.000002 seconds
[2015.10.22-18.53.58:213][  0]LogContentBrowser: Native class hierarchy updated for 'WidgetCarousel' in 0.0002 seconds. Added 0 classes and 0 folders.
[2015.10.22-18.53.58:240][  0]LogContentBrowser: Native class hierarchy updated for 'AddContentDialog' in 0.0002 seconds. Added 0 classes and 0 folders.
[2015.10.22-18.53.58:242][  0]LogContentBrowser: Native class hierarchy updated for 'SceneOutliner' in 0.0002 seconds. Added 1 classes and 2 folders.
[2015.10.22-18.53.58:265][  0]LogCrashTracker: Crashtracker disabled due to settings.
[2015.10.22-18.53.58:268][  0]LogUObjectGlobals:Warning: Failed to find object 'Class None.'
[2015.10.22-18.53.58:290][  0]LogLoad: Full Startup: 6.74 seconds (BP compile: 0.85 seconds)
[2015.10.22-18.53.58:298][  0]LoadErrors:Error: Error /Game/SSA/Blueprints/Player_Ships/Player : Failed import for ArrayProperty /Game/SSA/Blueprints/SSAGameInstance.SSAGameInstance_C:EnergyArray
[2015.10.22-18.53.58:298][  0]LoadErrors:Error: Error /Game/SSA/Blueprints/Player_Ships/Player : Failed import for ArrayProperty /Game/SSA/Blueprints/SSAGameInstance.SSAGameInstance_C:HealthArray
[2015.10.22-18.53.58:299][  0]LoadErrors:Error: Error /Game/SSA/Blueprints/Player_Ships/Player : Failed import for ArrayProperty /Game/SSA/Blueprints/SSAGameInstance.SSAGameInstance_C:SpeedArray
[2015.10.22-18.53.58:299][  0]LoadErrors:Error: Error /Game/SSA/Blueprints/Player : Failed import for Player_C /Game/SSA/Blueprints/Player/Player.Default__Player_C
[2015.10.22-18.53.58:299][  0]LoadErrors:Error: Error /Game/SSA/Blueprints/Player_Human : Failed import for Player_Human_C /Game/SSA/Blueprints/Player/Player_Human.Default__Player_Human_C [redirection] in /Game/SSA/Blueprints/Player_Human
[2015.10.22-18.53.58:299][  0]LoadErrors:Error: Error /Game/SSA/Maps/Home_Kratakos : Failed import for ArrayProperty /Game/SSA/Blueprints/SSAGameInstance.SSAGameInstance_C:SMeshArray
[2015.10.22-18.53.58:337][  0]LogContentStreaming: Texture pool size now 1000 MB
[2015.10.22-18.53.58:446][  0]LogRenderer: Reallocating scene render targets to support 1208x584 (Frame:2).
[2015.10.22-18.53.58:922][ 13]LogAssetRegistry: Asset discovery search completed in 4.3701 seconds
[2015.10.22-18.53.58:922][ 13]LogCollectionManager: Rebuilt the object cache for 0 collections in 0.000000 seconds (found 0 objects)
[2015.10.22-18.53.58:922][ 13]LogCollectionManager: Fixed up redirectors for 0 collections in 0.000015 seconds (updated 0 objects)
[2015.10.22-18.54.01:856][316]LogLinker:Warning: Asset '../../../Engine/Content/ArtTools/RenderToTexture/Macros/RenderToTextureMacros.uasset' has been saved with empty engine version. The asset will be loaded but may be incompatible.
[2015.10.22-18.54.02:243][316]LogContentBrowser: Native class hierarchy updated for 'BlueprintGraph' in 0.0005 seconds. Added 107 classes and 0 folders.
[2015.10.22-18.56.58:746][514]LogActorComponent: UnregisterComponent: (/Engine/Transient.CharMoveComp) Not registered. Aborting.
[2015.10.22-18.56.58:746][514]LogActorComponent: UnregisterComponent: (/Engine/Transient.CharacterMovementComponent_0) Not registered. Aborting.
[2015.10.22-18.57.00:126][651]LogEditorTransaction: Undo Delete current selection
[2015.10.22-18.57.07:625][322]BlueprintLog: New page: Compile Player
[2015.10.22-18.57.07:646][322]LogBlueprint:Warning: [compiler Player] Warning Could not find a variable named "HealthArray" in 'SSAGameInstance_C'.
Make sure 'SSAGameInstance_C' has been compiled for  Get HealthArray 
[2015.10.22-18.57.07:646][322]LogBlueprint:Warning: [compiler Player] Warning Could not find a variable named "EnergyArray" in 'SSAGameInstance_C'.
Make sure 'SSAGameInstance_C' has been compiled for  Get EnergyArray 
[2015.10.22-18.57.07:647][322]LogBlueprint:Warning: [compiler Player] Warning Could not find a variable named "SpeedArray" in 'SSAGameInstance_C'.
Make sure 'SSAGameInstance_C' has been compiled for  Get SpeedArray 
[2015.10.22-18.57.07:647][322]LogBlueprint:Warning: [compiler Player] Warning Could not find a variable named "SMeshArray" in 'SSAGameInstance_C'.
Make sure 'SSAGameInstance_C' has been compiled for  Get SMeshArray 
[2015.10.22-18.57.07:652][322]LogBlueprint:Error: [compiler Player] Error Could not find a function named "HP Remove" in 'Player_C'.
Make sure 'Player_C' has been compiled for  HP Remove 
[2015.10.22-18.57.07:654][322]LogBlueprint:Error: [compiler Player] Error The property associated with  SMesh Array  could not be found
[2015.10.22-18.57.07:654][322]LogBlueprint:Error: [compiler Player] Error The property associated with  Speed Array  could not be found
[2015.10.22-18.57.07:654][322]LogBlueprint:Error: [compiler Player] Error The property associated with  Energy Array  could not be found
[2015.10.22-18.57.07:654][322]LogBlueprint:Error: [compiler Player] Error The property associated with  Health Array  could not be found
[2015.10.22-18.57.07:728][322]LogBlueprint:Error: [compiler Player_Kratakos] Error Could not find a function named "Spawn Next Ship Player" in 'Player_Kratakos_C'.
Make sure 'Player_Kratakos_C' has been compiled for  Spawn Next Ship Player 
[2015.10.22-18.57.07:729][322]LogBlueprint:Error: [compiler Player_Kratakos] Error Could not find a function named "Energy Remove" in 'Player_Kratakos_C'.
Make sure 'Player_Kratakos_C' has been compiled for  Energy Remove 
[2015.10.22-18.57.07:953][322]LogBlueprint:Error: [compiler Player_Human] Error Could not find a function named "Spawn Next Ship Player" in 'Player_Human_C'.
Make sure 'Player_Human_C' has been compiled for  Spawn Next Ship Player 
[2015.10.22-18.57.07:953][322]LogBlueprint:Error: [compiler Player_Human] Error Could not find a function named "HP Remove" in 'Player_Human_C'.
Make sure 'Player_Human_C' has been compiled for  HP Remove 
[2015.10.22-18.57.07:953][322]LogBlueprint:Error: [compiler Player_Human] Error Could not find a function named "Energy Remove" in 'Player_Human_C'.
Make sure 'Player_Human_C' has been compiled for  Energy Remove 
[2015.10.22-18.57.07:954][322]LogBlueprint:Error: [compiler Player_Human] Error Could not find a function named "Energy Remove" in 'Player_Human_C'.
Make sure 'Player_Human_C' has been compiled for  Energy Remove 
[2015.10.22-18.57.07:954][322]LogBlueprint:Error: [compiler Player_Human] Error Could not find a function named "Energy Remove" in 'Player_Human_C'.
Make sure 'Player_Human_C' has been compiled for  Energy Remove 
[2015.10.22-18.57.07:960][322]LogBlueprint:Error: [compiler Player_Human] Error Could not find a function named "HP Remove" in 'Player_Human_C'.
Make sure 'Player_Human_C' has been compiled for  HP Remove 
[2015.10.22-18.57.08:022][322]LogBlueprint:Warning: [compiler Home_Kratakos] Warning Could not find a variable named "SMeshArray" in 'SSAGameInstance_C'.
Make sure 'SSAGameInstance_C' has been compiled for  Get SMeshArray 
[2015.10.22-18.57.08:022][322]LogBlueprint:Error: [compiler Home_Kratakos] Error The property associated with  SMesh Array  could not be found
[2015.10.22-18.57.08:101][322]LogBlueprint:Error: [compiler Human_Torpedo] Error Could not find a function named "Enemy HP Remove" in 'Player_C'.
Make sure 'Player_C' has been compiled for  Enemy HP Remove 
[2015.10.22-18.57.08:118][322]LogBlueprint:Error: [compiler Debris] Error Could not find a function named "HP Remove" in 'Player_C'.
Make sure 'Player_C' has been compiled for  HP Remove 
[2015.10.22-18.57.08:118][322]LogBlueprint:Error: [compiler Debris] Error Could not find a function named "Enemy HP Remove" in 'Player_C'.
Make sure 'Player_C' has been compiled for  Enemy HP Remove 
[2015.10.22-18.57.08:147][322]LogBlueprint:Error: [compiler Enemy_Kratakos] Error Could not find a function named "Enemy Energy Remove" in 'Player_C'.
Make sure 'Player_C' has been compiled for  Enemy Energy Remove 
[2015.10.22-18.57.08:147][322]LogBlueprint:Error: [compiler Enemy_Kratakos] Error Could not find a function named "Enemy Energy Remove" in 'Player_C'.
Make sure 'Player_C' has been compiled for  Enemy Energy Remove 
[2015.10.22-18.57.08:150][322]LogBlueprint:Error: [compiler Enemy_Kratakos] Error Could not find a function named "Enemy HP Remove" in 'Player_C'.
Make sure 'Player_C' has been compiled for  Enemy HP Remove 
[2015.10.22-18.57.08:175][322]LogBlueprint:Error: [compiler Player_Phaser_Trigger] Error Could not find a function named "Enemy HP Remove" in 'Player_C'.
Make sure 'Player_C' has been compiled for  Enemy HP Remove 
[2015.10.22-18.57.08:196][322]LogBlueprint:Error: [compiler Player_Ram_Trigger] Error Could not find a function named "Enemy HP Remove" in 'Player_C'.
Make sure 'Player_C' has been compiled for  Enemy HP Remove 
[2015.10.22-18.57.08:206][322]LogBlueprint:Error: [compiler AI_Ram_Trigger] Error Could not find a function named "HP Remove" in 'Player_C'.
Make sure 'Player_C' has been compiled for  HP Remove 
[2015.10.22-18.57.08:218][322]LogBlueprint:Error: [compiler Energy_Crate] Error Could not find a function named "Energy Restore" in 'Player_C'.
Make sure 'Player_C' has been compiled for  Energy Restore 
[2015.10.22-18.57.08:218][322]LogBlueprint:Error: [compiler Energy_Crate] Error Could not find a function named "Enemy Energy Restore" in 'Player_C'.
Make sure 'Player_C' has been compiled for  Enemy Energy Restore 
[2015.10.22-18.57.08:228][322]LogBlueprint:Error: [compiler Health_Crate] Error Could not find a function named "HP Restore" in 'Player_C'.
Make sure 'Player_C' has been compiled for  HP Restore 
[2015.10.22-18.57.08:228][322]LogBlueprint:Error: [compiler Health_Crate] Error Could not find a function named "Enemy HP Restore" in 'Player_C'.
Make sure 'Player_C' has been compiled for  Enemy HP Restore 
[2015.10.22-18.57.08:244][322]LogBlueprint:Error: [compiler Crystal] Error Could not find a function named "Enemy HP Remove" in 'Player_C'.
Make sure 'Player_C' has been compiled for  Enemy HP Remove 
[2015.10.22-18.57.08:244][322]LogBlueprint:Error: [compiler Crystal] Error Could not find a function named "HP Remove" in 'Player_C'.
Make sure 'Player_C' has been compiled for  HP Remove 
[2015.10.22-18.57.08:261][322]LogBlueprint:Error: [compiler Crystal_Spawner] Error Could not find a function named "Bonanza" in 'Player_C'.
Make sure 'Player_C' has been compiled for  Bonanza 
[2015.10.22-18.57.08:261][322]LogBlueprint:Error: [compiler Crystal_Spawner] Error Could not find a function named "Remove Bonanza" in 'Player_C'.
Make sure 'Player_C' has been compiled for  Remove Bonanza 
[2015.10.22-18.57.08:271][322]LogBlueprint:Error: [compiler Debris_Spawner] Error Could not find a function named "Remove Asteroid Warning" in 'Player_C'.
Make sure 'Player_C' has been compiled for  Remove Asteroid Warning 
[2015.10.22-18.57.08:271][322]LogBlueprint:Error: [compiler Debris_Spawner] Error Could not find a function named "Asteroid Warning" in 'Player_C'.
Make sure 'Player_C' has been compiled for  Asteroid Warning 
[2015.10.22-18.57.08:297][322]LogBlueprint:Warning: [compiler MainMenu] Warning Could not find a variable named "SMeshArray" in 'SSAGameInstance_C'.
Make sure 'SSAGameInstance_C' has been compiled for  Get SMeshArray 
[2015.10.22-18.57.08:298][322]LogBlueprint:Warning: [compiler MainMenu] Warning Could not find a variable named "HealthArray" in 'SSAGameInstance_C'.
Make sure 'SSAGameInstance_C' has been compiled for  Get HealthArray 
[2015.10.22-18.57.08:298][322]LogBlueprint:Warning: [compiler MainMenu] Warning Could not find a variable named "EnergyArray" in 'SSAGameInstance_C'.
Make sure 'SSAGameInstance_C' has been compiled for  Get EnergyArray 
[2015.10.22-18.57.08:298][322]LogBlueprint:Warning: [compiler MainMenu] Warning Could not find a variable named "SpeedArray" in 'SSAGameInstance_C'.
Make sure 'SSAGameInstance_C' has been compiled for  Get SpeedArray 
[2015.10.22-18.57.08:299][322]LogBlueprint:Warning: [compiler MainMenu] Warning Could not find a variable named "SMeshArray" in 'SSAGameInstance_C'.
Make sure 'SSAGameInstance_C' has been compiled for  Get SMeshArray 
[2015.10.22-18.57.08:299][322]LogBlueprint:Warning: [compiler MainMenu] Warning Could not find a variable named "HealthArray" in 'SSAGameInstance_C'.
Make sure 'SSAGameInstance_C' has been compiled for  Get HealthArray 
[2015.10.22-18.57.08:299][322]LogBlueprint:Warning: [compiler MainMenu] Warning Could not find a variable named "EnergyArray" in 'SSAGameInstance_C'.
Make sure 'SSAGameInstance_C' has been compiled for  Get EnergyArray 
[2015.10.22-18.57.08:299][322]LogBlueprint:Warning: [compiler MainMenu] Warning Could not find a variable named "SpeedArray" in 'SSAGameInstance_C'.
Make sure 'SSAGameInstance_C' has been compiled for  Get SpeedArray 
[2015.10.22-18.57.09:098][322]LogBlueprint:Error: [compiler Player_Kratakos] Error Could not find a function named "Spawn Next Ship Player" in 'Player_Kratakos_C'.
Make sure 'Player_Kratakos_C' has been compiled for  Spawn Next Ship Player 
[2015.10.22-18.57.09:098][322]LogBlueprint:Error: [compiler Player_Kratakos] Error Could not find a function named "Energy Remove" in 'Player_Kratakos_C'.
Make sure 'Player_Kratakos_C' has been compiled for  Energy Remove 
[2015.10.22-18.57.09:194][322]LogBlueprint:Error: [compiler Player_Human] Error Could not find a function named "Spawn Next Ship Player" in 'Player_Human_C'.
Make sure 'Player_Human_C' has been compiled for  Spawn Next Ship Player 
[2015.10.22-18.57.09:194][322]LogBlueprint:Error: [compiler Player_Human] Error Could not find a function named "HP Remove" in 'Player_Human_C'.
Make sure 'Player_Human_C' has been compiled for  HP Remove 
[2015.10.22-18.57.09:195][322]LogBlueprint:Error: [compiler Player_Human] Error Could not find a function named "Energy Remove" in 'Player_Human_C'.
Make sure 'Player_Human_C' has been compiled for  Energy Remove 
[2015.10.22-18.57.09:195][322]LogBlueprint:Error: [compiler Player_Human] Error Could not find a function named "Energy Remove" in 'Player_Human_C'.
Make sure 'Player_Human_C' has been compiled for  Energy Remove 
[2015.10.22-18.57.09:195][322]LogBlueprint:Error: [compiler Player_Human] Error Could not find a function named "Energy Remove" in 'Player_Human_C'.
Make sure 'Player_Human_C' has been compiled for  Energy Remove 
[2015.10.22-18.57.09:199][322]LogBlueprint:Error: [compiler Player_Human] Error Could not find a function named "HP Remove" in 'Player_Human_C'.
Make sure 'Player_Human_C' has been compiled for  HP Remove 
[2015.10.22-18.57.09:254][322]LogBlueprint:Warning: [compiler MainMenu] Warning Could not find a variable named "SMeshArray" in 'SSAGameInstance_C'.
Make sure 'SSAGameInstance_C' has been compiled for  Get SMeshArray 
[2015.10.22-18.57.09:254][322]LogBlueprint:Warning: [compiler MainMenu] Warning Could not find a variable named "HealthArray" in 'SSAGameInstance_C'.
Make sure 'SSAGameInstance_C' has been compiled for  Get HealthArray 
[2015.10.22-18.57.09:254][322]LogBlueprint:Warning: [compiler MainMenu] Warning Could not find a variable named "EnergyArray" in 'SSAGameInstance_C'.
Make sure 'SSAGameInstance_C' has been compiled for  Get EnergyArray 
[2015.10.22-18.57.09:254][322]LogBlueprint:Warning: [compiler MainMenu] Warning Could not find a variable named "SpeedArray" in 'SSAGameInstance_C'.
Make sure 'SSAGameInstance_C' has been compiled for  Get SpeedArray 
[2015.10.22-18.57.09:255][322]LogBlueprint:Warning: [compiler MainMenu] Warning Could not find a variable named "SMeshArray" in 'SSAGameInstance_C'.
Make sure 'SSAGameInstance_C' has been compiled for  Get SMeshArray 
[2015.10.22-18.57.09:255][322]LogBlueprint:Warning: [compiler MainMenu] Warning Could not find a variable named "HealthArray" in 'SSAGameInstance_C'.
Make sure 'SSAGameInstance_C' has been compiled for  Get HealthArray 
[2015.10.22-18.57.09:255][322]LogBlueprint:Warning: [compiler MainMenu] Warning Could not find a variable named "EnergyArray" in 'SSAGameInstance_C'.
Make sure 'SSAGameInstance_C' has been compiled for  Get EnergyArray 
[2015.10.22-18.57.09:255][322]LogBlueprint:Warning: [compiler MainMenu] Warning Could not find a variable named "SpeedArray" in 'SSAGameInstance_C'.
Make sure 'SSAGameInstance_C' has been compiled for  Get SpeedArray 
[2015.10.22-18.57.09:498][322]LogBlueprint:Warning: [compiler Player] Warning [0197.95] Compile of Player failed. 5 Fatal Issue(s) 4 Warning(s) [in 1,871 ms]
[2015.10.22-18.57.09:498][322]BlueprintEditorCompileResults:Warning: Warning Could not find a variable named "HealthArray" in 'SSAGameInstance_C'.
Make sure 'SSAGameInstance_C' has been compiled for  Get HealthArray 
[2015.10.22-18.57.09:498][322]BlueprintEditorCompileResults:Warning: Warning Could not find a variable named "EnergyArray" in 'SSAGameInstance_C'.
Make sure 'SSAGameInstance_C' has been compiled for  Get EnergyArray 
[2015.10.22-18.57.09:498][322]BlueprintEditorCompileResults:Warning: Warning Could not find a variable named "SpeedArray" in 'SSAGameInstance_C'.
Make sure 'SSAGameInstance_C' has been compiled for  Get SpeedArray 
[2015.10.22-18.57.09:498][322]BlueprintEditorCompileResults:Warning: Warning Could not find a variable named "SMeshArray" in 'SSAGameInstance_C'.
Make sure 'SSAGameInstance_C' has been compiled for  Get SMeshArray 
[2015.10.22-18.57.09:498][322]BlueprintEditorCompileResults:Error: Error Could not find a function named "HP Remove" in 'Player_C'.
Make sure 'Player_C' has been compiled for  HP Remove 
[2015.10.22-18.57.09:498][322]BlueprintEditorCompileResults:Error: Error The property associated with  SMesh Array  could not be found
[2015.10.22-18.57.09:498][322]BlueprintEditorCompileResults:Error: Error The property associated with  Speed Array  could not be found
[2015.10.22-18.57.09:498][322]BlueprintEditorCompileResults:Error: Error The property associated with  Energy Array  could not be found
[2015.10.22-18.57.09:498][322]BlueprintEditorCompileResults:Error: Error The property associated with  Health Array  could not be found
[2015.10.22-18.57.09:498][322]BlueprintEditorCompileResults:Warning: Warning [0197.95] Compile of Player failed. 5 Fatal Issue(s) 4 Warning(s) [in 1,871 ms]
[2015.10.22-18.57.10:801][473]LogEditorTransaction: Undo Delete current selection
[2015.10.22-18.57.10:808][473]LogWindows:Error: Windows GetLastError: The operation completed successfully. (0)
[2015.10.22-18.57.10:986][473]LogCrashTracker: 


[2015.10.22-18.57.10:987][473]LogCrashTracker: 


[2015.10.22-18.57.10:987][473]LogWindows: === Critical error: ===
Assertion failed: (Index >= 0) & (Index < ArrayNum) [File:D:\BuildFarm\buildmachine_++depot+UE4-Releases+4.9\Engine\Source\Runtime\Core\Public\Containers\Array.h] [Line: 678] 
Array index out of bounds: 1107820544 from an array of size 3




[2015.10.22-18.57.11:096][473]LogExit: Executing StaticShutdownAfterError
[2015.10.22-18.57.11:104][473]LogPhysics:Warning: PHYSX: ..\..\PhysX\src\NpScene.cpp (2946) 8 : PxScene::unlockWrite() called without matching call to PxScene::lockWrite(), behaviour will be undefined.
[2015.10.22-18.57.11:104][473]LogPhysics:Warning: PHYSX: ..\..\PhysX\src\NpScene.cpp (2946) 8 : PxScene::unlockWrite() called without matching call to PxScene::lockWrite(), behaviour will be undefined.
[2015.10.22-18.57.11:104][473]LogPhysics:Warning: PHYSX: ..\..\PhysX\src\NpScene.cpp (2946) 8 : PxScene::unlockWrite() called without matching call to PxScene::lockWrite(), behaviour will be undefined.
[2015.10.22-18.57.11:105][473]LogPhysics:Warning: PHYSX: ..\..\PhysX\src\NpScene.cpp (2946) 8 : PxScene::unlockWrite() called without matching call to PxScene::lockWrite(), behaviour will be undefined.
[2015.10.22-18.57.11:105][473]LogPhysics:Warning: PHYSX: ..\..\PhysX\src\NpScene.cpp (2946) 8 : PxScene::unlockWrite() called without matching call to PxScene::lockWrite(), behaviour will be undefined.
[2015.10.22-18.57.11:105][473]LogPhysics:Warning: PHYSX: ..\..\PhysX\src\NpScene.cpp (2946) 8 : PxScene::unlockWrite() called without matching call to PxScene::lockWrite(), behaviour will be undefined.
[2015.10.22-18.57.11:105][473]LogPhysics:Warning: PHYSX: ..\..\PhysX\src\NpScene.cpp (2946) 8 : PxScene::unlockWrite() called without matching call to PxScene::lockWrite(), behaviour will be undefined.
[2015.10.22-18.57.11:105][473]LogPhysics:Warning: PHYSX: ..\..\PhysX\src\NpScene.cpp (2946) 8 : PxScene::unlockWrite() called without matching call to PxScene::lockWrite(), behaviour will be undefined.
[2015.10.22-18.57.11:105][473]LogPhysics:Warning: PHYSX: ..\..\PhysX\src\NpScene.cpp (2946) 8 : PxScene::unlockWrite() called without matching call to PxScene::lockWrite(), behaviour will be undefined.
[2015.10.22-18.57.11:105][473]LogPhysics:Warning: PHYSX: ..\..\PhysX\src\NpScene.cpp (2946) 8 : PxScene::unlockWrite() called without matching call to PxScene::lockWrite(), behaviour will be undefined.
[2015.10.22-18.57.11:105][473]LogPhysics:Warning: PHYSX: ..\..\PhysX\src\NpScene.cpp (2946) 8 : PxScene::unlockWrite() called without matching call to PxScene::lockWrite(), behaviour will be undefined.
[2015.10.22-18.57.11:105][473]LogPhysics:Warning: PHYSX: ..\..\PhysX\src\NpScene.cpp (2946) 8 : PxScene::unlockWrite() called without matching call to PxScene::lockWrite(), behaviour will be undefined.
[2015.10.22-18.57.11:106][473]LogPhysics:Warning: PHYSX: ..\..\PhysX\src\NpScene.cpp (2946) 8 : PxScene::unlockWrite() called without matching call to PxScene::lockWrite(), behaviour will be undefined.
[2015.10.22-18.57.11:106][473]LogPhysics:Warning: PHYSX: ..\..\PhysX\src\NpScene.cpp (2946) 8 : PxScene::unlockWrite() called without matching call to PxScene::lockWrite(), behaviour will be undefined.
[2015.10.22-18.57.11:106][473]LogPhysics:Warning: PHYSX: ..\..\PhysX\src\NpScene.cpp (2946) 8 : PxScene::unlockWrite() called without matching call to PxScene::lockWrite(), behaviour will be undefined.
[2015.10.22-18.57.11:106][473]LogPhysics:Warning: PHYSX: ..\..\PhysX\src\NpScene.cpp (2946) 8 : PxScene::unlockWrite() called without matching call to PxScene::lockWrite(), behaviour will be undefined.
[2015.10.22-18.57.11:106][473]LogWindows: FPlatformMisc::RequestExit(1)
[2015.10.22-18.57.11:106][473]Log file closed, 10/22/15 14:57:11
