[2015.12.11-01.38.58:205][  0]Log file open, 12/10/15 20:38:58
[2015.12.11-01.38.58:205][  0]LogInit:Display: Running engine without a game
[2015.12.11-01.38.58:205][  0]LogInit:Display: Loading recent project file: ../../../../../../../My Media/UCF Documents/DIG 4725/Game-Files/SuperSpaceArmada/SuperSpaceArmada.uproject
[2015.12.11-01.38.58:205][  0]LogInit:Display: RandInit(-2126348375) SRandInit(-2126348374).
[2015.12.11-01.38.58:205][  0]LogTaskGraph: Started task graph with 4 named threads and 7 total threads.
[2015.12.11-01.38.58:205][  0]LogStats: Stats thread started at 0.068208
[2015.12.11-01.38.58:205][  0]LogInit: Version: 4.9.1-2689999+++depot+UE4-Releases+4.9
[2015.12.11-01.38.58:205][  0]LogInit: API Version: 2672455
[2015.12.11-01.38.58:205][  0]LogInit: Compiled (64-bit): Sep 14 2015 04:12:03
[2015.12.11-01.38.58:205][  0]LogInit: Compiled with Visual C++: 18.00.21005.01
[2015.12.11-01.38.58:205][  0]LogInit: Build Configuration: Development
[2015.12.11-01.38.58:205][  0]LogInit: Branch Name: ++depot+UE4-Releases+4.9
[2015.12.11-01.38.58:205][  0]LogInit: Command line: 
[2015.12.11-01.38.58:205][  0]LogInit: Base directory: F:/Program Files/Unreal/Epic Games/4.9/Engine/Binaries/Win64/
[2015.12.11-01.38.58:205][  0]LogInit: Rocket: 1
[2015.12.11-01.38.58:213][  0]LogInit: Using libcurl 7.41.0
[2015.12.11-01.38.58:213][  0]LogInit:  - built for x86_64-pc-win32
[2015.12.11-01.38.58:214][  0]LogInit:  - supports SSL with WinSSL
[2015.12.11-01.38.58:214][  0]LogInit:  - other features:
[2015.12.11-01.38.58:214][  0]LogInit:      CURL_VERSION_SSL
[2015.12.11-01.38.58:214][  0]LogInit:      CURL_VERSION_IPV6
[2015.12.11-01.38.58:214][  0]LogInit:      CURL_VERSION_ASYNCHDNS
[2015.12.11-01.38.58:214][  0]LogInit:      CURL_VERSION_LARGEFILE
[2015.12.11-01.38.58:214][  0]LogInit:      CURL_VERSION_IDN
[2015.12.11-01.38.58:214][  0]LogInit:  CurlRequestOptions (configurable via config and command line):
[2015.12.11-01.38.58:214][  0]LogInit:  - bVerifyPeer = true  - Libcurl will verify peer certificate
[2015.12.11-01.38.58:214][  0]LogInit:  - bUseHttpProxy = false  - Libcurl will NOT use HTTP proxy
[2015.12.11-01.38.58:214][  0]LogInit:  - bDontReuseConnections = false  - Libcurl will reuse connections
[2015.12.11-01.38.58:214][  0]LogInit:  - CertBundlePath = nullptr  - Libcurl will use whatever was configured at build time.
[2015.12.11-01.38.58:220][  0]LogInit: Presizing for 0 objects not considered by GC, pre-allocating 0 bytes.
[2015.12.11-01.38.58:225][  0]LogInit: Object subsystem initialized
[2015.12.11-01.38.58:226][  0]LogInit: Selected Device Profile: [Windows]
[2015.12.11-01.38.58:226][  0]LogInit: Applying CVar settings loaded from the selected device profile: [Windows]
[2015.12.11-01.38.58:231][  0]LogInit: Computer: ANDREW_2015
[2015.12.11-01.38.58:231][  0]LogInit: User: aehrlich92
[2015.12.11-01.38.58:231][  0]LogInit: CPU Page size=4096, Cores=4
[2015.12.11-01.38.58:231][  0]LogInit: High frequency timer resolution =3.984641 MHz
[2015.12.11-01.38.58:231][  0]LogMemory: Memory total: Physical=15.9GB (16GB approx)
[2015.12.11-01.38.58:231][  0]LogMemory: Platform Memory Stats for Windows
[2015.12.11-01.38.58:231][  0]LogMemory: Process Physical Memory: 55.29 MB used, 55.29 MB peak
[2015.12.11-01.38.58:231][  0]LogMemory: Process Virtual Memory: 59.62 MB used, 59.62 MB peak
[2015.12.11-01.38.58:231][  0]LogMemory: Physical Memory: 6613.62 MB used, 16322.88 MB total
[2015.12.11-01.38.58:231][  0]LogMemory: Virtual Memory: 369.57 MB used, 134217728.00 MB total
[2015.12.11-01.38.58:271][  0]LogTextLocalizationManager: No specific translations for ('en-US') exist, so ('en') translations will be used.
[2015.12.11-01.38.58:816][  0]LogD3D11RHI: Found D3D11 adapter 0: NVIDIA GeForce GTX 960 (Feature Level 11_0)
[2015.12.11-01.38.58:816][  0]LogD3D11RHI: Adapter has 1969MB of dedicated video memory, 0MB of dedicated system memory, and 8161MB of shared system memory, 3 output[s]
[2015.12.11-01.38.58:818][  0]LogD3D11RHI: Found D3D11 adapter 1: Microsoft Basic Render Driver (Feature Level 11_0)
[2015.12.11-01.38.58:818][  0]LogD3D11RHI: Adapter has 0MB of dedicated video memory, 0MB of dedicated system memory, and 8161MB of shared system memory, 0 output[s]
[2015.12.11-01.38.58:818][  0]LogD3D11RHI: Chosen D3D11 Adapter Id = 0
[2015.12.11-01.38.58:824][  0]LogD3D11RHI: !Direct3DDevice
[2015.12.11-01.38.58:824][  0]LogRHI: Texture pool is 1361 MB (70% of 1945 MB)
[2015.12.11-01.38.58:834][  0]LogD3D11RHI: Async texture creation enabled
[2015.12.11-01.38.58:849][  0]LogShaderCompilers: Guid format shader working directory is 14 characters bigger than the processId version (../../../../../../../My Media/UCF Documents/DIG 4725/Game-Files/SuperSpaceArmada/Intermediate/Shaders/WorkingDirectory/26012/).
[2015.12.11-01.38.58:849][  0]LogShaderCompilers: Cleaned the shader compiler working directory '../../../../../../../My Media/UCF Documents/DIG 4725/Game-Files/SuperSpaceArmada/Intermediate/Shaders/tmp/A5ADC98F475C09901AA01BAA2642BEB6/'.
[2015.12.11-01.38.58:849][  0]LogShaderCompilers:Display: Using Local Shader Compiler.
[2015.12.11-01.38.59:608][  0]LogTemp:Display: Loaded TP AllDesktopTargetPlatform
[2015.12.11-01.38.59:612][  0]LogTemp:Display: Loaded TP WindowsClientTargetPlatform
[2015.12.11-01.38.59:616][  0]LogTemp:Display: Loaded TP WindowsNoEditorTargetPlatform
[2015.12.11-01.38.59:620][  0]LogTemp:Display: Loaded TP WindowsServerTargetPlatform
[2015.12.11-01.38.59:624][  0]LogTemp:Display: Loaded TP WindowsTargetPlatform
[2015.12.11-01.38.59:627][  0]LogTemp:Display: Loaded TP AndroidTargetPlatform
[2015.12.11-01.38.59:630][  0]LogTemp:Display: Loaded TP Android_ASTCTargetPlatform
[2015.12.11-01.38.59:633][  0]LogTemp:Display: Loaded TP Android_ATCTargetPlatform
[2015.12.11-01.38.59:636][  0]LogTemp:Display: Loaded TP Android_DXTTargetPlatform
[2015.12.11-01.38.59:639][  0]LogTemp:Display: Loaded TP Android_ETC1TargetPlatform
[2015.12.11-01.38.59:643][  0]LogTemp:Display: Loaded TP Android_ETC2TargetPlatform
[2015.12.11-01.38.59:646][  0]LogTemp:Display: Loaded TP Android_PVRTCTargetPlatform
[2015.12.11-01.38.59:647][  0]LogTemp:Display: Loaded TP HTML5TargetPlatform
[2015.12.11-01.38.59:663][  0]LogTemp:Display: Loaded TP IOSTargetPlatform
[2015.12.11-01.38.59:666][  0]LogTemp:Display: Loaded TP LinuxNoEditorTargetPlatform
[2015.12.11-01.38.59:670][  0]LogTemp:Display: Loaded TP LinuxServerTargetPlatform
[2015.12.11-01.38.59:673][  0]LogTemp:Display: Loaded TP LinuxTargetPlatform
[2015.12.11-01.38.59:673][  0]LogTargetPlatformManager:Display: Building Assets For Windows
[2015.12.11-01.38.59:736][  0]LogDerivedDataCache:Display: Max Cache Size: 512 MB
[2015.12.11-01.38.59:765][  0]LogDerivedDataCache: Loaded boot cache 0.03s 41MB C:/Users/aehrlich92/AppData/Local/UnrealEngine/4.9/DerivedDataCache/Boot.ddc.
[2015.12.11-01.38.59:765][  0]LogDerivedDataCache:Display: Loaded Boot cache: C:/Users/aehrlich92/AppData/Local/UnrealEngine/4.9/DerivedDataCache/Boot.ddc
[2015.12.11-01.38.59:765][  0]LogDerivedDataCache: FDerivedDataBackendGraph:  Pak pak cache file ../../../../../../../My Media/UCF Documents/DIG 4725/Game-Files/SuperSpaceArmada/DerivedDataCache/DDC.ddp not found, will not use a pak cache.
[2015.12.11-01.38.59:765][  0]LogDerivedDataCache: Unable to find inner node Pak for hierarchical cache Hierarchy.
[2015.12.11-01.38.59:765][  0]LogDerivedDataCache: FDerivedDataBackendGraph:  CompressedPak pak cache file ../../../../../../../My Media/UCF Documents/DIG 4725/Game-Files/SuperSpaceArmada/DerivedDataCache/Compressed.ddp not found, will not use a pak cache.
[2015.12.11-01.38.59:765][  0]LogDerivedDataCache: Unable to find inner node CompressedPak for hierarchical cache Hierarchy.
[2015.12.11-01.38.59:862][  0]LogDerivedDataCache:Display: Pak cache opened for reading ../../../Engine/DerivedDataCache/Compressed.ddp.
[2015.12.11-01.38.59:874][  0]LogDerivedDataCache: Using Local data cache path C:/Users/aehrlich92/AppData/Local/UnrealEngine/Common/DerivedDataCache: Writable
[2015.12.11-01.38.59:986][  0]LogInit: Selected Device Profile: [Windows]
[2015.12.11-01.38.59:988][  0]LogContentStreaming: Texture pool size is 0.000000MB
[2015.12.11-01.39.00:072][  0]LogMeshUtilities: No automatic mesh reduction module available
[2015.12.11-01.39.00:072][  0]LogMeshUtilities: No automatic mesh merging module available
[2015.12.11-01.39.00:261][  0]LogInit: WinSock: version 1.1 (2.2), MaxSocks=32767, MaxUdp=65467
[2015.12.11-01.39.00:753][  0]LogAssetRegistry: FAssetRegistry took 0.0107 seconds to start up
[2015.12.11-01.39.00:763][  0]UdpMessaging: Initializing bridge on interface 0.0.0.0:0 to multicast group 230.0.0.1:6666.
[2015.12.11-01.39.00:952][  0]SourceControl: Info Source control is disabled
[2015.12.11-01.39.00:952][  0]SourceControl: Info Source control is disabled
[2015.12.11-01.39.00:960][  0]SourceControl: Info Source control is disabled
[2015.12.11-01.39.00:966][  0]SourceControl: Info Source control is disabled
[2015.12.11-01.39.01:058][  0]LogLinker:Warning: Asset '../../../Engine/Plugins/Runtime/LeapMotionController/Content/LM_PassthroughMaterial.uasset' has been saved with empty engine version. The asset will be loaded but may be incompatible.
[2015.12.11-01.39.01:124][  0]LogObj: 28528 objects as part of root set at end of initial load.
[2015.12.11-01.39.01:124][  0]LogUObjectAllocator: 6068456 out of 0 bytes used by permanent object pool.
[2015.12.11-01.39.01:166][  0]LogEngine: Initializing Engine...
[2015.12.11-01.39.01:168][  0]LogHMD: Can't find Oculus library dev build: is proper Runtime installed? Version: 0.7.0.0
[2015.12.11-01.39.01:169][  0]LogHMD: SteamVR failed to initialize.  Err: 110
[2015.12.11-01.39.01:246][  0]LogAIModule: Creating AISystem for world NewWorld
[2015.12.11-01.39.01:256][  0]LogInit: XAudio2 using 'Speakers (Realtek High Definition Audio)' : 8 channels at 48 kHz using 32 bits per sample (channel mask 0x63f)
[2015.12.11-01.39.01:266][  0]LogInit: FAudioDevice initialized.
[2015.12.11-01.39.01:280][  0]LogDerivedDataCache: Saved boot cache 0.01s 41MB C:/Users/aehrlich92/AppData/Local/UnrealEngine/4.9/DerivedDataCache/Boot.ddc.
[2015.12.11-01.39.01:282][  0]LogInit: Texture streaming: Enabled
[2015.12.11-01.39.01:286][  0]LogAnalytics: Creating configured Analytics provider AnalyticsET
[2015.12.11-01.39.01:286][  0]LogAnalytics: [UEEditor.Rocket.Release] APIServer = http://et2.epicgames.com/ET2/. AppVersion = 4.9.1-2689999+++depot+UE4-Releases+4.9
[2015.12.11-01.39.01:286][  0]LogAnalytics: [UEEditor.Rocket.Release] SetUserId 7bdbd2584788e6e37f918c9187bab22c|b300224d71e64562a5bff06c2aaa78f8|45aed112-7b58-41bf-9eba-b8dcb7f9dd12
[2015.12.11-01.39.01:286][  0]LogAnalytics: [UEEditor.Rocket.Release] AnalyticsET::StartSession
[2015.12.11-01.39.01:324][  0]LogInit: Transaction tracking system initialized
[2015.12.11-01.39.01:345][  0]BlueprintLog: New page: Editor Load
[2015.12.11-01.39.01:403][  0]LocalizationService: Info Localization service is disabled
[2015.12.11-01.39.01:462][  0]LogConsoleResponse:Display: 
[2015.12.11-01.39.01:541][  0]LogCook:Display: Done creating registry. It took  0.00s.
[2015.12.11-01.39.01:578][  0]LogFileCache: Scanning file cache for directory 'F:/My Media/UCF Documents/DIG 4725/Game-Files/SuperSpaceArmada/Content/' took 0.01s
[2015.12.11-01.39.01:578][  0]SourceControl: Info Source control is disabled
[2015.12.11-01.39.01:578][  0]Cmd: MAP LOAD FILE="../../../../../../../My Media/UCF Documents/DIG 4725/Game-Files/SuperSpaceArmada/Content/SSA/Maps/Home_Kratakos.umap" TEMPLATE=0 SHOWPROGRESS=1 FEATURELEVEL=3
[2015.12.11-01.39.01:578][  0]LightingResults: New page: Lighting Build
[2015.12.11-01.39.01:579][  0]MapCheck: New page: Map Check
[2015.12.11-01.39.01:579][  0]LightingResults: New page: Lighting Build
[2015.12.11-01.39.01:586][  0]LogParticles: Destroying 0 GPU particle simulations for FXSystem 0x0000007F5BD40400
[2015.12.11-01.39.01:638][  0]LogLinker:Warning: Asset '../../../../../../../My Media/UCF Documents/DIG 4725/Game-Files/SuperSpaceArmada/Content/Mannequin/Animations/ThirdPerson_AnimBP.uasset' has been saved with empty engine version. The asset will be loaded but may be incompatible.
[2015.12.11-01.39.01:639][  0]LogLinker:Warning: Asset '../../../../../../../My Media/UCF Documents/DIG 4725/Game-Files/SuperSpaceArmada/Content/Mannequin/Animations/ThirdPerson_Jump.uasset' has been saved with empty engine version. The asset will be loaded but may be incompatible.
[2015.12.11-01.39.01:640][  0]LogLinker:Warning: Asset '../../../../../../../My Media/UCF Documents/DIG 4725/Game-Files/SuperSpaceArmada/Content/Mannequin/Animations/ThirdPersonJump_Loop.uasset' has been saved with empty engine version. The asset will be loaded but may be incompatible.
[2015.12.11-01.39.01:641][  0]LogLinker:Warning: Asset '../../../../../../../My Media/UCF Documents/DIG 4725/Game-Files/SuperSpaceArmada/Content/Mannequin/Animations/ThirdPersonJump_Start.uasset' has been saved with empty engine version. The asset will be loaded but may be incompatible.
[2015.12.11-01.39.01:642][  0]LogLinker:Warning: Asset '../../../../../../../My Media/UCF Documents/DIG 4725/Game-Files/SuperSpaceArmada/Content/Mannequin/Animations/ThirdPerson_IdleRun_2D.uasset' has been saved with empty engine version. The asset will be loaded but may be incompatible.
[2015.12.11-01.39.01:642][  0]LogLinker:Warning: Asset '../../../../../../../My Media/UCF Documents/DIG 4725/Game-Files/SuperSpaceArmada/Content/Mannequin/Animations/ThirdPersonIdle.uasset' has been saved with empty engine version. The asset will be loaded but may be incompatible.
[2015.12.11-01.39.01:643][  0]LogLinker:Warning: Asset '../../../../../../../My Media/UCF Documents/DIG 4725/Game-Files/SuperSpaceArmada/Content/Mannequin/Animations/ThirdPersonRun.uasset' has been saved with empty engine version. The asset will be loaded but may be incompatible.
[2015.12.11-01.39.01:643][  0]LogLinker:Warning: Asset '../../../../../../../My Media/UCF Documents/DIG 4725/Game-Files/SuperSpaceArmada/Content/Mannequin/Animations/ThirdPersonWalk.uasset' has been saved with empty engine version. The asset will be loaded but may be incompatible.
[2015.12.11-01.39.05:644][  0]LogAIModule: Creating AISystem for world Home_Kratakos
[2015.12.11-01.39.05:649][  0]LogEditorServer: Finished looking for orphan Actors (0.000 secs)
[2015.12.11-01.39.05:649][  0]Cmd: MAP CHECKDEP NOCLEARLOG
[2015.12.11-01.39.05:736][  0]MapCheck: Info Map check complete: 0 Error(s), 0 Warning(s), took 87.106ms to complete.
[2015.12.11-01.39.05:736][  0]LogFileHelpers: Loading map 'Home_Kratakos' took 4.159
[2015.12.11-01.39.05:857][  0]LogCollectionManager: Loaded 0 collections in 0.000990 seconds
[2015.12.11-01.39.05:900][  0]LogFileCache: Scanning file cache for directory 'F:/My Media/UCF Documents/DIG 4725/Game-Files/SuperSpaceArmada/Saved/Collections/' took 0.01s
[2015.12.11-01.39.05:900][  0]LogFileCache: Scanning file cache for directory 'F:/My Media/UCF Documents/DIG 4725/Game-Files/SuperSpaceArmada/Content/Developers/aehrlich92/Collections/' took 0.01s
[2015.12.11-01.39.05:900][  0]LogFileCache: Scanning file cache for directory 'F:/My Media/UCF Documents/DIG 4725/Game-Files/SuperSpaceArmada/Content/Collections/' took 0.01s
[2015.12.11-01.39.05:900][  0]LogContentBrowser: Native class hierarchy populated in 0.0112 seconds. Added 1882 classes and 339 folders.
[2015.12.11-01.39.05:921][  0]LogCollectionManager: Rebuilt the GUID cache for 0 collections in 0.000002 seconds
[2015.12.11-01.39.05:924][  0]LogContentBrowser: Native class hierarchy updated for 'WidgetCarousel' in 0.0002 seconds. Added 0 classes and 0 folders.
[2015.12.11-01.39.05:954][  0]LogContentBrowser: Native class hierarchy updated for 'AddContentDialog' in 0.0002 seconds. Added 0 classes and 0 folders.
[2015.12.11-01.39.05:956][  0]LogContentBrowser: Native class hierarchy updated for 'SceneOutliner' in 0.0002 seconds. Added 1 classes and 2 folders.
[2015.12.11-01.39.05:982][  0]LogCrashTracker: Crashtracker disabled due to settings.
[2015.12.11-01.39.05:984][  0]LogUObjectGlobals:Warning: Failed to find object 'Class None.'
[2015.12.11-01.39.06:006][  0]LogLoad: Full Startup: 8.22 seconds (BP compile: 1.35 seconds)
[2015.12.11-01.39.06:345][  0]LoadErrors:Error: Error /Game/SSA/Blueprints/Player : Failed import for Player_C /Game/SSA/Blueprints/Player/Player.Default__Player_C
[2015.12.11-01.39.06:396][  0]LogContentStreaming: Texture pool size now 1000 MB
[2015.12.11-01.39.06:501][  0]LogRenderer: Reallocating scene render targets to support 1208x600 (Frame:2).
[2015.12.11-01.39.09:745][ 21]LogAssetRegistry: Asset discovery search completed in 9.0028 seconds
[2015.12.11-01.39.09:745][ 21]LogCollectionManager: Rebuilt the object cache for 0 collections in 0.000000 seconds (found 0 objects)
[2015.12.11-01.39.09:745][ 21]LogCollectionManager: Fixed up redirectors for 0 collections in 0.000017 seconds (updated 0 objects)
[2015.12.11-01.39.11:004][155]LogLinker:Warning: Asset '../../../Engine/Content/ArtTools/RenderToTexture/Macros/RenderToTextureMacros.uasset' has been saved with empty engine version. The asset will be loaded but may be incompatible.
[2015.12.11-01.39.11:368][155]LogContentBrowser: Native class hierarchy updated for 'BlueprintGraph' in 0.0005 seconds. Added 107 classes and 0 folders.
[2015.12.11-01.39.18:304][942]LogBlueprintUserMessages: Early PlayInEditor Detection: Level '/Game/SSA/Maps/Home_Kratakos.Home_Kratakos:PersistentLevel' has LevelScriptBlueprint '/Game/SSA/Maps/Home_Kratakos.Home_Kratakos:PersistentLevel.Home_Kratakos' with GeneratedClass '/Game/SSA/Maps/Home_Kratakos.Home_Kratakos_C' with ClassGeneratedBy '/Game/SSA/Maps/Home_Kratakos.Home_Kratakos:PersistentLevel.Home_Kratakos'
[2015.12.11-01.39.18:304][942]LogPlayLevel: PlayLevel: No blueprints needed recompiling
[2015.12.11-01.39.18:304][942]PIE: New page: PIE session: Home_Kratakos (Dec 10, 2015, 3:39:18 PM)
[2015.12.11-01.39.18:304][942]LogPlayLevel: Creating play world package: /Game/SSA/Maps/UEDPIE_0_Home_Kratakos
[2015.12.11-01.39.18:325][942]LogPlayLevel: PIE: StaticDuplicateObject took: (0.021459s)
[2015.12.11-01.39.18:326][942]LogAIModule: Creating AISystem for world Home_Kratakos
[2015.12.11-01.39.18:326][942]LogPlayLevel: PIE: World Init took: (0.000573s)
[2015.12.11-01.39.18:326][942]LogPlayLevel: PIE: Created PIE world by copying editor world from /Game/SSA/Maps/Home_Kratakos.Home_Kratakos to /Game/SSA/Maps/UEDPIE_0_Home_Kratakos.Home_Kratakos (0.022231s)
[2015.12.11-01.39.18:326][942]LogActorComponent: UnregisterComponent: (/Engine/Transient.CharMoveComp) Not registered. Aborting.
[2015.12.11-01.39.18:326][942]LogActorComponent: UnregisterComponent: (/Engine/Transient.CharacterMovementComponent_0) Not registered. Aborting.
[2015.12.11-01.39.18:326][942]LogActorComponent: UnregisterComponent: (/Engine/Transient.CharacterMovementComponent_1) Not registered. Aborting.
[2015.12.11-01.39.18:468][942]LogInit: XAudio2 using 'Speakers (Realtek High Definition Audio)' : 8 channels at 48 kHz using 32 bits per sample (channel mask 0x63f)
[2015.12.11-01.39.18:475][942]LogInit: FAudioDevice initialized.
[2015.12.11-01.39.18:552][942]LogWorld: Game class is 'TopDownGameMode_C'
[2015.12.11-01.39.18:556][942]LogWorld:Warning: *** WARNING - PATHS MAY NOT BE VALID ***
[2015.12.11-01.39.18:556][942]LogWorld: Bringing World /Game/SSA/Maps/UEDPIE_0_Home_Kratakos.Home_Kratakos up for play (max tick rate 0) at 2015.12.10-20.39.18
[2015.12.11-01.39.18:556][942]LogActor:Warning: GameSession /Game/SSA/Maps/UEDPIE_0_Home_Kratakos.Home_Kratakos:PersistentLevel.GameSession_0 has natively added scene component(s), but none of them were set as the actor's RootComponent - picking one arbitrarily
[2015.12.11-01.39.18:556][942]LogActor:Warning: GameNetworkManager /Game/SSA/Maps/UEDPIE_0_Home_Kratakos.Home_Kratakos:PersistentLevel.GameNetworkManager_0 has natively added scene component(s), but none of them were set as the actor's RootComponent - picking one arbitrarily
[2015.12.11-01.39.18:556][942]LogWorld: Bringing up level for play took: 0.003166
[2015.12.11-01.39.18:561][942]LogBlueprintUserMessages: [Player_Human_C_0] X=-282.266 Y=440.107 Z=310.375
[2015.12.11-01.39.18:569][942]PIE: Info Play in editor start time for /Game/SSA/Maps/UEDPIE_0_Home_Kratakos -0.52
[2015.12.11-01.39.18:569][942]LogBlueprintUserMessages: Late PlayInEditor Detection: Level '/Game/SSA/Maps/Home_Kratakos.Home_Kratakos:PersistentLevel' has LevelScriptBlueprint '/Game/SSA/Maps/Home_Kratakos.Home_Kratakos:PersistentLevel.Home_Kratakos' with GeneratedClass '/Game/SSA/Maps/Home_Kratakos.Home_Kratakos_C' with ClassGeneratedBy '/Game/SSA/Maps/Home_Kratakos.Home_Kratakos:PersistentLevel.Home_Kratakos'
[2015.12.11-01.39.18:578][943]LogRenderer: Reallocating scene render targets to support 1280x720 (Frame:141).
[2015.12.11-01.39.20:290][131]LogBlueprintUserMessages: Early EndPlayMap Detection: Level '/Game/SSA/Maps/Home_Kratakos.Home_Kratakos:PersistentLevel' has LevelScriptBlueprint '/Game/SSA/Maps/Home_Kratakos.Home_Kratakos:PersistentLevel.Home_Kratakos' with GeneratedClass '/Game/SSA/Maps/Home_Kratakos.Home_Kratakos_C' with ClassGeneratedBy '/Game/SSA/Maps/Home_Kratakos.Home_Kratakos:PersistentLevel.Home_Kratakos'
[2015.12.11-01.39.20:353][131]LogBlueprintUserMessages: Late EndPlayMap Detection: Level '/Game/SSA/Maps/Home_Kratakos.Home_Kratakos:PersistentLevel' has LevelScriptBlueprint '/Game/SSA/Maps/Home_Kratakos.Home_Kratakos:PersistentLevel.Home_Kratakos' with GeneratedClass '/Game/SSA/Maps/Home_Kratakos.Home_Kratakos_C' with ClassGeneratedBy '/Game/SSA/Maps/Home_Kratakos.Home_Kratakos:PersistentLevel.Home_Kratakos'
[2015.12.11-01.39.20:379][131]LogParticles: Destroying 0 GPU particle simulations for FXSystem 0x0000007F2BC20860
[2015.12.11-01.39.25:233][693]LogAIModule: Creating AISystem for world Menu
[2015.12.11-01.39.25:261][693]Cmd: MAP LOAD FILE="../../../../../../../My Media/UCF Documents/DIG 4725/Game-Files/SuperSpaceArmada/Content/SSA/Maps/Menu.umap" TEMPLATE=0 SHOWPROGRESS=1 FEATURELEVEL=3
[2015.12.11-01.39.25:261][693]LightingResults: New page: Lighting Build
[2015.12.11-01.39.25:275][693]LoadErrors: New page: Loading map: Menu.umap
[2015.12.11-01.39.25:276][693]MapCheck: New page: Map Check
[2015.12.11-01.39.25:276][693]LightingResults: New page: Lighting Build
[2015.12.11-01.39.25:296][693]LogParticles: Destroying 0 GPU particle simulations for FXSystem 0x0000007F72DD2D40
[2015.12.11-01.39.25:302][693]LogEditorServer: Finished looking for orphan Actors (0.000 secs)
[2015.12.11-01.39.25:361][693]Cmd: MAP CHECKDEP NOCLEARLOG
[2015.12.11-01.39.25:445][693]MapCheck: Info Map check complete: 0 Error(s), 0 Warning(s), took 84.19ms to complete.
[2015.12.11-01.39.25:446][693]LogFileHelpers: Loading map 'Menu' took 0.185
[2015.12.11-01.39.26:328][798]LogActorComponent: UnregisterComponent: (/Engine/Transient.CharMoveComp) Not registered. Aborting.
[2015.12.11-01.39.26:328][798]LogActorComponent: UnregisterComponent: (/Engine/Transient.CharacterMovementComponent_2) Not registered. Aborting.
[2015.12.11-01.39.26:328][798]LogActorComponent: UnregisterComponent: (/Engine/Transient.CharacterMovementComponent_3) Not registered. Aborting.
[2015.12.11-01.39.35:453][858]LogBlueprintUserMessages: Early PlayInEditor Detection: Level '/Game/SSA/Maps/Menu.Menu:PersistentLevel' has LevelScriptBlueprint '/Game/SSA/Maps/Menu.Menu:PersistentLevel.Menu' with GeneratedClass '/Game/SSA/Maps/Menu.Menu_C' with ClassGeneratedBy '/Game/SSA/Maps/Menu.Menu:PersistentLevel.Menu'
[2015.12.11-01.39.35:453][858]LogPlayLevel: PlayLevel: No blueprints needed recompiling
[2015.12.11-01.39.35:453][858]PIE: New page: PIE session: Menu (Dec 10, 2015, 3:39:35 PM)
[2015.12.11-01.39.35:453][858]LogPlayLevel: Creating play world package: /Game/SSA/Maps/UEDPIE_0_Menu
[2015.12.11-01.39.35:455][858]LogPlayLevel: PIE: StaticDuplicateObject took: (0.001931s)
[2015.12.11-01.39.35:455][858]LogAIModule: Creating AISystem for world Menu
[2015.12.11-01.39.35:456][858]LogPlayLevel: PIE: World Init took: (0.000392s)
[2015.12.11-01.39.35:456][858]LogPlayLevel: PIE: Created PIE world by copying editor world from /Game/SSA/Maps/Menu.Menu to /Game/SSA/Maps/UEDPIE_0_Menu.Menu (0.002458s)
[2015.12.11-01.39.35:486][858]LogInit: XAudio2 using 'Speakers (Realtek High Definition Audio)' : 8 channels at 48 kHz using 32 bits per sample (channel mask 0x63f)
[2015.12.11-01.39.35:495][858]LogInit: FAudioDevice initialized.
[2015.12.11-01.39.35:561][858]LogWorld: Game class is 'TopDownGameMode_C'
[2015.12.11-01.39.35:562][858]LogWorld: Bringing World /Game/SSA/Maps/UEDPIE_0_Menu.Menu up for play (max tick rate 0) at 2015.12.10-20.39.35
[2015.12.11-01.39.35:562][858]LogActor:Warning: GameSession /Game/SSA/Maps/UEDPIE_0_Menu.Menu:PersistentLevel.GameSession_1 has natively added scene component(s), but none of them were set as the actor's RootComponent - picking one arbitrarily
[2015.12.11-01.39.35:563][858]LogActor:Warning: GameNetworkManager /Game/SSA/Maps/UEDPIE_0_Menu.Menu:PersistentLevel.GameNetworkManager_1 has natively added scene component(s), but none of them were set as the actor's RootComponent - picking one arbitrarily
[2015.12.11-01.39.35:563][858]LogWorld: Bringing up level for play took: 0.000872
[2015.12.11-01.39.35:563][858]LogGameMode: Warning - PATHS NOT DEFINED or NO PLAYERSTART with positive rating
[2015.12.11-01.39.35:709][858]LogCrashTracker: 


[2015.12.11-01.39.35:709][858]LogCrashTracker: 


[2015.12.11-01.39.35:709][858]LogWindows: === Critical error: ===
Fatal error!



[2015.12.11-01.39.35:801][858]LogExit: Executing StaticShutdownAfterError
[2015.12.11-01.39.35:805][858]LogOutputDevice:Warning: 

Script Stack:
MainMenu_C.ExecuteUbergraph_MainMenu
MainMenu_C.Construct
Menu_C.ExecuteUbergraph_Menu

[2015.12.11-01.39.35:806][858]LogPhysics:Warning: PHYSX: ..\..\PhysX\src\NpScene.cpp (2946) 8 : PxScene::unlockWrite() called without matching call to PxScene::lockWrite(), behaviour will be undefined.
[2015.12.11-01.39.35:806][858]LogPhysics:Warning: PHYSX: ..\..\PhysX\src\NpScene.cpp (2946) 8 : PxScene::unlockWrite() called without matching call to PxScene::lockWrite(), behaviour will be undefined.
[2015.12.11-01.39.35:806][858]LogPhysics:Warning: PHYSX: ..\..\PhysX\src\NpScene.cpp (2946) 8 : PxScene::unlockWrite() called without matching call to PxScene::lockWrite(), behaviour will be undefined.
[2015.12.11-01.39.35:806][858]LogPhysics:Warning: PHYSX: ..\..\PhysX\src\NpScene.cpp (2946) 8 : PxScene::unlockWrite() called without matching call to PxScene::lockWrite(), behaviour will be undefined.
[2015.12.11-01.39.35:806][858]LogPhysics:Warning: PHYSX: ..\..\PhysX\src\NpScene.cpp (2946) 8 : PxScene::unlockWrite() called without matching call to PxScene::lockWrite(), behaviour will be undefined.
[2015.12.11-01.39.35:806][858]LogPhysics:Warning: PHYSX: ..\..\PhysX\src\NpScene.cpp (2946) 8 : PxScene::unlockWrite() called without matching call to PxScene::lockWrite(), behaviour will be undefined.
[2015.12.11-01.39.35:806][858]LogPhysics:Warning: PHYSX: ..\..\PhysX\src\NpScene.cpp (2946) 8 : PxScene::unlockWrite() called without matching call to PxScene::lockWrite(), behaviour will be undefined.
[2015.12.11-01.39.35:806][858]LogPhysics:Warning: PHYSX: ..\..\PhysX\src\NpScene.cpp (2946) 8 : PxScene::unlockWrite() called without matching call to PxScene::lockWrite(), behaviour will be undefined.
[2015.12.11-01.39.35:806][858]LogWindows: FPlatformMisc::RequestExit(1)
[2015.12.11-01.39.35:806][858]Log file closed, 12/10/15 20:39:35
