[2015.10.12-21.02.21:652][  0]Log file open, 10/12/15 17:02:21
[2015.10.12-21.02.21:652][  0]LogInit:Display: Running engine for game: SuperSpaceArmada
[2015.10.12-21.02.21:652][  0]LogInit:Display: RandInit(-36841243) SRandInit(-36841242).
[2015.10.12-21.02.21:652][  0]LogTaskGraph: Started task graph with 4 named threads and 7 total threads.
[2015.10.12-21.02.21:652][  0]LogStats: Stats thread started at 0.076601
[2015.10.12-21.02.21:652][  0]LogInit: Version: 4.9.1-2689999+++depot+UE4-Releases+4.9
[2015.10.12-21.02.21:652][  0]LogInit: API Version: 2672455
[2015.10.12-21.02.21:652][  0]LogInit: Compiled (64-bit): Sep 14 2015 04:12:03
[2015.10.12-21.02.21:652][  0]LogInit: Compiled with Visual C++: 18.00.21005.01
[2015.10.12-21.02.21:652][  0]LogInit: Build Configuration: Development
[2015.10.12-21.02.21:652][  0]LogInit: Branch Name: ++depot+UE4-Releases+4.9
[2015.10.12-21.02.21:652][  0]LogInit: Command line:  
[2015.10.12-21.02.21:652][  0]LogInit: Base directory: C:/Program Files/Unreal Engine/4.9/Engine/Binaries/Win64/
[2015.10.12-21.02.21:652][  0]LogInit: Rocket: 1
[2015.10.12-21.02.21:664][  0]LogInit: Using libcurl 7.41.0
[2015.10.12-21.02.21:664][  0]LogInit:  - built for x86_64-pc-win32
[2015.10.12-21.02.21:664][  0]LogInit:  - supports SSL with WinSSL
[2015.10.12-21.02.21:664][  0]LogInit:  - other features:
[2015.10.12-21.02.21:664][  0]LogInit:      CURL_VERSION_SSL
[2015.10.12-21.02.21:664][  0]LogInit:      CURL_VERSION_IPV6
[2015.10.12-21.02.21:664][  0]LogInit:      CURL_VERSION_ASYNCHDNS
[2015.10.12-21.02.21:664][  0]LogInit:      CURL_VERSION_LARGEFILE
[2015.10.12-21.02.21:664][  0]LogInit:      CURL_VERSION_IDN
[2015.10.12-21.02.21:664][  0]LogInit:  CurlRequestOptions (configurable via config and command line):
[2015.10.12-21.02.21:664][  0]LogInit:  - bVerifyPeer = true  - Libcurl will verify peer certificate
[2015.10.12-21.02.21:664][  0]LogInit:  - bUseHttpProxy = false  - Libcurl will NOT use HTTP proxy
[2015.10.12-21.02.21:664][  0]LogInit:  - bDontReuseConnections = false  - Libcurl will reuse connections
[2015.10.12-21.02.21:664][  0]LogInit:  - CertBundlePath = nullptr  - Libcurl will use whatever was configured at build time.
[2015.10.12-21.02.21:671][  0]LogInit: Presizing for 0 objects not considered by GC, pre-allocating 0 bytes.
[2015.10.12-21.02.21:677][  0]LogInit: Object subsystem initialized
[2015.10.12-21.02.21:679][  0]LogInit: Selected Device Profile: [Windows]
[2015.10.12-21.02.21:679][  0]LogInit: Applying CVar settings loaded from the selected device profile: [Windows]
[2015.10.12-21.02.21:688][  0]LogInit: Computer: LOU
[2015.10.12-21.02.21:688][  0]LogInit: User: LouIII
[2015.10.12-21.02.21:688][  0]LogInit: CPU Page size=4096, Cores=4
[2015.10.12-21.02.21:688][  0]LogInit: High frequency timer resolution =2.338334 MHz
[2015.10.12-21.02.21:688][  0]LogMemory: Memory total: Physical=15.9GB (16GB approx)
[2015.10.12-21.02.21:688][  0]LogMemory: Platform Memory Stats for Windows
[2015.10.12-21.02.21:688][  0]LogMemory: Process Physical Memory: 54.90 MB used, 54.90 MB peak
[2015.10.12-21.02.21:688][  0]LogMemory: Process Virtual Memory: 55.30 MB used, 55.30 MB peak
[2015.10.12-21.02.21:688][  0]LogMemory: Physical Memory: 6576.35 MB used, 16303.71 MB total
[2015.10.12-21.02.21:688][  0]LogMemory: Virtual Memory: 364.56 MB used, 134217728.00 MB total
[2015.10.12-21.02.21:723][  0]LogTextLocalizationManager: No specific translations for ('en-US') exist, so ('en') translations will be used.
[2015.10.12-21.02.22:421][  0]LogD3D11RHI: Found D3D11 adapter 0: NVIDIA GeForce GTX 765M     (Feature Level 11_0)
[2015.10.12-21.02.22:421][  0]LogD3D11RHI: Adapter has 1992MB of dedicated video memory, 0MB of dedicated system memory, and 8151MB of shared system memory, 1 output[s]
[2015.10.12-21.02.22:426][  0]LogD3D11RHI: Found D3D11 adapter 1: Intel(R) HD Graphics 4600 (Feature Level 11_0)
[2015.10.12-21.02.22:426][  0]LogD3D11RHI: Adapter has 112MB of dedicated video memory, 0MB of dedicated system memory, and 8151MB of shared system memory, 0 output[s]
[2015.10.12-21.02.22:427][  0]LogD3D11RHI: Found D3D11 adapter 2: Microsoft Basic Render Driver (Feature Level 11_0)
[2015.10.12-21.02.22:427][  0]LogD3D11RHI: Adapter has 0MB of dedicated video memory, 0MB of dedicated system memory, and 8151MB of shared system memory, 0 output[s]
[2015.10.12-21.02.22:427][  0]LogD3D11RHI: Chosen D3D11 Adapter Id = 0
[2015.10.12-21.02.22:431][  0]LogD3D11RHI: !Direct3DDevice
[2015.10.12-21.02.22:431][  0]LogRHI: Texture pool is 1361 MB (70% of 1945 MB)
[2015.10.12-21.02.22:442][  0]LogD3D11RHI: Async texture creation enabled
[2015.10.12-21.02.22:457][  0]LogShaderCompilers: Guid format shader working directory is 15 characters bigger than the processId version (../../../../../../Users/luisr_000/Documents/Game-Files/SuperSpaceArmada/Intermediate/Shaders/WorkingDirectory/7656/).
[2015.10.12-21.02.22:457][  0]LogShaderCompilers: Cleaned the shader compiler working directory '../../../../../../Users/luisr_000/Documents/Game-Files/SuperSpaceArmada/Intermediate/Shaders/tmp/27DF3FAC41142B4AF9C3A59CA184ABCC/'.
[2015.10.12-21.02.22:457][  0]LogShaderCompilers:Display: Using Local Shader Compiler.
[2015.10.12-21.02.23:493][  0]LogTemp:Display: Loaded TP AllDesktopTargetPlatform
[2015.10.12-21.02.23:498][  0]LogTemp:Display: Loaded TP WindowsClientTargetPlatform
[2015.10.12-21.02.23:504][  0]LogTemp:Display: Loaded TP WindowsNoEditorTargetPlatform
[2015.10.12-21.02.23:509][  0]LogTemp:Display: Loaded TP WindowsServerTargetPlatform
[2015.10.12-21.02.23:515][  0]LogTemp:Display: Loaded TP WindowsTargetPlatform
[2015.10.12-21.02.23:518][  0]LogTemp:Display: Loaded TP AndroidTargetPlatform
[2015.10.12-21.02.23:521][  0]LogTemp:Display: Loaded TP Android_ASTCTargetPlatform
[2015.10.12-21.02.23:524][  0]LogTemp:Display: Loaded TP Android_ATCTargetPlatform
[2015.10.12-21.02.23:528][  0]LogTemp:Display: Loaded TP Android_DXTTargetPlatform
[2015.10.12-21.02.23:531][  0]LogTemp:Display: Loaded TP Android_ETC1TargetPlatform
[2015.10.12-21.02.23:535][  0]LogTemp:Display: Loaded TP Android_ETC2TargetPlatform
[2015.10.12-21.02.23:538][  0]LogTemp:Display: Loaded TP Android_PVRTCTargetPlatform
[2015.10.12-21.02.23:539][  0]LogTemp:Display: Loaded TP HTML5TargetPlatform
[2015.10.12-21.02.23:556][  0]LogTemp:Display: Loaded TP IOSTargetPlatform
[2015.10.12-21.02.23:559][  0]LogTemp:Display: Loaded TP LinuxNoEditorTargetPlatform
[2015.10.12-21.02.23:562][  0]LogTemp:Display: Loaded TP LinuxServerTargetPlatform
[2015.10.12-21.02.23:566][  0]LogTemp:Display: Loaded TP LinuxTargetPlatform
[2015.10.12-21.02.23:566][  0]LogTargetPlatformManager:Display: Building Assets For Windows
[2015.10.12-21.02.23:644][  0]LogDerivedDataCache:Display: Max Cache Size: 512 MB
[2015.10.12-21.02.23:683][  0]LogDerivedDataCache: Loaded boot cache 0.04s 41MB C:/Users/luisr_000/AppData/Local/UnrealEngine/4.9/DerivedDataCache/Boot.ddc.
[2015.10.12-21.02.23:683][  0]LogDerivedDataCache:Display: Loaded Boot cache: C:/Users/luisr_000/AppData/Local/UnrealEngine/4.9/DerivedDataCache/Boot.ddc
[2015.10.12-21.02.23:683][  0]LogDerivedDataCache: FDerivedDataBackendGraph:  Pak pak cache file ../../../../../../Users/luisr_000/Documents/Game-Files/SuperSpaceArmada/DerivedDataCache/DDC.ddp not found, will not use a pak cache.
[2015.10.12-21.02.23:683][  0]LogDerivedDataCache: Unable to find inner node Pak for hierarchical cache Hierarchy.
[2015.10.12-21.02.23:683][  0]LogDerivedDataCache: FDerivedDataBackendGraph:  CompressedPak pak cache file ../../../../../../Users/luisr_000/Documents/Game-Files/SuperSpaceArmada/DerivedDataCache/Compressed.ddp not found, will not use a pak cache.
[2015.10.12-21.02.23:683][  0]LogDerivedDataCache: Unable to find inner node CompressedPak for hierarchical cache Hierarchy.
[2015.10.12-21.02.23:818][  0]LogDerivedDataCache:Display: Pak cache opened for reading ../../../Engine/DerivedDataCache/Compressed.ddp.
[2015.10.12-21.02.23:830][  0]LogDerivedDataCache: Using Local data cache path C:/Users/luisr_000/AppData/Local/UnrealEngine/Common/DerivedDataCache: Writable
[2015.10.12-21.02.23:990][  0]LogInit: Selected Device Profile: [Windows]
[2015.10.12-21.02.23:993][  0]LogContentStreaming: Texture pool size is 0.000000MB
[2015.10.12-21.02.24:109][  0]LogMeshUtilities: No automatic mesh reduction module available
[2015.10.12-21.02.24:109][  0]LogMeshUtilities: No automatic mesh merging module available
[2015.10.12-21.02.24:319][  0]LogInit: WinSock: version 1.1 (2.2), MaxSocks=32767, MaxUdp=65467
[2015.10.12-21.02.24:984][  0]LogAssetRegistry: FAssetRegistry took 0.0111 seconds to start up
[2015.10.12-21.02.24:998][  0]UdpMessaging: Initializing bridge on interface 0.0.0.0:0 to multicast group 230.0.0.1:6666.
[2015.10.12-21.02.25:230][  0]SourceControl: Info Source control is disabled
[2015.10.12-21.02.25:238][  0]SourceControl: Info Source control is disabled
[2015.10.12-21.02.25:247][  0]SourceControl: Info Source control is disabled
[2015.10.12-21.02.25:257][  0]SourceControl: Info Source control is disabled
[2015.10.12-21.02.25:391][  0]LogLinker:Warning: Asset '../../../Engine/Plugins/Runtime/LeapMotionController/Content/LM_PassthroughMaterial.uasset' has been saved with empty engine version. The asset will be loaded but may be incompatible.
[2015.10.12-21.02.25:478][  0]LogObj: 28528 objects as part of root set at end of initial load.
[2015.10.12-21.02.25:478][  0]LogUObjectAllocator: 6068456 out of 0 bytes used by permanent object pool.
[2015.10.12-21.02.25:537][  0]LogEngine: Initializing Engine...
[2015.10.12-21.02.25:540][  0]LogHMD: Can't find Oculus library dev build: is proper Runtime installed? Version: 0.7.0.0
[2015.10.12-21.02.25:540][  0]LogHMD: SteamVR failed to initialize.  Err: 110
[2015.10.12-21.02.25:661][  0]LogAIModule: Creating AISystem for world NewWorld
[2015.10.12-21.02.25:667][  0]LogInit: XAudio2 using 'Speakers (VIA HD Audio)' : 2 channels at 48 kHz using 32 bits per sample (channel mask 0x3)
[2015.10.12-21.02.25:675][  0]LogInit: FAudioDevice initialized.
[2015.10.12-21.02.25:694][  0]LogDerivedDataCache: Saved boot cache 0.02s 41MB C:/Users/luisr_000/AppData/Local/UnrealEngine/4.9/DerivedDataCache/Boot.ddc.
[2015.10.12-21.02.25:698][  0]LogInit: Texture streaming: Enabled
[2015.10.12-21.02.25:704][  0]LogAnalytics: Creating configured Analytics provider AnalyticsET
[2015.10.12-21.02.25:704][  0]LogAnalytics: [UEEditor.Rocket.Release] APIServer = http://et2.epicgames.com/ET2/. AppVersion = 4.9.1-2689999+++depot+UE4-Releases+4.9
[2015.10.12-21.02.25:704][  0]LogAnalytics: [UEEditor.Rocket.Release] SetUserId 06a592394ae99916f49c3d9c3c9f503a|b280ebf5e1b3428db734f63de3c232be|784865b8-3393-4bba-9a10-0fd663c4f742
[2015.10.12-21.02.25:704][  0]LogAnalytics: [UEEditor.Rocket.Release] AnalyticsET::StartSession
[2015.10.12-21.02.25:715][  0]LogWindowsTextInputMethodSystem:Display: IME system now deactivated.
[2015.10.12-21.02.25:715][  0]LogWindowsTextInputMethodSystem:Display: IME system now deactivated.
[2015.10.12-21.02.25:733][  0]LogInit: Transaction tracking system initialized
[2015.10.12-21.02.25:763][  0]BlueprintLog: New page: Editor Load
[2015.10.12-21.02.25:854][  0]LocalizationService: Info Localization service is disabled
[2015.10.12-21.02.25:940][  0]LogConsoleResponse:Display: 
[2015.10.12-21.02.26:052][  0]LogCook:Display: Done creating registry. It took  0.00s.
[2015.10.12-21.02.26:105][  0]LogFileCache: Scanning file cache for directory 'C:/Users/luisr_000/Documents/Game-Files/SuperSpaceArmada/Content/' took 0.01s
[2015.10.12-21.02.26:105][  0]SourceControl: Info Source control is disabled
[2015.10.12-21.02.26:105][  0]Cmd: MAP LOAD FILE="../../../../../../Users/luisr_000/Documents/Game-Files/SuperSpaceArmada/Content/TopDownBP/Maps/TopDownExampleMap.umap" TEMPLATE=0 SHOWPROGRESS=1 FEATURELEVEL=3
[2015.10.12-21.02.26:105][  0]LogEditorServer:Warning: Can't find file '../../../../../../Users/luisr_000/Documents/Game-Files/SuperSpaceArmada/Content/TopDownBP/Maps/TopDownExampleMap.umap'
[2015.10.12-21.02.26:105][  0]Cmd: MAP CHECKDEP NOCLEARLOG
[2015.10.12-21.02.26:142][  0]MapCheck: Info Map check complete: 0 Error(s), 0 Warning(s), took 36.561ms to complete.
[2015.10.12-21.02.26:142][  0]LogFileHelpers: Loading map 'TopDownExampleMap' took 0.037
[2015.10.12-21.02.26:254][  0]LogCollectionManager: Loaded 0 collections in 0.004724 seconds
[2015.10.12-21.02.26:295][  0]LogFileCache: Scanning file cache for directory 'C:/Users/luisr_000/Documents/Game-Files/SuperSpaceArmada/Saved/Collections/' took 0.01s
[2015.10.12-21.02.26:295][  0]LogFileCache: Scanning file cache for directory 'C:/Users/luisr_000/Documents/Game-Files/SuperSpaceArmada/Content/Developers/LouIII/Collections/' took 0.01s
[2015.10.12-21.02.26:295][  0]LogFileCache: Scanning file cache for directory 'C:/Users/luisr_000/Documents/Game-Files/SuperSpaceArmada/Content/Collections/' took 0.01s
[2015.10.12-21.02.26:295][  0]LogContentBrowser: Native class hierarchy populated in 0.0069 seconds. Added 1882 classes and 339 folders.
[2015.10.12-21.02.26:300][  0]LogCollectionManager: Rebuilt the GUID cache for 0 collections in 0.000002 seconds
[2015.10.12-21.02.26:307][  0]LogContentBrowser: Native class hierarchy updated for 'WidgetCarousel' in 0.0003 seconds. Added 0 classes and 0 folders.
[2015.10.12-21.02.26:343][  0]LogContentBrowser: Native class hierarchy updated for 'AddContentDialog' in 0.0003 seconds. Added 0 classes and 0 folders.
[2015.10.12-21.02.26:347][  0]LogContentBrowser: Native class hierarchy updated for 'SceneOutliner' in 0.0003 seconds. Added 1 classes and 2 folders.
[2015.10.12-21.02.26:373][  0]LogCrashTracker: Crashtracker disabled due to settings.
[2015.10.12-21.02.26:379][  0]LogUObjectGlobals:Warning: Failed to find object 'Class None.'
[2015.10.12-21.02.26:401][  0]LogLoad: Full Startup: 5.33 seconds (BP compile: 0.00 seconds)
[2015.10.12-21.02.26:450][  0]LogContentStreaming: Texture pool size now 1000 MB
[2015.10.12-21.02.26:582][  0]LogRenderer: Reallocating scene render targets to support 1260x612 (Frame:2).
[2015.10.12-21.02.26:778][  4]LogAssetRegistry: Asset discovery search completed in 1.8051 seconds
[2015.10.12-21.02.26:778][  4]LogCollectionManager: Rebuilt the object cache for 0 collections in 0.000000 seconds (found 0 objects)
[2015.10.12-21.02.26:778][  4]LogCollectionManager: Fixed up redirectors for 0 collections in 0.000020 seconds (updated 0 objects)
[2015.10.12-21.02.27:516][ 62]LogLinker:Warning: Asset '../../../../../../Users/luisr_000/Documents/Game-Files/SuperSpaceArmada/Content/Mannequin/Animations/ThirdPerson_AnimBP.uasset' has been saved with empty engine version. The asset will be loaded but may be incompatible.
[2015.10.12-21.02.27:518][ 62]LogLinker:Warning: Asset '../../../../../../Users/luisr_000/Documents/Game-Files/SuperSpaceArmada/Content/Mannequin/Animations/ThirdPerson_Jump.uasset' has been saved with empty engine version. The asset will be loaded but may be incompatible.
[2015.10.12-21.02.27:519][ 62]LogLinker:Warning: Asset '../../../../../../Users/luisr_000/Documents/Game-Files/SuperSpaceArmada/Content/Mannequin/Animations/ThirdPersonJump_Loop.uasset' has been saved with empty engine version. The asset will be loaded but may be incompatible.
[2015.10.12-21.02.27:520][ 62]LogLinker:Warning: Asset '../../../../../../Users/luisr_000/Documents/Game-Files/SuperSpaceArmada/Content/Mannequin/Animations/ThirdPersonJump_Start.uasset' has been saved with empty engine version. The asset will be loaded but may be incompatible.
[2015.10.12-21.02.27:521][ 62]LogLinker:Warning: Asset '../../../../../../Users/luisr_000/Documents/Game-Files/SuperSpaceArmada/Content/Mannequin/Animations/ThirdPerson_IdleRun_2D.uasset' has been saved with empty engine version. The asset will be loaded but may be incompatible.
[2015.10.12-21.02.27:521][ 62]LogLinker:Warning: Asset '../../../../../../Users/luisr_000/Documents/Game-Files/SuperSpaceArmada/Content/Mannequin/Animations/ThirdPersonIdle.uasset' has been saved with empty engine version. The asset will be loaded but may be incompatible.
[2015.10.12-21.02.27:522][ 62]LogLinker:Warning: Asset '../../../../../../Users/luisr_000/Documents/Game-Files/SuperSpaceArmada/Content/Mannequin/Animations/ThirdPersonRun.uasset' has been saved with empty engine version. The asset will be loaded but may be incompatible.
[2015.10.12-21.02.27:523][ 62]LogLinker:Warning: Asset '../../../../../../Users/luisr_000/Documents/Game-Files/SuperSpaceArmada/Content/Mannequin/Animations/ThirdPersonWalk.uasset' has been saved with empty engine version. The asset will be loaded but may be incompatible.
[2015.10.12-21.02.29:727][ 62]LogLinker:Warning: Asset '../../../Engine/Content/ArtTools/RenderToTexture/Macros/RenderToTextureMacros.uasset' has been saved with empty engine version. The asset will be loaded but may be incompatible.
[2015.10.12-21.02.30:200][ 62]LogContentBrowser: Native class hierarchy updated for 'BlueprintGraph' in 0.0006 seconds. Added 107 classes and 0 folders.
[2015.10.12-21.02.48:526][713]Cmd: MAP LOAD FILE="../../../../../../Users/luisr_000/Documents/Game-Files/SuperSpaceArmada/Content/SSA/Maps/Home_Kratakos.umap" TEMPLATE=0 SHOWPROGRESS=1 FEATURELEVEL=3
[2015.10.12-21.02.48:566][713]LightingResults: New page: Lighting Build
[2015.10.12-21.02.48:570][713]LogContentBrowser: Native class hierarchy updated for 'StatsViewer' in 0.0004 seconds. Added 5 classes and 0 folders.
[2015.10.12-21.02.48:591][713]LoadErrors: New page: Loading map: Home_Kratakos.umap
[2015.10.12-21.02.48:591][713]MapCheck: New page: Map Check
[2015.10.12-21.02.48:591][713]LightingResults: New page: Lighting Build
[2015.10.12-21.02.48:612][713]LogParticles: Destroying 0 GPU particle simulations for FXSystem 0x00000094F5314400
[2015.10.12-21.02.48:974][713]LogAIModule: Creating AISystem for world Home_Kratakos
[2015.10.12-21.02.48:983][713]LogEditorServer: Finished looking for orphan Actors (0.000 secs)
[2015.10.12-21.02.49:072][713]Cmd: MAP CHECKDEP NOCLEARLOG
[2015.10.12-21.02.49:137][713]MapCheck: Info Map check complete: 0 Error(s), 0 Warning(s), took 65.52ms to complete.
[2015.10.12-21.02.49:137][713]LogFileHelpers: Loading map 'Home_Kratakos' took 0.612
[2015.10.12-21.06.24:751][483]LogFactory: FactoryCreateBinary: Texture with ReimportTextureFactory (0 0 C:\Users\luisr_000\Desktop\Super Space Armada\UI\LeftSideHUD.png)
[2015.10.12-21.06.24:774][483]LogTexture:Display: Building textures: LeftSideHUD (AutoDXT)
[2015.10.12-21.06.24:984][483]LogFactory: FactoryCreateBinary: Texture with ReimportTextureFactory (0 0 C:\Users\luisr_000\Desktop\Super Space Armada\UI\RightSideHUD.png)
[2015.10.12-21.06.25:007][483]LogTexture:Display: Building textures: RightSideHUD (AutoDXT)
[2015.10.12-21.06.25:220][483]LogFactory: FactoryCreateBinary: Texture with ReimportTextureFactory (0 0 C:\Users\luisr_000\Desktop\Super Space Armada\UI\BottomHUD.png)
[2015.10.12-21.06.25:241][483]LogTexture:Display: Building textures: BottomHUD (AutoDXT)
[2015.10.12-21.06.30:763][755]LogActorComponent: UnregisterComponent: (/Engine/Transient.CharMoveComp) Not registered. Aborting.
[2015.10.12-21.06.30:764][755]LogActorComponent: UnregisterComponent: (/Engine/Transient.CharacterMovementComponent_0) Not registered. Aborting.
[2015.10.12-21.06.30:856][755]Cmd: OBJ SAVEPACKAGE PACKAGE="/Game/SSA/UI/LeftSideHUD" FILE="../../../../../../Users/luisr_000/Documents/Game-Files/SuperSpaceArmada/Content/SSA/UI/LeftSideHUD.uasset" SILENT=true
[2015.10.12-21.06.30:894][755]LogSavePackage: Save=37.470695ms
[2015.10.12-21.06.30:894][755]LogSavePackage: Moving '../../../../../../Users/luisr_000/Documents/Game-Files/SuperSpaceArmada/Saved/LeftSideHUD7146FF994C55B93D739A4FA1CA3FA861.tmp' to '../../../../../../Users/luisr_000/Documents/Game-Files/SuperSpaceArmada/Content/SSA/UI/LeftSideHUD.uasset'
[2015.10.12-21.06.30:899][755]LogSavePackage: Total save time: 41.996568ms
[2015.10.12-21.06.30:899][755]LogSavePackage:Warning: Finished SavePackage ../../../../../../Users/luisr_000/Documents/Game-Files/SuperSpaceArmada/Content/SSA/UI/LeftSideHUD.uasset
[2015.10.12-21.06.30:910][755]Cmd: OBJ SAVEPACKAGE PACKAGE="/Game/SSA/UI/RightSideHUD" FILE="../../../../../../Users/luisr_000/Documents/Game-Files/SuperSpaceArmada/Content/SSA/UI/RightSideHUD.uasset" SILENT=true
[2015.10.12-21.06.30:949][755]LogSavePackage: Save=37.687943ms
[2015.10.12-21.06.30:949][755]LogSavePackage: Moving '../../../../../../Users/luisr_000/Documents/Game-Files/SuperSpaceArmada/Saved/RightSideHUD1E08A73E4BB4BB458E92BCB7EB9A4234.tmp' to '../../../../../../Users/luisr_000/Documents/Game-Files/SuperSpaceArmada/Content/SSA/UI/RightSideHUD.uasset'
[2015.10.12-21.06.30:951][755]LogSavePackage: Total save time: 39.715458ms
[2015.10.12-21.06.30:951][755]LogSavePackage:Warning: Finished SavePackage ../../../../../../Users/luisr_000/Documents/Game-Files/SuperSpaceArmada/Content/SSA/UI/RightSideHUD.uasset
[2015.10.12-21.06.30:962][755]Cmd: OBJ SAVEPACKAGE PACKAGE="/Game/SSA/UI/BottomHUD" FILE="../../../../../../Users/luisr_000/Documents/Game-Files/SuperSpaceArmada/Content/SSA/UI/BottomHUD.uasset" SILENT=true
[2015.10.12-21.06.30:999][755]LogSavePackage: Save=35.565063ms
[2015.10.12-21.06.30:999][755]LogSavePackage: Moving '../../../../../../Users/luisr_000/Documents/Game-Files/SuperSpaceArmada/Saved/BottomHUD4651AACC42B5C8610DD5568371E682E7.tmp' to '../../../../../../Users/luisr_000/Documents/Game-Files/SuperSpaceArmada/Content/SSA/UI/BottomHUD.uasset'
[2015.10.12-21.06.31:001][755]LogSavePackage: Total save time: 37.689652ms
[2015.10.12-21.06.31:001][755]LogSavePackage:Warning: Finished SavePackage ../../../../../../Users/luisr_000/Documents/Game-Files/SuperSpaceArmada/Content/SSA/UI/BottomHUD.uasset
[2015.10.12-21.06.34:649][987]LogActorComponent: UnregisterComponent: (/Engine/Transient.EditorFloorComp) Not registered. Aborting.
[2015.10.12-21.06.34:695][987]LogWindowsTextInputMethodSystem:Display: IME system now deactivated.
[2015.10.12-21.06.34:695][987]LogWindowsTextInputMethodSystem:Display: IME system now deactivated.
[2015.10.12-21.06.34:982][988]Cmd: QUIT_EDITOR
[2015.10.12-21.06.35:271][988]LogExit: Preparing to exit.
[2015.10.12-21.06.36:200][988]LogExit: Editor shut down
[2015.10.12-21.06.36:200][988]LogExit: Transaction tracking system shut down
[2015.10.12-21.06.36:200][988]LogParticles: Destroying 0 GPU particle simulations for FXSystem 0x00000094E1EA2A20
[2015.10.12-21.06.36:200][988]LogParticles: Destroying 0 GPU particle simulations for FXSystem 0x00000094821FB600
[2015.10.12-21.06.36:202][988]LogParticles: Destroying 0 GPU particle simulations for FXSystem 0x000000949DD14CC0
[2015.10.12-21.06.36:203][988]LogParticles: Destroying 0 GPU particle simulations for FXSystem 0x000000949DBF5260
[2015.10.12-21.06.36:204][988]LogParticles: Destroying 0 GPU particle simulations for FXSystem 0x000000949F4A6020
[2015.10.12-21.06.36:206][988]LogParticles: Destroying 0 GPU particle simulations for FXSystem 0x00000094E20F6700
[2015.10.12-21.06.36:207][988]LogParticles: Destroying 0 GPU particle simulations for FXSystem 0x00000094A79A1800
[2015.10.12-21.06.36:386][988]LogExit: Object subsystem successfully closed.
[2015.10.12-21.06.36:406][988]LogD3D11RHI: Shutdown
[2015.10.12-21.06.36:406][988]LogD3D11RHI: CleanupD3DDevice
[2015.10.12-21.06.36:478][988]LogD3D11RHI: ~FD3D11DynamicRHI
[2015.10.12-21.06.36:498][988]LogModuleManager: Shutting down and abandoning module StatsViewer (200)
[2015.10.12-21.06.36:498][988]LogModuleManager: Shutting down and abandoning module BlueprintGraph (199)
[2015.10.12-21.06.36:498][988]LogModuleManager: Shutting down and abandoning module CrashTracker (198)
[2015.10.12-21.06.36:498][988]LogModuleManager: Shutting down and abandoning module SceneOutliner (197)
[2015.10.12-21.06.36:498][988]LogModuleManager: Shutting down and abandoning module SuperSearch (196)
[2015.10.12-21.06.36:498][988]LogModuleManager: Shutting down and abandoning module WidgetCarousel (195)
[2015.10.12-21.06.36:498][988]LogModuleManager: Shutting down and abandoning module AddContentDialog (194)
[2015.10.12-21.06.36:499][988]LogModuleManager: Shutting down and abandoning module EditorWidgets (193)
[2015.10.12-21.06.36:499][988]LogModuleManager: Shutting down and abandoning module CollectionManager (192)
[2015.10.12-21.06.36:499][988]LogModuleManager: Shutting down and abandoning module FoliageEdit (191)
[2015.10.12-21.06.36:499][988]LogModuleManager: Shutting down and abandoning module LandscapeEditor (190)
[2015.10.12-21.06.36:499][988]LogModuleManager: Shutting down and abandoning module ActorPickerMode (189)
[2015.10.12-21.06.36:499][988]LogModuleManager: Shutting down and abandoning module GeometryMode (188)
[2015.10.12-21.06.36:499][988]LogModuleManager: Shutting down and abandoning module TextureAlignMode (187)
[2015.10.12-21.06.36:499][988]LogModuleManager: Shutting down and abandoning module BspMode (186)
[2015.10.12-21.06.36:499][988]LogModuleManager: Shutting down and abandoning module PlacementMode (185)
[2015.10.12-21.06.36:499][988]LogModuleManager: Shutting down and abandoning module AutomationWorker (184)
[2015.10.12-21.06.36:499][988]LogModuleManager: Shutting down and abandoning module CharacterAI (183)
[2015.10.12-21.06.36:499][988]LogModuleManager: Shutting down and abandoning module SmartSnapping (182)
[2015.10.12-21.06.36:499][988]LogModuleManager: Shutting down and abandoning module ViewportSnapping (181)
[2015.10.12-21.06.36:499][988]LogModuleManager: Shutting down and abandoning module LogVisualizer (180)
[2015.10.12-21.06.36:499][988]LogModuleManager: Shutting down and abandoning module GameProjectGeneration (179)
[2015.10.12-21.06.36:499][988]LogModuleManager: Shutting down and abandoning module IntroTutorials (178)
[2015.10.12-21.06.36:499][988]LogModuleManager: Shutting down and abandoning module EditorLiveStreaming (177)
[2015.10.12-21.06.36:499][988]LogModuleManager: Shutting down and abandoning module IOSPlatformEditor (176)
[2015.10.12-21.06.36:499][988]LogModuleManager: Shutting down and abandoning module HTML5PlatformEditor (175)
[2015.10.12-21.06.36:499][988]LogModuleManager: Shutting down and abandoning module AndroidDeviceDetection (174)
[2015.10.12-21.06.37:030][988]LogModuleManager: Shutting down and abandoning module AndroidPlatformEditor (173)
[2015.10.12-21.06.37:030][988]LogModuleManager: Shutting down and abandoning module IOSRuntimeSettings (172)
[2015.10.12-21.06.37:030][988]LogModuleManager: Shutting down and abandoning module AndroidRuntimeSettings (171)
[2015.10.12-21.06.37:030][988]LogModuleManager: Shutting down and abandoning module MergeActors (170)
[2015.10.12-21.06.37:030][988]LogModuleManager: Shutting down and abandoning module SizeMap (169)
[2015.10.12-21.06.37:030][988]LogModuleManager: Shutting down and abandoning module TreeMap (168)
[2015.10.12-21.06.37:030][988]LogModuleManager: Shutting down and abandoning module ReferenceViewer (167)
[2015.10.12-21.06.37:030][988]LogModuleManager: Shutting down and abandoning module LocalizationService (166)
[2015.10.12-21.06.37:030][988]LogModuleManager: Shutting down and abandoning module LocalizationDashboard (165)
[2015.10.12-21.06.37:030][988]LogModuleManager: Shutting down and abandoning module HardwareTargeting (164)
[2015.10.12-21.06.37:030][988]LogModuleManager: Shutting down and abandoning module DeviceProfileEditor (163)
[2015.10.12-21.06.37:030][988]LogModuleManager: Shutting down and abandoning module UndoHistory (162)
[2015.10.12-21.06.37:030][988]LogModuleManager: Shutting down and abandoning module GameplayTagsEditor (161)
[2015.10.12-21.06.37:030][988]LogModuleManager: Shutting down and abandoning module UserFeedback (160)
[2015.10.12-21.06.37:030][988]LogModuleManager: Shutting down and abandoning module XmlParser (159)
[2015.10.12-21.06.37:030][988]LogModuleManager: Shutting down and abandoning module Blutility (158)
[2015.10.12-21.06.37:030][988]LogModuleManager: Shutting down and abandoning module ProjectTargetPlatformEditor (157)
[2015.10.12-21.06.37:030][988]LogModuleManager: Shutting down and abandoning module ProjectSettingsViewer (156)
[2015.10.12-21.06.37:030][988]LogModuleManager: Shutting down and abandoning module InputBindingEditor (155)
[2015.10.12-21.06.37:030][988]LogModuleManager: Shutting down and abandoning module EditorSettingsViewer (154)
[2015.10.12-21.06.37:030][988]LogModuleManager: Shutting down and abandoning module SettingsEditor (153)
[2015.10.12-21.06.37:030][988]LogModuleManager: Shutting down and abandoning module ProjectLauncher (152)
[2015.10.12-21.06.37:030][988]LogModuleManager: Shutting down and abandoning module SessionFrontend (151)
[2015.10.12-21.06.37:030][988]LogModuleManager: Shutting down and abandoning module ProfilerClient (150)
[2015.10.12-21.06.37:030][988]LogModuleManager: Shutting down and abandoning module TargetDeviceServices (149)
[2015.10.12-21.06.37:030][988]LogModuleManager: Shutting down and abandoning module DeviceManager (148)
[2015.10.12-21.06.37:031][988]LogModuleManager: Shutting down and abandoning module AutomationController (147)
[2015.10.12-21.06.37:031][988]LogModuleManager: Shutting down and abandoning module AutomationWindow (146)
[2015.10.12-21.06.37:031][988]LogModuleManager: Shutting down and abandoning module Layers (145)
[2015.10.12-21.06.37:031][988]LogModuleManager: Shutting down and abandoning module ComponentVisualizers (144)
[2015.10.12-21.06.37:031][988]LogModuleManager: Shutting down and abandoning module DetailCustomizations (143)
[2015.10.12-21.06.37:031][988]LogModuleManager: Shutting down and abandoning module PackagesDialog (142)
[2015.10.12-21.06.37:031][988]LogModuleManager: Shutting down and abandoning module Persona (141)
[2015.10.12-21.06.37:031][988]LogModuleManager: Shutting down and abandoning module Kismet (140)
[2015.10.12-21.06.37:031][988]LogModuleManager: Shutting down and abandoning module GraphEditor (139)
[2015.10.12-21.06.37:031][988]LogModuleManager: Shutting down and abandoning module ClassViewer (138)
[2015.10.12-21.06.37:031][988]LogModuleManager: Shutting down and abandoning module Toolbox (137)
[2015.10.12-21.06.37:031][988]LogModuleManager: Shutting down and abandoning module ModuleUI (136)
[2015.10.12-21.06.37:031][988]LogModuleManager: Shutting down and abandoning module MovieSceneTools (135)
[2015.10.12-21.06.37:031][988]LogModuleManager: Shutting down and abandoning module OutputLog (134)
[2015.10.12-21.06.37:031][988]LogModuleManager: Shutting down and abandoning module GammaUI (133)
[2015.10.12-21.06.37:031][988]LogModuleManager: Shutting down and abandoning module Documentation (132)
[2015.10.12-21.06.37:031][988]LogModuleManager: Shutting down and abandoning module GameLiveStreaming (131)
[2015.10.12-21.06.37:031][988]LogModuleManager: Shutting down and abandoning module StreamingPauseRendering (130)
[2015.10.12-21.06.37:031][988]LogModuleManager: Shutting down and abandoning module AnalyticsET (129)
[2015.10.12-21.06.37:031][988]LogModuleManager: Shutting down and abandoning module Analytics (128)
[2015.10.12-21.06.37:031][988]LogModuleManager: Shutting down and abandoning module AITestSuite (127)
[2015.10.12-21.06.37:031][988]LogModuleManager: Shutting down and abandoning module GameplayDebugger (126)
[2015.10.12-21.06.37:031][988]LogModuleManager: Shutting down and abandoning module AIModule (125)
[2015.10.12-21.06.37:031][988]LogModuleManager: Shutting down and abandoning module ProfilerService (124)
[2015.10.12-21.06.37:166][988]LogModuleManager: Shutting down and abandoning module TaskGraph (123)
[2015.10.12-21.06.37:166][988]LogModuleManager: Shutting down and abandoning module SubstanceEditor (122)
[2015.10.12-21.06.37:166][988]LogModuleManager: Shutting down and abandoning module SlateRemote (121)
[2015.10.12-21.06.37:166][988]LogModuleManager: Shutting down and abandoning module SteamVRController (120)
[2015.10.12-21.06.37:166][988]LogModuleManager: Shutting down and abandoning module SteamVR (119)
[2015.10.12-21.06.37:166][988]LogModuleManager: Shutting down and abandoning module ProceduralMeshComponent (118)
[2015.10.12-21.06.37:166][988]LogModuleManager: Shutting down and abandoning module OculusRift (117)
[2015.10.12-21.06.37:166][988]LogModuleManager: Shutting down and abandoning module OculusLibrary (116)
[2015.10.12-21.06.37:166][988]LogModuleManager: Shutting down and abandoning module LeapMotionController (115)
[2015.10.12-21.06.37:182][988]LogModuleManager: Shutting down and abandoning module CustomMeshComponent (114)
[2015.10.12-21.06.37:182][988]LogModuleManager: Shutting down and abandoning module CableComponent (113)
[2015.10.12-21.06.37:182][988]LogModuleManager: Shutting down and abandoning module ArchVisCharacter (112)
[2015.10.12-21.06.37:182][988]LogModuleManager: Shutting down and abandoning module MessagingDebugger (111)
[2015.10.12-21.06.37:182][988]LogModuleManager: Shutting down and abandoning module MediaPlayerEditor (110)
[2015.10.12-21.06.37:182][988]LogModuleManager: Shutting down and abandoning module HTML5Networking (109)
[2015.10.12-21.06.37:182][988]LogModuleManager: Shutting down and abandoning module SpeedTreeImporter (108)
[2015.10.12-21.06.37:182][988]LogModuleManager: Shutting down and abandoning module PluginBrowser (107)
[2015.10.12-21.06.37:182][988]LogModuleManager: Shutting down and abandoning module EpicSurvey (106)
[2015.10.12-21.06.37:182][988]LogModuleManager: Shutting down and abandoning module DesktopPlatform (105)
[2015.10.12-21.06.37:182][988]LogModuleManager: Shutting down and abandoning module VisualStudioSourceCodeAccess (104)
[2015.10.12-21.06.37:182][988]LogModuleManager: Shutting down and abandoning module UObjectPlugin (103)
[2015.10.12-21.06.37:182][988]LogModuleManager: Shutting down and abandoning module SubversionSourceControl (102)
[2015.10.12-21.06.37:182][988]LogModuleManager: Shutting down and abandoning module PerforceSourceControl (101)
[2015.10.12-21.06.37:182][988]LogModuleManager: Shutting down and abandoning module SourceControl (100)
[2015.10.12-21.06.37:182][988]LogModuleManager: Shutting down and abandoning module GitSourceControl (99)
[2015.10.12-21.06.37:182][988]LogModuleManager: Shutting down and abandoning module LightPropagationVolumeEditor (98)
[2015.10.12-21.06.37:182][988]LogModuleManager: Shutting down and abandoning module PaperTiledImporter (97)
[2015.10.12-21.06.37:182][988]LogModuleManager: Shutting down and abandoning module PaperSpriteSheetImporter (96)
[2015.10.12-21.06.37:182][988]LogModuleManager: Shutting down and abandoning module MeshPaint (95)
[2015.10.12-21.06.37:182][988]LogModuleManager: Shutting down and abandoning module SlateReflector (94)
[2015.10.12-21.06.37:182][988]LogModuleManager: Shutting down and abandoning module HotReload (93)
[2015.10.12-21.06.37:182][988]LogModuleManager: Shutting down and abandoning module MainFrame (92)
[2015.10.12-21.06.37:182][988]LogModuleManager: Shutting down and abandoning module LevelEditor (91)
[2015.10.12-21.06.37:183][988]LogModuleManager: Shutting down and abandoning module ContentBrowser (90)
[2015.10.12-21.06.37:184][988]LogModuleManager: Shutting down and abandoning module Paper2DEditor (89)
[2015.10.12-21.06.37:184][988]LogModuleManager: Shutting down and abandoning module UdpMessaging (88)
[2015.10.12-21.06.37:285][988]LogModuleManager: Shutting down and abandoning module DirectoryWatcher (87)
[2015.10.12-21.06.37:285][988]LogModuleManager: Shutting down and abandoning module AssetRegistry (86)
[2015.10.12-21.06.37:404][988]LogModuleManager: Shutting down and abandoning module SubstanceCore (85)
[2015.10.12-21.06.37:404][988]LogModuleManager: Shutting down and abandoning module LightPropagationVolumeRuntime (84)
[2015.10.12-21.06.37:404][988]LogModuleManager: Shutting down and abandoning module Paper2D (83)
[2015.10.12-21.06.37:404][988]LogModuleManager: Shutting down and abandoning module WindowsMoviePlayer (82)
[2015.10.12-21.06.37:407][988]LogModuleManager: Shutting down and abandoning module Media (81)
[2015.10.12-21.06.37:407][988]LogModuleManager: Shutting down and abandoning module WmfMedia (80)
[2015.10.12-21.06.37:407][988]LogModuleManager: Shutting down and abandoning module OnlineBlueprintSupport (79)
[2015.10.12-21.06.37:407][988]LogModuleManager: Shutting down and abandoning module GameplayTasksEditor (78)
[2015.10.12-21.06.37:407][988]LogModuleManager: Shutting down and abandoning module PropertyEditor (77)
[2015.10.12-21.06.37:407][988]LogModuleManager: Shutting down and abandoning module BehaviorTreeEditor (76)
[2015.10.12-21.06.37:407][988]LogModuleManager: Shutting down and abandoning module FunctionalTesting (75)
[2015.10.12-21.06.37:407][988]LogModuleManager: Shutting down and abandoning module CollisionAnalyzer (74)
[2015.10.12-21.06.37:407][988]LogModuleManager: Shutting down and abandoning module WorkspaceMenuStructure (73)
[2015.10.12-21.06.37:407][988]LogModuleManager: Shutting down and abandoning module MessageLog (72)
[2015.10.12-21.06.37:407][988]LogModuleManager: Shutting down and abandoning module Sequencer (71)
[2015.10.12-21.06.37:407][988]LogModuleManager: Shutting down and abandoning module AssetTools (70)
[2015.10.12-21.06.37:407][988]LogModuleManager: Shutting down and abandoning module UMGEditor (69)
[2015.10.12-21.06.37:407][988]LogModuleManager: Shutting down and abandoning module UMG (68)
[2015.10.12-21.06.37:407][988]LogModuleManager: Shutting down and abandoning module Slate (67)
[2015.10.12-21.06.37:407][988]LogModuleManager: Shutting down and abandoning module EditorStyle (66)
[2015.10.12-21.06.37:409][988]LogModuleManager: Shutting down and abandoning module SessionServices (65)
[2015.10.12-21.06.37:409][988]LogModuleManager: Shutting down and abandoning module SourceCodeAccess (64)
[2015.10.12-21.06.37:409][988]LogModuleManager: Shutting down and abandoning module HeadMountedDisplay (63)
[2015.10.12-21.06.37:409][988]LogModuleManager: Shutting down and abandoning module XAudio2 (62)
[2015.10.12-21.06.37:409][988]LogModuleManager: Shutting down and abandoning module Networking (60)
[2015.10.12-21.06.37:409][988]LogModuleManager: Shutting down and abandoning module Core (59)
[2015.10.12-21.06.37:409][988]LogModuleManager: Shutting down and abandoning module KismetCompiler (58)
[2015.10.12-21.06.37:409][988]LogModuleManager: Shutting down and abandoning module PhysXFormats (57)
[2015.10.12-21.06.37:409][988]LogModuleManager: Shutting down and abandoning module MeshUtilities (56)
[2015.10.12-21.06.37:409][988]LogModuleManager: Shutting down and abandoning module CookingStats (55)
[2015.10.12-21.06.37:410][988]LogModuleManager: Shutting down and abandoning module DerivedDataCache (54)
[2015.10.12-21.06.37:481][988]LogDerivedDataCache: Shutdown
[2015.10.12-21.06.37:481][988]LogModuleManager: Shutting down and abandoning module ShaderFormatOpenGL (53)
[2015.10.12-21.06.37:481][988]LogModuleManager: Shutting down and abandoning module ShaderFormatD3D (52)
[2015.10.12-21.06.37:481][988]LogModuleManager: Shutting down and abandoning module MetalShaderFormat (51)
[2015.10.12-21.06.37:481][988]LogModuleManager: Shutting down and abandoning module TextureFormatUncompressed (50)
[2015.10.12-21.06.37:481][988]LogModuleManager: Shutting down and abandoning module TextureFormatPVR (49)
[2015.10.12-21.06.37:481][988]LogModuleManager: Shutting down and abandoning module TextureFormatIntelISPCTexComp (48)
[2015.10.12-21.06.37:481][988]LogModuleManager: Shutting down and abandoning module TextureFormatDXT (47)
[2015.10.12-21.06.37:481][988]LogModuleManager: Shutting down and abandoning module ImageWrapper (46)
[2015.10.12-21.06.37:481][988]LogModuleManager: Shutting down and abandoning module TextureFormatASTC (45)
[2015.10.12-21.06.37:481][988]LogModuleManager: Shutting down and abandoning module TextureFormatAndroid (44)
[2015.10.12-21.06.37:481][988]LogModuleManager: Shutting down and abandoning module AudioFormatOpus (43)
[2015.10.12-21.06.37:481][988]LogModuleManager: Shutting down and abandoning module AudioFormatOgg (42)
[2015.10.12-21.06.37:481][988]LogModuleManager: Shutting down and abandoning module AudioFormatADPCM (41)
[2015.10.12-21.06.37:481][988]LogModuleManager: Shutting down and abandoning module LinuxTargetPlatform (40)
[2015.10.12-21.06.37:481][988]LogModuleManager: Shutting down and abandoning module LinuxServerTargetPlatform (39)
[2015.10.12-21.06.37:481][988]LogModuleManager: Shutting down and abandoning module LinuxNoEditorTargetPlatform (38)
[2015.10.12-21.06.37:481][988]LogModuleManager: Shutting down and abandoning module Messaging (37)
[2015.10.12-21.06.37:481][988]LogModuleManager: Shutting down and abandoning module IOSTargetPlatform (36)
[2015.10.12-21.06.37:481][988]LogModuleManager: Shutting down and abandoning module HTML5TargetPlatform (35)
[2015.10.12-21.06.37:481][988]LogModuleManager: Shutting down and abandoning module Android_PVRTCTargetPlatform (34)
[2015.10.12-21.06.37:481][988]LogModuleManager: Shutting down and abandoning module Android_ETC2TargetPlatform (33)
[2015.10.12-21.06.37:481][988]LogModuleManager: Shutting down and abandoning module Android_ETC1TargetPlatform (32)
[2015.10.12-21.06.37:481][988]LogModuleManager: Shutting down and abandoning module Android_DXTTargetPlatform (31)
[2015.10.12-21.06.37:481][988]LogModuleManager: Shutting down and abandoning module Android_ATCTargetPlatform (30)
[2015.10.12-21.06.37:481][988]LogModuleManager: Shutting down and abandoning module Android_ASTCTargetPlatform (29)
[2015.10.12-21.06.37:481][988]LogModuleManager: Shutting down and abandoning module AndroidTargetPlatform (28)
[2015.10.12-21.06.37:481][988]LogModuleManager: Shutting down and abandoning module WindowsTargetPlatform (27)
[2015.10.12-21.06.37:481][988]LogModuleManager: Shutting down and abandoning module WindowsServerTargetPlatform (26)
[2015.10.12-21.06.37:481][988]LogModuleManager: Shutting down and abandoning module WindowsNoEditorTargetPlatform (25)
[2015.10.12-21.06.37:481][988]LogModuleManager: Shutting down and abandoning module WindowsClientTargetPlatform (24)
[2015.10.12-21.06.37:481][988]LogModuleManager: Shutting down and abandoning module AllDesktopTargetPlatform (23)
[2015.10.12-21.06.37:481][988]LogModuleManager: Shutting down and abandoning module TargetPlatform (22)
[2015.10.12-21.06.37:481][988]LogModuleManager: Shutting down and abandoning module InputCore (21)
[2015.10.12-21.06.37:481][988]LogModuleManager: Shutting down and abandoning module Settings (20)
[2015.10.12-21.06.37:481][988]LogModuleManager: Shutting down and abandoning module OnlineSubsystem (18)
[2015.10.12-21.06.37:481][988]LogModuleManager: Shutting down and abandoning module HTTP (17)
[2015.10.12-21.06.39:484][988]LogModuleManager: Shutting down and abandoning module XMPP (16)
[2015.10.12-21.06.39:484][988]LogModuleManager: Shutting down and abandoning module ExampleDeviceProfileSelector (15)
[2015.10.12-21.06.39:484][988]LogModuleManager: Shutting down and abandoning module TextureCompressor (14)
[2015.10.12-21.06.39:484][988]LogModuleManager: Shutting down and abandoning module ShaderCore (13)
[2015.10.12-21.06.39:484][988]LogModuleManager: Shutting down and abandoning module Landscape (12)
[2015.10.12-21.06.39:484][988]LogModuleManager: Shutting down and abandoning module SlateRHIRenderer (11)
[2015.10.12-21.06.39:484][988]LogModuleManager: Shutting down and abandoning module OpenGLDrv (10)
[2015.10.12-21.06.39:485][988]LogModuleManager: Shutting down and abandoning module D3D11RHI (9)
[2015.10.12-21.06.39:485][988]LogModuleManager: Shutting down and abandoning module AnimGraphRuntime (8)
[2015.10.12-21.06.39:485][988]LogModuleManager: Shutting down and abandoning module Renderer (7)
[2015.10.12-21.06.39:485][988]LogModuleManager: Shutting down and abandoning module Engine (6)
[2015.10.12-21.06.39:485][988]LogModuleManager: Shutting down and abandoning module CoreUObject (5)
[2015.10.12-21.06.39:485][988]LogModuleManager: Shutting down and abandoning module NetworkFile (4)
[2015.10.12-21.06.39:485][988]LogModuleManager: Shutting down and abandoning module StreamingFile (3)
[2015.10.12-21.06.39:485][988]LogModuleManager: Shutting down and abandoning module SandboxFile (2)
[2015.10.12-21.06.39:485][988]LogModuleManager: Shutting down and abandoning module PakFile (1)
[2015.10.12-21.06.39:485][988]LogExit: Exiting.
[2015.10.12-21.06.39:527][988]Log file closed, 10/12/15 17:06:39
