[2015.09.14-07.23.20:969][  0]Log file open, 09/14/15 03:23:20
[2015.09.14-07.23.20:969][  0]LogInit:Display: Running engine for game: SuperSpaceArmada
[2015.09.14-07.23.20:969][  0]LogInit:Display: RandInit(986170914) SRandInit(986170914).
[2015.09.14-07.23.20:969][  0]LogTaskGraph: Started task graph with 4 named threads and 7 total threads.
[2015.09.14-07.23.20:969][  0]LogStats: Stats thread started at 0.073693
[2015.09.14-07.23.20:969][  0]LogInit: Version: 4.9.0-2672455+++depot+UE4-Releases+4.9
[2015.09.14-07.23.20:969][  0]LogInit: API Version: 2672455
[2015.09.14-07.23.20:969][  0]LogInit: Compiled (64-bit): Aug 28 2015 12:33:01
[2015.09.14-07.23.20:969][  0]LogInit: Compiled with Visual C++: 18.00.21005.01
[2015.09.14-07.23.20:969][  0]LogInit: Build Configuration: Development
[2015.09.14-07.23.20:969][  0]LogInit: Branch Name: ++depot+UE4-Releases+4.9
[2015.09.14-07.23.20:969][  0]LogInit: Command line:  
[2015.09.14-07.23.20:969][  0]LogInit: Base directory: C:/Program Files/Unreal Engine/4.9/Engine/Binaries/Win64/
[2015.09.14-07.23.20:969][  0]LogInit: Rocket: 1
[2015.09.14-07.23.20:979][  0]LogInit: Using libcurl 7.41.0
[2015.09.14-07.23.20:979][  0]LogInit:  - built for x86_64-pc-win32
[2015.09.14-07.23.20:979][  0]LogInit:  - supports SSL with WinSSL
[2015.09.14-07.23.20:979][  0]LogInit:  - other features:
[2015.09.14-07.23.20:979][  0]LogInit:      CURL_VERSION_SSL
[2015.09.14-07.23.20:979][  0]LogInit:      CURL_VERSION_IPV6
[2015.09.14-07.23.20:979][  0]LogInit:      CURL_VERSION_ASYNCHDNS
[2015.09.14-07.23.20:979][  0]LogInit:      CURL_VERSION_LARGEFILE
[2015.09.14-07.23.20:979][  0]LogInit:      CURL_VERSION_IDN
[2015.09.14-07.23.20:979][  0]LogInit:  CurlRequestOptions (configurable via config and command line):
[2015.09.14-07.23.20:979][  0]LogInit:  - bVerifyPeer = true  - Libcurl will verify peer certificate
[2015.09.14-07.23.20:979][  0]LogInit:  - bUseHttpProxy = false  - Libcurl will NOT use HTTP proxy
[2015.09.14-07.23.20:979][  0]LogInit:  - bDontReuseConnections = false  - Libcurl will reuse connections
[2015.09.14-07.23.20:979][  0]LogInit:  - CertBundlePath = nullptr  - Libcurl will use whatever was configured at build time.
[2015.09.14-07.23.20:985][  0]LogInit: Presizing for 0 objects not considered by GC, pre-allocating 0 bytes.
[2015.09.14-07.23.20:992][  0]LogInit: Object subsystem initialized
[2015.09.14-07.23.20:993][  0]LogInit: Selected Device Profile: [Windows]
[2015.09.14-07.23.20:993][  0]LogInit: Applying CVar settings loaded from the selected device profile: [Windows]
[2015.09.14-07.23.21:002][  0]LogInit: Computer: LOU
[2015.09.14-07.23.21:002][  0]LogInit: User: LouIII
[2015.09.14-07.23.21:002][  0]LogInit: CPU Page size=4096, Cores=4
[2015.09.14-07.23.21:002][  0]LogInit: High frequency timer resolution =2.338333 MHz
[2015.09.14-07.23.21:002][  0]LogMemory: Memory total: Physical=15.9GB (16GB approx)
[2015.09.14-07.23.21:002][  0]LogMemory: Platform Memory Stats for Windows
[2015.09.14-07.23.21:002][  0]LogMemory: Process Physical Memory: 54.12 MB used, 54.12 MB peak
[2015.09.14-07.23.21:002][  0]LogMemory: Process Virtual Memory: 55.38 MB used, 55.38 MB peak
[2015.09.14-07.23.21:002][  0]LogMemory: Physical Memory: 5816.38 MB used, 16303.71 MB total
[2015.09.14-07.23.21:002][  0]LogMemory: Virtual Memory: 364.54 MB used, 134217728.00 MB total
[2015.09.14-07.23.21:037][  0]LogTextLocalizationManager: No specific translations for ('en-US') exist, so ('en') translations will be used.
[2015.09.14-07.23.21:726][  0]LogD3D11RHI: Found D3D11 adapter 0: NVIDIA GeForce GTX 765M     (Feature Level 11_0)
[2015.09.14-07.23.21:726][  0]LogD3D11RHI: Adapter has 1992MB of dedicated video memory, 0MB of dedicated system memory, and 8151MB of shared system memory, 1 output[s]
[2015.09.14-07.23.21:731][  0]LogD3D11RHI: Found D3D11 adapter 1: Intel(R) HD Graphics 4600 (Feature Level 11_0)
[2015.09.14-07.23.21:731][  0]LogD3D11RHI: Adapter has 112MB of dedicated video memory, 0MB of dedicated system memory, and 8151MB of shared system memory, 0 output[s]
[2015.09.14-07.23.21:733][  0]LogD3D11RHI: Found D3D11 adapter 2: Microsoft Basic Render Driver (Feature Level 11_0)
[2015.09.14-07.23.21:733][  0]LogD3D11RHI: Adapter has 0MB of dedicated video memory, 0MB of dedicated system memory, and 8151MB of shared system memory, 0 output[s]
[2015.09.14-07.23.21:733][  0]LogD3D11RHI: Chosen D3D11 Adapter Id = 0
[2015.09.14-07.23.21:738][  0]LogD3D11RHI: !Direct3DDevice
[2015.09.14-07.23.21:738][  0]LogRHI: Texture pool is 1361 MB (70% of 1945 MB)
[2015.09.14-07.23.21:751][  0]LogD3D11RHI: Async texture creation enabled
[2015.09.14-07.23.21:766][  0]LogShaderCompilers: Guid format shader working directory is 15 characters bigger than the processId version (../../../../../../Users/luisr_000/Documents/Game-Files/SuperSpaceArmada/Intermediate/Shaders/WorkingDirectory/8764/).
[2015.09.14-07.23.21:766][  0]LogShaderCompilers: Cleaned the shader compiler working directory '../../../../../../Users/luisr_000/Documents/Game-Files/SuperSpaceArmada/Intermediate/Shaders/tmp/1D0BF1D8483EB85E3990BF9BB651DAC0/'.
[2015.09.14-07.23.21:766][  0]LogShaderCompilers:Display: Using Local Shader Compiler.
[2015.09.14-07.23.22:767][  0]LogTemp:Display: Loaded TP AllDesktopTargetPlatform
[2015.09.14-07.23.22:773][  0]LogTemp:Display: Loaded TP WindowsClientTargetPlatform
[2015.09.14-07.23.22:778][  0]LogTemp:Display: Loaded TP WindowsNoEditorTargetPlatform
[2015.09.14-07.23.22:783][  0]LogTemp:Display: Loaded TP WindowsServerTargetPlatform
[2015.09.14-07.23.22:789][  0]LogTemp:Display: Loaded TP WindowsTargetPlatform
[2015.09.14-07.23.22:792][  0]LogTemp:Display: Loaded TP AndroidTargetPlatform
[2015.09.14-07.23.22:795][  0]LogTemp:Display: Loaded TP Android_ASTCTargetPlatform
[2015.09.14-07.23.22:798][  0]LogTemp:Display: Loaded TP Android_ATCTargetPlatform
[2015.09.14-07.23.22:802][  0]LogTemp:Display: Loaded TP Android_DXTTargetPlatform
[2015.09.14-07.23.22:805][  0]LogTemp:Display: Loaded TP Android_ETC1TargetPlatform
[2015.09.14-07.23.22:809][  0]LogTemp:Display: Loaded TP Android_ETC2TargetPlatform
[2015.09.14-07.23.22:812][  0]LogTemp:Display: Loaded TP Android_PVRTCTargetPlatform
[2015.09.14-07.23.22:813][  0]LogTemp:Display: Loaded TP HTML5TargetPlatform
[2015.09.14-07.23.22:830][  0]LogTemp:Display: Loaded TP IOSTargetPlatform
[2015.09.14-07.23.22:833][  0]LogTemp:Display: Loaded TP LinuxNoEditorTargetPlatform
[2015.09.14-07.23.22:836][  0]LogTemp:Display: Loaded TP LinuxServerTargetPlatform
[2015.09.14-07.23.22:840][  0]LogTemp:Display: Loaded TP LinuxTargetPlatform
[2015.09.14-07.23.22:840][  0]LogTargetPlatformManager:Display: Building Assets For Windows
[2015.09.14-07.23.22:919][  0]LogDerivedDataCache:Display: Max Cache Size: 512 MB
[2015.09.14-07.23.22:960][  0]LogDerivedDataCache: Loaded boot cache 0.04s 41MB C:/Users/luisr_000/AppData/Local/UnrealEngine/4.9/DerivedDataCache/Boot.ddc.
[2015.09.14-07.23.22:960][  0]LogDerivedDataCache:Display: Loaded Boot cache: C:/Users/luisr_000/AppData/Local/UnrealEngine/4.9/DerivedDataCache/Boot.ddc
[2015.09.14-07.23.22:960][  0]LogDerivedDataCache: FDerivedDataBackendGraph:  Pak pak cache file ../../../../../../Users/luisr_000/Documents/Game-Files/SuperSpaceArmada/DerivedDataCache/DDC.ddp not found, will not use a pak cache.
[2015.09.14-07.23.22:960][  0]LogDerivedDataCache: Unable to find inner node Pak for hierarchical cache Hierarchy.
[2015.09.14-07.23.22:960][  0]LogDerivedDataCache: FDerivedDataBackendGraph:  CompressedPak pak cache file ../../../../../../Users/luisr_000/Documents/Game-Files/SuperSpaceArmada/DerivedDataCache/Compressed.ddp not found, will not use a pak cache.
[2015.09.14-07.23.22:960][  0]LogDerivedDataCache: Unable to find inner node CompressedPak for hierarchical cache Hierarchy.
[2015.09.14-07.23.23:096][  0]LogDerivedDataCache:Display: Pak cache opened for reading ../../../Engine/DerivedDataCache/Compressed.ddp.
[2015.09.14-07.23.23:108][  0]LogDerivedDataCache: Using Local data cache path C:/Users/luisr_000/AppData/Local/UnrealEngine/Common/DerivedDataCache: Writable
[2015.09.14-07.23.23:269][  0]LogInit: Selected Device Profile: [Windows]
[2015.09.14-07.23.23:272][  0]LogContentStreaming: Texture pool size is 0.000000MB
[2015.09.14-07.23.23:388][  0]LogMeshUtilities: No automatic mesh reduction module available
[2015.09.14-07.23.23:388][  0]LogMeshUtilities: No automatic mesh merging module available
[2015.09.14-07.23.23:599][  0]LogInit: WinSock: version 1.1 (2.2), MaxSocks=32767, MaxUdp=65467
[2015.09.14-07.23.24:236][  0]UdpMessaging: Initializing bridge on interface 0.0.0.0:0 to multicast group 230.0.0.1:6666.
[2015.09.14-07.23.24:330][  0]LogAssetRegistry: FAssetRegistry took 0.0105 seconds to start up
[2015.09.14-07.23.24:476][  0]SourceControl: Info Source control is disabled
[2015.09.14-07.23.24:484][  0]SourceControl: Info Source control is disabled
[2015.09.14-07.23.24:497][  0]SourceControl: Info Source control is disabled
[2015.09.14-07.23.24:507][  0]SourceControl: Info Source control is disabled
[2015.09.14-07.23.24:635][  0]LogLinker:Warning: Asset '../../../Engine/Plugins/Runtime/LeapMotionController/Content/LM_PassthroughMaterial.uasset' has been saved with empty engine version. The asset will be loaded but may be incompatible.
[2015.09.14-07.23.24:704][  0]LogObj: 28361 objects as part of root set at end of initial load.
[2015.09.14-07.23.24:704][  0]LogUObjectAllocator: 6038872 out of 0 bytes used by permanent object pool.
[2015.09.14-07.23.24:758][  0]LogEngine: Initializing Engine...
[2015.09.14-07.23.24:760][  0]LogHMD: Can't find Oculus library dev build: is proper Runtime installed? Version: 0.6.0.0
[2015.09.14-07.23.24:761][  0]LogHMD: SteamVR failed to initialize.  Err: 110
[2015.09.14-07.23.24:873][  0]LogAIModule: Creating AISystem for world NewWorld
[2015.09.14-07.23.24:879][  0]LogInit: XAudio2 using 'Speakers (VIA HD Audio)' : 2 channels at 48 kHz using 32 bits per sample (channel mask 0x3)
[2015.09.14-07.23.24:886][  0]LogInit: FAudioDevice initialized.
[2015.09.14-07.23.24:905][  0]LogDerivedDataCache: Saved boot cache 0.02s 41MB C:/Users/luisr_000/AppData/Local/UnrealEngine/4.9/DerivedDataCache/Boot.ddc.
[2015.09.14-07.23.24:909][  0]LogInit: Texture streaming: Enabled
[2015.09.14-07.23.24:915][  0]LogAnalytics: Creating configured Analytics provider AnalyticsET
[2015.09.14-07.23.24:915][  0]LogAnalytics: [UEEditor.Rocket.Release] APIServer = http://et2.epicgames.com/ET2/. AppVersion = 4.9.0-2672455+++depot+UE4-Releases+4.9
[2015.09.14-07.23.24:915][  0]LogAnalytics: [UEEditor.Rocket.Release] SetUserId 06a592394ae99916f49c3d9c3c9f503a|b280ebf5e1b3428db734f63de3c232be|784865b8-3393-4bba-9a10-0fd663c4f742
[2015.09.14-07.23.24:915][  0]LogAnalytics: [UEEditor.Rocket.Release] AnalyticsET::StartSession
[2015.09.14-07.23.24:929][  0]LogWindowsTextInputMethodSystem:Display: IME system now deactivated.
[2015.09.14-07.23.24:929][  0]LogWindowsTextInputMethodSystem:Display: IME system now deactivated.
[2015.09.14-07.23.24:944][  0]LogInit: Transaction tracking system initialized
[2015.09.14-07.23.24:973][  0]BlueprintLog: New page: Editor Load
[2015.09.14-07.23.25:050][  0]LocalizationService: Info Localization service is disabled
[2015.09.14-07.23.25:121][  0]LogConsoleResponse:Display: 
[2015.09.14-07.23.25:223][  0]LogCook:Display: Done creating registry. It took  0.00s.
[2015.09.14-07.23.25:275][  0]LogFileCache: Scanning file cache for directory 'C:/Users/luisr_000/Documents/Game-Files/SuperSpaceArmada/Content/' took 0.01s
[2015.09.14-07.23.25:275][  0]SourceControl: Info Source control is disabled
[2015.09.14-07.23.25:275][  0]Cmd: MAP LOAD FILE="../../../../../../Users/luisr_000/Documents/Game-Files/SuperSpaceArmada/Content/TopDownBP/Maps/TopDownExampleMap.umap" TEMPLATE=0 SHOWPROGRESS=1 FEATURELEVEL=3
[2015.09.14-07.23.25:275][  0]LogEditorServer:Warning: Can't find file '../../../../../../Users/luisr_000/Documents/Game-Files/SuperSpaceArmada/Content/TopDownBP/Maps/TopDownExampleMap.umap'
[2015.09.14-07.23.25:275][  0]Cmd: MAP CHECKDEP NOCLEARLOG
[2015.09.14-07.23.25:310][  0]MapCheck: Info Map check complete: 0 Error(s), 0 Warning(s), took 34.996ms to complete.
[2015.09.14-07.23.25:310][  0]LogFileHelpers: Loading map 'TopDownExampleMap' took 0.035
[2015.09.14-07.23.25:413][  0]LogCollectionManager: Loaded 0 collections in 0.002264 seconds
[2015.09.14-07.23.25:453][  0]LogFileCache: Scanning file cache for directory 'C:/Users/luisr_000/Documents/Game-Files/SuperSpaceArmada/Saved/Collections/' took 0.01s
[2015.09.14-07.23.25:453][  0]LogFileCache: Scanning file cache for directory 'C:/Users/luisr_000/Documents/Game-Files/SuperSpaceArmada/Content/Developers/LouIII/Collections/' took 0.01s
[2015.09.14-07.23.25:453][  0]LogFileCache: Scanning file cache for directory 'C:/Users/luisr_000/Documents/Game-Files/SuperSpaceArmada/Content/Collections/' took 0.01s
[2015.09.14-07.23.25:453][  0]LogContentBrowser: Native class hierarchy populated in 0.0068 seconds. Added 1867 classes and 333 folders.
[2015.09.14-07.23.25:458][  0]LogCollectionManager: Rebuilt the GUID cache for 0 collections in 0.000003 seconds
[2015.09.14-07.23.25:464][  0]LogContentBrowser: Native class hierarchy updated for 'WidgetCarousel' in 0.0003 seconds. Added 0 classes and 0 folders.
[2015.09.14-07.23.25:505][  0]LogContentBrowser: Native class hierarchy updated for 'AddContentDialog' in 0.0006 seconds. Added 0 classes and 0 folders.
[2015.09.14-07.23.25:510][  0]LogContentBrowser: Native class hierarchy updated for 'SceneOutliner' in 0.0003 seconds. Added 1 classes and 2 folders.
[2015.09.14-07.23.25:529][  0]LogCrashTracker: Crashtracker disabled due to settings.
[2015.09.14-07.23.25:534][  0]LogUObjectGlobals:Warning: Failed to find object 'Class None.'
[2015.09.14-07.23.25:556][  0]LogLoad: Full Startup: 5.09 seconds (BP compile: 0.00 seconds)
[2015.09.14-07.23.25:615][  0]LogContentStreaming: Texture pool size now 1000 MB
[2015.09.14-07.23.25:751][  0]LogRenderer: Reallocating scene render targets to support 1208x576 (Frame:2).
[2015.09.14-07.23.25:884][  2]LogAssetRegistry: Asset discovery search completed in 1.5642 seconds
[2015.09.14-07.23.25:884][  2]LogCollectionManager: Rebuilt the object cache for 0 collections in 0.000000 seconds (found 0 objects)
[2015.09.14-07.23.25:884][  2]LogCollectionManager: Fixed up redirectors for 0 collections in 0.000019 seconds (updated 0 objects)
[2015.09.14-07.23.31:905][342]Cmd: MAP LOAD FILE="../../../../../../Users/luisr_000/Documents/Game-Files/SuperSpaceArmada/Content/SSA/Maps/PrototypeLevel.umap" TEMPLATE=0 SHOWPROGRESS=1 FEATURELEVEL=3
[2015.09.14-07.23.31:946][342]LightingResults: New page: Lighting Build
[2015.09.14-07.23.31:950][342]LogContentBrowser: Native class hierarchy updated for 'StatsViewer' in 0.0003 seconds. Added 5 classes and 0 folders.
[2015.09.14-07.23.31:964][342]LoadErrors: New page: Loading map: PrototypeLevel.umap
[2015.09.14-07.23.31:965][342]MapCheck: New page: Map Check
[2015.09.14-07.23.31:965][342]LightingResults: New page: Lighting Build
[2015.09.14-07.23.31:974][342]LogParticles: Destroying 0 GPU particle simulations for FXSystem 0x000000D3293BE160
[2015.09.14-07.23.31:978][342]LogLinker:Warning: Asset '../../../../../../Users/luisr_000/Documents/Game-Files/SuperSpaceArmada/Content/Mannequin/Animations/ThirdPerson_AnimBP.uasset' has been saved with empty engine version. The asset will be loaded but may be incompatible.
[2015.09.14-07.23.31:980][342]LogLinker:Warning: Asset '../../../../../../Users/luisr_000/Documents/Game-Files/SuperSpaceArmada/Content/Mannequin/Animations/ThirdPerson_Jump.uasset' has been saved with empty engine version. The asset will be loaded but may be incompatible.
[2015.09.14-07.23.31:981][342]LogLinker:Warning: Asset '../../../../../../Users/luisr_000/Documents/Game-Files/SuperSpaceArmada/Content/Mannequin/Animations/ThirdPersonJump_Loop.uasset' has been saved with empty engine version. The asset will be loaded but may be incompatible.
[2015.09.14-07.23.31:982][342]LogLinker:Warning: Asset '../../../../../../Users/luisr_000/Documents/Game-Files/SuperSpaceArmada/Content/Mannequin/Animations/ThirdPersonJump_Start.uasset' has been saved with empty engine version. The asset will be loaded but may be incompatible.
[2015.09.14-07.23.31:983][342]LogLinker:Warning: Asset '../../../../../../Users/luisr_000/Documents/Game-Files/SuperSpaceArmada/Content/Mannequin/Animations/ThirdPerson_IdleRun_2D.uasset' has been saved with empty engine version. The asset will be loaded but may be incompatible.
[2015.09.14-07.23.31:983][342]LogLinker:Warning: Asset '../../../../../../Users/luisr_000/Documents/Game-Files/SuperSpaceArmada/Content/Mannequin/Animations/ThirdPersonIdle.uasset' has been saved with empty engine version. The asset will be loaded but may be incompatible.
[2015.09.14-07.23.31:984][342]LogLinker:Warning: Asset '../../../../../../Users/luisr_000/Documents/Game-Files/SuperSpaceArmada/Content/Mannequin/Animations/ThirdPersonRun.uasset' has been saved with empty engine version. The asset will be loaded but may be incompatible.
[2015.09.14-07.23.31:985][342]LogLinker:Warning: Asset '../../../../../../Users/luisr_000/Documents/Game-Files/SuperSpaceArmada/Content/Mannequin/Animations/ThirdPersonWalk.uasset' has been saved with empty engine version. The asset will be loaded but may be incompatible.
[2015.09.14-07.23.32:429][342]LogLinker:Warning: Can't find file '/Game/Geometry/Textures/humanShip_emissionmask'
[2015.09.14-07.23.32:429][342]LogLinker:Warning: Can't find file for asset '/Game/Geometry/Textures/humanShip_emissionmask' while loading ../../../../../../Users/luisr_000/Documents/Game-Files/SuperSpaceArmada/Content/SSA/Maps/PrototypeLevel.umap.
[2015.09.14-07.23.32:429][342]LoadErrors:Error: Error /Game/SSA/Maps/PrototypeLevel : Can't find file for asset. /Game/Geometry/Textures/humanShip_emissionmask
[2015.09.14-07.23.32:432][342]LogLinker:Warning: Can't find file '/Game/Geometry/Textures/humanShip_emissionmask'
[2015.09.14-07.23.32:432][342]LogLinker:Warning: Can't find file for asset '/Game/Geometry/Textures/humanShip_emissionmask' while loading ../../../../../../Users/luisr_000/Documents/Game-Files/SuperSpaceArmada/Content/SSA/Maps/PrototypeLevel.umap.
[2015.09.14-07.23.32:433][342]LogLinker:Warning: Can't find file '/Game/Geometry/Textures/humanShip_emissionmask'
[2015.09.14-07.23.32:433][342]LogLinker:Warning: Can't find file for asset '/Game/Geometry/Textures/humanShip_emissionmask' while loading NULL.
[2015.09.14-07.23.32:433][342]LogLinker:Warning: Can't find file '/Game/Geometry/Textures/humanShip_emissionmask'
[2015.09.14-07.23.32:433][342]LogLinker:Warning: Can't find file for asset '/Game/Geometry/Textures/humanShip_emissionmask' while loading NULL.
[2015.09.14-07.23.32:450][342]LogLinker:Warning: Can't find file '/Game/Geometry/Textures/humanShip_emissionmask'
[2015.09.14-07.23.32:450][342]LoadErrors: Info Failed to load /Game/Geometry/Textures/humanShip_emissionmask.humanShip_emissionmask Referenced by PersistentLevel
[2015.09.14-07.23.32:450][342]LogLinker:Warning: Can't find file for asset '/Game/Geometry/Textures/humanShip_emissionmask' while loading NULL.
[2015.09.14-07.23.32:764][342]LogMaterial: Missing cached shader map for material mainShip_low, compiling. 
[2015.09.14-07.23.32:765][342]LogMaterial:Warning: Failed to compile Material /Game/Geometry/Meshes/mainShip_low.mainShip_low for platform PCD3D_SM5, Default Material will be used in game.
[2015.09.14-07.23.32:765][342]LogMaterial:Warning: 	(Node TextureSample) TextureSample> Missing input texture
[2015.09.14-07.23.32:782][342]LogAIModule: Creating AISystem for world PrototypeLevel
[2015.09.14-07.23.32:794][342]LogEditorServer: Finished looking for orphan Actors (0.000 secs)
[2015.09.14-07.23.32:844][342]Cmd: MAP CHECKDEP NOCLEARLOG
[2015.09.14-07.23.32:895][342]MapCheck: Info Map check complete: 0 Error(s), 0 Warning(s), took 50.668ms to complete.
[2015.09.14-07.23.32:895][342]LogFileHelpers: Loading map 'PrototypeLevel' took 0.991
[2015.09.14-07.23.40:102][659]LogMaterial: Missing cached shader map for material mainShip_low, compiling. 
[2015.09.14-07.23.40:103][659]LogMaterial:Warning: Failed to compile Material /Engine/Transient.mainShip_low for platform PCD3D_SM5, Default Material will be used in game.
[2015.09.14-07.23.40:103][659]LogMaterial:Warning: 	(Node TextureSample) TextureSample> Missing input texture
[2015.09.14-07.23.40:201][659]LogMaterial: Missing cached shader map for material mainShip_low, compiling. 
[2015.09.14-07.23.40:201][659]LogMaterial:Warning: Failed to compile Material /Engine/Transient.mainShip_low for platform PCD3D_SM5, Default Material will be used in game.
[2015.09.14-07.23.40:201][659]LogMaterial:Warning: 	(Node TextureSample) TextureSample> Missing input texture
[2015.09.14-07.23.40:202][659]LogMaterial: 0.000071 seconds spent updating 1 materials, 1 interfaces, 0 instances, 0 with static permutations.
[2015.09.14-07.23.40:228][659]LogMaterial: Missing cached shader map for material FMatExpressionPreview MaterialExpressionTextureSample_12, compiling. 
[2015.09.14-07.23.40:234][659]LogMaterial: Missing cached shader map for material FMatExpressionPreview MaterialExpressionTextureSample_13, compiling. 
[2015.09.14-07.23.40:237][659]LogMaterial: Missing cached shader map for material FMatExpressionPreview MaterialExpressionTextureSample_17, compiling. 
[2015.09.14-07.23.40:240][659]LogMaterial: Missing cached shader map for material FMatExpressionPreview MaterialExpressionTextureSample_0, compiling. 
[2015.09.14-07.23.40:243][659]LogMaterial: Missing cached shader map for material FMatExpressionPreview MaterialExpressionTextureSample_20, compiling. 
[2015.09.14-07.23.40:246][659]LogMaterial: Missing cached shader map for material FMatExpressionPreview MaterialExpressionTextureSample_11, compiling. 
[2015.09.14-07.23.40:248][659]LogMaterial: Missing cached shader map for material FMatExpressionPreview MaterialExpressionTextureSample_1, compiling. 
[2015.09.14-07.23.40:251][659]LogMaterial: Missing cached shader map for material FMatExpressionPreview MaterialExpressionVectorParameter_6, compiling. 
[2015.09.14-07.23.40:254][659]LogMaterial: Missing cached shader map for material FMatExpressionPreview MaterialExpressionTextureSample_9, compiling. 
[2015.09.14-07.23.40:255][659]LogMaterial: Missing cached shader map for material FMatExpressionPreview MaterialExpressionVectorParameter_7, compiling. 
[2015.09.14-07.23.40:258][659]LogMaterial: Missing cached shader map for material FMatExpressionPreview MaterialExpressionTextureSample_10, compiling. 
[2015.09.14-07.23.40:260][659]MaterialEditorStats:Error: Error [SM5] (Node TextureSample) TextureSample> Missing input texture
[2015.09.14-07.23.46:030][881]LogEditorViewport: Clicking on Actor (LMB): StaticMeshActor (humanShip)
[2015.09.14-07.23.46:385][893]Cmd: CAMERA ALIGN ACTIVEVIEWPORTONLY
[2015.09.14-07.23.53:773][146]LogMaterial: Missing cached shader map for material mainShip_low, compiling. 
[2015.09.14-07.23.53:790][146]LogMaterial: 0.000154 seconds spent updating 1 materials, 1 interfaces, 0 instances, 0 with static permutations.
[2015.09.14-07.23.54:588][178]MaterialEditorStats: Info Base pass shader with only dynamic lighting: 58 instructions
[2015.09.14-07.23.54:588][178]MaterialEditorStats: Info Vertex shader: 33 instructions
[2015.09.14-07.23.54:588][178]MaterialEditorStats: Info Texture samplers: 6/16
[2015.09.14-07.23.56:922][270]LogMaterialEditor: Saving and Compiling material mainShip_low
[2015.09.14-07.23.57:547][270]LogMaterial: Missing cached shader map for material mainShip_low, compiling. 
[2015.09.14-07.23.57:567][270]LogMaterial: 0.000107 seconds spent updating 1 materials, 1 interfaces, 0 instances, 0 with static permutations.
[2015.09.14-07.23.57:613][270]LogMaterial: Missing cached shader map for material mainShip_low, compiling. 
[2015.09.14-07.23.57:644][270]LogMaterial: Missing cached shader map for material mainShip_low, compiling. 
[2015.09.14-07.23.57:653][270]LogMaterial: 0.000753 seconds spent updating 1 materials, 1 interfaces, 0 instances, 0 with static permutations.
[2015.09.14-07.23.59:538][270]Cmd: OBJ SAVEPACKAGE PACKAGE="/Game/Geometry/Meshes/mainShip_low" FILE="../../../../../../Users/luisr_000/Documents/Game-Files/SuperSpaceArmada/Content/Geometry/Meshes/mainShip_low.uasset" SILENT=true
[2015.09.14-07.23.59:561][270]LogSavePackage: Save=15.840344ms
[2015.09.14-07.23.59:561][270]LogSavePackage: Moving '../../../../../../Users/luisr_000/Documents/Game-Files/SuperSpaceArmada/Saved/mainShip_low68CE0F4E4F16D2355B74F88CCE0A60F4.tmp' to '../../../../../../Users/luisr_000/Documents/Game-Files/SuperSpaceArmada/Content/Geometry/Meshes/mainShip_low.uasset'
[2015.09.14-07.23.59:562][270]LogSavePackage: Total save time: 23.213543ms
[2015.09.14-07.23.59:562][270]LogSavePackage:Warning: Finished SavePackage ../../../../../../Users/luisr_000/Documents/Game-Files/SuperSpaceArmada/Content/Geometry/Meshes/mainShip_low.uasset
[2015.09.14-07.23.59:571][270]MaterialEditorStats: Info Base pass shader with only dynamic lighting: 77 instructions
[2015.09.14-07.23.59:571][270]MaterialEditorStats: Info Vertex shader: 33 instructions
[2015.09.14-07.23.59:571][270]MaterialEditorStats: Info Texture samplers: 9/16
[2015.09.14-07.24.04:723][505]LogWindows:Error: Windows GetLastError: The operation completed successfully. (0)
[2015.09.14-07.24.04:899][505]LogCrashTracker: 


[2015.09.14-07.24.04:899][505]LogCrashTracker: 


[2015.09.14-07.24.04:899][505]LogWindows: === Critical error: ===
Assertion failed: IsValid() [File:D:\BuildFarm\buildmachine_++depot+UE4-Releases+4.9\Engine\Source\Runtime\Core\Public\Templates\SharedPointer.h] [Line: 708] 





[2015.09.14-07.24.05:020][505]LogExit: Executing StaticShutdownAfterError
[2015.09.14-07.24.05:024][505]LogPhysics:Warning: PHYSX: ..\..\PhysX\src\NpScene.cpp (2946) 8 : PxScene::unlockWrite() called without matching call to PxScene::lockWrite(), behaviour will be undefined.
[2015.09.14-07.24.05:024][505]LogPhysics:Warning: PHYSX: ..\..\PhysX\src\NpScene.cpp (2946) 8 : PxScene::unlockWrite() called without matching call to PxScene::lockWrite(), behaviour will be undefined.
[2015.09.14-07.24.05:024][505]LogPhysics:Warning: PHYSX: ..\..\PhysX\src\NpScene.cpp (2946) 8 : PxScene::unlockWrite() called without matching call to PxScene::lockWrite(), behaviour will be undefined.
[2015.09.14-07.24.05:024][505]LogPhysics:Warning: PHYSX: ..\..\PhysX\src\NpScene.cpp (2946) 8 : PxScene::unlockWrite() called without matching call to PxScene::lockWrite(), behaviour will be undefined.
[2015.09.14-07.24.05:024][505]LogWindows: FPlatformMisc::RequestExit(1)
[2015.09.14-07.24.05:024][505]Log file closed, 09/14/15 03:24:05
