[2015.11.16-22.34.03:057][  0]Log file open, 11/16/15 17:34:03
[2015.11.16-22.34.03:057][  0]LogInit:Display: Running engine for game: SuperSpaceArmada
[2015.11.16-22.34.03:057][  0]LogInit:Display: RandInit(-1746134392) SRandInit(-1746134392).
[2015.11.16-22.34.03:057][  0]LogTaskGraph: Started task graph with 4 named threads and 7 total threads.
[2015.11.16-22.34.03:057][  0]LogStats: Stats thread started at 0.084407
[2015.11.16-22.34.03:057][  0]LogInit: Version: 4.9.1-2689999+++depot+UE4-Releases+4.9
[2015.11.16-22.34.03:057][  0]LogInit: API Version: 2672455
[2015.11.16-22.34.03:057][  0]LogInit: Compiled (64-bit): Sep 14 2015 04:12:03
[2015.11.16-22.34.03:057][  0]LogInit: Compiled with Visual C++: 18.00.21005.01
[2015.11.16-22.34.03:057][  0]LogInit: Build Configuration: Development
[2015.11.16-22.34.03:057][  0]LogInit: Branch Name: ++depot+UE4-Releases+4.9
[2015.11.16-22.34.03:057][  0]LogInit: Command line:  
[2015.11.16-22.34.03:057][  0]LogInit: Base directory: C:/Program Files/Epic Games/4.9/Engine/Binaries/Win64/
[2015.11.16-22.34.03:057][  0]LogInit: Rocket: 1
[2015.11.16-22.34.03:074][  0]LogInit: Using libcurl 7.41.0
[2015.11.16-22.34.03:074][  0]LogInit:  - built for x86_64-pc-win32
[2015.11.16-22.34.03:074][  0]LogInit:  - supports SSL with WinSSL
[2015.11.16-22.34.03:074][  0]LogInit:  - other features:
[2015.11.16-22.34.03:074][  0]LogInit:      CURL_VERSION_SSL
[2015.11.16-22.34.03:074][  0]LogInit:      CURL_VERSION_IPV6
[2015.11.16-22.34.03:074][  0]LogInit:      CURL_VERSION_ASYNCHDNS
[2015.11.16-22.34.03:074][  0]LogInit:      CURL_VERSION_LARGEFILE
[2015.11.16-22.34.03:074][  0]LogInit:      CURL_VERSION_IDN
[2015.11.16-22.34.03:074][  0]LogInit:  CurlRequestOptions (configurable via config and command line):
[2015.11.16-22.34.03:074][  0]LogInit:  - bVerifyPeer = true  - Libcurl will verify peer certificate
[2015.11.16-22.34.03:074][  0]LogInit:  - bUseHttpProxy = false  - Libcurl will NOT use HTTP proxy
[2015.11.16-22.34.03:074][  0]LogInit:  - bDontReuseConnections = false  - Libcurl will reuse connections
[2015.11.16-22.34.03:074][  0]LogInit:  - CertBundlePath = nullptr  - Libcurl will use whatever was configured at build time.
[2015.11.16-22.34.03:085][  0]LogInit: Presizing for 0 objects not considered by GC, pre-allocating 0 bytes.
[2015.11.16-22.34.03:093][  0]LogInit: Object subsystem initialized
[2015.11.16-22.34.03:094][  0]LogInit: Selected Device Profile: [Windows]
[2015.11.16-22.34.03:094][  0]LogInit: Applying CVar settings loaded from the selected device profile: [Windows]
[2015.11.16-22.34.03:102][  0]LogInit: Computer: EXIA
[2015.11.16-22.34.03:102][  0]LogInit: User: SGJin
[2015.11.16-22.34.03:102][  0]LogInit: CPU Page size=4096, Cores=4
[2015.11.16-22.34.03:102][  0]LogInit: High frequency timer resolution =2.338349 MHz
[2015.11.16-22.34.03:102][  0]LogMemory: Memory total: Physical=7.9GB (8GB approx)
[2015.11.16-22.34.03:102][  0]LogMemory: Platform Memory Stats for Windows
[2015.11.16-22.34.03:102][  0]LogMemory: Process Physical Memory: 54.85 MB used, 54.85 MB peak
[2015.11.16-22.34.03:102][  0]LogMemory: Process Virtual Memory: 55.29 MB used, 55.29 MB peak
[2015.11.16-22.34.03:102][  0]LogMemory: Physical Memory: 4836.26 MB used, 8124.02 MB total
[2015.11.16-22.34.03:102][  0]LogMemory: Virtual Memory: 350.18 MB used, 134217728.00 MB total
[2015.11.16-22.34.03:148][  0]LogTextLocalizationManager: No specific translations for ('en-US') exist, so ('en') translations will be used.
[2015.11.16-22.34.03:887][  0]LogD3D11RHI: Found D3D11 adapter 0: NVIDIA GeForce GT 740M          (Feature Level 11_0)
[2015.11.16-22.34.03:887][  0]LogD3D11RHI: Adapter has 1996MB of dedicated video memory, 0MB of dedicated system memory, and 4062MB of shared system memory, 1 output[s]
[2015.11.16-22.34.03:892][  0]LogD3D11RHI: Found D3D11 adapter 1: Intel(R) HD Graphics 4600 (Feature Level 11_0)
[2015.11.16-22.34.03:892][  0]LogD3D11RHI: Adapter has 112MB of dedicated video memory, 0MB of dedicated system memory, and 4062MB of shared system memory, 0 output[s]
[2015.11.16-22.34.03:894][  0]LogD3D11RHI: Found D3D11 adapter 2: Microsoft Basic Render Driver (Feature Level 11_0)
[2015.11.16-22.34.03:894][  0]LogD3D11RHI: Adapter has 0MB of dedicated video memory, 0MB of dedicated system memory, and 4062MB of shared system memory, 0 output[s]
[2015.11.16-22.34.03:894][  0]LogD3D11RHI: Chosen D3D11 Adapter Id = 0
[2015.11.16-22.34.03:902][  0]LogD3D11RHI: !Direct3DDevice
[2015.11.16-22.34.03:902][  0]LogRHI: Texture pool is 1361 MB (70% of 1945 MB)
[2015.11.16-22.34.03:915][  0]LogD3D11RHI: Async texture creation enabled
[2015.11.16-22.34.03:931][  0]LogShaderCompilers: Guid format shader working directory is 14 characters bigger than the processId version (../../../../../../Users/Jin/Documents/GitHub/Game-Files/SuperSpaceArmada/Intermediate/Shaders/WorkingDirectory/32576/).
[2015.11.16-22.34.03:932][  0]LogShaderCompilers: Cleaned the shader compiler working directory '../../../../../../Users/Jin/Documents/GitHub/Game-Files/SuperSpaceArmada/Intermediate/Shaders/tmp/C1F930364A51AD601F1683938EC2943C/'.
[2015.11.16-22.34.03:932][  0]LogShaderCompilers:Display: Using Local Shader Compiler.
[2015.11.16-22.34.04:988][  0]LogTemp:Display: Loaded TP AllDesktopTargetPlatform
[2015.11.16-22.34.04:995][  0]LogTemp:Display: Loaded TP WindowsClientTargetPlatform
[2015.11.16-22.34.05:001][  0]LogTemp:Display: Loaded TP WindowsNoEditorTargetPlatform
[2015.11.16-22.34.05:008][  0]LogTemp:Display: Loaded TP WindowsServerTargetPlatform
[2015.11.16-22.34.05:014][  0]LogTemp:Display: Loaded TP WindowsTargetPlatform
[2015.11.16-22.34.05:018][  0]LogTemp:Display: Loaded TP AndroidTargetPlatform
[2015.11.16-22.34.05:021][  0]LogTemp:Display: Loaded TP Android_ASTCTargetPlatform
[2015.11.16-22.34.05:025][  0]LogTemp:Display: Loaded TP Android_ATCTargetPlatform
[2015.11.16-22.34.05:029][  0]LogTemp:Display: Loaded TP Android_DXTTargetPlatform
[2015.11.16-22.34.05:033][  0]LogTemp:Display: Loaded TP Android_ETC1TargetPlatform
[2015.11.16-22.34.05:038][  0]LogTemp:Display: Loaded TP Android_ETC2TargetPlatform
[2015.11.16-22.34.05:042][  0]LogTemp:Display: Loaded TP Android_PVRTCTargetPlatform
[2015.11.16-22.34.05:042][  0]LogTemp:Display: Loaded TP HTML5TargetPlatform
[2015.11.16-22.34.05:061][  0]LogTemp:Display: Loaded TP IOSTargetPlatform
[2015.11.16-22.34.05:065][  0]LogTemp:Display: Loaded TP LinuxNoEditorTargetPlatform
[2015.11.16-22.34.05:069][  0]LogTemp:Display: Loaded TP LinuxServerTargetPlatform
[2015.11.16-22.34.05:073][  0]LogTemp:Display: Loaded TP LinuxTargetPlatform
[2015.11.16-22.34.05:073][  0]LogTargetPlatformManager:Display: Building Assets For Windows
[2015.11.16-22.34.05:180][  0]LogDerivedDataCache:Display: Max Cache Size: 512 MB
[2015.11.16-22.34.05:223][  0]LogDerivedDataCache: Loaded boot cache 0.04s 41MB C:/Users/Jin/AppData/Local/UnrealEngine/4.9/DerivedDataCache/Boot.ddc.
[2015.11.16-22.34.05:223][  0]LogDerivedDataCache:Display: Loaded Boot cache: C:/Users/Jin/AppData/Local/UnrealEngine/4.9/DerivedDataCache/Boot.ddc
[2015.11.16-22.34.05:224][  0]LogDerivedDataCache: FDerivedDataBackendGraph:  Pak pak cache file ../../../../../../Users/Jin/Documents/GitHub/Game-Files/SuperSpaceArmada/DerivedDataCache/DDC.ddp not found, will not use a pak cache.
[2015.11.16-22.34.05:224][  0]LogDerivedDataCache: Unable to find inner node Pak for hierarchical cache Hierarchy.
[2015.11.16-22.34.05:224][  0]LogDerivedDataCache: FDerivedDataBackendGraph:  CompressedPak pak cache file ../../../../../../Users/Jin/Documents/GitHub/Game-Files/SuperSpaceArmada/DerivedDataCache/Compressed.ddp not found, will not use a pak cache.
[2015.11.16-22.34.05:224][  0]LogDerivedDataCache: Unable to find inner node CompressedPak for hierarchical cache Hierarchy.
[2015.11.16-22.34.05:359][  0]LogDerivedDataCache:Display: Pak cache opened for reading ../../../Engine/DerivedDataCache/Compressed.ddp.
[2015.11.16-22.34.05:371][  0]LogDerivedDataCache: Using Local data cache path C:/Users/Jin/AppData/Local/UnrealEngine/Common/DerivedDataCache: Writable
[2015.11.16-22.34.05:588][  0]LogInit: Selected Device Profile: [Windows]
[2015.11.16-22.34.05:591][  0]LogContentStreaming: Texture pool size is 0.000000MB
[2015.11.16-22.34.05:717][  0]LogMeshUtilities: No automatic mesh reduction module available
[2015.11.16-22.34.05:717][  0]LogMeshUtilities: No automatic mesh merging module available
[2015.11.16-22.34.05:959][  0]LogInit: WinSock: version 1.1 (2.2), MaxSocks=32767, MaxUdp=65467
[2015.11.16-22.34.06:909][  0]LogAssetRegistry: FAssetRegistry took 0.0105 seconds to start up
[2015.11.16-22.34.06:928][  0]UdpMessaging: Initializing bridge on interface 0.0.0.0:0 to multicast group 230.0.0.1:6666.
[2015.11.16-22.34.06:929][  0]FUdpSocketBuilder: Failed to create the socket UdpMessageMulticastSocket as configured
[2015.11.16-22.34.06:929][  0]UdpMessageTransport.StartTransport: Failed to create multicast socket on 0.0.0.0:0, joined to 230.0.0.1:6666 with TTL 1
[2015.11.16-22.34.07:181][  0]SourceControl: Info Source control is disabled
[2015.11.16-22.34.07:441][  0]SourceControl: Info Source control is disabled
[2015.11.16-22.34.07:455][  0]SourceControl: Info Source control is disabled
[2015.11.16-22.34.07:468][  0]SourceControl: Info Source control is disabled
[2015.11.16-22.34.07:654][  0]LogLinker:Warning: Asset '../../../Engine/Plugins/Runtime/LeapMotionController/Content/LM_PassthroughMaterial.uasset' has been saved with empty engine version. The asset will be loaded but may be incompatible.
[2015.11.16-22.34.07:767][  0]LogObj: 28528 objects as part of root set at end of initial load.
[2015.11.16-22.34.07:767][  0]LogUObjectAllocator: 6068464 out of 0 bytes used by permanent object pool.
[2015.11.16-22.34.07:823][  0]LogEngine: Initializing Engine...
[2015.11.16-22.34.07:827][  0]LogHMD: Can't find Oculus library dev build: is proper Runtime installed? Version: 0.7.0.0
[2015.11.16-22.34.07:827][  0]LogHMD: SteamVR failed to initialize.  Err: 110
[2015.11.16-22.34.07:940][  0]LogAIModule: Creating AISystem for world NewWorld
[2015.11.16-22.34.07:949][  0]LogInit: XAudio2 using 'Speakers / HP (IDT High Definition Audio CODEC)' : 2 channels at 48 kHz using 16 bits per sample (channel mask 0x3)
[2015.11.16-22.34.07:963][  0]LogInit: FAudioDevice initialized.
[2015.11.16-22.34.07:983][  0]LogDerivedDataCache: Saved boot cache 0.02s 41MB C:/Users/Jin/AppData/Local/UnrealEngine/4.9/DerivedDataCache/Boot.ddc.
[2015.11.16-22.34.07:985][  0]LogInit: Texture streaming: Enabled
[2015.11.16-22.34.07:993][  0]LogAnalytics: Creating configured Analytics provider AnalyticsET
[2015.11.16-22.34.07:993][  0]LogAnalytics: [UEEditor.Rocket.Release] APIServer = http://et2.epicgames.com/ET2/. AppVersion = 4.9.1-2689999+++depot+UE4-Releases+4.9
[2015.11.16-22.34.07:993][  0]LogAnalytics: [UEEditor.Rocket.Release] SetUserId 435ea4a8489b84c6f4feaab84cbae6c8|e03effeb7bdf4ddc9c712682a578c51b|8a2a019e-36d5-4c55-97e1-833141022920
[2015.11.16-22.34.07:993][  0]LogAnalytics: [UEEditor.Rocket.Release] AnalyticsET::StartSession
[2015.11.16-22.34.08:019][  0]LogWindowsTextInputMethodSystem:Display: IME system now deactivated.
[2015.11.16-22.34.08:073][  0]LogInit: Transaction tracking system initialized
[2015.11.16-22.34.08:110][  0]BlueprintLog: New page: Editor Load
[2015.11.16-22.34.08:222][  0]LocalizationService: Info Localization service is disabled
[2015.11.16-22.34.08:323][  0]LogConsoleResponse:Display: 
[2015.11.16-22.34.08:436][  0]LogCook:Display: Done creating registry. It took  0.00s.
[2015.11.16-22.34.08:502][  0]LogFileCache: Scanning file cache for directory 'C:/Users/Jin/Documents/GitHub/Game-Files/SuperSpaceArmada/Content/' took 0.02s
[2015.11.16-22.34.08:508][  0]SourceControl: Info Source control is disabled
[2015.11.16-22.34.08:508][  0]Cmd: MAP LOAD FILE="../../../../../../Users/Jin/Documents/GitHub/Game-Files/SuperSpaceArmada/Content/SSA/Maps/Home_Kratakos.umap" TEMPLATE=0 SHOWPROGRESS=1 FEATURELEVEL=3
[2015.11.16-22.34.08:508][  0]LightingResults: New page: Lighting Build
[2015.11.16-22.34.08:512][  0]MapCheck: New page: Map Check
[2015.11.16-22.34.08:513][  0]LightingResults: New page: Lighting Build
[2015.11.16-22.34.08:523][  0]LogParticles: Destroying 0 GPU particle simulations for FXSystem 0x000000E089625620
[2015.11.16-22.34.08:598][  0]LogLinker:Warning: Asset '../../../../../../Users/Jin/Documents/GitHub/Game-Files/SuperSpaceArmada/Content/Mannequin/Animations/ThirdPerson_AnimBP.uasset' has been saved with empty engine version. The asset will be loaded but may be incompatible.
[2015.11.16-22.34.08:600][  0]LogLinker:Warning: Asset '../../../../../../Users/Jin/Documents/GitHub/Game-Files/SuperSpaceArmada/Content/Mannequin/Animations/ThirdPerson_Jump.uasset' has been saved with empty engine version. The asset will be loaded but may be incompatible.
[2015.11.16-22.34.08:602][  0]LogLinker:Warning: Asset '../../../../../../Users/Jin/Documents/GitHub/Game-Files/SuperSpaceArmada/Content/Mannequin/Animations/ThirdPersonJump_Loop.uasset' has been saved with empty engine version. The asset will be loaded but may be incompatible.
[2015.11.16-22.34.08:603][  0]LogLinker:Warning: Asset '../../../../../../Users/Jin/Documents/GitHub/Game-Files/SuperSpaceArmada/Content/Mannequin/Animations/ThirdPersonJump_Start.uasset' has been saved with empty engine version. The asset will be loaded but may be incompatible.
[2015.11.16-22.34.08:604][  0]LogLinker:Warning: Asset '../../../../../../Users/Jin/Documents/GitHub/Game-Files/SuperSpaceArmada/Content/Mannequin/Animations/ThirdPerson_IdleRun_2D.uasset' has been saved with empty engine version. The asset will be loaded but may be incompatible.
[2015.11.16-22.34.08:604][  0]LogLinker:Warning: Asset '../../../../../../Users/Jin/Documents/GitHub/Game-Files/SuperSpaceArmada/Content/Mannequin/Animations/ThirdPersonIdle.uasset' has been saved with empty engine version. The asset will be loaded but may be incompatible.
[2015.11.16-22.34.08:606][  0]LogLinker:Warning: Asset '../../../../../../Users/Jin/Documents/GitHub/Game-Files/SuperSpaceArmada/Content/Mannequin/Animations/ThirdPersonRun.uasset' has been saved with empty engine version. The asset will be loaded but may be incompatible.
[2015.11.16-22.34.08:607][  0]LogLinker:Warning: Asset '../../../../../../Users/Jin/Documents/GitHub/Game-Files/SuperSpaceArmada/Content/Mannequin/Animations/ThirdPersonWalk.uasset' has been saved with empty engine version. The asset will be loaded but may be incompatible.
[2015.11.16-22.34.11:915][  0]LogLinker:Warning: Can't find file '/Game/Geometry/Meshes/1M_Cube'
[2015.11.16-22.34.11:915][  0]LogLinker:Warning: Can't find file for asset '/Game/Geometry/Meshes/1M_Cube' while loading ../../../../../../Users/Jin/Documents/GitHub/Game-Files/SuperSpaceArmada/Content/SSA/Blueprints/Objects/Crystal_Spawner.uasset.
[2015.11.16-22.34.11:915][  0]LoadErrors:Error: Error /Game/SSA/Blueprints/Objects/Crystal_Spawner : Can't find file for asset. /Game/Geometry/Meshes/1M_Cube
[2015.11.16-22.34.11:916][  0]LogLinker:Warning: Can't find file '/Game/Geometry/Meshes/1M_Cube'
[2015.11.16-22.34.11:916][  0]LogLinker:Warning: Can't find file for asset '/Game/Geometry/Meshes/1M_Cube' while loading ../../../../../../Users/Jin/Documents/GitHub/Game-Files/SuperSpaceArmada/Content/SSA/Blueprints/Objects/Crystal_Spawner.uasset.
[2015.11.16-22.34.11:916][  0]LoadErrors:Error: Error /Game/SSA/Blueprints/Objects/Crystal_Spawner : Can't find file for asset. /Game/Geometry/Meshes/1M_Cube
[2015.11.16-22.34.11:918][  0]LogLinker:Warning: Can't find file '/Game/Geometry/Meshes/1M_Cube'
[2015.11.16-22.34.11:918][  0]LogLinker:Warning: Can't find file for asset '/Game/Geometry/Meshes/1M_Cube' while loading ../../../../../../Users/Jin/Documents/GitHub/Game-Files/SuperSpaceArmada/Content/SSA/Maps/Home_Kratakos.umap.
[2015.11.16-22.34.11:918][  0]LoadErrors:Error: Error /Game/SSA/Maps/Home_Kratakos : Can't find file for asset. /Game/Geometry/Meshes/1M_Cube
[2015.11.16-22.34.11:918][  0]LogLinker:Warning: Can't find file '/Game/Geometry/Meshes/1M_Cube'
[2015.11.16-22.34.11:918][  0]LogLinker:Warning: Can't find file for asset '/Game/Geometry/Meshes/1M_Cube' while loading ../../../../../../Users/Jin/Documents/GitHub/Game-Files/SuperSpaceArmada/Content/SSA/Maps/Home_Kratakos.umap.
[2015.11.16-22.34.11:918][  0]LoadErrors:Error: Error /Game/SSA/Maps/Home_Kratakos : Can't find file for asset. /Game/Geometry/Meshes/1M_Cube
[2015.11.16-22.34.11:919][  0]LogLinker:Warning: Can't find file '/Game/Geometry/Meshes/1M_Cube'
[2015.11.16-22.34.11:919][  0]LoadErrors: Info Failed to load /Game/Geometry/Meshes/1M_Cube.1M_Cube Referenced by StaticMeshComponent0
[2015.11.16-22.34.11:919][  0]LogLinker:Warning: Can't find file for asset '/Game/Geometry/Meshes/1M_Cube' while loading ../../../../../../Users/Jin/Documents/GitHub/Game-Files/SuperSpaceArmada/Content/SSA/Maps/Home_Kratakos.umap.
[2015.11.16-22.34.11:919][  0]LoadErrors: Info Failed to load /Game/Geometry/Meshes/1M_Cube.1M_Cube Referenced by StaticMeshComponent0
[2015.11.16-22.34.11:919][  0]LoadErrors:Error: Error /Game/SSA/Maps/Home_Kratakos : Can't find file for asset. /Game/Geometry/Meshes/1M_Cube
[2015.11.16-22.34.12:763][  0]LogMaterial: Missing cached shader map for material lambert1, compiling. 
[2015.11.16-22.34.12:763][  0]LogMaterial:Warning: Failed to compile Material /Game/Geometry/Meshes/KratakosFrigate/lambert1.lambert1 for platform PCD3D_SM5, Default Material will be used in game.
[2015.11.16-22.34.12:763][  0]LogMaterial:Warning: 	(Node TextureSample) TextureSample> Missing input texture
[2015.11.16-22.34.13:140][  0]LogAIModule: Creating AISystem for world Home_Kratakos
[2015.11.16-22.34.13:147][  0]LogEditorServer: Finished looking for orphan Actors (0.000 secs)
[2015.11.16-22.34.13:148][  0]Cmd: MAP CHECKDEP NOCLEARLOG
[2015.11.16-22.34.13:342][  0]MapCheck: Info Map check complete: 0 Error(s), 0 Warning(s), took 193.327ms to complete.
[2015.11.16-22.34.13:342][  0]LogFileHelpers: Loading map 'Home_Kratakos' took 4.834
[2015.11.16-22.34.13:440][  0]LogCollectionManager: Loaded 0 collections in 0.002772 seconds
[2015.11.16-22.34.13:481][  0]LogFileCache: Scanning file cache for directory 'C:/Users/Jin/Documents/GitHub/Game-Files/SuperSpaceArmada/Saved/Collections/' took 0.01s
[2015.11.16-22.34.13:481][  0]LogFileCache: Scanning file cache for directory 'C:/Users/Jin/Documents/GitHub/Game-Files/SuperSpaceArmada/Content/Developers/SGJin/Collections/' took 0.01s
[2015.11.16-22.34.13:481][  0]LogFileCache: Scanning file cache for directory 'C:/Users/Jin/Documents/GitHub/Game-Files/SuperSpaceArmada/Content/Collections/' took 0.01s
[2015.11.16-22.34.13:481][  0]LogContentBrowser: Native class hierarchy populated in 0.0074 seconds. Added 1882 classes and 339 folders.
[2015.11.16-22.34.13:486][  0]LogCollectionManager: Rebuilt the GUID cache for 0 collections in 0.000003 seconds
[2015.11.16-22.34.13:493][  0]LogContentBrowser: Native class hierarchy updated for 'WidgetCarousel' in 0.0003 seconds. Added 0 classes and 0 folders.
[2015.11.16-22.34.13:551][  0]LogContentBrowser: Native class hierarchy updated for 'AddContentDialog' in 0.0003 seconds. Added 0 classes and 0 folders.
[2015.11.16-22.34.13:556][  0]LogContentBrowser: Native class hierarchy updated for 'SceneOutliner' in 0.0004 seconds. Added 1 classes and 2 folders.
[2015.11.16-22.34.13:657][  0]LogCrashTracker: Crashtracker disabled due to settings.
[2015.11.16-22.34.13:662][  0]LogUObjectGlobals:Warning: Failed to find object 'Class None.'
[2015.11.16-22.34.13:685][  0]LogLoad: Full Startup: 11.22 seconds (BP compile: 1.63 seconds)
[2015.11.16-22.34.13:703][  0]LoadErrors:Error: Error /Game/SSA/Blueprints/Player : Failed import for Player_C /Game/SSA/Blueprints/Player/Player.Default__Player_C
[2015.11.16-22.34.13:760][  0]LogContentStreaming: Texture pool size now 1000 MB
[2015.11.16-22.34.13:898][  0]LogRenderer: Reallocating scene render targets to support 1156x564 (Frame:2).
[2015.11.16-22.34.14:946][ 18]LogAssetRegistry: Asset discovery search completed in 8.0473 seconds
[2015.11.16-22.34.14:946][ 18]LogCollectionManager: Rebuilt the object cache for 0 collections in 0.000001 seconds (found 0 objects)
[2015.11.16-22.34.14:946][ 18]LogCollectionManager: Fixed up redirectors for 0 collections in 0.000028 seconds (updated 0 objects)
[2015.11.16-22.38.20:540][418]LogContentBrowser: Native class hierarchy updated for 'Cascade' in 0.0011 seconds. Added 2 classes and 2 folders.
[2015.11.16-22.38.32:196][690]LogCascade: Quitting Cascade. FXSystem=0x000000E088B13D80
[2015.11.16-22.38.51:707][247]LogRenderer: Reallocating scene render targets to support 1432x924 (Frame:8597).
[2015.11.16-22.39.22:516][860]LogPhysics:Warning: FConstraintInstance::GetRefFrame : Contained scale.
[2015.11.16-22.39.22:516][860]LogPhysics:Warning: FConstraintInstance::GetRefFrame : Contained scale.
[2015.11.16-22.39.22:516][860]LogPhysics:Warning: FConstraintInstance::GetRefFrame : Contained scale.
[2015.11.16-22.39.22:516][860]LogPhysics:Warning: FConstraintInstance::GetRefFrame : Contained scale.
[2015.11.16-22.39.22:516][860]LogSkeletalMesh: InitArticulated: Bodies already created (/Engine/Transient.DebugSkelMeshComponent_0) - call TermArticulated first.
[2015.11.16-22.39.22:602][860]LogUObjectGlobals:Warning: Failed to find object 'Object /Engine/Tutorial/SubEditors/PersonaAnimEditorTutorial.PersonaAnimEditorTutorial_C'
[2015.11.16-22.40.42:469][ 33]LogParticles: Destroying 0 GPU particle simulations for FXSystem 0x000000E0936BDB20
[2015.11.16-22.40.42:469][ 33]LogParticles: Destroying 0 GPU particle simulations for FXSystem 0x000000E0936BD620
[2015.11.16-22.40.42:469][ 33]LogParticles: Destroying 0 GPU particle simulations for FXSystem 0x000000E095C107C0
[2015.11.16-22.40.42:470][ 33]LogParticles: Destroying 0 GPU particle simulations for FXSystem 0x000000E088B13D80
[2015.11.16-22.40.42:619][ 33]LogSavePackage: Save=121.747864ms
[2015.11.16-22.40.42:619][ 33]LogSavePackage: Moving '../../../../../../Users/Jin/Documents/GitHub/Game-Files/SuperSpaceArmada/Saved/Home_KratakosF4DE3204425BF906AE6272BA723A2C88.tmp' to '../../../../../../Users/Jin/Documents/GitHub/Game-Files/SuperSpaceArmada/Content/SSA/Maps/Home_Kratakos.umap'
[2015.11.16-22.40.42:621][ 33]LogSavePackage: Total save time: 148.507345ms
[2015.11.16-22.40.42:621][ 33]LogSavePackage:Warning: Finished SavePackage ../../../../../../Users/Jin/Documents/GitHub/Game-Files/SuperSpaceArmada/Content/SSA/Maps/Home_Kratakos.umap
[2015.11.16-22.41.16:566][968]LogSkeletalMesh: InitArticulated: Bodies already created (/Engine/Transient.DebugSkelMeshComponent_1) - call TermArticulated first.
[2015.11.16-22.41.16:584][968]LogUObjectGlobals:Warning: Failed to find object 'Object /Engine/Tutorial/SubEditors/PersonaAnimEditorTutorial.PersonaAnimEditorTutorial_C'
[2015.11.16-22.41.51:757][630]LogSkeletalMesh: InitArticulated: Bodies already created (/Engine/Transient.DebugSkelMeshComponent_2) - call TermArticulated first.
[2015.11.16-22.41.51:772][630]LogUObjectGlobals:Warning: Failed to find object 'Object /Engine/Tutorial/SubEditors/PersonaAnimEditorTutorial.PersonaAnimEditorTutorial_C'
[2015.11.16-22.41.57:792][761]LogSkeletalMesh: InitArticulated: Bodies already created (/Engine/Transient.DebugSkelMeshComponent_3) - call TermArticulated first.
[2015.11.16-22.41.57:808][761]LogUObjectGlobals:Warning: Failed to find object 'Object /Engine/Tutorial/SubEditors/PersonaAnimEditorTutorial.PersonaAnimEditorTutorial_C'
[2015.11.16-22.42.07:076][967]LogSkeletalMesh: InitArticulated: Bodies already created (/Engine/Transient.DebugSkelMeshComponent_4) - call TermArticulated first.
[2015.11.16-22.42.07:091][967]LogUObjectGlobals:Warning: Failed to find object 'Object /Engine/Tutorial/SubEditors/PersonaAnimEditorTutorial.PersonaAnimEditorTutorial_C'
[2015.11.16-22.42.16:204][132]LogSkeletalMesh: InitArticulated: Bodies already created (/Engine/Transient.DebugSkelMeshComponent_5) - call TermArticulated first.
[2015.11.16-22.42.16:220][132]LogUObjectGlobals:Warning: Failed to find object 'Object /Engine/Tutorial/SubEditors/PersonaAnimEditorTutorial.PersonaAnimEditorTutorial_C'
[2015.11.16-22.42.18:175][162]LogMaterial: Missing cached shader map for material darkclouds, compiling. 
[2015.11.16-22.42.18:306][162]LogMaterial: Missing cached shader map for material darkclouds, compiling. 
[2015.11.16-22.42.18:318][162]LogMaterial: 0.000080 seconds spent updating 1 materials, 1 interfaces, 0 instances, 0 with static permutations.
[2015.11.16-22.42.18:405][162]LogMaterial: Missing cached shader map for material FMatExpressionPreview MaterialExpressionVectorParameter_1, compiling. 
[2015.11.16-22.42.22:470][256]MaterialEditorStats: Info Base pass shader with only dynamic lighting: 31 instructions
[2015.11.16-22.42.22:470][256]MaterialEditorStats: Info Vertex shader: 31 instructions
[2015.11.16-22.42.22:470][256]MaterialEditorStats: Info Texture samplers: 0/16
[2015.11.16-22.42.34:762][858]LogMaterial: Missing cached shader map for material darkclouds, compiling. 
[2015.11.16-22.42.34:778][858]LogMaterial: 0.000079 seconds spent updating 1 materials, 1 interfaces, 0 instances, 0 with static permutations.
[2015.11.16-22.42.34:779][858]LogMaterial: Missing cached shader map for material FMatExpressionPreview MaterialExpressionTextureSample_0, compiling. 
[2015.11.16-22.42.37:832][933]MaterialEditorStats: Info Base pass shader with only dynamic lighting: 31 instructions
[2015.11.16-22.42.37:832][933]MaterialEditorStats: Info Vertex shader: 31 instructions
[2015.11.16-22.42.37:832][933]MaterialEditorStats: Info Texture samplers: 0/16
[2015.11.16-22.42.45:490][358]LogMaterial: Missing cached shader map for material darkclouds, compiling. 
[2015.11.16-22.42.45:502][358]LogMaterial: 0.000181 seconds spent updating 1 materials, 1 interfaces, 0 instances, 0 with static permutations.
[2015.11.16-22.42.45:538][358]LogMaterial: Missing cached shader map for material FMatExpressionPreview MaterialExpressionTextureSample_0, compiling. 
[2015.11.16-22.42.48:218][423]MaterialEditorStats: Info Base pass shader with only dynamic lighting: 31 instructions
[2015.11.16-22.42.48:218][423]MaterialEditorStats: Info Vertex shader: 31 instructions
[2015.11.16-22.42.48:218][423]MaterialEditorStats: Info Texture samplers: 0/16
[2015.11.16-22.42.51:982][554]LogMaterial: Missing cached shader map for material darkclouds, compiling. 
[2015.11.16-22.42.51:995][554]LogMaterial: 0.000102 seconds spent updating 1 materials, 1 interfaces, 0 instances, 0 with static permutations.
[2015.11.16-22.42.52:024][554]LogMaterial: Missing cached shader map for material FMatExpressionPreview MaterialExpressionTextureSample_0, compiling. 
[2015.11.16-22.42.54:930][632]MaterialEditorStats: Info Base pass shader with only dynamic lighting: 32 instructions
[2015.11.16-22.42.54:930][632]MaterialEditorStats: Info Vertex shader: 33 instructions
[2015.11.16-22.42.54:930][632]MaterialEditorStats: Info Texture samplers: 1/16
[2015.11.16-22.43.43:701][826]LogLinker:Warning: Asset '../../../Engine/Content/ArtTools/RenderToTexture/Macros/RenderToTextureMacros.uasset' has been saved with empty engine version. The asset will be loaded but may be incompatible.
[2015.11.16-22.43.44:142][826]LogContentBrowser: Native class hierarchy updated for 'BlueprintGraph' in 0.0007 seconds. Added 107 classes and 0 folders.
[2015.11.16-22.46.05:740][ 43]LogUnrealMath: Expression Error : No value recognized
[2015.11.16-22.46.05:740][ 43]LogUnrealMath: Expression Error : Error in expression
[2015.11.16-22.46.17:236][274]LogSavePackage: Save=19.867008ms
[2015.11.16-22.46.17:236][274]LogSavePackage: Moving '../../../../../../Users/Jin/Documents/GitHub/Game-Files/SuperSpaceArmada/Saved/Kratakos_PlanetB3170B154BDCC5B1DEDC3E9807907C7B.tmp' to '../../../../../../Users/Jin/Documents/GitHub/Game-Files/SuperSpaceArmada/Content/Geometry/Meshes/KratakosPlanet/Kratakos_Planet.uasset'
[2015.11.16-22.46.17:238][274]LogSavePackage: Total save time: 22.981171ms
[2015.11.16-22.46.17:238][274]LogSavePackage:Warning: Finished SavePackage ../../../../../../Users/Jin/Documents/GitHub/Game-Files/SuperSpaceArmada/Content/Geometry/Meshes/KratakosPlanet/Kratakos_Planet.uasset
[2015.11.16-22.46.59:361][ 77]LogSavePackage: Save=17.575220ms
[2015.11.16-22.46.59:361][ 77]LogSavePackage: Moving '../../../../../../Users/Jin/Documents/GitHub/Game-Files/SuperSpaceArmada/Saved/Kratakos_Planet332B5F74489CC8BD9E024E9716B28299.tmp' to '../../../../../../Users/Jin/Documents/GitHub/Game-Files/SuperSpaceArmada/Content/Geometry/Meshes/KratakosPlanet/Kratakos_Planet.uasset'
[2015.11.16-22.46.59:364][ 77]LogSavePackage: Total save time: 37.094548ms
[2015.11.16-22.46.59:364][ 77]LogSavePackage:Warning: Finished SavePackage ../../../../../../Users/Jin/Documents/GitHub/Game-Files/SuperSpaceArmada/Content/Geometry/Meshes/KratakosPlanet/Kratakos_Planet.uasset
[2015.11.16-22.47.10:378][291]LogSlate:Warning: Prevented a slow task dialog from being summoned while a context menu was open
[2015.11.16-22.47.32:123][915]LogParticles: Destroying 0 GPU particle simulations for FXSystem 0x000000E0957136A0
[2015.11.16-22.47.32:123][915]LogParticles: Destroying 0 GPU particle simulations for FXSystem 0x000000E0FD3A0400
[2015.11.16-22.47.32:123][915]LogParticles: Destroying 0 GPU particle simulations for FXSystem 0x000000E0FD3A3BA0
[2015.11.16-22.47.32:123][915]LogParticles: Destroying 0 GPU particle simulations for FXSystem 0x000000E0963865C0
[2015.11.16-22.47.32:124][915]LogParticles: Destroying 0 GPU particle simulations for FXSystem 0x000000E096386E80
[2015.11.16-22.47.32:124][915]LogParticles: Destroying 0 GPU particle simulations for FXSystem 0x000000E0FD3A2D40
[2015.11.16-22.47.32:124][915]LogParticles: Destroying 0 GPU particle simulations for FXSystem 0x000000E0FD3A0900
[2015.11.16-22.47.32:124][915]LogParticles: Destroying 0 GPU particle simulations for FXSystem 0x000000E0FD3A02C0
[2015.11.16-22.47.32:124][915]LogParticles: Destroying 0 GPU particle simulations for FXSystem 0x000000E0FD3A1E40
[2015.11.16-22.47.32:124][915]LogParticles: Destroying 0 GPU particle simulations for FXSystem 0x000000E096385760
[2015.11.16-22.47.32:125][915]LogParticles: Destroying 0 GPU particle simulations for FXSystem 0x000000E096384FE0
[2015.11.16-22.47.32:222][915]LogSavePackage: Save=17.987049ms
[2015.11.16-22.47.32:222][915]LogSavePackage: Moving '../../../../../../Users/Jin/Documents/GitHub/Game-Files/SuperSpaceArmada/Saved/P_Vultaari_Thruster21A527CF436CE276256CD299F083A278.tmp' to '../../../../../../Users/Jin/Documents/GitHub/Game-Files/SuperSpaceArmada/Content/Effects/Particles/P_Vultaari_Thruster.uasset'
[2015.11.16-22.47.32:228][915]LogSavePackage: Total save time: 37.118927ms
[2015.11.16-22.47.32:228][915]LogSavePackage:Warning: Finished SavePackage ../../../../../../Users/Jin/Documents/GitHub/Game-Files/SuperSpaceArmada/Content/Effects/Particles/P_Vultaari_Thruster.uasset
[2015.11.16-22.47.32:296][915]LogSavePackage: Save=17.915205ms
[2015.11.16-22.47.32:296][915]LogSavePackage: Moving '../../../../../../Users/Jin/Documents/GitHub/Game-Files/SuperSpaceArmada/Saved/Kratakos_Planet025E226B49167F4BC3EA45A0F5441308.tmp' to '../../../../../../Users/Jin/Documents/GitHub/Game-Files/SuperSpaceArmada/Content/Geometry/Meshes/KratakosPlanet/Kratakos_Planet.uasset'
[2015.11.16-22.47.32:299][915]LogSavePackage: Total save time: 32.441691ms
[2015.11.16-22.47.32:299][915]LogSavePackage:Warning: Finished SavePackage ../../../../../../Users/Jin/Documents/GitHub/Game-Files/SuperSpaceArmada/Content/Geometry/Meshes/KratakosPlanet/Kratakos_Planet.uasset
[2015.11.16-22.47.58:770][313]LogSavePackage: Save=18.187618ms
[2015.11.16-22.47.58:770][313]LogSavePackage: Moving '../../../../../../Users/Jin/Documents/GitHub/Game-Files/SuperSpaceArmada/Saved/Kratakos_PlanetD8301D9A4473BD5D8CC7B18882B59E06.tmp' to '../../../../../../Users/Jin/Documents/GitHub/Game-Files/SuperSpaceArmada/Content/Geometry/Meshes/KratakosPlanet/Kratakos_Planet.uasset'
[2015.11.16-22.47.58:773][313]LogSavePackage: Total save time: 33.595499ms
[2015.11.16-22.47.58:773][313]LogSavePackage:Warning: Finished SavePackage ../../../../../../Users/Jin/Documents/GitHub/Game-Files/SuperSpaceArmada/Content/Geometry/Meshes/KratakosPlanet/Kratakos_Planet.uasset
[2015.11.16-22.51.03:599][ 32]LogSavePackage: Save=44.419376ms
[2015.11.16-22.51.03:599][ 32]LogSavePackage: Moving '../../../../../../Users/Jin/Documents/GitHub/Game-Files/SuperSpaceArmada/Saved/Kratakos_PlanetDC7F9294414BACD7DDE4C38F1CFA902C.tmp' to '../../../../../../Users/Jin/Documents/GitHub/Game-Files/SuperSpaceArmada/Content/Geometry/Meshes/KratakosPlanet/Kratakos_Planet.uasset'
[2015.11.16-22.51.03:623][ 32]LogSavePackage: Total save time: 139.049388ms
[2015.11.16-22.51.03:623][ 32]LogSavePackage:Warning: Finished SavePackage ../../../../../../Users/Jin/Documents/GitHub/Game-Files/SuperSpaceArmada/Content/Geometry/Meshes/KratakosPlanet/Kratakos_Planet.uasset
[2015.11.16-22.51.28:817][557]LogParticles: Destroying 0 GPU particle simulations for FXSystem 0x000000E0D5104720
[2015.11.16-22.51.29:269][557]LogWindowsTextInputMethodSystem:Display: IME system now deactivated.
[2015.11.16-22.51.29:867][558]Cmd: QUIT_EDITOR
[2015.11.16-22.51.30:705][558]LogExit: Preparing to exit.
[2015.11.16-22.51.31:991][558]LogExit: Editor shut down
[2015.11.16-22.51.31:992][558]LogExit: Transaction tracking system shut down
[2015.11.16-22.51.32:023][558]LogParticles: Destroying 0 GPU particle simulations for FXSystem 0x000000E09712F6A0
[2015.11.16-22.51.32:057][558]LogParticles: Destroying 0 GPU particle simulations for FXSystem 0x000000E09F2649A0
[2015.11.16-22.51.32:058][558]LogParticles: Destroying 0 GPU particle simulations for FXSystem 0x000000E095F92020
[2015.11.16-22.51.32:059][558]LogParticles: Destroying 0 GPU particle simulations for FXSystem 0x000000E0A50874C0
[2015.11.16-22.51.32:059][558]LogParticles: Destroying 0 GPU particle simulations for FXSystem 0x000000E09C436700
[2015.11.16-22.51.32:059][558]LogParticles: Destroying 0 GPU particle simulations for FXSystem 0x000000E0AE832840
[2015.11.16-22.51.32:059][558]LogParticles: Destroying 0 GPU particle simulations for FXSystem 0x000000E0AE832700
[2015.11.16-22.51.33:005][558]LogParticles: Destroying 0 GPU particle simulations for FXSystem 0x000000E0AE832520
[2015.11.16-22.51.33:005][558]LogExit: Object subsystem successfully closed.
[2015.11.16-22.51.33:027][558]LogD3D11RHI: Shutdown
[2015.11.16-22.51.33:027][558]LogD3D11RHI: CleanupD3DDevice
[2015.11.16-22.51.33:307][558]LogD3D11RHI: ~FD3D11DynamicRHI
[2015.11.16-22.51.33:412][558]LogModuleManager: Shutting down and abandoning module BlueprintGraph (204)
[2015.11.16-22.51.33:412][558]LogModuleManager: Shutting down and abandoning module MaterialEditor (203)
[2015.11.16-22.51.33:413][558]LogModuleManager: Shutting down and abandoning module StaticMeshEditor (202)
[2015.11.16-22.51.33:413][558]LogModuleManager: Shutting down and abandoning module DistCurveEditor (201)
[2015.11.16-22.51.33:413][558]LogModuleManager: Shutting down and abandoning module Cascade (200)
[2015.11.16-22.51.33:413][558]LogModuleManager: Shutting down and abandoning module CrashTracker (199)
[2015.11.16-22.51.33:413][558]LogModuleManager: Shutting down and abandoning module SceneOutliner (198)
[2015.11.16-22.51.33:413][558]LogModuleManager: Shutting down and abandoning module SuperSearch (197)
[2015.11.16-22.51.33:413][558]LogModuleManager: Shutting down and abandoning module WidgetCarousel (196)
[2015.11.16-22.51.33:413][558]LogModuleManager: Shutting down and abandoning module AddContentDialog (195)
[2015.11.16-22.51.33:419][558]LogModuleManager: Shutting down and abandoning module EditorWidgets (194)
[2015.11.16-22.51.33:419][558]LogModuleManager: Shutting down and abandoning module CollectionManager (193)
[2015.11.16-22.51.33:420][558]LogModuleManager: Shutting down and abandoning module StatsViewer (192)
[2015.11.16-22.51.33:420][558]LogModuleManager: Shutting down and abandoning module FoliageEdit (191)
[2015.11.16-22.51.33:420][558]LogModuleManager: Shutting down and abandoning module LandscapeEditor (190)
[2015.11.16-22.51.33:421][558]LogModuleManager: Shutting down and abandoning module ActorPickerMode (189)
[2015.11.16-22.51.33:421][558]LogModuleManager: Shutting down and abandoning module GeometryMode (188)
[2015.11.16-22.51.33:421][558]LogModuleManager: Shutting down and abandoning module TextureAlignMode (187)
[2015.11.16-22.51.33:421][558]LogModuleManager: Shutting down and abandoning module BspMode (186)
[2015.11.16-22.51.33:421][558]LogModuleManager: Shutting down and abandoning module PlacementMode (185)
[2015.11.16-22.51.33:421][558]LogModuleManager: Shutting down and abandoning module AutomationWorker (184)
[2015.11.16-22.51.33:421][558]LogModuleManager: Shutting down and abandoning module CharacterAI (183)
[2015.11.16-22.51.33:421][558]LogModuleManager: Shutting down and abandoning module SmartSnapping (182)
[2015.11.16-22.51.33:421][558]LogModuleManager: Shutting down and abandoning module ViewportSnapping (181)
[2015.11.16-22.51.33:421][558]LogModuleManager: Shutting down and abandoning module LogVisualizer (180)
[2015.11.16-22.51.33:421][558]LogModuleManager: Shutting down and abandoning module GameProjectGeneration (179)
[2015.11.16-22.51.33:421][558]LogModuleManager: Shutting down and abandoning module IntroTutorials (178)
[2015.11.16-22.51.33:421][558]LogModuleManager: Shutting down and abandoning module EditorLiveStreaming (177)
[2015.11.16-22.51.33:421][558]LogModuleManager: Shutting down and abandoning module IOSPlatformEditor (176)
[2015.11.16-22.51.33:422][558]LogModuleManager: Shutting down and abandoning module HTML5PlatformEditor (175)
[2015.11.16-22.51.33:422][558]LogModuleManager: Shutting down and abandoning module AndroidDeviceDetection (174)
[2015.11.16-22.51.33:950][558]LogModuleManager: Shutting down and abandoning module AndroidPlatformEditor (173)
[2015.11.16-22.51.33:951][558]LogModuleManager: Shutting down and abandoning module IOSRuntimeSettings (172)
[2015.11.16-22.51.33:951][558]LogModuleManager: Shutting down and abandoning module AndroidRuntimeSettings (171)
[2015.11.16-22.51.33:951][558]LogModuleManager: Shutting down and abandoning module MergeActors (170)
[2015.11.16-22.51.33:951][558]LogModuleManager: Shutting down and abandoning module SizeMap (169)
[2015.11.16-22.51.33:951][558]LogModuleManager: Shutting down and abandoning module TreeMap (168)
[2015.11.16-22.51.33:951][558]LogModuleManager: Shutting down and abandoning module ReferenceViewer (167)
[2015.11.16-22.51.33:951][558]LogModuleManager: Shutting down and abandoning module LocalizationService (166)
[2015.11.16-22.51.33:951][558]LogModuleManager: Shutting down and abandoning module LocalizationDashboard (165)
[2015.11.16-22.51.33:952][558]LogModuleManager: Shutting down and abandoning module HardwareTargeting (164)
[2015.11.16-22.51.33:952][558]LogModuleManager: Shutting down and abandoning module DeviceProfileEditor (163)
[2015.11.16-22.51.33:952][558]LogModuleManager: Shutting down and abandoning module UndoHistory (162)
[2015.11.16-22.51.33:952][558]LogModuleManager: Shutting down and abandoning module GameplayTagsEditor (161)
[2015.11.16-22.51.33:952][558]LogModuleManager: Shutting down and abandoning module UserFeedback (160)
[2015.11.16-22.51.33:952][558]LogModuleManager: Shutting down and abandoning module XmlParser (159)
[2015.11.16-22.51.33:952][558]LogModuleManager: Shutting down and abandoning module Blutility (158)
[2015.11.16-22.51.33:952][558]LogModuleManager: Shutting down and abandoning module ProjectTargetPlatformEditor (157)
[2015.11.16-22.51.33:952][558]LogModuleManager: Shutting down and abandoning module ProjectSettingsViewer (156)
[2015.11.16-22.51.33:952][558]LogModuleManager: Shutting down and abandoning module InputBindingEditor (155)
[2015.11.16-22.51.33:953][558]LogModuleManager: Shutting down and abandoning module EditorSettingsViewer (154)
[2015.11.16-22.51.33:953][558]LogModuleManager: Shutting down and abandoning module SettingsEditor (153)
[2015.11.16-22.51.33:953][558]LogModuleManager: Shutting down and abandoning module ProjectLauncher (152)
[2015.11.16-22.51.33:953][558]LogModuleManager: Shutting down and abandoning module SessionFrontend (151)
[2015.11.16-22.51.33:953][558]LogModuleManager: Shutting down and abandoning module ProfilerClient (150)
[2015.11.16-22.51.33:953][558]LogModuleManager: Shutting down and abandoning module TargetDeviceServices (149)
[2015.11.16-22.51.33:953][558]LogModuleManager: Shutting down and abandoning module DeviceManager (148)
[2015.11.16-22.51.33:953][558]LogModuleManager: Shutting down and abandoning module AutomationController (147)
[2015.11.16-22.51.33:954][558]LogModuleManager: Shutting down and abandoning module AutomationWindow (146)
[2015.11.16-22.51.33:954][558]LogModuleManager: Shutting down and abandoning module Layers (145)
[2015.11.16-22.51.33:954][558]LogModuleManager: Shutting down and abandoning module ComponentVisualizers (144)
[2015.11.16-22.51.33:954][558]LogModuleManager: Shutting down and abandoning module DetailCustomizations (143)
[2015.11.16-22.51.33:954][558]LogModuleManager: Shutting down and abandoning module PackagesDialog (142)
[2015.11.16-22.51.33:954][558]LogModuleManager: Shutting down and abandoning module Persona (141)
[2015.11.16-22.51.33:955][558]LogModuleManager: Shutting down and abandoning module Kismet (140)
[2015.11.16-22.51.33:955][558]LogModuleManager: Shutting down and abandoning module GraphEditor (139)
[2015.11.16-22.51.33:955][558]LogModuleManager: Shutting down and abandoning module ClassViewer (138)
[2015.11.16-22.51.33:958][558]LogModuleManager: Shutting down and abandoning module Toolbox (137)
[2015.11.16-22.51.33:958][558]LogModuleManager: Shutting down and abandoning module ModuleUI (136)
[2015.11.16-22.51.33:958][558]LogModuleManager: Shutting down and abandoning module MovieSceneTools (135)
[2015.11.16-22.51.33:958][558]LogModuleManager: Shutting down and abandoning module OutputLog (134)
[2015.11.16-22.51.33:958][558]LogModuleManager: Shutting down and abandoning module GammaUI (133)
[2015.11.16-22.51.33:958][558]LogModuleManager: Shutting down and abandoning module Documentation (132)
[2015.11.16-22.51.33:958][558]LogModuleManager: Shutting down and abandoning module GameLiveStreaming (131)
[2015.11.16-22.51.33:958][558]LogModuleManager: Shutting down and abandoning module StreamingPauseRendering (130)
[2015.11.16-22.51.33:958][558]LogModuleManager: Shutting down and abandoning module AnalyticsET (129)
[2015.11.16-22.51.33:958][558]LogModuleManager: Shutting down and abandoning module Analytics (128)
[2015.11.16-22.51.33:958][558]LogModuleManager: Shutting down and abandoning module AITestSuite (127)
[2015.11.16-22.51.33:958][558]LogModuleManager: Shutting down and abandoning module GameplayDebugger (126)
[2015.11.16-22.51.33:958][558]LogModuleManager: Shutting down and abandoning module AIModule (125)
[2015.11.16-22.51.33:958][558]LogModuleManager: Shutting down and abandoning module ProfilerService (124)
[2015.11.16-22.51.34:173][558]LogModuleManager: Shutting down and abandoning module TaskGraph (123)
[2015.11.16-22.51.34:173][558]LogModuleManager: Shutting down and abandoning module SubstanceEditor (122)
[2015.11.16-22.51.34:173][558]LogModuleManager: Shutting down and abandoning module SlateRemote (121)
[2015.11.16-22.51.34:173][558]LogModuleManager: Shutting down and abandoning module SteamVRController (120)
[2015.11.16-22.51.34:173][558]LogModuleManager: Shutting down and abandoning module SteamVR (119)
[2015.11.16-22.51.34:173][558]LogModuleManager: Shutting down and abandoning module ProceduralMeshComponent (118)
[2015.11.16-22.51.34:173][558]LogModuleManager: Shutting down and abandoning module OculusRift (117)
[2015.11.16-22.51.34:173][558]LogModuleManager: Shutting down and abandoning module OculusLibrary (116)
[2015.11.16-22.51.34:173][558]LogModuleManager: Shutting down and abandoning module LeapMotionController (115)
[2015.11.16-22.51.34:249][558]LogModuleManager: Shutting down and abandoning module CustomMeshComponent (114)
[2015.11.16-22.51.34:250][558]LogModuleManager: Shutting down and abandoning module CableComponent (113)
[2015.11.16-22.51.34:250][558]LogModuleManager: Shutting down and abandoning module ArchVisCharacter (112)
[2015.11.16-22.51.34:250][558]LogModuleManager: Shutting down and abandoning module MessagingDebugger (111)
[2015.11.16-22.51.34:250][558]LogModuleManager: Shutting down and abandoning module MediaPlayerEditor (110)
[2015.11.16-22.51.34:250][558]LogModuleManager: Shutting down and abandoning module HTML5Networking (109)
[2015.11.16-22.51.34:250][558]LogModuleManager: Shutting down and abandoning module SpeedTreeImporter (108)
[2015.11.16-22.51.34:250][558]LogModuleManager: Shutting down and abandoning module PluginBrowser (107)
[2015.11.16-22.51.34:250][558]LogModuleManager: Shutting down and abandoning module EpicSurvey (106)
[2015.11.16-22.51.34:250][558]LogModuleManager: Shutting down and abandoning module DesktopPlatform (105)
[2015.11.16-22.51.34:250][558]LogModuleManager: Shutting down and abandoning module VisualStudioSourceCodeAccess (104)
[2015.11.16-22.51.34:250][558]LogModuleManager: Shutting down and abandoning module UObjectPlugin (103)
[2015.11.16-22.51.34:250][558]LogModuleManager: Shutting down and abandoning module SubversionSourceControl (102)
[2015.11.16-22.51.34:250][558]LogModuleManager: Shutting down and abandoning module PerforceSourceControl (101)
[2015.11.16-22.51.34:250][558]LogModuleManager: Shutting down and abandoning module SourceControl (100)
[2015.11.16-22.51.34:251][558]LogModuleManager: Shutting down and abandoning module GitSourceControl (99)
[2015.11.16-22.51.34:251][558]LogModuleManager: Shutting down and abandoning module LightPropagationVolumeEditor (98)
[2015.11.16-22.51.34:251][558]LogModuleManager: Shutting down and abandoning module PaperTiledImporter (97)
[2015.11.16-22.51.34:251][558]LogModuleManager: Shutting down and abandoning module PaperSpriteSheetImporter (96)
[2015.11.16-22.51.34:251][558]LogModuleManager: Shutting down and abandoning module MeshPaint (95)
[2015.11.16-22.51.34:251][558]LogModuleManager: Shutting down and abandoning module SlateReflector (94)
[2015.11.16-22.51.34:251][558]LogModuleManager: Shutting down and abandoning module HotReload (93)
[2015.11.16-22.51.34:251][558]LogModuleManager: Shutting down and abandoning module MainFrame (92)
[2015.11.16-22.51.34:251][558]LogModuleManager: Shutting down and abandoning module LevelEditor (91)
[2015.11.16-22.51.34:253][558]LogModuleManager: Shutting down and abandoning module ContentBrowser (90)
[2015.11.16-22.51.34:255][558]LogModuleManager: Shutting down and abandoning module Paper2DEditor (89)
[2015.11.16-22.51.34:255][558]LogModuleManager: Shutting down and abandoning module UdpMessaging (88)
[2015.11.16-22.51.34:356][558]LogModuleManager: Shutting down and abandoning module DirectoryWatcher (87)
[2015.11.16-22.51.34:360][558]LogModuleManager: Shutting down and abandoning module AssetRegistry (86)
[2015.11.16-22.51.34:548][558]LogModuleManager: Shutting down and abandoning module SubstanceCore (85)
[2015.11.16-22.51.34:548][558]LogModuleManager: Shutting down and abandoning module LightPropagationVolumeRuntime (84)
[2015.11.16-22.51.34:548][558]LogModuleManager: Shutting down and abandoning module Paper2D (83)
[2015.11.16-22.51.34:548][558]LogModuleManager: Shutting down and abandoning module WindowsMoviePlayer (82)
[2015.11.16-22.51.34:549][558]LogModuleManager: Shutting down and abandoning module Media (81)
[2015.11.16-22.51.34:549][558]LogModuleManager: Shutting down and abandoning module WmfMedia (80)
[2015.11.16-22.51.34:550][558]LogModuleManager: Shutting down and abandoning module OnlineBlueprintSupport (79)
[2015.11.16-22.51.34:550][558]LogModuleManager: Shutting down and abandoning module GameplayTasksEditor (78)
[2015.11.16-22.51.34:550][558]LogModuleManager: Shutting down and abandoning module PropertyEditor (77)
[2015.11.16-22.51.34:550][558]LogModuleManager: Shutting down and abandoning module BehaviorTreeEditor (76)
[2015.11.16-22.51.34:550][558]LogModuleManager: Shutting down and abandoning module FunctionalTesting (75)
[2015.11.16-22.51.34:550][558]LogModuleManager: Shutting down and abandoning module CollisionAnalyzer (74)
[2015.11.16-22.51.34:550][558]LogModuleManager: Shutting down and abandoning module WorkspaceMenuStructure (73)
[2015.11.16-22.51.34:550][558]LogModuleManager: Shutting down and abandoning module MessageLog (72)
[2015.11.16-22.51.34:550][558]LogModuleManager: Shutting down and abandoning module Sequencer (71)
[2015.11.16-22.51.34:550][558]LogModuleManager: Shutting down and abandoning module AssetTools (70)
[2015.11.16-22.51.34:550][558]LogModuleManager: Shutting down and abandoning module UMGEditor (69)
[2015.11.16-22.51.34:550][558]LogModuleManager: Shutting down and abandoning module UMG (68)
[2015.11.16-22.51.34:550][558]LogModuleManager: Shutting down and abandoning module Slate (67)
[2015.11.16-22.51.34:551][558]LogModuleManager: Shutting down and abandoning module EditorStyle (66)
[2015.11.16-22.51.34:557][558]LogModuleManager: Shutting down and abandoning module SessionServices (65)
[2015.11.16-22.51.34:557][558]LogModuleManager: Shutting down and abandoning module SourceCodeAccess (64)
[2015.11.16-22.51.34:557][558]LogModuleManager: Shutting down and abandoning module HeadMountedDisplay (63)
[2015.11.16-22.51.34:557][558]LogModuleManager: Shutting down and abandoning module XAudio2 (62)
[2015.11.16-22.51.34:557][558]LogModuleManager: Shutting down and abandoning module Networking (60)
[2015.11.16-22.51.34:557][558]LogModuleManager: Shutting down and abandoning module Core (59)
[2015.11.16-22.51.34:557][558]LogModuleManager: Shutting down and abandoning module KismetCompiler (58)
[2015.11.16-22.51.34:557][558]LogModuleManager: Shutting down and abandoning module PhysXFormats (57)
[2015.11.16-22.51.34:557][558]LogModuleManager: Shutting down and abandoning module MeshUtilities (56)
[2015.11.16-22.51.34:557][558]LogModuleManager: Shutting down and abandoning module CookingStats (55)
[2015.11.16-22.51.34:566][558]LogModuleManager: Shutting down and abandoning module DerivedDataCache (54)
[2015.11.16-22.51.34:596][558]LogDerivedDataCache: Shutdown
[2015.11.16-22.51.34:596][558]LogModuleManager: Shutting down and abandoning module ShaderFormatOpenGL (53)
[2015.11.16-22.51.34:596][558]LogModuleManager: Shutting down and abandoning module ShaderFormatD3D (52)
[2015.11.16-22.51.34:596][558]LogModuleManager: Shutting down and abandoning module MetalShaderFormat (51)
[2015.11.16-22.51.34:596][558]LogModuleManager: Shutting down and abandoning module TextureFormatUncompressed (50)
[2015.11.16-22.51.34:596][558]LogModuleManager: Shutting down and abandoning module TextureFormatPVR (49)
[2015.11.16-22.51.34:596][558]LogModuleManager: Shutting down and abandoning module TextureFormatIntelISPCTexComp (48)
[2015.11.16-22.51.34:596][558]LogModuleManager: Shutting down and abandoning module TextureFormatDXT (47)
[2015.11.16-22.51.34:596][558]LogModuleManager: Shutting down and abandoning module ImageWrapper (46)
[2015.11.16-22.51.34:596][558]LogModuleManager: Shutting down and abandoning module TextureFormatASTC (45)
[2015.11.16-22.51.34:596][558]LogModuleManager: Shutting down and abandoning module TextureFormatAndroid (44)
[2015.11.16-22.51.34:596][558]LogModuleManager: Shutting down and abandoning module AudioFormatOpus (43)
[2015.11.16-22.51.34:596][558]LogModuleManager: Shutting down and abandoning module AudioFormatOgg (42)
[2015.11.16-22.51.34:596][558]LogModuleManager: Shutting down and abandoning module AudioFormatADPCM (41)
[2015.11.16-22.51.34:596][558]LogModuleManager: Shutting down and abandoning module LinuxTargetPlatform (40)
[2015.11.16-22.51.34:596][558]LogModuleManager: Shutting down and abandoning module LinuxServerTargetPlatform (39)
[2015.11.16-22.51.34:596][558]LogModuleManager: Shutting down and abandoning module LinuxNoEditorTargetPlatform (38)
[2015.11.16-22.51.34:596][558]LogModuleManager: Shutting down and abandoning module Messaging (37)
[2015.11.16-22.51.34:596][558]LogModuleManager: Shutting down and abandoning module IOSTargetPlatform (36)
[2015.11.16-22.51.34:596][558]LogModuleManager: Shutting down and abandoning module HTML5TargetPlatform (35)
[2015.11.16-22.51.34:596][558]LogModuleManager: Shutting down and abandoning module Android_PVRTCTargetPlatform (34)
[2015.11.16-22.51.34:596][558]LogModuleManager: Shutting down and abandoning module Android_ETC2TargetPlatform (33)
[2015.11.16-22.51.34:597][558]LogModuleManager: Shutting down and abandoning module Android_ETC1TargetPlatform (32)
[2015.11.16-22.51.34:597][558]LogModuleManager: Shutting down and abandoning module Android_DXTTargetPlatform (31)
[2015.11.16-22.51.34:597][558]LogModuleManager: Shutting down and abandoning module Android_ATCTargetPlatform (30)
[2015.11.16-22.51.34:597][558]LogModuleManager: Shutting down and abandoning module Android_ASTCTargetPlatform (29)
[2015.11.16-22.51.34:597][558]LogModuleManager: Shutting down and abandoning module AndroidTargetPlatform (28)
[2015.11.16-22.51.34:597][558]LogModuleManager: Shutting down and abandoning module WindowsTargetPlatform (27)
[2015.11.16-22.51.34:597][558]LogModuleManager: Shutting down and abandoning module WindowsServerTargetPlatform (26)
[2015.11.16-22.51.34:597][558]LogModuleManager: Shutting down and abandoning module WindowsNoEditorTargetPlatform (25)
[2015.11.16-22.51.34:597][558]LogModuleManager: Shutting down and abandoning module WindowsClientTargetPlatform (24)
[2015.11.16-22.51.34:597][558]LogModuleManager: Shutting down and abandoning module AllDesktopTargetPlatform (23)
[2015.11.16-22.51.34:597][558]LogModuleManager: Shutting down and abandoning module TargetPlatform (22)
[2015.11.16-22.51.34:597][558]LogModuleManager: Shutting down and abandoning module InputCore (21)
[2015.11.16-22.51.34:597][558]LogModuleManager: Shutting down and abandoning module Settings (20)
[2015.11.16-22.51.34:597][558]LogModuleManager: Shutting down and abandoning module OnlineSubsystem (18)
[2015.11.16-22.51.34:597][558]LogModuleManager: Shutting down and abandoning module HTTP (17)
[2015.11.16-22.51.36:601][558]LogModuleManager: Shutting down and abandoning module XMPP (16)
[2015.11.16-22.51.36:601][558]LogModuleManager: Shutting down and abandoning module ExampleDeviceProfileSelector (15)
[2015.11.16-22.51.36:601][558]LogModuleManager: Shutting down and abandoning module TextureCompressor (14)
[2015.11.16-22.51.36:601][558]LogModuleManager: Shutting down and abandoning module ShaderCore (13)
[2015.11.16-22.51.36:602][558]LogModuleManager: Shutting down and abandoning module Landscape (12)
[2015.11.16-22.51.36:602][558]LogModuleManager: Shutting down and abandoning module SlateRHIRenderer (11)
[2015.11.16-22.51.36:608][558]LogModuleManager: Shutting down and abandoning module OpenGLDrv (10)
[2015.11.16-22.51.36:608][558]LogModuleManager: Shutting down and abandoning module D3D11RHI (9)
[2015.11.16-22.51.36:608][558]LogModuleManager: Shutting down and abandoning module AnimGraphRuntime (8)
[2015.11.16-22.51.36:608][558]LogModuleManager: Shutting down and abandoning module Renderer (7)
[2015.11.16-22.51.36:608][558]LogModuleManager: Shutting down and abandoning module Engine (6)
[2015.11.16-22.51.36:608][558]LogModuleManager: Shutting down and abandoning module CoreUObject (5)
[2015.11.16-22.51.36:608][558]LogModuleManager: Shutting down and abandoning module NetworkFile (4)
[2015.11.16-22.51.36:608][558]LogModuleManager: Shutting down and abandoning module StreamingFile (3)
[2015.11.16-22.51.36:608][558]LogModuleManager: Shutting down and abandoning module SandboxFile (2)
[2015.11.16-22.51.36:608][558]LogModuleManager: Shutting down and abandoning module PakFile (1)
[2015.11.16-22.51.36:610][558]LogExit: Exiting.
[2015.11.16-22.51.36:614][558]Log file closed, 11/16/15 17:51:36
