[2015.11.22-13.45.57:218][  0]Log file open, 11/22/15 08:45:57
[2015.11.22-13.45.57:218][  0]LogInit:Display: Running engine for game: SuperSpaceArmada
[2015.11.22-13.45.57:218][  0]LogInit:Display: RandInit(64081346) SRandInit(64081346).
[2015.11.22-13.45.57:218][  0]LogTaskGraph: Started task graph with 4 named threads and 7 total threads.
[2015.11.22-13.45.57:218][  0]LogStats: Stats thread started at 0.878371
[2015.11.22-13.45.57:218][  0]LogInit: Version: 4.9.2-2707645+++depot+UE4-Releases+4.9
[2015.11.22-13.45.57:218][  0]LogInit: API Version: 2672455
[2015.11.22-13.45.57:218][  0]LogInit: Compiled (64-bit): Sep 28 2015 10:25:44
[2015.11.22-13.45.57:218][  0]LogInit: Compiled with Visual C++: 18.00.21005.01
[2015.11.22-13.45.57:218][  0]LogInit: Build Configuration: Development
[2015.11.22-13.45.57:218][  0]LogInit: Branch Name: ++depot+UE4-Releases+4.9
[2015.11.22-13.45.57:218][  0]LogInit: Command line:  
[2015.11.22-13.45.57:218][  0]LogInit: Base directory: X:/Program Files/Epic Games/4.9/Engine/Binaries/Win64/
[2015.11.22-13.45.57:218][  0]LogInit: Rocket: 1
[2015.11.22-13.45.57:250][  0]LogInit: Using libcurl 7.41.0
[2015.11.22-13.45.57:250][  0]LogInit:  - built for x86_64-pc-win32
[2015.11.22-13.45.57:250][  0]LogInit:  - supports SSL with WinSSL
[2015.11.22-13.45.57:250][  0]LogInit:  - other features:
[2015.11.22-13.45.57:251][  0]LogInit:      CURL_VERSION_SSL
[2015.11.22-13.45.57:251][  0]LogInit:      CURL_VERSION_IPV6
[2015.11.22-13.45.57:251][  0]LogInit:      CURL_VERSION_ASYNCHDNS
[2015.11.22-13.45.57:251][  0]LogInit:      CURL_VERSION_LARGEFILE
[2015.11.22-13.45.57:251][  0]LogInit:      CURL_VERSION_IDN
[2015.11.22-13.45.57:251][  0]LogInit:  CurlRequestOptions (configurable via config and command line):
[2015.11.22-13.45.57:251][  0]LogInit:  - bVerifyPeer = true  - Libcurl will verify peer certificate
[2015.11.22-13.45.57:251][  0]LogInit:  - bUseHttpProxy = false  - Libcurl will NOT use HTTP proxy
[2015.11.22-13.45.57:252][  0]LogInit:  - bDontReuseConnections = false  - Libcurl will reuse connections
[2015.11.22-13.45.57:252][  0]LogInit:  - CertBundlePath = nullptr  - Libcurl will use whatever was configured at build time.
[2015.11.22-13.45.57:327][  0]LogInit: Presizing for 0 objects not considered by GC, pre-allocating 0 bytes.
[2015.11.22-13.45.57:344][  0]LogInit: Object subsystem initialized
[2015.11.22-13.45.57:374][  0]LogInit: Selected Device Profile: [Windows]
[2015.11.22-13.45.57:374][  0]LogInit: Applying CVar settings loaded from the selected device profile: [Windows]
[2015.11.22-13.45.57:400][  0]LogInit: Computer: FALCON-PC
[2015.11.22-13.45.57:400][  0]LogInit: User: Fâlcon
[2015.11.22-13.45.57:400][  0]LogInit: CPU Page size=4096, Cores=4
[2015.11.22-13.45.57:400][  0]LogInit: High frequency timer resolution =2.725615 MHz
[2015.11.22-13.45.57:400][  0]LogMemory: Memory total: Physical=7.9GB (8GB approx)
[2015.11.22-13.45.57:400][  0]LogMemory: Platform Memory Stats for Windows
[2015.11.22-13.45.57:400][  0]LogMemory: Process Physical Memory: 57.27 MB used, 57.27 MB peak
[2015.11.22-13.45.57:400][  0]LogMemory: Process Virtual Memory: 58.86 MB used, 58.86 MB peak
[2015.11.22-13.45.57:400][  0]LogMemory: Physical Memory: 3862.34 MB used, 8078.29 MB total
[2015.11.22-13.45.57:400][  0]LogMemory: Virtual Memory: 342.36 MB used, 8388608.00 MB total
[2015.11.22-13.45.57:946][  0]LogTextLocalizationManager: No specific translations for ('en-US') exist, so ('en') translations will be used.
[2015.11.22-13.45.59:236][  0]LogD3D11RHI: Found D3D11 adapter 0: Intel(R) HD Graphics 4000 (Feature Level 11_0)
[2015.11.22-13.45.59:236][  0]LogD3D11RHI: Adapter has 4036MB of dedicated video memory, 0MB of dedicated system memory, and 3783MB of shared system memory, 2 output[s]
[2015.11.22-13.45.59:250][  0]LogD3D11RHI: Found D3D11 adapter 1: NVIDIA Quadro K4000M    (Feature Level 11_0)
[2015.11.22-13.45.59:250][  0]LogD3D11RHI: Adapter has 4036MB of dedicated video memory, 0MB of dedicated system memory, and 3783MB of shared system memory, 0 output[s]
[2015.11.22-13.45.59:251][  0]LogD3D11RHI: Chosen D3D11 Adapter Id = 0
[2015.11.22-13.45.59:259][  0]LogD3D11RHI: !Direct3DDevice
[2015.11.22-13.45.59:260][  0]LogRHI: Texture pool is 1361 MB (70% of 1945 MB)
[2015.11.22-13.45.59:274][  0]LogD3D11RHI: Async texture creation enabled
[2015.11.22-13.45.59:282][  0]LogShaderCompilers: Guid format shader working directory is 15 characters bigger than the processId version (../../../../../../GITHUB/Game-Files/SuperSpaceArmada/Intermediate/Shaders/WorkingDirectory/8296/).
[2015.11.22-13.45.59:283][  0]LogShaderCompilers: Cleaned the shader compiler working directory '../../../../../../GITHUB/Game-Files/SuperSpaceArmada/Intermediate/Shaders/tmp/015F42CC4925AA9658B0D78AFE7CB714/'.
[2015.11.22-13.45.59:283][  0]LogShaderCompilers:Display: Using Local Shader Compiler.
[2015.11.22-13.46.02:626][  0]LogTemp:Display: Loaded TP AllDesktopTargetPlatform
[2015.11.22-13.46.02:632][  0]LogTemp:Display: Loaded TP WindowsClientTargetPlatform
[2015.11.22-13.46.02:639][  0]LogTemp:Display: Loaded TP WindowsNoEditorTargetPlatform
[2015.11.22-13.46.02:645][  0]LogTemp:Display: Loaded TP WindowsServerTargetPlatform
[2015.11.22-13.46.02:651][  0]LogTemp:Display: Loaded TP WindowsTargetPlatform
[2015.11.22-13.46.02:655][  0]LogTemp:Display: Loaded TP AndroidTargetPlatform
[2015.11.22-13.46.02:660][  0]LogTemp:Display: Loaded TP Android_ASTCTargetPlatform
[2015.11.22-13.46.02:664][  0]LogTemp:Display: Loaded TP Android_ATCTargetPlatform
[2015.11.22-13.46.02:668][  0]LogTemp:Display: Loaded TP Android_DXTTargetPlatform
[2015.11.22-13.46.02:673][  0]LogTemp:Display: Loaded TP Android_ETC1TargetPlatform
[2015.11.22-13.46.02:677][  0]LogTemp:Display: Loaded TP Android_ETC2TargetPlatform
[2015.11.22-13.46.02:681][  0]LogTemp:Display: Loaded TP Android_PVRTCTargetPlatform
[2015.11.22-13.46.02:684][  0]LogTemp:Display: Loaded TP HTML5TargetPlatform
[2015.11.22-13.46.02:706][  0]LogTemp:Display: Loaded TP IOSTargetPlatform
[2015.11.22-13.46.02:710][  0]LogTemp:Display: Loaded TP LinuxNoEditorTargetPlatform
[2015.11.22-13.46.02:714][  0]LogTemp:Display: Loaded TP LinuxServerTargetPlatform
[2015.11.22-13.46.02:720][  0]LogTemp:Display: Loaded TP LinuxTargetPlatform
[2015.11.22-13.46.02:720][  0]LogTargetPlatformManager:Display: Building Assets For Windows
[2015.11.22-13.46.02:882][  0]LogDerivedDataCache:Display: Max Cache Size: 512 MB
[2015.11.22-13.46.03:485][  0]LogDerivedDataCache: Loaded boot cache 0.60s 41MB C:/Users/Fâlcon/AppData/Local/UnrealEngine/4.9/DerivedDataCache/Boot.ddc.
[2015.11.22-13.46.03:485][  0]LogDerivedDataCache:Display: Loaded Boot cache: C:/Users/Fâlcon/AppData/Local/UnrealEngine/4.9/DerivedDataCache/Boot.ddc
[2015.11.22-13.46.03:485][  0]LogDerivedDataCache: FDerivedDataBackendGraph:  Pak pak cache file ../../../../../../GITHUB/Game-Files/SuperSpaceArmada/DerivedDataCache/DDC.ddp not found, will not use a pak cache.
[2015.11.22-13.46.03:485][  0]LogDerivedDataCache: Unable to find inner node Pak for hierarchical cache Hierarchy.
[2015.11.22-13.46.03:485][  0]LogDerivedDataCache: FDerivedDataBackendGraph:  CompressedPak pak cache file ../../../../../../GITHUB/Game-Files/SuperSpaceArmada/DerivedDataCache/Compressed.ddp not found, will not use a pak cache.
[2015.11.22-13.46.03:485][  0]LogDerivedDataCache: Unable to find inner node CompressedPak for hierarchical cache Hierarchy.
[2015.11.22-13.46.03:648][  0]LogDerivedDataCache:Display: Pak cache opened for reading ../../../Engine/DerivedDataCache/Compressed.ddp.
[2015.11.22-13.46.03:660][  0]LogDerivedDataCache: Using Local data cache path C:/Users/Fâlcon/AppData/Local/UnrealEngine/Common/DerivedDataCache: Writable
[2015.11.22-13.46.04:261][  0]LogInit: Selected Device Profile: [Windows]
[2015.11.22-13.46.04:262][  0]LogContentStreaming: Texture pool size is 0.000000MB
[2015.11.22-13.46.04:297][  0]LogMeshUtilities: No automatic mesh reduction module available
[2015.11.22-13.46.04:297][  0]LogMeshUtilities: No automatic mesh merging module available
[2015.11.22-13.46.04:812][  0]LogInit: WinSock: version 1.1 (2.2), MaxSocks=32767, MaxUdp=65467
[2015.11.22-13.46.07:351][  0]LogAssetRegistry: FAssetRegistry took 0.0103 seconds to start up
[2015.11.22-13.46.07:372][  0]UdpMessaging: Initializing bridge on interface 0.0.0.0:0 to multicast group 230.0.0.1:6666.
[2015.11.22-13.46.07:743][  0]SourceControl: Info Source control is disabled
[2015.11.22-13.46.07:788][  0]SourceControl: Info Source control is disabled
[2015.11.22-13.46.07:802][  0]SourceControl: Info Source control is disabled
[2015.11.22-13.46.07:816][  0]SourceControl: Info Source control is disabled
[2015.11.22-13.46.08:087][  0]LogLinker:Warning: Asset '../../../Engine/Plugins/Runtime/LeapMotionController/Content/LM_PassthroughMaterial.uasset' has been saved with empty engine version. The asset will be loaded but may be incompatible.
[2015.11.22-13.46.08:249][  0]LogObj: 28528 objects as part of root set at end of initial load.
[2015.11.22-13.46.08:249][  0]LogUObjectAllocator: 6068464 out of 0 bytes used by permanent object pool.
[2015.11.22-13.46.08:325][  0]LogEngine: Initializing Engine...
[2015.11.22-13.46.08:327][  0]LogHMD: Can't find Oculus library dev build: is proper Runtime installed? Version: 0.7.0.0
[2015.11.22-13.46.08:334][  0]LogHMD: SteamVR failed to initialize.  Err: 110
[2015.11.22-13.46.08:519][  0]LogAIModule: Creating AISystem for world NewWorld
[2015.11.22-13.46.08:549][  0]LogInit: XAudio2 using 'Speakers / Headphones (IDT High Definition Audio CODEC)' : 2 channels at 48 kHz using 16 bits per sample (channel mask 0x3)
[2015.11.22-13.46.09:000][  0]LogInit: FAudioDevice initialized.
[2015.11.22-13.46.09:077][  0]LogDerivedDataCache: Saved boot cache 0.08s 41MB C:/Users/Fâlcon/AppData/Local/UnrealEngine/4.9/DerivedDataCache/Boot.ddc.
[2015.11.22-13.46.09:080][  0]LogInit: Texture streaming: Enabled
[2015.11.22-13.46.09:087][  0]LogAnalytics: Creating configured Analytics provider AnalyticsET
[2015.11.22-13.46.09:087][  0]LogAnalytics: [UEEditor.Rocket.Release] APIServer = http://et2.epicgames.com/ET2/. AppVersion = 4.9.2-2707645+++depot+UE4-Releases+4.9
[2015.11.22-13.46.09:088][  0]LogAnalytics: [UEEditor.Rocket.Release] SetUserId 084e75de446c370325dc5cbfa2c900f0|e4ca94b98a7b43aa9ed9a6b8595e3913|1fd778cf-c2f6-4b8a-b7a6-37adbc4dc300
[2015.11.22-13.46.09:088][  0]LogAnalytics: [UEEditor.Rocket.Release] AnalyticsET::StartSession
[2015.11.22-13.46.09:590][  0]LogInit: Transaction tracking system initialized
[2015.11.22-13.46.09:654][  0]BlueprintLog: New page: Editor Load
[2015.11.22-13.46.09:768][  0]LocalizationService: Info Localization service is disabled
[2015.11.22-13.46.09:882][  0]LogConsoleResponse:Display: 
[2015.11.22-13.46.10:238][  0]LogCook:Display: Done creating registry. It took  0.00s.
[2015.11.22-13.46.10:324][  0]LogFileCache: Scanning file cache for directory 'X:/GITHUB/Game-Files/SuperSpaceArmada/Content/' took 0.02s
[2015.11.22-13.46.10:324][  0]SourceControl: Info Source control is disabled
[2015.11.22-13.46.10:324][  0]Cmd: MAP LOAD FILE="../../../../../../GITHUB/Game-Files/SuperSpaceArmada/Content/SSA/Maps/Home_Kratakos.umap" TEMPLATE=0 SHOWPROGRESS=1 FEATURELEVEL=3
[2015.11.22-13.46.10:325][  0]LightingResults: New page: Lighting Build
[2015.11.22-13.46.10:328][  0]MapCheck: New page: Map Check
[2015.11.22-13.46.10:328][  0]LightingResults: New page: Lighting Build
[2015.11.22-13.46.10:337][  0]LogParticles: Destroying 0 GPU particle simulations for FXSystem 0x0000000025885620
[2015.11.22-13.46.10:427][  0]LogLinker:Warning: Asset '../../../../../../GITHUB/Game-Files/SuperSpaceArmada/Content/Mannequin/Animations/ThirdPerson_AnimBP.uasset' has been saved with empty engine version. The asset will be loaded but may be incompatible.
[2015.11.22-13.46.10:429][  0]LogLinker:Warning: Asset '../../../../../../GITHUB/Game-Files/SuperSpaceArmada/Content/Mannequin/Animations/ThirdPerson_Jump.uasset' has been saved with empty engine version. The asset will be loaded but may be incompatible.
[2015.11.22-13.46.10:431][  0]LogLinker:Warning: Asset '../../../../../../GITHUB/Game-Files/SuperSpaceArmada/Content/Mannequin/Animations/ThirdPersonJump_Loop.uasset' has been saved with empty engine version. The asset will be loaded but may be incompatible.
[2015.11.22-13.46.10:432][  0]LogLinker:Warning: Asset '../../../../../../GITHUB/Game-Files/SuperSpaceArmada/Content/Mannequin/Animations/ThirdPersonJump_Start.uasset' has been saved with empty engine version. The asset will be loaded but may be incompatible.
[2015.11.22-13.46.10:433][  0]LogLinker:Warning: Asset '../../../../../../GITHUB/Game-Files/SuperSpaceArmada/Content/Mannequin/Animations/ThirdPerson_IdleRun_2D.uasset' has been saved with empty engine version. The asset will be loaded but may be incompatible.
[2015.11.22-13.46.10:433][  0]LogLinker:Warning: Asset '../../../../../../GITHUB/Game-Files/SuperSpaceArmada/Content/Mannequin/Animations/ThirdPersonIdle.uasset' has been saved with empty engine version. The asset will be loaded but may be incompatible.
[2015.11.22-13.46.10:435][  0]LogLinker:Warning: Asset '../../../../../../GITHUB/Game-Files/SuperSpaceArmada/Content/Mannequin/Animations/ThirdPersonRun.uasset' has been saved with empty engine version. The asset will be loaded but may be incompatible.
[2015.11.22-13.46.10:436][  0]LogLinker:Warning: Asset '../../../../../../GITHUB/Game-Files/SuperSpaceArmada/Content/Mannequin/Animations/ThirdPersonWalk.uasset' has been saved with empty engine version. The asset will be loaded but may be incompatible.
[2015.11.22-13.46.14:540][  0]LogLinker:Warning: Can't find file '/Game/Geometry/Meshes/1M_Cube'
[2015.11.22-13.46.14:540][  0]LogLinker:Warning: Can't find file for asset '/Game/Geometry/Meshes/1M_Cube' while loading ../../../../../../GITHUB/Game-Files/SuperSpaceArmada/Content/SSA/Blueprints/Objects/Crystal_Spawner.uasset.
[2015.11.22-13.46.14:540][  0]LoadErrors:Error: Error /Game/SSA/Blueprints/Objects/Crystal_Spawner : Can't find file for asset. /Game/Geometry/Meshes/1M_Cube
[2015.11.22-13.46.14:541][  0]LogLinker:Warning: Can't find file '/Game/Geometry/Meshes/1M_Cube'
[2015.11.22-13.46.14:541][  0]LogLinker:Warning: Can't find file for asset '/Game/Geometry/Meshes/1M_Cube' while loading ../../../../../../GITHUB/Game-Files/SuperSpaceArmada/Content/SSA/Blueprints/Objects/Crystal_Spawner.uasset.
[2015.11.22-13.46.14:541][  0]LoadErrors:Error: Error /Game/SSA/Blueprints/Objects/Crystal_Spawner : Can't find file for asset. /Game/Geometry/Meshes/1M_Cube
[2015.11.22-13.46.14:545][  0]LogLinker:Warning: Can't find file '/Game/Geometry/Meshes/1M_Cube'
[2015.11.22-13.46.14:545][  0]LogLinker:Warning: Can't find file for asset '/Game/Geometry/Meshes/1M_Cube' while loading ../../../../../../GITHUB/Game-Files/SuperSpaceArmada/Content/SSA/Maps/Home_Kratakos.umap.
[2015.11.22-13.46.14:545][  0]LoadErrors:Error: Error /Game/SSA/Maps/Home_Kratakos : Can't find file for asset. /Game/Geometry/Meshes/1M_Cube
[2015.11.22-13.46.14:545][  0]LogLinker:Warning: Can't find file '/Game/Geometry/Meshes/1M_Cube'
[2015.11.22-13.46.14:545][  0]LogLinker:Warning: Can't find file for asset '/Game/Geometry/Meshes/1M_Cube' while loading ../../../../../../GITHUB/Game-Files/SuperSpaceArmada/Content/SSA/Maps/Home_Kratakos.umap.
[2015.11.22-13.46.14:545][  0]LoadErrors:Error: Error /Game/SSA/Maps/Home_Kratakos : Can't find file for asset. /Game/Geometry/Meshes/1M_Cube
[2015.11.22-13.46.14:546][  0]LogLinker:Warning: Can't find file '/Game/Geometry/Meshes/1M_Cube'
[2015.11.22-13.46.14:546][  0]LoadErrors: Info Failed to load /Game/Geometry/Meshes/1M_Cube.1M_Cube Referenced by StaticMeshComponent0
[2015.11.22-13.46.14:546][  0]LogLinker:Warning: Can't find file for asset '/Game/Geometry/Meshes/1M_Cube' while loading ../../../../../../GITHUB/Game-Files/SuperSpaceArmada/Content/SSA/Maps/Home_Kratakos.umap.
[2015.11.22-13.46.14:546][  0]LoadErrors: Info Failed to load /Game/Geometry/Meshes/1M_Cube.1M_Cube Referenced by StaticMeshComponent0
[2015.11.22-13.46.14:546][  0]LoadErrors:Error: Error /Game/SSA/Maps/Home_Kratakos : Can't find file for asset. /Game/Geometry/Meshes/1M_Cube
[2015.11.22-13.46.16:601][  0]LogAIModule: Creating AISystem for world Home_Kratakos
[2015.11.22-13.46.16:640][  0]LogEditorServer: Finished looking for orphan Actors (0.000 secs)
[2015.11.22-13.46.16:641][  0]Cmd: MAP CHECKDEP NOCLEARLOG
[2015.11.22-13.46.16:817][  0]MapCheck: Info Map check complete: 0 Error(s), 0 Warning(s), took 175.823ms to complete.
[2015.11.22-13.46.16:817][  0]LogFileHelpers: Loading map 'Home_Kratakos' took 6.493
[2015.11.22-13.46.16:935][  0]LogCollectionManager: Loaded 0 collections in 0.002318 seconds
[2015.11.22-13.46.16:972][  0]LogFileCache: Scanning file cache for directory 'X:/GITHUB/Game-Files/SuperSpaceArmada/Saved/Collections/' took 0.01s
[2015.11.22-13.46.16:972][  0]LogFileCache: Scanning file cache for directory 'X:/GITHUB/Game-Files/SuperSpaceArmada/Content/Developers/Fâlcon/Collections/' took 0.01s
[2015.11.22-13.46.16:972][  0]LogFileCache: Scanning file cache for directory 'X:/GITHUB/Game-Files/SuperSpaceArmada/Content/Collections/' took 0.01s
[2015.11.22-13.46.16:972][  0]LogContentBrowser: Native class hierarchy populated in 0.0071 seconds. Added 1882 classes and 339 folders.
[2015.11.22-13.46.16:979][  0]LogCollectionManager: Rebuilt the GUID cache for 0 collections in 0.000003 seconds
[2015.11.22-13.46.16:986][  0]LogContentBrowser: Native class hierarchy updated for 'WidgetCarousel' in 0.0003 seconds. Added 0 classes and 0 folders.
[2015.11.22-13.46.17:298][  0]LogContentBrowser: Native class hierarchy updated for 'AddContentDialog' in 0.0003 seconds. Added 0 classes and 0 folders.
[2015.11.22-13.46.17:303][  0]LogContentBrowser: Native class hierarchy updated for 'SceneOutliner' in 0.0003 seconds. Added 1 classes and 2 folders.
[2015.11.22-13.46.17:340][  0]LogCrashTracker: Crashtracker disabled due to settings.
[2015.11.22-13.46.17:343][  0]LogUObjectGlobals:Warning: Failed to find object 'Class None.'
[2015.11.22-13.46.17:364][  0]LogLoad: Full Startup: 22.15 seconds (BP compile: 1.99 seconds)
[2015.11.22-13.46.17:382][  0]LoadErrors:Error: Error /Game/SSA/Blueprints/Player : Failed import for Player_C /Game/SSA/Blueprints/Player/Player.Default__Player_C
[2015.11.22-13.46.17:458][  0]LogContentStreaming: Texture pool size now 1000 MB
[2015.11.22-13.46.17:827][  0]LogRenderer: Reallocating scene render targets to support 1208x568 (Frame:2).
[2015.11.22-13.46.19:327][ 22]LogAssetRegistry: Asset discovery search completed in 11.9870 seconds
[2015.11.22-13.46.19:327][ 22]LogCollectionManager: Rebuilt the object cache for 0 collections in 0.000003 seconds (found 0 objects)
[2015.11.22-13.46.19:327][ 22]LogCollectionManager: Fixed up redirectors for 0 collections in 0.000043 seconds (updated 0 objects)
[2015.11.22-13.46.28:336][356]LogAIModule: Creating AISystem for world Ship_Selection
[2015.11.22-13.46.28:478][356]Cmd: MAP LOAD FILE="../../../../../../GITHUB/Game-Files/SuperSpaceArmada/Content/SSA/Maps/Ship_Selection.umap" TEMPLATE=0 SHOWPROGRESS=1 FEATURELEVEL=3
[2015.11.22-13.46.28:478][356]LightingResults: New page: Lighting Build
[2015.11.22-13.46.28:505][356]LoadErrors: New page: Loading map: Ship_Selection.umap
[2015.11.22-13.46.28:525][356]MapCheck: New page: Map Check
[2015.11.22-13.46.28:525][356]LightingResults: New page: Lighting Build
[2015.11.22-13.46.28:542][356]LogParticles: Destroying 0 GPU particle simulations for FXSystem 0x00000000362AB060
[2015.11.22-13.46.28:549][356]LogEditorServer: Finished looking for orphan Actors (0.000 secs)
[2015.11.22-13.46.28:608][356]Cmd: MAP CHECKDEP NOCLEARLOG
[2015.11.22-13.46.28:793][356]MapCheck: Info Map check complete: 0 Error(s), 0 Warning(s), took 184.392ms to complete.
[2015.11.22-13.46.28:794][356]LogFileHelpers: Loading map 'Ship_Selection' took 0.317
[2015.11.22-13.46.30:224][409]LogBlueprintUserMessages: Early PlayInEditor Detection: Level '/Game/SSA/Maps/Ship_Selection.Ship_Selection:PersistentLevel' has LevelScriptBlueprint '/Game/SSA/Maps/Ship_Selection.Ship_Selection:PersistentLevel.Ship_Selection' with GeneratedClass '/Game/SSA/Maps/Ship_Selection.Ship_Selection_C' with ClassGeneratedBy '/Game/SSA/Maps/Ship_Selection.Ship_Selection:PersistentLevel.Ship_Selection'
[2015.11.22-13.46.30:224][409]LogPlayLevel: PlayLevel: No blueprints needed recompiling
[2015.11.22-13.46.30:225][409]PIE: New page: PIE session: Ship_Selection (Nov 22, 2015, 3:46:30 AM)
[2015.11.22-13.46.30:225][409]LogPlayLevel: Creating play world package: /Game/SSA/Maps/UEDPIE_0_Ship_Selection
[2015.11.22-13.46.30:229][409]LogPlayLevel: PIE: StaticDuplicateObject took: (0.004467s)
[2015.11.22-13.46.30:230][409]LogAIModule: Creating AISystem for world Ship_Selection
[2015.11.22-13.46.30:230][409]LogPlayLevel: PIE: World Init took: (0.000538s)
[2015.11.22-13.46.30:230][409]LogPlayLevel: PIE: Created PIE world by copying editor world from /Game/SSA/Maps/Ship_Selection.Ship_Selection to /Game/SSA/Maps/UEDPIE_0_Ship_Selection.Ship_Selection (0.005196s)
[2015.11.22-13.46.30:255][409]LogInit: XAudio2 using 'Speakers / Headphones (IDT High Definition Audio CODEC)' : 2 channels at 48 kHz using 16 bits per sample (channel mask 0x3)
[2015.11.22-13.46.30:262][409]LogInit: FAudioDevice initialized.
[2015.11.22-13.46.30:314][409]LogLinker:Warning: Can't find file '/Game/TopDownBP/Blueprints/TopDownGameMode'
[2015.11.22-13.46.30:314][409]LogLinker:Warning: Can't find file '/Game/TopDownBP/Blueprints/TopDownGameMode'
[2015.11.22-13.46.30:314][409]LogUObjectGlobals:Warning: Failed to find object 'Class /Game/TopDownBP/Blueprints/TopDownGameMode.TopDownGameMode_C'
[2015.11.22-13.46.30:314][409]LogWorld: Game class is 'GameMode'
[2015.11.22-13.46.30:318][409]LogWorld: Bringing World /Game/SSA/Maps/UEDPIE_0_Ship_Selection.Ship_Selection up for play (max tick rate 60) at 2015.11.22-08.46.30
[2015.11.22-13.46.30:318][409]LogActor:Warning: GameSession /Game/SSA/Maps/UEDPIE_0_Ship_Selection.Ship_Selection:PersistentLevel.GameSession_0 has natively added scene component(s), but none of them were set as the actor's RootComponent - picking one arbitrarily
[2015.11.22-13.46.30:318][409]LogActor:Warning: GameNetworkManager /Game/SSA/Maps/UEDPIE_0_Ship_Selection.Ship_Selection:PersistentLevel.GameNetworkManager_0 has natively added scene component(s), but none of them were set as the actor's RootComponent - picking one arbitrarily
[2015.11.22-13.46.30:319][409]LogWorld: Bringing up level for play took: 0.003237
[2015.11.22-13.46.30:321][409]LogBlueprintUserMessages: [SparklerCharacter_C_1] Hello
[2015.11.22-13.46.30:334][409]PIE: Info Play in editor start time for /Game/SSA/Maps/UEDPIE_0_Ship_Selection 0.251
[2015.11.22-13.46.30:334][409]LogBlueprintUserMessages: Late PlayInEditor Detection: Level '/Game/SSA/Maps/Ship_Selection.Ship_Selection:PersistentLevel' has LevelScriptBlueprint '/Game/SSA/Maps/Ship_Selection.Ship_Selection:PersistentLevel.Ship_Selection' with GeneratedClass '/Game/SSA/Maps/Ship_Selection.Ship_Selection_C' with ClassGeneratedBy '/Game/SSA/Maps/Ship_Selection.Ship_Selection:PersistentLevel.Ship_Selection'
[2015.11.22-13.46.30:363][410]LogRenderer: Reallocating scene render targets to support 1280x720 (Frame:390).
[2015.11.22-13.46.32:307][478]LogRenderer: Reallocating scene render targets to support 1920x1008 (Frame:460).
[2015.11.22-13.46.43:469][857]LogBlueprintUserMessages: [Ship_Selection_C_0] Not enough PP
[2015.11.22-13.46.44:035][877]LogBlueprintUserMessages: [Ship_Selection_C_0] Not enough PP
[2015.11.22-13.46.44:231][884]LogBlueprintUserMessages: [Ship_Selection_C_0] Not enough PP
[2015.11.22-13.46.44:426][891]LogBlueprintUserMessages: [Ship_Selection_C_0] Not enough PP
[2015.11.22-13.46.44:625][898]LogBlueprintUserMessages: [Ship_Selection_C_0] Not enough PP
[2015.11.22-13.46.48:548][ 38]LogBlueprintUserMessages: [Ship_Selection_C_0] Opening now
[2015.11.22-13.46.51:638][145]LogPackageName: SearchForPackageOnDisk took   0.089s to resolve Home_Kratakos.umap.
[2015.11.22-13.46.51:729][146]LogPackageName: SearchForPackageOnDisk took   0.085s to resolve Home_Kratakos.umap.
[2015.11.22-13.46.51:729][146]LogNet: Browse: /Game/SSA/Maps/Home_Kratakos
[2015.11.22-13.46.51:729][146]LogLoad: LoadMap: /Game/SSA/Maps/Home_Kratakos
[2015.11.22-13.46.51:749][146]LogParticles: Destroying 0 GPU particle simulations for FXSystem 0x0000000036A5E340
[2015.11.22-13.46.51:753][146]Cmd: MEM
[2015.11.22-13.46.51:771][146]LogMemory: Platform Memory Stats for Windows
[2015.11.22-13.46.51:771][146]LogMemory: Process Physical Memory: 986.75 MB used, 1003.99 MB peak
[2015.11.22-13.46.51:771][146]LogMemory: Process Virtual Memory: 972.49 MB used, 996.31 MB peak
[2015.11.22-13.46.51:771][146]LogMemory: Physical Memory: 4904.60 MB used, 8078.29 MB total
[2015.11.22-13.46.51:771][146]LogMemory: Virtual Memory: 1640.59 MB used, 8388608.00 MB total
[2015.11.22-13.46.51:771][146]LogMemory: 
[2015.11.22-13.46.51:771][146]Allocator Stats for TBB: (not implemented)
[2015.11.22-13.46.56:658][146]LogAIModule: Creating AISystem for world Home_Kratakos
[2015.11.22-13.46.56:659][146]LogWorld: Game class is 'TopDownGameMode_C'
[2015.11.22-13.46.56:666][146]LogWorld:Warning: *** WARNING - PATHS MAY NOT BE VALID ***
[2015.11.22-13.46.56:666][146]LogWorld: Bringing World /Game/SSA/Maps/UEDPIE_0_Home_Kratakos.Home_Kratakos up for play (max tick rate 60) at 2015.11.22-08.46.56
[2015.11.22-13.46.56:666][146]LogActor:Warning: GameSession /Game/SSA/Maps/UEDPIE_0_Home_Kratakos.Home_Kratakos:PersistentLevel.GameSession_1 has natively added scene component(s), but none of them were set as the actor's RootComponent - picking one arbitrarily
[2015.11.22-13.46.56:666][146]LogActor:Warning: GameNetworkManager /Game/SSA/Maps/UEDPIE_0_Home_Kratakos.Home_Kratakos:PersistentLevel.GameNetworkManager_1 has natively added scene component(s), but none of them were set as the actor's RootComponent - picking one arbitrarily
[2015.11.22-13.46.56:667][146]LogWorld: Bringing up level for play took: 0.006734
[2015.11.22-13.47.00:507][256]LogBlueprintUserMessages: Early EndPlayMap Detection: Level '/Game/SSA/Maps/Ship_Selection.Ship_Selection:PersistentLevel' has LevelScriptBlueprint '/Game/SSA/Maps/Ship_Selection.Ship_Selection:PersistentLevel.Ship_Selection' with GeneratedClass '/Game/SSA/Maps/Ship_Selection.Ship_Selection_C' with ClassGeneratedBy '/Game/SSA/Maps/Ship_Selection.Ship_Selection:PersistentLevel.Ship_Selection'
[2015.11.22-13.47.00:593][256]LogBlueprintUserMessages: Late EndPlayMap Detection: Level '/Game/SSA/Maps/Ship_Selection.Ship_Selection:PersistentLevel' has LevelScriptBlueprint '/Game/SSA/Maps/Ship_Selection.Ship_Selection:PersistentLevel.Ship_Selection' with GeneratedClass '/Game/SSA/Maps/Ship_Selection.Ship_Selection_C' with ClassGeneratedBy '/Game/SSA/Maps/Ship_Selection.Ship_Selection:PersistentLevel.Ship_Selection'
[2015.11.22-13.47.00:639][257]LogParticles: Destroying 0 GPU particle simulations for FXSystem 0x00000000435007C0
[2015.11.22-13.48.20:320][646]Cmd: QUIT_EDITOR
[2015.11.22-13.48.20:577][646]LogExit: Preparing to exit.
[2015.11.22-13.48.21:479][646]LogExit: Editor shut down
[2015.11.22-13.48.21:480][646]LogExit: Transaction tracking system shut down
[2015.11.22-13.48.21:487][646]LogParticles: Destroying 0 GPU particle simulations for FXSystem 0x000000002FD3BCE0
[2015.11.22-13.48.21:487][646]LogParticles: Destroying 0 GPU particle simulations for FXSystem 0x000000003A6DF4C0
[2015.11.22-13.48.21:487][646]LogParticles: Destroying 0 GPU particle simulations for FXSystem 0x0000000035A6D620
[2015.11.22-13.48.21:487][646]LogParticles: Destroying 0 GPU particle simulations for FXSystem 0x00000000232985E0
[2015.11.22-13.48.21:488][646]LogParticles: Destroying 0 GPU particle simulations for FXSystem 0x0000000023298720
[2015.11.22-13.48.21:493][646]LogParticles: Destroying 0 GPU particle simulations for FXSystem 0x0000000035A6D440
[2015.11.22-13.48.21:753][646]LogExit: Object subsystem successfully closed.
[2015.11.22-13.48.21:766][646]LogD3D11RHI: Shutdown
[2015.11.22-13.48.21:766][646]LogD3D11RHI: CleanupD3DDevice
[2015.11.22-13.48.21:835][646]LogD3D11RHI: ~FD3D11DynamicRHI
[2015.11.22-13.48.21:852][646]LogModuleManager: Shutting down and abandoning module CrashTracker (199)
[2015.11.22-13.48.21:852][646]LogModuleManager: Shutting down and abandoning module SceneOutliner (198)
[2015.11.22-13.48.21:852][646]LogModuleManager: Shutting down and abandoning module SuperSearch (197)
[2015.11.22-13.48.21:852][646]LogModuleManager: Shutting down and abandoning module WidgetCarousel (196)
[2015.11.22-13.48.21:852][646]LogModuleManager: Shutting down and abandoning module AddContentDialog (195)
[2015.11.22-13.48.21:853][646]LogModuleManager: Shutting down and abandoning module EditorWidgets (194)
[2015.11.22-13.48.21:853][646]LogModuleManager: Shutting down and abandoning module CollectionManager (193)
[2015.11.22-13.48.21:853][646]LogModuleManager: Shutting down and abandoning module StatsViewer (192)
[2015.11.22-13.48.21:853][646]LogModuleManager: Shutting down and abandoning module FoliageEdit (191)
[2015.11.22-13.48.21:853][646]LogModuleManager: Shutting down and abandoning module LandscapeEditor (190)
[2015.11.22-13.48.21:853][646]LogModuleManager: Shutting down and abandoning module ActorPickerMode (189)
[2015.11.22-13.48.21:853][646]LogModuleManager: Shutting down and abandoning module GeometryMode (188)
[2015.11.22-13.48.21:853][646]LogModuleManager: Shutting down and abandoning module TextureAlignMode (187)
[2015.11.22-13.48.21:853][646]LogModuleManager: Shutting down and abandoning module BspMode (186)
[2015.11.22-13.48.21:853][646]LogModuleManager: Shutting down and abandoning module PlacementMode (185)
[2015.11.22-13.48.21:853][646]LogModuleManager: Shutting down and abandoning module AutomationWorker (184)
[2015.11.22-13.48.21:853][646]LogModuleManager: Shutting down and abandoning module CharacterAI (183)
[2015.11.22-13.48.21:853][646]LogModuleManager: Shutting down and abandoning module SmartSnapping (182)
[2015.11.22-13.48.21:853][646]LogModuleManager: Shutting down and abandoning module ViewportSnapping (181)
[2015.11.22-13.48.21:853][646]LogModuleManager: Shutting down and abandoning module LogVisualizer (180)
[2015.11.22-13.48.21:853][646]LogModuleManager: Shutting down and abandoning module GameProjectGeneration (179)
[2015.11.22-13.48.21:853][646]LogModuleManager: Shutting down and abandoning module IntroTutorials (178)
[2015.11.22-13.48.21:853][646]LogModuleManager: Shutting down and abandoning module EditorLiveStreaming (177)
[2015.11.22-13.48.21:853][646]LogModuleManager: Shutting down and abandoning module IOSPlatformEditor (176)
[2015.11.22-13.48.21:853][646]LogModuleManager: Shutting down and abandoning module HTML5PlatformEditor (175)
[2015.11.22-13.48.21:853][646]LogModuleManager: Shutting down and abandoning module AndroidDeviceDetection (174)
[2015.11.22-13.48.22:826][646]LogModuleManager: Shutting down and abandoning module AndroidPlatformEditor (173)
[2015.11.22-13.48.22:826][646]LogModuleManager: Shutting down and abandoning module IOSRuntimeSettings (172)
[2015.11.22-13.48.22:826][646]LogModuleManager: Shutting down and abandoning module AndroidRuntimeSettings (171)
[2015.11.22-13.48.22:826][646]LogModuleManager: Shutting down and abandoning module MergeActors (170)
[2015.11.22-13.48.22:826][646]LogModuleManager: Shutting down and abandoning module SizeMap (169)
[2015.11.22-13.48.22:826][646]LogModuleManager: Shutting down and abandoning module TreeMap (168)
[2015.11.22-13.48.22:826][646]LogModuleManager: Shutting down and abandoning module ReferenceViewer (167)
[2015.11.22-13.48.22:826][646]LogModuleManager: Shutting down and abandoning module LocalizationService (166)
[2015.11.22-13.48.22:826][646]LogModuleManager: Shutting down and abandoning module LocalizationDashboard (165)
[2015.11.22-13.48.22:826][646]LogModuleManager: Shutting down and abandoning module HardwareTargeting (164)
[2015.11.22-13.48.22:826][646]LogModuleManager: Shutting down and abandoning module DeviceProfileEditor (163)
[2015.11.22-13.48.22:826][646]LogModuleManager: Shutting down and abandoning module UndoHistory (162)
[2015.11.22-13.48.22:826][646]LogModuleManager: Shutting down and abandoning module GameplayTagsEditor (161)
[2015.11.22-13.48.22:826][646]LogModuleManager: Shutting down and abandoning module UserFeedback (160)
[2015.11.22-13.48.22:826][646]LogModuleManager: Shutting down and abandoning module XmlParser (159)
[2015.11.22-13.48.22:826][646]LogModuleManager: Shutting down and abandoning module Blutility (158)
[2015.11.22-13.48.22:826][646]LogModuleManager: Shutting down and abandoning module ProjectTargetPlatformEditor (157)
[2015.11.22-13.48.22:826][646]LogModuleManager: Shutting down and abandoning module ProjectSettingsViewer (156)
[2015.11.22-13.48.22:826][646]LogModuleManager: Shutting down and abandoning module InputBindingEditor (155)
[2015.11.22-13.48.22:826][646]LogModuleManager: Shutting down and abandoning module EditorSettingsViewer (154)
[2015.11.22-13.48.22:826][646]LogModuleManager: Shutting down and abandoning module SettingsEditor (153)
[2015.11.22-13.48.22:826][646]LogModuleManager: Shutting down and abandoning module ProjectLauncher (152)
[2015.11.22-13.48.22:826][646]LogModuleManager: Shutting down and abandoning module SessionFrontend (151)
[2015.11.22-13.48.22:826][646]LogModuleManager: Shutting down and abandoning module ProfilerClient (150)
[2015.11.22-13.48.22:826][646]LogModuleManager: Shutting down and abandoning module TargetDeviceServices (149)
[2015.11.22-13.48.22:826][646]LogModuleManager: Shutting down and abandoning module DeviceManager (148)
[2015.11.22-13.48.22:827][646]LogModuleManager: Shutting down and abandoning module AutomationController (147)
[2015.11.22-13.48.22:827][646]LogModuleManager: Shutting down and abandoning module AutomationWindow (146)
[2015.11.22-13.48.22:827][646]LogModuleManager: Shutting down and abandoning module Layers (145)
[2015.11.22-13.48.22:827][646]LogModuleManager: Shutting down and abandoning module ComponentVisualizers (144)
[2015.11.22-13.48.22:827][646]LogModuleManager: Shutting down and abandoning module DetailCustomizations (143)
[2015.11.22-13.48.22:827][646]LogModuleManager: Shutting down and abandoning module PackagesDialog (142)
[2015.11.22-13.48.22:827][646]LogModuleManager: Shutting down and abandoning module Persona (141)
[2015.11.22-13.48.22:827][646]LogModuleManager: Shutting down and abandoning module Kismet (140)
[2015.11.22-13.48.22:827][646]LogModuleManager: Shutting down and abandoning module GraphEditor (139)
[2015.11.22-13.48.22:827][646]LogModuleManager: Shutting down and abandoning module ClassViewer (138)
[2015.11.22-13.48.22:827][646]LogModuleManager: Shutting down and abandoning module Toolbox (137)
[2015.11.22-13.48.22:827][646]LogModuleManager: Shutting down and abandoning module ModuleUI (136)
[2015.11.22-13.48.22:827][646]LogModuleManager: Shutting down and abandoning module MovieSceneTools (135)
[2015.11.22-13.48.22:827][646]LogModuleManager: Shutting down and abandoning module OutputLog (134)
[2015.11.22-13.48.22:827][646]LogModuleManager: Shutting down and abandoning module GammaUI (133)
[2015.11.22-13.48.22:827][646]LogModuleManager: Shutting down and abandoning module Documentation (132)
[2015.11.22-13.48.22:827][646]LogModuleManager: Shutting down and abandoning module GameLiveStreaming (131)
[2015.11.22-13.48.22:827][646]LogModuleManager: Shutting down and abandoning module StreamingPauseRendering (130)
[2015.11.22-13.48.22:827][646]LogModuleManager: Shutting down and abandoning module AnalyticsET (129)
[2015.11.22-13.48.22:827][646]LogModuleManager: Shutting down and abandoning module Analytics (128)
[2015.11.22-13.48.22:827][646]LogModuleManager: Shutting down and abandoning module AITestSuite (127)
[2015.11.22-13.48.22:827][646]LogModuleManager: Shutting down and abandoning module GameplayDebugger (126)
[2015.11.22-13.48.22:827][646]LogModuleManager: Shutting down and abandoning module AIModule (125)
[2015.11.22-13.48.22:827][646]LogModuleManager: Shutting down and abandoning module ProfilerService (124)
[2015.11.22-13.48.23:027][646]LogModuleManager: Shutting down and abandoning module TaskGraph (123)
[2015.11.22-13.48.23:027][646]LogModuleManager: Shutting down and abandoning module SubstanceEditor (122)
[2015.11.22-13.48.23:027][646]LogModuleManager: Shutting down and abandoning module SlateRemote (121)
[2015.11.22-13.48.23:027][646]LogModuleManager: Shutting down and abandoning module SteamVRController (120)
[2015.11.22-13.48.23:027][646]LogModuleManager: Shutting down and abandoning module SteamVR (119)
[2015.11.22-13.48.23:027][646]LogModuleManager: Shutting down and abandoning module ProceduralMeshComponent (118)
[2015.11.22-13.48.23:027][646]LogModuleManager: Shutting down and abandoning module OculusRift (117)
[2015.11.22-13.48.23:027][646]LogModuleManager: Shutting down and abandoning module OculusLibrary (116)
[2015.11.22-13.48.23:027][646]LogModuleManager: Shutting down and abandoning module LeapMotionController (115)
[2015.11.22-13.48.23:037][646]LogModuleManager: Shutting down and abandoning module CustomMeshComponent (114)
[2015.11.22-13.48.23:037][646]LogModuleManager: Shutting down and abandoning module CableComponent (113)
[2015.11.22-13.48.23:037][646]LogModuleManager: Shutting down and abandoning module ArchVisCharacter (112)
[2015.11.22-13.48.23:037][646]LogModuleManager: Shutting down and abandoning module MessagingDebugger (111)
[2015.11.22-13.48.23:037][646]LogModuleManager: Shutting down and abandoning module MediaPlayerEditor (110)
[2015.11.22-13.48.23:037][646]LogModuleManager: Shutting down and abandoning module HTML5Networking (109)
[2015.11.22-13.48.23:037][646]LogModuleManager: Shutting down and abandoning module SpeedTreeImporter (108)
[2015.11.22-13.48.23:037][646]LogModuleManager: Shutting down and abandoning module PluginBrowser (107)
[2015.11.22-13.48.23:037][646]LogModuleManager: Shutting down and abandoning module EpicSurvey (106)
[2015.11.22-13.48.23:037][646]LogModuleManager: Shutting down and abandoning module DesktopPlatform (105)
[2015.11.22-13.48.23:037][646]LogModuleManager: Shutting down and abandoning module VisualStudioSourceCodeAccess (104)
[2015.11.22-13.48.23:037][646]LogModuleManager: Shutting down and abandoning module UObjectPlugin (103)
[2015.11.22-13.48.23:037][646]LogModuleManager: Shutting down and abandoning module SubversionSourceControl (102)
[2015.11.22-13.48.23:037][646]LogModuleManager: Shutting down and abandoning module PerforceSourceControl (101)
[2015.11.22-13.48.23:037][646]LogModuleManager: Shutting down and abandoning module SourceControl (100)
[2015.11.22-13.48.23:037][646]LogModuleManager: Shutting down and abandoning module GitSourceControl (99)
[2015.11.22-13.48.23:037][646]LogModuleManager: Shutting down and abandoning module LightPropagationVolumeEditor (98)
[2015.11.22-13.48.23:037][646]LogModuleManager: Shutting down and abandoning module PaperTiledImporter (97)
[2015.11.22-13.48.23:037][646]LogModuleManager: Shutting down and abandoning module PaperSpriteSheetImporter (96)
[2015.11.22-13.48.23:037][646]LogModuleManager: Shutting down and abandoning module MeshPaint (95)
[2015.11.22-13.48.23:037][646]LogModuleManager: Shutting down and abandoning module SlateReflector (94)
[2015.11.22-13.48.23:037][646]LogModuleManager: Shutting down and abandoning module HotReload (93)
[2015.11.22-13.48.23:037][646]LogModuleManager: Shutting down and abandoning module MainFrame (92)
[2015.11.22-13.48.23:037][646]LogModuleManager: Shutting down and abandoning module LevelEditor (91)
[2015.11.22-13.48.23:038][646]LogModuleManager: Shutting down and abandoning module ContentBrowser (90)
[2015.11.22-13.48.23:039][646]LogModuleManager: Shutting down and abandoning module Paper2DEditor (89)
[2015.11.22-13.48.23:039][646]LogModuleManager: Shutting down and abandoning module UdpMessaging (88)
[2015.11.22-13.48.23:139][646]LogModuleManager: Shutting down and abandoning module DirectoryWatcher (87)
[2015.11.22-13.48.23:139][646]LogModuleManager: Shutting down and abandoning module AssetRegistry (86)
[2015.11.22-13.48.23:264][646]LogModuleManager: Shutting down and abandoning module SubstanceCore (85)
[2015.11.22-13.48.23:264][646]LogModuleManager: Shutting down and abandoning module LightPropagationVolumeRuntime (84)
[2015.11.22-13.48.23:264][646]LogModuleManager: Shutting down and abandoning module Paper2D (83)
[2015.11.22-13.48.23:264][646]LogModuleManager: Shutting down and abandoning module WindowsMoviePlayer (82)
[2015.11.22-13.48.23:268][646]LogModuleManager: Shutting down and abandoning module Media (81)
[2015.11.22-13.48.23:268][646]LogModuleManager: Shutting down and abandoning module WmfMedia (80)
[2015.11.22-13.48.23:268][646]LogModuleManager: Shutting down and abandoning module OnlineBlueprintSupport (79)
[2015.11.22-13.48.23:268][646]LogModuleManager: Shutting down and abandoning module GameplayTasksEditor (78)
[2015.11.22-13.48.23:268][646]LogModuleManager: Shutting down and abandoning module PropertyEditor (77)
[2015.11.22-13.48.23:268][646]LogModuleManager: Shutting down and abandoning module BehaviorTreeEditor (76)
[2015.11.22-13.48.23:268][646]LogModuleManager: Shutting down and abandoning module FunctionalTesting (75)
[2015.11.22-13.48.23:268][646]LogModuleManager: Shutting down and abandoning module CollisionAnalyzer (74)
[2015.11.22-13.48.23:268][646]LogModuleManager: Shutting down and abandoning module WorkspaceMenuStructure (73)
[2015.11.22-13.48.23:268][646]LogModuleManager: Shutting down and abandoning module MessageLog (72)
[2015.11.22-13.48.23:268][646]LogModuleManager: Shutting down and abandoning module Sequencer (71)
[2015.11.22-13.48.23:268][646]LogModuleManager: Shutting down and abandoning module AssetTools (70)
[2015.11.22-13.48.23:268][646]LogModuleManager: Shutting down and abandoning module UMGEditor (69)
[2015.11.22-13.48.23:268][646]LogModuleManager: Shutting down and abandoning module UMG (68)
[2015.11.22-13.48.23:268][646]LogModuleManager: Shutting down and abandoning module Slate (67)
[2015.11.22-13.48.23:268][646]LogModuleManager: Shutting down and abandoning module EditorStyle (66)
[2015.11.22-13.48.23:270][646]LogModuleManager: Shutting down and abandoning module SessionServices (65)
[2015.11.22-13.48.23:270][646]LogModuleManager: Shutting down and abandoning module SourceCodeAccess (64)
[2015.11.22-13.48.23:270][646]LogModuleManager: Shutting down and abandoning module HeadMountedDisplay (63)
[2015.11.22-13.48.23:270][646]LogModuleManager: Shutting down and abandoning module XAudio2 (62)
[2015.11.22-13.48.23:270][646]LogModuleManager: Shutting down and abandoning module Networking (60)
[2015.11.22-13.48.23:270][646]LogModuleManager: Shutting down and abandoning module Core (59)
[2015.11.22-13.48.23:270][646]LogModuleManager: Shutting down and abandoning module KismetCompiler (58)
[2015.11.22-13.48.23:270][646]LogModuleManager: Shutting down and abandoning module PhysXFormats (57)
[2015.11.22-13.48.23:270][646]LogModuleManager: Shutting down and abandoning module MeshUtilities (56)
[2015.11.22-13.48.23:270][646]LogModuleManager: Shutting down and abandoning module CookingStats (55)
[2015.11.22-13.48.23:272][646]LogModuleManager: Shutting down and abandoning module DerivedDataCache (54)
[2015.11.22-13.48.23:360][646]LogDerivedDataCache: Shutdown
[2015.11.22-13.48.23:360][646]LogModuleManager: Shutting down and abandoning module ShaderFormatOpenGL (53)
[2015.11.22-13.48.23:360][646]LogModuleManager: Shutting down and abandoning module ShaderFormatD3D (52)
[2015.11.22-13.48.23:360][646]LogModuleManager: Shutting down and abandoning module MetalShaderFormat (51)
[2015.11.22-13.48.23:360][646]LogModuleManager: Shutting down and abandoning module TextureFormatUncompressed (50)
[2015.11.22-13.48.23:360][646]LogModuleManager: Shutting down and abandoning module TextureFormatPVR (49)
[2015.11.22-13.48.23:360][646]LogModuleManager: Shutting down and abandoning module TextureFormatIntelISPCTexComp (48)
[2015.11.22-13.48.23:360][646]LogModuleManager: Shutting down and abandoning module TextureFormatDXT (47)
[2015.11.22-13.48.23:360][646]LogModuleManager: Shutting down and abandoning module ImageWrapper (46)
[2015.11.22-13.48.23:360][646]LogModuleManager: Shutting down and abandoning module TextureFormatASTC (45)
[2015.11.22-13.48.23:360][646]LogModuleManager: Shutting down and abandoning module TextureFormatAndroid (44)
[2015.11.22-13.48.23:360][646]LogModuleManager: Shutting down and abandoning module AudioFormatOpus (43)
[2015.11.22-13.48.23:360][646]LogModuleManager: Shutting down and abandoning module AudioFormatOgg (42)
[2015.11.22-13.48.23:360][646]LogModuleManager: Shutting down and abandoning module AudioFormatADPCM (41)
[2015.11.22-13.48.23:360][646]LogModuleManager: Shutting down and abandoning module LinuxTargetPlatform (40)
[2015.11.22-13.48.23:360][646]LogModuleManager: Shutting down and abandoning module LinuxServerTargetPlatform (39)
[2015.11.22-13.48.23:360][646]LogModuleManager: Shutting down and abandoning module LinuxNoEditorTargetPlatform (38)
[2015.11.22-13.48.23:360][646]LogModuleManager: Shutting down and abandoning module Messaging (37)
[2015.11.22-13.48.23:360][646]LogModuleManager: Shutting down and abandoning module IOSTargetPlatform (36)
[2015.11.22-13.48.23:360][646]LogModuleManager: Shutting down and abandoning module HTML5TargetPlatform (35)
[2015.11.22-13.48.23:360][646]LogModuleManager: Shutting down and abandoning module Android_PVRTCTargetPlatform (34)
[2015.11.22-13.48.23:360][646]LogModuleManager: Shutting down and abandoning module Android_ETC2TargetPlatform (33)
[2015.11.22-13.48.23:360][646]LogModuleManager: Shutting down and abandoning module Android_ETC1TargetPlatform (32)
[2015.11.22-13.48.23:360][646]LogModuleManager: Shutting down and abandoning module Android_DXTTargetPlatform (31)
[2015.11.22-13.48.23:360][646]LogModuleManager: Shutting down and abandoning module Android_ATCTargetPlatform (30)
[2015.11.22-13.48.23:360][646]LogModuleManager: Shutting down and abandoning module Android_ASTCTargetPlatform (29)
[2015.11.22-13.48.23:360][646]LogModuleManager: Shutting down and abandoning module AndroidTargetPlatform (28)
[2015.11.22-13.48.23:360][646]LogModuleManager: Shutting down and abandoning module WindowsTargetPlatform (27)
[2015.11.22-13.48.23:360][646]LogModuleManager: Shutting down and abandoning module WindowsServerTargetPlatform (26)
[2015.11.22-13.48.23:360][646]LogModuleManager: Shutting down and abandoning module WindowsNoEditorTargetPlatform (25)
[2015.11.22-13.48.23:360][646]LogModuleManager: Shutting down and abandoning module WindowsClientTargetPlatform (24)
[2015.11.22-13.48.23:360][646]LogModuleManager: Shutting down and abandoning module AllDesktopTargetPlatform (23)
[2015.11.22-13.48.23:360][646]LogModuleManager: Shutting down and abandoning module TargetPlatform (22)
[2015.11.22-13.48.23:360][646]LogModuleManager: Shutting down and abandoning module InputCore (21)
[2015.11.22-13.48.23:360][646]LogModuleManager: Shutting down and abandoning module Settings (20)
[2015.11.22-13.48.23:360][646]LogModuleManager: Shutting down and abandoning module OnlineSubsystem (18)
[2015.11.22-13.48.23:360][646]LogModuleManager: Shutting down and abandoning module HTTP (17)
[2015.11.22-13.48.25:362][646]LogModuleManager: Shutting down and abandoning module XMPP (16)
[2015.11.22-13.48.25:362][646]LogModuleManager: Shutting down and abandoning module ExampleDeviceProfileSelector (15)
[2015.11.22-13.48.25:362][646]LogModuleManager: Shutting down and abandoning module TextureCompressor (14)
[2015.11.22-13.48.25:362][646]LogModuleManager: Shutting down and abandoning module ShaderCore (13)
[2015.11.22-13.48.25:362][646]LogModuleManager: Shutting down and abandoning module Landscape (12)
[2015.11.22-13.48.25:362][646]LogModuleManager: Shutting down and abandoning module SlateRHIRenderer (11)
[2015.11.22-13.48.25:363][646]LogModuleManager: Shutting down and abandoning module OpenGLDrv (10)
[2015.11.22-13.48.25:363][646]LogModuleManager: Shutting down and abandoning module D3D11RHI (9)
[2015.11.22-13.48.25:363][646]LogModuleManager: Shutting down and abandoning module AnimGraphRuntime (8)
[2015.11.22-13.48.25:363][646]LogModuleManager: Shutting down and abandoning module Renderer (7)
[2015.11.22-13.48.25:363][646]LogModuleManager: Shutting down and abandoning module Engine (6)
[2015.11.22-13.48.25:363][646]LogModuleManager: Shutting down and abandoning module CoreUObject (5)
[2015.11.22-13.48.25:363][646]LogModuleManager: Shutting down and abandoning module NetworkFile (4)
[2015.11.22-13.48.25:363][646]LogModuleManager: Shutting down and abandoning module StreamingFile (3)
[2015.11.22-13.48.25:363][646]LogModuleManager: Shutting down and abandoning module SandboxFile (2)
[2015.11.22-13.48.25:363][646]LogModuleManager: Shutting down and abandoning module PakFile (1)
[2015.11.22-13.48.25:363][646]LogExit: Exiting.
[2015.11.22-13.48.25:364][646]Log file closed, 11/22/15 08:48:25
