[2015.12.11-01.39.38:418][  0]Log file open, 12/10/15 20:39:38
[2015.12.11-01.39.38:418][  0]LogInit:Display: Running engine without a game
[2015.12.11-01.39.38:418][  0]LogInit:Display: Loading recent project file: ../../../../../../../My Media/UCF Documents/DIG 4725/Game-Files/SuperSpaceArmada/SuperSpaceArmada.uproject
[2015.12.11-01.39.38:418][  0]LogInit:Display: RandInit(-1966271383) SRandInit(-1966271382).
[2015.12.11-01.39.38:418][  0]LogTaskGraph: Started task graph with 4 named threads and 7 total threads.
[2015.12.11-01.39.38:418][  0]LogStats: Stats thread started at 0.065340
[2015.12.11-01.39.38:418][  0]LogInit: Version: 4.9.1-2689999+++depot+UE4-Releases+4.9
[2015.12.11-01.39.38:418][  0]LogInit: API Version: 2672455
[2015.12.11-01.39.38:418][  0]LogInit: Compiled (64-bit): Sep 14 2015 04:12:03
[2015.12.11-01.39.38:418][  0]LogInit: Compiled with Visual C++: 18.00.21005.01
[2015.12.11-01.39.38:418][  0]LogInit: Build Configuration: Development
[2015.12.11-01.39.38:418][  0]LogInit: Branch Name: ++depot+UE4-Releases+4.9
[2015.12.11-01.39.38:418][  0]LogInit: Command line: 
[2015.12.11-01.39.38:418][  0]LogInit: Base directory: F:/Program Files/Unreal/Epic Games/4.9/Engine/Binaries/Win64/
[2015.12.11-01.39.38:418][  0]LogInit: Rocket: 1
[2015.12.11-01.39.38:426][  0]LogInit: Using libcurl 7.41.0
[2015.12.11-01.39.38:426][  0]LogInit:  - built for x86_64-pc-win32
[2015.12.11-01.39.38:426][  0]LogInit:  - supports SSL with WinSSL
[2015.12.11-01.39.38:426][  0]LogInit:  - other features:
[2015.12.11-01.39.38:426][  0]LogInit:      CURL_VERSION_SSL
[2015.12.11-01.39.38:426][  0]LogInit:      CURL_VERSION_IPV6
[2015.12.11-01.39.38:426][  0]LogInit:      CURL_VERSION_ASYNCHDNS
[2015.12.11-01.39.38:426][  0]LogInit:      CURL_VERSION_LARGEFILE
[2015.12.11-01.39.38:426][  0]LogInit:      CURL_VERSION_IDN
[2015.12.11-01.39.38:426][  0]LogInit:  CurlRequestOptions (configurable via config and command line):
[2015.12.11-01.39.38:426][  0]LogInit:  - bVerifyPeer = true  - Libcurl will verify peer certificate
[2015.12.11-01.39.38:426][  0]LogInit:  - bUseHttpProxy = false  - Libcurl will NOT use HTTP proxy
[2015.12.11-01.39.38:426][  0]LogInit:  - bDontReuseConnections = false  - Libcurl will reuse connections
[2015.12.11-01.39.38:426][  0]LogInit:  - CertBundlePath = nullptr  - Libcurl will use whatever was configured at build time.
[2015.12.11-01.39.38:432][  0]LogInit: Presizing for 0 objects not considered by GC, pre-allocating 0 bytes.
[2015.12.11-01.39.38:437][  0]LogInit: Object subsystem initialized
[2015.12.11-01.39.38:438][  0]LogInit: Selected Device Profile: [Windows]
[2015.12.11-01.39.38:438][  0]LogInit: Applying CVar settings loaded from the selected device profile: [Windows]
[2015.12.11-01.39.38:442][  0]LogInit: Computer: ANDREW_2015
[2015.12.11-01.39.38:442][  0]LogInit: User: aehrlich92
[2015.12.11-01.39.38:442][  0]LogInit: CPU Page size=4096, Cores=4
[2015.12.11-01.39.38:442][  0]LogInit: High frequency timer resolution =3.984641 MHz
[2015.12.11-01.39.38:442][  0]LogMemory: Memory total: Physical=15.9GB (16GB approx)
[2015.12.11-01.39.38:442][  0]LogMemory: Platform Memory Stats for Windows
[2015.12.11-01.39.38:442][  0]LogMemory: Process Physical Memory: 55.20 MB used, 55.20 MB peak
[2015.12.11-01.39.38:442][  0]LogMemory: Process Virtual Memory: 59.41 MB used, 59.41 MB peak
[2015.12.11-01.39.38:442][  0]LogMemory: Physical Memory: 6748.33 MB used, 16322.88 MB total
[2015.12.11-01.39.38:442][  0]LogMemory: Virtual Memory: 369.57 MB used, 134217728.00 MB total
[2015.12.11-01.39.38:509][  0]LogTextLocalizationManager: No specific translations for ('en-US') exist, so ('en') translations will be used.
[2015.12.11-01.39.39:054][  0]LogD3D11RHI: Found D3D11 adapter 0: NVIDIA GeForce GTX 960 (Feature Level 11_0)
[2015.12.11-01.39.39:054][  0]LogD3D11RHI: Adapter has 1969MB of dedicated video memory, 0MB of dedicated system memory, and 8161MB of shared system memory, 3 output[s]
[2015.12.11-01.39.39:056][  0]LogD3D11RHI: Found D3D11 adapter 1: Microsoft Basic Render Driver (Feature Level 11_0)
[2015.12.11-01.39.39:056][  0]LogD3D11RHI: Adapter has 0MB of dedicated video memory, 0MB of dedicated system memory, and 8161MB of shared system memory, 0 output[s]
[2015.12.11-01.39.39:056][  0]LogD3D11RHI: Chosen D3D11 Adapter Id = 0
[2015.12.11-01.39.39:060][  0]LogD3D11RHI: !Direct3DDevice
[2015.12.11-01.39.39:060][  0]LogRHI: Texture pool is 1361 MB (70% of 1945 MB)
[2015.12.11-01.39.39:070][  0]LogD3D11RHI: Async texture creation enabled
[2015.12.11-01.39.39:084][  0]LogShaderCompilers: Guid format shader working directory is 14 characters bigger than the processId version (../../../../../../../My Media/UCF Documents/DIG 4725/Game-Files/SuperSpaceArmada/Intermediate/Shaders/WorkingDirectory/26332/).
[2015.12.11-01.39.39:084][  0]LogShaderCompilers: Cleaned the shader compiler working directory '../../../../../../../My Media/UCF Documents/DIG 4725/Game-Files/SuperSpaceArmada/Intermediate/Shaders/tmp/6DDF56F04998CA8651A2BC93A6BB5CD5/'.
[2015.12.11-01.39.39:084][  0]LogShaderCompilers:Display: Using Local Shader Compiler.
[2015.12.11-01.39.39:822][  0]LogTemp:Display: Loaded TP AllDesktopTargetPlatform
[2015.12.11-01.39.39:826][  0]LogTemp:Display: Loaded TP WindowsClientTargetPlatform
[2015.12.11-01.39.39:830][  0]LogTemp:Display: Loaded TP WindowsNoEditorTargetPlatform
[2015.12.11-01.39.39:834][  0]LogTemp:Display: Loaded TP WindowsServerTargetPlatform
[2015.12.11-01.39.39:837][  0]LogTemp:Display: Loaded TP WindowsTargetPlatform
[2015.12.11-01.39.39:841][  0]LogTemp:Display: Loaded TP AndroidTargetPlatform
[2015.12.11-01.39.39:843][  0]LogTemp:Display: Loaded TP Android_ASTCTargetPlatform
[2015.12.11-01.39.39:846][  0]LogTemp:Display: Loaded TP Android_ATCTargetPlatform
[2015.12.11-01.39.39:849][  0]LogTemp:Display: Loaded TP Android_DXTTargetPlatform
[2015.12.11-01.39.39:853][  0]LogTemp:Display: Loaded TP Android_ETC1TargetPlatform
[2015.12.11-01.39.39:856][  0]LogTemp:Display: Loaded TP Android_ETC2TargetPlatform
[2015.12.11-01.39.39:859][  0]LogTemp:Display: Loaded TP Android_PVRTCTargetPlatform
[2015.12.11-01.39.39:860][  0]LogTemp:Display: Loaded TP HTML5TargetPlatform
[2015.12.11-01.39.39:877][  0]LogTemp:Display: Loaded TP IOSTargetPlatform
[2015.12.11-01.39.39:880][  0]LogTemp:Display: Loaded TP LinuxNoEditorTargetPlatform
[2015.12.11-01.39.39:884][  0]LogTemp:Display: Loaded TP LinuxServerTargetPlatform
[2015.12.11-01.39.39:887][  0]LogTemp:Display: Loaded TP LinuxTargetPlatform
[2015.12.11-01.39.39:887][  0]LogTargetPlatformManager:Display: Building Assets For Windows
[2015.12.11-01.39.39:949][  0]LogDerivedDataCache:Display: Max Cache Size: 512 MB
[2015.12.11-01.39.39:978][  0]LogDerivedDataCache: Loaded boot cache 0.03s 41MB C:/Users/aehrlich92/AppData/Local/UnrealEngine/4.9/DerivedDataCache/Boot.ddc.
[2015.12.11-01.39.39:978][  0]LogDerivedDataCache:Display: Loaded Boot cache: C:/Users/aehrlich92/AppData/Local/UnrealEngine/4.9/DerivedDataCache/Boot.ddc
[2015.12.11-01.39.39:979][  0]LogDerivedDataCache: FDerivedDataBackendGraph:  Pak pak cache file ../../../../../../../My Media/UCF Documents/DIG 4725/Game-Files/SuperSpaceArmada/DerivedDataCache/DDC.ddp not found, will not use a pak cache.
[2015.12.11-01.39.39:979][  0]LogDerivedDataCache: Unable to find inner node Pak for hierarchical cache Hierarchy.
[2015.12.11-01.39.39:979][  0]LogDerivedDataCache: FDerivedDataBackendGraph:  CompressedPak pak cache file ../../../../../../../My Media/UCF Documents/DIG 4725/Game-Files/SuperSpaceArmada/DerivedDataCache/Compressed.ddp not found, will not use a pak cache.
[2015.12.11-01.39.39:979][  0]LogDerivedDataCache: Unable to find inner node CompressedPak for hierarchical cache Hierarchy.
[2015.12.11-01.39.40:075][  0]LogDerivedDataCache:Display: Pak cache opened for reading ../../../Engine/DerivedDataCache/Compressed.ddp.
[2015.12.11-01.39.40:086][  0]LogDerivedDataCache: Using Local data cache path C:/Users/aehrlich92/AppData/Local/UnrealEngine/Common/DerivedDataCache: Writable
[2015.12.11-01.39.40:203][  0]LogInit: Selected Device Profile: [Windows]
[2015.12.11-01.39.40:205][  0]LogContentStreaming: Texture pool size is 0.000000MB
[2015.12.11-01.39.40:286][  0]LogMeshUtilities: No automatic mesh reduction module available
[2015.12.11-01.39.40:286][  0]LogMeshUtilities: No automatic mesh merging module available
[2015.12.11-01.39.40:464][  0]LogInit: WinSock: version 1.1 (2.2), MaxSocks=32767, MaxUdp=65467
[2015.12.11-01.39.40:952][  0]LogAssetRegistry: FAssetRegistry took 0.0107 seconds to start up
[2015.12.11-01.39.40:961][  0]UdpMessaging: Initializing bridge on interface 0.0.0.0:0 to multicast group 230.0.0.1:6666.
[2015.12.11-01.39.41:156][  0]SourceControl: Info Source control is disabled
[2015.12.11-01.39.41:156][  0]SourceControl: Info Source control is disabled
[2015.12.11-01.39.41:163][  0]SourceControl: Info Source control is disabled
[2015.12.11-01.39.41:173][  0]SourceControl: Info Source control is disabled
[2015.12.11-01.39.41:261][  0]LogLinker:Warning: Asset '../../../Engine/Plugins/Runtime/LeapMotionController/Content/LM_PassthroughMaterial.uasset' has been saved with empty engine version. The asset will be loaded but may be incompatible.
[2015.12.11-01.39.41:322][  0]LogObj: 28528 objects as part of root set at end of initial load.
[2015.12.11-01.39.41:322][  0]LogUObjectAllocator: 6068456 out of 0 bytes used by permanent object pool.
[2015.12.11-01.39.41:366][  0]LogEngine: Initializing Engine...
[2015.12.11-01.39.41:368][  0]LogHMD: Can't find Oculus library dev build: is proper Runtime installed? Version: 0.7.0.0
[2015.12.11-01.39.41:370][  0]LogHMD: SteamVR failed to initialize.  Err: 110
[2015.12.11-01.39.41:445][  0]LogAIModule: Creating AISystem for world NewWorld
[2015.12.11-01.39.41:455][  0]LogInit: XAudio2 using 'Speakers (Realtek High Definition Audio)' : 8 channels at 48 kHz using 32 bits per sample (channel mask 0x63f)
[2015.12.11-01.39.41:465][  0]LogInit: FAudioDevice initialized.
[2015.12.11-01.39.41:480][  0]LogDerivedDataCache: Saved boot cache 0.01s 41MB C:/Users/aehrlich92/AppData/Local/UnrealEngine/4.9/DerivedDataCache/Boot.ddc.
[2015.12.11-01.39.41:481][  0]LogInit: Texture streaming: Enabled
[2015.12.11-01.39.41:485][  0]LogAnalytics: Creating configured Analytics provider AnalyticsET
[2015.12.11-01.39.41:485][  0]LogAnalytics: [UEEditor.Rocket.Release] APIServer = http://et2.epicgames.com/ET2/. AppVersion = 4.9.1-2689999+++depot+UE4-Releases+4.9
[2015.12.11-01.39.41:485][  0]LogAnalytics: [UEEditor.Rocket.Release] SetUserId 7bdbd2584788e6e37f918c9187bab22c|b300224d71e64562a5bff06c2aaa78f8|45aed112-7b58-41bf-9eba-b8dcb7f9dd12
[2015.12.11-01.39.41:485][  0]LogAnalytics: [UEEditor.Rocket.Release] AnalyticsET::StartSession
[2015.12.11-01.39.41:520][  0]LogInit: Transaction tracking system initialized
[2015.12.11-01.39.41:540][  0]BlueprintLog: New page: Editor Load
[2015.12.11-01.39.41:598][  0]LocalizationService: Info Localization service is disabled
[2015.12.11-01.39.41:655][  0]LogConsoleResponse:Display: 
[2015.12.11-01.39.41:730][  0]LogCook:Display: Done creating registry. It took  0.00s.
[2015.12.11-01.39.41:766][  0]LogFileCache: Scanning file cache for directory 'F:/My Media/UCF Documents/DIG 4725/Game-Files/SuperSpaceArmada/Content/' took 0.02s
[2015.12.11-01.39.41:766][  0]SourceControl: Info Source control is disabled
[2015.12.11-01.39.41:766][  0]Cmd: MAP LOAD FILE="../../../../../../../My Media/UCF Documents/DIG 4725/Game-Files/SuperSpaceArmada/Content/SSA/Maps/Home_Kratakos.umap" TEMPLATE=0 SHOWPROGRESS=1 FEATURELEVEL=3
[2015.12.11-01.39.41:766][  0]LightingResults: New page: Lighting Build
[2015.12.11-01.39.41:768][  0]MapCheck: New page: Map Check
[2015.12.11-01.39.41:768][  0]LightingResults: New page: Lighting Build
[2015.12.11-01.39.41:775][  0]LogParticles: Destroying 0 GPU particle simulations for FXSystem 0x000000E5CFCD4400
[2015.12.11-01.39.41:827][  0]LogLinker:Warning: Asset '../../../../../../../My Media/UCF Documents/DIG 4725/Game-Files/SuperSpaceArmada/Content/Mannequin/Animations/ThirdPerson_AnimBP.uasset' has been saved with empty engine version. The asset will be loaded but may be incompatible.
[2015.12.11-01.39.41:828][  0]LogLinker:Warning: Asset '../../../../../../../My Media/UCF Documents/DIG 4725/Game-Files/SuperSpaceArmada/Content/Mannequin/Animations/ThirdPerson_Jump.uasset' has been saved with empty engine version. The asset will be loaded but may be incompatible.
[2015.12.11-01.39.41:829][  0]LogLinker:Warning: Asset '../../../../../../../My Media/UCF Documents/DIG 4725/Game-Files/SuperSpaceArmada/Content/Mannequin/Animations/ThirdPersonJump_Loop.uasset' has been saved with empty engine version. The asset will be loaded but may be incompatible.
[2015.12.11-01.39.41:830][  0]LogLinker:Warning: Asset '../../../../../../../My Media/UCF Documents/DIG 4725/Game-Files/SuperSpaceArmada/Content/Mannequin/Animations/ThirdPersonJump_Start.uasset' has been saved with empty engine version. The asset will be loaded but may be incompatible.
[2015.12.11-01.39.41:831][  0]LogLinker:Warning: Asset '../../../../../../../My Media/UCF Documents/DIG 4725/Game-Files/SuperSpaceArmada/Content/Mannequin/Animations/ThirdPerson_IdleRun_2D.uasset' has been saved with empty engine version. The asset will be loaded but may be incompatible.
[2015.12.11-01.39.41:831][  0]LogLinker:Warning: Asset '../../../../../../../My Media/UCF Documents/DIG 4725/Game-Files/SuperSpaceArmada/Content/Mannequin/Animations/ThirdPersonIdle.uasset' has been saved with empty engine version. The asset will be loaded but may be incompatible.
[2015.12.11-01.39.41:832][  0]LogLinker:Warning: Asset '../../../../../../../My Media/UCF Documents/DIG 4725/Game-Files/SuperSpaceArmada/Content/Mannequin/Animations/ThirdPersonRun.uasset' has been saved with empty engine version. The asset will be loaded but may be incompatible.
[2015.12.11-01.39.41:832][  0]LogLinker:Warning: Asset '../../../../../../../My Media/UCF Documents/DIG 4725/Game-Files/SuperSpaceArmada/Content/Mannequin/Animations/ThirdPersonWalk.uasset' has been saved with empty engine version. The asset will be loaded but may be incompatible.
[2015.12.11-01.39.45:762][  0]LogAIModule: Creating AISystem for world Home_Kratakos
[2015.12.11-01.39.45:767][  0]LogEditorServer: Finished looking for orphan Actors (0.000 secs)
[2015.12.11-01.39.45:768][  0]Cmd: MAP CHECKDEP NOCLEARLOG
[2015.12.11-01.39.45:857][  0]MapCheck: Info Map check complete: 0 Error(s), 0 Warning(s), took 89.721ms to complete.
[2015.12.11-01.39.45:857][  0]LogFileHelpers: Loading map 'Home_Kratakos' took 4.092
[2015.12.11-01.39.46:037][  0]LogCollectionManager: Loaded 0 collections in 0.001050 seconds
[2015.12.11-01.39.46:074][  0]LogFileCache: Scanning file cache for directory 'F:/My Media/UCF Documents/DIG 4725/Game-Files/SuperSpaceArmada/Saved/Collections/' took 0.01s
[2015.12.11-01.39.46:074][  0]LogFileCache: Scanning file cache for directory 'F:/My Media/UCF Documents/DIG 4725/Game-Files/SuperSpaceArmada/Content/Developers/aehrlich92/Collections/' took 0.01s
[2015.12.11-01.39.46:074][  0]LogFileCache: Scanning file cache for directory 'F:/My Media/UCF Documents/DIG 4725/Game-Files/SuperSpaceArmada/Content/Collections/' took 0.01s
[2015.12.11-01.39.46:074][  0]LogContentBrowser: Native class hierarchy populated in 0.0055 seconds. Added 1882 classes and 339 folders.
[2015.12.11-01.39.46:086][  0]LogCollectionManager: Rebuilt the GUID cache for 0 collections in 0.000003 seconds
[2015.12.11-01.39.46:090][  0]LogContentBrowser: Native class hierarchy updated for 'WidgetCarousel' in 0.0003 seconds. Added 0 classes and 0 folders.
[2015.12.11-01.39.46:126][  0]LogContentBrowser: Native class hierarchy updated for 'AddContentDialog' in 0.0002 seconds. Added 0 classes and 0 folders.
[2015.12.11-01.39.46:129][  0]LogContentBrowser: Native class hierarchy updated for 'SceneOutliner' in 0.0002 seconds. Added 1 classes and 2 folders.
[2015.12.11-01.39.46:157][  0]LogCrashTracker: Crashtracker disabled due to settings.
[2015.12.11-01.39.46:160][  0]LogUObjectGlobals:Warning: Failed to find object 'Class None.'
[2015.12.11-01.39.46:181][  0]LogLoad: Full Startup: 8.21 seconds (BP compile: 1.30 seconds)
[2015.12.11-01.39.46:190][  0]LoadErrors:Error: Error /Game/SSA/Blueprints/Player : Failed import for Player_C /Game/SSA/Blueprints/Player/Player.Default__Player_C
[2015.12.11-01.39.46:238][  0]LogContentStreaming: Texture pool size now 1000 MB
[2015.12.11-01.39.46:340][  0]LogRenderer: Reallocating scene render targets to support 1208x600 (Frame:2).
[2015.12.11-01.39.47:064][ 21]LogAssetRegistry: Asset discovery search completed in 6.1225 seconds
[2015.12.11-01.39.47:064][ 21]LogCollectionManager: Rebuilt the object cache for 0 collections in 0.000000 seconds (found 0 objects)
[2015.12.11-01.39.47:064][ 21]LogCollectionManager: Fixed up redirectors for 0 collections in 0.000015 seconds (updated 0 objects)
[2015.12.11-01.39.49:776][294]LogLinker:Warning: Asset '../../../Engine/Content/ArtTools/RenderToTexture/Macros/RenderToTextureMacros.uasset' has been saved with empty engine version. The asset will be loaded but may be incompatible.
[2015.12.11-01.39.50:166][294]LogContentBrowser: Native class hierarchy updated for 'BlueprintGraph' in 0.0005 seconds. Added 107 classes and 0 folders.
[2015.12.11-01.39.56:166][959]LogAIModule: Creating AISystem for world Menu
[2015.12.11-01.39.56:169][959]LogActorComponent: UnregisterComponent: (/Engine/Transient.CharMoveComp) Not registered. Aborting.
[2015.12.11-01.39.56:170][959]LogActorComponent: UnregisterComponent: (/Engine/Transient.CharacterMovementComponent_0) Not registered. Aborting.
[2015.12.11-01.39.56:170][959]LogActorComponent: UnregisterComponent: (/Engine/Transient.CharacterMovementComponent_1) Not registered. Aborting.
[2015.12.11-01.39.56:301][959]Cmd: MAP LOAD FILE="../../../../../../../My Media/UCF Documents/DIG 4725/Game-Files/SuperSpaceArmada/Content/SSA/Maps/Menu.umap" TEMPLATE=0 SHOWPROGRESS=1 FEATURELEVEL=3
[2015.12.11-01.39.56:301][959]LightingResults: New page: Lighting Build
[2015.12.11-01.39.56:315][959]LoadErrors: New page: Loading map: Menu.umap
[2015.12.11-01.39.56:315][959]MapCheck: New page: Map Check
[2015.12.11-01.39.56:315][959]LightingResults: New page: Lighting Build
[2015.12.11-01.39.56:336][959]LogParticles: Destroying 0 GPU particle simulations for FXSystem 0x000000E5EB7DF4C0
[2015.12.11-01.39.56:342][959]LogEditorServer: Finished looking for orphan Actors (0.000 secs)
[2015.12.11-01.39.56:400][959]Cmd: MAP CHECKDEP NOCLEARLOG
[2015.12.11-01.39.56:487][959]MapCheck: Info Map check complete: 0 Error(s), 0 Warning(s), took 86.82ms to complete.
[2015.12.11-01.39.56:487][959]LogFileHelpers: Loading map 'Menu' took 0.187
[2015.12.11-01.39.57:434][ 72]LogActorComponent: UnregisterComponent: (/Engine/Transient.CharMoveComp) Not registered. Aborting.
[2015.12.11-01.39.57:435][ 72]LogActorComponent: UnregisterComponent: (/Engine/Transient.CharacterMovementComponent_2) Not registered. Aborting.
[2015.12.11-01.39.57:435][ 72]LogActorComponent: UnregisterComponent: (/Engine/Transient.CharacterMovementComponent_3) Not registered. Aborting.
[2015.12.11-01.40.14:208][ 17]LogSavePackage: Save=167.541824ms
[2015.12.11-01.40.14:208][ 17]LogSavePackage: Moving '../../../../../../../My Media/UCF Documents/DIG 4725/Game-Files/SuperSpaceArmada/Saved/MainMenu49AC9375491512DBD6EFADB7FCE71E81.tmp' to '../../../../../../../My Media/UCF Documents/DIG 4725/Game-Files/SuperSpaceArmada/Content/SSA/Blueprints/Menues/MainMenu.uasset'
[2015.12.11-01.40.14:209][ 17]LogSavePackage: Total save time: 182.186551ms
[2015.12.11-01.40.14:209][ 17]LogSavePackage:Warning: Finished SavePackage ../../../../../../../My Media/UCF Documents/DIG 4725/Game-Files/SuperSpaceArmada/Content/SSA/Blueprints/Menues/MainMenu.uasset
[2015.12.11-01.40.15:058][114]LogBlueprintUserMessages: Early PlayInEditor Detection: Level '/Game/SSA/Maps/Menu.Menu:PersistentLevel' has LevelScriptBlueprint '/Game/SSA/Maps/Menu.Menu:PersistentLevel.Menu' with GeneratedClass '/Game/SSA/Maps/Menu.Menu_C' with ClassGeneratedBy '/Game/SSA/Maps/Menu.Menu:PersistentLevel.Menu'
[2015.12.11-01.40.15:058][114]LogPlayLevel: PlayLevel: No blueprints needed recompiling
[2015.12.11-01.40.15:058][114]PIE: New page: PIE session: Menu (Dec 10, 2015, 3:40:15 PM)
[2015.12.11-01.40.15:058][114]LogPlayLevel: Creating play world package: /Game/SSA/Maps/UEDPIE_0_Menu
[2015.12.11-01.40.15:060][114]LogPlayLevel: PIE: StaticDuplicateObject took: (0.001875s)
[2015.12.11-01.40.15:061][114]LogAIModule: Creating AISystem for world Menu
[2015.12.11-01.40.15:061][114]LogPlayLevel: PIE: World Init took: (0.000412s)
[2015.12.11-01.40.15:061][114]LogPlayLevel: PIE: Created PIE world by copying editor world from /Game/SSA/Maps/Menu.Menu to /Game/SSA/Maps/UEDPIE_0_Menu.Menu (0.002426s)
[2015.12.11-01.40.15:092][114]LogInit: XAudio2 using 'Speakers (Realtek High Definition Audio)' : 8 channels at 48 kHz using 32 bits per sample (channel mask 0x63f)
[2015.12.11-01.40.15:102][114]LogInit: FAudioDevice initialized.
[2015.12.11-01.40.15:179][114]LogWorld: Game class is 'TopDownGameMode_C'
[2015.12.11-01.40.15:180][114]LogWorld: Bringing World /Game/SSA/Maps/UEDPIE_0_Menu.Menu up for play (max tick rate 0) at 2015.12.10-20.40.15
[2015.12.11-01.40.15:180][114]LogActor:Warning: GameSession /Game/SSA/Maps/UEDPIE_0_Menu.Menu:PersistentLevel.GameSession_0 has natively added scene component(s), but none of them were set as the actor's RootComponent - picking one arbitrarily
[2015.12.11-01.40.15:181][114]LogActor:Warning: GameNetworkManager /Game/SSA/Maps/UEDPIE_0_Menu.Menu:PersistentLevel.GameNetworkManager_0 has natively added scene component(s), but none of them were set as the actor's RootComponent - picking one arbitrarily
[2015.12.11-01.40.15:181][114]LogWorld: Bringing up level for play took: 0.000954
[2015.12.11-01.40.15:181][114]LogGameMode: Warning - PATHS NOT DEFINED or NO PLAYERSTART with positive rating
[2015.12.11-01.40.15:335][114]LogCrashTracker: 


[2015.12.11-01.40.15:335][114]LogCrashTracker: 


[2015.12.11-01.40.15:335][114]LogWindows: === Critical error: ===
Fatal error!



[2015.12.11-01.40.15:423][114]LogExit: Executing StaticShutdownAfterError
[2015.12.11-01.40.15:427][114]LogOutputDevice:Warning: 

Script Stack:
MainMenu_C.ExecuteUbergraph_MainMenu
MainMenu_C.Construct
Menu_C.ExecuteUbergraph_Menu

[2015.12.11-01.40.15:428][114]LogPhysics:Warning: PHYSX: ..\..\PhysX\src\NpScene.cpp (2946) 8 : PxScene::unlockWrite() called without matching call to PxScene::lockWrite(), behaviour will be undefined.
[2015.12.11-01.40.15:428][114]LogPhysics:Warning: PHYSX: ..\..\PhysX\src\NpScene.cpp (2946) 8 : PxScene::unlockWrite() called without matching call to PxScene::lockWrite(), behaviour will be undefined.
[2015.12.11-01.40.15:428][114]LogPhysics:Warning: PHYSX: ..\..\PhysX\src\NpScene.cpp (2946) 8 : PxScene::unlockWrite() called without matching call to PxScene::lockWrite(), behaviour will be undefined.
[2015.12.11-01.40.15:428][114]LogPhysics:Warning: PHYSX: ..\..\PhysX\src\NpScene.cpp (2946) 8 : PxScene::unlockWrite() called without matching call to PxScene::lockWrite(), behaviour will be undefined.
[2015.12.11-01.40.15:428][114]LogPhysics:Warning: PHYSX: ..\..\PhysX\src\NpScene.cpp (2946) 8 : PxScene::unlockWrite() called without matching call to PxScene::lockWrite(), behaviour will be undefined.
[2015.12.11-01.40.15:428][114]LogPhysics:Warning: PHYSX: ..\..\PhysX\src\NpScene.cpp (2946) 8 : PxScene::unlockWrite() called without matching call to PxScene::lockWrite(), behaviour will be undefined.
[2015.12.11-01.40.15:428][114]LogPhysics:Warning: PHYSX: ..\..\PhysX\src\NpScene.cpp (2946) 8 : PxScene::unlockWrite() called without matching call to PxScene::lockWrite(), behaviour will be undefined.
[2015.12.11-01.40.15:428][114]LogPhysics:Warning: PHYSX: ..\..\PhysX\src\NpScene.cpp (2946) 8 : PxScene::unlockWrite() called without matching call to PxScene::lockWrite(), behaviour will be undefined.
[2015.12.11-01.40.15:428][114]LogWindows: FPlatformMisc::RequestExit(1)
[2015.12.11-01.40.15:428][114]Log file closed, 12/10/15 20:40:15
