[2015.10.27-23.12.55:972][  0]Log file open, 10/27/15 19:12:55
[2015.10.27-23.12.55:972][  0]LogInit:Display: Running engine for game: SuperSpaceArmada
[2015.10.27-23.12.55:972][  0]LogInit:Display: RandInit(1508317386) SRandInit(1508317386).
[2015.10.27-23.12.55:972][  0]LogTaskGraph: Started task graph with 4 named threads and 7 total threads.
[2015.10.27-23.12.55:972][  0]LogStats: Stats thread started at 0.097106
[2015.10.27-23.12.55:972][  0]LogInit: Version: 4.9.1-2689999+++depot+UE4-Releases+4.9
[2015.10.27-23.12.55:972][  0]LogInit: API Version: 2672455
[2015.10.27-23.12.55:972][  0]LogInit: Compiled (64-bit): Sep 14 2015 04:12:03
[2015.10.27-23.12.55:972][  0]LogInit: Compiled with Visual C++: 18.00.21005.01
[2015.10.27-23.12.55:972][  0]LogInit: Build Configuration: Development
[2015.10.27-23.12.55:972][  0]LogInit: Branch Name: ++depot+UE4-Releases+4.9
[2015.10.27-23.12.55:972][  0]LogInit: Command line:  
[2015.10.27-23.12.55:972][  0]LogInit: Base directory: C:/Program Files/Unreal Engine/4.9/Engine/Binaries/Win64/
[2015.10.27-23.12.55:972][  0]LogInit: Rocket: 1
[2015.10.27-23.12.55:994][  0]LogInit: Using libcurl 7.41.0
[2015.10.27-23.12.55:994][  0]LogInit:  - built for x86_64-pc-win32
[2015.10.27-23.12.55:994][  0]LogInit:  - supports SSL with WinSSL
[2015.10.27-23.12.55:994][  0]LogInit:  - other features:
[2015.10.27-23.12.55:994][  0]LogInit:      CURL_VERSION_SSL
[2015.10.27-23.12.55:994][  0]LogInit:      CURL_VERSION_IPV6
[2015.10.27-23.12.55:994][  0]LogInit:      CURL_VERSION_ASYNCHDNS
[2015.10.27-23.12.55:994][  0]LogInit:      CURL_VERSION_LARGEFILE
[2015.10.27-23.12.55:994][  0]LogInit:      CURL_VERSION_IDN
[2015.10.27-23.12.55:994][  0]LogInit:  CurlRequestOptions (configurable via config and command line):
[2015.10.27-23.12.55:994][  0]LogInit:  - bVerifyPeer = true  - Libcurl will verify peer certificate
[2015.10.27-23.12.55:994][  0]LogInit:  - bUseHttpProxy = false  - Libcurl will NOT use HTTP proxy
[2015.10.27-23.12.55:994][  0]LogInit:  - bDontReuseConnections = false  - Libcurl will reuse connections
[2015.10.27-23.12.55:994][  0]LogInit:  - CertBundlePath = nullptr  - Libcurl will use whatever was configured at build time.
[2015.10.27-23.12.56:022][  0]LogInit: Presizing for 0 objects not considered by GC, pre-allocating 0 bytes.
[2015.10.27-23.12.56:029][  0]LogInit: Object subsystem initialized
[2015.10.27-23.12.56:030][  0]LogInit: Selected Device Profile: [Windows]
[2015.10.27-23.12.56:030][  0]LogInit: Applying CVar settings loaded from the selected device profile: [Windows]
[2015.10.27-23.12.56:046][  0]LogInit: Computer: LOU
[2015.10.27-23.12.56:046][  0]LogInit: User: LouIII
[2015.10.27-23.12.56:046][  0]LogInit: CPU Page size=4096, Cores=4
[2015.10.27-23.12.56:046][  0]LogInit: High frequency timer resolution =2.338337 MHz
[2015.10.27-23.12.56:046][  0]LogMemory: Memory total: Physical=15.9GB (16GB approx)
[2015.10.27-23.12.56:046][  0]LogMemory: Platform Memory Stats for Windows
[2015.10.27-23.12.56:046][  0]LogMemory: Process Physical Memory: 56.83 MB used, 56.83 MB peak
[2015.10.27-23.12.56:046][  0]LogMemory: Process Virtual Memory: 58.47 MB used, 58.47 MB peak
[2015.10.27-23.12.56:046][  0]LogMemory: Physical Memory: 6953.25 MB used, 16303.71 MB total
[2015.10.27-23.12.56:046][  0]LogMemory: Virtual Memory: 367.62 MB used, 134217728.00 MB total
[2015.10.27-23.12.56:315][  0]LogTextLocalizationManager: No specific translations for ('en-US') exist, so ('en') translations will be used.
[2015.10.27-23.12.57:343][  0]LogD3D11RHI: Found D3D11 adapter 0: NVIDIA GeForce GTX 765M     (Feature Level 11_0)
[2015.10.27-23.12.57:343][  0]LogD3D11RHI: Adapter has 1992MB of dedicated video memory, 0MB of dedicated system memory, and 8151MB of shared system memory, 1 output[s]
[2015.10.27-23.12.57:653][  0]LogD3D11RHI: Found D3D11 adapter 1: Intel(R) HD Graphics 4600 (Feature Level 11_0)
[2015.10.27-23.12.57:653][  0]LogD3D11RHI: Adapter has 112MB of dedicated video memory, 0MB of dedicated system memory, and 8151MB of shared system memory, 0 output[s]
[2015.10.27-23.12.57:654][  0]LogD3D11RHI: Found D3D11 adapter 2: Microsoft Basic Render Driver (Feature Level 11_0)
[2015.10.27-23.12.57:654][  0]LogD3D11RHI: Adapter has 0MB of dedicated video memory, 0MB of dedicated system memory, and 8151MB of shared system memory, 0 output[s]
[2015.10.27-23.12.57:654][  0]LogD3D11RHI: Chosen D3D11 Adapter Id = 0
[2015.10.27-23.12.57:658][  0]LogD3D11RHI: !Direct3DDevice
[2015.10.27-23.12.57:659][  0]LogRHI: Texture pool is 1361 MB (70% of 1945 MB)
[2015.10.27-23.12.57:671][  0]LogD3D11RHI: Async texture creation enabled
[2015.10.27-23.12.57:687][  0]LogShaderCompilers: Guid format shader working directory is 15 characters bigger than the processId version (../../../../../../Users/luisr_000/Documents/Game-Files/SuperSpaceArmada/Intermediate/Shaders/WorkingDirectory/4252/).
[2015.10.27-23.12.57:687][  0]LogShaderCompilers: Cleaned the shader compiler working directory '../../../../../../Users/luisr_000/Documents/Game-Files/SuperSpaceArmada/Intermediate/Shaders/tmp/43E668DB47194BC355DBE0A5FBB86174/'.
[2015.10.27-23.12.57:687][  0]LogShaderCompilers:Display: Using Local Shader Compiler.
[2015.10.27-23.12.59:349][  0]LogTemp:Display: Loaded TP AllDesktopTargetPlatform
[2015.10.27-23.12.59:355][  0]LogTemp:Display: Loaded TP WindowsClientTargetPlatform
[2015.10.27-23.12.59:360][  0]LogTemp:Display: Loaded TP WindowsNoEditorTargetPlatform
[2015.10.27-23.12.59:365][  0]LogTemp:Display: Loaded TP WindowsServerTargetPlatform
[2015.10.27-23.12.59:370][  0]LogTemp:Display: Loaded TP WindowsTargetPlatform
[2015.10.27-23.12.59:376][  0]LogTemp:Display: Loaded TP AndroidTargetPlatform
[2015.10.27-23.12.59:381][  0]LogTemp:Display: Loaded TP Android_ASTCTargetPlatform
[2015.10.27-23.12.59:385][  0]LogTemp:Display: Loaded TP Android_ATCTargetPlatform
[2015.10.27-23.12.59:388][  0]LogTemp:Display: Loaded TP Android_DXTTargetPlatform
[2015.10.27-23.12.59:392][  0]LogTemp:Display: Loaded TP Android_ETC1TargetPlatform
[2015.10.27-23.12.59:395][  0]LogTemp:Display: Loaded TP Android_ETC2TargetPlatform
[2015.10.27-23.12.59:398][  0]LogTemp:Display: Loaded TP Android_PVRTCTargetPlatform
[2015.10.27-23.12.59:399][  0]LogTemp:Display: Loaded TP HTML5TargetPlatform
[2015.10.27-23.12.59:437][  0]LogTemp:Display: Loaded TP IOSTargetPlatform
[2015.10.27-23.12.59:440][  0]LogTemp:Display: Loaded TP LinuxNoEditorTargetPlatform
[2015.10.27-23.12.59:443][  0]LogTemp:Display: Loaded TP LinuxServerTargetPlatform
[2015.10.27-23.12.59:448][  0]LogTemp:Display: Loaded TP LinuxTargetPlatform
[2015.10.27-23.12.59:448][  0]LogTargetPlatformManager:Display: Building Assets For Windows
[2015.10.27-23.12.59:735][  0]LogDerivedDataCache:Display: Max Cache Size: 512 MB
[2015.10.27-23.12.59:776][  0]LogDerivedDataCache: Loaded boot cache 0.04s 41MB C:/Users/luisr_000/AppData/Local/UnrealEngine/4.9/DerivedDataCache/Boot.ddc.
[2015.10.27-23.12.59:776][  0]LogDerivedDataCache:Display: Loaded Boot cache: C:/Users/luisr_000/AppData/Local/UnrealEngine/4.9/DerivedDataCache/Boot.ddc
[2015.10.27-23.12.59:776][  0]LogDerivedDataCache: FDerivedDataBackendGraph:  Pak pak cache file ../../../../../../Users/luisr_000/Documents/Game-Files/SuperSpaceArmada/DerivedDataCache/DDC.ddp not found, will not use a pak cache.
[2015.10.27-23.12.59:776][  0]LogDerivedDataCache: Unable to find inner node Pak for hierarchical cache Hierarchy.
[2015.10.27-23.12.59:776][  0]LogDerivedDataCache: FDerivedDataBackendGraph:  CompressedPak pak cache file ../../../../../../Users/luisr_000/Documents/Game-Files/SuperSpaceArmada/DerivedDataCache/Compressed.ddp not found, will not use a pak cache.
[2015.10.27-23.12.59:776][  0]LogDerivedDataCache: Unable to find inner node CompressedPak for hierarchical cache Hierarchy.
[2015.10.27-23.12.59:928][  0]LogDerivedDataCache:Display: Pak cache opened for reading ../../../Engine/DerivedDataCache/Compressed.ddp.
[2015.10.27-23.12.59:940][  0]LogDerivedDataCache: Using Local data cache path C:/Users/luisr_000/AppData/Local/UnrealEngine/Common/DerivedDataCache: Writable
[2015.10.27-23.13.02:491][  0]LogInit: Selected Device Profile: [Windows]
[2015.10.27-23.13.02:494][  0]LogContentStreaming: Texture pool size is 0.000000MB
[2015.10.27-23.13.02:663][  0]LogMeshUtilities: No automatic mesh reduction module available
[2015.10.27-23.13.02:663][  0]LogMeshUtilities: No automatic mesh merging module available
[2015.10.27-23.13.03:166][  0]LogInit: WinSock: version 1.1 (2.2), MaxSocks=32767, MaxUdp=65467
[2015.10.27-23.13.05:137][  0]LogAssetRegistry: FAssetRegistry took 0.0107 seconds to start up
[2015.10.27-23.13.05:153][  0]UdpMessaging: Initializing bridge on interface 0.0.0.0:0 to multicast group 230.0.0.1:6666.
[2015.10.27-23.13.05:534][  0]SourceControl: Info Source control is disabled
[2015.10.27-23.13.05:638][  0]SourceControl: Info Source control is disabled
[2015.10.27-23.13.05:649][  0]SourceControl: Info Source control is disabled
[2015.10.27-23.13.05:663][  0]SourceControl: Info Source control is disabled
[2015.10.27-23.13.05:860][  0]LogLinker:Warning: Asset '../../../Engine/Plugins/Runtime/LeapMotionController/Content/LM_PassthroughMaterial.uasset' has been saved with empty engine version. The asset will be loaded but may be incompatible.
[2015.10.27-23.13.05:996][  0]LogObj: 28528 objects as part of root set at end of initial load.
[2015.10.27-23.13.05:996][  0]LogUObjectAllocator: 6068464 out of 0 bytes used by permanent object pool.
[2015.10.27-23.13.06:082][  0]LogEngine: Initializing Engine...
[2015.10.27-23.13.06:085][  0]LogHMD: Can't find Oculus library dev build: is proper Runtime installed? Version: 0.7.0.0
[2015.10.27-23.13.06:096][  0]LogHMD: SteamVR failed to initialize.  Err: 110
[2015.10.27-23.13.06:331][  0]LogAIModule: Creating AISystem for world NewWorld
[2015.10.27-23.13.06:340][  0]LogInit: XAudio2 using 'Speakers (VIA HD Audio)' : 2 channels at 48 kHz using 32 bits per sample (channel mask 0x3)
[2015.10.27-23.13.06:346][  0]LogInit: FAudioDevice initialized.
[2015.10.27-23.13.06:371][  0]LogDerivedDataCache: Saved boot cache 0.02s 41MB C:/Users/luisr_000/AppData/Local/UnrealEngine/4.9/DerivedDataCache/Boot.ddc.
[2015.10.27-23.13.06:377][  0]LogInit: Texture streaming: Enabled
[2015.10.27-23.13.06:384][  0]LogAnalytics: Creating configured Analytics provider AnalyticsET
[2015.10.27-23.13.06:384][  0]LogAnalytics: [UEEditor.Rocket.Release] APIServer = http://et2.epicgames.com/ET2/. AppVersion = 4.9.1-2689999+++depot+UE4-Releases+4.9
[2015.10.27-23.13.06:384][  0]LogAnalytics: [UEEditor.Rocket.Release] SetUserId 06a592394ae99916f49c3d9c3c9f503a|b280ebf5e1b3428db734f63de3c232be|784865b8-3393-4bba-9a10-0fd663c4f742
[2015.10.27-23.13.06:384][  0]LogAnalytics: [UEEditor.Rocket.Release] AnalyticsET::StartSession
[2015.10.27-23.13.06:400][  0]LogWindowsTextInputMethodSystem:Display: IME system now deactivated.
[2015.10.27-23.13.06:400][  0]LogWindowsTextInputMethodSystem:Display: IME system now deactivated.
[2015.10.27-23.13.06:444][  0]LogInit: Transaction tracking system initialized
[2015.10.27-23.13.06:484][  0]BlueprintLog: New page: Editor Load
[2015.10.27-23.13.06:625][  0]LocalizationService: Info Localization service is disabled
[2015.10.27-23.13.06:756][  0]LogConsoleResponse:Display: 
[2015.10.27-23.13.07:021][  0]LogCook:Display: Done creating registry. It took  0.00s.
[2015.10.27-23.13.07:093][  0]LogFileCache: Scanning file cache for directory 'C:/Users/luisr_000/Documents/Game-Files/SuperSpaceArmada/Content/' took 0.02s
[2015.10.27-23.13.07:093][  0]SourceControl: Info Source control is disabled
[2015.10.27-23.13.07:093][  0]Cmd: MAP LOAD FILE="../../../../../../Users/luisr_000/Documents/Game-Files/SuperSpaceArmada/Content/SSA/Maps/Home_Kratakos.umap" TEMPLATE=0 SHOWPROGRESS=1 FEATURELEVEL=3
[2015.10.27-23.13.07:096][  0]LightingResults: New page: Lighting Build
[2015.10.27-23.13.07:099][  0]MapCheck: New page: Map Check
[2015.10.27-23.13.07:099][  0]LightingResults: New page: Lighting Build
[2015.10.27-23.13.07:112][  0]LogParticles: Destroying 0 GPU particle simulations for FXSystem 0x0000003388458400
[2015.10.27-23.13.07:222][  0]LogLinker:Warning: Asset '../../../../../../Users/luisr_000/Documents/Game-Files/SuperSpaceArmada/Content/Mannequin/Animations/ThirdPerson_AnimBP.uasset' has been saved with empty engine version. The asset will be loaded but may be incompatible.
[2015.10.27-23.13.07:227][  0]LogLinker:Warning: Asset '../../../../../../Users/luisr_000/Documents/Game-Files/SuperSpaceArmada/Content/Mannequin/Animations/ThirdPerson_Jump.uasset' has been saved with empty engine version. The asset will be loaded but may be incompatible.
[2015.10.27-23.13.07:233][  0]LogLinker:Warning: Asset '../../../../../../Users/luisr_000/Documents/Game-Files/SuperSpaceArmada/Content/Mannequin/Animations/ThirdPersonJump_Loop.uasset' has been saved with empty engine version. The asset will be loaded but may be incompatible.
[2015.10.27-23.13.07:237][  0]LogLinker:Warning: Asset '../../../../../../Users/luisr_000/Documents/Game-Files/SuperSpaceArmada/Content/Mannequin/Animations/ThirdPersonJump_Start.uasset' has been saved with empty engine version. The asset will be loaded but may be incompatible.
[2015.10.27-23.13.07:240][  0]LogLinker:Warning: Asset '../../../../../../Users/luisr_000/Documents/Game-Files/SuperSpaceArmada/Content/Mannequin/Animations/ThirdPerson_IdleRun_2D.uasset' has been saved with empty engine version. The asset will be loaded but may be incompatible.
[2015.10.27-23.13.07:245][  0]LogLinker:Warning: Asset '../../../../../../Users/luisr_000/Documents/Game-Files/SuperSpaceArmada/Content/Mannequin/Animations/ThirdPersonIdle.uasset' has been saved with empty engine version. The asset will be loaded but may be incompatible.
[2015.10.27-23.13.07:248][  0]LogLinker:Warning: Asset '../../../../../../Users/luisr_000/Documents/Game-Files/SuperSpaceArmada/Content/Mannequin/Animations/ThirdPersonRun.uasset' has been saved with empty engine version. The asset will be loaded but may be incompatible.
[2015.10.27-23.13.07:253][  0]LogLinker:Warning: Asset '../../../../../../Users/luisr_000/Documents/Game-Files/SuperSpaceArmada/Content/Mannequin/Animations/ThirdPersonWalk.uasset' has been saved with empty engine version. The asset will be loaded but may be incompatible.
[2015.10.27-23.13.09:275][  0]LogBlueprint:Error: Broken Node: K2Node_CallFunction /Game/SSA/Blueprints/Objects/Debris.Debris:Debris Collision func.K2Node_CallFunction_3036 keeps removed/invalid pin: EdGraphPin /Game/SSA/Blueprints/Objects/Debris.Debris:Debris Collision func.K2Node_CallFunction_3036.EdGraphPin_189478. Try refresh all nodes.
[2015.10.27-23.13.09:276][  0]LogBlueprint:Error: Broken Node: K2Node_CallFunction /Game/SSA/Blueprints/Objects/Debris.Debris:Debris Collision func.K2Node_CallFunction_2761 keeps removed/invalid pin: EdGraphPin /Game/SSA/Blueprints/Objects/Debris.Debris:Debris Collision func.K2Node_CallFunction_2761.EdGraphPin_189448. Try refresh all nodes.
[2015.10.27-23.13.09:720][  0]LogBlueprint:Error: Broken Node: K2Node_CallFunction /Game/SSA/Blueprints/Objects/Debris.Debris:Debris Collision func.K2Node_CallFunction_2761 keeps removed/invalid pin: EdGraphPin /Game/SSA/Blueprints/Objects/Debris.Debris:Debris Collision func.K2Node_CallFunction_2761.EdGraphPin_189448. Try refresh all nodes.
[2015.10.27-23.13.09:721][  0]LogBlueprint:Error: Broken Node: K2Node_CallFunction /Game/SSA/Blueprints/Objects/Debris.Debris:Debris Collision func.K2Node_CallFunction_3036 keeps removed/invalid pin: EdGraphPin /Game/SSA/Blueprints/Objects/Debris.Debris:Debris Collision func.K2Node_CallFunction_3036.EdGraphPin_189478. Try refresh all nodes.
[2015.10.27-23.13.10:725][  0]LogLinker:Warning: Can't find file '/Game/Geometry/Meshes/1M_Cube'
[2015.10.27-23.13.10:725][  0]LogLinker:Warning: Can't find file for asset '/Game/Geometry/Meshes/1M_Cube' while loading ../../../../../../Users/luisr_000/Documents/Game-Files/SuperSpaceArmada/Content/SSA/Blueprints/Objects/Crystal_Spawner.uasset.
[2015.10.27-23.13.10:725][  0]LoadErrors:Error: Error /Game/SSA/Blueprints/Objects/Crystal_Spawner : Can't find file for asset. /Game/Geometry/Meshes/1M_Cube
[2015.10.27-23.13.10:726][  0]LogLinker:Warning: Can't find file '/Game/Geometry/Meshes/1M_Cube'
[2015.10.27-23.13.10:726][  0]LogLinker:Warning: Can't find file for asset '/Game/Geometry/Meshes/1M_Cube' while loading ../../../../../../Users/luisr_000/Documents/Game-Files/SuperSpaceArmada/Content/SSA/Blueprints/Objects/Crystal_Spawner.uasset.
[2015.10.27-23.13.10:726][  0]LoadErrors:Error: Error /Game/SSA/Blueprints/Objects/Crystal_Spawner : Can't find file for asset. /Game/Geometry/Meshes/1M_Cube
[2015.10.27-23.13.10:728][  0]LogLinker:Warning: Can't find file '/Game/Geometry/Meshes/1M_Cube'
[2015.10.27-23.13.10:728][  0]LogLinker:Warning: Can't find file for asset '/Game/Geometry/Meshes/1M_Cube' while loading ../../../../../../Users/luisr_000/Documents/Game-Files/SuperSpaceArmada/Content/SSA/Maps/Home_Kratakos.umap.
[2015.10.27-23.13.10:728][  0]LoadErrors:Error: Error /Game/SSA/Maps/Home_Kratakos : Can't find file for asset. /Game/Geometry/Meshes/1M_Cube
[2015.10.27-23.13.10:728][  0]LogLinker:Warning: Can't find file '/Game/Geometry/Meshes/1M_Cube'
[2015.10.27-23.13.10:728][  0]LogLinker:Warning: Can't find file for asset '/Game/Geometry/Meshes/1M_Cube' while loading ../../../../../../Users/luisr_000/Documents/Game-Files/SuperSpaceArmada/Content/SSA/Maps/Home_Kratakos.umap.
[2015.10.27-23.13.10:728][  0]LoadErrors:Error: Error /Game/SSA/Maps/Home_Kratakos : Can't find file for asset. /Game/Geometry/Meshes/1M_Cube
[2015.10.27-23.13.10:729][  0]LogLinker:Warning: Can't find file '/Game/Geometry/Meshes/1M_Cube'
[2015.10.27-23.13.10:729][  0]LoadErrors: Info Failed to load /Game/Geometry/Meshes/1M_Cube.1M_Cube Referenced by StaticMeshComponent0
[2015.10.27-23.13.10:729][  0]LogLinker:Warning: Can't find file for asset '/Game/Geometry/Meshes/1M_Cube' while loading ../../../../../../Users/luisr_000/Documents/Game-Files/SuperSpaceArmada/Content/SSA/Maps/Home_Kratakos.umap.
[2015.10.27-23.13.10:729][  0]LoadErrors: Info Failed to load /Game/Geometry/Meshes/1M_Cube.1M_Cube Referenced by StaticMeshComponent0
[2015.10.27-23.13.10:729][  0]LoadErrors:Error: Error /Game/SSA/Maps/Home_Kratakos : Can't find file for asset. /Game/Geometry/Meshes/1M_Cube
[2015.10.27-23.13.12:279][  0]LogAIModule: Creating AISystem for world Home_Kratakos
[2015.10.27-23.13.12:291][  0]LogEditorServer: Finished looking for orphan Actors (0.000 secs)
[2015.10.27-23.13.12:292][  0]Cmd: MAP CHECKDEP NOCLEARLOG
[2015.10.27-23.13.12:386][  0]MapCheck: Info Map check complete: 0 Error(s), 0 Warning(s), took 94.311ms to complete.
[2015.10.27-23.13.12:386][  0]LogFileHelpers: Loading map 'Home_Kratakos' took 5.293
[2015.10.27-23.13.12:545][  0]LogCollectionManager: Loaded 0 collections in 0.004839 seconds
[2015.10.27-23.13.12:592][  0]LogFileCache: Scanning file cache for directory 'C:/Users/luisr_000/Documents/Game-Files/SuperSpaceArmada/Saved/Collections/' took 0.01s
[2015.10.27-23.13.12:592][  0]LogFileCache: Scanning file cache for directory 'C:/Users/luisr_000/Documents/Game-Files/SuperSpaceArmada/Content/Developers/LouIII/Collections/' took 0.01s
[2015.10.27-23.13.12:592][  0]LogFileCache: Scanning file cache for directory 'C:/Users/luisr_000/Documents/Game-Files/SuperSpaceArmada/Content/Collections/' took 0.01s
[2015.10.27-23.13.12:592][  0]LogContentBrowser: Native class hierarchy populated in 0.0137 seconds. Added 1882 classes and 339 folders.
[2015.10.27-23.13.12:601][  0]LogCollectionManager: Rebuilt the GUID cache for 0 collections in 0.000004 seconds
[2015.10.27-23.13.12:610][  0]LogContentBrowser: Native class hierarchy updated for 'WidgetCarousel' in 0.0006 seconds. Added 0 classes and 0 folders.
[2015.10.27-23.13.12:843][  0]LogContentBrowser: Native class hierarchy updated for 'AddContentDialog' in 0.0003 seconds. Added 0 classes and 0 folders.
[2015.10.27-23.13.12:847][  0]LogContentBrowser: Native class hierarchy updated for 'SceneOutliner' in 0.0003 seconds. Added 1 classes and 2 folders.
[2015.10.27-23.13.12:889][  0]LogCrashTracker: Crashtracker disabled due to settings.
[2015.10.27-23.13.12:898][  0]LogUObjectGlobals:Warning: Failed to find object 'Class None.'
[2015.10.27-23.13.12:920][  0]LogLoad: Full Startup: 17.85 seconds (BP compile: 1.43 seconds)
[2015.10.27-23.13.12:938][  0]LoadErrors:Error: Error /Game/SSA/Blueprints/Player : Failed import for Player_C /Game/SSA/Blueprints/Player/Player.Default__Player_C
[2015.10.27-23.13.12:938][  0]LoadErrors:Error: Error /Game/SSA/Blueprints/Player_Human : Failed import for Player_Human_C /Game/SSA/Blueprints/Player/Player_Human.Default__Player_Human_C [redirection] in /Game/SSA/Blueprints/Player_Human
[2015.10.27-23.13.13:054][  0]LogContentStreaming: Texture pool size now 1000 MB
[2015.10.27-23.13.13:229][  0]LogRenderer: Reallocating scene render targets to support 1260x612 (Frame:2).
[2015.10.27-23.13.13:804][  9]LogCollectionManager: Rebuilt the object cache for 0 collections in 0.000001 seconds (found 0 objects)
[2015.10.27-23.13.14:481][ 11]LogSkeletalMesh: InitArticulated: Bodies already created (/Engine/Transient.DebugSkelMeshComponent_0) - call TermArticulated first.
[2015.10.27-23.13.14:811][ 11]LogUObjectGlobals:Warning: Failed to find object 'Object /Engine/Tutorial/SubEditors/PersonaAnimEditorTutorial.PersonaAnimEditorTutorial_C'
[2015.10.27-23.13.14:860][ 11]LogContentBrowser:Verbose: The majority of assets in the view are of type: AnimSequence
[2015.10.27-23.13.15:006][ 16]LogAssetRegistry: Asset discovery search completed in 9.8799 seconds
[2015.10.27-23.13.15:006][ 16]LogCollectionManager: Fixed up redirectors for 0 collections in 0.000006 seconds (updated 0 objects)
[2015.10.27-23.13.46:624][746]LogFactory: FactoryCreateBinary: Texture with ReimportTextureFactory (0 0 C:\Users\luisr_000\Desktop\Super Space Armada\UI\ShipSelectionCarousel_00.png)
[2015.10.27-23.13.48:308][746]LogTexture:Display: Building textures: ShipSelectionCarousel_00 (BGRA8)
[2015.10.27-23.13.56:773][807]LogContentBrowser: Native class hierarchy updated for 'TextureEditor' in 0.0004 seconds. Added 1 classes and 2 folders.
[2015.10.27-23.19.27:763][525]Cmd: OBJ SAVEPACKAGE PACKAGE="/Game/SSA/UI/OldStuff/RightSideHUD" FILE="../../../../../../Users/luisr_000/Documents/Game-Files/SuperSpaceArmada/Content/SSA/UI/OldStuff/RightSideHUD.uasset" SILENT=true
[2015.10.27-23.19.27:805][525]LogSavePackage: Save=20.517572ms
[2015.10.27-23.19.27:805][525]LogSavePackage: Moving '../../../../../../Users/luisr_000/Documents/Game-Files/SuperSpaceArmada/Saved/RightSideHUD83BDE1494AED49686ADD6F9E348CA192.tmp' to '../../../../../../Users/luisr_000/Documents/Game-Files/SuperSpaceArmada/Content/SSA/UI/OldStuff/RightSideHUD.uasset'
[2015.10.27-23.19.27:808][525]LogSavePackage: Total save time: 33.102158ms
[2015.10.27-23.19.27:808][525]LogSavePackage:Warning: Finished SavePackage ../../../../../../Users/luisr_000/Documents/Game-Files/SuperSpaceArmada/Content/SSA/UI/OldStuff/RightSideHUD.uasset
[2015.10.27-23.19.27:823][525]Cmd: OBJ SAVEPACKAGE PACKAGE="/Game/SSA/UI/OldStuff/BottomHUD" FILE="../../../../../../Users/luisr_000/Documents/Game-Files/SuperSpaceArmada/Content/SSA/UI/OldStuff/BottomHUD.uasset" SILENT=true
[2015.10.27-23.19.27:830][525]LogSavePackage: Save=5.565066ms
[2015.10.27-23.19.27:830][525]LogSavePackage: Moving '../../../../../../Users/luisr_000/Documents/Game-Files/SuperSpaceArmada/Saved/BottomHUD039A9CEE4D9A833F9C4CD395DDD3BB88.tmp' to '../../../../../../Users/luisr_000/Documents/Game-Files/SuperSpaceArmada/Content/SSA/UI/OldStuff/BottomHUD.uasset'
[2015.10.27-23.19.27:832][525]LogSavePackage: Total save time: 7.754229ms
[2015.10.27-23.19.27:832][525]LogSavePackage:Warning: Finished SavePackage ../../../../../../Users/luisr_000/Documents/Game-Files/SuperSpaceArmada/Content/SSA/UI/OldStuff/BottomHUD.uasset
[2015.10.27-23.19.27:845][525]Cmd: OBJ SAVEPACKAGE PACKAGE="/Game/SSA/UI/OldStuff/LeftSideHUD" FILE="../../../../../../Users/luisr_000/Documents/Game-Files/SuperSpaceArmada/Content/SSA/UI/OldStuff/LeftSideHUD.uasset" SILENT=true
[2015.10.27-23.19.27:852][525]LogSavePackage: Save=5.766491ms
[2015.10.27-23.19.27:852][525]LogSavePackage: Moving '../../../../../../Users/luisr_000/Documents/Game-Files/SuperSpaceArmada/Saved/LeftSideHUDE5A50CC941DA84643290DC98593CFA7F.tmp' to '../../../../../../Users/luisr_000/Documents/Game-Files/SuperSpaceArmada/Content/SSA/UI/OldStuff/LeftSideHUD.uasset'
[2015.10.27-23.19.27:854][525]LogSavePackage: Total save time: 7.766206ms
[2015.10.27-23.19.27:854][525]LogSavePackage:Warning: Finished SavePackage ../../../../../../Users/luisr_000/Documents/Game-Files/SuperSpaceArmada/Content/SSA/UI/OldStuff/LeftSideHUD.uasset
[2015.10.27-23.19.27:899][525]LogActorComponent: UnregisterComponent: (/Engine/Transient.CharMoveComp) Not registered. Aborting.
[2015.10.27-23.19.27:899][525]LogActorComponent: UnregisterComponent: (/Engine/Transient.CharacterMovementComponent_0) Not registered. Aborting.
[2015.10.27-23.19.28:093][525]LogParticles: Destroying 0 GPU particle simulations for FXSystem 0x00000033A4C55620
[2015.10.27-23.19.28:098][525]LogParticles: Destroying 0 GPU particle simulations for FXSystem 0x00000033A4C54FE0
[2015.10.27-23.19.28:098][525]LogParticles: Destroying 0 GPU particle simulations for FXSystem 0x00000033CDE92DE0
[2015.10.27-23.19.28:099][525]LogParticles: Destroying 0 GPU particle simulations for FXSystem 0x00000033E0841DA0
[2015.10.27-23.19.48:425][216]LogFactory: FactoryCreateBinary: Texture with ReimportTextureFactory (0 0 C:\Users\luisr_000\Desktop\Super Space Armada\UI\ShipSelectionCarousel_leftArrow.png)
[2015.10.27-23.19.48:429][216]LogTexture:Display: Building textures: ShipSelectionCarousel_leftArrow (BGRA8)
[2015.10.27-23.20.16:737][981]LogFactory: FactoryCreateBinary: Texture with ReimportTextureFactory (0 0 C:\Users\luisr_000\Desktop\Super Space Armada\UI\ShipSelectionCarousel_rightArrow.png)
[2015.10.27-23.20.16:772][981]LogTexture:Display: Building textures: ShipSelectionCarousel_rightArrow (BGRA8)
[2015.10.27-23.20.34:742][ 35]LogFactory: FactoryCreateBinary: Texture with ReimportTextureFactory (0 0 C:\Users\luisr_000\Desktop\Super Space Armada\UI\ShipSelectionCarousel_shipInfo.png)
[2015.10.27-23.20.35:765][ 35]LogTexture:Display: Building textures: ShipSelectionCarousel_shipInfo (BGRA8)
[2015.10.27-23.20.38:364][ 35]LogFactory: FactoryCreateBinary: Texture with ReimportTextureFactory (0 0 C:\Users\luisr_000\Desktop\Super Space Armada\UI\ShipSelectionCarousel_topBar.png)
[2015.10.27-23.20.38:392][ 35]LogTexture:Display: Building textures: ShipSelectionCarousel_topBar (BGRA8)
[2015.10.27-23.20.38:489][ 35]LogFactory: FactoryCreateBinary: Texture with ReimportTextureFactory (0 0 C:\Users\luisr_000\Desktop\Super Space Armada\UI\ShipSelectionCarousel_bottomBar.png)
[2015.10.27-23.20.38:513][ 35]LogTexture:Display: Building textures: ShipSelectionCarousel_bottomBar (BGRA8)
[2015.10.27-23.20.38:544][ 35]LogFactory: FactoryCreateBinary: Texture with ReimportTextureFactory (0 0 C:\Users\luisr_000\Desktop\Super Space Armada\UI\ShipSelectionCarousel_previewImageBoxesEg.png)
[2015.10.27-23.20.38:636][ 35]LogTexture:Display: Building textures: ShipSelectionCarousel_previewImageBoxesEg (BGRA8)
[2015.10.27-23.21.31:995][872]LogActorComponent: UnregisterComponent: (/Engine/Transient.CharMoveComp) Not registered. Aborting.
[2015.10.27-23.21.31:995][872]LogActorComponent: UnregisterComponent: (/Engine/Transient.CharacterMovementComponent_1) Not registered. Aborting.
[2015.10.27-23.21.32:234][872]LogSavePackage: Save=178.189026ms
[2015.10.27-23.21.32:235][872]LogSavePackage: Moving '../../../../../../Users/luisr_000/Documents/Game-Files/SuperSpaceArmada/Saved/Home_KratakosFA87BD504B87B66C1029CB8ECF08DD63.tmp' to '../../../../../../Users/luisr_000/Documents/Game-Files/SuperSpaceArmada/Content/SSA/Maps/Home_Kratakos.umap'
[2015.10.27-23.21.32:252][872]LogSavePackage: Total save time: 238.543034ms
[2015.10.27-23.21.32:252][872]LogSavePackage:Warning: Finished SavePackage ../../../../../../Users/luisr_000/Documents/Game-Files/SuperSpaceArmada/Content/SSA/Maps/Home_Kratakos.umap
[2015.10.27-23.21.53:802][169]LogSavePackage: Save=12.327564ms
[2015.10.27-23.21.53:802][169]LogSavePackage: Moving '../../../../../../Users/luisr_000/Documents/Game-Files/SuperSpaceArmada/Saved/ShipSelectionCarousel_topBar9A45254F4B9EF05FCA9DCCA7C2E5ED68.tmp' to '../../../../../../Users/luisr_000/Documents/Game-Files/SuperSpaceArmada/Content/SSA/UI/ShipSelectionCarousel_topBar.uasset'
[2015.10.27-23.21.53:804][169]LogSavePackage: Total save time: 14.516726ms
[2015.10.27-23.21.53:804][169]LogSavePackage:Warning: Finished SavePackage ../../../../../../Users/luisr_000/Documents/Game-Files/SuperSpaceArmada/Content/SSA/UI/ShipSelectionCarousel_topBar.uasset
[2015.10.27-23.21.55:089][169]LogSavePackage: Save=1273.267700ms
[2015.10.27-23.21.55:089][169]LogSavePackage: Moving '../../../../../../Users/luisr_000/Documents/Game-Files/SuperSpaceArmada/Saved/ShipSelectionCarousel_0005CF266D49033BF828AFEBA5749A2700.tmp' to '../../../../../../Users/luisr_000/Documents/Game-Files/SuperSpaceArmada/Content/SSA/UI/ShipSelectionCarousel_00.uasset'
[2015.10.27-23.21.55:091][169]LogSavePackage: Total save time: 1275.547110ms
[2015.10.27-23.21.55:091][169]LogSavePackage:Warning: Finished SavePackage ../../../../../../Users/luisr_000/Documents/Game-Files/SuperSpaceArmada/Content/SSA/UI/ShipSelectionCarousel_00.uasset
[2015.10.27-23.21.55:888][169]LogSavePackage: Save=787.243225ms
[2015.10.27-23.21.55:888][169]LogSavePackage: Moving '../../../../../../Users/luisr_000/Documents/Game-Files/SuperSpaceArmada/Saved/ShipSelectionCarousel_shipInfoA484DAEB47D062796388B1B39A473411.tmp' to '../../../../../../Users/luisr_000/Documents/Game-Files/SuperSpaceArmada/Content/SSA/UI/ShipSelectionCarousel_shipInfo.uasset'
[2015.10.27-23.21.55:890][169]LogSavePackage: Total save time: 789.503396ms
[2015.10.27-23.21.55:890][169]LogSavePackage:Warning: Finished SavePackage ../../../../../../Users/luisr_000/Documents/Game-Files/SuperSpaceArmada/Content/SSA/UI/ShipSelectionCarousel_shipInfo.uasset
[2015.10.27-23.21.55:913][169]LogSavePackage: Save=10.254296ms
[2015.10.27-23.21.55:913][169]LogSavePackage: Moving '../../../../../../Users/luisr_000/Documents/Game-Files/SuperSpaceArmada/Saved/ShipSelectionCarousel_rightArrow354AC64045AA5BF07273FB968B16E06B.tmp' to '../../../../../../Users/luisr_000/Documents/Game-Files/SuperSpaceArmada/Content/SSA/UI/ShipSelectionCarousel_rightArrow.uasset'
[2015.10.27-23.21.55:915][169]LogSavePackage: Total save time: 12.133412ms
[2015.10.27-23.21.55:915][169]LogSavePackage:Warning: Finished SavePackage ../../../../../../Users/luisr_000/Documents/Game-Files/SuperSpaceArmada/Content/SSA/UI/ShipSelectionCarousel_rightArrow.uasset
[2015.10.27-23.21.55:937][169]LogSavePackage: Save=9.203977ms
[2015.10.27-23.21.55:937][169]LogSavePackage: Moving '../../../../../../Users/luisr_000/Documents/Game-Files/SuperSpaceArmada/Saved/ShipSelectionCarousel_leftArrow25BAAFDA4437AB018D20C191A7DF83DA.tmp' to '../../../../../../Users/luisr_000/Documents/Game-Files/SuperSpaceArmada/Content/SSA/UI/ShipSelectionCarousel_leftArrow.uasset'
[2015.10.27-23.21.55:939][169]LogSavePackage: Total save time: 11.355508ms
[2015.10.27-23.21.55:939][169]LogSavePackage:Warning: Finished SavePackage ../../../../../../Users/luisr_000/Documents/Game-Files/SuperSpaceArmada/Content/SSA/UI/ShipSelectionCarousel_leftArrow.uasset
[2015.10.27-23.21.55:958][169]LogSavePackage: Save=12.220651ms
[2015.10.27-23.21.55:958][169]LogSavePackage: Moving '../../../../../../Users/luisr_000/Documents/Game-Files/SuperSpaceArmada/Saved/ShipSelectionCarousel_bottomBarB1DA9F494501F2AFA51A7FA2721ABCEA.tmp' to '../../../../../../Users/luisr_000/Documents/Game-Files/SuperSpaceArmada/Content/SSA/UI/ShipSelectionCarousel_bottomBar.uasset'
[2015.10.27-23.21.55:960][169]LogSavePackage: Total save time: 14.107890ms
[2015.10.27-23.21.55:960][169]LogSavePackage:Warning: Finished SavePackage ../../../../../../Users/luisr_000/Documents/Game-Files/SuperSpaceArmada/Content/SSA/UI/ShipSelectionCarousel_bottomBar.uasset
[2015.10.27-23.21.56:091][169]LogSavePackage: Save=121.057831ms
[2015.10.27-23.21.56:091][169]LogSavePackage: Moving '../../../../../../Users/luisr_000/Documents/Game-Files/SuperSpaceArmada/Saved/ShipSelectionCarousel_previewImageBoxesEg396F371F4B41FF49F3C5399C1AE637ED.tmp' to '../../../../../../Users/luisr_000/Documents/Game-Files/SuperSpaceArmada/Content/SSA/UI/ShipSelectionCarousel_previewImageBoxesEg.uasset'
[2015.10.27-23.21.56:093][169]LogSavePackage: Total save time: 123.227745ms
[2015.10.27-23.21.56:093][169]LogSavePackage:Warning: Finished SavePackage ../../../../../../Users/luisr_000/Documents/Game-Files/SuperSpaceArmada/Content/SSA/UI/ShipSelectionCarousel_previewImageBoxesEg.uasset
[2015.10.27-23.21.58:334][286]LogWindowsTextInputMethodSystem:Display: IME system now deactivated.
[2015.10.27-23.21.58:334][286]LogWindowsTextInputMethodSystem:Display: IME system now deactivated.
[2015.10.27-23.21.58:635][287]Cmd: QUIT_EDITOR
[2015.10.27-23.21.58:889][287]LogExit: Preparing to exit.
[2015.10.27-23.21.59:505][287]LogExit: Editor shut down
[2015.10.27-23.21.59:505][287]LogExit: Transaction tracking system shut down
[2015.10.27-23.21.59:510][287]LogParticles: Destroying 0 GPU particle simulations for FXSystem 0x000000339548EE80
[2015.10.27-23.21.59:510][287]LogParticles: Destroying 0 GPU particle simulations for FXSystem 0x000000339E0534C0
[2015.10.27-23.21.59:510][287]LogParticles: Destroying 0 GPU particle simulations for FXSystem 0x000000339E7DC4A0
[2015.10.27-23.21.59:510][287]LogParticles: Destroying 0 GPU particle simulations for FXSystem 0x00000033A4D1FD80
[2015.10.27-23.21.59:510][287]LogParticles: Destroying 0 GPU particle simulations for FXSystem 0x00000033A4D1FB00
[2015.10.27-23.21.59:510][287]LogParticles: Destroying 0 GPU particle simulations for FXSystem 0x00000033A4D1F9C0
[2015.10.27-23.21.59:510][287]LogParticles: Destroying 0 GPU particle simulations for FXSystem 0x00000033CCE49120
[2015.10.27-23.21.59:724][287]LogExit: Object subsystem successfully closed.
[2015.10.27-23.21.59:747][287]LogD3D11RHI: Shutdown
[2015.10.27-23.21.59:747][287]LogD3D11RHI: CleanupD3DDevice
[2015.10.27-23.21.59:815][287]LogD3D11RHI: ~FD3D11DynamicRHI
[2015.10.27-23.21.59:834][287]LogModuleManager: Shutting down and abandoning module TextureEditor (200)
[2015.10.27-23.21.59:834][287]LogModuleManager: Shutting down and abandoning module CrashTracker (199)
[2015.10.27-23.21.59:834][287]LogModuleManager: Shutting down and abandoning module SceneOutliner (198)
[2015.10.27-23.21.59:834][287]LogModuleManager: Shutting down and abandoning module SuperSearch (197)
[2015.10.27-23.21.59:834][287]LogModuleManager: Shutting down and abandoning module WidgetCarousel (196)
[2015.10.27-23.21.59:834][287]LogModuleManager: Shutting down and abandoning module AddContentDialog (195)
[2015.10.27-23.21.59:835][287]LogModuleManager: Shutting down and abandoning module EditorWidgets (194)
[2015.10.27-23.21.59:835][287]LogModuleManager: Shutting down and abandoning module CollectionManager (193)
[2015.10.27-23.21.59:835][287]LogModuleManager: Shutting down and abandoning module StatsViewer (192)
[2015.10.27-23.21.59:835][287]LogModuleManager: Shutting down and abandoning module FoliageEdit (191)
[2015.10.27-23.21.59:835][287]LogModuleManager: Shutting down and abandoning module LandscapeEditor (190)
[2015.10.27-23.21.59:835][287]LogModuleManager: Shutting down and abandoning module ActorPickerMode (189)
[2015.10.27-23.21.59:835][287]LogModuleManager: Shutting down and abandoning module GeometryMode (188)
[2015.10.27-23.21.59:835][287]LogModuleManager: Shutting down and abandoning module TextureAlignMode (187)
[2015.10.27-23.21.59:835][287]LogModuleManager: Shutting down and abandoning module BspMode (186)
[2015.10.27-23.21.59:836][287]LogModuleManager: Shutting down and abandoning module PlacementMode (185)
[2015.10.27-23.21.59:836][287]LogModuleManager: Shutting down and abandoning module AutomationWorker (184)
[2015.10.27-23.21.59:836][287]LogModuleManager: Shutting down and abandoning module CharacterAI (183)
[2015.10.27-23.21.59:836][287]LogModuleManager: Shutting down and abandoning module SmartSnapping (182)
[2015.10.27-23.21.59:836][287]LogModuleManager: Shutting down and abandoning module ViewportSnapping (181)
[2015.10.27-23.21.59:836][287]LogModuleManager: Shutting down and abandoning module LogVisualizer (180)
[2015.10.27-23.21.59:836][287]LogModuleManager: Shutting down and abandoning module GameProjectGeneration (179)
[2015.10.27-23.21.59:836][287]LogModuleManager: Shutting down and abandoning module IntroTutorials (178)
[2015.10.27-23.21.59:836][287]LogModuleManager: Shutting down and abandoning module EditorLiveStreaming (177)
[2015.10.27-23.21.59:836][287]LogModuleManager: Shutting down and abandoning module IOSPlatformEditor (176)
[2015.10.27-23.21.59:836][287]LogModuleManager: Shutting down and abandoning module HTML5PlatformEditor (175)
[2015.10.27-23.21.59:836][287]LogModuleManager: Shutting down and abandoning module AndroidDeviceDetection (174)
[2015.10.27-23.21.59:943][287]LogModuleManager: Shutting down and abandoning module AndroidPlatformEditor (173)
[2015.10.27-23.21.59:943][287]LogModuleManager: Shutting down and abandoning module IOSRuntimeSettings (172)
[2015.10.27-23.21.59:943][287]LogModuleManager: Shutting down and abandoning module AndroidRuntimeSettings (171)
[2015.10.27-23.21.59:943][287]LogModuleManager: Shutting down and abandoning module MergeActors (170)
[2015.10.27-23.21.59:943][287]LogModuleManager: Shutting down and abandoning module SizeMap (169)
[2015.10.27-23.21.59:943][287]LogModuleManager: Shutting down and abandoning module TreeMap (168)
[2015.10.27-23.21.59:943][287]LogModuleManager: Shutting down and abandoning module ReferenceViewer (167)
[2015.10.27-23.21.59:943][287]LogModuleManager: Shutting down and abandoning module LocalizationService (166)
[2015.10.27-23.21.59:943][287]LogModuleManager: Shutting down and abandoning module LocalizationDashboard (165)
[2015.10.27-23.21.59:943][287]LogModuleManager: Shutting down and abandoning module HardwareTargeting (164)
[2015.10.27-23.21.59:943][287]LogModuleManager: Shutting down and abandoning module DeviceProfileEditor (163)
[2015.10.27-23.21.59:943][287]LogModuleManager: Shutting down and abandoning module UndoHistory (162)
[2015.10.27-23.21.59:943][287]LogModuleManager: Shutting down and abandoning module GameplayTagsEditor (161)
[2015.10.27-23.21.59:943][287]LogModuleManager: Shutting down and abandoning module UserFeedback (160)
[2015.10.27-23.21.59:943][287]LogModuleManager: Shutting down and abandoning module XmlParser (159)
[2015.10.27-23.21.59:943][287]LogModuleManager: Shutting down and abandoning module Blutility (158)
[2015.10.27-23.21.59:943][287]LogModuleManager: Shutting down and abandoning module ProjectTargetPlatformEditor (157)
[2015.10.27-23.21.59:943][287]LogModuleManager: Shutting down and abandoning module ProjectSettingsViewer (156)
[2015.10.27-23.21.59:943][287]LogModuleManager: Shutting down and abandoning module InputBindingEditor (155)
[2015.10.27-23.21.59:943][287]LogModuleManager: Shutting down and abandoning module EditorSettingsViewer (154)
[2015.10.27-23.21.59:943][287]LogModuleManager: Shutting down and abandoning module SettingsEditor (153)
[2015.10.27-23.21.59:943][287]LogModuleManager: Shutting down and abandoning module ProjectLauncher (152)
[2015.10.27-23.21.59:943][287]LogModuleManager: Shutting down and abandoning module SessionFrontend (151)
[2015.10.27-23.21.59:943][287]LogModuleManager: Shutting down and abandoning module ProfilerClient (150)
[2015.10.27-23.21.59:943][287]LogModuleManager: Shutting down and abandoning module TargetDeviceServices (149)
[2015.10.27-23.21.59:943][287]LogModuleManager: Shutting down and abandoning module DeviceManager (148)
[2015.10.27-23.21.59:943][287]LogModuleManager: Shutting down and abandoning module AutomationController (147)
[2015.10.27-23.21.59:943][287]LogModuleManager: Shutting down and abandoning module AutomationWindow (146)
[2015.10.27-23.21.59:943][287]LogModuleManager: Shutting down and abandoning module Layers (145)
[2015.10.27-23.21.59:944][287]LogModuleManager: Shutting down and abandoning module ComponentVisualizers (144)
[2015.10.27-23.21.59:944][287]LogModuleManager: Shutting down and abandoning module DetailCustomizations (143)
[2015.10.27-23.21.59:944][287]LogModuleManager: Shutting down and abandoning module PackagesDialog (142)
[2015.10.27-23.21.59:944][287]LogModuleManager: Shutting down and abandoning module Persona (141)
[2015.10.27-23.21.59:944][287]LogModuleManager: Shutting down and abandoning module Kismet (140)
[2015.10.27-23.21.59:944][287]LogModuleManager: Shutting down and abandoning module GraphEditor (139)
[2015.10.27-23.21.59:944][287]LogModuleManager: Shutting down and abandoning module ClassViewer (138)
[2015.10.27-23.21.59:944][287]LogModuleManager: Shutting down and abandoning module Toolbox (137)
[2015.10.27-23.21.59:944][287]LogModuleManager: Shutting down and abandoning module ModuleUI (136)
[2015.10.27-23.21.59:944][287]LogModuleManager: Shutting down and abandoning module MovieSceneTools (135)
[2015.10.27-23.21.59:944][287]LogModuleManager: Shutting down and abandoning module OutputLog (134)
[2015.10.27-23.21.59:944][287]LogModuleManager: Shutting down and abandoning module GammaUI (133)
[2015.10.27-23.21.59:944][287]LogModuleManager: Shutting down and abandoning module Documentation (132)
[2015.10.27-23.21.59:944][287]LogModuleManager: Shutting down and abandoning module GameLiveStreaming (131)
[2015.10.27-23.21.59:944][287]LogModuleManager: Shutting down and abandoning module StreamingPauseRendering (130)
[2015.10.27-23.21.59:944][287]LogModuleManager: Shutting down and abandoning module AnalyticsET (129)
[2015.10.27-23.21.59:944][287]LogModuleManager: Shutting down and abandoning module Analytics (128)
[2015.10.27-23.21.59:944][287]LogModuleManager: Shutting down and abandoning module AITestSuite (127)
[2015.10.27-23.21.59:944][287]LogModuleManager: Shutting down and abandoning module GameplayDebugger (126)
[2015.10.27-23.21.59:944][287]LogModuleManager: Shutting down and abandoning module AIModule (125)
[2015.10.27-23.21.59:944][287]LogModuleManager: Shutting down and abandoning module ProfilerService (124)
[2015.10.27-23.22.00:030][287]LogModuleManager: Shutting down and abandoning module TaskGraph (123)
[2015.10.27-23.22.00:030][287]LogModuleManager: Shutting down and abandoning module SubstanceEditor (122)
[2015.10.27-23.22.00:030][287]LogModuleManager: Shutting down and abandoning module SlateRemote (121)
[2015.10.27-23.22.00:030][287]LogModuleManager: Shutting down and abandoning module SteamVRController (120)
[2015.10.27-23.22.00:030][287]LogModuleManager: Shutting down and abandoning module SteamVR (119)
[2015.10.27-23.22.00:030][287]LogModuleManager: Shutting down and abandoning module ProceduralMeshComponent (118)
[2015.10.27-23.22.00:030][287]LogModuleManager: Shutting down and abandoning module OculusRift (117)
[2015.10.27-23.22.00:030][287]LogModuleManager: Shutting down and abandoning module OculusLibrary (116)
[2015.10.27-23.22.00:030][287]LogModuleManager: Shutting down and abandoning module LeapMotionController (115)
[2015.10.27-23.22.00:045][287]LogModuleManager: Shutting down and abandoning module CustomMeshComponent (114)
[2015.10.27-23.22.00:045][287]LogModuleManager: Shutting down and abandoning module CableComponent (113)
[2015.10.27-23.22.00:045][287]LogModuleManager: Shutting down and abandoning module ArchVisCharacter (112)
[2015.10.27-23.22.00:045][287]LogModuleManager: Shutting down and abandoning module MessagingDebugger (111)
[2015.10.27-23.22.00:045][287]LogModuleManager: Shutting down and abandoning module MediaPlayerEditor (110)
[2015.10.27-23.22.00:045][287]LogModuleManager: Shutting down and abandoning module HTML5Networking (109)
[2015.10.27-23.22.00:045][287]LogModuleManager: Shutting down and abandoning module SpeedTreeImporter (108)
[2015.10.27-23.22.00:045][287]LogModuleManager: Shutting down and abandoning module PluginBrowser (107)
[2015.10.27-23.22.00:045][287]LogModuleManager: Shutting down and abandoning module EpicSurvey (106)
[2015.10.27-23.22.00:045][287]LogModuleManager: Shutting down and abandoning module DesktopPlatform (105)
[2015.10.27-23.22.00:045][287]LogModuleManager: Shutting down and abandoning module VisualStudioSourceCodeAccess (104)
[2015.10.27-23.22.00:045][287]LogModuleManager: Shutting down and abandoning module UObjectPlugin (103)
[2015.10.27-23.22.00:045][287]LogModuleManager: Shutting down and abandoning module SubversionSourceControl (102)
[2015.10.27-23.22.00:045][287]LogModuleManager: Shutting down and abandoning module PerforceSourceControl (101)
[2015.10.27-23.22.00:045][287]LogModuleManager: Shutting down and abandoning module SourceControl (100)
[2015.10.27-23.22.00:045][287]LogModuleManager: Shutting down and abandoning module GitSourceControl (99)
[2015.10.27-23.22.00:045][287]LogModuleManager: Shutting down and abandoning module LightPropagationVolumeEditor (98)
[2015.10.27-23.22.00:045][287]LogModuleManager: Shutting down and abandoning module PaperTiledImporter (97)
[2015.10.27-23.22.00:045][287]LogModuleManager: Shutting down and abandoning module PaperSpriteSheetImporter (96)
[2015.10.27-23.22.00:045][287]LogModuleManager: Shutting down and abandoning module MeshPaint (95)
[2015.10.27-23.22.00:045][287]LogModuleManager: Shutting down and abandoning module SlateReflector (94)
[2015.10.27-23.22.00:045][287]LogModuleManager: Shutting down and abandoning module HotReload (93)
[2015.10.27-23.22.00:045][287]LogModuleManager: Shutting down and abandoning module MainFrame (92)
[2015.10.27-23.22.00:045][287]LogModuleManager: Shutting down and abandoning module LevelEditor (91)
[2015.10.27-23.22.00:046][287]LogModuleManager: Shutting down and abandoning module ContentBrowser (90)
[2015.10.27-23.22.00:047][287]LogModuleManager: Shutting down and abandoning module Paper2DEditor (89)
[2015.10.27-23.22.00:047][287]LogModuleManager: Shutting down and abandoning module UdpMessaging (88)
[2015.10.27-23.22.00:148][287]LogModuleManager: Shutting down and abandoning module DirectoryWatcher (87)
[2015.10.27-23.22.00:148][287]LogModuleManager: Shutting down and abandoning module AssetRegistry (86)
[2015.10.27-23.22.00:269][287]LogModuleManager: Shutting down and abandoning module SubstanceCore (85)
[2015.10.27-23.22.00:269][287]LogModuleManager: Shutting down and abandoning module LightPropagationVolumeRuntime (84)
[2015.10.27-23.22.00:269][287]LogModuleManager: Shutting down and abandoning module Paper2D (83)
[2015.10.27-23.22.00:269][287]LogModuleManager: Shutting down and abandoning module WindowsMoviePlayer (82)
[2015.10.27-23.22.00:272][287]LogModuleManager: Shutting down and abandoning module Media (81)
[2015.10.27-23.22.00:272][287]LogModuleManager: Shutting down and abandoning module WmfMedia (80)
[2015.10.27-23.22.00:272][287]LogModuleManager: Shutting down and abandoning module OnlineBlueprintSupport (79)
[2015.10.27-23.22.00:272][287]LogModuleManager: Shutting down and abandoning module GameplayTasksEditor (78)
[2015.10.27-23.22.00:272][287]LogModuleManager: Shutting down and abandoning module PropertyEditor (77)
[2015.10.27-23.22.00:272][287]LogModuleManager: Shutting down and abandoning module BehaviorTreeEditor (76)
[2015.10.27-23.22.00:272][287]LogModuleManager: Shutting down and abandoning module FunctionalTesting (75)
[2015.10.27-23.22.00:272][287]LogModuleManager: Shutting down and abandoning module CollisionAnalyzer (74)
[2015.10.27-23.22.00:272][287]LogModuleManager: Shutting down and abandoning module WorkspaceMenuStructure (73)
[2015.10.27-23.22.00:272][287]LogModuleManager: Shutting down and abandoning module MessageLog (72)
[2015.10.27-23.22.00:272][287]LogModuleManager: Shutting down and abandoning module Sequencer (71)
[2015.10.27-23.22.00:272][287]LogModuleManager: Shutting down and abandoning module AssetTools (70)
[2015.10.27-23.22.00:272][287]LogModuleManager: Shutting down and abandoning module UMGEditor (69)
[2015.10.27-23.22.00:272][287]LogModuleManager: Shutting down and abandoning module UMG (68)
[2015.10.27-23.22.00:272][287]LogModuleManager: Shutting down and abandoning module Slate (67)
[2015.10.27-23.22.00:272][287]LogModuleManager: Shutting down and abandoning module EditorStyle (66)
[2015.10.27-23.22.00:274][287]LogModuleManager: Shutting down and abandoning module SessionServices (65)
[2015.10.27-23.22.00:274][287]LogModuleManager: Shutting down and abandoning module SourceCodeAccess (64)
[2015.10.27-23.22.00:274][287]LogModuleManager: Shutting down and abandoning module HeadMountedDisplay (63)
[2015.10.27-23.22.00:274][287]LogModuleManager: Shutting down and abandoning module XAudio2 (62)
[2015.10.27-23.22.00:274][287]LogModuleManager: Shutting down and abandoning module Networking (60)
[2015.10.27-23.22.00:274][287]LogModuleManager: Shutting down and abandoning module Core (59)
[2015.10.27-23.22.00:274][287]LogModuleManager: Shutting down and abandoning module KismetCompiler (58)
[2015.10.27-23.22.00:274][287]LogModuleManager: Shutting down and abandoning module PhysXFormats (57)
[2015.10.27-23.22.00:274][287]LogModuleManager: Shutting down and abandoning module MeshUtilities (56)
[2015.10.27-23.22.00:274][287]LogModuleManager: Shutting down and abandoning module CookingStats (55)
[2015.10.27-23.22.00:276][287]LogModuleManager: Shutting down and abandoning module DerivedDataCache (54)
[2015.10.27-23.22.00:330][287]LogDerivedDataCache: Shutdown
[2015.10.27-23.22.00:330][287]LogModuleManager: Shutting down and abandoning module ShaderFormatOpenGL (53)
[2015.10.27-23.22.00:330][287]LogModuleManager: Shutting down and abandoning module ShaderFormatD3D (52)
[2015.10.27-23.22.00:330][287]LogModuleManager: Shutting down and abandoning module MetalShaderFormat (51)
[2015.10.27-23.22.00:330][287]LogModuleManager: Shutting down and abandoning module TextureFormatUncompressed (50)
[2015.10.27-23.22.00:330][287]LogModuleManager: Shutting down and abandoning module TextureFormatPVR (49)
[2015.10.27-23.22.00:330][287]LogModuleManager: Shutting down and abandoning module TextureFormatIntelISPCTexComp (48)
[2015.10.27-23.22.00:330][287]LogModuleManager: Shutting down and abandoning module TextureFormatDXT (47)
[2015.10.27-23.22.00:330][287]LogModuleManager: Shutting down and abandoning module ImageWrapper (46)
[2015.10.27-23.22.00:330][287]LogModuleManager: Shutting down and abandoning module TextureFormatASTC (45)
[2015.10.27-23.22.00:330][287]LogModuleManager: Shutting down and abandoning module TextureFormatAndroid (44)
[2015.10.27-23.22.00:330][287]LogModuleManager: Shutting down and abandoning module AudioFormatOpus (43)
[2015.10.27-23.22.00:330][287]LogModuleManager: Shutting down and abandoning module AudioFormatOgg (42)
[2015.10.27-23.22.00:330][287]LogModuleManager: Shutting down and abandoning module AudioFormatADPCM (41)
[2015.10.27-23.22.00:330][287]LogModuleManager: Shutting down and abandoning module LinuxTargetPlatform (40)
[2015.10.27-23.22.00:330][287]LogModuleManager: Shutting down and abandoning module LinuxServerTargetPlatform (39)
[2015.10.27-23.22.00:330][287]LogModuleManager: Shutting down and abandoning module LinuxNoEditorTargetPlatform (38)
[2015.10.27-23.22.00:330][287]LogModuleManager: Shutting down and abandoning module Messaging (37)
[2015.10.27-23.22.00:330][287]LogModuleManager: Shutting down and abandoning module IOSTargetPlatform (36)
[2015.10.27-23.22.00:330][287]LogModuleManager: Shutting down and abandoning module HTML5TargetPlatform (35)
[2015.10.27-23.22.00:330][287]LogModuleManager: Shutting down and abandoning module Android_PVRTCTargetPlatform (34)
[2015.10.27-23.22.00:330][287]LogModuleManager: Shutting down and abandoning module Android_ETC2TargetPlatform (33)
[2015.10.27-23.22.00:330][287]LogModuleManager: Shutting down and abandoning module Android_ETC1TargetPlatform (32)
[2015.10.27-23.22.00:330][287]LogModuleManager: Shutting down and abandoning module Android_DXTTargetPlatform (31)
[2015.10.27-23.22.00:330][287]LogModuleManager: Shutting down and abandoning module Android_ATCTargetPlatform (30)
[2015.10.27-23.22.00:330][287]LogModuleManager: Shutting down and abandoning module Android_ASTCTargetPlatform (29)
[2015.10.27-23.22.00:330][287]LogModuleManager: Shutting down and abandoning module AndroidTargetPlatform (28)
[2015.10.27-23.22.00:330][287]LogModuleManager: Shutting down and abandoning module WindowsTargetPlatform (27)
[2015.10.27-23.22.00:330][287]LogModuleManager: Shutting down and abandoning module WindowsServerTargetPlatform (26)
[2015.10.27-23.22.00:330][287]LogModuleManager: Shutting down and abandoning module WindowsNoEditorTargetPlatform (25)
[2015.10.27-23.22.00:330][287]LogModuleManager: Shutting down and abandoning module WindowsClientTargetPlatform (24)
[2015.10.27-23.22.00:330][287]LogModuleManager: Shutting down and abandoning module AllDesktopTargetPlatform (23)
[2015.10.27-23.22.00:330][287]LogModuleManager: Shutting down and abandoning module TargetPlatform (22)
[2015.10.27-23.22.00:330][287]LogModuleManager: Shutting down and abandoning module InputCore (21)
[2015.10.27-23.22.00:330][287]LogModuleManager: Shutting down and abandoning module Settings (20)
[2015.10.27-23.22.00:330][287]LogModuleManager: Shutting down and abandoning module OnlineSubsystem (18)
[2015.10.27-23.22.00:330][287]LogModuleManager: Shutting down and abandoning module HTTP (17)
[2015.10.27-23.22.02:333][287]LogModuleManager: Shutting down and abandoning module XMPP (16)
[2015.10.27-23.22.02:333][287]LogModuleManager: Shutting down and abandoning module ExampleDeviceProfileSelector (15)
[2015.10.27-23.22.02:333][287]LogModuleManager: Shutting down and abandoning module TextureCompressor (14)
[2015.10.27-23.22.02:333][287]LogModuleManager: Shutting down and abandoning module ShaderCore (13)
[2015.10.27-23.22.02:333][287]LogModuleManager: Shutting down and abandoning module Landscape (12)
[2015.10.27-23.22.02:333][287]LogModuleManager: Shutting down and abandoning module SlateRHIRenderer (11)
[2015.10.27-23.22.02:334][287]LogModuleManager: Shutting down and abandoning module OpenGLDrv (10)
[2015.10.27-23.22.02:334][287]LogModuleManager: Shutting down and abandoning module D3D11RHI (9)
[2015.10.27-23.22.02:334][287]LogModuleManager: Shutting down and abandoning module AnimGraphRuntime (8)
[2015.10.27-23.22.02:334][287]LogModuleManager: Shutting down and abandoning module Renderer (7)
[2015.10.27-23.22.02:334][287]LogModuleManager: Shutting down and abandoning module Engine (6)
[2015.10.27-23.22.02:334][287]LogModuleManager: Shutting down and abandoning module CoreUObject (5)
[2015.10.27-23.22.02:334][287]LogModuleManager: Shutting down and abandoning module NetworkFile (4)
[2015.10.27-23.22.02:334][287]LogModuleManager: Shutting down and abandoning module StreamingFile (3)
[2015.10.27-23.22.02:334][287]LogModuleManager: Shutting down and abandoning module SandboxFile (2)
[2015.10.27-23.22.02:334][287]LogModuleManager: Shutting down and abandoning module PakFile (1)
[2015.10.27-23.22.02:334][287]LogExit: Exiting.
[2015.10.27-23.22.02:379][287]Log file closed, 10/27/15 19:22:02
