[2015.11.24-22.07.07:674][  0]Log file open, 11/24/15 17:07:07
[2015.11.24-22.07.07:674][  0]LogInit:Display: Running engine for game: SuperSpaceArmada
[2015.11.24-22.07.07:675][  0]LogInit:Display: RandInit(686443277) SRandInit(686443278).
[2015.11.24-22.07.07:675][  0]LogTaskGraph: Started task graph with 4 named threads and 7 total threads.
[2015.11.24-22.07.07:675][  0]LogStats: Stats thread started at 0.085467
[2015.11.24-22.07.07:675][  0]LogInit: Version: 4.9.1-2689999+++depot+UE4-Releases+4.9
[2015.11.24-22.07.07:675][  0]LogInit: API Version: 2672455
[2015.11.24-22.07.07:675][  0]LogInit: Compiled (64-bit): Sep 14 2015 04:12:03
[2015.11.24-22.07.07:675][  0]LogInit: Compiled with Visual C++: 18.00.21005.01
[2015.11.24-22.07.07:675][  0]LogInit: Build Configuration: Development
[2015.11.24-22.07.07:675][  0]LogInit: Branch Name: ++depot+UE4-Releases+4.9
[2015.11.24-22.07.07:675][  0]LogInit: Command line:  
[2015.11.24-22.07.07:675][  0]LogInit: Base directory: C:/Program Files/Unreal Engine/4.9/Engine/Binaries/Win64/
[2015.11.24-22.07.07:675][  0]LogInit: Rocket: 1
[2015.11.24-22.07.07:689][  0]LogInit: Using libcurl 7.41.0
[2015.11.24-22.07.07:689][  0]LogInit:  - built for x86_64-pc-win32
[2015.11.24-22.07.07:689][  0]LogInit:  - supports SSL with WinSSL
[2015.11.24-22.07.07:689][  0]LogInit:  - other features:
[2015.11.24-22.07.07:689][  0]LogInit:      CURL_VERSION_SSL
[2015.11.24-22.07.07:689][  0]LogInit:      CURL_VERSION_IPV6
[2015.11.24-22.07.07:689][  0]LogInit:      CURL_VERSION_ASYNCHDNS
[2015.11.24-22.07.07:689][  0]LogInit:      CURL_VERSION_LARGEFILE
[2015.11.24-22.07.07:689][  0]LogInit:      CURL_VERSION_IDN
[2015.11.24-22.07.07:689][  0]LogInit:  CurlRequestOptions (configurable via config and command line):
[2015.11.24-22.07.07:689][  0]LogInit:  - bVerifyPeer = true  - Libcurl will verify peer certificate
[2015.11.24-22.07.07:689][  0]LogInit:  - bUseHttpProxy = false  - Libcurl will NOT use HTTP proxy
[2015.11.24-22.07.07:689][  0]LogInit:  - bDontReuseConnections = false  - Libcurl will reuse connections
[2015.11.24-22.07.07:689][  0]LogInit:  - CertBundlePath = nullptr  - Libcurl will use whatever was configured at build time.
[2015.11.24-22.07.07:697][  0]LogInit: Presizing for 0 objects not considered by GC, pre-allocating 0 bytes.
[2015.11.24-22.07.07:703][  0]LogInit: Object subsystem initialized
[2015.11.24-22.07.07:704][  0]LogInit: Selected Device Profile: [Windows]
[2015.11.24-22.07.07:704][  0]LogInit: Applying CVar settings loaded from the selected device profile: [Windows]
[2015.11.24-22.07.07:713][  0]LogInit: Computer: LOU
[2015.11.24-22.07.07:713][  0]LogInit: User: LouIII
[2015.11.24-22.07.07:713][  0]LogInit: CPU Page size=4096, Cores=4
[2015.11.24-22.07.07:713][  0]LogInit: High frequency timer resolution =2.338333 MHz
[2015.11.24-22.07.07:713][  0]LogMemory: Memory total: Physical=15.9GB (16GB approx)
[2015.11.24-22.07.07:713][  0]LogMemory: Platform Memory Stats for Windows
[2015.11.24-22.07.07:713][  0]LogMemory: Process Physical Memory: 55.00 MB used, 55.00 MB peak
[2015.11.24-22.07.07:713][  0]LogMemory: Process Virtual Memory: 55.38 MB used, 55.38 MB peak
[2015.11.24-22.07.07:713][  0]LogMemory: Physical Memory: 5217.75 MB used, 16303.71 MB total
[2015.11.24-22.07.07:714][  0]LogMemory: Virtual Memory: 364.56 MB used, 134217728.00 MB total
[2015.11.24-22.07.07:751][  0]LogTextLocalizationManager: No specific translations for ('en-US') exist, so ('en') translations will be used.
[2015.11.24-22.07.08:491][  0]LogD3D11RHI: Found D3D11 adapter 0: NVIDIA GeForce GTX 765M     (Feature Level 11_0)
[2015.11.24-22.07.08:491][  0]LogD3D11RHI: Adapter has 1992MB of dedicated video memory, 0MB of dedicated system memory, and 8151MB of shared system memory, 1 output[s]
[2015.11.24-22.07.08:497][  0]LogD3D11RHI: Found D3D11 adapter 1: Intel(R) HD Graphics 4600 (Feature Level 11_0)
[2015.11.24-22.07.08:497][  0]LogD3D11RHI: Adapter has 112MB of dedicated video memory, 0MB of dedicated system memory, and 8151MB of shared system memory, 0 output[s]
[2015.11.24-22.07.08:499][  0]LogD3D11RHI: Found D3D11 adapter 2: Microsoft Basic Render Driver (Feature Level 11_0)
[2015.11.24-22.07.08:499][  0]LogD3D11RHI: Adapter has 0MB of dedicated video memory, 0MB of dedicated system memory, and 8151MB of shared system memory, 0 output[s]
[2015.11.24-22.07.08:499][  0]LogD3D11RHI: Chosen D3D11 Adapter Id = 0
[2015.11.24-22.07.08:504][  0]LogD3D11RHI: !Direct3DDevice
[2015.11.24-22.07.08:504][  0]LogRHI: Texture pool is 1361 MB (70% of 1945 MB)
[2015.11.24-22.07.08:518][  0]LogD3D11RHI: Async texture creation enabled
[2015.11.24-22.07.08:533][  0]LogShaderCompilers: Guid format shader working directory is 15 characters bigger than the processId version (../../../../../../Users/luisr_000/Documents/GitHub/Game-Files/SuperSpaceArmada/Intermediate/Shaders/WorkingDirectory/7968/).
[2015.11.24-22.07.08:533][  0]LogShaderCompilers: Cleaned the shader compiler working directory '../../../../../../Users/luisr_000/Documents/GitHub/Game-Files/SuperSpaceArmada/Intermediate/Shaders/tmp/91A6C84F4BCB4498497225B37449DB4A/'.
[2015.11.24-22.07.08:533][  0]LogShaderCompilers:Display: Using Local Shader Compiler.
[2015.11.24-22.07.09:572][  0]LogTemp:Display: Loaded TP AllDesktopTargetPlatform
[2015.11.24-22.07.09:578][  0]LogTemp:Display: Loaded TP WindowsClientTargetPlatform
[2015.11.24-22.07.09:584][  0]LogTemp:Display: Loaded TP WindowsNoEditorTargetPlatform
[2015.11.24-22.07.09:590][  0]LogTemp:Display: Loaded TP WindowsServerTargetPlatform
[2015.11.24-22.07.09:596][  0]LogTemp:Display: Loaded TP WindowsTargetPlatform
[2015.11.24-22.07.09:599][  0]LogTemp:Display: Loaded TP AndroidTargetPlatform
[2015.11.24-22.07.09:603][  0]LogTemp:Display: Loaded TP Android_ASTCTargetPlatform
[2015.11.24-22.07.09:606][  0]LogTemp:Display: Loaded TP Android_ATCTargetPlatform
[2015.11.24-22.07.09:609][  0]LogTemp:Display: Loaded TP Android_DXTTargetPlatform
[2015.11.24-22.07.09:613][  0]LogTemp:Display: Loaded TP Android_ETC1TargetPlatform
[2015.11.24-22.07.09:616][  0]LogTemp:Display: Loaded TP Android_ETC2TargetPlatform
[2015.11.24-22.07.09:620][  0]LogTemp:Display: Loaded TP Android_PVRTCTargetPlatform
[2015.11.24-22.07.09:621][  0]LogTemp:Display: Loaded TP HTML5TargetPlatform
[2015.11.24-22.07.09:639][  0]LogTemp:Display: Loaded TP IOSTargetPlatform
[2015.11.24-22.07.09:642][  0]LogTemp:Display: Loaded TP LinuxNoEditorTargetPlatform
[2015.11.24-22.07.09:646][  0]LogTemp:Display: Loaded TP LinuxServerTargetPlatform
[2015.11.24-22.07.09:650][  0]LogTemp:Display: Loaded TP LinuxTargetPlatform
[2015.11.24-22.07.09:650][  0]LogTargetPlatformManager:Display: Building Assets For Windows
[2015.11.24-22.07.09:737][  0]LogDerivedDataCache:Display: Max Cache Size: 512 MB
[2015.11.24-22.07.09:784][  0]LogDerivedDataCache: Loaded boot cache 0.05s 41MB C:/Users/luisr_000/AppData/Local/UnrealEngine/4.9/DerivedDataCache/Boot.ddc.
[2015.11.24-22.07.09:784][  0]LogDerivedDataCache:Display: Loaded Boot cache: C:/Users/luisr_000/AppData/Local/UnrealEngine/4.9/DerivedDataCache/Boot.ddc
[2015.11.24-22.07.09:784][  0]LogDerivedDataCache: FDerivedDataBackendGraph:  Pak pak cache file ../../../../../../Users/luisr_000/Documents/GitHub/Game-Files/SuperSpaceArmada/DerivedDataCache/DDC.ddp not found, will not use a pak cache.
[2015.11.24-22.07.09:784][  0]LogDerivedDataCache: Unable to find inner node Pak for hierarchical cache Hierarchy.
[2015.11.24-22.07.09:784][  0]LogDerivedDataCache: FDerivedDataBackendGraph:  CompressedPak pak cache file ../../../../../../Users/luisr_000/Documents/GitHub/Game-Files/SuperSpaceArmada/DerivedDataCache/Compressed.ddp not found, will not use a pak cache.
[2015.11.24-22.07.09:784][  0]LogDerivedDataCache: Unable to find inner node CompressedPak for hierarchical cache Hierarchy.
[2015.11.24-22.07.09:921][  0]LogDerivedDataCache:Display: Pak cache opened for reading ../../../Engine/DerivedDataCache/Compressed.ddp.
[2015.11.24-22.07.09:933][  0]LogDerivedDataCache: Using Local data cache path C:/Users/luisr_000/AppData/Local/UnrealEngine/Common/DerivedDataCache: Writable
[2015.11.24-22.07.10:096][  0]LogInit: Selected Device Profile: [Windows]
[2015.11.24-22.07.10:098][  0]LogContentStreaming: Texture pool size is 0.000000MB
[2015.11.24-22.07.10:236][  0]LogMeshUtilities: No automatic mesh reduction module available
[2015.11.24-22.07.10:236][  0]LogMeshUtilities: No automatic mesh merging module available
[2015.11.24-22.07.10:466][  0]LogInit: WinSock: version 1.1 (2.2), MaxSocks=32767, MaxUdp=65467
[2015.11.24-22.07.11:140][  0]LogAssetRegistry: FAssetRegistry took 0.0105 seconds to start up
[2015.11.24-22.07.11:159][  0]UdpMessaging: Initializing bridge on interface 0.0.0.0:0 to multicast group 230.0.0.1:6666.
[2015.11.24-22.07.11:404][  0]SourceControl: Info Source control is disabled
[2015.11.24-22.07.11:412][  0]SourceControl: Info Source control is disabled
[2015.11.24-22.07.11:423][  0]SourceControl: Info Source control is disabled
[2015.11.24-22.07.11:434][  0]SourceControl: Info Source control is disabled
[2015.11.24-22.07.11:570][  0]LogLinker:Warning: Asset '../../../Engine/Plugins/Runtime/LeapMotionController/Content/LM_PassthroughMaterial.uasset' has been saved with empty engine version. The asset will be loaded but may be incompatible.
[2015.11.24-22.07.11:657][  0]LogObj: 28528 objects as part of root set at end of initial load.
[2015.11.24-22.07.11:657][  0]LogUObjectAllocator: 6068456 out of 0 bytes used by permanent object pool.
[2015.11.24-22.07.11:710][  0]LogEngine: Initializing Engine...
[2015.11.24-22.07.11:713][  0]LogHMD: Can't find Oculus library dev build: is proper Runtime installed? Version: 0.7.0.0
[2015.11.24-22.07.11:713][  0]LogHMD: SteamVR failed to initialize.  Err: 110
[2015.11.24-22.07.11:828][  0]LogAIModule: Creating AISystem for world NewWorld
[2015.11.24-22.07.11:835][  0]LogInit: XAudio2 using 'Speakers (VIA HD Audio)' : 2 channels at 48 kHz using 32 bits per sample (channel mask 0x3)
[2015.11.24-22.07.11:841][  0]LogInit: FAudioDevice initialized.
[2015.11.24-22.07.11:862][  0]LogDerivedDataCache: Saved boot cache 0.02s 41MB C:/Users/luisr_000/AppData/Local/UnrealEngine/4.9/DerivedDataCache/Boot.ddc.
[2015.11.24-22.07.11:865][  0]LogInit: Texture streaming: Enabled
[2015.11.24-22.07.11:871][  0]LogAnalytics: Creating configured Analytics provider AnalyticsET
[2015.11.24-22.07.11:871][  0]LogAnalytics: [UEEditor.Rocket.Release] APIServer = http://et2.epicgames.com/ET2/. AppVersion = 4.9.1-2689999+++depot+UE4-Releases+4.9
[2015.11.24-22.07.11:871][  0]LogAnalytics: [UEEditor.Rocket.Release] SetUserId 06a592394ae99916f49c3d9c3c9f503a|b280ebf5e1b3428db734f63de3c232be|784865b8-3393-4bba-9a10-0fd663c4f742
[2015.11.24-22.07.11:871][  0]LogAnalytics: [UEEditor.Rocket.Release] AnalyticsET::StartSession
[2015.11.24-22.07.11:884][  0]LogWindowsTextInputMethodSystem:Display: IME system now deactivated.
[2015.11.24-22.07.11:884][  0]LogWindowsTextInputMethodSystem:Display: IME system now deactivated.
[2015.11.24-22.07.11:900][  0]LogInit: Transaction tracking system initialized
[2015.11.24-22.07.11:934][  0]BlueprintLog: New page: Editor Load
[2015.11.24-22.07.12:022][  0]LocalizationService: Info Localization service is disabled
[2015.11.24-22.07.12:118][  0]LogConsoleResponse:Display: 
[2015.11.24-22.07.12:242][  0]LogCook:Display: Done creating registry. It took  0.00s.
[2015.11.24-22.07.12:302][  0]LogFileCache: Scanning file cache for directory 'C:/Users/luisr_000/Documents/GitHub/Game-Files/SuperSpaceArmada/Content/' took 0.02s
[2015.11.24-22.07.12:302][  0]SourceControl: Info Source control is disabled
[2015.11.24-22.07.12:302][  0]Cmd: MAP LOAD FILE="../../../../../../Users/luisr_000/Documents/GitHub/Game-Files/SuperSpaceArmada/Content/SSA/Maps/Home_Kratakos.umap" TEMPLATE=0 SHOWPROGRESS=1 FEATURELEVEL=3
[2015.11.24-22.07.12:302][  0]LightingResults: New page: Lighting Build
[2015.11.24-22.07.12:305][  0]MapCheck: New page: Map Check
[2015.11.24-22.07.12:305][  0]LightingResults: New page: Lighting Build
[2015.11.24-22.07.12:318][  0]LogParticles: Destroying 0 GPU particle simulations for FXSystem 0x00000032E95C0400
[2015.11.24-22.07.12:394][  0]LogLinker:Warning: Asset '../../../../../../Users/luisr_000/Documents/GitHub/Game-Files/SuperSpaceArmada/Content/Mannequin/Animations/ThirdPerson_AnimBP.uasset' has been saved with empty engine version. The asset will be loaded but may be incompatible.
[2015.11.24-22.07.12:395][  0]LogLinker:Warning: Asset '../../../../../../Users/luisr_000/Documents/GitHub/Game-Files/SuperSpaceArmada/Content/Mannequin/Animations/ThirdPerson_Jump.uasset' has been saved with empty engine version. The asset will be loaded but may be incompatible.
[2015.11.24-22.07.12:397][  0]LogLinker:Warning: Asset '../../../../../../Users/luisr_000/Documents/GitHub/Game-Files/SuperSpaceArmada/Content/Mannequin/Animations/ThirdPersonJump_Loop.uasset' has been saved with empty engine version. The asset will be loaded but may be incompatible.
[2015.11.24-22.07.12:398][  0]LogLinker:Warning: Asset '../../../../../../Users/luisr_000/Documents/GitHub/Game-Files/SuperSpaceArmada/Content/Mannequin/Animations/ThirdPersonJump_Start.uasset' has been saved with empty engine version. The asset will be loaded but may be incompatible.
[2015.11.24-22.07.12:399][  0]LogLinker:Warning: Asset '../../../../../../Users/luisr_000/Documents/GitHub/Game-Files/SuperSpaceArmada/Content/Mannequin/Animations/ThirdPerson_IdleRun_2D.uasset' has been saved with empty engine version. The asset will be loaded but may be incompatible.
[2015.11.24-22.07.12:399][  0]LogLinker:Warning: Asset '../../../../../../Users/luisr_000/Documents/GitHub/Game-Files/SuperSpaceArmada/Content/Mannequin/Animations/ThirdPersonIdle.uasset' has been saved with empty engine version. The asset will be loaded but may be incompatible.
[2015.11.24-22.07.12:400][  0]LogLinker:Warning: Asset '../../../../../../Users/luisr_000/Documents/GitHub/Game-Files/SuperSpaceArmada/Content/Mannequin/Animations/ThirdPersonRun.uasset' has been saved with empty engine version. The asset will be loaded but may be incompatible.
[2015.11.24-22.07.12:401][  0]LogLinker:Warning: Asset '../../../../../../Users/luisr_000/Documents/GitHub/Game-Files/SuperSpaceArmada/Content/Mannequin/Animations/ThirdPersonWalk.uasset' has been saved with empty engine version. The asset will be loaded but may be incompatible.
[2015.11.24-22.07.16:566][  0]LogLinker:Warning: Can't find file '/Game/Geometry/Meshes/1M_Cube'
[2015.11.24-22.07.16:566][  0]LogLinker:Warning: Can't find file for asset '/Game/Geometry/Meshes/1M_Cube' while loading ../../../../../../Users/luisr_000/Documents/GitHub/Game-Files/SuperSpaceArmada/Content/SSA/Blueprints/Objects/Crystal_Spawner.uasset.
[2015.11.24-22.07.16:566][  0]LoadErrors:Error: Error /Game/SSA/Blueprints/Objects/Crystal_Spawner : Can't find file for asset. /Game/Geometry/Meshes/1M_Cube
[2015.11.24-22.07.16:567][  0]LogLinker:Warning: Can't find file '/Game/Geometry/Meshes/1M_Cube'
[2015.11.24-22.07.16:567][  0]LogLinker:Warning: Can't find file for asset '/Game/Geometry/Meshes/1M_Cube' while loading ../../../../../../Users/luisr_000/Documents/GitHub/Game-Files/SuperSpaceArmada/Content/SSA/Blueprints/Objects/Crystal_Spawner.uasset.
[2015.11.24-22.07.16:567][  0]LoadErrors:Error: Error /Game/SSA/Blueprints/Objects/Crystal_Spawner : Can't find file for asset. /Game/Geometry/Meshes/1M_Cube
[2015.11.24-22.07.16:569][  0]LogLinker:Warning: Can't find file '/Game/Geometry/Meshes/1M_Cube'
[2015.11.24-22.07.16:569][  0]LogLinker:Warning: Can't find file for asset '/Game/Geometry/Meshes/1M_Cube' while loading ../../../../../../Users/luisr_000/Documents/GitHub/Game-Files/SuperSpaceArmada/Content/SSA/Maps/Home_Kratakos.umap.
[2015.11.24-22.07.16:569][  0]LoadErrors:Error: Error /Game/SSA/Maps/Home_Kratakos : Can't find file for asset. /Game/Geometry/Meshes/1M_Cube
[2015.11.24-22.07.16:569][  0]LogLinker:Warning: Can't find file '/Game/Geometry/Meshes/1M_Cube'
[2015.11.24-22.07.16:569][  0]LogLinker:Warning: Can't find file for asset '/Game/Geometry/Meshes/1M_Cube' while loading ../../../../../../Users/luisr_000/Documents/GitHub/Game-Files/SuperSpaceArmada/Content/SSA/Maps/Home_Kratakos.umap.
[2015.11.24-22.07.16:569][  0]LoadErrors:Error: Error /Game/SSA/Maps/Home_Kratakos : Can't find file for asset. /Game/Geometry/Meshes/1M_Cube
[2015.11.24-22.07.16:570][  0]LogLinker:Warning: Can't find file '/Game/Geometry/Meshes/1M_Cube'
[2015.11.24-22.07.16:570][  0]LoadErrors: Info Failed to load /Game/Geometry/Meshes/1M_Cube.1M_Cube Referenced by StaticMeshComponent0
[2015.11.24-22.07.16:570][  0]LogLinker:Warning: Can't find file for asset '/Game/Geometry/Meshes/1M_Cube' while loading ../../../../../../Users/luisr_000/Documents/GitHub/Game-Files/SuperSpaceArmada/Content/SSA/Maps/Home_Kratakos.umap.
[2015.11.24-22.07.16:570][  0]LoadErrors: Info Failed to load /Game/Geometry/Meshes/1M_Cube.1M_Cube Referenced by StaticMeshComponent0
[2015.11.24-22.07.16:570][  0]LoadErrors:Error: Error /Game/SSA/Maps/Home_Kratakos : Can't find file for asset. /Game/Geometry/Meshes/1M_Cube
[2015.11.24-22.07.16:718][  0]LogLinker:Warning: Can't find file '/Game/StarterContent/HDRI/HDRI_Epic_Courtyard_Daylight'
[2015.11.24-22.07.16:718][  0]LogLinker:Warning: Can't find file for asset '/Game/StarterContent/HDRI/HDRI_Epic_Courtyard_Daylight' while loading ../../../../../../Users/luisr_000/Documents/GitHub/Game-Files/SuperSpaceArmada/Content/SSA/Maps/Home_Kratakos.umap.
[2015.11.24-22.07.16:718][  0]LoadErrors:Error: Error /Game/SSA/Maps/Home_Kratakos : Can't find file for asset. /Game/StarterContent/HDRI/HDRI_Epic_Courtyard_Daylight
[2015.11.24-22.07.16:720][  0]LogLinker:Warning: Can't find file '/Game/StarterContent/HDRI/HDRI_Epic_Courtyard_Daylight'
[2015.11.24-22.07.16:720][  0]LogLinker:Warning: Can't find file for asset '/Game/StarterContent/HDRI/HDRI_Epic_Courtyard_Daylight' while loading ../../../../../../Users/luisr_000/Documents/GitHub/Game-Files/SuperSpaceArmada/Content/SSA/Maps/Home_Kratakos.umap.
[2015.11.24-22.07.16:720][  0]LoadErrors:Error: Error /Game/SSA/Maps/Home_Kratakos : Can't find file for asset. /Game/StarterContent/HDRI/HDRI_Epic_Courtyard_Daylight
[2015.11.24-22.07.16:721][  0]LogLinker:Warning: Can't find file '/Game/StarterContent/HDRI/HDRI_Epic_Courtyard_Daylight'
[2015.11.24-22.07.16:721][  0]LogLinker:Warning: Can't find file for asset '/Game/StarterContent/HDRI/HDRI_Epic_Courtyard_Daylight' while loading NULL.
[2015.11.24-22.07.16:721][  0]LogLinker:Warning: Can't find file '/Game/StarterContent/HDRI/HDRI_Epic_Courtyard_Daylight'
[2015.11.24-22.07.16:721][  0]LogLinker:Warning: Can't find file for asset '/Game/StarterContent/HDRI/HDRI_Epic_Courtyard_Daylight' while loading NULL.
[2015.11.24-22.07.16:790][  0]LogLinker:Warning: Can't find file '/Game/StarterContent/HDRI/HDRI_Epic_Courtyard_Daylight'
[2015.11.24-22.07.16:790][  0]LoadErrors: Info Failed to load /Game/StarterContent/HDRI/HDRI_Epic_Courtyard_Daylight.HDRI_Epic_Courtyard_Daylight Referenced by SkyLightComponent0
[2015.11.24-22.07.16:790][  0]LogLinker:Warning: Can't find file for asset '/Game/StarterContent/HDRI/HDRI_Epic_Courtyard_Daylight' while loading NULL.
[2015.11.24-22.07.16:790][  0]LoadErrors: Info Failed to load /Game/StarterContent/HDRI/HDRI_Epic_Courtyard_Daylight.HDRI_Epic_Courtyard_Daylight Referenced by SkyLightComponent0
[2015.11.24-22.07.17:980][  0]LogAIModule: Creating AISystem for world Home_Kratakos
[2015.11.24-22.07.17:991][  0]LogEditorServer: Finished looking for orphan Actors (0.000 secs)
[2015.11.24-22.07.17:992][  0]Cmd: MAP CHECKDEP NOCLEARLOG
[2015.11.24-22.07.18:106][  0]MapCheck: Info Map check complete: 0 Error(s), 0 Warning(s), took 114.32ms to complete.
[2015.11.24-22.07.18:106][  0]LogFileHelpers: Loading map 'Home_Kratakos' took 5.804
[2015.11.24-22.07.18:202][  0]LogCollectionManager: Loaded 0 collections in 0.002201 seconds
[2015.11.24-22.07.18:243][  0]LogFileCache: Scanning file cache for directory 'C:/Users/luisr_000/Documents/GitHub/Game-Files/SuperSpaceArmada/Saved/Collections/' took 0.01s
[2015.11.24-22.07.18:243][  0]LogFileCache: Scanning file cache for directory 'C:/Users/luisr_000/Documents/GitHub/Game-Files/SuperSpaceArmada/Content/Developers/LouIII/Collections/' took 0.01s
[2015.11.24-22.07.18:243][  0]LogFileCache: Scanning file cache for directory 'C:/Users/luisr_000/Documents/GitHub/Game-Files/SuperSpaceArmada/Content/Collections/' took 0.01s
[2015.11.24-22.07.18:243][  0]LogContentBrowser: Native class hierarchy populated in 0.0078 seconds. Added 1882 classes and 339 folders.
[2015.11.24-22.07.18:248][  0]LogCollectionManager: Rebuilt the GUID cache for 0 collections in 0.000003 seconds
[2015.11.24-22.07.18:255][  0]LogContentBrowser: Native class hierarchy updated for 'WidgetCarousel' in 0.0003 seconds. Added 0 classes and 0 folders.
[2015.11.24-22.07.18:294][  0]LogContentBrowser: Native class hierarchy updated for 'AddContentDialog' in 0.0003 seconds. Added 0 classes and 0 folders.
[2015.11.24-22.07.18:298][  0]LogContentBrowser: Native class hierarchy updated for 'SceneOutliner' in 0.0003 seconds. Added 1 classes and 2 folders.
[2015.11.24-22.07.18:428][  0]LogCrashTracker: Crashtracker disabled due to settings.
[2015.11.24-22.07.18:432][  0]LogUObjectGlobals:Warning: Failed to find object 'Class None.'
[2015.11.24-22.07.18:454][  0]LogLoad: Full Startup: 11.37 seconds (BP compile: 1.91 seconds)
[2015.11.24-22.07.18:472][  0]LoadErrors:Error: Error /Game/SSA/Blueprints/Player : Failed import for Player_C /Game/SSA/Blueprints/Player/Player.Default__Player_C
[2015.11.24-22.07.18:532][  0]LogContentStreaming: Texture pool size now 700 MB
[2015.11.24-22.07.18:657][  0]LogRenderer: Reallocating scene render targets to support 1208x576 (Frame:2).
[2015.11.24-22.07.19:851][ 26]LogAssetRegistry: Asset discovery search completed in 8.7215 seconds
[2015.11.24-22.07.19:851][ 26]LogCollectionManager: Rebuilt the object cache for 0 collections in 0.000000 seconds (found 0 objects)
[2015.11.24-22.07.19:851][ 26]LogCollectionManager: Fixed up redirectors for 0 collections in 0.000022 seconds (updated 0 objects)
[2015.11.24-22.07.58:854][352]LogActorComponent: UnregisterComponent: (/Engine/Transient.CharMoveComp) Not registered. Aborting.
[2015.11.24-22.07.59:036][352]Cmd: MAP LOAD FILE="../../../../../../Users/luisr_000/Documents/GitHub/Game-Files/SuperSpaceArmada/Content/SSA/Maps/Home_Human.umap" TEMPLATE=0 SHOWPROGRESS=1 FEATURELEVEL=3
[2015.11.24-22.07.59:071][352]LightingResults: New page: Lighting Build
[2015.11.24-22.07.59:095][352]LoadErrors: New page: Loading map: Home_Human.umap
[2015.11.24-22.07.59:095][352]MapCheck: New page: Map Check
[2015.11.24-22.07.59:095][352]LightingResults: New page: Lighting Build
[2015.11.24-22.07.59:116][352]LogParticles: Destroying 0 GPU particle simulations for FXSystem 0x00000032FED1BD80
[2015.11.24-22.07.59:161][352]LogLinker:Warning: Can't find file '/Game/StarterContent/HDRI/HDRI_Epic_Courtyard_Daylight'
[2015.11.24-22.07.59:161][352]LogLinker:Warning: Can't find file for asset '/Game/StarterContent/HDRI/HDRI_Epic_Courtyard_Daylight' while loading ../../../../../../Users/luisr_000/Documents/GitHub/Game-Files/SuperSpaceArmada/Content/SSA/Maps/Home_Human.umap.
[2015.11.24-22.07.59:161][352]LoadErrors:Error: Error /Game/SSA/Maps/Home_Human : Can't find file for asset. /Game/StarterContent/HDRI/HDRI_Epic_Courtyard_Daylight
[2015.11.24-22.07.59:163][352]LogLinker:Warning: Can't find file '/Game/StarterContent/HDRI/HDRI_Epic_Courtyard_Daylight'
[2015.11.24-22.07.59:163][352]LogLinker:Warning: Can't find file for asset '/Game/StarterContent/HDRI/HDRI_Epic_Courtyard_Daylight' while loading ../../../../../../Users/luisr_000/Documents/GitHub/Game-Files/SuperSpaceArmada/Content/SSA/Maps/Home_Human.umap.
[2015.11.24-22.07.59:173][352]LogLinker:Warning: Can't find file '/Game/StarterContent/HDRI/HDRI_Epic_Courtyard_Daylight'
[2015.11.24-22.07.59:173][352]LogLinker:Warning: Can't find file for asset '/Game/StarterContent/HDRI/HDRI_Epic_Courtyard_Daylight' while loading NULL.
[2015.11.24-22.07.59:173][352]LogLinker:Warning: Can't find file '/Game/StarterContent/HDRI/HDRI_Epic_Courtyard_Daylight'
[2015.11.24-22.07.59:173][352]LogLinker:Warning: Can't find file for asset '/Game/StarterContent/HDRI/HDRI_Epic_Courtyard_Daylight' while loading NULL.
[2015.11.24-22.07.59:238][352]LogLinker:Warning: Can't find file '/Game/StarterContent/HDRI/HDRI_Epic_Courtyard_Daylight'
[2015.11.24-22.07.59:238][352]LoadErrors: Info Failed to load /Game/StarterContent/HDRI/HDRI_Epic_Courtyard_Daylight.HDRI_Epic_Courtyard_Daylight Referenced by SkyLight_1
[2015.11.24-22.07.59:238][352]LogLinker:Warning: Can't find file for asset '/Game/StarterContent/HDRI/HDRI_Epic_Courtyard_Daylight' while loading NULL.
[2015.11.24-22.07.59:771][352]LogAIModule: Creating AISystem for world Home_Human
[2015.11.24-22.07.59:866][352]LogEditorServer: Finished looking for orphan Actors (0.000 secs)
[2015.11.24-22.07.59:953][352]Cmd: MAP CHECKDEP NOCLEARLOG
[2015.11.24-22.08.00:081][352]MapCheck: Info Map check complete: 0 Error(s), 0 Warning(s), took 126.999ms to complete.
[2015.11.24-22.08.00:081][352]LogFileHelpers: Loading map 'Home_Human' took 1.045
[2015.11.24-22.08.20:476][556]LogActorComponent: UnregisterComponent: (/Engine/Transient.CharMoveComp) Not registered. Aborting.
[2015.11.24-22.08.20:509][556]Cmd: MAP LOAD FILE="../../../../../../Users/luisr_000/Documents/GitHub/Game-Files/SuperSpaceArmada/Content/SSA/Maps/Home_Kratakos.umap" TEMPLATE=0 SHOWPROGRESS=1 FEATURELEVEL=3
[2015.11.24-22.08.20:550][556]LightingResults: New page: Lighting Build
[2015.11.24-22.08.20:574][556]LoadErrors: New page: Loading map: Home_Kratakos.umap
[2015.11.24-22.08.20:574][556]MapCheck: New page: Map Check
[2015.11.24-22.08.20:574][556]LightingResults: New page: Lighting Build
[2015.11.24-22.08.20:606][556]LogParticles: Destroying 0 GPU particle simulations for FXSystem 0x00000032F94B8E00
[2015.11.24-22.08.20:615][556]LogLinker:Warning: Can't find file '/Game/StarterContent/HDRI/HDRI_Epic_Courtyard_Daylight'
[2015.11.24-22.08.20:615][556]LogLinker:Warning: Can't find file for asset '/Game/StarterContent/HDRI/HDRI_Epic_Courtyard_Daylight' while loading ../../../../../../Users/luisr_000/Documents/GitHub/Game-Files/SuperSpaceArmada/Content/SSA/Maps/Home_Kratakos.umap.
[2015.11.24-22.08.20:615][556]LoadErrors:Error: Error /Game/SSA/Maps/Home_Kratakos : Can't find file for asset. /Game/StarterContent/HDRI/HDRI_Epic_Courtyard_Daylight
[2015.11.24-22.08.20:617][556]LogLinker:Warning: Can't find file '/Game/StarterContent/HDRI/HDRI_Epic_Courtyard_Daylight'
[2015.11.24-22.08.20:617][556]LogLinker:Warning: Can't find file for asset '/Game/StarterContent/HDRI/HDRI_Epic_Courtyard_Daylight' while loading ../../../../../../Users/luisr_000/Documents/GitHub/Game-Files/SuperSpaceArmada/Content/SSA/Maps/Home_Kratakos.umap.
[2015.11.24-22.08.20:618][556]LogLinker:Warning: Can't find file '/Game/StarterContent/HDRI/HDRI_Epic_Courtyard_Daylight'
[2015.11.24-22.08.20:618][556]LogLinker:Warning: Can't find file for asset '/Game/StarterContent/HDRI/HDRI_Epic_Courtyard_Daylight' while loading NULL.
[2015.11.24-22.08.20:618][556]LogLinker:Warning: Can't find file '/Game/StarterContent/HDRI/HDRI_Epic_Courtyard_Daylight'
[2015.11.24-22.08.20:618][556]LogLinker:Warning: Can't find file for asset '/Game/StarterContent/HDRI/HDRI_Epic_Courtyard_Daylight' while loading NULL.
[2015.11.24-22.08.20:640][556]LogLinker:Warning: Can't find file '/Game/StarterContent/HDRI/HDRI_Epic_Courtyard_Daylight'
[2015.11.24-22.08.20:641][556]LoadErrors: Info Failed to load /Game/StarterContent/HDRI/HDRI_Epic_Courtyard_Daylight.HDRI_Epic_Courtyard_Daylight Referenced by SkyLight_1
[2015.11.24-22.08.20:641][556]LogLinker:Warning: Can't find file for asset '/Game/StarterContent/HDRI/HDRI_Epic_Courtyard_Daylight' while loading NULL.
[2015.11.24-22.08.20:666][556]LogAIModule: Creating AISystem for world Home_Kratakos
[2015.11.24-22.08.20:792][556]LogEditorServer: Finished looking for orphan Actors (0.000 secs)
[2015.11.24-22.08.20:876][556]Cmd: MAP CHECKDEP NOCLEARLOG
[2015.11.24-22.08.20:989][556]MapCheck: Info Map check complete: 0 Error(s), 0 Warning(s), took 112.402ms to complete.
[2015.11.24-22.08.20:989][556]LogFileHelpers: Loading map 'Home_Kratakos' took 0.481
[2015.11.24-22.08.59:412][818]LogLinker:Warning: Asset '../../../Engine/Content/ArtTools/RenderToTexture/Macros/RenderToTextureMacros.uasset' has been saved with empty engine version. The asset will be loaded but may be incompatible.
[2015.11.24-22.08.59:919][818]LogContentBrowser: Native class hierarchy updated for 'BlueprintGraph' in 0.0007 seconds. Added 107 classes and 0 folders.
[2015.11.24-22.09.00:349][818]LogSkeletalMesh: InitArticulated: Bodies already created (/Engine/Transient.DebugSkelMeshComponent_0) - call TermArticulated first.
[2015.11.24-22.09.00:412][818]LogUObjectGlobals:Warning: Failed to find object 'Object /Engine/Tutorial/SubEditors/PersonaAnimEditorTutorial.PersonaAnimEditorTutorial_C'
[2015.11.24-22.09.00:460][818]LogContentBrowser:Verbose: The majority of assets in the view are of type: AnimSequence
[2015.11.24-22.09.02:354][927]BlueprintLog: New page: Compile NewAnimBlueprint
[2015.11.24-22.09.02:410][927]LogActorComponent: UnregisterComponent: (/Engine/Transient.CharMoveComp) Not registered. Aborting.
[2015.11.24-22.09.02:410][927]LogActorComponent: UnregisterComponent: (/Engine/Transient.CharacterMovementComponent_0) Not registered. Aborting.
[2015.11.24-22.09.02:410][927]LogActorComponent: UnregisterComponent: (/Engine/Transient.CharacterMovementComponent_1) Not registered. Aborting.
[2015.11.24-22.09.02:410][927]LogActorComponent: UnregisterComponent: (/Engine/Transient.CharacterMovementComponent_2) Not registered. Aborting.
[2015.11.24-22.09.02:410][927]LogActorComponent: UnregisterComponent: (/Engine/Transient.CharacterMovementComponent_3) Not registered. Aborting.
[2015.11.24-22.09.02:410][927]LogActorComponent: UnregisterComponent: (/Engine/Transient.CharacterMovementComponent_4) Not registered. Aborting.
[2015.11.24-22.09.02:410][927]LogActorComponent: UnregisterComponent: (/Engine/Transient.CharacterMovementComponent_5) Not registered. Aborting.
[2015.11.24-22.09.02:410][927]LogActorComponent: UnregisterComponent: (/Engine/Transient.CharacterMovementComponent_6) Not registered. Aborting.
[2015.11.24-22.09.02:411][927]LogActorComponent: UnregisterComponent: (/Engine/Transient.CharacterMovementComponent_7) Not registered. Aborting.
[2015.11.24-22.09.02:411][927]LogActorComponent: UnregisterComponent: (/Engine/Transient.CharacterMovementComponent_8) Not registered. Aborting.
[2015.11.24-22.09.02:411][927]LogActorComponent: UnregisterComponent: (/Engine/Transient.CharacterMovementComponent_9) Not registered. Aborting.
[2015.11.24-22.09.02:411][927]LogActorComponent: UnregisterComponent: (/Engine/Transient.CharacterMovementComponent_10) Not registered. Aborting.
[2015.11.24-22.09.02:445][927]BlueprintEditorCompileResults: Info [0115.36] Compile of NewAnimBlueprint successful! [in 89 ms]
[2015.11.24-22.09.52:496][568]LogContentBrowser:Verbose: The majority of assets in the view are of type: AnimSequence
[2015.11.24-22.10.23:188][550]LogSkeletalMesh: InitArticulated: Bodies already created (/Engine/Transient.DebugSkelMeshComponent_4) - call TermArticulated first.
[2015.11.24-22.10.23:276][550]LogUObjectGlobals:Warning: Failed to find object 'Object /Engine/Tutorial/SubEditors/PersonaAnimEditorTutorial.PersonaAnimEditorTutorial_C'
[2015.11.24-22.10.23:322][550]LogContentBrowser:Verbose: The majority of assets in the view are of type: AnimSequence
[2015.11.24-22.13.53:749][144]LogEditorTransaction: Undo Insert Animation Sequence
[2015.11.24-22.14.21:009][736]LogEditorTransaction: Undo Insert Animation Sequence
[2015.11.24-22.14.55:122][481]LogEditorTransaction: Undo Insert Animation Sequence
[2015.11.24-22.15.04:703][687]LogSavePackage: Save=22.281258ms
[2015.11.24-22.15.04:703][687]LogSavePackage: Moving '../../../../../../Users/luisr_000/Documents/GitHub/Game-Files/SuperSpaceArmada/Saved/dragomir_RightTurnE82AF46D448124379DF658B052BFE458.tmp' to '../../../../../../Users/luisr_000/Documents/GitHub/Game-Files/SuperSpaceArmada/Content/Geometry/Meshes/DragomirFrigate/dragomir_RightTurn.uasset'
[2015.11.24-22.15.04:707][687]LogSavePackage: Total save time: 27.031653ms
[2015.11.24-22.15.04:707][687]LogSavePackage:Warning: Finished SavePackage ../../../../../../Users/luisr_000/Documents/GitHub/Game-Files/SuperSpaceArmada/Content/Geometry/Meshes/DragomirFrigate/dragomir_RightTurn.uasset
[2015.11.24-22.15.28:717][578]LogSkeletalMesh: InitArticulated: Bodies already created (/Engine/Transient.DebugSkelMeshComponent_11) - call TermArticulated first.
[2015.11.24-22.15.28:763][578]LogUObjectGlobals:Warning: Failed to find object 'Object /Engine/Tutorial/SubEditors/PersonaAnimEditorTutorial.PersonaAnimEditorTutorial_C'
[2015.11.24-22.15.28:827][578]LogContentBrowser:Verbose: The majority of assets in the view are of type: AnimSequence
[2015.11.24-22.15.46:504][ 85]BlueprintLog: New page: Compile NewAnimBlueprint
[2015.11.24-22.15.46:726][ 85]LogActorComponent: UnregisterComponent: (/Engine/Transient.CharMoveComp) Not registered. Aborting.
[2015.11.24-22.15.46:726][ 85]LogActorComponent: UnregisterComponent: (/Engine/Transient.CharacterMovementComponent_11) Not registered. Aborting.
[2015.11.24-22.15.46:726][ 85]LogActorComponent: UnregisterComponent: (/Engine/Transient.CharacterMovementComponent_12) Not registered. Aborting.
[2015.11.24-22.15.46:726][ 85]LogActorComponent: UnregisterComponent: (/Engine/Transient.CharacterMovementComponent_13) Not registered. Aborting.
[2015.11.24-22.15.46:727][ 85]LogActorComponent: UnregisterComponent: (/Engine/Transient.CharacterMovementComponent_14) Not registered. Aborting.
[2015.11.24-22.15.46:727][ 85]LogActorComponent: UnregisterComponent: (/Engine/Transient.CharacterMovementComponent_15) Not registered. Aborting.
[2015.11.24-22.15.46:727][ 85]LogActorComponent: UnregisterComponent: (/Engine/Transient.CharacterMovementComponent_16) Not registered. Aborting.
[2015.11.24-22.15.46:727][ 85]LogActorComponent: UnregisterComponent: (/Engine/Transient.CharacterMovementComponent_17) Not registered. Aborting.
[2015.11.24-22.15.46:727][ 85]LogActorComponent: UnregisterComponent: (/Engine/Transient.CharacterMovementComponent_18) Not registered. Aborting.
[2015.11.24-22.15.46:727][ 85]LogActorComponent: UnregisterComponent: (/Engine/Transient.CharacterMovementComponent_19) Not registered. Aborting.
[2015.11.24-22.15.46:727][ 85]LogActorComponent: UnregisterComponent: (/Engine/Transient.CharacterMovementComponent_20) Not registered. Aborting.
[2015.11.24-22.15.46:727][ 85]LogActorComponent: UnregisterComponent: (/Engine/Transient.CharacterMovementComponent_21) Not registered. Aborting.
[2015.11.24-22.15.46:767][ 85]LogParticles: Destroying 0 GPU particle simulations for FXSystem 0x00000032F5F98180
[2015.11.24-22.15.46:769][ 85]LogParticles: Destroying 0 GPU particle simulations for FXSystem 0x00000032EB9CE340
[2015.11.24-22.15.46:770][ 85]LogParticles: Destroying 0 GPU particle simulations for FXSystem 0x00000032E87FB880
[2015.11.24-22.15.46:771][ 85]LogParticles: Destroying 0 GPU particle simulations for FXSystem 0x00000032EB9C3740
[2015.11.24-22.15.46:772][ 85]LogParticles: Destroying 0 GPU particle simulations for FXSystem 0x000000328EEE04A0
[2015.11.24-22.15.46:773][ 85]LogParticles: Destroying 0 GPU particle simulations for FXSystem 0x00000032F682B380
[2015.11.24-22.15.46:774][ 85]LogParticles: Destroying 0 GPU particle simulations for FXSystem 0x00000032EBB0FB00
[2015.11.24-22.15.46:776][ 85]LogParticles: Destroying 0 GPU particle simulations for FXSystem 0x00000032EBB0E700
[2015.11.24-22.15.46:777][ 85]LogParticles: Destroying 0 GPU particle simulations for FXSystem 0x00000032F682B6A0
[2015.11.24-22.15.46:778][ 85]LogParticles: Destroying 0 GPU particle simulations for FXSystem 0x000000328EEF22A0
[2015.11.24-22.15.46:781][ 85]LogParticles: Destroying 0 GPU particle simulations for FXSystem 0x00000032EBB32480
[2015.11.24-22.15.46:784][ 85]LogParticles: Destroying 0 GPU particle simulations for FXSystem 0x00000032F92E9940
[2015.11.24-22.15.46:802][ 85]LogParticles: Destroying 0 GPU particle simulations for FXSystem 0x00000032F92E8C20
[2015.11.24-22.15.46:802][ 85]BlueprintEditorCompileResults: Info [0519.71] Compile of NewAnimBlueprint successful! [in 297 ms]
[2015.11.24-22.15.53:754][285]BlueprintLog: New page: Compile NewAnimBlueprint
[2015.11.24-22.15.53:893][285]BlueprintEditorCompileResults: Info [0526.81] Compile of NewAnimBlueprint successful! [in 138 ms]
[2015.11.24-22.16.26:897][204]BlueprintLog: New page: Compile NewAnimBlueprint
[2015.11.24-22.16.27:073][204]BlueprintEditorCompileResults: Info [0559.99] Compile of NewAnimBlueprint successful! [in 175 ms]
[2015.11.24-22.16.33:582][348]LogContentBrowser:Verbose: The majority of assets in the view are of type: AnimSequence
[2015.11.24-22.16.43:271][539]LogSkeletalMesh: InitArticulated: Bodies already created (/Engine/Transient.DebugSkelMeshComponent_15) - call TermArticulated first.
[2015.11.24-22.16.43:307][539]LogUObjectGlobals:Warning: Failed to find object 'Object /Engine/Tutorial/SubEditors/PersonaAnimEditorTutorial.PersonaAnimEditorTutorial_C'
[2015.11.24-22.16.43:354][539]LogContentBrowser:Verbose: The majority of assets in the view are of type: AnimSequence
[2015.11.24-22.16.52:411][766]LogContentBrowser:Verbose: The majority of assets in the view are of type: AnimSequence
[2015.11.24-22.16.56:421][858]LogSkeletalMesh: InitArticulated: Bodies already created (/Engine/Transient.DebugSkelMeshComponent_19) - call TermArticulated first.
[2015.11.24-22.16.56:455][858]LogUObjectGlobals:Warning: Failed to find object 'Object /Engine/Tutorial/SubEditors/PersonaAnimEditorTutorial.PersonaAnimEditorTutorial_C'
[2015.11.24-22.16.56:514][858]LogContentBrowser:Verbose: The majority of assets in the view are of type: AnimSequence
[2015.11.24-22.16.59:219][923]BlueprintLog: New page: Compile NewAnimBlueprint
[2015.11.24-22.16.59:294][923]LogActorComponent: UnregisterComponent: (/Engine/Transient.CharMoveComp) Not registered. Aborting.
[2015.11.24-22.16.59:295][923]LogActorComponent: UnregisterComponent: (/Engine/Transient.CharacterMovementComponent_22) Not registered. Aborting.
[2015.11.24-22.16.59:295][923]LogActorComponent: UnregisterComponent: (/Engine/Transient.CharacterMovementComponent_23) Not registered. Aborting.
[2015.11.24-22.16.59:295][923]LogActorComponent: UnregisterComponent: (/Engine/Transient.CharacterMovementComponent_24) Not registered. Aborting.
[2015.11.24-22.16.59:296][923]LogActorComponent: UnregisterComponent: (/Engine/Transient.CharacterMovementComponent_25) Not registered. Aborting.
[2015.11.24-22.16.59:296][923]LogActorComponent: UnregisterComponent: (/Engine/Transient.CharacterMovementComponent_26) Not registered. Aborting.
[2015.11.24-22.16.59:341][923]LogParticles: Destroying 0 GPU particle simulations for FXSystem 0x00000032F50A1580
[2015.11.24-22.16.59:342][923]LogParticles: Destroying 0 GPU particle simulations for FXSystem 0x00000033047147C0
[2015.11.24-22.16.59:343][923]LogParticles: Destroying 0 GPU particle simulations for FXSystem 0x0000003304714CC0
[2015.11.24-22.16.59:344][923]LogParticles: Destroying 0 GPU particle simulations for FXSystem 0x00000032EF8A0D60
[2015.11.24-22.16.59:345][923]LogParticles: Destroying 0 GPU particle simulations for FXSystem 0x00000033018CCD60
[2015.11.24-22.16.59:346][923]LogParticles: Destroying 0 GPU particle simulations for FXSystem 0x00000032F3C40D60
[2015.11.24-22.16.59:347][923]LogParticles: Destroying 0 GPU particle simulations for FXSystem 0x00000032EF8A2660
[2015.11.24-22.16.59:348][923]LogParticles: Destroying 0 GPU particle simulations for FXSystem 0x00000032EF8A3EC0
[2015.11.24-22.16.59:350][923]LogParticles: Destroying 0 GPU particle simulations for FXSystem 0x00000032BDDEC220
[2015.11.24-22.16.59:351][923]LogParticles: Destroying 0 GPU particle simulations for FXSystem 0x00000032EB8E11C0
[2015.11.24-22.16.59:364][923]BlueprintEditorCompileResults: Info [0592.28] Compile of NewAnimBlueprint successful! [in 145 ms]
[2015.11.24-22.17.54:554][192]LogSavePackage: Save=32.902073ms
[2015.11.24-22.17.54:554][192]LogSavePackage: Moving '../../../../../../Users/luisr_000/Documents/GitHub/Game-Files/SuperSpaceArmada/Saved/NewAnimBlueprint2C1C151A4A0F51150D9AD897FE6677CF.tmp' to '../../../../../../Users/luisr_000/Documents/GitHub/Game-Files/SuperSpaceArmada/Content/SSA/Blueprints/Player_Ships/NewAnimBlueprint.uasset'
[2015.11.24-22.17.54:557][192]LogSavePackage: Total save time: 74.676275ms
[2015.11.24-22.17.54:558][192]LogSavePackage:Warning: Finished SavePackage ../../../../../../Users/luisr_000/Documents/GitHub/Game-Files/SuperSpaceArmada/Content/SSA/Blueprints/Player_Ships/NewAnimBlueprint.uasset
[2015.11.24-22.18.00:644][410]LogParticles: Destroying 0 GPU particle simulations for FXSystem 0x00000032EBB0C220
[2015.11.24-22.18.00:646][410]LogParticles: Destroying 0 GPU particle simulations for FXSystem 0x0000003305AAF7E0
[2015.11.24-22.18.00:647][410]LogParticles: Destroying 0 GPU particle simulations for FXSystem 0x0000003305AAFF60
[2015.11.24-22.18.04:446][609]LogWindowsTextInputMethodSystem:Display: IME system now deactivated.
[2015.11.24-22.18.04:446][609]LogWindowsTextInputMethodSystem:Display: IME system now deactivated.
[2015.11.24-22.18.04:767][610]Cmd: QUIT_EDITOR
[2015.11.24-22.18.05:105][610]LogExit: Preparing to exit.
[2015.11.24-22.18.05:547][610]LogExit: Editor shut down
[2015.11.24-22.18.05:547][610]LogExit: Transaction tracking system shut down
[2015.11.24-22.18.05:553][610]LogParticles: Destroying 0 GPU particle simulations for FXSystem 0x00000032F42354E0
[2015.11.24-22.18.05:556][610]LogParticles: Destroying 0 GPU particle simulations for FXSystem 0x00000032F8D051C0
[2015.11.24-22.18.05:561][610]LogParticles: Destroying 0 GPU particle simulations for FXSystem 0x00000032F97C8AE0
[2015.11.24-22.18.05:561][610]LogParticles: Destroying 0 GPU particle simulations for FXSystem 0x0000003285009C60
[2015.11.24-22.18.05:561][610]LogParticles: Destroying 0 GPU particle simulations for FXSystem 0x0000003284B327A0
[2015.11.24-22.18.05:561][610]LogParticles: Destroying 0 GPU particle simulations for FXSystem 0x00000032855B51C0
[2015.11.24-22.18.05:561][610]LogParticles: Destroying 0 GPU particle simulations for FXSystem 0x00000032855B5300
[2015.11.24-22.18.05:561][610]LogParticles: Destroying 0 GPU particle simulations for FXSystem 0x00000032855B5620
[2015.11.24-22.18.05:827][610]LogExit: Object subsystem successfully closed.
[2015.11.24-22.18.05:844][610]LogD3D11RHI: Shutdown
[2015.11.24-22.18.05:844][610]LogD3D11RHI: CleanupD3DDevice
[2015.11.24-22.18.05:962][610]LogD3D11RHI: ~FD3D11DynamicRHI
[2015.11.24-22.18.05:979][610]LogModuleManager: Shutting down and abandoning module BlueprintGraph (200)
[2015.11.24-22.18.05:979][610]LogModuleManager: Shutting down and abandoning module CrashTracker (199)
[2015.11.24-22.18.05:979][610]LogModuleManager: Shutting down and abandoning module SceneOutliner (198)
[2015.11.24-22.18.05:979][610]LogModuleManager: Shutting down and abandoning module SuperSearch (197)
[2015.11.24-22.18.05:979][610]LogModuleManager: Shutting down and abandoning module WidgetCarousel (196)
[2015.11.24-22.18.05:979][610]LogModuleManager: Shutting down and abandoning module AddContentDialog (195)
[2015.11.24-22.18.05:980][610]LogModuleManager: Shutting down and abandoning module EditorWidgets (194)
[2015.11.24-22.18.05:980][610]LogModuleManager: Shutting down and abandoning module CollectionManager (193)
[2015.11.24-22.18.05:981][610]LogModuleManager: Shutting down and abandoning module StatsViewer (192)
[2015.11.24-22.18.05:981][610]LogModuleManager: Shutting down and abandoning module FoliageEdit (191)
[2015.11.24-22.18.05:981][610]LogModuleManager: Shutting down and abandoning module LandscapeEditor (190)
[2015.11.24-22.18.05:981][610]LogModuleManager: Shutting down and abandoning module ActorPickerMode (189)
[2015.11.24-22.18.05:981][610]LogModuleManager: Shutting down and abandoning module GeometryMode (188)
[2015.11.24-22.18.05:981][610]LogModuleManager: Shutting down and abandoning module TextureAlignMode (187)
[2015.11.24-22.18.05:981][610]LogModuleManager: Shutting down and abandoning module BspMode (186)
[2015.11.24-22.18.05:981][610]LogModuleManager: Shutting down and abandoning module PlacementMode (185)
[2015.11.24-22.18.05:981][610]LogModuleManager: Shutting down and abandoning module AutomationWorker (184)
[2015.11.24-22.18.05:981][610]LogModuleManager: Shutting down and abandoning module CharacterAI (183)
[2015.11.24-22.18.05:981][610]LogModuleManager: Shutting down and abandoning module SmartSnapping (182)
[2015.11.24-22.18.05:981][610]LogModuleManager: Shutting down and abandoning module ViewportSnapping (181)
[2015.11.24-22.18.05:981][610]LogModuleManager: Shutting down and abandoning module LogVisualizer (180)
[2015.11.24-22.18.05:981][610]LogModuleManager: Shutting down and abandoning module GameProjectGeneration (179)
[2015.11.24-22.18.05:982][610]LogModuleManager: Shutting down and abandoning module IntroTutorials (178)
[2015.11.24-22.18.05:982][610]LogModuleManager: Shutting down and abandoning module EditorLiveStreaming (177)
[2015.11.24-22.18.05:982][610]LogModuleManager: Shutting down and abandoning module IOSPlatformEditor (176)
[2015.11.24-22.18.05:982][610]LogModuleManager: Shutting down and abandoning module HTML5PlatformEditor (175)
[2015.11.24-22.18.05:982][610]LogModuleManager: Shutting down and abandoning module AndroidDeviceDetection (174)
[2015.11.24-22.18.06:240][610]LogModuleManager: Shutting down and abandoning module AndroidPlatformEditor (173)
[2015.11.24-22.18.06:240][610]LogModuleManager: Shutting down and abandoning module IOSRuntimeSettings (172)
[2015.11.24-22.18.06:240][610]LogModuleManager: Shutting down and abandoning module AndroidRuntimeSettings (171)
[2015.11.24-22.18.06:240][610]LogModuleManager: Shutting down and abandoning module MergeActors (170)
[2015.11.24-22.18.06:240][610]LogModuleManager: Shutting down and abandoning module SizeMap (169)
[2015.11.24-22.18.06:240][610]LogModuleManager: Shutting down and abandoning module TreeMap (168)
[2015.11.24-22.18.06:240][610]LogModuleManager: Shutting down and abandoning module ReferenceViewer (167)
[2015.11.24-22.18.06:240][610]LogModuleManager: Shutting down and abandoning module LocalizationService (166)
[2015.11.24-22.18.06:240][610]LogModuleManager: Shutting down and abandoning module LocalizationDashboard (165)
[2015.11.24-22.18.06:240][610]LogModuleManager: Shutting down and abandoning module HardwareTargeting (164)
[2015.11.24-22.18.06:240][610]LogModuleManager: Shutting down and abandoning module DeviceProfileEditor (163)
[2015.11.24-22.18.06:240][610]LogModuleManager: Shutting down and abandoning module UndoHistory (162)
[2015.11.24-22.18.06:240][610]LogModuleManager: Shutting down and abandoning module GameplayTagsEditor (161)
[2015.11.24-22.18.06:240][610]LogModuleManager: Shutting down and abandoning module UserFeedback (160)
[2015.11.24-22.18.06:240][610]LogModuleManager: Shutting down and abandoning module XmlParser (159)
[2015.11.24-22.18.06:240][610]LogModuleManager: Shutting down and abandoning module Blutility (158)
[2015.11.24-22.18.06:240][610]LogModuleManager: Shutting down and abandoning module ProjectTargetPlatformEditor (157)
[2015.11.24-22.18.06:240][610]LogModuleManager: Shutting down and abandoning module ProjectSettingsViewer (156)
[2015.11.24-22.18.06:240][610]LogModuleManager: Shutting down and abandoning module InputBindingEditor (155)
[2015.11.24-22.18.06:240][610]LogModuleManager: Shutting down and abandoning module EditorSettingsViewer (154)
[2015.11.24-22.18.06:240][610]LogModuleManager: Shutting down and abandoning module SettingsEditor (153)
[2015.11.24-22.18.06:240][610]LogModuleManager: Shutting down and abandoning module ProjectLauncher (152)
[2015.11.24-22.18.06:240][610]LogModuleManager: Shutting down and abandoning module SessionFrontend (151)
[2015.11.24-22.18.06:240][610]LogModuleManager: Shutting down and abandoning module ProfilerClient (150)
[2015.11.24-22.18.06:241][610]LogModuleManager: Shutting down and abandoning module TargetDeviceServices (149)
[2015.11.24-22.18.06:241][610]LogModuleManager: Shutting down and abandoning module DeviceManager (148)
[2015.11.24-22.18.06:241][610]LogModuleManager: Shutting down and abandoning module AutomationController (147)
[2015.11.24-22.18.06:241][610]LogModuleManager: Shutting down and abandoning module AutomationWindow (146)
[2015.11.24-22.18.06:241][610]LogModuleManager: Shutting down and abandoning module Layers (145)
[2015.11.24-22.18.06:241][610]LogModuleManager: Shutting down and abandoning module ComponentVisualizers (144)
[2015.11.24-22.18.06:241][610]LogModuleManager: Shutting down and abandoning module DetailCustomizations (143)
[2015.11.24-22.18.06:241][610]LogModuleManager: Shutting down and abandoning module PackagesDialog (142)
[2015.11.24-22.18.06:241][610]LogModuleManager: Shutting down and abandoning module Persona (141)
[2015.11.24-22.18.06:241][610]LogModuleManager: Shutting down and abandoning module Kismet (140)
[2015.11.24-22.18.06:241][610]LogModuleManager: Shutting down and abandoning module GraphEditor (139)
[2015.11.24-22.18.06:241][610]LogModuleManager: Shutting down and abandoning module ClassViewer (138)
[2015.11.24-22.18.06:241][610]LogModuleManager: Shutting down and abandoning module Toolbox (137)
[2015.11.24-22.18.06:241][610]LogModuleManager: Shutting down and abandoning module ModuleUI (136)
[2015.11.24-22.18.06:241][610]LogModuleManager: Shutting down and abandoning module MovieSceneTools (135)
[2015.11.24-22.18.06:241][610]LogModuleManager: Shutting down and abandoning module OutputLog (134)
[2015.11.24-22.18.06:241][610]LogModuleManager: Shutting down and abandoning module GammaUI (133)
[2015.11.24-22.18.06:241][610]LogModuleManager: Shutting down and abandoning module Documentation (132)
[2015.11.24-22.18.06:241][610]LogModuleManager: Shutting down and abandoning module GameLiveStreaming (131)
[2015.11.24-22.18.06:241][610]LogModuleManager: Shutting down and abandoning module StreamingPauseRendering (130)
[2015.11.24-22.18.06:241][610]LogModuleManager: Shutting down and abandoning module AnalyticsET (129)
[2015.11.24-22.18.06:241][610]LogModuleManager: Shutting down and abandoning module Analytics (128)
[2015.11.24-22.18.06:241][610]LogModuleManager: Shutting down and abandoning module AITestSuite (127)
[2015.11.24-22.18.06:241][610]LogModuleManager: Shutting down and abandoning module GameplayDebugger (126)
[2015.11.24-22.18.06:241][610]LogModuleManager: Shutting down and abandoning module AIModule (125)
[2015.11.24-22.18.06:241][610]LogModuleManager: Shutting down and abandoning module ProfilerService (124)
[2015.11.24-22.18.06:491][610]LogModuleManager: Shutting down and abandoning module TaskGraph (123)
[2015.11.24-22.18.06:491][610]LogModuleManager: Shutting down and abandoning module SubstanceEditor (122)
[2015.11.24-22.18.06:491][610]LogModuleManager: Shutting down and abandoning module SlateRemote (121)
[2015.11.24-22.18.06:491][610]LogModuleManager: Shutting down and abandoning module SteamVRController (120)
[2015.11.24-22.18.06:491][610]LogModuleManager: Shutting down and abandoning module SteamVR (119)
[2015.11.24-22.18.06:491][610]LogModuleManager: Shutting down and abandoning module ProceduralMeshComponent (118)
[2015.11.24-22.18.06:491][610]LogModuleManager: Shutting down and abandoning module OculusRift (117)
[2015.11.24-22.18.06:491][610]LogModuleManager: Shutting down and abandoning module OculusLibrary (116)
[2015.11.24-22.18.06:491][610]LogModuleManager: Shutting down and abandoning module LeapMotionController (115)
[2015.11.24-22.18.06:512][610]LogModuleManager: Shutting down and abandoning module CustomMeshComponent (114)
[2015.11.24-22.18.06:512][610]LogModuleManager: Shutting down and abandoning module CableComponent (113)
[2015.11.24-22.18.06:512][610]LogModuleManager: Shutting down and abandoning module ArchVisCharacter (112)
[2015.11.24-22.18.06:512][610]LogModuleManager: Shutting down and abandoning module MessagingDebugger (111)
[2015.11.24-22.18.06:512][610]LogModuleManager: Shutting down and abandoning module MediaPlayerEditor (110)
[2015.11.24-22.18.06:512][610]LogModuleManager: Shutting down and abandoning module HTML5Networking (109)
[2015.11.24-22.18.06:512][610]LogModuleManager: Shutting down and abandoning module SpeedTreeImporter (108)
[2015.11.24-22.18.06:512][610]LogModuleManager: Shutting down and abandoning module PluginBrowser (107)
[2015.11.24-22.18.06:512][610]LogModuleManager: Shutting down and abandoning module EpicSurvey (106)
[2015.11.24-22.18.06:512][610]LogModuleManager: Shutting down and abandoning module DesktopPlatform (105)
[2015.11.24-22.18.06:512][610]LogModuleManager: Shutting down and abandoning module VisualStudioSourceCodeAccess (104)
[2015.11.24-22.18.06:512][610]LogModuleManager: Shutting down and abandoning module UObjectPlugin (103)
[2015.11.24-22.18.06:512][610]LogModuleManager: Shutting down and abandoning module SubversionSourceControl (102)
[2015.11.24-22.18.06:512][610]LogModuleManager: Shutting down and abandoning module PerforceSourceControl (101)
[2015.11.24-22.18.06:512][610]LogModuleManager: Shutting down and abandoning module SourceControl (100)
[2015.11.24-22.18.06:513][610]LogModuleManager: Shutting down and abandoning module GitSourceControl (99)
[2015.11.24-22.18.06:513][610]LogModuleManager: Shutting down and abandoning module LightPropagationVolumeEditor (98)
[2015.11.24-22.18.06:513][610]LogModuleManager: Shutting down and abandoning module PaperTiledImporter (97)
[2015.11.24-22.18.06:513][610]LogModuleManager: Shutting down and abandoning module PaperSpriteSheetImporter (96)
[2015.11.24-22.18.06:513][610]LogModuleManager: Shutting down and abandoning module MeshPaint (95)
[2015.11.24-22.18.06:513][610]LogModuleManager: Shutting down and abandoning module SlateReflector (94)
[2015.11.24-22.18.06:513][610]LogModuleManager: Shutting down and abandoning module HotReload (93)
[2015.11.24-22.18.06:513][610]LogModuleManager: Shutting down and abandoning module MainFrame (92)
[2015.11.24-22.18.06:513][610]LogModuleManager: Shutting down and abandoning module LevelEditor (91)
[2015.11.24-22.18.06:514][610]LogModuleManager: Shutting down and abandoning module ContentBrowser (90)
[2015.11.24-22.18.06:516][610]LogModuleManager: Shutting down and abandoning module Paper2DEditor (89)
[2015.11.24-22.18.06:516][610]LogModuleManager: Shutting down and abandoning module UdpMessaging (88)
[2015.11.24-22.18.06:617][610]LogModuleManager: Shutting down and abandoning module DirectoryWatcher (87)
[2015.11.24-22.18.06:618][610]LogModuleManager: Shutting down and abandoning module AssetRegistry (86)
[2015.11.24-22.18.06:721][610]LogModuleManager: Shutting down and abandoning module SubstanceCore (85)
[2015.11.24-22.18.06:721][610]LogModuleManager: Shutting down and abandoning module LightPropagationVolumeRuntime (84)
[2015.11.24-22.18.06:721][610]LogModuleManager: Shutting down and abandoning module Paper2D (83)
[2015.11.24-22.18.06:721][610]LogModuleManager: Shutting down and abandoning module WindowsMoviePlayer (82)
[2015.11.24-22.18.06:727][610]LogModuleManager: Shutting down and abandoning module Media (81)
[2015.11.24-22.18.06:727][610]LogModuleManager: Shutting down and abandoning module WmfMedia (80)
[2015.11.24-22.18.06:727][610]LogModuleManager: Shutting down and abandoning module OnlineBlueprintSupport (79)
[2015.11.24-22.18.06:728][610]LogModuleManager: Shutting down and abandoning module GameplayTasksEditor (78)
[2015.11.24-22.18.06:728][610]LogModuleManager: Shutting down and abandoning module PropertyEditor (77)
[2015.11.24-22.18.06:728][610]LogModuleManager: Shutting down and abandoning module BehaviorTreeEditor (76)
[2015.11.24-22.18.06:728][610]LogModuleManager: Shutting down and abandoning module FunctionalTesting (75)
[2015.11.24-22.18.06:728][610]LogModuleManager: Shutting down and abandoning module CollisionAnalyzer (74)
[2015.11.24-22.18.06:728][610]LogModuleManager: Shutting down and abandoning module WorkspaceMenuStructure (73)
[2015.11.24-22.18.06:728][610]LogModuleManager: Shutting down and abandoning module MessageLog (72)
[2015.11.24-22.18.06:728][610]LogModuleManager: Shutting down and abandoning module Sequencer (71)
[2015.11.24-22.18.06:728][610]LogModuleManager: Shutting down and abandoning module AssetTools (70)
[2015.11.24-22.18.06:728][610]LogModuleManager: Shutting down and abandoning module UMGEditor (69)
[2015.11.24-22.18.06:728][610]LogModuleManager: Shutting down and abandoning module UMG (68)
[2015.11.24-22.18.06:728][610]LogModuleManager: Shutting down and abandoning module Slate (67)
[2015.11.24-22.18.06:728][610]LogModuleManager: Shutting down and abandoning module EditorStyle (66)
[2015.11.24-22.18.06:730][610]LogModuleManager: Shutting down and abandoning module SessionServices (65)
[2015.11.24-22.18.06:730][610]LogModuleManager: Shutting down and abandoning module SourceCodeAccess (64)
[2015.11.24-22.18.06:730][610]LogModuleManager: Shutting down and abandoning module HeadMountedDisplay (63)
[2015.11.24-22.18.06:730][610]LogModuleManager: Shutting down and abandoning module XAudio2 (62)
[2015.11.24-22.18.06:730][610]LogModuleManager: Shutting down and abandoning module Networking (60)
[2015.11.24-22.18.06:730][610]LogModuleManager: Shutting down and abandoning module Core (59)
[2015.11.24-22.18.06:730][610]LogModuleManager: Shutting down and abandoning module KismetCompiler (58)
[2015.11.24-22.18.06:730][610]LogModuleManager: Shutting down and abandoning module PhysXFormats (57)
[2015.11.24-22.18.06:731][610]LogModuleManager: Shutting down and abandoning module MeshUtilities (56)
[2015.11.24-22.18.06:731][610]LogModuleManager: Shutting down and abandoning module CookingStats (55)
[2015.11.24-22.18.06:736][610]LogModuleManager: Shutting down and abandoning module DerivedDataCache (54)
[2015.11.24-22.18.06:809][610]LogDerivedDataCache: Shutdown
[2015.11.24-22.18.06:809][610]LogModuleManager: Shutting down and abandoning module ShaderFormatOpenGL (53)
[2015.11.24-22.18.06:809][610]LogModuleManager: Shutting down and abandoning module ShaderFormatD3D (52)
[2015.11.24-22.18.06:809][610]LogModuleManager: Shutting down and abandoning module MetalShaderFormat (51)
[2015.11.24-22.18.06:809][610]LogModuleManager: Shutting down and abandoning module TextureFormatUncompressed (50)
[2015.11.24-22.18.06:809][610]LogModuleManager: Shutting down and abandoning module TextureFormatPVR (49)
[2015.11.24-22.18.06:809][610]LogModuleManager: Shutting down and abandoning module TextureFormatIntelISPCTexComp (48)
[2015.11.24-22.18.06:809][610]LogModuleManager: Shutting down and abandoning module TextureFormatDXT (47)
[2015.11.24-22.18.06:809][610]LogModuleManager: Shutting down and abandoning module ImageWrapper (46)
[2015.11.24-22.18.06:809][610]LogModuleManager: Shutting down and abandoning module TextureFormatASTC (45)
[2015.11.24-22.18.06:809][610]LogModuleManager: Shutting down and abandoning module TextureFormatAndroid (44)
[2015.11.24-22.18.06:809][610]LogModuleManager: Shutting down and abandoning module AudioFormatOpus (43)
[2015.11.24-22.18.06:809][610]LogModuleManager: Shutting down and abandoning module AudioFormatOgg (42)
[2015.11.24-22.18.06:809][610]LogModuleManager: Shutting down and abandoning module AudioFormatADPCM (41)
[2015.11.24-22.18.06:809][610]LogModuleManager: Shutting down and abandoning module LinuxTargetPlatform (40)
[2015.11.24-22.18.06:809][610]LogModuleManager: Shutting down and abandoning module LinuxServerTargetPlatform (39)
[2015.11.24-22.18.06:809][610]LogModuleManager: Shutting down and abandoning module LinuxNoEditorTargetPlatform (38)
[2015.11.24-22.18.06:809][610]LogModuleManager: Shutting down and abandoning module Messaging (37)
[2015.11.24-22.18.06:809][610]LogModuleManager: Shutting down and abandoning module IOSTargetPlatform (36)
[2015.11.24-22.18.06:809][610]LogModuleManager: Shutting down and abandoning module HTML5TargetPlatform (35)
[2015.11.24-22.18.06:809][610]LogModuleManager: Shutting down and abandoning module Android_PVRTCTargetPlatform (34)
[2015.11.24-22.18.06:809][610]LogModuleManager: Shutting down and abandoning module Android_ETC2TargetPlatform (33)
[2015.11.24-22.18.06:809][610]LogModuleManager: Shutting down and abandoning module Android_ETC1TargetPlatform (32)
[2015.11.24-22.18.06:809][610]LogModuleManager: Shutting down and abandoning module Android_DXTTargetPlatform (31)
[2015.11.24-22.18.06:809][610]LogModuleManager: Shutting down and abandoning module Android_ATCTargetPlatform (30)
[2015.11.24-22.18.06:809][610]LogModuleManager: Shutting down and abandoning module Android_ASTCTargetPlatform (29)
[2015.11.24-22.18.06:809][610]LogModuleManager: Shutting down and abandoning module AndroidTargetPlatform (28)
[2015.11.24-22.18.06:809][610]LogModuleManager: Shutting down and abandoning module WindowsTargetPlatform (27)
[2015.11.24-22.18.06:809][610]LogModuleManager: Shutting down and abandoning module WindowsServerTargetPlatform (26)
[2015.11.24-22.18.06:809][610]LogModuleManager: Shutting down and abandoning module WindowsNoEditorTargetPlatform (25)
[2015.11.24-22.18.06:809][610]LogModuleManager: Shutting down and abandoning module WindowsClientTargetPlatform (24)
[2015.11.24-22.18.06:809][610]LogModuleManager: Shutting down and abandoning module AllDesktopTargetPlatform (23)
[2015.11.24-22.18.06:809][610]LogModuleManager: Shutting down and abandoning module TargetPlatform (22)
[2015.11.24-22.18.06:809][610]LogModuleManager: Shutting down and abandoning module InputCore (21)
[2015.11.24-22.18.06:809][610]LogModuleManager: Shutting down and abandoning module Settings (20)
[2015.11.24-22.18.06:809][610]LogModuleManager: Shutting down and abandoning module OnlineSubsystem (18)
[2015.11.24-22.18.06:809][610]LogModuleManager: Shutting down and abandoning module HTTP (17)
[2015.11.24-22.18.07:810][610]LogModuleManager: Shutting down and abandoning module XMPP (16)
[2015.11.24-22.18.07:810][610]LogModuleManager: Shutting down and abandoning module ExampleDeviceProfileSelector (15)
[2015.11.24-22.18.07:810][610]LogModuleManager: Shutting down and abandoning module TextureCompressor (14)
[2015.11.24-22.18.07:810][610]LogModuleManager: Shutting down and abandoning module ShaderCore (13)
[2015.11.24-22.18.07:810][610]LogModuleManager: Shutting down and abandoning module Landscape (12)
[2015.11.24-22.18.07:810][610]LogModuleManager: Shutting down and abandoning module SlateRHIRenderer (11)
[2015.11.24-22.18.07:811][610]LogModuleManager: Shutting down and abandoning module OpenGLDrv (10)
[2015.11.24-22.18.07:811][610]LogModuleManager: Shutting down and abandoning module D3D11RHI (9)
[2015.11.24-22.18.07:811][610]LogModuleManager: Shutting down and abandoning module AnimGraphRuntime (8)
[2015.11.24-22.18.07:811][610]LogModuleManager: Shutting down and abandoning module Renderer (7)
[2015.11.24-22.18.07:811][610]LogModuleManager: Shutting down and abandoning module Engine (6)
[2015.11.24-22.18.07:811][610]LogModuleManager: Shutting down and abandoning module CoreUObject (5)
[2015.11.24-22.18.07:811][610]LogModuleManager: Shutting down and abandoning module NetworkFile (4)
[2015.11.24-22.18.07:811][610]LogModuleManager: Shutting down and abandoning module StreamingFile (3)
[2015.11.24-22.18.07:811][610]LogModuleManager: Shutting down and abandoning module SandboxFile (2)
[2015.11.24-22.18.07:811][610]LogModuleManager: Shutting down and abandoning module PakFile (1)
[2015.11.24-22.18.07:812][610]LogExit: Exiting.
[2015.11.24-22.18.07:813][610]Log file closed, 11/24/15 17:18:07
