[2015.11.09-07.29.43:383][  0]Log file open, 11/09/15 02:29:43
[2015.11.09-07.29.43:383][  0]LogInit:Display: Running engine for game: SuperSpaceArmada
[2015.11.09-07.29.43:383][  0]LogInit:Display: RandInit(1637082600) SRandInit(1637082600).
[2015.11.09-07.29.43:383][  0]LogTaskGraph: Started task graph with 4 named threads and 7 total threads.
[2015.11.09-07.29.43:383][  0]LogStats: Stats thread started at 0.874357
[2015.11.09-07.29.43:383][  0]LogInit: Version: 4.9.1-2689999+++depot+UE4-Releases+4.9
[2015.11.09-07.29.43:383][  0]LogInit: API Version: 2672455
[2015.11.09-07.29.43:383][  0]LogInit: Compiled (64-bit): Sep 14 2015 04:12:03
[2015.11.09-07.29.43:383][  0]LogInit: Compiled with Visual C++: 18.00.21005.01
[2015.11.09-07.29.43:383][  0]LogInit: Build Configuration: Development
[2015.11.09-07.29.43:383][  0]LogInit: Branch Name: ++depot+UE4-Releases+4.9
[2015.11.09-07.29.43:383][  0]LogInit: Command line:  
[2015.11.09-07.29.43:383][  0]LogInit: Base directory: C:/Program Files/Epic Games/4.9/Engine/Binaries/Win64/
[2015.11.09-07.29.43:383][  0]LogInit: Rocket: 1
[2015.11.09-07.29.43:611][  0]LogInit: Using libcurl 7.41.0
[2015.11.09-07.29.43:611][  0]LogInit:  - built for x86_64-pc-win32
[2015.11.09-07.29.43:611][  0]LogInit:  - supports SSL with WinSSL
[2015.11.09-07.29.43:611][  0]LogInit:  - other features:
[2015.11.09-07.29.43:611][  0]LogInit:      CURL_VERSION_SSL
[2015.11.09-07.29.43:611][  0]LogInit:      CURL_VERSION_IPV6
[2015.11.09-07.29.43:611][  0]LogInit:      CURL_VERSION_ASYNCHDNS
[2015.11.09-07.29.43:611][  0]LogInit:      CURL_VERSION_LARGEFILE
[2015.11.09-07.29.43:611][  0]LogInit:      CURL_VERSION_IDN
[2015.11.09-07.29.43:611][  0]LogInit:  CurlRequestOptions (configurable via config and command line):
[2015.11.09-07.29.43:611][  0]LogInit:  - bVerifyPeer = true  - Libcurl will verify peer certificate
[2015.11.09-07.29.43:611][  0]LogInit:  - bUseHttpProxy = false  - Libcurl will NOT use HTTP proxy
[2015.11.09-07.29.43:611][  0]LogInit:  - bDontReuseConnections = false  - Libcurl will reuse connections
[2015.11.09-07.29.43:611][  0]LogInit:  - CertBundlePath = nullptr  - Libcurl will use whatever was configured at build time.
[2015.11.09-07.29.43:822][  0]LogInit: Presizing for 0 objects not considered by GC, pre-allocating 0 bytes.
[2015.11.09-07.29.43:828][  0]LogInit: Object subsystem initialized
[2015.11.09-07.29.43:830][  0]LogInit: Selected Device Profile: [Windows]
[2015.11.09-07.29.43:830][  0]LogInit: Applying CVar settings loaded from the selected device profile: [Windows]
[2015.11.09-07.29.43:868][  0]LogInit: Computer: EXIA
[2015.11.09-07.29.43:868][  0]LogInit: User: SGJin
[2015.11.09-07.29.43:868][  0]LogInit: CPU Page size=4096, Cores=4
[2015.11.09-07.29.43:868][  0]LogInit: High frequency timer resolution =2.338347 MHz
[2015.11.09-07.29.43:868][  0]LogMemory: Memory total: Physical=7.9GB (8GB approx)
[2015.11.09-07.29.43:868][  0]LogMemory: Platform Memory Stats for Windows
[2015.11.09-07.29.43:868][  0]LogMemory: Process Physical Memory: 54.61 MB used, 54.61 MB peak
[2015.11.09-07.29.43:868][  0]LogMemory: Process Virtual Memory: 55.41 MB used, 55.41 MB peak
[2015.11.09-07.29.43:868][  0]LogMemory: Physical Memory: 5270.05 MB used, 8124.02 MB total
[2015.11.09-07.29.43:868][  0]LogMemory: Virtual Memory: 364.63 MB used, 134217728.00 MB total
[2015.11.09-07.29.44:716][  0]LogTextLocalizationManager: No specific translations for ('en-US') exist, so ('en') translations will be used.
[2015.11.09-07.29.45:695][  0]LogD3D11RHI: Found D3D11 adapter 0: NVIDIA GeForce GT 740M          (Feature Level 11_0)
[2015.11.09-07.29.45:695][  0]LogD3D11RHI: Adapter has 1996MB of dedicated video memory, 0MB of dedicated system memory, and 4062MB of shared system memory, 1 output[s]
[2015.11.09-07.29.45:702][  0]LogD3D11RHI: Found D3D11 adapter 1: Intel(R) HD Graphics 4600 (Feature Level 11_0)
[2015.11.09-07.29.45:702][  0]LogD3D11RHI: Adapter has 112MB of dedicated video memory, 0MB of dedicated system memory, and 4062MB of shared system memory, 0 output[s]
[2015.11.09-07.29.45:704][  0]LogD3D11RHI: Found D3D11 adapter 2: Microsoft Basic Render Driver (Feature Level 11_0)
[2015.11.09-07.29.45:704][  0]LogD3D11RHI: Adapter has 0MB of dedicated video memory, 0MB of dedicated system memory, and 4062MB of shared system memory, 0 output[s]
[2015.11.09-07.29.45:704][  0]LogD3D11RHI: Chosen D3D11 Adapter Id = 0
[2015.11.09-07.29.45:736][  0]LogD3D11RHI: !Direct3DDevice
[2015.11.09-07.29.45:736][  0]LogRHI: Texture pool is 1361 MB (70% of 1945 MB)
[2015.11.09-07.29.45:753][  0]LogD3D11RHI: Async texture creation enabled
[2015.11.09-07.29.45:767][  0]LogShaderCompilers: Guid format shader working directory is 14 characters bigger than the processId version (../../../../../../Users/Jin/Documents/GitHub/Game-Files/SuperSpaceArmada/Intermediate/Shaders/WorkingDirectory/92148/).
[2015.11.09-07.29.45:767][  0]LogShaderCompilers: Cleaned the shader compiler working directory '../../../../../../Users/Jin/Documents/GitHub/Game-Files/SuperSpaceArmada/Intermediate/Shaders/tmp/2F6882044630FFCBB34ECBA842C27DB2/'.
[2015.11.09-07.29.45:767][  0]LogShaderCompilers:Display: Using Local Shader Compiler.
[2015.11.09-07.29.54:416][  0]LogTemp:Display: Loaded TP AllDesktopTargetPlatform
[2015.11.09-07.29.54:477][  0]LogTemp:Display: Loaded TP WindowsClientTargetPlatform
[2015.11.09-07.29.54:546][  0]LogTemp:Display: Loaded TP WindowsNoEditorTargetPlatform
[2015.11.09-07.29.54:606][  0]LogTemp:Display: Loaded TP WindowsServerTargetPlatform
[2015.11.09-07.29.54:673][  0]LogTemp:Display: Loaded TP WindowsTargetPlatform
[2015.11.09-07.29.54:785][  0]LogTemp:Display: Loaded TP AndroidTargetPlatform
[2015.11.09-07.29.54:816][  0]LogTemp:Display: Loaded TP Android_ASTCTargetPlatform
[2015.11.09-07.29.54:842][  0]LogTemp:Display: Loaded TP Android_ATCTargetPlatform
[2015.11.09-07.29.54:853][  0]LogTemp:Display: Loaded TP Android_DXTTargetPlatform
[2015.11.09-07.29.54:885][  0]LogTemp:Display: Loaded TP Android_ETC1TargetPlatform
[2015.11.09-07.29.54:938][  0]LogTemp:Display: Loaded TP Android_ETC2TargetPlatform
[2015.11.09-07.29.54:967][  0]LogTemp:Display: Loaded TP Android_PVRTCTargetPlatform
[2015.11.09-07.29.55:013][  0]LogTemp:Display: Loaded TP HTML5TargetPlatform
[2015.11.09-07.29.55:181][  0]LogTemp:Display: Loaded TP IOSTargetPlatform
[2015.11.09-07.29.55:205][  0]LogTemp:Display: Loaded TP LinuxNoEditorTargetPlatform
[2015.11.09-07.29.55:236][  0]LogTemp:Display: Loaded TP LinuxServerTargetPlatform
[2015.11.09-07.29.55:270][  0]LogTemp:Display: Loaded TP LinuxTargetPlatform
[2015.11.09-07.29.55:270][  0]LogTargetPlatformManager:Display: Building Assets For Windows
[2015.11.09-07.29.56:557][  0]LogDerivedDataCache:Display: Max Cache Size: 512 MB
[2015.11.09-07.29.57:015][  0]LogDerivedDataCache: Loaded boot cache 0.46s 41MB C:/Users/Jin/AppData/Local/UnrealEngine/4.9/DerivedDataCache/Boot.ddc.
[2015.11.09-07.29.57:015][  0]LogDerivedDataCache:Display: Loaded Boot cache: C:/Users/Jin/AppData/Local/UnrealEngine/4.9/DerivedDataCache/Boot.ddc
[2015.11.09-07.29.57:015][  0]LogDerivedDataCache: FDerivedDataBackendGraph:  Pak pak cache file ../../../../../../Users/Jin/Documents/GitHub/Game-Files/SuperSpaceArmada/DerivedDataCache/DDC.ddp not found, will not use a pak cache.
[2015.11.09-07.29.57:015][  0]LogDerivedDataCache: Unable to find inner node Pak for hierarchical cache Hierarchy.
[2015.11.09-07.29.57:015][  0]LogDerivedDataCache: FDerivedDataBackendGraph:  CompressedPak pak cache file ../../../../../../Users/Jin/Documents/GitHub/Game-Files/SuperSpaceArmada/DerivedDataCache/Compressed.ddp not found, will not use a pak cache.
[2015.11.09-07.29.57:015][  0]LogDerivedDataCache: Unable to find inner node CompressedPak for hierarchical cache Hierarchy.
[2015.11.09-07.29.57:247][  0]LogDerivedDataCache:Display: Pak cache opened for reading ../../../Engine/DerivedDataCache/Compressed.ddp.
[2015.11.09-07.29.57:345][  0]LogDerivedDataCache: Using Local data cache path C:/Users/Jin/AppData/Local/UnrealEngine/Common/DerivedDataCache: Writable
[2015.11.09-07.30.04:151][  0]LogInit: Selected Device Profile: [Windows]
[2015.11.09-07.30.04:240][  0]LogContentStreaming: Texture pool size is 0.000000MB
[2015.11.09-07.30.05:101][  0]LogMeshUtilities: No automatic mesh reduction module available
[2015.11.09-07.30.05:101][  0]LogMeshUtilities: No automatic mesh merging module available
[2015.11.09-07.30.08:895][  0]LogInit: WinSock: version 1.1 (2.2), MaxSocks=32767, MaxUdp=65467
[2015.11.09-07.30.49:973][  0]LogAssetRegistry: FAssetRegistry took 0.0113 seconds to start up
[2015.11.09-07.30.50:187][  0]UdpMessaging: Initializing bridge on interface 0.0.0.0:0 to multicast group 230.0.0.1:6666.
[2015.11.09-07.30.56:236][  0]SourceControl: Info Source control is disabled
[2015.11.09-07.30.56:491][  0]SourceControl: Info Source control is disabled
[2015.11.09-07.30.56:734][  0]SourceControl: Info Source control is disabled
[2015.11.09-07.30.56:878][  0]SourceControl: Info Source control is disabled
[2015.11.09-07.31.00:702][  0]LogLinker:Warning: Asset '../../../Engine/Plugins/Runtime/LeapMotionController/Content/LM_PassthroughMaterial.uasset' has been saved with empty engine version. The asset will be loaded but may be incompatible.
[2015.11.09-07.31.02:480][  0]LogObj: 28528 objects as part of root set at end of initial load.
[2015.11.09-07.31.02:480][  0]LogUObjectAllocator: 6068464 out of 0 bytes used by permanent object pool.
[2015.11.09-07.31.03:721][  0]LogEngine: Initializing Engine...
[2015.11.09-07.31.03:727][  0]LogHMD: Can't find Oculus library dev build: is proper Runtime installed? Version: 0.7.0.0
[2015.11.09-07.31.03:986][  0]LogHMD: SteamVR failed to initialize.  Err: 110
[2015.11.09-07.31.05:729][  0]LogAIModule: Creating AISystem for world NewWorld
[2015.11.09-07.31.05:766][  0]LogInit: XAudio2 using 'Speakers / HP (IDT High Definition Audio CODEC)' : 2 channels at 48 kHz using 16 bits per sample (channel mask 0x3)
[2015.11.09-07.31.05:839][  0]LogInit: FAudioDevice initialized.
[2015.11.09-07.31.06:263][  0]LogDerivedDataCache: Saved boot cache 0.42s 41MB C:/Users/Jin/AppData/Local/UnrealEngine/4.9/DerivedDataCache/Boot.ddc.
[2015.11.09-07.31.06:266][  0]LogInit: Texture streaming: Enabled
[2015.11.09-07.31.06:551][  0]LogAnalytics: Creating configured Analytics provider AnalyticsET
[2015.11.09-07.31.06:551][  0]LogAnalytics: [UEEditor.Rocket.Release] APIServer = http://et2.epicgames.com/ET2/. AppVersion = 4.9.1-2689999+++depot+UE4-Releases+4.9
[2015.11.09-07.31.06:551][  0]LogAnalytics: [UEEditor.Rocket.Release] SetUserId 435ea4a8489b84c6f4feaab84cbae6c8|e03effeb7bdf4ddc9c712682a578c51b|8a2a019e-36d5-4c55-97e1-833141022920
[2015.11.09-07.31.06:551][  0]LogAnalytics: [UEEditor.Rocket.Release] AnalyticsET::StartSession
[2015.11.09-07.31.06:806][  0]LogInit: Transaction tracking system initialized
[2015.11.09-07.31.11:957][  0]BlueprintLog: New page: Editor Load
[2015.11.09-07.31.17:096][  0]LocalizationService: Info Localization service is disabled
[2015.11.09-07.31.20:107][  0]LogConsoleResponse:Display: 
[2015.11.09-07.31.22:413][  0]LogCook:Display: Done creating registry. It took  0.00s.
[2015.11.09-07.31.25:404][  0]LogFileCache: Scanning file cache for directory 'C:/Users/Jin/Documents/GitHub/Game-Files/SuperSpaceArmada/Content/' took 0.05s
[2015.11.09-07.31.26:506][  0]SourceControl: Info Source control is disabled
[2015.11.09-07.31.26:506][  0]Cmd: MAP LOAD FILE="../../../../../../Users/Jin/Documents/GitHub/Game-Files/SuperSpaceArmada/Content/SSA/Maps/Home_Kratakos.umap" TEMPLATE=0 SHOWPROGRESS=1 FEATURELEVEL=3
[2015.11.09-07.31.26:570][  0]LightingResults: New page: Lighting Build
[2015.11.09-07.31.26:576][  0]MapCheck: New page: Map Check
[2015.11.09-07.31.26:576][  0]LightingResults: New page: Lighting Build
[2015.11.09-07.31.26:587][  0]LogParticles: Destroying 0 GPU particle simulations for FXSystem 0x0000004865C09620
[2015.11.09-07.31.27:721][  0]LogLinker:Warning: Asset '../../../../../../Users/Jin/Documents/GitHub/Game-Files/SuperSpaceArmada/Content/Mannequin/Animations/ThirdPerson_AnimBP.uasset' has been saved with empty engine version. The asset will be loaded but may be incompatible.
[2015.11.09-07.31.27:926][  0]LogLinker:Warning: Asset '../../../../../../Users/Jin/Documents/GitHub/Game-Files/SuperSpaceArmada/Content/Mannequin/Animations/ThirdPerson_Jump.uasset' has been saved with empty engine version. The asset will be loaded but may be incompatible.
[2015.11.09-07.31.28:229][  0]LogLinker:Warning: Asset '../../../../../../Users/Jin/Documents/GitHub/Game-Files/SuperSpaceArmada/Content/Mannequin/Animations/ThirdPersonJump_Loop.uasset' has been saved with empty engine version. The asset will be loaded but may be incompatible.
[2015.11.09-07.31.28:272][  0]LogLinker:Warning: Asset '../../../../../../Users/Jin/Documents/GitHub/Game-Files/SuperSpaceArmada/Content/Mannequin/Animations/ThirdPersonJump_Start.uasset' has been saved with empty engine version. The asset will be loaded but may be incompatible.
[2015.11.09-07.31.28:522][  0]LogLinker:Warning: Asset '../../../../../../Users/Jin/Documents/GitHub/Game-Files/SuperSpaceArmada/Content/Mannequin/Animations/ThirdPerson_IdleRun_2D.uasset' has been saved with empty engine version. The asset will be loaded but may be incompatible.
[2015.11.09-07.31.28:647][  0]LogLinker:Warning: Asset '../../../../../../Users/Jin/Documents/GitHub/Game-Files/SuperSpaceArmada/Content/Mannequin/Animations/ThirdPersonIdle.uasset' has been saved with empty engine version. The asset will be loaded but may be incompatible.
[2015.11.09-07.31.28:809][  0]LogLinker:Warning: Asset '../../../../../../Users/Jin/Documents/GitHub/Game-Files/SuperSpaceArmada/Content/Mannequin/Animations/ThirdPersonRun.uasset' has been saved with empty engine version. The asset will be loaded but may be incompatible.
[2015.11.09-07.31.28:925][  0]LogLinker:Warning: Asset '../../../../../../Users/Jin/Documents/GitHub/Game-Files/SuperSpaceArmada/Content/Mannequin/Animations/ThirdPersonWalk.uasset' has been saved with empty engine version. The asset will be loaded but may be incompatible.
[2015.11.09-07.31.46:941][  0]LogBlueprint:Error: Broken Node: K2Node_CallFunction /Game/SSA/Blueprints/Objects/Debris.Debris:Debris Collision func.K2Node_CallFunction_3036 keeps removed/invalid pin: EdGraphPin /Game/SSA/Blueprints/Objects/Debris.Debris:Debris Collision func.K2Node_CallFunction_3036.EdGraphPin_189478. Try refresh all nodes.
[2015.11.09-07.31.46:942][  0]LogBlueprint:Error: Broken Node: K2Node_CallFunction /Game/SSA/Blueprints/Objects/Debris.Debris:Debris Collision func.K2Node_CallFunction_2761 keeps removed/invalid pin: EdGraphPin /Game/SSA/Blueprints/Objects/Debris.Debris:Debris Collision func.K2Node_CallFunction_2761.EdGraphPin_189448. Try refresh all nodes.
[2015.11.09-07.31.47:373][  0]LogBlueprint:Error: Broken Node: K2Node_CallFunction /Game/SSA/Blueprints/Objects/Debris.Debris:Debris Collision func.K2Node_CallFunction_2761 keeps removed/invalid pin: EdGraphPin /Game/SSA/Blueprints/Objects/Debris.Debris:Debris Collision func.K2Node_CallFunction_2761.EdGraphPin_189448. Try refresh all nodes.
[2015.11.09-07.31.47:373][  0]LogBlueprint:Error: Broken Node: K2Node_CallFunction /Game/SSA/Blueprints/Objects/Debris.Debris:Debris Collision func.K2Node_CallFunction_3036 keeps removed/invalid pin: EdGraphPin /Game/SSA/Blueprints/Objects/Debris.Debris:Debris Collision func.K2Node_CallFunction_3036.EdGraphPin_189478. Try refresh all nodes.
[2015.11.09-07.31.51:441][  0]LogLinker:Warning: Can't find file '/Game/Geometry/Meshes/1M_Cube'
[2015.11.09-07.31.51:442][  0]LogLinker:Warning: Can't find file for asset '/Game/Geometry/Meshes/1M_Cube' while loading ../../../../../../Users/Jin/Documents/GitHub/Game-Files/SuperSpaceArmada/Content/SSA/Blueprints/Objects/Crystal_Spawner.uasset.
[2015.11.09-07.31.51:442][  0]LoadErrors:Error: Error /Game/SSA/Blueprints/Objects/Crystal_Spawner : Can't find file for asset. /Game/Geometry/Meshes/1M_Cube
[2015.11.09-07.31.51:442][  0]LogLinker:Warning: Can't find file '/Game/Geometry/Meshes/1M_Cube'
[2015.11.09-07.31.51:443][  0]LogLinker:Warning: Can't find file for asset '/Game/Geometry/Meshes/1M_Cube' while loading ../../../../../../Users/Jin/Documents/GitHub/Game-Files/SuperSpaceArmada/Content/SSA/Blueprints/Objects/Crystal_Spawner.uasset.
[2015.11.09-07.31.51:443][  0]LoadErrors:Error: Error /Game/SSA/Blueprints/Objects/Crystal_Spawner : Can't find file for asset. /Game/Geometry/Meshes/1M_Cube
[2015.11.09-07.31.51:533][  0]LogLinker:Warning: Can't find file '/Game/Geometry/Meshes/1M_Cube'
[2015.11.09-07.31.51:534][  0]LogLinker:Warning: Can't find file for asset '/Game/Geometry/Meshes/1M_Cube' while loading ../../../../../../Users/Jin/Documents/GitHub/Game-Files/SuperSpaceArmada/Content/SSA/Maps/Home_Kratakos.umap.
[2015.11.09-07.31.51:534][  0]LoadErrors:Error: Error /Game/SSA/Maps/Home_Kratakos : Can't find file for asset. /Game/Geometry/Meshes/1M_Cube
[2015.11.09-07.31.51:534][  0]LogLinker:Warning: Can't find file '/Game/Geometry/Meshes/1M_Cube'
[2015.11.09-07.31.51:534][  0]LogLinker:Warning: Can't find file for asset '/Game/Geometry/Meshes/1M_Cube' while loading ../../../../../../Users/Jin/Documents/GitHub/Game-Files/SuperSpaceArmada/Content/SSA/Maps/Home_Kratakos.umap.
[2015.11.09-07.31.51:534][  0]LoadErrors:Error: Error /Game/SSA/Maps/Home_Kratakos : Can't find file for asset. /Game/Geometry/Meshes/1M_Cube
[2015.11.09-07.31.51:535][  0]LogLinker:Warning: Can't find file '/Game/Geometry/Meshes/1M_Cube'
[2015.11.09-07.31.51:535][  0]LoadErrors: Info Failed to load /Game/Geometry/Meshes/1M_Cube.1M_Cube Referenced by StaticMeshComponent0
[2015.11.09-07.31.51:535][  0]LogLinker:Warning: Can't find file for asset '/Game/Geometry/Meshes/1M_Cube' while loading ../../../../../../Users/Jin/Documents/GitHub/Game-Files/SuperSpaceArmada/Content/SSA/Maps/Home_Kratakos.umap.
[2015.11.09-07.31.51:535][  0]LoadErrors: Info Failed to load /Game/Geometry/Meshes/1M_Cube.1M_Cube Referenced by StaticMeshComponent0
[2015.11.09-07.31.51:535][  0]LoadErrors:Error: Error /Game/SSA/Maps/Home_Kratakos : Can't find file for asset. /Game/Geometry/Meshes/1M_Cube
[2015.11.09-07.32.10:733][  0]LogTexture:Display: Building textures: HQ_Lightmap0_4 (AutoDXT)
[2015.11.09-07.32.10:733][  0]LogTexture:Display: Building textures: HQ_Lightmap1_1 (AutoDXT)
[2015.11.09-07.32.10:740][  0]LogTexture:Display: Building textures: HQ_Lightmap1_2 (AutoDXT)
[2015.11.09-07.32.10:744][  0]LogTexture:Display: Building textures: HQ_Lightmap1_3 (AutoDXT)
[2015.11.09-07.32.10:750][  0]LogTexture:Display: Building textures: LQ_Lightmap_0_4 (DXT1)
[2015.11.09-07.32.10:754][  0]LogTexture:Display: Building textures: LQ_Lightmap_1_1 (DXT1)
[2015.11.09-07.32.10:756][  0]LogTexture:Display: Building textures: LQ_Lightmap_1_2 (DXT1)
[2015.11.09-07.32.10:760][  0]LogTexture:Display: Building textures: LQ_Lightmap_1_3 (DXT1)
[2015.11.09-07.32.10:763][  0]LogTexture:Display: Building textures: SkyOcclusion0_4 (AutoDXT)
[2015.11.09-07.32.10:766][  0]LogTexture:Display: Building textures: SkyOcclusion1_1 (AutoDXT)
[2015.11.09-07.32.10:771][  0]LogTexture:Display: Building textures: SkyOcclusion1_2 (AutoDXT)
[2015.11.09-07.32.10:776][  0]LogTexture:Display: Building textures: SkyOcclusion1_3 (AutoDXT)
[2015.11.09-07.32.13:144][  0]LogMaterial: Missing cached shader map for material lambert1, compiling. 
[2015.11.09-07.32.13:145][  0]LogMaterial:Warning: Failed to compile Material /Game/Geometry/Meshes/KratakosFrigate/lambert1.lambert1 for platform PCD3D_SM5, Default Material will be used in game.
[2015.11.09-07.32.13:145][  0]LogMaterial:Warning: 	(Node TextureSample) TextureSample> Missing input texture
[2015.11.09-07.32.20:714][  0]LogAIModule: Creating AISystem for world Home_Kratakos
[2015.11.09-07.32.20:886][  0]LogEditorServer: Finished looking for orphan Actors (0.000 secs)
[2015.11.09-07.32.20:887][  0]Cmd: MAP CHECKDEP NOCLEARLOG
[2015.11.09-07.32.21:093][  0]MapCheck: Info Map check complete: 0 Error(s), 0 Warning(s), took 205.858ms to complete.
[2015.11.09-07.32.21:093][  0]LogFileHelpers: Loading map 'Home_Kratakos' took 54.587
[2015.11.09-07.32.22:827][  0]LogCollectionManager: Loaded 0 collections in 0.002933 seconds
[2015.11.09-07.32.22:869][  0]LogFileCache: Scanning file cache for directory 'C:/Users/Jin/Documents/GitHub/Game-Files/SuperSpaceArmada/Saved/Collections/' took 0.01s
[2015.11.09-07.32.22:869][  0]LogFileCache: Scanning file cache for directory 'C:/Users/Jin/Documents/GitHub/Game-Files/SuperSpaceArmada/Content/Developers/SGJin/Collections/' took 0.01s
[2015.11.09-07.32.22:869][  0]LogFileCache: Scanning file cache for directory 'C:/Users/Jin/Documents/GitHub/Game-Files/SuperSpaceArmada/Content/Collections/' took 0.01s
[2015.11.09-07.32.22:869][  0]LogContentBrowser: Native class hierarchy populated in 0.0073 seconds. Added 1882 classes and 339 folders.
[2015.11.09-07.32.22:875][  0]LogCollectionManager: Rebuilt the GUID cache for 0 collections in 0.000006 seconds
[2015.11.09-07.32.22:883][  0]LogContentBrowser: Native class hierarchy updated for 'WidgetCarousel' in 0.0003 seconds. Added 0 classes and 0 folders.
[2015.11.09-07.32.25:858][  0]LogContentBrowser: Native class hierarchy updated for 'AddContentDialog' in 0.0004 seconds. Added 0 classes and 0 folders.
[2015.11.09-07.32.26:128][  0]LogContentBrowser: Native class hierarchy updated for 'SceneOutliner' in 0.0004 seconds. Added 1 classes and 2 folders.
[2015.11.09-07.32.26:401][  0]LogCrashTracker: Crashtracker disabled due to settings.
[2015.11.09-07.32.26:409][  0]LogUObjectGlobals:Warning: Failed to find object 'Class None.'
[2015.11.09-07.32.26:433][  0]LogLoad: Full Startup: 167.17 seconds (BP compile: 1.73 seconds)
[2015.11.09-07.32.26:772][  0]LoadErrors:Error: Error /Game/SSA/Blueprints/Player : Failed import for Player_C /Game/SSA/Blueprints/Player/Player.Default__Player_C
[2015.11.09-07.32.27:864][  0]LogContentStreaming: Texture pool size now 1000 MB
[2015.11.09-07.32.28:131][  0]LogRenderer: Reallocating scene render targets to support 1156x564 (Frame:2).
[2015.11.09-07.32.31:634][ 20]LogAssetRegistry: Asset discovery search completed in 101.6720 seconds
[2015.11.09-07.32.31:634][ 20]LogCollectionManager: Rebuilt the object cache for 0 collections in 0.000001 seconds (found 0 objects)
[2015.11.09-07.32.31:634][ 20]LogCollectionManager: Fixed up redirectors for 0 collections in 0.000042 seconds (updated 0 objects)
[2015.11.09-07.32.39:151][227]LogBlueprintUserMessages: Early PlayInEditor Detection: Level '/Game/SSA/Maps/Home_Kratakos.Home_Kratakos:PersistentLevel' has LevelScriptBlueprint '/Game/SSA/Maps/Home_Kratakos.Home_Kratakos:PersistentLevel.Home_Kratakos' with GeneratedClass '/Game/SSA/Maps/Home_Kratakos.Home_Kratakos_C' with ClassGeneratedBy '/Game/SSA/Maps/Home_Kratakos.Home_Kratakos:PersistentLevel.Home_Kratakos'
[2015.11.09-07.32.39:151][227]LogPlayLevel: PlayLevel: No blueprints needed recompiling
[2015.11.09-07.32.39:151][227]PIE: New page: PIE session: Home_Kratakos (Nov 8, 2015, 9:32:39 PM)
[2015.11.09-07.32.39:151][227]LogPlayLevel: Creating play world package: /Game/SSA/Maps/UEDPIE_0_Home_Kratakos
[2015.11.09-07.32.39:183][227]LogPlayLevel: PIE: StaticDuplicateObject took: (0.031416s)
[2015.11.09-07.32.39:184][227]LogAIModule: Creating AISystem for world Home_Kratakos
[2015.11.09-07.32.39:184][227]LogPlayLevel: PIE: World Init took: (0.000829s)
[2015.11.09-07.32.39:184][227]LogPlayLevel: PIE: Created PIE world by copying editor world from /Game/SSA/Maps/Home_Kratakos.Home_Kratakos to /Game/SSA/Maps/UEDPIE_0_Home_Kratakos.Home_Kratakos (0.032539s)
[2015.11.09-07.32.39:328][227]LogInit: XAudio2 using 'Speakers / HP (IDT High Definition Audio CODEC)' : 2 channels at 48 kHz using 16 bits per sample (channel mask 0x3)
[2015.11.09-07.32.39:345][227]LogInit: FAudioDevice initialized.
[2015.11.09-07.32.42:555][227]LogWorld: Game class is 'TopDownGameMode_C'
[2015.11.09-07.32.42:562][227]LogWorld:Warning: *** WARNING - PATHS MAY NOT BE VALID ***
[2015.11.09-07.32.42:562][227]LogWorld: Bringing World /Game/SSA/Maps/UEDPIE_0_Home_Kratakos.Home_Kratakos up for play (max tick rate 60) at 2015.11.09-02.32.42
[2015.11.09-07.32.42:562][227]LogActor:Warning: GameSession /Game/SSA/Maps/UEDPIE_0_Home_Kratakos.Home_Kratakos:PersistentLevel.GameSession_0 has natively added scene component(s), but none of them were set as the actor's RootComponent - picking one arbitrarily
[2015.11.09-07.32.42:562][227]LogActor:Warning: GameNetworkManager /Game/SSA/Maps/UEDPIE_0_Home_Kratakos.Home_Kratakos:PersistentLevel.GameNetworkManager_0 has natively added scene component(s), but none of them were set as the actor's RootComponent - picking one arbitrarily
[2015.11.09-07.32.42:563][227]LogWorld: Bringing up level for play took: 0.006291
[2015.11.09-07.32.42:570][227]PIE: Info Play in editor start time for /Game/SSA/Maps/UEDPIE_0_Home_Kratakos 2.576
[2015.11.09-07.32.42:570][227]LogBlueprintUserMessages: Late PlayInEditor Detection: Level '/Game/SSA/Maps/Home_Kratakos.Home_Kratakos:PersistentLevel' has LevelScriptBlueprint '/Game/SSA/Maps/Home_Kratakos.Home_Kratakos:PersistentLevel.Home_Kratakos' with GeneratedClass '/Game/SSA/Maps/Home_Kratakos.Home_Kratakos_C' with ClassGeneratedBy '/Game/SSA/Maps/Home_Kratakos.Home_Kratakos:PersistentLevel.Home_Kratakos'
[2015.11.09-07.33.03:423][173]LogScript:Warning: Accessed None 'CallFunc_K2_GetPawn_ReturnValue'
	EnemyAI1_C /Game/SSA/Maps/UEDPIE_0_Home_Kratakos.Home_Kratakos:PersistentLevel.EnemyAI1_C_0
	Function /Game/SSA/Blueprints/AI/EnemyAI1.EnemyAI1_C:ExecuteUbergraph_EnemyAI1:008C
[2015.11.09-07.33.03:424][173]PIE:Error: Error Accessed None 'CallFunc_K2_GetPawn_ReturnValue' from node Set Value as Vector in graph 'EventGraph' in blueprint EnemyAI1
[2015.11.09-07.33.03:424][173]LogBlueprintUserMessages: [Player_Human_C_0] X=457.015 Y=981.628 Z=312.525
[2015.11.09-07.33.17:157][799]LogPackageName: SearchForPackageOnDisk took   0.097s to resolve Ship_Selection.umap.
[2015.11.09-07.33.17:250][800]LogPackageName: SearchForPackageOnDisk took   0.083s to resolve Ship_Selection.umap.
[2015.11.09-07.33.17:250][800]LogNet: Browse: /Game/SSA/Maps/Ship_Selection
[2015.11.09-07.33.17:250][800]LogLoad: LoadMap: /Game/SSA/Maps/Ship_Selection
[2015.11.09-07.33.17:295][800]LogParticles: Destroying 0 GPU particle simulations for FXSystem 0x0000004840D4EC00
[2015.11.09-07.33.17:305][800]Cmd: MEM
[2015.11.09-07.33.17:326][800]LogMemory: Platform Memory Stats for Windows
[2015.11.09-07.33.17:326][800]LogMemory: Process Physical Memory: 977.04 MB used, 1020.88 MB peak
[2015.11.09-07.33.17:326][800]LogMemory: Process Virtual Memory: 1751.64 MB used, 1795.21 MB peak
[2015.11.09-07.33.17:326][800]LogMemory: Physical Memory: 6058.83 MB used, 8124.02 MB total
[2015.11.09-07.33.17:326][800]LogMemory: Virtual Memory: 2479.32 MB used, 134217728.00 MB total
[2015.11.09-07.33.17:326][800]LogMemory: 
[2015.11.09-07.33.17:326][800]Allocator Stats for TBB: (not implemented)
[2015.11.09-07.33.17:831][800]LogTexture:Display: Building textures: HQ_Lightmap0_1 (AutoDXT)
[2015.11.09-07.33.17:833][800]LogTexture:Display: Building textures: LQ_Lightmap_0_1 (DXT1)
[2015.11.09-07.33.17:835][800]LogTexture:Display: Building textures: ShadowMapTexture2D_5 (BGRA8)
[2015.11.09-07.33.17:857][800]LogTexture:Display: Building textures: ShipSelectionCarousel_bottomBar (BGRA8)
[2015.11.09-07.33.17:979][800]LogTexture:Display: Building textures: healthBar_single (BGRA8)
[2015.11.09-07.33.18:195][800]LogTexture:Display: Building textures: hullHealth_textLines (BGRA8)
[2015.11.09-07.33.18:698][800]LogTexture:Display: Building textures: ArmadaSelection (AutoDXT)
[2015.11.09-07.33.20:641][800]LogMaterial: Missing cached shader map for material ArmadaScreen, compiling. 
[2015.11.09-07.33.28:078][800]LogAIModule: Creating AISystem for world Ship_Selection
[2015.11.09-07.33.28:081][800]LogLinker:Warning: Can't find file '/Game/TopDownBP/Blueprints/TopDownGameMode'
[2015.11.09-07.33.28:081][800]LogLinker:Warning: Can't find file '/Game/TopDownBP/Blueprints/TopDownGameMode'
[2015.11.09-07.33.28:081][800]LogUObjectGlobals:Warning: Failed to find object 'Class /Game/TopDownBP/Blueprints/TopDownGameMode.TopDownGameMode_C'
[2015.11.09-07.33.28:081][800]LogWorld: Game class is 'GameMode'
[2015.11.09-07.33.28:083][800]LogPhysics:Warning: FConstraintInstance::GetRefFrame : Contained scale.
[2015.11.09-07.33.28:084][800]LogPhysics:Warning: FConstraintInstance::GetRefFrame : Contained scale.
[2015.11.09-07.33.28:084][800]LogPhysics:Warning: FConstraintInstance::GetRefFrame : Contained scale.
[2015.11.09-07.33.28:084][800]LogPhysics:Warning: FConstraintInstance::GetRefFrame : Contained scale.
[2015.11.09-07.33.28:085][800]LogWorld: Bringing World /Game/SSA/Maps/UEDPIE_0_Ship_Selection.Ship_Selection up for play (max tick rate 60) at 2015.11.09-02.33.28
[2015.11.09-07.33.28:085][800]LogActor:Warning: GameSession /Game/SSA/Maps/UEDPIE_0_Ship_Selection.Ship_Selection:PersistentLevel.GameSession_1 has natively added scene component(s), but none of them were set as the actor's RootComponent - picking one arbitrarily
[2015.11.09-07.33.28:086][800]LogActor:Warning: GameNetworkManager /Game/SSA/Maps/UEDPIE_0_Ship_Selection.Ship_Selection:PersistentLevel.GameNetworkManager_1 has natively added scene component(s), but none of them were set as the actor's RootComponent - picking one arbitrarily
[2015.11.09-07.33.28:086][800]LogWorld: Bringing up level for play took: 0.003990
[2015.11.09-07.33.28:087][800]LogGameMode: Warning - PATHS NOT DEFINED or NO PLAYERSTART with positive rating
[2015.11.09-07.33.28:095][800]LogBlueprintUserMessages: [SparklerCharacter_C_1] Hello
[2015.11.09-07.33.43:937][509]LogScript:Warning: Accessed None 'K2Node_DynamicCast_AsSSAGame_Instance7'
	Ship_Selection_C /Engine/Transient.UnrealEdEngine_0:SSAGameInstance_C_0.Ship_Selection_C_0
	Function /Game/SSA/Blueprints/Menues/Ship_Selection/Ship_Selection.Ship_Selection_C:ExecuteUbergraph_Ship_Selection:027D
[2015.11.09-07.33.43:937][509]LogScript:Warning: Accessed None
	Ship_Selection_C /Engine/Transient.UnrealEdEngine_0:SSAGameInstance_C_0.Ship_Selection_C_0
	Function /Game/SSA/Blueprints/Menues/Ship_Selection/Ship_Selection.Ship_Selection_C:ExecuteUbergraph_Ship_Selection:025E
[2015.11.09-07.33.43:937][509]LogScript:Warning: Accessed None 'K2Node_DynamicCast_AsSSAGame_Instance7'
	Ship_Selection_C /Engine/Transient.UnrealEdEngine_0:SSAGameInstance_C_0.Ship_Selection_C_0
	Function /Game/SSA/Blueprints/Menues/Ship_Selection/Ship_Selection.Ship_Selection_C:ExecuteUbergraph_Ship_Selection:027D
[2015.11.09-07.33.43:937][509]LogScript:Warning: Accessed None
	Ship_Selection_C /Engine/Transient.UnrealEdEngine_0:SSAGameInstance_C_0.Ship_Selection_C_0
	Function /Game/SSA/Blueprints/Menues/Ship_Selection/Ship_Selection.Ship_Selection_C:ExecuteUbergraph_Ship_Selection:025E
[2015.11.09-07.33.43:937][509]LogScript:Warning: Accessed None 'K2Node_DynamicCast_AsSSAGame_Instance7'
	Ship_Selection_C /Engine/Transient.UnrealEdEngine_0:SSAGameInstance_C_0.Ship_Selection_C_0
	Function /Game/SSA/Blueprints/Menues/Ship_Selection/Ship_Selection.Ship_Selection_C:ExecuteUbergraph_Ship_Selection:027D
[2015.11.09-07.33.43:937][509]LogScript:Warning: Accessed None
	Ship_Selection_C /Engine/Transient.UnrealEdEngine_0:SSAGameInstance_C_0.Ship_Selection_C_0
	Function /Game/SSA/Blueprints/Menues/Ship_Selection/Ship_Selection.Ship_Selection_C:ExecuteUbergraph_Ship_Selection:025E
[2015.11.09-07.33.43:937][509]LogScript:Warning: Accessed None 'K2Node_DynamicCast_AsSSAGame_Instance7'
	Ship_Selection_C /Engine/Transient.UnrealEdEngine_0:SSAGameInstance_C_0.Ship_Selection_C_0
	Function /Game/SSA/Blueprints/Menues/Ship_Selection/Ship_Selection.Ship_Selection_C:ExecuteUbergraph_Ship_Selection:027D
[2015.11.09-07.33.43:937][509]LogScript:Warning: Accessed None
	Ship_Selection_C /Engine/Transient.UnrealEdEngine_0:SSAGameInstance_C_0.Ship_Selection_C_0
	Function /Game/SSA/Blueprints/Menues/Ship_Selection/Ship_Selection.Ship_Selection_C:ExecuteUbergraph_Ship_Selection:025E
[2015.11.09-07.33.43:937][509]LogScript:Warning: Accessed None 'K2Node_DynamicCast_AsSSAGame_Instance7'
	Ship_Selection_C /Engine/Transient.UnrealEdEngine_0:SSAGameInstance_C_0.Ship_Selection_C_0
	Function /Game/SSA/Blueprints/Menues/Ship_Selection/Ship_Selection.Ship_Selection_C:ExecuteUbergraph_Ship_Selection:027D
[2015.11.09-07.33.43:937][509]LogScript:Warning: Accessed None
	Ship_Selection_C /Engine/Transient.UnrealEdEngine_0:SSAGameInstance_C_0.Ship_Selection_C_0
	Function /Game/SSA/Blueprints/Menues/Ship_Selection/Ship_Selection.Ship_Selection_C:ExecuteUbergraph_Ship_Selection:025E
[2015.11.09-07.33.43:937][509]LogScript:Warning: Accessed None 'K2Node_DynamicCast_AsSSAGame_Instance7'
	Ship_Selection_C /Engine/Transient.UnrealEdEngine_0:SSAGameInstance_C_0.Ship_Selection_C_0
	Function /Game/SSA/Blueprints/Menues/Ship_Selection/Ship_Selection.Ship_Selection_C:ExecuteUbergraph_Ship_Selection:027D
[2015.11.09-07.33.43:937][509]LogScript:Warning: Accessed None
	Ship_Selection_C /Engine/Transient.UnrealEdEngine_0:SSAGameInstance_C_0.Ship_Selection_C_0
	Function /Game/SSA/Blueprints/Menues/Ship_Selection/Ship_Selection.Ship_Selection_C:ExecuteUbergraph_Ship_Selection:025E
[2015.11.09-07.33.43:937][509]LogScript:Warning: Accessed None 'K2Node_DynamicCast_AsSSAGame_Instance7'
	Ship_Selection_C /Engine/Transient.UnrealEdEngine_0:SSAGameInstance_C_0.Ship_Selection_C_0
	Function /Game/SSA/Blueprints/Menues/Ship_Selection/Ship_Selection.Ship_Selection_C:ExecuteUbergraph_Ship_Selection:027D
[2015.11.09-07.33.43:937][509]LogScript:Warning: Accessed None
	Ship_Selection_C /Engine/Transient.UnrealEdEngine_0:SSAGameInstance_C_0.Ship_Selection_C_0
	Function /Game/SSA/Blueprints/Menues/Ship_Selection/Ship_Selection.Ship_Selection_C:ExecuteUbergraph_Ship_Selection:025E
[2015.11.09-07.33.43:937][509]LogScript:Warning: Accessed None 'K2Node_DynamicCast_AsSSAGame_Instance7'
	Ship_Selection_C /Engine/Transient.UnrealEdEngine_0:SSAGameInstance_C_0.Ship_Selection_C_0
	Function /Game/SSA/Blueprints/Menues/Ship_Selection/Ship_Selection.Ship_Selection_C:ExecuteUbergraph_Ship_Selection:027D
[2015.11.09-07.33.43:938][509]LogScript:Warning: Accessed None
	Ship_Selection_C /Engine/Transient.UnrealEdEngine_0:SSAGameInstance_C_0.Ship_Selection_C_0
	Function /Game/SSA/Blueprints/Menues/Ship_Selection/Ship_Selection.Ship_Selection_C:ExecuteUbergraph_Ship_Selection:025E
[2015.11.09-07.33.43:938][509]LogScript:Warning: Accessed None 'K2Node_DynamicCast_AsSSAGame_Instance7'
	Ship_Selection_C /Engine/Transient.UnrealEdEngine_0:SSAGameInstance_C_0.Ship_Selection_C_0
	Function /Game/SSA/Blueprints/Menues/Ship_Selection/Ship_Selection.Ship_Selection_C:ExecuteUbergraph_Ship_Selection:027D
[2015.11.09-07.33.44:313][509]LogScriptCore: Script call stack:
	Function /Game/SSA/Blueprints/Menues/Ship_Selection/Ship_Selection.Ship_Selection_C:ExecuteUbergraph_Ship_Selection

[2015.11.09-07.33.44:313][509]LogScript:Warning: Runaway loop detected (over 1000000 iterations)
	Ship_Selection_C /Engine/Transient.UnrealEdEngine_0:SSAGameInstance_C_0.Ship_Selection_C_0
	Function /Game/SSA/Blueprints/Menues/Ship_Selection/Ship_Selection.Ship_Selection_C:ExecuteUbergraph_Ship_Selection:02EB
[2015.11.09-07.33.44:314][509]PIE:Error: Error Infinite Loop detected in  Ship_Selection , asserted during  Carousel Left Calc with the following  Call Stack
[2015.11.09-07.33.44:345][509]LogBlueprintUserMessages: Early EndPlayMap Detection: Level '/Game/SSA/Maps/Home_Kratakos.Home_Kratakos:PersistentLevel' has LevelScriptBlueprint '/Game/SSA/Maps/Home_Kratakos.Home_Kratakos:PersistentLevel.Home_Kratakos' with GeneratedClass '/Game/SSA/Maps/Home_Kratakos.Home_Kratakos_C' with ClassGeneratedBy '/Game/SSA/Maps/Home_Kratakos.Home_Kratakos:PersistentLevel.Home_Kratakos'
[2015.11.09-07.33.44:538][509]LogBlueprintUserMessages: Late EndPlayMap Detection: Level '/Game/SSA/Maps/Home_Kratakos.Home_Kratakos:PersistentLevel' has LevelScriptBlueprint '/Game/SSA/Maps/Home_Kratakos.Home_Kratakos:PersistentLevel.Home_Kratakos' with GeneratedClass '/Game/SSA/Maps/Home_Kratakos.Home_Kratakos_C' with ClassGeneratedBy '/Game/SSA/Maps/Home_Kratakos.Home_Kratakos:PersistentLevel.Home_Kratakos'
[2015.11.09-07.33.44:596][509]LogParticles: Destroying 0 GPU particle simulations for FXSystem 0x000000486B4F1E40
[2015.11.09-07.33.44:871][510]LogEditorViewport: Clicking on Actor (LMB): StaticMeshActor (Cube)
[2015.11.09-07.33.50:298][689]LogBlueprintUserMessages: Early PlayInEditor Detection: Level '/Game/SSA/Maps/Home_Kratakos.Home_Kratakos:PersistentLevel' has LevelScriptBlueprint '/Game/SSA/Maps/Home_Kratakos.Home_Kratakos:PersistentLevel.Home_Kratakos' with GeneratedClass '/Game/SSA/Maps/Home_Kratakos.Home_Kratakos_C' with ClassGeneratedBy '/Game/SSA/Maps/Home_Kratakos.Home_Kratakos:PersistentLevel.Home_Kratakos'
[2015.11.09-07.33.50:298][689]LogPlayLevel: PlayLevel: No blueprints needed recompiling
[2015.11.09-07.33.50:298][689]PIE: New page: PIE session: Home_Kratakos (Nov 8, 2015, 9:33:50 PM)
[2015.11.09-07.33.50:298][689]LogPlayLevel: Creating play world package: /Game/SSA/Maps/UEDPIE_0_Home_Kratakos
[2015.11.09-07.33.50:330][689]LogPlayLevel: PIE: StaticDuplicateObject took: (0.031949s)
[2015.11.09-07.33.50:331][689]LogAIModule: Creating AISystem for world Home_Kratakos
[2015.11.09-07.33.50:332][689]LogPlayLevel: PIE: World Init took: (0.001088s)
[2015.11.09-07.33.50:332][689]LogPlayLevel: PIE: Created PIE world by copying editor world from /Game/SSA/Maps/Home_Kratakos.Home_Kratakos to /Game/SSA/Maps/UEDPIE_0_Home_Kratakos.Home_Kratakos (0.033566s)
[2015.11.09-07.33.50:370][689]LogInit: XAudio2 using 'Speakers / HP (IDT High Definition Audio CODEC)' : 2 channels at 48 kHz using 16 bits per sample (channel mask 0x3)
[2015.11.09-07.33.50:385][689]LogInit: FAudioDevice initialized.
[2015.11.09-07.33.50:420][689]LogWorld: Game class is 'TopDownGameMode_C'
[2015.11.09-07.33.50:426][689]LogWorld:Warning: *** WARNING - PATHS MAY NOT BE VALID ***
[2015.11.09-07.33.50:426][689]LogWorld: Bringing World /Game/SSA/Maps/UEDPIE_0_Home_Kratakos.Home_Kratakos up for play (max tick rate 60) at 2015.11.09-02.33.50
[2015.11.09-07.33.50:426][689]LogActor:Warning: GameSession /Game/SSA/Maps/UEDPIE_0_Home_Kratakos.Home_Kratakos:PersistentLevel.GameSession_2 has natively added scene component(s), but none of them were set as the actor's RootComponent - picking one arbitrarily
[2015.11.09-07.33.50:426][689]LogActor:Warning: GameNetworkManager /Game/SSA/Maps/UEDPIE_0_Home_Kratakos.Home_Kratakos:PersistentLevel.GameNetworkManager_2 has natively added scene component(s), but none of them were set as the actor's RootComponent - picking one arbitrarily
[2015.11.09-07.33.50:426][689]LogWorld: Bringing up level for play took: 0.005419
[2015.11.09-07.33.50:432][689]PIE: Info Play in editor start time for /Game/SSA/Maps/UEDPIE_0_Home_Kratakos 0.438
[2015.11.09-07.33.50:432][689]LogBlueprintUserMessages: Late PlayInEditor Detection: Level '/Game/SSA/Maps/Home_Kratakos.Home_Kratakos:PersistentLevel' has LevelScriptBlueprint '/Game/SSA/Maps/Home_Kratakos.Home_Kratakos:PersistentLevel.Home_Kratakos' with GeneratedClass '/Game/SSA/Maps/Home_Kratakos.Home_Kratakos_C' with ClassGeneratedBy '/Game/SSA/Maps/Home_Kratakos.Home_Kratakos:PersistentLevel.Home_Kratakos'
[2015.11.09-07.34.02:944][262]LogPackageName: SearchForPackageOnDisk took   0.091s to resolve Ship_Selection.umap.
[2015.11.09-07.34.03:041][263]LogPackageName: SearchForPackageOnDisk took   0.086s to resolve Ship_Selection.umap.
[2015.11.09-07.34.03:041][263]LogNet: Browse: /Game/SSA/Maps/Ship_Selection
[2015.11.09-07.34.03:042][263]LogLoad: LoadMap: /Game/SSA/Maps/Ship_Selection
[2015.11.09-07.34.03:087][263]LogParticles: Destroying 0 GPU particle simulations for FXSystem 0x0000004865F44CC0
[2015.11.09-07.34.03:087][263]Cmd: MEM
[2015.11.09-07.34.03:108][263]LogMemory: Platform Memory Stats for Windows
[2015.11.09-07.34.03:108][263]LogMemory: Process Physical Memory: 1409.66 MB used, 1440.31 MB peak
[2015.11.09-07.34.03:108][263]LogMemory: Process Virtual Memory: 2202.33 MB used, 2310.64 MB peak
[2015.11.09-07.34.03:108][263]LogMemory: Physical Memory: 6435.50 MB used, 8124.02 MB total
[2015.11.09-07.34.03:108][263]LogMemory: Virtual Memory: 2951.26 MB used, 134217728.00 MB total
[2015.11.09-07.34.03:108][263]LogMemory: 
[2015.11.09-07.34.03:108][263]Allocator Stats for TBB: (not implemented)
[2015.11.09-07.34.03:212][263]LogLinker:Warning: Asset '../../../../../../Users/Jin/Documents/GitHub/Game-Files/SuperSpaceArmada/Content/Mannequin/Animations/ThirdPerson_AnimBP.uasset' has been saved with empty engine version. The asset will be loaded but may be incompatible.
[2015.11.09-07.34.03:214][263]LogLinker:Warning: Asset '../../../../../../Users/Jin/Documents/GitHub/Game-Files/SuperSpaceArmada/Content/Mannequin/Animations/ThirdPerson_Jump.uasset' has been saved with empty engine version. The asset will be loaded but may be incompatible.
[2015.11.09-07.34.03:215][263]LogLinker:Warning: Asset '../../../../../../Users/Jin/Documents/GitHub/Game-Files/SuperSpaceArmada/Content/Mannequin/Animations/ThirdPersonJump_Loop.uasset' has been saved with empty engine version. The asset will be loaded but may be incompatible.
[2015.11.09-07.34.03:216][263]LogLinker:Warning: Asset '../../../../../../Users/Jin/Documents/GitHub/Game-Files/SuperSpaceArmada/Content/Mannequin/Animations/ThirdPersonJump_Start.uasset' has been saved with empty engine version. The asset will be loaded but may be incompatible.
[2015.11.09-07.34.03:217][263]LogLinker:Warning: Asset '../../../../../../Users/Jin/Documents/GitHub/Game-Files/SuperSpaceArmada/Content/Mannequin/Animations/ThirdPerson_IdleRun_2D.uasset' has been saved with empty engine version. The asset will be loaded but may be incompatible.
[2015.11.09-07.34.03:218][263]LogLinker:Warning: Asset '../../../../../../Users/Jin/Documents/GitHub/Game-Files/SuperSpaceArmada/Content/Mannequin/Animations/ThirdPersonIdle.uasset' has been saved with empty engine version. The asset will be loaded but may be incompatible.
[2015.11.09-07.34.03:219][263]LogLinker:Warning: Asset '../../../../../../Users/Jin/Documents/GitHub/Game-Files/SuperSpaceArmada/Content/Mannequin/Animations/ThirdPersonRun.uasset' has been saved with empty engine version. The asset will be loaded but may be incompatible.
[2015.11.09-07.34.03:220][263]LogLinker:Warning: Asset '../../../../../../Users/Jin/Documents/GitHub/Game-Files/SuperSpaceArmada/Content/Mannequin/Animations/ThirdPersonWalk.uasset' has been saved with empty engine version. The asset will be loaded but may be incompatible.
[2015.11.09-07.34.03:682][263]LogAIModule: Creating AISystem for world Ship_Selection
[2015.11.09-07.34.03:682][263]LogLinker:Warning: Can't find file '/Game/TopDownBP/Blueprints/TopDownGameMode'
[2015.11.09-07.34.03:683][263]LogLinker:Warning: Can't find file '/Game/TopDownBP/Blueprints/TopDownGameMode'
[2015.11.09-07.34.03:683][263]LogUObjectGlobals:Warning: Failed to find object 'Class /Game/TopDownBP/Blueprints/TopDownGameMode.TopDownGameMode_C'
[2015.11.09-07.34.03:683][263]LogWorld: Game class is 'GameMode'
[2015.11.09-07.34.03:685][263]LogPhysics:Warning: FConstraintInstance::GetRefFrame : Contained scale.
[2015.11.09-07.34.03:685][263]LogPhysics:Warning: FConstraintInstance::GetRefFrame : Contained scale.
[2015.11.09-07.34.03:685][263]LogPhysics:Warning: FConstraintInstance::GetRefFrame : Contained scale.
[2015.11.09-07.34.03:685][263]LogPhysics:Warning: FConstraintInstance::GetRefFrame : Contained scale.
[2015.11.09-07.34.03:686][263]LogWorld: Bringing World /Game/SSA/Maps/UEDPIE_0_Ship_Selection.Ship_Selection up for play (max tick rate 60) at 2015.11.09-02.34.03
[2015.11.09-07.34.03:687][263]LogActor:Warning: GameSession /Game/SSA/Maps/UEDPIE_0_Ship_Selection.Ship_Selection:PersistentLevel.GameSession_3 has natively added scene component(s), but none of them were set as the actor's RootComponent - picking one arbitrarily
[2015.11.09-07.34.03:687][263]LogActor:Warning: GameNetworkManager /Game/SSA/Maps/UEDPIE_0_Ship_Selection.Ship_Selection:PersistentLevel.GameNetworkManager_3 has natively added scene component(s), but none of them were set as the actor's RootComponent - picking one arbitrarily
[2015.11.09-07.34.03:688][263]LogWorld: Bringing up level for play took: 0.003860
[2015.11.09-07.34.03:688][263]LogGameMode: Warning - PATHS NOT DEFINED or NO PLAYERSTART with positive rating
[2015.11.09-07.34.03:690][263]LogBlueprintUserMessages: [SparklerCharacter_C_1] Hello
[2015.11.09-07.34.08:203][469]LogBlueprintUserMessages: [Ship_Selection_C_1] Opening now
[2015.11.09-07.34.08:804][491]LogPackageName: SearchForPackageOnDisk took   0.114s to resolve Home_Kratakos.umap.
[2015.11.09-07.34.08:904][492]LogPackageName: SearchForPackageOnDisk took   0.095s to resolve Home_Kratakos.umap.
[2015.11.09-07.34.08:904][492]LogNet: Browse: /Game/SSA/Maps/Home_Kratakos
[2015.11.09-07.34.08:905][492]LogLoad: LoadMap: /Game/SSA/Maps/Home_Kratakos
[2015.11.09-07.34.08:930][492]LogParticles: Destroying 0 GPU particle simulations for FXSystem 0x000000485365F240
[2015.11.09-07.34.08:930][492]Cmd: MEM
[2015.11.09-07.34.08:953][492]LogMemory: Platform Memory Stats for Windows
[2015.11.09-07.34.08:953][492]LogMemory: Process Physical Memory: 1474.46 MB used, 1477.87 MB peak
[2015.11.09-07.34.08:953][492]LogMemory: Process Virtual Memory: 2148.32 MB used, 2376.80 MB peak
[2015.11.09-07.34.08:953][492]LogMemory: Physical Memory: 6499.51 MB used, 8124.02 MB total
[2015.11.09-07.34.08:953][492]LogMemory: Virtual Memory: 3034.01 MB used, 134217728.00 MB total
[2015.11.09-07.34.08:953][492]LogMemory: 
[2015.11.09-07.34.08:953][492]Allocator Stats for TBB: (not implemented)
[2015.11.09-07.34.08:954][492]LogPlayLevel: Creating play world package: /Game/SSA/Maps/UEDPIE_0_Home_Kratakos
[2015.11.09-07.34.08:981][492]LogPlayLevel: PIE: StaticDuplicateObject took: (0.027568s)
[2015.11.09-07.34.08:982][492]LogAIModule: Creating AISystem for world Home_Kratakos
[2015.11.09-07.34.08:982][492]LogPlayLevel: PIE: World Init took: (0.000833s)
[2015.11.09-07.34.08:982][492]LogPlayLevel: PIE: Created PIE world by copying editor world from /Game/SSA/Maps/Home_Kratakos.Home_Kratakos to /Game/SSA/Maps/UEDPIE_0_Home_Kratakos.Home_Kratakos (0.028683s)
[2015.11.09-07.34.08:982][492]LogWorld: Game class is 'TopDownGameMode_C'
[2015.11.09-07.34.08:991][492]LogWorld:Warning: *** WARNING - PATHS MAY NOT BE VALID ***
[2015.11.09-07.34.08:991][492]LogWorld: Bringing World /Game/SSA/Maps/UEDPIE_0_Home_Kratakos.Home_Kratakos up for play (max tick rate 60) at 2015.11.09-02.34.08
[2015.11.09-07.34.08:991][492]LogActor:Warning: GameSession /Game/SSA/Maps/UEDPIE_0_Home_Kratakos.Home_Kratakos:PersistentLevel.GameSession_4 has natively added scene component(s), but none of them were set as the actor's RootComponent - picking one arbitrarily
[2015.11.09-07.34.08:992][492]LogActor:Warning: GameNetworkManager /Game/SSA/Maps/UEDPIE_0_Home_Kratakos.Home_Kratakos:PersistentLevel.GameNetworkManager_4 has natively added scene component(s), but none of them were set as the actor's RootComponent - picking one arbitrarily
[2015.11.09-07.34.08:992][492]LogWorld: Bringing up level for play took: 0.008958
[2015.11.09-07.34.08:999][492]LogBlueprintUserMessages: [Player_Cephalon_C_0] X=-102.145 Y=197.974 Z=312.525
[2015.11.09-07.34.11:740][621]LogScript:Warning: Accessed None 'Boundary Area'
	Player_Cephalon_C /Game/SSA/Maps/UEDPIE_0_Home_Kratakos.Home_Kratakos:PersistentLevel.Player_Cephalon_C_0
	Function /Game/SSA/Blueprints/Player_Ships/Player_Cephalon.Player_Cephalon_C:ExecuteUbergraph_Player_Cephalon:0630
[2015.11.09-07.34.11:740][621]PIE:Error: Error Accessed None 'Boundary Area' from node Teleport in graph 'EventGraph' in blueprint Player_Cephalon
[2015.11.09-07.34.24:584][227]LogBlueprintUserMessages: Early EndPlayMap Detection: Level '/Game/SSA/Maps/Home_Kratakos.Home_Kratakos:PersistentLevel' has LevelScriptBlueprint '/Game/SSA/Maps/Home_Kratakos.Home_Kratakos:PersistentLevel.Home_Kratakos' with GeneratedClass '/Game/SSA/Maps/Home_Kratakos.Home_Kratakos_C' with ClassGeneratedBy '/Game/SSA/Maps/Home_Kratakos.Home_Kratakos:PersistentLevel.Home_Kratakos'
[2015.11.09-07.34.24:645][227]LogBlueprintUserMessages: Late EndPlayMap Detection: Level '/Game/SSA/Maps/Home_Kratakos.Home_Kratakos:PersistentLevel' has LevelScriptBlueprint '/Game/SSA/Maps/Home_Kratakos.Home_Kratakos:PersistentLevel.Home_Kratakos' with GeneratedClass '/Game/SSA/Maps/Home_Kratakos.Home_Kratakos_C' with ClassGeneratedBy '/Game/SSA/Maps/Home_Kratakos.Home_Kratakos:PersistentLevel.Home_Kratakos'
[2015.11.09-07.34.24:684][227]LogParticles: Destroying 0 GPU particle simulations for FXSystem 0x000000485365F6A0
[2015.11.09-07.34.26:347][280]LogBlueprintUserMessages: Early PlayInEditor Detection: Level '/Game/SSA/Maps/Home_Kratakos.Home_Kratakos:PersistentLevel' has LevelScriptBlueprint '/Game/SSA/Maps/Home_Kratakos.Home_Kratakos:PersistentLevel.Home_Kratakos' with GeneratedClass '/Game/SSA/Maps/Home_Kratakos.Home_Kratakos_C' with ClassGeneratedBy '/Game/SSA/Maps/Home_Kratakos.Home_Kratakos:PersistentLevel.Home_Kratakos'
[2015.11.09-07.34.26:347][280]LogPlayLevel: PlayLevel: No blueprints needed recompiling
[2015.11.09-07.34.26:347][280]PIE: New page: PIE session: Home_Kratakos (Nov 8, 2015, 9:34:26 PM)
[2015.11.09-07.34.26:348][280]LogPlayLevel: Creating play world package: /Game/SSA/Maps/UEDPIE_0_Home_Kratakos
[2015.11.09-07.34.26:378][280]LogPlayLevel: PIE: StaticDuplicateObject took: (0.030652s)
[2015.11.09-07.34.26:379][280]LogAIModule: Creating AISystem for world Home_Kratakos
[2015.11.09-07.34.26:379][280]LogPlayLevel: PIE: World Init took: (0.000937s)
[2015.11.09-07.34.26:379][280]LogPlayLevel: PIE: Created PIE world by copying editor world from /Game/SSA/Maps/Home_Kratakos.Home_Kratakos to /Game/SSA/Maps/UEDPIE_0_Home_Kratakos.Home_Kratakos (0.031884s)
[2015.11.09-07.34.26:414][280]LogInit: XAudio2 using 'Speakers / HP (IDT High Definition Audio CODEC)' : 2 channels at 48 kHz using 16 bits per sample (channel mask 0x3)
[2015.11.09-07.34.26:431][280]LogInit: FAudioDevice initialized.
[2015.11.09-07.34.26:462][280]LogWorld: Game class is 'TopDownGameMode_C'
[2015.11.09-07.34.26:468][280]LogWorld:Warning: *** WARNING - PATHS MAY NOT BE VALID ***
[2015.11.09-07.34.26:468][280]LogWorld: Bringing World /Game/SSA/Maps/UEDPIE_0_Home_Kratakos.Home_Kratakos up for play (max tick rate 60) at 2015.11.09-02.34.26
[2015.11.09-07.34.26:468][280]LogActor:Warning: GameSession /Game/SSA/Maps/UEDPIE_0_Home_Kratakos.Home_Kratakos:PersistentLevel.GameSession_5 has natively added scene component(s), but none of them were set as the actor's RootComponent - picking one arbitrarily
[2015.11.09-07.34.26:468][280]LogActor:Warning: GameNetworkManager /Game/SSA/Maps/UEDPIE_0_Home_Kratakos.Home_Kratakos:PersistentLevel.GameNetworkManager_5 has natively added scene component(s), but none of them were set as the actor's RootComponent - picking one arbitrarily
[2015.11.09-07.34.26:468][280]LogWorld: Bringing up level for play took: 0.005669
[2015.11.09-07.34.26:473][280]PIE: Info Play in editor start time for /Game/SSA/Maps/UEDPIE_0_Home_Kratakos 0.479
[2015.11.09-07.34.26:474][280]LogBlueprintUserMessages: Late PlayInEditor Detection: Level '/Game/SSA/Maps/Home_Kratakos.Home_Kratakos:PersistentLevel' has LevelScriptBlueprint '/Game/SSA/Maps/Home_Kratakos.Home_Kratakos:PersistentLevel.Home_Kratakos' with GeneratedClass '/Game/SSA/Maps/Home_Kratakos.Home_Kratakos_C' with ClassGeneratedBy '/Game/SSA/Maps/Home_Kratakos.Home_Kratakos:PersistentLevel.Home_Kratakos'
[2015.11.09-07.34.28:300][365]LogCharacterMovement: Enemy_Human_C_2 is stuck and failed to move!
[2015.11.09-07.34.28:319][366]LogCharacterMovement: Enemy_Human_C_2 is stuck and failed to move!
[2015.11.09-07.34.28:341][367]LogCharacterMovement: Enemy_Human_C_2 is stuck and failed to move!
[2015.11.09-07.34.40:833][931]LogPackageName: SearchForPackageOnDisk took   0.095s to resolve Ship_Selection.umap.
[2015.11.09-07.34.40:932][932]LogPackageName: SearchForPackageOnDisk took   0.091s to resolve Ship_Selection.umap.
[2015.11.09-07.34.40:932][932]LogNet: Browse: /Game/SSA/Maps/Ship_Selection
[2015.11.09-07.34.40:932][932]LogLoad: LoadMap: /Game/SSA/Maps/Ship_Selection
[2015.11.09-07.34.40:983][932]LogParticles: Destroying 0 GPU particle simulations for FXSystem 0x000000486B529D00
[2015.11.09-07.34.40:984][932]Cmd: MEM
[2015.11.09-07.34.41:007][932]LogMemory: Platform Memory Stats for Windows
[2015.11.09-07.34.41:007][932]LogMemory: Process Physical Memory: 1458.22 MB used, 1502.70 MB peak
[2015.11.09-07.34.41:007][932]LogMemory: Process Virtual Memory: 2196.30 MB used, 2376.80 MB peak
[2015.11.09-07.34.41:007][932]LogMemory: Physical Memory: 6530.38 MB used, 8124.02 MB total
[2015.11.09-07.34.41:007][932]LogMemory: Virtual Memory: 3014.01 MB used, 134217728.00 MB total
[2015.11.09-07.34.41:007][932]LogMemory: 
[2015.11.09-07.34.41:007][932]Allocator Stats for TBB: (not implemented)
[2015.11.09-07.34.41:113][932]LogLinker:Warning: Asset '../../../../../../Users/Jin/Documents/GitHub/Game-Files/SuperSpaceArmada/Content/Mannequin/Animations/ThirdPerson_AnimBP.uasset' has been saved with empty engine version. The asset will be loaded but may be incompatible.
[2015.11.09-07.34.41:115][932]LogLinker:Warning: Asset '../../../../../../Users/Jin/Documents/GitHub/Game-Files/SuperSpaceArmada/Content/Mannequin/Animations/ThirdPerson_Jump.uasset' has been saved with empty engine version. The asset will be loaded but may be incompatible.
[2015.11.09-07.34.41:116][932]LogLinker:Warning: Asset '../../../../../../Users/Jin/Documents/GitHub/Game-Files/SuperSpaceArmada/Content/Mannequin/Animations/ThirdPersonJump_Loop.uasset' has been saved with empty engine version. The asset will be loaded but may be incompatible.
[2015.11.09-07.34.41:117][932]LogLinker:Warning: Asset '../../../../../../Users/Jin/Documents/GitHub/Game-Files/SuperSpaceArmada/Content/Mannequin/Animations/ThirdPersonJump_Start.uasset' has been saved with empty engine version. The asset will be loaded but may be incompatible.
[2015.11.09-07.34.41:119][932]LogLinker:Warning: Asset '../../../../../../Users/Jin/Documents/GitHub/Game-Files/SuperSpaceArmada/Content/Mannequin/Animations/ThirdPerson_IdleRun_2D.uasset' has been saved with empty engine version. The asset will be loaded but may be incompatible.
[2015.11.09-07.34.41:119][932]LogLinker:Warning: Asset '../../../../../../Users/Jin/Documents/GitHub/Game-Files/SuperSpaceArmada/Content/Mannequin/Animations/ThirdPersonIdle.uasset' has been saved with empty engine version. The asset will be loaded but may be incompatible.
[2015.11.09-07.34.41:120][932]LogLinker:Warning: Asset '../../../../../../Users/Jin/Documents/GitHub/Game-Files/SuperSpaceArmada/Content/Mannequin/Animations/ThirdPersonRun.uasset' has been saved with empty engine version. The asset will be loaded but may be incompatible.
[2015.11.09-07.34.41:121][932]LogLinker:Warning: Asset '../../../../../../Users/Jin/Documents/GitHub/Game-Files/SuperSpaceArmada/Content/Mannequin/Animations/ThirdPersonWalk.uasset' has been saved with empty engine version. The asset will be loaded but may be incompatible.
[2015.11.09-07.34.41:602][932]LogAIModule: Creating AISystem for world Ship_Selection
[2015.11.09-07.34.41:603][932]LogLinker:Warning: Can't find file '/Game/TopDownBP/Blueprints/TopDownGameMode'
[2015.11.09-07.34.41:603][932]LogLinker:Warning: Can't find file '/Game/TopDownBP/Blueprints/TopDownGameMode'
[2015.11.09-07.34.41:603][932]LogUObjectGlobals:Warning: Failed to find object 'Class /Game/TopDownBP/Blueprints/TopDownGameMode.TopDownGameMode_C'
[2015.11.09-07.34.41:603][932]LogWorld: Game class is 'GameMode'
[2015.11.09-07.34.41:605][932]LogPhysics:Warning: FConstraintInstance::GetRefFrame : Contained scale.
[2015.11.09-07.34.41:605][932]LogPhysics:Warning: FConstraintInstance::GetRefFrame : Contained scale.
[2015.11.09-07.34.41:605][932]LogPhysics:Warning: FConstraintInstance::GetRefFrame : Contained scale.
[2015.11.09-07.34.41:605][932]LogPhysics:Warning: FConstraintInstance::GetRefFrame : Contained scale.
[2015.11.09-07.34.41:607][932]LogWorld: Bringing World /Game/SSA/Maps/UEDPIE_0_Ship_Selection.Ship_Selection up for play (max tick rate 60) at 2015.11.09-02.34.41
[2015.11.09-07.34.41:607][932]LogActor:Warning: GameSession /Game/SSA/Maps/UEDPIE_0_Ship_Selection.Ship_Selection:PersistentLevel.GameSession_6 has natively added scene component(s), but none of them were set as the actor's RootComponent - picking one arbitrarily
[2015.11.09-07.34.41:607][932]LogActor:Warning: GameNetworkManager /Game/SSA/Maps/UEDPIE_0_Ship_Selection.Ship_Selection:PersistentLevel.GameNetworkManager_6 has natively added scene component(s), but none of them were set as the actor's RootComponent - picking one arbitrarily
[2015.11.09-07.34.41:608][932]LogWorld: Bringing up level for play took: 0.004212
[2015.11.09-07.34.41:609][932]LogGameMode: Warning - PATHS NOT DEFINED or NO PLAYERSTART with positive rating
[2015.11.09-07.34.41:611][932]LogBlueprintUserMessages: [SparklerCharacter_C_1] Hello
[2015.11.09-07.34.49:159][274]LogBlueprintUserMessages: [Ship_Selection_C_2] Opening now
[2015.11.09-07.34.49:736][296]LogPackageName: SearchForPackageOnDisk took   0.091s to resolve Home_Kratakos.umap.
[2015.11.09-07.34.49:826][297]LogPackageName: SearchForPackageOnDisk took   0.083s to resolve Home_Kratakos.umap.
[2015.11.09-07.34.49:826][297]LogNet: Browse: /Game/SSA/Maps/Home_Kratakos
[2015.11.09-07.34.49:826][297]LogLoad: LoadMap: /Game/SSA/Maps/Home_Kratakos
[2015.11.09-07.34.49:860][297]LogParticles: Destroying 0 GPU particle simulations for FXSystem 0x000000486D17B920
[2015.11.09-07.34.49:860][297]Cmd: MEM
[2015.11.09-07.34.49:882][297]LogMemory: Platform Memory Stats for Windows
[2015.11.09-07.34.49:882][297]LogMemory: Process Physical Memory: 1514.13 MB used, 1561.67 MB peak
[2015.11.09-07.34.49:882][297]LogMemory: Process Virtual Memory: 2227.91 MB used, 2429.77 MB peak
[2015.11.09-07.34.49:882][297]LogMemory: Physical Memory: 6603.38 MB used, 8124.02 MB total
[2015.11.09-07.34.49:882][297]LogMemory: Virtual Memory: 3132.20 MB used, 134217728.00 MB total
[2015.11.09-07.34.49:882][297]LogMemory: 
[2015.11.09-07.34.49:882][297]Allocator Stats for TBB: (not implemented)
[2015.11.09-07.34.49:882][297]LogPlayLevel: Creating play world package: /Game/SSA/Maps/UEDPIE_0_Home_Kratakos
[2015.11.09-07.34.49:909][297]LogPlayLevel: PIE: StaticDuplicateObject took: (0.026565s)
[2015.11.09-07.34.49:910][297]LogAIModule: Creating AISystem for world Home_Kratakos
[2015.11.09-07.34.49:910][297]LogPlayLevel: PIE: World Init took: (0.000835s)
[2015.11.09-07.34.49:910][297]LogPlayLevel: PIE: Created PIE world by copying editor world from /Game/SSA/Maps/Home_Kratakos.Home_Kratakos to /Game/SSA/Maps/UEDPIE_0_Home_Kratakos.Home_Kratakos (0.027708s)
[2015.11.09-07.34.49:910][297]LogWorld: Game class is 'TopDownGameMode_C'
[2015.11.09-07.34.49:920][297]LogWorld:Warning: *** WARNING - PATHS MAY NOT BE VALID ***
[2015.11.09-07.34.49:920][297]LogWorld: Bringing World /Game/SSA/Maps/UEDPIE_0_Home_Kratakos.Home_Kratakos up for play (max tick rate 60) at 2015.11.09-02.34.49
[2015.11.09-07.34.49:920][297]LogActor:Warning: GameSession /Game/SSA/Maps/UEDPIE_0_Home_Kratakos.Home_Kratakos:PersistentLevel.GameSession_7 has natively added scene component(s), but none of them were set as the actor's RootComponent - picking one arbitrarily
[2015.11.09-07.34.49:920][297]LogActor:Warning: GameNetworkManager /Game/SSA/Maps/UEDPIE_0_Home_Kratakos.Home_Kratakos:PersistentLevel.GameNetworkManager_7 has natively added scene component(s), but none of them were set as the actor's RootComponent - picking one arbitrarily
[2015.11.09-07.34.49:920][297]LogWorld: Bringing up level for play took: 0.008813
[2015.11.09-07.34.49:948][297]LogPhysics:Warning: FConstraintInstance::GetRefFrame : Contained scale.
[2015.11.09-07.34.49:948][297]LogPhysics:Warning: FConstraintInstance::GetRefFrame : Contained scale.
[2015.11.09-07.34.49:948][297]LogPhysics:Warning: FConstraintInstance::GetRefFrame : Contained scale.
[2015.11.09-07.34.49:948][297]LogPhysics:Warning: FConstraintInstance::GetRefFrame : Contained scale.
[2015.11.09-07.34.49:951][297]LogBlueprintUserMessages: [Player_Vultaari_C_0] X=-593.249 Y=13.520 Z=312.525
[2015.11.09-07.35.10:359][237]LogScript:Warning: Attempted to remove an item from an invalid index from array Enemy Armada [0/0]!
[2015.11.09-07.35.11:665][298]LogScript:Warning: Attempted to remove an item from an invalid index from array Enemy Armada [0/0]!
[2015.11.09-07.35.12:072][317]LogScript:Warning: Attempted to remove an item from an invalid index from array Enemy Armada [0/0]!
[2015.11.09-07.35.15:853][484]LogScript:Warning: Attempted to remove an item from an invalid index from array Enemy Armada [0/0]!
[2015.11.09-07.35.18:653][613]LogScript:Warning: Attempted to remove an item from an invalid index from array Enemy Armada [0/0]!
[2015.11.09-07.35.23:634][846]LogScript:Warning: Attempted to remove an item from an invalid index from array Enemy Armada [0/0]!
[2015.11.09-07.35.23:872][857]LogScript:Warning: Attempted to remove an item from an invalid index from array Enemy Armada [0/0]!
[2015.11.09-07.35.29:599][119]LogScript:Warning: Attempted to remove an item from an invalid index from array Enemy Armada [0/0]!
[2015.11.09-07.35.33:526][300]LogScript:Warning: Attempted to remove an item from an invalid index from array Enemy Armada [0/0]!
[2015.11.09-07.35.33:658][306]LogScript:Warning: Attempted to remove an item from an invalid index from array Enemy Armada [0/0]!
[2015.11.09-07.35.33:859][315]LogScript:Warning: Attempted to remove an item from an invalid index from array Enemy Armada [0/0]!
[2015.11.09-07.35.35:271][378]LogScript:Warning: Attempted to remove an item from an invalid index from array Enemy Armada [0/0]!
[2015.11.09-07.35.36:611][439]LogScript:Warning: Attempted to remove an item from an invalid index from array Enemy Armada [0/0]!
[2015.11.09-07.35.39:563][577]LogScript:Warning: Attempted to remove an item from an invalid index from array Enemy Armada [0/0]!
[2015.11.09-07.35.44:704][805]LogScript:Warning: Attempted to remove an item from an invalid index from array Enemy Armada [0/0]!
[2015.11.09-07.35.45:230][827]LogScript:Warning: Attempted to remove an item from an invalid index from array Enemy Armada [0/0]!
[2015.11.09-07.35.45:468][837]LogScript:Warning: Attempted to remove an item from an invalid index from array Enemy Armada [0/0]!
[2015.11.09-07.35.48:351][968]LogScript:Warning: Attempted to remove an item from an invalid index from array Enemy Armada [0/0]!
[2015.11.09-07.35.50:614][ 64]LogScript:Warning: Attempted to remove an item from an invalid index from array Enemy Armada [0/0]!
[2015.11.09-07.35.51:632][107]LogScript:Warning: Attempted to remove an item from an invalid index from array Enemy Armada [0/0]!
[2015.11.09-07.35.54:618][235]LogScript:Warning: Attempted to remove an item from an invalid index from array Enemy Armada [0/0]!
[2015.11.09-07.35.57:930][377]LogScript:Warning: Attempted to remove an item from an invalid index from array Enemy Armada [0/0]!
[2015.11.09-07.35.58:339][395]LogScript:Warning: Attempted to remove an item from an invalid index from array Enemy Armada [0/0]!
[2015.11.09-07.35.58:709][411]LogScript:Warning: Attempted to remove an item from an invalid index from array Enemy Armada [0/0]!
[2015.11.09-07.35.59:042][426]LogScript:Warning: Attempted to remove an item from an invalid index from array Enemy Armada [0/0]!
[2015.11.09-07.35.59:323][439]LogScript:Warning: Attempted to remove an item from an invalid index from array Enemy Armada [0/0]!
[2015.11.09-07.35.59:624][453]LogScript:Warning: Attempted to remove an item from an invalid index from array Enemy Armada [0/0]!
[2015.11.09-07.35.59:972][469]LogScript:Warning: Attempted to remove an item from an invalid index from array Enemy Armada [0/0]!
[2015.11.09-07.36.00:275][483]LogScript:Warning: Attempted to remove an item from an invalid index from array Enemy Armada [0/0]!
[2015.11.09-07.36.00:363][487]LogScript:Warning: Attempted to remove an item from an invalid index from array Enemy Armada [0/0]!
[2015.11.09-07.36.01:048][518]LogBlueprintUserMessages: Early EndPlayMap Detection: Level '/Game/SSA/Maps/Home_Kratakos.Home_Kratakos:PersistentLevel' has LevelScriptBlueprint '/Game/SSA/Maps/Home_Kratakos.Home_Kratakos:PersistentLevel.Home_Kratakos' with GeneratedClass '/Game/SSA/Maps/Home_Kratakos.Home_Kratakos_C' with ClassGeneratedBy '/Game/SSA/Maps/Home_Kratakos.Home_Kratakos:PersistentLevel.Home_Kratakos'
[2015.11.09-07.36.01:120][518]LogBlueprintUserMessages: Late EndPlayMap Detection: Level '/Game/SSA/Maps/Home_Kratakos.Home_Kratakos:PersistentLevel' has LevelScriptBlueprint '/Game/SSA/Maps/Home_Kratakos.Home_Kratakos:PersistentLevel.Home_Kratakos' with GeneratedClass '/Game/SSA/Maps/Home_Kratakos.Home_Kratakos_C' with ClassGeneratedBy '/Game/SSA/Maps/Home_Kratakos.Home_Kratakos:PersistentLevel.Home_Kratakos'
[2015.11.09-07.36.01:176][519]LogParticles: Destroying 0 GPU particle simulations for FXSystem 0x000000486D1787C0
[2015.11.09-07.36.48:009][685]LogLinker:Warning: Asset '../../../Engine/Content/ArtTools/RenderToTexture/Macros/RenderToTextureMacros.uasset' has been saved with empty engine version. The asset will be loaded but may be incompatible.
[2015.11.09-07.36.49:396][685]LogContentBrowser: Native class hierarchy updated for 'BlueprintGraph' in 0.0134 seconds. Added 107 classes and 0 folders.
[2015.11.09-07.36.53:866][803]LogRenderer: Reallocating scene render targets to support 1156x712 (Frame:10462).
[2015.11.09-07.37.45:072][724]LogActorComponent: UnregisterComponent: (/Engine/Transient.CharMoveComp) Not registered. Aborting.
[2015.11.09-07.37.45:072][724]LogActorComponent: UnregisterComponent: (/Engine/Transient.CharacterMovementComponent_0) Not registered. Aborting.
[2015.11.09-07.37.45:072][724]LogActorComponent: UnregisterComponent: (/Engine/Transient.CharacterMovementComponent_1) Not registered. Aborting.
[2015.11.09-07.37.45:073][724]LogActorComponent: UnregisterComponent: (/Engine/Transient.CharacterMovementComponent_2) Not registered. Aborting.
[2015.11.09-07.37.45:073][724]LogActorComponent: UnregisterComponent: (/Engine/Transient.CharacterMovementComponent_3) Not registered. Aborting.
[2015.11.09-07.37.45:073][724]LogActorComponent: UnregisterComponent: (/Engine/Transient.CharacterMovementComponent_4) Not registered. Aborting.
[2015.11.09-07.37.45:074][724]LogActorComponent: UnregisterComponent: (/Engine/Transient.CharacterMovementComponent_5) Not registered. Aborting.
[2015.11.09-07.37.45:117][724]LogParticles: Destroying 0 GPU particle simulations for FXSystem 0x000000487EA8E7A0
[2015.11.09-07.37.45:804][725]Cmd: QUIT_EDITOR
[2015.11.09-07.37.46:650][725]LogWindowsTextInputMethodSystem:Display: IME system now deactivated.
[2015.11.09-07.37.46:844][725]LogExit: Preparing to exit.
[2015.11.09-07.37.47:912][725]LogExit: Editor shut down
[2015.11.09-07.37.47:913][725]LogExit: Transaction tracking system shut down
[2015.11.09-07.37.48:006][725]LogParticles: Destroying 0 GPU particle simulations for FXSystem 0x0000004877438AE0
[2015.11.09-07.37.48:006][725]LogParticles: Destroying 0 GPU particle simulations for FXSystem 0x000000487C9E34C0
[2015.11.09-07.37.48:006][725]LogParticles: Destroying 0 GPU particle simulations for FXSystem 0x000000487F442480
[2015.11.09-07.37.48:007][725]LogParticles: Destroying 0 GPU particle simulations for FXSystem 0x000000487EA8F560
[2015.11.09-07.37.48:007][725]LogParticles: Destroying 0 GPU particle simulations for FXSystem 0x000000487EA8F880
[2015.11.09-07.37.49:548][725]LogParticles: Destroying 0 GPU particle simulations for FXSystem 0x000000486CB03F60
[2015.11.09-07.37.49:548][725]LogExit: Object subsystem successfully closed.
[2015.11.09-07.37.49:769][725]LogD3D11RHI: Shutdown
[2015.11.09-07.37.49:769][725]LogD3D11RHI: CleanupD3DDevice
[2015.11.09-07.37.49:943][725]LogD3D11RHI: ~FD3D11DynamicRHI
[2015.11.09-07.37.50:923][725]LogModuleManager: Shutting down and abandoning module BlueprintGraph (200)
[2015.11.09-07.37.50:923][725]LogModuleManager: Shutting down and abandoning module CrashTracker (199)
[2015.11.09-07.37.50:923][725]LogModuleManager: Shutting down and abandoning module SceneOutliner (198)
[2015.11.09-07.37.50:923][725]LogModuleManager: Shutting down and abandoning module SuperSearch (197)
[2015.11.09-07.37.50:923][725]LogModuleManager: Shutting down and abandoning module WidgetCarousel (196)
[2015.11.09-07.37.50:923][725]LogModuleManager: Shutting down and abandoning module AddContentDialog (195)
[2015.11.09-07.37.50:948][725]LogModuleManager: Shutting down and abandoning module EditorWidgets (194)
[2015.11.09-07.37.50:948][725]LogModuleManager: Shutting down and abandoning module CollectionManager (193)
[2015.11.09-07.37.50:948][725]LogModuleManager: Shutting down and abandoning module StatsViewer (192)
[2015.11.09-07.37.50:975][725]LogModuleManager: Shutting down and abandoning module FoliageEdit (191)
[2015.11.09-07.37.50:975][725]LogModuleManager: Shutting down and abandoning module LandscapeEditor (190)
[2015.11.09-07.37.50:990][725]LogModuleManager: Shutting down and abandoning module ActorPickerMode (189)
[2015.11.09-07.37.50:990][725]LogModuleManager: Shutting down and abandoning module GeometryMode (188)
[2015.11.09-07.37.50:990][725]LogModuleManager: Shutting down and abandoning module TextureAlignMode (187)
[2015.11.09-07.37.50:990][725]LogModuleManager: Shutting down and abandoning module BspMode (186)
[2015.11.09-07.37.50:990][725]LogModuleManager: Shutting down and abandoning module PlacementMode (185)
[2015.11.09-07.37.50:990][725]LogModuleManager: Shutting down and abandoning module AutomationWorker (184)
[2015.11.09-07.37.50:990][725]LogModuleManager: Shutting down and abandoning module CharacterAI (183)
[2015.11.09-07.37.50:990][725]LogModuleManager: Shutting down and abandoning module SmartSnapping (182)
[2015.11.09-07.37.50:990][725]LogModuleManager: Shutting down and abandoning module ViewportSnapping (181)
[2015.11.09-07.37.50:990][725]LogModuleManager: Shutting down and abandoning module LogVisualizer (180)
[2015.11.09-07.37.51:008][725]LogModuleManager: Shutting down and abandoning module GameProjectGeneration (179)
[2015.11.09-07.37.51:022][725]LogModuleManager: Shutting down and abandoning module IntroTutorials (178)
[2015.11.09-07.37.51:043][725]LogModuleManager: Shutting down and abandoning module EditorLiveStreaming (177)
[2015.11.09-07.37.51:043][725]LogModuleManager: Shutting down and abandoning module IOSPlatformEditor (176)
[2015.11.09-07.37.51:043][725]LogModuleManager: Shutting down and abandoning module HTML5PlatformEditor (175)
[2015.11.09-07.37.51:043][725]LogModuleManager: Shutting down and abandoning module AndroidDeviceDetection (174)
[2015.11.09-07.37.51:925][725]LogModuleManager: Shutting down and abandoning module AndroidPlatformEditor (173)
[2015.11.09-07.37.51:925][725]LogModuleManager: Shutting down and abandoning module IOSRuntimeSettings (172)
[2015.11.09-07.37.51:925][725]LogModuleManager: Shutting down and abandoning module AndroidRuntimeSettings (171)
[2015.11.09-07.37.51:925][725]LogModuleManager: Shutting down and abandoning module MergeActors (170)
[2015.11.09-07.37.51:925][725]LogModuleManager: Shutting down and abandoning module SizeMap (169)
[2015.11.09-07.37.51:925][725]LogModuleManager: Shutting down and abandoning module TreeMap (168)
[2015.11.09-07.37.51:962][725]LogModuleManager: Shutting down and abandoning module ReferenceViewer (167)
[2015.11.09-07.37.51:962][725]LogModuleManager: Shutting down and abandoning module LocalizationService (166)
[2015.11.09-07.37.51:984][725]LogModuleManager: Shutting down and abandoning module LocalizationDashboard (165)
[2015.11.09-07.37.52:002][725]LogModuleManager: Shutting down and abandoning module HardwareTargeting (164)
[2015.11.09-07.37.52:002][725]LogModuleManager: Shutting down and abandoning module DeviceProfileEditor (163)
[2015.11.09-07.37.52:002][725]LogModuleManager: Shutting down and abandoning module UndoHistory (162)
[2015.11.09-07.37.52:015][725]LogModuleManager: Shutting down and abandoning module GameplayTagsEditor (161)
[2015.11.09-07.37.52:015][725]LogModuleManager: Shutting down and abandoning module UserFeedback (160)
[2015.11.09-07.37.52:015][725]LogModuleManager: Shutting down and abandoning module XmlParser (159)
[2015.11.09-07.37.52:015][725]LogModuleManager: Shutting down and abandoning module Blutility (158)
[2015.11.09-07.37.52:015][725]LogModuleManager: Shutting down and abandoning module ProjectTargetPlatformEditor (157)
[2015.11.09-07.37.52:034][725]LogModuleManager: Shutting down and abandoning module ProjectSettingsViewer (156)
[2015.11.09-07.37.52:034][725]LogModuleManager: Shutting down and abandoning module InputBindingEditor (155)
[2015.11.09-07.37.52:052][725]LogModuleManager: Shutting down and abandoning module EditorSettingsViewer (154)
[2015.11.09-07.37.52:053][725]LogModuleManager: Shutting down and abandoning module SettingsEditor (153)
[2015.11.09-07.37.52:094][725]LogModuleManager: Shutting down and abandoning module ProjectLauncher (152)
[2015.11.09-07.37.52:108][725]LogModuleManager: Shutting down and abandoning module SessionFrontend (151)
[2015.11.09-07.37.52:123][725]LogModuleManager: Shutting down and abandoning module ProfilerClient (150)
[2015.11.09-07.37.52:136][725]LogModuleManager: Shutting down and abandoning module TargetDeviceServices (149)
[2015.11.09-07.37.52:136][725]LogModuleManager: Shutting down and abandoning module DeviceManager (148)
[2015.11.09-07.37.52:143][725]LogModuleManager: Shutting down and abandoning module AutomationController (147)
[2015.11.09-07.37.52:151][725]LogModuleManager: Shutting down and abandoning module AutomationWindow (146)
[2015.11.09-07.37.52:175][725]LogModuleManager: Shutting down and abandoning module Layers (145)
[2015.11.09-07.37.52:198][725]LogModuleManager: Shutting down and abandoning module ComponentVisualizers (144)
[2015.11.09-07.37.52:198][725]LogModuleManager: Shutting down and abandoning module DetailCustomizations (143)
[2015.11.09-07.37.52:208][725]LogModuleManager: Shutting down and abandoning module PackagesDialog (142)
[2015.11.09-07.37.52:223][725]LogModuleManager: Shutting down and abandoning module Persona (141)
[2015.11.09-07.37.52:232][725]LogModuleManager: Shutting down and abandoning module Kismet (140)
[2015.11.09-07.37.52:232][725]LogModuleManager: Shutting down and abandoning module GraphEditor (139)
[2015.11.09-07.37.52:232][725]LogModuleManager: Shutting down and abandoning module ClassViewer (138)
[2015.11.09-07.37.52:254][725]LogModuleManager: Shutting down and abandoning module Toolbox (137)
[2015.11.09-07.37.52:254][725]LogModuleManager: Shutting down and abandoning module ModuleUI (136)
[2015.11.09-07.37.52:259][725]LogModuleManager: Shutting down and abandoning module MovieSceneTools (135)
[2015.11.09-07.37.52:259][725]LogModuleManager: Shutting down and abandoning module OutputLog (134)
[2015.11.09-07.37.52:273][725]LogModuleManager: Shutting down and abandoning module GammaUI (133)
[2015.11.09-07.37.52:292][725]LogModuleManager: Shutting down and abandoning module Documentation (132)
[2015.11.09-07.37.52:292][725]LogModuleManager: Shutting down and abandoning module GameLiveStreaming (131)
[2015.11.09-07.37.52:306][725]LogModuleManager: Shutting down and abandoning module StreamingPauseRendering (130)
[2015.11.09-07.37.52:307][725]LogModuleManager: Shutting down and abandoning module AnalyticsET (129)
[2015.11.09-07.37.52:307][725]LogModuleManager: Shutting down and abandoning module Analytics (128)
[2015.11.09-07.37.52:307][725]LogModuleManager: Shutting down and abandoning module AITestSuite (127)
[2015.11.09-07.37.52:329][725]LogModuleManager: Shutting down and abandoning module GameplayDebugger (126)
[2015.11.09-07.37.52:329][725]LogModuleManager: Shutting down and abandoning module AIModule (125)
[2015.11.09-07.37.52:329][725]LogModuleManager: Shutting down and abandoning module ProfilerService (124)
[2015.11.09-07.37.52:431][725]LogModuleManager: Shutting down and abandoning module TaskGraph (123)
[2015.11.09-07.37.52:451][725]LogModuleManager: Shutting down and abandoning module SubstanceEditor (122)
[2015.11.09-07.37.52:464][725]LogModuleManager: Shutting down and abandoning module SlateRemote (121)
[2015.11.09-07.37.52:464][725]LogModuleManager: Shutting down and abandoning module SteamVRController (120)
[2015.11.09-07.37.52:464][725]LogModuleManager: Shutting down and abandoning module SteamVR (119)
[2015.11.09-07.37.52:464][725]LogModuleManager: Shutting down and abandoning module ProceduralMeshComponent (118)
[2015.11.09-07.37.52:464][725]LogModuleManager: Shutting down and abandoning module OculusRift (117)
[2015.11.09-07.37.52:464][725]LogModuleManager: Shutting down and abandoning module OculusLibrary (116)
[2015.11.09-07.37.52:464][725]LogModuleManager: Shutting down and abandoning module LeapMotionController (115)
[2015.11.09-07.37.52:690][725]LogModuleManager: Shutting down and abandoning module CustomMeshComponent (114)
[2015.11.09-07.37.52:707][725]LogModuleManager: Shutting down and abandoning module CableComponent (113)
[2015.11.09-07.37.52:708][725]LogModuleManager: Shutting down and abandoning module ArchVisCharacter (112)
[2015.11.09-07.37.52:708][725]LogModuleManager: Shutting down and abandoning module MessagingDebugger (111)
[2015.11.09-07.37.52:730][725]LogModuleManager: Shutting down and abandoning module MediaPlayerEditor (110)
[2015.11.09-07.37.52:753][725]LogModuleManager: Shutting down and abandoning module HTML5Networking (109)
[2015.11.09-07.37.52:753][725]LogModuleManager: Shutting down and abandoning module SpeedTreeImporter (108)
[2015.11.09-07.37.52:753][725]LogModuleManager: Shutting down and abandoning module PluginBrowser (107)
[2015.11.09-07.37.52:777][725]LogModuleManager: Shutting down and abandoning module EpicSurvey (106)
[2015.11.09-07.37.52:777][725]LogModuleManager: Shutting down and abandoning module DesktopPlatform (105)
[2015.11.09-07.37.52:802][725]LogModuleManager: Shutting down and abandoning module VisualStudioSourceCodeAccess (104)
[2015.11.09-07.37.52:821][725]LogModuleManager: Shutting down and abandoning module UObjectPlugin (103)
[2015.11.09-07.37.52:821][725]LogModuleManager: Shutting down and abandoning module SubversionSourceControl (102)
[2015.11.09-07.37.52:837][725]LogModuleManager: Shutting down and abandoning module PerforceSourceControl (101)
[2015.11.09-07.37.52:856][725]LogModuleManager: Shutting down and abandoning module SourceControl (100)
[2015.11.09-07.37.52:870][725]LogModuleManager: Shutting down and abandoning module GitSourceControl (99)
[2015.11.09-07.37.52:887][725]LogModuleManager: Shutting down and abandoning module LightPropagationVolumeEditor (98)
[2015.11.09-07.37.52:887][725]LogModuleManager: Shutting down and abandoning module PaperTiledImporter (97)
[2015.11.09-07.37.52:904][725]LogModuleManager: Shutting down and abandoning module PaperSpriteSheetImporter (96)
[2015.11.09-07.37.52:907][725]LogModuleManager: Shutting down and abandoning module MeshPaint (95)
[2015.11.09-07.37.52:919][725]LogModuleManager: Shutting down and abandoning module SlateReflector (94)
[2015.11.09-07.37.52:930][725]LogModuleManager: Shutting down and abandoning module HotReload (93)
[2015.11.09-07.37.52:944][725]LogModuleManager: Shutting down and abandoning module MainFrame (92)
[2015.11.09-07.37.52:944][725]LogModuleManager: Shutting down and abandoning module LevelEditor (91)
[2015.11.09-07.37.52:960][725]LogModuleManager: Shutting down and abandoning module ContentBrowser (90)
[2015.11.09-07.37.52:961][725]LogModuleManager: Shutting down and abandoning module Paper2DEditor (89)
[2015.11.09-07.37.53:002][725]LogModuleManager: Shutting down and abandoning module UdpMessaging (88)
[2015.11.09-07.37.53:103][725]LogModuleManager: Shutting down and abandoning module DirectoryWatcher (87)
[2015.11.09-07.37.53:103][725]LogModuleManager: Shutting down and abandoning module AssetRegistry (86)
[2015.11.09-07.37.53:274][725]LogModuleManager: Shutting down and abandoning module SubstanceCore (85)
[2015.11.09-07.37.53:276][725]LogModuleManager: Shutting down and abandoning module LightPropagationVolumeRuntime (84)
[2015.11.09-07.37.53:276][725]LogModuleManager: Shutting down and abandoning module Paper2D (83)
[2015.11.09-07.37.53:290][725]LogModuleManager: Shutting down and abandoning module WindowsMoviePlayer (82)
[2015.11.09-07.37.53:307][725]LogModuleManager: Shutting down and abandoning module Media (81)
[2015.11.09-07.37.53:308][725]LogModuleManager: Shutting down and abandoning module WmfMedia (80)
[2015.11.09-07.37.53:313][725]LogModuleManager: Shutting down and abandoning module OnlineBlueprintSupport (79)
[2015.11.09-07.37.53:313][725]LogModuleManager: Shutting down and abandoning module GameplayTasksEditor (78)
[2015.11.09-07.37.53:314][725]LogModuleManager: Shutting down and abandoning module PropertyEditor (77)
[2015.11.09-07.37.53:314][725]LogModuleManager: Shutting down and abandoning module BehaviorTreeEditor (76)
[2015.11.09-07.37.53:340][725]LogModuleManager: Shutting down and abandoning module FunctionalTesting (75)
[2015.11.09-07.37.53:340][725]LogModuleManager: Shutting down and abandoning module CollisionAnalyzer (74)
[2015.11.09-07.37.53:367][725]LogModuleManager: Shutting down and abandoning module WorkspaceMenuStructure (73)
[2015.11.09-07.37.53:367][725]LogModuleManager: Shutting down and abandoning module MessageLog (72)
[2015.11.09-07.37.53:367][725]LogModuleManager: Shutting down and abandoning module Sequencer (71)
[2015.11.09-07.37.53:400][725]LogModuleManager: Shutting down and abandoning module AssetTools (70)
[2015.11.09-07.37.53:445][725]LogModuleManager: Shutting down and abandoning module UMGEditor (69)
[2015.11.09-07.37.53:470][725]LogModuleManager: Shutting down and abandoning module UMG (68)
[2015.11.09-07.37.53:470][725]LogModuleManager: Shutting down and abandoning module Slate (67)
[2015.11.09-07.37.53:470][725]LogModuleManager: Shutting down and abandoning module EditorStyle (66)
[2015.11.09-07.37.53:472][725]LogModuleManager: Shutting down and abandoning module SessionServices (65)
[2015.11.09-07.37.53:473][725]LogModuleManager: Shutting down and abandoning module SourceCodeAccess (64)
[2015.11.09-07.37.53:473][725]LogModuleManager: Shutting down and abandoning module HeadMountedDisplay (63)
[2015.11.09-07.37.53:473][725]LogModuleManager: Shutting down and abandoning module XAudio2 (62)
[2015.11.09-07.37.53:473][725]LogModuleManager: Shutting down and abandoning module Networking (60)
[2015.11.09-07.37.53:473][725]LogModuleManager: Shutting down and abandoning module Core (59)
[2015.11.09-07.37.53:473][725]LogModuleManager: Shutting down and abandoning module KismetCompiler (58)
[2015.11.09-07.37.53:473][725]LogModuleManager: Shutting down and abandoning module PhysXFormats (57)
[2015.11.09-07.37.53:487][725]LogModuleManager: Shutting down and abandoning module MeshUtilities (56)
[2015.11.09-07.37.53:512][725]LogModuleManager: Shutting down and abandoning module CookingStats (55)
[2015.11.09-07.37.53:519][725]LogModuleManager: Shutting down and abandoning module DerivedDataCache (54)
[2015.11.09-07.37.53:544][725]LogDerivedDataCache: Shutdown
[2015.11.09-07.37.53:544][725]LogModuleManager: Shutting down and abandoning module ShaderFormatOpenGL (53)
[2015.11.09-07.37.53:558][725]LogModuleManager: Shutting down and abandoning module ShaderFormatD3D (52)
[2015.11.09-07.37.53:562][725]LogModuleManager: Shutting down and abandoning module MetalShaderFormat (51)
[2015.11.09-07.37.53:574][725]LogModuleManager: Shutting down and abandoning module TextureFormatUncompressed (50)
[2015.11.09-07.37.53:574][725]LogModuleManager: Shutting down and abandoning module TextureFormatPVR (49)
[2015.11.09-07.37.53:574][725]LogModuleManager: Shutting down and abandoning module TextureFormatIntelISPCTexComp (48)
[2015.11.09-07.37.53:575][725]LogModuleManager: Shutting down and abandoning module TextureFormatDXT (47)
[2015.11.09-07.37.53:575][725]LogModuleManager: Shutting down and abandoning module ImageWrapper (46)
[2015.11.09-07.37.53:575][725]LogModuleManager: Shutting down and abandoning module TextureFormatASTC (45)
[2015.11.09-07.37.53:575][725]LogModuleManager: Shutting down and abandoning module TextureFormatAndroid (44)
[2015.11.09-07.37.53:575][725]LogModuleManager: Shutting down and abandoning module AudioFormatOpus (43)
[2015.11.09-07.37.53:593][725]LogModuleManager: Shutting down and abandoning module AudioFormatOgg (42)
[2015.11.09-07.37.53:594][725]LogModuleManager: Shutting down and abandoning module AudioFormatADPCM (41)
[2015.11.09-07.37.53:594][725]LogModuleManager: Shutting down and abandoning module LinuxTargetPlatform (40)
[2015.11.09-07.37.53:594][725]LogModuleManager: Shutting down and abandoning module LinuxServerTargetPlatform (39)
[2015.11.09-07.37.53:594][725]LogModuleManager: Shutting down and abandoning module LinuxNoEditorTargetPlatform (38)
[2015.11.09-07.37.53:595][725]LogModuleManager: Shutting down and abandoning module Messaging (37)
[2015.11.09-07.37.53:595][725]LogModuleManager: Shutting down and abandoning module IOSTargetPlatform (36)
[2015.11.09-07.37.53:595][725]LogModuleManager: Shutting down and abandoning module HTML5TargetPlatform (35)
[2015.11.09-07.37.53:595][725]LogModuleManager: Shutting down and abandoning module Android_PVRTCTargetPlatform (34)
[2015.11.09-07.37.53:617][725]LogModuleManager: Shutting down and abandoning module Android_ETC2TargetPlatform (33)
[2015.11.09-07.37.53:626][725]LogModuleManager: Shutting down and abandoning module Android_ETC1TargetPlatform (32)
[2015.11.09-07.37.53:642][725]LogModuleManager: Shutting down and abandoning module Android_DXTTargetPlatform (31)
[2015.11.09-07.37.53:651][725]LogModuleManager: Shutting down and abandoning module Android_ATCTargetPlatform (30)
[2015.11.09-07.37.53:660][725]LogModuleManager: Shutting down and abandoning module Android_ASTCTargetPlatform (29)
[2015.11.09-07.37.53:670][725]LogModuleManager: Shutting down and abandoning module AndroidTargetPlatform (28)
[2015.11.09-07.37.53:677][725]LogModuleManager: Shutting down and abandoning module WindowsTargetPlatform (27)
[2015.11.09-07.37.53:677][725]LogModuleManager: Shutting down and abandoning module WindowsServerTargetPlatform (26)
[2015.11.09-07.37.53:678][725]LogModuleManager: Shutting down and abandoning module WindowsNoEditorTargetPlatform (25)
[2015.11.09-07.37.53:702][725]LogModuleManager: Shutting down and abandoning module WindowsClientTargetPlatform (24)
[2015.11.09-07.37.53:702][725]LogModuleManager: Shutting down and abandoning module AllDesktopTargetPlatform (23)
[2015.11.09-07.37.53:702][725]LogModuleManager: Shutting down and abandoning module TargetPlatform (22)
[2015.11.09-07.37.53:702][725]LogModuleManager: Shutting down and abandoning module InputCore (21)
[2015.11.09-07.37.53:702][725]LogModuleManager: Shutting down and abandoning module Settings (20)
[2015.11.09-07.37.53:702][725]LogModuleManager: Shutting down and abandoning module OnlineSubsystem (18)
[2015.11.09-07.37.53:702][725]LogModuleManager: Shutting down and abandoning module HTTP (17)
[2015.11.09-07.37.55:704][725]LogModuleManager: Shutting down and abandoning module XMPP (16)
[2015.11.09-07.37.55:764][725]LogModuleManager: Shutting down and abandoning module ExampleDeviceProfileSelector (15)
[2015.11.09-07.37.55:764][725]LogModuleManager: Shutting down and abandoning module TextureCompressor (14)
[2015.11.09-07.37.55:764][725]LogModuleManager: Shutting down and abandoning module ShaderCore (13)
[2015.11.09-07.37.55:764][725]LogModuleManager: Shutting down and abandoning module Landscape (12)
[2015.11.09-07.37.55:764][725]LogModuleManager: Shutting down and abandoning module SlateRHIRenderer (11)
[2015.11.09-07.37.55:805][725]LogModuleManager: Shutting down and abandoning module OpenGLDrv (10)
[2015.11.09-07.37.55:820][725]LogModuleManager: Shutting down and abandoning module D3D11RHI (9)
[2015.11.09-07.37.55:820][725]LogModuleManager: Shutting down and abandoning module AnimGraphRuntime (8)
[2015.11.09-07.37.55:820][725]LogModuleManager: Shutting down and abandoning module Renderer (7)
[2015.11.09-07.37.55:820][725]LogModuleManager: Shutting down and abandoning module Engine (6)
[2015.11.09-07.37.55:820][725]LogModuleManager: Shutting down and abandoning module CoreUObject (5)
[2015.11.09-07.37.55:820][725]LogModuleManager: Shutting down and abandoning module NetworkFile (4)
[2015.11.09-07.37.55:824][725]LogModuleManager: Shutting down and abandoning module StreamingFile (3)
[2015.11.09-07.37.55:825][725]LogModuleManager: Shutting down and abandoning module SandboxFile (2)
[2015.11.09-07.37.55:841][725]LogModuleManager: Shutting down and abandoning module PakFile (1)
[2015.11.09-07.37.55:842][725]LogExit: Exiting.
[2015.11.09-07.37.55:865][725]Log file closed, 11/09/15 02:37:55
