[2015.09.16-01.19.10:034][  0]Log file open, 09/15/15 21:19:09
[2015.09.16-01.19.10:034][  0]LogInit:Display: Running engine for game: SuperSpaceArmada
[2015.09.16-01.19.10:035][  0]LogInit:Display: RandInit(1246164328) SRandInit(1246164328).
[2015.09.16-01.19.10:035][  0]LogTaskGraph: Started task graph with 4 named threads and 7 total threads.
[2015.09.16-01.19.10:035][  0]LogStats: Stats thread started at 0.388968
[2015.09.16-01.19.10:035][  0]LogInit: Version: 4.9.0-2672455+++depot+UE4-Releases+4.9
[2015.09.16-01.19.10:035][  0]LogInit: API Version: 2672455
[2015.09.16-01.19.10:035][  0]LogInit: Compiled (64-bit): Aug 28 2015 12:33:01
[2015.09.16-01.19.10:035][  0]LogInit: Compiled with Visual C++: 18.00.21005.01
[2015.09.16-01.19.10:035][  0]LogInit: Build Configuration: Development
[2015.09.16-01.19.10:035][  0]LogInit: Branch Name: ++depot+UE4-Releases+4.9
[2015.09.16-01.19.10:035][  0]LogInit: Command line:  
[2015.09.16-01.19.10:035][  0]LogInit: Base directory: C:/Program Files/Unreal Engine/4.9/Engine/Binaries/Win64/
[2015.09.16-01.19.10:035][  0]LogInit: Rocket: 1
[2015.09.16-01.19.10:111][  0]LogInit: Using libcurl 7.41.0
[2015.09.16-01.19.10:111][  0]LogInit:  - built for x86_64-pc-win32
[2015.09.16-01.19.10:111][  0]LogInit:  - supports SSL with WinSSL
[2015.09.16-01.19.10:111][  0]LogInit:  - other features:
[2015.09.16-01.19.10:111][  0]LogInit:      CURL_VERSION_SSL
[2015.09.16-01.19.10:111][  0]LogInit:      CURL_VERSION_IPV6
[2015.09.16-01.19.10:111][  0]LogInit:      CURL_VERSION_ASYNCHDNS
[2015.09.16-01.19.10:111][  0]LogInit:      CURL_VERSION_LARGEFILE
[2015.09.16-01.19.10:111][  0]LogInit:      CURL_VERSION_IDN
[2015.09.16-01.19.10:111][  0]LogInit:  CurlRequestOptions (configurable via config and command line):
[2015.09.16-01.19.10:111][  0]LogInit:  - bVerifyPeer = true  - Libcurl will verify peer certificate
[2015.09.16-01.19.10:111][  0]LogInit:  - bUseHttpProxy = false  - Libcurl will NOT use HTTP proxy
[2015.09.16-01.19.10:111][  0]LogInit:  - bDontReuseConnections = false  - Libcurl will reuse connections
[2015.09.16-01.19.10:111][  0]LogInit:  - CertBundlePath = nullptr  - Libcurl will use whatever was configured at build time.
[2015.09.16-01.19.10:254][  0]LogInit: Presizing for 0 objects not considered by GC, pre-allocating 0 bytes.
[2015.09.16-01.19.10:309][  0]LogInit: Object subsystem initialized
[2015.09.16-01.19.10:391][  0]LogInit: Selected Device Profile: [Windows]
[2015.09.16-01.19.10:391][  0]LogInit: Applying CVar settings loaded from the selected device profile: [Windows]
[2015.09.16-01.19.10:476][  0]LogInit: Computer: LOU
[2015.09.16-01.19.10:476][  0]LogInit: User: LouIII
[2015.09.16-01.19.10:476][  0]LogInit: CPU Page size=4096, Cores=4
[2015.09.16-01.19.10:476][  0]LogInit: High frequency timer resolution =2.338337 MHz
[2015.09.16-01.19.10:484][  0]LogMemory: Memory total: Physical=15.9GB (16GB approx)
[2015.09.16-01.19.10:484][  0]LogMemory: Platform Memory Stats for Windows
[2015.09.16-01.19.10:485][  0]LogMemory: Process Physical Memory: 54.07 MB used, 54.07 MB peak
[2015.09.16-01.19.10:485][  0]LogMemory: Process Virtual Memory: 57.24 MB used, 57.24 MB peak
[2015.09.16-01.19.10:485][  0]LogMemory: Physical Memory: 6546.20 MB used, 16303.71 MB total
[2015.09.16-01.19.10:485][  0]LogMemory: Virtual Memory: 366.47 MB used, 134217728.00 MB total
[2015.09.16-01.19.11:381][  0]LogTextLocalizationManager: No specific translations for ('en-US') exist, so ('en') translations will be used.
[2015.09.16-01.19.12:784][  0]LogD3D11RHI: Found D3D11 adapter 0: NVIDIA GeForce GTX 765M     (Feature Level 11_0)
[2015.09.16-01.19.12:784][  0]LogD3D11RHI: Adapter has 1992MB of dedicated video memory, 0MB of dedicated system memory, and 8151MB of shared system memory, 1 output[s]
[2015.09.16-01.19.12:790][  0]LogD3D11RHI: Found D3D11 adapter 1: Intel(R) HD Graphics 4600 (Feature Level 11_0)
[2015.09.16-01.19.12:790][  0]LogD3D11RHI: Adapter has 112MB of dedicated video memory, 0MB of dedicated system memory, and 8151MB of shared system memory, 0 output[s]
[2015.09.16-01.19.12:791][  0]LogD3D11RHI: Found D3D11 adapter 2: Microsoft Basic Render Driver (Feature Level 11_0)
[2015.09.16-01.19.12:791][  0]LogD3D11RHI: Adapter has 0MB of dedicated video memory, 0MB of dedicated system memory, and 8151MB of shared system memory, 0 output[s]
[2015.09.16-01.19.12:791][  0]LogD3D11RHI: Chosen D3D11 Adapter Id = 0
[2015.09.16-01.19.12:796][  0]LogD3D11RHI: !Direct3DDevice
[2015.09.16-01.19.12:796][  0]LogRHI: Texture pool is 1361 MB (70% of 1945 MB)
[2015.09.16-01.19.12:810][  0]LogD3D11RHI: Async texture creation enabled
[2015.09.16-01.19.13:171][  0]LogShaderCompilers: Guid format shader working directory is 15 characters bigger than the processId version (../../../../../../Users/luisr_000/Documents/Game-Files/SuperSpaceArmada/Intermediate/Shaders/WorkingDirectory/6860/).
[2015.09.16-01.19.13:171][  0]LogShaderCompilers: Cleaned the shader compiler working directory '../../../../../../Users/luisr_000/Documents/Game-Files/SuperSpaceArmada/Intermediate/Shaders/tmp/AFB537F649086066AF6C9FAAB95516DD/'.
[2015.09.16-01.19.13:172][  0]LogShaderCompilers:Display: Using Local Shader Compiler.
[2015.09.16-01.19.18:268][  0]LogTemp:Display: Loaded TP AllDesktopTargetPlatform
[2015.09.16-01.19.18:274][  0]LogTemp:Display: Loaded TP WindowsClientTargetPlatform
[2015.09.16-01.19.18:279][  0]LogTemp:Display: Loaded TP WindowsNoEditorTargetPlatform
[2015.09.16-01.19.18:284][  0]LogTemp:Display: Loaded TP WindowsServerTargetPlatform
[2015.09.16-01.19.18:312][  0]LogTemp:Display: Loaded TP WindowsTargetPlatform
[2015.09.16-01.19.18:331][  0]LogTemp:Display: Loaded TP AndroidTargetPlatform
[2015.09.16-01.19.18:349][  0]LogTemp:Display: Loaded TP Android_ASTCTargetPlatform
[2015.09.16-01.19.18:373][  0]LogTemp:Display: Loaded TP Android_ATCTargetPlatform
[2015.09.16-01.19.18:377][  0]LogTemp:Display: Loaded TP Android_DXTTargetPlatform
[2015.09.16-01.19.18:381][  0]LogTemp:Display: Loaded TP Android_ETC1TargetPlatform
[2015.09.16-01.19.18:385][  0]LogTemp:Display: Loaded TP Android_ETC2TargetPlatform
[2015.09.16-01.19.18:388][  0]LogTemp:Display: Loaded TP Android_PVRTCTargetPlatform
[2015.09.16-01.19.18:389][  0]LogTemp:Display: Loaded TP HTML5TargetPlatform
[2015.09.16-01.19.18:500][  0]LogTemp:Display: Loaded TP IOSTargetPlatform
[2015.09.16-01.19.18:511][  0]LogTemp:Display: Loaded TP LinuxNoEditorTargetPlatform
[2015.09.16-01.19.18:533][  0]LogTemp:Display: Loaded TP LinuxServerTargetPlatform
[2015.09.16-01.19.18:553][  0]LogTemp:Display: Loaded TP LinuxTargetPlatform
[2015.09.16-01.19.18:553][  0]LogTargetPlatformManager:Display: Building Assets For Windows
[2015.09.16-01.19.19:578][  0]LogDerivedDataCache:Display: Max Cache Size: 512 MB
[2015.09.16-01.19.20:506][  0]LogDerivedDataCache: Loaded boot cache 0.93s 41MB C:/Users/luisr_000/AppData/Local/UnrealEngine/4.9/DerivedDataCache/Boot.ddc.
[2015.09.16-01.19.20:506][  0]LogDerivedDataCache:Display: Loaded Boot cache: C:/Users/luisr_000/AppData/Local/UnrealEngine/4.9/DerivedDataCache/Boot.ddc
[2015.09.16-01.19.20:506][  0]LogDerivedDataCache: FDerivedDataBackendGraph:  Pak pak cache file ../../../../../../Users/luisr_000/Documents/Game-Files/SuperSpaceArmada/DerivedDataCache/DDC.ddp not found, will not use a pak cache.
[2015.09.16-01.19.20:506][  0]LogDerivedDataCache: Unable to find inner node Pak for hierarchical cache Hierarchy.
[2015.09.16-01.19.20:506][  0]LogDerivedDataCache: FDerivedDataBackendGraph:  CompressedPak pak cache file ../../../../../../Users/luisr_000/Documents/Game-Files/SuperSpaceArmada/DerivedDataCache/Compressed.ddp not found, will not use a pak cache.
[2015.09.16-01.19.20:506][  0]LogDerivedDataCache: Unable to find inner node CompressedPak for hierarchical cache Hierarchy.
[2015.09.16-01.19.20:719][  0]LogDerivedDataCache:Display: Pak cache opened for reading ../../../Engine/DerivedDataCache/Compressed.ddp.
[2015.09.16-01.19.20:739][  0]LogDerivedDataCache: Using Local data cache path C:/Users/luisr_000/AppData/Local/UnrealEngine/Common/DerivedDataCache: Writable
[2015.09.16-01.19.36:817][  0]LogInit: Selected Device Profile: [Windows]
[2015.09.16-01.19.36:939][  0]LogContentStreaming: Texture pool size is 0.000000MB
[2015.09.16-01.19.38:955][  0]LogMeshUtilities: No automatic mesh reduction module available
[2015.09.16-01.19.38:955][  0]LogMeshUtilities: No automatic mesh merging module available
[2015.09.16-01.19.44:232][  0]LogInit: WinSock: version 1.1 (2.2), MaxSocks=32767, MaxUdp=65467
[2015.09.16-01.20.10:299][  0]UdpMessaging: Initializing bridge on interface 0.0.0.0:0 to multicast group 230.0.0.1:6666.
[2015.09.16-01.20.11:042][  0]LogAssetRegistry: FAssetRegistry took 0.0155 seconds to start up
[2015.09.16-01.20.14:803][  0]SourceControl: Info Source control is disabled
[2015.09.16-01.20.14:905][  0]SourceControl: Info Source control is disabled
[2015.09.16-01.20.15:069][  0]SourceControl: Info Source control is disabled
[2015.09.16-01.20.15:177][  0]SourceControl: Info Source control is disabled
[2015.09.16-01.20.17:377][  0]LogLinker:Warning: Asset '../../../Engine/Plugins/Runtime/LeapMotionController/Content/LM_PassthroughMaterial.uasset' has been saved with empty engine version. The asset will be loaded but may be incompatible.
[2015.09.16-01.20.18:437][  0]LogObj: 28361 objects as part of root set at end of initial load.
[2015.09.16-01.20.18:437][  0]LogUObjectAllocator: 6038864 out of 0 bytes used by permanent object pool.
[2015.09.16-01.20.20:743][  0]LogAutomationTest:Warning: Smoke tests took > 1s to run: 1.12s
[2015.09.16-01.20.20:972][  0]LogEngine: Initializing Engine...
[2015.09.16-01.20.21:076][  0]LogHMD: Can't find Oculus library dev build: is proper Runtime installed? Version: 0.6.0.0
[2015.09.16-01.20.21:189][  0]LogHMD: SteamVR failed to initialize.  Err: 110
[2015.09.16-01.20.23:819][  0]LogAIModule: Creating AISystem for world NewWorld
[2015.09.16-01.20.24:614][  0]LogInit: XAudio2 using 'Speakers (VIA HD Audio)' : 2 channels at 48 kHz using 32 bits per sample (channel mask 0x3)
[2015.09.16-01.20.25:094][  0]LogInit: FAudioDevice initialized.
[2015.09.16-01.20.25:123][  0]LogDerivedDataCache: Saved boot cache 0.02s 41MB C:/Users/luisr_000/AppData/Local/UnrealEngine/4.9/DerivedDataCache/Boot.ddc.
[2015.09.16-01.20.25:183][  0]LogInit: Texture streaming: Enabled
[2015.09.16-01.20.25:397][  0]LogAnalytics: Creating configured Analytics provider AnalyticsET
[2015.09.16-01.20.25:398][  0]LogAnalytics: [UEEditor.Rocket.Release] APIServer = http://et2.epicgames.com/ET2/. AppVersion = 4.9.0-2672455+++depot+UE4-Releases+4.9
[2015.09.16-01.20.25:398][  0]LogAnalytics: [UEEditor.Rocket.Release] SetUserId 06a592394ae99916f49c3d9c3c9f503a|b280ebf5e1b3428db734f63de3c232be|784865b8-3393-4bba-9a10-0fd663c4f742
[2015.09.16-01.20.25:439][  0]LogAnalytics: [UEEditor.Rocket.Release] AnalyticsET::StartSession
[2015.09.16-01.20.25:702][  0]LogWindowsTextInputMethodSystem:Display: IME system now deactivated.
[2015.09.16-01.20.25:702][  0]LogWindowsTextInputMethodSystem:Display: IME system now deactivated.
[2015.09.16-01.20.26:311][  0]LogInit: Transaction tracking system initialized
[2015.09.16-01.20.29:114][  0]BlueprintLog: New page: Editor Load
[2015.09.16-01.20.33:463][  0]LocalizationService: Info Localization service is disabled
[2015.09.16-01.20.36:271][  0]LogConsoleResponse:Display: 
[2015.09.16-01.20.41:388][  0]LogFileCache: Scanning file cache for directory 'C:/Users/luisr_000/Documents/Game-Files/SuperSpaceArmada/Content/' took 0.05s
[2015.09.16-01.20.41:388][  0]LogCook:Display: Done creating registry. It took  0.00s.
[2015.09.16-01.20.43:398][  0]SourceControl: Info Source control is disabled
[2015.09.16-01.20.43:516][  0]Cmd: MAP LOAD FILE="../../../../../../Users/luisr_000/Documents/Game-Files/SuperSpaceArmada/Content/TopDownBP/Maps/TopDownExampleMap.umap" TEMPLATE=0 SHOWPROGRESS=1 FEATURELEVEL=3
[2015.09.16-01.20.43:516][  0]LogEditorServer:Warning: Can't find file '../../../../../../Users/luisr_000/Documents/Game-Files/SuperSpaceArmada/Content/TopDownBP/Maps/TopDownExampleMap.umap'
[2015.09.16-01.20.43:542][  0]Cmd: MAP CHECKDEP NOCLEARLOG
[2015.09.16-01.20.43:751][  0]MapCheck: Info Map check complete: 0 Error(s), 0 Warning(s), took 209.253ms to complete.
[2015.09.16-01.20.43:818][  0]LogFileHelpers: Loading map 'TopDownExampleMap' took 0.384
[2015.09.16-01.20.48:877][  0]LogCollectionManager: Loaded 0 collections in 0.002554 seconds
[2015.09.16-01.20.49:084][  0]LogFileCache: Scanning file cache for directory 'C:/Users/luisr_000/Documents/Game-Files/SuperSpaceArmada/Saved/Collections/' took 0.01s
[2015.09.16-01.20.49:084][  0]LogFileCache: Scanning file cache for directory 'C:/Users/luisr_000/Documents/Game-Files/SuperSpaceArmada/Content/Developers/LouIII/Collections/' took 0.01s
[2015.09.16-01.20.49:084][  0]LogFileCache: Scanning file cache for directory 'C:/Users/luisr_000/Documents/Game-Files/SuperSpaceArmada/Content/Collections/' took 0.01s
[2015.09.16-01.20.49:084][  0]LogContentBrowser: Native class hierarchy populated in 0.0270 seconds. Added 1867 classes and 333 folders.
[2015.09.16-01.20.49:255][  0]LogCollectionManager: Rebuilt the GUID cache for 0 collections in 0.000003 seconds
[2015.09.16-01.20.49:627][  0]LogContentBrowser: Native class hierarchy updated for 'WidgetCarousel' in 0.0004 seconds. Added 0 classes and 0 folders.
[2015.09.16-01.20.53:382][  0]LogContentBrowser: Native class hierarchy updated for 'AddContentDialog' in 0.0003 seconds. Added 0 classes and 0 folders.
[2015.09.16-01.20.53:656][  0]LogContentBrowser: Native class hierarchy updated for 'SceneOutliner' in 0.0004 seconds. Added 1 classes and 2 folders.
[2015.09.16-01.20.55:362][  0]LogCrashTracker: Crashtracker disabled due to settings.
[2015.09.16-01.20.55:882][  0]LogUObjectGlobals:Warning: Failed to find object 'Class None.'
[2015.09.16-01.20.56:117][  0]LogLoad: Full Startup: 108.77 seconds (BP compile: 0.61 seconds)
[2015.09.16-01.20.58:357][  0]LogContentStreaming: Texture pool size now 1000 MB
[2015.09.16-01.21.00:768][  0]LogRenderer: Reallocating scene render targets to support 1208x576 (Frame:2).
[2015.09.16-01.21.08:337][247]LogAssetRegistry: Asset discovery search completed in 57.3061 seconds
[2015.09.16-01.21.08:337][247]LogCollectionManager: Rebuilt the object cache for 0 collections in 0.000001 seconds (found 0 objects)
[2015.09.16-01.21.08:348][247]LogCollectionManager: Fixed up redirectors for 0 collections in 0.010424 seconds (updated 0 objects)
[2015.09.16-01.22.26:192][841]Cmd: MAP LOAD FILE="../../../../../../Users/luisr_000/Documents/Game-Files/SuperSpaceArmada/Content/SSA/Maps/PrototypeLevel.umap" TEMPLATE=0 SHOWPROGRESS=1 FEATURELEVEL=3
[2015.09.16-01.22.26:299][841]LightingResults: New page: Lighting Build
[2015.09.16-01.22.26:318][841]LogContentBrowser: Native class hierarchy updated for 'StatsViewer' in 0.0004 seconds. Added 5 classes and 0 folders.
[2015.09.16-01.22.26:355][841]LoadErrors: New page: Loading map: PrototypeLevel.umap
[2015.09.16-01.22.26:560][841]MapCheck: New page: Map Check
[2015.09.16-01.22.26:560][841]LightingResults: New page: Lighting Build
[2015.09.16-01.22.26:881][841]LogParticles: Destroying 0 GPU particle simulations for FXSystem 0x000000D5D6CA6160
[2015.09.16-01.22.27:153][841]LogLinker:Warning: Asset '../../../../../../Users/luisr_000/Documents/Game-Files/SuperSpaceArmada/Content/Mannequin/Animations/ThirdPerson_AnimBP.uasset' has been saved with empty engine version. The asset will be loaded but may be incompatible.
[2015.09.16-01.22.27:154][841]LogLinker:Warning: Asset '../../../../../../Users/luisr_000/Documents/Game-Files/SuperSpaceArmada/Content/Mannequin/Animations/ThirdPerson_Jump.uasset' has been saved with empty engine version. The asset will be loaded but may be incompatible.
[2015.09.16-01.22.27:195][841]LogLinker:Warning: Asset '../../../../../../Users/luisr_000/Documents/Game-Files/SuperSpaceArmada/Content/Mannequin/Animations/ThirdPersonJump_Loop.uasset' has been saved with empty engine version. The asset will be loaded but may be incompatible.
[2015.09.16-01.22.27:196][841]LogLinker:Warning: Asset '../../../../../../Users/luisr_000/Documents/Game-Files/SuperSpaceArmada/Content/Mannequin/Animations/ThirdPersonJump_Start.uasset' has been saved with empty engine version. The asset will be loaded but may be incompatible.
[2015.09.16-01.22.27:197][841]LogLinker:Warning: Asset '../../../../../../Users/luisr_000/Documents/Game-Files/SuperSpaceArmada/Content/Mannequin/Animations/ThirdPerson_IdleRun_2D.uasset' has been saved with empty engine version. The asset will be loaded but may be incompatible.
[2015.09.16-01.22.27:197][841]LogLinker:Warning: Asset '../../../../../../Users/luisr_000/Documents/Game-Files/SuperSpaceArmada/Content/Mannequin/Animations/ThirdPersonIdle.uasset' has been saved with empty engine version. The asset will be loaded but may be incompatible.
[2015.09.16-01.22.27:198][841]LogLinker:Warning: Asset '../../../../../../Users/luisr_000/Documents/Game-Files/SuperSpaceArmada/Content/Mannequin/Animations/ThirdPersonRun.uasset' has been saved with empty engine version. The asset will be loaded but may be incompatible.
[2015.09.16-01.22.27:199][841]LogLinker:Warning: Asset '../../../../../../Users/luisr_000/Documents/Game-Files/SuperSpaceArmada/Content/Mannequin/Animations/ThirdPersonWalk.uasset' has been saved with empty engine version. The asset will be loaded but may be incompatible.
[2015.09.16-01.22.36:963][841]LogAIModule: Creating AISystem for world PrototypeLevel
[2015.09.16-01.22.38:191][841]LogEditorServer: Finished looking for orphan Actors (0.012 secs)
[2015.09.16-01.22.38:460][841]Cmd: MAP CHECKDEP NOCLEARLOG
[2015.09.16-01.22.38:512][841]MapCheck: Info Map check complete: 0 Error(s), 0 Warning(s), took 51.552ms to complete.
[2015.09.16-01.22.38:512][841]LogFileHelpers: Loading map 'PrototypeLevel' took 12.371
[2015.09.16-01.22.43:581][974]LogEditorViewport: Clicking on Actor (LMB): StaticMeshActor (humanShip)
[2015.09.16-01.22.44:985][974]LogEditorViewport: Clicking on Actor (LMB): StaticMeshActor (humanShip)
[2015.09.16-01.22.47:523][ 85]Cmd: CAMERA ALIGN ACTIVEVIEWPORTONLY
[2015.09.16-01.22.55:175][540]LogEditorViewport: Clicking on Actor (LMB): StaticMeshActor (Floor)
[2015.09.16-01.23.03:145][  5]LogRenderer: Reallocating scene render targets to support 1208x696 (Frame:5971).
[2015.09.16-01.23.06:609][198]LogRenderer: Reallocating scene render targets to support 1232x696 (Frame:6141).
[2015.09.16-01.23.10:309][411]LogRenderer: Reallocating scene render targets to support 1256x696 (Frame:6309).
[2015.09.16-01.24.00:548][223]LogEditorViewport: Clicking on Actor (LMB): StaticMeshActor (humanShip)
[2015.09.16-01.24.02:458][326]LogEditorViewport: Clicking on Actor (LMB): BP_Sky_Sphere_C (SkySphereBlueprint)
[2015.09.16-01.24.05:979][521]LogEditorViewport: Clicking on Actor (LMB): StaticMeshActor (humanShip)
[2015.09.16-01.24.06:704][556]LogEditorViewport: Clicking on Actor (LMB): BP_Sky_Sphere_C (SkySphereBlueprint)
[2015.09.16-01.24.13:488][955]LogEditorViewport: Clicking on Actor (LMB): BP_Sky_Sphere_C (SkySphereBlueprint)
[2015.09.16-01.24.32:431][872]LogFactory: FactoryCreateBinary: StaticMesh with FbxFactory (0 0 ../../../../../../Users/luisr_000/Desktop/Super Space Armada/fbx/humanShip_withBones.fbx)
[2015.09.16-01.24.32:911][872]LogFbx: ItemName: GlobalSettings, ItemCount : 1
[2015.09.16-01.24.32:911][872]LogFbx: ItemName: AnimationStack, ItemCount : 1
[2015.09.16-01.24.32:911][872]LogFbx: ItemName: AnimationLayer, ItemCount : 1
[2015.09.16-01.24.32:911][872]LogFbx: ItemName: Material, ItemCount : 3
[2015.09.16-01.24.32:911][872]LogFbx: ItemName: Model, ItemCount : 11
[2015.09.16-01.24.32:911][872]LogFbx: ItemName: Geometry, ItemCount : 1
[2015.09.16-01.24.32:911][872]LogFbx: ItemName: NodeAttribute, ItemCount : 10
[2015.09.16-01.24.32:911][872]LogFbx: ItemName: AnimationCurveNode, ItemCount : 10
[2015.09.16-01.24.32:911][872]LogFbx: ItemName: Pose, ItemCount : 1
[2015.09.16-01.24.32:911][872]LogFbx: ItemName: Deformer, ItemCount : 11
[2015.09.16-01.24.32:938][872]LogFbx: Loading FBX Scene from ../../../../../../Users/luisr_000/Desktop/Super Space Armada/fbx/humanShip_withBones.fbx
[2015.09.16-01.24.32:975][872]LogFbx: FBX Scene Loaded Succesfully
[2015.09.16-01.24.37:325][872]LogFbx: Loading FBX Scene from ../../../../../../Users/luisr_000/Desktop/Super Space Armada/fbx/humanShip_withBones.fbx
[2015.09.16-01.24.37:337][872]LogFbx: FBX Scene Loaded Succesfully
[2015.09.16-01.24.37:364][872]LogFbx: =================================================
[2015.09.16-01.24.37:364][872]LogFbx: Dumping Node START [lowpoly_Ship] 
[2015.09.16-01.24.37:364][872]LogFbx: 	Total Deformer Count -2030743664.
[2015.09.16-01.24.37:364][872]LogFbx: 		[Node 1]  (Type Skin).
[2015.09.16-01.24.37:364][872]LogFbx: =================================================
[2015.09.16-01.24.37:364][872]LogFbx: 	Attribute () Type (4).
[2015.09.16-01.24.37:364][872]LogFbx: 		[Node Attribute Child 1] lowpoly_Ship (Type Mesh).
[2015.09.16-01.24.37:364][872]LogFbx: Dumping Node END [lowpoly_Ship]
[2015.09.16-01.24.37:364][872]LogFbx: =================================================
[2015.09.16-01.24.37:364][872]LogFbx: Dumping Node START [lowpoly_Ship] 
[2015.09.16-01.24.37:364][872]LogFbx: 	Total Deformer Count -2030743664.
[2015.09.16-01.24.37:364][872]LogFbx: 		[Node 1]  (Type Skin).
[2015.09.16-01.24.37:364][872]LogFbx: =================================================
[2015.09.16-01.24.37:364][872]LogFbx: 	Attribute () Type (4).
[2015.09.16-01.24.37:364][872]LogFbx: 		[Node Attribute Child 1] lowpoly_Ship (Type Mesh).
[2015.09.16-01.24.37:364][872]LogFbx: Dumping Node END [lowpoly_Ship]
[2015.09.16-01.24.37:463][872]LogFbx: Valid bind pose for Pose (skinCluster1) - lowpoly_Ship
[2015.09.16-01.24.37:544][872]LogFbx:Warning: Bones digested - 10  Depth of hierarchy - 4
[2015.09.16-01.24.37:614][872]LogSkeletalMesh: Chunk 0: 5886 rigid vertices, 88 soft vertices, 8 active bones
[2015.09.16-01.24.37:614][872]LogSkeletalMesh: Chunk 1: 24 rigid vertices, 4 soft vertices, 5 active bones
[2015.09.16-01.24.37:614][872]LogSkeletalMesh: Chunk 2: 963 rigid vertices, 263 soft vertices, 7 active bones
[2015.09.16-01.24.37:618][872]LogSkeletalMesh: Section 0: Material=0, Chunk=0, 3118 triangles
[2015.09.16-01.24.37:618][872]LogSkeletalMesh: Section 1: Material=1, Chunk=1, 12 triangles
[2015.09.16-01.24.37:618][872]LogSkeletalMesh: Section 2: Material=2, Chunk=2, 600 triangles
[2015.09.16-01.24.37:620][872]LogLinker:Warning: Can't find file '/Game/Geometry/Meshes/humanShip_withBones_PhysicsAsset'
[2015.09.16-01.24.37:634][872]LogLinker:Warning: Can't find file '/Game/Geometry/Meshes/humanShip_withBones_PhysicsAsset'
[2015.09.16-01.24.37:634][872]LogUObjectGlobals:Warning: Failed to find object 'Object /Game/Geometry/Meshes/humanShip_withBones_PhysicsAsset.humanShip_withBones_PhysicsAsset'
[2015.09.16-01.24.37:691][872]LogLinker:Warning: Can't find file '/Game/Geometry/Meshes/humanShip_withBones_Skeleton'
[2015.09.16-01.24.37:691][872]LogLinker:Warning: Can't find file '/Game/Geometry/Meshes/humanShip_withBones_Skeleton'
[2015.09.16-01.24.37:691][872]LogUObjectGlobals:Warning: Failed to find object 'Object /Game/Geometry/Meshes/humanShip_withBones_Skeleton.humanShip_withBones_Skeleton'
[2015.09.16-01.24.37:899][873]LogMaterial:Warning: Material /Game/Geometry/Meshes/mainShip_low.mainShip_low needed to have new flag set bUsedWithSkeletalMesh !
[2015.09.16-01.24.37:950][873]LogMaterial: Missing cached shader map for material mainShip_low, compiling. 
[2015.09.16-01.24.38:095][873]LogMaterial: 0.000511 seconds spent updating 1 materials, 1 interfaces, 0 instances, 0 with static permutations.
[2015.09.16-01.24.38:095][873]LogMaterial:Warning: Material /Game/Geometry/Meshes/cockpitGlass_low.cockpitGlass_low needed to have new flag set bUsedWithSkeletalMesh !
[2015.09.16-01.24.38:208][873]LogMaterial: Missing cached shader map for material cockpitGlass_low, compiling. 
[2015.09.16-01.24.38:229][873]LogMaterial: 0.000168 seconds spent updating 1 materials, 1 interfaces, 0 instances, 0 with static permutations.
[2015.09.16-01.24.38:229][873]LogMaterial:Warning: Material /Game/Geometry/Meshes/guns_low.guns_low needed to have new flag set bUsedWithSkeletalMesh !
[2015.09.16-01.24.38:252][873]LogMaterial: Missing cached shader map for material guns_low, compiling. 
[2015.09.16-01.24.38:273][873]LogMaterial: 0.000212 seconds spent updating 1 materials, 1 interfaces, 0 instances, 0 with static permutations.
[2015.09.16-01.25.44:187][139]LogEditorViewport: Clicking on Actor (LMB): StaticMeshActor (humanShip)
[2015.09.16-01.25.44:524][151]Cmd: CAMERA ALIGN ACTIVEVIEWPORTONLY
[2015.09.16-01.25.46:478][260]LogEditorViewport: Clicking on Actor (LMB): BP_Sky_Sphere_C (SkySphereBlueprint)
[2015.09.16-01.25.55:066][767]LogEditorViewport: Clicking on Actor (LMB): BP_Sky_Sphere_C (SkySphereBlueprint)
[2015.09.16-01.26.09:466][613]LogEditorViewport: Clicking on Actor (LMB): StaticMeshActor (humanShip)
[2015.09.16-01.26.10:490][669]LogEditorViewport: Clicking on Actor (LMB): BP_Sky_Sphere_C (SkySphereBlueprint)
[2015.09.16-01.26.11:451][723]LogEditorViewport: Clicking on Actor (LMB): StaticMeshActor (humanShip)
[2015.09.16-01.26.12:221][764]Cmd: CAMERA ALIGN ACTIVEVIEWPORTONLY
[2015.09.16-01.26.14:509][894]LogEditorViewport: Clicking on Actor (LMB): BP_Sky_Sphere_C (SkySphereBlueprint)
[2015.09.16-01.26.28:745][625]LogEditorViewport: Clicking on Actor (LMB): SkeletalMeshActor (humanShip_withBones)
[2015.09.16-01.26.28:830][625]LogEditorViewport: Clicking on Component (LMB): SkeletalMeshComponent (SkeletalMeshComponent0)
[2015.09.16-01.26.32:265][793]Cmd: CAMERA ALIGN ACTIVEVIEWPORTONLY
[2015.09.16-01.26.59:476][130]LogSkeletalMesh: InitArticulated: Bodies already created (/Engine/Transient.DebugSkelMeshComponent_0) - call TermArticulated first.
[2015.09.16-01.26.59:966][130]LogUObjectGlobals:Warning: Failed to find object 'Object /Engine/Tutorial/SubEditors/PersonaAnimEditorTutorial.PersonaAnimEditorTutorial_C'
[2015.09.16-01.27.00:250][130]LogRenderer: Reallocating scene render targets to support 1256x880 (Frame:21570).
[2015.09.16-01.27.43:763][565]LogLinker:Warning: Can't find file '/Game/Geometry/Animations/RightBank'
[2015.09.16-01.27.43:764][565]LogLinker:Warning: Can't find file '/Game/Geometry/Animations/RightBank'
[2015.09.16-01.27.43:764][565]LogUObjectGlobals:Warning: Failed to find object 'Object /Game/Geometry/Animations/RightBank.RightBank'
[2015.09.16-01.27.43:799][566]LogAnimation:Warning: DeltaTime : 30.16, Current Frame Count : 0, Frames To Record : 3, TimePassed : 0.12
[2015.09.16-01.27.43:799][566]LogAnimation:Warning: Current Frame Count : 1, BlendAlpha : 0.17
[2015.09.16-01.27.43:799][566]LogAnimation:Warning: Current Frame Count : 2, BlendAlpha : 0.50
[2015.09.16-01.27.43:799][566]LogAnimation:Warning: Current Frame Count : 3, BlendAlpha : 0.83
[2015.09.16-01.27.43:816][567]LogAnimation:Warning: DeltaTime : 0.02, Current Frame Count : 3, Frames To Record : 4, TimePassed : 0.13
[2015.09.16-01.27.43:816][567]LogAnimation:Warning: Current Frame Count : 4, BlendAlpha : 1.00
[2015.09.16-01.27.43:854][569]LogAnimation:Warning: DeltaTime : 0.02, Current Frame Count : 4, Frames To Record : 5, TimePassed : 0.17
[2015.09.16-01.27.43:854][569]LogAnimation:Warning: Current Frame Count : 5, BlendAlpha : 0.78
[2015.09.16-01.27.43:885][570]LogAnimation:Warning: DeltaTime : 0.03, Current Frame Count : 5, Frames To Record : 6, TimePassed : 0.20
[2015.09.16-01.27.43:885][570]LogAnimation:Warning: Current Frame Count : 6, BlendAlpha : 0.91
[2015.09.16-01.27.43:917][571]LogAnimation:Warning: DeltaTime : 0.03, Current Frame Count : 6, Frames To Record : 7, TimePassed : 0.23
[2015.09.16-01.27.43:917][571]LogAnimation:Warning: Current Frame Count : 7, BlendAlpha : 0.97
[2015.09.16-01.27.44:035][573]LogAnimation:Warning: DeltaTime : 0.03, Current Frame Count : 7, Frames To Record : 8, TimePassed : 0.29
[2015.09.16-01.27.44:035][573]LogAnimation:Warning: Current Frame Count : 8, BlendAlpha : 0.14
[2015.09.16-01.27.44:072][574]LogAnimation:Warning: DeltaTime : 0.07, Current Frame Count : 8, Frames To Record : 10, TimePassed : 0.37
[2015.09.16-01.27.44:072][574]LogAnimation:Warning: Current Frame Count : 9, BlendAlpha : 0.11
[2015.09.16-01.27.44:072][574]LogAnimation:Warning: Current Frame Count : 10, BlendAlpha : 0.56
[2015.09.16-01.27.44:106][575]LogAnimation:Warning: DeltaTime : 0.04, Current Frame Count : 10, Frames To Record : 12, TimePassed : 0.40
[2015.09.16-01.27.44:106][575]LogAnimation:Warning: Current Frame Count : 11, BlendAlpha : 0.01
[2015.09.16-01.27.44:106][575]LogAnimation:Warning: Current Frame Count : 12, BlendAlpha : 0.92
[2015.09.16-01.27.44:141][576]LogAnimation:Warning: DeltaTime : 0.03, Current Frame Count : 12, Frames To Record : 13, TimePassed : 0.44
[2015.09.16-01.27.44:141][576]LogAnimation:Warning: Current Frame Count : 13, BlendAlpha : 0.89
[2015.09.16-01.27.44:178][577]LogAnimation:Warning: DeltaTime : 0.03, Current Frame Count : 13, Frames To Record : 14, TimePassed : 0.47
[2015.09.16-01.27.44:178][577]LogAnimation:Warning: Current Frame Count : 14, BlendAlpha : 0.86
[2015.09.16-01.27.44:217][578]LogAnimation:Warning: DeltaTime : 0.03, Current Frame Count : 14, Frames To Record : 15, TimePassed : 0.51
[2015.09.16-01.27.44:217][578]LogAnimation:Warning: Current Frame Count : 15, BlendAlpha : 0.82
[2015.09.16-01.27.44:259][579]LogAnimation:Warning: DeltaTime : 0.04, Current Frame Count : 15, Frames To Record : 16, TimePassed : 0.55
[2015.09.16-01.27.44:259][579]LogAnimation:Warning: Current Frame Count : 16, BlendAlpha : 0.64
[2015.09.16-01.27.44:300][580]LogAnimation:Warning: DeltaTime : 0.04, Current Frame Count : 16, Frames To Record : 17, TimePassed : 0.59
[2015.09.16-01.27.44:300][580]LogAnimation:Warning: Current Frame Count : 17, BlendAlpha : 0.45
[2015.09.16-01.27.44:339][581]LogAnimation:Warning: DeltaTime : 0.04, Current Frame Count : 17, Frames To Record : 18, TimePassed : 0.63
[2015.09.16-01.27.44:339][581]LogAnimation:Warning: Current Frame Count : 18, BlendAlpha : 0.27
[2015.09.16-01.27.44:382][582]LogAnimation:Warning: DeltaTime : 0.04, Current Frame Count : 18, Frames To Record : 20, TimePassed : 0.67
[2015.09.16-01.27.44:382][582]LogAnimation:Warning: Current Frame Count : 19, BlendAlpha : 0.10
[2015.09.16-01.27.44:382][582]LogAnimation:Warning: Current Frame Count : 20, BlendAlpha : 0.89
[2015.09.16-01.27.44:422][583]LogAnimation:Warning: DeltaTime : 0.04, Current Frame Count : 20, Frames To Record : 21, TimePassed : 0.71
[2015.09.16-01.27.44:422][583]LogAnimation:Warning: Current Frame Count : 21, BlendAlpha : 0.72
[2015.09.16-01.27.44:456][584]LogAnimation:Warning: DeltaTime : 0.04, Current Frame Count : 21, Frames To Record : 22, TimePassed : 0.75
[2015.09.16-01.27.44:456][584]LogAnimation:Warning: Current Frame Count : 22, BlendAlpha : 0.54
[2015.09.16-01.27.44:490][585]LogAnimation:Warning: DeltaTime : 0.03, Current Frame Count : 22, Frames To Record : 23, TimePassed : 0.79
[2015.09.16-01.27.44:490][585]LogAnimation:Warning: Current Frame Count : 23, BlendAlpha : 0.44
[2015.09.16-01.27.44:522][586]LogAnimation:Warning: DeltaTime : 0.03, Current Frame Count : 23, Frames To Record : 24, TimePassed : 0.82
[2015.09.16-01.27.44:522][586]LogAnimation:Warning: Current Frame Count : 24, BlendAlpha : 0.42
[2015.09.16-01.27.44:559][587]LogAnimation:Warning: DeltaTime : 0.03, Current Frame Count : 24, Frames To Record : 25, TimePassed : 0.85
[2015.09.16-01.27.44:559][587]LogAnimation:Warning: Current Frame Count : 25, BlendAlpha : 0.40
[2015.09.16-01.27.44:597][588]LogAnimation:Warning: DeltaTime : 0.04, Current Frame Count : 25, Frames To Record : 26, TimePassed : 0.89
[2015.09.16-01.27.44:598][588]LogAnimation:Warning: Current Frame Count : 26, BlendAlpha : 0.37
[2015.09.16-01.27.44:631][589]LogAnimation:Warning: DeltaTime : 0.04, Current Frame Count : 26, Frames To Record : 27, TimePassed : 0.93
[2015.09.16-01.27.44:631][589]LogAnimation:Warning: Current Frame Count : 27, BlendAlpha : 0.30
[2015.09.16-01.27.44:643][590]LogAnimation:Warning: DeltaTime : 0.04, Current Frame Count : 27, Frames To Record : 28, TimePassed : 0.96
[2015.09.16-01.27.44:643][590]LogAnimation:Warning: Current Frame Count : 28, BlendAlpha : 0.22
[2015.09.16-01.27.44:660][591]LogAnimation:Warning: DeltaTime : 0.02, Current Frame Count : 28, Frames To Record : 29, TimePassed : 0.98
[2015.09.16-01.27.44:660][591]LogAnimation:Warning: Current Frame Count : 29, BlendAlpha : 0.35
[2015.09.16-01.27.44:765][593]LogAnimation:Warning: DeltaTime : 0.06, Current Frame Count : 29, Frames To Record : 31, TimePassed : 1.05
[2015.09.16-01.27.44:765][593]LogAnimation:Warning: Current Frame Count : 30, BlendAlpha : 0.10
[2015.09.16-01.27.44:765][593]LogAnimation:Warning: Current Frame Count : 31, BlendAlpha : 0.66
[2015.09.16-01.27.44:805][594]LogAnimation:Warning: DeltaTime : 0.04, Current Frame Count : 31, Frames To Record : 32, TimePassed : 1.09
[2015.09.16-01.27.44:805][594]LogAnimation:Warning: Current Frame Count : 32, BlendAlpha : 0.33
[2015.09.16-01.27.44:846][595]LogAnimation:Warning: DeltaTime : 0.04, Current Frame Count : 32, Frames To Record : 34, TimePassed : 1.14
[2015.09.16-01.27.44:846][595]LogAnimation:Warning: Current Frame Count : 33, BlendAlpha : 0.15
[2015.09.16-01.27.44:846][595]LogAnimation:Warning: Current Frame Count : 34, BlendAlpha : 0.95
[2015.09.16-01.27.44:888][596]LogAnimation:Warning: DeltaTime : 0.04, Current Frame Count : 34, Frames To Record : 35, TimePassed : 1.18
[2015.09.16-01.27.44:888][596]LogAnimation:Warning: Current Frame Count : 35, BlendAlpha : 0.77
[2015.09.16-01.27.44:930][597]LogAnimation:Warning: DeltaTime : 0.04, Current Frame Count : 35, Frames To Record : 36, TimePassed : 1.22
[2015.09.16-01.27.44:930][597]LogAnimation:Warning: Current Frame Count : 36, BlendAlpha : 0.56
[2015.09.16-01.27.44:971][598]LogAnimation:Warning: DeltaTime : 0.04, Current Frame Count : 36, Frames To Record : 37, TimePassed : 1.26
[2015.09.16-01.27.44:971][598]LogAnimation:Warning: Current Frame Count : 37, BlendAlpha : 0.37
[2015.09.16-01.27.44:984][599]LogAnimation:Warning: DeltaTime : 0.04, Current Frame Count : 37, Frames To Record : 39, TimePassed : 1.30
[2015.09.16-01.27.44:984][599]LogAnimation:Warning: Current Frame Count : 38, BlendAlpha : 0.19
[2015.09.16-01.27.44:984][599]LogAnimation:Warning: Current Frame Count : 39, BlendAlpha : 0.97
[2015.09.16-01.27.45:017][601]LogAnimation:Warning: DeltaTime : 0.02, Current Frame Count : 39, Frames To Record : 40, TimePassed : 1.33
[2015.09.16-01.27.45:017][601]LogAnimation:Warning: Current Frame Count : 40, BlendAlpha : 0.92
[2015.09.16-01.27.45:077][603]LogAnimation:Warning: DeltaTime : 0.03, Current Frame Count : 40, Frames To Record : 41, TimePassed : 1.39
[2015.09.16-01.27.45:077][603]LogAnimation:Warning: Current Frame Count : 41, BlendAlpha : 0.02
[2015.09.16-01.27.45:105][604]LogAnimation:Warning: DeltaTime : 0.03, Current Frame Count : 41, Frames To Record : 42, TimePassed : 1.42
[2015.09.16-01.27.45:105][604]LogAnimation:Warning: Current Frame Count : 42, BlendAlpha : 0.20
[2015.09.16-01.27.45:133][605]LogAnimation:Warning: DeltaTime : 0.03, Current Frame Count : 42, Frames To Record : 43, TimePassed : 1.45
[2015.09.16-01.27.45:133][605]LogAnimation:Warning: Current Frame Count : 43, BlendAlpha : 0.39
[2015.09.16-01.27.45:161][606]LogAnimation:Warning: DeltaTime : 0.03, Current Frame Count : 43, Frames To Record : 44, TimePassed : 1.48
[2015.09.16-01.27.45:161][606]LogAnimation:Warning: Current Frame Count : 44, BlendAlpha : 0.56
[2015.09.16-01.27.45:190][607]LogAnimation:Warning: DeltaTime : 0.03, Current Frame Count : 44, Frames To Record : 45, TimePassed : 1.51
[2015.09.16-01.27.45:190][607]LogAnimation:Warning: Current Frame Count : 45, BlendAlpha : 0.75
[2015.09.16-01.27.45:218][608]LogAnimation:Warning: DeltaTime : 0.03, Current Frame Count : 45, Frames To Record : 46, TimePassed : 1.54
[2015.09.16-01.27.45:218][608]LogAnimation:Warning: Current Frame Count : 46, BlendAlpha : 0.93
[2015.09.16-01.27.45:274][610]LogAnimation:Warning: DeltaTime : 0.03, Current Frame Count : 46, Frames To Record : 47, TimePassed : 1.59
[2015.09.16-01.27.45:274][610]LogAnimation:Warning: Current Frame Count : 47, BlendAlpha : 0.11
[2015.09.16-01.27.45:303][611]LogAnimation:Warning: DeltaTime : 0.03, Current Frame Count : 47, Frames To Record : 48, TimePassed : 1.62
[2015.09.16-01.27.45:303][611]LogAnimation:Warning: Current Frame Count : 48, BlendAlpha : 0.30
[2015.09.16-01.27.45:331][612]LogAnimation:Warning: DeltaTime : 0.03, Current Frame Count : 48, Frames To Record : 49, TimePassed : 1.65
[2015.09.16-01.27.45:331][612]LogAnimation:Warning: Current Frame Count : 49, BlendAlpha : 0.48
[2015.09.16-01.27.45:359][613]LogAnimation:Warning: DeltaTime : 0.03, Current Frame Count : 49, Frames To Record : 50, TimePassed : 1.68
[2015.09.16-01.27.45:359][613]LogAnimation:Warning: Current Frame Count : 50, BlendAlpha : 0.65
[2015.09.16-01.27.45:387][614]LogAnimation:Warning: DeltaTime : 0.03, Current Frame Count : 50, Frames To Record : 51, TimePassed : 1.70
[2015.09.16-01.27.45:387][614]LogAnimation:Warning: Current Frame Count : 51, BlendAlpha : 0.84
[2015.09.16-01.27.45:444][616]LogAnimation:Warning: DeltaTime : 0.03, Current Frame Count : 51, Frames To Record : 52, TimePassed : 1.76
[2015.09.16-01.27.45:444][616]LogAnimation:Warning: Current Frame Count : 52, BlendAlpha : 0.00
[2015.09.16-01.27.45:472][617]LogAnimation:Warning: DeltaTime : 0.03, Current Frame Count : 52, Frames To Record : 53, TimePassed : 1.79
[2015.09.16-01.27.45:472][617]LogAnimation:Warning: Current Frame Count : 53, BlendAlpha : 0.17
[2015.09.16-01.27.45:501][618]LogAnimation:Warning: DeltaTime : 0.03, Current Frame Count : 53, Frames To Record : 54, TimePassed : 1.82
[2015.09.16-01.27.45:501][618]LogAnimation:Warning: Current Frame Count : 54, BlendAlpha : 0.34
[2015.09.16-01.27.45:529][619]LogAnimation:Warning: DeltaTime : 0.03, Current Frame Count : 54, Frames To Record : 55, TimePassed : 1.85
[2015.09.16-01.27.45:529][619]LogAnimation:Warning: Current Frame Count : 55, BlendAlpha : 0.52
[2015.09.16-01.27.45:558][620]LogAnimation:Warning: DeltaTime : 0.03, Current Frame Count : 55, Frames To Record : 56, TimePassed : 1.88
[2015.09.16-01.27.45:558][620]LogAnimation:Warning: Current Frame Count : 56, BlendAlpha : 0.69
[2015.09.16-01.27.45:590][621]LogAnimation:Warning: DeltaTime : 0.03, Current Frame Count : 56, Frames To Record : 57, TimePassed : 1.90
[2015.09.16-01.27.45:590][621]LogAnimation:Warning: Current Frame Count : 57, BlendAlpha : 0.84
[2015.09.16-01.27.45:643][623]LogAnimation:Warning: DeltaTime : 0.03, Current Frame Count : 57, Frames To Record : 58, TimePassed : 1.96
[2015.09.16-01.27.45:643][623]LogAnimation:Warning: Current Frame Count : 58, BlendAlpha : 0.01
[2015.09.16-01.27.45:660][624]LogAnimation:Warning: DeltaTime : 0.02, Current Frame Count : 58, Frames To Record : 59, TimePassed : 1.98
[2015.09.16-01.27.45:660][624]LogAnimation:Warning: Current Frame Count : 59, BlendAlpha : 0.30
[2015.09.16-01.27.50:238][670]LogRenderer: Reallocating scene render targets to support 1256x916 (Frame:22799).
[2015.09.16-01.27.50:238][670]LogContentBrowser:Verbose: The majority of assets in the view are of type: AnimSequence
[2015.09.16-01.28.12:121][416]LogContentBrowser:Verbose: The majority of assets in the view are of type: AnimSequence
[2015.09.16-01.28.33:572][260]LogParticles: Destroying 0 GPU particle simulations for FXSystem 0x000000D5832C1080
[2015.09.16-01.28.33:572][260]LogParticles: Destroying 0 GPU particle simulations for FXSystem 0x000000D5832C11C0
[2015.09.16-01.28.33:573][260]LogParticles: Destroying 0 GPU particle simulations for FXSystem 0x000000D59CC87B00
[2015.09.16-01.28.33:573][260]LogParticles: Destroying 0 GPU particle simulations for FXSystem 0x000000D58326D760
[2015.09.16-01.28.33:573][260]LogParticles: Destroying 0 GPU particle simulations for FXSystem 0x000000D59A065EE0
[2015.09.16-01.28.33:574][260]LogParticles: Destroying 0 GPU particle simulations for FXSystem 0x000000D59BE46AC0
[2015.09.16-01.28.38:515][457]LogEditorViewport: Clicking on Component (LMB): SkeletalMeshComponent (SkeletalMeshComponent0)
[2015.09.16-01.28.40:626][570]LogEditorViewport: Clicking on Actor (LMB): StaticMeshActor (Floor)
[2015.09.16-01.28.41:924][638]LogEditorViewport: Clicking on Actor (LMB): SkeletalMeshActor (humanShip_withBones)
[2015.09.16-01.28.43:154][699]Cmd: DELETE
[2015.09.16-01.28.43:154][699]Cmd: ACTOR DELETE
[2015.09.16-01.28.43:411][699]LogEditorActor: Deleted Actor: SkeletalMeshActor
[2015.09.16-01.28.43:434][699]LogEditorActor: Deleted 1 Actors (0.035 secs)
[2015.09.16-01.29.21:142][708]Cmd: TRANSACTION UNDO
[2015.09.16-01.29.21:151][708]LogEditorTransaction: Undo Create Actors
[2015.09.16-01.29.21:677][726]Cmd: TRANSACTION UNDO
[2015.09.16-01.29.21:677][726]LogEditorTransaction: Undo Create Actors
[2015.09.16-01.29.23:183][810]Cmd: TRANSACTION UNDO
[2015.09.16-01.29.23:183][810]LogEditorTransaction: Undo Delete Actors
[2015.09.16-01.29.24:738][892]Cmd: TRANSACTION REDO
[2015.09.16-01.29.24:738][892]LogEditorTransaction: Redo Delete Actors
[2015.09.16-01.29.26:448][989]LogEditorViewport: Clicking on Actor (LMB): StaticMeshActor (humanShip)
[2015.09.16-01.29.27:091][ 24]Cmd: CAMERA ALIGN ACTIVEVIEWPORTONLY
[2015.09.16-01.29.46:934][168]LogRenderer: Reallocating scene render targets to support 1260x916 (Frame:29827).
[2015.09.16-01.29.57:238][708]LogSavePackage: Save=405.817047ms
[2015.09.16-01.29.57:238][708]LogSavePackage: Moving '../../../../../../Users/luisr_000/Documents/Game-Files/SuperSpaceArmada/Saved/PrototypeLevelBC79895046139309045DB0AA3F1E17AC.tmp' to '../../../../../../Users/luisr_000/Documents/Game-Files/SuperSpaceArmada/Content/SSA/Maps/PrototypeLevel.umap'
[2015.09.16-01.29.57:245][708]LogSavePackage: Total save time: 484.801807ms
[2015.09.16-01.29.57:245][708]LogSavePackage:Warning: Finished SavePackage ../../../../../../Users/luisr_000/Documents/Game-Files/SuperSpaceArmada/Content/SSA/Maps/PrototypeLevel.umap
[2015.09.16-01.29.57:283][708]LogFileHelpers: Saving map 'PrototypeLevel' took 0.622
[2015.09.16-01.29.57:372][708]LogSavePackage: Save=47.643261ms
[2015.09.16-01.29.57:372][708]LogSavePackage: Moving '../../../../../../Users/luisr_000/Documents/Game-Files/SuperSpaceArmada/Saved/cockpitGlass_low8D63673848F3620F3040628615E1912A.tmp' to '../../../../../../Users/luisr_000/Documents/Game-Files/SuperSpaceArmada/Content/Geometry/Meshes/cockpitGlass_low.uasset'
[2015.09.16-01.29.57:374][708]LogSavePackage: Total save time: 57.440396ms
[2015.09.16-01.29.57:374][708]LogSavePackage:Warning: Finished SavePackage ../../../../../../Users/luisr_000/Documents/Game-Files/SuperSpaceArmada/Content/Geometry/Meshes/cockpitGlass_low.uasset
[2015.09.16-01.29.57:395][708]Cmd: OBJ SAVEPACKAGE PACKAGE="/Game/Geometry/Meshes/guns_low" FILE="../../../../../../Users/luisr_000/Documents/Game-Files/SuperSpaceArmada/Content/Geometry/Meshes/guns_low.uasset" SILENT=true
[2015.09.16-01.29.57:419][708]LogSavePackage: Save=15.427203ms
[2015.09.16-01.29.57:419][708]LogSavePackage: Moving '../../../../../../Users/luisr_000/Documents/Game-Files/SuperSpaceArmada/Saved/guns_lowAC07CC5F4DD8A28E8810C29B8E1E595D.tmp' to '../../../../../../Users/luisr_000/Documents/Game-Files/SuperSpaceArmada/Content/Geometry/Meshes/guns_low.uasset'
[2015.09.16-01.29.57:421][708]LogSavePackage: Total save time: 25.245719ms
[2015.09.16-01.29.57:421][708]LogSavePackage:Warning: Finished SavePackage ../../../../../../Users/luisr_000/Documents/Game-Files/SuperSpaceArmada/Content/Geometry/Meshes/guns_low.uasset
[2015.09.16-01.29.57:441][708]Cmd: OBJ SAVEPACKAGE PACKAGE="/Game/Geometry/Meshes/mainShip_low" FILE="../../../../../../Users/luisr_000/Documents/Game-Files/SuperSpaceArmada/Content/Geometry/Meshes/mainShip_low.uasset" SILENT=true
[2015.09.16-01.29.57:465][708]LogSavePackage: Save=15.233048ms
[2015.09.16-01.29.57:465][708]LogSavePackage: Moving '../../../../../../Users/luisr_000/Documents/Game-Files/SuperSpaceArmada/Saved/mainShip_low0D816A544917E6CFC9EC75B3CF8EF278.tmp' to '../../../../../../Users/luisr_000/Documents/Game-Files/SuperSpaceArmada/Content/Geometry/Meshes/mainShip_low.uasset'
[2015.09.16-01.29.57:466][708]LogSavePackage: Total save time: 24.665818ms
[2015.09.16-01.29.57:466][708]LogSavePackage:Warning: Finished SavePackage ../../../../../../Users/luisr_000/Documents/Game-Files/SuperSpaceArmada/Content/Geometry/Meshes/mainShip_low.uasset
[2015.09.16-01.29.57:509][708]LogSavePackage: Save=19.940239ms
[2015.09.16-01.29.57:509][708]LogSavePackage: Moving '../../../../../../Users/luisr_000/Documents/Game-Files/SuperSpaceArmada/Saved/humanShip_withBonesDDFF5856413B89CC1E2424B7BE82DF8B.tmp' to '../../../../../../Users/luisr_000/Documents/Game-Files/SuperSpaceArmada/Content/Geometry/Meshes/humanShip_withBones.uasset'
[2015.09.16-01.29.57:510][708]LogSavePackage: Total save time: 21.733824ms
[2015.09.16-01.29.57:510][708]LogSavePackage:Warning: Finished SavePackage ../../../../../../Users/luisr_000/Documents/Game-Files/SuperSpaceArmada/Content/Geometry/Meshes/humanShip_withBones.uasset
[2015.09.16-01.29.57:520][708]LogSavePackage: Save=3.518312ms
[2015.09.16-01.29.57:520][708]LogSavePackage: Moving '../../../../../../Users/luisr_000/Documents/Game-Files/SuperSpaceArmada/Saved/humanShip_withBones_PhysicsAssetD9C8551F46E1C197E84D9AB87D30EC6B.tmp' to '../../../../../../Users/luisr_000/Documents/Game-Files/SuperSpaceArmada/Content/Geometry/Meshes/humanShip_withBones_PhysicsAsset.uasset'
[2015.09.16-01.29.57:522][708]LogSavePackage: Total save time: 5.450882ms
[2015.09.16-01.29.57:522][708]LogSavePackage:Warning: Finished SavePackage ../../../../../../Users/luisr_000/Documents/Game-Files/SuperSpaceArmada/Content/Geometry/Meshes/humanShip_withBones_PhysicsAsset.uasset
[2015.09.16-01.29.57:531][708]LogSavePackage: Save=3.014535ms
[2015.09.16-01.29.57:531][708]LogSavePackage: Moving '../../../../../../Users/luisr_000/Documents/Game-Files/SuperSpaceArmada/Saved/humanShip_withBones_SkeletonD88FA60F4880DABB3A1EBEAEC6425B4A.tmp' to '../../../../../../Users/luisr_000/Documents/Game-Files/SuperSpaceArmada/Content/Geometry/Meshes/humanShip_withBones_Skeleton.uasset'
[2015.09.16-01.29.57:533][708]LogSavePackage: Total save time: 4.776899ms
[2015.09.16-01.29.57:533][708]LogSavePackage:Warning: Finished SavePackage ../../../../../../Users/luisr_000/Documents/Game-Files/SuperSpaceArmada/Content/Geometry/Meshes/humanShip_withBones_Skeleton.uasset
[2015.09.16-01.30.00:513][875]LogWindowsTextInputMethodSystem:Display: IME system now deactivated.
[2015.09.16-01.30.00:513][875]LogWindowsTextInputMethodSystem:Display: IME system now deactivated.
[2015.09.16-01.30.00:884][876]Cmd: QUIT_EDITOR
[2015.09.16-01.30.01:375][876]LogExit: Preparing to exit.
[2015.09.16-01.30.02:183][876]LogExit: Editor shut down
[2015.09.16-01.30.02:184][876]LogExit: Transaction tracking system shut down
[2015.09.16-01.30.02:184][876]LogParticles: Destroying 0 GPU particle simulations for FXSystem 0x000000D5E51FFE20
[2015.09.16-01.30.02:184][876]LogParticles: Destroying 0 GPU particle simulations for FXSystem 0x000000D5E96E53A0
[2015.09.16-01.30.02:234][876]LogParticles: Destroying 0 GPU particle simulations for FXSystem 0x000000D586F2D3A0
[2015.09.16-01.30.02:234][876]LogParticles: Destroying 0 GPU particle simulations for FXSystem 0x000000D586F2EFC0
[2015.09.16-01.30.02:234][876]LogParticles: Destroying 0 GPU particle simulations for FXSystem 0x000000D5832C0AE0
[2015.09.16-01.30.02:235][876]LogParticles: Destroying 0 GPU particle simulations for FXSystem 0x000000D5832C1620
[2015.09.16-01.30.04:612][876]LogExit: Object subsystem successfully closed.
[2015.09.16-01.30.05:082][876]LogD3D11RHI: Shutdown
[2015.09.16-01.30.05:086][876]LogD3D11RHI: CleanupD3DDevice
[2015.09.16-01.30.05:276][876]LogD3D11RHI: ~FD3D11DynamicRHI
[2015.09.16-01.30.06:366][876]LogModuleManager: Shutting down and abandoning module StatsViewer (197)
[2015.09.16-01.30.06:377][876]LogModuleManager: Shutting down and abandoning module CrashTracker (196)
[2015.09.16-01.30.06:377][876]LogModuleManager: Shutting down and abandoning module SceneOutliner (195)
[2015.09.16-01.30.06:377][876]LogModuleManager: Shutting down and abandoning module SuperSearch (194)
[2015.09.16-01.30.06:377][876]LogModuleManager: Shutting down and abandoning module WidgetCarousel (193)
[2015.09.16-01.30.06:377][876]LogModuleManager: Shutting down and abandoning module AddContentDialog (192)
[2015.09.16-01.30.06:404][876]LogModuleManager: Shutting down and abandoning module EditorWidgets (191)
[2015.09.16-01.30.06:404][876]LogModuleManager: Shutting down and abandoning module CollectionManager (190)
[2015.09.16-01.30.06:416][876]LogModuleManager: Shutting down and abandoning module FoliageEdit (189)
[2015.09.16-01.30.06:422][876]LogModuleManager: Shutting down and abandoning module LandscapeEditor (188)
[2015.09.16-01.30.06:450][876]LogModuleManager: Shutting down and abandoning module ActorPickerMode (187)
[2015.09.16-01.30.06:450][876]LogModuleManager: Shutting down and abandoning module GeometryMode (186)
[2015.09.16-01.30.06:450][876]LogModuleManager: Shutting down and abandoning module TextureAlignMode (185)
[2015.09.16-01.30.06:450][876]LogModuleManager: Shutting down and abandoning module BspMode (184)
[2015.09.16-01.30.06:450][876]LogModuleManager: Shutting down and abandoning module PlacementMode (183)
[2015.09.16-01.30.06:450][876]LogModuleManager: Shutting down and abandoning module AutomationWorker (182)
[2015.09.16-01.30.06:457][876]LogModuleManager: Shutting down and abandoning module CharacterAI (181)
[2015.09.16-01.30.06:457][876]LogModuleManager: Shutting down and abandoning module SmartSnapping (180)
[2015.09.16-01.30.06:457][876]LogModuleManager: Shutting down and abandoning module ViewportSnapping (179)
[2015.09.16-01.30.06:457][876]LogModuleManager: Shutting down and abandoning module LogVisualizer (178)
[2015.09.16-01.30.06:482][876]LogModuleManager: Shutting down and abandoning module GameProjectGeneration (177)
[2015.09.16-01.30.06:494][876]LogModuleManager: Shutting down and abandoning module IntroTutorials (176)
[2015.09.16-01.30.06:504][876]LogModuleManager: Shutting down and abandoning module EditorLiveStreaming (175)
[2015.09.16-01.30.06:504][876]LogModuleManager: Shutting down and abandoning module IOSPlatformEditor (174)
[2015.09.16-01.30.06:512][876]LogModuleManager: Shutting down and abandoning module HTML5PlatformEditor (173)
[2015.09.16-01.30.06:512][876]LogModuleManager: Shutting down and abandoning module AndroidDeviceDetection (172)
[2015.09.16-01.30.06:697][876]LogModuleManager: Shutting down and abandoning module AndroidPlatformEditor (171)
[2015.09.16-01.30.06:697][876]LogModuleManager: Shutting down and abandoning module IOSRuntimeSettings (170)
[2015.09.16-01.30.06:697][876]LogModuleManager: Shutting down and abandoning module AndroidRuntimeSettings (169)
[2015.09.16-01.30.06:697][876]LogModuleManager: Shutting down and abandoning module MergeActors (168)
[2015.09.16-01.30.06:705][876]LogModuleManager: Shutting down and abandoning module SizeMap (167)
[2015.09.16-01.30.06:705][876]LogModuleManager: Shutting down and abandoning module TreeMap (166)
[2015.09.16-01.30.06:717][876]LogModuleManager: Shutting down and abandoning module ReferenceViewer (165)
[2015.09.16-01.30.06:717][876]LogModuleManager: Shutting down and abandoning module LocalizationService (164)
[2015.09.16-01.30.06:725][876]LogModuleManager: Shutting down and abandoning module LocalizationDashboard (163)
[2015.09.16-01.30.06:734][876]LogModuleManager: Shutting down and abandoning module HardwareTargeting (162)
[2015.09.16-01.30.06:734][876]LogModuleManager: Shutting down and abandoning module DeviceProfileEditor (161)
[2015.09.16-01.30.06:734][876]LogModuleManager: Shutting down and abandoning module UndoHistory (160)
[2015.09.16-01.30.06:741][876]LogModuleManager: Shutting down and abandoning module GameplayTagsEditor (159)
[2015.09.16-01.30.06:741][876]LogModuleManager: Shutting down and abandoning module UserFeedback (158)
[2015.09.16-01.30.06:741][876]LogModuleManager: Shutting down and abandoning module XmlParser (157)
[2015.09.16-01.30.06:741][876]LogModuleManager: Shutting down and abandoning module Blutility (156)
[2015.09.16-01.30.06:741][876]LogModuleManager: Shutting down and abandoning module ProjectTargetPlatformEditor (155)
[2015.09.16-01.30.06:749][876]LogModuleManager: Shutting down and abandoning module ProjectSettingsViewer (154)
[2015.09.16-01.30.06:749][876]LogModuleManager: Shutting down and abandoning module InputBindingEditor (153)
[2015.09.16-01.30.06:767][876]LogModuleManager: Shutting down and abandoning module EditorSettingsViewer (152)
[2015.09.16-01.30.06:767][876]LogModuleManager: Shutting down and abandoning module SettingsEditor (151)
[2015.09.16-01.30.06:810][876]LogModuleManager: Shutting down and abandoning module ProjectLauncher (150)
[2015.09.16-01.30.06:841][876]LogModuleManager: Shutting down and abandoning module SessionFrontend (149)
[2015.09.16-01.30.06:850][876]LogModuleManager: Shutting down and abandoning module ProfilerClient (148)
[2015.09.16-01.30.06:857][876]LogModuleManager: Shutting down and abandoning module TargetDeviceServices (147)
[2015.09.16-01.30.06:857][876]LogModuleManager: Shutting down and abandoning module DeviceManager (146)
[2015.09.16-01.30.06:870][876]LogModuleManager: Shutting down and abandoning module AutomationController (145)
[2015.09.16-01.30.06:882][876]LogModuleManager: Shutting down and abandoning module AutomationWindow (144)
[2015.09.16-01.30.06:901][876]LogModuleManager: Shutting down and abandoning module Layers (143)
[2015.09.16-01.30.06:923][876]LogModuleManager: Shutting down and abandoning module ComponentVisualizers (142)
[2015.09.16-01.30.06:923][876]LogModuleManager: Shutting down and abandoning module DetailCustomizations (141)
[2015.09.16-01.30.06:960][876]LogModuleManager: Shutting down and abandoning module PackagesDialog (140)
[2015.09.16-01.30.07:009][876]LogModuleManager: Shutting down and abandoning module Persona (139)
[2015.09.16-01.30.07:009][876]LogModuleManager: Shutting down and abandoning module Kismet (138)
[2015.09.16-01.30.07:023][876]LogModuleManager: Shutting down and abandoning module GraphEditor (137)
[2015.09.16-01.30.07:056][876]LogModuleManager: Shutting down and abandoning module ClassViewer (136)
[2015.09.16-01.30.07:069][876]LogModuleManager: Shutting down and abandoning module Toolbox (135)
[2015.09.16-01.30.07:069][876]LogModuleManager: Shutting down and abandoning module ModuleUI (134)
[2015.09.16-01.30.07:092][876]LogModuleManager: Shutting down and abandoning module MovieSceneTools (133)
[2015.09.16-01.30.07:092][876]LogModuleManager: Shutting down and abandoning module OutputLog (132)
[2015.09.16-01.30.07:118][876]LogModuleManager: Shutting down and abandoning module GammaUI (131)
[2015.09.16-01.30.07:134][876]LogModuleManager: Shutting down and abandoning module Documentation (130)
[2015.09.16-01.30.07:134][876]LogModuleManager: Shutting down and abandoning module GameLiveStreaming (129)
[2015.09.16-01.30.07:144][876]LogModuleManager: Shutting down and abandoning module StreamingPauseRendering (128)
[2015.09.16-01.30.07:144][876]LogModuleManager: Shutting down and abandoning module AnalyticsET (127)
[2015.09.16-01.30.07:144][876]LogModuleManager: Shutting down and abandoning module Analytics (126)
[2015.09.16-01.30.07:144][876]LogModuleManager: Shutting down and abandoning module AITestSuite (125)
[2015.09.16-01.30.07:154][876]LogModuleManager: Shutting down and abandoning module GameplayDebugger (124)
[2015.09.16-01.30.07:154][876]LogModuleManager: Shutting down and abandoning module AIModule (123)
[2015.09.16-01.30.07:158][876]LogModuleManager: Shutting down and abandoning module ProfilerService (122)
[2015.09.16-01.30.07:355][876]LogModuleManager: Shutting down and abandoning module TaskGraph (121)
[2015.09.16-01.30.07:372][876]LogModuleManager: Shutting down and abandoning module SlateRemote (120)
[2015.09.16-01.30.07:372][876]LogModuleManager: Shutting down and abandoning module SteamVRController (119)
[2015.09.16-01.30.07:372][876]LogModuleManager: Shutting down and abandoning module SteamVR (118)
[2015.09.16-01.30.07:372][876]LogModuleManager: Shutting down and abandoning module ProceduralMeshComponent (117)
[2015.09.16-01.30.07:372][876]LogModuleManager: Shutting down and abandoning module OculusRift (116)
[2015.09.16-01.30.07:372][876]LogModuleManager: Shutting down and abandoning module OculusLibrary (115)
[2015.09.16-01.30.07:372][876]LogModuleManager: Shutting down and abandoning module LeapMotionController (114)
[2015.09.16-01.30.07:412][876]LogModuleManager: Shutting down and abandoning module CustomMeshComponent (113)
[2015.09.16-01.30.07:428][876]LogModuleManager: Shutting down and abandoning module CableComponent (112)
[2015.09.16-01.30.07:428][876]LogModuleManager: Shutting down and abandoning module ArchVisCharacter (111)
[2015.09.16-01.30.07:428][876]LogModuleManager: Shutting down and abandoning module MessagingDebugger (110)
[2015.09.16-01.30.07:462][876]LogModuleManager: Shutting down and abandoning module MediaPlayerEditor (109)
[2015.09.16-01.30.07:476][876]LogModuleManager: Shutting down and abandoning module HTML5Networking (108)
[2015.09.16-01.30.07:476][876]LogModuleManager: Shutting down and abandoning module SpeedTreeImporter (107)
[2015.09.16-01.30.07:476][876]LogModuleManager: Shutting down and abandoning module PluginBrowser (106)
[2015.09.16-01.30.07:486][876]LogModuleManager: Shutting down and abandoning module EpicSurvey (105)
[2015.09.16-01.30.07:486][876]LogModuleManager: Shutting down and abandoning module DesktopPlatform (104)
[2015.09.16-01.30.07:497][876]LogModuleManager: Shutting down and abandoning module VisualStudioSourceCodeAccess (103)
[2015.09.16-01.30.07:497][876]LogModuleManager: Shutting down and abandoning module UObjectPlugin (102)
[2015.09.16-01.30.07:497][876]LogModuleManager: Shutting down and abandoning module SubversionSourceControl (101)
[2015.09.16-01.30.07:510][876]LogModuleManager: Shutting down and abandoning module PerforceSourceControl (100)
[2015.09.16-01.30.07:519][876]LogModuleManager: Shutting down and abandoning module SourceControl (99)
[2015.09.16-01.30.07:527][876]LogModuleManager: Shutting down and abandoning module GitSourceControl (98)
[2015.09.16-01.30.07:534][876]LogModuleManager: Shutting down and abandoning module LightPropagationVolumeEditor (97)
[2015.09.16-01.30.07:534][876]LogModuleManager: Shutting down and abandoning module PaperTiledImporter (96)
[2015.09.16-01.30.07:544][876]LogModuleManager: Shutting down and abandoning module PaperSpriteSheetImporter (95)
[2015.09.16-01.30.07:552][876]LogModuleManager: Shutting down and abandoning module MeshPaint (94)
[2015.09.16-01.30.07:558][876]LogModuleManager: Shutting down and abandoning module SlateReflector (93)
[2015.09.16-01.30.07:577][876]LogModuleManager: Shutting down and abandoning module HotReload (92)
[2015.09.16-01.30.07:593][876]LogModuleManager: Shutting down and abandoning module MainFrame (91)
[2015.09.16-01.30.07:593][876]LogModuleManager: Shutting down and abandoning module LevelEditor (90)
[2015.09.16-01.30.07:597][876]LogModuleManager: Shutting down and abandoning module DirectoryWatcher (89)
[2015.09.16-01.30.07:598][876]LogModuleManager: Shutting down and abandoning module AssetRegistry (88)
[2015.09.16-01.30.07:723][876]LogModuleManager: Shutting down and abandoning module ContentBrowser (87)
[2015.09.16-01.30.07:723][876]LogModuleManager: Shutting down and abandoning module Paper2DEditor (86)
[2015.09.16-01.30.07:744][876]LogModuleManager: Shutting down and abandoning module UdpMessaging (85)
[2015.09.16-01.30.07:845][876]LogModuleManager: Shutting down and abandoning module LightPropagationVolumeRuntime (84)
[2015.09.16-01.30.07:845][876]LogModuleManager: Shutting down and abandoning module Paper2D (83)
[2015.09.16-01.30.07:851][876]LogModuleManager: Shutting down and abandoning module WindowsMoviePlayer (82)
[2015.09.16-01.30.07:867][876]LogModuleManager: Shutting down and abandoning module Media (81)
[2015.09.16-01.30.07:867][876]LogModuleManager: Shutting down and abandoning module WmfMedia (80)
[2015.09.16-01.30.07:868][876]LogModuleManager: Shutting down and abandoning module OnlineBlueprintSupport (79)
[2015.09.16-01.30.07:868][876]LogModuleManager: Shutting down and abandoning module GameplayTasksEditor (78)
[2015.09.16-01.30.07:868][876]LogModuleManager: Shutting down and abandoning module PropertyEditor (77)
[2015.09.16-01.30.07:868][876]LogModuleManager: Shutting down and abandoning module BehaviorTreeEditor (76)
[2015.09.16-01.30.07:884][876]LogModuleManager: Shutting down and abandoning module FunctionalTesting (75)
[2015.09.16-01.30.07:884][876]LogModuleManager: Shutting down and abandoning module CollisionAnalyzer (74)
[2015.09.16-01.30.07:910][876]LogModuleManager: Shutting down and abandoning module WorkspaceMenuStructure (73)
[2015.09.16-01.30.07:910][876]LogModuleManager: Shutting down and abandoning module MessageLog (72)
[2015.09.16-01.30.07:910][876]LogModuleManager: Shutting down and abandoning module Sequencer (71)
[2015.09.16-01.30.07:923][876]LogModuleManager: Shutting down and abandoning module AssetTools (70)
[2015.09.16-01.30.07:952][876]LogModuleManager: Shutting down and abandoning module UMGEditor (69)
[2015.09.16-01.30.07:970][876]LogModuleManager: Shutting down and abandoning module UMG (68)
[2015.09.16-01.30.07:980][876]LogModuleManager: Shutting down and abandoning module Slate (67)
[2015.09.16-01.30.07:980][876]LogModuleManager: Shutting down and abandoning module EditorStyle (66)
[2015.09.16-01.30.07:982][876]LogModuleManager: Shutting down and abandoning module SessionServices (65)
[2015.09.16-01.30.07:982][876]LogModuleManager: Shutting down and abandoning module SourceCodeAccess (64)
[2015.09.16-01.30.07:982][876]LogModuleManager: Shutting down and abandoning module HeadMountedDisplay (63)
[2015.09.16-01.30.07:982][876]LogModuleManager: Shutting down and abandoning module XAudio2 (62)
[2015.09.16-01.30.07:982][876]LogModuleManager: Shutting down and abandoning module Networking (60)
[2015.09.16-01.30.07:982][876]LogModuleManager: Shutting down and abandoning module Core (59)
[2015.09.16-01.30.07:982][876]LogModuleManager: Shutting down and abandoning module KismetCompiler (58)
[2015.09.16-01.30.07:982][876]LogModuleManager: Shutting down and abandoning module PhysXFormats (57)
[2015.09.16-01.30.07:982][876]LogModuleManager: Shutting down and abandoning module MeshUtilities (56)
[2015.09.16-01.30.07:993][876]LogModuleManager: Shutting down and abandoning module CookingStats (55)
[2015.09.16-01.30.07:994][876]LogModuleManager: Shutting down and abandoning module DerivedDataCache (54)
[2015.09.16-01.30.08:019][876]LogDerivedDataCache: Shutdown
[2015.09.16-01.30.08:019][876]LogModuleManager: Shutting down and abandoning module ShaderFormatOpenGL (53)
[2015.09.16-01.30.08:021][876]LogModuleManager: Shutting down and abandoning module ShaderFormatD3D (52)
[2015.09.16-01.30.08:021][876]LogModuleManager: Shutting down and abandoning module MetalShaderFormat (51)
[2015.09.16-01.30.08:036][876]LogModuleManager: Shutting down and abandoning module TextureFormatUncompressed (50)
[2015.09.16-01.30.08:036][876]LogModuleManager: Shutting down and abandoning module TextureFormatPVR (49)
[2015.09.16-01.30.08:036][876]LogModuleManager: Shutting down and abandoning module TextureFormatIntelISPCTexComp (48)
[2015.09.16-01.30.08:036][876]LogModuleManager: Shutting down and abandoning module TextureFormatDXT (47)
[2015.09.16-01.30.08:036][876]LogModuleManager: Shutting down and abandoning module ImageWrapper (46)
[2015.09.16-01.30.08:036][876]LogModuleManager: Shutting down and abandoning module TextureFormatASTC (45)
[2015.09.16-01.30.08:036][876]LogModuleManager: Shutting down and abandoning module TextureFormatAndroid (44)
[2015.09.16-01.30.08:036][876]LogModuleManager: Shutting down and abandoning module AudioFormatOpus (43)
[2015.09.16-01.30.08:049][876]LogModuleManager: Shutting down and abandoning module AudioFormatOgg (42)
[2015.09.16-01.30.08:049][876]LogModuleManager: Shutting down and abandoning module AudioFormatADPCM (41)
[2015.09.16-01.30.08:049][876]LogModuleManager: Shutting down and abandoning module LinuxTargetPlatform (40)
[2015.09.16-01.30.08:049][876]LogModuleManager: Shutting down and abandoning module LinuxServerTargetPlatform (39)
[2015.09.16-01.30.08:062][876]LogModuleManager: Shutting down and abandoning module LinuxNoEditorTargetPlatform (38)
[2015.09.16-01.30.08:081][876]LogModuleManager: Shutting down and abandoning module Messaging (37)
[2015.09.16-01.30.08:081][876]LogModuleManager: Shutting down and abandoning module IOSTargetPlatform (36)
[2015.09.16-01.30.08:081][876]LogModuleManager: Shutting down and abandoning module HTML5TargetPlatform (35)
[2015.09.16-01.30.08:081][876]LogModuleManager: Shutting down and abandoning module Android_PVRTCTargetPlatform (34)
[2015.09.16-01.30.08:094][876]LogModuleManager: Shutting down and abandoning module Android_ETC2TargetPlatform (33)
[2015.09.16-01.30.08:096][876]LogModuleManager: Shutting down and abandoning module Android_ETC1TargetPlatform (32)
[2015.09.16-01.30.08:103][876]LogModuleManager: Shutting down and abandoning module Android_DXTTargetPlatform (31)
[2015.09.16-01.30.08:107][876]LogModuleManager: Shutting down and abandoning module Android_ATCTargetPlatform (30)
[2015.09.16-01.30.08:112][876]LogModuleManager: Shutting down and abandoning module Android_ASTCTargetPlatform (29)
[2015.09.16-01.30.08:123][876]LogModuleManager: Shutting down and abandoning module AndroidTargetPlatform (28)
[2015.09.16-01.30.08:128][876]LogModuleManager: Shutting down and abandoning module WindowsTargetPlatform (27)
[2015.09.16-01.30.08:128][876]LogModuleManager: Shutting down and abandoning module WindowsServerTargetPlatform (26)
[2015.09.16-01.30.08:139][876]LogModuleManager: Shutting down and abandoning module WindowsNoEditorTargetPlatform (25)
[2015.09.16-01.30.08:151][876]LogModuleManager: Shutting down and abandoning module WindowsClientTargetPlatform (24)
[2015.09.16-01.30.08:169][876]LogModuleManager: Shutting down and abandoning module AllDesktopTargetPlatform (23)
[2015.09.16-01.30.08:169][876]LogModuleManager: Shutting down and abandoning module TargetPlatform (22)
[2015.09.16-01.30.08:169][876]LogModuleManager: Shutting down and abandoning module InputCore (21)
[2015.09.16-01.30.08:169][876]LogModuleManager: Shutting down and abandoning module Settings (20)
[2015.09.16-01.30.08:169][876]LogModuleManager: Shutting down and abandoning module OnlineSubsystem (18)
[2015.09.16-01.30.08:169][876]LogModuleManager: Shutting down and abandoning module HTTP (17)
[2015.09.16-01.30.09:169][876]LogModuleManager: Shutting down and abandoning module XMPP (16)
[2015.09.16-01.30.09:210][876]LogModuleManager: Shutting down and abandoning module ExampleDeviceProfileSelector (15)
[2015.09.16-01.30.09:210][876]LogModuleManager: Shutting down and abandoning module TextureCompressor (14)
[2015.09.16-01.30.09:220][876]LogModuleManager: Shutting down and abandoning module ShaderCore (13)
[2015.09.16-01.30.09:220][876]LogModuleManager: Shutting down and abandoning module Landscape (12)
[2015.09.16-01.30.09:220][876]LogModuleManager: Shutting down and abandoning module SlateRHIRenderer (11)
[2015.09.16-01.30.09:242][876]LogModuleManager: Shutting down and abandoning module OpenGLDrv (10)
[2015.09.16-01.30.09:255][876]LogModuleManager: Shutting down and abandoning module D3D11RHI (9)
[2015.09.16-01.30.09:255][876]LogModuleManager: Shutting down and abandoning module AnimGraphRuntime (8)
[2015.09.16-01.30.09:264][876]LogModuleManager: Shutting down and abandoning module Renderer (7)
[2015.09.16-01.30.09:264][876]LogModuleManager: Shutting down and abandoning module Engine (6)
[2015.09.16-01.30.09:264][876]LogModuleManager: Shutting down and abandoning module CoreUObject (5)
[2015.09.16-01.30.09:264][876]LogModuleManager: Shutting down and abandoning module NetworkFile (4)
[2015.09.16-01.30.09:272][876]LogModuleManager: Shutting down and abandoning module StreamingFile (3)
[2015.09.16-01.30.09:272][876]LogModuleManager: Shutting down and abandoning module SandboxFile (2)
[2015.09.16-01.30.09:285][876]LogModuleManager: Shutting down and abandoning module PakFile (1)
[2015.09.16-01.30.09:306][876]LogExit: Exiting.
[2015.09.16-01.30.09:333][876]Log file closed, 09/15/15 21:30:09
