[2015.12.10-18.43.55:996][  0]Log file open, 12/10/15 13:43:55
[2015.12.10-18.43.55:996][  0]LogInit:Display: Running engine for game: SuperSpaceArmada
[2015.12.10-18.43.55:996][  0]LogInit:Display: RandInit(1727137295) SRandInit(1727137295).
[2015.12.10-18.43.55:996][  0]LogTaskGraph: Started task graph with 4 named threads and 7 total threads.
[2015.12.10-18.43.55:996][  0]LogStats: Stats thread started at 0.065248
[2015.12.10-18.43.55:996][  0]LogInit: Version: 4.9.1-2689999+++depot+UE4-Releases+4.9
[2015.12.10-18.43.55:996][  0]LogInit: API Version: 2672455
[2015.12.10-18.43.55:996][  0]LogInit: Compiled (64-bit): Sep 14 2015 04:12:03
[2015.12.10-18.43.55:996][  0]LogInit: Compiled with Visual C++: 18.00.21005.01
[2015.12.10-18.43.55:996][  0]LogInit: Build Configuration: Development
[2015.12.10-18.43.55:996][  0]LogInit: Branch Name: ++depot+UE4-Releases+4.9
[2015.12.10-18.43.55:996][  0]LogInit: Command line:  /Temp/Autosaves/Game/SSA/Maps/UEDPCShip_Selection -game -PIEVIACONSOLE -ResX=1280 -ResY=720  -Multiprocess 
[2015.12.10-18.43.55:996][  0]LogInit: Base directory: F:/Program Files/Unreal/Epic Games/4.9/Engine/Binaries/Win64/
[2015.12.10-18.43.55:996][  0]LogInit: Rocket: 1
[2015.12.10-18.43.56:003][  0]LogInit: Using libcurl 7.41.0
[2015.12.10-18.43.56:003][  0]LogInit:  - built for x86_64-pc-win32
[2015.12.10-18.43.56:003][  0]LogInit:  - supports SSL with WinSSL
[2015.12.10-18.43.56:003][  0]LogInit:  - other features:
[2015.12.10-18.43.56:003][  0]LogInit:      CURL_VERSION_SSL
[2015.12.10-18.43.56:003][  0]LogInit:      CURL_VERSION_IPV6
[2015.12.10-18.43.56:003][  0]LogInit:      CURL_VERSION_ASYNCHDNS
[2015.12.10-18.43.56:003][  0]LogInit:      CURL_VERSION_LARGEFILE
[2015.12.10-18.43.56:003][  0]LogInit:      CURL_VERSION_IDN
[2015.12.10-18.43.56:003][  0]LogInit:  CurlRequestOptions (configurable via config and command line):
[2015.12.10-18.43.56:003][  0]LogInit:  - bVerifyPeer = true  - Libcurl will verify peer certificate
[2015.12.10-18.43.56:003][  0]LogInit:  - bUseHttpProxy = false  - Libcurl will NOT use HTTP proxy
[2015.12.10-18.43.56:003][  0]LogInit:  - bDontReuseConnections = false  - Libcurl will reuse connections
[2015.12.10-18.43.56:003][  0]LogInit:  - CertBundlePath = nullptr  - Libcurl will use whatever was configured at build time.
[2015.12.10-18.43.56:010][  0]LogInit: Presizing for 0 objects not considered by GC, pre-allocating 0 bytes.
[2015.12.10-18.43.56:014][  0]LogInit: Object subsystem initialized
[2015.12.10-18.43.56:015][  0]LogInit: Selected Device Profile: [Windows]
[2015.12.10-18.43.56:015][  0]LogInit: Applying CVar settings loaded from the selected device profile: [Windows]
[2015.12.10-18.43.56:017][  0]LogInit: Computer: ANDREW_2015
[2015.12.10-18.43.56:017][  0]LogInit: User: aehrlich92
[2015.12.10-18.43.56:017][  0]LogInit: CPU Page size=4096, Cores=4
[2015.12.10-18.43.56:017][  0]LogInit: High frequency timer resolution =3.984641 MHz
[2015.12.10-18.43.56:017][  0]LogMemory: Memory total: Physical=15.9GB (16GB approx)
[2015.12.10-18.43.56:017][  0]LogMemory: Platform Memory Stats for Windows
[2015.12.10-18.43.56:017][  0]LogMemory: Process Physical Memory: 55.86 MB used, 55.86 MB peak
[2015.12.10-18.43.56:017][  0]LogMemory: Process Virtual Memory: 57.34 MB used, 57.34 MB peak
[2015.12.10-18.43.56:017][  0]LogMemory: Physical Memory: 8145.64 MB used, 16322.88 MB total
[2015.12.10-18.43.56:017][  0]LogMemory: Virtual Memory: 367.50 MB used, 134217728.00 MB total
[2015.12.10-18.43.56:058][  0]LogTextLocalizationManager: No specific translations for ('en-US') exist, so ('en') translations will be used.
[2015.12.10-18.43.56:512][  0]LogD3D11RHI: Found D3D11 adapter 0: NVIDIA GeForce GTX 960 (Feature Level 11_0)
[2015.12.10-18.43.56:512][  0]LogD3D11RHI: Adapter has 1969MB of dedicated video memory, 0MB of dedicated system memory, and 8161MB of shared system memory, 3 output[s]
[2015.12.10-18.43.56:514][  0]LogD3D11RHI: Found D3D11 adapter 1: Microsoft Basic Render Driver (Feature Level 11_0)
[2015.12.10-18.43.56:514][  0]LogD3D11RHI: Adapter has 0MB of dedicated video memory, 0MB of dedicated system memory, and 8161MB of shared system memory, 0 output[s]
[2015.12.10-18.43.56:514][  0]LogD3D11RHI: Chosen D3D11 Adapter Id = 0
[2015.12.10-18.43.56:518][  0]LogD3D11RHI: !Direct3DDevice
[2015.12.10-18.43.56:518][  0]LogRHI: Texture pool is 1361 MB (70% of 1945 MB)
[2015.12.10-18.43.56:527][  0]LogD3D11RHI: Async texture creation enabled
[2015.12.10-18.43.56:541][  0]LogShaderCompilers: Guid format shader working directory is 14 characters bigger than the processId version (../../../../../../../My Media/UCF Documents/DIG 4725/Game-Files/SuperSpaceArmada/Intermediate/Shaders/WorkingDirectory/18496/).
[2015.12.10-18.43.56:542][  0]LogShaderCompilers: Cleaned the shader compiler working directory '../../../../../../../My Media/UCF Documents/DIG 4725/Game-Files/SuperSpaceArmada/Intermediate/Shaders/tmp/407E79C6418C72E3C81BF4A00DB01FF3/'.
[2015.12.10-18.43.56:542][  0]LogShaderCompilers:Display: Using Local Shader Compiler.
[2015.12.10-18.43.57:279][  0]LogTemp:Display: Loaded TP AllDesktopTargetPlatform
[2015.12.10-18.43.57:283][  0]LogTemp:Display: Loaded TP WindowsClientTargetPlatform
[2015.12.10-18.43.57:287][  0]LogTemp:Display: Loaded TP WindowsNoEditorTargetPlatform
[2015.12.10-18.43.57:291][  0]LogTemp:Display: Loaded TP WindowsServerTargetPlatform
[2015.12.10-18.43.57:295][  0]LogTemp:Display: Loaded TP WindowsTargetPlatform
[2015.12.10-18.43.57:298][  0]LogTemp:Display: Loaded TP AndroidTargetPlatform
[2015.12.10-18.43.57:301][  0]LogTemp:Display: Loaded TP Android_ASTCTargetPlatform
[2015.12.10-18.43.57:304][  0]LogTemp:Display: Loaded TP Android_ATCTargetPlatform
[2015.12.10-18.43.57:306][  0]LogTemp:Display: Loaded TP Android_DXTTargetPlatform
[2015.12.10-18.43.57:310][  0]LogTemp:Display: Loaded TP Android_ETC1TargetPlatform
[2015.12.10-18.43.57:313][  0]LogTemp:Display: Loaded TP Android_ETC2TargetPlatform
[2015.12.10-18.43.57:316][  0]LogTemp:Display: Loaded TP Android_PVRTCTargetPlatform
[2015.12.10-18.43.57:317][  0]LogTemp:Display: Loaded TP HTML5TargetPlatform
[2015.12.10-18.43.57:333][  0]LogTemp:Display: Loaded TP IOSTargetPlatform
[2015.12.10-18.43.57:336][  0]LogTemp:Display: Loaded TP LinuxNoEditorTargetPlatform
[2015.12.10-18.43.57:340][  0]LogTemp:Display: Loaded TP LinuxServerTargetPlatform
[2015.12.10-18.43.57:343][  0]LogTemp:Display: Loaded TP LinuxTargetPlatform
[2015.12.10-18.43.57:343][  0]LogTargetPlatformManager:Display: Building Assets For Windows
[2015.12.10-18.43.57:405][  0]LogDerivedDataCache:Display: Max Cache Size: 512 MB
[2015.12.10-18.43.57:435][  0]LogDerivedDataCache: Loaded boot cache 0.03s 41MB C:/Users/aehrlich92/AppData/Local/UnrealEngine/4.9/DerivedDataCache/Boot.ddc.
[2015.12.10-18.43.57:435][  0]LogDerivedDataCache:Display: Loaded Boot cache: C:/Users/aehrlich92/AppData/Local/UnrealEngine/4.9/DerivedDataCache/Boot.ddc
[2015.12.10-18.43.57:435][  0]LogDerivedDataCache: FDerivedDataBackendGraph:  Pak pak cache file ../../../../../../../My Media/UCF Documents/DIG 4725/Game-Files/SuperSpaceArmada/DerivedDataCache/DDC.ddp not found, will not use a pak cache.
[2015.12.10-18.43.57:435][  0]LogDerivedDataCache: Unable to find inner node Pak for hierarchical cache Hierarchy.
[2015.12.10-18.43.57:435][  0]LogDerivedDataCache: FDerivedDataBackendGraph:  CompressedPak pak cache file ../../../../../../../My Media/UCF Documents/DIG 4725/Game-Files/SuperSpaceArmada/DerivedDataCache/Compressed.ddp not found, will not use a pak cache.
[2015.12.10-18.43.57:435][  0]LogDerivedDataCache: Unable to find inner node CompressedPak for hierarchical cache Hierarchy.
[2015.12.10-18.43.57:531][  0]LogDerivedDataCache:Display: Pak cache opened for reading ../../../Engine/DerivedDataCache/Compressed.ddp.
[2015.12.10-18.43.57:543][  0]LogDerivedDataCache: Using Local data cache path C:/Users/aehrlich92/AppData/Local/UnrealEngine/Common/DerivedDataCache: Writable
[2015.12.10-18.43.57:655][  0]LogInit: Selected Device Profile: [Windows]
[2015.12.10-18.43.57:657][  0]LogContentStreaming: Texture pool size is 1000.000000MB
[2015.12.10-18.43.57:734][  0]LogMeshUtilities: No automatic mesh reduction module available
[2015.12.10-18.43.57:734][  0]LogMeshUtilities: No automatic mesh merging module available
[2015.12.10-18.43.57:893][  0]LogInit: WinSock: version 1.1 (2.2), MaxSocks=32767, MaxUdp=65467
[2015.12.10-18.43.58:091][  0]LogWindowsMoviePlayer: Unable to load movie: ../../../../../../../My Media/UCF Documents/DIG 4725/Game-Files/SuperSpaceArmada/Content/Movies/Default_Startup.mp4
[2015.12.10-18.43.58:153][  0]LogAssetRegistry: FAssetRegistry took 0.0001 seconds to start up
[2015.12.10-18.43.58:169][  0]SourceControl: Info Source control is disabled
[2015.12.10-18.43.58:169][  0]SourceControl: Info Source control is disabled
[2015.12.10-18.43.58:175][  0]SourceControl: Info Source control is disabled
[2015.12.10-18.43.58:227][  0]LogLinker:Warning: Asset '../../../Engine/Plugins/Runtime/LeapMotionController/Content/LM_PassthroughMaterial.uasset' has been saved with empty engine version. The asset will be loaded but may be incompatible.
[2015.12.10-18.43.58:274][  0]LogObj: 27801 objects as part of root set at end of initial load.
[2015.12.10-18.43.58:274][  0]LogUObjectAllocator: 5798192 out of 0 bytes used by permanent object pool.
[2015.12.10-18.43.58:315][  0]LogEngine: Initializing Engine...
[2015.12.10-18.43.58:316][  0]LogHMD: Can't find Oculus library dev build: is proper Runtime installed? Version: 0.7.0.0
[2015.12.10-18.43.58:317][  0]LogHMD: SteamVR failed to initialize.  Err: 110
[2015.12.10-18.43.58:398][  0]LogInit: XAudio2 using 'Speakers (Realtek High Definition Audio)' : 8 channels at 48 kHz using 32 bits per sample (channel mask 0x63f)
[2015.12.10-18.43.58:408][  0]LogInit: FAudioDevice initialized.
[2015.12.10-18.43.58:409][  0]LogInit: Texture streaming: Enabled
[2015.12.10-18.43.58:585][  0]LogLinker:Warning: Asset '../../../../../../../My Media/UCF Documents/DIG 4725/Game-Files/SuperSpaceArmada/Content/Mannequin/Animations/ThirdPerson_AnimBP.uasset' has been saved with empty engine version. The asset will be loaded but may be incompatible.
[2015.12.10-18.43.58:586][  0]LogLinker:Warning: Asset '../../../../../../../My Media/UCF Documents/DIG 4725/Game-Files/SuperSpaceArmada/Content/Mannequin/Animations/ThirdPerson_Jump.uasset' has been saved with empty engine version. The asset will be loaded but may be incompatible.
[2015.12.10-18.43.58:587][  0]LogLinker:Warning: Asset '../../../../../../../My Media/UCF Documents/DIG 4725/Game-Files/SuperSpaceArmada/Content/Mannequin/Animations/ThirdPersonJump_Loop.uasset' has been saved with empty engine version. The asset will be loaded but may be incompatible.
[2015.12.10-18.43.58:587][  0]LogLinker:Warning: Asset '../../../../../../../My Media/UCF Documents/DIG 4725/Game-Files/SuperSpaceArmada/Content/Mannequin/Animations/ThirdPersonJump_Start.uasset' has been saved with empty engine version. The asset will be loaded but may be incompatible.
[2015.12.10-18.43.58:587][  0]LogLinker:Warning: Asset '../../../../../../../My Media/UCF Documents/DIG 4725/Game-Files/SuperSpaceArmada/Content/Mannequin/Animations/ThirdPerson_IdleRun_2D.uasset' has been saved with empty engine version. The asset will be loaded but may be incompatible.
[2015.12.10-18.43.58:597][  0]LogLinker:Warning: Asset '../../../../../../../My Media/UCF Documents/DIG 4725/Game-Files/SuperSpaceArmada/Content/Mannequin/Animations/ThirdPersonIdle.uasset' has been saved with empty engine version. The asset will be loaded but may be incompatible.
[2015.12.10-18.43.58:598][  0]LogLinker:Warning: Asset '../../../../../../../My Media/UCF Documents/DIG 4725/Game-Files/SuperSpaceArmada/Content/Mannequin/Animations/ThirdPersonWalk.uasset' has been saved with empty engine version. The asset will be loaded but may be incompatible.
[2015.12.10-18.43.58:598][  0]LogLinker:Warning: Asset '../../../../../../../My Media/UCF Documents/DIG 4725/Game-Files/SuperSpaceArmada/Content/Mannequin/Animations/ThirdPersonRun.uasset' has been saved with empty engine version. The asset will be loaded but may be incompatible.
[2015.12.10-18.44.00:776][  0]LogNet: Browse: /Temp/Autosaves/Game/SSA/Maps/UEDPCShip_Selection?Name=Player
[2015.12.10-18.44.00:777][  0]LogLoad: LoadMap: /Temp/Autosaves/Game/SSA/Maps/UEDPCShip_Selection?Name=Player
[2015.12.10-18.44.00:851][  0]LogParticles: Destroying 0 GPU particle simulations for FXSystem 0x000000F650534220
[2015.12.10-18.44.00:897][  0]LogMemory: Platform Memory Stats for Windows
[2015.12.10-18.44.00:897][  0]LogMemory: Process Physical Memory: 540.34 MB used, 540.34 MB peak
[2015.12.10-18.44.00:897][  0]LogMemory: Process Virtual Memory: 615.83 MB used, 615.83 MB peak
[2015.12.10-18.44.00:897][  0]LogMemory: Physical Memory: 8556.61 MB used, 16322.88 MB total
[2015.12.10-18.44.00:897][  0]LogMemory: Virtual Memory: 1149.37 MB used, 134217728.00 MB total
[2015.12.10-18.44.00:897][  0]LogMemory: 
[2015.12.10-18.44.00:897][  0]Allocator Stats for TBB: (not implemented)
[2015.12.10-18.44.01:352][  0]LogAIModule: Creating AISystem for world Ship_Selection
[2015.12.10-18.44.01:368][  0]LogWorld: Game class is 'TopDownGameMode_C'
[2015.12.10-18.44.01:369][  0]LogWorld: Bringing World /Temp/Autosaves/Game/SSA/Maps/UEDPCShip_Selection.Ship_Selection up for play (max tick rate 0) at 2015.12.10-13.44.01
[2015.12.10-18.44.01:370][  0]LogWorld: Bringing up level for play took: 0.001002
[2015.12.10-18.44.01:373][  0]LogInit:Display: Game Engine Initialized.
[2015.12.10-18.44.01:592][  0]LogLoad: Full Startup: 5.85 seconds (BP compile: 0.82 seconds)
[2015.12.10-18.44.01:636][  0]LogWindowsTextInputMethodSystem:Display: IME system now deactivated.
[2015.12.10-18.44.01:639][  0]LogEngine: All Windows Closed
[2015.12.10-18.44.01:639][  0]LogWindows: FPlatformMisc::RequestExit(0)
[2015.12.10-18.44.02:320][  1]LogExit: Preparing to exit.
[2015.12.10-18.44.02:406][  1]LogExit: Game engine shut down
[2015.12.10-18.44.02:531][  1]LogParticles: Destroying 0 GPU particle simulations for FXSystem 0x000000F63B67BE20
[2015.12.10-18.44.02:531][  1]LogExit: Object subsystem successfully closed.
[2015.12.10-18.44.02:549][  1]LogD3D11RHI: Shutdown
[2015.12.10-18.44.02:549][  1]LogD3D11RHI: CleanupD3DDevice
[2015.12.10-18.44.02:567][  1]LogD3D11RHI: ~FD3D11DynamicRHI
[2015.12.10-18.44.02:573][  1]LogModuleManager: Shutting down and abandoning module AutomationController (116)
[2015.12.10-18.44.02:573][  1]LogModuleManager: Shutting down and abandoning module AutomationWorker (115)
[2015.12.10-18.44.02:573][  1]LogModuleManager: Shutting down and abandoning module CharacterAI (114)
[2015.12.10-18.44.02:573][  1]LogModuleManager: Shutting down and abandoning module AITestSuite (113)
[2015.12.10-18.44.02:573][  1]LogModuleManager: Shutting down and abandoning module GameplayDebugger (112)
[2015.12.10-18.44.02:573][  1]LogModuleManager: Shutting down and abandoning module AIModule (111)
[2015.12.10-18.44.02:573][  1]LogModuleManager: Shutting down and abandoning module GameLiveStreaming (110)
[2015.12.10-18.44.02:573][  1]LogModuleManager: Shutting down and abandoning module StreamingPauseRendering (109)
[2015.12.10-18.44.02:573][  1]LogModuleManager: Shutting down and abandoning module ProfilerService (108)
[2015.12.10-18.44.02:786][  1]LogModuleManager: Shutting down and abandoning module TaskGraph (107)
[2015.12.10-18.44.02:786][  1]LogModuleManager: Shutting down and abandoning module SlateRemote (106)
[2015.12.10-18.44.02:786][  1]LogModuleManager: Shutting down and abandoning module SteamVRController (105)
[2015.12.10-18.44.02:786][  1]LogModuleManager: Shutting down and abandoning module SteamVR (104)
[2015.12.10-18.44.02:786][  1]LogModuleManager: Shutting down and abandoning module ProceduralMeshComponent (103)
[2015.12.10-18.44.02:786][  1]LogModuleManager: Shutting down and abandoning module OculusRift (102)
[2015.12.10-18.44.02:786][  1]LogModuleManager: Shutting down and abandoning module OculusLibrary (101)
[2015.12.10-18.44.02:786][  1]LogModuleManager: Shutting down and abandoning module LeapMotionController (100)
[2015.12.10-18.44.02:804][  1]LogModuleManager: Shutting down and abandoning module CustomMeshComponent (99)
[2015.12.10-18.44.02:804][  1]LogModuleManager: Shutting down and abandoning module CableComponent (98)
[2015.12.10-18.44.02:804][  1]LogModuleManager: Shutting down and abandoning module ArchVisCharacter (97)
[2015.12.10-18.44.02:804][  1]LogModuleManager: Shutting down and abandoning module HTML5Networking (96)
[2015.12.10-18.44.02:804][  1]LogModuleManager: Shutting down and abandoning module DesktopPlatform (95)
[2015.12.10-18.44.02:804][  1]LogModuleManager: Shutting down and abandoning module DirectoryWatcher (94)
[2015.12.10-18.44.02:804][  1]LogModuleManager: Shutting down and abandoning module HotReload (93)
[2015.12.10-18.44.02:804][  1]LogModuleManager: Shutting down and abandoning module VisualStudioSourceCodeAccess (92)
[2015.12.10-18.44.02:804][  1]LogModuleManager: Shutting down and abandoning module UObjectPlugin (91)
[2015.12.10-18.44.02:804][  1]LogModuleManager: Shutting down and abandoning module SubversionSourceControl (90)
[2015.12.10-18.44.02:804][  1]LogModuleManager: Shutting down and abandoning module SourceControl (89)
[2015.12.10-18.44.02:804][  1]LogModuleManager: Shutting down and abandoning module PerforceSourceControl (88)
[2015.12.10-18.44.02:804][  1]LogModuleManager: Shutting down and abandoning module UdpMessaging (87)
[2015.12.10-18.44.02:804][  1]LogModuleManager: Shutting down and abandoning module AssetRegistry (86)
[2015.12.10-18.44.02:804][  1]LogModuleManager: Shutting down and abandoning module SubstanceCore (85)
[2015.12.10-18.44.02:804][  1]LogModuleManager: Shutting down and abandoning module LightPropagationVolumeRuntime (84)
[2015.12.10-18.44.02:804][  1]LogModuleManager: Shutting down and abandoning module Paper2D (83)
[2015.12.10-18.44.02:804][  1]LogModuleManager: Shutting down and abandoning module WindowsMoviePlayer (82)
[2015.12.10-18.44.02:807][  1]LogModuleManager: Shutting down and abandoning module Media (81)
[2015.12.10-18.44.02:807][  1]LogModuleManager: Shutting down and abandoning module WmfMedia (80)
[2015.12.10-18.44.02:807][  1]LogModuleManager: Shutting down and abandoning module OnlineBlueprintSupport (79)
[2015.12.10-18.44.02:807][  1]LogModuleManager: Shutting down and abandoning module GameplayTasksEditor (78)
[2015.12.10-18.44.02:807][  1]LogModuleManager: Shutting down and abandoning module PropertyEditor (77)
[2015.12.10-18.44.02:807][  1]LogModuleManager: Shutting down and abandoning module BehaviorTreeEditor (76)
[2015.12.10-18.44.02:807][  1]LogModuleManager: Shutting down and abandoning module FunctionalTesting (75)
[2015.12.10-18.44.02:807][  1]LogModuleManager: Shutting down and abandoning module CollisionAnalyzer (74)
[2015.12.10-18.44.02:807][  1]LogModuleManager: Shutting down and abandoning module WorkspaceMenuStructure (73)
[2015.12.10-18.44.02:807][  1]LogModuleManager: Shutting down and abandoning module MessageLog (72)
[2015.12.10-18.44.02:808][  1]LogModuleManager: Shutting down and abandoning module Sequencer (71)
[2015.12.10-18.44.02:808][  1]LogModuleManager: Shutting down and abandoning module AssetTools (70)
[2015.12.10-18.44.02:808][  1]LogModuleManager: Shutting down and abandoning module UMGEditor (69)
[2015.12.10-18.44.02:808][  1]LogModuleManager: Shutting down and abandoning module UMG (68)
[2015.12.10-18.44.02:808][  1]LogModuleManager: Shutting down and abandoning module Slate (67)
[2015.12.10-18.44.02:808][  1]LogModuleManager: Shutting down and abandoning module EditorStyle (66)
[2015.12.10-18.44.02:808][  1]LogModuleManager: Shutting down and abandoning module SessionServices (65)
[2015.12.10-18.44.02:808][  1]LogModuleManager: Shutting down and abandoning module SourceCodeAccess (64)
[2015.12.10-18.44.02:808][  1]LogModuleManager: Shutting down and abandoning module HeadMountedDisplay (63)
[2015.12.10-18.44.02:808][  1]LogModuleManager: Shutting down and abandoning module XAudio2 (62)
[2015.12.10-18.44.02:808][  1]LogModuleManager: Shutting down and abandoning module Networking (60)
[2015.12.10-18.44.02:808][  1]LogModuleManager: Shutting down and abandoning module Core (59)
[2015.12.10-18.44.02:809][  1]LogModuleManager: Shutting down and abandoning module KismetCompiler (58)
[2015.12.10-18.44.02:809][  1]LogModuleManager: Shutting down and abandoning module PhysXFormats (57)
[2015.12.10-18.44.02:809][  1]LogModuleManager: Shutting down and abandoning module MeshUtilities (56)
[2015.12.10-18.44.02:809][  1]LogModuleManager: Shutting down and abandoning module CookingStats (55)
[2015.12.10-18.44.02:810][  1]LogModuleManager: Shutting down and abandoning module DerivedDataCache (54)
[2015.12.10-18.44.03:037][  1]LogDerivedDataCache: Shutdown
[2015.12.10-18.44.03:037][  1]LogModuleManager: Shutting down and abandoning module ShaderFormatOpenGL (53)
[2015.12.10-18.44.03:037][  1]LogModuleManager: Shutting down and abandoning module ShaderFormatD3D (52)
[2015.12.10-18.44.03:037][  1]LogModuleManager: Shutting down and abandoning module MetalShaderFormat (51)
[2015.12.10-18.44.03:037][  1]LogModuleManager: Shutting down and abandoning module TextureFormatUncompressed (50)
[2015.12.10-18.44.03:037][  1]LogModuleManager: Shutting down and abandoning module TextureFormatPVR (49)
[2015.12.10-18.44.03:037][  1]LogModuleManager: Shutting down and abandoning module TextureFormatIntelISPCTexComp (48)
[2015.12.10-18.44.03:037][  1]LogModuleManager: Shutting down and abandoning module TextureFormatDXT (47)
[2015.12.10-18.44.03:037][  1]LogModuleManager: Shutting down and abandoning module ImageWrapper (46)
[2015.12.10-18.44.03:037][  1]LogModuleManager: Shutting down and abandoning module TextureFormatASTC (45)
[2015.12.10-18.44.03:037][  1]LogModuleManager: Shutting down and abandoning module TextureFormatAndroid (44)
[2015.12.10-18.44.03:037][  1]LogModuleManager: Shutting down and abandoning module AudioFormatOpus (43)
[2015.12.10-18.44.03:037][  1]LogModuleManager: Shutting down and abandoning module AudioFormatOgg (42)
[2015.12.10-18.44.03:037][  1]LogModuleManager: Shutting down and abandoning module AudioFormatADPCM (41)
[2015.12.10-18.44.03:037][  1]LogModuleManager: Shutting down and abandoning module LinuxTargetPlatform (40)
[2015.12.10-18.44.03:037][  1]LogModuleManager: Shutting down and abandoning module LinuxServerTargetPlatform (39)
[2015.12.10-18.44.03:037][  1]LogModuleManager: Shutting down and abandoning module LinuxNoEditorTargetPlatform (38)
[2015.12.10-18.44.03:037][  1]LogModuleManager: Shutting down and abandoning module Messaging (37)
[2015.12.10-18.44.03:037][  1]LogModuleManager: Shutting down and abandoning module IOSTargetPlatform (36)
[2015.12.10-18.44.03:037][  1]LogModuleManager: Shutting down and abandoning module HTML5TargetPlatform (35)
[2015.12.10-18.44.03:037][  1]LogModuleManager: Shutting down and abandoning module Android_PVRTCTargetPlatform (34)
[2015.12.10-18.44.03:037][  1]LogModuleManager: Shutting down and abandoning module Android_ETC2TargetPlatform (33)
[2015.12.10-18.44.03:037][  1]LogModuleManager: Shutting down and abandoning module Android_ETC1TargetPlatform (32)
[2015.12.10-18.44.03:037][  1]LogModuleManager: Shutting down and abandoning module Android_DXTTargetPlatform (31)
[2015.12.10-18.44.03:037][  1]LogModuleManager: Shutting down and abandoning module Android_ATCTargetPlatform (30)
[2015.12.10-18.44.03:037][  1]LogModuleManager: Shutting down and abandoning module Android_ASTCTargetPlatform (29)
[2015.12.10-18.44.03:037][  1]LogModuleManager: Shutting down and abandoning module AndroidTargetPlatform (28)
[2015.12.10-18.44.03:037][  1]LogModuleManager: Shutting down and abandoning module WindowsTargetPlatform (27)
[2015.12.10-18.44.03:037][  1]LogModuleManager: Shutting down and abandoning module WindowsServerTargetPlatform (26)
[2015.12.10-18.44.03:037][  1]LogModuleManager: Shutting down and abandoning module WindowsNoEditorTargetPlatform (25)
[2015.12.10-18.44.03:037][  1]LogModuleManager: Shutting down and abandoning module WindowsClientTargetPlatform (24)
[2015.12.10-18.44.03:037][  1]LogModuleManager: Shutting down and abandoning module AllDesktopTargetPlatform (23)
[2015.12.10-18.44.03:037][  1]LogModuleManager: Shutting down and abandoning module TargetPlatform (22)
[2015.12.10-18.44.03:037][  1]LogModuleManager: Shutting down and abandoning module InputCore (21)
[2015.12.10-18.44.03:037][  1]LogModuleManager: Shutting down and abandoning module Settings (20)
[2015.12.10-18.44.03:037][  1]LogModuleManager: Shutting down and abandoning module OnlineSubsystem (18)
[2015.12.10-18.44.03:037][  1]LogModuleManager: Shutting down and abandoning module HTTP (17)
[2015.12.10-18.44.03:037][  1]LogModuleManager: Shutting down and abandoning module XMPP (16)
[2015.12.10-18.44.03:037][  1]LogModuleManager: Shutting down and abandoning module ExampleDeviceProfileSelector (15)
[2015.12.10-18.44.03:037][  1]LogModuleManager: Shutting down and abandoning module TextureCompressor (14)
[2015.12.10-18.44.03:037][  1]LogModuleManager: Shutting down and abandoning module ShaderCore (13)
[2015.12.10-18.44.03:037][  1]LogModuleManager: Shutting down and abandoning module Landscape (12)
[2015.12.10-18.44.03:037][  1]LogModuleManager: Shutting down and abandoning module SlateRHIRenderer (11)
[2015.12.10-18.44.03:037][  1]LogModuleManager: Shutting down and abandoning module OpenGLDrv (10)
[2015.12.10-18.44.03:037][  1]LogModuleManager: Shutting down and abandoning module D3D11RHI (9)
[2015.12.10-18.44.03:037][  1]LogModuleManager: Shutting down and abandoning module AnimGraphRuntime (8)
[2015.12.10-18.44.03:037][  1]LogModuleManager: Shutting down and abandoning module Renderer (7)
[2015.12.10-18.44.03:037][  1]LogModuleManager: Shutting down and abandoning module Engine (6)
[2015.12.10-18.44.03:037][  1]LogModuleManager: Shutting down and abandoning module CoreUObject (5)
[2015.12.10-18.44.03:037][  1]LogModuleManager: Shutting down and abandoning module NetworkFile (4)
[2015.12.10-18.44.03:038][  1]LogModuleManager: Shutting down and abandoning module StreamingFile (3)
[2015.12.10-18.44.03:038][  1]LogModuleManager: Shutting down and abandoning module SandboxFile (2)
[2015.12.10-18.44.03:038][  1]LogModuleManager: Shutting down and abandoning module PakFile (1)
[2015.12.10-18.44.03:038][  1]LogExit: Exiting.
[2015.12.10-18.44.03:039][  1]Log file closed, 12/10/15 13:44:03
