[2015.11.01-18.51.54:029][  0]Log file open, 11/01/15 13:51:54
[2015.11.01-18.51.54:029][  0]LogInit:Display: Running engine for game: SuperSpaceArmada
[2015.11.01-18.51.54:029][  0]LogInit:Display: RandInit(2015669356) SRandInit(2015669356).
[2015.11.01-18.51.54:029][  0]LogTaskGraph: Started task graph with 4 named threads and 7 total threads.
[2015.11.01-18.51.54:029][  0]LogStats: Stats thread started at 0.062908
[2015.11.01-18.51.54:029][  0]LogInit: Version: 4.9.1-2689999+++depot+UE4-Releases+4.9
[2015.11.01-18.51.54:029][  0]LogInit: API Version: 2672455
[2015.11.01-18.51.54:029][  0]LogInit: Compiled (64-bit): Sep 14 2015 04:12:03
[2015.11.01-18.51.54:029][  0]LogInit: Compiled with Visual C++: 18.00.21005.01
[2015.11.01-18.51.54:029][  0]LogInit: Build Configuration: Development
[2015.11.01-18.51.54:029][  0]LogInit: Branch Name: ++depot+UE4-Releases+4.9
[2015.11.01-18.51.54:029][  0]LogInit: Command line:  
[2015.11.01-18.51.54:029][  0]LogInit: Base directory: F:/Program Files/Unreal/Epic Games/4.9/Engine/Binaries/Win64/
[2015.11.01-18.51.54:029][  0]LogInit: Rocket: 1
[2015.11.01-18.51.54:035][  0]LogInit: Using libcurl 7.41.0
[2015.11.01-18.51.54:035][  0]LogInit:  - built for x86_64-pc-win32
[2015.11.01-18.51.54:035][  0]LogInit:  - supports SSL with WinSSL
[2015.11.01-18.51.54:035][  0]LogInit:  - other features:
[2015.11.01-18.51.54:035][  0]LogInit:      CURL_VERSION_SSL
[2015.11.01-18.51.54:035][  0]LogInit:      CURL_VERSION_IPV6
[2015.11.01-18.51.54:035][  0]LogInit:      CURL_VERSION_ASYNCHDNS
[2015.11.01-18.51.54:035][  0]LogInit:      CURL_VERSION_LARGEFILE
[2015.11.01-18.51.54:035][  0]LogInit:      CURL_VERSION_IDN
[2015.11.01-18.51.54:035][  0]LogInit:  CurlRequestOptions (configurable via config and command line):
[2015.11.01-18.51.54:035][  0]LogInit:  - bVerifyPeer = true  - Libcurl will verify peer certificate
[2015.11.01-18.51.54:035][  0]LogInit:  - bUseHttpProxy = false  - Libcurl will NOT use HTTP proxy
[2015.11.01-18.51.54:035][  0]LogInit:  - bDontReuseConnections = false  - Libcurl will reuse connections
[2015.11.01-18.51.54:035][  0]LogInit:  - CertBundlePath = nullptr  - Libcurl will use whatever was configured at build time.
[2015.11.01-18.51.54:041][  0]LogInit: Presizing for 0 objects not considered by GC, pre-allocating 0 bytes.
[2015.11.01-18.51.54:046][  0]LogInit: Object subsystem initialized
[2015.11.01-18.51.54:047][  0]LogInit: Selected Device Profile: [Windows]
[2015.11.01-18.51.54:047][  0]LogInit: Applying CVar settings loaded from the selected device profile: [Windows]
[2015.11.01-18.51.54:053][  0]LogInit: Computer: ANDREW_2015
[2015.11.01-18.51.54:053][  0]LogInit: User: aehrlich92
[2015.11.01-18.51.54:053][  0]LogInit: CPU Page size=4096, Cores=4
[2015.11.01-18.51.54:053][  0]LogInit: High frequency timer resolution =3.984654 MHz
[2015.11.01-18.51.54:053][  0]LogMemory: Memory total: Physical=15.9GB (16GB approx)
[2015.11.01-18.51.54:053][  0]LogMemory: Platform Memory Stats for Windows
[2015.11.01-18.51.54:053][  0]LogMemory: Process Physical Memory: 54.00 MB used, 54.00 MB peak
[2015.11.01-18.51.54:053][  0]LogMemory: Process Virtual Memory: 57.21 MB used, 57.21 MB peak
[2015.11.01-18.51.54:053][  0]LogMemory: Physical Memory: 4805.03 MB used, 16322.88 MB total
[2015.11.01-18.51.54:053][  0]LogMemory: Virtual Memory: 366.29 MB used, 134217728.00 MB total
[2015.11.01-18.51.54:090][  0]LogTextLocalizationManager: No specific translations for ('en-US') exist, so ('en') translations will be used.
[2015.11.01-18.51.54:608][  0]LogD3D11RHI: Found D3D11 adapter 0: NVIDIA GeForce GTX 960 (Feature Level 11_0)
[2015.11.01-18.51.54:608][  0]LogD3D11RHI: Adapter has 1969MB of dedicated video memory, 0MB of dedicated system memory, and 8161MB of shared system memory, 2 output[s]
[2015.11.01-18.51.54:610][  0]LogD3D11RHI: Found D3D11 adapter 1: Microsoft Basic Render Driver (Feature Level 11_0)
[2015.11.01-18.51.54:610][  0]LogD3D11RHI: Adapter has 0MB of dedicated video memory, 0MB of dedicated system memory, and 8161MB of shared system memory, 0 output[s]
[2015.11.01-18.51.54:610][  0]LogD3D11RHI: Chosen D3D11 Adapter Id = 0
[2015.11.01-18.51.54:613][  0]LogD3D11RHI: !Direct3DDevice
[2015.11.01-18.51.54:613][  0]LogRHI: Texture pool is 1361 MB (70% of 1945 MB)
[2015.11.01-18.51.54:622][  0]LogD3D11RHI: Async texture creation enabled
[2015.11.01-18.51.54:637][  0]LogShaderCompilers: Guid format shader working directory is 15 characters bigger than the processId version (../../../../../../../My Media/UCF Documents/DIG 4725/Game-Files/SuperSpaceArmada/Intermediate/Shaders/WorkingDirectory/9520/).
[2015.11.01-18.51.54:637][  0]LogShaderCompilers: Cleaned the shader compiler working directory '../../../../../../../My Media/UCF Documents/DIG 4725/Game-Files/SuperSpaceArmada/Intermediate/Shaders/tmp/FE4AA2024E546BA2F1A73FBEC5A85258/'.
[2015.11.01-18.51.54:637][  0]LogShaderCompilers:Display: Using Local Shader Compiler.
[2015.11.01-18.51.55:798][  0]LogTemp:Display: Loaded TP AllDesktopTargetPlatform
[2015.11.01-18.51.55:803][  0]LogTemp:Display: Loaded TP WindowsClientTargetPlatform
[2015.11.01-18.51.55:807][  0]LogTemp:Display: Loaded TP WindowsNoEditorTargetPlatform
[2015.11.01-18.51.55:810][  0]LogTemp:Display: Loaded TP WindowsServerTargetPlatform
[2015.11.01-18.51.55:814][  0]LogTemp:Display: Loaded TP WindowsTargetPlatform
[2015.11.01-18.51.55:817][  0]LogTemp:Display: Loaded TP AndroidTargetPlatform
[2015.11.01-18.51.55:819][  0]LogTemp:Display: Loaded TP Android_ASTCTargetPlatform
[2015.11.01-18.51.55:822][  0]LogTemp:Display: Loaded TP Android_ATCTargetPlatform
[2015.11.01-18.51.55:825][  0]LogTemp:Display: Loaded TP Android_DXTTargetPlatform
[2015.11.01-18.51.55:828][  0]LogTemp:Display: Loaded TP Android_ETC1TargetPlatform
[2015.11.01-18.51.55:831][  0]LogTemp:Display: Loaded TP Android_ETC2TargetPlatform
[2015.11.01-18.51.55:834][  0]LogTemp:Display: Loaded TP Android_PVRTCTargetPlatform
[2015.11.01-18.51.55:835][  0]LogTemp:Display: Loaded TP HTML5TargetPlatform
[2015.11.01-18.51.55:852][  0]LogTemp:Display: Loaded TP IOSTargetPlatform
[2015.11.01-18.51.55:855][  0]LogTemp:Display: Loaded TP LinuxNoEditorTargetPlatform
[2015.11.01-18.51.55:858][  0]LogTemp:Display: Loaded TP LinuxServerTargetPlatform
[2015.11.01-18.51.55:861][  0]LogTemp:Display: Loaded TP LinuxTargetPlatform
[2015.11.01-18.51.55:861][  0]LogTargetPlatformManager:Display: Building Assets For Windows
[2015.11.01-18.51.55:920][  0]LogDerivedDataCache:Display: Max Cache Size: 512 MB
[2015.11.01-18.51.55:949][  0]LogDerivedDataCache: Loaded boot cache 0.03s 41MB C:/Users/aehrlich92/AppData/Local/UnrealEngine/4.9/DerivedDataCache/Boot.ddc.
[2015.11.01-18.51.55:949][  0]LogDerivedDataCache:Display: Loaded Boot cache: C:/Users/aehrlich92/AppData/Local/UnrealEngine/4.9/DerivedDataCache/Boot.ddc
[2015.11.01-18.51.55:949][  0]LogDerivedDataCache: FDerivedDataBackendGraph:  Pak pak cache file ../../../../../../../My Media/UCF Documents/DIG 4725/Game-Files/SuperSpaceArmada/DerivedDataCache/DDC.ddp not found, will not use a pak cache.
[2015.11.01-18.51.55:949][  0]LogDerivedDataCache: Unable to find inner node Pak for hierarchical cache Hierarchy.
[2015.11.01-18.51.55:949][  0]LogDerivedDataCache: FDerivedDataBackendGraph:  CompressedPak pak cache file ../../../../../../../My Media/UCF Documents/DIG 4725/Game-Files/SuperSpaceArmada/DerivedDataCache/Compressed.ddp not found, will not use a pak cache.
[2015.11.01-18.51.55:949][  0]LogDerivedDataCache: Unable to find inner node CompressedPak for hierarchical cache Hierarchy.
[2015.11.01-18.51.56:046][  0]LogDerivedDataCache:Display: Pak cache opened for reading ../../../Engine/DerivedDataCache/Compressed.ddp.
[2015.11.01-18.51.56:057][  0]LogDerivedDataCache: Using Local data cache path C:/Users/aehrlich92/AppData/Local/UnrealEngine/Common/DerivedDataCache: Writable
[2015.11.01-18.51.56:171][  0]LogInit: Selected Device Profile: [Windows]
[2015.11.01-18.51.56:173][  0]LogContentStreaming: Texture pool size is 0.000000MB
[2015.11.01-18.51.56:253][  0]LogMeshUtilities: No automatic mesh reduction module available
[2015.11.01-18.51.56:253][  0]LogMeshUtilities: No automatic mesh merging module available
[2015.11.01-18.51.56:421][  0]LogInit: WinSock: version 1.1 (2.2), MaxSocks=32767, MaxUdp=65467
[2015.11.01-18.51.56:901][  0]LogAssetRegistry: FAssetRegistry took 0.0104 seconds to start up
[2015.11.01-18.51.56:910][  0]UdpMessaging: Initializing bridge on interface 0.0.0.0:0 to multicast group 230.0.0.1:6666.
[2015.11.01-18.51.57:085][  0]SourceControl: Info Source control is disabled
[2015.11.01-18.51.57:093][  0]SourceControl: Info Source control is disabled
[2015.11.01-18.51.57:098][  0]SourceControl: Info Source control is disabled
[2015.11.01-18.51.57:105][  0]SourceControl: Info Source control is disabled
[2015.11.01-18.51.57:185][  0]LogLinker:Warning: Asset '../../../Engine/Plugins/Runtime/LeapMotionController/Content/LM_PassthroughMaterial.uasset' has been saved with empty engine version. The asset will be loaded but may be incompatible.
[2015.11.01-18.51.57:239][  0]LogObj: 28528 objects as part of root set at end of initial load.
[2015.11.01-18.51.57:239][  0]LogUObjectAllocator: 6068456 out of 0 bytes used by permanent object pool.
[2015.11.01-18.51.57:281][  0]LogEngine: Initializing Engine...
[2015.11.01-18.51.57:283][  0]LogHMD: Can't find Oculus library dev build: is proper Runtime installed? Version: 0.7.0.0
[2015.11.01-18.51.57:284][  0]LogHMD: SteamVR failed to initialize.  Err: 110
[2015.11.01-18.51.57:359][  0]LogAIModule: Creating AISystem for world NewWorld
[2015.11.01-18.51.57:366][  0]LogInit: XAudio2 using 'Speakers (Realtek High Definition Audio)' : 8 channels at 48 kHz using 32 bits per sample (channel mask 0x63f)
[2015.11.01-18.51.57:374][  0]LogInit: FAudioDevice initialized.
[2015.11.01-18.51.57:388][  0]LogDerivedDataCache: Saved boot cache 0.01s 41MB C:/Users/aehrlich92/AppData/Local/UnrealEngine/4.9/DerivedDataCache/Boot.ddc.
[2015.11.01-18.51.57:391][  0]LogInit: Texture streaming: Enabled
[2015.11.01-18.51.57:395][  0]LogAnalytics: Creating configured Analytics provider AnalyticsET
[2015.11.01-18.51.57:395][  0]LogAnalytics: [UEEditor.Rocket.Release] APIServer = http://et2.epicgames.com/ET2/. AppVersion = 4.9.1-2689999+++depot+UE4-Releases+4.9
[2015.11.01-18.51.57:395][  0]LogAnalytics: [UEEditor.Rocket.Release] SetUserId 7bdbd2584788e6e37f918c9187bab22c|b300224d71e64562a5bff06c2aaa78f8|45aed112-7b58-41bf-9eba-b8dcb7f9dd12
[2015.11.01-18.51.57:395][  0]LogAnalytics: [UEEditor.Rocket.Release] AnalyticsET::StartSession
[2015.11.01-18.51.57:422][  0]LogInit: Transaction tracking system initialized
[2015.11.01-18.51.57:442][  0]BlueprintLog: New page: Editor Load
[2015.11.01-18.51.57:497][  0]LocalizationService: Info Localization service is disabled
[2015.11.01-18.51.57:550][  0]LogConsoleResponse:Display: 
[2015.11.01-18.51.57:632][  0]LogCook:Display: Done creating registry. It took  0.00s.
[2015.11.01-18.51.57:668][  0]LogFileCache: Scanning file cache for directory 'F:/My Media/UCF Documents/DIG 4725/Game-Files/SuperSpaceArmada/Content/' took 0.01s
[2015.11.01-18.51.57:668][  0]SourceControl: Info Source control is disabled
[2015.11.01-18.51.57:668][  0]Cmd: MAP LOAD FILE="../../../../../../../My Media/UCF Documents/DIG 4725/Game-Files/SuperSpaceArmada/Content/SSA/Maps/Home_Kratakos.umap" TEMPLATE=0 SHOWPROGRESS=1 FEATURELEVEL=3
[2015.11.01-18.51.57:668][  0]LightingResults: New page: Lighting Build
[2015.11.01-18.51.57:670][  0]MapCheck: New page: Map Check
[2015.11.01-18.51.57:670][  0]LightingResults: New page: Lighting Build
[2015.11.01-18.51.57:677][  0]LogParticles: Destroying 0 GPU particle simulations for FXSystem 0x000000AC717F5620
[2015.11.01-18.51.57:726][  0]LogLinker:Warning: Asset '../../../../../../../My Media/UCF Documents/DIG 4725/Game-Files/SuperSpaceArmada/Content/Mannequin/Animations/ThirdPerson_AnimBP.uasset' has been saved with empty engine version. The asset will be loaded but may be incompatible.
[2015.11.01-18.51.57:727][  0]LogLinker:Warning: Asset '../../../../../../../My Media/UCF Documents/DIG 4725/Game-Files/SuperSpaceArmada/Content/Mannequin/Animations/ThirdPerson_Jump.uasset' has been saved with empty engine version. The asset will be loaded but may be incompatible.
[2015.11.01-18.51.57:728][  0]LogLinker:Warning: Asset '../../../../../../../My Media/UCF Documents/DIG 4725/Game-Files/SuperSpaceArmada/Content/Mannequin/Animations/ThirdPersonJump_Loop.uasset' has been saved with empty engine version. The asset will be loaded but may be incompatible.
[2015.11.01-18.51.57:729][  0]LogLinker:Warning: Asset '../../../../../../../My Media/UCF Documents/DIG 4725/Game-Files/SuperSpaceArmada/Content/Mannequin/Animations/ThirdPersonJump_Start.uasset' has been saved with empty engine version. The asset will be loaded but may be incompatible.
[2015.11.01-18.51.57:729][  0]LogLinker:Warning: Asset '../../../../../../../My Media/UCF Documents/DIG 4725/Game-Files/SuperSpaceArmada/Content/Mannequin/Animations/ThirdPerson_IdleRun_2D.uasset' has been saved with empty engine version. The asset will be loaded but may be incompatible.
[2015.11.01-18.51.57:730][  0]LogLinker:Warning: Asset '../../../../../../../My Media/UCF Documents/DIG 4725/Game-Files/SuperSpaceArmada/Content/Mannequin/Animations/ThirdPersonIdle.uasset' has been saved with empty engine version. The asset will be loaded but may be incompatible.
[2015.11.01-18.51.57:730][  0]LogLinker:Warning: Asset '../../../../../../../My Media/UCF Documents/DIG 4725/Game-Files/SuperSpaceArmada/Content/Mannequin/Animations/ThirdPersonRun.uasset' has been saved with empty engine version. The asset will be loaded but may be incompatible.
[2015.11.01-18.51.57:731][  0]LogLinker:Warning: Asset '../../../../../../../My Media/UCF Documents/DIG 4725/Game-Files/SuperSpaceArmada/Content/Mannequin/Animations/ThirdPersonWalk.uasset' has been saved with empty engine version. The asset will be loaded but may be incompatible.
[2015.11.01-18.51.58:590][  0]LogBlueprint:Warning: [HUD] CreatePinForVariable: 'ReloadVariables' variable not found. Base class was probably changed.
[2015.11.01-18.51.58:590][  0]LogBlueprint:Warning: [HUD] CreatePinForVariable: 'ReloadVariables' variable not found. Base class was probably changed.
[2015.11.01-18.51.58:590][  0]LogBlueprint:Warning: [HUD] CreatePinForVariable: 'ReloadVariables' variable not found. Base class was probably changed.
[2015.11.01-18.51.58:590][  0]LogBlueprint:Warning: [HUD] CreatePinForVariable: 'ReloadVariables' variable not found. Base class was probably changed.
[2015.11.01-18.51.58:595][  0]LogBlueprint:Warning: [compiler HUD] Warning Could not find a variable named "ReloadVariables" in 'SSAGameInstance_C'.
Make sure 'SSAGameInstance_C' has been compiled for  Set ReloadVariables 
[2015.11.01-18.51.58:595][  0]LogBlueprint:Warning: [compiler HUD] Warning Could not find a variable named "ReloadVariables" in 'SSAGameInstance_C'.
Make sure 'SSAGameInstance_C' has been compiled for  Set ReloadVariables 
[2015.11.01-18.51.58:596][  0]LogBlueprint:Error: [compiler HUD] Error The property associated with  Reload Variables  could not be found
[2015.11.01-18.51.58:596][  0]LogBlueprint:Error: [compiler HUD] Error The property associated with  Reload Variables  could not be found
[2015.11.01-18.51.58:606][  0]LogBlueprint:Warning: [compiler HUD] Warning [0004.96] Compile of HUD failed. 2 Fatal Issue(s) 2 Warning(s) [in 15 ms]
[2015.11.01-18.51.58:608][  0]LogBlueprint:Warning: [compiler HUD] Warning [0004.97] Compile of HUD failed. 2 Fatal Issue(s) 3 Warning(s) [in 1 ms]
[2015.11.01-18.51.58:608][  0]LogBlueprint:Warning: [compiler HUD] Warning [0004.97] Compile of HUD failed. 2 Fatal Issue(s) 4 Warning(s) [in 0 ms]
[2015.11.01-18.51.58:679][  0]LogBlueprint:Error: Broken Node: K2Node_CallFunction /Game/SSA/Blueprints/Objects/Debris.Debris:Debris Collision func.K2Node_CallFunction_3036 keeps removed/invalid pin: EdGraphPin /Game/SSA/Blueprints/Objects/Debris.Debris:Debris Collision func.K2Node_CallFunction_3036.EdGraphPin_189478. Try refresh all nodes.
[2015.11.01-18.51.58:680][  0]LogBlueprint:Error: Broken Node: K2Node_CallFunction /Game/SSA/Blueprints/Objects/Debris.Debris:Debris Collision func.K2Node_CallFunction_2761 keeps removed/invalid pin: EdGraphPin /Game/SSA/Blueprints/Objects/Debris.Debris:Debris Collision func.K2Node_CallFunction_2761.EdGraphPin_189448. Try refresh all nodes.
[2015.11.01-18.51.58:886][  0]LogBlueprint:Error: Broken Node: K2Node_CallFunction /Game/SSA/Blueprints/Objects/Debris.Debris:Debris Collision func.K2Node_CallFunction_2761 keeps removed/invalid pin: EdGraphPin /Game/SSA/Blueprints/Objects/Debris.Debris:Debris Collision func.K2Node_CallFunction_2761.EdGraphPin_189448. Try refresh all nodes.
[2015.11.01-18.51.58:886][  0]LogBlueprint:Error: Broken Node: K2Node_CallFunction /Game/SSA/Blueprints/Objects/Debris.Debris:Debris Collision func.K2Node_CallFunction_3036 keeps removed/invalid pin: EdGraphPin /Game/SSA/Blueprints/Objects/Debris.Debris:Debris Collision func.K2Node_CallFunction_3036.EdGraphPin_189478. Try refresh all nodes.
[2015.11.01-18.51.59:359][  0]LogLinker:Warning: Can't find file '/Game/Geometry/Meshes/1M_Cube'
[2015.11.01-18.51.59:359][  0]LogLinker:Warning: Can't find file for asset '/Game/Geometry/Meshes/1M_Cube' while loading ../../../../../../../My Media/UCF Documents/DIG 4725/Game-Files/SuperSpaceArmada/Content/SSA/Blueprints/Objects/Crystal_Spawner.uasset.
[2015.11.01-18.51.59:359][  0]LoadErrors:Error: Error /Game/SSA/Blueprints/Objects/Crystal_Spawner : Can't find file for asset. /Game/Geometry/Meshes/1M_Cube
[2015.11.01-18.51.59:359][  0]LogLinker:Warning: Can't find file '/Game/Geometry/Meshes/1M_Cube'
[2015.11.01-18.51.59:360][  0]LogLinker:Warning: Can't find file for asset '/Game/Geometry/Meshes/1M_Cube' while loading ../../../../../../../My Media/UCF Documents/DIG 4725/Game-Files/SuperSpaceArmada/Content/SSA/Blueprints/Objects/Crystal_Spawner.uasset.
[2015.11.01-18.51.59:360][  0]LoadErrors:Error: Error /Game/SSA/Blueprints/Objects/Crystal_Spawner : Can't find file for asset. /Game/Geometry/Meshes/1M_Cube
[2015.11.01-18.51.59:362][  0]LogLinker:Warning: Can't find file '/Game/Geometry/Meshes/1M_Cube'
[2015.11.01-18.51.59:362][  0]LogLinker:Warning: Can't find file for asset '/Game/Geometry/Meshes/1M_Cube' while loading ../../../../../../../My Media/UCF Documents/DIG 4725/Game-Files/SuperSpaceArmada/Content/SSA/Maps/Home_Kratakos.umap.
[2015.11.01-18.51.59:362][  0]LoadErrors:Error: Error /Game/SSA/Maps/Home_Kratakos : Can't find file for asset. /Game/Geometry/Meshes/1M_Cube
[2015.11.01-18.51.59:362][  0]LogLinker:Warning: Can't find file '/Game/Geometry/Meshes/1M_Cube'
[2015.11.01-18.51.59:362][  0]LogLinker:Warning: Can't find file for asset '/Game/Geometry/Meshes/1M_Cube' while loading ../../../../../../../My Media/UCF Documents/DIG 4725/Game-Files/SuperSpaceArmada/Content/SSA/Maps/Home_Kratakos.umap.
[2015.11.01-18.51.59:362][  0]LoadErrors:Error: Error /Game/SSA/Maps/Home_Kratakos : Can't find file for asset. /Game/Geometry/Meshes/1M_Cube
[2015.11.01-18.51.59:363][  0]LogLinker:Warning: Can't find file '/Game/Geometry/Meshes/1M_Cube'
[2015.11.01-18.51.59:363][  0]LoadErrors: Info Failed to load /Game/Geometry/Meshes/1M_Cube.1M_Cube Referenced by StaticMeshComponent0
[2015.11.01-18.51.59:363][  0]LogLinker:Warning: Can't find file for asset '/Game/Geometry/Meshes/1M_Cube' while loading ../../../../../../../My Media/UCF Documents/DIG 4725/Game-Files/SuperSpaceArmada/Content/SSA/Maps/Home_Kratakos.umap.
[2015.11.01-18.51.59:363][  0]LoadErrors: Info Failed to load /Game/Geometry/Meshes/1M_Cube.1M_Cube Referenced by StaticMeshComponent0
[2015.11.01-18.51.59:363][  0]LoadErrors:Error: Error /Game/SSA/Maps/Home_Kratakos : Can't find file for asset. /Game/Geometry/Meshes/1M_Cube
[2015.11.01-18.52.00:028][  0]LogAIModule: Creating AISystem for world Home_Kratakos
[2015.11.01-18.52.00:033][  0]LogEditorServer: Finished looking for orphan Actors (0.000 secs)
[2015.11.01-18.52.00:034][  0]Cmd: MAP CHECKDEP NOCLEARLOG
[2015.11.01-18.52.00:086][  0]MapCheck: Info Map check complete: 0 Error(s), 0 Warning(s), took 52.672ms to complete.
[2015.11.01-18.52.00:086][  0]LogFileHelpers: Loading map 'Home_Kratakos' took 2.418
[2015.11.01-18.52.00:181][  0]LogCollectionManager: Loaded 0 collections in 0.000966 seconds
[2015.11.01-18.52.00:219][  0]LogFileCache: Scanning file cache for directory 'F:/My Media/UCF Documents/DIG 4725/Game-Files/SuperSpaceArmada/Saved/Collections/' took 0.01s
[2015.11.01-18.52.00:219][  0]LogFileCache: Scanning file cache for directory 'F:/My Media/UCF Documents/DIG 4725/Game-Files/SuperSpaceArmada/Content/Developers/aehrlich92/Collections/' took 0.01s
[2015.11.01-18.52.00:219][  0]LogFileCache: Scanning file cache for directory 'F:/My Media/UCF Documents/DIG 4725/Game-Files/SuperSpaceArmada/Content/Collections/' took 0.01s
[2015.11.01-18.52.00:219][  0]LogContentBrowser: Native class hierarchy populated in 0.0053 seconds. Added 1882 classes and 339 folders.
[2015.11.01-18.52.00:223][  0]LogCollectionManager: Rebuilt the GUID cache for 0 collections in 0.000002 seconds
[2015.11.01-18.52.00:226][  0]LogContentBrowser: Native class hierarchy updated for 'WidgetCarousel' in 0.0002 seconds. Added 0 classes and 0 folders.
[2015.11.01-18.52.00:253][  0]LogContentBrowser: Native class hierarchy updated for 'AddContentDialog' in 0.0002 seconds. Added 0 classes and 0 folders.
[2015.11.01-18.52.00:256][  0]LogContentBrowser: Native class hierarchy updated for 'SceneOutliner' in 0.0002 seconds. Added 1 classes and 2 folders.
[2015.11.01-18.52.00:278][  0]LogCrashTracker: Crashtracker disabled due to settings.
[2015.11.01-18.52.00:286][  0]LogUObjectGlobals:Warning: Failed to find object 'Class None.'
[2015.11.01-18.52.00:308][  0]LogLoad: Full Startup: 6.67 seconds (BP compile: 0.80 seconds)
[2015.11.01-18.52.00:317][  0]LoadErrors:Error: Error /Game/SSA/Blueprints/Player : Failed import for Player_C /Game/SSA/Blueprints/Player/Player.Default__Player_C
[2015.11.01-18.52.00:355][  0]LogContentStreaming: Texture pool size now 1000 MB
[2015.11.01-18.52.00:447][  0]LogRenderer: Reallocating scene render targets to support 1208x584 (Frame:2).
[2015.11.01-18.52.00:884][ 12]LogAssetRegistry: Asset discovery search completed in 3.9939 seconds
[2015.11.01-18.52.00:884][ 12]LogCollectionManager: Rebuilt the object cache for 0 collections in 0.000000 seconds (found 0 objects)
[2015.11.01-18.52.00:884][ 12]LogCollectionManager: Fixed up redirectors for 0 collections in 0.000015 seconds (updated 0 objects)
[2015.11.01-18.52.03:177][254]LogWindowsTextInputMethodSystem:Display: IME system now deactivated.
[2015.11.01-18.52.03:386][255]Cmd: QUIT_EDITOR
[2015.11.01-18.52.03:566][255]LogExit: Preparing to exit.
[2015.11.01-18.52.04:038][255]LogExit: Editor shut down
[2015.11.01-18.52.04:040][255]LogExit: Transaction tracking system shut down
[2015.11.01-18.52.04:046][255]LogParticles: Destroying 0 GPU particle simulations for FXSystem 0x000000AC01CB84A0
[2015.11.01-18.52.04:046][255]LogParticles: Destroying 0 GPU particle simulations for FXSystem 0x000000AC071B34C0
[2015.11.01-18.52.04:144][255]LogExit: Object subsystem successfully closed.
[2015.11.01-18.52.04:156][255]LogD3D11RHI: Shutdown
[2015.11.01-18.52.04:156][255]LogD3D11RHI: CleanupD3DDevice
[2015.11.01-18.52.04:192][255]LogD3D11RHI: ~FD3D11DynamicRHI
[2015.11.01-18.52.04:203][255]LogModuleManager: Shutting down and abandoning module CrashTracker (199)
[2015.11.01-18.52.04:203][255]LogModuleManager: Shutting down and abandoning module SceneOutliner (198)
[2015.11.01-18.52.04:203][255]LogModuleManager: Shutting down and abandoning module SuperSearch (197)
[2015.11.01-18.52.04:203][255]LogModuleManager: Shutting down and abandoning module WidgetCarousel (196)
[2015.11.01-18.52.04:203][255]LogModuleManager: Shutting down and abandoning module AddContentDialog (195)
[2015.11.01-18.52.04:204][255]LogModuleManager: Shutting down and abandoning module EditorWidgets (194)
[2015.11.01-18.52.04:204][255]LogModuleManager: Shutting down and abandoning module CollectionManager (193)
[2015.11.01-18.52.04:204][255]LogModuleManager: Shutting down and abandoning module StatsViewer (192)
[2015.11.01-18.52.04:204][255]LogModuleManager: Shutting down and abandoning module FoliageEdit (191)
[2015.11.01-18.52.04:204][255]LogModuleManager: Shutting down and abandoning module LandscapeEditor (190)
[2015.11.01-18.52.04:204][255]LogModuleManager: Shutting down and abandoning module ActorPickerMode (189)
[2015.11.01-18.52.04:204][255]LogModuleManager: Shutting down and abandoning module GeometryMode (188)
[2015.11.01-18.52.04:204][255]LogModuleManager: Shutting down and abandoning module TextureAlignMode (187)
[2015.11.01-18.52.04:204][255]LogModuleManager: Shutting down and abandoning module BspMode (186)
[2015.11.01-18.52.04:204][255]LogModuleManager: Shutting down and abandoning module PlacementMode (185)
[2015.11.01-18.52.04:204][255]LogModuleManager: Shutting down and abandoning module AutomationWorker (184)
[2015.11.01-18.52.04:204][255]LogModuleManager: Shutting down and abandoning module CharacterAI (183)
[2015.11.01-18.52.04:204][255]LogModuleManager: Shutting down and abandoning module SmartSnapping (182)
[2015.11.01-18.52.04:204][255]LogModuleManager: Shutting down and abandoning module ViewportSnapping (181)
[2015.11.01-18.52.04:204][255]LogModuleManager: Shutting down and abandoning module LogVisualizer (180)
[2015.11.01-18.52.04:204][255]LogModuleManager: Shutting down and abandoning module GameProjectGeneration (179)
[2015.11.01-18.52.04:204][255]LogModuleManager: Shutting down and abandoning module IntroTutorials (178)
[2015.11.01-18.52.04:204][255]LogModuleManager: Shutting down and abandoning module EditorLiveStreaming (177)
[2015.11.01-18.52.04:204][255]LogModuleManager: Shutting down and abandoning module IOSPlatformEditor (176)
[2015.11.01-18.52.04:204][255]LogModuleManager: Shutting down and abandoning module HTML5PlatformEditor (175)
[2015.11.01-18.52.04:204][255]LogModuleManager: Shutting down and abandoning module AndroidDeviceDetection (174)
[2015.11.01-18.52.04:522][255]LogModuleManager: Shutting down and abandoning module AndroidPlatformEditor (173)
[2015.11.01-18.52.04:522][255]LogModuleManager: Shutting down and abandoning module IOSRuntimeSettings (172)
[2015.11.01-18.52.04:522][255]LogModuleManager: Shutting down and abandoning module AndroidRuntimeSettings (171)
[2015.11.01-18.52.04:522][255]LogModuleManager: Shutting down and abandoning module MergeActors (170)
[2015.11.01-18.52.04:522][255]LogModuleManager: Shutting down and abandoning module SizeMap (169)
[2015.11.01-18.52.04:522][255]LogModuleManager: Shutting down and abandoning module TreeMap (168)
[2015.11.01-18.52.04:522][255]LogModuleManager: Shutting down and abandoning module ReferenceViewer (167)
[2015.11.01-18.52.04:522][255]LogModuleManager: Shutting down and abandoning module LocalizationService (166)
[2015.11.01-18.52.04:522][255]LogModuleManager: Shutting down and abandoning module LocalizationDashboard (165)
[2015.11.01-18.52.04:522][255]LogModuleManager: Shutting down and abandoning module HardwareTargeting (164)
[2015.11.01-18.52.04:522][255]LogModuleManager: Shutting down and abandoning module DeviceProfileEditor (163)
[2015.11.01-18.52.04:522][255]LogModuleManager: Shutting down and abandoning module UndoHistory (162)
[2015.11.01-18.52.04:522][255]LogModuleManager: Shutting down and abandoning module GameplayTagsEditor (161)
[2015.11.01-18.52.04:522][255]LogModuleManager: Shutting down and abandoning module UserFeedback (160)
[2015.11.01-18.52.04:522][255]LogModuleManager: Shutting down and abandoning module XmlParser (159)
[2015.11.01-18.52.04:522][255]LogModuleManager: Shutting down and abandoning module Blutility (158)
[2015.11.01-18.52.04:522][255]LogModuleManager: Shutting down and abandoning module ProjectTargetPlatformEditor (157)
[2015.11.01-18.52.04:522][255]LogModuleManager: Shutting down and abandoning module ProjectSettingsViewer (156)
[2015.11.01-18.52.04:522][255]LogModuleManager: Shutting down and abandoning module InputBindingEditor (155)
[2015.11.01-18.52.04:522][255]LogModuleManager: Shutting down and abandoning module EditorSettingsViewer (154)
[2015.11.01-18.52.04:522][255]LogModuleManager: Shutting down and abandoning module SettingsEditor (153)
[2015.11.01-18.52.04:523][255]LogModuleManager: Shutting down and abandoning module ProjectLauncher (152)
[2015.11.01-18.52.04:523][255]LogModuleManager: Shutting down and abandoning module SessionFrontend (151)
[2015.11.01-18.52.04:523][255]LogModuleManager: Shutting down and abandoning module ProfilerClient (150)
[2015.11.01-18.52.04:523][255]LogModuleManager: Shutting down and abandoning module TargetDeviceServices (149)
[2015.11.01-18.52.04:523][255]LogModuleManager: Shutting down and abandoning module DeviceManager (148)
[2015.11.01-18.52.04:523][255]LogModuleManager: Shutting down and abandoning module AutomationController (147)
[2015.11.01-18.52.04:523][255]LogModuleManager: Shutting down and abandoning module AutomationWindow (146)
[2015.11.01-18.52.04:523][255]LogModuleManager: Shutting down and abandoning module Layers (145)
[2015.11.01-18.52.04:523][255]LogModuleManager: Shutting down and abandoning module ComponentVisualizers (144)
[2015.11.01-18.52.04:523][255]LogModuleManager: Shutting down and abandoning module DetailCustomizations (143)
[2015.11.01-18.52.04:523][255]LogModuleManager: Shutting down and abandoning module PackagesDialog (142)
[2015.11.01-18.52.04:523][255]LogModuleManager: Shutting down and abandoning module Persona (141)
[2015.11.01-18.52.04:523][255]LogModuleManager: Shutting down and abandoning module Kismet (140)
[2015.11.01-18.52.04:523][255]LogModuleManager: Shutting down and abandoning module GraphEditor (139)
[2015.11.01-18.52.04:523][255]LogModuleManager: Shutting down and abandoning module ClassViewer (138)
[2015.11.01-18.52.04:523][255]LogModuleManager: Shutting down and abandoning module Toolbox (137)
[2015.11.01-18.52.04:523][255]LogModuleManager: Shutting down and abandoning module ModuleUI (136)
[2015.11.01-18.52.04:523][255]LogModuleManager: Shutting down and abandoning module MovieSceneTools (135)
[2015.11.01-18.52.04:523][255]LogModuleManager: Shutting down and abandoning module OutputLog (134)
[2015.11.01-18.52.04:523][255]LogModuleManager: Shutting down and abandoning module GammaUI (133)
[2015.11.01-18.52.04:523][255]LogModuleManager: Shutting down and abandoning module Documentation (132)
[2015.11.01-18.52.04:523][255]LogModuleManager: Shutting down and abandoning module GameLiveStreaming (131)
[2015.11.01-18.52.04:523][255]LogModuleManager: Shutting down and abandoning module StreamingPauseRendering (130)
[2015.11.01-18.52.04:523][255]LogModuleManager: Shutting down and abandoning module AnalyticsET (129)
[2015.11.01-18.52.04:523][255]LogModuleManager: Shutting down and abandoning module Analytics (128)
[2015.11.01-18.52.04:523][255]LogModuleManager: Shutting down and abandoning module AITestSuite (127)
[2015.11.01-18.52.04:523][255]LogModuleManager: Shutting down and abandoning module GameplayDebugger (126)
[2015.11.01-18.52.04:523][255]LogModuleManager: Shutting down and abandoning module AIModule (125)
[2015.11.01-18.52.04:523][255]LogModuleManager: Shutting down and abandoning module ProfilerService (124)
[2015.11.01-18.52.04:754][255]LogModuleManager: Shutting down and abandoning module TaskGraph (123)
[2015.11.01-18.52.04:754][255]LogModuleManager: Shutting down and abandoning module SubstanceEditor (122)
[2015.11.01-18.52.04:754][255]LogModuleManager: Shutting down and abandoning module SlateRemote (121)
[2015.11.01-18.52.04:754][255]LogModuleManager: Shutting down and abandoning module SteamVRController (120)
[2015.11.01-18.52.04:754][255]LogModuleManager: Shutting down and abandoning module SteamVR (119)
[2015.11.01-18.52.04:754][255]LogModuleManager: Shutting down and abandoning module ProceduralMeshComponent (118)
[2015.11.01-18.52.04:754][255]LogModuleManager: Shutting down and abandoning module OculusRift (117)
[2015.11.01-18.52.04:754][255]LogModuleManager: Shutting down and abandoning module OculusLibrary (116)
[2015.11.01-18.52.04:754][255]LogModuleManager: Shutting down and abandoning module LeapMotionController (115)
[2015.11.01-18.52.04:784][255]LogModuleManager: Shutting down and abandoning module CustomMeshComponent (114)
[2015.11.01-18.52.04:784][255]LogModuleManager: Shutting down and abandoning module CableComponent (113)
[2015.11.01-18.52.04:784][255]LogModuleManager: Shutting down and abandoning module ArchVisCharacter (112)
[2015.11.01-18.52.04:784][255]LogModuleManager: Shutting down and abandoning module MessagingDebugger (111)
[2015.11.01-18.52.04:784][255]LogModuleManager: Shutting down and abandoning module MediaPlayerEditor (110)
[2015.11.01-18.52.04:784][255]LogModuleManager: Shutting down and abandoning module HTML5Networking (109)
[2015.11.01-18.52.04:784][255]LogModuleManager: Shutting down and abandoning module SpeedTreeImporter (108)
[2015.11.01-18.52.04:784][255]LogModuleManager: Shutting down and abandoning module PluginBrowser (107)
[2015.11.01-18.52.04:784][255]LogModuleManager: Shutting down and abandoning module EpicSurvey (106)
[2015.11.01-18.52.04:784][255]LogModuleManager: Shutting down and abandoning module DesktopPlatform (105)
[2015.11.01-18.52.04:784][255]LogModuleManager: Shutting down and abandoning module VisualStudioSourceCodeAccess (104)
[2015.11.01-18.52.04:784][255]LogModuleManager: Shutting down and abandoning module UObjectPlugin (103)
[2015.11.01-18.52.04:784][255]LogModuleManager: Shutting down and abandoning module SubversionSourceControl (102)
[2015.11.01-18.52.04:784][255]LogModuleManager: Shutting down and abandoning module PerforceSourceControl (101)
[2015.11.01-18.52.04:784][255]LogModuleManager: Shutting down and abandoning module SourceControl (100)
[2015.11.01-18.52.04:784][255]LogModuleManager: Shutting down and abandoning module GitSourceControl (99)
[2015.11.01-18.52.04:784][255]LogModuleManager: Shutting down and abandoning module LightPropagationVolumeEditor (98)
[2015.11.01-18.52.04:784][255]LogModuleManager: Shutting down and abandoning module PaperTiledImporter (97)
[2015.11.01-18.52.04:784][255]LogModuleManager: Shutting down and abandoning module PaperSpriteSheetImporter (96)
[2015.11.01-18.52.04:785][255]LogModuleManager: Shutting down and abandoning module MeshPaint (95)
[2015.11.01-18.52.04:785][255]LogModuleManager: Shutting down and abandoning module SlateReflector (94)
[2015.11.01-18.52.04:785][255]LogModuleManager: Shutting down and abandoning module HotReload (93)
[2015.11.01-18.52.04:785][255]LogModuleManager: Shutting down and abandoning module MainFrame (92)
[2015.11.01-18.52.04:785][255]LogModuleManager: Shutting down and abandoning module LevelEditor (91)
[2015.11.01-18.52.04:786][255]LogModuleManager: Shutting down and abandoning module ContentBrowser (90)
[2015.11.01-18.52.04:787][255]LogModuleManager: Shutting down and abandoning module Paper2DEditor (89)
[2015.11.01-18.52.04:787][255]LogModuleManager: Shutting down and abandoning module UdpMessaging (88)
[2015.11.01-18.52.04:888][255]LogModuleManager: Shutting down and abandoning module DirectoryWatcher (87)
[2015.11.01-18.52.04:888][255]LogModuleManager: Shutting down and abandoning module AssetRegistry (86)
[2015.11.01-18.52.05:009][255]LogModuleManager: Shutting down and abandoning module SubstanceCore (85)
[2015.11.01-18.52.05:009][255]LogModuleManager: Shutting down and abandoning module LightPropagationVolumeRuntime (84)
[2015.11.01-18.52.05:009][255]LogModuleManager: Shutting down and abandoning module Paper2D (83)
[2015.11.01-18.52.05:009][255]LogModuleManager: Shutting down and abandoning module WindowsMoviePlayer (82)
[2015.11.01-18.52.05:014][255]LogModuleManager: Shutting down and abandoning module Media (81)
[2015.11.01-18.52.05:014][255]LogModuleManager: Shutting down and abandoning module WmfMedia (80)
[2015.11.01-18.52.05:014][255]LogModuleManager: Shutting down and abandoning module OnlineBlueprintSupport (79)
[2015.11.01-18.52.05:014][255]LogModuleManager: Shutting down and abandoning module GameplayTasksEditor (78)
[2015.11.01-18.52.05:014][255]LogModuleManager: Shutting down and abandoning module PropertyEditor (77)
[2015.11.01-18.52.05:014][255]LogModuleManager: Shutting down and abandoning module BehaviorTreeEditor (76)
[2015.11.01-18.52.05:014][255]LogModuleManager: Shutting down and abandoning module FunctionalTesting (75)
[2015.11.01-18.52.05:014][255]LogModuleManager: Shutting down and abandoning module CollisionAnalyzer (74)
[2015.11.01-18.52.05:014][255]LogModuleManager: Shutting down and abandoning module WorkspaceMenuStructure (73)
[2015.11.01-18.52.05:014][255]LogModuleManager: Shutting down and abandoning module MessageLog (72)
[2015.11.01-18.52.05:014][255]LogModuleManager: Shutting down and abandoning module Sequencer (71)
[2015.11.01-18.52.05:014][255]LogModuleManager: Shutting down and abandoning module AssetTools (70)
[2015.11.01-18.52.05:014][255]LogModuleManager: Shutting down and abandoning module UMGEditor (69)
[2015.11.01-18.52.05:014][255]LogModuleManager: Shutting down and abandoning module UMG (68)
[2015.11.01-18.52.05:014][255]LogModuleManager: Shutting down and abandoning module Slate (67)
[2015.11.01-18.52.05:014][255]LogModuleManager: Shutting down and abandoning module EditorStyle (66)
[2015.11.01-18.52.05:017][255]LogModuleManager: Shutting down and abandoning module SessionServices (65)
[2015.11.01-18.52.05:017][255]LogModuleManager: Shutting down and abandoning module SourceCodeAccess (64)
[2015.11.01-18.52.05:017][255]LogModuleManager: Shutting down and abandoning module HeadMountedDisplay (63)
[2015.11.01-18.52.05:017][255]LogModuleManager: Shutting down and abandoning module XAudio2 (62)
[2015.11.01-18.52.05:017][255]LogModuleManager: Shutting down and abandoning module Networking (60)
[2015.11.01-18.52.05:017][255]LogModuleManager: Shutting down and abandoning module Core (59)
[2015.11.01-18.52.05:017][255]LogModuleManager: Shutting down and abandoning module KismetCompiler (58)
[2015.11.01-18.52.05:017][255]LogModuleManager: Shutting down and abandoning module PhysXFormats (57)
[2015.11.01-18.52.05:017][255]LogModuleManager: Shutting down and abandoning module MeshUtilities (56)
[2015.11.01-18.52.05:017][255]LogModuleManager: Shutting down and abandoning module CookingStats (55)
[2015.11.01-18.52.05:019][255]LogModuleManager: Shutting down and abandoning module DerivedDataCache (54)
[2015.11.01-18.52.05:053][255]LogDerivedDataCache: Shutdown
[2015.11.01-18.52.05:053][255]LogModuleManager: Shutting down and abandoning module ShaderFormatOpenGL (53)
[2015.11.01-18.52.05:053][255]LogModuleManager: Shutting down and abandoning module ShaderFormatD3D (52)
[2015.11.01-18.52.05:053][255]LogModuleManager: Shutting down and abandoning module MetalShaderFormat (51)
[2015.11.01-18.52.05:053][255]LogModuleManager: Shutting down and abandoning module TextureFormatUncompressed (50)
[2015.11.01-18.52.05:053][255]LogModuleManager: Shutting down and abandoning module TextureFormatPVR (49)
[2015.11.01-18.52.05:053][255]LogModuleManager: Shutting down and abandoning module TextureFormatIntelISPCTexComp (48)
[2015.11.01-18.52.05:053][255]LogModuleManager: Shutting down and abandoning module TextureFormatDXT (47)
[2015.11.01-18.52.05:053][255]LogModuleManager: Shutting down and abandoning module ImageWrapper (46)
[2015.11.01-18.52.05:053][255]LogModuleManager: Shutting down and abandoning module TextureFormatASTC (45)
[2015.11.01-18.52.05:053][255]LogModuleManager: Shutting down and abandoning module TextureFormatAndroid (44)
[2015.11.01-18.52.05:053][255]LogModuleManager: Shutting down and abandoning module AudioFormatOpus (43)
[2015.11.01-18.52.05:053][255]LogModuleManager: Shutting down and abandoning module AudioFormatOgg (42)
[2015.11.01-18.52.05:053][255]LogModuleManager: Shutting down and abandoning module AudioFormatADPCM (41)
[2015.11.01-18.52.05:053][255]LogModuleManager: Shutting down and abandoning module LinuxTargetPlatform (40)
[2015.11.01-18.52.05:053][255]LogModuleManager: Shutting down and abandoning module LinuxServerTargetPlatform (39)
[2015.11.01-18.52.05:053][255]LogModuleManager: Shutting down and abandoning module LinuxNoEditorTargetPlatform (38)
[2015.11.01-18.52.05:053][255]LogModuleManager: Shutting down and abandoning module Messaging (37)
[2015.11.01-18.52.05:053][255]LogModuleManager: Shutting down and abandoning module IOSTargetPlatform (36)
[2015.11.01-18.52.05:053][255]LogModuleManager: Shutting down and abandoning module HTML5TargetPlatform (35)
[2015.11.01-18.52.05:053][255]LogModuleManager: Shutting down and abandoning module Android_PVRTCTargetPlatform (34)
[2015.11.01-18.52.05:053][255]LogModuleManager: Shutting down and abandoning module Android_ETC2TargetPlatform (33)
[2015.11.01-18.52.05:053][255]LogModuleManager: Shutting down and abandoning module Android_ETC1TargetPlatform (32)
[2015.11.01-18.52.05:053][255]LogModuleManager: Shutting down and abandoning module Android_DXTTargetPlatform (31)
[2015.11.01-18.52.05:053][255]LogModuleManager: Shutting down and abandoning module Android_ATCTargetPlatform (30)
[2015.11.01-18.52.05:053][255]LogModuleManager: Shutting down and abandoning module Android_ASTCTargetPlatform (29)
[2015.11.01-18.52.05:053][255]LogModuleManager: Shutting down and abandoning module AndroidTargetPlatform (28)
[2015.11.01-18.52.05:053][255]LogModuleManager: Shutting down and abandoning module WindowsTargetPlatform (27)
[2015.11.01-18.52.05:053][255]LogModuleManager: Shutting down and abandoning module WindowsServerTargetPlatform (26)
[2015.11.01-18.52.05:053][255]LogModuleManager: Shutting down and abandoning module WindowsNoEditorTargetPlatform (25)
[2015.11.01-18.52.05:053][255]LogModuleManager: Shutting down and abandoning module WindowsClientTargetPlatform (24)
[2015.11.01-18.52.05:053][255]LogModuleManager: Shutting down and abandoning module AllDesktopTargetPlatform (23)
[2015.11.01-18.52.05:053][255]LogModuleManager: Shutting down and abandoning module TargetPlatform (22)
[2015.11.01-18.52.05:053][255]LogModuleManager: Shutting down and abandoning module InputCore (21)
[2015.11.01-18.52.05:053][255]LogModuleManager: Shutting down and abandoning module Settings (20)
[2015.11.01-18.52.05:053][255]LogModuleManager: Shutting down and abandoning module OnlineSubsystem (18)
[2015.11.01-18.52.05:053][255]LogModuleManager: Shutting down and abandoning module HTTP (17)
[2015.11.01-18.52.07:056][255]LogModuleManager: Shutting down and abandoning module XMPP (16)
[2015.11.01-18.52.07:056][255]LogModuleManager: Shutting down and abandoning module ExampleDeviceProfileSelector (15)
[2015.11.01-18.52.07:056][255]LogModuleManager: Shutting down and abandoning module TextureCompressor (14)
[2015.11.01-18.52.07:056][255]LogModuleManager: Shutting down and abandoning module ShaderCore (13)
[2015.11.01-18.52.07:056][255]LogModuleManager: Shutting down and abandoning module Landscape (12)
[2015.11.01-18.52.07:056][255]LogModuleManager: Shutting down and abandoning module SlateRHIRenderer (11)
[2015.11.01-18.52.07:056][255]LogModuleManager: Shutting down and abandoning module OpenGLDrv (10)
[2015.11.01-18.52.07:056][255]LogModuleManager: Shutting down and abandoning module D3D11RHI (9)
[2015.11.01-18.52.07:056][255]LogModuleManager: Shutting down and abandoning module AnimGraphRuntime (8)
[2015.11.01-18.52.07:056][255]LogModuleManager: Shutting down and abandoning module Renderer (7)
[2015.11.01-18.52.07:056][255]LogModuleManager: Shutting down and abandoning module Engine (6)
[2015.11.01-18.52.07:056][255]LogModuleManager: Shutting down and abandoning module CoreUObject (5)
[2015.11.01-18.52.07:056][255]LogModuleManager: Shutting down and abandoning module NetworkFile (4)
[2015.11.01-18.52.07:056][255]LogModuleManager: Shutting down and abandoning module StreamingFile (3)
[2015.11.01-18.52.07:056][255]LogModuleManager: Shutting down and abandoning module SandboxFile (2)
[2015.11.01-18.52.07:056][255]LogModuleManager: Shutting down and abandoning module PakFile (1)
[2015.11.01-18.52.07:056][255]LogExit: Exiting.
[2015.11.01-18.52.07:057][255]Log file closed, 11/01/15 13:52:07
