[2015.10.24-19.35.38:787][  0]Log file open, 10/24/15 15:35:38
[2015.10.24-19.35.38:787][  0]LogInit:Display: Running engine without a game
[2015.10.24-19.35.38:787][  0]LogInit:Display: Loading recent project file: ../../../../../../../My Media/UCF Documents/DIG 4725/Game-Files/SuperSpaceArmada/SuperSpaceArmada.uproject
[2015.10.24-19.35.38:787][  0]LogInit:Display: RandInit(1330254528) SRandInit(1330254530).
[2015.10.24-19.35.38:787][  0]LogTaskGraph: Started task graph with 4 named threads and 7 total threads.
[2015.10.24-19.35.38:787][  0]LogStats: Stats thread started at 0.064693
[2015.10.24-19.35.38:787][  0]LogInit: Version: 4.9.1-2689999+++depot+UE4-Releases+4.9
[2015.10.24-19.35.38:788][  0]LogInit: API Version: 2672455
[2015.10.24-19.35.38:788][  0]LogInit: Compiled (64-bit): Sep 14 2015 04:12:03
[2015.10.24-19.35.38:788][  0]LogInit: Compiled with Visual C++: 18.00.21005.01
[2015.10.24-19.35.38:788][  0]LogInit: Build Configuration: Development
[2015.10.24-19.35.38:788][  0]LogInit: Branch Name: ++depot+UE4-Releases+4.9
[2015.10.24-19.35.38:788][  0]LogInit: Command line: 
[2015.10.24-19.35.38:788][  0]LogInit: Base directory: F:/Program Files/Unreal/Epic Games/4.9/Engine/Binaries/Win64/
[2015.10.24-19.35.38:788][  0]LogInit: Rocket: 1
[2015.10.24-19.35.38:795][  0]LogInit: Using libcurl 7.41.0
[2015.10.24-19.35.38:795][  0]LogInit:  - built for x86_64-pc-win32
[2015.10.24-19.35.38:795][  0]LogInit:  - supports SSL with WinSSL
[2015.10.24-19.35.38:795][  0]LogInit:  - other features:
[2015.10.24-19.35.38:795][  0]LogInit:      CURL_VERSION_SSL
[2015.10.24-19.35.38:795][  0]LogInit:      CURL_VERSION_IPV6
[2015.10.24-19.35.38:795][  0]LogInit:      CURL_VERSION_ASYNCHDNS
[2015.10.24-19.35.38:795][  0]LogInit:      CURL_VERSION_LARGEFILE
[2015.10.24-19.35.38:795][  0]LogInit:      CURL_VERSION_IDN
[2015.10.24-19.35.38:795][  0]LogInit:  CurlRequestOptions (configurable via config and command line):
[2015.10.24-19.35.38:795][  0]LogInit:  - bVerifyPeer = true  - Libcurl will verify peer certificate
[2015.10.24-19.35.38:795][  0]LogInit:  - bUseHttpProxy = false  - Libcurl will NOT use HTTP proxy
[2015.10.24-19.35.38:795][  0]LogInit:  - bDontReuseConnections = false  - Libcurl will reuse connections
[2015.10.24-19.35.38:795][  0]LogInit:  - CertBundlePath = nullptr  - Libcurl will use whatever was configured at build time.
[2015.10.24-19.35.38:800][  0]LogInit: Presizing for 0 objects not considered by GC, pre-allocating 0 bytes.
[2015.10.24-19.35.38:805][  0]LogInit: Object subsystem initialized
[2015.10.24-19.35.38:806][  0]LogInit: Selected Device Profile: [Windows]
[2015.10.24-19.35.38:806][  0]LogInit: Applying CVar settings loaded from the selected device profile: [Windows]
[2015.10.24-19.35.38:812][  0]LogInit: Computer: ANDREW_2015
[2015.10.24-19.35.38:812][  0]LogInit: User: aehrlich92
[2015.10.24-19.35.38:812][  0]LogInit: CPU Page size=4096, Cores=4
[2015.10.24-19.35.38:812][  0]LogInit: High frequency timer resolution =3.984649 MHz
[2015.10.24-19.35.38:813][  0]LogMemory: Memory total: Physical=15.9GB (16GB approx)
[2015.10.24-19.35.38:813][  0]LogMemory: Platform Memory Stats for Windows
[2015.10.24-19.35.38:813][  0]LogMemory: Process Physical Memory: 55.05 MB used, 55.05 MB peak
[2015.10.24-19.35.38:813][  0]LogMemory: Process Virtual Memory: 58.50 MB used, 58.50 MB peak
[2015.10.24-19.35.38:813][  0]LogMemory: Physical Memory: 6545.25 MB used, 16322.88 MB total
[2015.10.24-19.35.38:813][  0]LogMemory: Virtual Memory: 368.35 MB used, 134217728.00 MB total
[2015.10.24-19.35.38:851][  0]LogTextLocalizationManager: No specific translations for ('en-US') exist, so ('en') translations will be used.
[2015.10.24-19.35.39:375][  0]LogD3D11RHI: Found D3D11 adapter 0: NVIDIA GeForce GTX 960 (Feature Level 11_0)
[2015.10.24-19.35.39:375][  0]LogD3D11RHI: Adapter has 1969MB of dedicated video memory, 0MB of dedicated system memory, and 8161MB of shared system memory, 2 output[s]
[2015.10.24-19.35.39:377][  0]LogD3D11RHI: Found D3D11 adapter 1: Microsoft Basic Render Driver (Feature Level 11_0)
[2015.10.24-19.35.39:377][  0]LogD3D11RHI: Adapter has 0MB of dedicated video memory, 0MB of dedicated system memory, and 8161MB of shared system memory, 0 output[s]
[2015.10.24-19.35.39:377][  0]LogD3D11RHI: Chosen D3D11 Adapter Id = 0
[2015.10.24-19.35.39:381][  0]LogD3D11RHI: !Direct3DDevice
[2015.10.24-19.35.39:381][  0]LogRHI: Texture pool is 1361 MB (70% of 1945 MB)
[2015.10.24-19.35.39:390][  0]LogD3D11RHI: Async texture creation enabled
[2015.10.24-19.35.39:406][  0]LogShaderCompilers: Guid format shader working directory is 14 characters bigger than the processId version (../../../../../../../My Media/UCF Documents/DIG 4725/Game-Files/SuperSpaceArmada/Intermediate/Shaders/WorkingDirectory/20148/).
[2015.10.24-19.35.39:406][  0]LogShaderCompilers: Cleaned the shader compiler working directory '../../../../../../../My Media/UCF Documents/DIG 4725/Game-Files/SuperSpaceArmada/Intermediate/Shaders/tmp/C7BA8AF44CBAFDF4C8E02582EAD8615C/'.
[2015.10.24-19.35.39:406][  0]LogShaderCompilers:Display: Using Local Shader Compiler.
[2015.10.24-19.35.40:128][  0]LogTemp:Display: Loaded TP AllDesktopTargetPlatform
[2015.10.24-19.35.40:132][  0]LogTemp:Display: Loaded TP WindowsClientTargetPlatform
[2015.10.24-19.35.40:136][  0]LogTemp:Display: Loaded TP WindowsNoEditorTargetPlatform
[2015.10.24-19.35.40:140][  0]LogTemp:Display: Loaded TP WindowsServerTargetPlatform
[2015.10.24-19.35.40:143][  0]LogTemp:Display: Loaded TP WindowsTargetPlatform
[2015.10.24-19.35.40:146][  0]LogTemp:Display: Loaded TP AndroidTargetPlatform
[2015.10.24-19.35.40:149][  0]LogTemp:Display: Loaded TP Android_ASTCTargetPlatform
[2015.10.24-19.35.40:152][  0]LogTemp:Display: Loaded TP Android_ATCTargetPlatform
[2015.10.24-19.35.40:155][  0]LogTemp:Display: Loaded TP Android_DXTTargetPlatform
[2015.10.24-19.35.40:157][  0]LogTemp:Display: Loaded TP Android_ETC1TargetPlatform
[2015.10.24-19.35.40:160][  0]LogTemp:Display: Loaded TP Android_ETC2TargetPlatform
[2015.10.24-19.35.40:163][  0]LogTemp:Display: Loaded TP Android_PVRTCTargetPlatform
[2015.10.24-19.35.40:164][  0]LogTemp:Display: Loaded TP HTML5TargetPlatform
[2015.10.24-19.35.40:180][  0]LogTemp:Display: Loaded TP IOSTargetPlatform
[2015.10.24-19.35.40:183][  0]LogTemp:Display: Loaded TP LinuxNoEditorTargetPlatform
[2015.10.24-19.35.40:186][  0]LogTemp:Display: Loaded TP LinuxServerTargetPlatform
[2015.10.24-19.35.40:189][  0]LogTemp:Display: Loaded TP LinuxTargetPlatform
[2015.10.24-19.35.40:189][  0]LogTargetPlatformManager:Display: Building Assets For Windows
[2015.10.24-19.35.40:247][  0]LogDerivedDataCache:Display: Max Cache Size: 512 MB
[2015.10.24-19.35.40:275][  0]LogDerivedDataCache: Loaded boot cache 0.03s 41MB C:/Users/aehrlich92/AppData/Local/UnrealEngine/4.9/DerivedDataCache/Boot.ddc.
[2015.10.24-19.35.40:275][  0]LogDerivedDataCache:Display: Loaded Boot cache: C:/Users/aehrlich92/AppData/Local/UnrealEngine/4.9/DerivedDataCache/Boot.ddc
[2015.10.24-19.35.40:276][  0]LogDerivedDataCache: FDerivedDataBackendGraph:  Pak pak cache file ../../../../../../../My Media/UCF Documents/DIG 4725/Game-Files/SuperSpaceArmada/DerivedDataCache/DDC.ddp not found, will not use a pak cache.
[2015.10.24-19.35.40:276][  0]LogDerivedDataCache: Unable to find inner node Pak for hierarchical cache Hierarchy.
[2015.10.24-19.35.40:276][  0]LogDerivedDataCache: FDerivedDataBackendGraph:  CompressedPak pak cache file ../../../../../../../My Media/UCF Documents/DIG 4725/Game-Files/SuperSpaceArmada/DerivedDataCache/Compressed.ddp not found, will not use a pak cache.
[2015.10.24-19.35.40:276][  0]LogDerivedDataCache: Unable to find inner node CompressedPak for hierarchical cache Hierarchy.
[2015.10.24-19.35.40:374][  0]LogDerivedDataCache:Display: Pak cache opened for reading ../../../Engine/DerivedDataCache/Compressed.ddp.
[2015.10.24-19.35.40:385][  0]LogDerivedDataCache: Using Local data cache path C:/Users/aehrlich92/AppData/Local/UnrealEngine/Common/DerivedDataCache: Writable
[2015.10.24-19.35.40:497][  0]LogInit: Selected Device Profile: [Windows]
[2015.10.24-19.35.40:499][  0]LogContentStreaming: Texture pool size is 0.000000MB
[2015.10.24-19.35.40:580][  0]LogMeshUtilities: No automatic mesh reduction module available
[2015.10.24-19.35.40:580][  0]LogMeshUtilities: No automatic mesh merging module available
[2015.10.24-19.35.40:747][  0]LogInit: WinSock: version 1.1 (2.2), MaxSocks=32767, MaxUdp=65467
[2015.10.24-19.35.41:227][  0]LogAssetRegistry: FAssetRegistry took 0.0104 seconds to start up
[2015.10.24-19.35.41:235][  0]UdpMessaging: Initializing bridge on interface 0.0.0.0:0 to multicast group 230.0.0.1:6666.
[2015.10.24-19.35.41:414][  0]SourceControl: Info Source control is disabled
[2015.10.24-19.35.41:421][  0]SourceControl: Info Source control is disabled
[2015.10.24-19.35.41:427][  0]SourceControl: Info Source control is disabled
[2015.10.24-19.35.41:433][  0]SourceControl: Info Source control is disabled
[2015.10.24-19.35.41:514][  0]LogLinker:Warning: Asset '../../../Engine/Plugins/Runtime/LeapMotionController/Content/LM_PassthroughMaterial.uasset' has been saved with empty engine version. The asset will be loaded but may be incompatible.
[2015.10.24-19.35.41:567][  0]LogObj: 28528 objects as part of root set at end of initial load.
[2015.10.24-19.35.41:567][  0]LogUObjectAllocator: 6068464 out of 0 bytes used by permanent object pool.
[2015.10.24-19.35.41:609][  0]LogEngine: Initializing Engine...
[2015.10.24-19.35.41:611][  0]LogHMD: Can't find Oculus library dev build: is proper Runtime installed? Version: 0.7.0.0
[2015.10.24-19.35.41:612][  0]LogHMD: SteamVR failed to initialize.  Err: 110
[2015.10.24-19.35.41:695][  0]LogAIModule: Creating AISystem for world NewWorld
[2015.10.24-19.35.41:701][  0]LogInit: XAudio2 using 'Speakers (Realtek High Definition Audio)' : 8 channels at 48 kHz using 32 bits per sample (channel mask 0x63f)
[2015.10.24-19.35.41:711][  0]LogInit: FAudioDevice initialized.
[2015.10.24-19.35.41:727][  0]LogDerivedDataCache: Saved boot cache 0.02s 41MB C:/Users/aehrlich92/AppData/Local/UnrealEngine/4.9/DerivedDataCache/Boot.ddc.
[2015.10.24-19.35.41:730][  0]LogInit: Texture streaming: Enabled
[2015.10.24-19.35.41:733][  0]LogAnalytics: Creating configured Analytics provider AnalyticsET
[2015.10.24-19.35.41:733][  0]LogAnalytics: [UEEditor.Rocket.Release] APIServer = http://et2.epicgames.com/ET2/. AppVersion = 4.9.1-2689999+++depot+UE4-Releases+4.9
[2015.10.24-19.35.41:733][  0]LogAnalytics: [UEEditor.Rocket.Release] SetUserId 7bdbd2584788e6e37f918c9187bab22c|b300224d71e64562a5bff06c2aaa78f8|45aed112-7b58-41bf-9eba-b8dcb7f9dd12
[2015.10.24-19.35.41:733][  0]LogAnalytics: [UEEditor.Rocket.Release] AnalyticsET::StartSession
[2015.10.24-19.35.41:764][  0]LogInit: Transaction tracking system initialized
[2015.10.24-19.35.41:786][  0]BlueprintLog: New page: Editor Load
[2015.10.24-19.35.41:840][  0]LocalizationService: Info Localization service is disabled
[2015.10.24-19.35.41:894][  0]LogConsoleResponse:Display: 
[2015.10.24-19.35.41:974][  0]LogCook:Display: Done creating registry. It took  0.00s.
[2015.10.24-19.35.42:010][  0]LogFileCache: Scanning file cache for directory 'F:/My Media/UCF Documents/DIG 4725/Game-Files/SuperSpaceArmada/Content/' took 0.01s
[2015.10.24-19.35.42:010][  0]SourceControl: Info Source control is disabled
[2015.10.24-19.35.42:010][  0]Cmd: MAP LOAD FILE="../../../../../../../My Media/UCF Documents/DIG 4725/Game-Files/SuperSpaceArmada/Content/SSA/Maps/Home_Kratakos.umap" TEMPLATE=0 SHOWPROGRESS=1 FEATURELEVEL=3
[2015.10.24-19.35.42:010][  0]LightingResults: New page: Lighting Build
[2015.10.24-19.35.42:012][  0]MapCheck: New page: Map Check
[2015.10.24-19.35.42:012][  0]LightingResults: New page: Lighting Build
[2015.10.24-19.35.42:020][  0]LogParticles: Destroying 0 GPU particle simulations for FXSystem 0x000000C0B28A9620
[2015.10.24-19.35.42:080][  0]LogLinker:Warning: Asset '../../../../../../../My Media/UCF Documents/DIG 4725/Game-Files/SuperSpaceArmada/Content/Mannequin/Animations/ThirdPerson_AnimBP.uasset' has been saved with empty engine version. The asset will be loaded but may be incompatible.
[2015.10.24-19.35.42:081][  0]LogLinker:Warning: Asset '../../../../../../../My Media/UCF Documents/DIG 4725/Game-Files/SuperSpaceArmada/Content/Mannequin/Animations/ThirdPerson_Jump.uasset' has been saved with empty engine version. The asset will be loaded but may be incompatible.
[2015.10.24-19.35.42:082][  0]LogLinker:Warning: Asset '../../../../../../../My Media/UCF Documents/DIG 4725/Game-Files/SuperSpaceArmada/Content/Mannequin/Animations/ThirdPersonJump_Loop.uasset' has been saved with empty engine version. The asset will be loaded but may be incompatible.
[2015.10.24-19.35.42:083][  0]LogLinker:Warning: Asset '../../../../../../../My Media/UCF Documents/DIG 4725/Game-Files/SuperSpaceArmada/Content/Mannequin/Animations/ThirdPersonJump_Start.uasset' has been saved with empty engine version. The asset will be loaded but may be incompatible.
[2015.10.24-19.35.42:084][  0]LogLinker:Warning: Asset '../../../../../../../My Media/UCF Documents/DIG 4725/Game-Files/SuperSpaceArmada/Content/Mannequin/Animations/ThirdPerson_IdleRun_2D.uasset' has been saved with empty engine version. The asset will be loaded but may be incompatible.
[2015.10.24-19.35.42:084][  0]LogLinker:Warning: Asset '../../../../../../../My Media/UCF Documents/DIG 4725/Game-Files/SuperSpaceArmada/Content/Mannequin/Animations/ThirdPersonIdle.uasset' has been saved with empty engine version. The asset will be loaded but may be incompatible.
[2015.10.24-19.35.42:085][  0]LogLinker:Warning: Asset '../../../../../../../My Media/UCF Documents/DIG 4725/Game-Files/SuperSpaceArmada/Content/Mannequin/Animations/ThirdPersonRun.uasset' has been saved with empty engine version. The asset will be loaded but may be incompatible.
[2015.10.24-19.35.42:085][  0]LogLinker:Warning: Asset '../../../../../../../My Media/UCF Documents/DIG 4725/Game-Files/SuperSpaceArmada/Content/Mannequin/Animations/ThirdPersonWalk.uasset' has been saved with empty engine version. The asset will be loaded but may be incompatible.
[2015.10.24-19.35.42:601][  0]LogBlueprint:Error: [compiler Player] Error Could not find a function named "Player 1 End" in 'HUD_C'.
Make sure 'HUD_C' has been compiled for  Player 1 End 
[2015.10.24-19.35.42:656][  0]LogBlueprint:Warning: [compiler Player] Warning [0004.29] Compile of Player failed. 1 Fatal Issue(s) 0 Warning(s) [in 82 ms]
[2015.10.24-19.35.42:656][  0]LogBlueprint:Warning: [compiler Player] Warning [0004.29] Compile of Player failed. 1 Fatal Issue(s) 1 Warning(s) [in 0 ms]
[2015.10.24-19.35.42:656][  0]LogBlueprint:Warning: [compiler Player] Warning [0004.29] Compile of Player failed. 1 Fatal Issue(s) 2 Warning(s) [in 0 ms]
[2015.10.24-19.35.42:891][  0]LogBlueprint:Error: Broken Node: K2Node_CallFunction /Game/SSA/Blueprints/Objects/Debris.Debris:Debris Collision func.K2Node_CallFunction_3036 keeps removed/invalid pin: EdGraphPin /Game/SSA/Blueprints/Objects/Debris.Debris:Debris Collision func.K2Node_CallFunction_3036.EdGraphPin_189478. Try refresh all nodes.
[2015.10.24-19.35.42:892][  0]LogBlueprint:Error: Broken Node: K2Node_CallFunction /Game/SSA/Blueprints/Objects/Debris.Debris:Debris Collision func.K2Node_CallFunction_2761 keeps removed/invalid pin: EdGraphPin /Game/SSA/Blueprints/Objects/Debris.Debris:Debris Collision func.K2Node_CallFunction_2761.EdGraphPin_189448. Try refresh all nodes.
[2015.10.24-19.35.43:098][  0]LogBlueprint:Error: Broken Node: K2Node_CallFunction /Game/SSA/Blueprints/Objects/Debris.Debris:Debris Collision func.K2Node_CallFunction_2761 keeps removed/invalid pin: EdGraphPin /Game/SSA/Blueprints/Objects/Debris.Debris:Debris Collision func.K2Node_CallFunction_2761.EdGraphPin_189448. Try refresh all nodes.
[2015.10.24-19.35.43:098][  0]LogBlueprint:Error: Broken Node: K2Node_CallFunction /Game/SSA/Blueprints/Objects/Debris.Debris:Debris Collision func.K2Node_CallFunction_3036 keeps removed/invalid pin: EdGraphPin /Game/SSA/Blueprints/Objects/Debris.Debris:Debris Collision func.K2Node_CallFunction_3036.EdGraphPin_189478. Try refresh all nodes.
[2015.10.24-19.35.43:560][  0]LogLinker:Warning: Can't find file '/Game/Geometry/Meshes/1M_Cube'
[2015.10.24-19.35.43:560][  0]LogLinker:Warning: Can't find file for asset '/Game/Geometry/Meshes/1M_Cube' while loading ../../../../../../../My Media/UCF Documents/DIG 4725/Game-Files/SuperSpaceArmada/Content/SSA/Blueprints/Objects/Crystal_Spawner.uasset.
[2015.10.24-19.35.43:560][  0]LoadErrors:Error: Error /Game/SSA/Blueprints/Objects/Crystal_Spawner : Can't find file for asset. /Game/Geometry/Meshes/1M_Cube
[2015.10.24-19.35.43:560][  0]LogLinker:Warning: Can't find file '/Game/Geometry/Meshes/1M_Cube'
[2015.10.24-19.35.43:561][  0]LogLinker:Warning: Can't find file for asset '/Game/Geometry/Meshes/1M_Cube' while loading ../../../../../../../My Media/UCF Documents/DIG 4725/Game-Files/SuperSpaceArmada/Content/SSA/Blueprints/Objects/Crystal_Spawner.uasset.
[2015.10.24-19.35.43:561][  0]LoadErrors:Error: Error /Game/SSA/Blueprints/Objects/Crystal_Spawner : Can't find file for asset. /Game/Geometry/Meshes/1M_Cube
[2015.10.24-19.35.43:562][  0]LogLinker:Warning: Can't find file '/Game/Geometry/Meshes/1M_Cube'
[2015.10.24-19.35.43:562][  0]LogLinker:Warning: Can't find file for asset '/Game/Geometry/Meshes/1M_Cube' while loading ../../../../../../../My Media/UCF Documents/DIG 4725/Game-Files/SuperSpaceArmada/Content/SSA/Maps/Home_Kratakos.umap.
[2015.10.24-19.35.43:562][  0]LoadErrors:Error: Error /Game/SSA/Maps/Home_Kratakos : Can't find file for asset. /Game/Geometry/Meshes/1M_Cube
[2015.10.24-19.35.43:562][  0]LogLinker:Warning: Can't find file '/Game/Geometry/Meshes/1M_Cube'
[2015.10.24-19.35.43:562][  0]LogLinker:Warning: Can't find file for asset '/Game/Geometry/Meshes/1M_Cube' while loading ../../../../../../../My Media/UCF Documents/DIG 4725/Game-Files/SuperSpaceArmada/Content/SSA/Maps/Home_Kratakos.umap.
[2015.10.24-19.35.43:562][  0]LoadErrors:Error: Error /Game/SSA/Maps/Home_Kratakos : Can't find file for asset. /Game/Geometry/Meshes/1M_Cube
[2015.10.24-19.35.43:563][  0]LogLinker:Warning: Can't find file '/Game/Geometry/Meshes/1M_Cube'
[2015.10.24-19.35.43:563][  0]LoadErrors: Info Failed to load /Game/Geometry/Meshes/1M_Cube.1M_Cube Referenced by StaticMeshComponent0
[2015.10.24-19.35.43:563][  0]LogLinker:Warning: Can't find file for asset '/Game/Geometry/Meshes/1M_Cube' while loading ../../../../../../../My Media/UCF Documents/DIG 4725/Game-Files/SuperSpaceArmada/Content/SSA/Maps/Home_Kratakos.umap.
[2015.10.24-19.35.43:563][  0]LoadErrors: Info Failed to load /Game/Geometry/Meshes/1M_Cube.1M_Cube Referenced by StaticMeshComponent0
[2015.10.24-19.35.43:563][  0]LoadErrors:Error: Error /Game/SSA/Maps/Home_Kratakos : Can't find file for asset. /Game/Geometry/Meshes/1M_Cube
[2015.10.24-19.35.44:215][  0]LogAIModule: Creating AISystem for world Home_Kratakos
[2015.10.24-19.35.44:221][  0]LogEditorServer: Finished looking for orphan Actors (0.000 secs)
[2015.10.24-19.35.44:221][  0]Cmd: MAP CHECKDEP NOCLEARLOG
[2015.10.24-19.35.44:270][  0]MapCheck: Info Map check complete: 0 Error(s), 0 Warning(s), took 49.402ms to complete.
[2015.10.24-19.35.44:270][  0]LogFileHelpers: Loading map 'Home_Kratakos' took 2.261
[2015.10.24-19.35.44:372][  0]LogCollectionManager: Loaded 0 collections in 0.000965 seconds
[2015.10.24-19.35.44:409][  0]LogFileCache: Scanning file cache for directory 'F:/My Media/UCF Documents/DIG 4725/Game-Files/SuperSpaceArmada/Saved/Collections/' took 0.01s
[2015.10.24-19.35.44:409][  0]LogFileCache: Scanning file cache for directory 'F:/My Media/UCF Documents/DIG 4725/Game-Files/SuperSpaceArmada/Content/Developers/aehrlich92/Collections/' took 0.01s
[2015.10.24-19.35.44:409][  0]LogFileCache: Scanning file cache for directory 'F:/My Media/UCF Documents/DIG 4725/Game-Files/SuperSpaceArmada/Content/Collections/' took 0.01s
[2015.10.24-19.35.44:409][  0]LogContentBrowser: Native class hierarchy populated in 0.0054 seconds. Added 1882 classes and 339 folders.
[2015.10.24-19.35.44:414][  0]LogCollectionManager: Rebuilt the GUID cache for 0 collections in 0.000002 seconds
[2015.10.24-19.35.44:418][  0]LogContentBrowser: Native class hierarchy updated for 'WidgetCarousel' in 0.0002 seconds. Added 0 classes and 0 folders.
[2015.10.24-19.35.44:443][  0]LogContentBrowser: Native class hierarchy updated for 'AddContentDialog' in 0.0003 seconds. Added 0 classes and 0 folders.
[2015.10.24-19.35.44:446][  0]LogContentBrowser: Native class hierarchy updated for 'SceneOutliner' in 0.0002 seconds. Added 1 classes and 2 folders.
[2015.10.24-19.35.44:467][  0]LogCrashTracker: Crashtracker disabled due to settings.
[2015.10.24-19.35.44:470][  0]LogUObjectGlobals:Warning: Failed to find object 'Class None.'
[2015.10.24-19.35.44:492][  0]LogLoad: Full Startup: 6.12 seconds (BP compile: 0.73 seconds)
[2015.10.24-19.35.44:500][  0]LoadErrors:Error: Error /Game/SSA/Blueprints/Player : Failed import for Player_C /Game/SSA/Blueprints/Player/Player.Default__Player_C
[2015.10.24-19.35.44:501][  0]LoadErrors:Error: Error /Game/SSA/Blueprints/Player_Human : Failed import for Player_Human_C /Game/SSA/Blueprints/Player/Player_Human.Default__Player_Human_C [redirection] in /Game/SSA/Blueprints/Player_Human
[2015.10.24-19.35.44:540][  0]LogContentStreaming: Texture pool size now 1000 MB
[2015.10.24-19.35.44:638][  0]LogRenderer: Reallocating scene render targets to support 1208x584 (Frame:2).
[2015.10.24-19.35.45:033][ 12]LogAssetRegistry: Asset discovery search completed in 3.8168 seconds
[2015.10.24-19.35.45:033][ 12]LogCollectionManager: Rebuilt the object cache for 0 collections in 0.000000 seconds (found 0 objects)
[2015.10.24-19.35.45:033][ 12]LogCollectionManager: Fixed up redirectors for 0 collections in 0.000015 seconds (updated 0 objects)
[2015.10.24-19.35.49:335][475]LogLinker:Warning: Asset '../../../Engine/Content/ArtTools/RenderToTexture/Macros/RenderToTextureMacros.uasset' has been saved with empty engine version. The asset will be loaded but may be incompatible.
[2015.10.24-19.35.49:684][475]LogContentBrowser: Native class hierarchy updated for 'BlueprintGraph' in 0.0005 seconds. Added 107 classes and 0 folders.
[2015.10.24-19.36.04:760][642]LogBlueprintUserMessages: Early PlayInEditor Detection: Level '/Game/SSA/Maps/Home_Kratakos.Home_Kratakos:PersistentLevel' has LevelScriptBlueprint '/Game/SSA/Maps/Home_Kratakos.Home_Kratakos:PersistentLevel.Home_Kratakos' with GeneratedClass '/Game/SSA/Maps/Home_Kratakos.Home_Kratakos_C' with ClassGeneratedBy '/Game/SSA/Maps/Home_Kratakos.Home_Kratakos:PersistentLevel.Home_Kratakos'
[2015.10.24-19.36.04:760][642]BlueprintLog: New page: Pre-Play auto-recompile
[2015.10.24-19.36.04:780][642]LogPlayLevel: [PlayLevel] Compiling Player before play...
[2015.10.24-19.36.04:874][642]LogBlueprint:Error: Broken Node: K2Node_CallFunction /Game/SSA/Blueprints/Objects/Debris.Debris:Debris Collision func.K2Node_CallFunction_2761 keeps removed/invalid pin: EdGraphPin /Game/SSA/Blueprints/Objects/Debris.Debris:Debris Collision func.K2Node_CallFunction_2761.EdGraphPin_189448. Try refresh all nodes.
[2015.10.24-19.36.04:874][642]LogBlueprint:Error: Broken Node: K2Node_CallFunction /Game/SSA/Blueprints/Objects/Debris.Debris:Debris Collision func.K2Node_CallFunction_3036 keeps removed/invalid pin: EdGraphPin /Game/SSA/Blueprints/Objects/Debris.Debris:Debris Collision func.K2Node_CallFunction_3036.EdGraphPin_189478. Try refresh all nodes.
[2015.10.24-19.36.05:048][642]LogCrashTracker: 


[2015.10.24-19.36.05:048][642]LogCrashTracker: 


[2015.10.24-19.36.05:048][642]LogWindows: === Critical error: ===
Fatal error!



[2015.10.24-19.36.05:136][642]LogExit: Executing StaticShutdownAfterError
[2015.10.24-19.36.05:143][642]LogPhysics:Warning: PHYSX: ..\..\PhysX\src\NpScene.cpp (2946) 8 : PxScene::unlockWrite() called without matching call to PxScene::lockWrite(), behaviour will be undefined.
[2015.10.24-19.36.05:143][642]LogPhysics:Warning: PHYSX: ..\..\PhysX\src\NpScene.cpp (2946) 8 : PxScene::unlockWrite() called without matching call to PxScene::lockWrite(), behaviour will be undefined.
[2015.10.24-19.36.05:143][642]LogPhysics:Warning: PHYSX: ..\..\PhysX\src\NpScene.cpp (2946) 8 : PxScene::unlockWrite() called without matching call to PxScene::lockWrite(), behaviour will be undefined.
[2015.10.24-19.36.05:143][642]LogPhysics:Warning: PHYSX: ..\..\PhysX\src\NpScene.cpp (2946) 8 : PxScene::unlockWrite() called without matching call to PxScene::lockWrite(), behaviour will be undefined.
[2015.10.24-19.36.05:143][642]LogWindows: FPlatformMisc::RequestExit(1)
[2015.10.24-19.36.05:143][642]Log file closed, 10/24/15 15:36:05
