[2015.09.08-19.12.35:104][  0]Log file open, 09/08/15 15:12:35
[2015.09.08-19.12.35:104][  0]LogInit:Display: Running engine for game: SuperSpaceArmada
[2015.09.08-19.12.35:104][  0]LogInit:Display: RandInit(967576524) SRandInit(967576524).
[2015.09.08-19.12.35:104][  0]LogTaskGraph: Started task graph with 4 named threads and 5 total threads.
[2015.09.08-19.12.35:104][  0]LogStats: Stats thread started at 0.066159
[2015.09.08-19.12.35:104][  0]LogInit: Version: 4.9.0-2672455+++depot+UE4-Releases+4.9
[2015.09.08-19.12.35:104][  0]LogInit: API Version: 2672455
[2015.09.08-19.12.35:104][  0]LogInit: Compiled (64-bit): Aug 28 2015 12:33:01
[2015.09.08-19.12.35:104][  0]LogInit: Compiled with Visual C++: 18.00.21005.01
[2015.09.08-19.12.35:104][  0]LogInit: Build Configuration: Development
[2015.09.08-19.12.35:104][  0]LogInit: Branch Name: ++depot+UE4-Releases+4.9
[2015.09.08-19.12.35:104][  0]LogInit: Command line: 
[2015.09.08-19.12.35:104][  0]LogInit: Base directory: C:/Program Files/Epic Games/4.9/Engine/Binaries/Win64/
[2015.09.08-19.12.35:104][  0]LogInit: Rocket: 1
[2015.09.08-19.12.35:113][  0]LogInit: Using libcurl 7.41.0
[2015.09.08-19.12.35:113][  0]LogInit:  - built for x86_64-pc-win32
[2015.09.08-19.12.35:113][  0]LogInit:  - supports SSL with WinSSL
[2015.09.08-19.12.35:113][  0]LogInit:  - other features:
[2015.09.08-19.12.35:113][  0]LogInit:      CURL_VERSION_SSL
[2015.09.08-19.12.35:113][  0]LogInit:      CURL_VERSION_IPV6
[2015.09.08-19.12.35:113][  0]LogInit:      CURL_VERSION_ASYNCHDNS
[2015.09.08-19.12.35:113][  0]LogInit:      CURL_VERSION_LARGEFILE
[2015.09.08-19.12.35:113][  0]LogInit:      CURL_VERSION_IDN
[2015.09.08-19.12.35:113][  0]LogInit:  CurlRequestOptions (configurable via config and command line):
[2015.09.08-19.12.35:113][  0]LogInit:  - bVerifyPeer = true  - Libcurl will verify peer certificate
[2015.09.08-19.12.35:113][  0]LogInit:  - bUseHttpProxy = false  - Libcurl will NOT use HTTP proxy
[2015.09.08-19.12.35:113][  0]LogInit:  - bDontReuseConnections = false  - Libcurl will reuse connections
[2015.09.08-19.12.35:113][  0]LogInit:  - CertBundlePath = nullptr  - Libcurl will use whatever was configured at build time.
[2015.09.08-19.12.35:122][  0]LogInit: Presizing for 0 objects not considered by GC, pre-allocating 0 bytes.
[2015.09.08-19.12.35:128][  0]LogInit: Object subsystem initialized
[2015.09.08-19.12.35:130][  0]LogInit: Selected Device Profile: [Windows]
[2015.09.08-19.12.35:130][  0]LogInit: Applying CVar settings loaded from the selected device profile: [Windows]
[2015.09.08-19.12.35:138][  0]LogInit: Computer: PERSONAL-PC
[2015.09.08-19.12.35:138][  0]LogInit: User: MEnrique
[2015.09.08-19.12.35:138][  0]LogInit: CPU Page size=4096, Cores=2
[2015.09.08-19.12.35:138][  0]LogInit: High frequency timer resolution =2.338340 MHz
[2015.09.08-19.12.35:138][  0]LogMemory: Memory total: Physical=15.9GB (16GB approx)
[2015.09.08-19.12.35:138][  0]LogMemory: Platform Memory Stats for Windows
[2015.09.08-19.12.35:138][  0]LogMemory: Process Physical Memory: 51.93 MB used, 51.93 MB peak
[2015.09.08-19.12.35:138][  0]LogMemory: Process Virtual Memory: 56.90 MB used, 56.90 MB peak
[2015.09.08-19.12.35:138][  0]LogMemory: Physical Memory: 3995.85 MB used, 16299.39 MB total
[2015.09.08-19.12.35:138][  0]LogMemory: Virtual Memory: 351.80 MB used, 134217728.00 MB total
[2015.09.08-19.12.35:188][  0]LogTextLocalizationManager: No specific translations for ('en-US') exist, so ('en') translations will be used.
[2015.09.08-19.12.36:040][  0]LogD3D11RHI: Found D3D11 adapter 0: NVIDIA GeForce 940M          (Feature Level 11_0)
[2015.09.08-19.12.36:041][  0]LogD3D11RHI: Adapter has 1972MB of dedicated video memory, 0MB of dedicated system memory, and 2048MB of shared system memory, 1 output[s]
[2015.09.08-19.12.36:052][  0]LogD3D11RHI: Found D3D11 adapter 1: Intel(R) HD Graphics 5500 (Feature Level 11_0)
[2015.09.08-19.12.36:052][  0]LogD3D11RHI: Adapter has 0MB of dedicated video memory, 0MB of dedicated system memory, and 3839MB of shared system memory, 0 output[s]
[2015.09.08-19.12.36:054][  0]LogD3D11RHI: Found D3D11 adapter 2: Microsoft Basic Render Driver (Feature Level 11_0)
[2015.09.08-19.12.36:054][  0]LogD3D11RHI: Adapter has 0MB of dedicated video memory, 0MB of dedicated system memory, and 256MB of shared system memory, 0 output[s]
[2015.09.08-19.12.36:054][  0]LogD3D11RHI: Chosen D3D11 Adapter Id = 0
[2015.09.08-19.12.36:059][  0]LogD3D11RHI: !Direct3DDevice
[2015.09.08-19.12.36:059][  0]LogRHI: Texture pool is 1361 MB (70% of 1945 MB)
[2015.09.08-19.12.36:072][  0]LogD3D11RHI: Async texture creation enabled
[2015.09.08-19.12.36:091][  0]LogShaderCompilers: Guid format shader working directory is 14 characters bigger than the processId version (../../../../../../Users/MEnrique/Documents/Unreal Projects/SuperSpaceArmada/Intermediate/Shaders/WorkingDirectory/10368/).
[2015.09.08-19.12.36:091][  0]LogShaderCompilers: Cleaned the shader compiler working directory '../../../../../../Users/MEnrique/Documents/Unreal Projects/SuperSpaceArmada/Intermediate/Shaders/tmp/29665872457AE0B4F6017782DDD75C9A/'.
[2015.09.08-19.12.36:091][  0]LogShaderCompilers:Display: Using Local Shader Compiler.
[2015.09.08-19.12.37:782][  0]LogTemp:Display: Loaded TP AllDesktopTargetPlatform
[2015.09.08-19.12.37:789][  0]LogTemp:Display: Loaded TP WindowsClientTargetPlatform
[2015.09.08-19.12.37:795][  0]LogTemp:Display: Loaded TP WindowsNoEditorTargetPlatform
[2015.09.08-19.12.37:802][  0]LogTemp:Display: Loaded TP WindowsServerTargetPlatform
[2015.09.08-19.12.37:808][  0]LogTemp:Display: Loaded TP WindowsTargetPlatform
[2015.09.08-19.12.37:812][  0]LogTemp:Display: Loaded TP AndroidTargetPlatform
[2015.09.08-19.12.37:816][  0]LogTemp:Display: Loaded TP Android_ASTCTargetPlatform
[2015.09.08-19.12.37:821][  0]LogTemp:Display: Loaded TP Android_ATCTargetPlatform
[2015.09.08-19.12.37:825][  0]LogTemp:Display: Loaded TP Android_DXTTargetPlatform
[2015.09.08-19.12.37:829][  0]LogTemp:Display: Loaded TP Android_ETC1TargetPlatform
[2015.09.08-19.12.37:834][  0]LogTemp:Display: Loaded TP Android_ETC2TargetPlatform
[2015.09.08-19.12.37:839][  0]LogTemp:Display: Loaded TP Android_PVRTCTargetPlatform
[2015.09.08-19.12.37:840][  0]LogTemp:Display: Loaded TP HTML5TargetPlatform
[2015.09.08-19.12.37:860][  0]LogTemp:Display: Loaded TP IOSTargetPlatform
[2015.09.08-19.12.37:864][  0]LogTemp:Display: Loaded TP LinuxNoEditorTargetPlatform
[2015.09.08-19.12.37:869][  0]LogTemp:Display: Loaded TP LinuxServerTargetPlatform
[2015.09.08-19.12.37:873][  0]LogTemp:Display: Loaded TP LinuxTargetPlatform
[2015.09.08-19.12.37:873][  0]LogTargetPlatformManager:Display: Building Assets For Windows
[2015.09.08-19.12.37:972][  0]LogDerivedDataCache:Display: Max Cache Size: 512 MB
[2015.09.08-19.12.38:022][  0]LogDerivedDataCache: Loaded boot cache 0.05s 41MB C:/Users/MEnrique/AppData/Local/UnrealEngine/4.9/DerivedDataCache/Boot.ddc.
[2015.09.08-19.12.38:022][  0]LogDerivedDataCache:Display: Loaded Boot cache: C:/Users/MEnrique/AppData/Local/UnrealEngine/4.9/DerivedDataCache/Boot.ddc
[2015.09.08-19.12.38:022][  0]LogDerivedDataCache: FDerivedDataBackendGraph:  Pak pak cache file ../../../../../../Users/MEnrique/Documents/Unreal Projects/SuperSpaceArmada/DerivedDataCache/DDC.ddp not found, will not use a pak cache.
[2015.09.08-19.12.38:022][  0]LogDerivedDataCache: Unable to find inner node Pak for hierarchical cache Hierarchy.
[2015.09.08-19.12.38:022][  0]LogDerivedDataCache: FDerivedDataBackendGraph:  CompressedPak pak cache file ../../../../../../Users/MEnrique/Documents/Unreal Projects/SuperSpaceArmada/DerivedDataCache/Compressed.ddp not found, will not use a pak cache.
[2015.09.08-19.12.38:022][  0]LogDerivedDataCache: Unable to find inner node CompressedPak for hierarchical cache Hierarchy.
[2015.09.08-19.12.38:169][  0]LogDerivedDataCache:Display: Pak cache opened for reading ../../../Engine/DerivedDataCache/Compressed.ddp.
[2015.09.08-19.12.38:181][  0]LogDerivedDataCache: Using Local data cache path C:/Users/MEnrique/AppData/Local/UnrealEngine/Common/DerivedDataCache: Writable
[2015.09.08-19.12.38:364][  0]LogInit: Selected Device Profile: [Windows]
[2015.09.08-19.12.38:368][  0]LogContentStreaming: Texture pool size is 0.000000MB
[2015.09.08-19.12.38:532][  0]LogMeshUtilities: No automatic mesh reduction module available
[2015.09.08-19.12.38:532][  0]LogMeshUtilities: No automatic mesh merging module available
[2015.09.08-19.12.38:838][  0]LogInit: WinSock: version 1.1 (2.2), MaxSocks=32767, MaxUdp=65467
[2015.09.08-19.12.39:588][  0]UdpMessaging: Initializing bridge on interface 0.0.0.0:0 to multicast group 230.0.0.1:6666.
[2015.09.08-19.12.39:693][  0]LogAssetRegistry: FAssetRegistry took 0.0117 seconds to start up
[2015.09.08-19.12.39:889][  0]SourceControl: Info Source control is disabled
[2015.09.08-19.12.39:904][  0]SourceControl: Info Source control is disabled
[2015.09.08-19.12.39:919][  0]SourceControl: Info Source control is disabled
[2015.09.08-19.12.39:931][  0]SourceControl: Info Source control is disabled
[2015.09.08-19.12.40:093][  0]LogLinker:Warning: Asset '../../../Engine/Plugins/Runtime/LeapMotionController/Content/LM_PassthroughMaterial.uasset' has been saved with empty engine version. The asset will be loaded but may be incompatible.
[2015.09.08-19.12.40:176][  0]LogObj: 28361 objects as part of root set at end of initial load.
[2015.09.08-19.12.40:176][  0]LogUObjectAllocator: 6038872 out of 0 bytes used by permanent object pool.
[2015.09.08-19.12.40:238][  0]LogEngine: Initializing Engine...
[2015.09.08-19.12.40:240][  0]LogHMD: Can't find Oculus library dev build: is proper Runtime installed? Version: 0.6.0.0
[2015.09.08-19.12.40:241][  0]LogHMD: SteamVR failed to initialize.  Err: 110
[2015.09.08-19.12.40:371][  0]LogAIModule: Creating AISystem for world NewWorld
[2015.09.08-19.12.40:375][  0]LogInit: XAudio2 using 'Speaker/HP (Realtek High Definition Audio)' : 2 channels at 48 kHz using 32 bits per sample (channel mask 0x3)
[2015.09.08-19.12.40:383][  0]LogInit: FAudioDevice initialized.
[2015.09.08-19.12.40:406][  0]LogDerivedDataCache: Saved boot cache 0.02s 41MB C:/Users/MEnrique/AppData/Local/UnrealEngine/4.9/DerivedDataCache/Boot.ddc.
[2015.09.08-19.12.40:409][  0]LogInit: Texture streaming: Enabled
[2015.09.08-19.12.40:416][  0]LogAnalytics: Creating configured Analytics provider AnalyticsET
[2015.09.08-19.12.40:416][  0]LogAnalytics: [UEEditor.Rocket.Release] APIServer = http://et2.epicgames.com/ET2/. AppVersion = 4.9.0-2672455+++depot+UE4-Releases+4.9
[2015.09.08-19.12.40:416][  0]LogAnalytics: [UEEditor.Rocket.Release] SetUserId 90a4bcb3439f64e419d9378050b206b3|656f284bf5d54f8f9452234d119bf9d4|9a3458ae-8410-4c63-b423-f9054b45c157
[2015.09.08-19.12.40:417][  0]LogAnalytics: [UEEditor.Rocket.Release] AnalyticsET::StartSession
[2015.09.08-19.12.40:430][  0]LogWindowsTextInputMethodSystem:Display: IME system now deactivated.
[2015.09.08-19.12.40:430][  0]LogWindowsTextInputMethodSystem:Display: IME system now deactivated.
[2015.09.08-19.12.40:446][  0]LogInit: Transaction tracking system initialized
[2015.09.08-19.12.40:482][  0]BlueprintLog: New page: Editor Load
[2015.09.08-19.12.41:051][  0]LocalizationService: Info Localization service is disabled
[2015.09.08-19.12.41:151][  0]LogConsoleResponse:Display: 
[2015.09.08-19.12.41:352][  0]LogCook:Display: Done creating registry. It took  0.00s.
[2015.09.08-19.12.41:433][  0]LogFileCache: Scanning file cache for directory 'C:/Users/MEnrique/Documents/Unreal Projects/SuperSpaceArmada/Content/' took 0.02s
[2015.09.08-19.12.41:433][  0]SourceControl: Info Source control is disabled
[2015.09.08-19.12.41:433][  0]Cmd: MAP LOAD FILE="../../../../../../Users/MEnrique/Documents/Unreal Projects/SuperSpaceArmada/Content/TopDownBP/Maps/TopDownExampleMap.umap" TEMPLATE=0 SHOWPROGRESS=1 FEATURELEVEL=3
[2015.09.08-19.12.41:514][  0]LightingResults: New page: Lighting Build
[2015.09.08-19.12.41:519][  0]MapCheck: New page: Map Check
[2015.09.08-19.12.41:519][  0]LightingResults: New page: Lighting Build
[2015.09.08-19.12.41:547][  0]LogParticles: Destroying 0 GPU particle simulations for FXSystem 0x0000006A881AE160
[2015.09.08-19.12.41:648][  0]LogLinker:Warning: Asset '../../../../../../Users/MEnrique/Documents/Unreal Projects/SuperSpaceArmada/Content/Mannequin/Animations/ThirdPerson_AnimBP.uasset' has been saved with empty engine version. The asset will be loaded but may be incompatible.
[2015.09.08-19.12.41:668][  0]LogLinker:Warning: Asset '../../../../../../Users/MEnrique/Documents/Unreal Projects/SuperSpaceArmada/Content/Mannequin/Animations/ThirdPerson_Jump.uasset' has been saved with empty engine version. The asset will be loaded but may be incompatible.
[2015.09.08-19.12.41:736][  0]LogLinker:Warning: Asset '../../../../../../Users/MEnrique/Documents/Unreal Projects/SuperSpaceArmada/Content/Mannequin/Animations/ThirdPersonJump_Loop.uasset' has been saved with empty engine version. The asset will be loaded but may be incompatible.
[2015.09.08-19.12.41:753][  0]LogLinker:Warning: Asset '../../../../../../Users/MEnrique/Documents/Unreal Projects/SuperSpaceArmada/Content/Mannequin/Animations/ThirdPersonJump_Start.uasset' has been saved with empty engine version. The asset will be loaded but may be incompatible.
[2015.09.08-19.12.42:417][  0]LogLinker:Warning: Asset '../../../../../../Users/MEnrique/Documents/Unreal Projects/SuperSpaceArmada/Content/Mannequin/Animations/ThirdPerson_IdleRun_2D.uasset' has been saved with empty engine version. The asset will be loaded but may be incompatible.
[2015.09.08-19.12.42:683][  0]LogLinker:Warning: Asset '../../../../../../Users/MEnrique/Documents/Unreal Projects/SuperSpaceArmada/Content/Mannequin/Animations/ThirdPersonIdle.uasset' has been saved with empty engine version. The asset will be loaded but may be incompatible.
[2015.09.08-19.12.42:871][  0]LogLinker:Warning: Asset '../../../../../../Users/MEnrique/Documents/Unreal Projects/SuperSpaceArmada/Content/Mannequin/Animations/ThirdPersonRun.uasset' has been saved with empty engine version. The asset will be loaded but may be incompatible.
[2015.09.08-19.12.42:908][  0]LogLinker:Warning: Asset '../../../../../../Users/MEnrique/Documents/Unreal Projects/SuperSpaceArmada/Content/Mannequin/Animations/ThirdPersonWalk.uasset' has been saved with empty engine version. The asset will be loaded but may be incompatible.
[2015.09.08-19.12.50:136][  0]LogAIModule: Creating AISystem for world TopDownExampleMap
[2015.09.08-19.12.50:149][  0]LogEditorServer: Finished looking for orphan Actors (0.000 secs)
[2015.09.08-19.12.50:150][  0]Cmd: MAP CHECKDEP NOCLEARLOG
[2015.09.08-19.12.50:217][  0]MapCheck: Info Map check complete: 0 Error(s), 0 Warning(s), took 66.344ms to complete.
[2015.09.08-19.12.50:217][  0]LogFileHelpers: Loading map 'TopDownExampleMap' took 8.784
[2015.09.08-19.12.50:609][  0]LogCollectionManager: Loaded 0 collections in 0.002769 seconds
[2015.09.08-19.12.50:687][  0]LogFileCache: Scanning file cache for directory 'C:/Users/MEnrique/Documents/Unreal Projects/SuperSpaceArmada/Saved/Collections/' took 0.01s
[2015.09.08-19.12.50:687][  0]LogFileCache: Scanning file cache for directory 'C:/Users/MEnrique/Documents/Unreal Projects/SuperSpaceArmada/Content/Developers/MEnrique/Collections/' took 0.01s
[2015.09.08-19.12.50:687][  0]LogFileCache: Scanning file cache for directory 'C:/Users/MEnrique/Documents/Unreal Projects/SuperSpaceArmada/Content/Collections/' took 0.01s
[2015.09.08-19.12.50:687][  0]LogContentBrowser: Native class hierarchy populated in 0.0243 seconds. Added 1867 classes and 333 folders.
[2015.09.08-19.12.50:716][  0]LogCollectionManager: Rebuilt the GUID cache for 0 collections in 0.000003 seconds
[2015.09.08-19.12.50:753][  0]LogContentBrowser: Native class hierarchy updated for 'WidgetCarousel' in 0.0004 seconds. Added 0 classes and 0 folders.
[2015.09.08-19.12.51:778][  0]LogContentBrowser: Native class hierarchy updated for 'AddContentDialog' in 0.0011 seconds. Added 0 classes and 0 folders.
[2015.09.08-19.12.51:840][  0]LogContentBrowser: Native class hierarchy updated for 'SceneOutliner' in 0.0008 seconds. Added 1 classes and 2 folders.
[2015.09.08-19.12.52:121][  0]LogCrashTracker: Crashtracker disabled due to settings.
[2015.09.08-19.12.52:210][  0]LogUObjectGlobals:Warning: Failed to find object 'Class None.'
[2015.09.08-19.12.52:248][  0]LogLoad: Full Startup: 17.85 seconds (BP compile: 0.16 seconds)
[2015.09.08-19.12.52:481][  0]LogContentStreaming: Texture pool size now 400 MB
[2015.09.08-19.12.52:836][  0]LogRenderer: Reallocating scene render targets to support 1208x576 (Frame:2).
[2015.09.08-19.12.53:292][  5]LogAssetRegistry: Asset discovery search completed in 13.6109 seconds
[2015.09.08-19.12.53:292][  5]LogCollectionManager: Rebuilt the object cache for 0 collections in 0.000001 seconds (found 0 objects)
[2015.09.08-19.12.53:292][  5]LogCollectionManager: Fixed up redirectors for 0 collections in 0.000024 seconds (updated 0 objects)
[2015.09.08-20.09.42:976][724]LogEditorViewport: Clicking on Actor (LMB): LightmassImportanceVolume (LightmassImportanceVolume)
[2015.09.08-20.09.47:065][936]LogEditorViewport: Clicking on Actor (LMB): PostProcessVolume (PostProcessVolume)
[2015.09.08-20.09.47:765][966]LogEditorViewport: Clicking on Actor (LMB): BP_Sky_Sphere_C (SkySphereBlueprint)
[2015.09.08-20.10.24:410][726]LogSavePackage: Save=448.477539ms
[2015.09.08-20.10.24:410][726]LogSavePackage: Moving '../../../../../../Users/MEnrique/Documents/Unreal Projects/SuperSpaceArmada/Saved/TopDownExampleMap_Auto1AEA8CF6F41686D2D64087CAAEE323314.tmp' to '../../../../../../Users/MEnrique/Documents/Unreal Projects/SuperSpaceArmada/Saved/Autosaves/Game/TopDownBP/Maps/TopDownExampleMap_Auto1.umap'
[2015.09.08-20.10.24:412][726]LogSavePackage: Total save time: 560.136251ms
[2015.09.08-20.10.24:412][726]LogSavePackage:Warning: Finished SavePackage ../../../../../../Users/MEnrique/Documents/Unreal Projects/SuperSpaceArmada/Saved/Autosaves/Game/TopDownBP/Maps/TopDownExampleMap_Auto1.umap
[2015.09.08-20.10.24:414][726]LogFileHelpers: Editor autosave (incl. sublevels) for '/Game/TopDownBP/Maps/TopDownExampleMap' took 0.622
[2015.09.08-20.10.24:414][726]LogFileHelpers: Editor autosave (incl. sublevels) for all levels took 0.622
[2015.09.08-20.10.31:709][  4]Cmd: QUIT_EDITOR
[2015.09.08-20.10.31:976][  4]LogWindowsTextInputMethodSystem:Display: IME system now deactivated.
[2015.09.08-20.10.31:976][  4]LogWindowsTextInputMethodSystem:Display: IME system now deactivated.
[2015.09.08-20.10.32:257][  4]LogExit: Preparing to exit.
[2015.09.08-20.10.32:907][  4]LogExit: Editor shut down
[2015.09.08-20.10.32:907][  4]LogExit: Transaction tracking system shut down
[2015.09.08-20.10.32:911][  4]LogParticles: Destroying 0 GPU particle simulations for FXSystem 0x0000006AFC162DE0
[2015.09.08-20.10.32:911][  4]LogParticles: Destroying 0 GPU particle simulations for FXSystem 0x0000006A8FF5A840
[2015.09.08-20.10.32:912][  4]LogParticles: Destroying 0 GPU particle simulations for FXSystem 0x0000006AFC206200
[2015.09.08-20.10.32:912][  4]LogParticles: Destroying 0 GPU particle simulations for FXSystem 0x0000006AFC206020
[2015.09.08-20.10.33:077][  4]LogExit: Object subsystem successfully closed.
[2015.09.08-20.10.33:087][  4]LogD3D11RHI: Shutdown
[2015.09.08-20.10.33:087][  4]LogD3D11RHI: CleanupD3DDevice
[2015.09.08-20.10.33:147][  4]LogD3D11RHI: ~FD3D11DynamicRHI
[2015.09.08-20.10.33:176][  4]LogModuleManager: Shutting down and abandoning module CrashTracker (197)
[2015.09.08-20.10.33:176][  4]LogModuleManager: Shutting down and abandoning module SceneOutliner (196)
[2015.09.08-20.10.33:176][  4]LogModuleManager: Shutting down and abandoning module SuperSearch (195)
[2015.09.08-20.10.33:176][  4]LogModuleManager: Shutting down and abandoning module WidgetCarousel (194)
[2015.09.08-20.10.33:176][  4]LogModuleManager: Shutting down and abandoning module AddContentDialog (193)
[2015.09.08-20.10.33:182][  4]LogModuleManager: Shutting down and abandoning module EditorWidgets (192)
[2015.09.08-20.10.33:182][  4]LogModuleManager: Shutting down and abandoning module CollectionManager (191)
[2015.09.08-20.10.33:182][  4]LogModuleManager: Shutting down and abandoning module StatsViewer (190)
[2015.09.08-20.10.33:182][  4]LogModuleManager: Shutting down and abandoning module FoliageEdit (189)
[2015.09.08-20.10.33:182][  4]LogModuleManager: Shutting down and abandoning module LandscapeEditor (188)
[2015.09.08-20.10.33:182][  4]LogModuleManager: Shutting down and abandoning module ActorPickerMode (187)
[2015.09.08-20.10.33:182][  4]LogModuleManager: Shutting down and abandoning module GeometryMode (186)
[2015.09.08-20.10.33:182][  4]LogModuleManager: Shutting down and abandoning module TextureAlignMode (185)
[2015.09.08-20.10.33:182][  4]LogModuleManager: Shutting down and abandoning module BspMode (184)
[2015.09.08-20.10.33:183][  4]LogModuleManager: Shutting down and abandoning module PlacementMode (183)
[2015.09.08-20.10.33:183][  4]LogModuleManager: Shutting down and abandoning module AutomationWorker (182)
[2015.09.08-20.10.33:183][  4]LogModuleManager: Shutting down and abandoning module CharacterAI (181)
[2015.09.08-20.10.33:183][  4]LogModuleManager: Shutting down and abandoning module SmartSnapping (180)
[2015.09.08-20.10.33:183][  4]LogModuleManager: Shutting down and abandoning module ViewportSnapping (179)
[2015.09.08-20.10.33:183][  4]LogModuleManager: Shutting down and abandoning module LogVisualizer (178)
[2015.09.08-20.10.33:183][  4]LogModuleManager: Shutting down and abandoning module GameProjectGeneration (177)
[2015.09.08-20.10.33:183][  4]LogModuleManager: Shutting down and abandoning module IntroTutorials (176)
[2015.09.08-20.10.33:183][  4]LogModuleManager: Shutting down and abandoning module EditorLiveStreaming (175)
[2015.09.08-20.10.33:183][  4]LogModuleManager: Shutting down and abandoning module IOSPlatformEditor (174)
[2015.09.08-20.10.33:183][  4]LogModuleManager: Shutting down and abandoning module HTML5PlatformEditor (173)
[2015.09.08-20.10.33:183][  4]LogModuleManager: Shutting down and abandoning module AndroidDeviceDetection (172)
[2015.09.08-20.10.33:328][  4]LogModuleManager: Shutting down and abandoning module AndroidPlatformEditor (171)
[2015.09.08-20.10.33:328][  4]LogModuleManager: Shutting down and abandoning module IOSRuntimeSettings (170)
[2015.09.08-20.10.33:328][  4]LogModuleManager: Shutting down and abandoning module AndroidRuntimeSettings (169)
[2015.09.08-20.10.33:328][  4]LogModuleManager: Shutting down and abandoning module MergeActors (168)
[2015.09.08-20.10.33:328][  4]LogModuleManager: Shutting down and abandoning module SizeMap (167)
[2015.09.08-20.10.33:328][  4]LogModuleManager: Shutting down and abandoning module TreeMap (166)
[2015.09.08-20.10.33:328][  4]LogModuleManager: Shutting down and abandoning module ReferenceViewer (165)
[2015.09.08-20.10.33:328][  4]LogModuleManager: Shutting down and abandoning module LocalizationService (164)
[2015.09.08-20.10.33:328][  4]LogModuleManager: Shutting down and abandoning module LocalizationDashboard (163)
[2015.09.08-20.10.33:328][  4]LogModuleManager: Shutting down and abandoning module HardwareTargeting (162)
[2015.09.08-20.10.33:328][  4]LogModuleManager: Shutting down and abandoning module DeviceProfileEditor (161)
[2015.09.08-20.10.33:328][  4]LogModuleManager: Shutting down and abandoning module UndoHistory (160)
[2015.09.08-20.10.33:328][  4]LogModuleManager: Shutting down and abandoning module GameplayTagsEditor (159)
[2015.09.08-20.10.33:328][  4]LogModuleManager: Shutting down and abandoning module UserFeedback (158)
[2015.09.08-20.10.33:328][  4]LogModuleManager: Shutting down and abandoning module XmlParser (157)
[2015.09.08-20.10.33:328][  4]LogModuleManager: Shutting down and abandoning module Blutility (156)
[2015.09.08-20.10.33:328][  4]LogModuleManager: Shutting down and abandoning module ProjectTargetPlatformEditor (155)
[2015.09.08-20.10.33:328][  4]LogModuleManager: Shutting down and abandoning module ProjectSettingsViewer (154)
[2015.09.08-20.10.33:328][  4]LogModuleManager: Shutting down and abandoning module InputBindingEditor (153)
[2015.09.08-20.10.33:328][  4]LogModuleManager: Shutting down and abandoning module EditorSettingsViewer (152)
[2015.09.08-20.10.33:328][  4]LogModuleManager: Shutting down and abandoning module SettingsEditor (151)
[2015.09.08-20.10.33:328][  4]LogModuleManager: Shutting down and abandoning module ProjectLauncher (150)
[2015.09.08-20.10.33:328][  4]LogModuleManager: Shutting down and abandoning module SessionFrontend (149)
[2015.09.08-20.10.33:328][  4]LogModuleManager: Shutting down and abandoning module ProfilerClient (148)
[2015.09.08-20.10.33:329][  4]LogModuleManager: Shutting down and abandoning module TargetDeviceServices (147)
[2015.09.08-20.10.33:329][  4]LogModuleManager: Shutting down and abandoning module DeviceManager (146)
[2015.09.08-20.10.33:329][  4]LogModuleManager: Shutting down and abandoning module AutomationController (145)
[2015.09.08-20.10.33:329][  4]LogModuleManager: Shutting down and abandoning module AutomationWindow (144)
[2015.09.08-20.10.33:329][  4]LogModuleManager: Shutting down and abandoning module Layers (143)
[2015.09.08-20.10.33:329][  4]LogModuleManager: Shutting down and abandoning module ComponentVisualizers (142)
[2015.09.08-20.10.33:329][  4]LogModuleManager: Shutting down and abandoning module DetailCustomizations (141)
[2015.09.08-20.10.33:329][  4]LogModuleManager: Shutting down and abandoning module PackagesDialog (140)
[2015.09.08-20.10.33:329][  4]LogModuleManager: Shutting down and abandoning module Persona (139)
[2015.09.08-20.10.33:329][  4]LogModuleManager: Shutting down and abandoning module Kismet (138)
[2015.09.08-20.10.33:329][  4]LogModuleManager: Shutting down and abandoning module GraphEditor (137)
[2015.09.08-20.10.33:329][  4]LogModuleManager: Shutting down and abandoning module ClassViewer (136)
[2015.09.08-20.10.33:329][  4]LogModuleManager: Shutting down and abandoning module Toolbox (135)
[2015.09.08-20.10.33:329][  4]LogModuleManager: Shutting down and abandoning module ModuleUI (134)
[2015.09.08-20.10.33:329][  4]LogModuleManager: Shutting down and abandoning module MovieSceneTools (133)
[2015.09.08-20.10.33:329][  4]LogModuleManager: Shutting down and abandoning module OutputLog (132)
[2015.09.08-20.10.33:329][  4]LogModuleManager: Shutting down and abandoning module GammaUI (131)
[2015.09.08-20.10.33:329][  4]LogModuleManager: Shutting down and abandoning module Documentation (130)
[2015.09.08-20.10.33:329][  4]LogModuleManager: Shutting down and abandoning module GameLiveStreaming (129)
[2015.09.08-20.10.33:329][  4]LogModuleManager: Shutting down and abandoning module StreamingPauseRendering (128)
[2015.09.08-20.10.33:329][  4]LogModuleManager: Shutting down and abandoning module AnalyticsET (127)
[2015.09.08-20.10.33:329][  4]LogModuleManager: Shutting down and abandoning module Analytics (126)
[2015.09.08-20.10.33:329][  4]LogModuleManager: Shutting down and abandoning module AITestSuite (125)
[2015.09.08-20.10.33:329][  4]LogModuleManager: Shutting down and abandoning module GameplayDebugger (124)
[2015.09.08-20.10.33:329][  4]LogModuleManager: Shutting down and abandoning module AIModule (123)
[2015.09.08-20.10.33:329][  4]LogModuleManager: Shutting down and abandoning module ProfilerService (122)
[2015.09.08-20.10.33:474][  4]LogModuleManager: Shutting down and abandoning module TaskGraph (121)
[2015.09.08-20.10.33:474][  4]LogModuleManager: Shutting down and abandoning module SlateRemote (120)
[2015.09.08-20.10.33:474][  4]LogModuleManager: Shutting down and abandoning module SteamVRController (119)
[2015.09.08-20.10.33:474][  4]LogModuleManager: Shutting down and abandoning module SteamVR (118)
[2015.09.08-20.10.33:474][  4]LogModuleManager: Shutting down and abandoning module ProceduralMeshComponent (117)
[2015.09.08-20.10.33:474][  4]LogModuleManager: Shutting down and abandoning module OculusRift (116)
[2015.09.08-20.10.33:474][  4]LogModuleManager: Shutting down and abandoning module OculusLibrary (115)
[2015.09.08-20.10.33:474][  4]LogModuleManager: Shutting down and abandoning module LeapMotionController (114)
[2015.09.08-20.10.33:492][  4]LogModuleManager: Shutting down and abandoning module CustomMeshComponent (113)
[2015.09.08-20.10.33:492][  4]LogModuleManager: Shutting down and abandoning module CableComponent (112)
[2015.09.08-20.10.33:492][  4]LogModuleManager: Shutting down and abandoning module ArchVisCharacter (111)
[2015.09.08-20.10.33:492][  4]LogModuleManager: Shutting down and abandoning module MessagingDebugger (110)
[2015.09.08-20.10.33:492][  4]LogModuleManager: Shutting down and abandoning module MediaPlayerEditor (109)
[2015.09.08-20.10.33:492][  4]LogModuleManager: Shutting down and abandoning module HTML5Networking (108)
[2015.09.08-20.10.33:492][  4]LogModuleManager: Shutting down and abandoning module SpeedTreeImporter (107)
[2015.09.08-20.10.33:492][  4]LogModuleManager: Shutting down and abandoning module PluginBrowser (106)
[2015.09.08-20.10.33:492][  4]LogModuleManager: Shutting down and abandoning module EpicSurvey (105)
[2015.09.08-20.10.33:492][  4]LogModuleManager: Shutting down and abandoning module DesktopPlatform (104)
[2015.09.08-20.10.33:492][  4]LogModuleManager: Shutting down and abandoning module VisualStudioSourceCodeAccess (103)
[2015.09.08-20.10.33:492][  4]LogModuleManager: Shutting down and abandoning module UObjectPlugin (102)
[2015.09.08-20.10.33:492][  4]LogModuleManager: Shutting down and abandoning module SubversionSourceControl (101)
[2015.09.08-20.10.33:492][  4]LogModuleManager: Shutting down and abandoning module PerforceSourceControl (100)
[2015.09.08-20.10.33:492][  4]LogModuleManager: Shutting down and abandoning module SourceControl (99)
[2015.09.08-20.10.33:492][  4]LogModuleManager: Shutting down and abandoning module GitSourceControl (98)
[2015.09.08-20.10.33:492][  4]LogModuleManager: Shutting down and abandoning module LightPropagationVolumeEditor (97)
[2015.09.08-20.10.33:492][  4]LogModuleManager: Shutting down and abandoning module PaperTiledImporter (96)
[2015.09.08-20.10.33:492][  4]LogModuleManager: Shutting down and abandoning module PaperSpriteSheetImporter (95)
[2015.09.08-20.10.33:492][  4]LogModuleManager: Shutting down and abandoning module MeshPaint (94)
[2015.09.08-20.10.33:492][  4]LogModuleManager: Shutting down and abandoning module SlateReflector (93)
[2015.09.08-20.10.33:492][  4]LogModuleManager: Shutting down and abandoning module HotReload (92)
[2015.09.08-20.10.33:493][  4]LogModuleManager: Shutting down and abandoning module MainFrame (91)
[2015.09.08-20.10.33:493][  4]LogModuleManager: Shutting down and abandoning module LevelEditor (90)
[2015.09.08-20.10.33:494][  4]LogModuleManager: Shutting down and abandoning module DirectoryWatcher (89)
[2015.09.08-20.10.33:497][  4]LogModuleManager: Shutting down and abandoning module AssetRegistry (88)
[2015.09.08-20.10.33:618][  4]LogModuleManager: Shutting down and abandoning module ContentBrowser (87)
[2015.09.08-20.10.33:619][  4]LogModuleManager: Shutting down and abandoning module Paper2DEditor (86)
[2015.09.08-20.10.33:619][  4]LogModuleManager: Shutting down and abandoning module UdpMessaging (85)
[2015.09.08-20.10.33:720][  4]LogModuleManager: Shutting down and abandoning module LightPropagationVolumeRuntime (84)
[2015.09.08-20.10.33:720][  4]LogModuleManager: Shutting down and abandoning module Paper2D (83)
[2015.09.08-20.10.33:720][  4]LogModuleManager: Shutting down and abandoning module WindowsMoviePlayer (82)
[2015.09.08-20.10.33:727][  4]LogModuleManager: Shutting down and abandoning module Media (81)
[2015.09.08-20.10.33:727][  4]LogModuleManager: Shutting down and abandoning module WmfMedia (80)
[2015.09.08-20.10.33:728][  4]LogModuleManager: Shutting down and abandoning module OnlineBlueprintSupport (79)
[2015.09.08-20.10.33:728][  4]LogModuleManager: Shutting down and abandoning module GameplayTasksEditor (78)
[2015.09.08-20.10.33:728][  4]LogModuleManager: Shutting down and abandoning module PropertyEditor (77)
[2015.09.08-20.10.33:728][  4]LogModuleManager: Shutting down and abandoning module BehaviorTreeEditor (76)
[2015.09.08-20.10.33:728][  4]LogModuleManager: Shutting down and abandoning module FunctionalTesting (75)
[2015.09.08-20.10.33:728][  4]LogModuleManager: Shutting down and abandoning module CollisionAnalyzer (74)
[2015.09.08-20.10.33:728][  4]LogModuleManager: Shutting down and abandoning module WorkspaceMenuStructure (73)
[2015.09.08-20.10.33:728][  4]LogModuleManager: Shutting down and abandoning module MessageLog (72)
[2015.09.08-20.10.33:728][  4]LogModuleManager: Shutting down and abandoning module Sequencer (71)
[2015.09.08-20.10.33:728][  4]LogModuleManager: Shutting down and abandoning module AssetTools (70)
[2015.09.08-20.10.33:728][  4]LogModuleManager: Shutting down and abandoning module UMGEditor (69)
[2015.09.08-20.10.33:729][  4]LogModuleManager: Shutting down and abandoning module UMG (68)
[2015.09.08-20.10.33:729][  4]LogModuleManager: Shutting down and abandoning module Slate (67)
[2015.09.08-20.10.33:729][  4]LogModuleManager: Shutting down and abandoning module EditorStyle (66)
[2015.09.08-20.10.33:735][  4]LogModuleManager: Shutting down and abandoning module SessionServices (65)
[2015.09.08-20.10.33:735][  4]LogModuleManager: Shutting down and abandoning module SourceCodeAccess (64)
[2015.09.08-20.10.33:735][  4]LogModuleManager: Shutting down and abandoning module HeadMountedDisplay (63)
[2015.09.08-20.10.33:736][  4]LogModuleManager: Shutting down and abandoning module XAudio2 (62)
[2015.09.08-20.10.33:736][  4]LogModuleManager: Shutting down and abandoning module Networking (60)
[2015.09.08-20.10.33:736][  4]LogModuleManager: Shutting down and abandoning module Core (59)
[2015.09.08-20.10.33:736][  4]LogModuleManager: Shutting down and abandoning module KismetCompiler (58)
[2015.09.08-20.10.33:736][  4]LogModuleManager: Shutting down and abandoning module PhysXFormats (57)
[2015.09.08-20.10.33:736][  4]LogModuleManager: Shutting down and abandoning module MeshUtilities (56)
[2015.09.08-20.10.33:736][  4]LogModuleManager: Shutting down and abandoning module CookingStats (55)
[2015.09.08-20.10.33:737][  4]LogModuleManager: Shutting down and abandoning module DerivedDataCache (54)
[2015.09.08-20.10.33:779][  4]LogDerivedDataCache: Shutdown
[2015.09.08-20.10.33:779][  4]LogModuleManager: Shutting down and abandoning module ShaderFormatOpenGL (53)
[2015.09.08-20.10.33:779][  4]LogModuleManager: Shutting down and abandoning module ShaderFormatD3D (52)
[2015.09.08-20.10.33:779][  4]LogModuleManager: Shutting down and abandoning module MetalShaderFormat (51)
[2015.09.08-20.10.33:779][  4]LogModuleManager: Shutting down and abandoning module TextureFormatUncompressed (50)
[2015.09.08-20.10.33:779][  4]LogModuleManager: Shutting down and abandoning module TextureFormatPVR (49)
[2015.09.08-20.10.33:779][  4]LogModuleManager: Shutting down and abandoning module TextureFormatIntelISPCTexComp (48)
[2015.09.08-20.10.33:779][  4]LogModuleManager: Shutting down and abandoning module TextureFormatDXT (47)
[2015.09.08-20.10.33:779][  4]LogModuleManager: Shutting down and abandoning module ImageWrapper (46)
[2015.09.08-20.10.33:779][  4]LogModuleManager: Shutting down and abandoning module TextureFormatASTC (45)
[2015.09.08-20.10.33:779][  4]LogModuleManager: Shutting down and abandoning module TextureFormatAndroid (44)
[2015.09.08-20.10.33:779][  4]LogModuleManager: Shutting down and abandoning module AudioFormatOpus (43)
[2015.09.08-20.10.33:779][  4]LogModuleManager: Shutting down and abandoning module AudioFormatOgg (42)
[2015.09.08-20.10.33:779][  4]LogModuleManager: Shutting down and abandoning module AudioFormatADPCM (41)
[2015.09.08-20.10.33:779][  4]LogModuleManager: Shutting down and abandoning module LinuxTargetPlatform (40)
[2015.09.08-20.10.33:779][  4]LogModuleManager: Shutting down and abandoning module LinuxServerTargetPlatform (39)
[2015.09.08-20.10.33:779][  4]LogModuleManager: Shutting down and abandoning module LinuxNoEditorTargetPlatform (38)
[2015.09.08-20.10.33:779][  4]LogModuleManager: Shutting down and abandoning module Messaging (37)
[2015.09.08-20.10.33:779][  4]LogModuleManager: Shutting down and abandoning module IOSTargetPlatform (36)
[2015.09.08-20.10.33:779][  4]LogModuleManager: Shutting down and abandoning module HTML5TargetPlatform (35)
[2015.09.08-20.10.33:779][  4]LogModuleManager: Shutting down and abandoning module Android_PVRTCTargetPlatform (34)
[2015.09.08-20.10.33:779][  4]LogModuleManager: Shutting down and abandoning module Android_ETC2TargetPlatform (33)
[2015.09.08-20.10.33:779][  4]LogModuleManager: Shutting down and abandoning module Android_ETC1TargetPlatform (32)
[2015.09.08-20.10.33:779][  4]LogModuleManager: Shutting down and abandoning module Android_DXTTargetPlatform (31)
[2015.09.08-20.10.33:779][  4]LogModuleManager: Shutting down and abandoning module Android_ATCTargetPlatform (30)
[2015.09.08-20.10.33:779][  4]LogModuleManager: Shutting down and abandoning module Android_ASTCTargetPlatform (29)
[2015.09.08-20.10.33:779][  4]LogModuleManager: Shutting down and abandoning module AndroidTargetPlatform (28)
[2015.09.08-20.10.33:779][  4]LogModuleManager: Shutting down and abandoning module WindowsTargetPlatform (27)
[2015.09.08-20.10.33:780][  4]LogModuleManager: Shutting down and abandoning module WindowsServerTargetPlatform (26)
[2015.09.08-20.10.33:780][  4]LogModuleManager: Shutting down and abandoning module WindowsNoEditorTargetPlatform (25)
[2015.09.08-20.10.33:780][  4]LogModuleManager: Shutting down and abandoning module WindowsClientTargetPlatform (24)
[2015.09.08-20.10.33:780][  4]LogModuleManager: Shutting down and abandoning module AllDesktopTargetPlatform (23)
[2015.09.08-20.10.33:780][  4]LogModuleManager: Shutting down and abandoning module TargetPlatform (22)
[2015.09.08-20.10.33:780][  4]LogModuleManager: Shutting down and abandoning module InputCore (21)
[2015.09.08-20.10.33:780][  4]LogModuleManager: Shutting down and abandoning module Settings (20)
[2015.09.08-20.10.33:780][  4]LogModuleManager: Shutting down and abandoning module OnlineSubsystem (18)
[2015.09.08-20.10.33:780][  4]LogModuleManager: Shutting down and abandoning module HTTP (17)
[2015.09.08-20.10.35:783][  4]LogModuleManager: Shutting down and abandoning module XMPP (16)
[2015.09.08-20.10.35:783][  4]LogModuleManager: Shutting down and abandoning module ExampleDeviceProfileSelector (15)
[2015.09.08-20.10.35:783][  4]LogModuleManager: Shutting down and abandoning module TextureCompressor (14)
[2015.09.08-20.10.35:784][  4]LogModuleManager: Shutting down and abandoning module ShaderCore (13)
[2015.09.08-20.10.35:784][  4]LogModuleManager: Shutting down and abandoning module Landscape (12)
[2015.09.08-20.10.35:784][  4]LogModuleManager: Shutting down and abandoning module SlateRHIRenderer (11)
[2015.09.08-20.10.35:791][  4]LogModuleManager: Shutting down and abandoning module OpenGLDrv (10)
[2015.09.08-20.10.35:791][  4]LogModuleManager: Shutting down and abandoning module D3D11RHI (9)
[2015.09.08-20.10.35:791][  4]LogModuleManager: Shutting down and abandoning module AnimGraphRuntime (8)
[2015.09.08-20.10.35:791][  4]LogModuleManager: Shutting down and abandoning module Renderer (7)
[2015.09.08-20.10.35:791][  4]LogModuleManager: Shutting down and abandoning module Engine (6)
[2015.09.08-20.10.35:791][  4]LogModuleManager: Shutting down and abandoning module CoreUObject (5)
[2015.09.08-20.10.35:791][  4]LogModuleManager: Shutting down and abandoning module NetworkFile (4)
[2015.09.08-20.10.35:792][  4]LogModuleManager: Shutting down and abandoning module StreamingFile (3)
[2015.09.08-20.10.35:792][  4]LogModuleManager: Shutting down and abandoning module SandboxFile (2)
[2015.09.08-20.10.35:792][  4]LogModuleManager: Shutting down and abandoning module PakFile (1)
[2015.09.08-20.10.35:793][  4]LogExit: Exiting.
[2015.09.08-20.10.35:797][  4]Log file closed, 09/08/15 16:10:35
