[2015.12.12-20.36.29:449][  0]Log file open, 12/12/15 15:36:29
[2015.12.12-20.36.29:449][  0]LogInit:Display: Running engine for game: SuperSpaceArmada
[2015.12.12-20.36.29:449][  0]LogInit:Display: RandInit(1617920948) SRandInit(1617920948).
[2015.12.12-20.36.29:449][  0]LogTaskGraph: Started task graph with 4 named threads and 5 total threads.
[2015.12.12-20.36.29:449][  0]LogStats: Stats thread started at 0.361870
[2015.12.12-20.36.29:449][  0]LogInit: Version: 4.9.1-2689999+++depot+UE4-Releases+4.9
[2015.12.12-20.36.29:449][  0]LogInit: API Version: 2672455
[2015.12.12-20.36.29:449][  0]LogInit: Compiled (64-bit): Sep 14 2015 04:12:03
[2015.12.12-20.36.29:449][  0]LogInit: Compiled with Visual C++: 18.00.21005.01
[2015.12.12-20.36.29:449][  0]LogInit: Build Configuration: Development
[2015.12.12-20.36.29:449][  0]LogInit: Branch Name: ++depot+UE4-Releases+4.9
[2015.12.12-20.36.29:449][  0]LogInit: Command line:  
[2015.12.12-20.36.29:449][  0]LogInit: Base directory: C:/Program Files/Epic Games/4.9/Engine/Binaries/Win64/
[2015.12.12-20.36.29:449][  0]LogInit: Rocket: 1
[2015.12.12-20.36.29:484][  0]LogInit: Using libcurl 7.41.0
[2015.12.12-20.36.29:484][  0]LogInit:  - built for x86_64-pc-win32
[2015.12.12-20.36.29:484][  0]LogInit:  - supports SSL with WinSSL
[2015.12.12-20.36.29:484][  0]LogInit:  - other features:
[2015.12.12-20.36.29:484][  0]LogInit:      CURL_VERSION_SSL
[2015.12.12-20.36.29:484][  0]LogInit:      CURL_VERSION_IPV6
[2015.12.12-20.36.29:484][  0]LogInit:      CURL_VERSION_ASYNCHDNS
[2015.12.12-20.36.29:484][  0]LogInit:      CURL_VERSION_LARGEFILE
[2015.12.12-20.36.29:484][  0]LogInit:      CURL_VERSION_IDN
[2015.12.12-20.36.29:485][  0]LogInit:  CurlRequestOptions (configurable via config and command line):
[2015.12.12-20.36.29:485][  0]LogInit:  - bVerifyPeer = true  - Libcurl will verify peer certificate
[2015.12.12-20.36.29:485][  0]LogInit:  - bUseHttpProxy = false  - Libcurl will NOT use HTTP proxy
[2015.12.12-20.36.29:485][  0]LogInit:  - bDontReuseConnections = false  - Libcurl will reuse connections
[2015.12.12-20.36.29:485][  0]LogInit:  - CertBundlePath = nullptr  - Libcurl will use whatever was configured at build time.
[2015.12.12-20.36.29:502][  0]LogInit: Presizing for 0 objects not considered by GC, pre-allocating 0 bytes.
[2015.12.12-20.36.29:516][  0]LogInit: Object subsystem initialized
[2015.12.12-20.36.29:518][  0]LogInit: Selected Device Profile: [Windows]
[2015.12.12-20.36.29:518][  0]LogInit: Applying CVar settings loaded from the selected device profile: [Windows]
[2015.12.12-20.36.29:535][  0]LogInit: Computer: PERSONAL-PC
[2015.12.12-20.36.29:535][  0]LogInit: User: MEnrique
[2015.12.12-20.36.29:535][  0]LogInit: CPU Page size=4096, Cores=2
[2015.12.12-20.36.29:535][  0]LogInit: High frequency timer resolution =2.338338 MHz
[2015.12.12-20.36.29:535][  0]LogMemory: Memory total: Physical=15.9GB (16GB approx)
[2015.12.12-20.36.29:535][  0]LogMemory: Platform Memory Stats for Windows
[2015.12.12-20.36.29:535][  0]LogMemory: Process Physical Memory: 54.74 MB used, 54.74 MB peak
[2015.12.12-20.36.29:535][  0]LogMemory: Process Virtual Memory: 56.26 MB used, 56.26 MB peak
[2015.12.12-20.36.29:535][  0]LogMemory: Physical Memory: 2494.70 MB used, 16299.39 MB total
[2015.12.12-20.36.29:535][  0]LogMemory: Virtual Memory: 351.71 MB used, 134217728.00 MB total
[2015.12.12-20.36.29:689][  0]LogTextLocalizationManager: No specific translations for ('en-US') exist, so ('en') translations will be used.
[2015.12.12-20.36.31:061][  0]LogD3D11RHI: Found D3D11 adapter 0: NVIDIA GeForce 940M          (Feature Level 11_0)
[2015.12.12-20.36.31:061][  0]LogD3D11RHI: Adapter has 1972MB of dedicated video memory, 0MB of dedicated system memory, and 2048MB of shared system memory, 1 output[s]
[2015.12.12-20.36.31:076][  0]LogD3D11RHI: Found D3D11 adapter 1: Intel(R) HD Graphics 5500 (Feature Level 11_0)
[2015.12.12-20.36.31:076][  0]LogD3D11RHI: Adapter has 0MB of dedicated video memory, 0MB of dedicated system memory, and 3839MB of shared system memory, 0 output[s]
[2015.12.12-20.36.31:079][  0]LogD3D11RHI: Found D3D11 adapter 2: Microsoft Basic Render Driver (Feature Level 11_0)
[2015.12.12-20.36.31:079][  0]LogD3D11RHI: Adapter has 0MB of dedicated video memory, 0MB of dedicated system memory, and 256MB of shared system memory, 0 output[s]
[2015.12.12-20.36.31:079][  0]LogD3D11RHI: Chosen D3D11 Adapter Id = 0
[2015.12.12-20.36.31:085][  0]LogD3D11RHI: !Direct3DDevice
[2015.12.12-20.36.31:085][  0]LogRHI: Texture pool is 1361 MB (70% of 1945 MB)
[2015.12.12-20.36.31:099][  0]LogD3D11RHI: Async texture creation enabled
[2015.12.12-20.36.31:118][  0]LogShaderCompilers: Guid format shader working directory is 14 characters bigger than the processId version (../../../../../../Users/MEnrique/Documents/GitHub/Game-Files/SuperSpaceArmada/Intermediate/Shaders/WorkingDirectory/11216/).
[2015.12.12-20.36.31:119][  0]LogShaderCompilers: Cleaned the shader compiler working directory '../../../../../../Users/MEnrique/Documents/GitHub/Game-Files/SuperSpaceArmada/Intermediate/Shaders/tmp/7248637F4759D850C3FE4D9FFFBC2BCE/'.
[2015.12.12-20.36.31:119][  0]LogShaderCompilers:Display: Using Local Shader Compiler.
[2015.12.12-20.36.33:130][  0]LogTemp:Display: Loaded TP AllDesktopTargetPlatform
[2015.12.12-20.36.33:137][  0]LogTemp:Display: Loaded TP WindowsClientTargetPlatform
[2015.12.12-20.36.33:145][  0]LogTemp:Display: Loaded TP WindowsNoEditorTargetPlatform
[2015.12.12-20.36.33:153][  0]LogTemp:Display: Loaded TP WindowsServerTargetPlatform
[2015.12.12-20.36.33:164][  0]LogTemp:Display: Loaded TP WindowsTargetPlatform
[2015.12.12-20.36.33:169][  0]LogTemp:Display: Loaded TP AndroidTargetPlatform
[2015.12.12-20.36.33:175][  0]LogTemp:Display: Loaded TP Android_ASTCTargetPlatform
[2015.12.12-20.36.33:181][  0]LogTemp:Display: Loaded TP Android_ATCTargetPlatform
[2015.12.12-20.36.33:186][  0]LogTemp:Display: Loaded TP Android_DXTTargetPlatform
[2015.12.12-20.36.33:192][  0]LogTemp:Display: Loaded TP Android_ETC1TargetPlatform
[2015.12.12-20.36.33:200][  0]LogTemp:Display: Loaded TP Android_ETC2TargetPlatform
[2015.12.12-20.36.33:206][  0]LogTemp:Display: Loaded TP Android_PVRTCTargetPlatform
[2015.12.12-20.36.33:208][  0]LogTemp:Display: Loaded TP HTML5TargetPlatform
[2015.12.12-20.36.33:228][  0]LogTemp:Display: Loaded TP IOSTargetPlatform
[2015.12.12-20.36.33:235][  0]LogTemp:Display: Loaded TP LinuxNoEditorTargetPlatform
[2015.12.12-20.36.33:242][  0]LogTemp:Display: Loaded TP LinuxServerTargetPlatform
[2015.12.12-20.36.33:247][  0]LogTemp:Display: Loaded TP LinuxTargetPlatform
[2015.12.12-20.36.33:247][  0]LogTargetPlatformManager:Display: Building Assets For Windows
[2015.12.12-20.36.33:401][  0]LogDerivedDataCache:Display: Max Cache Size: 512 MB
[2015.12.12-20.36.33:466][  0]LogDerivedDataCache: Loaded boot cache 0.07s 41MB C:/Users/MEnrique/AppData/Local/UnrealEngine/4.9/DerivedDataCache/Boot.ddc.
[2015.12.12-20.36.33:466][  0]LogDerivedDataCache:Display: Loaded Boot cache: C:/Users/MEnrique/AppData/Local/UnrealEngine/4.9/DerivedDataCache/Boot.ddc
[2015.12.12-20.36.33:467][  0]LogDerivedDataCache: FDerivedDataBackendGraph:  Pak pak cache file ../../../../../../Users/MEnrique/Documents/GitHub/Game-Files/SuperSpaceArmada/DerivedDataCache/DDC.ddp not found, will not use a pak cache.
[2015.12.12-20.36.33:467][  0]LogDerivedDataCache: Unable to find inner node Pak for hierarchical cache Hierarchy.
[2015.12.12-20.36.33:467][  0]LogDerivedDataCache: FDerivedDataBackendGraph:  CompressedPak pak cache file ../../../../../../Users/MEnrique/Documents/GitHub/Game-Files/SuperSpaceArmada/DerivedDataCache/Compressed.ddp not found, will not use a pak cache.
[2015.12.12-20.36.33:467][  0]LogDerivedDataCache: Unable to find inner node CompressedPak for hierarchical cache Hierarchy.
[2015.12.12-20.36.33:724][  0]LogDerivedDataCache:Display: Pak cache opened for reading ../../../Engine/DerivedDataCache/Compressed.ddp.
[2015.12.12-20.36.33:738][  0]LogDerivedDataCache: Using Local data cache path C:/Users/MEnrique/AppData/Local/UnrealEngine/Common/DerivedDataCache: Writable
[2015.12.12-20.36.34:052][  0]LogInit: Selected Device Profile: [Windows]
[2015.12.12-20.36.34:057][  0]LogContentStreaming: Texture pool size is 0.000000MB
[2015.12.12-20.36.34:231][  0]LogMeshUtilities: No automatic mesh reduction module available
[2015.12.12-20.36.34:231][  0]LogMeshUtilities: No automatic mesh merging module available
[2015.12.12-20.36.34:582][  0]LogInit: WinSock: version 1.1 (2.2), MaxSocks=32767, MaxUdp=65467
[2015.12.12-20.36.35:515][  0]LogAssetRegistry: FAssetRegistry took 0.0107 seconds to start up
[2015.12.12-20.36.35:543][  0]UdpMessaging: Initializing bridge on interface 0.0.0.0:0 to multicast group 230.0.0.1:6666.
[2015.12.12-20.36.35:891][  0]SourceControl: Info Source control is disabled
[2015.12.12-20.36.35:892][  0]SourceControl: Info Source control is disabled
[2015.12.12-20.36.35:911][  0]SourceControl: Info Source control is disabled
[2015.12.12-20.36.35:929][  0]SourceControl: Info Source control is disabled
[2015.12.12-20.36.36:179][  0]LogLinker:Warning: Asset '../../../Engine/Plugins/Runtime/LeapMotionController/Content/LM_PassthroughMaterial.uasset' has been saved with empty engine version. The asset will be loaded but may be incompatible.
[2015.12.12-20.36.36:311][  0]LogObj: 28528 objects as part of root set at end of initial load.
[2015.12.12-20.36.36:311][  0]LogUObjectAllocator: 6068464 out of 0 bytes used by permanent object pool.
[2015.12.12-20.36.36:394][  0]LogEngine: Initializing Engine...
[2015.12.12-20.36.36:397][  0]LogHMD: Can't find Oculus library dev build: is proper Runtime installed? Version: 0.7.0.0
[2015.12.12-20.36.36:398][  0]LogHMD: SteamVR failed to initialize.  Err: 110
[2015.12.12-20.36.36:585][  0]LogAIModule: Creating AISystem for world NewWorld
[2015.12.12-20.36.36:592][  0]LogInit: XAudio2 using 'Speaker/HP (Realtek High Definition Audio)' : 2 channels at 48 kHz using 32 bits per sample (channel mask 0x3)
[2015.12.12-20.36.36:819][  0]LogInit: FAudioDevice initialized.
[2015.12.12-20.36.36:843][  0]LogDerivedDataCache: Saved boot cache 0.02s 41MB C:/Users/MEnrique/AppData/Local/UnrealEngine/4.9/DerivedDataCache/Boot.ddc.
[2015.12.12-20.36.36:848][  0]LogInit: Texture streaming: Enabled
[2015.12.12-20.36.36:855][  0]LogAnalytics: Creating configured Analytics provider AnalyticsET
[2015.12.12-20.36.36:856][  0]LogAnalytics: [UEEditor.Rocket.Release] APIServer = http://et2.epicgames.com/ET2/. AppVersion = 4.9.1-2689999+++depot+UE4-Releases+4.9
[2015.12.12-20.36.36:856][  0]LogAnalytics: [UEEditor.Rocket.Release] SetUserId 90a4bcb3439f64e419d9378050b206b3|656f284bf5d54f8f9452234d119bf9d4|9a3458ae-8410-4c63-b423-f9054b45c157
[2015.12.12-20.36.36:856][  0]LogAnalytics: [UEEditor.Rocket.Release] AnalyticsET::StartSession
[2015.12.12-20.36.36:871][  0]LogWindowsTextInputMethodSystem:Display: IME system now deactivated.
[2015.12.12-20.36.36:871][  0]LogWindowsTextInputMethodSystem:Display: IME system now deactivated.
[2015.12.12-20.36.36:893][  0]LogInit: Transaction tracking system initialized
[2015.12.12-20.36.36:942][  0]BlueprintLog: New page: Editor Load
[2015.12.12-20.36.37:089][  0]LocalizationService: Info Localization service is disabled
[2015.12.12-20.36.37:198][  0]LogConsoleResponse:Display: 
[2015.12.12-20.36.37:387][  0]LogCook:Display: Done creating registry. It took  0.00s.
[2015.12.12-20.36.37:485][  0]LogFileCache: Scanning file cache for directory 'C:/Users/MEnrique/Documents/GitHub/Game-Files/SuperSpaceArmada/Content/' took 0.03s
[2015.12.12-20.36.37:485][  0]SourceControl: Info Source control is disabled
[2015.12.12-20.36.37:485][  0]Cmd: MAP LOAD FILE="../../../../../../Users/MEnrique/Documents/GitHub/Game-Files/SuperSpaceArmada/Content/SSA/Maps/Ship_Selection.umap" TEMPLATE=0 SHOWPROGRESS=1 FEATURELEVEL=3
[2015.12.12-20.36.37:486][  0]LightingResults: New page: Lighting Build
[2015.12.12-20.36.37:490][  0]MapCheck: New page: Map Check
[2015.12.12-20.36.37:490][  0]LightingResults: New page: Lighting Build
[2015.12.12-20.36.37:520][  0]LogParticles: Destroying 0 GPU particle simulations for FXSystem 0x000000C878CDC400
[2015.12.12-20.36.38:498][  0]LogLinker:Warning: Asset '../../../../../../Users/MEnrique/Documents/GitHub/Game-Files/SuperSpaceArmada/Content/Mannequin/Animations/ThirdPerson_AnimBP.uasset' has been saved with empty engine version. The asset will be loaded but may be incompatible.
[2015.12.12-20.36.38:501][  0]LogLinker:Warning: Asset '../../../../../../Users/MEnrique/Documents/GitHub/Game-Files/SuperSpaceArmada/Content/Mannequin/Animations/ThirdPerson_Jump.uasset' has been saved with empty engine version. The asset will be loaded but may be incompatible.
[2015.12.12-20.36.38:504][  0]LogLinker:Warning: Asset '../../../../../../Users/MEnrique/Documents/GitHub/Game-Files/SuperSpaceArmada/Content/Mannequin/Animations/ThirdPersonJump_Loop.uasset' has been saved with empty engine version. The asset will be loaded but may be incompatible.
[2015.12.12-20.36.38:506][  0]LogLinker:Warning: Asset '../../../../../../Users/MEnrique/Documents/GitHub/Game-Files/SuperSpaceArmada/Content/Mannequin/Animations/ThirdPersonJump_Start.uasset' has been saved with empty engine version. The asset will be loaded but may be incompatible.
[2015.12.12-20.36.38:508][  0]LogLinker:Warning: Asset '../../../../../../Users/MEnrique/Documents/GitHub/Game-Files/SuperSpaceArmada/Content/Mannequin/Animations/ThirdPerson_IdleRun_2D.uasset' has been saved with empty engine version. The asset will be loaded but may be incompatible.
[2015.12.12-20.36.38:508][  0]LogLinker:Warning: Asset '../../../../../../Users/MEnrique/Documents/GitHub/Game-Files/SuperSpaceArmada/Content/Mannequin/Animations/ThirdPersonIdle.uasset' has been saved with empty engine version. The asset will be loaded but may be incompatible.
[2015.12.12-20.36.38:510][  0]LogLinker:Warning: Asset '../../../../../../Users/MEnrique/Documents/GitHub/Game-Files/SuperSpaceArmada/Content/Mannequin/Animations/ThirdPersonRun.uasset' has been saved with empty engine version. The asset will be loaded but may be incompatible.
[2015.12.12-20.36.38:513][  0]LogLinker:Warning: Asset '../../../../../../Users/MEnrique/Documents/GitHub/Game-Files/SuperSpaceArmada/Content/Mannequin/Animations/ThirdPersonWalk.uasset' has been saved with empty engine version. The asset will be loaded but may be incompatible.
[2015.12.12-20.36.48:338][  0]LogAIModule: Creating AISystem for world Ship_Selection
[2015.12.12-20.36.48:345][  0]LogEditorServer: Finished looking for orphan Actors (0.000 secs)
[2015.12.12-20.36.48:346][  0]Cmd: MAP CHECKDEP NOCLEARLOG
[2015.12.12-20.36.48:540][  0]MapCheck: Info Map check complete: 0 Error(s), 0 Warning(s), took 194.279ms to complete.
[2015.12.12-20.36.48:540][  0]LogFileHelpers: Loading map 'Ship_Selection' took 11.055
[2015.12.12-20.36.48:660][  0]LogCollectionManager: Loaded 0 collections in 0.003984 seconds
[2015.12.12-20.36.48:705][  0]LogFileCache: Scanning file cache for directory 'C:/Users/MEnrique/Documents/GitHub/Game-Files/SuperSpaceArmada/Saved/Collections/' took 0.01s
[2015.12.12-20.36.48:705][  0]LogFileCache: Scanning file cache for directory 'C:/Users/MEnrique/Documents/GitHub/Game-Files/SuperSpaceArmada/Content/Developers/MEnrique/Collections/' took 0.01s
[2015.12.12-20.36.48:705][  0]LogFileCache: Scanning file cache for directory 'C:/Users/MEnrique/Documents/GitHub/Game-Files/SuperSpaceArmada/Content/Collections/' took 0.01s
[2015.12.12-20.36.48:705][  0]LogContentBrowser: Native class hierarchy populated in 0.0093 seconds. Added 1882 classes and 339 folders.
[2015.12.12-20.36.48:710][  0]LogCollectionManager: Rebuilt the GUID cache for 0 collections in 0.000003 seconds
[2015.12.12-20.36.48:718][  0]LogContentBrowser: Native class hierarchy updated for 'WidgetCarousel' in 0.0004 seconds. Added 0 classes and 0 folders.
[2015.12.12-20.36.48:773][  0]LogContentBrowser: Native class hierarchy updated for 'AddContentDialog' in 0.0004 seconds. Added 0 classes and 0 folders.
[2015.12.12-20.36.48:779][  0]LogContentBrowser: Native class hierarchy updated for 'SceneOutliner' in 0.0004 seconds. Added 1 classes and 2 folders.
[2015.12.12-20.36.48:963][  0]LogCrashTracker: Crashtracker disabled due to settings.
[2015.12.12-20.36.48:969][  0]LogUObjectGlobals:Warning: Failed to find object 'Class None.'
[2015.12.12-20.36.48:992][  0]LogLoad: Full Startup: 22.02 seconds (BP compile: 3.47 seconds)
[2015.12.12-20.36.49:010][  0]LoadErrors:Error: Error /Game/SSA/Blueprints/Player : Failed import for Player_C /Game/SSA/Blueprints/Player/Player.Default__Player_C
[2015.12.12-20.36.49:087][  0]LogContentStreaming: Texture pool size now 400 MB
[2015.12.12-20.36.49:248][  0]LogRenderer: Reallocating scene render targets to support 1208x576 (Frame:2).
[2015.12.12-20.36.51:472][ 41]LogAssetRegistry: Asset discovery search completed in 15.9682 seconds
[2015.12.12-20.36.51:472][ 41]LogCollectionManager: Rebuilt the object cache for 0 collections in 0.000000 seconds (found 0 objects)
[2015.12.12-20.36.51:472][ 41]LogCollectionManager: Fixed up redirectors for 0 collections in 0.000030 seconds (updated 0 objects)
[2015.12.12-20.37.03:889][745]MapCheck: New page: Map Check
[2015.12.12-20.37.03:940][745]Cmd: MAP REBUILD ALLVISIBLE
[2015.12.12-20.37.03:940][745]LogEditorServer: Rebuildmap Clear paths rebuilt
[2015.12.12-20.37.04:198][745]LogActorComponent: UnregisterComponent: (/Engine/Transient.CharMoveComp) Not registered. Aborting.
[2015.12.12-20.37.04:198][745]LogActorComponent: UnregisterComponent: (/Engine/Transient.CharacterMovementComponent_0) Not registered. Aborting.
[2015.12.12-20.37.04:198][745]LogActorComponent: UnregisterComponent: (/Engine/Transient.CharacterMovementComponent_1) Not registered. Aborting.
[2015.12.12-20.37.04:198][745]LogActorComponent: UnregisterComponent: (/Engine/Transient.CharacterMovementComponent_2) Not registered. Aborting.
[2015.12.12-20.37.04:198][745]LogActorComponent: UnregisterComponent: (/Engine/Transient.CharacterMovementComponent_3) Not registered. Aborting.
[2015.12.12-20.37.04:198][745]LogActorComponent: UnregisterComponent: (/Engine/Transient.CharacterMovementComponent_4) Not registered. Aborting.
[2015.12.12-20.37.04:198][745]LogActorComponent: UnregisterComponent: (/Engine/Transient.CharacterMovementComponent_5) Not registered. Aborting.
[2015.12.12-20.37.04:198][745]LogActorComponent: UnregisterComponent: (/Engine/Transient.CharacterMovementComponent_6) Not registered. Aborting.
[2015.12.12-20.37.04:199][745]LogActorComponent: UnregisterComponent: (/Engine/Transient.CharacterMovementComponent_7) Not registered. Aborting.
[2015.12.12-20.37.04:199][745]LogActorComponent: UnregisterComponent: (/Engine/Transient.CharacterMovementComponent_8) Not registered. Aborting.
[2015.12.12-20.37.04:199][745]LogActorComponent: UnregisterComponent: (/Engine/Transient.CharacterMovementComponent_9) Not registered. Aborting.
[2015.12.12-20.37.04:200][745]LogActorComponent: UnregisterComponent: (/Engine/Transient.CharacterMovementComponent_10) Not registered. Aborting.
[2015.12.12-20.37.04:467][745]MapCheck:Warning: Warning WorldSettings Hierarchical LOD System is disabled or no HLOD level settings available, unable to build LOD actors. 
[2015.12.12-20.37.04:467][745]LogStats:          STAT_HLOD_BuildClusters - 268.705 ms
[2015.12.12-20.37.04:468][745]LightingResults: New page: Lighting Build - Dec 12, 2015, 10:37:04 AM
[2015.12.12-20.37.07:729][745]LogStaticLightingSystem: Running Lightmass w/ ImmediateImport mode ENABLED
[2015.12.12-20.37.07:729][745]LogStaticLightingSystem: Running Lightmass w/ ImmediateProcess mode ENABLED
[2015.12.12-20.37.07:729][745]LogStaticLightingSystem: Running Lightmass w/ Sorting mode ENABLED
[2015.12.12-20.37.07:729][745]LogStaticLightingSystem: Running Lightmass w/ Mapping paddings ENABLED
[2015.12.12-20.37.07:729][745]LogStaticLightingSystem: Running Lightmass w/ Mapping debug paddings DISABLED
[2015.12.12-20.37.07:896][745]LogEditorBuildUtils: Build time 0:00:03
[2015.12.12-20.37.09:521][807]Job is a success!
[2015.12.12-20.37.09:630][808]LogTexture:Display: Building textures: HQ_Lightmap1_1 (AutoDXT)
[2015.12.12-20.37.09:632][808]LogTexture:Display: Building textures: LQ_Lightmap_0_2 (DXT1)
[2015.12.12-20.37.09:633][808]LogTexture:Display: Building textures: HQ_Lightmap0_2 (AutoDXT)
[2015.12.12-20.37.09:634][808]LogTexture:Display: Building textures: LQ_Lightmap_1_1 (DXT1)
[2015.12.12-20.37.09:640][808]LogTexture:Display: Building textures: ShadowMapTexture2D_1 (G8)
[2015.12.12-20.37.09:642][808]LogTexture:Display: Building textures: ShadowMapTexture2D_2 (G8)
[2015.12.12-20.37.09:675][808]Lightmass on PERSONAL-PC: 1.01 sec total, 170 ms importing, 0 ms setup, 259 ms photons, 553 ms processing, 0 ms extra exporting [2/2 mappings]. Threads: 2.15 sec total, 442 ms processing.
[2015.12.12-20.37.09:774][808]LogStaticLightingSystem: Illumination: 5.24 sec (17 ms encoding lightmaps)
[2015.12.12-20.37.09:774][808]LogStaticLightingSystem: Lightmap texture memory:  0.0 MB (0.0 MB streaming, 0.0 MB non-streaming), 4 textures
[2015.12.12-20.37.09:774][808]LogStaticLightingSystem: Shadowmap texture memory: 0.0 MB (0.0 MB streaming, 0.0 MB non-streaming), 2 textures
[2015.12.12-20.37.14:740][809]Cmd: MAP CHECK NOTIFYRESULTS
[2015.12.12-20.37.14:740][809]MapCheck: New page: Ship_Selection - Dec 12, 2015, 10:37:14 AM
[2015.12.12-20.37.14:953][809]MapCheck: Info Map check complete: 0 Error(s), 0 Warning(s), took 213.576ms to complete.
[2015.12.12-20.38.07:416][868]LogLinker:Warning: Asset '../../../Engine/Content/ArtTools/RenderToTexture/Macros/RenderToTextureMacros.uasset' has been saved with empty engine version. The asset will be loaded but may be incompatible.
[2015.12.12-20.38.08:209][868]LogContentBrowser: Native class hierarchy updated for 'BlueprintGraph' in 0.0009 seconds. Added 107 classes and 0 folders.
[2015.12.12-20.40.12:985][441]LogBlueprintUserMessages: CustomizeDetails for Blueprint 'Enemy_Hive', cached variable property's owner is '/Game/SSA/Blueprints/Player_Ships/Player.Player_C'
[2015.12.12-20.44.00:089][776]LogEditorTransaction: Undo Move Node
[2015.12.12-20.44.00:110][776]LogActorComponent: UnregisterComponent: (/Engine/Transient.CharMoveComp) Not registered. Aborting.
[2015.12.12-20.44.00:111][776]LogActorComponent: UnregisterComponent: (/Engine/Transient.CharacterMovementComponent_11) Not registered. Aborting.
[2015.12.12-20.44.00:111][776]LogActorComponent: UnregisterComponent: (/Engine/Transient.CharacterMovementComponent_12) Not registered. Aborting.
[2015.12.12-20.44.00:111][776]LogActorComponent: UnregisterComponent: (/Engine/Transient.CharacterMovementComponent_13) Not registered. Aborting.
[2015.12.12-20.44.00:111][776]LogActorComponent: UnregisterComponent: (/Engine/Transient.CharacterMovementComponent_14) Not registered. Aborting.
[2015.12.12-20.44.00:111][776]LogActorComponent: UnregisterComponent: (/Engine/Transient.CharacterMovementComponent_15) Not registered. Aborting.
[2015.12.12-20.44.00:111][776]LogActorComponent: UnregisterComponent: (/Engine/Transient.CharacterMovementComponent_16) Not registered. Aborting.
[2015.12.12-20.44.00:111][776]LogActorComponent: UnregisterComponent: (/Engine/Transient.CharacterMovementComponent_17) Not registered. Aborting.
[2015.12.12-20.44.00:111][776]LogActorComponent: UnregisterComponent: (/Engine/Transient.CharacterMovementComponent_18) Not registered. Aborting.
[2015.12.12-20.44.00:112][776]LogActorComponent: UnregisterComponent: (/Engine/Transient.CharacterMovementComponent_19) Not registered. Aborting.
[2015.12.12-20.44.00:112][776]LogActorComponent: UnregisterComponent: (/Engine/Transient.CharacterMovementComponent_20) Not registered. Aborting.
[2015.12.12-20.44.00:112][776]LogActorComponent: UnregisterComponent: (/Engine/Transient.CharacterMovementComponent_21) Not registered. Aborting.
[2015.12.12-20.44.00:113][776]LogActorComponent: UnregisterComponent: (/Engine/Transient.ProjectileMovement_GEN_VARIABLE) Not registered. Aborting.
[2015.12.12-20.44.00:113][776]LogActorComponent: UnregisterComponent: (/Engine/Transient.ProjectileMovementComponent_0) Not registered. Aborting.
[2015.12.12-20.44.00:547][788]LogEditorTransaction: Undo Add Node
[2015.12.12-20.44.00:572][788]LogActorComponent: UnregisterComponent: (/Engine/Transient.ProjectileMovementComponent_1) Not registered. Aborting.
[2015.12.12-20.44.01:330][825]LogEditorTransaction: Undo Delete current selection
[2015.12.12-20.44.01:351][825]LogActorComponent: UnregisterComponent: (/Engine/Transient.ProjectileMovementComponent_2) Not registered. Aborting.
[2015.12.12-20.44.12:644][450]LogEditorTransaction: Undo Move Node
[2015.12.12-20.44.12:665][450]LogActorComponent: UnregisterComponent: (/Engine/Transient.ProjectileMovementComponent_3) Not registered. Aborting.
[2015.12.12-20.44.13:461][481]LogEditorTransaction: Undo Move Node
[2015.12.12-20.44.13:485][481]LogActorComponent: UnregisterComponent: (/Engine/Transient.ProjectileMovementComponent_4) Not registered. Aborting.
[2015.12.12-20.44.37:385][857]LogBlueprintUserMessages: CustomizeDetails for Blueprint 'Enemy_Hive_Drones', cached variable property's owner is '/Game/SSA/Blueprints/SSAGameInstance.SSAGameInstance_C'
[2015.12.12-20.44.47:819][478]LogBlueprintUserMessages: CustomizeDetails for Blueprint 'Enemy_Hive_Drones', cached variable property's owner is '/Game/SSA/Blueprints/SSAGameInstance.SSAGameInstance_C'
[2015.12.12-20.44.49:350][569]LogBlueprintUserMessages: CustomizeDetails for Blueprint 'Enemy_Hive_Drones', cached variable property's owner is '/Game/SSA/Blueprints/SSAGameInstance.SSAGameInstance_C'
[2015.12.12-20.44.51:625][706]BlueprintLog: New page: Compile Enemy_Hive_Drones
[2015.12.12-20.44.51:780][706]LogActorComponent: UnregisterComponent: (/Engine/Transient.ProjectileMovementComponent_5) Not registered. Aborting.
[2015.12.12-20.44.51:890][706]BlueprintEditorCompileResults: Info [0504.92] Compile of Enemy_Hive_Drones successful! [in 265 ms]
[2015.12.12-20.45.05:562][523]LogBlueprintUserMessages: CustomizeDetails for Blueprint 'Enemy_Hive_Drones', cached variable property's owner is '/Game/SSA/Blueprints/Player_Ships/Player.Player_C'
[2015.12.12-20.45.10:555][787]LogBlueprintUserMessages: CustomizeDetails for Blueprint 'Enemy_Hive_Drones', cached variable property's owner is '/Game/SSA/Blueprints/Player_Ships/Player.Player_C'
[2015.12.12-20.45.19:862][339]BlueprintLog: New page: Compile Enemy_Hive_Drones
[2015.12.12-20.45.20:002][339]LogActorComponent: UnregisterComponent: (/Engine/Transient.ProjectileMovement_GEN_VARIABLE) Not registered. Aborting.
[2015.12.12-20.45.20:098][339]LogBlueprintUserMessages: PostEditorRefresh for Blueprint 'Enemy_Hive_Drones', cached variable property's owner is '/Game/SSA/Blueprints/Player_Ships/Player.Player_C'
[2015.12.12-20.45.20:100][339]BlueprintEditorCompileResults: Info [0533.13] Compile of Enemy_Hive_Drones successful! [in 237 ms]
[2015.12.12-20.45.20:122][339]LogBlueprintUserMessages: CustomizeDetails for Blueprint 'Enemy_Hive_Drones', cached variable property's owner is '/Game/SSA/Blueprints/Player_Ships/Player.Player_C'
[2015.12.12-20.45.34:699][187]LogSavePackage: Save=192.331482ms
[2015.12.12-20.45.34:699][187]LogSavePackage: Moving '../../../../../../Users/MEnrique/Documents/GitHub/Game-Files/SuperSpaceArmada/Saved/Enemy_Hive_Drones24CC0B8044C9BC55C4F1B4860247951E.tmp' to '../../../../../../Users/MEnrique/Documents/GitHub/Game-Files/SuperSpaceArmada/Content/SSA/Blueprints/Weapons/Enemy_Hive_Drones.uasset'
[2015.12.12-20.45.34:704][187]LogSavePackage: Total save time: 197.725479ms
[2015.12.12-20.45.34:704][187]LogSavePackage:Warning: Finished SavePackage ../../../../../../Users/MEnrique/Documents/GitHub/Game-Files/SuperSpaceArmada/Content/SSA/Blueprints/Weapons/Enemy_Hive_Drones.uasset
[2015.12.12-20.47.47:830][983]BlueprintLog: New page: Compile Enemy_Hive
[2015.12.12-20.47.48:345][983]LogActorComponent: UnregisterComponent: (/Engine/Transient.ProjectileMovement_GEN_VARIABLE) Not registered. Aborting.
[2015.12.12-20.47.48:345][983]LogActorComponent: UnregisterComponent: (/Engine/Transient.CharMoveComp) Not registered. Aborting.
[2015.12.12-20.47.48:390][983]LogBlueprintUserMessages: PostEditorRefresh for Blueprint 'Enemy_Hive_Drones', cached variable property's owner is '/Game/SSA/Blueprints/Player_Ships/Player.Player_C'
[2015.12.12-20.47.48:505][983]BlueprintEditorCompileResults: Info Event BeginPlay (K2Node_Event_153) had an invalid function signature - it has now been fixed.
[2015.12.12-20.47.48:505][983]BlueprintEditorCompileResults: Info [0681.54] Compile of Enemy_Hive successful! [in 674 ms]
[2015.12.12-20.47.50:688][103]Cmd: OBJ SAVEPACKAGE PACKAGE="/Game/SSA/Blueprints/Enemy_Hive" FILE="../../../../../../Users/MEnrique/Documents/GitHub/Game-Files/SuperSpaceArmada/Content/SSA/Blueprints/Enemy_Hive.uasset" SILENT=true
[2015.12.12-20.47.51:039][103]LogSavePackage: Save=331.659058ms
[2015.12.12-20.47.51:039][103]LogSavePackage: Moving '../../../../../../Users/MEnrique/Documents/GitHub/Game-Files/SuperSpaceArmada/Saved/Enemy_Hive0612D5694DB7F4462DC4408E54F1CB4F.tmp' to '../../../../../../Users/MEnrique/Documents/GitHub/Game-Files/SuperSpaceArmada/Content/SSA/Blueprints/Enemy_Hive.uasset'
[2015.12.12-20.47.51:044][103]LogSavePackage: Total save time: 354.350824ms
[2015.12.12-20.47.51:044][103]LogSavePackage:Warning: Finished SavePackage ../../../../../../Users/MEnrique/Documents/GitHub/Game-Files/SuperSpaceArmada/Content/SSA/Blueprints/Enemy_Hive.uasset
[2015.12.12-20.48.08:644][ 78]LogTexture:Display: Building textures: HQ_Lightmap0_4 (AutoDXT)
[2015.12.12-20.48.08:646][ 78]LogTexture:Display: Building textures: HQ_Lightmap1_1 (AutoDXT)
[2015.12.12-20.48.08:657][ 78]LogTexture:Display: Building textures: HQ_Lightmap1_2 (AutoDXT)
[2015.12.12-20.48.08:663][ 78]LogTexture:Display: Building textures: HQ_Lightmap1_3 (AutoDXT)
[2015.12.12-20.48.08:671][ 78]LogTexture:Display: Building textures: LQ_Lightmap_0_4 (DXT1)
[2015.12.12-20.48.08:678][ 78]LogTexture:Display: Building textures: LQ_Lightmap_1_1 (DXT1)
[2015.12.12-20.48.08:682][ 78]LogTexture:Display: Building textures: LQ_Lightmap_1_2 (DXT1)
[2015.12.12-20.48.08:689][ 78]LogTexture:Display: Building textures: LQ_Lightmap_1_3 (DXT1)
[2015.12.12-20.48.08:693][ 78]LogTexture:Display: Building textures: SkyOcclusion0_4 (AutoDXT)
[2015.12.12-20.48.08:697][ 78]LogTexture:Display: Building textures: SkyOcclusion1_1 (AutoDXT)
[2015.12.12-20.48.08:706][ 78]LogTexture:Display: Building textures: SkyOcclusion1_2 (AutoDXT)
[2015.12.12-20.48.08:715][ 78]LogTexture:Display: Building textures: SkyOcclusion1_3 (AutoDXT)
[2015.12.12-20.48.08:981][ 78]LogAIModule: Creating AISystem for world Home_Hive
[2015.12.12-20.48.08:983][ 78]LogParticles:Warning: InitializeSystem called on an unregistered component. Template=/Game/Effects/Particles/P_Radiation_Long.P_Radiation_Long Component=/Game/SSA/Maps/Home_Hive.Home_Hive:PersistentLevel.P_Radiation_Long_2.ParticleSystemComponent0
[2015.12.12-20.48.08:983][ 78]LogParticles:Warning: InitializeSystem called on an unregistered component. Template=/Game/Effects/Particles/P_Radiation_Long.P_Radiation_Long Component=/Game/SSA/Maps/Home_Hive.Home_Hive:PersistentLevel.P_Radiation_Long2.ParticleSystemComponent0
[2015.12.12-20.48.08:983][ 78]LogParticles:Warning: InitializeSystem called on an unregistered component. Template=/Game/Effects/Particles/P_Radiation_Long.P_Radiation_Long Component=/Game/SSA/Maps/Home_Hive.Home_Hive:PersistentLevel.P_Radiation_Long3.ParticleSystemComponent0
[2015.12.12-20.48.08:983][ 78]LogParticles:Warning: InitializeSystem called on an unregistered component. Template=/Game/Effects/Particles/P_Radiation_Long.P_Radiation_Long Component=/Game/SSA/Maps/Home_Hive.Home_Hive:PersistentLevel.P_Radiation_Long4.ParticleSystemComponent0
[2015.12.12-20.48.08:984][ 78]LogParticles:Warning: InitializeSystem called on an unregistered component. Template=/Game/Effects/Particles/P_Stars.P_Stars Component=/Game/SSA/Maps/Home_Hive.Home_Hive:PersistentLevel.P_Stars_2.ParticleSystemComponent0
[2015.12.12-20.48.09:015][ 78]LogActorComponent: UnregisterComponent: (/Engine/Transient.CharMoveComp) Not registered. Aborting.
[2015.12.12-20.48.09:015][ 78]LogActorComponent: UnregisterComponent: (/Engine/Transient.CharacterMovementComponent_22) Not registered. Aborting.
[2015.12.12-20.48.09:016][ 78]LogActorComponent: UnregisterComponent: (/Engine/Transient.ProjectileMovement_GEN_VARIABLE) Not registered. Aborting.
[2015.12.12-20.48.09:016][ 78]LogActorComponent: UnregisterComponent: (/Engine/Transient.ProjectileMovementComponent_6) Not registered. Aborting.
[2015.12.12-20.48.14:412][ 78]LogSavePackage: Save=140.846619ms
[2015.12.12-20.48.14:412][ 78]LogSavePackage: Moving '../../../../../../Users/MEnrique/Documents/GitHub/Game-Files/SuperSpaceArmada/Saved/Ship_SelectionAFC02BD1434B5D108C9CCAB09DE4738E.tmp' to '../../../../../../Users/MEnrique/Documents/GitHub/Game-Files/SuperSpaceArmada/Content/SSA/Maps/Ship_Selection.umap'
[2015.12.12-20.48.14:417][ 78]LogSavePackage: Total save time: 163.079076ms
[2015.12.12-20.48.14:417][ 78]LogSavePackage:Warning: Finished SavePackage ../../../../../../Users/MEnrique/Documents/GitHub/Game-Files/SuperSpaceArmada/Content/SSA/Maps/Ship_Selection.umap
[2015.12.12-20.48.14:582][ 78]LogFileHelpers: Saving map 'Ship_Selection' took 0.628
[2015.12.12-20.48.14:585][ 78]Cmd: MAP LOAD FILE="../../../../../../Users/MEnrique/Documents/GitHub/Game-Files/SuperSpaceArmada/Content/SSA/Maps/Home_Hive.umap" TEMPLATE=0 SHOWPROGRESS=1 FEATURELEVEL=3
[2015.12.12-20.48.14:585][ 78]LightingResults: New page: Lighting Build
[2015.12.12-20.48.14:633][ 78]LoadErrors: New page: Loading map: Home_Hive.umap
[2015.12.12-20.48.14:633][ 78]MapCheck: New page: Map Check
[2015.12.12-20.48.14:634][ 78]LightingResults: New page: Lighting Build
[2015.12.12-20.48.14:733][ 78]LogParticles: Destroying 0 GPU particle simulations for FXSystem 0x000000C8191B4B80
[2015.12.12-20.48.14:961][ 78]LogEditorServer: Finished looking for orphan Actors (0.000 secs)
[2015.12.12-20.48.15:134][ 78]Cmd: MAP CHECKDEP NOCLEARLOG
[2015.12.12-20.48.15:339][ 78]MapCheck: Info Map check complete: 0 Error(s), 0 Warning(s), took 204.996ms to complete.
[2015.12.12-20.48.15:340][ 78]LogFileHelpers: Loading map 'Home_Hive' took 0.757
[2015.12.12-20.48.20:911][378]LogBlueprintUserMessages: Early PlayInEditor Detection: Level '/Game/SSA/Maps/Home_Hive.Home_Hive:PersistentLevel' has LevelScriptBlueprint '/Game/SSA/Maps/Home_Hive.Home_Hive:PersistentLevel.Home_Hive' with GeneratedClass '/Game/SSA/Maps/Home_Hive.Home_Hive_C' with ClassGeneratedBy '/Game/SSA/Maps/Home_Hive.Home_Hive:PersistentLevel.Home_Hive'
[2015.12.12-20.48.20:911][378]LogPlayLevel: PlayLevel: No blueprints needed recompiling
[2015.12.12-20.48.20:911][378]PIE: New page: PIE session: Home_Hive (Dec 12, 2015, 10:48:20 AM)
[2015.12.12-20.48.20:911][378]LogPlayLevel: Creating play world package: /Game/SSA/Maps/UEDPIE_0_Home_Hive
[2015.12.12-20.48.20:957][378]LogPlayLevel: PIE: StaticDuplicateObject took: (0.045790s)
[2015.12.12-20.48.20:958][378]LogAIModule: Creating AISystem for world Home_Hive
[2015.12.12-20.48.20:958][378]LogPlayLevel: PIE: World Init took: (0.001123s)
[2015.12.12-20.48.20:959][378]LogPlayLevel: PIE: Created PIE world by copying editor world from /Game/SSA/Maps/Home_Hive.Home_Hive to /Game/SSA/Maps/UEDPIE_0_Home_Hive.Home_Hive (0.047491s)
[2015.12.12-20.48.20:959][378]LogActorComponent: UnregisterComponent: (/Engine/Transient.CharMoveComp) Not registered. Aborting.
[2015.12.12-20.48.20:959][378]LogActorComponent: UnregisterComponent: (/Engine/Transient.CharacterMovementComponent_23) Not registered. Aborting.
[2015.12.12-20.48.20:959][378]LogActorComponent: UnregisterComponent: (/Engine/Transient.CharacterMovementComponent_24) Not registered. Aborting.
[2015.12.12-20.48.20:959][378]LogActorComponent: UnregisterComponent: (/Engine/Transient.CharacterMovementComponent_25) Not registered. Aborting.
[2015.12.12-20.48.20:959][378]LogActorComponent: UnregisterComponent: (/Engine/Transient.CharacterMovementComponent_26) Not registered. Aborting.
[2015.12.12-20.48.20:959][378]LogActorComponent: UnregisterComponent: (/Engine/Transient.CharacterMovementComponent_27) Not registered. Aborting.
[2015.12.12-20.48.20:959][378]LogActorComponent: UnregisterComponent: (/Engine/Transient.CharacterMovementComponent_28) Not registered. Aborting.
[2015.12.12-20.48.20:960][378]LogActorComponent: UnregisterComponent: (/Engine/Transient.CharacterMovementComponent_29) Not registered. Aborting.
[2015.12.12-20.48.20:960][378]LogActorComponent: UnregisterComponent: (/Engine/Transient.CharacterMovementComponent_30) Not registered. Aborting.
[2015.12.12-20.48.20:961][378]LogActorComponent: UnregisterComponent: (/Engine/Transient.CharacterMovementComponent_31) Not registered. Aborting.
[2015.12.12-20.48.20:962][378]LogActorComponent: UnregisterComponent: (/Engine/Transient.CharacterMovementComponent_32) Not registered. Aborting.
[2015.12.12-20.48.20:962][378]LogActorComponent: UnregisterComponent: (/Engine/Transient.CharacterMovementComponent_33) Not registered. Aborting.
[2015.12.12-20.48.21:054][378]LogInit: XAudio2 using 'Speaker/HP (Realtek High Definition Audio)' : 2 channels at 48 kHz using 32 bits per sample (channel mask 0x3)
[2015.12.12-20.48.21:063][378]LogInit: FAudioDevice initialized.
[2015.12.12-20.48.21:113][378]LogWorld: Game class is 'TopDownGameMode_C'
[2015.12.12-20.48.21:121][378]LogWorld:Warning: *** WARNING - PATHS MAY NOT BE VALID ***
[2015.12.12-20.48.21:121][378]LogWorld: Bringing World /Game/SSA/Maps/UEDPIE_0_Home_Hive.Home_Hive up for play (max tick rate 60) at 2015.12.12-15.48.21
[2015.12.12-20.48.21:121][378]LogActor:Warning: GameSession /Game/SSA/Maps/UEDPIE_0_Home_Hive.Home_Hive:PersistentLevel.GameSession_0 has natively added scene component(s), but none of them were set as the actor's RootComponent - picking one arbitrarily
[2015.12.12-20.48.21:121][378]LogActor:Warning: GameNetworkManager /Game/SSA/Maps/UEDPIE_0_Home_Hive.Home_Hive:PersistentLevel.GameNetworkManager_0 has natively added scene component(s), but none of them were set as the actor's RootComponent - picking one arbitrarily
[2015.12.12-20.48.21:122][378]LogWorld: Bringing up level for play took: 0.008019
[2015.12.12-20.48.21:125][378]LogScript:Warning: Accessed None 'HUD Reference'
	Player_Human_C /Game/SSA/Maps/UEDPIE_0_Home_Hive.Home_Hive:PersistentLevel.Player_Human_C_0
	Function /Game/SSA/Blueprints/Player_Ships/Player.Player_C:ExecuteUbergraph_Player:128C
[2015.12.12-20.48.21:126][378]PIE:Error: Error Accessed None 'HUD Reference' from node Change Portait in graph 'EventGraph' in blueprint Player
[2015.12.12-20.48.21:161][378]PIE: Info Play in editor start time for /Game/SSA/Maps/UEDPIE_0_Home_Hive 0.635
[2015.12.12-20.48.21:161][378]LogBlueprintUserMessages: Late PlayInEditor Detection: Level '/Game/SSA/Maps/Home_Hive.Home_Hive:PersistentLevel' has LevelScriptBlueprint '/Game/SSA/Maps/Home_Hive.Home_Hive:PersistentLevel.Home_Hive' with GeneratedClass '/Game/SSA/Maps/Home_Hive.Home_Hive_C' with ClassGeneratedBy '/Game/SSA/Maps/Home_Hive.Home_Hive:PersistentLevel.Home_Hive'
[2015.12.12-20.48.34:743][ 16]LogPackageName: SearchForPackageOnDisk took   0.115s to resolve Ship_Selection.umap.
[2015.12.12-20.48.34:854][ 17]LogPackageName: SearchForPackageOnDisk took   0.098s to resolve Ship_Selection.umap.
[2015.12.12-20.48.34:854][ 17]LogNet: Browse: /Game/SSA/Maps/Ship_Selection
[2015.12.12-20.48.34:854][ 17]LogLoad: LoadMap: /Game/SSA/Maps/Ship_Selection
[2015.12.12-20.48.34:967][ 17]LogParticles: Destroying 0 GPU particle simulations for FXSystem 0x000000C80367F420
[2015.12.12-20.48.34:980][ 17]Cmd: MEM
[2015.12.12-20.48.35:065][ 17]LogMemory: Platform Memory Stats for Windows
[2015.12.12-20.48.35:065][ 17]LogMemory: Process Physical Memory: 1646.81 MB used, 1648.22 MB peak
[2015.12.12-20.48.35:065][ 17]LogMemory: Process Virtual Memory: 1594.50 MB used, 1599.09 MB peak
[2015.12.12-20.48.35:065][ 17]LogMemory: Physical Memory: 3982.82 MB used, 16299.39 MB total
[2015.12.12-20.48.35:065][ 17]LogMemory: Virtual Memory: 2728.57 MB used, 134217728.00 MB total
[2015.12.12-20.48.35:065][ 17]LogMemory: 
[2015.12.12-20.48.35:065][ 17]Allocator Stats for TBB: (not implemented)
[2015.12.12-20.48.37:581][ 17]LogAIModule: Creating AISystem for world Ship_Selection
[2015.12.12-20.48.37:582][ 17]LogWorld: Game class is 'TopDownGameMode_C'
[2015.12.12-20.48.37:585][ 17]LogWorld: Bringing World /Game/SSA/Maps/UEDPIE_0_Ship_Selection.Ship_Selection up for play (max tick rate 60) at 2015.12.12-15.48.37
[2015.12.12-20.48.37:585][ 17]LogActor:Warning: GameSession /Game/SSA/Maps/UEDPIE_0_Ship_Selection.Ship_Selection:PersistentLevel.GameSession_1 has natively added scene component(s), but none of them were set as the actor's RootComponent - picking one arbitrarily
[2015.12.12-20.48.37:586][ 17]LogActor:Warning: GameNetworkManager /Game/SSA/Maps/UEDPIE_0_Ship_Selection.Ship_Selection:PersistentLevel.GameNetworkManager_1 has natively added scene component(s), but none of them were set as the actor's RootComponent - picking one arbitrarily
[2015.12.12-20.48.37:586][ 17]LogWorld: Bringing up level for play took: 0.002628
[2015.12.12-20.48.37:586][ 17]LogGameMode: Warning - PATHS NOT DEFINED or NO PLAYERSTART with positive rating
[2015.12.12-20.48.42:792][262]LogPackageName: SearchForPackageOnDisk took   0.108s to resolve Home_Human.umap.
[2015.12.12-20.48.42:894][263]LogPackageName: SearchForPackageOnDisk took   0.094s to resolve Home_Human.umap.
[2015.12.12-20.48.42:894][263]LogNet: Browse: /Game/SSA/Maps/Home_Human
[2015.12.12-20.48.42:894][263]LogLoad: LoadMap: /Game/SSA/Maps/Home_Human
[2015.12.12-20.48.42:979][263]LogParticles: Destroying 0 GPU particle simulations for FXSystem 0x000000C869CCB100
[2015.12.12-20.48.42:979][263]Cmd: MEM
[2015.12.12-20.48.43:072][263]LogMemory: Platform Memory Stats for Windows
[2015.12.12-20.48.43:072][263]LogMemory: Process Physical Memory: 2477.54 MB used, 2481.33 MB peak
[2015.12.12-20.48.43:072][263]LogMemory: Process Virtual Memory: 2428.82 MB used, 2436.19 MB peak
[2015.12.12-20.48.43:073][263]LogMemory: Physical Memory: 4977.27 MB used, 16299.39 MB total
[2015.12.12-20.48.43:073][263]LogMemory: Virtual Memory: 3558.88 MB used, 134217728.00 MB total
[2015.12.12-20.48.43:073][263]LogMemory: 
[2015.12.12-20.48.43:073][263]Allocator Stats for TBB: (not implemented)
[2015.12.12-20.48.43:111][263]LogLinker:Warning: Asset '../../../../../../Users/MEnrique/Documents/GitHub/Game-Files/SuperSpaceArmada/Content/Mannequin/Animations/ThirdPerson_AnimBP.uasset' has been saved with empty engine version. The asset will be loaded but may be incompatible.
[2015.12.12-20.48.43:114][263]LogLinker:Warning: Asset '../../../../../../Users/MEnrique/Documents/GitHub/Game-Files/SuperSpaceArmada/Content/Mannequin/Animations/ThirdPerson_Jump.uasset' has been saved with empty engine version. The asset will be loaded but may be incompatible.
[2015.12.12-20.48.43:115][263]LogLinker:Warning: Asset '../../../../../../Users/MEnrique/Documents/GitHub/Game-Files/SuperSpaceArmada/Content/Mannequin/Animations/ThirdPersonJump_Loop.uasset' has been saved with empty engine version. The asset will be loaded but may be incompatible.
[2015.12.12-20.48.43:116][263]LogLinker:Warning: Asset '../../../../../../Users/MEnrique/Documents/GitHub/Game-Files/SuperSpaceArmada/Content/Mannequin/Animations/ThirdPersonJump_Start.uasset' has been saved with empty engine version. The asset will be loaded but may be incompatible.
[2015.12.12-20.48.43:117][263]LogLinker:Warning: Asset '../../../../../../Users/MEnrique/Documents/GitHub/Game-Files/SuperSpaceArmada/Content/Mannequin/Animations/ThirdPerson_IdleRun_2D.uasset' has been saved with empty engine version. The asset will be loaded but may be incompatible.
[2015.12.12-20.48.43:118][263]LogLinker:Warning: Asset '../../../../../../Users/MEnrique/Documents/GitHub/Game-Files/SuperSpaceArmada/Content/Mannequin/Animations/ThirdPersonIdle.uasset' has been saved with empty engine version. The asset will be loaded but may be incompatible.
[2015.12.12-20.48.43:119][263]LogLinker:Warning: Asset '../../../../../../Users/MEnrique/Documents/GitHub/Game-Files/SuperSpaceArmada/Content/Mannequin/Animations/ThirdPersonRun.uasset' has been saved with empty engine version. The asset will be loaded but may be incompatible.
[2015.12.12-20.48.43:121][263]LogLinker:Warning: Asset '../../../../../../Users/MEnrique/Documents/GitHub/Game-Files/SuperSpaceArmada/Content/Mannequin/Animations/ThirdPersonWalk.uasset' has been saved with empty engine version. The asset will be loaded but may be incompatible.
[2015.12.12-20.48.44:504][263]LogAIModule: Creating AISystem for world Home_Human
[2015.12.12-20.48.44:505][263]LogWorld: Game class is 'TopDownGameMode_C'
[2015.12.12-20.48.44:515][263]LogWorld:Warning: *** WARNING - PATHS MAY NOT BE VALID ***
[2015.12.12-20.48.44:516][263]LogWorld: Bringing World /Game/SSA/Maps/UEDPIE_0_Home_Human.Home_Human up for play (max tick rate 60) at 2015.12.12-15.48.44
[2015.12.12-20.48.44:516][263]LogActor:Warning: GameSession /Game/SSA/Maps/UEDPIE_0_Home_Human.Home_Human:PersistentLevel.GameSession_2 has natively added scene component(s), but none of them were set as the actor's RootComponent - picking one arbitrarily
[2015.12.12-20.48.44:516][263]LogActor:Warning: GameNetworkManager /Game/SSA/Maps/UEDPIE_0_Home_Human.Home_Human:PersistentLevel.GameNetworkManager_2 has natively added scene component(s), but none of them were set as the actor's RootComponent - picking one arbitrarily
[2015.12.12-20.48.44:516][263]LogWorld: Bringing up level for play took: 0.010736
[2015.12.12-20.48.44:520][263]LogScript:Warning: Accessed None 'HUD Reference'
	Player_Kratakos_C /Game/SSA/Maps/UEDPIE_0_Home_Human.Home_Human:PersistentLevel.Player_Kratakos_C_0
	Function /Game/SSA/Blueprints/Player_Ships/Player.Player_C:ExecuteUbergraph_Player:128C
[2015.12.12-20.48.44:520][263]PIE:Error: Error Accessed None 'HUD Reference' from node Change Portait in graph 'EventGraph' in blueprint Player
[2015.12.12-20.48.44:550][264]LoadErrors:Error: Error /Game/SSA/Blueprints/Player : Failed import for Player_C /Game/SSA/Blueprints/Player/Player.Default__Player_C
[2015.12.12-20.48.46:546][352]LogScript:Warning: Accessed None 'Enemy'
	Player_Kratakos_C /Game/SSA/Maps/UEDPIE_0_Home_Human.Home_Human:PersistentLevel.Player_Kratakos_C_0
	Function /Game/SSA/Blueprints/Player_Ships/Player.Player_C:ExecuteUbergraph_Player:039F
[2015.12.12-20.48.46:546][352]PIE:Error: Error Accessed None 'Enemy' from node Spawn Emitter at Location in graph 'EventGraph' in blueprint Player
[2015.12.12-20.48.46:547][352]LogScript:Warning: Accessed None 'Enemy'
	Player_Kratakos_C /Game/SSA/Maps/UEDPIE_0_Home_Human.Home_Human:PersistentLevel.Player_Kratakos_C_0
	Function /Game/SSA/Blueprints/Player_Ships/Player.Player_C:ExecuteUbergraph_Player:040D
[2015.12.12-20.48.46:547][352]PIE:Error: Error Accessed None 'Enemy' from node DestroyActor in graph 'EventGraph' in blueprint Player
[2015.12.12-20.48.47:542][396]LogScript:Warning: Accessed None 'CallFunc_K2_GetPawn_ReturnValue'
	EnemyAI1_C /Game/SSA/Maps/UEDPIE_0_Home_Human.Home_Human:PersistentLevel.EnemyAI1_C_2
	Function /Game/SSA/Blueprints/AI/EnemyAI1.EnemyAI1_C:ExecuteUbergraph_EnemyAI1:008C
[2015.12.12-20.48.47:542][396]PIE:Error: Error Accessed None 'CallFunc_K2_GetPawn_ReturnValue' from node Set Value as Vector in graph 'EventGraph' in blueprint EnemyAI1
[2015.12.12-20.48.57:044][843]LogScript:Warning: Accessed None 'K2Node_DynamicCast_AsPlayer3'
	Enemy_Dragomir_C /Game/SSA/Maps/UEDPIE_0_Home_Human.Home_Human:PersistentLevel.Enemy_Dragomir_C_0
	Function /Game/SSA/Blueprints/Enemy_Dragomir.Enemy_Dragomir_C:ExecuteUbergraph_Enemy_Dragomir:0033
[2015.12.12-20.48.57:044][843]PIE:Error: Error Accessed None 'K2Node_DynamicCast_AsPlayer3' from node Branch in graph 'EventGraph' in blueprint Enemy_Dragomir
[2015.12.12-20.48.58:955][933]LogScript:Warning: Accessed None 'CallFunc_K2_GetPawn_ReturnValue'
	EnemyAI1_C /Game/SSA/Maps/UEDPIE_0_Home_Human.Home_Human:PersistentLevel.EnemyAI1_C_3
	Function /Game/SSA/Blueprints/AI/EnemyAI1.EnemyAI1_C:ExecuteUbergraph_EnemyAI1:008C
[2015.12.12-20.48.58:956][933]PIE:Error: Error Accessed None 'CallFunc_K2_GetPawn_ReturnValue' from node Set Value as Vector in graph 'EventGraph' in blueprint EnemyAI1
[2015.12.12-20.49.13:370][600]LogScript:Warning: Cannot access 'Enemy_Hive_C_9'. It is pending kill. Property: 'Enemy'
	Player_Kratakos_C /Game/SSA/Maps/UEDPIE_0_Home_Human.Home_Human:PersistentLevel.Player_Kratakos_C_0
	Function /Game/SSA/Blueprints/Player_Ships/Player.Player_C:ExecuteUbergraph_Player:039F
[2015.12.12-20.49.13:370][600]PIE:Error: Error Cannot access 'Enemy_Hive_C_9'. It is pending kill. Property: 'Enemy' from node Spawn Emitter at Location in graph 'EventGraph' in blueprint Player
[2015.12.12-20.49.13:370][600]LogScript:Warning: Cannot access 'Enemy_Hive_C_9'. It is pending kill. Property: 'Enemy'
	Player_Kratakos_C /Game/SSA/Maps/UEDPIE_0_Home_Human.Home_Human:PersistentLevel.Player_Kratakos_C_0
	Function /Game/SSA/Blueprints/Player_Ships/Player.Player_C:ExecuteUbergraph_Player:040D
[2015.12.12-20.49.13:370][600]PIE:Error: Error Cannot access 'Enemy_Hive_C_9'. It is pending kill. Property: 'Enemy' from node DestroyActor in graph 'EventGraph' in blueprint Player
[2015.12.12-20.49.23:093][975]LogScript:Warning: Cannot access 'Enemy_Hive_C_9'. It is pending kill. Property: 'Enemy'
	Player_Kratakos_C /Game/SSA/Maps/UEDPIE_0_Home_Human.Home_Human:PersistentLevel.Player_Kratakos_C_0
	Function /Game/SSA/Blueprints/Player_Ships/Player.Player_C:ExecuteUbergraph_Player:039F
[2015.12.12-20.49.23:093][975]PIE:Error: Error Cannot access 'Enemy_Hive_C_9'. It is pending kill. Property: 'Enemy' from node Spawn Emitter at Location in graph 'EventGraph' in blueprint Player
[2015.12.12-20.49.23:094][975]LogScript:Warning: Cannot access 'Enemy_Hive_C_9'. It is pending kill. Property: 'Enemy'
	Player_Kratakos_C /Game/SSA/Maps/UEDPIE_0_Home_Human.Home_Human:PersistentLevel.Player_Kratakos_C_0
	Function /Game/SSA/Blueprints/Player_Ships/Player.Player_C:ExecuteUbergraph_Player:040D
[2015.12.12-20.49.23:094][975]PIE:Error: Error Cannot access 'Enemy_Hive_C_9'. It is pending kill. Property: 'Enemy' from node DestroyActor in graph 'EventGraph' in blueprint Player
[2015.12.12-20.49.24:038][  3]LogScript:Warning: Cannot access 'Enemy_Hive_C_9'. It is pending kill. Property: 'Enemy'
	Player_Kratakos_C /Game/SSA/Maps/UEDPIE_0_Home_Human.Home_Human:PersistentLevel.Player_Kratakos_C_0
	Function /Game/SSA/Blueprints/Player_Ships/Player.Player_C:ExecuteUbergraph_Player:039F
[2015.12.12-20.49.24:039][  3]PIE:Error: Error Cannot access 'Enemy_Hive_C_9'. It is pending kill. Property: 'Enemy' from node Spawn Emitter at Location in graph 'EventGraph' in blueprint Player
[2015.12.12-20.49.24:039][  3]LogScript:Warning: Cannot access 'Enemy_Hive_C_9'. It is pending kill. Property: 'Enemy'
	Player_Kratakos_C /Game/SSA/Maps/UEDPIE_0_Home_Human.Home_Human:PersistentLevel.Player_Kratakos_C_0
	Function /Game/SSA/Blueprints/Player_Ships/Player.Player_C:ExecuteUbergraph_Player:040D
[2015.12.12-20.49.24:039][  3]PIE:Error: Error Cannot access 'Enemy_Hive_C_9'. It is pending kill. Property: 'Enemy' from node DestroyActor in graph 'EventGraph' in blueprint Player
[2015.12.12-20.49.24:076][  4]LogScript:Warning: Attempted to get an item from array Enemy Armada out of bounds [0/0]!
[2015.12.12-20.49.30:431][177]LogPhysics:Warning: FConstraintInstance::GetRefFrame : Contained scale.
[2015.12.12-20.49.30:431][177]LogPhysics:Warning: FConstraintInstance::GetRefFrame : Contained scale.
[2015.12.12-20.49.30:431][177]LogPhysics:Warning: FConstraintInstance::GetRefFrame : Contained scale.
[2015.12.12-20.49.33:545][256]LogScript:Warning: Cannot access 'Enemy_Hive_C_9'. It is pending kill. Property: 'Enemy'
	Player_Kratakos_C /Game/SSA/Maps/UEDPIE_0_Home_Human.Home_Human:PersistentLevel.Player_Kratakos_C_0
	Function /Game/SSA/Blueprints/Player_Ships/Player.Player_C:ExecuteUbergraph_Player:039F
[2015.12.12-20.49.33:545][256]PIE:Error: Error Cannot access 'Enemy_Hive_C_9'. It is pending kill. Property: 'Enemy' from node Spawn Emitter at Location in graph 'EventGraph' in blueprint Player
[2015.12.12-20.49.33:545][256]LogScript:Warning: Cannot access 'Enemy_Hive_C_9'. It is pending kill. Property: 'Enemy'
	Player_Kratakos_C /Game/SSA/Maps/UEDPIE_0_Home_Human.Home_Human:PersistentLevel.Player_Kratakos_C_0
	Function /Game/SSA/Blueprints/Player_Ships/Player.Player_C:ExecuteUbergraph_Player:040D
[2015.12.12-20.49.33:545][256]PIE:Error: Error Cannot access 'Enemy_Hive_C_9'. It is pending kill. Property: 'Enemy' from node DestroyActor in graph 'EventGraph' in blueprint Player
[2015.12.12-20.49.36:648][372]LogPackageName: SearchForPackageOnDisk took   0.119s to resolve Intro_Dragomir.umap.
[2015.12.12-20.49.36:758][373]LogPackageName: SearchForPackageOnDisk took   0.106s to resolve Intro_Dragomir.umap.
[2015.12.12-20.49.36:758][373]LogNet: Browse: /Game/SSA/Maps/Narratives/Intro_Dragomir
[2015.12.12-20.49.36:758][373]LogLoad: LoadMap: /Game/SSA/Maps/Narratives/Intro_Dragomir
[2015.12.12-20.49.36:996][373]LogParticles: Destroying 0 GPU particle simulations for FXSystem 0x000000C833B47240
[2015.12.12-20.49.37:047][373]Cmd: MEM
[2015.12.12-20.49.37:155][373]LogMemory: Platform Memory Stats for Windows
[2015.12.12-20.49.37:155][373]LogMemory: Process Physical Memory: 2558.25 MB used, 2569.03 MB peak
[2015.12.12-20.49.37:155][373]LogMemory: Process Virtual Memory: 2511.07 MB used, 2522.14 MB peak
[2015.12.12-20.49.37:155][373]LogMemory: Physical Memory: 4820.05 MB used, 16299.39 MB total
[2015.12.12-20.49.37:155][373]LogMemory: Virtual Memory: 3641.02 MB used, 134217728.00 MB total
[2015.12.12-20.49.37:155][373]LogMemory: 
[2015.12.12-20.49.37:155][373]Allocator Stats for TBB: (not implemented)
[2015.12.12-20.49.37:502][373]LogAIModule: Creating AISystem for world Intro_Dragomir
[2015.12.12-20.49.37:503][373]LogWorld: Game class is 'TopDownGameMode_C'
[2015.12.12-20.49.37:505][373]LogWorld: Bringing World /Game/SSA/Maps/Narratives/UEDPIE_0_Intro_Dragomir.Intro_Dragomir up for play (max tick rate 60) at 2015.12.12-15.49.37
[2015.12.12-20.49.37:505][373]LogActor:Warning: GameSession /Game/SSA/Maps/Narratives/UEDPIE_0_Intro_Dragomir.Intro_Dragomir:PersistentLevel.GameSession_3 has natively added scene component(s), but none of them were set as the actor's RootComponent - picking one arbitrarily
[2015.12.12-20.49.37:505][373]LogActor:Warning: GameNetworkManager /Game/SSA/Maps/Narratives/UEDPIE_0_Intro_Dragomir.Intro_Dragomir:PersistentLevel.GameNetworkManager_3 has natively added scene component(s), but none of them were set as the actor's RootComponent - picking one arbitrarily
[2015.12.12-20.49.37:505][373]LogWorld: Bringing up level for play took: 0.001410
[2015.12.12-20.49.37:506][373]LogGameMode: Warning - PATHS NOT DEFINED or NO PLAYERSTART with positive rating
[2015.12.12-20.49.43:228][706]LogPackageName: SearchForPackageOnDisk took   0.114s to resolve Ship_Selection.umap.
[2015.12.12-20.49.43:339][707]LogPackageName: SearchForPackageOnDisk took   0.109s to resolve Ship_Selection.umap.
[2015.12.12-20.49.43:339][707]LogNet: Browse: /Game/SSA/Maps/Ship_Selection
[2015.12.12-20.49.43:339][707]LogLoad: LoadMap: /Game/SSA/Maps/Ship_Selection
[2015.12.12-20.49.43:450][707]LogParticles: Destroying 0 GPU particle simulations for FXSystem 0x000000C80B9DD940
[2015.12.12-20.49.43:450][707]Cmd: MEM
[2015.12.12-20.49.43:555][707]LogMemory: Platform Memory Stats for Windows
[2015.12.12-20.49.43:556][707]LogMemory: Process Physical Memory: 2579.82 MB used, 2624.25 MB peak
[2015.12.12-20.49.43:556][707]LogMemory: Process Virtual Memory: 2532.93 MB used, 2577.45 MB peak
[2015.12.12-20.49.43:556][707]LogMemory: Physical Memory: 4841.46 MB used, 16299.39 MB total
[2015.12.12-20.49.43:556][707]LogMemory: Virtual Memory: 3673.91 MB used, 134217728.00 MB total
[2015.12.12-20.49.43:556][707]LogMemory: 
[2015.12.12-20.49.43:556][707]Allocator Stats for TBB: (not implemented)
[2015.12.12-20.49.43:982][707]LogLinker:Warning: Asset '../../../../../../Users/MEnrique/Documents/GitHub/Game-Files/SuperSpaceArmada/Content/Mannequin/Animations/ThirdPerson_AnimBP.uasset' has been saved with empty engine version. The asset will be loaded but may be incompatible.
[2015.12.12-20.49.43:984][707]LogLinker:Warning: Asset '../../../../../../Users/MEnrique/Documents/GitHub/Game-Files/SuperSpaceArmada/Content/Mannequin/Animations/ThirdPerson_Jump.uasset' has been saved with empty engine version. The asset will be loaded but may be incompatible.
[2015.12.12-20.49.43:985][707]LogLinker:Warning: Asset '../../../../../../Users/MEnrique/Documents/GitHub/Game-Files/SuperSpaceArmada/Content/Mannequin/Animations/ThirdPersonJump_Loop.uasset' has been saved with empty engine version. The asset will be loaded but may be incompatible.
[2015.12.12-20.49.43:987][707]LogLinker:Warning: Asset '../../../../../../Users/MEnrique/Documents/GitHub/Game-Files/SuperSpaceArmada/Content/Mannequin/Animations/ThirdPersonJump_Start.uasset' has been saved with empty engine version. The asset will be loaded but may be incompatible.
[2015.12.12-20.49.43:989][707]LogLinker:Warning: Asset '../../../../../../Users/MEnrique/Documents/GitHub/Game-Files/SuperSpaceArmada/Content/Mannequin/Animations/ThirdPerson_IdleRun_2D.uasset' has been saved with empty engine version. The asset will be loaded but may be incompatible.
[2015.12.12-20.49.43:989][707]LogLinker:Warning: Asset '../../../../../../Users/MEnrique/Documents/GitHub/Game-Files/SuperSpaceArmada/Content/Mannequin/Animations/ThirdPersonIdle.uasset' has been saved with empty engine version. The asset will be loaded but may be incompatible.
[2015.12.12-20.49.43:991][707]LogLinker:Warning: Asset '../../../../../../Users/MEnrique/Documents/GitHub/Game-Files/SuperSpaceArmada/Content/Mannequin/Animations/ThirdPersonRun.uasset' has been saved with empty engine version. The asset will be loaded but may be incompatible.
[2015.12.12-20.49.43:992][707]LogLinker:Warning: Asset '../../../../../../Users/MEnrique/Documents/GitHub/Game-Files/SuperSpaceArmada/Content/Mannequin/Animations/ThirdPersonWalk.uasset' has been saved with empty engine version. The asset will be loaded but may be incompatible.
[2015.12.12-20.49.45:276][707]LogAIModule: Creating AISystem for world Ship_Selection
[2015.12.12-20.49.45:277][707]LogWorld: Game class is 'TopDownGameMode_C'
[2015.12.12-20.49.45:280][707]LogWorld: Bringing World /Game/SSA/Maps/UEDPIE_0_Ship_Selection.Ship_Selection up for play (max tick rate 60) at 2015.12.12-15.49.45
[2015.12.12-20.49.45:280][707]LogActor:Warning: GameSession /Game/SSA/Maps/UEDPIE_0_Ship_Selection.Ship_Selection:PersistentLevel.GameSession_4 has natively added scene component(s), but none of them were set as the actor's RootComponent - picking one arbitrarily
[2015.12.12-20.49.45:281][707]LogActor:Warning: GameNetworkManager /Game/SSA/Maps/UEDPIE_0_Ship_Selection.Ship_Selection:PersistentLevel.GameNetworkManager_4 has natively added scene component(s), but none of them were set as the actor's RootComponent - picking one arbitrarily
[2015.12.12-20.49.45:281][707]LogWorld: Bringing up level for play took: 0.003665
[2015.12.12-20.49.45:282][707]LogGameMode: Warning - PATHS NOT DEFINED or NO PLAYERSTART with positive rating
[2015.12.12-20.49.45:321][708]LogBlueprintUserMessages: Early EndPlayMap Detection: Level '/Game/SSA/Maps/Home_Hive.Home_Hive:PersistentLevel' has LevelScriptBlueprint '/Game/SSA/Maps/Home_Hive.Home_Hive:PersistentLevel.Home_Hive' with GeneratedClass '/Game/SSA/Maps/Home_Hive.Home_Hive_C' with ClassGeneratedBy '/Game/SSA/Maps/Home_Hive.Home_Hive:PersistentLevel.Home_Hive'
[2015.12.12-20.49.45:458][708]LogBlueprintUserMessages: Late EndPlayMap Detection: Level '/Game/SSA/Maps/Home_Hive.Home_Hive:PersistentLevel' has LevelScriptBlueprint '/Game/SSA/Maps/Home_Hive.Home_Hive:PersistentLevel.Home_Hive' with GeneratedClass '/Game/SSA/Maps/Home_Hive.Home_Hive_C' with ClassGeneratedBy '/Game/SSA/Maps/Home_Hive.Home_Hive:PersistentLevel.Home_Hive'
[2015.12.12-20.49.45:608][708]LogParticles: Destroying 0 GPU particle simulations for FXSystem 0x000000C83F169120
[2015.12.12-20.49.45:694][709]Cmd: SELECT NONE
[2015.12.12-20.50.08:059][961]BlueprintLog: New page: Compile Enemy_Hive
[2015.12.12-20.50.08:649][961]LogBlueprintUserMessages: PostEditorRefresh for Blueprint 'Enemy_Hive_Drones', cached variable property's owner is '/Game/SSA/Blueprints/Player_Ships/Player.Player_C'
[2015.12.12-20.50.08:774][961]BlueprintEditorCompileResults: Info Event BeginPlay (K2Node_Event_153) had an invalid function signature - it has now been fixed.
[2015.12.12-20.50.08:774][961]BlueprintEditorCompileResults: Info [0821.81] Compile of Enemy_Hive successful! [in 714 ms]
[2015.12.12-20.51.18:541][130]LogActorComponent: UnregisterComponent: (/Engine/Transient.CharMoveComp) Not registered. Aborting.
[2015.12.12-20.51.18:541][130]LogActorComponent: UnregisterComponent: (/Engine/Transient.CharacterMovementComponent_34) Not registered. Aborting.
[2015.12.12-20.51.18:692][130]Cmd: OBJ SAVEPACKAGE PACKAGE="/Game/SSA/Blueprints/Enemy_Hive" FILE="../../../../../../Users/MEnrique/Documents/GitHub/Game-Files/SuperSpaceArmada/Content/SSA/Blueprints/Enemy_Hive.uasset" SILENT=true
[2015.12.12-20.51.19:012][130]LogSavePackage: Save=298.973450ms
[2015.12.12-20.51.19:012][130]LogSavePackage: Moving '../../../../../../Users/MEnrique/Documents/GitHub/Game-Files/SuperSpaceArmada/Saved/Enemy_Hive18457B6F4D8CF9C120F76185E9F6E303.tmp' to '../../../../../../Users/MEnrique/Documents/GitHub/Game-Files/SuperSpaceArmada/Content/SSA/Blueprints/Enemy_Hive.uasset'
[2015.12.12-20.51.19:017][130]LogSavePackage: Total save time: 323.366851ms
[2015.12.12-20.51.19:017][130]LogSavePackage:Warning: Finished SavePackage ../../../../../../Users/MEnrique/Documents/GitHub/Game-Files/SuperSpaceArmada/Content/SSA/Blueprints/Enemy_Hive.uasset
[2015.12.12-20.51.25:484][515]LogActorComponent: UnregisterComponent: (/Engine/Transient.CharMoveComp) Not registered. Aborting.
[2015.12.12-20.51.26:074][515]LogActorComponent: UnregisterComponent: (/Engine/Transient.EditorFloorComp) Not registered. Aborting.
[2015.12.12-20.51.26:133][515]LogActorComponent: UnregisterComponent: (/Engine/Transient.EditorFloorComp) Not registered. Aborting.
[2015.12.12-20.51.26:186][515]LogActorComponent: UnregisterComponent: (/Engine/Transient.EditorFloorComp) Not registered. Aborting.
[2015.12.12-20.51.26:586][516]Cmd: QUIT_EDITOR
[2015.12.12-20.51.27:636][516]LogWindowsTextInputMethodSystem:Display: IME system now deactivated.
[2015.12.12-20.51.27:636][516]LogWindowsTextInputMethodSystem:Display: IME system now deactivated.
[2015.12.12-20.51.27:833][516]LogExit: Preparing to exit.
[2015.12.12-20.51.28:354][516]LogExit: Editor shut down
[2015.12.12-20.51.28:355][516]LogExit: Transaction tracking system shut down
[2015.12.12-20.51.28:371][516]LogParticles: Destroying 0 GPU particle simulations for FXSystem 0x000000C80C23AF20
[2015.12.12-20.51.28:376][516]LogParticles: Destroying 0 GPU particle simulations for FXSystem 0x000000C830B6B380
[2015.12.12-20.51.28:379][516]LogParticles: Destroying 0 GPU particle simulations for FXSystem 0x000000C807DD6E80
[2015.12.12-20.51.28:380][516]LogParticles: Destroying 0 GPU particle simulations for FXSystem 0x000000C807DD7100
[2015.12.12-20.51.28:380][516]LogParticles: Destroying 0 GPU particle simulations for FXSystem 0x000000C807DD56C0
[2015.12.12-20.51.28:382][516]LogParticles: Destroying 0 GPU particle simulations for FXSystem 0x000000C80B968220
[2015.12.12-20.51.28:402][516]LogParticles: Destroying 0 GPU particle simulations for FXSystem 0x000000C821B302C0
[2015.12.12-20.51.28:402][516]LogParticles: Destroying 0 GPU particle simulations for FXSystem 0x000000C821C0CE00
[2015.12.12-20.51.28:402][516]LogParticles: Destroying 0 GPU particle simulations for FXSystem 0x000000C821B33C40
[2015.12.12-20.51.28:403][516]LogParticles: Destroying 0 GPU particle simulations for FXSystem 0x000000C80A6DDB20
[2015.12.12-20.51.29:043][516]LogExit: Object subsystem successfully closed.
[2015.12.12-20.51.29:069][516]LogD3D11RHI: Shutdown
[2015.12.12-20.51.29:069][516]LogD3D11RHI: CleanupD3DDevice
[2015.12.12-20.51.29:186][516]LogD3D11RHI: ~FD3D11DynamicRHI
[2015.12.12-20.51.29:227][516]LogModuleManager: Shutting down and abandoning module BlueprintGraph (200)
[2015.12.12-20.51.29:227][516]LogModuleManager: Shutting down and abandoning module CrashTracker (199)
[2015.12.12-20.51.29:227][516]LogModuleManager: Shutting down and abandoning module SceneOutliner (198)
[2015.12.12-20.51.29:227][516]LogModuleManager: Shutting down and abandoning module SuperSearch (197)
[2015.12.12-20.51.29:227][516]LogModuleManager: Shutting down and abandoning module WidgetCarousel (196)
[2015.12.12-20.51.29:227][516]LogModuleManager: Shutting down and abandoning module AddContentDialog (195)
[2015.12.12-20.51.29:229][516]LogModuleManager: Shutting down and abandoning module EditorWidgets (194)
[2015.12.12-20.51.29:229][516]LogModuleManager: Shutting down and abandoning module CollectionManager (193)
[2015.12.12-20.51.29:229][516]LogModuleManager: Shutting down and abandoning module StatsViewer (192)
[2015.12.12-20.51.29:229][516]LogModuleManager: Shutting down and abandoning module FoliageEdit (191)
[2015.12.12-20.51.29:229][516]LogModuleManager: Shutting down and abandoning module LandscapeEditor (190)
[2015.12.12-20.51.29:229][516]LogModuleManager: Shutting down and abandoning module ActorPickerMode (189)
[2015.12.12-20.51.29:229][516]LogModuleManager: Shutting down and abandoning module GeometryMode (188)
[2015.12.12-20.51.29:229][516]LogModuleManager: Shutting down and abandoning module TextureAlignMode (187)
[2015.12.12-20.51.29:229][516]LogModuleManager: Shutting down and abandoning module BspMode (186)
[2015.12.12-20.51.29:229][516]LogModuleManager: Shutting down and abandoning module PlacementMode (185)
[2015.12.12-20.51.29:229][516]LogModuleManager: Shutting down and abandoning module AutomationWorker (184)
[2015.12.12-20.51.29:229][516]LogModuleManager: Shutting down and abandoning module CharacterAI (183)
[2015.12.12-20.51.29:229][516]LogModuleManager: Shutting down and abandoning module SmartSnapping (182)
[2015.12.12-20.51.29:229][516]LogModuleManager: Shutting down and abandoning module ViewportSnapping (181)
[2015.12.12-20.51.29:229][516]LogModuleManager: Shutting down and abandoning module LogVisualizer (180)
[2015.12.12-20.51.29:229][516]LogModuleManager: Shutting down and abandoning module GameProjectGeneration (179)
[2015.12.12-20.51.29:229][516]LogModuleManager: Shutting down and abandoning module IntroTutorials (178)
[2015.12.12-20.51.29:229][516]LogModuleManager: Shutting down and abandoning module EditorLiveStreaming (177)
[2015.12.12-20.51.29:229][516]LogModuleManager: Shutting down and abandoning module IOSPlatformEditor (176)
[2015.12.12-20.51.29:229][516]LogModuleManager: Shutting down and abandoning module HTML5PlatformEditor (175)
[2015.12.12-20.51.29:229][516]LogModuleManager: Shutting down and abandoning module AndroidDeviceDetection (174)
[2015.12.12-20.51.29:789][516]LogModuleManager: Shutting down and abandoning module AndroidPlatformEditor (173)
[2015.12.12-20.51.29:789][516]LogModuleManager: Shutting down and abandoning module IOSRuntimeSettings (172)
[2015.12.12-20.51.29:789][516]LogModuleManager: Shutting down and abandoning module AndroidRuntimeSettings (171)
[2015.12.12-20.51.29:789][516]LogModuleManager: Shutting down and abandoning module MergeActors (170)
[2015.12.12-20.51.29:789][516]LogModuleManager: Shutting down and abandoning module SizeMap (169)
[2015.12.12-20.51.29:789][516]LogModuleManager: Shutting down and abandoning module TreeMap (168)
[2015.12.12-20.51.29:789][516]LogModuleManager: Shutting down and abandoning module ReferenceViewer (167)
[2015.12.12-20.51.29:789][516]LogModuleManager: Shutting down and abandoning module LocalizationService (166)
[2015.12.12-20.51.29:789][516]LogModuleManager: Shutting down and abandoning module LocalizationDashboard (165)
[2015.12.12-20.51.29:789][516]LogModuleManager: Shutting down and abandoning module HardwareTargeting (164)
[2015.12.12-20.51.29:789][516]LogModuleManager: Shutting down and abandoning module DeviceProfileEditor (163)
[2015.12.12-20.51.29:789][516]LogModuleManager: Shutting down and abandoning module UndoHistory (162)
[2015.12.12-20.51.29:789][516]LogModuleManager: Shutting down and abandoning module GameplayTagsEditor (161)
[2015.12.12-20.51.29:789][516]LogModuleManager: Shutting down and abandoning module UserFeedback (160)
[2015.12.12-20.51.29:789][516]LogModuleManager: Shutting down and abandoning module XmlParser (159)
[2015.12.12-20.51.29:789][516]LogModuleManager: Shutting down and abandoning module Blutility (158)
[2015.12.12-20.51.29:789][516]LogModuleManager: Shutting down and abandoning module ProjectTargetPlatformEditor (157)
[2015.12.12-20.51.29:789][516]LogModuleManager: Shutting down and abandoning module ProjectSettingsViewer (156)
[2015.12.12-20.51.29:790][516]LogModuleManager: Shutting down and abandoning module InputBindingEditor (155)
[2015.12.12-20.51.29:790][516]LogModuleManager: Shutting down and abandoning module EditorSettingsViewer (154)
[2015.12.12-20.51.29:790][516]LogModuleManager: Shutting down and abandoning module SettingsEditor (153)
[2015.12.12-20.51.29:790][516]LogModuleManager: Shutting down and abandoning module ProjectLauncher (152)
[2015.12.12-20.51.29:790][516]LogModuleManager: Shutting down and abandoning module SessionFrontend (151)
[2015.12.12-20.51.29:790][516]LogModuleManager: Shutting down and abandoning module ProfilerClient (150)
[2015.12.12-20.51.29:790][516]LogModuleManager: Shutting down and abandoning module TargetDeviceServices (149)
[2015.12.12-20.51.29:790][516]LogModuleManager: Shutting down and abandoning module DeviceManager (148)
[2015.12.12-20.51.29:790][516]LogModuleManager: Shutting down and abandoning module AutomationController (147)
[2015.12.12-20.51.29:790][516]LogModuleManager: Shutting down and abandoning module AutomationWindow (146)
[2015.12.12-20.51.29:790][516]LogModuleManager: Shutting down and abandoning module Layers (145)
[2015.12.12-20.51.29:790][516]LogModuleManager: Shutting down and abandoning module ComponentVisualizers (144)
[2015.12.12-20.51.29:790][516]LogModuleManager: Shutting down and abandoning module DetailCustomizations (143)
[2015.12.12-20.51.29:790][516]LogModuleManager: Shutting down and abandoning module PackagesDialog (142)
[2015.12.12-20.51.29:790][516]LogModuleManager: Shutting down and abandoning module Persona (141)
[2015.12.12-20.51.29:790][516]LogModuleManager: Shutting down and abandoning module Kismet (140)
[2015.12.12-20.51.29:790][516]LogModuleManager: Shutting down and abandoning module GraphEditor (139)
[2015.12.12-20.51.29:791][516]LogModuleManager: Shutting down and abandoning module ClassViewer (138)
[2015.12.12-20.51.29:793][516]LogModuleManager: Shutting down and abandoning module Toolbox (137)
[2015.12.12-20.51.29:793][516]LogModuleManager: Shutting down and abandoning module ModuleUI (136)
[2015.12.12-20.51.29:793][516]LogModuleManager: Shutting down and abandoning module MovieSceneTools (135)
[2015.12.12-20.51.29:793][516]LogModuleManager: Shutting down and abandoning module OutputLog (134)
[2015.12.12-20.51.29:793][516]LogModuleManager: Shutting down and abandoning module GammaUI (133)
[2015.12.12-20.51.29:793][516]LogModuleManager: Shutting down and abandoning module Documentation (132)
[2015.12.12-20.51.29:793][516]LogModuleManager: Shutting down and abandoning module GameLiveStreaming (131)
[2015.12.12-20.51.29:793][516]LogModuleManager: Shutting down and abandoning module StreamingPauseRendering (130)
[2015.12.12-20.51.29:793][516]LogModuleManager: Shutting down and abandoning module AnalyticsET (129)
[2015.12.12-20.51.29:793][516]LogModuleManager: Shutting down and abandoning module Analytics (128)
[2015.12.12-20.51.29:793][516]LogModuleManager: Shutting down and abandoning module AITestSuite (127)
[2015.12.12-20.51.29:793][516]LogModuleManager: Shutting down and abandoning module GameplayDebugger (126)
[2015.12.12-20.51.29:793][516]LogModuleManager: Shutting down and abandoning module AIModule (125)
[2015.12.12-20.51.29:793][516]LogModuleManager: Shutting down and abandoning module ProfilerService (124)
[2015.12.12-20.51.30:002][516]LogModuleManager: Shutting down and abandoning module TaskGraph (123)
[2015.12.12-20.51.30:002][516]LogModuleManager: Shutting down and abandoning module SubstanceEditor (122)
[2015.12.12-20.51.30:002][516]LogModuleManager: Shutting down and abandoning module SlateRemote (121)
[2015.12.12-20.51.30:002][516]LogModuleManager: Shutting down and abandoning module SteamVRController (120)
[2015.12.12-20.51.30:002][516]LogModuleManager: Shutting down and abandoning module SteamVR (119)
[2015.12.12-20.51.30:002][516]LogModuleManager: Shutting down and abandoning module ProceduralMeshComponent (118)
[2015.12.12-20.51.30:002][516]LogModuleManager: Shutting down and abandoning module OculusRift (117)
[2015.12.12-20.51.30:002][516]LogModuleManager: Shutting down and abandoning module OculusLibrary (116)
[2015.12.12-20.51.30:002][516]LogModuleManager: Shutting down and abandoning module LeapMotionController (115)
[2015.12.12-20.51.30:016][516]LogModuleManager: Shutting down and abandoning module CustomMeshComponent (114)
[2015.12.12-20.51.30:016][516]LogModuleManager: Shutting down and abandoning module CableComponent (113)
[2015.12.12-20.51.30:016][516]LogModuleManager: Shutting down and abandoning module ArchVisCharacter (112)
[2015.12.12-20.51.30:016][516]LogModuleManager: Shutting down and abandoning module MessagingDebugger (111)
[2015.12.12-20.51.30:016][516]LogModuleManager: Shutting down and abandoning module MediaPlayerEditor (110)
[2015.12.12-20.51.30:016][516]LogModuleManager: Shutting down and abandoning module HTML5Networking (109)
[2015.12.12-20.51.30:016][516]LogModuleManager: Shutting down and abandoning module SpeedTreeImporter (108)
[2015.12.12-20.51.30:016][516]LogModuleManager: Shutting down and abandoning module PluginBrowser (107)
[2015.12.12-20.51.30:016][516]LogModuleManager: Shutting down and abandoning module EpicSurvey (106)
[2015.12.12-20.51.30:016][516]LogModuleManager: Shutting down and abandoning module DesktopPlatform (105)
[2015.12.12-20.51.30:016][516]LogModuleManager: Shutting down and abandoning module VisualStudioSourceCodeAccess (104)
[2015.12.12-20.51.30:016][516]LogModuleManager: Shutting down and abandoning module UObjectPlugin (103)
[2015.12.12-20.51.30:016][516]LogModuleManager: Shutting down and abandoning module SubversionSourceControl (102)
[2015.12.12-20.51.30:016][516]LogModuleManager: Shutting down and abandoning module PerforceSourceControl (101)
[2015.12.12-20.51.30:016][516]LogModuleManager: Shutting down and abandoning module SourceControl (100)
[2015.12.12-20.51.30:016][516]LogModuleManager: Shutting down and abandoning module GitSourceControl (99)
[2015.12.12-20.51.30:016][516]LogModuleManager: Shutting down and abandoning module LightPropagationVolumeEditor (98)
[2015.12.12-20.51.30:016][516]LogModuleManager: Shutting down and abandoning module PaperTiledImporter (97)
[2015.12.12-20.51.30:016][516]LogModuleManager: Shutting down and abandoning module PaperSpriteSheetImporter (96)
[2015.12.12-20.51.30:016][516]LogModuleManager: Shutting down and abandoning module MeshPaint (95)
[2015.12.12-20.51.30:016][516]LogModuleManager: Shutting down and abandoning module SlateReflector (94)
[2015.12.12-20.51.30:016][516]LogModuleManager: Shutting down and abandoning module HotReload (93)
[2015.12.12-20.51.30:017][516]LogModuleManager: Shutting down and abandoning module MainFrame (92)
[2015.12.12-20.51.30:017][516]LogModuleManager: Shutting down and abandoning module LevelEditor (91)
[2015.12.12-20.51.30:018][516]LogModuleManager: Shutting down and abandoning module ContentBrowser (90)
[2015.12.12-20.51.30:019][516]LogModuleManager: Shutting down and abandoning module Paper2DEditor (89)
[2015.12.12-20.51.30:019][516]LogModuleManager: Shutting down and abandoning module UdpMessaging (88)
[2015.12.12-20.51.30:120][516]LogModuleManager: Shutting down and abandoning module DirectoryWatcher (87)
[2015.12.12-20.51.30:121][516]LogModuleManager: Shutting down and abandoning module AssetRegistry (86)
[2015.12.12-20.51.30:301][516]LogModuleManager: Shutting down and abandoning module SubstanceCore (85)
[2015.12.12-20.51.30:301][516]LogModuleManager: Shutting down and abandoning module LightPropagationVolumeRuntime (84)
[2015.12.12-20.51.30:301][516]LogModuleManager: Shutting down and abandoning module Paper2D (83)
[2015.12.12-20.51.30:301][516]LogModuleManager: Shutting down and abandoning module WindowsMoviePlayer (82)
[2015.12.12-20.51.30:311][516]LogModuleManager: Shutting down and abandoning module Media (81)
[2015.12.12-20.51.30:311][516]LogModuleManager: Shutting down and abandoning module WmfMedia (80)
[2015.12.12-20.51.30:312][516]LogModuleManager: Shutting down and abandoning module OnlineBlueprintSupport (79)
[2015.12.12-20.51.30:312][516]LogModuleManager: Shutting down and abandoning module GameplayTasksEditor (78)
[2015.12.12-20.51.30:312][516]LogModuleManager: Shutting down and abandoning module PropertyEditor (77)
[2015.12.12-20.51.30:312][516]LogModuleManager: Shutting down and abandoning module BehaviorTreeEditor (76)
[2015.12.12-20.51.30:312][516]LogModuleManager: Shutting down and abandoning module FunctionalTesting (75)
[2015.12.12-20.51.30:312][516]LogModuleManager: Shutting down and abandoning module CollisionAnalyzer (74)
[2015.12.12-20.51.30:312][516]LogModuleManager: Shutting down and abandoning module WorkspaceMenuStructure (73)
[2015.12.12-20.51.30:312][516]LogModuleManager: Shutting down and abandoning module MessageLog (72)
[2015.12.12-20.51.30:312][516]LogModuleManager: Shutting down and abandoning module Sequencer (71)
[2015.12.12-20.51.30:312][516]LogModuleManager: Shutting down and abandoning module AssetTools (70)
[2015.12.12-20.51.30:312][516]LogModuleManager: Shutting down and abandoning module UMGEditor (69)
[2015.12.12-20.51.30:312][516]LogModuleManager: Shutting down and abandoning module UMG (68)
[2015.12.12-20.51.30:313][516]LogModuleManager: Shutting down and abandoning module Slate (67)
[2015.12.12-20.51.30:313][516]LogModuleManager: Shutting down and abandoning module EditorStyle (66)
[2015.12.12-20.51.30:316][516]LogModuleManager: Shutting down and abandoning module SessionServices (65)
[2015.12.12-20.51.30:316][516]LogModuleManager: Shutting down and abandoning module SourceCodeAccess (64)
[2015.12.12-20.51.30:317][516]LogModuleManager: Shutting down and abandoning module HeadMountedDisplay (63)
[2015.12.12-20.51.30:317][516]LogModuleManager: Shutting down and abandoning module XAudio2 (62)
[2015.12.12-20.51.30:317][516]LogModuleManager: Shutting down and abandoning module Networking (60)
[2015.12.12-20.51.30:317][516]LogModuleManager: Shutting down and abandoning module Core (59)
[2015.12.12-20.51.30:317][516]LogModuleManager: Shutting down and abandoning module KismetCompiler (58)
[2015.12.12-20.51.30:317][516]LogModuleManager: Shutting down and abandoning module PhysXFormats (57)
[2015.12.12-20.51.30:317][516]LogModuleManager: Shutting down and abandoning module MeshUtilities (56)
[2015.12.12-20.51.30:317][516]LogModuleManager: Shutting down and abandoning module CookingStats (55)
[2015.12.12-20.51.30:331][516]LogModuleManager: Shutting down and abandoning module DerivedDataCache (54)
[2015.12.12-20.51.30:425][516]LogDerivedDataCache: Shutdown
[2015.12.12-20.51.30:425][516]LogModuleManager: Shutting down and abandoning module ShaderFormatOpenGL (53)
[2015.12.12-20.51.30:425][516]LogModuleManager: Shutting down and abandoning module ShaderFormatD3D (52)
[2015.12.12-20.51.30:425][516]LogModuleManager: Shutting down and abandoning module MetalShaderFormat (51)
[2015.12.12-20.51.30:425][516]LogModuleManager: Shutting down and abandoning module TextureFormatUncompressed (50)
[2015.12.12-20.51.30:425][516]LogModuleManager: Shutting down and abandoning module TextureFormatPVR (49)
[2015.12.12-20.51.30:425][516]LogModuleManager: Shutting down and abandoning module TextureFormatIntelISPCTexComp (48)
[2015.12.12-20.51.30:425][516]LogModuleManager: Shutting down and abandoning module TextureFormatDXT (47)
[2015.12.12-20.51.30:425][516]LogModuleManager: Shutting down and abandoning module ImageWrapper (46)
[2015.12.12-20.51.30:425][516]LogModuleManager: Shutting down and abandoning module TextureFormatASTC (45)
[2015.12.12-20.51.30:425][516]LogModuleManager: Shutting down and abandoning module TextureFormatAndroid (44)
[2015.12.12-20.51.30:425][516]LogModuleManager: Shutting down and abandoning module AudioFormatOpus (43)
[2015.12.12-20.51.30:425][516]LogModuleManager: Shutting down and abandoning module AudioFormatOgg (42)
[2015.12.12-20.51.30:425][516]LogModuleManager: Shutting down and abandoning module AudioFormatADPCM (41)
[2015.12.12-20.51.30:425][516]LogModuleManager: Shutting down and abandoning module LinuxTargetPlatform (40)
[2015.12.12-20.51.30:425][516]LogModuleManager: Shutting down and abandoning module LinuxServerTargetPlatform (39)
[2015.12.12-20.51.30:425][516]LogModuleManager: Shutting down and abandoning module LinuxNoEditorTargetPlatform (38)
[2015.12.12-20.51.30:425][516]LogModuleManager: Shutting down and abandoning module Messaging (37)
[2015.12.12-20.51.30:425][516]LogModuleManager: Shutting down and abandoning module IOSTargetPlatform (36)
[2015.12.12-20.51.30:425][516]LogModuleManager: Shutting down and abandoning module HTML5TargetPlatform (35)
[2015.12.12-20.51.30:425][516]LogModuleManager: Shutting down and abandoning module Android_PVRTCTargetPlatform (34)
[2015.12.12-20.51.30:425][516]LogModuleManager: Shutting down and abandoning module Android_ETC2TargetPlatform (33)
[2015.12.12-20.51.30:425][516]LogModuleManager: Shutting down and abandoning module Android_ETC1TargetPlatform (32)
[2015.12.12-20.51.30:425][516]LogModuleManager: Shutting down and abandoning module Android_DXTTargetPlatform (31)
[2015.12.12-20.51.30:425][516]LogModuleManager: Shutting down and abandoning module Android_ATCTargetPlatform (30)
[2015.12.12-20.51.30:425][516]LogModuleManager: Shutting down and abandoning module Android_ASTCTargetPlatform (29)
[2015.12.12-20.51.30:425][516]LogModuleManager: Shutting down and abandoning module AndroidTargetPlatform (28)
[2015.12.12-20.51.30:425][516]LogModuleManager: Shutting down and abandoning module WindowsTargetPlatform (27)
[2015.12.12-20.51.30:425][516]LogModuleManager: Shutting down and abandoning module WindowsServerTargetPlatform (26)
[2015.12.12-20.51.30:425][516]LogModuleManager: Shutting down and abandoning module WindowsNoEditorTargetPlatform (25)
[2015.12.12-20.51.30:425][516]LogModuleManager: Shutting down and abandoning module WindowsClientTargetPlatform (24)
[2015.12.12-20.51.30:425][516]LogModuleManager: Shutting down and abandoning module AllDesktopTargetPlatform (23)
[2015.12.12-20.51.30:425][516]LogModuleManager: Shutting down and abandoning module TargetPlatform (22)
[2015.12.12-20.51.30:426][516]LogModuleManager: Shutting down and abandoning module InputCore (21)
[2015.12.12-20.51.30:426][516]LogModuleManager: Shutting down and abandoning module Settings (20)
[2015.12.12-20.51.30:426][516]LogModuleManager: Shutting down and abandoning module OnlineSubsystem (18)
[2015.12.12-20.51.30:426][516]LogModuleManager: Shutting down and abandoning module HTTP (17)
[2015.12.12-20.51.31:495][516]LogModuleManager: Shutting down and abandoning module XMPP (16)
[2015.12.12-20.51.31:495][516]LogModuleManager: Shutting down and abandoning module ExampleDeviceProfileSelector (15)
[2015.12.12-20.51.31:495][516]LogModuleManager: Shutting down and abandoning module TextureCompressor (14)
[2015.12.12-20.51.31:495][516]LogModuleManager: Shutting down and abandoning module ShaderCore (13)
[2015.12.12-20.51.31:495][516]LogModuleManager: Shutting down and abandoning module Landscape (12)
[2015.12.12-20.51.31:495][516]LogModuleManager: Shutting down and abandoning module SlateRHIRenderer (11)
[2015.12.12-20.51.31:507][516]LogModuleManager: Shutting down and abandoning module OpenGLDrv (10)
[2015.12.12-20.51.31:507][516]LogModuleManager: Shutting down and abandoning module D3D11RHI (9)
[2015.12.12-20.51.31:507][516]LogModuleManager: Shutting down and abandoning module AnimGraphRuntime (8)
[2015.12.12-20.51.31:507][516]LogModuleManager: Shutting down and abandoning module Renderer (7)
[2015.12.12-20.51.31:507][516]LogModuleManager: Shutting down and abandoning module Engine (6)
[2015.12.12-20.51.31:507][516]LogModuleManager: Shutting down and abandoning module CoreUObject (5)
[2015.12.12-20.51.31:507][516]LogModuleManager: Shutting down and abandoning module NetworkFile (4)
[2015.12.12-20.51.31:507][516]LogModuleManager: Shutting down and abandoning module StreamingFile (3)
[2015.12.12-20.51.31:507][516]LogModuleManager: Shutting down and abandoning module SandboxFile (2)
[2015.12.12-20.51.31:507][516]LogModuleManager: Shutting down and abandoning module PakFile (1)
[2015.12.12-20.51.31:509][516]LogExit: Exiting.
[2015.12.12-20.51.31:520][516]Log file closed, 12/12/15 15:51:31
