[2015.10.24-19.48.54:243][  0]Log file open, 10/24/15 15:48:54
[2015.10.24-19.48.54:243][  0]LogInit:Display: Running engine without a game
[2015.10.24-19.48.54:243][  0]LogInit:Display: Loading recent project file: ../../../../../../../My Media/UCF Documents/DIG 4725/Game-Files/SuperSpaceArmada/SuperSpaceArmada.uproject
[2015.10.24-19.48.54:243][  0]LogInit:Display: RandInit(204906721) SRandInit(204906723).
[2015.10.24-19.48.54:243][  0]LogTaskGraph: Started task graph with 4 named threads and 7 total threads.
[2015.10.24-19.48.54:243][  0]LogStats: Stats thread started at 0.065029
[2015.10.24-19.48.54:243][  0]LogInit: Version: 4.9.1-2689999+++depot+UE4-Releases+4.9
[2015.10.24-19.48.54:243][  0]LogInit: API Version: 2672455
[2015.10.24-19.48.54:243][  0]LogInit: Compiled (64-bit): Sep 14 2015 04:12:03
[2015.10.24-19.48.54:243][  0]LogInit: Compiled with Visual C++: 18.00.21005.01
[2015.10.24-19.48.54:243][  0]LogInit: Build Configuration: Development
[2015.10.24-19.48.54:243][  0]LogInit: Branch Name: ++depot+UE4-Releases+4.9
[2015.10.24-19.48.54:243][  0]LogInit: Command line: 
[2015.10.24-19.48.54:243][  0]LogInit: Base directory: F:/Program Files/Unreal/Epic Games/4.9/Engine/Binaries/Win64/
[2015.10.24-19.48.54:243][  0]LogInit: Rocket: 1
[2015.10.24-19.48.54:250][  0]LogInit: Using libcurl 7.41.0
[2015.10.24-19.48.54:250][  0]LogInit:  - built for x86_64-pc-win32
[2015.10.24-19.48.54:250][  0]LogInit:  - supports SSL with WinSSL
[2015.10.24-19.48.54:250][  0]LogInit:  - other features:
[2015.10.24-19.48.54:250][  0]LogInit:      CURL_VERSION_SSL
[2015.10.24-19.48.54:250][  0]LogInit:      CURL_VERSION_IPV6
[2015.10.24-19.48.54:250][  0]LogInit:      CURL_VERSION_ASYNCHDNS
[2015.10.24-19.48.54:250][  0]LogInit:      CURL_VERSION_LARGEFILE
[2015.10.24-19.48.54:250][  0]LogInit:      CURL_VERSION_IDN
[2015.10.24-19.48.54:250][  0]LogInit:  CurlRequestOptions (configurable via config and command line):
[2015.10.24-19.48.54:250][  0]LogInit:  - bVerifyPeer = true  - Libcurl will verify peer certificate
[2015.10.24-19.48.54:250][  0]LogInit:  - bUseHttpProxy = false  - Libcurl will NOT use HTTP proxy
[2015.10.24-19.48.54:250][  0]LogInit:  - bDontReuseConnections = false  - Libcurl will reuse connections
[2015.10.24-19.48.54:250][  0]LogInit:  - CertBundlePath = nullptr  - Libcurl will use whatever was configured at build time.
[2015.10.24-19.48.54:256][  0]LogInit: Presizing for 0 objects not considered by GC, pre-allocating 0 bytes.
[2015.10.24-19.48.54:260][  0]LogInit: Object subsystem initialized
[2015.10.24-19.48.54:261][  0]LogInit: Selected Device Profile: [Windows]
[2015.10.24-19.48.54:261][  0]LogInit: Applying CVar settings loaded from the selected device profile: [Windows]
[2015.10.24-19.48.54:267][  0]LogInit: Computer: ANDREW_2015
[2015.10.24-19.48.54:267][  0]LogInit: User: aehrlich92
[2015.10.24-19.48.54:267][  0]LogInit: CPU Page size=4096, Cores=4
[2015.10.24-19.48.54:267][  0]LogInit: High frequency timer resolution =3.984649 MHz
[2015.10.24-19.48.54:267][  0]LogMemory: Memory total: Physical=15.9GB (16GB approx)
[2015.10.24-19.48.54:267][  0]LogMemory: Platform Memory Stats for Windows
[2015.10.24-19.48.54:267][  0]LogMemory: Process Physical Memory: 54.88 MB used, 54.88 MB peak
[2015.10.24-19.48.54:267][  0]LogMemory: Process Virtual Memory: 59.36 MB used, 59.36 MB peak
[2015.10.24-19.48.54:267][  0]LogMemory: Physical Memory: 5857.79 MB used, 16322.88 MB total
[2015.10.24-19.48.54:267][  0]LogMemory: Virtual Memory: 368.35 MB used, 134217728.00 MB total
[2015.10.24-19.48.54:305][  0]LogTextLocalizationManager: No specific translations for ('en-US') exist, so ('en') translations will be used.
[2015.10.24-19.48.54:749][  0]LogD3D11RHI: Found D3D11 adapter 0: NVIDIA GeForce GTX 960 (Feature Level 11_0)
[2015.10.24-19.48.54:749][  0]LogD3D11RHI: Adapter has 1969MB of dedicated video memory, 0MB of dedicated system memory, and 8161MB of shared system memory, 2 output[s]
[2015.10.24-19.48.54:750][  0]LogD3D11RHI: Found D3D11 adapter 1: Microsoft Basic Render Driver (Feature Level 11_0)
[2015.10.24-19.48.54:750][  0]LogD3D11RHI: Adapter has 0MB of dedicated video memory, 0MB of dedicated system memory, and 8161MB of shared system memory, 0 output[s]
[2015.10.24-19.48.54:750][  0]LogD3D11RHI: Chosen D3D11 Adapter Id = 0
[2015.10.24-19.48.54:754][  0]LogD3D11RHI: !Direct3DDevice
[2015.10.24-19.48.54:754][  0]LogRHI: Texture pool is 1361 MB (70% of 1945 MB)
[2015.10.24-19.48.54:764][  0]LogD3D11RHI: Async texture creation enabled
[2015.10.24-19.48.54:779][  0]LogShaderCompilers: Guid format shader working directory is 14 characters bigger than the processId version (../../../../../../../My Media/UCF Documents/DIG 4725/Game-Files/SuperSpaceArmada/Intermediate/Shaders/WorkingDirectory/16504/).
[2015.10.24-19.48.54:780][  0]LogShaderCompilers: Cleaned the shader compiler working directory '../../../../../../../My Media/UCF Documents/DIG 4725/Game-Files/SuperSpaceArmada/Intermediate/Shaders/tmp/EA40E74E46A1713255F8899740DF648A/'.
[2015.10.24-19.48.54:780][  0]LogShaderCompilers:Display: Using Local Shader Compiler.
[2015.10.24-19.48.55:517][  0]LogTemp:Display: Loaded TP AllDesktopTargetPlatform
[2015.10.24-19.48.55:522][  0]LogTemp:Display: Loaded TP WindowsClientTargetPlatform
[2015.10.24-19.48.55:525][  0]LogTemp:Display: Loaded TP WindowsNoEditorTargetPlatform
[2015.10.24-19.48.55:528][  0]LogTemp:Display: Loaded TP WindowsServerTargetPlatform
[2015.10.24-19.48.55:532][  0]LogTemp:Display: Loaded TP WindowsTargetPlatform
[2015.10.24-19.48.55:535][  0]LogTemp:Display: Loaded TP AndroidTargetPlatform
[2015.10.24-19.48.55:537][  0]LogTemp:Display: Loaded TP Android_ASTCTargetPlatform
[2015.10.24-19.48.55:540][  0]LogTemp:Display: Loaded TP Android_ATCTargetPlatform
[2015.10.24-19.48.55:543][  0]LogTemp:Display: Loaded TP Android_DXTTargetPlatform
[2015.10.24-19.48.55:545][  0]LogTemp:Display: Loaded TP Android_ETC1TargetPlatform
[2015.10.24-19.48.55:549][  0]LogTemp:Display: Loaded TP Android_ETC2TargetPlatform
[2015.10.24-19.48.55:552][  0]LogTemp:Display: Loaded TP Android_PVRTCTargetPlatform
[2015.10.24-19.48.55:554][  0]LogTemp:Display: Loaded TP HTML5TargetPlatform
[2015.10.24-19.48.55:570][  0]LogTemp:Display: Loaded TP IOSTargetPlatform
[2015.10.24-19.48.55:573][  0]LogTemp:Display: Loaded TP LinuxNoEditorTargetPlatform
[2015.10.24-19.48.55:575][  0]LogTemp:Display: Loaded TP LinuxServerTargetPlatform
[2015.10.24-19.48.55:579][  0]LogTemp:Display: Loaded TP LinuxTargetPlatform
[2015.10.24-19.48.55:579][  0]LogTargetPlatformManager:Display: Building Assets For Windows
[2015.10.24-19.48.55:638][  0]LogDerivedDataCache:Display: Max Cache Size: 512 MB
[2015.10.24-19.48.55:670][  0]LogDerivedDataCache: Loaded boot cache 0.03s 41MB C:/Users/aehrlich92/AppData/Local/UnrealEngine/4.9/DerivedDataCache/Boot.ddc.
[2015.10.24-19.48.55:671][  0]LogDerivedDataCache:Display: Loaded Boot cache: C:/Users/aehrlich92/AppData/Local/UnrealEngine/4.9/DerivedDataCache/Boot.ddc
[2015.10.24-19.48.55:671][  0]LogDerivedDataCache: FDerivedDataBackendGraph:  Pak pak cache file ../../../../../../../My Media/UCF Documents/DIG 4725/Game-Files/SuperSpaceArmada/DerivedDataCache/DDC.ddp not found, will not use a pak cache.
[2015.10.24-19.48.55:671][  0]LogDerivedDataCache: Unable to find inner node Pak for hierarchical cache Hierarchy.
[2015.10.24-19.48.55:671][  0]LogDerivedDataCache: FDerivedDataBackendGraph:  CompressedPak pak cache file ../../../../../../../My Media/UCF Documents/DIG 4725/Game-Files/SuperSpaceArmada/DerivedDataCache/Compressed.ddp not found, will not use a pak cache.
[2015.10.24-19.48.55:671][  0]LogDerivedDataCache: Unable to find inner node CompressedPak for hierarchical cache Hierarchy.
[2015.10.24-19.48.55:769][  0]LogDerivedDataCache:Display: Pak cache opened for reading ../../../Engine/DerivedDataCache/Compressed.ddp.
[2015.10.24-19.48.55:780][  0]LogDerivedDataCache: Using Local data cache path C:/Users/aehrlich92/AppData/Local/UnrealEngine/Common/DerivedDataCache: Writable
[2015.10.24-19.48.55:893][  0]LogInit: Selected Device Profile: [Windows]
[2015.10.24-19.48.55:895][  0]LogContentStreaming: Texture pool size is 0.000000MB
[2015.10.24-19.48.55:978][  0]LogMeshUtilities: No automatic mesh reduction module available
[2015.10.24-19.48.55:978][  0]LogMeshUtilities: No automatic mesh merging module available
[2015.10.24-19.48.56:145][  0]LogInit: WinSock: version 1.1 (2.2), MaxSocks=32767, MaxUdp=65467
[2015.10.24-19.48.56:617][  0]LogAssetRegistry: FAssetRegistry took 0.0109 seconds to start up
[2015.10.24-19.48.56:626][  0]UdpMessaging: Initializing bridge on interface 0.0.0.0:0 to multicast group 230.0.0.1:6666.
[2015.10.24-19.48.56:799][  0]SourceControl: Info Source control is disabled
[2015.10.24-19.48.56:808][  0]SourceControl: Info Source control is disabled
[2015.10.24-19.48.56:813][  0]SourceControl: Info Source control is disabled
[2015.10.24-19.48.56:819][  0]SourceControl: Info Source control is disabled
[2015.10.24-19.48.56:898][  0]LogLinker:Warning: Asset '../../../Engine/Plugins/Runtime/LeapMotionController/Content/LM_PassthroughMaterial.uasset' has been saved with empty engine version. The asset will be loaded but may be incompatible.
[2015.10.24-19.48.56:951][  0]LogObj: 28528 objects as part of root set at end of initial load.
[2015.10.24-19.48.56:951][  0]LogUObjectAllocator: 6068456 out of 0 bytes used by permanent object pool.
[2015.10.24-19.48.56:993][  0]LogEngine: Initializing Engine...
[2015.10.24-19.48.56:994][  0]LogHMD: Can't find Oculus library dev build: is proper Runtime installed? Version: 0.7.0.0
[2015.10.24-19.48.56:995][  0]LogHMD: SteamVR failed to initialize.  Err: 110
[2015.10.24-19.48.57:076][  0]LogAIModule: Creating AISystem for world NewWorld
[2015.10.24-19.48.57:083][  0]LogInit: XAudio2 using 'Speakers (Realtek High Definition Audio)' : 8 channels at 48 kHz using 32 bits per sample (channel mask 0x63f)
[2015.10.24-19.48.57:092][  0]LogInit: FAudioDevice initialized.
[2015.10.24-19.48.57:106][  0]LogDerivedDataCache: Saved boot cache 0.01s 41MB C:/Users/aehrlich92/AppData/Local/UnrealEngine/4.9/DerivedDataCache/Boot.ddc.
[2015.10.24-19.48.57:110][  0]LogInit: Texture streaming: Enabled
[2015.10.24-19.48.57:113][  0]LogAnalytics: Creating configured Analytics provider AnalyticsET
[2015.10.24-19.48.57:113][  0]LogAnalytics: [UEEditor.Rocket.Release] APIServer = http://et2.epicgames.com/ET2/. AppVersion = 4.9.1-2689999+++depot+UE4-Releases+4.9
[2015.10.24-19.48.57:114][  0]LogAnalytics: [UEEditor.Rocket.Release] SetUserId 7bdbd2584788e6e37f918c9187bab22c|b300224d71e64562a5bff06c2aaa78f8|45aed112-7b58-41bf-9eba-b8dcb7f9dd12
[2015.10.24-19.48.57:114][  0]LogAnalytics: [UEEditor.Rocket.Release] AnalyticsET::StartSession
[2015.10.24-19.48.57:144][  0]LogInit: Transaction tracking system initialized
[2015.10.24-19.48.57:162][  0]BlueprintLog: New page: Editor Load
[2015.10.24-19.48.57:224][  0]LocalizationService: Info Localization service is disabled
[2015.10.24-19.48.57:279][  0]LogConsoleResponse:Display: 
[2015.10.24-19.48.57:358][  0]LogCook:Display: Done creating registry. It took  0.00s.
[2015.10.24-19.48.57:391][  0]LogFileCache: Scanning file cache for directory 'F:/My Media/UCF Documents/DIG 4725/Game-Files/SuperSpaceArmada/Content/' took 0.01s
[2015.10.24-19.48.57:391][  0]SourceControl: Info Source control is disabled
[2015.10.24-19.48.57:391][  0]Cmd: MAP LOAD FILE="../../../../../../../My Media/UCF Documents/DIG 4725/Game-Files/SuperSpaceArmada/Content/SSA/Maps/Home_Kratakos.umap" TEMPLATE=0 SHOWPROGRESS=1 FEATURELEVEL=3
[2015.10.24-19.48.57:391][  0]LightingResults: New page: Lighting Build
[2015.10.24-19.48.57:393][  0]MapCheck: New page: Map Check
[2015.10.24-19.48.57:393][  0]LightingResults: New page: Lighting Build
[2015.10.24-19.48.57:401][  0]LogParticles: Destroying 0 GPU particle simulations for FXSystem 0x000000F182CC9620
[2015.10.24-19.48.57:455][  0]LogLinker:Warning: Asset '../../../../../../../My Media/UCF Documents/DIG 4725/Game-Files/SuperSpaceArmada/Content/Mannequin/Animations/ThirdPerson_AnimBP.uasset' has been saved with empty engine version. The asset will be loaded but may be incompatible.
[2015.10.24-19.48.57:457][  0]LogLinker:Warning: Asset '../../../../../../../My Media/UCF Documents/DIG 4725/Game-Files/SuperSpaceArmada/Content/Mannequin/Animations/ThirdPerson_Jump.uasset' has been saved with empty engine version. The asset will be loaded but may be incompatible.
[2015.10.24-19.48.57:458][  0]LogLinker:Warning: Asset '../../../../../../../My Media/UCF Documents/DIG 4725/Game-Files/SuperSpaceArmada/Content/Mannequin/Animations/ThirdPersonJump_Loop.uasset' has been saved with empty engine version. The asset will be loaded but may be incompatible.
[2015.10.24-19.48.57:458][  0]LogLinker:Warning: Asset '../../../../../../../My Media/UCF Documents/DIG 4725/Game-Files/SuperSpaceArmada/Content/Mannequin/Animations/ThirdPersonJump_Start.uasset' has been saved with empty engine version. The asset will be loaded but may be incompatible.
[2015.10.24-19.48.57:459][  0]LogLinker:Warning: Asset '../../../../../../../My Media/UCF Documents/DIG 4725/Game-Files/SuperSpaceArmada/Content/Mannequin/Animations/ThirdPerson_IdleRun_2D.uasset' has been saved with empty engine version. The asset will be loaded but may be incompatible.
[2015.10.24-19.48.57:459][  0]LogLinker:Warning: Asset '../../../../../../../My Media/UCF Documents/DIG 4725/Game-Files/SuperSpaceArmada/Content/Mannequin/Animations/ThirdPersonIdle.uasset' has been saved with empty engine version. The asset will be loaded but may be incompatible.
[2015.10.24-19.48.57:460][  0]LogLinker:Warning: Asset '../../../../../../../My Media/UCF Documents/DIG 4725/Game-Files/SuperSpaceArmada/Content/Mannequin/Animations/ThirdPersonRun.uasset' has been saved with empty engine version. The asset will be loaded but may be incompatible.
[2015.10.24-19.48.57:461][  0]LogLinker:Warning: Asset '../../../../../../../My Media/UCF Documents/DIG 4725/Game-Files/SuperSpaceArmada/Content/Mannequin/Animations/ThirdPersonWalk.uasset' has been saved with empty engine version. The asset will be loaded but may be incompatible.
[2015.10.24-19.48.57:945][  0]LogBlueprint:Error: [compiler Player] Error Could not find a function named "Player 1 End" in 'HUD_C'.
Make sure 'HUD_C' has been compiled for  Player 1 End 
[2015.10.24-19.48.57:992][  0]LogBlueprint:Warning: [compiler Player] Warning [0004.16] Compile of Player failed. 1 Fatal Issue(s) 0 Warning(s) [in 79 ms]
[2015.10.24-19.48.57:993][  0]LogBlueprint:Warning: [compiler Player] Warning [0004.17] Compile of Player failed. 1 Fatal Issue(s) 1 Warning(s) [in 0 ms]
[2015.10.24-19.48.57:993][  0]LogBlueprint:Warning: [compiler Player] Warning [0004.17] Compile of Player failed. 1 Fatal Issue(s) 2 Warning(s) [in 0 ms]
[2015.10.24-19.48.58:207][  0]LogBlueprint:Error: Broken Node: K2Node_CallFunction /Game/SSA/Blueprints/Objects/Debris.Debris:Debris Collision func.K2Node_CallFunction_3036 keeps removed/invalid pin: EdGraphPin /Game/SSA/Blueprints/Objects/Debris.Debris:Debris Collision func.K2Node_CallFunction_3036.EdGraphPin_189478. Try refresh all nodes.
[2015.10.24-19.48.58:207][  0]LogBlueprint:Error: Broken Node: K2Node_CallFunction /Game/SSA/Blueprints/Objects/Debris.Debris:Debris Collision func.K2Node_CallFunction_2761 keeps removed/invalid pin: EdGraphPin /Game/SSA/Blueprints/Objects/Debris.Debris:Debris Collision func.K2Node_CallFunction_2761.EdGraphPin_189448. Try refresh all nodes.
[2015.10.24-19.48.58:400][  0]LogBlueprint:Error: Broken Node: K2Node_CallFunction /Game/SSA/Blueprints/Objects/Debris.Debris:Debris Collision func.K2Node_CallFunction_2761 keeps removed/invalid pin: EdGraphPin /Game/SSA/Blueprints/Objects/Debris.Debris:Debris Collision func.K2Node_CallFunction_2761.EdGraphPin_189448. Try refresh all nodes.
[2015.10.24-19.48.58:400][  0]LogBlueprint:Error: Broken Node: K2Node_CallFunction /Game/SSA/Blueprints/Objects/Debris.Debris:Debris Collision func.K2Node_CallFunction_3036 keeps removed/invalid pin: EdGraphPin /Game/SSA/Blueprints/Objects/Debris.Debris:Debris Collision func.K2Node_CallFunction_3036.EdGraphPin_189478. Try refresh all nodes.
[2015.10.24-19.48.58:844][  0]LogLinker:Warning: Can't find file '/Game/Geometry/Meshes/1M_Cube'
[2015.10.24-19.48.58:844][  0]LogLinker:Warning: Can't find file for asset '/Game/Geometry/Meshes/1M_Cube' while loading ../../../../../../../My Media/UCF Documents/DIG 4725/Game-Files/SuperSpaceArmada/Content/SSA/Blueprints/Objects/Crystal_Spawner.uasset.
[2015.10.24-19.48.58:844][  0]LoadErrors:Error: Error /Game/SSA/Blueprints/Objects/Crystal_Spawner : Can't find file for asset. /Game/Geometry/Meshes/1M_Cube
[2015.10.24-19.48.58:845][  0]LogLinker:Warning: Can't find file '/Game/Geometry/Meshes/1M_Cube'
[2015.10.24-19.48.58:845][  0]LogLinker:Warning: Can't find file for asset '/Game/Geometry/Meshes/1M_Cube' while loading ../../../../../../../My Media/UCF Documents/DIG 4725/Game-Files/SuperSpaceArmada/Content/SSA/Blueprints/Objects/Crystal_Spawner.uasset.
[2015.10.24-19.48.58:845][  0]LoadErrors:Error: Error /Game/SSA/Blueprints/Objects/Crystal_Spawner : Can't find file for asset. /Game/Geometry/Meshes/1M_Cube
[2015.10.24-19.48.58:846][  0]LogLinker:Warning: Can't find file '/Game/Geometry/Meshes/1M_Cube'
[2015.10.24-19.48.58:846][  0]LogLinker:Warning: Can't find file for asset '/Game/Geometry/Meshes/1M_Cube' while loading ../../../../../../../My Media/UCF Documents/DIG 4725/Game-Files/SuperSpaceArmada/Content/SSA/Maps/Home_Kratakos.umap.
[2015.10.24-19.48.58:846][  0]LoadErrors:Error: Error /Game/SSA/Maps/Home_Kratakos : Can't find file for asset. /Game/Geometry/Meshes/1M_Cube
[2015.10.24-19.48.58:846][  0]LogLinker:Warning: Can't find file '/Game/Geometry/Meshes/1M_Cube'
[2015.10.24-19.48.58:846][  0]LogLinker:Warning: Can't find file for asset '/Game/Geometry/Meshes/1M_Cube' while loading ../../../../../../../My Media/UCF Documents/DIG 4725/Game-Files/SuperSpaceArmada/Content/SSA/Maps/Home_Kratakos.umap.
[2015.10.24-19.48.58:846][  0]LoadErrors:Error: Error /Game/SSA/Maps/Home_Kratakos : Can't find file for asset. /Game/Geometry/Meshes/1M_Cube
[2015.10.24-19.48.58:846][  0]LogLinker:Warning: Can't find file '/Game/Geometry/Meshes/1M_Cube'
[2015.10.24-19.48.58:846][  0]LoadErrors: Info Failed to load /Game/Geometry/Meshes/1M_Cube.1M_Cube Referenced by StaticMeshComponent0
[2015.10.24-19.48.58:847][  0]LogLinker:Warning: Can't find file for asset '/Game/Geometry/Meshes/1M_Cube' while loading ../../../../../../../My Media/UCF Documents/DIG 4725/Game-Files/SuperSpaceArmada/Content/SSA/Maps/Home_Kratakos.umap.
[2015.10.24-19.48.58:847][  0]LoadErrors: Info Failed to load /Game/Geometry/Meshes/1M_Cube.1M_Cube Referenced by StaticMeshComponent0
[2015.10.24-19.48.58:847][  0]LoadErrors:Error: Error /Game/SSA/Maps/Home_Kratakos : Can't find file for asset. /Game/Geometry/Meshes/1M_Cube
[2015.10.24-19.48.59:498][  0]LogAIModule: Creating AISystem for world Home_Kratakos
[2015.10.24-19.48.59:503][  0]LogEditorServer: Finished looking for orphan Actors (0.000 secs)
[2015.10.24-19.48.59:503][  0]Cmd: MAP CHECKDEP NOCLEARLOG
[2015.10.24-19.48.59:557][  0]MapCheck: Info Map check complete: 0 Error(s), 0 Warning(s), took 53.88ms to complete.
[2015.10.24-19.48.59:557][  0]LogFileHelpers: Loading map 'Home_Kratakos' took 2.166
[2015.10.24-19.48.59:652][  0]LogCollectionManager: Loaded 0 collections in 0.001034 seconds
[2015.10.24-19.48.59:689][  0]LogFileCache: Scanning file cache for directory 'F:/My Media/UCF Documents/DIG 4725/Game-Files/SuperSpaceArmada/Saved/Collections/' took 0.01s
[2015.10.24-19.48.59:690][  0]LogFileCache: Scanning file cache for directory 'F:/My Media/UCF Documents/DIG 4725/Game-Files/SuperSpaceArmada/Content/Developers/aehrlich92/Collections/' took 0.01s
[2015.10.24-19.48.59:690][  0]LogFileCache: Scanning file cache for directory 'F:/My Media/UCF Documents/DIG 4725/Game-Files/SuperSpaceArmada/Content/Collections/' took 0.01s
[2015.10.24-19.48.59:690][  0]LogContentBrowser: Native class hierarchy populated in 0.0055 seconds. Added 1882 classes and 339 folders.
[2015.10.24-19.48.59:696][  0]LogCollectionManager: Rebuilt the GUID cache for 0 collections in 0.000002 seconds
[2015.10.24-19.48.59:699][  0]LogContentBrowser: Native class hierarchy updated for 'WidgetCarousel' in 0.0002 seconds. Added 0 classes and 0 folders.
[2015.10.24-19.48.59:726][  0]LogContentBrowser: Native class hierarchy updated for 'AddContentDialog' in 0.0002 seconds. Added 0 classes and 0 folders.
[2015.10.24-19.48.59:729][  0]LogContentBrowser: Native class hierarchy updated for 'SceneOutliner' in 0.0002 seconds. Added 1 classes and 2 folders.
[2015.10.24-19.48.59:750][  0]LogCrashTracker: Crashtracker disabled due to settings.
[2015.10.24-19.48.59:752][  0]LogUObjectGlobals:Warning: Failed to find object 'Class None.'
[2015.10.24-19.48.59:773][  0]LogLoad: Full Startup: 5.95 seconds (BP compile: 0.69 seconds)
[2015.10.24-19.48.59:782][  0]LoadErrors:Error: Error /Game/SSA/Blueprints/Player : Failed import for Player_C /Game/SSA/Blueprints/Player/Player.Default__Player_C
[2015.10.24-19.48.59:782][  0]LoadErrors:Error: Error /Game/SSA/Blueprints/Player_Human : Failed import for Player_Human_C /Game/SSA/Blueprints/Player/Player_Human.Default__Player_Human_C [redirection] in /Game/SSA/Blueprints/Player_Human
[2015.10.24-19.48.59:824][  0]LogContentStreaming: Texture pool size now 1000 MB
[2015.10.24-19.48.59:927][  0]LogRenderer: Reallocating scene render targets to support 1208x584 (Frame:2).
[2015.10.24-19.49.00:322][ 11]LogAssetRegistry: Asset discovery search completed in 3.7158 seconds
[2015.10.24-19.49.00:322][ 11]LogCollectionManager: Rebuilt the object cache for 0 collections in 0.000001 seconds (found 0 objects)
[2015.10.24-19.49.00:322][ 11]LogCollectionManager: Fixed up redirectors for 0 collections in 0.000015 seconds (updated 0 objects)
[2015.10.24-19.49.05:567][569]LogLinker:Warning: Asset '../../../Engine/Content/ArtTools/RenderToTexture/Macros/RenderToTextureMacros.uasset' has been saved with empty engine version. The asset will be loaded but may be incompatible.
[2015.10.24-19.49.05:914][569]LogContentBrowser: Native class hierarchy updated for 'BlueprintGraph' in 0.0004 seconds. Added 107 classes and 0 folders.
[2015.10.24-19.50.06:510][104]LogLinker:Warning: Can't find file '/Game/TopDownBP/Blueprints/TopDownGameMode'
[2015.10.24-19.50.06:510][104]LogLinker:Warning: Can't find file '/Game/TopDownBP/Blueprints/TopDownGameMode'
[2015.10.24-19.50.06:510][104]LogUObjectGlobals:Warning: Failed to find object 'Object /Game/TopDownBP/Blueprints/TopDownGameMode.TopDownGameMode_C'
[2015.10.24-19.50.06:510][104]LogLinker:Warning: Can't find file '/Game/TopDownBP/Blueprints/TopDownGameMode'
[2015.10.24-19.50.06:510][104]LogUObjectGlobals:Warning: Failed to find object 'Object /Game/TopDownBP/Blueprints/TopDownGameMode.TopDownGameMode_C'
[2015.10.24-19.52.32:800][203]MapCheck: New page: Map Check
[2015.10.24-19.52.32:822][203]Cmd: MAP REBUILD ALLVISIBLE
[2015.10.24-19.52.32:822][203]LogEditorServer: Rebuildmap Clear paths rebuilt
[2015.10.24-19.52.32:846][203]LightingResults: New page: Lighting Build - Oct 24, 2015, 11:52:32 AM
[2015.10.24-19.52.36:147][203]LogStaticLightingSystem: Running Lightmass w/ ImmediateImport mode ENABLED
[2015.10.24-19.52.36:147][203]LogStaticLightingSystem: Running Lightmass w/ ImmediateProcess mode ENABLED
[2015.10.24-19.52.36:147][203]LogStaticLightingSystem: Running Lightmass w/ Sorting mode ENABLED
[2015.10.24-19.52.36:147][203]LogStaticLightingSystem: Running Lightmass w/ Mapping paddings ENABLED
[2015.10.24-19.52.36:147][203]LogStaticLightingSystem: Running Lightmass w/ Mapping debug paddings DISABLED
[2015.10.24-19.52.36:301][203]LogEditorBuildUtils: Build time 0:00:03
[2015.10.24-19.52.36:306][203]LogMaterial: Missing cached shader map for material FLightmassMaterialRenderer MaterialInstanceDynamic_28, compiling. 
[2015.10.24-19.52.36:326][203]LogMaterial: Missing cached shader map for material FLightmassMaterialRenderer MaterialInstanceDynamic_28, compiling. 
[2015.10.24-19.52.36:347][204]LogMaterial: Missing cached shader map for material FLightmassMaterialRenderer HDRI_Space_Mat, compiling. 
[2015.10.24-19.52.36:352][204]LogMaterial: Missing cached shader map for material FLightmassMaterialRenderer HDRI_Space_Mat, compiling. 
[2015.10.24-19.52.36:357][204]LogMaterial: Missing cached shader map for material FLightmassMaterialRenderer M_LightStage_Skybox_Black, compiling. 
[2015.10.24-19.52.36:361][204]LogMaterial: Missing cached shader map for material FLightmassMaterialRenderer M_LightStage_Skybox_Black, compiling. 
[2015.10.24-19.52.38:210][211]LogActorComponent: UnregisterComponent: (/Engine/Transient.CharMoveComp) Not registered. Aborting.
[2015.10.24-19.52.38:210][211]LogActorComponent: UnregisterComponent: (/Engine/Transient.CharacterMovementComponent_0) Not registered. Aborting.
[2015.10.24-19.52.38:224][211]LogThreadingWindows:Error: Runnable thread TaskGraphThread 2 crashed.
[2015.10.24-19.52.38:224][211]LogCrashTracker: 


[2015.10.24-19.52.38:224][211]LogWindows: === Critical error: ===
Fatal error!


Crash in runnable thread TaskGraphThread 2

[2015.10.24-19.52.38:423][211]LogCrashTracker: 


[2015.10.24-19.52.38:423][211]LogThreadingWindows:Error: Runnable thread TaskGraphThread 0 crashed.
[2015.10.24-19.52.38:423][211]LogWindows:Error: HandleError re-entered.
[2015.10.24-19.52.38:423][211]LogWindows: FPlatformMisc::RequestExit(1)
[2015.10.24-19.52.38:423][211]Log file closed, 10/24/15 15:52:38
