[2015.11.24-01.56.48:815][  0]Log file open, 11/23/15 20:56:48
[2015.11.24-01.56.48:815][  0]LogInit:Display: Running engine for game: SuperSpaceArmada
[2015.11.24-01.56.48:815][  0]LogInit:Display: RandInit(-1618964264) SRandInit(-1618964264).
[2015.11.24-01.56.48:815][  0]LogTaskGraph: Started task graph with 4 named threads and 7 total threads.
[2015.11.24-01.56.48:815][  0]LogStats: Stats thread started at 0.113357
[2015.11.24-01.56.48:815][  0]LogInit: Version: 4.9.1-2689999+++depot+UE4-Releases+4.9
[2015.11.24-01.56.48:815][  0]LogInit: API Version: 2672455
[2015.11.24-01.56.48:815][  0]LogInit: Compiled (64-bit): Sep 14 2015 04:12:03
[2015.11.24-01.56.48:815][  0]LogInit: Compiled with Visual C++: 18.00.21005.01
[2015.11.24-01.56.48:815][  0]LogInit: Build Configuration: Development
[2015.11.24-01.56.48:815][  0]LogInit: Branch Name: ++depot+UE4-Releases+4.9
[2015.11.24-01.56.48:815][  0]LogInit: Command line:  
[2015.11.24-01.56.48:815][  0]LogInit: Base directory: C:/Program Files/Unreal Engine/4.9/Engine/Binaries/Win64/
[2015.11.24-01.56.48:815][  0]LogInit: Rocket: 1
[2015.11.24-01.56.48:855][  0]LogInit: Using libcurl 7.41.0
[2015.11.24-01.56.48:855][  0]LogInit:  - built for x86_64-pc-win32
[2015.11.24-01.56.48:855][  0]LogInit:  - supports SSL with WinSSL
[2015.11.24-01.56.48:855][  0]LogInit:  - other features:
[2015.11.24-01.56.48:855][  0]LogInit:      CURL_VERSION_SSL
[2015.11.24-01.56.48:855][  0]LogInit:      CURL_VERSION_IPV6
[2015.11.24-01.56.48:855][  0]LogInit:      CURL_VERSION_ASYNCHDNS
[2015.11.24-01.56.48:855][  0]LogInit:      CURL_VERSION_LARGEFILE
[2015.11.24-01.56.48:855][  0]LogInit:      CURL_VERSION_IDN
[2015.11.24-01.56.48:855][  0]LogInit:  CurlRequestOptions (configurable via config and command line):
[2015.11.24-01.56.48:855][  0]LogInit:  - bVerifyPeer = true  - Libcurl will verify peer certificate
[2015.11.24-01.56.48:855][  0]LogInit:  - bUseHttpProxy = false  - Libcurl will NOT use HTTP proxy
[2015.11.24-01.56.48:855][  0]LogInit:  - bDontReuseConnections = false  - Libcurl will reuse connections
[2015.11.24-01.56.48:855][  0]LogInit:  - CertBundlePath = nullptr  - Libcurl will use whatever was configured at build time.
[2015.11.24-01.56.48:926][  0]LogInit: Presizing for 0 objects not considered by GC, pre-allocating 0 bytes.
[2015.11.24-01.56.48:933][  0]LogInit: Object subsystem initialized
[2015.11.24-01.56.48:934][  0]LogInit: Selected Device Profile: [Windows]
[2015.11.24-01.56.48:934][  0]LogInit: Applying CVar settings loaded from the selected device profile: [Windows]
[2015.11.24-01.56.48:972][  0]LogInit: Computer: LOU
[2015.11.24-01.56.48:972][  0]LogInit: User: LouIII
[2015.11.24-01.56.48:972][  0]LogInit: CPU Page size=4096, Cores=4
[2015.11.24-01.56.48:972][  0]LogInit: High frequency timer resolution =2.338333 MHz
[2015.11.24-01.56.48:973][  0]LogMemory: Memory total: Physical=15.9GB (16GB approx)
[2015.11.24-01.56.48:973][  0]LogMemory: Platform Memory Stats for Windows
[2015.11.24-01.56.48:973][  0]LogMemory: Process Physical Memory: 54.91 MB used, 54.91 MB peak
[2015.11.24-01.56.48:973][  0]LogMemory: Process Virtual Memory: 59.34 MB used, 59.34 MB peak
[2015.11.24-01.56.48:973][  0]LogMemory: Physical Memory: 4206.12 MB used, 16303.71 MB total
[2015.11.24-01.56.48:973][  0]LogMemory: Virtual Memory: 368.56 MB used, 134217728.00 MB total
[2015.11.24-01.56.49:410][  0]LogTextLocalizationManager: No specific translations for ('en-US') exist, so ('en') translations will be used.
[2015.11.24-01.56.50:189][  0]LogD3D11RHI: Found D3D11 adapter 0: NVIDIA GeForce GTX 765M     (Feature Level 11_0)
[2015.11.24-01.56.50:189][  0]LogD3D11RHI: Adapter has 1992MB of dedicated video memory, 0MB of dedicated system memory, and 8151MB of shared system memory, 1 output[s]
[2015.11.24-01.56.50:195][  0]LogD3D11RHI: Found D3D11 adapter 1: Intel(R) HD Graphics 4600 (Feature Level 11_0)
[2015.11.24-01.56.50:195][  0]LogD3D11RHI: Adapter has 112MB of dedicated video memory, 0MB of dedicated system memory, and 8151MB of shared system memory, 0 output[s]
[2015.11.24-01.56.50:196][  0]LogD3D11RHI: Found D3D11 adapter 2: Microsoft Basic Render Driver (Feature Level 11_0)
[2015.11.24-01.56.50:196][  0]LogD3D11RHI: Adapter has 0MB of dedicated video memory, 0MB of dedicated system memory, and 8151MB of shared system memory, 0 output[s]
[2015.11.24-01.56.50:196][  0]LogD3D11RHI: Chosen D3D11 Adapter Id = 0
[2015.11.24-01.56.50:199][  0]LogD3D11RHI: !Direct3DDevice
[2015.11.24-01.56.50:200][  0]LogRHI: Texture pool is 1361 MB (70% of 1945 MB)
[2015.11.24-01.56.50:213][  0]LogD3D11RHI: Async texture creation enabled
[2015.11.24-01.56.50:228][  0]LogShaderCompilers: Guid format shader working directory is 15 characters bigger than the processId version (../../../../../../Users/luisr_000/Documents/GitHub/Game-Files/SuperSpaceArmada/Intermediate/Shaders/WorkingDirectory/1112/).
[2015.11.24-01.56.50:228][  0]LogShaderCompilers: Cleaned the shader compiler working directory '../../../../../../Users/luisr_000/Documents/GitHub/Game-Files/SuperSpaceArmada/Intermediate/Shaders/tmp/D351B25B4A8E120C227874B22963B7F1/'.
[2015.11.24-01.56.50:228][  0]LogShaderCompilers:Display: Using Local Shader Compiler.
[2015.11.24-01.56.52:066][  0]LogTemp:Display: Loaded TP AllDesktopTargetPlatform
[2015.11.24-01.56.52:071][  0]LogTemp:Display: Loaded TP WindowsClientTargetPlatform
[2015.11.24-01.56.52:077][  0]LogTemp:Display: Loaded TP WindowsNoEditorTargetPlatform
[2015.11.24-01.56.52:083][  0]LogTemp:Display: Loaded TP WindowsServerTargetPlatform
[2015.11.24-01.56.52:089][  0]LogTemp:Display: Loaded TP WindowsTargetPlatform
[2015.11.24-01.56.52:095][  0]LogTemp:Display: Loaded TP AndroidTargetPlatform
[2015.11.24-01.56.52:101][  0]LogTemp:Display: Loaded TP Android_ASTCTargetPlatform
[2015.11.24-01.56.52:104][  0]LogTemp:Display: Loaded TP Android_ATCTargetPlatform
[2015.11.24-01.56.52:108][  0]LogTemp:Display: Loaded TP Android_DXTTargetPlatform
[2015.11.24-01.56.52:111][  0]LogTemp:Display: Loaded TP Android_ETC1TargetPlatform
[2015.11.24-01.56.52:115][  0]LogTemp:Display: Loaded TP Android_ETC2TargetPlatform
[2015.11.24-01.56.52:118][  0]LogTemp:Display: Loaded TP Android_PVRTCTargetPlatform
[2015.11.24-01.56.52:119][  0]LogTemp:Display: Loaded TP HTML5TargetPlatform
[2015.11.24-01.56.52:180][  0]LogTemp:Display: Loaded TP IOSTargetPlatform
[2015.11.24-01.56.52:183][  0]LogTemp:Display: Loaded TP LinuxNoEditorTargetPlatform
[2015.11.24-01.56.52:187][  0]LogTemp:Display: Loaded TP LinuxServerTargetPlatform
[2015.11.24-01.56.52:193][  0]LogTemp:Display: Loaded TP LinuxTargetPlatform
[2015.11.24-01.56.52:193][  0]LogTargetPlatformManager:Display: Building Assets For Windows
[2015.11.24-01.56.52:660][  0]LogDerivedDataCache:Display: Max Cache Size: 512 MB
[2015.11.24-01.56.53:100][  0]LogDerivedDataCache: Loaded boot cache 0.44s 45MB C:/Users/luisr_000/AppData/Local/UnrealEngine/4.9/DerivedDataCache/Boot.ddc.
[2015.11.24-01.56.53:100][  0]LogDerivedDataCache:Display: Loaded Boot cache: C:/Users/luisr_000/AppData/Local/UnrealEngine/4.9/DerivedDataCache/Boot.ddc
[2015.11.24-01.56.53:100][  0]LogDerivedDataCache: FDerivedDataBackendGraph:  Pak pak cache file ../../../../../../Users/luisr_000/Documents/GitHub/Game-Files/SuperSpaceArmada/DerivedDataCache/DDC.ddp not found, will not use a pak cache.
[2015.11.24-01.56.53:100][  0]LogDerivedDataCache: Unable to find inner node Pak for hierarchical cache Hierarchy.
[2015.11.24-01.56.53:100][  0]LogDerivedDataCache: FDerivedDataBackendGraph:  CompressedPak pak cache file ../../../../../../Users/luisr_000/Documents/GitHub/Game-Files/SuperSpaceArmada/DerivedDataCache/Compressed.ddp not found, will not use a pak cache.
[2015.11.24-01.56.53:100][  0]LogDerivedDataCache: Unable to find inner node CompressedPak for hierarchical cache Hierarchy.
[2015.11.24-01.56.53:308][  0]LogDerivedDataCache:Display: Pak cache opened for reading ../../../Engine/DerivedDataCache/Compressed.ddp.
[2015.11.24-01.56.53:320][  0]LogDerivedDataCache: Using Local data cache path C:/Users/luisr_000/AppData/Local/UnrealEngine/Common/DerivedDataCache: Writable
[2015.11.24-01.57.00:130][  0]LogInit: Selected Device Profile: [Windows]
[2015.11.24-01.57.00:132][  0]LogContentStreaming: Texture pool size is 0.000000MB
[2015.11.24-01.57.00:341][  0]LogMeshUtilities: No automatic mesh reduction module available
[2015.11.24-01.57.00:341][  0]LogMeshUtilities: No automatic mesh merging module available
[2015.11.24-01.57.01:464][  0]LogInit: WinSock: version 1.1 (2.2), MaxSocks=32767, MaxUdp=65467
[2015.11.24-01.57.17:840][  0]LogAssetRegistry: FAssetRegistry took 0.0114 seconds to start up
[2015.11.24-01.57.17:852][  0]UdpMessaging: Initializing bridge on interface 0.0.0.0:0 to multicast group 230.0.0.1:6666.
[2015.11.24-01.57.19:373][  0]SourceControl: Info Source control is disabled
[2015.11.24-01.57.19:380][  0]SourceControl: Info Source control is disabled
[2015.11.24-01.57.19:390][  0]SourceControl: Info Source control is disabled
[2015.11.24-01.57.19:403][  0]SourceControl: Info Source control is disabled
[2015.11.24-01.57.20:036][  0]LogLinker:Warning: Asset '../../../Engine/Plugins/Runtime/LeapMotionController/Content/LM_PassthroughMaterial.uasset' has been saved with empty engine version. The asset will be loaded but may be incompatible.
[2015.11.24-01.57.20:223][  0]LogObj: 28528 objects as part of root set at end of initial load.
[2015.11.24-01.57.20:223][  0]LogUObjectAllocator: 6068464 out of 0 bytes used by permanent object pool.
[2015.11.24-01.57.20:348][  0]LogEngine: Initializing Engine...
[2015.11.24-01.57.20:350][  0]LogHMD: Can't find Oculus library dev build: is proper Runtime installed? Version: 0.7.0.0
[2015.11.24-01.57.20:384][  0]LogHMD: SteamVR failed to initialize.  Err: 110
[2015.11.24-01.57.21:119][  0]LogAIModule: Creating AISystem for world NewWorld
[2015.11.24-01.57.21:126][  0]LogInit: XAudio2 using 'Speakers (VIA HD Audio)' : 2 channels at 48 kHz using 32 bits per sample (channel mask 0x3)
[2015.11.24-01.57.21:132][  0]LogInit: FAudioDevice initialized.
[2015.11.24-01.57.21:160][  0]LogDerivedDataCache: Saved boot cache 0.03s 45MB C:/Users/luisr_000/AppData/Local/UnrealEngine/4.9/DerivedDataCache/Boot.ddc.
[2015.11.24-01.57.21:164][  0]LogInit: Texture streaming: Enabled
[2015.11.24-01.57.21:169][  0]LogAnalytics: Creating configured Analytics provider AnalyticsET
[2015.11.24-01.57.21:169][  0]LogAnalytics: [UEEditor.Rocket.Release] APIServer = http://et2.epicgames.com/ET2/. AppVersion = 4.9.1-2689999+++depot+UE4-Releases+4.9
[2015.11.24-01.57.21:170][  0]LogAnalytics: [UEEditor.Rocket.Release] SetUserId 06a592394ae99916f49c3d9c3c9f503a|b280ebf5e1b3428db734f63de3c232be|784865b8-3393-4bba-9a10-0fd663c4f742
[2015.11.24-01.57.21:170][  0]LogAnalytics: [UEEditor.Rocket.Release] AnalyticsET::StartSession
[2015.11.24-01.57.21:199][  0]LogInit: Transaction tracking system initialized
[2015.11.24-01.57.21:226][  0]BlueprintLog: New page: Editor Load
[2015.11.24-01.57.21:323][  0]LocalizationService: Info Localization service is disabled
[2015.11.24-01.57.21:886][  0]LogConsoleResponse:Display: 
[2015.11.24-01.57.25:785][  0]LogCook:Display: Done creating registry. It took  0.00s.
[2015.11.24-01.57.26:054][  0]LogFileCache: Scanning file cache for directory 'C:/Users/luisr_000/Documents/GitHub/Game-Files/SuperSpaceArmada/Content/' took 0.02s
[2015.11.24-01.57.26:114][  0]SourceControl: Info Source control is disabled
[2015.11.24-01.57.26:114][  0]Cmd: MAP LOAD FILE="../../../../../../Users/luisr_000/Documents/GitHub/Game-Files/SuperSpaceArmada/Content/SSA/Maps/Home_Kratakos.umap" TEMPLATE=0 SHOWPROGRESS=1 FEATURELEVEL=3
[2015.11.24-01.57.26:184][  0]LightingResults: New page: Lighting Build
[2015.11.24-01.57.26:187][  0]MapCheck: New page: Map Check
[2015.11.24-01.57.26:187][  0]LightingResults: New page: Lighting Build
[2015.11.24-01.57.26:197][  0]LogParticles: Destroying 0 GPU particle simulations for FXSystem 0x000000283D3EC400
[2015.11.24-01.57.26:464][  0]LogLinker:Warning: Asset '../../../../../../Users/luisr_000/Documents/GitHub/Game-Files/SuperSpaceArmada/Content/Mannequin/Animations/ThirdPerson_AnimBP.uasset' has been saved with empty engine version. The asset will be loaded but may be incompatible.
[2015.11.24-01.57.26:484][  0]LogLinker:Warning: Asset '../../../../../../Users/luisr_000/Documents/GitHub/Game-Files/SuperSpaceArmada/Content/Mannequin/Animations/ThirdPerson_Jump.uasset' has been saved with empty engine version. The asset will be loaded but may be incompatible.
[2015.11.24-01.57.26:521][  0]LogLinker:Warning: Asset '../../../../../../Users/luisr_000/Documents/GitHub/Game-Files/SuperSpaceArmada/Content/Mannequin/Animations/ThirdPersonJump_Loop.uasset' has been saved with empty engine version. The asset will be loaded but may be incompatible.
[2015.11.24-01.57.26:585][  0]LogLinker:Warning: Asset '../../../../../../Users/luisr_000/Documents/GitHub/Game-Files/SuperSpaceArmada/Content/Mannequin/Animations/ThirdPersonJump_Start.uasset' has been saved with empty engine version. The asset will be loaded but may be incompatible.
[2015.11.24-01.57.26:621][  0]LogLinker:Warning: Asset '../../../../../../Users/luisr_000/Documents/GitHub/Game-Files/SuperSpaceArmada/Content/Mannequin/Animations/ThirdPerson_IdleRun_2D.uasset' has been saved with empty engine version. The asset will be loaded but may be incompatible.
[2015.11.24-01.57.26:656][  0]LogLinker:Warning: Asset '../../../../../../Users/luisr_000/Documents/GitHub/Game-Files/SuperSpaceArmada/Content/Mannequin/Animations/ThirdPersonIdle.uasset' has been saved with empty engine version. The asset will be loaded but may be incompatible.
[2015.11.24-01.57.26:683][  0]LogLinker:Warning: Asset '../../../../../../Users/luisr_000/Documents/GitHub/Game-Files/SuperSpaceArmada/Content/Mannequin/Animations/ThirdPersonRun.uasset' has been saved with empty engine version. The asset will be loaded but may be incompatible.
[2015.11.24-01.57.26:732][  0]LogLinker:Warning: Asset '../../../../../../Users/luisr_000/Documents/GitHub/Game-Files/SuperSpaceArmada/Content/Mannequin/Animations/ThirdPersonWalk.uasset' has been saved with empty engine version. The asset will be loaded but may be incompatible.
[2015.11.24-01.57.37:911][  0]LogLinker:Warning: Can't find file '/Game/Geometry/Meshes/1M_Cube'
[2015.11.24-01.57.37:911][  0]LogLinker:Warning: Can't find file for asset '/Game/Geometry/Meshes/1M_Cube' while loading ../../../../../../Users/luisr_000/Documents/GitHub/Game-Files/SuperSpaceArmada/Content/SSA/Blueprints/Objects/Crystal_Spawner.uasset.
[2015.11.24-01.57.37:911][  0]LoadErrors:Error: Error /Game/SSA/Blueprints/Objects/Crystal_Spawner : Can't find file for asset. /Game/Geometry/Meshes/1M_Cube
[2015.11.24-01.57.37:912][  0]LogLinker:Warning: Can't find file '/Game/Geometry/Meshes/1M_Cube'
[2015.11.24-01.57.37:912][  0]LogLinker:Warning: Can't find file for asset '/Game/Geometry/Meshes/1M_Cube' while loading ../../../../../../Users/luisr_000/Documents/GitHub/Game-Files/SuperSpaceArmada/Content/SSA/Blueprints/Objects/Crystal_Spawner.uasset.
[2015.11.24-01.57.37:912][  0]LoadErrors:Error: Error /Game/SSA/Blueprints/Objects/Crystal_Spawner : Can't find file for asset. /Game/Geometry/Meshes/1M_Cube
[2015.11.24-01.57.37:913][  0]LogLinker:Warning: Can't find file '/Game/Geometry/Meshes/1M_Cube'
[2015.11.24-01.57.37:914][  0]LogLinker:Warning: Can't find file for asset '/Game/Geometry/Meshes/1M_Cube' while loading ../../../../../../Users/luisr_000/Documents/GitHub/Game-Files/SuperSpaceArmada/Content/SSA/Maps/Home_Kratakos.umap.
[2015.11.24-01.57.37:914][  0]LoadErrors:Error: Error /Game/SSA/Maps/Home_Kratakos : Can't find file for asset. /Game/Geometry/Meshes/1M_Cube
[2015.11.24-01.57.37:914][  0]LogLinker:Warning: Can't find file '/Game/Geometry/Meshes/1M_Cube'
[2015.11.24-01.57.37:914][  0]LogLinker:Warning: Can't find file for asset '/Game/Geometry/Meshes/1M_Cube' while loading ../../../../../../Users/luisr_000/Documents/GitHub/Game-Files/SuperSpaceArmada/Content/SSA/Maps/Home_Kratakos.umap.
[2015.11.24-01.57.37:914][  0]LoadErrors:Error: Error /Game/SSA/Maps/Home_Kratakos : Can't find file for asset. /Game/Geometry/Meshes/1M_Cube
[2015.11.24-01.57.37:914][  0]LogLinker:Warning: Can't find file '/Game/Geometry/Meshes/1M_Cube'
[2015.11.24-01.57.37:914][  0]LoadErrors: Info Failed to load /Game/Geometry/Meshes/1M_Cube.1M_Cube Referenced by StaticMeshComponent0
[2015.11.24-01.57.37:915][  0]LogLinker:Warning: Can't find file for asset '/Game/Geometry/Meshes/1M_Cube' while loading ../../../../../../Users/luisr_000/Documents/GitHub/Game-Files/SuperSpaceArmada/Content/SSA/Maps/Home_Kratakos.umap.
[2015.11.24-01.57.37:915][  0]LoadErrors: Info Failed to load /Game/Geometry/Meshes/1M_Cube.1M_Cube Referenced by StaticMeshComponent0
[2015.11.24-01.57.37:915][  0]LoadErrors:Error: Error /Game/SSA/Maps/Home_Kratakos : Can't find file for asset. /Game/Geometry/Meshes/1M_Cube
[2015.11.24-01.57.47:750][  0]LogAIModule: Creating AISystem for world Home_Kratakos
[2015.11.24-01.57.47:814][  0]LogEditorServer: Finished looking for orphan Actors (0.000 secs)
[2015.11.24-01.57.47:815][  0]Cmd: MAP CHECKDEP NOCLEARLOG
[2015.11.24-01.57.47:930][  0]MapCheck: Info Map check complete: 0 Error(s), 0 Warning(s), took 113.954ms to complete.
[2015.11.24-01.57.47:930][  0]LogFileHelpers: Loading map 'Home_Kratakos' took 21.816
[2015.11.24-01.57.48:155][  0]LogCollectionManager: Loaded 0 collections in 0.002135 seconds
[2015.11.24-01.57.48:196][  0]LogFileCache: Scanning file cache for directory 'C:/Users/luisr_000/Documents/GitHub/Game-Files/SuperSpaceArmada/Saved/Collections/' took 0.01s
[2015.11.24-01.57.48:196][  0]LogFileCache: Scanning file cache for directory 'C:/Users/luisr_000/Documents/GitHub/Game-Files/SuperSpaceArmada/Content/Developers/LouIII/Collections/' took 0.01s
[2015.11.24-01.57.48:196][  0]LogFileCache: Scanning file cache for directory 'C:/Users/luisr_000/Documents/GitHub/Game-Files/SuperSpaceArmada/Content/Collections/' took 0.01s
[2015.11.24-01.57.48:196][  0]LogContentBrowser: Native class hierarchy populated in 0.0075 seconds. Added 1882 classes and 339 folders.
[2015.11.24-01.57.48:200][  0]LogCollectionManager: Rebuilt the GUID cache for 0 collections in 0.000003 seconds
[2015.11.24-01.57.48:206][  0]LogContentBrowser: Native class hierarchy updated for 'WidgetCarousel' in 0.0003 seconds. Added 0 classes and 0 folders.
[2015.11.24-01.57.50:857][  0]LogContentBrowser: Native class hierarchy updated for 'AddContentDialog' in 0.0004 seconds. Added 0 classes and 0 folders.
[2015.11.24-01.57.50:861][  0]LogContentBrowser: Native class hierarchy updated for 'SceneOutliner' in 0.0003 seconds. Added 1 classes and 2 folders.
[2015.11.24-01.57.50:929][  0]LogCrashTracker: Crashtracker disabled due to settings.
[2015.11.24-01.57.50:934][  0]LogUObjectGlobals:Warning: Failed to find object 'Class None.'
[2015.11.24-01.57.50:956][  0]LogLoad: Full Startup: 63.62 seconds (BP compile: 1.68 seconds)
[2015.11.24-01.57.50:965][  0]LoadErrors:Error: Error /Game/SSA/Blueprints/Player : Failed import for Player_C /Game/SSA/Blueprints/Player/Player.Default__Player_C
[2015.11.24-01.57.51:169][  0]LogContentStreaming: Texture pool size now 1000 MB
[2015.11.24-01.57.51:419][  0]LogRenderer: Reallocating scene render targets to support 1312x552 (Frame:2).
[2015.11.24-01.57.52:569][ 26]LogAssetRegistry: Asset discovery search completed in 34.7408 seconds
[2015.11.24-01.57.52:569][ 26]LogCollectionManager: Rebuilt the object cache for 0 collections in 0.000002 seconds (found 0 objects)
[2015.11.24-01.57.52:569][ 26]LogCollectionManager: Fixed up redirectors for 0 collections in 0.000062 seconds (updated 0 objects)
[2015.11.24-01.58.12:921][124]LogActorComponent: UnregisterComponent: (/Engine/Transient.CharMoveComp) Not registered. Aborting.
[2015.11.24-01.58.17:782][207]LogActorComponent: UnregisterComponent: (/Engine/Transient.CharMoveComp) Not registered. Aborting.
[2015.11.24-01.58.22:800][207]LogMaterial:Warning: Material /Game/StarterContent/Props/Materials/M_Rock.M_Rock needed to have new flag set bUsedWithSkeletalMesh !
[2015.11.24-01.58.22:802][207]LogMaterial: Missing cached shader map for material M_Rock, compiling. 
[2015.11.24-01.58.22:877][207]LogMaterial: 0.000143 seconds spent updating 1 materials, 1 interfaces, 0 instances, 0 with static permutations.
[2015.11.24-01.58.22:877][207]LogMaterial:Warning: Material /Game/StarterContent/Materials/M_Rock_Basalt.M_Rock_Basalt needed to have new flag set bUsedWithSkeletalMesh !
[2015.11.24-01.58.22:880][207]LogMaterial: Missing cached shader map for material M_Rock_Basalt, compiling. 
[2015.11.24-01.58.22:901][207]LogMaterial: 0.000154 seconds spent updating 1 materials, 1 interfaces, 0 instances, 0 with static permutations.
[2015.11.24-01.58.45:143][197]LogActorComponent: UnregisterComponent: (/Engine/Transient.CharMoveComp) Not registered. Aborting.
[2015.11.24-01.58.45:272][197]LogSavePackage: Save=22.183752ms
[2015.11.24-01.58.45:272][197]LogSavePackage: Moving '../../../../../../Users/luisr_000/Documents/GitHub/Game-Files/SuperSpaceArmada/Saved/M_Rock_Basalt10753A2B46F460810A92C1B5310AB34A.tmp' to '../../../../../../Users/luisr_000/Documents/GitHub/Game-Files/SuperSpaceArmada/Content/StarterContent/Materials/M_Rock_Basalt.uasset'
[2015.11.24-01.58.45:275][197]LogSavePackage: Total save time: 43.502785ms
[2015.11.24-01.58.45:275][197]LogSavePackage:Warning: Finished SavePackage ../../../../../../Users/luisr_000/Documents/GitHub/Game-Files/SuperSpaceArmada/Content/StarterContent/Materials/M_Rock_Basalt.uasset
[2015.11.24-01.58.45:335][197]LogSavePackage: Save=17.587315ms
[2015.11.24-01.58.45:335][197]LogSavePackage: Moving '../../../../../../Users/luisr_000/Documents/GitHub/Game-Files/SuperSpaceArmada/Saved/M_Rock998AC89D454B1BCB5162CBB4ADEA57A4.tmp' to '../../../../../../Users/luisr_000/Documents/GitHub/Game-Files/SuperSpaceArmada/Content/StarterContent/Props/Materials/M_Rock.uasset'
[2015.11.24-01.58.45:338][197]LogSavePackage: Total save time: 34.826092ms
[2015.11.24-01.58.45:338][197]LogSavePackage:Warning: Finished SavePackage ../../../../../../Users/luisr_000/Documents/GitHub/Game-Files/SuperSpaceArmada/Content/StarterContent/Props/Materials/M_Rock.uasset
[2015.11.24-01.58.54:010][492]LogMaterial: Missing cached shader map for material hullBooster_Mat, compiling. 
[2015.11.24-01.58.54:148][492]LogMaterial: Missing cached shader map for material hullBooster_Mat, compiling. 
[2015.11.24-01.58.54:162][492]LogMaterial: 0.000119 seconds spent updating 1 materials, 1 interfaces, 0 instances, 0 with static permutations.
[2015.11.24-01.58.54:198][492]LogMaterial: Missing cached shader map for material FMatExpressionPreview MaterialExpressionTextureSample_11, compiling. 
[2015.11.24-01.58.54:205][492]LogMaterial: Missing cached shader map for material FMatExpressionPreview MaterialExpressionTextureSample_12, compiling. 
[2015.11.24-01.58.54:209][492]LogMaterial: Missing cached shader map for material FMatExpressionPreview MaterialExpressionTextureSample_14, compiling. 
[2015.11.24-01.58.54:212][492]LogMaterial: Missing cached shader map for material FMatExpressionPreview MaterialExpressionTextureSample_13, compiling. 
[2015.11.24-01.58.54:216][492]LogMaterial: Missing cached shader map for material FMatExpressionPreview MaterialExpressionTextureSample_10, compiling. 
[2015.11.24-01.58.54:220][492]LogMaterial: Missing cached shader map for material FMatExpressionPreview MaterialExpressionVectorParameter_6, compiling. 
[2015.11.24-01.58.54:224][492]LogMaterial: Missing cached shader map for material FMatExpressionPreview MaterialExpressionTextureSample_20, compiling. 
[2015.11.24-01.58.57:373][585]MaterialEditorStats: Info Base pass shader with only dynamic lighting: 59 instructions
[2015.11.24-01.58.57:373][585]MaterialEditorStats: Info Vertex shader: 33 instructions
[2015.11.24-01.58.57:373][585]MaterialEditorStats: Info Texture samplers: 6/16
[2015.11.24-01.59.08:124][199]LogMaterial: Missing cached shader map for material hullBooster_Mat, compiling. 
[2015.11.24-01.59.08:173][199]LogMaterial:Warning: FMaterialUniformExpressionTexture had invalid TextureIndex! (5 / 5)
[2015.11.24-01.59.08:173][199]LogMaterial: 0.000133 seconds spent updating 1 materials, 1 interfaces, 0 instances, 0 with static permutations.
[2015.11.24-01.59.10:852][275]MaterialEditorStats: Info Base pass shader with only dynamic lighting: 56 instructions
[2015.11.24-01.59.10:852][275]MaterialEditorStats: Info Vertex shader: 33 instructions
[2015.11.24-01.59.10:852][275]MaterialEditorStats: Info Texture samplers: 5/16
[2015.11.24-01.59.13:400][312]LogMaterial: Missing cached shader map for material frontClaws_Mat, compiling. 
[2015.11.24-01.59.13:584][312]LogMaterial: Missing cached shader map for material frontClaws_Mat, compiling. 
[2015.11.24-01.59.13:596][312]LogMaterial: 0.000093 seconds spent updating 1 materials, 1 interfaces, 0 instances, 0 with static permutations.
[2015.11.24-01.59.13:626][312]LogMaterial: Missing cached shader map for material FMatExpressionPreview MaterialExpressionTextureSample_6, compiling. 
[2015.11.24-01.59.13:630][312]LogMaterial: Missing cached shader map for material FMatExpressionPreview MaterialExpressionTextureSample_7, compiling. 
[2015.11.24-01.59.13:635][312]LogMaterial: Missing cached shader map for material FMatExpressionPreview MaterialExpressionTextureSample_9, compiling. 
[2015.11.24-01.59.13:638][312]LogMaterial: Missing cached shader map for material FMatExpressionPreview MaterialExpressionTextureSample_8, compiling. 
[2015.11.24-01.59.13:642][312]LogMaterial: Missing cached shader map for material FMatExpressionPreview MaterialExpressionTextureSample_5, compiling. 
[2015.11.24-01.59.16:275][381]MaterialEditorStats: Info Base pass shader with only dynamic lighting: 56 instructions
[2015.11.24-01.59.16:275][381]MaterialEditorStats: Info Vertex shader: 33 instructions
[2015.11.24-01.59.16:275][381]MaterialEditorStats: Info Texture samplers: 5/16
[2015.11.24-01.59.25:687][676]LogUObjectHash:Warning: Ambiguous search, could be MaterialGraphNode /Engine/Transient.frontClaws_Mat:MaterialGraph_1.MaterialGraphNode_6 or MaterialGraphNode /Engine/Transient.hullBooster_Mat:MaterialGraph_0.MaterialGraphNode_6
[2015.11.24-01.59.25:687][676]LogUObjectHash:Warning: Ambiguous search, could be MaterialGraphNode /Engine/Transient.frontClaws_Mat:MaterialGraph_1.MaterialGraphNode_6 or MaterialGraphNode /Engine/Transient.hullBooster_Mat:MaterialGraph_0.MaterialGraphNode_6
[2015.11.24-01.59.25:688][676]LogProperty:Warning: ObjectProperty /Script/Engine.ExpressionInput:Expression: unresolved reference to 'MaterialExpressionMultiply'MaterialGraphNode_6.MaterialExpressionMultiply_1')'
[2015.11.24-01.59.25:689][676]LogUObjectHash:Warning: Ambiguous search, could be MaterialGraphNode /Engine/Transient.frontClaws_Mat:MaterialGraph_1.MaterialGraphNode_8 or MaterialGraphNode /Engine/Transient.hullBooster_Mat:MaterialGraph_0.MaterialGraphNode_8
[2015.11.24-01.59.25:689][676]LogUObjectHash:Warning: Ambiguous search, could be MaterialGraphNode /Engine/Transient.frontClaws_Mat:MaterialGraph_1.MaterialGraphNode_7 or MaterialGraphNode /Engine/Transient.hullBooster_Mat:MaterialGraph_0.MaterialGraphNode_7
[2015.11.24-01.59.25:690][676]LogUObjectHash:Warning: Ambiguous search, could be MaterialGraphNode /Engine/Transient.frontClaws_Mat:MaterialGraph_1.MaterialGraphNode_7 or MaterialGraphNode /Engine/Transient.hullBooster_Mat:MaterialGraph_0.MaterialGraphNode_7
[2015.11.24-01.59.25:690][676]LogProperty:Warning: ObjectProperty /Script/Engine.ExpressionInput:Expression: unresolved reference to 'MaterialExpressionMultiply'MaterialGraphNode_7.MaterialExpressionMultiply_2')'
[2015.11.24-01.59.25:690][676]LogUObjectHash:Warning: Ambiguous search, could be MaterialGraphNode /Engine/Transient.frontClaws_Mat:MaterialGraph_1.MaterialGraphNode_8 or MaterialGraphNode /Engine/Transient.hullBooster_Mat:MaterialGraph_0.MaterialGraphNode_8
[2015.11.24-01.59.25:690][676]LogProperty:Warning: ObjectProperty /Script/Engine.ExpressionInput:Expression: unresolved reference to 'MaterialExpressionScalarParameter'MaterialGraphNode_8.MaterialExpressionScalarParameter_0')'
[2015.11.24-01.59.25:692][676]LogUObjectHash:Warning: Ambiguous search, could be MaterialGraphNode /Engine/Transient.frontClaws_Mat:MaterialGraph_1.MaterialGraphNode_9 or MaterialGraphNode /Engine/Transient.hullBooster_Mat:MaterialGraph_0.MaterialGraphNode_9
[2015.11.24-01.59.25:692][676]LogUObjectHash:Warning: Ambiguous search, could be MaterialGraphNode /Engine/Transient.hullBooster_Mat:MaterialGraph_0.MaterialGraphNode_10 or MaterialGraphNode /Engine/Transient.frontClaws_Mat:MaterialGraph_1.MaterialGraphNode_10
[2015.11.24-01.59.25:693][676]LogUObjectHash:Warning: Ambiguous search, could be MaterialGraphNode /Engine/Transient.hullBooster_Mat:MaterialGraph_0.MaterialGraphNode_10 or MaterialGraphNode /Engine/Transient.frontClaws_Mat:MaterialGraph_1.MaterialGraphNode_10
[2015.11.24-01.59.25:693][676]LogProperty:Warning: ObjectProperty /Script/Engine.ExpressionInput:Expression: unresolved reference to 'MaterialExpressionTextureSample'MaterialGraphNode_10.MaterialExpressionTextureSample_0',Mask=1,MaskR=1,MaskG=1,MaskB=1)'
[2015.11.24-01.59.25:693][676]LogUObjectHash:Warning: Ambiguous search, could be MaterialGraphNode /Engine/Transient.frontClaws_Mat:MaterialGraph_1.MaterialGraphNode_9 or MaterialGraphNode /Engine/Transient.hullBooster_Mat:MaterialGraph_0.MaterialGraphNode_9
[2015.11.24-01.59.25:693][676]LogProperty:Warning: ObjectProperty /Script/Engine.ExpressionInput:Expression: unresolved reference to 'MaterialExpressionVectorParameter'MaterialGraphNode_9.MaterialExpressionVectorParameter_0',Mask=1,MaskR=1,MaskG=1,MaskB=1)'
[2015.11.24-01.59.25:714][676]LogMaterial: Missing cached shader map for material frontClaws_Mat, compiling. 
[2015.11.24-01.59.25:732][676]LogMaterial: 0.000179 seconds spent updating 1 materials, 1 interfaces, 0 instances, 0 with static permutations.
[2015.11.24-01.59.25:733][676]LogMaterial: Missing cached shader map for material FMatExpressionPreview MaterialExpressionVectorParameter_2, compiling. 
[2015.11.24-01.59.25:736][676]LogMaterial: Missing cached shader map for material FMatExpressionPreview MaterialExpressionTextureSample_2, compiling. 
[2015.11.24-01.59.28:968][793]MaterialEditorStats: Info Base pass shader with only dynamic lighting: 56 instructions
[2015.11.24-01.59.28:968][793]MaterialEditorStats: Info Vertex shader: 33 instructions
[2015.11.24-01.59.28:968][793]MaterialEditorStats: Info Texture samplers: 5/16
[2015.11.24-01.59.30:364][880]LogMaterial: Missing cached shader map for material frontClaws_Mat, compiling. 
[2015.11.24-01.59.30:378][880]LogMaterial: 0.000125 seconds spent updating 1 materials, 1 interfaces, 0 instances, 0 with static permutations.
[2015.11.24-01.59.30:470][880]LogMaterial: Missing cached shader map for material FMatExpressionPreview MaterialExpressionVectorParameter_2, compiling. 
[2015.11.24-01.59.30:489][880]LogMaterial: Missing cached shader map for material FMatExpressionPreview MaterialExpressionTextureSample_2, compiling. 
[2015.11.24-01.59.33:953][948]MaterialEditorStats: Info Base pass shader with only dynamic lighting: 59 instructions
[2015.11.24-01.59.33:953][948]MaterialEditorStats: Info Vertex shader: 33 instructions
[2015.11.24-01.59.33:953][948]MaterialEditorStats: Info Texture samplers: 6/16
[2015.11.24-01.59.45:503][343]LogMaterialEditor: Saving and Compiling material frontClaws_Mat
[2015.11.24-01.59.46:175][343]LogMaterial: Missing cached shader map for material frontClaws_Mat, compiling. 
[2015.11.24-01.59.46:203][343]LogMaterial: 0.000091 seconds spent updating 1 materials, 1 interfaces, 0 instances, 0 with static permutations.
[2015.11.24-01.59.46:257][343]LogMaterial: Missing cached shader map for material frontClaws_Mat, compiling. 
[2015.11.24-01.59.46:297][343]LogMaterial: Missing cached shader map for material frontClaws_Mat, compiling. 
[2015.11.24-01.59.46:326][343]LogMaterial: 0.001306 seconds spent updating 1 materials, 1 interfaces, 0 instances, 0 with static permutations.
[2015.11.24-01.59.51:961][343]LogSavePackage: Save=16.589169ms
[2015.11.24-01.59.51:961][343]LogSavePackage: Moving '../../../../../../Users/luisr_000/Documents/GitHub/Game-Files/SuperSpaceArmada/Saved/frontClaws_MatD1B1A3354655DA0B2FA55296D12D3C78.tmp' to '../../../../../../Users/luisr_000/Documents/GitHub/Game-Files/SuperSpaceArmada/Content/Geometry/Meshes/DragomirFrigate/frontClaws_Mat.uasset'
[2015.11.24-01.59.51:964][343]LogSavePackage: Total save time: 38.573205ms
[2015.11.24-01.59.51:964][343]LogSavePackage:Warning: Finished SavePackage ../../../../../../Users/luisr_000/Documents/GitHub/Game-Files/SuperSpaceArmada/Content/Geometry/Meshes/DragomirFrigate/frontClaws_Mat.uasset
[2015.11.24-01.59.51:968][343]MaterialEditorStats: Info Base pass shader with only dynamic lighting: 78 instructions
[2015.11.24-01.59.51:968][343]MaterialEditorStats: Info Vertex shader: 33 instructions
[2015.11.24-01.59.51:968][343]MaterialEditorStats: Info Texture samplers: 9/16
[2015.11.24-01.59.57:237][478]LogMaterialEditor: Saving and Compiling material hullBooster_Mat
[2015.11.24-01.59.57:865][478]LogMaterial: Missing cached shader map for material hullBooster_Mat, compiling. 
[2015.11.24-01.59.57:892][478]LogMaterial: 0.000111 seconds spent updating 1 materials, 1 interfaces, 0 instances, 0 with static permutations.
[2015.11.24-01.59.57:932][478]LogMaterial: Missing cached shader map for material hullBooster_Mat, compiling. 
[2015.11.24-01.59.57:972][478]LogMaterial: Missing cached shader map for material hullBooster_Mat, compiling. 
[2015.11.24-01.59.57:999][478]LogMaterial: 0.000888 seconds spent updating 1 materials, 1 interfaces, 0 instances, 0 with static permutations.
[2015.11.24-02.00.03:663][478]LogSavePackage: Save=15.658591ms
[2015.11.24-02.00.03:664][478]LogSavePackage: Moving '../../../../../../Users/luisr_000/Documents/GitHub/Game-Files/SuperSpaceArmada/Saved/hullBooster_Mat95D744A4433B25F3D3DEF6A6D71C4703.tmp' to '../../../../../../Users/luisr_000/Documents/GitHub/Game-Files/SuperSpaceArmada/Content/Geometry/Meshes/DragomirFrigate/hullBooster_Mat.uasset'
[2015.11.24-02.00.03:666][478]LogSavePackage: Total save time: 32.634787ms
[2015.11.24-02.00.03:666][478]LogSavePackage:Warning: Finished SavePackage ../../../../../../Users/luisr_000/Documents/GitHub/Game-Files/SuperSpaceArmada/Content/Geometry/Meshes/DragomirFrigate/hullBooster_Mat.uasset
[2015.11.24-02.00.03:674][478]MaterialEditorStats: Info Base pass shader with only dynamic lighting: 75 instructions
[2015.11.24-02.00.03:674][478]MaterialEditorStats: Info Vertex shader: 33 instructions
[2015.11.24-02.00.03:674][478]MaterialEditorStats: Info Texture samplers: 8/16
[2015.11.24-02.00.12:710][614]LogSkeletalMesh: InitArticulated: Bodies already created (/Engine/Transient.DebugSkelMeshComponent_0) - call TermArticulated first.
[2015.11.24-02.00.12:896][614]LogUObjectGlobals:Warning: Failed to find object 'Object /Engine/Tutorial/SubEditors/PersonaAnimEditorTutorial.PersonaAnimEditorTutorial_C'
[2015.11.24-02.00.12:982][614]LogContentBrowser:Verbose: The majority of assets in the view are of type: AnimSequence
[2015.11.24-02.00.16:992][694]LogSkeletalMesh: InitArticulated: Bodies already created (/Engine/Transient.DebugSkelMeshComponent_3) - call TermArticulated first.
[2015.11.24-02.00.17:108][694]LogUObjectGlobals:Warning: Failed to find object 'Object /Engine/Tutorial/SubEditors/PersonaAnimEditorTutorial.PersonaAnimEditorTutorial_C'
[2015.11.24-02.00.17:156][694]LogContentBrowser:Verbose: The majority of assets in the view are of type: AnimSequence
[2015.11.24-02.01.01:244][610]LogMaterial: Missing cached shader map for material PreviewMaterial_0, compiling. 
[2015.11.24-02.01.01:442][610]LogMaterial: Missing cached shader map for material PreviewMaterial_0, compiling. 
[2015.11.24-02.01.01:459][610]LogMaterial: 0.000076 seconds spent updating 1 materials, 1 interfaces, 0 instances, 0 with static permutations.
[2015.11.24-02.01.01:486][610]LogMaterial: Missing cached shader map for material FMatExpressionPreview MaterialExpressionTextureSample_6, compiling. 
[2015.11.24-02.01.01:491][610]LogMaterial: Missing cached shader map for material FMatExpressionPreview MaterialExpressionTextureSample_7, compiling. 
[2015.11.24-02.01.01:495][610]LogMaterial: Missing cached shader map for material FMatExpressionPreview MaterialExpressionTextureSample_9, compiling. 
[2015.11.24-02.01.01:498][610]LogMaterial: Missing cached shader map for material FMatExpressionPreview MaterialExpressionTextureSample_8, compiling. 
[2015.11.24-02.01.01:502][610]LogMaterial: Missing cached shader map for material FMatExpressionPreview MaterialExpressionTextureSample_5, compiling. 
[2015.11.24-02.01.01:505][610]LogMaterial: Missing cached shader map for material FMatExpressionPreview MaterialExpressionVectorParameter_2, compiling. 
[2015.11.24-02.01.01:514][610]LogMaterial: Missing cached shader map for material FMatExpressionPreview MaterialExpressionTextureSample_2, compiling. 
[2015.11.24-02.01.04:610][713]MaterialEditorStats: Info Base pass shader with only dynamic lighting: 59 instructions
[2015.11.24-02.01.04:610][713]MaterialEditorStats: Info Vertex shader: 33 instructions
[2015.11.24-02.01.04:610][713]MaterialEditorStats: Info Texture samplers: 6/16
[2015.11.24-02.01.08:206][823]LogMaterial: Missing cached shader map for material PreviewMaterial_0, compiling. 
[2015.11.24-02.01.08:218][823]LogMaterial: 0.000166 seconds spent updating 1 materials, 1 interfaces, 0 instances, 0 with static permutations.
[2015.11.24-02.01.10:901][903]MaterialEditorStats: Info Base pass shader with only dynamic lighting: 59 instructions
[2015.11.24-02.01.10:901][903]MaterialEditorStats: Info Vertex shader: 33 instructions
[2015.11.24-02.01.10:901][903]MaterialEditorStats: Info Texture samplers: 6/16
[2015.11.24-02.01.18:244][152]LogMaterial: Missing cached shader map for material PreviewMaterial_0, compiling. 
[2015.11.24-02.01.18:263][152]LogMaterial: 0.000268 seconds spent updating 1 materials, 1 interfaces, 0 instances, 0 with static permutations.
[2015.11.24-02.01.18:293][152]LogMaterial: Missing cached shader map for material FMatExpressionPreview MaterialExpressionVectorParameter_2, compiling. 
[2015.11.24-02.01.21:502][240]MaterialEditorStats: Info Base pass shader with only dynamic lighting: 59 instructions
[2015.11.24-02.01.21:502][240]MaterialEditorStats: Info Vertex shader: 33 instructions
[2015.11.24-02.01.21:502][240]MaterialEditorStats: Info Texture samplers: 6/16
[2015.11.24-02.01.27:366][583]LogMaterial: Missing cached shader map for material PreviewMaterial_0, compiling. 
[2015.11.24-02.01.27:379][583]LogMaterial: 0.000098 seconds spent updating 1 materials, 1 interfaces, 0 instances, 0 with static permutations.
[2015.11.24-02.01.27:408][583]LogMaterial: Missing cached shader map for material FMatExpressionPreview MaterialExpressionVectorParameter_2, compiling. 
[2015.11.24-02.01.30:034][649]MaterialEditorStats: Info Base pass shader with only dynamic lighting: 59 instructions
[2015.11.24-02.01.30:034][649]MaterialEditorStats: Info Vertex shader: 33 instructions
[2015.11.24-02.01.30:034][649]MaterialEditorStats: Info Texture samplers: 6/16
[2015.11.24-02.01.30:103][651]LogMaterialEditor: Saving and Compiling material frontClaws_Mat
[2015.11.24-02.01.30:738][651]LogMaterial: Missing cached shader map for material PreviewMaterial_0, compiling. 
[2015.11.24-02.01.30:766][651]LogMaterial: 0.000116 seconds spent updating 1 materials, 1 interfaces, 0 instances, 0 with static permutations.
[2015.11.24-02.01.30:800][651]LogMaterial: Missing cached shader map for material frontClaws_Mat, compiling. 
[2015.11.24-02.01.30:844][651]LogMaterial: Missing cached shader map for material frontClaws_Mat, compiling. 
[2015.11.24-02.01.30:871][651]LogMaterial: 0.001743 seconds spent updating 1 materials, 1 interfaces, 0 instances, 0 with static permutations.
[2015.11.24-02.01.36:541][651]LogSavePackage: Save=16.307344ms
[2015.11.24-02.01.36:541][651]LogSavePackage: Moving '../../../../../../Users/luisr_000/Documents/GitHub/Game-Files/SuperSpaceArmada/Saved/frontClaws_MatDD513261431AFE5CABBE9C95C47482C7.tmp' to '../../../../../../Users/luisr_000/Documents/GitHub/Game-Files/SuperSpaceArmada/Content/Geometry/Meshes/DragomirFrigate/frontClaws_Mat.uasset'
[2015.11.24-02.01.36:543][651]LogSavePackage: Total save time: 35.062585ms
[2015.11.24-02.01.36:543][651]LogSavePackage:Warning: Finished SavePackage ../../../../../../Users/luisr_000/Documents/GitHub/Game-Files/SuperSpaceArmada/Content/Geometry/Meshes/DragomirFrigate/frontClaws_Mat.uasset
[2015.11.24-02.01.36:549][651]MaterialEditorStats: Info Base pass shader with only dynamic lighting: 78 instructions
[2015.11.24-02.01.36:549][651]MaterialEditorStats: Info Vertex shader: 33 instructions
[2015.11.24-02.01.36:549][651]MaterialEditorStats: Info Texture samplers: 9/16
[2015.11.24-02.02.54:768][598]LogEditorTransaction: Undo Insert Animation Sequence
[2015.11.24-02.02.54:855][598]LogMaterial: Missing cached shader map for material PreviewMaterial_0, compiling. 
[2015.11.24-02.02.54:883][598]LogMaterial: 0.000248 seconds spent updating 1 materials, 1 interfaces, 0 instances, 0 with static permutations.
[2015.11.24-02.03.00:301][764]MaterialEditorStats: Info Base pass shader with only dynamic lighting: 59 instructions
[2015.11.24-02.03.00:301][764]MaterialEditorStats: Info Vertex shader: 33 instructions
[2015.11.24-02.03.00:301][764]MaterialEditorStats: Info Texture samplers: 6/16
[2015.11.24-02.03.14:158][192]LogEditorTransaction: Undo Crop Animation Sequence
[2015.11.24-02.03.14:208][192]LogMaterial: Missing cached shader map for material PreviewMaterial_0, compiling. 
[2015.11.24-02.03.14:236][192]LogMaterial: 0.000218 seconds spent updating 1 materials, 1 interfaces, 0 instances, 0 with static permutations.
[2015.11.24-02.03.17:093][264]MaterialEditorStats: Info Base pass shader with only dynamic lighting: 59 instructions
[2015.11.24-02.03.17:093][264]MaterialEditorStats: Info Vertex shader: 33 instructions
[2015.11.24-02.03.17:093][264]MaterialEditorStats: Info Texture samplers: 6/16
[2015.11.24-02.03.56:569][586]LogMaterial: Missing cached shader map for material PreviewMaterial_0, compiling. 
[2015.11.24-02.03.56:588][586]LogMaterial: 0.000218 seconds spent updating 1 materials, 1 interfaces, 0 instances, 0 with static permutations.
[2015.11.24-02.03.56:614][586]LogMaterial: Missing cached shader map for material FMatExpressionPreview MaterialExpressionVectorParameter_2, compiling. 
[2015.11.24-02.03.59:620][663]MaterialEditorStats: Info Base pass shader with only dynamic lighting: 59 instructions
[2015.11.24-02.03.59:620][663]MaterialEditorStats: Info Vertex shader: 33 instructions
[2015.11.24-02.03.59:620][663]MaterialEditorStats: Info Texture samplers: 6/16
[2015.11.24-02.04.09:301][940]LogMaterial: Missing cached shader map for material PreviewMaterial_0, compiling. 
[2015.11.24-02.04.09:315][940]LogMaterial: 0.000214 seconds spent updating 1 materials, 1 interfaces, 0 instances, 0 with static permutations.
[2015.11.24-02.04.09:344][940]LogMaterial: Missing cached shader map for material FMatExpressionPreview MaterialExpressionVectorParameter_2, compiling. 
[2015.11.24-02.04.11:961][  8]MaterialEditorStats: Info Base pass shader with only dynamic lighting: 59 instructions
[2015.11.24-02.04.11:961][  8]MaterialEditorStats: Info Vertex shader: 33 instructions
[2015.11.24-02.04.11:961][  8]MaterialEditorStats: Info Texture samplers: 6/16
[2015.11.24-02.04.18:510][247]LogMaterial: Missing cached shader map for material PreviewMaterial_0, compiling. 
[2015.11.24-02.04.18:527][247]LogMaterial: 0.000116 seconds spent updating 1 materials, 1 interfaces, 0 instances, 0 with static permutations.
[2015.11.24-02.04.18:551][247]LogMaterial: Missing cached shader map for material FMatExpressionPreview MaterialExpressionVectorParameter_2, compiling. 
[2015.11.24-02.04.21:171][314]MaterialEditorStats: Info Base pass shader with only dynamic lighting: 59 instructions
[2015.11.24-02.04.21:171][314]MaterialEditorStats: Info Vertex shader: 33 instructions
[2015.11.24-02.04.21:171][314]MaterialEditorStats: Info Texture samplers: 6/16
[2015.11.24-02.04.47:803][137]LogMaterial: Missing cached shader map for material PreviewMaterial_0, compiling. 
[2015.11.24-02.04.47:818][137]LogMaterial: 0.000160 seconds spent updating 1 materials, 1 interfaces, 0 instances, 0 with static permutations.
[2015.11.24-02.04.47:846][137]LogMaterial: Missing cached shader map for material FMatExpressionPreview MaterialExpressionVectorParameter_2, compiling. 
[2015.11.24-02.04.50:950][217]MaterialEditorStats: Info Base pass shader with only dynamic lighting: 59 instructions
[2015.11.24-02.04.50:950][217]MaterialEditorStats: Info Vertex shader: 33 instructions
[2015.11.24-02.04.50:950][217]MaterialEditorStats: Info Texture samplers: 6/16
[2015.11.24-02.04.53:805][288]LogMaterialEditor: Saving and Compiling material frontClaws_Mat
[2015.11.24-02.04.54:664][288]LogMaterial: Missing cached shader map for material PreviewMaterial_0, compiling. 
[2015.11.24-02.04.54:692][288]LogMaterial: 0.000164 seconds spent updating 1 materials, 1 interfaces, 0 instances, 0 with static permutations.
[2015.11.24-02.04.54:733][288]LogMaterial: Missing cached shader map for material frontClaws_Mat, compiling. 
[2015.11.24-02.04.54:778][288]LogMaterial: Missing cached shader map for material frontClaws_Mat, compiling. 
[2015.11.24-02.04.54:807][288]LogMaterial: 0.001427 seconds spent updating 1 materials, 1 interfaces, 0 instances, 0 with static permutations.
[2015.11.24-02.05.00:458][288]LogSavePackage: Save=16.217964ms
[2015.11.24-02.05.00:458][288]LogSavePackage: Moving '../../../../../../Users/luisr_000/Documents/GitHub/Game-Files/SuperSpaceArmada/Saved/frontClaws_Mat5522A04446B8BAE6FDBFDE9260A80B45.tmp' to '../../../../../../Users/luisr_000/Documents/GitHub/Game-Files/SuperSpaceArmada/Content/Geometry/Meshes/DragomirFrigate/frontClaws_Mat.uasset'
[2015.11.24-02.05.00:461][288]LogSavePackage: Total save time: 38.089100ms
[2015.11.24-02.05.00:461][288]LogSavePackage:Warning: Finished SavePackage ../../../../../../Users/luisr_000/Documents/GitHub/Game-Files/SuperSpaceArmada/Content/Geometry/Meshes/DragomirFrigate/frontClaws_Mat.uasset
[2015.11.24-02.05.00:467][288]MaterialEditorStats: Info Base pass shader with only dynamic lighting: 78 instructions
[2015.11.24-02.05.00:467][288]MaterialEditorStats: Info Vertex shader: 33 instructions
[2015.11.24-02.05.00:467][288]MaterialEditorStats: Info Texture samplers: 9/16
[2015.11.24-02.05.21:422][872]LogMaterial: Missing cached shader map for material PreviewMaterial_0, compiling. 
[2015.11.24-02.05.21:440][872]LogMaterial: 0.000157 seconds spent updating 1 materials, 1 interfaces, 0 instances, 0 with static permutations.
[2015.11.24-02.05.21:481][872]LogMaterial: Missing cached shader map for material FMatExpressionPreview MaterialExpressionVectorParameter_2, compiling. 
[2015.11.24-02.05.25:396][972]MaterialEditorStats: Info Base pass shader with only dynamic lighting: 59 instructions
[2015.11.24-02.05.25:396][972]MaterialEditorStats: Info Vertex shader: 33 instructions
[2015.11.24-02.05.25:396][972]MaterialEditorStats: Info Texture samplers: 6/16
[2015.11.24-02.05.30:451][151]LogMaterial: Missing cached shader map for material PreviewMaterial_0, compiling. 
[2015.11.24-02.05.30:464][151]LogMaterial: 0.000180 seconds spent updating 1 materials, 1 interfaces, 0 instances, 0 with static permutations.
[2015.11.24-02.05.30:501][151]LogMaterial: Missing cached shader map for material FMatExpressionPreview MaterialExpressionVectorParameter_2, compiling. 
[2015.11.24-02.05.33:107][218]MaterialEditorStats: Info Base pass shader with only dynamic lighting: 59 instructions
[2015.11.24-02.05.33:107][218]MaterialEditorStats: Info Vertex shader: 33 instructions
[2015.11.24-02.05.33:108][218]MaterialEditorStats: Info Texture samplers: 6/16
[2015.11.24-02.05.40:802][550]LogMaterial: Missing cached shader map for material PreviewMaterial_0, compiling. 
[2015.11.24-02.05.40:816][550]LogMaterial: 0.000179 seconds spent updating 1 materials, 1 interfaces, 0 instances, 0 with static permutations.
[2015.11.24-02.05.40:882][550]LogMaterial: Missing cached shader map for material FMatExpressionPreview MaterialExpressionVectorParameter_2, compiling. 
[2015.11.24-02.05.43:475][617]MaterialEditorStats: Info Base pass shader with only dynamic lighting: 59 instructions
[2015.11.24-02.05.43:475][617]MaterialEditorStats: Info Vertex shader: 33 instructions
[2015.11.24-02.05.43:475][617]MaterialEditorStats: Info Texture samplers: 6/16
[2015.11.24-02.05.50:181][831]LogMaterial: Missing cached shader map for material PreviewMaterial_0, compiling. 
[2015.11.24-02.05.50:194][831]LogMaterial: 0.000189 seconds spent updating 1 materials, 1 interfaces, 0 instances, 0 with static permutations.
[2015.11.24-02.05.50:225][831]LogMaterial: Missing cached shader map for material FMatExpressionPreview MaterialExpressionVectorParameter_2, compiling. 
[2015.11.24-02.05.52:839][898]MaterialEditorStats: Info Base pass shader with only dynamic lighting: 59 instructions
[2015.11.24-02.05.52:839][898]MaterialEditorStats: Info Vertex shader: 33 instructions
[2015.11.24-02.05.52:839][898]MaterialEditorStats: Info Texture samplers: 6/16
[2015.11.24-02.06.00:232][136]LogMaterial: Missing cached shader map for material PreviewMaterial_0, compiling. 
[2015.11.24-02.06.00:245][136]LogMaterial: 0.000157 seconds spent updating 1 materials, 1 interfaces, 0 instances, 0 with static permutations.
[2015.11.24-02.06.00:273][136]LogMaterial: Missing cached shader map for material FMatExpressionPreview MaterialExpressionVectorParameter_2, compiling. 
[2015.11.24-02.06.02:900][204]MaterialEditorStats: Info Base pass shader with only dynamic lighting: 59 instructions
[2015.11.24-02.06.02:900][204]MaterialEditorStats: Info Vertex shader: 33 instructions
[2015.11.24-02.06.02:900][204]MaterialEditorStats: Info Texture samplers: 6/16
[2015.11.24-02.06.12:704][367]LogMaterial: Missing cached shader map for material PreviewMaterial_0, compiling. 
[2015.11.24-02.06.12:717][367]LogMaterial: 0.000198 seconds spent updating 1 materials, 1 interfaces, 0 instances, 0 with static permutations.
[2015.11.24-02.06.12:747][367]LogMaterial: Missing cached shader map for material FMatExpressionPreview MaterialExpressionVectorParameter_2, compiling. 
[2015.11.24-02.06.15:210][400]MaterialEditorStats: Info Base pass shader with only dynamic lighting: 59 instructions
[2015.11.24-02.06.15:210][400]MaterialEditorStats: Info Vertex shader: 33 instructions
[2015.11.24-02.06.15:210][400]MaterialEditorStats: Info Texture samplers: 6/16
[2015.11.24-02.06.24:882][559]LogMaterial: Missing cached shader map for material PreviewMaterial_0, compiling. 
[2015.11.24-02.06.24:895][559]LogMaterial: 0.000182 seconds spent updating 1 materials, 1 interfaces, 0 instances, 0 with static permutations.
[2015.11.24-02.06.24:919][559]LogMaterial: Missing cached shader map for material FMatExpressionPreview MaterialExpressionVectorParameter_2, compiling. 
[2015.11.24-02.06.27:386][592]MaterialEditorStats: Info Base pass shader with only dynamic lighting: 59 instructions
[2015.11.24-02.06.27:386][592]MaterialEditorStats: Info Vertex shader: 33 instructions
[2015.11.24-02.06.27:386][592]MaterialEditorStats: Info Texture samplers: 6/16
[2015.11.24-02.06.43:631][918]LogMaterial: Missing cached shader map for material PreviewMaterial_0, compiling. 
[2015.11.24-02.06.43:648][918]LogMaterial: 0.000210 seconds spent updating 1 materials, 1 interfaces, 0 instances, 0 with static permutations.
[2015.11.24-02.06.43:678][918]LogMaterial: Missing cached shader map for material FMatExpressionPreview MaterialExpressionVectorParameter_2, compiling. 
[2015.11.24-02.06.46:136][951]MaterialEditorStats: Info Base pass shader with only dynamic lighting: 59 instructions
[2015.11.24-02.06.46:136][951]MaterialEditorStats: Info Vertex shader: 33 instructions
[2015.11.24-02.06.46:136][951]MaterialEditorStats: Info Texture samplers: 6/16
[2015.11.24-02.06.51:987][ 54]LogMaterial: Missing cached shader map for material PreviewMaterial_0, compiling. 
[2015.11.24-02.06.52:000][ 54]LogMaterial: 0.000161 seconds spent updating 1 materials, 1 interfaces, 0 instances, 0 with static permutations.
[2015.11.24-02.06.52:025][ 54]LogMaterial: Missing cached shader map for material FMatExpressionPreview MaterialExpressionVectorParameter_2, compiling. 
[2015.11.24-02.06.54:562][ 88]MaterialEditorStats: Info Base pass shader with only dynamic lighting: 59 instructions
[2015.11.24-02.06.54:562][ 88]MaterialEditorStats: Info Vertex shader: 33 instructions
[2015.11.24-02.06.54:563][ 88]MaterialEditorStats: Info Texture samplers: 6/16
[2015.11.24-02.06.56:322][110]LogMaterialEditor: Saving and Compiling material frontClaws_Mat
[2015.11.24-02.06.56:944][110]LogMaterial: Missing cached shader map for material PreviewMaterial_0, compiling. 
[2015.11.24-02.06.56:972][110]LogMaterial: 0.000118 seconds spent updating 1 materials, 1 interfaces, 0 instances, 0 with static permutations.
[2015.11.24-02.06.57:012][110]LogMaterial: Missing cached shader map for material frontClaws_Mat, compiling. 
[2015.11.24-02.06.57:046][110]LogMaterial: Missing cached shader map for material frontClaws_Mat, compiling. 
[2015.11.24-02.06.57:069][110]LogMaterial: 0.001363 seconds spent updating 1 materials, 1 interfaces, 0 instances, 0 with static permutations.
[2015.11.24-02.07.02:702][110]LogSavePackage: Save=16.244905ms
[2015.11.24-02.07.02:702][110]LogSavePackage: Moving '../../../../../../Users/luisr_000/Documents/GitHub/Game-Files/SuperSpaceArmada/Saved/frontClaws_Mat5623F6514E4C48162C3344954A552873.tmp' to '../../../../../../Users/luisr_000/Documents/GitHub/Game-Files/SuperSpaceArmada/Content/Geometry/Meshes/DragomirFrigate/frontClaws_Mat.uasset'
[2015.11.24-02.07.02:704][110]LogSavePackage: Total save time: 35.160519ms
[2015.11.24-02.07.02:704][110]LogSavePackage:Warning: Finished SavePackage ../../../../../../Users/luisr_000/Documents/GitHub/Game-Files/SuperSpaceArmada/Content/Geometry/Meshes/DragomirFrigate/frontClaws_Mat.uasset
[2015.11.24-02.07.02:712][110]MaterialEditorStats: Info Base pass shader with only dynamic lighting: 78 instructions
[2015.11.24-02.07.02:712][110]MaterialEditorStats: Info Vertex shader: 33 instructions
[2015.11.24-02.07.02:712][110]MaterialEditorStats: Info Texture samplers: 9/16
[2015.11.24-02.07.48:866][270]LogMaterial: Missing cached shader map for material PreviewMaterial_0, compiling. 
[2015.11.24-02.07.48:888][270]LogMaterial: 0.000200 seconds spent updating 1 materials, 1 interfaces, 0 instances, 0 with static permutations.
[2015.11.24-02.07.48:966][270]LogMaterial: Missing cached shader map for material FMatExpressionPreview MaterialExpressionVectorParameter_2, compiling. 
[2015.11.24-02.07.53:302][380]MaterialEditorStats: Info Base pass shader with only dynamic lighting: 59 instructions
[2015.11.24-02.07.53:302][380]MaterialEditorStats: Info Vertex shader: 33 instructions
[2015.11.24-02.07.53:302][380]MaterialEditorStats: Info Texture samplers: 6/16
[2015.11.24-02.08.02:052][597]LogMaterialEditor: Saving and Compiling material frontClaws_Mat
[2015.11.24-02.08.02:941][597]LogMaterial: Missing cached shader map for material PreviewMaterial_0, compiling. 
[2015.11.24-02.08.02:969][597]LogMaterial: 0.000112 seconds spent updating 1 materials, 1 interfaces, 0 instances, 0 with static permutations.
[2015.11.24-02.08.03:016][597]LogMaterial: Missing cached shader map for material frontClaws_Mat, compiling. 
[2015.11.24-02.08.03:060][597]LogMaterial: Missing cached shader map for material frontClaws_Mat, compiling. 
[2015.11.24-02.08.03:087][597]LogMaterial: 0.001256 seconds spent updating 1 materials, 1 interfaces, 0 instances, 0 with static permutations.
[2015.11.24-02.08.08:758][597]LogSavePackage: Save=15.877123ms
[2015.11.24-02.08.08:758][597]LogSavePackage: Moving '../../../../../../Users/luisr_000/Documents/GitHub/Game-Files/SuperSpaceArmada/Saved/frontClaws_MatC54BE85C456BFAFA85B633A1AADB5145.tmp' to '../../../../../../Users/luisr_000/Documents/GitHub/Game-Files/SuperSpaceArmada/Content/Geometry/Meshes/DragomirFrigate/frontClaws_Mat.uasset'
[2015.11.24-02.08.08:762][597]LogSavePackage: Total save time: 36.786459ms
[2015.11.24-02.08.08:762][597]LogSavePackage:Warning: Finished SavePackage ../../../../../../Users/luisr_000/Documents/GitHub/Game-Files/SuperSpaceArmada/Content/Geometry/Meshes/DragomirFrigate/frontClaws_Mat.uasset
[2015.11.24-02.08.08:769][597]MaterialEditorStats: Info Base pass shader with only dynamic lighting: 78 instructions
[2015.11.24-02.08.08:769][597]MaterialEditorStats: Info Vertex shader: 33 instructions
[2015.11.24-02.08.08:769][597]MaterialEditorStats: Info Texture samplers: 9/16
[2015.11.24-02.08.28:872][307]LogMaterial: Missing cached shader map for material PreviewMaterial_0, compiling. 
[2015.11.24-02.08.28:885][307]LogMaterial: 0.000159 seconds spent updating 1 materials, 1 interfaces, 0 instances, 0 with static permutations.
[2015.11.24-02.08.28:917][307]LogMaterial: Missing cached shader map for material FMatExpressionPreview MaterialExpressionVectorParameter_2, compiling. 
[2015.11.24-02.08.31:913][384]MaterialEditorStats: Info Base pass shader with only dynamic lighting: 59 instructions
[2015.11.24-02.08.31:913][384]MaterialEditorStats: Info Vertex shader: 33 instructions
[2015.11.24-02.08.31:913][384]MaterialEditorStats: Info Texture samplers: 6/16
[2015.11.24-02.08.33:651][427]LogMaterialEditor: Saving and Compiling material frontClaws_Mat
[2015.11.24-02.08.34:278][427]LogMaterial: Missing cached shader map for material PreviewMaterial_0, compiling. 
[2015.11.24-02.08.34:305][427]LogMaterial: 0.000160 seconds spent updating 1 materials, 1 interfaces, 0 instances, 0 with static permutations.
[2015.11.24-02.08.34:343][427]LogMaterial: Missing cached shader map for material frontClaws_Mat, compiling. 
[2015.11.24-02.08.34:381][427]LogMaterial: Missing cached shader map for material frontClaws_Mat, compiling. 
[2015.11.24-02.08.34:405][427]LogMaterial: 0.001363 seconds spent updating 1 materials, 1 interfaces, 0 instances, 0 with static permutations.
[2015.11.24-02.08.40:077][427]LogSavePackage: Save=15.823666ms
[2015.11.24-02.08.40:077][427]LogSavePackage: Moving '../../../../../../Users/luisr_000/Documents/GitHub/Game-Files/SuperSpaceArmada/Saved/frontClaws_MatF24FD5DF4CA32A22DEFC8B92C19AF652.tmp' to '../../../../../../Users/luisr_000/Documents/GitHub/Game-Files/SuperSpaceArmada/Content/Geometry/Meshes/DragomirFrigate/frontClaws_Mat.uasset'
[2015.11.24-02.08.40:080][427]LogSavePackage: Total save time: 34.771778ms
[2015.11.24-02.08.40:080][427]LogSavePackage:Warning: Finished SavePackage ../../../../../../Users/luisr_000/Documents/GitHub/Game-Files/SuperSpaceArmada/Content/Geometry/Meshes/DragomirFrigate/frontClaws_Mat.uasset
[2015.11.24-02.08.40:086][427]MaterialEditorStats: Info Base pass shader with only dynamic lighting: 78 instructions
[2015.11.24-02.08.40:086][427]MaterialEditorStats: Info Vertex shader: 33 instructions
[2015.11.24-02.08.40:086][427]MaterialEditorStats: Info Texture samplers: 9/16
[2015.11.24-02.08.46:299][567]LogSavePackage: Save=20.544550ms
[2015.11.24-02.08.46:299][567]LogSavePackage: Moving '../../../../../../Users/luisr_000/Documents/GitHub/Game-Files/SuperSpaceArmada/Saved/dragomir_Shipturns_Anim48AB333D4E0AB10673E299BE9A8DD8AF.tmp' to '../../../../../../Users/luisr_000/Documents/GitHub/Game-Files/SuperSpaceArmada/Content/Geometry/Meshes/DragomirFrigate/dragomir_Shipturns_Anim.uasset'
[2015.11.24-02.08.46:302][567]LogSavePackage: Total save time: 43.280832ms
[2015.11.24-02.08.46:302][567]LogSavePackage:Warning: Finished SavePackage ../../../../../../Users/luisr_000/Documents/GitHub/Game-Files/SuperSpaceArmada/Content/Geometry/Meshes/DragomirFrigate/dragomir_Shipturns_Anim.uasset
[2015.11.24-02.08.47:883][607]LogMaterialEditor: Saving and Compiling material frontClaws_Mat
[2015.11.24-02.08.47:957][607]LogSavePackage: Save=5.712189ms
[2015.11.24-02.08.47:957][607]LogSavePackage: Moving '../../../../../../Users/luisr_000/Documents/GitHub/Game-Files/SuperSpaceArmada/Saved/frontClaws_Mat417D07B0488D7BD7CF32A7B66D184ED8.tmp' to '../../../../../../Users/luisr_000/Documents/GitHub/Game-Files/SuperSpaceArmada/Content/Geometry/Meshes/DragomirFrigate/frontClaws_Mat.uasset'
[2015.11.24-02.08.47:959][607]LogSavePackage: Total save time: 18.594015ms
[2015.11.24-02.08.47:959][607]LogSavePackage:Warning: Finished SavePackage ../../../../../../Users/luisr_000/Documents/GitHub/Game-Files/SuperSpaceArmada/Content/Geometry/Meshes/DragomirFrigate/frontClaws_Mat.uasset
[2015.11.24-02.08.55:231][847]LogParticles: Destroying 0 GPU particle simulations for FXSystem 0x000000284B226700
[2015.11.24-02.08.55:232][847]LogParticles: Destroying 0 GPU particle simulations for FXSystem 0x00000028307E4F40
[2015.11.24-02.08.55:232][847]LogParticles: Destroying 0 GPU particle simulations for FXSystem 0x000000284A612CA0
[2015.11.24-02.08.55:233][847]LogParticles: Destroying 0 GPU particle simulations for FXSystem 0x000000284944CF40
[2015.11.24-02.08.55:233][847]LogParticles: Destroying 0 GPU particle simulations for FXSystem 0x000000284BBB00E0
[2015.11.24-02.08.55:233][847]LogParticles: Destroying 0 GPU particle simulations for FXSystem 0x00000028487FBE20
[2015.11.24-02.08.55:250][848]LogParticles: Destroying 0 GPU particle simulations for FXSystem 0x000000284CDA9BC0
[2015.11.24-02.09.07:917][111]LogParticles: Destroying 0 GPU particle simulations for FXSystem 0x00000028483BB920
[2015.11.24-02.09.07:917][111]LogParticles: Destroying 0 GPU particle simulations for FXSystem 0x000000284953FF60
[2015.11.24-02.09.07:917][111]LogParticles: Destroying 0 GPU particle simulations for FXSystem 0x000000284AEEDD00
[2015.11.24-02.09.07:917][111]LogParticles: Destroying 0 GPU particle simulations for FXSystem 0x000000284AEEC4A0
[2015.11.24-02.09.27:732][399]LogLinker:Warning: Asset '../../../Engine/Content/ArtTools/RenderToTexture/Macros/RenderToTextureMacros.uasset' has been saved with empty engine version. The asset will be loaded but may be incompatible.
[2015.11.24-02.09.28:601][399]LogContentBrowser: Native class hierarchy updated for 'BlueprintGraph' in 0.0009 seconds. Added 107 classes and 0 folders.
[2015.11.24-02.09.32:736][585]LogRenderer: Reallocating scene render targets to support 1312x712 (Frame:28109).
[2015.11.24-02.09.39:927][ 79]LogActorComponent: UnregisterComponent: (/Engine/Transient.CharMoveComp) Not registered. Aborting.
[2015.11.24-02.09.39:927][ 79]LogActorComponent: UnregisterComponent: (/Engine/Transient.CharacterMovementComponent_0) Not registered. Aborting.
[2015.11.24-02.09.39:927][ 79]LogActorComponent: UnregisterComponent: (/Engine/Transient.CharacterMovementComponent_1) Not registered. Aborting.
[2015.11.24-02.09.39:927][ 79]LogActorComponent: UnregisterComponent: (/Engine/Transient.CharacterMovementComponent_2) Not registered. Aborting.
[2015.11.24-02.09.39:927][ 79]LogActorComponent: UnregisterComponent: (/Engine/Transient.CharacterMovementComponent_3) Not registered. Aborting.
[2015.11.24-02.09.39:927][ 79]LogActorComponent: UnregisterComponent: (/Engine/Transient.CharacterMovementComponent_4) Not registered. Aborting.
[2015.11.24-02.09.39:927][ 79]LogActorComponent: UnregisterComponent: (/Engine/Transient.CharacterMovementComponent_5) Not registered. Aborting.
[2015.11.24-02.10.04:801][444]BlueprintLog: New page: Compile Enemy_Dragomir
[2015.11.24-02.10.05:364][444]LogActorComponent: UnregisterComponent: (/Engine/Transient.CharacterMovementComponent_6) Not registered. Aborting.
[2015.11.24-02.10.05:452][444]BlueprintEditorCompileResults: Info Event BeginPlay (K2Node_Event_153) had an invalid function signature - it has now been fixed.
[2015.11.24-02.10.05:452][444]BlueprintEditorCompileResults: Info [0798.12] Compile of Enemy_Dragomir successful! [in 651 ms]
[2015.11.24-02.10.06:731][501]LogSavePackage: Save=239.072021ms
[2015.11.24-02.10.06:731][501]LogSavePackage: Moving '../../../../../../Users/luisr_000/Documents/GitHub/Game-Files/SuperSpaceArmada/Saved/Enemy_DragomirAD51B9BB4988C0882B3C03964F8FFC32.tmp' to '../../../../../../Users/luisr_000/Documents/GitHub/Game-Files/SuperSpaceArmada/Content/SSA/Blueprints/Enemy_Dragomir.uasset'
[2015.11.24-02.10.06:733][501]LogSavePackage: Total save time: 308.008738ms
[2015.11.24-02.10.06:733][501]LogSavePackage:Warning: Finished SavePackage ../../../../../../Users/luisr_000/Documents/GitHub/Game-Files/SuperSpaceArmada/Content/SSA/Blueprints/Enemy_Dragomir.uasset
[2015.11.24-02.10.25:265][319]LogWindows:Error: Windows GetLastError: The operation completed successfully. (0)
[2015.11.24-02.10.27:696][319]LogCrashTracker: 


[2015.11.24-02.10.27:995][319]LogCrashTracker: 


[2015.11.24-02.10.27:995][319]LogWindows: === Critical error: ===
Assertion failed: ((UObject*)ContainerPtr)->IsA((UClass*)GetOuter()) [File:D:\BuildFarm\buildmachine_++depot+UE4-Releases+4.9\Engine\Source\Runtime\CoreUObject\Public\UObject\UnrealType.h] [Line: 308] 
'Default__Player_Dragomir_C' is of class 'Player_Dragomir_C' however property 'ObjectProperty_1541' belongs to class 'TRASHCLASS_Player_263'




[2015.11.24-02.10.28:120][319]LogExit: Executing StaticShutdownAfterError
[2015.11.24-02.10.28:183][319]LogPhysics:Warning: PHYSX: ..\..\PhysX\src\NpScene.cpp (2946) 8 : PxScene::unlockWrite() called without matching call to PxScene::lockWrite(), behaviour will be undefined.
[2015.11.24-02.10.28:183][319]LogPhysics:Warning: PHYSX: ..\..\PhysX\src\NpScene.cpp (2946) 8 : PxScene::unlockWrite() called without matching call to PxScene::lockWrite(), behaviour will be undefined.
[2015.11.24-02.10.28:183][319]LogPhysics:Warning: PHYSX: ..\..\PhysX\src\NpScene.cpp (2946) 8 : PxScene::unlockWrite() called without matching call to PxScene::lockWrite(), behaviour will be undefined.
[2015.11.24-02.10.28:183][319]LogPhysics:Warning: PHYSX: ..\..\PhysX\src\NpScene.cpp (2946) 8 : PxScene::unlockWrite() called without matching call to PxScene::lockWrite(), behaviour will be undefined.
[2015.11.24-02.10.28:184][319]LogPhysics:Warning: PHYSX: ..\..\PhysX\src\NpScene.cpp (2946) 8 : PxScene::unlockWrite() called without matching call to PxScene::lockWrite(), behaviour will be undefined.
[2015.11.24-02.10.28:184][319]LogPhysics:Warning: PHYSX: ..\..\PhysX\src\NpScene.cpp (2946) 8 : PxScene::unlockWrite() called without matching call to PxScene::lockWrite(), behaviour will be undefined.
[2015.11.24-02.10.28:184][319]LogWindows: FPlatformMisc::RequestExit(1)
[2015.11.24-02.10.28:184][319]Log file closed, 11/23/15 21:10:28
