[2015.12.11-20.34.06:859][  0]Log file open, 12/11/15 15:34:06
[2015.12.11-20.34.06:859][  0]LogInit:Display: Running engine for game: SuperSpaceArmada
[2015.12.11-20.34.06:859][  0]LogInit:Display: RandInit(905504395) SRandInit(905504396).
[2015.12.11-20.34.06:859][  0]LogTaskGraph: Started task graph with 4 named threads and 7 total threads.
[2015.12.11-20.34.06:859][  0]LogStats: Stats thread started at 0.085008
[2015.12.11-20.34.06:859][  0]LogInit: Version: 4.9.1-2689999+++depot+UE4-Releases+4.9
[2015.12.11-20.34.06:859][  0]LogInit: API Version: 2672455
[2015.12.11-20.34.06:859][  0]LogInit: Compiled (64-bit): Sep 14 2015 04:12:03
[2015.12.11-20.34.06:859][  0]LogInit: Compiled with Visual C++: 18.00.21005.01
[2015.12.11-20.34.06:859][  0]LogInit: Build Configuration: Development
[2015.12.11-20.34.06:859][  0]LogInit: Branch Name: ++depot+UE4-Releases+4.9
[2015.12.11-20.34.06:859][  0]LogInit: Command line:  
[2015.12.11-20.34.06:859][  0]LogInit: Base directory: C:/Program Files/Epic Games/4.9/Engine/Binaries/Win64/
[2015.12.11-20.34.06:859][  0]LogInit: Rocket: 1
[2015.12.11-20.34.06:881][  0]LogInit: Using libcurl 7.41.0
[2015.12.11-20.34.06:881][  0]LogInit:  - built for x86_64-pc-win32
[2015.12.11-20.34.06:882][  0]LogInit:  - supports SSL with WinSSL
[2015.12.11-20.34.06:882][  0]LogInit:  - other features:
[2015.12.11-20.34.06:882][  0]LogInit:      CURL_VERSION_SSL
[2015.12.11-20.34.06:882][  0]LogInit:      CURL_VERSION_IPV6
[2015.12.11-20.34.06:882][  0]LogInit:      CURL_VERSION_ASYNCHDNS
[2015.12.11-20.34.06:882][  0]LogInit:      CURL_VERSION_LARGEFILE
[2015.12.11-20.34.06:882][  0]LogInit:      CURL_VERSION_IDN
[2015.12.11-20.34.06:882][  0]LogInit:  CurlRequestOptions (configurable via config and command line):
[2015.12.11-20.34.06:882][  0]LogInit:  - bVerifyPeer = true  - Libcurl will verify peer certificate
[2015.12.11-20.34.06:882][  0]LogInit:  - bUseHttpProxy = false  - Libcurl will NOT use HTTP proxy
[2015.12.11-20.34.06:882][  0]LogInit:  - bDontReuseConnections = false  - Libcurl will reuse connections
[2015.12.11-20.34.06:882][  0]LogInit:  - CertBundlePath = nullptr  - Libcurl will use whatever was configured at build time.
[2015.12.11-20.34.06:894][  0]LogInit: Presizing for 0 objects not considered by GC, pre-allocating 0 bytes.
[2015.12.11-20.34.06:902][  0]LogInit: Object subsystem initialized
[2015.12.11-20.34.06:903][  0]LogInit: Selected Device Profile: [Windows]
[2015.12.11-20.34.06:903][  0]LogInit: Applying CVar settings loaded from the selected device profile: [Windows]
[2015.12.11-20.34.06:912][  0]LogInit: Computer: EXIA
[2015.12.11-20.34.06:912][  0]LogInit: User: SGJin
[2015.12.11-20.34.06:912][  0]LogInit: CPU Page size=4096, Cores=4
[2015.12.11-20.34.06:912][  0]LogInit: High frequency timer resolution =2.338346 MHz
[2015.12.11-20.34.06:912][  0]LogMemory: Memory total: Physical=7.9GB (8GB approx)
[2015.12.11-20.34.06:912][  0]LogMemory: Platform Memory Stats for Windows
[2015.12.11-20.34.06:912][  0]LogMemory: Process Physical Memory: 55.16 MB used, 55.16 MB peak
[2015.12.11-20.34.06:912][  0]LogMemory: Process Virtual Memory: 59.40 MB used, 59.40 MB peak
[2015.12.11-20.34.06:912][  0]LogMemory: Physical Memory: 4711.46 MB used, 8124.02 MB total
[2015.12.11-20.34.06:912][  0]LogMemory: Virtual Memory: 368.63 MB used, 134217728.00 MB total
[2015.12.11-20.34.06:960][  0]LogTextLocalizationManager: No specific translations for ('en-US') exist, so ('en') translations will be used.
[2015.12.11-20.34.07:794][  0]LogD3D11RHI: Found D3D11 adapter 0: NVIDIA GeForce GT 740M          (Feature Level 11_0)
[2015.12.11-20.34.07:794][  0]LogD3D11RHI: Adapter has 1996MB of dedicated video memory, 0MB of dedicated system memory, and 4062MB of shared system memory, 2 output[s]
[2015.12.11-20.34.07:800][  0]LogD3D11RHI: Found D3D11 adapter 1: Intel(R) HD Graphics 4600 (Feature Level 11_0)
[2015.12.11-20.34.07:800][  0]LogD3D11RHI: Adapter has 112MB of dedicated video memory, 0MB of dedicated system memory, and 4062MB of shared system memory, 0 output[s]
[2015.12.11-20.34.07:802][  0]LogD3D11RHI: Found D3D11 adapter 2: Microsoft Basic Render Driver (Feature Level 11_0)
[2015.12.11-20.34.07:802][  0]LogD3D11RHI: Adapter has 0MB of dedicated video memory, 0MB of dedicated system memory, and 4062MB of shared system memory, 0 output[s]
[2015.12.11-20.34.07:802][  0]LogD3D11RHI: Chosen D3D11 Adapter Id = 0
[2015.12.11-20.34.07:807][  0]LogD3D11RHI: !Direct3DDevice
[2015.12.11-20.34.07:807][  0]LogRHI: Texture pool is 1361 MB (70% of 1945 MB)
[2015.12.11-20.34.07:821][  0]LogD3D11RHI: Async texture creation enabled
[2015.12.11-20.34.07:837][  0]LogShaderCompilers: Guid format shader working directory is 15 characters bigger than the processId version (../../../../../../Users/Jin/Documents/GitHub/Game-Files/SuperSpaceArmada/Intermediate/Shaders/WorkingDirectory/8372/).
[2015.12.11-20.34.07:837][  0]LogShaderCompilers: Cleaned the shader compiler working directory '../../../../../../Users/Jin/Documents/GitHub/Game-Files/SuperSpaceArmada/Intermediate/Shaders/tmp/F1173E5844A12FD249F1A7870778DBAF/'.
[2015.12.11-20.34.07:837][  0]LogShaderCompilers:Display: Using Local Shader Compiler.
[2015.12.11-20.34.09:163][  0]LogTemp:Display: Loaded TP AllDesktopTargetPlatform
[2015.12.11-20.34.09:170][  0]LogTemp:Display: Loaded TP WindowsClientTargetPlatform
[2015.12.11-20.34.09:177][  0]LogTemp:Display: Loaded TP WindowsNoEditorTargetPlatform
[2015.12.11-20.34.09:185][  0]LogTemp:Display: Loaded TP WindowsServerTargetPlatform
[2015.12.11-20.34.09:192][  0]LogTemp:Display: Loaded TP WindowsTargetPlatform
[2015.12.11-20.34.09:196][  0]LogTemp:Display: Loaded TP AndroidTargetPlatform
[2015.12.11-20.34.09:200][  0]LogTemp:Display: Loaded TP Android_ASTCTargetPlatform
[2015.12.11-20.34.09:204][  0]LogTemp:Display: Loaded TP Android_ATCTargetPlatform
[2015.12.11-20.34.09:208][  0]LogTemp:Display: Loaded TP Android_DXTTargetPlatform
[2015.12.11-20.34.09:212][  0]LogTemp:Display: Loaded TP Android_ETC1TargetPlatform
[2015.12.11-20.34.09:217][  0]LogTemp:Display: Loaded TP Android_ETC2TargetPlatform
[2015.12.11-20.34.09:222][  0]LogTemp:Display: Loaded TP Android_PVRTCTargetPlatform
[2015.12.11-20.34.09:223][  0]LogTemp:Display: Loaded TP HTML5TargetPlatform
[2015.12.11-20.34.09:242][  0]LogTemp:Display: Loaded TP IOSTargetPlatform
[2015.12.11-20.34.09:245][  0]LogTemp:Display: Loaded TP LinuxNoEditorTargetPlatform
[2015.12.11-20.34.09:250][  0]LogTemp:Display: Loaded TP LinuxServerTargetPlatform
[2015.12.11-20.34.09:254][  0]LogTemp:Display: Loaded TP LinuxTargetPlatform
[2015.12.11-20.34.09:254][  0]LogTargetPlatformManager:Display: Building Assets For Windows
[2015.12.11-20.34.09:378][  0]LogDerivedDataCache:Display: Max Cache Size: 512 MB
[2015.12.11-20.34.09:518][  0]LogDerivedDataCache: Loaded boot cache 0.14s 41MB C:/Users/Jin/AppData/Local/UnrealEngine/4.9/DerivedDataCache/Boot.ddc.
[2015.12.11-20.34.09:518][  0]LogDerivedDataCache:Display: Loaded Boot cache: C:/Users/Jin/AppData/Local/UnrealEngine/4.9/DerivedDataCache/Boot.ddc
[2015.12.11-20.34.09:518][  0]LogDerivedDataCache: FDerivedDataBackendGraph:  Pak pak cache file ../../../../../../Users/Jin/Documents/GitHub/Game-Files/SuperSpaceArmada/DerivedDataCache/DDC.ddp not found, will not use a pak cache.
[2015.12.11-20.34.09:518][  0]LogDerivedDataCache: Unable to find inner node Pak for hierarchical cache Hierarchy.
[2015.12.11-20.34.09:518][  0]LogDerivedDataCache: FDerivedDataBackendGraph:  CompressedPak pak cache file ../../../../../../Users/Jin/Documents/GitHub/Game-Files/SuperSpaceArmada/DerivedDataCache/Compressed.ddp not found, will not use a pak cache.
[2015.12.11-20.34.09:518][  0]LogDerivedDataCache: Unable to find inner node CompressedPak for hierarchical cache Hierarchy.
[2015.12.11-20.34.09:689][  0]LogDerivedDataCache:Display: Pak cache opened for reading ../../../Engine/DerivedDataCache/Compressed.ddp.
[2015.12.11-20.34.09:701][  0]LogDerivedDataCache: Using Local data cache path C:/Users/Jin/AppData/Local/UnrealEngine/Common/DerivedDataCache: Writable
[2015.12.11-20.34.10:100][  0]LogInit: Selected Device Profile: [Windows]
[2015.12.11-20.34.10:103][  0]LogContentStreaming: Texture pool size is 0.000000MB
[2015.12.11-20.34.10:228][  0]LogMeshUtilities: No automatic mesh reduction module available
[2015.12.11-20.34.10:228][  0]LogMeshUtilities: No automatic mesh merging module available
[2015.12.11-20.34.10:484][  0]LogInit: WinSock: version 1.1 (2.2), MaxSocks=32767, MaxUdp=65467
[2015.12.11-20.34.12:010][  0]LogAssetRegistry: FAssetRegistry took 0.0112 seconds to start up
[2015.12.11-20.34.12:030][  0]UdpMessaging: Initializing bridge on interface 0.0.0.0:0 to multicast group 230.0.0.1:6666.
[2015.12.11-20.34.12:337][  0]SourceControl: Info Source control is disabled
[2015.12.11-20.34.12:338][  0]SourceControl: Info Source control is disabled
[2015.12.11-20.34.12:356][  0]SourceControl: Info Source control is disabled
[2015.12.11-20.34.12:371][  0]SourceControl: Info Source control is disabled
[2015.12.11-20.34.12:606][  0]LogLinker:Warning: Asset '../../../Engine/Plugins/Runtime/LeapMotionController/Content/LM_PassthroughMaterial.uasset' has been saved with empty engine version. The asset will be loaded but may be incompatible.
[2015.12.11-20.34.12:729][  0]LogObj: 28528 objects as part of root set at end of initial load.
[2015.12.11-20.34.12:729][  0]LogUObjectAllocator: 6068464 out of 0 bytes used by permanent object pool.
[2015.12.11-20.34.12:794][  0]LogEngine: Initializing Engine...
[2015.12.11-20.34.12:797][  0]LogHMD: Can't find Oculus library dev build: is proper Runtime installed? Version: 0.7.0.0
[2015.12.11-20.34.12:799][  0]LogHMD: SteamVR failed to initialize.  Err: 110
[2015.12.11-20.34.12:932][  0]LogAIModule: Creating AISystem for world NewWorld
[2015.12.11-20.34.12:941][  0]LogInit: XAudio2 using 'Speakers / HP (IDT High Definition Audio CODEC)' : 2 channels at 48 kHz using 16 bits per sample (channel mask 0x3)
[2015.12.11-20.34.12:959][  0]LogInit: FAudioDevice initialized.
[2015.12.11-20.34.12:983][  0]LogDerivedDataCache: Saved boot cache 0.02s 41MB C:/Users/Jin/AppData/Local/UnrealEngine/4.9/DerivedDataCache/Boot.ddc.
[2015.12.11-20.34.12:986][  0]LogInit: Texture streaming: Enabled
[2015.12.11-20.34.12:997][  0]LogAnalytics: Creating configured Analytics provider AnalyticsET
[2015.12.11-20.34.12:997][  0]LogAnalytics: [UEEditor.Rocket.Release] APIServer = http://et2.epicgames.com/ET2/. AppVersion = 4.9.1-2689999+++depot+UE4-Releases+4.9
[2015.12.11-20.34.12:997][  0]LogAnalytics: [UEEditor.Rocket.Release] SetUserId 435ea4a8489b84c6f4feaab84cbae6c8|e03effeb7bdf4ddc9c712682a578c51b|8a2a019e-36d5-4c55-97e1-833141022920
[2015.12.11-20.34.12:998][  0]LogAnalytics: [UEEditor.Rocket.Release] AnalyticsET::StartSession
[2015.12.11-20.34.13:012][  0]LogWindowsTextInputMethodSystem:Display: IME system now deactivated.
[2015.12.11-20.34.13:136][  0]LogInit: Transaction tracking system initialized
[2015.12.11-20.34.13:207][  0]BlueprintLog: New page: Editor Load
[2015.12.11-20.34.13:340][  0]LocalizationService: Info Localization service is disabled
[2015.12.11-20.34.13:443][  0]LogConsoleResponse:Display: 
[2015.12.11-20.34.13:569][  0]LogCook:Display: Done creating registry. It took  0.00s.
[2015.12.11-20.34.13:666][  0]LogFileCache: Scanning file cache for directory 'C:/Users/Jin/Documents/GitHub/Game-Files/SuperSpaceArmada/Content/' took 0.02s
[2015.12.11-20.34.13:666][  0]SourceControl: Info Source control is disabled
[2015.12.11-20.34.13:666][  0]Cmd: MAP LOAD FILE="../../../../../../Users/Jin/Documents/GitHub/Game-Files/SuperSpaceArmada/Content/SSA/Maps/Ship_Selection.umap" TEMPLATE=0 SHOWPROGRESS=1 FEATURELEVEL=3
[2015.12.11-20.34.13:667][  0]LightingResults: New page: Lighting Build
[2015.12.11-20.34.13:671][  0]MapCheck: New page: Map Check
[2015.12.11-20.34.13:671][  0]LightingResults: New page: Lighting Build
[2015.12.11-20.34.13:685][  0]LogParticles: Destroying 0 GPU particle simulations for FXSystem 0x000000102A8382C0
[2015.12.11-20.34.14:399][  0]LogLinker:Warning: Asset '../../../../../../Users/Jin/Documents/GitHub/Game-Files/SuperSpaceArmada/Content/Mannequin/Animations/ThirdPerson_AnimBP.uasset' has been saved with empty engine version. The asset will be loaded but may be incompatible.
[2015.12.11-20.34.14:402][  0]LogLinker:Warning: Asset '../../../../../../Users/Jin/Documents/GitHub/Game-Files/SuperSpaceArmada/Content/Mannequin/Animations/ThirdPerson_Jump.uasset' has been saved with empty engine version. The asset will be loaded but may be incompatible.
[2015.12.11-20.34.14:405][  0]LogLinker:Warning: Asset '../../../../../../Users/Jin/Documents/GitHub/Game-Files/SuperSpaceArmada/Content/Mannequin/Animations/ThirdPersonJump_Loop.uasset' has been saved with empty engine version. The asset will be loaded but may be incompatible.
[2015.12.11-20.34.14:407][  0]LogLinker:Warning: Asset '../../../../../../Users/Jin/Documents/GitHub/Game-Files/SuperSpaceArmada/Content/Mannequin/Animations/ThirdPersonJump_Start.uasset' has been saved with empty engine version. The asset will be loaded but may be incompatible.
[2015.12.11-20.34.14:409][  0]LogLinker:Warning: Asset '../../../../../../Users/Jin/Documents/GitHub/Game-Files/SuperSpaceArmada/Content/Mannequin/Animations/ThirdPerson_IdleRun_2D.uasset' has been saved with empty engine version. The asset will be loaded but may be incompatible.
[2015.12.11-20.34.14:409][  0]LogLinker:Warning: Asset '../../../../../../Users/Jin/Documents/GitHub/Game-Files/SuperSpaceArmada/Content/Mannequin/Animations/ThirdPersonIdle.uasset' has been saved with empty engine version. The asset will be loaded but may be incompatible.
[2015.12.11-20.34.14:411][  0]LogLinker:Warning: Asset '../../../../../../Users/Jin/Documents/GitHub/Game-Files/SuperSpaceArmada/Content/Mannequin/Animations/ThirdPersonRun.uasset' has been saved with empty engine version. The asset will be loaded but may be incompatible.
[2015.12.11-20.34.14:413][  0]LogLinker:Warning: Asset '../../../../../../Users/Jin/Documents/GitHub/Game-Files/SuperSpaceArmada/Content/Mannequin/Animations/ThirdPersonWalk.uasset' has been saved with empty engine version. The asset will be loaded but may be incompatible.
[2015.12.11-20.34.21:139][  0]LogAIModule: Creating AISystem for world Ship_Selection
[2015.12.11-20.34.21:144][  0]LogEditorServer: Finished looking for orphan Actors (0.000 secs)
[2015.12.11-20.34.21:145][  0]Cmd: MAP CHECKDEP NOCLEARLOG
[2015.12.11-20.34.21:435][  0]MapCheck: Info Map check complete: 0 Error(s), 0 Warning(s), took 290.179ms to complete.
[2015.12.11-20.34.21:435][  0]LogFileHelpers: Loading map 'Ship_Selection' took 7.769
[2015.12.11-20.34.21:552][  0]LogCollectionManager: Loaded 0 collections in 0.002671 seconds
[2015.12.11-20.34.21:593][  0]LogFileCache: Scanning file cache for directory 'C:/Users/Jin/Documents/GitHub/Game-Files/SuperSpaceArmada/Saved/Collections/' took 0.01s
[2015.12.11-20.34.21:593][  0]LogFileCache: Scanning file cache for directory 'C:/Users/Jin/Documents/GitHub/Game-Files/SuperSpaceArmada/Content/Developers/SGJin/Collections/' took 0.01s
[2015.12.11-20.34.21:593][  0]LogFileCache: Scanning file cache for directory 'C:/Users/Jin/Documents/GitHub/Game-Files/SuperSpaceArmada/Content/Collections/' took 0.01s
[2015.12.11-20.34.21:593][  0]LogContentBrowser: Native class hierarchy populated in 0.0075 seconds. Added 1882 classes and 339 folders.
[2015.12.11-20.34.21:603][  0]LogCollectionManager: Rebuilt the GUID cache for 0 collections in 0.000003 seconds
[2015.12.11-20.34.21:610][  0]LogContentBrowser: Native class hierarchy updated for 'WidgetCarousel' in 0.0003 seconds. Added 0 classes and 0 folders.
[2015.12.11-20.34.21:667][  0]LogContentBrowser: Native class hierarchy updated for 'AddContentDialog' in 0.0003 seconds. Added 0 classes and 0 folders.
[2015.12.11-20.34.21:672][  0]LogContentBrowser: Native class hierarchy updated for 'SceneOutliner' in 0.0003 seconds. Added 1 classes and 2 folders.
[2015.12.11-20.34.21:795][  0]LogCrashTracker: Crashtracker disabled due to settings.
[2015.12.11-20.34.21:801][  0]LogUObjectGlobals:Warning: Failed to find object 'Class None.'
[2015.12.11-20.34.21:824][  0]LogLoad: Full Startup: 15.68 seconds (BP compile: 2.60 seconds)
[2015.12.11-20.34.21:842][  0]LoadErrors:Error: Error /Game/SSA/Blueprints/Player : Failed import for Player_C /Game/SSA/Blueprints/Player/Player.Default__Player_C
[2015.12.11-20.34.21:933][  0]LogContentStreaming: Texture pool size now 1000 MB
[2015.12.11-20.34.22:101][  0]LogRenderer: Reallocating scene render targets to support 1156x564 (Frame:2).
[2015.12.11-20.34.23:950][ 31]LogAssetRegistry: Asset discovery search completed in 11.9519 seconds
[2015.12.11-20.34.23:950][ 31]LogCollectionManager: Rebuilt the object cache for 0 collections in 0.000001 seconds (found 0 objects)
[2015.12.11-20.34.23:950][ 31]LogCollectionManager: Fixed up redirectors for 0 collections in 0.000035 seconds (updated 0 objects)
[2015.12.11-20.34.42:336][187]LogBlueprintUserMessages: Early PlayInEditor Detection: Level '/Game/SSA/Maps/Ship_Selection.Ship_Selection:PersistentLevel' has LevelScriptBlueprint '/Game/SSA/Maps/Ship_Selection.Ship_Selection:PersistentLevel.Ship_Selection' with GeneratedClass '/Game/SSA/Maps/Ship_Selection.Ship_Selection_C' with ClassGeneratedBy '/Game/SSA/Maps/Ship_Selection.Ship_Selection:PersistentLevel.Ship_Selection'
[2015.12.11-20.34.42:336][187]LogPlayLevel: PlayLevel: No blueprints needed recompiling
[2015.12.11-20.34.42:337][187]PIE: New page: PIE session: Ship_Selection (Dec 11, 2015, 10:34:42 AM)
[2015.12.11-20.34.42:337][187]LogPlayLevel: Creating play world package: /Game/SSA/Maps/UEDPIE_0_Ship_Selection
[2015.12.11-20.34.42:342][187]LogPlayLevel: PIE: StaticDuplicateObject took: (0.005069s)
[2015.12.11-20.34.42:342][187]LogAIModule: Creating AISystem for world Ship_Selection
[2015.12.11-20.34.42:343][187]LogPlayLevel: PIE: World Init took: (0.000680s)
[2015.12.11-20.34.42:343][187]LogPlayLevel: PIE: Created PIE world by copying editor world from /Game/SSA/Maps/Ship_Selection.Ship_Selection to /Game/SSA/Maps/UEDPIE_0_Ship_Selection.Ship_Selection (0.006134s)
[2015.12.11-20.34.42:343][187]LogActorComponent: UnregisterComponent: (/Engine/Transient.CharMoveComp) Not registered. Aborting.
[2015.12.11-20.34.42:344][187]LogActorComponent: UnregisterComponent: (/Engine/Transient.CharacterMovementComponent_0) Not registered. Aborting.
[2015.12.11-20.34.42:344][187]LogActorComponent: UnregisterComponent: (/Engine/Transient.CharacterMovementComponent_1) Not registered. Aborting.
[2015.12.11-20.34.42:344][187]LogActorComponent: UnregisterComponent: (/Engine/Transient.CharacterMovementComponent_2) Not registered. Aborting.
[2015.12.11-20.34.42:344][187]LogActorComponent: UnregisterComponent: (/Engine/Transient.CharacterMovementComponent_3) Not registered. Aborting.
[2015.12.11-20.34.42:345][187]LogActorComponent: UnregisterComponent: (/Engine/Transient.CharacterMovementComponent_4) Not registered. Aborting.
[2015.12.11-20.34.42:571][187]LogInit: XAudio2 using 'Speakers / HP (IDT High Definition Audio CODEC)' : 2 channels at 48 kHz using 16 bits per sample (channel mask 0x3)
[2015.12.11-20.34.42:588][187]LogInit: FAudioDevice initialized.
[2015.12.11-20.34.42:688][187]LogWorld: Game class is 'TopDownGameMode_C'
[2015.12.11-20.34.42:691][187]LogWorld: Bringing World /Game/SSA/Maps/UEDPIE_0_Ship_Selection.Ship_Selection up for play (max tick rate 60) at 2015.12.11-15.34.42
[2015.12.11-20.34.42:691][187]LogActor:Warning: GameSession /Game/SSA/Maps/UEDPIE_0_Ship_Selection.Ship_Selection:PersistentLevel.GameSession_0 has natively added scene component(s), but none of them were set as the actor's RootComponent - picking one arbitrarily
[2015.12.11-20.34.42:691][187]LogActor:Warning: GameNetworkManager /Game/SSA/Maps/UEDPIE_0_Ship_Selection.Ship_Selection:PersistentLevel.GameNetworkManager_0 has natively added scene component(s), but none of them were set as the actor's RootComponent - picking one arbitrarily
[2015.12.11-20.34.42:692][187]LogWorld: Bringing up level for play took: 0.002097
[2015.12.11-20.34.42:708][187]PIE: Info Play in editor start time for /Game/SSA/Maps/UEDPIE_0_Ship_Selection -0.336
[2015.12.11-20.34.42:709][187]LogBlueprintUserMessages: Late PlayInEditor Detection: Level '/Game/SSA/Maps/Ship_Selection.Ship_Selection:PersistentLevel' has LevelScriptBlueprint '/Game/SSA/Maps/Ship_Selection.Ship_Selection:PersistentLevel.Ship_Selection' with GeneratedClass '/Game/SSA/Maps/Ship_Selection.Ship_Selection_C' with ClassGeneratedBy '/Game/SSA/Maps/Ship_Selection.Ship_Selection:PersistentLevel.Ship_Selection'
[2015.12.11-20.34.42:729][188]LogRenderer: Reallocating scene render targets to support 1280x720 (Frame:139).
[2015.12.11-20.34.45:163][262]LogPhysics:Warning: FConstraintInstance::GetRefFrame : Contained scale.
[2015.12.11-20.34.45:163][262]LogPhysics:Warning: FConstraintInstance::GetRefFrame : Contained scale.
[2015.12.11-20.34.45:163][262]LogPhysics:Warning: FConstraintInstance::GetRefFrame : Contained scale.
[2015.12.11-20.34.45:163][262]LogPhysics:Warning: FConstraintInstance::GetRefFrame : Contained scale.
[2015.12.11-20.34.46:271][296]LogBlueprintUserMessages: Early EndPlayMap Detection: Level '/Game/SSA/Maps/Ship_Selection.Ship_Selection:PersistentLevel' has LevelScriptBlueprint '/Game/SSA/Maps/Ship_Selection.Ship_Selection:PersistentLevel.Ship_Selection' with GeneratedClass '/Game/SSA/Maps/Ship_Selection.Ship_Selection_C' with ClassGeneratedBy '/Game/SSA/Maps/Ship_Selection.Ship_Selection:PersistentLevel.Ship_Selection'
[2015.12.11-20.34.46:353][296]LogBlueprintUserMessages: Late EndPlayMap Detection: Level '/Game/SSA/Maps/Ship_Selection.Ship_Selection:PersistentLevel' has LevelScriptBlueprint '/Game/SSA/Maps/Ship_Selection.Ship_Selection:PersistentLevel.Ship_Selection' with GeneratedClass '/Game/SSA/Maps/Ship_Selection.Ship_Selection_C' with ClassGeneratedBy '/Game/SSA/Maps/Ship_Selection.Ship_Selection:PersistentLevel.Ship_Selection'
[2015.12.11-20.34.46:382][296]LogParticles: Destroying 0 GPU particle simulations for FXSystem 0x000000103A16B560
[2015.12.11-20.34.48:144][331]LogLinker:Warning: Asset '../../../Engine/Content/ArtTools/RenderToTexture/Macros/RenderToTextureMacros.uasset' has been saved with empty engine version. The asset will be loaded but may be incompatible.
[2015.12.11-20.34.48:675][331]LogContentBrowser: Native class hierarchy updated for 'BlueprintGraph' in 0.0007 seconds. Added 107 classes and 0 folders.
[2015.12.11-20.34.49:100][331]LogPhysics:Warning: FConstraintInstance::GetRefFrame : Contained scale.
[2015.12.11-20.34.49:100][331]LogPhysics:Warning: FConstraintInstance::GetRefFrame : Contained scale.
[2015.12.11-20.34.49:100][331]LogPhysics:Warning: FConstraintInstance::GetRefFrame : Contained scale.
[2015.12.11-20.34.49:100][331]LogPhysics:Warning: FConstraintInstance::GetRefFrame : Contained scale.
[2015.12.11-20.34.55:931][708]LogPhysics:Warning: FConstraintInstance::GetRefFrame : Contained scale.
[2015.12.11-20.34.55:931][708]LogPhysics:Warning: FConstraintInstance::GetRefFrame : Contained scale.
[2015.12.11-20.34.55:931][708]LogPhysics:Warning: FConstraintInstance::GetRefFrame : Contained scale.
[2015.12.11-20.34.55:931][708]LogPhysics:Warning: FConstraintInstance::GetRefFrame : Contained scale.
[2015.12.11-20.34.55:934][708]LogPhysics:Warning: FConstraintInstance::GetRefFrame : Contained scale.
[2015.12.11-20.34.55:934][708]LogPhysics:Warning: FConstraintInstance::GetRefFrame : Contained scale.
[2015.12.11-20.34.55:934][708]LogPhysics:Warning: FConstraintInstance::GetRefFrame : Contained scale.
[2015.12.11-20.34.55:934][708]LogPhysics:Warning: FConstraintInstance::GetRefFrame : Contained scale.
[2015.12.11-20.34.55:935][708]LogActorComponent: UnregisterComponent: (/Engine/Transient.CharMoveComp) Not registered. Aborting.
[2015.12.11-20.34.55:936][708]LogActorComponent: UnregisterComponent: (/Engine/Transient.CharacterMovementComponent_5) Not registered. Aborting.
[2015.12.11-20.34.55:936][708]LogActorComponent: UnregisterComponent: (/Engine/Transient.CharacterMovementComponent_6) Not registered. Aborting.
[2015.12.11-20.34.55:936][708]LogActorComponent: UnregisterComponent: (/Engine/Transient.CharacterMovementComponent_7) Not registered. Aborting.
[2015.12.11-20.34.55:937][708]LogActorComponent: UnregisterComponent: (/Engine/Transient.CharacterMovementComponent_8) Not registered. Aborting.
[2015.12.11-20.34.55:938][708]LogActorComponent: UnregisterComponent: (/Engine/Transient.CharacterMovementComponent_9) Not registered. Aborting.
[2015.12.11-20.34.57:954][814]LogSavePackage: Save=123.491135ms
[2015.12.11-20.34.57:954][814]LogSavePackage: Moving '../../../../../../Users/Jin/Documents/GitHub/Game-Files/SuperSpaceArmada/Saved/Player_VultaariC966AE61494A47413ECC87B50EBC7D27.tmp' to '../../../../../../Users/Jin/Documents/GitHub/Game-Files/SuperSpaceArmada/Content/SSA/Blueprints/Player_Ships/Player_Vultaari.uasset'
[2015.12.11-20.34.57:957][814]LogSavePackage: Total save time: 153.017130ms
[2015.12.11-20.34.57:957][814]LogSavePackage:Warning: Finished SavePackage ../../../../../../Users/Jin/Documents/GitHub/Game-Files/SuperSpaceArmada/Content/SSA/Blueprints/Player_Ships/Player_Vultaari.uasset
[2015.12.11-20.35.00:309][933]LogBlueprintUserMessages: Early PlayInEditor Detection: Level '/Game/SSA/Maps/Ship_Selection.Ship_Selection:PersistentLevel' has LevelScriptBlueprint '/Game/SSA/Maps/Ship_Selection.Ship_Selection:PersistentLevel.Ship_Selection' with GeneratedClass '/Game/SSA/Maps/Ship_Selection.Ship_Selection_C' with ClassGeneratedBy '/Game/SSA/Maps/Ship_Selection.Ship_Selection:PersistentLevel.Ship_Selection'
[2015.12.11-20.35.00:309][933]BlueprintLog: New page: Pre-Play auto-recompile
[2015.12.11-20.35.00:312][933]LogPhysics:Warning: FConstraintInstance::GetRefFrame : Contained scale.
[2015.12.11-20.35.00:312][933]LogPhysics:Warning: FConstraintInstance::GetRefFrame : Contained scale.
[2015.12.11-20.35.00:312][933]LogPhysics:Warning: FConstraintInstance::GetRefFrame : Contained scale.
[2015.12.11-20.35.00:312][933]LogPhysics:Warning: FConstraintInstance::GetRefFrame : Contained scale.
[2015.12.11-20.35.00:313][933]LogActorComponent: UnregisterComponent: (/Engine/Transient.CharacterMovementComponent_10) Not registered. Aborting.
[2015.12.11-20.35.00:323][933]LogPlayLevel: [PlayLevel] Compiling Player_Vultaari before play...
[2015.12.11-20.35.00:528][933]LogPhysics:Warning: FConstraintInstance::GetRefFrame : Contained scale.
[2015.12.11-20.35.00:528][933]LogPhysics:Warning: FConstraintInstance::GetRefFrame : Contained scale.
[2015.12.11-20.35.00:528][933]LogPhysics:Warning: FConstraintInstance::GetRefFrame : Contained scale.
[2015.12.11-20.35.00:528][933]LogPhysics:Warning: FConstraintInstance::GetRefFrame : Contained scale.
[2015.12.11-20.35.00:529][933]LogPhysics:Warning: FConstraintInstance::GetRefFrame : Contained scale.
[2015.12.11-20.35.00:529][933]LogPhysics:Warning: FConstraintInstance::GetRefFrame : Contained scale.
[2015.12.11-20.35.00:530][933]LogPhysics:Warning: FConstraintInstance::GetRefFrame : Contained scale.
[2015.12.11-20.35.00:530][933]LogPhysics:Warning: FConstraintInstance::GetRefFrame : Contained scale.
[2015.12.11-20.35.00:606][933]LogPhysics:Warning: FConstraintInstance::GetRefFrame : Contained scale.
[2015.12.11-20.35.00:606][933]LogPhysics:Warning: FConstraintInstance::GetRefFrame : Contained scale.
[2015.12.11-20.35.00:606][933]LogPhysics:Warning: FConstraintInstance::GetRefFrame : Contained scale.
[2015.12.11-20.35.00:606][933]LogPhysics:Warning: FConstraintInstance::GetRefFrame : Contained scale.
[2015.12.11-20.35.00:624][933]LogPhysics:Warning: FConstraintInstance::GetRefFrame : Contained scale.
[2015.12.11-20.35.00:624][933]LogPhysics:Warning: FConstraintInstance::GetRefFrame : Contained scale.
[2015.12.11-20.35.00:624][933]LogPhysics:Warning: FConstraintInstance::GetRefFrame : Contained scale.
[2015.12.11-20.35.00:624][933]LogPhysics:Warning: FConstraintInstance::GetRefFrame : Contained scale.
[2015.12.11-20.35.00:630][933]LogPlayLevel: PlayLevel: Blueprint regeneration took 321 ms (2 blueprints)
[2015.12.11-20.35.00:634][933]LogPlayLevel: [PlayLevel] Compiling SSAGameInstance before play...
[2015.12.11-20.35.00:796][933]LogPhysics:Warning: FConstraintInstance::GetRefFrame : Contained scale.
[2015.12.11-20.35.00:796][933]LogPhysics:Warning: FConstraintInstance::GetRefFrame : Contained scale.
[2015.12.11-20.35.00:796][933]LogPhysics:Warning: FConstraintInstance::GetRefFrame : Contained scale.
[2015.12.11-20.35.00:796][933]LogPhysics:Warning: FConstraintInstance::GetRefFrame : Contained scale.
[2015.12.11-20.35.00:816][933]LogPlayLevel: PlayLevel: Blueprint regeneration took 506 ms (23 blueprints)
[2015.12.11-20.35.00:816][933]LogPlayLevel: [PlayLevel] Compiling Arena_Boundary before play...
[2015.12.11-20.35.00:884][933]LogPlayLevel: PlayLevel: Blueprint regeneration took 575 ms (23 blueprints)
[2015.12.11-20.35.00:888][933]LogPlayLevel: [PlayLevel] Compiling Player before play...
[2015.12.11-20.35.02:386][933]LogPhysics:Warning: FConstraintInstance::GetRefFrame : Contained scale.
[2015.12.11-20.35.02:386][933]LogPhysics:Warning: FConstraintInstance::GetRefFrame : Contained scale.
[2015.12.11-20.35.02:386][933]LogPhysics:Warning: FConstraintInstance::GetRefFrame : Contained scale.
[2015.12.11-20.35.02:386][933]LogPhysics:Warning: FConstraintInstance::GetRefFrame : Contained scale.
[2015.12.11-20.35.02:387][933]LogPhysics:Warning: FConstraintInstance::GetRefFrame : Contained scale.
[2015.12.11-20.35.02:387][933]LogPhysics:Warning: FConstraintInstance::GetRefFrame : Contained scale.
[2015.12.11-20.35.02:387][933]LogPhysics:Warning: FConstraintInstance::GetRefFrame : Contained scale.
[2015.12.11-20.35.02:387][933]LogPhysics:Warning: FConstraintInstance::GetRefFrame : Contained scale.
[2015.12.11-20.35.02:909][933]LogPhysics:Warning: FConstraintInstance::GetRefFrame : Contained scale.
[2015.12.11-20.35.02:909][933]LogPhysics:Warning: FConstraintInstance::GetRefFrame : Contained scale.
[2015.12.11-20.35.02:909][933]LogPhysics:Warning: FConstraintInstance::GetRefFrame : Contained scale.
[2015.12.11-20.35.02:909][933]LogPhysics:Warning: FConstraintInstance::GetRefFrame : Contained scale.
[2015.12.11-20.35.02:925][933]LogPlayLevel: PlayLevel: Blueprint regeneration took 2615 ms (32 blueprints)
[2015.12.11-20.35.02:926][933]LogPlayLevel: [PlayLevel] Compiling Enemy_Cephalon before play...
[2015.12.11-20.35.03:250][933]LogPhysics:Warning: FConstraintInstance::GetRefFrame : Contained scale.
[2015.12.11-20.35.03:250][933]LogPhysics:Warning: FConstraintInstance::GetRefFrame : Contained scale.
[2015.12.11-20.35.03:250][933]LogPhysics:Warning: FConstraintInstance::GetRefFrame : Contained scale.
[2015.12.11-20.35.03:250][933]LogPhysics:Warning: FConstraintInstance::GetRefFrame : Contained scale.
[2015.12.11-20.35.03:257][933]LogPlayLevel: PlayLevel: Blueprint regeneration took 2948 ms (32 blueprints)
[2015.12.11-20.35.03:258][933]LogPlayLevel: [PlayLevel] Compiling Enemy_Human before play...
[2015.12.11-20.35.03:771][933]LogPhysics:Warning: FConstraintInstance::GetRefFrame : Contained scale.
[2015.12.11-20.35.03:771][933]LogPhysics:Warning: FConstraintInstance::GetRefFrame : Contained scale.
[2015.12.11-20.35.03:771][933]LogPhysics:Warning: FConstraintInstance::GetRefFrame : Contained scale.
[2015.12.11-20.35.03:771][933]LogPhysics:Warning: FConstraintInstance::GetRefFrame : Contained scale.
[2015.12.11-20.35.03:779][933]LogPlayLevel: PlayLevel: Blueprint regeneration took 3469 ms (32 blueprints)
[2015.12.11-20.35.03:780][933]LogPlayLevel: [PlayLevel] Compiling Enemy_Dragomir before play...
[2015.12.11-20.35.04:118][933]LogPhysics:Warning: FConstraintInstance::GetRefFrame : Contained scale.
[2015.12.11-20.35.04:118][933]LogPhysics:Warning: FConstraintInstance::GetRefFrame : Contained scale.
[2015.12.11-20.35.04:118][933]LogPhysics:Warning: FConstraintInstance::GetRefFrame : Contained scale.
[2015.12.11-20.35.04:118][933]LogPhysics:Warning: FConstraintInstance::GetRefFrame : Contained scale.
[2015.12.11-20.35.04:126][933]LogPlayLevel: PlayLevel: Blueprint regeneration took 3816 ms (32 blueprints)
[2015.12.11-20.35.04:127][933]LogPlayLevel: [PlayLevel] Compiling Human_Torpedo before play...
[2015.12.11-20.35.04:249][933]LogPlayLevel: PlayLevel: Blueprint regeneration took 3939 ms (32 blueprints)
[2015.12.11-20.35.04:250][933]LogPlayLevel: [PlayLevel] Compiling Enemy_Kratakos before play...
[2015.12.11-20.35.04:621][933]LogPhysics:Warning: FConstraintInstance::GetRefFrame : Contained scale.
[2015.12.11-20.35.04:621][933]LogPhysics:Warning: FConstraintInstance::GetRefFrame : Contained scale.
[2015.12.11-20.35.04:621][933]LogPhysics:Warning: FConstraintInstance::GetRefFrame : Contained scale.
[2015.12.11-20.35.04:621][933]LogPhysics:Warning: FConstraintInstance::GetRefFrame : Contained scale.
[2015.12.11-20.35.04:629][933]LogPlayLevel: PlayLevel: Blueprint regeneration took 4319 ms (32 blueprints)
[2015.12.11-20.35.04:629][933]LogPlayLevel: [PlayLevel] Compiling Kratakos_Rail_Gun before play...
[2015.12.11-20.35.04:760][933]LogPlayLevel: PlayLevel: Blueprint regeneration took 4450 ms (32 blueprints)
[2015.12.11-20.35.04:762][933]LogPlayLevel: [PlayLevel] Compiling Enemy_Hive before play...
[2015.12.11-20.35.05:102][933]LogPhysics:Warning: FConstraintInstance::GetRefFrame : Contained scale.
[2015.12.11-20.35.05:102][933]LogPhysics:Warning: FConstraintInstance::GetRefFrame : Contained scale.
[2015.12.11-20.35.05:102][933]LogPhysics:Warning: FConstraintInstance::GetRefFrame : Contained scale.
[2015.12.11-20.35.05:102][933]LogPhysics:Warning: FConstraintInstance::GetRefFrame : Contained scale.
[2015.12.11-20.35.05:110][933]LogPlayLevel: PlayLevel: Blueprint regeneration took 4801 ms (32 blueprints)
[2015.12.11-20.35.05:112][933]LogPlayLevel: [PlayLevel] Compiling Enemy_Vultari before play...
[2015.12.11-20.35.05:439][933]LogPhysics:Warning: FConstraintInstance::GetRefFrame : Contained scale.
[2015.12.11-20.35.05:439][933]LogPhysics:Warning: FConstraintInstance::GetRefFrame : Contained scale.
[2015.12.11-20.35.05:439][933]LogPhysics:Warning: FConstraintInstance::GetRefFrame : Contained scale.
[2015.12.11-20.35.05:439][933]LogPhysics:Warning: FConstraintInstance::GetRefFrame : Contained scale.
[2015.12.11-20.35.05:447][933]LogPlayLevel: PlayLevel: Blueprint regeneration took 5138 ms (32 blueprints)
[2015.12.11-20.35.05:448][933]LogPlayLevel: [PlayLevel] Compiling Player_Cephalon before play...
[2015.12.11-20.35.05:684][933]LogPhysics:Warning: FConstraintInstance::GetRefFrame : Contained scale.
[2015.12.11-20.35.05:684][933]LogPhysics:Warning: FConstraintInstance::GetRefFrame : Contained scale.
[2015.12.11-20.35.05:684][933]LogPhysics:Warning: FConstraintInstance::GetRefFrame : Contained scale.
[2015.12.11-20.35.05:684][933]LogPhysics:Warning: FConstraintInstance::GetRefFrame : Contained scale.
[2015.12.11-20.35.05:698][933]LogPlayLevel: PlayLevel: Blueprint regeneration took 5388 ms (32 blueprints)
[2015.12.11-20.35.05:699][933]LogPlayLevel: [PlayLevel] Compiling Player_Human before play...
[2015.12.11-20.35.06:073][933]LogPhysics:Warning: FConstraintInstance::GetRefFrame : Contained scale.
[2015.12.11-20.35.06:073][933]LogPhysics:Warning: FConstraintInstance::GetRefFrame : Contained scale.
[2015.12.11-20.35.06:073][933]LogPhysics:Warning: FConstraintInstance::GetRefFrame : Contained scale.
[2015.12.11-20.35.06:073][933]LogPhysics:Warning: FConstraintInstance::GetRefFrame : Contained scale.
[2015.12.11-20.35.06:089][933]LogPlayLevel: PlayLevel: Blueprint regeneration took 5780 ms (32 blueprints)
[2015.12.11-20.35.06:090][933]LogPlayLevel: [PlayLevel] Compiling Player_Kratakos before play...
[2015.12.11-20.35.06:546][933]LogPhysics:Warning: FConstraintInstance::GetRefFrame : Contained scale.
[2015.12.11-20.35.06:547][933]LogPhysics:Warning: FConstraintInstance::GetRefFrame : Contained scale.
[2015.12.11-20.35.06:547][933]LogPhysics:Warning: FConstraintInstance::GetRefFrame : Contained scale.
[2015.12.11-20.35.06:547][933]LogPhysics:Warning: FConstraintInstance::GetRefFrame : Contained scale.
[2015.12.11-20.35.06:569][933]LogPlayLevel: PlayLevel: Blueprint regeneration took 6259 ms (32 blueprints)
[2015.12.11-20.35.06:570][933]LogPlayLevel: [PlayLevel] Compiling Player_Dragomir before play...
[2015.12.11-20.35.06:824][933]LogPhysics:Warning: FConstraintInstance::GetRefFrame : Contained scale.
[2015.12.11-20.35.06:824][933]LogPhysics:Warning: FConstraintInstance::GetRefFrame : Contained scale.
[2015.12.11-20.35.06:824][933]LogPhysics:Warning: FConstraintInstance::GetRefFrame : Contained scale.
[2015.12.11-20.35.06:824][933]LogPhysics:Warning: FConstraintInstance::GetRefFrame : Contained scale.
[2015.12.11-20.35.06:840][933]LogPlayLevel: PlayLevel: Blueprint regeneration took 6530 ms (32 blueprints)
[2015.12.11-20.35.06:840][933]LogPlayLevel: [PlayLevel] Compiling Hive_Drones before play...
[2015.12.11-20.35.06:979][933]LogPlayLevel: PlayLevel: Blueprint regeneration took 6668 ms (32 blueprints)
[2015.12.11-20.35.06:979][933]LogPlayLevel: [PlayLevel] Compiling Player_Hive before play...
[2015.12.11-20.35.07:191][933]LogPhysics:Warning: FConstraintInstance::GetRefFrame : Contained scale.
[2015.12.11-20.35.07:191][933]LogPhysics:Warning: FConstraintInstance::GetRefFrame : Contained scale.
[2015.12.11-20.35.07:191][933]LogPhysics:Warning: FConstraintInstance::GetRefFrame : Contained scale.
[2015.12.11-20.35.07:191][933]LogPhysics:Warning: FConstraintInstance::GetRefFrame : Contained scale.
[2015.12.11-20.35.07:205][933]LogPlayLevel: PlayLevel: Blueprint regeneration took 6895 ms (32 blueprints)
[2015.12.11-20.35.07:205][933]LogPlayLevel: [PlayLevel] Compiling Vultaari_machine before play...
[2015.12.11-20.35.07:325][933]LogPhysics:Warning: FConstraintInstance::GetRefFrame : Contained scale.
[2015.12.11-20.35.07:325][933]LogPhysics:Warning: FConstraintInstance::GetRefFrame : Contained scale.
[2015.12.11-20.35.07:325][933]LogPhysics:Warning: FConstraintInstance::GetRefFrame : Contained scale.
[2015.12.11-20.35.07:325][933]LogPhysics:Warning: FConstraintInstance::GetRefFrame : Contained scale.
[2015.12.11-20.35.07:331][933]LogPlayLevel: PlayLevel: Blueprint regeneration took 7021 ms (32 blueprints)
[2015.12.11-20.35.07:332][933]LogPlayLevel: [PlayLevel] Compiling HUD before play...
[2015.12.11-20.35.07:537][933]LogPlayLevel: PlayLevel: Blueprint regeneration took 7227 ms (32 blueprints)
[2015.12.11-20.35.07:539][933]LogPlayLevel: [PlayLevel] Compiling MainMenu before play...
[2015.12.11-20.35.07:734][933]LogPlayLevel: PlayLevel: Blueprint regeneration took 7424 ms (33 blueprints)
[2015.12.11-20.35.07:736][933]LogPlayLevel: [PlayLevel] Compiling ProfileSelector before play...
[2015.12.11-20.35.07:954][933]LogPlayLevel: PlayLevel: Blueprint regeneration took 7644 ms (33 blueprints)
[2015.12.11-20.35.07:957][933]LogPlayLevel: [PlayLevel] Compiling Ship_Selection before play...
[2015.12.11-20.35.08:254][933]LogPlayLevel: PlayLevel: Blueprint regeneration took 7945 ms (34 blueprints)
[2015.12.11-20.35.08:255][933]LogPlayLevel: [PlayLevel] Compiling Debris before play...
[2015.12.11-20.35.08:423][933]LogPlayLevel: PlayLevel: Blueprint regeneration took 8113 ms (34 blueprints)
[2015.12.11-20.35.08:423][933]LogPlayLevel: [PlayLevel] Compiling Player_FireBreath before play...
[2015.12.11-20.35.08:573][933]LogPlayLevel: PlayLevel: Blueprint regeneration took 8263 ms (34 blueprints)
[2015.12.11-20.35.08:573][933]LogPlayLevel: [PlayLevel] Compiling AI_Ram_Trigger before play...
[2015.12.11-20.35.08:713][933]LogPlayLevel: PlayLevel: Blueprint regeneration took 8403 ms (34 blueprints)
[2015.12.11-20.35.08:714][933]LogPlayLevel: [PlayLevel] Compiling Player_PowerWave_Trigger before play...
[2015.12.11-20.35.08:851][933]LogPlayLevel: PlayLevel: Blueprint regeneration took 8541 ms (34 blueprints)
[2015.12.11-20.35.08:852][933]LogPlayLevel: [PlayLevel] Compiling Player_Phaser_Trigger before play...
[2015.12.11-20.35.09:023][933]LogPlayLevel: PlayLevel: Blueprint regeneration took 8713 ms (34 blueprints)
[2015.12.11-20.35.09:023][933]LogPlayLevel: [PlayLevel] Compiling Player_Ram_Trigger before play...
[2015.12.11-20.35.09:160][933]LogPlayLevel: PlayLevel: Blueprint regeneration took 8850 ms (34 blueprints)
[2015.12.11-20.35.09:160][933]LogPlayLevel: [PlayLevel] Compiling Hive_SelfDestruct before play...
[2015.12.11-20.35.09:282][933]LogPlayLevel: PlayLevel: Blueprint regeneration took 8972 ms (34 blueprints)
[2015.12.11-20.35.09:283][933]LogPlayLevel: [PlayLevel] Compiling Player_Mine before play...
[2015.12.11-20.35.09:424][933]LogPhysics:Warning: FConstraintInstance::GetRefFrame : Contained scale.
[2015.12.11-20.35.09:424][933]LogPhysics:Warning: FConstraintInstance::GetRefFrame : Contained scale.
[2015.12.11-20.35.09:424][933]LogPhysics:Warning: FConstraintInstance::GetRefFrame : Contained scale.
[2015.12.11-20.35.09:424][933]LogPhysics:Warning: FConstraintInstance::GetRefFrame : Contained scale.
[2015.12.11-20.35.09:433][933]LogPlayLevel: PlayLevel: Blueprint regeneration took 9123 ms (34 blueprints)
[2015.12.11-20.35.09:434][933]LogPlayLevel: [PlayLevel] Compiling PauseMenu before play...
[2015.12.11-20.35.09:553][933]LogPlayLevel: PlayLevel: Blueprint regeneration took 9244 ms (34 blueprints)
[2015.12.11-20.35.09:554][933]LogPlayLevel: [PlayLevel] Compiling Controls before play...
[2015.12.11-20.35.09:681][933]LogPlayLevel: PlayLevel: Blueprint regeneration took 9372 ms (34 blueprints)
[2015.12.11-20.35.09:681][933]LogPlayLevel: [PlayLevel] Compiling Ship_Selection before play...
[2015.12.11-20.35.09:790][933]LogPlayLevel: PlayLevel: Blueprint regeneration took 9480 ms (34 blueprints)
[2015.12.11-20.35.10:057][933]PIE: New page: PIE session: Ship_Selection (Dec 11, 2015, 10:35:10 AM)
[2015.12.11-20.35.10:057][933]LogPlayLevel: Creating play world package: /Game/SSA/Maps/UEDPIE_0_Ship_Selection
[2015.12.11-20.35.10:061][933]LogPlayLevel: PIE: StaticDuplicateObject took: (0.003756s)
[2015.12.11-20.35.10:061][933]LogAIModule: Creating AISystem for world Ship_Selection
[2015.12.11-20.35.10:062][933]LogPlayLevel: PIE: World Init took: (0.000567s)
[2015.12.11-20.35.10:062][933]LogPlayLevel: PIE: Created PIE world by copying editor world from /Game/SSA/Maps/Ship_Selection.Ship_Selection to /Game/SSA/Maps/UEDPIE_0_Ship_Selection.Ship_Selection (0.004531s)
[2015.12.11-20.35.10:105][933]LogInit: XAudio2 using 'Speakers / HP (IDT High Definition Audio CODEC)' : 2 channels at 48 kHz using 16 bits per sample (channel mask 0x3)
[2015.12.11-20.35.10:121][933]LogInit: FAudioDevice initialized.
[2015.12.11-20.35.10:170][933]LogWorld: Game class is 'TopDownGameMode_C'
[2015.12.11-20.35.10:173][933]LogWorld: Bringing World /Game/SSA/Maps/UEDPIE_0_Ship_Selection.Ship_Selection up for play (max tick rate 60) at 2015.12.11-15.35.10
[2015.12.11-20.35.10:173][933]LogActor:Warning: GameSession /Game/SSA/Maps/UEDPIE_0_Ship_Selection.Ship_Selection:PersistentLevel.GameSession_1 has natively added scene component(s), but none of them were set as the actor's RootComponent - picking one arbitrarily
[2015.12.11-20.35.10:173][933]LogActor:Warning: GameNetworkManager /Game/SSA/Maps/UEDPIE_0_Ship_Selection.Ship_Selection:PersistentLevel.GameNetworkManager_1 has natively added scene component(s), but none of them were set as the actor's RootComponent - picking one arbitrarily
[2015.12.11-20.35.10:173][933]LogWorld: Bringing up level for play took: 0.002181
[2015.12.11-20.35.10:191][933]PIE: Info Play in editor start time for /Game/SSA/Maps/UEDPIE_0_Ship_Selection 9.146
[2015.12.11-20.35.10:191][933]LogBlueprintUserMessages: Late PlayInEditor Detection: Level '/Game/SSA/Maps/Ship_Selection.Ship_Selection:PersistentLevel' has LevelScriptBlueprint '/Game/SSA/Maps/Ship_Selection.Ship_Selection:PersistentLevel.Ship_Selection' with GeneratedClass '/Game/SSA/Maps/Ship_Selection.Ship_Selection_C' with ClassGeneratedBy '/Game/SSA/Maps/Ship_Selection.Ship_Selection:PersistentLevel.Ship_Selection'
[2015.12.11-20.35.10:860][937]LogD3D11RHI: Timed out while waiting for GPU to catch up. (0.5 s)
[2015.12.11-20.35.12:349][974]LogPhysics:Warning: FConstraintInstance::GetRefFrame : Contained scale.
[2015.12.11-20.35.12:349][974]LogPhysics:Warning: FConstraintInstance::GetRefFrame : Contained scale.
[2015.12.11-20.35.12:349][974]LogPhysics:Warning: FConstraintInstance::GetRefFrame : Contained scale.
[2015.12.11-20.35.12:349][974]LogPhysics:Warning: FConstraintInstance::GetRefFrame : Contained scale.
[2015.12.11-20.35.13:724][ 16]LogPhysics:Warning: FConstraintInstance::GetRefFrame : Contained scale.
[2015.12.11-20.35.13:724][ 16]LogPhysics:Warning: FConstraintInstance::GetRefFrame : Contained scale.
[2015.12.11-20.35.13:724][ 16]LogPhysics:Warning: FConstraintInstance::GetRefFrame : Contained scale.
[2015.12.11-20.35.13:724][ 16]LogPhysics:Warning: FConstraintInstance::GetRefFrame : Contained scale.
[2015.12.11-20.35.13:997][ 24]LogPhysics:Warning: FConstraintInstance::GetRefFrame : Contained scale.
[2015.12.11-20.35.13:997][ 24]LogPhysics:Warning: FConstraintInstance::GetRefFrame : Contained scale.
[2015.12.11-20.35.13:997][ 24]LogPhysics:Warning: FConstraintInstance::GetRefFrame : Contained scale.
[2015.12.11-20.35.13:997][ 24]LogPhysics:Warning: FConstraintInstance::GetRefFrame : Contained scale.
[2015.12.11-20.35.14:217][ 31]LogPhysics:Warning: FConstraintInstance::GetRefFrame : Contained scale.
[2015.12.11-20.35.14:217][ 31]LogPhysics:Warning: FConstraintInstance::GetRefFrame : Contained scale.
[2015.12.11-20.35.14:217][ 31]LogPhysics:Warning: FConstraintInstance::GetRefFrame : Contained scale.
[2015.12.11-20.35.14:217][ 31]LogPhysics:Warning: FConstraintInstance::GetRefFrame : Contained scale.
[2015.12.11-20.35.19:295][179]LogPackageName: SearchForPackageOnDisk took   0.112s to resolve Home_Human.umap.
[2015.12.11-20.35.19:413][180]LogPackageName: SearchForPackageOnDisk took   0.108s to resolve Home_Human.umap.
[2015.12.11-20.35.19:413][180]LogNet: Browse: /Game/SSA/Maps/Home_Human
[2015.12.11-20.35.19:413][180]LogLoad: LoadMap: /Game/SSA/Maps/Home_Human
[2015.12.11-20.35.19:414][180]LogActorComponent: UnregisterComponent: (/Engine/Transient.CharMoveComp) Not registered. Aborting.
[2015.12.11-20.35.19:415][180]LogActorComponent: UnregisterComponent: (/Engine/Transient.CharacterMovementComponent_11) Not registered. Aborting.
[2015.12.11-20.35.19:415][180]LogActorComponent: UnregisterComponent: (/Engine/Transient.CharacterMovementComponent_12) Not registered. Aborting.
[2015.12.11-20.35.19:415][180]LogActorComponent: UnregisterComponent: (/Engine/Transient.CharacterMovementComponent_13) Not registered. Aborting.
[2015.12.11-20.35.19:416][180]LogActorComponent: UnregisterComponent: (/Engine/Transient.CharacterMovementComponent_14) Not registered. Aborting.
[2015.12.11-20.35.19:416][180]LogActorComponent: UnregisterComponent: (/Engine/Transient.CharacterMovementComponent_15) Not registered. Aborting.
[2015.12.11-20.35.19:455][180]LogParticles: Destroying 0 GPU particle simulations for FXSystem 0x0000001090ABE160
[2015.12.11-20.35.19:455][180]Cmd: MEM
[2015.12.11-20.35.19:496][180]LogMemory: Platform Memory Stats for Windows
[2015.12.11-20.35.19:496][180]LogMemory: Process Physical Memory: 1454.26 MB used, 1454.91 MB peak
[2015.12.11-20.35.19:496][180]LogMemory: Process Virtual Memory: 2699.60 MB used, 2720.17 MB peak
[2015.12.11-20.35.19:496][180]LogMemory: Physical Memory: 5656.47 MB used, 8124.02 MB total
[2015.12.11-20.35.19:496][180]LogMemory: Virtual Memory: 3438.41 MB used, 134217728.00 MB total
[2015.12.11-20.35.19:496][180]LogMemory: 
[2015.12.11-20.35.19:496][180]Allocator Stats for TBB: (not implemented)
[2015.12.11-20.35.22:435][180]LogAIModule: Creating AISystem for world Home_Human
[2015.12.11-20.35.22:436][180]LogWorld: Game class is 'TopDownGameMode_C'
[2015.12.11-20.35.22:453][180]LogWorld:Warning: *** WARNING - PATHS MAY NOT BE VALID ***
[2015.12.11-20.35.22:453][180]LogWorld: Bringing World /Game/SSA/Maps/UEDPIE_0_Home_Human.Home_Human up for play (max tick rate 60) at 2015.12.11-15.35.22
[2015.12.11-20.35.22:453][180]LogActor:Warning: GameSession /Game/SSA/Maps/UEDPIE_0_Home_Human.Home_Human:PersistentLevel.GameSession_2 has natively added scene component(s), but none of them were set as the actor's RootComponent - picking one arbitrarily
[2015.12.11-20.35.22:453][180]LogActor:Warning: GameNetworkManager /Game/SSA/Maps/UEDPIE_0_Home_Human.Home_Human:PersistentLevel.GameNetworkManager_2 has natively added scene component(s), but none of them were set as the actor's RootComponent - picking one arbitrarily
[2015.12.11-20.35.22:456][180]LogWorld: Bringing up level for play took: 0.016838
[2015.12.11-20.35.22:459][180]LogPhysics:Warning: FConstraintInstance::GetRefFrame : Contained scale.
[2015.12.11-20.35.22:459][180]LogPhysics:Warning: FConstraintInstance::GetRefFrame : Contained scale.
[2015.12.11-20.35.22:459][180]LogPhysics:Warning: FConstraintInstance::GetRefFrame : Contained scale.
[2015.12.11-20.35.22:459][180]LogPhysics:Warning: FConstraintInstance::GetRefFrame : Contained scale.
[2015.12.11-20.35.22:463][180]LogScript:Warning: Accessed None 'HUD Reference'
	Player_Vultaari_C /Game/SSA/Maps/UEDPIE_0_Home_Human.Home_Human:PersistentLevel.Player_Vultaari_C_129
	Function /Game/SSA/Blueprints/Player_Ships/Player.Player_C:ExecuteUbergraph_Player:129A
[2015.12.11-20.35.22:464][180]PIE:Error: Error Accessed None 'HUD Reference' from node Change Portait in graph 'EventGraph' in blueprint Player
[2015.12.11-20.35.42:523][811]LogScript:Warning: Accessed None 'Enemy'
	Player_Vultaari_C /Game/SSA/Maps/UEDPIE_0_Home_Human.Home_Human:PersistentLevel.Player_Vultaari_C_129
	Function /Game/SSA/Blueprints/Player_Ships/Player.Player_C:ExecuteUbergraph_Player:043D
[2015.12.11-20.35.42:523][811]PIE:Error: Error Accessed None 'Enemy' from node Spawn Emitter at Location in graph 'EventGraph' in blueprint Player
[2015.12.11-20.35.42:523][811]LogScript:Warning: Accessed None 'Enemy'
	Player_Vultaari_C /Game/SSA/Maps/UEDPIE_0_Home_Human.Home_Human:PersistentLevel.Player_Vultaari_C_129
	Function /Game/SSA/Blueprints/Player_Ships/Player.Player_C:ExecuteUbergraph_Player:04AB
[2015.12.11-20.35.42:523][811]PIE:Error: Error Accessed None 'Enemy' from node DestroyActor in graph 'EventGraph' in blueprint Player
[2015.12.11-20.35.43:543][842]LogScript:Warning: Accessed None 'CallFunc_K2_GetPawn_ReturnValue'
	EnemyAI1_C /Game/SSA/Maps/UEDPIE_0_Home_Human.Home_Human:PersistentLevel.EnemyAI1_C_1
	Function /Game/SSA/Blueprints/AI/EnemyAI1.EnemyAI1_C:ExecuteUbergraph_EnemyAI1:008C
[2015.12.11-20.35.43:543][842]PIE:Error: Error Accessed None 'CallFunc_K2_GetPawn_ReturnValue' from node Set Value as Vector in graph 'EventGraph' in blueprint EnemyAI1
[2015.12.11-20.35.44:666][878]LogActor:Warning: Debris_C_17 is outside the world bounds!
[2015.12.11-20.35.51:805][106]LogScript:Warning: Accessed None 'K2Node_DynamicCast_AsPlayer3'
	Enemy_Dragomir_C /Game/SSA/Maps/UEDPIE_0_Home_Human.Home_Human:PersistentLevel.Enemy_Dragomir_C_0
	Function /Game/SSA/Blueprints/Enemy_Dragomir.Enemy_Dragomir_C:ExecuteUbergraph_Enemy_Dragomir:0033
[2015.12.11-20.35.51:805][106]PIE:Error: Error Accessed None 'K2Node_DynamicCast_AsPlayer3' from node Branch in graph 'EventGraph' in blueprint Enemy_Dragomir
[2015.12.11-20.35.59:967][364]LogScript:Warning: Accessed None 'CallFunc_K2_GetPawn_ReturnValue'
	EnemyAI1_C /Game/SSA/Maps/UEDPIE_0_Home_Human.Home_Human:PersistentLevel.EnemyAI1_C_2
	Function /Game/SSA/Blueprints/AI/EnemyAI1.EnemyAI1_C:ExecuteUbergraph_EnemyAI1:008C
[2015.12.11-20.35.59:967][364]PIE:Error: Error Accessed None 'CallFunc_K2_GetPawn_ReturnValue' from node Set Value as Vector in graph 'EventGraph' in blueprint EnemyAI1
[2015.12.11-20.36.25:992][253]LogPhysics:Warning: FConstraintInstance::GetRefFrame : Contained scale.
[2015.12.11-20.36.25:992][253]LogPhysics:Warning: FConstraintInstance::GetRefFrame : Contained scale.
[2015.12.11-20.36.25:992][253]LogPhysics:Warning: FConstraintInstance::GetRefFrame : Contained scale.
[2015.12.11-20.36.40:052][727]LogActor:Warning: Debris_C_59 is outside the world bounds!
[2015.12.11-20.36.47:140][966]LogBlueprintUserMessages: Early EndPlayMap Detection: Level '/Game/SSA/Maps/Ship_Selection.Ship_Selection:PersistentLevel' has LevelScriptBlueprint '/Game/SSA/Maps/Ship_Selection.Ship_Selection:PersistentLevel.Ship_Selection' with GeneratedClass '/Game/SSA/Maps/Ship_Selection.Ship_Selection_C' with ClassGeneratedBy '/Game/SSA/Maps/Ship_Selection.Ship_Selection:PersistentLevel.Ship_Selection'
[2015.12.11-20.36.47:237][966]LogBlueprintUserMessages: Late EndPlayMap Detection: Level '/Game/SSA/Maps/Ship_Selection.Ship_Selection:PersistentLevel' has LevelScriptBlueprint '/Game/SSA/Maps/Ship_Selection.Ship_Selection:PersistentLevel.Ship_Selection' with GeneratedClass '/Game/SSA/Maps/Ship_Selection.Ship_Selection_C' with ClassGeneratedBy '/Game/SSA/Maps/Ship_Selection.Ship_Selection:PersistentLevel.Ship_Selection'
[2015.12.11-20.36.47:290][966]LogParticles: Destroying 0 GPU particle simulations for FXSystem 0x000000104456B600
[2015.12.11-20.37.43:034][ 21]LogSavePackage: Save=161.325577ms
[2015.12.11-20.37.43:034][ 21]LogSavePackage: Moving '../../../../../../Users/Jin/Documents/GitHub/Game-Files/SuperSpaceArmada/Saved/Player_Human0B874776475C7C8C8E0E69829634BE44.tmp' to '../../../../../../Users/Jin/Documents/GitHub/Game-Files/SuperSpaceArmada/Content/SSA/Blueprints/Player_Ships/Player_Human.uasset'
[2015.12.11-20.37.43:037][ 21]LogSavePackage: Total save time: 197.333071ms
[2015.12.11-20.37.43:037][ 21]LogSavePackage:Warning: Finished SavePackage ../../../../../../Users/Jin/Documents/GitHub/Game-Files/SuperSpaceArmada/Content/SSA/Blueprints/Player_Ships/Player_Human.uasset
[2015.12.11-20.37.57:189][829]LogSavePackage: Save=152.006165ms
[2015.12.11-20.37.57:189][829]LogSavePackage: Moving '../../../../../../Users/Jin/Documents/GitHub/Game-Files/SuperSpaceArmada/Saved/Player_HumanED135E9D4DCF4DD984F9E39D73BBE2FA.tmp' to '../../../../../../Users/Jin/Documents/GitHub/Game-Files/SuperSpaceArmada/Content/SSA/Blueprints/Player_Ships/Player_Human.uasset'
[2015.12.11-20.37.57:191][829]LogSavePackage: Total save time: 175.400905ms
[2015.12.11-20.37.57:191][829]LogSavePackage:Warning: Finished SavePackage ../../../../../../Users/Jin/Documents/GitHub/Game-Files/SuperSpaceArmada/Content/SSA/Blueprints/Player_Ships/Player_Human.uasset
[2015.12.11-20.37.58:743][918]LogBlueprintUserMessages: Early PlayInEditor Detection: Level '/Game/SSA/Maps/Ship_Selection.Ship_Selection:PersistentLevel' has LevelScriptBlueprint '/Game/SSA/Maps/Ship_Selection.Ship_Selection:PersistentLevel.Ship_Selection' with GeneratedClass '/Game/SSA/Maps/Ship_Selection.Ship_Selection_C' with ClassGeneratedBy '/Game/SSA/Maps/Ship_Selection.Ship_Selection:PersistentLevel.Ship_Selection'
[2015.12.11-20.37.58:743][918]LogPlayLevel: PlayLevel: No blueprints needed recompiling
[2015.12.11-20.37.58:743][918]PIE: New page: PIE session: Ship_Selection (Dec 11, 2015, 10:37:58 AM)
[2015.12.11-20.37.58:743][918]LogPlayLevel: Creating play world package: /Game/SSA/Maps/UEDPIE_0_Ship_Selection
[2015.12.11-20.37.58:747][918]LogPlayLevel: PIE: StaticDuplicateObject took: (0.003958s)
[2015.12.11-20.37.58:748][918]LogAIModule: Creating AISystem for world Ship_Selection
[2015.12.11-20.37.58:748][918]LogPlayLevel: PIE: World Init took: (0.000580s)
[2015.12.11-20.37.58:748][918]LogPlayLevel: PIE: Created PIE world by copying editor world from /Game/SSA/Maps/Ship_Selection.Ship_Selection to /Game/SSA/Maps/UEDPIE_0_Ship_Selection.Ship_Selection (0.004754s)
[2015.12.11-20.37.58:748][918]LogActorComponent: UnregisterComponent: (/Engine/Transient.CharMoveComp) Not registered. Aborting.
[2015.12.11-20.37.58:748][918]LogActorComponent: UnregisterComponent: (/Engine/Transient.CharacterMovementComponent_16) Not registered. Aborting.
[2015.12.11-20.37.58:749][918]LogActorComponent: UnregisterComponent: (/Engine/Transient.CharacterMovementComponent_17) Not registered. Aborting.
[2015.12.11-20.37.58:749][918]LogActorComponent: UnregisterComponent: (/Engine/Transient.CharacterMovementComponent_18) Not registered. Aborting.
[2015.12.11-20.37.58:749][918]LogActorComponent: UnregisterComponent: (/Engine/Transient.CharacterMovementComponent_19) Not registered. Aborting.
[2015.12.11-20.37.58:750][918]LogActorComponent: UnregisterComponent: (/Engine/Transient.CharacterMovementComponent_20) Not registered. Aborting.
[2015.12.11-20.37.58:802][918]LogInit: XAudio2 using 'Speakers / HP (IDT High Definition Audio CODEC)' : 2 channels at 48 kHz using 16 bits per sample (channel mask 0x3)
[2015.12.11-20.37.58:817][918]LogInit: FAudioDevice initialized.
[2015.12.11-20.37.58:866][918]LogWorld: Game class is 'TopDownGameMode_C'
[2015.12.11-20.37.58:869][918]LogWorld: Bringing World /Game/SSA/Maps/UEDPIE_0_Ship_Selection.Ship_Selection up for play (max tick rate 60) at 2015.12.11-15.37.58
[2015.12.11-20.37.58:869][918]LogActor:Warning: GameSession /Game/SSA/Maps/UEDPIE_0_Ship_Selection.Ship_Selection:PersistentLevel.GameSession_3 has natively added scene component(s), but none of them were set as the actor's RootComponent - picking one arbitrarily
[2015.12.11-20.37.58:869][918]LogActor:Warning: GameNetworkManager /Game/SSA/Maps/UEDPIE_0_Ship_Selection.Ship_Selection:PersistentLevel.GameNetworkManager_3 has natively added scene component(s), but none of them were set as the actor's RootComponent - picking one arbitrarily
[2015.12.11-20.37.58:870][918]LogWorld: Bringing up level for play took: 0.002228
[2015.12.11-20.37.58:870][918]LogGameMode: Warning - PATHS NOT DEFINED or NO PLAYERSTART with positive rating
[2015.12.11-20.37.58:912][918]PIE: Info Play in editor start time for /Game/SSA/Maps/UEDPIE_0_Ship_Selection -0.133
[2015.12.11-20.37.58:912][918]LogBlueprintUserMessages: Late PlayInEditor Detection: Level '/Game/SSA/Maps/Ship_Selection.Ship_Selection:PersistentLevel' has LevelScriptBlueprint '/Game/SSA/Maps/Ship_Selection.Ship_Selection:PersistentLevel.Ship_Selection' with GeneratedClass '/Game/SSA/Maps/Ship_Selection.Ship_Selection_C' with ClassGeneratedBy '/Game/SSA/Maps/Ship_Selection.Ship_Selection:PersistentLevel.Ship_Selection'
[2015.12.11-20.38.04:345][ 72]LogPackageName: SearchForPackageOnDisk took   0.111s to resolve Home_Human.umap.
[2015.12.11-20.38.04:453][ 73]LogPackageName: SearchForPackageOnDisk took   0.095s to resolve Home_Human.umap.
[2015.12.11-20.38.04:453][ 73]LogNet: Browse: /Game/SSA/Maps/Home_Human
[2015.12.11-20.38.04:453][ 73]LogLoad: LoadMap: /Game/SSA/Maps/Home_Human
[2015.12.11-20.38.04:491][ 73]LogParticles: Destroying 0 GPU particle simulations for FXSystem 0x000000104158E020
[2015.12.11-20.38.04:497][ 73]Cmd: MEM
[2015.12.11-20.38.04:538][ 73]LogMemory: Platform Memory Stats for Windows
[2015.12.11-20.38.04:538][ 73]LogMemory: Process Physical Memory: 2321.79 MB used, 2339.67 MB peak
[2015.12.11-20.38.04:538][ 73]LogMemory: Process Virtual Memory: 3779.53 MB used, 3796.65 MB peak
[2015.12.11-20.38.04:538][ 73]LogMemory: Physical Memory: 6476.55 MB used, 8124.02 MB total
[2015.12.11-20.38.04:538][ 73]LogMemory: Virtual Memory: 4592.86 MB used, 134217728.00 MB total
[2015.12.11-20.38.04:538][ 73]LogMemory: 
[2015.12.11-20.38.04:538][ 73]Allocator Stats for TBB: (not implemented)
[2015.12.11-20.38.04:565][ 73]LogLinker:Warning: Asset '../../../../../../Users/Jin/Documents/GitHub/Game-Files/SuperSpaceArmada/Content/Mannequin/Animations/ThirdPerson_AnimBP.uasset' has been saved with empty engine version. The asset will be loaded but may be incompatible.
[2015.12.11-20.38.04:567][ 73]LogLinker:Warning: Asset '../../../../../../Users/Jin/Documents/GitHub/Game-Files/SuperSpaceArmada/Content/Mannequin/Animations/ThirdPerson_Jump.uasset' has been saved with empty engine version. The asset will be loaded but may be incompatible.
[2015.12.11-20.38.04:569][ 73]LogLinker:Warning: Asset '../../../../../../Users/Jin/Documents/GitHub/Game-Files/SuperSpaceArmada/Content/Mannequin/Animations/ThirdPersonJump_Loop.uasset' has been saved with empty engine version. The asset will be loaded but may be incompatible.
[2015.12.11-20.38.04:570][ 73]LogLinker:Warning: Asset '../../../../../../Users/Jin/Documents/GitHub/Game-Files/SuperSpaceArmada/Content/Mannequin/Animations/ThirdPersonJump_Start.uasset' has been saved with empty engine version. The asset will be loaded but may be incompatible.
[2015.12.11-20.38.04:571][ 73]LogLinker:Warning: Asset '../../../../../../Users/Jin/Documents/GitHub/Game-Files/SuperSpaceArmada/Content/Mannequin/Animations/ThirdPerson_IdleRun_2D.uasset' has been saved with empty engine version. The asset will be loaded but may be incompatible.
[2015.12.11-20.38.04:572][ 73]LogLinker:Warning: Asset '../../../../../../Users/Jin/Documents/GitHub/Game-Files/SuperSpaceArmada/Content/Mannequin/Animations/ThirdPersonIdle.uasset' has been saved with empty engine version. The asset will be loaded but may be incompatible.
[2015.12.11-20.38.04:573][ 73]LogLinker:Warning: Asset '../../../../../../Users/Jin/Documents/GitHub/Game-Files/SuperSpaceArmada/Content/Mannequin/Animations/ThirdPersonRun.uasset' has been saved with empty engine version. The asset will be loaded but may be incompatible.
[2015.12.11-20.38.04:574][ 73]LogLinker:Warning: Asset '../../../../../../Users/Jin/Documents/GitHub/Game-Files/SuperSpaceArmada/Content/Mannequin/Animations/ThirdPersonWalk.uasset' has been saved with empty engine version. The asset will be loaded but may be incompatible.
[2015.12.11-20.38.05:414][ 73]LogAIModule: Creating AISystem for world Home_Human
[2015.12.11-20.38.05:414][ 73]LogWorld: Game class is 'TopDownGameMode_C'
[2015.12.11-20.38.05:422][ 73]LogWorld:Warning: *** WARNING - PATHS MAY NOT BE VALID ***
[2015.12.11-20.38.05:422][ 73]LogWorld: Bringing World /Game/SSA/Maps/UEDPIE_0_Home_Human.Home_Human up for play (max tick rate 60) at 2015.12.11-15.38.05
[2015.12.11-20.38.05:422][ 73]LogActor:Warning: GameSession /Game/SSA/Maps/UEDPIE_0_Home_Human.Home_Human:PersistentLevel.GameSession_4 has natively added scene component(s), but none of them were set as the actor's RootComponent - picking one arbitrarily
[2015.12.11-20.38.05:422][ 73]LogActor:Warning: GameNetworkManager /Game/SSA/Maps/UEDPIE_0_Home_Human.Home_Human:PersistentLevel.GameNetworkManager_4 has natively added scene component(s), but none of them were set as the actor's RootComponent - picking one arbitrarily
[2015.12.11-20.38.05:422][ 73]LogWorld: Bringing up level for play took: 0.007395
[2015.12.11-20.38.05:425][ 73]LogScript:Warning: Accessed None 'HUD Reference'
	Player_Human_C /Game/SSA/Maps/UEDPIE_0_Home_Human.Home_Human:PersistentLevel.Player_Human_C_1
	Function /Game/SSA/Blueprints/Player_Ships/Player.Player_C:ExecuteUbergraph_Player:129A
[2015.12.11-20.38.05:425][ 73]PIE:Error: Error Accessed None 'HUD Reference' from node Change Portait in graph 'EventGraph' in blueprint Player
[2015.12.11-20.38.16:270][389]LogBlueprintUserMessages: Early EndPlayMap Detection: Level '/Game/SSA/Maps/Ship_Selection.Ship_Selection:PersistentLevel' has LevelScriptBlueprint '/Game/SSA/Maps/Ship_Selection.Ship_Selection:PersistentLevel.Ship_Selection' with GeneratedClass '/Game/SSA/Maps/Ship_Selection.Ship_Selection_C' with ClassGeneratedBy '/Game/SSA/Maps/Ship_Selection.Ship_Selection:PersistentLevel.Ship_Selection'
[2015.12.11-20.38.16:362][389]LogBlueprintUserMessages: Late EndPlayMap Detection: Level '/Game/SSA/Maps/Ship_Selection.Ship_Selection:PersistentLevel' has LevelScriptBlueprint '/Game/SSA/Maps/Ship_Selection.Ship_Selection:PersistentLevel.Ship_Selection' with GeneratedClass '/Game/SSA/Maps/Ship_Selection.Ship_Selection_C' with ClassGeneratedBy '/Game/SSA/Maps/Ship_Selection.Ship_Selection:PersistentLevel.Ship_Selection'
[2015.12.11-20.38.16:429][389]LogParticles: Destroying 0 GPU particle simulations for FXSystem 0x0000001085045A80
[2015.12.11-20.38.28:437][ 83]LogWindows:Error: Windows GetLastError: The operation completed successfully. (0)
[2015.12.11-20.38.29:160][ 83]LogCrashTracker: 


[2015.12.11-20.38.29:165][ 83]LogCrashTracker: 


[2015.12.11-20.38.29:165][ 83]LogWindows: === Critical error: ===
Assertion failed: ((UObject*)ContainerPtr)->IsA((UClass*)GetOuter()) [File:D:\BuildFarm\buildmachine_++depot+UE4-Releases+4.9\Engine\Source\Runtime\CoreUObject\Public\UObject\UnrealType.h] [Line: 308] 
'Default__Player_Human_C' is of class 'Player_Human_C' however property 'ObjectProperty_3249' belongs to class 'TRASHCLASS_Player_448'




[2015.12.11-20.38.29:289][ 83]LogExit: Executing StaticShutdownAfterError
[2015.12.11-20.38.29:316][ 83]LogPhysics:Warning: PHYSX: ..\..\PhysX\src\NpScene.cpp (2946) 8 : PxScene::unlockWrite() called without matching call to PxScene::lockWrite(), behaviour will be undefined.
[2015.12.11-20.38.29:317][ 83]LogPhysics:Warning: PHYSX: ..\..\PhysX\src\NpScene.cpp (2946) 8 : PxScene::unlockWrite() called without matching call to PxScene::lockWrite(), behaviour will be undefined.
[2015.12.11-20.38.29:317][ 83]LogPhysics:Warning: PHYSX: ..\..\PhysX\src\NpScene.cpp (2946) 8 : PxScene::unlockWrite() called without matching call to PxScene::lockWrite(), behaviour will be undefined.
[2015.12.11-20.38.29:317][ 83]LogPhysics:Warning: PHYSX: ..\..\PhysX\src\NpScene.cpp (2946) 8 : PxScene::unlockWrite() called without matching call to PxScene::lockWrite(), behaviour will be undefined.
[2015.12.11-20.38.29:317][ 83]LogPhysics:Warning: PHYSX: ..\..\PhysX\src\NpScene.cpp (2946) 8 : PxScene::unlockWrite() called without matching call to PxScene::lockWrite(), behaviour will be undefined.
[2015.12.11-20.38.29:317][ 83]LogPhysics:Warning: PHYSX: ..\..\PhysX\src\NpScene.cpp (2946) 8 : PxScene::unlockWrite() called without matching call to PxScene::lockWrite(), behaviour will be undefined.
[2015.12.11-20.38.29:318][ 83]LogWindows: FPlatformMisc::RequestExit(1)
[2015.12.11-20.38.29:318][ 83]Log file closed, 12/11/15 15:38:29
