[2015.09.14-07.22.19:601][  0]Log file open, 09/14/15 03:22:19
[2015.09.14-07.22.19:601][  0]LogInit:Display: Running engine for game: SuperSpaceArmada
[2015.09.14-07.22.19:601][  0]LogInit:Display: RandInit(842600644) SRandInit(842600645).
[2015.09.14-07.22.19:601][  0]LogTaskGraph: Started task graph with 4 named threads and 7 total threads.
[2015.09.14-07.22.19:601][  0]LogStats: Stats thread started at 0.082673
[2015.09.14-07.22.19:601][  0]LogInit: Version: 4.9.0-2672455+++depot+UE4-Releases+4.9
[2015.09.14-07.22.19:601][  0]LogInit: API Version: 2672455
[2015.09.14-07.22.19:601][  0]LogInit: Compiled (64-bit): Aug 28 2015 12:33:01
[2015.09.14-07.22.19:601][  0]LogInit: Compiled with Visual C++: 18.00.21005.01
[2015.09.14-07.22.19:601][  0]LogInit: Build Configuration: Development
[2015.09.14-07.22.19:601][  0]LogInit: Branch Name: ++depot+UE4-Releases+4.9
[2015.09.14-07.22.19:601][  0]LogInit: Command line:  
[2015.09.14-07.22.19:601][  0]LogInit: Base directory: C:/Program Files/Unreal Engine/4.9/Engine/Binaries/Win64/
[2015.09.14-07.22.19:601][  0]LogInit: Rocket: 1
[2015.09.14-07.22.19:611][  0]LogInit: Using libcurl 7.41.0
[2015.09.14-07.22.19:611][  0]LogInit:  - built for x86_64-pc-win32
[2015.09.14-07.22.19:611][  0]LogInit:  - supports SSL with WinSSL
[2015.09.14-07.22.19:611][  0]LogInit:  - other features:
[2015.09.14-07.22.19:611][  0]LogInit:      CURL_VERSION_SSL
[2015.09.14-07.22.19:611][  0]LogInit:      CURL_VERSION_IPV6
[2015.09.14-07.22.19:611][  0]LogInit:      CURL_VERSION_ASYNCHDNS
[2015.09.14-07.22.19:611][  0]LogInit:      CURL_VERSION_LARGEFILE
[2015.09.14-07.22.19:611][  0]LogInit:      CURL_VERSION_IDN
[2015.09.14-07.22.19:611][  0]LogInit:  CurlRequestOptions (configurable via config and command line):
[2015.09.14-07.22.19:611][  0]LogInit:  - bVerifyPeer = true  - Libcurl will verify peer certificate
[2015.09.14-07.22.19:611][  0]LogInit:  - bUseHttpProxy = false  - Libcurl will NOT use HTTP proxy
[2015.09.14-07.22.19:611][  0]LogInit:  - bDontReuseConnections = false  - Libcurl will reuse connections
[2015.09.14-07.22.19:611][  0]LogInit:  - CertBundlePath = nullptr  - Libcurl will use whatever was configured at build time.
[2015.09.14-07.22.19:619][  0]LogInit: Presizing for 0 objects not considered by GC, pre-allocating 0 bytes.
[2015.09.14-07.22.19:626][  0]LogInit: Object subsystem initialized
[2015.09.14-07.22.19:627][  0]LogInit: Selected Device Profile: [Windows]
[2015.09.14-07.22.19:627][  0]LogInit: Applying CVar settings loaded from the selected device profile: [Windows]
[2015.09.14-07.22.19:636][  0]LogInit: Computer: LOU
[2015.09.14-07.22.19:636][  0]LogInit: User: LouIII
[2015.09.14-07.22.19:636][  0]LogInit: CPU Page size=4096, Cores=4
[2015.09.14-07.22.19:637][  0]LogInit: High frequency timer resolution =2.338333 MHz
[2015.09.14-07.22.19:637][  0]LogMemory: Memory total: Physical=15.9GB (16GB approx)
[2015.09.14-07.22.19:637][  0]LogMemory: Platform Memory Stats for Windows
[2015.09.14-07.22.19:637][  0]LogMemory: Process Physical Memory: 54.28 MB used, 54.28 MB peak
[2015.09.14-07.22.19:637][  0]LogMemory: Process Virtual Memory: 58.35 MB used, 58.35 MB peak
[2015.09.14-07.22.19:637][  0]LogMemory: Physical Memory: 5994.59 MB used, 16303.71 MB total
[2015.09.14-07.22.19:637][  0]LogMemory: Virtual Memory: 368.41 MB used, 134217728.00 MB total
[2015.09.14-07.22.19:675][  0]LogTextLocalizationManager: No specific translations for ('en-US') exist, so ('en') translations will be used.
[2015.09.14-07.22.20:396][  0]LogD3D11RHI: Found D3D11 adapter 0: NVIDIA GeForce GTX 765M     (Feature Level 11_0)
[2015.09.14-07.22.20:396][  0]LogD3D11RHI: Adapter has 1992MB of dedicated video memory, 0MB of dedicated system memory, and 8151MB of shared system memory, 1 output[s]
[2015.09.14-07.22.20:402][  0]LogD3D11RHI: Found D3D11 adapter 1: Intel(R) HD Graphics 4600 (Feature Level 11_0)
[2015.09.14-07.22.20:402][  0]LogD3D11RHI: Adapter has 112MB of dedicated video memory, 0MB of dedicated system memory, and 8151MB of shared system memory, 0 output[s]
[2015.09.14-07.22.20:403][  0]LogD3D11RHI: Found D3D11 adapter 2: Microsoft Basic Render Driver (Feature Level 11_0)
[2015.09.14-07.22.20:404][  0]LogD3D11RHI: Adapter has 0MB of dedicated video memory, 0MB of dedicated system memory, and 8151MB of shared system memory, 0 output[s]
[2015.09.14-07.22.20:404][  0]LogD3D11RHI: Chosen D3D11 Adapter Id = 0
[2015.09.14-07.22.20:409][  0]LogD3D11RHI: !Direct3DDevice
[2015.09.14-07.22.20:409][  0]LogRHI: Texture pool is 1361 MB (70% of 1945 MB)
[2015.09.14-07.22.20:425][  0]LogD3D11RHI: Async texture creation enabled
[2015.09.14-07.22.20:440][  0]LogShaderCompilers: Guid format shader working directory is 15 characters bigger than the processId version (../../../../../../Users/luisr_000/Documents/Game-Files/SuperSpaceArmada/Intermediate/Shaders/WorkingDirectory/6044/).
[2015.09.14-07.22.20:440][  0]LogShaderCompilers: Cleaned the shader compiler working directory '../../../../../../Users/luisr_000/Documents/Game-Files/SuperSpaceArmada/Intermediate/Shaders/tmp/EFAE71B04C63191BA5154F88A3943211/'.
[2015.09.14-07.22.20:440][  0]LogShaderCompilers:Display: Using Local Shader Compiler.
[2015.09.14-07.22.21:510][  0]LogTemp:Display: Loaded TP AllDesktopTargetPlatform
[2015.09.14-07.22.21:516][  0]LogTemp:Display: Loaded TP WindowsClientTargetPlatform
[2015.09.14-07.22.21:521][  0]LogTemp:Display: Loaded TP WindowsNoEditorTargetPlatform
[2015.09.14-07.22.21:527][  0]LogTemp:Display: Loaded TP WindowsServerTargetPlatform
[2015.09.14-07.22.21:532][  0]LogTemp:Display: Loaded TP WindowsTargetPlatform
[2015.09.14-07.22.21:536][  0]LogTemp:Display: Loaded TP AndroidTargetPlatform
[2015.09.14-07.22.21:539][  0]LogTemp:Display: Loaded TP Android_ASTCTargetPlatform
[2015.09.14-07.22.21:542][  0]LogTemp:Display: Loaded TP Android_ATCTargetPlatform
[2015.09.14-07.22.21:546][  0]LogTemp:Display: Loaded TP Android_DXTTargetPlatform
[2015.09.14-07.22.21:549][  0]LogTemp:Display: Loaded TP Android_ETC1TargetPlatform
[2015.09.14-07.22.21:553][  0]LogTemp:Display: Loaded TP Android_ETC2TargetPlatform
[2015.09.14-07.22.21:556][  0]LogTemp:Display: Loaded TP Android_PVRTCTargetPlatform
[2015.09.14-07.22.21:557][  0]LogTemp:Display: Loaded TP HTML5TargetPlatform
[2015.09.14-07.22.21:574][  0]LogTemp:Display: Loaded TP IOSTargetPlatform
[2015.09.14-07.22.21:577][  0]LogTemp:Display: Loaded TP LinuxNoEditorTargetPlatform
[2015.09.14-07.22.21:580][  0]LogTemp:Display: Loaded TP LinuxServerTargetPlatform
[2015.09.14-07.22.21:583][  0]LogTemp:Display: Loaded TP LinuxTargetPlatform
[2015.09.14-07.22.21:583][  0]LogTargetPlatformManager:Display: Building Assets For Windows
[2015.09.14-07.22.21:672][  0]LogDerivedDataCache:Display: Max Cache Size: 512 MB
[2015.09.14-07.22.21:713][  0]LogDerivedDataCache: Loaded boot cache 0.04s 41MB C:/Users/luisr_000/AppData/Local/UnrealEngine/4.9/DerivedDataCache/Boot.ddc.
[2015.09.14-07.22.21:713][  0]LogDerivedDataCache:Display: Loaded Boot cache: C:/Users/luisr_000/AppData/Local/UnrealEngine/4.9/DerivedDataCache/Boot.ddc
[2015.09.14-07.22.21:713][  0]LogDerivedDataCache: FDerivedDataBackendGraph:  Pak pak cache file ../../../../../../Users/luisr_000/Documents/Game-Files/SuperSpaceArmada/DerivedDataCache/DDC.ddp not found, will not use a pak cache.
[2015.09.14-07.22.21:713][  0]LogDerivedDataCache: Unable to find inner node Pak for hierarchical cache Hierarchy.
[2015.09.14-07.22.21:713][  0]LogDerivedDataCache: FDerivedDataBackendGraph:  CompressedPak pak cache file ../../../../../../Users/luisr_000/Documents/Game-Files/SuperSpaceArmada/DerivedDataCache/Compressed.ddp not found, will not use a pak cache.
[2015.09.14-07.22.21:713][  0]LogDerivedDataCache: Unable to find inner node CompressedPak for hierarchical cache Hierarchy.
[2015.09.14-07.22.21:852][  0]LogDerivedDataCache:Display: Pak cache opened for reading ../../../Engine/DerivedDataCache/Compressed.ddp.
[2015.09.14-07.22.21:864][  0]LogDerivedDataCache: Using Local data cache path C:/Users/luisr_000/AppData/Local/UnrealEngine/Common/DerivedDataCache: Writable
[2015.09.14-07.22.22:025][  0]LogInit: Selected Device Profile: [Windows]
[2015.09.14-07.22.22:027][  0]LogContentStreaming: Texture pool size is 0.000000MB
[2015.09.14-07.22.22:144][  0]LogMeshUtilities: No automatic mesh reduction module available
[2015.09.14-07.22.22:144][  0]LogMeshUtilities: No automatic mesh merging module available
[2015.09.14-07.22.22:370][  0]LogInit: WinSock: version 1.1 (2.2), MaxSocks=32767, MaxUdp=65467
[2015.09.14-07.22.23:033][  0]UdpMessaging: Initializing bridge on interface 0.0.0.0:0 to multicast group 230.0.0.1:6666.
[2015.09.14-07.22.23:132][  0]LogAssetRegistry: FAssetRegistry took 0.0107 seconds to start up
[2015.09.14-07.22.23:307][  0]SourceControl: Info Source control is disabled
[2015.09.14-07.22.23:317][  0]SourceControl: Info Source control is disabled
[2015.09.14-07.22.23:326][  0]SourceControl: Info Source control is disabled
[2015.09.14-07.22.23:336][  0]SourceControl: Info Source control is disabled
[2015.09.14-07.22.23:476][  0]LogLinker:Warning: Asset '../../../Engine/Plugins/Runtime/LeapMotionController/Content/LM_PassthroughMaterial.uasset' has been saved with empty engine version. The asset will be loaded but may be incompatible.
[2015.09.14-07.22.23:551][  0]LogObj: 28361 objects as part of root set at end of initial load.
[2015.09.14-07.22.23:551][  0]LogUObjectAllocator: 6038872 out of 0 bytes used by permanent object pool.
[2015.09.14-07.22.23:606][  0]LogEngine: Initializing Engine...
[2015.09.14-07.22.23:609][  0]LogHMD: Can't find Oculus library dev build: is proper Runtime installed? Version: 0.6.0.0
[2015.09.14-07.22.23:609][  0]LogHMD: SteamVR failed to initialize.  Err: 110
[2015.09.14-07.22.23:722][  0]LogAIModule: Creating AISystem for world NewWorld
[2015.09.14-07.22.23:729][  0]LogInit: XAudio2 using 'Speakers (VIA HD Audio)' : 2 channels at 48 kHz using 32 bits per sample (channel mask 0x3)
[2015.09.14-07.22.23:736][  0]LogInit: FAudioDevice initialized.
[2015.09.14-07.22.23:755][  0]LogDerivedDataCache: Saved boot cache 0.02s 41MB C:/Users/luisr_000/AppData/Local/UnrealEngine/4.9/DerivedDataCache/Boot.ddc.
[2015.09.14-07.22.23:759][  0]LogInit: Texture streaming: Enabled
[2015.09.14-07.22.23:766][  0]LogAnalytics: Creating configured Analytics provider AnalyticsET
[2015.09.14-07.22.23:766][  0]LogAnalytics: [UEEditor.Rocket.Release] APIServer = http://et2.epicgames.com/ET2/. AppVersion = 4.9.0-2672455+++depot+UE4-Releases+4.9
[2015.09.14-07.22.23:766][  0]LogAnalytics: [UEEditor.Rocket.Release] SetUserId 06a592394ae99916f49c3d9c3c9f503a|b280ebf5e1b3428db734f63de3c232be|784865b8-3393-4bba-9a10-0fd663c4f742
[2015.09.14-07.22.23:766][  0]LogAnalytics: [UEEditor.Rocket.Release] AnalyticsET::StartSession
[2015.09.14-07.22.23:781][  0]LogWindowsTextInputMethodSystem:Display: IME system now deactivated.
[2015.09.14-07.22.23:781][  0]LogWindowsTextInputMethodSystem:Display: IME system now deactivated.
[2015.09.14-07.22.23:798][  0]LogInit: Transaction tracking system initialized
[2015.09.14-07.22.23:829][  0]BlueprintLog: New page: Editor Load
[2015.09.14-07.22.23:917][  0]LocalizationService: Info Localization service is disabled
[2015.09.14-07.22.23:994][  0]LogConsoleResponse:Display: 
[2015.09.14-07.22.24:108][  0]LogCook:Display: Done creating registry. It took  0.00s.
[2015.09.14-07.22.24:168][  0]LogFileCache: Scanning file cache for directory 'C:/Users/luisr_000/Documents/Game-Files/SuperSpaceArmada/Content/' took 0.01s
[2015.09.14-07.22.24:168][  0]SourceControl: Info Source control is disabled
[2015.09.14-07.22.24:168][  0]Cmd: MAP LOAD FILE="../../../../../../Users/luisr_000/Documents/Game-Files/SuperSpaceArmada/Content/TopDownBP/Maps/TopDownExampleMap.umap" TEMPLATE=0 SHOWPROGRESS=1 FEATURELEVEL=3
[2015.09.14-07.22.24:168][  0]LogEditorServer:Warning: Can't find file '../../../../../../Users/luisr_000/Documents/Game-Files/SuperSpaceArmada/Content/TopDownBP/Maps/TopDownExampleMap.umap'
[2015.09.14-07.22.24:168][  0]Cmd: MAP CHECKDEP NOCLEARLOG
[2015.09.14-07.22.24:205][  0]MapCheck: Info Map check complete: 0 Error(s), 0 Warning(s), took 36.554ms to complete.
[2015.09.14-07.22.24:205][  0]LogFileHelpers: Loading map 'TopDownExampleMap' took 0.037
[2015.09.14-07.22.24:306][  0]LogCollectionManager: Loaded 0 collections in 0.002313 seconds
[2015.09.14-07.22.24:350][  0]LogFileCache: Scanning file cache for directory 'C:/Users/luisr_000/Documents/Game-Files/SuperSpaceArmada/Saved/Collections/' took 0.01s
[2015.09.14-07.22.24:350][  0]LogFileCache: Scanning file cache for directory 'C:/Users/luisr_000/Documents/Game-Files/SuperSpaceArmada/Content/Developers/LouIII/Collections/' took 0.01s
[2015.09.14-07.22.24:350][  0]LogFileCache: Scanning file cache for directory 'C:/Users/luisr_000/Documents/Game-Files/SuperSpaceArmada/Content/Collections/' took 0.01s
[2015.09.14-07.22.24:350][  0]LogContentBrowser: Native class hierarchy populated in 0.0104 seconds. Added 1867 classes and 333 folders.
[2015.09.14-07.22.24:355][  0]LogCollectionManager: Rebuilt the GUID cache for 0 collections in 0.000003 seconds
[2015.09.14-07.22.24:363][  0]LogContentBrowser: Native class hierarchy updated for 'WidgetCarousel' in 0.0003 seconds. Added 0 classes and 0 folders.
[2015.09.14-07.22.24:410][  0]LogContentBrowser: Native class hierarchy updated for 'AddContentDialog' in 0.0005 seconds. Added 0 classes and 0 folders.
[2015.09.14-07.22.24:414][  0]LogContentBrowser: Native class hierarchy updated for 'SceneOutliner' in 0.0005 seconds. Added 1 classes and 2 folders.
[2015.09.14-07.22.24:440][  0]LogCrashTracker: Crashtracker disabled due to settings.
[2015.09.14-07.22.24:445][  0]LogUObjectGlobals:Warning: Failed to find object 'Class None.'
[2015.09.14-07.22.24:467][  0]LogLoad: Full Startup: 5.40 seconds (BP compile: 0.00 seconds)
[2015.09.14-07.22.24:527][  0]LogContentStreaming: Texture pool size now 1000 MB
[2015.09.14-07.22.24:682][  0]LogRenderer: Reallocating scene render targets to support 1208x576 (Frame:2).
[2015.09.14-07.22.24:812][  2]LogAssetRegistry: Asset discovery search completed in 1.6899 seconds
[2015.09.14-07.22.24:812][  2]LogCollectionManager: Rebuilt the object cache for 0 collections in 0.000001 seconds (found 0 objects)
[2015.09.14-07.22.24:812][  2]LogCollectionManager: Fixed up redirectors for 0 collections in 0.000029 seconds (updated 0 objects)
[2015.09.14-07.22.33:725][523]LogLinker:Warning: Can't find file '/Game/Geometry/Textures/humanShip_emissionmask'
[2015.09.14-07.22.33:725][523]LogLinker:Warning: Can't find file for asset '/Game/Geometry/Textures/humanShip_emissionmask' while loading ../../../../../../Users/luisr_000/Documents/Game-Files/SuperSpaceArmada/Content/Geometry/Meshes/mainShip_low.uasset.
[2015.09.14-07.22.33:725][523]LoadErrors:Error: Error /Game/Geometry/Meshes/mainShip_low : Can't find file for asset. /Game/Geometry/Textures/humanShip_emissionmask
[2015.09.14-07.22.33:728][523]LogLinker:Warning: Can't find file '/Game/Geometry/Textures/humanShip_emissionmask'
[2015.09.14-07.22.33:728][523]LogLinker:Warning: Can't find file for asset '/Game/Geometry/Textures/humanShip_emissionmask' while loading ../../../../../../Users/luisr_000/Documents/Game-Files/SuperSpaceArmada/Content/Geometry/Meshes/mainShip_low.uasset.
[2015.09.14-07.22.33:730][523]LogLinker:Warning: Can't find file '/Game/Geometry/Textures/humanShip_emissionmask'
[2015.09.14-07.22.33:731][523]LoadErrors: Info Failed to load /Game/Geometry/Textures/humanShip_emissionmask.humanShip_emissionmask Referenced by MaterialExpressionTextureSample_10
[2015.09.14-07.22.33:731][523]LogLinker:Warning: Can't find file for asset '/Game/Geometry/Textures/humanShip_emissionmask' while loading NULL.
[2015.09.14-07.22.33:731][523]LogLinker:Warning: Can't find file '/Game/Geometry/Textures/humanShip_emissionmask'
[2015.09.14-07.22.33:731][523]LoadErrors: Info Failed to load /Game/Geometry/Textures/humanShip_emissionmask.humanShip_emissionmask Referenced by MaterialExpressionTextureSample_9
[2015.09.14-07.22.33:731][523]LogLinker:Warning: Can't find file for asset '/Game/Geometry/Textures/humanShip_emissionmask' while loading NULL.
[2015.09.14-07.22.33:734][523]LogMaterial: Missing cached shader map for material mainShip_low, compiling. 
[2015.09.14-07.22.33:734][523]LogMaterial:Warning: Failed to compile Material /Game/Geometry/Meshes/mainShip_low.mainShip_low for platform PCD3D_SM5, Default Material will be used in game.
[2015.09.14-07.22.33:734][523]LogMaterial:Warning: 	(Node TextureSample) TextureSample> Missing input texture
[2015.09.14-07.22.33:749][523]LogMaterial: Missing cached shader map for material mainShip_low, compiling. 
[2015.09.14-07.22.33:750][523]LogMaterial:Warning: Failed to compile Material /Engine/Transient.mainShip_low for platform PCD3D_SM5, Default Material will be used in game.
[2015.09.14-07.22.33:750][523]LogMaterial:Warning: 	(Node TextureSample) TextureSample> Missing input texture
[2015.09.14-07.22.33:846][523]LogMaterial: Missing cached shader map for material mainShip_low, compiling. 
[2015.09.14-07.22.33:847][523]LogMaterial:Warning: Failed to compile Material /Engine/Transient.mainShip_low for platform PCD3D_SM5, Default Material will be used in game.
[2015.09.14-07.22.33:847][523]LogMaterial:Warning: 	(Node TextureSample) TextureSample> Missing input texture
[2015.09.14-07.22.33:847][523]LogMaterial: 0.000080 seconds spent updating 1 materials, 1 interfaces, 0 instances, 0 with static permutations.
[2015.09.14-07.22.33:874][523]LogMaterial: Missing cached shader map for material FMatExpressionPreview MaterialExpressionTextureSample_12, compiling. 
[2015.09.14-07.22.33:880][523]LogMaterial: Missing cached shader map for material FMatExpressionPreview MaterialExpressionTextureSample_13, compiling. 
[2015.09.14-07.22.33:883][523]LogMaterial: Missing cached shader map for material FMatExpressionPreview MaterialExpressionTextureSample_17, compiling. 
[2015.09.14-07.22.33:886][523]LogMaterial: Missing cached shader map for material FMatExpressionPreview MaterialExpressionTextureSample_0, compiling. 
[2015.09.14-07.22.33:889][523]LogMaterial: Missing cached shader map for material FMatExpressionPreview MaterialExpressionTextureSample_20, compiling. 
[2015.09.14-07.22.33:892][523]LogMaterial: Missing cached shader map for material FMatExpressionPreview MaterialExpressionTextureSample_11, compiling. 
[2015.09.14-07.22.33:895][523]LogMaterial: Missing cached shader map for material FMatExpressionPreview MaterialExpressionTextureSample_1, compiling. 
[2015.09.14-07.22.33:898][523]LogMaterial: Missing cached shader map for material FMatExpressionPreview MaterialExpressionVectorParameter_6, compiling. 
[2015.09.14-07.22.33:902][523]LogMaterial: Missing cached shader map for material FMatExpressionPreview MaterialExpressionTextureSample_9, compiling. 
[2015.09.14-07.22.33:903][523]LogMaterial: Missing cached shader map for material FMatExpressionPreview MaterialExpressionVectorParameter_7, compiling. 
[2015.09.14-07.22.33:906][523]LogMaterial: Missing cached shader map for material FMatExpressionPreview MaterialExpressionTextureSample_10, compiling. 
[2015.09.14-07.22.33:911][523]MaterialEditorStats:Error: Error [SM5] (Node TextureSample) TextureSample> Missing input texture
[2015.09.14-07.22.38:195][724]Cmd: MAP LOAD FILE="../../../../../../Users/luisr_000/Documents/Game-Files/SuperSpaceArmada/Content/SSA/Maps/PrototypeLevel.umap" TEMPLATE=0 SHOWPROGRESS=1 FEATURELEVEL=3
[2015.09.14-07.22.38:232][724]LightingResults: New page: Lighting Build
[2015.09.14-07.22.38:235][724]LogContentBrowser: Native class hierarchy updated for 'StatsViewer' in 0.0004 seconds. Added 5 classes and 0 folders.
[2015.09.14-07.22.38:251][724]LoadErrors: New page: Loading map: PrototypeLevel.umap
[2015.09.14-07.22.38:251][724]MapCheck: New page: Map Check
[2015.09.14-07.22.38:251][724]LightingResults: New page: Lighting Build
[2015.09.14-07.22.38:260][724]LogParticles: Destroying 0 GPU particle simulations for FXSystem 0x00000001A4C1E160
[2015.09.14-07.22.38:265][724]LogLinker:Warning: Asset '../../../../../../Users/luisr_000/Documents/Game-Files/SuperSpaceArmada/Content/Mannequin/Animations/ThirdPerson_AnimBP.uasset' has been saved with empty engine version. The asset will be loaded but may be incompatible.
[2015.09.14-07.22.38:267][724]LogLinker:Warning: Asset '../../../../../../Users/luisr_000/Documents/Game-Files/SuperSpaceArmada/Content/Mannequin/Animations/ThirdPerson_Jump.uasset' has been saved with empty engine version. The asset will be loaded but may be incompatible.
[2015.09.14-07.22.38:268][724]LogLinker:Warning: Asset '../../../../../../Users/luisr_000/Documents/Game-Files/SuperSpaceArmada/Content/Mannequin/Animations/ThirdPersonJump_Loop.uasset' has been saved with empty engine version. The asset will be loaded but may be incompatible.
[2015.09.14-07.22.38:269][724]LogLinker:Warning: Asset '../../../../../../Users/luisr_000/Documents/Game-Files/SuperSpaceArmada/Content/Mannequin/Animations/ThirdPersonJump_Start.uasset' has been saved with empty engine version. The asset will be loaded but may be incompatible.
[2015.09.14-07.22.38:270][724]LogLinker:Warning: Asset '../../../../../../Users/luisr_000/Documents/Game-Files/SuperSpaceArmada/Content/Mannequin/Animations/ThirdPerson_IdleRun_2D.uasset' has been saved with empty engine version. The asset will be loaded but may be incompatible.
[2015.09.14-07.22.38:270][724]LogLinker:Warning: Asset '../../../../../../Users/luisr_000/Documents/Game-Files/SuperSpaceArmada/Content/Mannequin/Animations/ThirdPersonIdle.uasset' has been saved with empty engine version. The asset will be loaded but may be incompatible.
[2015.09.14-07.22.38:271][724]LogLinker:Warning: Asset '../../../../../../Users/luisr_000/Documents/Game-Files/SuperSpaceArmada/Content/Mannequin/Animations/ThirdPersonRun.uasset' has been saved with empty engine version. The asset will be loaded but may be incompatible.
[2015.09.14-07.22.38:272][724]LogLinker:Warning: Asset '../../../../../../Users/luisr_000/Documents/Game-Files/SuperSpaceArmada/Content/Mannequin/Animations/ThirdPersonWalk.uasset' has been saved with empty engine version. The asset will be loaded but may be incompatible.
[2015.09.14-07.22.38:717][724]LogLinker:Warning: Can't find file '/Game/Geometry/Textures/humanShip_emissionmask'
[2015.09.14-07.22.38:717][724]LogLinker:Warning: Can't find file for asset '/Game/Geometry/Textures/humanShip_emissionmask' while loading ../../../../../../Users/luisr_000/Documents/Game-Files/SuperSpaceArmada/Content/SSA/Maps/PrototypeLevel.umap.
[2015.09.14-07.22.38:717][724]LoadErrors:Error: Error /Game/SSA/Maps/PrototypeLevel : Can't find file for asset. /Game/Geometry/Textures/humanShip_emissionmask
[2015.09.14-07.22.38:720][724]LogLinker:Warning: Can't find file '/Game/Geometry/Textures/humanShip_emissionmask'
[2015.09.14-07.22.38:720][724]LogLinker:Warning: Can't find file for asset '/Game/Geometry/Textures/humanShip_emissionmask' while loading ../../../../../../Users/luisr_000/Documents/Game-Files/SuperSpaceArmada/Content/SSA/Maps/PrototypeLevel.umap.
[2015.09.14-07.22.38:721][724]LogLinker:Warning: Can't find file '/Game/Geometry/Textures/humanShip_emissionmask'
[2015.09.14-07.22.38:721][724]LogLinker:Warning: Can't find file for asset '/Game/Geometry/Textures/humanShip_emissionmask' while loading NULL.
[2015.09.14-07.22.38:722][724]LogLinker:Warning: Can't find file '/Game/Geometry/Textures/humanShip_emissionmask'
[2015.09.14-07.22.38:722][724]LogLinker:Warning: Can't find file for asset '/Game/Geometry/Textures/humanShip_emissionmask' while loading NULL.
[2015.09.14-07.22.38:738][724]LogLinker:Warning: Can't find file '/Game/Geometry/Textures/humanShip_emissionmask'
[2015.09.14-07.22.38:738][724]LoadErrors: Info Failed to load /Game/Geometry/Textures/humanShip_emissionmask.humanShip_emissionmask Referenced by PersistentLevel
[2015.09.14-07.22.38:738][724]LogLinker:Warning: Can't find file for asset '/Game/Geometry/Textures/humanShip_emissionmask' while loading NULL.
[2015.09.14-07.22.39:069][724]LogAIModule: Creating AISystem for world PrototypeLevel
[2015.09.14-07.22.39:079][724]LogEditorServer: Finished looking for orphan Actors (0.000 secs)
[2015.09.14-07.22.39:128][724]Cmd: MAP CHECKDEP NOCLEARLOG
[2015.09.14-07.22.39:178][724]MapCheck: Info Map check complete: 0 Error(s), 0 Warning(s), took 49.758ms to complete.
[2015.09.14-07.22.39:178][724]LogFileHelpers: Loading map 'PrototypeLevel' took 0.984
[2015.09.14-07.22.50:375][100]LogEditorViewport: Clicking on Actor (LMB): StaticMeshActor (humanShip)
[2015.09.14-07.22.50:913][112]Cmd: CAMERA ALIGN ACTIVEVIEWPORTONLY
[2015.09.14-07.23.03:447][497]LogMaterialEditor: Saving and Compiling material mainShip_low
[2015.09.14-07.23.03:522][497]Cmd: OBJ SAVEPACKAGE PACKAGE="/Game/Geometry/Meshes/mainShip_low" FILE="../../../../../../Users/luisr_000/Documents/Game-Files/SuperSpaceArmada/Content/Geometry/Meshes/mainShip_low.uasset" SILENT=true
[2015.09.14-07.23.03:549][497]LogSavePackage: Save=16.090950ms
[2015.09.14-07.23.03:549][497]LogSavePackage: Moving '../../../../../../Users/luisr_000/Documents/Game-Files/SuperSpaceArmada/Saved/mainShip_low259300D244626342B767B4B4480EF7DD.tmp' to '../../../../../../Users/luisr_000/Documents/Game-Files/SuperSpaceArmada/Content/Geometry/Meshes/mainShip_low.uasset'
[2015.09.14-07.23.03:550][497]LogSavePackage: Total save time: 25.652464ms
[2015.09.14-07.23.03:550][497]LogSavePackage:Warning: Finished SavePackage ../../../../../../Users/luisr_000/Documents/Game-Files/SuperSpaceArmada/Content/Geometry/Meshes/mainShip_low.uasset
[2015.09.14-07.23.05:333][565]LogWindows:Error: Windows GetLastError: The operation completed successfully. (0)
[2015.09.14-07.23.05:510][565]LogCrashTracker: 


[2015.09.14-07.23.05:511][565]LogCrashTracker: 


[2015.09.14-07.23.05:511][565]LogWindows: === Critical error: ===
Assertion failed: IsValid() [File:D:\BuildFarm\buildmachine_++depot+UE4-Releases+4.9\Engine\Source\Runtime\Core\Public\Templates\SharedPointer.h] [Line: 708] 





[2015.09.14-07.23.05:629][565]LogExit: Executing StaticShutdownAfterError
[2015.09.14-07.23.05:633][565]LogPhysics:Warning: PHYSX: ..\..\PhysX\src\NpScene.cpp (2946) 8 : PxScene::unlockWrite() called without matching call to PxScene::lockWrite(), behaviour will be undefined.
[2015.09.14-07.23.05:633][565]LogPhysics:Warning: PHYSX: ..\..\PhysX\src\NpScene.cpp (2946) 8 : PxScene::unlockWrite() called without matching call to PxScene::lockWrite(), behaviour will be undefined.
[2015.09.14-07.23.05:633][565]LogPhysics:Warning: PHYSX: ..\..\PhysX\src\NpScene.cpp (2946) 8 : PxScene::unlockWrite() called without matching call to PxScene::lockWrite(), behaviour will be undefined.
[2015.09.14-07.23.05:633][565]LogPhysics:Warning: PHYSX: ..\..\PhysX\src\NpScene.cpp (2946) 8 : PxScene::unlockWrite() called without matching call to PxScene::lockWrite(), behaviour will be undefined.
[2015.09.14-07.23.05:633][565]LogWindows: FPlatformMisc::RequestExit(1)
[2015.09.14-07.23.05:633][565]Log file closed, 09/14/15 03:23:05
