[2015.11.16-05.54.23:672][  0]Log file open, 11/16/15 00:54:23
[2015.11.16-05.54.23:672][  0]LogInit:Display: Running engine for game: SuperSpaceArmada
[2015.11.16-05.54.23:672][  0]LogInit:Display: RandInit(-281471445) SRandInit(-281471444).
[2015.11.16-05.54.23:672][  0]LogTaskGraph: Started task graph with 4 named threads and 7 total threads.
[2015.11.16-05.54.23:672][  0]LogStats: Stats thread started at 0.204017
[2015.11.16-05.54.23:672][  0]LogInit: Version: 4.9.1-2689999+++depot+UE4-Releases+4.9
[2015.11.16-05.54.23:672][  0]LogInit: API Version: 2672455
[2015.11.16-05.54.23:672][  0]LogInit: Compiled (64-bit): Sep 14 2015 04:12:03
[2015.11.16-05.54.23:672][  0]LogInit: Compiled with Visual C++: 18.00.21005.01
[2015.11.16-05.54.23:672][  0]LogInit: Build Configuration: Development
[2015.11.16-05.54.23:672][  0]LogInit: Branch Name: ++depot+UE4-Releases+4.9
[2015.11.16-05.54.23:672][  0]LogInit: Command line:  
[2015.11.16-05.54.23:672][  0]LogInit: Base directory: C:/Program Files/Epic Games/4.9/Engine/Binaries/Win64/
[2015.11.16-05.54.23:672][  0]LogInit: Rocket: 1
[2015.11.16-05.54.23:755][  0]LogInit: Using libcurl 7.41.0
[2015.11.16-05.54.23:755][  0]LogInit:  - built for x86_64-pc-win32
[2015.11.16-05.54.23:755][  0]LogInit:  - supports SSL with WinSSL
[2015.11.16-05.54.23:755][  0]LogInit:  - other features:
[2015.11.16-05.54.23:755][  0]LogInit:      CURL_VERSION_SSL
[2015.11.16-05.54.23:755][  0]LogInit:      CURL_VERSION_IPV6
[2015.11.16-05.54.23:755][  0]LogInit:      CURL_VERSION_ASYNCHDNS
[2015.11.16-05.54.23:755][  0]LogInit:      CURL_VERSION_LARGEFILE
[2015.11.16-05.54.23:755][  0]LogInit:      CURL_VERSION_IDN
[2015.11.16-05.54.23:755][  0]LogInit:  CurlRequestOptions (configurable via config and command line):
[2015.11.16-05.54.23:755][  0]LogInit:  - bVerifyPeer = true  - Libcurl will verify peer certificate
[2015.11.16-05.54.23:755][  0]LogInit:  - bUseHttpProxy = false  - Libcurl will NOT use HTTP proxy
[2015.11.16-05.54.23:755][  0]LogInit:  - bDontReuseConnections = false  - Libcurl will reuse connections
[2015.11.16-05.54.23:755][  0]LogInit:  - CertBundlePath = nullptr  - Libcurl will use whatever was configured at build time.
[2015.11.16-05.54.23:837][  0]LogInit: Presizing for 0 objects not considered by GC, pre-allocating 0 bytes.
[2015.11.16-05.54.23:843][  0]LogInit: Object subsystem initialized
[2015.11.16-05.54.23:845][  0]LogInit: Selected Device Profile: [Windows]
[2015.11.16-05.54.23:845][  0]LogInit: Applying CVar settings loaded from the selected device profile: [Windows]
[2015.11.16-05.54.23:867][  0]LogInit: Computer: EXIA
[2015.11.16-05.54.23:867][  0]LogInit: User: SGJin
[2015.11.16-05.54.23:867][  0]LogInit: CPU Page size=4096, Cores=4
[2015.11.16-05.54.23:867][  0]LogInit: High frequency timer resolution =2.338349 MHz
[2015.11.16-05.54.23:867][  0]LogMemory: Memory total: Physical=7.9GB (8GB approx)
[2015.11.16-05.54.23:867][  0]LogMemory: Platform Memory Stats for Windows
[2015.11.16-05.54.23:867][  0]LogMemory: Process Physical Memory: 54.92 MB used, 54.92 MB peak
[2015.11.16-05.54.23:867][  0]LogMemory: Process Virtual Memory: 55.34 MB used, 55.34 MB peak
[2015.11.16-05.54.23:867][  0]LogMemory: Physical Memory: 4619.66 MB used, 8124.02 MB total
[2015.11.16-05.54.23:867][  0]LogMemory: Virtual Memory: 364.63 MB used, 134217728.00 MB total
[2015.11.16-05.54.24:363][  0]LogTextLocalizationManager: No specific translations for ('en-US') exist, so ('en') translations will be used.
[2015.11.16-05.54.26:069][  0]LogD3D11RHI: Found D3D11 adapter 0: NVIDIA GeForce GT 740M          (Feature Level 11_0)
[2015.11.16-05.54.26:069][  0]LogD3D11RHI: Adapter has 1996MB of dedicated video memory, 0MB of dedicated system memory, and 4062MB of shared system memory, 1 output[s]
[2015.11.16-05.54.26:076][  0]LogD3D11RHI: Found D3D11 adapter 1: Intel(R) HD Graphics 4600 (Feature Level 11_0)
[2015.11.16-05.54.26:076][  0]LogD3D11RHI: Adapter has 112MB of dedicated video memory, 0MB of dedicated system memory, and 4062MB of shared system memory, 0 output[s]
[2015.11.16-05.54.26:078][  0]LogD3D11RHI: Found D3D11 adapter 2: Microsoft Basic Render Driver (Feature Level 11_0)
[2015.11.16-05.54.26:078][  0]LogD3D11RHI: Adapter has 0MB of dedicated video memory, 0MB of dedicated system memory, and 4062MB of shared system memory, 0 output[s]
[2015.11.16-05.54.26:078][  0]LogD3D11RHI: Chosen D3D11 Adapter Id = 0
[2015.11.16-05.54.26:085][  0]LogD3D11RHI: !Direct3DDevice
[2015.11.16-05.54.26:085][  0]LogRHI: Texture pool is 1361 MB (70% of 1945 MB)
[2015.11.16-05.54.26:101][  0]LogD3D11RHI: Async texture creation enabled
[2015.11.16-05.54.26:117][  0]LogShaderCompilers: Guid format shader working directory is 14 characters bigger than the processId version (../../../../../../Users/Jin/Documents/GitHub/Game-Files/SuperSpaceArmada/Intermediate/Shaders/WorkingDirectory/26736/).
[2015.11.16-05.54.26:117][  0]LogShaderCompilers: Cleaned the shader compiler working directory '../../../../../../Users/Jin/Documents/GitHub/Game-Files/SuperSpaceArmada/Intermediate/Shaders/tmp/2FE03F3D4E1CE3E8DA4615A9C57942B6/'.
[2015.11.16-05.54.26:117][  0]LogShaderCompilers:Display: Using Local Shader Compiler.
[2015.11.16-05.54.31:310][  0]LogTemp:Display: Loaded TP AllDesktopTargetPlatform
[2015.11.16-05.54.31:374][  0]LogTemp:Display: Loaded TP WindowsClientTargetPlatform
[2015.11.16-05.54.31:454][  0]LogTemp:Display: Loaded TP WindowsNoEditorTargetPlatform
[2015.11.16-05.54.31:480][  0]LogTemp:Display: Loaded TP WindowsServerTargetPlatform
[2015.11.16-05.54.31:517][  0]LogTemp:Display: Loaded TP WindowsTargetPlatform
[2015.11.16-05.54.31:568][  0]LogTemp:Display: Loaded TP AndroidTargetPlatform
[2015.11.16-05.54.31:611][  0]LogTemp:Display: Loaded TP Android_ASTCTargetPlatform
[2015.11.16-05.54.31:669][  0]LogTemp:Display: Loaded TP Android_ATCTargetPlatform
[2015.11.16-05.54.31:703][  0]LogTemp:Display: Loaded TP Android_DXTTargetPlatform
[2015.11.16-05.54.31:736][  0]LogTemp:Display: Loaded TP Android_ETC1TargetPlatform
[2015.11.16-05.54.31:801][  0]LogTemp:Display: Loaded TP Android_ETC2TargetPlatform
[2015.11.16-05.54.31:813][  0]LogTemp:Display: Loaded TP Android_PVRTCTargetPlatform
[2015.11.16-05.54.31:832][  0]LogTemp:Display: Loaded TP HTML5TargetPlatform
[2015.11.16-05.54.31:886][  0]LogTemp:Display: Loaded TP IOSTargetPlatform
[2015.11.16-05.54.31:942][  0]LogTemp:Display: Loaded TP LinuxNoEditorTargetPlatform
[2015.11.16-05.54.31:999][  0]LogTemp:Display: Loaded TP LinuxServerTargetPlatform
[2015.11.16-05.54.32:024][  0]LogTemp:Display: Loaded TP LinuxTargetPlatform
[2015.11.16-05.54.32:024][  0]LogTargetPlatformManager:Display: Building Assets For Windows
[2015.11.16-05.54.33:209][  0]LogDerivedDataCache:Display: Max Cache Size: 512 MB
[2015.11.16-05.54.33:823][  0]LogDerivedDataCache: Loaded boot cache 0.61s 41MB C:/Users/Jin/AppData/Local/UnrealEngine/4.9/DerivedDataCache/Boot.ddc.
[2015.11.16-05.54.33:823][  0]LogDerivedDataCache:Display: Loaded Boot cache: C:/Users/Jin/AppData/Local/UnrealEngine/4.9/DerivedDataCache/Boot.ddc
[2015.11.16-05.54.33:823][  0]LogDerivedDataCache: FDerivedDataBackendGraph:  Pak pak cache file ../../../../../../Users/Jin/Documents/GitHub/Game-Files/SuperSpaceArmada/DerivedDataCache/DDC.ddp not found, will not use a pak cache.
[2015.11.16-05.54.33:823][  0]LogDerivedDataCache: Unable to find inner node Pak for hierarchical cache Hierarchy.
[2015.11.16-05.54.33:823][  0]LogDerivedDataCache: FDerivedDataBackendGraph:  CompressedPak pak cache file ../../../../../../Users/Jin/Documents/GitHub/Game-Files/SuperSpaceArmada/DerivedDataCache/Compressed.ddp not found, will not use a pak cache.
[2015.11.16-05.54.33:823][  0]LogDerivedDataCache: Unable to find inner node CompressedPak for hierarchical cache Hierarchy.
[2015.11.16-05.54.34:027][  0]LogDerivedDataCache:Display: Pak cache opened for reading ../../../Engine/DerivedDataCache/Compressed.ddp.
[2015.11.16-05.54.34:054][  0]LogDerivedDataCache: Using Local data cache path C:/Users/Jin/AppData/Local/UnrealEngine/Common/DerivedDataCache: Writable
[2015.11.16-05.54.38:327][  0]LogInit: Selected Device Profile: [Windows]
[2015.11.16-05.54.38:349][  0]LogContentStreaming: Texture pool size is 0.000000MB
[2015.11.16-05.54.38:850][  0]LogMeshUtilities: No automatic mesh reduction module available
[2015.11.16-05.54.38:850][  0]LogMeshUtilities: No automatic mesh merging module available
[2015.11.16-05.54.41:337][  0]LogInit: WinSock: version 1.1 (2.2), MaxSocks=32767, MaxUdp=65467
[2015.11.16-05.55.17:485][  0]LogAssetRegistry: FAssetRegistry took 0.0105 seconds to start up
[2015.11.16-05.55.17:704][  0]UdpMessaging: Initializing bridge on interface 0.0.0.0:0 to multicast group 230.0.0.1:6666.
[2015.11.16-05.55.22:780][  0]SourceControl: Info Source control is disabled
[2015.11.16-05.55.22:839][  0]SourceControl: Info Source control is disabled
[2015.11.16-05.55.23:163][  0]SourceControl: Info Source control is disabled
[2015.11.16-05.55.23:358][  0]SourceControl: Info Source control is disabled
[2015.11.16-05.55.26:134][  0]LogLinker:Warning: Asset '../../../Engine/Plugins/Runtime/LeapMotionController/Content/LM_PassthroughMaterial.uasset' has been saved with empty engine version. The asset will be loaded but may be incompatible.
[2015.11.16-05.55.27:125][  0]LogObj: 28528 objects as part of root set at end of initial load.
[2015.11.16-05.55.27:125][  0]LogUObjectAllocator: 6068464 out of 0 bytes used by permanent object pool.
[2015.11.16-05.55.27:964][  0]LogEngine: Initializing Engine...
[2015.11.16-05.55.27:968][  0]LogHMD: Can't find Oculus library dev build: is proper Runtime installed? Version: 0.7.0.0
[2015.11.16-05.55.28:130][  0]LogHMD: SteamVR failed to initialize.  Err: 110
[2015.11.16-05.55.29:715][  0]LogAIModule: Creating AISystem for world NewWorld
[2015.11.16-05.55.29:728][  0]LogInit: XAudio2 using 'Speakers / HP (IDT High Definition Audio CODEC)' : 2 channels at 48 kHz using 16 bits per sample (channel mask 0x3)
[2015.11.16-05.55.29:791][  0]LogInit: FAudioDevice initialized.
[2015.11.16-05.55.29:820][  0]LogDerivedDataCache: Saved boot cache 0.03s 41MB C:/Users/Jin/AppData/Local/UnrealEngine/4.9/DerivedDataCache/Boot.ddc.
[2015.11.16-05.55.30:022][  0]LogInit: Texture streaming: Enabled
[2015.11.16-05.55.30:219][  0]LogAnalytics: Creating configured Analytics provider AnalyticsET
[2015.11.16-05.55.30:219][  0]LogAnalytics: [UEEditor.Rocket.Release] APIServer = http://et2.epicgames.com/ET2/. AppVersion = 4.9.1-2689999+++depot+UE4-Releases+4.9
[2015.11.16-05.55.30:219][  0]LogAnalytics: [UEEditor.Rocket.Release] SetUserId 435ea4a8489b84c6f4feaab84cbae6c8|e03effeb7bdf4ddc9c712682a578c51b|8a2a019e-36d5-4c55-97e1-833141022920
[2015.11.16-05.55.30:219][  0]LogAnalytics: [UEEditor.Rocket.Release] AnalyticsET::StartSession
[2015.11.16-05.55.30:313][  0]LogWindowsTextInputMethodSystem:Display: IME system now deactivated.
[2015.11.16-05.55.30:377][  0]LogInit: Transaction tracking system initialized
[2015.11.16-05.55.31:078][  0]BlueprintLog: New page: Editor Load
[2015.11.16-05.55.34:263][  0]LocalizationService: Info Localization service is disabled
[2015.11.16-05.55.36:692][  0]LogConsoleResponse:Display: 
[2015.11.16-05.55.40:716][  0]LogCook:Display: Done creating registry. It took  0.00s.
[2015.11.16-05.55.43:345][  0]LogFileCache: Scanning file cache for directory 'C:/Users/Jin/Documents/GitHub/Game-Files/SuperSpaceArmada/Content/' took 0.02s
[2015.11.16-05.55.44:031][  0]SourceControl: Info Source control is disabled
[2015.11.16-05.55.44:031][  0]Cmd: MAP LOAD FILE="../../../../../../Users/Jin/Documents/GitHub/Game-Files/SuperSpaceArmada/Content/SSA/Maps/Home_Kratakos.umap" TEMPLATE=0 SHOWPROGRESS=1 FEATURELEVEL=3
[2015.11.16-05.55.44:243][  0]LightingResults: New page: Lighting Build
[2015.11.16-05.55.44:247][  0]MapCheck: New page: Map Check
[2015.11.16-05.55.44:247][  0]LightingResults: New page: Lighting Build
[2015.11.16-05.55.44:259][  0]LogParticles: Destroying 0 GPU particle simulations for FXSystem 0x00000023CDC1D620
[2015.11.16-05.55.44:904][  0]LogLinker:Warning: Asset '../../../../../../Users/Jin/Documents/GitHub/Game-Files/SuperSpaceArmada/Content/Mannequin/Animations/ThirdPerson_AnimBP.uasset' has been saved with empty engine version. The asset will be loaded but may be incompatible.
[2015.11.16-05.55.45:124][  0]LogLinker:Warning: Asset '../../../../../../Users/Jin/Documents/GitHub/Game-Files/SuperSpaceArmada/Content/Mannequin/Animations/ThirdPerson_Jump.uasset' has been saved with empty engine version. The asset will be loaded but may be incompatible.
[2015.11.16-05.55.45:143][  0]LogLinker:Warning: Asset '../../../../../../Users/Jin/Documents/GitHub/Game-Files/SuperSpaceArmada/Content/Mannequin/Animations/ThirdPersonJump_Loop.uasset' has been saved with empty engine version. The asset will be loaded but may be incompatible.
[2015.11.16-05.55.45:188][  0]LogLinker:Warning: Asset '../../../../../../Users/Jin/Documents/GitHub/Game-Files/SuperSpaceArmada/Content/Mannequin/Animations/ThirdPersonJump_Start.uasset' has been saved with empty engine version. The asset will be loaded but may be incompatible.
[2015.11.16-05.55.45:203][  0]LogLinker:Warning: Asset '../../../../../../Users/Jin/Documents/GitHub/Game-Files/SuperSpaceArmada/Content/Mannequin/Animations/ThirdPerson_IdleRun_2D.uasset' has been saved with empty engine version. The asset will be loaded but may be incompatible.
[2015.11.16-05.55.45:249][  0]LogLinker:Warning: Asset '../../../../../../Users/Jin/Documents/GitHub/Game-Files/SuperSpaceArmada/Content/Mannequin/Animations/ThirdPersonIdle.uasset' has been saved with empty engine version. The asset will be loaded but may be incompatible.
[2015.11.16-05.55.45:346][  0]LogLinker:Warning: Asset '../../../../../../Users/Jin/Documents/GitHub/Game-Files/SuperSpaceArmada/Content/Mannequin/Animations/ThirdPersonRun.uasset' has been saved with empty engine version. The asset will be loaded but may be incompatible.
[2015.11.16-05.55.45:482][  0]LogLinker:Warning: Asset '../../../../../../Users/Jin/Documents/GitHub/Game-Files/SuperSpaceArmada/Content/Mannequin/Animations/ThirdPersonWalk.uasset' has been saved with empty engine version. The asset will be loaded but may be incompatible.
[2015.11.16-05.56.01:387][  0]LogLinker:Warning: Can't find file '/Game/Geometry/Meshes/1M_Cube'
[2015.11.16-05.56.01:387][  0]LogLinker:Warning: Can't find file for asset '/Game/Geometry/Meshes/1M_Cube' while loading ../../../../../../Users/Jin/Documents/GitHub/Game-Files/SuperSpaceArmada/Content/SSA/Blueprints/Objects/Crystal_Spawner.uasset.
[2015.11.16-05.56.01:387][  0]LoadErrors:Error: Error /Game/SSA/Blueprints/Objects/Crystal_Spawner : Can't find file for asset. /Game/Geometry/Meshes/1M_Cube
[2015.11.16-05.56.01:388][  0]LogLinker:Warning: Can't find file '/Game/Geometry/Meshes/1M_Cube'
[2015.11.16-05.56.01:388][  0]LogLinker:Warning: Can't find file for asset '/Game/Geometry/Meshes/1M_Cube' while loading ../../../../../../Users/Jin/Documents/GitHub/Game-Files/SuperSpaceArmada/Content/SSA/Blueprints/Objects/Crystal_Spawner.uasset.
[2015.11.16-05.56.01:388][  0]LoadErrors:Error: Error /Game/SSA/Blueprints/Objects/Crystal_Spawner : Can't find file for asset. /Game/Geometry/Meshes/1M_Cube
[2015.11.16-05.56.01:433][  0]LogLinker:Warning: Can't find file '/Game/Geometry/Meshes/1M_Cube'
[2015.11.16-05.56.01:433][  0]LogLinker:Warning: Can't find file for asset '/Game/Geometry/Meshes/1M_Cube' while loading ../../../../../../Users/Jin/Documents/GitHub/Game-Files/SuperSpaceArmada/Content/SSA/Maps/Home_Kratakos.umap.
[2015.11.16-05.56.01:433][  0]LoadErrors:Error: Error /Game/SSA/Maps/Home_Kratakos : Can't find file for asset. /Game/Geometry/Meshes/1M_Cube
[2015.11.16-05.56.01:433][  0]LogLinker:Warning: Can't find file '/Game/Geometry/Meshes/1M_Cube'
[2015.11.16-05.56.01:433][  0]LogLinker:Warning: Can't find file for asset '/Game/Geometry/Meshes/1M_Cube' while loading ../../../../../../Users/Jin/Documents/GitHub/Game-Files/SuperSpaceArmada/Content/SSA/Maps/Home_Kratakos.umap.
[2015.11.16-05.56.01:433][  0]LoadErrors:Error: Error /Game/SSA/Maps/Home_Kratakos : Can't find file for asset. /Game/Geometry/Meshes/1M_Cube
[2015.11.16-05.56.01:434][  0]LogLinker:Warning: Can't find file '/Game/Geometry/Meshes/1M_Cube'
[2015.11.16-05.56.01:434][  0]LoadErrors: Info Failed to load /Game/Geometry/Meshes/1M_Cube.1M_Cube Referenced by StaticMeshComponent0
[2015.11.16-05.56.01:434][  0]LogLinker:Warning: Can't find file for asset '/Game/Geometry/Meshes/1M_Cube' while loading ../../../../../../Users/Jin/Documents/GitHub/Game-Files/SuperSpaceArmada/Content/SSA/Maps/Home_Kratakos.umap.
[2015.11.16-05.56.01:434][  0]LoadErrors: Info Failed to load /Game/Geometry/Meshes/1M_Cube.1M_Cube Referenced by StaticMeshComponent0
[2015.11.16-05.56.01:434][  0]LoadErrors:Error: Error /Game/SSA/Maps/Home_Kratakos : Can't find file for asset. /Game/Geometry/Meshes/1M_Cube
[2015.11.16-05.56.07:843][  0]LogTexture:Display: Building textures: RING_01 (BGRA8)
[2015.11.16-05.56.07:867][  0]LogTexture:Display: Building textures: LOGO_TEMP (BGRA8)
[2015.11.16-05.56.16:031][  0]LogMaterial: Missing cached shader map for material lambert1, compiling. 
[2015.11.16-05.56.16:032][  0]LogMaterial:Warning: Failed to compile Material /Game/Geometry/Meshes/KratakosFrigate/lambert1.lambert1 for platform PCD3D_SM5, Default Material will be used in game.
[2015.11.16-05.56.16:032][  0]LogMaterial:Warning: 	(Node TextureSample) TextureSample> Missing input texture
[2015.11.16-05.56.17:205][  0]LogTexture:Display: Building textures: cephalonFrigateFins_Metallic (AutoDXT)
[2015.11.16-05.56.18:245][  0]LogTexture:Display: Building textures: cephalonFrigateFins_Roughness (AutoDXT)
[2015.11.16-05.56.19:124][  0]LogTexture:Display: Building textures: cephalonFrigateFins_Base_Color (AutoDXT)
[2015.11.16-05.56.20:554][  0]LogMaterial: Missing cached shader map for material cephalonFrigateFins, compiling. 
[2015.11.16-05.56.20:680][  0]LogTexture:Display: Building textures: cephalonFrigateHull_Metallic (AutoDXT)
[2015.11.16-05.56.23:101][  0]LogTexture:Display: Building textures: cephalonFrigateHull_Base_Color (AutoDXT)
[2015.11.16-05.56.26:030][  0]LogTexture:Display: Building textures: cephalonFrigateHull_Roughness (AutoDXT)
[2015.11.16-05.56.27:246][  0]LogMaterial: Missing cached shader map for material cephalonFrigateHull, compiling. 
[2015.11.16-05.56.27:281][  0]LogTexture:Display: Building textures: cephalonFrigtateCockpit_Metallic (AutoDXT)
[2015.11.16-05.56.28:287][  0]LogTexture:Display: Building textures: cephalonFrigtateCockpit_Roughness (AutoDXT)
[2015.11.16-05.56.29:341][  0]LogTexture:Display: Building textures: cephalonFrigtateCockpit_Base_Color (AutoDXT)
[2015.11.16-05.56.30:141][  0]LogMaterial: Missing cached shader map for material cephalonFrigtateCockpit, compiling. 
[2015.11.16-05.56.30:175][  0]LogMaterial: Missing cached shader map for material energyDiscs, compiling. 
[2015.11.16-05.56.31:293][  0]LogTexture:Display: Building textures: BIGBAR (BGRA8)
[2015.11.16-05.56.31:415][  0]LogTexture:Display: Building textures: BACKGROUND (AutoDXT)
[2015.11.16-05.56.33:467][  0]LogMaterial: Missing cached shader map for material kratakosPlanet_Mat, compiling. 
[2015.11.16-05.56.33:712][  0]LogAIModule: Creating AISystem for world Home_Kratakos
[2015.11.16-05.56.33:840][  0]LogEditorServer: Finished looking for orphan Actors (0.000 secs)
[2015.11.16-05.56.33:842][  0]Cmd: MAP CHECKDEP NOCLEARLOG
[2015.11.16-05.56.34:177][  0]MapCheck: Info Map check complete: 0 Error(s), 0 Warning(s), took 335.032ms to complete.
[2015.11.16-05.56.34:177][  0]LogFileHelpers: Loading map 'Home_Kratakos' took 50.146
[2015.11.16-05.56.35:026][  0]LogCollectionManager: Loaded 0 collections in 0.004924 seconds
[2015.11.16-05.56.35:076][  0]LogFileCache: Scanning file cache for directory 'C:/Users/Jin/Documents/GitHub/Game-Files/SuperSpaceArmada/Saved/Collections/' took 0.01s
[2015.11.16-05.56.35:076][  0]LogFileCache: Scanning file cache for directory 'C:/Users/Jin/Documents/GitHub/Game-Files/SuperSpaceArmada/Content/Developers/SGJin/Collections/' took 0.01s
[2015.11.16-05.56.35:076][  0]LogFileCache: Scanning file cache for directory 'C:/Users/Jin/Documents/GitHub/Game-Files/SuperSpaceArmada/Content/Collections/' took 0.01s
[2015.11.16-05.56.35:076][  0]LogContentBrowser: Native class hierarchy populated in 0.0133 seconds. Added 1882 classes and 339 folders.
[2015.11.16-05.56.35:086][  0]LogCollectionManager: Rebuilt the GUID cache for 0 collections in 0.000010 seconds
[2015.11.16-05.56.35:132][  0]LogContentBrowser: Native class hierarchy updated for 'WidgetCarousel' in 0.0006 seconds. Added 0 classes and 0 folders.
[2015.11.16-05.56.38:017][  0]LogContentBrowser: Native class hierarchy updated for 'AddContentDialog' in 0.0006 seconds. Added 0 classes and 0 folders.
[2015.11.16-05.56.38:145][  0]LogContentBrowser: Native class hierarchy updated for 'SceneOutliner' in 0.0006 seconds. Added 1 classes and 2 folders.
[2015.11.16-05.56.38:699][  0]LogCrashTracker: Crashtracker disabled due to settings.
[2015.11.16-05.56.38:708][  0]LogUObjectGlobals:Warning: Failed to find object 'Class None.'
[2015.11.16-05.56.38:731][  0]LogLoad: Full Startup: 136.89 seconds (BP compile: 1.63 seconds)
[2015.11.16-05.56.38:751][  0]LoadErrors:Error: Error /Game/SSA/Blueprints/Player : Failed import for Player_C /Game/SSA/Blueprints/Player/Player.Default__Player_C
[2015.11.16-05.56.39:156][  0]LogContentStreaming: Texture pool size now 1000 MB
[2015.11.16-05.56.39:490][  0]LogRenderer: Reallocating scene render targets to support 1156x564 (Frame:2).
[2015.11.16-05.56.41:585][ 31]LogAssetRegistry: Asset discovery search completed in 84.1114 seconds
[2015.11.16-05.56.41:585][ 31]LogCollectionManager: Rebuilt the object cache for 0 collections in 0.000001 seconds (found 0 objects)
[2015.11.16-05.56.41:585][ 31]LogCollectionManager: Fixed up redirectors for 0 collections in 0.000062 seconds (updated 0 objects)
[2015.11.16-05.56.54:936][403]LogBlueprintUserMessages: Early PlayInEditor Detection: Level '/Game/SSA/Maps/Home_Kratakos.Home_Kratakos:PersistentLevel' has LevelScriptBlueprint '/Game/SSA/Maps/Home_Kratakos.Home_Kratakos:PersistentLevel.Home_Kratakos' with GeneratedClass '/Game/SSA/Maps/Home_Kratakos.Home_Kratakos_C' with ClassGeneratedBy '/Game/SSA/Maps/Home_Kratakos.Home_Kratakos:PersistentLevel.Home_Kratakos'
[2015.11.16-05.56.54:936][403]LogPlayLevel: PlayLevel: No blueprints needed recompiling
[2015.11.16-05.56.54:936][403]PIE: New page: PIE session: Home_Kratakos (Nov 15, 2015, 7:56:54 PM)
[2015.11.16-05.56.54:936][403]LogPlayLevel: Creating play world package: /Game/SSA/Maps/UEDPIE_0_Home_Kratakos
[2015.11.16-05.56.55:013][403]LogPlayLevel: PIE: StaticDuplicateObject took: (0.076522s)
[2015.11.16-05.56.55:014][403]LogAIModule: Creating AISystem for world Home_Kratakos
[2015.11.16-05.56.55:014][403]LogPlayLevel: PIE: World Init took: (0.000994s)
[2015.11.16-05.56.55:014][403]LogPlayLevel: PIE: Created PIE world by copying editor world from /Game/SSA/Maps/Home_Kratakos.Home_Kratakos to /Game/SSA/Maps/UEDPIE_0_Home_Kratakos.Home_Kratakos (0.077916s)
[2015.11.16-05.56.55:014][403]LogActorComponent: UnregisterComponent: (/Engine/Transient.CharMoveComp) Not registered. Aborting.
[2015.11.16-05.56.55:014][403]LogActorComponent: UnregisterComponent: (/Engine/Transient.CharacterMovementComponent_0) Not registered. Aborting.
[2015.11.16-05.56.55:168][403]LogInit: XAudio2 using 'Speakers / HP (IDT High Definition Audio CODEC)' : 2 channels at 48 kHz using 16 bits per sample (channel mask 0x3)
[2015.11.16-05.56.55:183][403]LogInit: FAudioDevice initialized.
[2015.11.16-05.56.55:298][403]LogWorld: Game class is 'TopDownGameMode_C'
[2015.11.16-05.56.55:305][403]LogWorld:Warning: *** WARNING - PATHS MAY NOT BE VALID ***
[2015.11.16-05.56.55:305][403]LogWorld: Bringing World /Game/SSA/Maps/UEDPIE_0_Home_Kratakos.Home_Kratakos up for play (max tick rate 60) at 2015.11.16-00.56.55
[2015.11.16-05.56.55:305][403]LogActor:Warning: GameSession /Game/SSA/Maps/UEDPIE_0_Home_Kratakos.Home_Kratakos:PersistentLevel.GameSession_0 has natively added scene component(s), but none of them were set as the actor's RootComponent - picking one arbitrarily
[2015.11.16-05.56.55:305][403]LogActor:Warning: GameNetworkManager /Game/SSA/Maps/UEDPIE_0_Home_Kratakos.Home_Kratakos:PersistentLevel.GameNetworkManager_0 has natively added scene component(s), but none of them were set as the actor's RootComponent - picking one arbitrarily
[2015.11.16-05.56.55:305][403]LogWorld: Bringing up level for play took: 0.006091
[2015.11.16-05.56.55:312][403]PIE: Info Play in editor start time for /Game/SSA/Maps/UEDPIE_0_Home_Kratakos 1.091
[2015.11.16-05.56.55:312][403]LogBlueprintUserMessages: Late PlayInEditor Detection: Level '/Game/SSA/Maps/Home_Kratakos.Home_Kratakos:PersistentLevel' has LevelScriptBlueprint '/Game/SSA/Maps/Home_Kratakos.Home_Kratakos:PersistentLevel.Home_Kratakos' with GeneratedClass '/Game/SSA/Maps/Home_Kratakos.Home_Kratakos_C' with ClassGeneratedBy '/Game/SSA/Maps/Home_Kratakos.Home_Kratakos:PersistentLevel.Home_Kratakos'
[2015.11.16-05.57.16:510][223]LogScript:Warning: Accessed None 'CallFunc_K2_GetPawn_ReturnValue'
	EnemyAI1_C /Game/SSA/Maps/UEDPIE_0_Home_Kratakos.Home_Kratakos:PersistentLevel.EnemyAI1_C_0
	Function /Game/SSA/Blueprints/AI/EnemyAI1.EnemyAI1_C:ExecuteUbergraph_EnemyAI1:008C
[2015.11.16-05.57.16:510][223]PIE:Error: Error Accessed None 'CallFunc_K2_GetPawn_ReturnValue' from node Set Value as Vector in graph 'EventGraph' in blueprint EnemyAI1
[2015.11.16-05.57.16:511][223]LogBlueprintUserMessages: [Player_Human_C_0] X=-333.110 Y=-538.072 Z=312.525
[2015.11.16-05.57.19:456][338]LogBlueprintUserMessages: Early EndPlayMap Detection: Level '/Game/SSA/Maps/Home_Kratakos.Home_Kratakos:PersistentLevel' has LevelScriptBlueprint '/Game/SSA/Maps/Home_Kratakos.Home_Kratakos:PersistentLevel.Home_Kratakos' with GeneratedClass '/Game/SSA/Maps/Home_Kratakos.Home_Kratakos_C' with ClassGeneratedBy '/Game/SSA/Maps/Home_Kratakos.Home_Kratakos:PersistentLevel.Home_Kratakos'
[2015.11.16-05.57.19:556][338]LogBlueprintUserMessages: Late EndPlayMap Detection: Level '/Game/SSA/Maps/Home_Kratakos.Home_Kratakos:PersistentLevel' has LevelScriptBlueprint '/Game/SSA/Maps/Home_Kratakos.Home_Kratakos:PersistentLevel.Home_Kratakos' with GeneratedClass '/Game/SSA/Maps/Home_Kratakos.Home_Kratakos_C' with ClassGeneratedBy '/Game/SSA/Maps/Home_Kratakos.Home_Kratakos:PersistentLevel.Home_Kratakos'
[2015.11.16-05.57.19:591][338]LogParticles: Destroying 0 GPU particle simulations for FXSystem 0x00000023E74AC2C0
[2015.11.16-05.57.27:037][531]LogTexture:Display: Building textures: SS_STATIC_KRATAKOS (BGRA8)
[2015.11.16-05.57.27:207][531]LogTexture:Display: Building textures: SS_STATIC_Vultaari (BGRA8)
[2015.11.16-05.57.27:367][531]LogTexture:Display: Building textures: SS_STATIC_Cephalon (BGRA8)
[2015.11.16-05.57.27:493][531]LogTexture:Display: Building textures: SS_start (BGRA8)
[2015.11.16-05.57.27:567][531]LogTexture:Display: Building textures: VultariBG (AutoDXT)
[2015.11.16-05.57.28:996][531]LogMaterial: Missing cached shader map for material VultariBG_Mat, compiling. 
[2015.11.16-05.57.29:009][531]LogTexture:Display: Building textures: SS_previous (BGRA8)
[2015.11.16-05.57.29:021][531]LogTexture:Display: Building textures: shipPreview_cephalon (BGRA8)
[2015.11.16-05.57.29:172][531]LogTexture:Display: Building textures: shipPreview_vultaari (BGRA8)
[2015.11.16-05.57.29:279][531]LogTexture:Display: Building textures: SS_add (BGRA8)
[2015.11.16-05.57.29:461][531]LogTexture:Display: Building textures: shipPreview_human (BGRA8)
[2015.11.16-05.57.29:586][531]LogTexture:Display: Building textures: SS_STATIC_HIVE (BGRA8)
[2015.11.16-05.57.29:822][531]LogTexture:Display: Building textures: SS_STATIC_human (BGRA8)
[2015.11.16-05.57.30:790][531]LogTexture:Display: Building textures: SS_STATIC_DRAGOMIR (BGRA8)
[2015.11.16-05.57.30:982][531]LogTexture:Display: Building textures: SS_back (BGRA8)
[2015.11.16-05.57.30:987][531]LogTexture:Display: Building textures: SS_next (BGRA8)
[2015.11.16-05.57.31:002][531]LogTexture:Display: Building textures: HQ_Lightmap0_1 (AutoDXT)
[2015.11.16-05.57.31:009][531]LogTexture:Display: Building textures: HQ_Lightmap1_2 (AutoDXT)
[2015.11.16-05.57.31:014][531]LogTexture:Display: Building textures: LQ_Lightmap_0_1 (DXT1)
[2015.11.16-05.57.31:016][531]LogTexture:Display: Building textures: LQ_Lightmap_1_2 (DXT1)
[2015.11.16-05.57.31:021][531]LogTexture:Display: Building textures: ShadowMapTexture2D_0 (G8)
[2015.11.16-05.57.31:022][531]LogTexture:Display: Building textures: ShadowMapTexture2D_1 (BGRA8)
[2015.11.16-05.57.31:024][531]LogAIModule: Creating AISystem for world Ship_Selection
[2015.11.16-05.57.31:037][531]LogActorComponent: UnregisterComponent: (/Engine/Transient.CharMoveComp) Not registered. Aborting.
[2015.11.16-05.57.31:037][531]LogActorComponent: UnregisterComponent: (/Engine/Transient.CharacterMovementComponent_1) Not registered. Aborting.
[2015.11.16-05.57.31:099][531]Cmd: MAP LOAD FILE="../../../../../../Users/Jin/Documents/GitHub/Game-Files/SuperSpaceArmada/Content/SSA/Maps/Ship_Selection.umap" TEMPLATE=0 SHOWPROGRESS=1 FEATURELEVEL=3
[2015.11.16-05.57.31:099][531]LightingResults: New page: Lighting Build
[2015.11.16-05.57.31:777][531]LoadErrors: New page: Loading map: Ship_Selection.umap
[2015.11.16-05.57.31:778][531]MapCheck: New page: Map Check
[2015.11.16-05.57.31:778][531]LightingResults: New page: Lighting Build
[2015.11.16-05.57.31:798][531]LogParticles: Destroying 0 GPU particle simulations for FXSystem 0x00000023E79F0B80
[2015.11.16-05.57.31:893][531]LogEditorServer: Finished looking for orphan Actors (0.000 secs)
[2015.11.16-05.57.31:943][531]Cmd: MAP CHECKDEP NOCLEARLOG
[2015.11.16-05.57.32:148][531]MapCheck: Info Map check complete: 0 Error(s), 0 Warning(s), took 205.319ms to complete.
[2015.11.16-05.57.32:149][531]LogFileHelpers: Loading map 'Ship_Selection' took 1.053
[2015.11.16-05.57.34:348][595]LogBlueprintUserMessages: Early PlayInEditor Detection: Level '/Game/SSA/Maps/Ship_Selection.Ship_Selection:PersistentLevel' has LevelScriptBlueprint '/Game/SSA/Maps/Ship_Selection.Ship_Selection:PersistentLevel.Ship_Selection' with GeneratedClass '/Game/SSA/Maps/Ship_Selection.Ship_Selection_C' with ClassGeneratedBy '/Game/SSA/Maps/Ship_Selection.Ship_Selection:PersistentLevel.Ship_Selection'
[2015.11.16-05.57.34:348][595]LogPlayLevel: PlayLevel: No blueprints needed recompiling
[2015.11.16-05.57.34:348][595]PIE: New page: PIE session: Ship_Selection (Nov 15, 2015, 7:57:34 PM)
[2015.11.16-05.57.34:348][595]LogPlayLevel: Creating play world package: /Game/SSA/Maps/UEDPIE_0_Ship_Selection
[2015.11.16-05.57.34:354][595]LogPlayLevel: PIE: StaticDuplicateObject took: (0.005091s)
[2015.11.16-05.57.34:354][595]LogAIModule: Creating AISystem for world Ship_Selection
[2015.11.16-05.57.34:354][595]LogPlayLevel: PIE: World Init took: (0.000572s)
[2015.11.16-05.57.34:354][595]LogPlayLevel: PIE: Created PIE world by copying editor world from /Game/SSA/Maps/Ship_Selection.Ship_Selection to /Game/SSA/Maps/UEDPIE_0_Ship_Selection.Ship_Selection (0.005852s)
[2015.11.16-05.57.34:386][595]LogInit: XAudio2 using 'Speakers / HP (IDT High Definition Audio CODEC)' : 2 channels at 48 kHz using 16 bits per sample (channel mask 0x3)
[2015.11.16-05.57.34:402][595]LogInit: FAudioDevice initialized.
[2015.11.16-05.57.37:268][595]LogLinker:Warning: Can't find file '/Game/TopDownBP/Blueprints/TopDownGameMode'
[2015.11.16-05.57.37:268][595]LogLinker:Warning: Can't find file '/Game/TopDownBP/Blueprints/TopDownGameMode'
[2015.11.16-05.57.37:268][595]LogUObjectGlobals:Warning: Failed to find object 'Class /Game/TopDownBP/Blueprints/TopDownGameMode.TopDownGameMode_C'
[2015.11.16-05.57.37:268][595]LogWorld: Game class is 'GameMode'
[2015.11.16-05.57.37:272][595]LogWorld: Bringing World /Game/SSA/Maps/UEDPIE_0_Ship_Selection.Ship_Selection up for play (max tick rate 60) at 2015.11.16-00.57.37
[2015.11.16-05.57.37:272][595]LogActor:Warning: GameSession /Game/SSA/Maps/UEDPIE_0_Ship_Selection.Ship_Selection:PersistentLevel.GameSession_1 has natively added scene component(s), but none of them were set as the actor's RootComponent - picking one arbitrarily
[2015.11.16-05.57.37:272][595]LogActor:Warning: GameNetworkManager /Game/SSA/Maps/UEDPIE_0_Ship_Selection.Ship_Selection:PersistentLevel.GameNetworkManager_1 has natively added scene component(s), but none of them were set as the actor's RootComponent - picking one arbitrarily
[2015.11.16-05.57.37:273][595]LogWorld: Bringing up level for play took: 0.003682
[2015.11.16-05.57.37:275][595]LogBlueprintUserMessages: [SparklerCharacter_C_1] Hello
[2015.11.16-05.57.37:277][595]PIE: Info Play in editor start time for /Game/SSA/Maps/UEDPIE_0_Ship_Selection 3.055
[2015.11.16-05.57.37:277][595]LogBlueprintUserMessages: Late PlayInEditor Detection: Level '/Game/SSA/Maps/Ship_Selection.Ship_Selection:PersistentLevel' has LevelScriptBlueprint '/Game/SSA/Maps/Ship_Selection.Ship_Selection:PersistentLevel.Ship_Selection' with GeneratedClass '/Game/SSA/Maps/Ship_Selection.Ship_Selection_C' with ClassGeneratedBy '/Game/SSA/Maps/Ship_Selection.Ship_Selection:PersistentLevel.Ship_Selection'
[2015.11.16-05.57.53:368][299]LogBlueprintUserMessages: Early EndPlayMap Detection: Level '/Game/SSA/Maps/Ship_Selection.Ship_Selection:PersistentLevel' has LevelScriptBlueprint '/Game/SSA/Maps/Ship_Selection.Ship_Selection:PersistentLevel.Ship_Selection' with GeneratedClass '/Game/SSA/Maps/Ship_Selection.Ship_Selection_C' with ClassGeneratedBy '/Game/SSA/Maps/Ship_Selection.Ship_Selection:PersistentLevel.Ship_Selection'
[2015.11.16-05.57.53:401][299]LogBlueprintUserMessages: Late EndPlayMap Detection: Level '/Game/SSA/Maps/Ship_Selection.Ship_Selection:PersistentLevel' has LevelScriptBlueprint '/Game/SSA/Maps/Ship_Selection.Ship_Selection:PersistentLevel.Ship_Selection' with GeneratedClass '/Game/SSA/Maps/Ship_Selection.Ship_Selection_C' with ClassGeneratedBy '/Game/SSA/Maps/Ship_Selection.Ship_Selection:PersistentLevel.Ship_Selection'
[2015.11.16-05.57.53:465][299]LogParticles: Destroying 0 GPU particle simulations for FXSystem 0x00000023E7510FE0
[2015.11.16-06.00.16:430][483]LogBlueprintUserMessages: Early PlayInEditor Detection: Level '/Game/SSA/Maps/Ship_Selection.Ship_Selection:PersistentLevel' has LevelScriptBlueprint '/Game/SSA/Maps/Ship_Selection.Ship_Selection:PersistentLevel.Ship_Selection' with GeneratedClass '/Game/SSA/Maps/Ship_Selection.Ship_Selection_C' with ClassGeneratedBy '/Game/SSA/Maps/Ship_Selection.Ship_Selection:PersistentLevel.Ship_Selection'
[2015.11.16-06.00.16:430][483]LogPlayLevel: PlayLevel: No blueprints needed recompiling
[2015.11.16-06.00.16:430][483]PIE: New page: PIE session: Ship_Selection (Nov 15, 2015, 8:00:16 PM)
[2015.11.16-06.00.16:430][483]LogPlayLevel: Creating play world package: /Game/SSA/Maps/UEDPIE_0_Ship_Selection
[2015.11.16-06.00.16:436][483]LogPlayLevel: PIE: StaticDuplicateObject took: (0.005693s)
[2015.11.16-06.00.16:436][483]LogAIModule: Creating AISystem for world Ship_Selection
[2015.11.16-06.00.16:437][483]LogPlayLevel: PIE: World Init took: (0.000833s)
[2015.11.16-06.00.16:437][483]LogPlayLevel: PIE: Created PIE world by copying editor world from /Game/SSA/Maps/Ship_Selection.Ship_Selection to /Game/SSA/Maps/UEDPIE_0_Ship_Selection.Ship_Selection (0.006881s)
[2015.11.16-06.00.16:472][483]LogInit: XAudio2 using 'Speakers / HP (IDT High Definition Audio CODEC)' : 2 channels at 48 kHz using 16 bits per sample (channel mask 0x3)
[2015.11.16-06.00.16:489][483]LogInit: FAudioDevice initialized.
[2015.11.16-06.00.16:523][483]LogLinker:Warning: Can't find file '/Game/TopDownBP/Blueprints/TopDownGameMode'
[2015.11.16-06.00.16:523][483]LogLinker:Warning: Can't find file '/Game/TopDownBP/Blueprints/TopDownGameMode'
[2015.11.16-06.00.16:524][483]LogUObjectGlobals:Warning: Failed to find object 'Class /Game/TopDownBP/Blueprints/TopDownGameMode.TopDownGameMode_C'
[2015.11.16-06.00.16:524][483]LogWorld: Game class is 'GameMode'
[2015.11.16-06.00.16:528][483]LogWorld: Bringing World /Game/SSA/Maps/UEDPIE_0_Ship_Selection.Ship_Selection up for play (max tick rate 60) at 2015.11.16-01.00.16
[2015.11.16-06.00.16:528][483]LogActor:Warning: GameSession /Game/SSA/Maps/UEDPIE_0_Ship_Selection.Ship_Selection:PersistentLevel.GameSession_2 has natively added scene component(s), but none of them were set as the actor's RootComponent - picking one arbitrarily
[2015.11.16-06.00.16:528][483]LogActor:Warning: GameNetworkManager /Game/SSA/Maps/UEDPIE_0_Ship_Selection.Ship_Selection:PersistentLevel.GameNetworkManager_2 has natively added scene component(s), but none of them were set as the actor's RootComponent - picking one arbitrarily
[2015.11.16-06.00.16:529][483]LogWorld: Bringing up level for play took: 0.004117
[2015.11.16-06.00.16:531][483]LogBlueprintUserMessages: [SparklerCharacter_C_1] Hello
[2015.11.16-06.00.16:532][483]PIE: Info Play in editor start time for /Game/SSA/Maps/UEDPIE_0_Ship_Selection 0.311
[2015.11.16-06.00.16:533][483]LogBlueprintUserMessages: Late PlayInEditor Detection: Level '/Game/SSA/Maps/Ship_Selection.Ship_Selection:PersistentLevel' has LevelScriptBlueprint '/Game/SSA/Maps/Ship_Selection.Ship_Selection:PersistentLevel.Ship_Selection' with GeneratedClass '/Game/SSA/Maps/Ship_Selection.Ship_Selection_C' with ClassGeneratedBy '/Game/SSA/Maps/Ship_Selection.Ship_Selection:PersistentLevel.Ship_Selection'
[2015.11.16-06.00.20:514][660]LogBlueprintUserMessages: Early EndPlayMap Detection: Level '/Game/SSA/Maps/Ship_Selection.Ship_Selection:PersistentLevel' has LevelScriptBlueprint '/Game/SSA/Maps/Ship_Selection.Ship_Selection:PersistentLevel.Ship_Selection' with GeneratedClass '/Game/SSA/Maps/Ship_Selection.Ship_Selection_C' with ClassGeneratedBy '/Game/SSA/Maps/Ship_Selection.Ship_Selection:PersistentLevel.Ship_Selection'
[2015.11.16-06.00.20:550][660]LogBlueprintUserMessages: Late EndPlayMap Detection: Level '/Game/SSA/Maps/Ship_Selection.Ship_Selection:PersistentLevel' has LevelScriptBlueprint '/Game/SSA/Maps/Ship_Selection.Ship_Selection:PersistentLevel.Ship_Selection' with GeneratedClass '/Game/SSA/Maps/Ship_Selection.Ship_Selection_C' with ClassGeneratedBy '/Game/SSA/Maps/Ship_Selection.Ship_Selection:PersistentLevel.Ship_Selection'
[2015.11.16-06.00.20:592][661]LogParticles: Destroying 0 GPU particle simulations for FXSystem 0x00000023D6B59620
[2015.11.16-06.00.27:304][908]LogBlueprintUserMessages: Early PlayInEditor Detection: Level '/Game/SSA/Maps/Ship_Selection.Ship_Selection:PersistentLevel' has LevelScriptBlueprint '/Game/SSA/Maps/Ship_Selection.Ship_Selection:PersistentLevel.Ship_Selection' with GeneratedClass '/Game/SSA/Maps/Ship_Selection.Ship_Selection_C' with ClassGeneratedBy '/Game/SSA/Maps/Ship_Selection.Ship_Selection:PersistentLevel.Ship_Selection'
[2015.11.16-06.00.27:304][908]LogPlayLevel: PlayLevel: No blueprints needed recompiling
[2015.11.16-06.00.27:304][908]PIE: New page: PIE session: Ship_Selection (Nov 15, 2015, 8:00:27 PM)
[2015.11.16-06.00.27:304][908]LogPlayLevel: Creating play world package: /Game/SSA/Maps/UEDPIE_0_Ship_Selection
[2015.11.16-06.00.27:310][908]LogPlayLevel: PIE: StaticDuplicateObject took: (0.005784s)
[2015.11.16-06.00.27:310][908]LogAIModule: Creating AISystem for world Ship_Selection
[2015.11.16-06.00.27:310][908]LogPlayLevel: PIE: World Init took: (0.000742s)
[2015.11.16-06.00.27:311][908]LogPlayLevel: PIE: Created PIE world by copying editor world from /Game/SSA/Maps/Ship_Selection.Ship_Selection to /Game/SSA/Maps/UEDPIE_0_Ship_Selection.Ship_Selection (0.006807s)
[2015.11.16-06.00.27:349][908]LogInit: XAudio2 using 'Speakers / HP (IDT High Definition Audio CODEC)' : 2 channels at 48 kHz using 16 bits per sample (channel mask 0x3)
[2015.11.16-06.00.27:364][908]LogInit: FAudioDevice initialized.
[2015.11.16-06.00.27:397][908]LogLinker:Warning: Can't find file '/Game/TopDownBP/Blueprints/TopDownGameMode'
[2015.11.16-06.00.27:397][908]LogLinker:Warning: Can't find file '/Game/TopDownBP/Blueprints/TopDownGameMode'
[2015.11.16-06.00.27:397][908]LogUObjectGlobals:Warning: Failed to find object 'Class /Game/TopDownBP/Blueprints/TopDownGameMode.TopDownGameMode_C'
[2015.11.16-06.00.27:397][908]LogWorld: Game class is 'GameMode'
[2015.11.16-06.00.27:402][908]LogWorld: Bringing World /Game/SSA/Maps/UEDPIE_0_Ship_Selection.Ship_Selection up for play (max tick rate 60) at 2015.11.16-01.00.27
[2015.11.16-06.00.27:402][908]LogActor:Warning: GameSession /Game/SSA/Maps/UEDPIE_0_Ship_Selection.Ship_Selection:PersistentLevel.GameSession_3 has natively added scene component(s), but none of them were set as the actor's RootComponent - picking one arbitrarily
[2015.11.16-06.00.27:403][908]LogActor:Warning: GameNetworkManager /Game/SSA/Maps/UEDPIE_0_Ship_Selection.Ship_Selection:PersistentLevel.GameNetworkManager_3 has natively added scene component(s), but none of them were set as the actor's RootComponent - picking one arbitrarily
[2015.11.16-06.00.27:404][908]LogWorld: Bringing up level for play took: 0.005411
[2015.11.16-06.00.27:407][908]LogBlueprintUserMessages: [SparklerCharacter_C_1] Hello
[2015.11.16-06.00.27:409][908]PIE: Info Play in editor start time for /Game/SSA/Maps/UEDPIE_0_Ship_Selection -0.812
[2015.11.16-06.00.27:410][908]LogBlueprintUserMessages: Late PlayInEditor Detection: Level '/Game/SSA/Maps/Ship_Selection.Ship_Selection:PersistentLevel' has LevelScriptBlueprint '/Game/SSA/Maps/Ship_Selection.Ship_Selection:PersistentLevel.Ship_Selection' with GeneratedClass '/Game/SSA/Maps/Ship_Selection.Ship_Selection_C' with ClassGeneratedBy '/Game/SSA/Maps/Ship_Selection.Ship_Selection:PersistentLevel.Ship_Selection'
[2015.11.16-06.00.35:586][284]LogBlueprintUserMessages: Early EndPlayMap Detection: Level '/Game/SSA/Maps/Ship_Selection.Ship_Selection:PersistentLevel' has LevelScriptBlueprint '/Game/SSA/Maps/Ship_Selection.Ship_Selection:PersistentLevel.Ship_Selection' with GeneratedClass '/Game/SSA/Maps/Ship_Selection.Ship_Selection_C' with ClassGeneratedBy '/Game/SSA/Maps/Ship_Selection.Ship_Selection:PersistentLevel.Ship_Selection'
[2015.11.16-06.00.35:619][284]LogBlueprintUserMessages: Late EndPlayMap Detection: Level '/Game/SSA/Maps/Ship_Selection.Ship_Selection:PersistentLevel' has LevelScriptBlueprint '/Game/SSA/Maps/Ship_Selection.Ship_Selection:PersistentLevel.Ship_Selection' with GeneratedClass '/Game/SSA/Maps/Ship_Selection.Ship_Selection_C' with ClassGeneratedBy '/Game/SSA/Maps/Ship_Selection.Ship_Selection:PersistentLevel.Ship_Selection'
[2015.11.16-06.00.35:659][285]LogParticles: Destroying 0 GPU particle simulations for FXSystem 0x00000023BB5B1EE0
[2015.11.16-06.01.58:551][285]LogEditorViewport: Clicking on Actor (LMB): StaticMeshActor (Cube)
[2015.11.16-06.04.23:242][818]LogBlueprintUserMessages: Early PlayInEditor Detection: Level '/Game/SSA/Maps/Ship_Selection.Ship_Selection:PersistentLevel' has LevelScriptBlueprint '/Game/SSA/Maps/Ship_Selection.Ship_Selection:PersistentLevel.Ship_Selection' with GeneratedClass '/Game/SSA/Maps/Ship_Selection.Ship_Selection_C' with ClassGeneratedBy '/Game/SSA/Maps/Ship_Selection.Ship_Selection:PersistentLevel.Ship_Selection'
[2015.11.16-06.04.23:242][818]LogPlayLevel: PlayLevel: No blueprints needed recompiling
[2015.11.16-06.04.23:242][818]PIE: New page: PIE session: Ship_Selection (Nov 15, 2015, 8:04:23 PM)
[2015.11.16-06.04.23:242][818]LogPlayLevel: Creating play world package: /Game/SSA/Maps/UEDPIE_0_Ship_Selection
[2015.11.16-06.04.23:247][818]LogPlayLevel: PIE: StaticDuplicateObject took: (0.005583s)
[2015.11.16-06.04.23:248][818]LogAIModule: Creating AISystem for world Ship_Selection
[2015.11.16-06.04.23:248][818]LogPlayLevel: PIE: World Init took: (0.000800s)
[2015.11.16-06.04.23:249][818]LogPlayLevel: PIE: Created PIE world by copying editor world from /Game/SSA/Maps/Ship_Selection.Ship_Selection to /Game/SSA/Maps/UEDPIE_0_Ship_Selection.Ship_Selection (0.006630s)
[2015.11.16-06.04.23:282][818]LogInit: XAudio2 using 'Speakers / HP (IDT High Definition Audio CODEC)' : 2 channels at 48 kHz using 16 bits per sample (channel mask 0x3)
[2015.11.16-06.04.23:299][818]LogInit: FAudioDevice initialized.
[2015.11.16-06.04.23:337][818]LogLinker:Warning: Can't find file '/Game/TopDownBP/Blueprints/TopDownGameMode'
[2015.11.16-06.04.23:338][818]LogLinker:Warning: Can't find file '/Game/TopDownBP/Blueprints/TopDownGameMode'
[2015.11.16-06.04.23:338][818]LogUObjectGlobals:Warning: Failed to find object 'Class /Game/TopDownBP/Blueprints/TopDownGameMode.TopDownGameMode_C'
[2015.11.16-06.04.23:338][818]LogWorld: Game class is 'GameMode'
[2015.11.16-06.04.23:341][818]LogWorld: Bringing World /Game/SSA/Maps/UEDPIE_0_Ship_Selection.Ship_Selection up for play (max tick rate 60) at 2015.11.16-01.04.23
[2015.11.16-06.04.23:341][818]LogActor:Warning: GameSession /Game/SSA/Maps/UEDPIE_0_Ship_Selection.Ship_Selection:PersistentLevel.GameSession_4 has natively added scene component(s), but none of them were set as the actor's RootComponent - picking one arbitrarily
[2015.11.16-06.04.23:341][818]LogActor:Warning: GameNetworkManager /Game/SSA/Maps/UEDPIE_0_Ship_Selection.Ship_Selection:PersistentLevel.GameNetworkManager_4 has natively added scene component(s), but none of them were set as the actor's RootComponent - picking one arbitrarily
[2015.11.16-06.04.23:342][818]LogWorld: Bringing up level for play took: 0.003475
[2015.11.16-06.04.23:344][818]LogBlueprintUserMessages: [SparklerCharacter_C_1] Hello
[2015.11.16-06.04.23:346][818]PIE: Info Play in editor start time for /Game/SSA/Maps/UEDPIE_0_Ship_Selection -0.876
[2015.11.16-06.04.23:346][818]LogBlueprintUserMessages: Late PlayInEditor Detection: Level '/Game/SSA/Maps/Ship_Selection.Ship_Selection:PersistentLevel' has LevelScriptBlueprint '/Game/SSA/Maps/Ship_Selection.Ship_Selection:PersistentLevel.Ship_Selection' with GeneratedClass '/Game/SSA/Maps/Ship_Selection.Ship_Selection_C' with ClassGeneratedBy '/Game/SSA/Maps/Ship_Selection.Ship_Selection:PersistentLevel.Ship_Selection'
[2015.11.16-06.04.31:209][181]LogBlueprintUserMessages: Early EndPlayMap Detection: Level '/Game/SSA/Maps/Ship_Selection.Ship_Selection:PersistentLevel' has LevelScriptBlueprint '/Game/SSA/Maps/Ship_Selection.Ship_Selection:PersistentLevel.Ship_Selection' with GeneratedClass '/Game/SSA/Maps/Ship_Selection.Ship_Selection_C' with ClassGeneratedBy '/Game/SSA/Maps/Ship_Selection.Ship_Selection:PersistentLevel.Ship_Selection'
[2015.11.16-06.04.31:267][181]LogBlueprintUserMessages: Late EndPlayMap Detection: Level '/Game/SSA/Maps/Ship_Selection.Ship_Selection:PersistentLevel' has LevelScriptBlueprint '/Game/SSA/Maps/Ship_Selection.Ship_Selection:PersistentLevel.Ship_Selection' with GeneratedClass '/Game/SSA/Maps/Ship_Selection.Ship_Selection_C' with ClassGeneratedBy '/Game/SSA/Maps/Ship_Selection.Ship_Selection:PersistentLevel.Ship_Selection'
[2015.11.16-06.04.31:307][182]LogParticles: Destroying 0 GPU particle simulations for FXSystem 0x00000023D5DC5EE0
[2015.11.16-06.04.33:521][264]LogAIModule: Creating AISystem for world Menu
[2015.11.16-06.04.33:551][264]Cmd: MAP LOAD FILE="../../../../../../Users/Jin/Documents/GitHub/Game-Files/SuperSpaceArmada/Content/SSA/Maps/Menu.umap" TEMPLATE=0 SHOWPROGRESS=1 FEATURELEVEL=3
[2015.11.16-06.04.33:551][264]LightingResults: New page: Lighting Build
[2015.11.16-06.04.33:579][264]LoadErrors: New page: Loading map: Menu.umap
[2015.11.16-06.04.33:580][264]MapCheck: New page: Map Check
[2015.11.16-06.04.33:580][264]LightingResults: New page: Lighting Build
[2015.11.16-06.04.33:601][264]LogParticles: Destroying 0 GPU particle simulations for FXSystem 0x00000023E722C7C0
[2015.11.16-06.04.33:685][264]LogEditorServer: Finished looking for orphan Actors (0.000 secs)
[2015.11.16-06.04.33:733][264]Cmd: MAP CHECKDEP NOCLEARLOG
[2015.11.16-06.04.33:933][264]MapCheck: Info Map check complete: 0 Error(s), 0 Warning(s), took 199.594ms to complete.
[2015.11.16-06.04.33:933][264]LogFileHelpers: Loading map 'Menu' took 0.385
[2015.11.16-06.04.35:495][341]LogBlueprintUserMessages: Early PlayInEditor Detection: Level '/Game/SSA/Maps/Menu.Menu:PersistentLevel' has LevelScriptBlueprint '/Game/SSA/Maps/Menu.Menu:PersistentLevel.Menu' with GeneratedClass '/Game/SSA/Maps/Menu.Menu_C' with ClassGeneratedBy '/Game/SSA/Maps/Menu.Menu:PersistentLevel.Menu'
[2015.11.16-06.04.35:496][341]LogPlayLevel: PlayLevel: No blueprints needed recompiling
[2015.11.16-06.04.35:496][341]PIE: New page: PIE session: Menu (Nov 15, 2015, 8:04:35 PM)
[2015.11.16-06.04.35:496][341]LogPlayLevel: Creating play world package: /Game/SSA/Maps/UEDPIE_0_Menu
[2015.11.16-06.04.35:499][341]LogPlayLevel: PIE: StaticDuplicateObject took: (0.002769s)
[2015.11.16-06.04.35:499][341]LogAIModule: Creating AISystem for world Menu
[2015.11.16-06.04.35:499][341]LogPlayLevel: PIE: World Init took: (0.000658s)
[2015.11.16-06.04.35:499][341]LogPlayLevel: PIE: Created PIE world by copying editor world from /Game/SSA/Maps/Menu.Menu to /Game/SSA/Maps/UEDPIE_0_Menu.Menu (0.003705s)
[2015.11.16-06.04.35:533][341]LogInit: XAudio2 using 'Speakers / HP (IDT High Definition Audio CODEC)' : 2 channels at 48 kHz using 16 bits per sample (channel mask 0x3)
[2015.11.16-06.04.35:548][341]LogInit: FAudioDevice initialized.
[2015.11.16-06.04.35:582][341]LogWorld: Game class is 'TopDownGameMode_C'
[2015.11.16-06.04.35:583][341]LogWorld: Bringing World /Game/SSA/Maps/UEDPIE_0_Menu.Menu up for play (max tick rate 60) at 2015.11.16-01.04.35
[2015.11.16-06.04.35:583][341]LogActor:Warning: GameSession /Game/SSA/Maps/UEDPIE_0_Menu.Menu:PersistentLevel.GameSession_5 has natively added scene component(s), but none of them were set as the actor's RootComponent - picking one arbitrarily
[2015.11.16-06.04.35:583][341]LogActor:Warning: GameNetworkManager /Game/SSA/Maps/UEDPIE_0_Menu.Menu:PersistentLevel.GameNetworkManager_5 has natively added scene component(s), but none of them were set as the actor's RootComponent - picking one arbitrarily
[2015.11.16-06.04.35:583][341]LogWorld: Bringing up level for play took: 0.000894
[2015.11.16-06.04.35:589][341]PIE: Info Play in editor start time for /Game/SSA/Maps/UEDPIE_0_Menu -0.632
[2015.11.16-06.04.35:590][341]LogBlueprintUserMessages: Late PlayInEditor Detection: Level '/Game/SSA/Maps/Menu.Menu:PersistentLevel' has LevelScriptBlueprint '/Game/SSA/Maps/Menu.Menu:PersistentLevel.Menu' with GeneratedClass '/Game/SSA/Maps/Menu.Menu_C' with ClassGeneratedBy '/Game/SSA/Maps/Menu.Menu:PersistentLevel.Menu'
[2015.11.16-06.04.35:655][345]LogBlueprintUserMessages: [MainMenu_C_0] Hello
[2015.11.16-06.04.35:656][345]LogBlueprintUserMessages: [MainMenu_C_0] yes
[2015.11.16-06.04.50:257][221]LogBlueprintUserMessages: Early EndPlayMap Detection: Level '/Game/SSA/Maps/Menu.Menu:PersistentLevel' has LevelScriptBlueprint '/Game/SSA/Maps/Menu.Menu:PersistentLevel.Menu' with GeneratedClass '/Game/SSA/Maps/Menu.Menu_C' with ClassGeneratedBy '/Game/SSA/Maps/Menu.Menu:PersistentLevel.Menu'
[2015.11.16-06.04.50:288][221]LogBlueprintUserMessages: Late EndPlayMap Detection: Level '/Game/SSA/Maps/Menu.Menu:PersistentLevel' has LevelScriptBlueprint '/Game/SSA/Maps/Menu.Menu:PersistentLevel.Menu' with GeneratedClass '/Game/SSA/Maps/Menu.Menu_C' with ClassGeneratedBy '/Game/SSA/Maps/Menu.Menu:PersistentLevel.Menu'
[2015.11.16-06.04.50:324][222]LogParticles: Destroying 0 GPU particle simulations for FXSystem 0x00000023D963DD00
[2015.11.16-06.04.52:048][300]LogAIModule: Creating AISystem for world Home_Kratakos
[2015.11.16-06.04.52:049][300]LogParticles:Warning: InitializeSystem called on an unregistered component. Template=/Game/Effects/Particles/P_Radiation_Long.P_Radiation_Long Component=/Game/SSA/Maps/Home_Kratakos.Home_Kratakos:PersistentLevel.P_Radiation_Long_2.ParticleSystemComponent0
[2015.11.16-06.04.52:049][300]LogParticles:Warning: InitializeSystem called on an unregistered component. Template=/Game/Effects/Particles/P_Radiation_Long.P_Radiation_Long Component=/Game/SSA/Maps/Home_Kratakos.Home_Kratakos:PersistentLevel.P_Radiation_Long2.ParticleSystemComponent0
[2015.11.16-06.04.52:049][300]LogParticles:Warning: InitializeSystem called on an unregistered component. Template=/Game/Effects/Particles/P_Radiation_Long.P_Radiation_Long Component=/Game/SSA/Maps/Home_Kratakos.Home_Kratakos:PersistentLevel.P_Radiation_Long3.ParticleSystemComponent0
[2015.11.16-06.04.52:049][300]LogParticles:Warning: InitializeSystem called on an unregistered component. Template=/Game/Effects/Particles/P_Radiation_Long.P_Radiation_Long Component=/Game/SSA/Maps/Home_Kratakos.Home_Kratakos:PersistentLevel.P_Radiation_Long4.ParticleSystemComponent0
[2015.11.16-06.04.52:049][300]LogParticles:Warning: InitializeSystem called on an unregistered component. Template=/Game/Effects/Particles/P_Stars.P_Stars Component=/Game/SSA/Maps/Home_Kratakos.Home_Kratakos:PersistentLevel.P_Stars_2.ParticleSystemComponent0
[2015.11.16-06.04.52:050][300]LogParticles:Warning: InitializeSystem called on an unregistered component. Template=/Game/Effects/Particles/P_Blackhole.P_Blackhole Component=/Game/SSA/Maps/Home_Kratakos.Home_Kratakos:PersistentLevel.P_Blackhole_2.ParticleSystemComponent0
[2015.11.16-06.04.52:081][300]Cmd: MAP LOAD FILE="../../../../../../Users/Jin/Documents/GitHub/Game-Files/SuperSpaceArmada/Content/SSA/Maps/Home_Kratakos.umap" TEMPLATE=0 SHOWPROGRESS=1 FEATURELEVEL=3
[2015.11.16-06.04.52:081][300]LightingResults: New page: Lighting Build
[2015.11.16-06.04.52:107][300]LoadErrors: New page: Loading map: Home_Kratakos.umap
[2015.11.16-06.04.52:108][300]MapCheck: New page: Map Check
[2015.11.16-06.04.52:108][300]LightingResults: New page: Lighting Build
[2015.11.16-06.04.52:132][300]LogParticles: Destroying 0 GPU particle simulations for FXSystem 0x00000023E71A1F80
[2015.11.16-06.04.52:209][300]LogEditorServer: Finished looking for orphan Actors (0.000 secs)
[2015.11.16-06.04.52:260][300]Cmd: MAP CHECKDEP NOCLEARLOG
[2015.11.16-06.04.52:459][300]MapCheck: Info Map check complete: 0 Error(s), 0 Warning(s), took 198.706ms to complete.
[2015.11.16-06.04.52:459][300]LogFileHelpers: Loading map 'Home_Kratakos' took 0.380
[2015.11.16-06.04.54:564][367]LogBlueprintUserMessages: Early PlayInEditor Detection: Level '/Game/SSA/Maps/Home_Kratakos.Home_Kratakos:PersistentLevel' has LevelScriptBlueprint '/Game/SSA/Maps/Home_Kratakos.Home_Kratakos:PersistentLevel.Home_Kratakos' with GeneratedClass '/Game/SSA/Maps/Home_Kratakos.Home_Kratakos_C' with ClassGeneratedBy '/Game/SSA/Maps/Home_Kratakos.Home_Kratakos:PersistentLevel.Home_Kratakos'
[2015.11.16-06.04.54:564][367]LogPlayLevel: PlayLevel: No blueprints needed recompiling
[2015.11.16-06.04.54:564][367]PIE: New page: PIE session: Home_Kratakos (Nov 15, 2015, 8:04:54 PM)
[2015.11.16-06.04.54:565][367]LogPlayLevel: Creating play world package: /Game/SSA/Maps/UEDPIE_0_Home_Kratakos
[2015.11.16-06.04.54:602][367]LogPlayLevel: PIE: StaticDuplicateObject took: (0.037201s)
[2015.11.16-06.04.54:603][367]LogAIModule: Creating AISystem for world Home_Kratakos
[2015.11.16-06.04.54:603][367]LogPlayLevel: PIE: World Init took: (0.001130s)
[2015.11.16-06.04.54:603][367]LogPlayLevel: PIE: Created PIE world by copying editor world from /Game/SSA/Maps/Home_Kratakos.Home_Kratakos to /Game/SSA/Maps/UEDPIE_0_Home_Kratakos.Home_Kratakos (0.038657s)
[2015.11.16-06.04.54:636][367]LogInit: XAudio2 using 'Speakers / HP (IDT High Definition Audio CODEC)' : 2 channels at 48 kHz using 16 bits per sample (channel mask 0x3)
[2015.11.16-06.04.54:650][367]LogInit: FAudioDevice initialized.
[2015.11.16-06.04.54:684][367]LogWorld: Game class is 'TopDownGameMode_C'
[2015.11.16-06.04.54:691][367]LogWorld:Warning: *** WARNING - PATHS MAY NOT BE VALID ***
[2015.11.16-06.04.54:691][367]LogWorld: Bringing World /Game/SSA/Maps/UEDPIE_0_Home_Kratakos.Home_Kratakos up for play (max tick rate 60) at 2015.11.16-01.04.54
[2015.11.16-06.04.54:691][367]LogActor:Warning: GameSession /Game/SSA/Maps/UEDPIE_0_Home_Kratakos.Home_Kratakos:PersistentLevel.GameSession_6 has natively added scene component(s), but none of them were set as the actor's RootComponent - picking one arbitrarily
[2015.11.16-06.04.54:691][367]LogActor:Warning: GameNetworkManager /Game/SSA/Maps/UEDPIE_0_Home_Kratakos.Home_Kratakos:PersistentLevel.GameNetworkManager_6 has natively added scene component(s), but none of them were set as the actor's RootComponent - picking one arbitrarily
[2015.11.16-06.04.54:691][367]LogWorld: Bringing up level for play took: 0.005811
[2015.11.16-06.04.54:696][367]PIE: Info Play in editor start time for /Game/SSA/Maps/UEDPIE_0_Home_Kratakos 0.475
[2015.11.16-06.04.54:697][367]LogBlueprintUserMessages: Late PlayInEditor Detection: Level '/Game/SSA/Maps/Home_Kratakos.Home_Kratakos:PersistentLevel' has LevelScriptBlueprint '/Game/SSA/Maps/Home_Kratakos.Home_Kratakos:PersistentLevel.Home_Kratakos' with GeneratedClass '/Game/SSA/Maps/Home_Kratakos.Home_Kratakos_C' with ClassGeneratedBy '/Game/SSA/Maps/Home_Kratakos.Home_Kratakos:PersistentLevel.Home_Kratakos'
[2015.11.16-06.05.03:959][736]LogBlueprintUserMessages: Early EndPlayMap Detection: Level '/Game/SSA/Maps/Home_Kratakos.Home_Kratakos:PersistentLevel' has LevelScriptBlueprint '/Game/SSA/Maps/Home_Kratakos.Home_Kratakos:PersistentLevel.Home_Kratakos' with GeneratedClass '/Game/SSA/Maps/Home_Kratakos.Home_Kratakos_C' with ClassGeneratedBy '/Game/SSA/Maps/Home_Kratakos.Home_Kratakos:PersistentLevel.Home_Kratakos'
[2015.11.16-06.05.04:006][736]LogBlueprintUserMessages: Late EndPlayMap Detection: Level '/Game/SSA/Maps/Home_Kratakos.Home_Kratakos:PersistentLevel' has LevelScriptBlueprint '/Game/SSA/Maps/Home_Kratakos.Home_Kratakos:PersistentLevel.Home_Kratakos' with GeneratedClass '/Game/SSA/Maps/Home_Kratakos.Home_Kratakos_C' with ClassGeneratedBy '/Game/SSA/Maps/Home_Kratakos.Home_Kratakos:PersistentLevel.Home_Kratakos'
[2015.11.16-06.05.04:036][736]LogParticles: Destroying 0 GPU particle simulations for FXSystem 0x00000023D5F60900
[2015.11.16-06.05.15:238][116]Cmd: SELECT NONE
[2015.11.16-06.05.27:071][412]LogLinker:Warning: Asset '../../../Engine/Content/ArtTools/RenderToTexture/Macros/RenderToTextureMacros.uasset' has been saved with empty engine version. The asset will be loaded but may be incompatible.
[2015.11.16-06.05.27:791][412]LogContentBrowser: Native class hierarchy updated for 'BlueprintGraph' in 0.0008 seconds. Added 107 classes and 0 folders.
[2015.11.16-06.13.31:610][124]LogBlueprintUserMessages: Early PlayInEditor Detection: Level '/Game/SSA/Maps/Home_Kratakos.Home_Kratakos:PersistentLevel' has LevelScriptBlueprint '/Game/SSA/Maps/Home_Kratakos.Home_Kratakos:PersistentLevel.Home_Kratakos' with GeneratedClass '/Game/SSA/Maps/Home_Kratakos.Home_Kratakos_C' with ClassGeneratedBy '/Game/SSA/Maps/Home_Kratakos.Home_Kratakos:PersistentLevel.Home_Kratakos'
[2015.11.16-06.13.31:610][124]LogPlayLevel: PlayLevel: No blueprints needed recompiling
[2015.11.16-06.13.31:610][124]PIE: New page: PIE session: Home_Kratakos (Nov 15, 2015, 8:13:31 PM)
[2015.11.16-06.13.31:611][124]LogPlayLevel: Creating play world package: /Game/SSA/Maps/UEDPIE_0_Home_Kratakos
[2015.11.16-06.13.31:642][124]LogPlayLevel: PIE: StaticDuplicateObject took: (0.031732s)
[2015.11.16-06.13.31:644][124]LogAIModule: Creating AISystem for world Home_Kratakos
[2015.11.16-06.13.31:644][124]LogPlayLevel: PIE: World Init took: (0.001690s)
[2015.11.16-06.13.31:644][124]LogPlayLevel: PIE: Created PIE world by copying editor world from /Game/SSA/Maps/Home_Kratakos.Home_Kratakos to /Game/SSA/Maps/UEDPIE_0_Home_Kratakos.Home_Kratakos (0.033746s)
[2015.11.16-06.13.31:644][124]LogActorComponent: UnregisterComponent: (/Engine/Transient.CharMoveComp) Not registered. Aborting.
[2015.11.16-06.13.31:644][124]LogActorComponent: UnregisterComponent: (/Engine/Transient.CharacterMovementComponent_2) Not registered. Aborting.
[2015.11.16-06.13.31:644][124]LogActorComponent: UnregisterComponent: (/Engine/Transient.ProjectileMovement_GEN_VARIABLE) Not registered. Aborting.
[2015.11.16-06.13.31:684][124]LogParticles: Destroying 0 GPU particle simulations for FXSystem 0x00000023C0E4FCE0
[2015.11.16-06.13.31:696][124]LogInit: XAudio2 using 'Speakers / HP (IDT High Definition Audio CODEC)' : 2 channels at 48 kHz using 16 bits per sample (channel mask 0x3)
[2015.11.16-06.13.31:713][124]LogInit: FAudioDevice initialized.
[2015.11.16-06.13.31:745][124]LogWorld: Game class is 'TopDownGameMode_C'
[2015.11.16-06.13.31:751][124]LogWorld:Warning: *** WARNING - PATHS MAY NOT BE VALID ***
[2015.11.16-06.13.31:751][124]LogWorld: Bringing World /Game/SSA/Maps/UEDPIE_0_Home_Kratakos.Home_Kratakos up for play (max tick rate 60) at 2015.11.16-01.13.31
[2015.11.16-06.13.31:751][124]LogActor:Warning: GameSession /Game/SSA/Maps/UEDPIE_0_Home_Kratakos.Home_Kratakos:PersistentLevel.GameSession_7 has natively added scene component(s), but none of them were set as the actor's RootComponent - picking one arbitrarily
[2015.11.16-06.13.31:751][124]LogActor:Warning: GameNetworkManager /Game/SSA/Maps/UEDPIE_0_Home_Kratakos.Home_Kratakos:PersistentLevel.GameNetworkManager_7 has natively added scene component(s), but none of them were set as the actor's RootComponent - picking one arbitrarily
[2015.11.16-06.13.31:752][124]LogWorld: Bringing up level for play took: 0.005979
[2015.11.16-06.13.31:757][124]PIE: Info Play in editor start time for /Game/SSA/Maps/UEDPIE_0_Home_Kratakos -0.465
[2015.11.16-06.13.31:757][124]LogBlueprintUserMessages: Late PlayInEditor Detection: Level '/Game/SSA/Maps/Home_Kratakos.Home_Kratakos:PersistentLevel' has LevelScriptBlueprint '/Game/SSA/Maps/Home_Kratakos.Home_Kratakos:PersistentLevel.Home_Kratakos' with GeneratedClass '/Game/SSA/Maps/Home_Kratakos.Home_Kratakos_C' with ClassGeneratedBy '/Game/SSA/Maps/Home_Kratakos.Home_Kratakos:PersistentLevel.Home_Kratakos'
[2015.11.16-06.13.53:179][889]LogScript:Warning: Accessed None 'CallFunc_K2_GetPawn_ReturnValue'
	EnemyAI1_C /Game/SSA/Maps/UEDPIE_0_Home_Kratakos.Home_Kratakos:PersistentLevel.EnemyAI1_C_1
	Function /Game/SSA/Blueprints/AI/EnemyAI1.EnemyAI1_C:ExecuteUbergraph_EnemyAI1:008C
[2015.11.16-06.13.53:180][889]PIE:Error: Error Accessed None 'CallFunc_K2_GetPawn_ReturnValue' from node Set Value as Vector in graph 'EventGraph' in blueprint EnemyAI1
[2015.11.16-06.13.53:180][889]LogBlueprintUserMessages: [Player_Human_C_2] X=711.417 Y=174.657 Z=312.525
[2015.11.16-06.14.35:126][299]LogBlueprintUserMessages: Early EndPlayMap Detection: Level '/Game/SSA/Maps/Home_Kratakos.Home_Kratakos:PersistentLevel' has LevelScriptBlueprint '/Game/SSA/Maps/Home_Kratakos.Home_Kratakos:PersistentLevel.Home_Kratakos' with GeneratedClass '/Game/SSA/Maps/Home_Kratakos.Home_Kratakos_C' with ClassGeneratedBy '/Game/SSA/Maps/Home_Kratakos.Home_Kratakos:PersistentLevel.Home_Kratakos'
[2015.11.16-06.14.35:178][299]LogBlueprintUserMessages: Late EndPlayMap Detection: Level '/Game/SSA/Maps/Home_Kratakos.Home_Kratakos:PersistentLevel' has LevelScriptBlueprint '/Game/SSA/Maps/Home_Kratakos.Home_Kratakos:PersistentLevel.Home_Kratakos' with GeneratedClass '/Game/SSA/Maps/Home_Kratakos.Home_Kratakos_C' with ClassGeneratedBy '/Game/SSA/Maps/Home_Kratakos.Home_Kratakos:PersistentLevel.Home_Kratakos'
[2015.11.16-06.14.35:215][299]LogParticles: Destroying 0 GPU particle simulations for FXSystem 0x00000023999959E0
[2015.11.16-06.14.46:470][624]LogEditorViewport: Clicking on Actor (LMB): Emitter (P_Radiation_Long2)
[2015.11.16-06.15.04:290][129]LogEditorViewport: Clicking on Actor (LMB): NavMeshBoundsVolume (NavigationMeshBoundsVolume)
[2015.11.16-06.15.05:250][153]LogEditorViewport: Clicking on Actor (LMB): NavMeshBoundsVolume (NavigationMeshBoundsVolume)
[2015.11.16-06.15.05:903][169]LogEditorViewport: Clicking on Actor (LMB): NavMeshBoundsVolume (NavigationMeshBoundsVolume)
[2015.11.16-06.15.06:363][180]LogEditorViewport: Clicking on Actor (LMB): NavMeshBoundsVolume (NavigationMeshBoundsVolume)
[2015.11.16-06.15.10:793][296]LogEditorViewport: Clicking on Actor (LMB): NavMeshBoundsVolume (NavigationMeshBoundsVolume)
[2015.11.16-06.15.11:451][313]LogEditorViewport: Clicking on Actor (LMB): Emitter (P_Radiation_Long4)
[2015.11.16-06.15.25:121][686]LogEditorViewport: Clicking on Actor (LMB): Emitter (P_Radiation_Long)
[2015.11.16-06.15.57:459][605]LogBlueprintUserMessages: Early PlayInEditor Detection: Level '/Game/SSA/Maps/Home_Kratakos.Home_Kratakos:PersistentLevel' has LevelScriptBlueprint '/Game/SSA/Maps/Home_Kratakos.Home_Kratakos:PersistentLevel.Home_Kratakos' with GeneratedClass '/Game/SSA/Maps/Home_Kratakos.Home_Kratakos_C' with ClassGeneratedBy '/Game/SSA/Maps/Home_Kratakos.Home_Kratakos:PersistentLevel.Home_Kratakos'
[2015.11.16-06.15.57:459][605]LogPlayLevel: PlayLevel: No blueprints needed recompiling
[2015.11.16-06.15.57:459][605]PIE: New page: PIE session: Home_Kratakos (Nov 15, 2015, 8:15:57 PM)
[2015.11.16-06.15.57:459][605]LogPlayLevel: Creating play world package: /Game/SSA/Maps/UEDPIE_0_Home_Kratakos
[2015.11.16-06.15.57:491][605]LogPlayLevel: PIE: StaticDuplicateObject took: (0.031454s)
[2015.11.16-06.15.57:491][605]LogAIModule: Creating AISystem for world Home_Kratakos
[2015.11.16-06.15.57:492][605]LogPlayLevel: PIE: World Init took: (0.001044s)
[2015.11.16-06.15.57:492][605]LogPlayLevel: PIE: Created PIE world by copying editor world from /Game/SSA/Maps/Home_Kratakos.Home_Kratakos to /Game/SSA/Maps/UEDPIE_0_Home_Kratakos.Home_Kratakos (0.032851s)
[2015.11.16-06.15.57:546][605]LogInit: XAudio2 using 'Speakers / HP (IDT High Definition Audio CODEC)' : 2 channels at 48 kHz using 16 bits per sample (channel mask 0x3)
[2015.11.16-06.15.57:567][605]LogInit: FAudioDevice initialized.
[2015.11.16-06.15.57:600][605]LogWorld: Game class is 'TopDownGameMode_C'
[2015.11.16-06.15.57:606][605]LogWorld:Warning: *** WARNING - PATHS MAY NOT BE VALID ***
[2015.11.16-06.15.57:606][605]LogWorld: Bringing World /Game/SSA/Maps/UEDPIE_0_Home_Kratakos.Home_Kratakos up for play (max tick rate 60) at 2015.11.16-01.15.57
[2015.11.16-06.15.57:606][605]LogActor:Warning: GameSession /Game/SSA/Maps/UEDPIE_0_Home_Kratakos.Home_Kratakos:PersistentLevel.GameSession_8 has natively added scene component(s), but none of them were set as the actor's RootComponent - picking one arbitrarily
[2015.11.16-06.15.57:606][605]LogActor:Warning: GameNetworkManager /Game/SSA/Maps/UEDPIE_0_Home_Kratakos.Home_Kratakos:PersistentLevel.GameNetworkManager_8 has natively added scene component(s), but none of them were set as the actor's RootComponent - picking one arbitrarily
[2015.11.16-06.15.57:606][605]LogWorld: Bringing up level for play took: 0.005830
[2015.11.16-06.15.57:612][605]PIE: Info Play in editor start time for /Game/SSA/Maps/UEDPIE_0_Home_Kratakos -0.609
[2015.11.16-06.15.57:612][605]LogBlueprintUserMessages: Late PlayInEditor Detection: Level '/Game/SSA/Maps/Home_Kratakos.Home_Kratakos:PersistentLevel' has LevelScriptBlueprint '/Game/SSA/Maps/Home_Kratakos.Home_Kratakos:PersistentLevel.Home_Kratakos' with GeneratedClass '/Game/SSA/Maps/Home_Kratakos.Home_Kratakos_C' with ClassGeneratedBy '/Game/SSA/Maps/Home_Kratakos.Home_Kratakos:PersistentLevel.Home_Kratakos'
[2015.11.16-06.16.09:579][ 33]LogPhysics:Warning: FConstraintInstance::GetRefFrame : Contained scale.
[2015.11.16-06.16.09:579][ 33]LogPhysics:Warning: FConstraintInstance::GetRefFrame : Contained scale.
[2015.11.16-06.16.09:579][ 33]LogPhysics:Warning: FConstraintInstance::GetRefFrame : Contained scale.
[2015.11.16-06.16.09:663][ 36]LogBlueprintUserMessages: Early EndPlayMap Detection: Level '/Game/SSA/Maps/Home_Kratakos.Home_Kratakos:PersistentLevel' has LevelScriptBlueprint '/Game/SSA/Maps/Home_Kratakos.Home_Kratakos:PersistentLevel.Home_Kratakos' with GeneratedClass '/Game/SSA/Maps/Home_Kratakos.Home_Kratakos_C' with ClassGeneratedBy '/Game/SSA/Maps/Home_Kratakos.Home_Kratakos:PersistentLevel.Home_Kratakos'
[2015.11.16-06.16.09:730][ 36]LogBlueprintUserMessages: Late EndPlayMap Detection: Level '/Game/SSA/Maps/Home_Kratakos.Home_Kratakos:PersistentLevel' has LevelScriptBlueprint '/Game/SSA/Maps/Home_Kratakos.Home_Kratakos:PersistentLevel.Home_Kratakos' with GeneratedClass '/Game/SSA/Maps/Home_Kratakos.Home_Kratakos_C' with ClassGeneratedBy '/Game/SSA/Maps/Home_Kratakos.Home_Kratakos:PersistentLevel.Home_Kratakos'
[2015.11.16-06.16.09:802][ 37]LogParticles: Destroying 0 GPU particle simulations for FXSystem 0x00000023D90F9440
[2015.11.16-06.16.22:663][423]LogSavePackage: Save=163.867325ms
[2015.11.16-06.16.22:663][423]LogSavePackage: Moving '../../../../../../Users/Jin/Documents/GitHub/Game-Files/SuperSpaceArmada/Saved/Home_KratakosCFAB2F614AFA722FA982E89CA6BFC7AB.tmp' to '../../../../../../Users/Jin/Documents/GitHub/Game-Files/SuperSpaceArmada/Content/SSA/Maps/Home_Kratakos.umap'
[2015.11.16-06.16.22:668][423]LogSavePackage: Total save time: 207.513932ms
[2015.11.16-06.16.22:668][423]LogSavePackage:Warning: Finished SavePackage ../../../../../../Users/Jin/Documents/GitHub/Game-Files/SuperSpaceArmada/Content/SSA/Maps/Home_Kratakos.umap
[2015.11.16-06.16.35:311][805]LogEditorViewport: Clicking on Actor (LMB): StaticMeshActor (Cube)
[2015.11.16-06.16.36:076][827]LogEditorViewport: Clicking on Actor (LMB): StaticMeshActor (Cube)
[2015.11.16-06.16.36:571][841]LogEditorViewport: Clicking on Actor (LMB): StaticMeshActor (Cube)
[2015.11.16-06.16.37:206][859]LogEditorViewport: Clicking on Actor (LMB): StaticMeshActor (Cube)
[2015.11.16-06.16.38:037][883]LogEditorViewport: Clicking on Actor (LMB): StaticMeshActor (Cube)
[2015.11.16-06.16.40:435][953]LogEditorViewport: Clicking on Actor (LMB): StaticMeshActor (Cube)
[2015.11.16-06.16.40:799][961]LogEditorViewport: Clicking on Component (LMB): StaticMeshComponent (StaticMeshComponent0)
[2015.11.16-06.16.44:524][ 71]Cmd: TRANSACTION UNDO
[2015.11.16-06.16.44:524][ 71]LogEditorTransaction: Undo Clicking on Components
[2015.11.16-06.16.44:933][ 80]Cmd: TRANSACTION UNDO
[2015.11.16-06.16.44:933][ 80]LogEditorTransaction: Undo Clicking on Actors
[2015.11.16-06.16.45:329][ 92]Cmd: TRANSACTION UNDO
[2015.11.16-06.16.45:329][ 92]LogEditorTransaction: Undo Clicking on Actors
[2015.11.16-06.16.46:428][124]LogEditorViewport: Clicking on Actor (LMB): StaticMeshActor (Cube)
[2015.11.16-06.16.47:084][140]LogEditorViewport: Clicking on Component (LMB): StaticMeshComponent (StaticMeshComponent0)
[2015.11.16-06.16.47:639][157]LogEditorViewport: Clicking on Component (LMB): StaticMeshComponent (StaticMeshComponent0)
[2015.11.16-06.16.48:025][167]LogEditorViewport: Clicking on Component (LMB): StaticMeshComponent (StaticMeshComponent0)
[2015.11.16-06.16.48:350][175]LogEditorViewport: Clicking on Component (LMB): StaticMeshComponent (StaticMeshComponent0)
[2015.11.16-06.16.48:800][186]LogEditorViewport: Clicking on Component (LMB): StaticMeshComponent (StaticMeshComponent0)
[2015.11.16-06.16.49:268][198]LogEditorViewport: Clicking on Component (LMB): StaticMeshComponent (StaticMeshComponent0)
[2015.11.16-06.16.49:487][202]LogEditorViewport: Clicking on Actor (double click): StaticMeshActor (Cube)
[2015.11.16-06.17.29:264][184]Cmd: SELECT NONE
[2015.11.16-06.17.30:010][206]Cmd: SELECT NONE
[2015.11.16-06.17.31:367][245]LogBlueprintUserMessages: Early PlayInEditor Detection: Level '/Game/SSA/Maps/Home_Kratakos.Home_Kratakos:PersistentLevel' has LevelScriptBlueprint '/Game/SSA/Maps/Home_Kratakos.Home_Kratakos:PersistentLevel.Home_Kratakos' with GeneratedClass '/Game/SSA/Maps/Home_Kratakos.Home_Kratakos_C' with ClassGeneratedBy '/Game/SSA/Maps/Home_Kratakos.Home_Kratakos:PersistentLevel.Home_Kratakos'
[2015.11.16-06.17.31:367][245]LogPlayLevel: PlayLevel: No blueprints needed recompiling
[2015.11.16-06.17.31:367][245]PIE: New page: PIE session: Home_Kratakos (Nov 15, 2015, 8:17:31 PM)
[2015.11.16-06.17.31:367][245]LogPlayLevel: Creating play world package: /Game/SSA/Maps/UEDPIE_0_Home_Kratakos
[2015.11.16-06.17.31:400][245]LogPlayLevel: PIE: StaticDuplicateObject took: (0.033404s)
[2015.11.16-06.17.31:402][245]LogAIModule: Creating AISystem for world Home_Kratakos
[2015.11.16-06.17.31:402][245]LogPlayLevel: PIE: World Init took: (0.001805s)
[2015.11.16-06.17.31:402][245]LogPlayLevel: PIE: Created PIE world by copying editor world from /Game/SSA/Maps/Home_Kratakos.Home_Kratakos to /Game/SSA/Maps/UEDPIE_0_Home_Kratakos.Home_Kratakos (0.035532s)
[2015.11.16-06.17.31:449][245]LogInit: XAudio2 using 'Speakers / HP (IDT High Definition Audio CODEC)' : 2 channels at 48 kHz using 16 bits per sample (channel mask 0x3)
[2015.11.16-06.17.31:464][245]LogInit: FAudioDevice initialized.
[2015.11.16-06.17.31:502][245]LogWorld: Game class is 'TopDownGameMode_C'
[2015.11.16-06.17.31:508][245]LogWorld:Warning: *** WARNING - PATHS MAY NOT BE VALID ***
[2015.11.16-06.17.31:508][245]LogWorld: Bringing World /Game/SSA/Maps/UEDPIE_0_Home_Kratakos.Home_Kratakos up for play (max tick rate 60) at 2015.11.16-01.17.31
[2015.11.16-06.17.31:508][245]LogActor:Warning: GameSession /Game/SSA/Maps/UEDPIE_0_Home_Kratakos.Home_Kratakos:PersistentLevel.GameSession_9 has natively added scene component(s), but none of them were set as the actor's RootComponent - picking one arbitrarily
[2015.11.16-06.17.31:509][245]LogActor:Warning: GameNetworkManager /Game/SSA/Maps/UEDPIE_0_Home_Kratakos.Home_Kratakos:PersistentLevel.GameNetworkManager_9 has natively added scene component(s), but none of them were set as the actor's RootComponent - picking one arbitrarily
[2015.11.16-06.17.31:509][245]LogWorld: Bringing up level for play took: 0.005793
[2015.11.16-06.17.31:515][245]PIE: Info Play in editor start time for /Game/SSA/Maps/UEDPIE_0_Home_Kratakos -0.707
[2015.11.16-06.17.31:515][245]LogBlueprintUserMessages: Late PlayInEditor Detection: Level '/Game/SSA/Maps/Home_Kratakos.Home_Kratakos:PersistentLevel' has LevelScriptBlueprint '/Game/SSA/Maps/Home_Kratakos.Home_Kratakos:PersistentLevel.Home_Kratakos' with GeneratedClass '/Game/SSA/Maps/Home_Kratakos.Home_Kratakos_C' with ClassGeneratedBy '/Game/SSA/Maps/Home_Kratakos.Home_Kratakos:PersistentLevel.Home_Kratakos'
[2015.11.16-06.17.54:885][ 73]LogScript:Warning: Accessed None 'CallFunc_K2_GetPawn_ReturnValue'
	EnemyAI1_C /Game/SSA/Maps/UEDPIE_0_Home_Kratakos.Home_Kratakos:PersistentLevel.EnemyAI1_C_2
	Function /Game/SSA/Blueprints/AI/EnemyAI1.EnemyAI1_C:ExecuteUbergraph_EnemyAI1:008C
[2015.11.16-06.17.54:886][ 73]PIE:Error: Error Accessed None 'CallFunc_K2_GetPawn_ReturnValue' from node Set Value as Vector in graph 'EventGraph' in blueprint EnemyAI1
[2015.11.16-06.17.54:886][ 73]LogBlueprintUserMessages: [Player_Human_C_4] X=797.052 Y=736.198 Z=312.525
[2015.11.16-06.17.55:856][107]LogCharacterMovement: Enemy_Kratakos_C_2 is stuck and failed to move!
[2015.11.16-06.18.03:368][373]LogCharacterMovement: Enemy_Kratakos_C_2 is stuck and failed to move!
[2015.11.16-06.18.07:615][520]LogCharacterMovement: Enemy_Kratakos_C_2 is stuck and failed to move!
[2015.11.16-06.18.14:454][757]LogBlueprintUserMessages: Early EndPlayMap Detection: Level '/Game/SSA/Maps/Home_Kratakos.Home_Kratakos:PersistentLevel' has LevelScriptBlueprint '/Game/SSA/Maps/Home_Kratakos.Home_Kratakos:PersistentLevel.Home_Kratakos' with GeneratedClass '/Game/SSA/Maps/Home_Kratakos.Home_Kratakos_C' with ClassGeneratedBy '/Game/SSA/Maps/Home_Kratakos.Home_Kratakos:PersistentLevel.Home_Kratakos'
[2015.11.16-06.18.14:501][757]LogBlueprintUserMessages: Late EndPlayMap Detection: Level '/Game/SSA/Maps/Home_Kratakos.Home_Kratakos:PersistentLevel' has LevelScriptBlueprint '/Game/SSA/Maps/Home_Kratakos.Home_Kratakos:PersistentLevel.Home_Kratakos' with GeneratedClass '/Game/SSA/Maps/Home_Kratakos.Home_Kratakos_C' with ClassGeneratedBy '/Game/SSA/Maps/Home_Kratakos.Home_Kratakos:PersistentLevel.Home_Kratakos'
[2015.11.16-06.18.14:551][757]LogParticles: Destroying 0 GPU particle simulations for FXSystem 0x00000023D75A77E0
[2015.11.16-06.18.32:968][233]LogSavePackage: Save=132.603394ms
[2015.11.16-06.18.32:968][233]LogSavePackage: Moving '../../../../../../Users/Jin/Documents/GitHub/Game-Files/SuperSpaceArmada/Saved/Home_Kratakos857E1A114B6A13C5EFED4AB8FA8ACE8B.tmp' to '../../../../../../Users/Jin/Documents/GitHub/Game-Files/SuperSpaceArmada/Content/SSA/Maps/Home_Kratakos.umap'
[2015.11.16-06.18.32:979][233]LogSavePackage: Total save time: 158.464797ms
[2015.11.16-06.18.32:979][233]LogSavePackage:Warning: Finished SavePackage ../../../../../../Users/Jin/Documents/GitHub/Game-Files/SuperSpaceArmada/Content/SSA/Maps/Home_Kratakos.umap
[2015.11.16-06.18.33:035][233]LogFileHelpers: Saving map 'Home_Kratakos' took 0.465
[2015.11.16-06.18.33:178][233]LogWindowsTextInputMethodSystem:Display: IME system now deactivated.
[2015.11.16-06.18.33:470][234]Cmd: QUIT_EDITOR
[2015.11.16-06.18.34:112][234]LogExit: Preparing to exit.
[2015.11.16-06.18.35:335][234]LogExit: Editor shut down
[2015.11.16-06.18.35:336][234]LogExit: Transaction tracking system shut down
[2015.11.16-06.18.35:388][234]LogParticles: Destroying 0 GPU particle simulations for FXSystem 0x00000023BB380180
[2015.11.16-06.18.35:388][234]LogParticles: Destroying 0 GPU particle simulations for FXSystem 0x00000023E72FB4C0
[2015.11.16-06.18.35:389][234]LogParticles: Destroying 0 GPU particle simulations for FXSystem 0x00000023E71A25C0
[2015.11.16-06.18.35:389][234]LogParticles: Destroying 0 GPU particle simulations for FXSystem 0x00000023EA6F89A0
[2015.11.16-06.18.35:389][234]LogParticles: Destroying 0 GPU particle simulations for FXSystem 0x00000023EA6F8860
[2015.11.16-06.18.35:670][234]LogParticles: Destroying 0 GPU particle simulations for FXSystem 0x00000023EA5AB6A0
[2015.11.16-06.18.35:670][234]LogExit: Object subsystem successfully closed.
[2015.11.16-06.18.35:682][234]LogD3D11RHI: Shutdown
[2015.11.16-06.18.35:682][234]LogD3D11RHI: CleanupD3DDevice
[2015.11.16-06.18.35:792][234]LogD3D11RHI: ~FD3D11DynamicRHI
[2015.11.16-06.18.35:840][234]LogModuleManager: Shutting down and abandoning module BlueprintGraph (200)
[2015.11.16-06.18.35:840][234]LogModuleManager: Shutting down and abandoning module CrashTracker (199)
[2015.11.16-06.18.35:840][234]LogModuleManager: Shutting down and abandoning module SceneOutliner (198)
[2015.11.16-06.18.35:841][234]LogModuleManager: Shutting down and abandoning module SuperSearch (197)
[2015.11.16-06.18.35:841][234]LogModuleManager: Shutting down and abandoning module WidgetCarousel (196)
[2015.11.16-06.18.35:841][234]LogModuleManager: Shutting down and abandoning module AddContentDialog (195)
[2015.11.16-06.18.35:844][234]LogModuleManager: Shutting down and abandoning module EditorWidgets (194)
[2015.11.16-06.18.35:844][234]LogModuleManager: Shutting down and abandoning module CollectionManager (193)
[2015.11.16-06.18.35:844][234]LogModuleManager: Shutting down and abandoning module StatsViewer (192)
[2015.11.16-06.18.35:844][234]LogModuleManager: Shutting down and abandoning module FoliageEdit (191)
[2015.11.16-06.18.35:844][234]LogModuleManager: Shutting down and abandoning module LandscapeEditor (190)
[2015.11.16-06.18.35:845][234]LogModuleManager: Shutting down and abandoning module ActorPickerMode (189)
[2015.11.16-06.18.35:845][234]LogModuleManager: Shutting down and abandoning module GeometryMode (188)
[2015.11.16-06.18.35:845][234]LogModuleManager: Shutting down and abandoning module TextureAlignMode (187)
[2015.11.16-06.18.35:845][234]LogModuleManager: Shutting down and abandoning module BspMode (186)
[2015.11.16-06.18.35:845][234]LogModuleManager: Shutting down and abandoning module PlacementMode (185)
[2015.11.16-06.18.35:845][234]LogModuleManager: Shutting down and abandoning module AutomationWorker (184)
[2015.11.16-06.18.35:845][234]LogModuleManager: Shutting down and abandoning module CharacterAI (183)
[2015.11.16-06.18.35:845][234]LogModuleManager: Shutting down and abandoning module SmartSnapping (182)
[2015.11.16-06.18.35:845][234]LogModuleManager: Shutting down and abandoning module ViewportSnapping (181)
[2015.11.16-06.18.35:845][234]LogModuleManager: Shutting down and abandoning module LogVisualizer (180)
[2015.11.16-06.18.35:846][234]LogModuleManager: Shutting down and abandoning module GameProjectGeneration (179)
[2015.11.16-06.18.35:846][234]LogModuleManager: Shutting down and abandoning module IntroTutorials (178)
[2015.11.16-06.18.35:846][234]LogModuleManager: Shutting down and abandoning module EditorLiveStreaming (177)
[2015.11.16-06.18.35:846][234]LogModuleManager: Shutting down and abandoning module IOSPlatformEditor (176)
[2015.11.16-06.18.35:846][234]LogModuleManager: Shutting down and abandoning module HTML5PlatformEditor (175)
[2015.11.16-06.18.35:846][234]LogModuleManager: Shutting down and abandoning module AndroidDeviceDetection (174)
[2015.11.16-06.18.35:915][234]LogModuleManager: Shutting down and abandoning module AndroidPlatformEditor (173)
[2015.11.16-06.18.35:915][234]LogModuleManager: Shutting down and abandoning module IOSRuntimeSettings (172)
[2015.11.16-06.18.35:915][234]LogModuleManager: Shutting down and abandoning module AndroidRuntimeSettings (171)
[2015.11.16-06.18.35:915][234]LogModuleManager: Shutting down and abandoning module MergeActors (170)
[2015.11.16-06.18.35:915][234]LogModuleManager: Shutting down and abandoning module SizeMap (169)
[2015.11.16-06.18.35:915][234]LogModuleManager: Shutting down and abandoning module TreeMap (168)
[2015.11.16-06.18.35:915][234]LogModuleManager: Shutting down and abandoning module ReferenceViewer (167)
[2015.11.16-06.18.35:915][234]LogModuleManager: Shutting down and abandoning module LocalizationService (166)
[2015.11.16-06.18.35:915][234]LogModuleManager: Shutting down and abandoning module LocalizationDashboard (165)
[2015.11.16-06.18.35:915][234]LogModuleManager: Shutting down and abandoning module HardwareTargeting (164)
[2015.11.16-06.18.35:915][234]LogModuleManager: Shutting down and abandoning module DeviceProfileEditor (163)
[2015.11.16-06.18.35:915][234]LogModuleManager: Shutting down and abandoning module UndoHistory (162)
[2015.11.16-06.18.35:915][234]LogModuleManager: Shutting down and abandoning module GameplayTagsEditor (161)
[2015.11.16-06.18.35:915][234]LogModuleManager: Shutting down and abandoning module UserFeedback (160)
[2015.11.16-06.18.35:915][234]LogModuleManager: Shutting down and abandoning module XmlParser (159)
[2015.11.16-06.18.35:915][234]LogModuleManager: Shutting down and abandoning module Blutility (158)
[2015.11.16-06.18.35:915][234]LogModuleManager: Shutting down and abandoning module ProjectTargetPlatformEditor (157)
[2015.11.16-06.18.35:915][234]LogModuleManager: Shutting down and abandoning module ProjectSettingsViewer (156)
[2015.11.16-06.18.35:915][234]LogModuleManager: Shutting down and abandoning module InputBindingEditor (155)
[2015.11.16-06.18.35:916][234]LogModuleManager: Shutting down and abandoning module EditorSettingsViewer (154)
[2015.11.16-06.18.35:916][234]LogModuleManager: Shutting down and abandoning module SettingsEditor (153)
[2015.11.16-06.18.35:916][234]LogModuleManager: Shutting down and abandoning module ProjectLauncher (152)
[2015.11.16-06.18.35:916][234]LogModuleManager: Shutting down and abandoning module SessionFrontend (151)
[2015.11.16-06.18.35:916][234]LogModuleManager: Shutting down and abandoning module ProfilerClient (150)
[2015.11.16-06.18.35:916][234]LogModuleManager: Shutting down and abandoning module TargetDeviceServices (149)
[2015.11.16-06.18.35:916][234]LogModuleManager: Shutting down and abandoning module DeviceManager (148)
[2015.11.16-06.18.35:916][234]LogModuleManager: Shutting down and abandoning module AutomationController (147)
[2015.11.16-06.18.35:916][234]LogModuleManager: Shutting down and abandoning module AutomationWindow (146)
[2015.11.16-06.18.35:916][234]LogModuleManager: Shutting down and abandoning module Layers (145)
[2015.11.16-06.18.35:916][234]LogModuleManager: Shutting down and abandoning module ComponentVisualizers (144)
[2015.11.16-06.18.35:916][234]LogModuleManager: Shutting down and abandoning module DetailCustomizations (143)
[2015.11.16-06.18.35:916][234]LogModuleManager: Shutting down and abandoning module PackagesDialog (142)
[2015.11.16-06.18.35:916][234]LogModuleManager: Shutting down and abandoning module Persona (141)
[2015.11.16-06.18.35:916][234]LogModuleManager: Shutting down and abandoning module Kismet (140)
[2015.11.16-06.18.35:916][234]LogModuleManager: Shutting down and abandoning module GraphEditor (139)
[2015.11.16-06.18.35:916][234]LogModuleManager: Shutting down and abandoning module ClassViewer (138)
[2015.11.16-06.18.35:916][234]LogModuleManager: Shutting down and abandoning module Toolbox (137)
[2015.11.16-06.18.35:916][234]LogModuleManager: Shutting down and abandoning module ModuleUI (136)
[2015.11.16-06.18.35:916][234]LogModuleManager: Shutting down and abandoning module MovieSceneTools (135)
[2015.11.16-06.18.35:916][234]LogModuleManager: Shutting down and abandoning module OutputLog (134)
[2015.11.16-06.18.35:916][234]LogModuleManager: Shutting down and abandoning module GammaUI (133)
[2015.11.16-06.18.35:916][234]LogModuleManager: Shutting down and abandoning module Documentation (132)
[2015.11.16-06.18.35:917][234]LogModuleManager: Shutting down and abandoning module GameLiveStreaming (131)
[2015.11.16-06.18.35:917][234]LogModuleManager: Shutting down and abandoning module StreamingPauseRendering (130)
[2015.11.16-06.18.35:917][234]LogModuleManager: Shutting down and abandoning module AnalyticsET (129)
[2015.11.16-06.18.35:917][234]LogModuleManager: Shutting down and abandoning module Analytics (128)
[2015.11.16-06.18.35:917][234]LogModuleManager: Shutting down and abandoning module AITestSuite (127)
[2015.11.16-06.18.35:917][234]LogModuleManager: Shutting down and abandoning module GameplayDebugger (126)
[2015.11.16-06.18.35:917][234]LogModuleManager: Shutting down and abandoning module AIModule (125)
[2015.11.16-06.18.35:917][234]LogModuleManager: Shutting down and abandoning module ProfilerService (124)
[2015.11.16-06.18.35:922][234]LogModuleManager: Shutting down and abandoning module TaskGraph (123)
[2015.11.16-06.18.35:922][234]LogModuleManager: Shutting down and abandoning module SubstanceEditor (122)
[2015.11.16-06.18.35:922][234]LogModuleManager: Shutting down and abandoning module SlateRemote (121)
[2015.11.16-06.18.35:922][234]LogModuleManager: Shutting down and abandoning module SteamVRController (120)
[2015.11.16-06.18.35:922][234]LogModuleManager: Shutting down and abandoning module SteamVR (119)
[2015.11.16-06.18.35:922][234]LogModuleManager: Shutting down and abandoning module ProceduralMeshComponent (118)
[2015.11.16-06.18.35:922][234]LogModuleManager: Shutting down and abandoning module OculusRift (117)
[2015.11.16-06.18.35:922][234]LogModuleManager: Shutting down and abandoning module OculusLibrary (116)
[2015.11.16-06.18.35:922][234]LogModuleManager: Shutting down and abandoning module LeapMotionController (115)
[2015.11.16-06.18.35:945][234]LogModuleManager: Shutting down and abandoning module CustomMeshComponent (114)
[2015.11.16-06.18.35:945][234]LogModuleManager: Shutting down and abandoning module CableComponent (113)
[2015.11.16-06.18.35:945][234]LogModuleManager: Shutting down and abandoning module ArchVisCharacter (112)
[2015.11.16-06.18.35:945][234]LogModuleManager: Shutting down and abandoning module MessagingDebugger (111)
[2015.11.16-06.18.35:981][234]LogModuleManager: Shutting down and abandoning module MediaPlayerEditor (110)
[2015.11.16-06.18.35:981][234]LogModuleManager: Shutting down and abandoning module HTML5Networking (109)
[2015.11.16-06.18.35:981][234]LogModuleManager: Shutting down and abandoning module SpeedTreeImporter (108)
[2015.11.16-06.18.35:981][234]LogModuleManager: Shutting down and abandoning module PluginBrowser (107)
[2015.11.16-06.18.35:981][234]LogModuleManager: Shutting down and abandoning module EpicSurvey (106)
[2015.11.16-06.18.35:981][234]LogModuleManager: Shutting down and abandoning module DesktopPlatform (105)
[2015.11.16-06.18.35:981][234]LogModuleManager: Shutting down and abandoning module VisualStudioSourceCodeAccess (104)
[2015.11.16-06.18.35:981][234]LogModuleManager: Shutting down and abandoning module UObjectPlugin (103)
[2015.11.16-06.18.35:981][234]LogModuleManager: Shutting down and abandoning module SubversionSourceControl (102)
[2015.11.16-06.18.35:981][234]LogModuleManager: Shutting down and abandoning module PerforceSourceControl (101)
[2015.11.16-06.18.35:981][234]LogModuleManager: Shutting down and abandoning module SourceControl (100)
[2015.11.16-06.18.35:981][234]LogModuleManager: Shutting down and abandoning module GitSourceControl (99)
[2015.11.16-06.18.35:982][234]LogModuleManager: Shutting down and abandoning module LightPropagationVolumeEditor (98)
[2015.11.16-06.18.35:982][234]LogModuleManager: Shutting down and abandoning module PaperTiledImporter (97)
[2015.11.16-06.18.35:982][234]LogModuleManager: Shutting down and abandoning module PaperSpriteSheetImporter (96)
[2015.11.16-06.18.35:982][234]LogModuleManager: Shutting down and abandoning module MeshPaint (95)
[2015.11.16-06.18.35:982][234]LogModuleManager: Shutting down and abandoning module SlateReflector (94)
[2015.11.16-06.18.35:982][234]LogModuleManager: Shutting down and abandoning module HotReload (93)
[2015.11.16-06.18.35:982][234]LogModuleManager: Shutting down and abandoning module MainFrame (92)
[2015.11.16-06.18.35:982][234]LogModuleManager: Shutting down and abandoning module LevelEditor (91)
[2015.11.16-06.18.35:983][234]LogModuleManager: Shutting down and abandoning module ContentBrowser (90)
[2015.11.16-06.18.35:984][234]LogModuleManager: Shutting down and abandoning module Paper2DEditor (89)
[2015.11.16-06.18.35:984][234]LogModuleManager: Shutting down and abandoning module UdpMessaging (88)
[2015.11.16-06.18.36:085][234]LogModuleManager: Shutting down and abandoning module DirectoryWatcher (87)
[2015.11.16-06.18.36:086][234]LogModuleManager: Shutting down and abandoning module AssetRegistry (86)
[2015.11.16-06.18.36:231][234]LogModuleManager: Shutting down and abandoning module SubstanceCore (85)
[2015.11.16-06.18.36:231][234]LogModuleManager: Shutting down and abandoning module LightPropagationVolumeRuntime (84)
[2015.11.16-06.18.36:231][234]LogModuleManager: Shutting down and abandoning module Paper2D (83)
[2015.11.16-06.18.36:231][234]LogModuleManager: Shutting down and abandoning module WindowsMoviePlayer (82)
[2015.11.16-06.18.36:235][234]LogModuleManager: Shutting down and abandoning module Media (81)
[2015.11.16-06.18.36:235][234]LogModuleManager: Shutting down and abandoning module WmfMedia (80)
[2015.11.16-06.18.36:236][234]LogModuleManager: Shutting down and abandoning module OnlineBlueprintSupport (79)
[2015.11.16-06.18.36:236][234]LogModuleManager: Shutting down and abandoning module GameplayTasksEditor (78)
[2015.11.16-06.18.36:236][234]LogModuleManager: Shutting down and abandoning module PropertyEditor (77)
[2015.11.16-06.18.36:236][234]LogModuleManager: Shutting down and abandoning module BehaviorTreeEditor (76)
[2015.11.16-06.18.36:236][234]LogModuleManager: Shutting down and abandoning module FunctionalTesting (75)
[2015.11.16-06.18.36:236][234]LogModuleManager: Shutting down and abandoning module CollisionAnalyzer (74)
[2015.11.16-06.18.36:236][234]LogModuleManager: Shutting down and abandoning module WorkspaceMenuStructure (73)
[2015.11.16-06.18.36:236][234]LogModuleManager: Shutting down and abandoning module MessageLog (72)
[2015.11.16-06.18.36:236][234]LogModuleManager: Shutting down and abandoning module Sequencer (71)
[2015.11.16-06.18.36:236][234]LogModuleManager: Shutting down and abandoning module AssetTools (70)
[2015.11.16-06.18.36:236][234]LogModuleManager: Shutting down and abandoning module UMGEditor (69)
[2015.11.16-06.18.36:236][234]LogModuleManager: Shutting down and abandoning module UMG (68)
[2015.11.16-06.18.36:236][234]LogModuleManager: Shutting down and abandoning module Slate (67)
[2015.11.16-06.18.36:236][234]LogModuleManager: Shutting down and abandoning module EditorStyle (66)
[2015.11.16-06.18.36:239][234]LogModuleManager: Shutting down and abandoning module SessionServices (65)
[2015.11.16-06.18.36:239][234]LogModuleManager: Shutting down and abandoning module SourceCodeAccess (64)
[2015.11.16-06.18.36:239][234]LogModuleManager: Shutting down and abandoning module HeadMountedDisplay (63)
[2015.11.16-06.18.36:239][234]LogModuleManager: Shutting down and abandoning module XAudio2 (62)
[2015.11.16-06.18.36:239][234]LogModuleManager: Shutting down and abandoning module Networking (60)
[2015.11.16-06.18.36:239][234]LogModuleManager: Shutting down and abandoning module Core (59)
[2015.11.16-06.18.36:239][234]LogModuleManager: Shutting down and abandoning module KismetCompiler (58)
[2015.11.16-06.18.36:239][234]LogModuleManager: Shutting down and abandoning module PhysXFormats (57)
[2015.11.16-06.18.36:267][234]LogModuleManager: Shutting down and abandoning module MeshUtilities (56)
[2015.11.16-06.18.36:267][234]LogModuleManager: Shutting down and abandoning module CookingStats (55)
[2015.11.16-06.18.36:272][234]LogModuleManager: Shutting down and abandoning module DerivedDataCache (54)
[2015.11.16-06.18.36:330][234]LogDerivedDataCache: Shutdown
[2015.11.16-06.18.36:330][234]LogModuleManager: Shutting down and abandoning module ShaderFormatOpenGL (53)
[2015.11.16-06.18.36:330][234]LogModuleManager: Shutting down and abandoning module ShaderFormatD3D (52)
[2015.11.16-06.18.36:330][234]LogModuleManager: Shutting down and abandoning module MetalShaderFormat (51)
[2015.11.16-06.18.36:330][234]LogModuleManager: Shutting down and abandoning module TextureFormatUncompressed (50)
[2015.11.16-06.18.36:330][234]LogModuleManager: Shutting down and abandoning module TextureFormatPVR (49)
[2015.11.16-06.18.36:348][234]LogModuleManager: Shutting down and abandoning module TextureFormatIntelISPCTexComp (48)
[2015.11.16-06.18.36:349][234]LogModuleManager: Shutting down and abandoning module TextureFormatDXT (47)
[2015.11.16-06.18.36:349][234]LogModuleManager: Shutting down and abandoning module ImageWrapper (46)
[2015.11.16-06.18.36:349][234]LogModuleManager: Shutting down and abandoning module TextureFormatASTC (45)
[2015.11.16-06.18.36:349][234]LogModuleManager: Shutting down and abandoning module TextureFormatAndroid (44)
[2015.11.16-06.18.36:349][234]LogModuleManager: Shutting down and abandoning module AudioFormatOpus (43)
[2015.11.16-06.18.36:349][234]LogModuleManager: Shutting down and abandoning module AudioFormatOgg (42)
[2015.11.16-06.18.36:356][234]LogModuleManager: Shutting down and abandoning module AudioFormatADPCM (41)
[2015.11.16-06.18.36:356][234]LogModuleManager: Shutting down and abandoning module LinuxTargetPlatform (40)
[2015.11.16-06.18.36:356][234]LogModuleManager: Shutting down and abandoning module LinuxServerTargetPlatform (39)
[2015.11.16-06.18.36:370][234]LogModuleManager: Shutting down and abandoning module LinuxNoEditorTargetPlatform (38)
[2015.11.16-06.18.36:379][234]LogModuleManager: Shutting down and abandoning module Messaging (37)
[2015.11.16-06.18.36:379][234]LogModuleManager: Shutting down and abandoning module IOSTargetPlatform (36)
[2015.11.16-06.18.36:379][234]LogModuleManager: Shutting down and abandoning module HTML5TargetPlatform (35)
[2015.11.16-06.18.36:379][234]LogModuleManager: Shutting down and abandoning module Android_PVRTCTargetPlatform (34)
[2015.11.16-06.18.36:379][234]LogModuleManager: Shutting down and abandoning module Android_ETC2TargetPlatform (33)
[2015.11.16-06.18.36:379][234]LogModuleManager: Shutting down and abandoning module Android_ETC1TargetPlatform (32)
[2015.11.16-06.18.36:379][234]LogModuleManager: Shutting down and abandoning module Android_DXTTargetPlatform (31)
[2015.11.16-06.18.36:379][234]LogModuleManager: Shutting down and abandoning module Android_ATCTargetPlatform (30)
[2015.11.16-06.18.36:379][234]LogModuleManager: Shutting down and abandoning module Android_ASTCTargetPlatform (29)
[2015.11.16-06.18.36:379][234]LogModuleManager: Shutting down and abandoning module AndroidTargetPlatform (28)
[2015.11.16-06.18.36:379][234]LogModuleManager: Shutting down and abandoning module WindowsTargetPlatform (27)
[2015.11.16-06.18.36:379][234]LogModuleManager: Shutting down and abandoning module WindowsServerTargetPlatform (26)
[2015.11.16-06.18.36:380][234]LogModuleManager: Shutting down and abandoning module WindowsNoEditorTargetPlatform (25)
[2015.11.16-06.18.36:421][234]LogModuleManager: Shutting down and abandoning module WindowsClientTargetPlatform (24)
[2015.11.16-06.18.36:422][234]LogModuleManager: Shutting down and abandoning module AllDesktopTargetPlatform (23)
[2015.11.16-06.18.36:422][234]LogModuleManager: Shutting down and abandoning module TargetPlatform (22)
[2015.11.16-06.18.36:422][234]LogModuleManager: Shutting down and abandoning module InputCore (21)
[2015.11.16-06.18.36:422][234]LogModuleManager: Shutting down and abandoning module Settings (20)
[2015.11.16-06.18.36:422][234]LogModuleManager: Shutting down and abandoning module OnlineSubsystem (18)
[2015.11.16-06.18.36:422][234]LogModuleManager: Shutting down and abandoning module HTTP (17)
[2015.11.16-06.18.38:425][234]LogModuleManager: Shutting down and abandoning module XMPP (16)
[2015.11.16-06.18.38:425][234]LogModuleManager: Shutting down and abandoning module ExampleDeviceProfileSelector (15)
[2015.11.16-06.18.38:425][234]LogModuleManager: Shutting down and abandoning module TextureCompressor (14)
[2015.11.16-06.18.38:425][234]LogModuleManager: Shutting down and abandoning module ShaderCore (13)
[2015.11.16-06.18.38:425][234]LogModuleManager: Shutting down and abandoning module Landscape (12)
[2015.11.16-06.18.38:425][234]LogModuleManager: Shutting down and abandoning module SlateRHIRenderer (11)
[2015.11.16-06.18.38:429][234]LogModuleManager: Shutting down and abandoning module OpenGLDrv (10)
[2015.11.16-06.18.38:429][234]LogModuleManager: Shutting down and abandoning module D3D11RHI (9)
[2015.11.16-06.18.38:429][234]LogModuleManager: Shutting down and abandoning module AnimGraphRuntime (8)
[2015.11.16-06.18.38:429][234]LogModuleManager: Shutting down and abandoning module Renderer (7)
[2015.11.16-06.18.38:429][234]LogModuleManager: Shutting down and abandoning module Engine (6)
[2015.11.16-06.18.38:429][234]LogModuleManager: Shutting down and abandoning module CoreUObject (5)
[2015.11.16-06.18.38:429][234]LogModuleManager: Shutting down and abandoning module NetworkFile (4)
[2015.11.16-06.18.38:429][234]LogModuleManager: Shutting down and abandoning module StreamingFile (3)
[2015.11.16-06.18.38:429][234]LogModuleManager: Shutting down and abandoning module SandboxFile (2)
[2015.11.16-06.18.38:429][234]LogModuleManager: Shutting down and abandoning module PakFile (1)
[2015.11.16-06.18.38:430][234]LogExit: Exiting.
[2015.11.16-06.18.38:454][234]Log file closed, 11/16/15 01:18:38
