[2015.10.24-19.32.43:461][  0]Log file open, 10/24/15 15:32:43
[2015.10.24-19.32.43:461][  0]LogInit:Display: Running engine without a game
[2015.10.24-19.32.43:461][  0]LogInit:Display: Loading recent project file: ../../../../../../../My Media/UCF Documents/DIG 4725/Game-Files/SuperSpaceArmada/SuperSpaceArmada.uproject
[2015.10.24-19.32.43:461][  0]LogInit:Display: RandInit(631635296) SRandInit(631635297).
[2015.10.24-19.32.43:461][  0]LogTaskGraph: Started task graph with 4 named threads and 7 total threads.
[2015.10.24-19.32.43:461][  0]LogStats: Stats thread started at 0.066898
[2015.10.24-19.32.43:461][  0]LogInit: Version: 4.9.1-2689999+++depot+UE4-Releases+4.9
[2015.10.24-19.32.43:461][  0]LogInit: API Version: 2672455
[2015.10.24-19.32.43:461][  0]LogInit: Compiled (64-bit): Sep 14 2015 04:12:03
[2015.10.24-19.32.43:461][  0]LogInit: Compiled with Visual C++: 18.00.21005.01
[2015.10.24-19.32.43:461][  0]LogInit: Build Configuration: Development
[2015.10.24-19.32.43:461][  0]LogInit: Branch Name: ++depot+UE4-Releases+4.9
[2015.10.24-19.32.43:461][  0]LogInit: Command line: 
[2015.10.24-19.32.43:461][  0]LogInit: Base directory: F:/Program Files/Unreal/Epic Games/4.9/Engine/Binaries/Win64/
[2015.10.24-19.32.43:461][  0]LogInit: Rocket: 1
[2015.10.24-19.32.43:469][  0]LogInit: Using libcurl 7.41.0
[2015.10.24-19.32.43:469][  0]LogInit:  - built for x86_64-pc-win32
[2015.10.24-19.32.43:469][  0]LogInit:  - supports SSL with WinSSL
[2015.10.24-19.32.43:469][  0]LogInit:  - other features:
[2015.10.24-19.32.43:469][  0]LogInit:      CURL_VERSION_SSL
[2015.10.24-19.32.43:469][  0]LogInit:      CURL_VERSION_IPV6
[2015.10.24-19.32.43:469][  0]LogInit:      CURL_VERSION_ASYNCHDNS
[2015.10.24-19.32.43:469][  0]LogInit:      CURL_VERSION_LARGEFILE
[2015.10.24-19.32.43:469][  0]LogInit:      CURL_VERSION_IDN
[2015.10.24-19.32.43:469][  0]LogInit:  CurlRequestOptions (configurable via config and command line):
[2015.10.24-19.32.43:469][  0]LogInit:  - bVerifyPeer = true  - Libcurl will verify peer certificate
[2015.10.24-19.32.43:469][  0]LogInit:  - bUseHttpProxy = false  - Libcurl will NOT use HTTP proxy
[2015.10.24-19.32.43:469][  0]LogInit:  - bDontReuseConnections = false  - Libcurl will reuse connections
[2015.10.24-19.32.43:469][  0]LogInit:  - CertBundlePath = nullptr  - Libcurl will use whatever was configured at build time.
[2015.10.24-19.32.43:474][  0]LogInit: Presizing for 0 objects not considered by GC, pre-allocating 0 bytes.
[2015.10.24-19.32.43:478][  0]LogInit: Object subsystem initialized
[2015.10.24-19.32.43:479][  0]LogInit: Selected Device Profile: [Windows]
[2015.10.24-19.32.43:480][  0]LogInit: Applying CVar settings loaded from the selected device profile: [Windows]
[2015.10.24-19.32.43:485][  0]LogInit: Computer: ANDREW_2015
[2015.10.24-19.32.43:485][  0]LogInit: User: aehrlich92
[2015.10.24-19.32.43:485][  0]LogInit: CPU Page size=4096, Cores=4
[2015.10.24-19.32.43:485][  0]LogInit: High frequency timer resolution =3.984649 MHz
[2015.10.24-19.32.43:485][  0]LogMemory: Memory total: Physical=15.9GB (16GB approx)
[2015.10.24-19.32.43:486][  0]LogMemory: Platform Memory Stats for Windows
[2015.10.24-19.32.43:486][  0]LogMemory: Process Physical Memory: 54.88 MB used, 54.88 MB peak
[2015.10.24-19.32.43:486][  0]LogMemory: Process Virtual Memory: 59.28 MB used, 59.28 MB peak
[2015.10.24-19.32.43:486][  0]LogMemory: Physical Memory: 6493.34 MB used, 16322.88 MB total
[2015.10.24-19.32.43:486][  0]LogMemory: Virtual Memory: 369.29 MB used, 134217728.00 MB total
[2015.10.24-19.32.43:524][  0]LogTextLocalizationManager: No specific translations for ('en-US') exist, so ('en') translations will be used.
[2015.10.24-19.32.43:961][  0]LogD3D11RHI: Found D3D11 adapter 0: NVIDIA GeForce GTX 960 (Feature Level 11_0)
[2015.10.24-19.32.43:961][  0]LogD3D11RHI: Adapter has 1969MB of dedicated video memory, 0MB of dedicated system memory, and 8161MB of shared system memory, 2 output[s]
[2015.10.24-19.32.43:963][  0]LogD3D11RHI: Found D3D11 adapter 1: Microsoft Basic Render Driver (Feature Level 11_0)
[2015.10.24-19.32.43:963][  0]LogD3D11RHI: Adapter has 0MB of dedicated video memory, 0MB of dedicated system memory, and 8161MB of shared system memory, 0 output[s]
[2015.10.24-19.32.43:963][  0]LogD3D11RHI: Chosen D3D11 Adapter Id = 0
[2015.10.24-19.32.43:967][  0]LogD3D11RHI: !Direct3DDevice
[2015.10.24-19.32.43:967][  0]LogRHI: Texture pool is 1361 MB (70% of 1945 MB)
[2015.10.24-19.32.43:977][  0]LogD3D11RHI: Async texture creation enabled
[2015.10.24-19.32.43:993][  0]LogShaderCompilers: Guid format shader working directory is 14 characters bigger than the processId version (../../../../../../../My Media/UCF Documents/DIG 4725/Game-Files/SuperSpaceArmada/Intermediate/Shaders/WorkingDirectory/20584/).
[2015.10.24-19.32.43:993][  0]LogShaderCompilers: Cleaned the shader compiler working directory '../../../../../../../My Media/UCF Documents/DIG 4725/Game-Files/SuperSpaceArmada/Intermediate/Shaders/tmp/3A130C4941B873AC71816289B977BECD/'.
[2015.10.24-19.32.43:993][  0]LogShaderCompilers:Display: Using Local Shader Compiler.
[2015.10.24-19.32.44:740][  0]LogTemp:Display: Loaded TP AllDesktopTargetPlatform
[2015.10.24-19.32.44:743][  0]LogTemp:Display: Loaded TP WindowsClientTargetPlatform
[2015.10.24-19.32.44:747][  0]LogTemp:Display: Loaded TP WindowsNoEditorTargetPlatform
[2015.10.24-19.32.44:751][  0]LogTemp:Display: Loaded TP WindowsServerTargetPlatform
[2015.10.24-19.32.44:754][  0]LogTemp:Display: Loaded TP WindowsTargetPlatform
[2015.10.24-19.32.44:757][  0]LogTemp:Display: Loaded TP AndroidTargetPlatform
[2015.10.24-19.32.44:760][  0]LogTemp:Display: Loaded TP Android_ASTCTargetPlatform
[2015.10.24-19.32.44:763][  0]LogTemp:Display: Loaded TP Android_ATCTargetPlatform
[2015.10.24-19.32.44:766][  0]LogTemp:Display: Loaded TP Android_DXTTargetPlatform
[2015.10.24-19.32.44:768][  0]LogTemp:Display: Loaded TP Android_ETC1TargetPlatform
[2015.10.24-19.32.44:771][  0]LogTemp:Display: Loaded TP Android_ETC2TargetPlatform
[2015.10.24-19.32.44:774][  0]LogTemp:Display: Loaded TP Android_PVRTCTargetPlatform
[2015.10.24-19.32.44:775][  0]LogTemp:Display: Loaded TP HTML5TargetPlatform
[2015.10.24-19.32.44:791][  0]LogTemp:Display: Loaded TP IOSTargetPlatform
[2015.10.24-19.32.44:794][  0]LogTemp:Display: Loaded TP LinuxNoEditorTargetPlatform
[2015.10.24-19.32.44:797][  0]LogTemp:Display: Loaded TP LinuxServerTargetPlatform
[2015.10.24-19.32.44:801][  0]LogTemp:Display: Loaded TP LinuxTargetPlatform
[2015.10.24-19.32.44:801][  0]LogTargetPlatformManager:Display: Building Assets For Windows
[2015.10.24-19.32.44:861][  0]LogDerivedDataCache:Display: Max Cache Size: 512 MB
[2015.10.24-19.32.44:890][  0]LogDerivedDataCache: Loaded boot cache 0.03s 41MB C:/Users/aehrlich92/AppData/Local/UnrealEngine/4.9/DerivedDataCache/Boot.ddc.
[2015.10.24-19.32.44:890][  0]LogDerivedDataCache:Display: Loaded Boot cache: C:/Users/aehrlich92/AppData/Local/UnrealEngine/4.9/DerivedDataCache/Boot.ddc
[2015.10.24-19.32.44:890][  0]LogDerivedDataCache: FDerivedDataBackendGraph:  Pak pak cache file ../../../../../../../My Media/UCF Documents/DIG 4725/Game-Files/SuperSpaceArmada/DerivedDataCache/DDC.ddp not found, will not use a pak cache.
[2015.10.24-19.32.44:890][  0]LogDerivedDataCache: Unable to find inner node Pak for hierarchical cache Hierarchy.
[2015.10.24-19.32.44:890][  0]LogDerivedDataCache: FDerivedDataBackendGraph:  CompressedPak pak cache file ../../../../../../../My Media/UCF Documents/DIG 4725/Game-Files/SuperSpaceArmada/DerivedDataCache/Compressed.ddp not found, will not use a pak cache.
[2015.10.24-19.32.44:890][  0]LogDerivedDataCache: Unable to find inner node CompressedPak for hierarchical cache Hierarchy.
[2015.10.24-19.32.44:990][  0]LogDerivedDataCache:Display: Pak cache opened for reading ../../../Engine/DerivedDataCache/Compressed.ddp.
[2015.10.24-19.32.45:001][  0]LogDerivedDataCache: Using Local data cache path C:/Users/aehrlich92/AppData/Local/UnrealEngine/Common/DerivedDataCache: Writable
[2015.10.24-19.32.45:116][  0]LogInit: Selected Device Profile: [Windows]
[2015.10.24-19.32.45:117][  0]LogContentStreaming: Texture pool size is 0.000000MB
[2015.10.24-19.32.45:199][  0]LogMeshUtilities: No automatic mesh reduction module available
[2015.10.24-19.32.45:199][  0]LogMeshUtilities: No automatic mesh merging module available
[2015.10.24-19.32.45:370][  0]LogInit: WinSock: version 1.1 (2.2), MaxSocks=32767, MaxUdp=65467
[2015.10.24-19.32.45:854][  0]LogAssetRegistry: FAssetRegistry took 0.0105 seconds to start up
[2015.10.24-19.32.45:864][  0]UdpMessaging: Initializing bridge on interface 0.0.0.0:0 to multicast group 230.0.0.1:6666.
[2015.10.24-19.32.46:046][  0]SourceControl: Info Source control is disabled
[2015.10.24-19.32.46:054][  0]SourceControl: Info Source control is disabled
[2015.10.24-19.32.46:060][  0]SourceControl: Info Source control is disabled
[2015.10.24-19.32.46:066][  0]SourceControl: Info Source control is disabled
[2015.10.24-19.32.46:146][  0]LogLinker:Warning: Asset '../../../Engine/Plugins/Runtime/LeapMotionController/Content/LM_PassthroughMaterial.uasset' has been saved with empty engine version. The asset will be loaded but may be incompatible.
[2015.10.24-19.32.46:200][  0]LogObj: 28528 objects as part of root set at end of initial load.
[2015.10.24-19.32.46:200][  0]LogUObjectAllocator: 6068464 out of 0 bytes used by permanent object pool.
[2015.10.24-19.32.46:242][  0]LogEngine: Initializing Engine...
[2015.10.24-19.32.46:244][  0]LogHMD: Can't find Oculus library dev build: is proper Runtime installed? Version: 0.7.0.0
[2015.10.24-19.32.46:245][  0]LogHMD: SteamVR failed to initialize.  Err: 110
[2015.10.24-19.32.46:330][  0]LogAIModule: Creating AISystem for world NewWorld
[2015.10.24-19.32.46:337][  0]LogInit: XAudio2 using 'Speakers (Realtek High Definition Audio)' : 8 channels at 48 kHz using 32 bits per sample (channel mask 0x63f)
[2015.10.24-19.32.46:346][  0]LogInit: FAudioDevice initialized.
[2015.10.24-19.32.46:360][  0]LogDerivedDataCache: Saved boot cache 0.01s 41MB C:/Users/aehrlich92/AppData/Local/UnrealEngine/4.9/DerivedDataCache/Boot.ddc.
[2015.10.24-19.32.46:363][  0]LogInit: Texture streaming: Enabled
[2015.10.24-19.32.46:367][  0]LogAnalytics: Creating configured Analytics provider AnalyticsET
[2015.10.24-19.32.46:367][  0]LogAnalytics: [UEEditor.Rocket.Release] APIServer = http://et2.epicgames.com/ET2/. AppVersion = 4.9.1-2689999+++depot+UE4-Releases+4.9
[2015.10.24-19.32.46:367][  0]LogAnalytics: [UEEditor.Rocket.Release] SetUserId 7bdbd2584788e6e37f918c9187bab22c|b300224d71e64562a5bff06c2aaa78f8|45aed112-7b58-41bf-9eba-b8dcb7f9dd12
[2015.10.24-19.32.46:367][  0]LogAnalytics: [UEEditor.Rocket.Release] AnalyticsET::StartSession
[2015.10.24-19.32.46:397][  0]LogInit: Transaction tracking system initialized
[2015.10.24-19.32.46:418][  0]BlueprintLog: New page: Editor Load
[2015.10.24-19.32.46:471][  0]LocalizationService: Info Localization service is disabled
[2015.10.24-19.32.46:526][  0]LogConsoleResponse:Display: 
[2015.10.24-19.32.46:606][  0]LogCook:Display: Done creating registry. It took  0.00s.
[2015.10.24-19.32.46:641][  0]LogFileCache: Scanning file cache for directory 'F:/My Media/UCF Documents/DIG 4725/Game-Files/SuperSpaceArmada/Content/' took 0.01s
[2015.10.24-19.32.46:641][  0]SourceControl: Info Source control is disabled
[2015.10.24-19.32.46:641][  0]Cmd: MAP LOAD FILE="../../../../../../../My Media/UCF Documents/DIG 4725/Game-Files/SuperSpaceArmada/Content/SSA/Maps/Home_Kratakos.umap" TEMPLATE=0 SHOWPROGRESS=1 FEATURELEVEL=3
[2015.10.24-19.32.46:641][  0]LightingResults: New page: Lighting Build
[2015.10.24-19.32.46:643][  0]MapCheck: New page: Map Check
[2015.10.24-19.32.46:643][  0]LightingResults: New page: Lighting Build
[2015.10.24-19.32.46:650][  0]LogParticles: Destroying 0 GPU particle simulations for FXSystem 0x0000007667079620
[2015.10.24-19.32.46:708][  0]LogLinker:Warning: Asset '../../../../../../../My Media/UCF Documents/DIG 4725/Game-Files/SuperSpaceArmada/Content/Mannequin/Animations/ThirdPerson_AnimBP.uasset' has been saved with empty engine version. The asset will be loaded but may be incompatible.
[2015.10.24-19.32.46:709][  0]LogLinker:Warning: Asset '../../../../../../../My Media/UCF Documents/DIG 4725/Game-Files/SuperSpaceArmada/Content/Mannequin/Animations/ThirdPerson_Jump.uasset' has been saved with empty engine version. The asset will be loaded but may be incompatible.
[2015.10.24-19.32.46:710][  0]LogLinker:Warning: Asset '../../../../../../../My Media/UCF Documents/DIG 4725/Game-Files/SuperSpaceArmada/Content/Mannequin/Animations/ThirdPersonJump_Loop.uasset' has been saved with empty engine version. The asset will be loaded but may be incompatible.
[2015.10.24-19.32.46:711][  0]LogLinker:Warning: Asset '../../../../../../../My Media/UCF Documents/DIG 4725/Game-Files/SuperSpaceArmada/Content/Mannequin/Animations/ThirdPersonJump_Start.uasset' has been saved with empty engine version. The asset will be loaded but may be incompatible.
[2015.10.24-19.32.46:712][  0]LogLinker:Warning: Asset '../../../../../../../My Media/UCF Documents/DIG 4725/Game-Files/SuperSpaceArmada/Content/Mannequin/Animations/ThirdPerson_IdleRun_2D.uasset' has been saved with empty engine version. The asset will be loaded but may be incompatible.
[2015.10.24-19.32.46:712][  0]LogLinker:Warning: Asset '../../../../../../../My Media/UCF Documents/DIG 4725/Game-Files/SuperSpaceArmada/Content/Mannequin/Animations/ThirdPersonIdle.uasset' has been saved with empty engine version. The asset will be loaded but may be incompatible.
[2015.10.24-19.32.46:713][  0]LogLinker:Warning: Asset '../../../../../../../My Media/UCF Documents/DIG 4725/Game-Files/SuperSpaceArmada/Content/Mannequin/Animations/ThirdPersonRun.uasset' has been saved with empty engine version. The asset will be loaded but may be incompatible.
[2015.10.24-19.32.46:713][  0]LogLinker:Warning: Asset '../../../../../../../My Media/UCF Documents/DIG 4725/Game-Files/SuperSpaceArmada/Content/Mannequin/Animations/ThirdPersonWalk.uasset' has been saved with empty engine version. The asset will be loaded but may be incompatible.
[2015.10.24-19.32.47:220][  0]LogBlueprint:Error: [compiler Player] Error Could not find a function named "Player 1 End" in 'HUD_C'.
Make sure 'HUD_C' has been compiled for  Player 1 End 
[2015.10.24-19.32.47:275][  0]LogBlueprint:Warning: [compiler Player] Warning [0004.23] Compile of Player failed. 1 Fatal Issue(s) 0 Warning(s) [in 79 ms]
[2015.10.24-19.32.47:275][  0]LogBlueprint:Warning: [compiler Player] Warning [0004.23] Compile of Player failed. 1 Fatal Issue(s) 1 Warning(s) [in 0 ms]
[2015.10.24-19.32.47:275][  0]LogBlueprint:Warning: [compiler Player] Warning [0004.23] Compile of Player failed. 1 Fatal Issue(s) 2 Warning(s) [in 0 ms]
[2015.10.24-19.32.47:510][  0]LogBlueprint:Error: Broken Node: K2Node_CallFunction /Game/SSA/Blueprints/Objects/Debris.Debris:Debris Collision func.K2Node_CallFunction_3036 keeps removed/invalid pin: EdGraphPin /Game/SSA/Blueprints/Objects/Debris.Debris:Debris Collision func.K2Node_CallFunction_3036.EdGraphPin_189478. Try refresh all nodes.
[2015.10.24-19.32.47:510][  0]LogBlueprint:Error: Broken Node: K2Node_CallFunction /Game/SSA/Blueprints/Objects/Debris.Debris:Debris Collision func.K2Node_CallFunction_2761 keeps removed/invalid pin: EdGraphPin /Game/SSA/Blueprints/Objects/Debris.Debris:Debris Collision func.K2Node_CallFunction_2761.EdGraphPin_189448. Try refresh all nodes.
[2015.10.24-19.32.47:703][  0]LogBlueprint:Error: Broken Node: K2Node_CallFunction /Game/SSA/Blueprints/Objects/Debris.Debris:Debris Collision func.K2Node_CallFunction_2761 keeps removed/invalid pin: EdGraphPin /Game/SSA/Blueprints/Objects/Debris.Debris:Debris Collision func.K2Node_CallFunction_2761.EdGraphPin_189448. Try refresh all nodes.
[2015.10.24-19.32.47:703][  0]LogBlueprint:Error: Broken Node: K2Node_CallFunction /Game/SSA/Blueprints/Objects/Debris.Debris:Debris Collision func.K2Node_CallFunction_3036 keeps removed/invalid pin: EdGraphPin /Game/SSA/Blueprints/Objects/Debris.Debris:Debris Collision func.K2Node_CallFunction_3036.EdGraphPin_189478. Try refresh all nodes.
[2015.10.24-19.32.48:143][  0]LogLinker:Warning: Can't find file '/Game/Geometry/Meshes/1M_Cube'
[2015.10.24-19.32.48:143][  0]LogLinker:Warning: Can't find file for asset '/Game/Geometry/Meshes/1M_Cube' while loading ../../../../../../../My Media/UCF Documents/DIG 4725/Game-Files/SuperSpaceArmada/Content/SSA/Blueprints/Objects/Crystal_Spawner.uasset.
[2015.10.24-19.32.48:143][  0]LoadErrors:Error: Error /Game/SSA/Blueprints/Objects/Crystal_Spawner : Can't find file for asset. /Game/Geometry/Meshes/1M_Cube
[2015.10.24-19.32.48:144][  0]LogLinker:Warning: Can't find file '/Game/Geometry/Meshes/1M_Cube'
[2015.10.24-19.32.48:144][  0]LogLinker:Warning: Can't find file for asset '/Game/Geometry/Meshes/1M_Cube' while loading ../../../../../../../My Media/UCF Documents/DIG 4725/Game-Files/SuperSpaceArmada/Content/SSA/Blueprints/Objects/Crystal_Spawner.uasset.
[2015.10.24-19.32.48:144][  0]LoadErrors:Error: Error /Game/SSA/Blueprints/Objects/Crystal_Spawner : Can't find file for asset. /Game/Geometry/Meshes/1M_Cube
[2015.10.24-19.32.48:146][  0]LogLinker:Warning: Can't find file '/Game/Geometry/Meshes/1M_Cube'
[2015.10.24-19.32.48:146][  0]LogLinker:Warning: Can't find file for asset '/Game/Geometry/Meshes/1M_Cube' while loading ../../../../../../../My Media/UCF Documents/DIG 4725/Game-Files/SuperSpaceArmada/Content/SSA/Maps/Home_Kratakos.umap.
[2015.10.24-19.32.48:146][  0]LoadErrors:Error: Error /Game/SSA/Maps/Home_Kratakos : Can't find file for asset. /Game/Geometry/Meshes/1M_Cube
[2015.10.24-19.32.48:146][  0]LogLinker:Warning: Can't find file '/Game/Geometry/Meshes/1M_Cube'
[2015.10.24-19.32.48:146][  0]LogLinker:Warning: Can't find file for asset '/Game/Geometry/Meshes/1M_Cube' while loading ../../../../../../../My Media/UCF Documents/DIG 4725/Game-Files/SuperSpaceArmada/Content/SSA/Maps/Home_Kratakos.umap.
[2015.10.24-19.32.48:146][  0]LoadErrors:Error: Error /Game/SSA/Maps/Home_Kratakos : Can't find file for asset. /Game/Geometry/Meshes/1M_Cube
[2015.10.24-19.32.48:147][  0]LogLinker:Warning: Can't find file '/Game/Geometry/Meshes/1M_Cube'
[2015.10.24-19.32.48:147][  0]LoadErrors: Info Failed to load /Game/Geometry/Meshes/1M_Cube.1M_Cube Referenced by StaticMeshComponent0
[2015.10.24-19.32.48:147][  0]LogLinker:Warning: Can't find file for asset '/Game/Geometry/Meshes/1M_Cube' while loading ../../../../../../../My Media/UCF Documents/DIG 4725/Game-Files/SuperSpaceArmada/Content/SSA/Maps/Home_Kratakos.umap.
[2015.10.24-19.32.48:147][  0]LoadErrors: Info Failed to load /Game/Geometry/Meshes/1M_Cube.1M_Cube Referenced by StaticMeshComponent0
[2015.10.24-19.32.48:147][  0]LoadErrors:Error: Error /Game/SSA/Maps/Home_Kratakos : Can't find file for asset. /Game/Geometry/Meshes/1M_Cube
[2015.10.24-19.32.48:840][  0]LogAIModule: Creating AISystem for world Home_Kratakos
[2015.10.24-19.32.48:845][  0]LogEditorServer: Finished looking for orphan Actors (0.000 secs)
[2015.10.24-19.32.48:846][  0]Cmd: MAP CHECKDEP NOCLEARLOG
[2015.10.24-19.32.48:899][  0]MapCheck: Info Map check complete: 0 Error(s), 0 Warning(s), took 53.279ms to complete.
[2015.10.24-19.32.48:899][  0]LogFileHelpers: Loading map 'Home_Kratakos' took 2.258
[2015.10.24-19.32.49:004][  0]LogCollectionManager: Loaded 0 collections in 0.001011 seconds
[2015.10.24-19.32.49:041][  0]LogFileCache: Scanning file cache for directory 'F:/My Media/UCF Documents/DIG 4725/Game-Files/SuperSpaceArmada/Saved/Collections/' took 0.01s
[2015.10.24-19.32.49:041][  0]LogFileCache: Scanning file cache for directory 'F:/My Media/UCF Documents/DIG 4725/Game-Files/SuperSpaceArmada/Content/Developers/aehrlich92/Collections/' took 0.01s
[2015.10.24-19.32.49:041][  0]LogFileCache: Scanning file cache for directory 'F:/My Media/UCF Documents/DIG 4725/Game-Files/SuperSpaceArmada/Content/Collections/' took 0.01s
[2015.10.24-19.32.49:041][  0]LogContentBrowser: Native class hierarchy populated in 0.0052 seconds. Added 1882 classes and 339 folders.
[2015.10.24-19.32.49:046][  0]LogCollectionManager: Rebuilt the GUID cache for 0 collections in 0.000002 seconds
[2015.10.24-19.32.49:049][  0]LogContentBrowser: Native class hierarchy updated for 'WidgetCarousel' in 0.0002 seconds. Added 0 classes and 0 folders.
[2015.10.24-19.32.49:075][  0]LogContentBrowser: Native class hierarchy updated for 'AddContentDialog' in 0.0002 seconds. Added 0 classes and 0 folders.
[2015.10.24-19.32.49:078][  0]LogContentBrowser: Native class hierarchy updated for 'SceneOutliner' in 0.0002 seconds. Added 1 classes and 2 folders.
[2015.10.24-19.32.49:098][  0]LogCrashTracker: Crashtracker disabled due to settings.
[2015.10.24-19.32.49:100][  0]LogUObjectGlobals:Warning: Failed to find object 'Class None.'
[2015.10.24-19.32.49:122][  0]LogLoad: Full Startup: 6.08 seconds (BP compile: 0.71 seconds)
[2015.10.24-19.32.49:130][  0]LoadErrors:Error: Error /Game/SSA/Blueprints/Player : Failed import for Player_C /Game/SSA/Blueprints/Player/Player.Default__Player_C
[2015.10.24-19.32.49:131][  0]LoadErrors:Error: Error /Game/SSA/Blueprints/Player_Human : Failed import for Player_Human_C /Game/SSA/Blueprints/Player/Player_Human.Default__Player_Human_C [redirection] in /Game/SSA/Blueprints/Player_Human
[2015.10.24-19.32.49:173][  0]LogContentStreaming: Texture pool size now 1000 MB
[2015.10.24-19.32.49:272][  0]LogRenderer: Reallocating scene render targets to support 1208x584 (Frame:2).
[2015.10.24-19.32.49:704][ 11]LogAssetRegistry: Asset discovery search completed in 3.8606 seconds
[2015.10.24-19.32.49:704][ 11]LogCollectionManager: Rebuilt the object cache for 0 collections in 0.000000 seconds (found 0 objects)
[2015.10.24-19.32.49:704][ 11]LogCollectionManager: Fixed up redirectors for 0 collections in 0.000016 seconds (updated 0 objects)
[2015.10.24-19.33.00:475][237]LogLinker:Warning: Asset '../../../Engine/Content/ArtTools/RenderToTexture/Macros/RenderToTextureMacros.uasset' has been saved with empty engine version. The asset will be loaded but may be incompatible.
[2015.10.24-19.33.00:823][237]LogContentBrowser: Native class hierarchy updated for 'BlueprintGraph' in 0.0007 seconds. Added 107 classes and 0 folders.
[2015.10.24-19.33.32:002][238]BlueprintLog: New page: Compile Player
[2015.10.24-19.33.32:151][238]LogBlueprint:Error: Broken Node: K2Node_CallFunction /Game/SSA/Blueprints/Objects/Debris.Debris:Debris Collision func.K2Node_CallFunction_2761 keeps removed/invalid pin: EdGraphPin /Game/SSA/Blueprints/Objects/Debris.Debris:Debris Collision func.K2Node_CallFunction_2761.EdGraphPin_189448. Try refresh all nodes.
[2015.10.24-19.33.32:151][238]LogBlueprint:Error: Broken Node: K2Node_CallFunction /Game/SSA/Blueprints/Objects/Debris.Debris:Debris Collision func.K2Node_CallFunction_3036 keeps removed/invalid pin: EdGraphPin /Game/SSA/Blueprints/Objects/Debris.Debris:Debris Collision func.K2Node_CallFunction_3036.EdGraphPin_189478. Try refresh all nodes.
[2015.10.24-19.33.32:317][238]LogCrashTracker: 


[2015.10.24-19.33.32:317][238]LogCrashTracker: 


[2015.10.24-19.33.32:317][238]LogWindows: === Critical error: ===
Fatal error!



[2015.10.24-19.33.32:412][238]LogExit: Executing StaticShutdownAfterError
[2015.10.24-19.33.32:418][238]LogPhysics:Warning: PHYSX: ..\..\PhysX\src\NpScene.cpp (2946) 8 : PxScene::unlockWrite() called without matching call to PxScene::lockWrite(), behaviour will be undefined.
[2015.10.24-19.33.32:418][238]LogPhysics:Warning: PHYSX: ..\..\PhysX\src\NpScene.cpp (2946) 8 : PxScene::unlockWrite() called without matching call to PxScene::lockWrite(), behaviour will be undefined.
[2015.10.24-19.33.32:419][238]LogPhysics:Warning: PHYSX: ..\..\PhysX\src\NpScene.cpp (2946) 8 : PxScene::unlockWrite() called without matching call to PxScene::lockWrite(), behaviour will be undefined.
[2015.10.24-19.33.32:419][238]LogPhysics:Warning: PHYSX: ..\..\PhysX\src\NpScene.cpp (2946) 8 : PxScene::unlockWrite() called without matching call to PxScene::lockWrite(), behaviour will be undefined.
[2015.10.24-19.33.32:419][238]LogPhysics:Warning: PHYSX: ..\..\PhysX\src\NpScene.cpp (2946) 8 : PxScene::unlockWrite() called without matching call to PxScene::lockWrite(), behaviour will be undefined.
[2015.10.24-19.33.32:419][238]LogPhysics:Warning: PHYSX: ..\..\PhysX\src\NpScene.cpp (2946) 8 : PxScene::unlockWrite() called without matching call to PxScene::lockWrite(), behaviour will be undefined.
[2015.10.24-19.33.32:419][238]LogPhysics:Warning: PHYSX: ..\..\PhysX\src\NpScene.cpp (2946) 8 : PxScene::unlockWrite() called without matching call to PxScene::lockWrite(), behaviour will be undefined.
[2015.10.24-19.33.32:419][238]LogPhysics:Warning: PHYSX: ..\..\PhysX\src\NpScene.cpp (2946) 8 : PxScene::unlockWrite() called without matching call to PxScene::lockWrite(), behaviour will be undefined.
[2015.10.24-19.33.32:419][238]LogPhysics:Warning: PHYSX: ..\..\PhysX\src\NpScene.cpp (2946) 8 : PxScene::unlockWrite() called without matching call to PxScene::lockWrite(), behaviour will be undefined.
[2015.10.24-19.33.32:419][238]LogPhysics:Warning: PHYSX: ..\..\PhysX\src\NpScene.cpp (2946) 8 : PxScene::unlockWrite() called without matching call to PxScene::lockWrite(), behaviour will be undefined.
[2015.10.24-19.33.32:419][238]LogPhysics:Warning: PHYSX: ..\..\PhysX\src\NpScene.cpp (2946) 8 : PxScene::unlockWrite() called without matching call to PxScene::lockWrite(), behaviour will be undefined.
[2015.10.24-19.33.32:419][238]LogPhysics:Warning: PHYSX: ..\..\PhysX\src\NpScene.cpp (2946) 8 : PxScene::unlockWrite() called without matching call to PxScene::lockWrite(), behaviour will be undefined.
[2015.10.24-19.33.32:419][238]LogPhysics:Warning: PHYSX: ..\..\PhysX\src\NpScene.cpp (2946) 8 : PxScene::unlockWrite() called without matching call to PxScene::lockWrite(), behaviour will be undefined.
[2015.10.24-19.33.32:419][238]LogPhysics:Warning: PHYSX: ..\..\PhysX\src\NpScene.cpp (2946) 8 : PxScene::unlockWrite() called without matching call to PxScene::lockWrite(), behaviour will be undefined.
[2015.10.24-19.33.32:419][238]LogPhysics:Warning: PHYSX: ..\..\PhysX\src\NpScene.cpp (2946) 8 : PxScene::unlockWrite() called without matching call to PxScene::lockWrite(), behaviour will be undefined.
[2015.10.24-19.33.32:419][238]LogPhysics:Warning: PHYSX: ..\..\PhysX\src\NpScene.cpp (2946) 8 : PxScene::unlockWrite() called without matching call to PxScene::lockWrite(), behaviour will be undefined.
[2015.10.24-19.33.32:419][238]LogPhysics:Warning: PHYSX: ..\..\PhysX\src\NpScene.cpp (2946) 8 : PxScene::unlockWrite() called without matching call to PxScene::lockWrite(), behaviour will be undefined.
[2015.10.24-19.33.32:420][238]LogPhysics:Warning: PHYSX: ..\..\PhysX\src\NpScene.cpp (2946) 8 : PxScene::unlockWrite() called without matching call to PxScene::lockWrite(), behaviour will be undefined.
[2015.10.24-19.33.32:420][238]LogPhysics:Warning: PHYSX: ..\..\PhysX\src\NpScene.cpp (2946) 8 : PxScene::unlockWrite() called without matching call to PxScene::lockWrite(), behaviour will be undefined.
[2015.10.24-19.33.32:420][238]LogPhysics:Warning: PHYSX: ..\..\PhysX\src\NpScene.cpp (2946) 8 : PxScene::unlockWrite() called without matching call to PxScene::lockWrite(), behaviour will be undefined.
[2015.10.24-19.33.32:420][238]LogWindows: FPlatformMisc::RequestExit(1)
[2015.10.24-19.33.32:420][238]Log file closed, 10/24/15 15:33:32
