[2015.10.04-21.37.41:734][  0]Log file open, 10/04/15 17:37:41
[2015.10.04-21.37.41:734][  0]LogInit:Display: Running engine without a game
[2015.10.04-21.37.41:735][  0]LogInit:Display: Loading recent project file: ../../../../../../../My Media/UCF Documents/DIG 4725/Game-Files/SuperSpaceArmada/SuperSpaceArmada.uproject
[2015.10.04-21.37.41:735][  0]LogInit:Display: RandInit(1716685444) SRandInit(1716685445).
[2015.10.04-21.37.41:735][  0]LogTaskGraph: Started task graph with 4 named threads and 7 total threads.
[2015.10.04-21.37.41:735][  0]LogStats: Stats thread started at 0.062359
[2015.10.04-21.37.41:735][  0]LogInit: Version: 4.9.1-2689999+++depot+UE4-Releases+4.9
[2015.10.04-21.37.41:735][  0]LogInit: API Version: 2672455
[2015.10.04-21.37.41:735][  0]LogInit: Compiled (64-bit): Sep 14 2015 04:12:03
[2015.10.04-21.37.41:735][  0]LogInit: Compiled with Visual C++: 18.00.21005.01
[2015.10.04-21.37.41:735][  0]LogInit: Build Configuration: Development
[2015.10.04-21.37.41:735][  0]LogInit: Branch Name: ++depot+UE4-Releases+4.9
[2015.10.04-21.37.41:735][  0]LogInit: Command line: 
[2015.10.04-21.37.41:735][  0]LogInit: Base directory: F:/Program Files/Unreal/Epic Games/4.9/Engine/Binaries/Win64/
[2015.10.04-21.37.41:735][  0]LogInit: Rocket: 1
[2015.10.04-21.37.41:742][  0]LogInit: Using libcurl 7.41.0
[2015.10.04-21.37.41:742][  0]LogInit:  - built for x86_64-pc-win32
[2015.10.04-21.37.41:742][  0]LogInit:  - supports SSL with WinSSL
[2015.10.04-21.37.41:742][  0]LogInit:  - other features:
[2015.10.04-21.37.41:742][  0]LogInit:      CURL_VERSION_SSL
[2015.10.04-21.37.41:742][  0]LogInit:      CURL_VERSION_IPV6
[2015.10.04-21.37.41:742][  0]LogInit:      CURL_VERSION_ASYNCHDNS
[2015.10.04-21.37.41:742][  0]LogInit:      CURL_VERSION_LARGEFILE
[2015.10.04-21.37.41:742][  0]LogInit:      CURL_VERSION_IDN
[2015.10.04-21.37.41:742][  0]LogInit:  CurlRequestOptions (configurable via config and command line):
[2015.10.04-21.37.41:742][  0]LogInit:  - bVerifyPeer = true  - Libcurl will verify peer certificate
[2015.10.04-21.37.41:742][  0]LogInit:  - bUseHttpProxy = false  - Libcurl will NOT use HTTP proxy
[2015.10.04-21.37.41:742][  0]LogInit:  - bDontReuseConnections = false  - Libcurl will reuse connections
[2015.10.04-21.37.41:742][  0]LogInit:  - CertBundlePath = nullptr  - Libcurl will use whatever was configured at build time.
[2015.10.04-21.37.41:748][  0]LogInit: Presizing for 0 objects not considered by GC, pre-allocating 0 bytes.
[2015.10.04-21.37.41:752][  0]LogInit: Object subsystem initialized
[2015.10.04-21.37.41:753][  0]LogInit: Selected Device Profile: [Windows]
[2015.10.04-21.37.41:753][  0]LogInit: Applying CVar settings loaded from the selected device profile: [Windows]
[2015.10.04-21.37.41:759][  0]LogInit: Computer: ANDREW_2015
[2015.10.04-21.37.41:759][  0]LogInit: User: aehrlich92
[2015.10.04-21.37.41:759][  0]LogInit: CPU Page size=4096, Cores=4
[2015.10.04-21.37.41:759][  0]LogInit: High frequency timer resolution =3.984650 MHz
[2015.10.04-21.37.41:759][  0]LogMemory: Memory total: Physical=15.9GB (16GB approx)
[2015.10.04-21.37.41:759][  0]LogMemory: Platform Memory Stats for Windows
[2015.10.04-21.37.41:759][  0]LogMemory: Process Physical Memory: 54.68 MB used, 54.68 MB peak
[2015.10.04-21.37.41:759][  0]LogMemory: Process Virtual Memory: 59.39 MB used, 59.39 MB peak
[2015.10.04-21.37.41:759][  0]LogMemory: Physical Memory: 4927.75 MB used, 16322.88 MB total
[2015.10.04-21.37.41:759][  0]LogMemory: Virtual Memory: 368.36 MB used, 134217728.00 MB total
[2015.10.04-21.37.41:799][  0]LogTextLocalizationManager: No specific translations for ('en-US') exist, so ('en') translations will be used.
[2015.10.04-21.37.42:305][  0]LogD3D11RHI: Found D3D11 adapter 0: NVIDIA GeForce GTX 960 (Feature Level 11_0)
[2015.10.04-21.37.42:305][  0]LogD3D11RHI: Adapter has 1969MB of dedicated video memory, 0MB of dedicated system memory, and 8161MB of shared system memory, 2 output[s]
[2015.10.04-21.37.42:306][  0]LogD3D11RHI: Found D3D11 adapter 1: Microsoft Basic Render Driver (Feature Level 11_0)
[2015.10.04-21.37.42:306][  0]LogD3D11RHI: Adapter has 0MB of dedicated video memory, 0MB of dedicated system memory, and 8161MB of shared system memory, 0 output[s]
[2015.10.04-21.37.42:306][  0]LogD3D11RHI: Chosen D3D11 Adapter Id = 0
[2015.10.04-21.37.42:309][  0]LogD3D11RHI: !Direct3DDevice
[2015.10.04-21.37.42:309][  0]LogRHI: Texture pool is 1361 MB (70% of 1945 MB)
[2015.10.04-21.37.42:318][  0]LogD3D11RHI: Async texture creation enabled
[2015.10.04-21.37.42:333][  0]LogShaderCompilers: Guid format shader working directory is 14 characters bigger than the processId version (../../../../../../../My Media/UCF Documents/DIG 4725/Game-Files/SuperSpaceArmada/Intermediate/Shaders/WorkingDirectory/13012/).
[2015.10.04-21.37.42:333][  0]LogShaderCompilers: Cleaned the shader compiler working directory '../../../../../../../My Media/UCF Documents/DIG 4725/Game-Files/SuperSpaceArmada/Intermediate/Shaders/tmp/30FA169540636D01DB65B88D0A8127D2/'.
[2015.10.04-21.37.42:333][  0]LogShaderCompilers:Display: Using Local Shader Compiler.
[2015.10.04-21.37.43:051][  0]LogTemp:Display: Loaded TP AllDesktopTargetPlatform
[2015.10.04-21.37.43:054][  0]LogTemp:Display: Loaded TP WindowsClientTargetPlatform
[2015.10.04-21.37.43:058][  0]LogTemp:Display: Loaded TP WindowsNoEditorTargetPlatform
[2015.10.04-21.37.43:062][  0]LogTemp:Display: Loaded TP WindowsServerTargetPlatform
[2015.10.04-21.37.43:066][  0]LogTemp:Display: Loaded TP WindowsTargetPlatform
[2015.10.04-21.37.43:068][  0]LogTemp:Display: Loaded TP AndroidTargetPlatform
[2015.10.04-21.37.43:071][  0]LogTemp:Display: Loaded TP Android_ASTCTargetPlatform
[2015.10.04-21.37.43:074][  0]LogTemp:Display: Loaded TP Android_ATCTargetPlatform
[2015.10.04-21.37.43:077][  0]LogTemp:Display: Loaded TP Android_DXTTargetPlatform
[2015.10.04-21.37.43:079][  0]LogTemp:Display: Loaded TP Android_ETC1TargetPlatform
[2015.10.04-21.37.43:082][  0]LogTemp:Display: Loaded TP Android_ETC2TargetPlatform
[2015.10.04-21.37.43:085][  0]LogTemp:Display: Loaded TP Android_PVRTCTargetPlatform
[2015.10.04-21.37.43:086][  0]LogTemp:Display: Loaded TP HTML5TargetPlatform
[2015.10.04-21.37.43:103][  0]LogTemp:Display: Loaded TP IOSTargetPlatform
[2015.10.04-21.37.43:106][  0]LogTemp:Display: Loaded TP LinuxNoEditorTargetPlatform
[2015.10.04-21.37.43:109][  0]LogTemp:Display: Loaded TP LinuxServerTargetPlatform
[2015.10.04-21.37.43:112][  0]LogTemp:Display: Loaded TP LinuxTargetPlatform
[2015.10.04-21.37.43:112][  0]LogTargetPlatformManager:Display: Building Assets For Windows
[2015.10.04-21.37.43:170][  0]LogDerivedDataCache:Display: Max Cache Size: 512 MB
[2015.10.04-21.37.43:198][  0]LogDerivedDataCache: Loaded boot cache 0.03s 41MB C:/Users/aehrlich92/AppData/Local/UnrealEngine/4.9/DerivedDataCache/Boot.ddc.
[2015.10.04-21.37.43:198][  0]LogDerivedDataCache:Display: Loaded Boot cache: C:/Users/aehrlich92/AppData/Local/UnrealEngine/4.9/DerivedDataCache/Boot.ddc
[2015.10.04-21.37.43:198][  0]LogDerivedDataCache: FDerivedDataBackendGraph:  Pak pak cache file ../../../../../../../My Media/UCF Documents/DIG 4725/Game-Files/SuperSpaceArmada/DerivedDataCache/DDC.ddp not found, will not use a pak cache.
[2015.10.04-21.37.43:198][  0]LogDerivedDataCache: Unable to find inner node Pak for hierarchical cache Hierarchy.
[2015.10.04-21.37.43:198][  0]LogDerivedDataCache: FDerivedDataBackendGraph:  CompressedPak pak cache file ../../../../../../../My Media/UCF Documents/DIG 4725/Game-Files/SuperSpaceArmada/DerivedDataCache/Compressed.ddp not found, will not use a pak cache.
[2015.10.04-21.37.43:198][  0]LogDerivedDataCache: Unable to find inner node CompressedPak for hierarchical cache Hierarchy.
[2015.10.04-21.37.43:293][  0]LogDerivedDataCache:Display: Pak cache opened for reading ../../../Engine/DerivedDataCache/Compressed.ddp.
[2015.10.04-21.37.43:305][  0]LogDerivedDataCache: Using Local data cache path C:/Users/aehrlich92/AppData/Local/UnrealEngine/Common/DerivedDataCache: Writable
[2015.10.04-21.37.43:414][  0]LogInit: Selected Device Profile: [Windows]
[2015.10.04-21.37.43:416][  0]LogContentStreaming: Texture pool size is 0.000000MB
[2015.10.04-21.37.43:496][  0]LogMeshUtilities: No automatic mesh reduction module available
[2015.10.04-21.37.43:496][  0]LogMeshUtilities: No automatic mesh merging module available
[2015.10.04-21.37.43:659][  0]LogInit: WinSock: version 1.1 (2.2), MaxSocks=32767, MaxUdp=65467
[2015.10.04-21.37.44:131][  0]LogAssetRegistry: FAssetRegistry took 0.0107 seconds to start up
[2015.10.04-21.37.44:139][  0]UdpMessaging: Initializing bridge on interface 0.0.0.0:0 to multicast group 230.0.0.1:6666.
[2015.10.04-21.37.44:314][  0]SourceControl: Info Source control is disabled
[2015.10.04-21.37.44:322][  0]SourceControl: Info Source control is disabled
[2015.10.04-21.37.44:328][  0]SourceControl: Info Source control is disabled
[2015.10.04-21.37.44:334][  0]SourceControl: Info Source control is disabled
[2015.10.04-21.37.44:414][  0]LogLinker:Warning: Asset '../../../Engine/Plugins/Runtime/LeapMotionController/Content/LM_PassthroughMaterial.uasset' has been saved with empty engine version. The asset will be loaded but may be incompatible.
[2015.10.04-21.37.44:466][  0]LogObj: 28528 objects as part of root set at end of initial load.
[2015.10.04-21.37.44:466][  0]LogUObjectAllocator: 6068464 out of 0 bytes used by permanent object pool.
[2015.10.04-21.37.44:507][  0]LogEngine: Initializing Engine...
[2015.10.04-21.37.44:509][  0]LogHMD: Can't find Oculus library dev build: is proper Runtime installed? Version: 0.7.0.0
[2015.10.04-21.37.44:510][  0]LogHMD: SteamVR failed to initialize.  Err: 110
[2015.10.04-21.37.44:588][  0]LogAIModule: Creating AISystem for world NewWorld
[2015.10.04-21.37.44:595][  0]LogInit: XAudio2 using 'Speakers (Realtek High Definition Audio)' : 8 channels at 48 kHz using 32 bits per sample (channel mask 0x63f)
[2015.10.04-21.37.44:603][  0]LogInit: FAudioDevice initialized.
[2015.10.04-21.37.44:617][  0]LogDerivedDataCache: Saved boot cache 0.01s 41MB C:/Users/aehrlich92/AppData/Local/UnrealEngine/4.9/DerivedDataCache/Boot.ddc.
[2015.10.04-21.37.44:620][  0]LogInit: Texture streaming: Enabled
[2015.10.04-21.37.44:624][  0]LogAnalytics: Creating configured Analytics provider AnalyticsET
[2015.10.04-21.37.44:624][  0]LogAnalytics: [UEEditor.Rocket.Release] APIServer = http://et2.epicgames.com/ET2/. AppVersion = 4.9.1-2689999+++depot+UE4-Releases+4.9
[2015.10.04-21.37.44:624][  0]LogAnalytics: [UEEditor.Rocket.Release] SetUserId 7bdbd2584788e6e37f918c9187bab22c|b300224d71e64562a5bff06c2aaa78f8|45aed112-7b58-41bf-9eba-b8dcb7f9dd12
[2015.10.04-21.37.44:624][  0]LogAnalytics: [UEEditor.Rocket.Release] AnalyticsET::StartSession
[2015.10.04-21.37.44:651][  0]LogInit: Transaction tracking system initialized
[2015.10.04-21.37.44:670][  0]BlueprintLog: New page: Editor Load
[2015.10.04-21.37.44:724][  0]LocalizationService: Info Localization service is disabled
[2015.10.04-21.37.44:777][  0]LogConsoleResponse:Display: 
[2015.10.04-21.37.44:852][  0]LogCook:Display: Done creating registry. It took  0.00s.
[2015.10.04-21.37.44:887][  0]LogFileCache: Scanning file cache for directory 'F:/My Media/UCF Documents/DIG 4725/Game-Files/SuperSpaceArmada/Content/' took 0.01s
[2015.10.04-21.37.44:887][  0]SourceControl: Info Source control is disabled
[2015.10.04-21.37.44:887][  0]Cmd: MAP LOAD FILE="../../../../../../../My Media/UCF Documents/DIG 4725/Game-Files/SuperSpaceArmada/Content/TopDownBP/Maps/TopDownExampleMap.umap" TEMPLATE=0 SHOWPROGRESS=1 FEATURELEVEL=3
[2015.10.04-21.37.44:887][  0]LogEditorServer:Warning: Can't find file '../../../../../../../My Media/UCF Documents/DIG 4725/Game-Files/SuperSpaceArmada/Content/TopDownBP/Maps/TopDownExampleMap.umap'
[2015.10.04-21.37.44:887][  0]Cmd: MAP CHECKDEP NOCLEARLOG
[2015.10.04-21.37.44:915][  0]MapCheck: Info Map check complete: 0 Error(s), 0 Warning(s), took 27.818ms to complete.
[2015.10.04-21.37.44:915][  0]LogFileHelpers: Loading map 'TopDownExampleMap' took 0.028
[2015.10.04-21.37.45:008][  0]LogCollectionManager: Loaded 0 collections in 0.000945 seconds
[2015.10.04-21.37.45:046][  0]LogFileCache: Scanning file cache for directory 'F:/My Media/UCF Documents/DIG 4725/Game-Files/SuperSpaceArmada/Saved/Collections/' took 0.01s
[2015.10.04-21.37.45:046][  0]LogFileCache: Scanning file cache for directory 'F:/My Media/UCF Documents/DIG 4725/Game-Files/SuperSpaceArmada/Content/Developers/aehrlich92/Collections/' took 0.01s
[2015.10.04-21.37.45:046][  0]LogFileCache: Scanning file cache for directory 'F:/My Media/UCF Documents/DIG 4725/Game-Files/SuperSpaceArmada/Content/Collections/' took 0.01s
[2015.10.04-21.37.45:046][  0]LogContentBrowser: Native class hierarchy populated in 0.0049 seconds. Added 1882 classes and 339 folders.
[2015.10.04-21.37.45:050][  0]LogCollectionManager: Rebuilt the GUID cache for 0 collections in 0.000002 seconds
[2015.10.04-21.37.45:053][  0]LogContentBrowser: Native class hierarchy updated for 'WidgetCarousel' in 0.0002 seconds. Added 0 classes and 0 folders.
[2015.10.04-21.37.45:078][  0]LogContentBrowser: Native class hierarchy updated for 'AddContentDialog' in 0.0002 seconds. Added 0 classes and 0 folders.
[2015.10.04-21.37.45:081][  0]LogContentBrowser: Native class hierarchy updated for 'SceneOutliner' in 0.0002 seconds. Added 1 classes and 2 folders.
[2015.10.04-21.37.45:095][  0]LogCrashTracker: Crashtracker disabled due to settings.
[2015.10.04-21.37.45:100][  0]LogUObjectGlobals:Warning: Failed to find object 'Class None.'
[2015.10.04-21.37.45:121][  0]LogLoad: Full Startup: 3.79 seconds (BP compile: 0.00 seconds)
[2015.10.04-21.37.45:165][  0]LogContentStreaming: Texture pool size now 1000 MB
[2015.10.04-21.37.45:265][  0]LogRenderer: Reallocating scene render targets to support 1208x584 (Frame:2).
[2015.10.04-21.37.45:318][  1]LogAssetRegistry: Asset discovery search completed in 1.1977 seconds
[2015.10.04-21.37.45:318][  1]LogCollectionManager: Rebuilt the object cache for 0 collections in 0.000001 seconds (found 0 objects)
[2015.10.04-21.37.45:318][  1]LogCollectionManager: Fixed up redirectors for 0 collections in 0.000108 seconds (updated 0 objects)
[2015.10.04-21.37.51:025][681]LogLinker:Warning: Asset '../../../../../../../My Media/UCF Documents/DIG 4725/Game-Files/SuperSpaceArmada/Content/Mannequin/Animations/ThirdPerson_AnimBP.uasset' has been saved with empty engine version. The asset will be loaded but may be incompatible.
[2015.10.04-21.37.51:027][681]LogLinker:Warning: Asset '../../../../../../../My Media/UCF Documents/DIG 4725/Game-Files/SuperSpaceArmada/Content/Mannequin/Animations/ThirdPerson_Jump.uasset' has been saved with empty engine version. The asset will be loaded but may be incompatible.
[2015.10.04-21.37.51:028][681]LogLinker:Warning: Asset '../../../../../../../My Media/UCF Documents/DIG 4725/Game-Files/SuperSpaceArmada/Content/Mannequin/Animations/ThirdPersonJump_Loop.uasset' has been saved with empty engine version. The asset will be loaded but may be incompatible.
[2015.10.04-21.37.51:028][681]LogLinker:Warning: Asset '../../../../../../../My Media/UCF Documents/DIG 4725/Game-Files/SuperSpaceArmada/Content/Mannequin/Animations/ThirdPersonJump_Start.uasset' has been saved with empty engine version. The asset will be loaded but may be incompatible.
[2015.10.04-21.37.51:029][681]LogLinker:Warning: Asset '../../../../../../../My Media/UCF Documents/DIG 4725/Game-Files/SuperSpaceArmada/Content/Mannequin/Animations/ThirdPerson_IdleRun_2D.uasset' has been saved with empty engine version. The asset will be loaded but may be incompatible.
[2015.10.04-21.37.51:029][681]LogLinker:Warning: Asset '../../../../../../../My Media/UCF Documents/DIG 4725/Game-Files/SuperSpaceArmada/Content/Mannequin/Animations/ThirdPersonIdle.uasset' has been saved with empty engine version. The asset will be loaded but may be incompatible.
[2015.10.04-21.37.51:030][681]LogLinker:Warning: Asset '../../../../../../../My Media/UCF Documents/DIG 4725/Game-Files/SuperSpaceArmada/Content/Mannequin/Animations/ThirdPersonRun.uasset' has been saved with empty engine version. The asset will be loaded but may be incompatible.
[2015.10.04-21.37.51:031][681]LogLinker:Warning: Asset '../../../../../../../My Media/UCF Documents/DIG 4725/Game-Files/SuperSpaceArmada/Content/Mannequin/Animations/ThirdPersonWalk.uasset' has been saved with empty engine version. The asset will be loaded but may be incompatible.
[2015.10.04-21.37.51:472][681]LogBlueprint:Error: [compiler Player] Error COMPILER ERROR: failed building connection with 'Player Kratakos Reference is not compatible with Player Reference.' at  SpawnActor Player Kratakos 
[2015.10.04-21.37.51:472][681]LogBlueprint:Error: [compiler Player] Error COMPILER ERROR: failed building connection with 'Player Human Reference is not compatible with Player Reference.' at  SpawnActor Player Human 
[2015.10.04-21.37.51:481][681]LogBlueprint:Error: [compiler Player] Error Variable node  Set EnemyHealth  uses an invalid target.  It may depend on a node that is not connected to the execution chain, and got purged.
[2015.10.04-21.37.51:482][681]LogBlueprint:Error: [compiler Player] Error Variable node  Set EnemyHealth  uses an invalid target.  It may depend on a node that is not connected to the execution chain, and got purged.
[2015.10.04-21.37.51:501][681]LogBlueprint:Warning: [compiler Player] Warning [0010.17] Compile of Player failed. 4 Fatal Issue(s) 0 Warning(s) [in 42 ms]
[2015.10.04-21.37.51:502][681]LogBlueprint:Warning: [compiler Player] Warning [0010.17] Compile of Player failed. 4 Fatal Issue(s) 1 Warning(s) [in 0 ms]
[2015.10.04-21.37.51:502][681]LogBlueprint:Warning: [compiler Player] Warning [0010.17] Compile of Player failed. 4 Fatal Issue(s) 2 Warning(s) [in 0 ms]
[2015.10.04-21.37.51:951][681]LogCrashTracker: 


[2015.10.04-21.37.51:951][681]LogCrashTracker: 


[2015.10.04-21.37.51:951][681]LogWindows: === Critical error: ===
Fatal error!



[2015.10.04-21.37.52:042][681]LogExit: Executing StaticShutdownAfterError
[2015.10.04-21.37.52:045][681]LogPhysics:Warning: PHYSX: ..\..\PhysX\src\NpScene.cpp (2946) 8 : PxScene::unlockWrite() called without matching call to PxScene::lockWrite(), behaviour will be undefined.
[2015.10.04-21.37.52:045][681]LogPhysics:Warning: PHYSX: ..\..\PhysX\src\NpScene.cpp (2946) 8 : PxScene::unlockWrite() called without matching call to PxScene::lockWrite(), behaviour will be undefined.
[2015.10.04-21.37.52:045][681]LogWindows: FPlatformMisc::RequestExit(1)
[2015.10.04-21.37.52:045][681]Log file closed, 10/04/15 17:37:52
