[2015.12.10-22.23.35:454][  0]Log file open, 12/10/15 17:23:35
[2015.12.10-22.23.35:454][  0]LogInit:Display: Running engine without a game
[2015.12.10-22.23.35:454][  0]LogInit:Display: Loading recent project file: F:/My Media/UCF Documents/DIG 4725/Game-Files/SuperSpaceArmada/SuperSpaceArmada.uproject
[2015.12.10-22.23.35:454][  0]LogInit:Display: RandInit(-1592628835) SRandInit(-1592628834).
[2015.12.10-22.23.35:454][  0]LogTaskGraph: Started task graph with 4 named threads and 7 total threads.
[2015.12.10-22.23.35:454][  0]LogStats: Stats thread started at 0.064603
[2015.12.10-22.23.35:454][  0]LogInit: Version: 4.9.1-2689999+++depot+UE4-Releases+4.9
[2015.12.10-22.23.35:454][  0]LogInit: API Version: 2672455
[2015.12.10-22.23.35:454][  0]LogInit: Compiled (64-bit): Sep 14 2015 04:12:03
[2015.12.10-22.23.35:454][  0]LogInit: Compiled with Visual C++: 18.00.21005.01
[2015.12.10-22.23.35:454][  0]LogInit: Build Configuration: Development
[2015.12.10-22.23.35:454][  0]LogInit: Branch Name: ++depot+UE4-Releases+4.9
[2015.12.10-22.23.35:454][  0]LogInit: Command line: 
[2015.12.10-22.23.35:454][  0]LogInit: Base directory: F:/Program Files/Unreal/Epic Games/4.9/Engine/Binaries/Win64/
[2015.12.10-22.23.35:454][  0]LogInit: Rocket: 1
[2015.12.10-22.23.35:462][  0]LogInit: Using libcurl 7.41.0
[2015.12.10-22.23.35:462][  0]LogInit:  - built for x86_64-pc-win32
[2015.12.10-22.23.35:462][  0]LogInit:  - supports SSL with WinSSL
[2015.12.10-22.23.35:462][  0]LogInit:  - other features:
[2015.12.10-22.23.35:462][  0]LogInit:      CURL_VERSION_SSL
[2015.12.10-22.23.35:462][  0]LogInit:      CURL_VERSION_IPV6
[2015.12.10-22.23.35:462][  0]LogInit:      CURL_VERSION_ASYNCHDNS
[2015.12.10-22.23.35:462][  0]LogInit:      CURL_VERSION_LARGEFILE
[2015.12.10-22.23.35:462][  0]LogInit:      CURL_VERSION_IDN
[2015.12.10-22.23.35:462][  0]LogInit:  CurlRequestOptions (configurable via config and command line):
[2015.12.10-22.23.35:462][  0]LogInit:  - bVerifyPeer = true  - Libcurl will verify peer certificate
[2015.12.10-22.23.35:462][  0]LogInit:  - bUseHttpProxy = false  - Libcurl will NOT use HTTP proxy
[2015.12.10-22.23.35:462][  0]LogInit:  - bDontReuseConnections = false  - Libcurl will reuse connections
[2015.12.10-22.23.35:462][  0]LogInit:  - CertBundlePath = nullptr  - Libcurl will use whatever was configured at build time.
[2015.12.10-22.23.35:468][  0]LogInit: Presizing for 0 objects not considered by GC, pre-allocating 0 bytes.
[2015.12.10-22.23.35:473][  0]LogInit: Object subsystem initialized
[2015.12.10-22.23.35:474][  0]LogInit: Selected Device Profile: [Windows]
[2015.12.10-22.23.35:474][  0]LogInit: Applying CVar settings loaded from the selected device profile: [Windows]
[2015.12.10-22.23.35:478][  0]LogInit: Computer: ANDREW_2015
[2015.12.10-22.23.35:478][  0]LogInit: User: aehrlich92
[2015.12.10-22.23.35:478][  0]LogInit: CPU Page size=4096, Cores=4
[2015.12.10-22.23.35:478][  0]LogInit: High frequency timer resolution =3.984641 MHz
[2015.12.10-22.23.35:478][  0]LogMemory: Memory total: Physical=15.9GB (16GB approx)
[2015.12.10-22.23.35:478][  0]LogMemory: Platform Memory Stats for Windows
[2015.12.10-22.23.35:478][  0]LogMemory: Process Physical Memory: 56.59 MB used, 56.59 MB peak
[2015.12.10-22.23.35:478][  0]LogMemory: Process Virtual Memory: 58.45 MB used, 58.45 MB peak
[2015.12.10-22.23.35:478][  0]LogMemory: Physical Memory: 5813.10 MB used, 16322.88 MB total
[2015.12.10-22.23.35:478][  0]LogMemory: Virtual Memory: 367.69 MB used, 134217728.00 MB total
[2015.12.10-22.23.35:518][  0]LogTextLocalizationManager: No specific translations for ('en-US') exist, so ('en') translations will be used.
[2015.12.10-22.23.35:960][  0]LogD3D11RHI: Found D3D11 adapter 0: NVIDIA GeForce GTX 960 (Feature Level 11_0)
[2015.12.10-22.23.35:960][  0]LogD3D11RHI: Adapter has 1969MB of dedicated video memory, 0MB of dedicated system memory, and 8161MB of shared system memory, 3 output[s]
[2015.12.10-22.23.35:962][  0]LogD3D11RHI: Found D3D11 adapter 1: Microsoft Basic Render Driver (Feature Level 11_0)
[2015.12.10-22.23.35:962][  0]LogD3D11RHI: Adapter has 0MB of dedicated video memory, 0MB of dedicated system memory, and 8161MB of shared system memory, 0 output[s]
[2015.12.10-22.23.35:962][  0]LogD3D11RHI: Chosen D3D11 Adapter Id = 0
[2015.12.10-22.23.35:967][  0]LogD3D11RHI: !Direct3DDevice
[2015.12.10-22.23.35:967][  0]LogRHI: Texture pool is 1361 MB (70% of 1945 MB)
[2015.12.10-22.23.35:977][  0]LogD3D11RHI: Async texture creation enabled
[2015.12.10-22.23.35:986][  0]LogShaderCompilers: Guid format shader working directory is 14 characters bigger than the processId version (../../../../../../../My Media/UCF Documents/DIG 4725/Game-Files/SuperSpaceArmada/Intermediate/Shaders/WorkingDirectory/22756/).
[2015.12.10-22.23.35:986][  0]LogShaderCompilers: Cleaned the shader compiler working directory '../../../../../../../My Media/UCF Documents/DIG 4725/Game-Files/SuperSpaceArmada/Intermediate/Shaders/tmp/6A13052749452D4A2979A69218BDE500/'.
[2015.12.10-22.23.35:986][  0]LogShaderCompilers:Display: Using Local Shader Compiler.
[2015.12.10-22.23.36:762][  0]LogTemp:Display: Loaded TP AllDesktopTargetPlatform
[2015.12.10-22.23.36:766][  0]LogTemp:Display: Loaded TP WindowsClientTargetPlatform
[2015.12.10-22.23.36:771][  0]LogTemp:Display: Loaded TP WindowsNoEditorTargetPlatform
[2015.12.10-22.23.36:774][  0]LogTemp:Display: Loaded TP WindowsServerTargetPlatform
[2015.12.10-22.23.36:778][  0]LogTemp:Display: Loaded TP WindowsTargetPlatform
[2015.12.10-22.23.36:781][  0]LogTemp:Display: Loaded TP AndroidTargetPlatform
[2015.12.10-22.23.36:784][  0]LogTemp:Display: Loaded TP Android_ASTCTargetPlatform
[2015.12.10-22.23.36:788][  0]LogTemp:Display: Loaded TP Android_ATCTargetPlatform
[2015.12.10-22.23.36:791][  0]LogTemp:Display: Loaded TP Android_DXTTargetPlatform
[2015.12.10-22.23.36:794][  0]LogTemp:Display: Loaded TP Android_ETC1TargetPlatform
[2015.12.10-22.23.36:797][  0]LogTemp:Display: Loaded TP Android_ETC2TargetPlatform
[2015.12.10-22.23.36:801][  0]LogTemp:Display: Loaded TP Android_PVRTCTargetPlatform
[2015.12.10-22.23.36:802][  0]LogTemp:Display: Loaded TP HTML5TargetPlatform
[2015.12.10-22.23.36:820][  0]LogTemp:Display: Loaded TP IOSTargetPlatform
[2015.12.10-22.23.36:823][  0]LogTemp:Display: Loaded TP LinuxNoEditorTargetPlatform
[2015.12.10-22.23.36:826][  0]LogTemp:Display: Loaded TP LinuxServerTargetPlatform
[2015.12.10-22.23.36:830][  0]LogTemp:Display: Loaded TP LinuxTargetPlatform
[2015.12.10-22.23.36:830][  0]LogTargetPlatformManager:Display: Building Assets For Windows
[2015.12.10-22.23.36:898][  0]LogDerivedDataCache:Display: Max Cache Size: 512 MB
[2015.12.10-22.23.36:934][  0]LogDerivedDataCache: Loaded boot cache 0.04s 41MB C:/Users/aehrlich92/AppData/Local/UnrealEngine/4.9/DerivedDataCache/Boot.ddc.
[2015.12.10-22.23.36:934][  0]LogDerivedDataCache:Display: Loaded Boot cache: C:/Users/aehrlich92/AppData/Local/UnrealEngine/4.9/DerivedDataCache/Boot.ddc
[2015.12.10-22.23.36:934][  0]LogDerivedDataCache: FDerivedDataBackendGraph:  Pak pak cache file ../../../../../../../My Media/UCF Documents/DIG 4725/Game-Files/SuperSpaceArmada/DerivedDataCache/DDC.ddp not found, will not use a pak cache.
[2015.12.10-22.23.36:934][  0]LogDerivedDataCache: Unable to find inner node Pak for hierarchical cache Hierarchy.
[2015.12.10-22.23.36:934][  0]LogDerivedDataCache: FDerivedDataBackendGraph:  CompressedPak pak cache file ../../../../../../../My Media/UCF Documents/DIG 4725/Game-Files/SuperSpaceArmada/DerivedDataCache/Compressed.ddp not found, will not use a pak cache.
[2015.12.10-22.23.36:934][  0]LogDerivedDataCache: Unable to find inner node CompressedPak for hierarchical cache Hierarchy.
[2015.12.10-22.23.37:049][  0]LogDerivedDataCache:Display: Pak cache opened for reading ../../../Engine/DerivedDataCache/Compressed.ddp.
[2015.12.10-22.23.37:061][  0]LogDerivedDataCache: Using Local data cache path C:/Users/aehrlich92/AppData/Local/UnrealEngine/Common/DerivedDataCache: Writable
[2015.12.10-22.23.37:190][  0]LogInit: Selected Device Profile: [Windows]
[2015.12.10-22.23.37:191][  0]LogContentStreaming: Texture pool size is 0.000000MB
[2015.12.10-22.23.37:279][  0]LogMeshUtilities: No automatic mesh reduction module available
[2015.12.10-22.23.37:279][  0]LogMeshUtilities: No automatic mesh merging module available
[2015.12.10-22.23.37:472][  0]LogInit: WinSock: version 1.1 (2.2), MaxSocks=32767, MaxUdp=65467
[2015.12.10-22.23.37:978][  0]LogAssetRegistry: FAssetRegistry took 0.0104 seconds to start up
[2015.12.10-22.23.37:987][  0]UdpMessaging: Initializing bridge on interface 0.0.0.0:0 to multicast group 230.0.0.1:6666.
[2015.12.10-22.23.38:175][  0]SourceControl: Info Source control is disabled
[2015.12.10-22.23.38:176][  0]SourceControl: Info Source control is disabled
[2015.12.10-22.23.38:182][  0]SourceControl: Info Source control is disabled
[2015.12.10-22.23.38:189][  0]SourceControl: Info Source control is disabled
[2015.12.10-22.23.38:275][  0]LogLinker:Warning: Asset '../../../Engine/Plugins/Runtime/LeapMotionController/Content/LM_PassthroughMaterial.uasset' has been saved with empty engine version. The asset will be loaded but may be incompatible.
[2015.12.10-22.23.38:333][  0]LogObj: 28528 objects as part of root set at end of initial load.
[2015.12.10-22.23.38:333][  0]LogUObjectAllocator: 6068456 out of 0 bytes used by permanent object pool.
[2015.12.10-22.23.38:377][  0]LogEngine: Initializing Engine...
[2015.12.10-22.23.38:378][  0]LogHMD: Can't find Oculus library dev build: is proper Runtime installed? Version: 0.7.0.0
[2015.12.10-22.23.38:380][  0]LogHMD: SteamVR failed to initialize.  Err: 110
[2015.12.10-22.23.38:460][  0]LogAIModule: Creating AISystem for world NewWorld
[2015.12.10-22.23.38:471][  0]LogInit: XAudio2 using 'Speakers (Realtek High Definition Audio)' : 8 channels at 48 kHz using 32 bits per sample (channel mask 0x63f)
[2015.12.10-22.23.38:483][  0]LogInit: FAudioDevice initialized.
[2015.12.10-22.23.38:498][  0]LogDerivedDataCache: Saved boot cache 0.01s 41MB C:/Users/aehrlich92/AppData/Local/UnrealEngine/4.9/DerivedDataCache/Boot.ddc.
[2015.12.10-22.23.38:500][  0]LogInit: Texture streaming: Enabled
[2015.12.10-22.23.38:504][  0]LogAnalytics: Creating configured Analytics provider AnalyticsET
[2015.12.10-22.23.38:504][  0]LogAnalytics: [UEEditor.Rocket.Release] APIServer = http://et2.epicgames.com/ET2/. AppVersion = 4.9.1-2689999+++depot+UE4-Releases+4.9
[2015.12.10-22.23.38:505][  0]LogAnalytics: [UEEditor.Rocket.Release] SetUserId 7bdbd2584788e6e37f918c9187bab22c|b300224d71e64562a5bff06c2aaa78f8|45aed112-7b58-41bf-9eba-b8dcb7f9dd12
[2015.12.10-22.23.38:505][  0]LogAnalytics: [UEEditor.Rocket.Release] AnalyticsET::StartSession
[2015.12.10-22.23.38:541][  0]LogInit: Transaction tracking system initialized
[2015.12.10-22.23.38:562][  0]BlueprintLog: New page: Editor Load
[2015.12.10-22.23.38:621][  0]LocalizationService: Info Localization service is disabled
[2015.12.10-22.23.38:679][  0]LogConsoleResponse:Display: 
[2015.12.10-22.23.38:756][  0]LogCook:Display: Done creating registry. It took  0.00s.
[2015.12.10-22.23.38:796][  0]LogFileCache: Scanning file cache for directory 'F:/My Media/UCF Documents/DIG 4725/Game-Files/SuperSpaceArmada/Content/' took 0.01s
[2015.12.10-22.23.38:796][  0]SourceControl: Info Source control is disabled
[2015.12.10-22.23.38:796][  0]Cmd: MAP LOAD FILE="../../../../../../../My Media/UCF Documents/DIG 4725/Game-Files/SuperSpaceArmada/Content/SSA/Maps/Home_Kratakos.umap" TEMPLATE=0 SHOWPROGRESS=1 FEATURELEVEL=3
[2015.12.10-22.23.38:796][  0]LightingResults: New page: Lighting Build
[2015.12.10-22.23.38:798][  0]MapCheck: New page: Map Check
[2015.12.10-22.23.38:798][  0]LightingResults: New page: Lighting Build
[2015.12.10-22.23.38:805][  0]LogParticles: Destroying 0 GPU particle simulations for FXSystem 0x000000CDC9B68400
[2015.12.10-22.23.38:863][  0]LogLinker:Warning: Asset '../../../../../../../My Media/UCF Documents/DIG 4725/Game-Files/SuperSpaceArmada/Content/Mannequin/Animations/ThirdPerson_AnimBP.uasset' has been saved with empty engine version. The asset will be loaded but may be incompatible.
[2015.12.10-22.23.38:864][  0]LogLinker:Warning: Asset '../../../../../../../My Media/UCF Documents/DIG 4725/Game-Files/SuperSpaceArmada/Content/Mannequin/Animations/ThirdPerson_Jump.uasset' has been saved with empty engine version. The asset will be loaded but may be incompatible.
[2015.12.10-22.23.38:865][  0]LogLinker:Warning: Asset '../../../../../../../My Media/UCF Documents/DIG 4725/Game-Files/SuperSpaceArmada/Content/Mannequin/Animations/ThirdPersonJump_Loop.uasset' has been saved with empty engine version. The asset will be loaded but may be incompatible.
[2015.12.10-22.23.38:865][  0]LogLinker:Warning: Asset '../../../../../../../My Media/UCF Documents/DIG 4725/Game-Files/SuperSpaceArmada/Content/Mannequin/Animations/ThirdPersonJump_Start.uasset' has been saved with empty engine version. The asset will be loaded but may be incompatible.
[2015.12.10-22.23.38:866][  0]LogLinker:Warning: Asset '../../../../../../../My Media/UCF Documents/DIG 4725/Game-Files/SuperSpaceArmada/Content/Mannequin/Animations/ThirdPerson_IdleRun_2D.uasset' has been saved with empty engine version. The asset will be loaded but may be incompatible.
[2015.12.10-22.23.38:866][  0]LogLinker:Warning: Asset '../../../../../../../My Media/UCF Documents/DIG 4725/Game-Files/SuperSpaceArmada/Content/Mannequin/Animations/ThirdPersonIdle.uasset' has been saved with empty engine version. The asset will be loaded but may be incompatible.
[2015.12.10-22.23.38:867][  0]LogLinker:Warning: Asset '../../../../../../../My Media/UCF Documents/DIG 4725/Game-Files/SuperSpaceArmada/Content/Mannequin/Animations/ThirdPersonRun.uasset' has been saved with empty engine version. The asset will be loaded but may be incompatible.
[2015.12.10-22.23.38:868][  0]LogLinker:Warning: Asset '../../../../../../../My Media/UCF Documents/DIG 4725/Game-Files/SuperSpaceArmada/Content/Mannequin/Animations/ThirdPersonWalk.uasset' has been saved with empty engine version. The asset will be loaded but may be incompatible.
[2015.12.10-22.23.42:917][  0]LogAIModule: Creating AISystem for world Home_Kratakos
[2015.12.10-22.23.42:922][  0]LogEditorServer: Finished looking for orphan Actors (0.000 secs)
[2015.12.10-22.23.42:923][  0]Cmd: MAP CHECKDEP NOCLEARLOG
[2015.12.10-22.23.43:012][  0]MapCheck: Info Map check complete: 0 Error(s), 0 Warning(s), took 89.479ms to complete.
[2015.12.10-22.23.43:012][  0]LogFileHelpers: Loading map 'Home_Kratakos' took 4.216
[2015.12.10-22.23.43:155][  0]LogCollectionManager: Loaded 0 collections in 0.001017 seconds
[2015.12.10-22.23.43:193][  0]LogFileCache: Scanning file cache for directory 'F:/My Media/UCF Documents/DIG 4725/Game-Files/SuperSpaceArmada/Saved/Collections/' took 0.01s
[2015.12.10-22.23.43:193][  0]LogFileCache: Scanning file cache for directory 'F:/My Media/UCF Documents/DIG 4725/Game-Files/SuperSpaceArmada/Content/Developers/aehrlich92/Collections/' took 0.01s
[2015.12.10-22.23.43:193][  0]LogFileCache: Scanning file cache for directory 'F:/My Media/UCF Documents/DIG 4725/Game-Files/SuperSpaceArmada/Content/Collections/' took 0.01s
[2015.12.10-22.23.43:193][  0]LogContentBrowser: Native class hierarchy populated in 0.0054 seconds. Added 1882 classes and 339 folders.
[2015.12.10-22.23.43:205][  0]LogCollectionManager: Rebuilt the GUID cache for 0 collections in 0.000002 seconds
[2015.12.10-22.23.43:209][  0]LogContentBrowser: Native class hierarchy updated for 'WidgetCarousel' in 0.0002 seconds. Added 0 classes and 0 folders.
[2015.12.10-22.23.43:236][  0]LogContentBrowser: Native class hierarchy updated for 'AddContentDialog' in 0.0002 seconds. Added 0 classes and 0 folders.
[2015.12.10-22.23.43:240][  0]LogContentBrowser: Native class hierarchy updated for 'SceneOutliner' in 0.0003 seconds. Added 1 classes and 2 folders.
[2015.12.10-22.23.43:266][  0]LogCrashTracker: Crashtracker disabled due to settings.
[2015.12.10-22.23.43:269][  0]LogUObjectGlobals:Warning: Failed to find object 'Class None.'
[2015.12.10-22.23.43:291][  0]LogLoad: Full Startup: 8.24 seconds (BP compile: 1.35 seconds)
[2015.12.10-22.23.43:299][  0]LoadErrors:Error: Error /Game/SSA/Blueprints/Player : Failed import for Player_C /Game/SSA/Blueprints/Player/Player.Default__Player_C
[2015.12.10-22.23.43:338][  0]LogContentStreaming: Texture pool size now 1000 MB
[2015.12.10-22.23.43:447][  0]LogRenderer: Reallocating scene render targets to support 1208x584 (Frame:2).
[2015.12.10-22.23.44:182][ 21]LogAssetRegistry: Asset discovery search completed in 6.2143 seconds
[2015.12.10-22.23.44:182][ 21]LogCollectionManager: Rebuilt the object cache for 0 collections in 0.000001 seconds (found 0 objects)
[2015.12.10-22.23.44:182][ 21]LogCollectionManager: Fixed up redirectors for 0 collections in 0.000016 seconds (updated 0 objects)
[2015.12.10-22.24.38:185][166]MapCheck: New page: Map Check
[2015.12.10-22.24.38:237][166]Cmd: MAP REBUILD ALLVISIBLE
[2015.12.10-22.24.38:237][166]LogEditorServer: Rebuildmap Clear paths rebuilt
[2015.12.10-22.24.38:250][166]LightingResults: New page: Lighting Build - Dec 10, 2015, 12:24:38 PM
[2015.12.10-22.24.41:391][166]LogStaticLightingSystem: Running Lightmass w/ ImmediateImport mode ENABLED
[2015.12.10-22.24.41:391][166]LogStaticLightingSystem: Running Lightmass w/ ImmediateProcess mode ENABLED
[2015.12.10-22.24.41:391][166]LogStaticLightingSystem: Running Lightmass w/ Sorting mode ENABLED
[2015.12.10-22.24.41:391][166]LogStaticLightingSystem: Running Lightmass w/ Mapping paddings ENABLED
[2015.12.10-22.24.41:391][166]LogStaticLightingSystem: Running Lightmass w/ Mapping debug paddings DISABLED
[2015.12.10-22.24.41:526][166]LogEditorBuildUtils: Build time 0:00:03
[2015.12.10-22.24.41:536][166]LogMaterial: Missing cached shader map for material FLightmassMaterialRenderer KratakosStar, compiling. 
[2015.12.10-22.24.41:542][166]LogMaterial: Missing cached shader map for material FLightmassMaterialRenderer KratakosStar, compiling. 
[2015.12.10-22.24.41:555][167]LogMaterial: Missing cached shader map for material FLightmassMaterialRenderer Layer_Cloud, compiling. 
[2015.12.10-22.24.41:559][167]LogMaterial: Missing cached shader map for material FLightmassMaterialRenderer Layer_Cloud, compiling. 
[2015.12.10-22.24.42:632][171]LogActorComponent: UnregisterComponent: (/Engine/Transient.CharMoveComp) Not registered. Aborting.
[2015.12.10-22.24.42:632][171]LogActorComponent: UnregisterComponent: (/Engine/Transient.CharacterMovementComponent_0) Not registered. Aborting.
[2015.12.10-22.24.42:632][171]LogActorComponent: UnregisterComponent: (/Engine/Transient.CharacterMovementComponent_1) Not registered. Aborting.
[2015.12.10-22.24.44:296][320]Job is a success!
[2015.12.10-22.24.44:369][321]LogTexture:Display: Building textures: SkyOcclusion0_1 (AutoDXT)
[2015.12.10-22.24.44:373][321]LogTexture:Display: Building textures: LQ_Lightmap_0_5 (DXT1)
[2015.12.10-22.24.44:376][321]LogTexture:Display: Building textures: HQ_Lightmap0_5 (AutoDXT)
[2015.12.10-22.24.44:378][321]LogTexture:Display: Building textures: SkyOcclusion0_5 (AutoDXT)
[2015.12.10-22.24.44:380][321]LogTexture:Display: Building textures: LQ_Lightmap_1_4 (DXT1)
[2015.12.10-22.24.44:381][321]LogTexture:Display: Building textures: HQ_Lightmap1_4 (AutoDXT)
[2015.12.10-22.24.44:385][321]LogTexture:Display: Building textures: SkyOcclusion1_4 (AutoDXT)
[2015.12.10-22.24.44:389][321]LogTexture:Display: Building textures: LQ_Lightmap_0_3 (DXT1)
[2015.12.10-22.24.44:393][321]LogTexture:Display: Building textures: HQ_Lightmap0_3 (AutoDXT)
[2015.12.10-22.24.44:402][321]LogTexture:Display: Building textures: SkyOcclusion0_3 (AutoDXT)
[2015.12.10-22.24.44:408][321]LogTexture:Display: Building textures: LQ_Lightmap_0_2 (DXT1)
[2015.12.10-22.24.44:411][321]LogTexture:Display: Building textures: HQ_Lightmap0_2 (AutoDXT)
[2015.12.10-22.24.44:414][321]LogTexture:Display: Building textures: SkyOcclusion0_2 (AutoDXT)
[2015.12.10-22.24.44:418][321]LogTexture:Display: Building textures: LQ_Lightmap_0_1 (DXT1)
[2015.12.10-22.24.44:419][321]LogTexture:Display: Building textures: HQ_Lightmap0_1 (AutoDXT)
[2015.12.10-22.24.44:519][321]Lightmass on ANDREW_2015: 1.19 sec total, 99 ms importing, 0 ms setup, 705 ms photons, 372 ms processing, 0 ms extra exporting [6/6 mappings]. Threads: 2.43 sec total, 480 ms processing.
[2015.12.10-22.24.44:573][321]LogStaticLightingSystem: Illumination: 6.29 sec (60 ms encoding lightmaps)
[2015.12.10-22.24.44:573][321]LogStaticLightingSystem: Lightmap texture memory:  0.1 MB (0.1 MB streaming, 0.0 MB non-streaming), 10 textures
[2015.12.10-22.24.44:573][321]LogStaticLightingSystem: Shadowmap texture memory: 0.0 MB (0.0 MB streaming, 0.0 MB non-streaming), 0 textures
[2015.12.10-22.24.45:399][322]Cmd: MAP CHECK NOTIFYRESULTS
[2015.12.10-22.24.45:399][322]MapCheck: New page: Home_Kratakos - Dec 10, 2015, 12:24:45 PM
[2015.12.10-22.24.45:498][322]MapCheck: Info Map check complete: 0 Error(s), 0 Warning(s), took 99.064ms to complete.
[2015.12.10-22.24.51:832][ 31]LogSavePackage: Save=134.917801ms
[2015.12.10-22.24.51:832][ 31]LogSavePackage: Moving '../../../../../../../My Media/UCF Documents/DIG 4725/Game-Files/SuperSpaceArmada/Saved/Home_Kratakos036D1D4645128891674E69B97C42A182.tmp' to '../../../../../../../My Media/UCF Documents/DIG 4725/Game-Files/SuperSpaceArmada/Content/SSA/Maps/Home_Kratakos.umap'
[2015.12.10-22.24.51:834][ 31]LogSavePackage: Total save time: 186.172608ms
[2015.12.10-22.24.51:834][ 31]LogSavePackage:Warning: Finished SavePackage ../../../../../../../My Media/UCF Documents/DIG 4725/Game-Files/SuperSpaceArmada/Content/SSA/Maps/Home_Kratakos.umap
[2015.12.10-22.24.51:897][ 31]LogFileHelpers: Saving map 'Home_Kratakos' took 0.359
[2015.12.10-22.24.52:080][ 53]LogTexture:Warning: Failed to stream mip data from the derived data cache for /Game/SSA/Maps/Home_Kratakos.HQ_Lightmap1_1. Streaming mips will be recached.
[2015.12.10-22.24.52:081][ 53]LogTexture:Display: Building textures: HQ_Lightmap1_1 (AutoDXT)
[2015.12.10-22.24.52:085][ 53]LogTexture:Warning: Failed to stream mip data from the derived data cache for /Game/SSA/Maps/Home_Kratakos.HQ_Lightmap1_2. Streaming mips will be recached.
[2015.12.10-22.24.52:085][ 53]LogTexture:Display: Building textures: HQ_Lightmap1_2 (AutoDXT)
[2015.12.10-22.24.52:088][ 53]LogTexture:Warning: Failed to stream mip data from the derived data cache for /Game/SSA/Maps/Home_Kratakos.HQ_Lightmap1_3. Streaming mips will be recached.
[2015.12.10-22.24.52:088][ 53]LogTexture:Display: Building textures: HQ_Lightmap1_3 (AutoDXT)
[2015.12.10-22.25.51:487][485]LogLinker:Warning: Asset '../../../Engine/Content/ArtTools/RenderToTexture/Macros/RenderToTextureMacros.uasset' has been saved with empty engine version. The asset will be loaded but may be incompatible.
[2015.12.10-22.25.51:865][485]LogContentBrowser: Native class hierarchy updated for 'BlueprintGraph' in 0.0005 seconds. Added 107 classes and 0 folders.
[2015.12.10-22.26.08:713][288]Cmd: OBJ SAVEPACKAGE PACKAGE="/Game/SSA/Blueprints/Menues/HUD" FILE="../../../../../../../My Media/UCF Documents/DIG 4725/Game-Files/SuperSpaceArmada/Content/SSA/Blueprints/Menues/HUD.uasset" SILENT=true
[2015.12.10-22.26.08:888][288]LogSavePackage: Save=161.499115ms
[2015.12.10-22.26.08:888][288]LogSavePackage: Moving '../../../../../../../My Media/UCF Documents/DIG 4725/Game-Files/SuperSpaceArmada/Saved/HUDB5A57C834CB63AC5AABC7196A7F2B8D4.tmp' to '../../../../../../../My Media/UCF Documents/DIG 4725/Game-Files/SuperSpaceArmada/Content/SSA/Blueprints/Menues/HUD.uasset'
[2015.12.10-22.26.08:890][288]LogSavePackage: Total save time: 176.896241ms
[2015.12.10-22.26.08:890][288]LogSavePackage:Warning: Finished SavePackage ../../../../../../../My Media/UCF Documents/DIG 4725/Game-Files/SuperSpaceArmada/Content/SSA/Blueprints/Menues/HUD.uasset
[2015.12.10-22.26.09:467][356]BlueprintLog: New page: Compile HUD
[2015.12.10-22.26.09:626][356]BlueprintEditorCompileResults: Info [0154.57] Compile of HUD successful! [in 158 ms]
[2015.12.10-22.26.38:319][737]LogParticles: Destroying 0 GPU particle simulations for FXSystem 0x000000CD9DF01E40
[2015.12.10-22.26.38:321][737]LogParticles: Destroying 0 GPU particle simulations for FXSystem 0x000000CD9DF01580
[2015.12.10-22.26.38:322][737]LogParticles: Destroying 0 GPU particle simulations for FXSystem 0x000000CDD677E660
[2015.12.10-22.26.38:333][738]LogParticles: Destroying 0 GPU particle simulations for FXSystem 0x000000CDD677D440
[2015.12.10-22.26.39:283][828]LogWindowsTextInputMethodSystem:Display: IME system now deactivated.
[2015.12.10-22.26.39:503][829]Cmd: QUIT_EDITOR
[2015.12.10-22.26.39:693][829]LogExit: Preparing to exit.
[2015.12.10-22.26.40:164][829]LogExit: Editor shut down
[2015.12.10-22.26.40:164][829]LogExit: Transaction tracking system shut down
[2015.12.10-22.26.40:178][829]LogParticles: Destroying 0 GPU particle simulations for FXSystem 0x000000CDDEE4A520
[2015.12.10-22.26.40:178][829]LogParticles: Destroying 0 GPU particle simulations for FXSystem 0x000000CDEB6B34C0
[2015.12.10-22.26.40:178][829]LogParticles: Destroying 0 GPU particle simulations for FXSystem 0x000000CDEB3EF920
[2015.12.10-22.26.40:178][829]LogParticles: Destroying 0 GPU particle simulations for FXSystem 0x000000CDEBCF96C0
[2015.12.10-22.26.40:178][829]LogParticles: Destroying 0 GPU particle simulations for FXSystem 0x000000CDEBCF9A80
[2015.12.10-22.26.40:324][829]LogExit: Object subsystem successfully closed.
[2015.12.10-22.26.40:336][829]LogD3D11RHI: Shutdown
[2015.12.10-22.26.40:336][829]LogD3D11RHI: CleanupD3DDevice
[2015.12.10-22.26.40:391][829]LogD3D11RHI: ~FD3D11DynamicRHI
[2015.12.10-22.26.40:402][829]LogModuleManager: Shutting down and abandoning module SequencerWidgets (201)
[2015.12.10-22.26.40:402][829]LogModuleManager: Shutting down and abandoning module BlueprintGraph (200)
[2015.12.10-22.26.40:402][829]LogModuleManager: Shutting down and abandoning module CrashTracker (199)
[2015.12.10-22.26.40:402][829]LogModuleManager: Shutting down and abandoning module SceneOutliner (198)
[2015.12.10-22.26.40:402][829]LogModuleManager: Shutting down and abandoning module SuperSearch (197)
[2015.12.10-22.26.40:402][829]LogModuleManager: Shutting down and abandoning module WidgetCarousel (196)
[2015.12.10-22.26.40:402][829]LogModuleManager: Shutting down and abandoning module AddContentDialog (195)
[2015.12.10-22.26.40:403][829]LogModuleManager: Shutting down and abandoning module EditorWidgets (194)
[2015.12.10-22.26.40:403][829]LogModuleManager: Shutting down and abandoning module CollectionManager (193)
[2015.12.10-22.26.40:403][829]LogModuleManager: Shutting down and abandoning module StatsViewer (192)
[2015.12.10-22.26.40:403][829]LogModuleManager: Shutting down and abandoning module FoliageEdit (191)
[2015.12.10-22.26.40:403][829]LogModuleManager: Shutting down and abandoning module LandscapeEditor (190)
[2015.12.10-22.26.40:403][829]LogModuleManager: Shutting down and abandoning module ActorPickerMode (189)
[2015.12.10-22.26.40:403][829]LogModuleManager: Shutting down and abandoning module GeometryMode (188)
[2015.12.10-22.26.40:403][829]LogModuleManager: Shutting down and abandoning module TextureAlignMode (187)
[2015.12.10-22.26.40:403][829]LogModuleManager: Shutting down and abandoning module BspMode (186)
[2015.12.10-22.26.40:403][829]LogModuleManager: Shutting down and abandoning module PlacementMode (185)
[2015.12.10-22.26.40:403][829]LogModuleManager: Shutting down and abandoning module AutomationWorker (184)
[2015.12.10-22.26.40:403][829]LogModuleManager: Shutting down and abandoning module CharacterAI (183)
[2015.12.10-22.26.40:403][829]LogModuleManager: Shutting down and abandoning module SmartSnapping (182)
[2015.12.10-22.26.40:403][829]LogModuleManager: Shutting down and abandoning module ViewportSnapping (181)
[2015.12.10-22.26.40:403][829]LogModuleManager: Shutting down and abandoning module LogVisualizer (180)
[2015.12.10-22.26.40:404][829]LogModuleManager: Shutting down and abandoning module GameProjectGeneration (179)
[2015.12.10-22.26.40:404][829]LogModuleManager: Shutting down and abandoning module IntroTutorials (178)
[2015.12.10-22.26.40:404][829]LogModuleManager: Shutting down and abandoning module EditorLiveStreaming (177)
[2015.12.10-22.26.40:404][829]LogModuleManager: Shutting down and abandoning module IOSPlatformEditor (176)
[2015.12.10-22.26.40:404][829]LogModuleManager: Shutting down and abandoning module HTML5PlatformEditor (175)
[2015.12.10-22.26.40:404][829]LogModuleManager: Shutting down and abandoning module AndroidDeviceDetection (174)
[2015.12.10-22.26.40:712][829]LogModuleManager: Shutting down and abandoning module AndroidPlatformEditor (173)
[2015.12.10-22.26.40:712][829]LogModuleManager: Shutting down and abandoning module IOSRuntimeSettings (172)
[2015.12.10-22.26.40:712][829]LogModuleManager: Shutting down and abandoning module AndroidRuntimeSettings (171)
[2015.12.10-22.26.40:712][829]LogModuleManager: Shutting down and abandoning module MergeActors (170)
[2015.12.10-22.26.40:712][829]LogModuleManager: Shutting down and abandoning module SizeMap (169)
[2015.12.10-22.26.40:712][829]LogModuleManager: Shutting down and abandoning module TreeMap (168)
[2015.12.10-22.26.40:712][829]LogModuleManager: Shutting down and abandoning module ReferenceViewer (167)
[2015.12.10-22.26.40:712][829]LogModuleManager: Shutting down and abandoning module LocalizationService (166)
[2015.12.10-22.26.40:712][829]LogModuleManager: Shutting down and abandoning module LocalizationDashboard (165)
[2015.12.10-22.26.40:712][829]LogModuleManager: Shutting down and abandoning module HardwareTargeting (164)
[2015.12.10-22.26.40:712][829]LogModuleManager: Shutting down and abandoning module DeviceProfileEditor (163)
[2015.12.10-22.26.40:712][829]LogModuleManager: Shutting down and abandoning module UndoHistory (162)
[2015.12.10-22.26.40:712][829]LogModuleManager: Shutting down and abandoning module GameplayTagsEditor (161)
[2015.12.10-22.26.40:712][829]LogModuleManager: Shutting down and abandoning module UserFeedback (160)
[2015.12.10-22.26.40:712][829]LogModuleManager: Shutting down and abandoning module XmlParser (159)
[2015.12.10-22.26.40:712][829]LogModuleManager: Shutting down and abandoning module Blutility (158)
[2015.12.10-22.26.40:712][829]LogModuleManager: Shutting down and abandoning module ProjectTargetPlatformEditor (157)
[2015.12.10-22.26.40:712][829]LogModuleManager: Shutting down and abandoning module ProjectSettingsViewer (156)
[2015.12.10-22.26.40:712][829]LogModuleManager: Shutting down and abandoning module InputBindingEditor (155)
[2015.12.10-22.26.40:712][829]LogModuleManager: Shutting down and abandoning module EditorSettingsViewer (154)
[2015.12.10-22.26.40:712][829]LogModuleManager: Shutting down and abandoning module SettingsEditor (153)
[2015.12.10-22.26.40:712][829]LogModuleManager: Shutting down and abandoning module ProjectLauncher (152)
[2015.12.10-22.26.40:712][829]LogModuleManager: Shutting down and abandoning module SessionFrontend (151)
[2015.12.10-22.26.40:712][829]LogModuleManager: Shutting down and abandoning module ProfilerClient (150)
[2015.12.10-22.26.40:712][829]LogModuleManager: Shutting down and abandoning module TargetDeviceServices (149)
[2015.12.10-22.26.40:712][829]LogModuleManager: Shutting down and abandoning module DeviceManager (148)
[2015.12.10-22.26.40:712][829]LogModuleManager: Shutting down and abandoning module AutomationController (147)
[2015.12.10-22.26.40:712][829]LogModuleManager: Shutting down and abandoning module AutomationWindow (146)
[2015.12.10-22.26.40:712][829]LogModuleManager: Shutting down and abandoning module Layers (145)
[2015.12.10-22.26.40:712][829]LogModuleManager: Shutting down and abandoning module ComponentVisualizers (144)
[2015.12.10-22.26.40:712][829]LogModuleManager: Shutting down and abandoning module DetailCustomizations (143)
[2015.12.10-22.26.40:712][829]LogModuleManager: Shutting down and abandoning module PackagesDialog (142)
[2015.12.10-22.26.40:712][829]LogModuleManager: Shutting down and abandoning module Persona (141)
[2015.12.10-22.26.40:712][829]LogModuleManager: Shutting down and abandoning module Kismet (140)
[2015.12.10-22.26.40:712][829]LogModuleManager: Shutting down and abandoning module GraphEditor (139)
[2015.12.10-22.26.40:712][829]LogModuleManager: Shutting down and abandoning module ClassViewer (138)
[2015.12.10-22.26.40:712][829]LogModuleManager: Shutting down and abandoning module Toolbox (137)
[2015.12.10-22.26.40:712][829]LogModuleManager: Shutting down and abandoning module ModuleUI (136)
[2015.12.10-22.26.40:712][829]LogModuleManager: Shutting down and abandoning module MovieSceneTools (135)
[2015.12.10-22.26.40:712][829]LogModuleManager: Shutting down and abandoning module OutputLog (134)
[2015.12.10-22.26.40:712][829]LogModuleManager: Shutting down and abandoning module GammaUI (133)
[2015.12.10-22.26.40:712][829]LogModuleManager: Shutting down and abandoning module Documentation (132)
[2015.12.10-22.26.40:713][829]LogModuleManager: Shutting down and abandoning module GameLiveStreaming (131)
[2015.12.10-22.26.40:713][829]LogModuleManager: Shutting down and abandoning module StreamingPauseRendering (130)
[2015.12.10-22.26.40:713][829]LogModuleManager: Shutting down and abandoning module AnalyticsET (129)
[2015.12.10-22.26.40:713][829]LogModuleManager: Shutting down and abandoning module Analytics (128)
[2015.12.10-22.26.40:713][829]LogModuleManager: Shutting down and abandoning module AITestSuite (127)
[2015.12.10-22.26.40:713][829]LogModuleManager: Shutting down and abandoning module GameplayDebugger (126)
[2015.12.10-22.26.40:713][829]LogModuleManager: Shutting down and abandoning module AIModule (125)
[2015.12.10-22.26.40:713][829]LogModuleManager: Shutting down and abandoning module ProfilerService (124)
[2015.12.10-22.26.40:829][829]LogModuleManager: Shutting down and abandoning module TaskGraph (123)
[2015.12.10-22.26.40:829][829]LogModuleManager: Shutting down and abandoning module SubstanceEditor (122)
[2015.12.10-22.26.40:829][829]LogModuleManager: Shutting down and abandoning module SlateRemote (121)
[2015.12.10-22.26.40:829][829]LogModuleManager: Shutting down and abandoning module SteamVRController (120)
[2015.12.10-22.26.40:829][829]LogModuleManager: Shutting down and abandoning module SteamVR (119)
[2015.12.10-22.26.40:829][829]LogModuleManager: Shutting down and abandoning module ProceduralMeshComponent (118)
[2015.12.10-22.26.40:829][829]LogModuleManager: Shutting down and abandoning module OculusRift (117)
[2015.12.10-22.26.40:829][829]LogModuleManager: Shutting down and abandoning module OculusLibrary (116)
[2015.12.10-22.26.40:829][829]LogModuleManager: Shutting down and abandoning module LeapMotionController (115)
[2015.12.10-22.26.40:847][829]LogModuleManager: Shutting down and abandoning module CustomMeshComponent (114)
[2015.12.10-22.26.40:847][829]LogModuleManager: Shutting down and abandoning module CableComponent (113)
[2015.12.10-22.26.40:847][829]LogModuleManager: Shutting down and abandoning module ArchVisCharacter (112)
[2015.12.10-22.26.40:847][829]LogModuleManager: Shutting down and abandoning module MessagingDebugger (111)
[2015.12.10-22.26.40:847][829]LogModuleManager: Shutting down and abandoning module MediaPlayerEditor (110)
[2015.12.10-22.26.40:847][829]LogModuleManager: Shutting down and abandoning module HTML5Networking (109)
[2015.12.10-22.26.40:847][829]LogModuleManager: Shutting down and abandoning module SpeedTreeImporter (108)
[2015.12.10-22.26.40:847][829]LogModuleManager: Shutting down and abandoning module PluginBrowser (107)
[2015.12.10-22.26.40:847][829]LogModuleManager: Shutting down and abandoning module EpicSurvey (106)
[2015.12.10-22.26.40:847][829]LogModuleManager: Shutting down and abandoning module DesktopPlatform (105)
[2015.12.10-22.26.40:847][829]LogModuleManager: Shutting down and abandoning module VisualStudioSourceCodeAccess (104)
[2015.12.10-22.26.40:847][829]LogModuleManager: Shutting down and abandoning module UObjectPlugin (103)
[2015.12.10-22.26.40:847][829]LogModuleManager: Shutting down and abandoning module SubversionSourceControl (102)
[2015.12.10-22.26.40:847][829]LogModuleManager: Shutting down and abandoning module PerforceSourceControl (101)
[2015.12.10-22.26.40:847][829]LogModuleManager: Shutting down and abandoning module SourceControl (100)
[2015.12.10-22.26.40:847][829]LogModuleManager: Shutting down and abandoning module GitSourceControl (99)
[2015.12.10-22.26.40:847][829]LogModuleManager: Shutting down and abandoning module LightPropagationVolumeEditor (98)
[2015.12.10-22.26.40:847][829]LogModuleManager: Shutting down and abandoning module PaperTiledImporter (97)
[2015.12.10-22.26.40:847][829]LogModuleManager: Shutting down and abandoning module PaperSpriteSheetImporter (96)
[2015.12.10-22.26.40:847][829]LogModuleManager: Shutting down and abandoning module MeshPaint (95)
[2015.12.10-22.26.40:847][829]LogModuleManager: Shutting down and abandoning module SlateReflector (94)
[2015.12.10-22.26.40:847][829]LogModuleManager: Shutting down and abandoning module HotReload (93)
[2015.12.10-22.26.40:847][829]LogModuleManager: Shutting down and abandoning module MainFrame (92)
[2015.12.10-22.26.40:847][829]LogModuleManager: Shutting down and abandoning module LevelEditor (91)
[2015.12.10-22.26.40:848][829]LogModuleManager: Shutting down and abandoning module ContentBrowser (90)
[2015.12.10-22.26.40:849][829]LogModuleManager: Shutting down and abandoning module Paper2DEditor (89)
[2015.12.10-22.26.40:849][829]LogModuleManager: Shutting down and abandoning module UdpMessaging (88)
[2015.12.10-22.26.40:949][829]LogModuleManager: Shutting down and abandoning module DirectoryWatcher (87)
[2015.12.10-22.26.40:950][829]LogModuleManager: Shutting down and abandoning module AssetRegistry (86)
[2015.12.10-22.26.41:113][829]LogModuleManager: Shutting down and abandoning module SubstanceCore (85)
[2015.12.10-22.26.41:113][829]LogModuleManager: Shutting down and abandoning module LightPropagationVolumeRuntime (84)
[2015.12.10-22.26.41:113][829]LogModuleManager: Shutting down and abandoning module Paper2D (83)
[2015.12.10-22.26.41:113][829]LogModuleManager: Shutting down and abandoning module WindowsMoviePlayer (82)
[2015.12.10-22.26.41:117][829]LogModuleManager: Shutting down and abandoning module Media (81)
[2015.12.10-22.26.41:117][829]LogModuleManager: Shutting down and abandoning module WmfMedia (80)
[2015.12.10-22.26.41:117][829]LogModuleManager: Shutting down and abandoning module OnlineBlueprintSupport (79)
[2015.12.10-22.26.41:117][829]LogModuleManager: Shutting down and abandoning module GameplayTasksEditor (78)
[2015.12.10-22.26.41:117][829]LogModuleManager: Shutting down and abandoning module PropertyEditor (77)
[2015.12.10-22.26.41:117][829]LogModuleManager: Shutting down and abandoning module BehaviorTreeEditor (76)
[2015.12.10-22.26.41:117][829]LogModuleManager: Shutting down and abandoning module FunctionalTesting (75)
[2015.12.10-22.26.41:117][829]LogModuleManager: Shutting down and abandoning module CollisionAnalyzer (74)
[2015.12.10-22.26.41:117][829]LogModuleManager: Shutting down and abandoning module WorkspaceMenuStructure (73)
[2015.12.10-22.26.41:117][829]LogModuleManager: Shutting down and abandoning module MessageLog (72)
[2015.12.10-22.26.41:117][829]LogModuleManager: Shutting down and abandoning module Sequencer (71)
[2015.12.10-22.26.41:117][829]LogModuleManager: Shutting down and abandoning module AssetTools (70)
[2015.12.10-22.26.41:117][829]LogModuleManager: Shutting down and abandoning module UMGEditor (69)
[2015.12.10-22.26.41:117][829]LogModuleManager: Shutting down and abandoning module UMG (68)
[2015.12.10-22.26.41:118][829]LogModuleManager: Shutting down and abandoning module Slate (67)
[2015.12.10-22.26.41:118][829]LogModuleManager: Shutting down and abandoning module EditorStyle (66)
[2015.12.10-22.26.41:119][829]LogModuleManager: Shutting down and abandoning module SessionServices (65)
[2015.12.10-22.26.41:119][829]LogModuleManager: Shutting down and abandoning module SourceCodeAccess (64)
[2015.12.10-22.26.41:119][829]LogModuleManager: Shutting down and abandoning module HeadMountedDisplay (63)
[2015.12.10-22.26.41:119][829]LogModuleManager: Shutting down and abandoning module XAudio2 (62)
[2015.12.10-22.26.41:119][829]LogModuleManager: Shutting down and abandoning module Networking (60)
[2015.12.10-22.26.41:119][829]LogModuleManager: Shutting down and abandoning module Core (59)
[2015.12.10-22.26.41:119][829]LogModuleManager: Shutting down and abandoning module KismetCompiler (58)
[2015.12.10-22.26.41:119][829]LogModuleManager: Shutting down and abandoning module PhysXFormats (57)
[2015.12.10-22.26.41:119][829]LogModuleManager: Shutting down and abandoning module MeshUtilities (56)
[2015.12.10-22.26.41:119][829]LogModuleManager: Shutting down and abandoning module CookingStats (55)
[2015.12.10-22.26.41:122][829]LogModuleManager: Shutting down and abandoning module DerivedDataCache (54)
[2015.12.10-22.26.41:160][829]LogDerivedDataCache: Shutdown
[2015.12.10-22.26.41:160][829]LogModuleManager: Shutting down and abandoning module ShaderFormatOpenGL (53)
[2015.12.10-22.26.41:160][829]LogModuleManager: Shutting down and abandoning module ShaderFormatD3D (52)
[2015.12.10-22.26.41:160][829]LogModuleManager: Shutting down and abandoning module MetalShaderFormat (51)
[2015.12.10-22.26.41:160][829]LogModuleManager: Shutting down and abandoning module TextureFormatUncompressed (50)
[2015.12.10-22.26.41:160][829]LogModuleManager: Shutting down and abandoning module TextureFormatPVR (49)
[2015.12.10-22.26.41:160][829]LogModuleManager: Shutting down and abandoning module TextureFormatIntelISPCTexComp (48)
[2015.12.10-22.26.41:160][829]LogModuleManager: Shutting down and abandoning module TextureFormatDXT (47)
[2015.12.10-22.26.41:160][829]LogModuleManager: Shutting down and abandoning module ImageWrapper (46)
[2015.12.10-22.26.41:160][829]LogModuleManager: Shutting down and abandoning module TextureFormatASTC (45)
[2015.12.10-22.26.41:160][829]LogModuleManager: Shutting down and abandoning module TextureFormatAndroid (44)
[2015.12.10-22.26.41:160][829]LogModuleManager: Shutting down and abandoning module AudioFormatOpus (43)
[2015.12.10-22.26.41:160][829]LogModuleManager: Shutting down and abandoning module AudioFormatOgg (42)
[2015.12.10-22.26.41:160][829]LogModuleManager: Shutting down and abandoning module AudioFormatADPCM (41)
[2015.12.10-22.26.41:160][829]LogModuleManager: Shutting down and abandoning module LinuxTargetPlatform (40)
[2015.12.10-22.26.41:160][829]LogModuleManager: Shutting down and abandoning module LinuxServerTargetPlatform (39)
[2015.12.10-22.26.41:160][829]LogModuleManager: Shutting down and abandoning module LinuxNoEditorTargetPlatform (38)
[2015.12.10-22.26.41:160][829]LogModuleManager: Shutting down and abandoning module Messaging (37)
[2015.12.10-22.26.41:160][829]LogModuleManager: Shutting down and abandoning module IOSTargetPlatform (36)
[2015.12.10-22.26.41:160][829]LogModuleManager: Shutting down and abandoning module HTML5TargetPlatform (35)
[2015.12.10-22.26.41:160][829]LogModuleManager: Shutting down and abandoning module Android_PVRTCTargetPlatform (34)
[2015.12.10-22.26.41:160][829]LogModuleManager: Shutting down and abandoning module Android_ETC2TargetPlatform (33)
[2015.12.10-22.26.41:160][829]LogModuleManager: Shutting down and abandoning module Android_ETC1TargetPlatform (32)
[2015.12.10-22.26.41:160][829]LogModuleManager: Shutting down and abandoning module Android_DXTTargetPlatform (31)
[2015.12.10-22.26.41:160][829]LogModuleManager: Shutting down and abandoning module Android_ATCTargetPlatform (30)
[2015.12.10-22.26.41:160][829]LogModuleManager: Shutting down and abandoning module Android_ASTCTargetPlatform (29)
[2015.12.10-22.26.41:160][829]LogModuleManager: Shutting down and abandoning module AndroidTargetPlatform (28)
[2015.12.10-22.26.41:160][829]LogModuleManager: Shutting down and abandoning module WindowsTargetPlatform (27)
[2015.12.10-22.26.41:160][829]LogModuleManager: Shutting down and abandoning module WindowsServerTargetPlatform (26)
[2015.12.10-22.26.41:160][829]LogModuleManager: Shutting down and abandoning module WindowsNoEditorTargetPlatform (25)
[2015.12.10-22.26.41:160][829]LogModuleManager: Shutting down and abandoning module WindowsClientTargetPlatform (24)
[2015.12.10-22.26.41:160][829]LogModuleManager: Shutting down and abandoning module AllDesktopTargetPlatform (23)
[2015.12.10-22.26.41:160][829]LogModuleManager: Shutting down and abandoning module TargetPlatform (22)
[2015.12.10-22.26.41:160][829]LogModuleManager: Shutting down and abandoning module InputCore (21)
[2015.12.10-22.26.41:160][829]LogModuleManager: Shutting down and abandoning module Settings (20)
[2015.12.10-22.26.41:160][829]LogModuleManager: Shutting down and abandoning module OnlineSubsystem (18)
[2015.12.10-22.26.41:160][829]LogModuleManager: Shutting down and abandoning module HTTP (17)
[2015.12.10-22.26.42:161][829]LogModuleManager: Shutting down and abandoning module XMPP (16)
[2015.12.10-22.26.42:161][829]LogModuleManager: Shutting down and abandoning module ExampleDeviceProfileSelector (15)
[2015.12.10-22.26.42:161][829]LogModuleManager: Shutting down and abandoning module TextureCompressor (14)
[2015.12.10-22.26.42:161][829]LogModuleManager: Shutting down and abandoning module ShaderCore (13)
[2015.12.10-22.26.42:161][829]LogModuleManager: Shutting down and abandoning module Landscape (12)
[2015.12.10-22.26.42:161][829]LogModuleManager: Shutting down and abandoning module SlateRHIRenderer (11)
[2015.12.10-22.26.42:163][829]LogModuleManager: Shutting down and abandoning module OpenGLDrv (10)
[2015.12.10-22.26.42:163][829]LogModuleManager: Shutting down and abandoning module D3D11RHI (9)
[2015.12.10-22.26.42:163][829]LogModuleManager: Shutting down and abandoning module AnimGraphRuntime (8)
[2015.12.10-22.26.42:163][829]LogModuleManager: Shutting down and abandoning module Renderer (7)
[2015.12.10-22.26.42:163][829]LogModuleManager: Shutting down and abandoning module Engine (6)
[2015.12.10-22.26.42:163][829]LogModuleManager: Shutting down and abandoning module CoreUObject (5)
[2015.12.10-22.26.42:163][829]LogModuleManager: Shutting down and abandoning module NetworkFile (4)
[2015.12.10-22.26.42:163][829]LogModuleManager: Shutting down and abandoning module StreamingFile (3)
[2015.12.10-22.26.42:163][829]LogModuleManager: Shutting down and abandoning module SandboxFile (2)
[2015.12.10-22.26.42:163][829]LogModuleManager: Shutting down and abandoning module PakFile (1)
[2015.12.10-22.26.42:163][829]LogExit: Exiting.
[2015.12.10-22.26.42:193][829]Log file closed, 12/10/15 17:26:42
