[2015.11.01-20.42.17:810][  0]Log file open, 11/01/15 15:42:17
[2015.11.01-20.42.17:810][  0]LogInit:Display: Running engine for game: SuperSpaceArmada
[2015.11.01-20.42.17:810][  0]LogInit:Display: RandInit(-1656472104) SRandInit(-1656472104).
[2015.11.01-20.42.17:810][  0]LogTaskGraph: Started task graph with 4 named threads and 7 total threads.
[2015.11.01-20.42.17:810][  0]LogStats: Stats thread started at 0.084089
[2015.11.01-20.42.17:810][  0]LogInit: Version: 4.9.1-2689999+++depot+UE4-Releases+4.9
[2015.11.01-20.42.17:810][  0]LogInit: API Version: 2672455
[2015.11.01-20.42.17:810][  0]LogInit: Compiled (64-bit): Sep 14 2015 04:12:03
[2015.11.01-20.42.17:810][  0]LogInit: Compiled with Visual C++: 18.00.21005.01
[2015.11.01-20.42.17:810][  0]LogInit: Build Configuration: Development
[2015.11.01-20.42.17:810][  0]LogInit: Branch Name: ++depot+UE4-Releases+4.9
[2015.11.01-20.42.17:810][  0]LogInit: Command line:  
[2015.11.01-20.42.17:810][  0]LogInit: Base directory: F:/Program Files/Unreal/Epic Games/4.9/Engine/Binaries/Win64/
[2015.11.01-20.42.17:810][  0]LogInit: Rocket: 1
[2015.11.01-20.42.17:840][  0]LogInit: Using libcurl 7.41.0
[2015.11.01-20.42.17:840][  0]LogInit:  - built for x86_64-pc-win32
[2015.11.01-20.42.17:840][  0]LogInit:  - supports SSL with WinSSL
[2015.11.01-20.42.17:840][  0]LogInit:  - other features:
[2015.11.01-20.42.17:840][  0]LogInit:      CURL_VERSION_SSL
[2015.11.01-20.42.17:840][  0]LogInit:      CURL_VERSION_IPV6
[2015.11.01-20.42.17:840][  0]LogInit:      CURL_VERSION_ASYNCHDNS
[2015.11.01-20.42.17:840][  0]LogInit:      CURL_VERSION_LARGEFILE
[2015.11.01-20.42.17:840][  0]LogInit:      CURL_VERSION_IDN
[2015.11.01-20.42.17:840][  0]LogInit:  CurlRequestOptions (configurable via config and command line):
[2015.11.01-20.42.17:840][  0]LogInit:  - bVerifyPeer = true  - Libcurl will verify peer certificate
[2015.11.01-20.42.17:840][  0]LogInit:  - bUseHttpProxy = false  - Libcurl will NOT use HTTP proxy
[2015.11.01-20.42.17:840][  0]LogInit:  - bDontReuseConnections = false  - Libcurl will reuse connections
[2015.11.01-20.42.17:840][  0]LogInit:  - CertBundlePath = nullptr  - Libcurl will use whatever was configured at build time.
[2015.11.01-20.42.17:884][  0]LogInit: Presizing for 0 objects not considered by GC, pre-allocating 0 bytes.
[2015.11.01-20.42.17:888][  0]LogInit: Object subsystem initialized
[2015.11.01-20.42.17:889][  0]LogInit: Selected Device Profile: [Windows]
[2015.11.01-20.42.17:889][  0]LogInit: Applying CVar settings loaded from the selected device profile: [Windows]
[2015.11.01-20.42.17:895][  0]LogInit: Computer: ANDREW_2015
[2015.11.01-20.42.17:895][  0]LogInit: User: aehrlich92
[2015.11.01-20.42.17:895][  0]LogInit: CPU Page size=4096, Cores=4
[2015.11.01-20.42.17:895][  0]LogInit: High frequency timer resolution =3.984654 MHz
[2015.11.01-20.42.17:895][  0]LogMemory: Memory total: Physical=15.9GB (16GB approx)
[2015.11.01-20.42.17:895][  0]LogMemory: Platform Memory Stats for Windows
[2015.11.01-20.42.17:895][  0]LogMemory: Process Physical Memory: 53.82 MB used, 53.82 MB peak
[2015.11.01-20.42.17:895][  0]LogMemory: Process Virtual Memory: 57.27 MB used, 57.27 MB peak
[2015.11.01-20.42.17:895][  0]LogMemory: Physical Memory: 5119.61 MB used, 16322.88 MB total
[2015.11.01-20.42.17:895][  0]LogMemory: Virtual Memory: 366.29 MB used, 134217728.00 MB total
[2015.11.01-20.42.18:147][  0]LogTextLocalizationManager: No specific translations for ('en-US') exist, so ('en') translations will be used.
[2015.11.01-20.42.18:875][  0]LogD3D11RHI: Found D3D11 adapter 0: NVIDIA GeForce GTX 960 (Feature Level 11_0)
[2015.11.01-20.42.18:875][  0]LogD3D11RHI: Adapter has 1969MB of dedicated video memory, 0MB of dedicated system memory, and 8161MB of shared system memory, 2 output[s]
[2015.11.01-20.42.18:905][  0]LogD3D11RHI: Found D3D11 adapter 1: Microsoft Basic Render Driver (Feature Level 11_0)
[2015.11.01-20.42.18:905][  0]LogD3D11RHI: Adapter has 0MB of dedicated video memory, 0MB of dedicated system memory, and 8161MB of shared system memory, 0 output[s]
[2015.11.01-20.42.18:905][  0]LogD3D11RHI: Chosen D3D11 Adapter Id = 0
[2015.11.01-20.42.18:908][  0]LogD3D11RHI: !Direct3DDevice
[2015.11.01-20.42.18:908][  0]LogRHI: Texture pool is 1361 MB (70% of 1945 MB)
[2015.11.01-20.42.18:917][  0]LogD3D11RHI: Async texture creation enabled
[2015.11.01-20.42.18:933][  0]LogShaderCompilers: Guid format shader working directory is 16 characters bigger than the processId version (../../../../../../../My Media/UCF Documents/DIG 4725/Game-Files/SuperSpaceArmada/Intermediate/Shaders/WorkingDirectory/220/).
[2015.11.01-20.42.18:933][  0]LogShaderCompilers: Cleaned the shader compiler working directory '../../../../../../../My Media/UCF Documents/DIG 4725/Game-Files/SuperSpaceArmada/Intermediate/Shaders/tmp/AD84451E41B976D47700A7A8EF76FB1F/'.
[2015.11.01-20.42.18:933][  0]LogShaderCompilers:Display: Using Local Shader Compiler.
[2015.11.01-20.42.20:384][  0]LogTemp:Display: Loaded TP AllDesktopTargetPlatform
[2015.11.01-20.42.20:398][  0]LogTemp:Display: Loaded TP WindowsClientTargetPlatform
[2015.11.01-20.42.20:415][  0]LogTemp:Display: Loaded TP WindowsNoEditorTargetPlatform
[2015.11.01-20.42.20:429][  0]LogTemp:Display: Loaded TP WindowsServerTargetPlatform
[2015.11.01-20.42.20:445][  0]LogTemp:Display: Loaded TP WindowsTargetPlatform
[2015.11.01-20.42.20:459][  0]LogTemp:Display: Loaded TP AndroidTargetPlatform
[2015.11.01-20.42.20:473][  0]LogTemp:Display: Loaded TP Android_ASTCTargetPlatform
[2015.11.01-20.42.20:490][  0]LogTemp:Display: Loaded TP Android_ATCTargetPlatform
[2015.11.01-20.42.20:503][  0]LogTemp:Display: Loaded TP Android_DXTTargetPlatform
[2015.11.01-20.42.20:518][  0]LogTemp:Display: Loaded TP Android_ETC1TargetPlatform
[2015.11.01-20.42.20:532][  0]LogTemp:Display: Loaded TP Android_ETC2TargetPlatform
[2015.11.01-20.42.20:546][  0]LogTemp:Display: Loaded TP Android_PVRTCTargetPlatform
[2015.11.01-20.42.20:558][  0]LogTemp:Display: Loaded TP HTML5TargetPlatform
[2015.11.01-20.42.20:611][  0]LogTemp:Display: Loaded TP IOSTargetPlatform
[2015.11.01-20.42.20:625][  0]LogTemp:Display: Loaded TP LinuxNoEditorTargetPlatform
[2015.11.01-20.42.20:639][  0]LogTemp:Display: Loaded TP LinuxServerTargetPlatform
[2015.11.01-20.42.20:656][  0]LogTemp:Display: Loaded TP LinuxTargetPlatform
[2015.11.01-20.42.20:656][  0]LogTargetPlatformManager:Display: Building Assets For Windows
[2015.11.01-20.42.21:007][  0]LogDerivedDataCache:Display: Max Cache Size: 512 MB
[2015.11.01-20.42.21:035][  0]LogDerivedDataCache: Loaded boot cache 0.03s 41MB C:/Users/aehrlich92/AppData/Local/UnrealEngine/4.9/DerivedDataCache/Boot.ddc.
[2015.11.01-20.42.21:035][  0]LogDerivedDataCache:Display: Loaded Boot cache: C:/Users/aehrlich92/AppData/Local/UnrealEngine/4.9/DerivedDataCache/Boot.ddc
[2015.11.01-20.42.21:035][  0]LogDerivedDataCache: FDerivedDataBackendGraph:  Pak pak cache file ../../../../../../../My Media/UCF Documents/DIG 4725/Game-Files/SuperSpaceArmada/DerivedDataCache/DDC.ddp not found, will not use a pak cache.
[2015.11.01-20.42.21:035][  0]LogDerivedDataCache: Unable to find inner node Pak for hierarchical cache Hierarchy.
[2015.11.01-20.42.21:036][  0]LogDerivedDataCache: FDerivedDataBackendGraph:  CompressedPak pak cache file ../../../../../../../My Media/UCF Documents/DIG 4725/Game-Files/SuperSpaceArmada/DerivedDataCache/Compressed.ddp not found, will not use a pak cache.
[2015.11.01-20.42.21:036][  0]LogDerivedDataCache: Unable to find inner node CompressedPak for hierarchical cache Hierarchy.
[2015.11.01-20.42.21:135][  0]LogDerivedDataCache:Display: Pak cache opened for reading ../../../Engine/DerivedDataCache/Compressed.ddp.
[2015.11.01-20.42.21:146][  0]LogDerivedDataCache: Using Local data cache path C:/Users/aehrlich92/AppData/Local/UnrealEngine/Common/DerivedDataCache: Writable
[2015.11.01-20.42.21:272][  0]LogInit: Selected Device Profile: [Windows]
[2015.11.01-20.42.21:273][  0]LogContentStreaming: Texture pool size is 0.000000MB
[2015.11.01-20.42.21:370][  0]LogMeshUtilities: No automatic mesh reduction module available
[2015.11.01-20.42.21:370][  0]LogMeshUtilities: No automatic mesh merging module available
[2015.11.01-20.42.21:566][  0]LogInit: WinSock: version 1.1 (2.2), MaxSocks=32767, MaxUdp=65467
[2015.11.01-20.42.22:598][  0]LogAssetRegistry: FAssetRegistry took 0.0106 seconds to start up
[2015.11.01-20.42.22:646][  0]UdpMessaging: Initializing bridge on interface 0.0.0.0:0 to multicast group 230.0.0.1:6666.
[2015.11.01-20.42.23:163][  0]SourceControl: Info Source control is disabled
[2015.11.01-20.42.23:169][  0]SourceControl: Info Source control is disabled
[2015.11.01-20.42.23:196][  0]SourceControl: Info Source control is disabled
[2015.11.01-20.42.23:227][  0]SourceControl: Info Source control is disabled
[2015.11.01-20.42.23:498][  0]LogLinker:Warning: Asset '../../../Engine/Plugins/Runtime/LeapMotionController/Content/LM_PassthroughMaterial.uasset' has been saved with empty engine version. The asset will be loaded but may be incompatible.
[2015.11.01-20.42.23:671][  0]LogObj: 28528 objects as part of root set at end of initial load.
[2015.11.01-20.42.23:671][  0]LogUObjectAllocator: 6068464 out of 0 bytes used by permanent object pool.
[2015.11.01-20.42.23:757][  0]LogEngine: Initializing Engine...
[2015.11.01-20.42.23:758][  0]LogHMD: Can't find Oculus library dev build: is proper Runtime installed? Version: 0.7.0.0
[2015.11.01-20.42.23:772][  0]LogHMD: SteamVR failed to initialize.  Err: 110
[2015.11.01-20.42.23:873][  0]LogAIModule: Creating AISystem for world NewWorld
[2015.11.01-20.42.23:892][  0]LogInit: XAudio2 using 'Speakers (Realtek High Definition Audio)' : 8 channels at 48 kHz using 32 bits per sample (channel mask 0x63f)
[2015.11.01-20.42.23:908][  0]LogInit: FAudioDevice initialized.
[2015.11.01-20.42.23:923][  0]LogDerivedDataCache: Saved boot cache 0.02s 41MB C:/Users/aehrlich92/AppData/Local/UnrealEngine/4.9/DerivedDataCache/Boot.ddc.
[2015.11.01-20.42.23:926][  0]LogInit: Texture streaming: Enabled
[2015.11.01-20.42.23:951][  0]LogAnalytics: Creating configured Analytics provider AnalyticsET
[2015.11.01-20.42.23:951][  0]LogAnalytics: [UEEditor.Rocket.Release] APIServer = http://et2.epicgames.com/ET2/. AppVersion = 4.9.1-2689999+++depot+UE4-Releases+4.9
[2015.11.01-20.42.23:952][  0]LogAnalytics: [UEEditor.Rocket.Release] SetUserId 7bdbd2584788e6e37f918c9187bab22c|b300224d71e64562a5bff06c2aaa78f8|45aed112-7b58-41bf-9eba-b8dcb7f9dd12
[2015.11.01-20.42.23:952][  0]LogAnalytics: [UEEditor.Rocket.Release] AnalyticsET::StartSession
[2015.11.01-20.42.24:143][  0]LogInit: Transaction tracking system initialized
[2015.11.01-20.42.24:257][  0]BlueprintLog: New page: Editor Load
[2015.11.01-20.42.24:766][  0]LocalizationService: Info Localization service is disabled
[2015.11.01-20.42.25:072][  0]LogConsoleResponse:Display: 
[2015.11.01-20.42.25:169][  0]LogCook:Display: Done creating registry. It took  0.00s.
[2015.11.01-20.42.25:384][  0]LogFileCache: Scanning file cache for directory 'F:/My Media/UCF Documents/DIG 4725/Game-Files/SuperSpaceArmada/Content/' took 0.01s
[2015.11.01-20.42.25:384][  0]SourceControl: Info Source control is disabled
[2015.11.01-20.42.25:384][  0]Cmd: MAP LOAD FILE="../../../../../../../My Media/UCF Documents/DIG 4725/Game-Files/SuperSpaceArmada/Content/SSA/Maps/Home_Kratakos.umap" TEMPLATE=0 SHOWPROGRESS=1 FEATURELEVEL=3
[2015.11.01-20.42.25:384][  0]LightingResults: New page: Lighting Build
[2015.11.01-20.42.25:386][  0]MapCheck: New page: Map Check
[2015.11.01-20.42.25:386][  0]LightingResults: New page: Lighting Build
[2015.11.01-20.42.25:395][  0]LogParticles: Destroying 0 GPU particle simulations for FXSystem 0x000000FAA1925620
[2015.11.01-20.42.25:445][  0]LogLinker:Warning: Asset '../../../../../../../My Media/UCF Documents/DIG 4725/Game-Files/SuperSpaceArmada/Content/Mannequin/Animations/ThirdPerson_AnimBP.uasset' has been saved with empty engine version. The asset will be loaded but may be incompatible.
[2015.11.01-20.42.25:446][  0]LogLinker:Warning: Asset '../../../../../../../My Media/UCF Documents/DIG 4725/Game-Files/SuperSpaceArmada/Content/Mannequin/Animations/ThirdPerson_Jump.uasset' has been saved with empty engine version. The asset will be loaded but may be incompatible.
[2015.11.01-20.42.25:448][  0]LogLinker:Warning: Asset '../../../../../../../My Media/UCF Documents/DIG 4725/Game-Files/SuperSpaceArmada/Content/Mannequin/Animations/ThirdPersonJump_Loop.uasset' has been saved with empty engine version. The asset will be loaded but may be incompatible.
[2015.11.01-20.42.25:449][  0]LogLinker:Warning: Asset '../../../../../../../My Media/UCF Documents/DIG 4725/Game-Files/SuperSpaceArmada/Content/Mannequin/Animations/ThirdPersonJump_Start.uasset' has been saved with empty engine version. The asset will be loaded but may be incompatible.
[2015.11.01-20.42.25:450][  0]LogLinker:Warning: Asset '../../../../../../../My Media/UCF Documents/DIG 4725/Game-Files/SuperSpaceArmada/Content/Mannequin/Animations/ThirdPerson_IdleRun_2D.uasset' has been saved with empty engine version. The asset will be loaded but may be incompatible.
[2015.11.01-20.42.25:450][  0]LogLinker:Warning: Asset '../../../../../../../My Media/UCF Documents/DIG 4725/Game-Files/SuperSpaceArmada/Content/Mannequin/Animations/ThirdPersonIdle.uasset' has been saved with empty engine version. The asset will be loaded but may be incompatible.
[2015.11.01-20.42.25:451][  0]LogLinker:Warning: Asset '../../../../../../../My Media/UCF Documents/DIG 4725/Game-Files/SuperSpaceArmada/Content/Mannequin/Animations/ThirdPersonRun.uasset' has been saved with empty engine version. The asset will be loaded but may be incompatible.
[2015.11.01-20.42.25:452][  0]LogLinker:Warning: Asset '../../../../../../../My Media/UCF Documents/DIG 4725/Game-Files/SuperSpaceArmada/Content/Mannequin/Animations/ThirdPersonWalk.uasset' has been saved with empty engine version. The asset will be loaded but may be incompatible.
[2015.11.01-20.42.26:515][  0]LogBlueprint:Error: Broken Node: K2Node_CallFunction /Game/SSA/Blueprints/Objects/Debris.Debris:Debris Collision func.K2Node_CallFunction_3036 keeps removed/invalid pin: EdGraphPin /Game/SSA/Blueprints/Objects/Debris.Debris:Debris Collision func.K2Node_CallFunction_3036.EdGraphPin_189478. Try refresh all nodes.
[2015.11.01-20.42.26:515][  0]LogBlueprint:Error: Broken Node: K2Node_CallFunction /Game/SSA/Blueprints/Objects/Debris.Debris:Debris Collision func.K2Node_CallFunction_2761 keeps removed/invalid pin: EdGraphPin /Game/SSA/Blueprints/Objects/Debris.Debris:Debris Collision func.K2Node_CallFunction_2761.EdGraphPin_189448. Try refresh all nodes.
[2015.11.01-20.42.26:700][  0]LogBlueprint:Error: Broken Node: K2Node_CallFunction /Game/SSA/Blueprints/Objects/Debris.Debris:Debris Collision func.K2Node_CallFunction_2761 keeps removed/invalid pin: EdGraphPin /Game/SSA/Blueprints/Objects/Debris.Debris:Debris Collision func.K2Node_CallFunction_2761.EdGraphPin_189448. Try refresh all nodes.
[2015.11.01-20.42.26:701][  0]LogBlueprint:Error: Broken Node: K2Node_CallFunction /Game/SSA/Blueprints/Objects/Debris.Debris:Debris Collision func.K2Node_CallFunction_3036 keeps removed/invalid pin: EdGraphPin /Game/SSA/Blueprints/Objects/Debris.Debris:Debris Collision func.K2Node_CallFunction_3036.EdGraphPin_189478. Try refresh all nodes.
[2015.11.01-20.42.27:121][  0]LogLinker:Warning: Can't find file '/Game/Geometry/Meshes/1M_Cube'
[2015.11.01-20.42.27:121][  0]LogLinker:Warning: Can't find file for asset '/Game/Geometry/Meshes/1M_Cube' while loading ../../../../../../../My Media/UCF Documents/DIG 4725/Game-Files/SuperSpaceArmada/Content/SSA/Blueprints/Objects/Crystal_Spawner.uasset.
[2015.11.01-20.42.27:121][  0]LoadErrors:Error: Error /Game/SSA/Blueprints/Objects/Crystal_Spawner : Can't find file for asset. /Game/Geometry/Meshes/1M_Cube
[2015.11.01-20.42.27:121][  0]LogLinker:Warning: Can't find file '/Game/Geometry/Meshes/1M_Cube'
[2015.11.01-20.42.27:122][  0]LogLinker:Warning: Can't find file for asset '/Game/Geometry/Meshes/1M_Cube' while loading ../../../../../../../My Media/UCF Documents/DIG 4725/Game-Files/SuperSpaceArmada/Content/SSA/Blueprints/Objects/Crystal_Spawner.uasset.
[2015.11.01-20.42.27:122][  0]LoadErrors:Error: Error /Game/SSA/Blueprints/Objects/Crystal_Spawner : Can't find file for asset. /Game/Geometry/Meshes/1M_Cube
[2015.11.01-20.42.27:123][  0]LogLinker:Warning: Can't find file '/Game/Geometry/Meshes/1M_Cube'
[2015.11.01-20.42.27:123][  0]LogLinker:Warning: Can't find file for asset '/Game/Geometry/Meshes/1M_Cube' while loading ../../../../../../../My Media/UCF Documents/DIG 4725/Game-Files/SuperSpaceArmada/Content/SSA/Maps/Home_Kratakos.umap.
[2015.11.01-20.42.27:123][  0]LoadErrors:Error: Error /Game/SSA/Maps/Home_Kratakos : Can't find file for asset. /Game/Geometry/Meshes/1M_Cube
[2015.11.01-20.42.27:123][  0]LogLinker:Warning: Can't find file '/Game/Geometry/Meshes/1M_Cube'
[2015.11.01-20.42.27:123][  0]LogLinker:Warning: Can't find file for asset '/Game/Geometry/Meshes/1M_Cube' while loading ../../../../../../../My Media/UCF Documents/DIG 4725/Game-Files/SuperSpaceArmada/Content/SSA/Maps/Home_Kratakos.umap.
[2015.11.01-20.42.27:123][  0]LoadErrors:Error: Error /Game/SSA/Maps/Home_Kratakos : Can't find file for asset. /Game/Geometry/Meshes/1M_Cube
[2015.11.01-20.42.27:123][  0]LogLinker:Warning: Can't find file '/Game/Geometry/Meshes/1M_Cube'
[2015.11.01-20.42.27:123][  0]LoadErrors: Info Failed to load /Game/Geometry/Meshes/1M_Cube.1M_Cube Referenced by StaticMeshComponent0
[2015.11.01-20.42.27:123][  0]LogLinker:Warning: Can't find file for asset '/Game/Geometry/Meshes/1M_Cube' while loading ../../../../../../../My Media/UCF Documents/DIG 4725/Game-Files/SuperSpaceArmada/Content/SSA/Maps/Home_Kratakos.umap.
[2015.11.01-20.42.27:123][  0]LoadErrors: Info Failed to load /Game/Geometry/Meshes/1M_Cube.1M_Cube Referenced by StaticMeshComponent0
[2015.11.01-20.42.27:123][  0]LoadErrors:Error: Error /Game/SSA/Maps/Home_Kratakos : Can't find file for asset. /Game/Geometry/Meshes/1M_Cube
[2015.11.01-20.42.27:797][  0]LogAIModule: Creating AISystem for world Home_Kratakos
[2015.11.01-20.42.27:801][  0]LogEditorServer: Finished looking for orphan Actors (0.000 secs)
[2015.11.01-20.42.27:801][  0]Cmd: MAP CHECKDEP NOCLEARLOG
[2015.11.01-20.42.27:853][  0]MapCheck: Info Map check complete: 0 Error(s), 0 Warning(s), took 52.407ms to complete.
[2015.11.01-20.42.27:853][  0]LogFileHelpers: Loading map 'Home_Kratakos' took 2.469
[2015.11.01-20.42.27:973][  0]LogCollectionManager: Loaded 0 collections in 0.000936 seconds
[2015.11.01-20.42.28:012][  0]LogFileCache: Scanning file cache for directory 'F:/My Media/UCF Documents/DIG 4725/Game-Files/SuperSpaceArmada/Saved/Collections/' took 0.01s
[2015.11.01-20.42.28:012][  0]LogFileCache: Scanning file cache for directory 'F:/My Media/UCF Documents/DIG 4725/Game-Files/SuperSpaceArmada/Content/Developers/aehrlich92/Collections/' took 0.01s
[2015.11.01-20.42.28:012][  0]LogFileCache: Scanning file cache for directory 'F:/My Media/UCF Documents/DIG 4725/Game-Files/SuperSpaceArmada/Content/Collections/' took 0.01s
[2015.11.01-20.42.28:012][  0]LogContentBrowser: Native class hierarchy populated in 0.0052 seconds. Added 1882 classes and 339 folders.
[2015.11.01-20.42.28:016][  0]LogCollectionManager: Rebuilt the GUID cache for 0 collections in 0.000002 seconds
[2015.11.01-20.42.28:020][  0]LogContentBrowser: Native class hierarchy updated for 'WidgetCarousel' in 0.0002 seconds. Added 0 classes and 0 folders.
[2015.11.01-20.42.28:060][  0]LogContentBrowser: Native class hierarchy updated for 'AddContentDialog' in 0.0002 seconds. Added 0 classes and 0 folders.
[2015.11.01-20.42.28:089][  0]LogContentBrowser: Native class hierarchy updated for 'SceneOutliner' in 0.0002 seconds. Added 1 classes and 2 folders.
[2015.11.01-20.42.28:122][  0]LogCrashTracker: Crashtracker disabled due to settings.
[2015.11.01-20.42.28:124][  0]LogUObjectGlobals:Warning: Failed to find object 'Class None.'
[2015.11.01-20.42.28:145][  0]LogLoad: Full Startup: 10.96 seconds (BP compile: 0.77 seconds)
[2015.11.01-20.42.28:154][  0]LoadErrors:Error: Error /Game/SSA/Blueprints/Player : Failed import for Player_C /Game/SSA/Blueprints/Player/Player.Default__Player_C
[2015.11.01-20.42.28:188][  0]LogContentStreaming: Texture pool size now 1000 MB
[2015.11.01-20.42.28:287][  0]LogRenderer: Reallocating scene render targets to support 1208x584 (Frame:2).
[2015.11.01-20.42.28:669][ 13]LogAssetRegistry: Asset discovery search completed in 6.0822 seconds
[2015.11.01-20.42.28:669][ 13]LogCollectionManager: Rebuilt the object cache for 0 collections in 0.000001 seconds (found 0 objects)
[2015.11.01-20.42.28:669][ 13]LogCollectionManager: Fixed up redirectors for 0 collections in 0.000016 seconds (updated 0 objects)
[2015.11.01-20.42.31:645][348]LogBlueprintUserMessages: Early PlayInEditor Detection: Level '/Game/SSA/Maps/Home_Kratakos.Home_Kratakos:PersistentLevel' has LevelScriptBlueprint '/Game/SSA/Maps/Home_Kratakos.Home_Kratakos:PersistentLevel.Home_Kratakos' with GeneratedClass '/Game/SSA/Maps/Home_Kratakos.Home_Kratakos_C' with ClassGeneratedBy '/Game/SSA/Maps/Home_Kratakos.Home_Kratakos:PersistentLevel.Home_Kratakos'
[2015.11.01-20.42.31:645][348]LogPlayLevel: PlayLevel: No blueprints needed recompiling
[2015.11.01-20.42.31:645][348]PIE: New page: PIE session: Home_Kratakos (Nov 1, 2015, 10:42:31 AM)
[2015.11.01-20.42.31:645][348]LogPlayLevel: Creating play world package: /Game/SSA/Maps/UEDPIE_0_Home_Kratakos
[2015.11.01-20.42.31:664][348]LogPlayLevel: PIE: StaticDuplicateObject took: (0.019199s)
[2015.11.01-20.42.31:665][348]LogAIModule: Creating AISystem for world Home_Kratakos
[2015.11.01-20.42.31:665][348]LogPlayLevel: PIE: World Init took: (0.000487s)
[2015.11.01-20.42.31:665][348]LogPlayLevel: PIE: Created PIE world by copying editor world from /Game/SSA/Maps/Home_Kratakos.Home_Kratakos to /Game/SSA/Maps/UEDPIE_0_Home_Kratakos.Home_Kratakos (0.019865s)
[2015.11.01-20.42.31:743][348]LogInit: XAudio2 using 'Speakers (Realtek High Definition Audio)' : 8 channels at 48 kHz using 32 bits per sample (channel mask 0x63f)
[2015.11.01-20.42.31:749][348]LogInit: FAudioDevice initialized.
[2015.11.01-20.42.31:791][348]LogWorld: Game class is 'TopDownGameMode_C'
[2015.11.01-20.42.31:794][348]LogWorld:Warning: *** WARNING - PATHS MAY NOT BE VALID ***
[2015.11.01-20.42.31:794][348]LogWorld: Bringing World /Game/SSA/Maps/UEDPIE_0_Home_Kratakos.Home_Kratakos up for play (max tick rate 0) at 2015.11.01-15.42.31
[2015.11.01-20.42.31:794][348]LogActor:Warning: GameSession /Game/SSA/Maps/UEDPIE_0_Home_Kratakos.Home_Kratakos:PersistentLevel.GameSession_0 has natively added scene component(s), but none of them were set as the actor's RootComponent - picking one arbitrarily
[2015.11.01-20.42.31:794][348]LogActor:Warning: GameNetworkManager /Game/SSA/Maps/UEDPIE_0_Home_Kratakos.Home_Kratakos:PersistentLevel.GameNetworkManager_0 has natively added scene component(s), but none of them were set as the actor's RootComponent - picking one arbitrarily
[2015.11.01-20.42.31:794][348]LogWorld: Bringing up level for play took: 0.002754
[2015.11.01-20.42.31:796][348]LogBlueprintUserMessages: [Player_Human_C_0] Hello
[2015.11.01-20.42.31:796][348]LogScript:Warning: Accessed None 'Enemy Ref'
	Player_Human_C /Game/SSA/Maps/UEDPIE_0_Home_Kratakos.Home_Kratakos:PersistentLevel.Player_Human_C_0
	Function /Game/SSA/Blueprints/Player_Ships/Player.Player_C:ExecuteUbergraph_Player:1098
[2015.11.01-20.42.31:796][348]PIE:Error: Error Accessed None 'Enemy Ref' from node DestroyActor in graph 'EventGraph' in blueprint Player
[2015.11.01-20.42.31:798][348]PIE: Info Play in editor start time for /Game/SSA/Maps/UEDPIE_0_Home_Kratakos -0.375
[2015.11.01-20.42.31:798][348]LogBlueprintUserMessages: Late PlayInEditor Detection: Level '/Game/SSA/Maps/Home_Kratakos.Home_Kratakos:PersistentLevel' has LevelScriptBlueprint '/Game/SSA/Maps/Home_Kratakos.Home_Kratakos:PersistentLevel.Home_Kratakos' with GeneratedClass '/Game/SSA/Maps/Home_Kratakos.Home_Kratakos_C' with ClassGeneratedBy '/Game/SSA/Maps/Home_Kratakos.Home_Kratakos:PersistentLevel.Home_Kratakos'
[2015.11.01-20.42.33:933][602]LogBlueprintUserMessages: Early EndPlayMap Detection: Level '/Game/SSA/Maps/Home_Kratakos.Home_Kratakos:PersistentLevel' has LevelScriptBlueprint '/Game/SSA/Maps/Home_Kratakos.Home_Kratakos:PersistentLevel.Home_Kratakos' with GeneratedClass '/Game/SSA/Maps/Home_Kratakos.Home_Kratakos_C' with ClassGeneratedBy '/Game/SSA/Maps/Home_Kratakos.Home_Kratakos:PersistentLevel.Home_Kratakos'
[2015.11.01-20.42.33:966][602]LogBlueprintUserMessages: Late EndPlayMap Detection: Level '/Game/SSA/Maps/Home_Kratakos.Home_Kratakos:PersistentLevel' has LevelScriptBlueprint '/Game/SSA/Maps/Home_Kratakos.Home_Kratakos:PersistentLevel.Home_Kratakos' with GeneratedClass '/Game/SSA/Maps/Home_Kratakos.Home_Kratakos_C' with ClassGeneratedBy '/Game/SSA/Maps/Home_Kratakos.Home_Kratakos:PersistentLevel.Home_Kratakos'
[2015.11.01-20.42.33:979][602]LogParticles: Destroying 0 GPU particle simulations for FXSystem 0x000000FABC3CAB60
[2015.11.01-20.42.36:227][839]LogWindowsTextInputMethodSystem:Display: IME system now deactivated.
[2015.11.01-20.42.36:431][840]Cmd: QUIT_EDITOR
[2015.11.01-20.42.37:462][840]LogExit: Preparing to exit.
[2015.11.01-20.42.37:752][840]LogExit: Editor shut down
[2015.11.01-20.42.37:752][840]LogExit: Transaction tracking system shut down
[2015.11.01-20.42.37:756][840]LogParticles: Destroying 0 GPU particle simulations for FXSystem 0x000000FAB1371B20
[2015.11.01-20.42.37:756][840]LogParticles: Destroying 0 GPU particle simulations for FXSystem 0x000000FAB41B7380
[2015.11.01-20.42.37:756][840]LogParticles: Destroying 0 GPU particle simulations for FXSystem 0x000000FABAD9DD00
[2015.11.01-20.42.37:861][840]LogExit: Object subsystem successfully closed.
[2015.11.01-20.42.37:879][840]LogD3D11RHI: Shutdown
[2015.11.01-20.42.37:879][840]LogD3D11RHI: CleanupD3DDevice
[2015.11.01-20.42.37:916][840]LogD3D11RHI: ~FD3D11DynamicRHI
[2015.11.01-20.42.37:926][840]LogModuleManager: Shutting down and abandoning module CrashTracker (199)
[2015.11.01-20.42.37:926][840]LogModuleManager: Shutting down and abandoning module SceneOutliner (198)
[2015.11.01-20.42.37:926][840]LogModuleManager: Shutting down and abandoning module SuperSearch (197)
[2015.11.01-20.42.37:926][840]LogModuleManager: Shutting down and abandoning module WidgetCarousel (196)
[2015.11.01-20.42.37:926][840]LogModuleManager: Shutting down and abandoning module AddContentDialog (195)
[2015.11.01-20.42.37:926][840]LogModuleManager: Shutting down and abandoning module EditorWidgets (194)
[2015.11.01-20.42.37:926][840]LogModuleManager: Shutting down and abandoning module CollectionManager (193)
[2015.11.01-20.42.37:926][840]LogModuleManager: Shutting down and abandoning module StatsViewer (192)
[2015.11.01-20.42.37:926][840]LogModuleManager: Shutting down and abandoning module FoliageEdit (191)
[2015.11.01-20.42.37:926][840]LogModuleManager: Shutting down and abandoning module LandscapeEditor (190)
[2015.11.01-20.42.37:926][840]LogModuleManager: Shutting down and abandoning module ActorPickerMode (189)
[2015.11.01-20.42.37:926][840]LogModuleManager: Shutting down and abandoning module GeometryMode (188)
[2015.11.01-20.42.37:926][840]LogModuleManager: Shutting down and abandoning module TextureAlignMode (187)
[2015.11.01-20.42.37:926][840]LogModuleManager: Shutting down and abandoning module BspMode (186)
[2015.11.01-20.42.37:926][840]LogModuleManager: Shutting down and abandoning module PlacementMode (185)
[2015.11.01-20.42.37:926][840]LogModuleManager: Shutting down and abandoning module AutomationWorker (184)
[2015.11.01-20.42.37:926][840]LogModuleManager: Shutting down and abandoning module CharacterAI (183)
[2015.11.01-20.42.37:926][840]LogModuleManager: Shutting down and abandoning module SmartSnapping (182)
[2015.11.01-20.42.37:926][840]LogModuleManager: Shutting down and abandoning module ViewportSnapping (181)
[2015.11.01-20.42.37:926][840]LogModuleManager: Shutting down and abandoning module LogVisualizer (180)
[2015.11.01-20.42.37:927][840]LogModuleManager: Shutting down and abandoning module GameProjectGeneration (179)
[2015.11.01-20.42.37:927][840]LogModuleManager: Shutting down and abandoning module IntroTutorials (178)
[2015.11.01-20.42.37:927][840]LogModuleManager: Shutting down and abandoning module EditorLiveStreaming (177)
[2015.11.01-20.42.37:927][840]LogModuleManager: Shutting down and abandoning module IOSPlatformEditor (176)
[2015.11.01-20.42.37:927][840]LogModuleManager: Shutting down and abandoning module HTML5PlatformEditor (175)
[2015.11.01-20.42.37:927][840]LogModuleManager: Shutting down and abandoning module AndroidDeviceDetection (174)
[2015.11.01-20.42.38:925][840]LogModuleManager: Shutting down and abandoning module AndroidPlatformEditor (173)
[2015.11.01-20.42.38:925][840]LogModuleManager: Shutting down and abandoning module IOSRuntimeSettings (172)
[2015.11.01-20.42.38:925][840]LogModuleManager: Shutting down and abandoning module AndroidRuntimeSettings (171)
[2015.11.01-20.42.38:925][840]LogModuleManager: Shutting down and abandoning module MergeActors (170)
[2015.11.01-20.42.38:925][840]LogModuleManager: Shutting down and abandoning module SizeMap (169)
[2015.11.01-20.42.38:925][840]LogModuleManager: Shutting down and abandoning module TreeMap (168)
[2015.11.01-20.42.38:925][840]LogModuleManager: Shutting down and abandoning module ReferenceViewer (167)
[2015.11.01-20.42.38:925][840]LogModuleManager: Shutting down and abandoning module LocalizationService (166)
[2015.11.01-20.42.38:925][840]LogModuleManager: Shutting down and abandoning module LocalizationDashboard (165)
[2015.11.01-20.42.38:925][840]LogModuleManager: Shutting down and abandoning module HardwareTargeting (164)
[2015.11.01-20.42.38:925][840]LogModuleManager: Shutting down and abandoning module DeviceProfileEditor (163)
[2015.11.01-20.42.38:925][840]LogModuleManager: Shutting down and abandoning module UndoHistory (162)
[2015.11.01-20.42.38:925][840]LogModuleManager: Shutting down and abandoning module GameplayTagsEditor (161)
[2015.11.01-20.42.38:925][840]LogModuleManager: Shutting down and abandoning module UserFeedback (160)
[2015.11.01-20.42.38:925][840]LogModuleManager: Shutting down and abandoning module XmlParser (159)
[2015.11.01-20.42.38:925][840]LogModuleManager: Shutting down and abandoning module Blutility (158)
[2015.11.01-20.42.38:925][840]LogModuleManager: Shutting down and abandoning module ProjectTargetPlatformEditor (157)
[2015.11.01-20.42.38:925][840]LogModuleManager: Shutting down and abandoning module ProjectSettingsViewer (156)
[2015.11.01-20.42.38:925][840]LogModuleManager: Shutting down and abandoning module InputBindingEditor (155)
[2015.11.01-20.42.38:925][840]LogModuleManager: Shutting down and abandoning module EditorSettingsViewer (154)
[2015.11.01-20.42.38:925][840]LogModuleManager: Shutting down and abandoning module SettingsEditor (153)
[2015.11.01-20.42.38:925][840]LogModuleManager: Shutting down and abandoning module ProjectLauncher (152)
[2015.11.01-20.42.38:925][840]LogModuleManager: Shutting down and abandoning module SessionFrontend (151)
[2015.11.01-20.42.38:925][840]LogModuleManager: Shutting down and abandoning module ProfilerClient (150)
[2015.11.01-20.42.38:925][840]LogModuleManager: Shutting down and abandoning module TargetDeviceServices (149)
[2015.11.01-20.42.38:926][840]LogModuleManager: Shutting down and abandoning module DeviceManager (148)
[2015.11.01-20.42.38:926][840]LogModuleManager: Shutting down and abandoning module AutomationController (147)
[2015.11.01-20.42.38:926][840]LogModuleManager: Shutting down and abandoning module AutomationWindow (146)
[2015.11.01-20.42.38:926][840]LogModuleManager: Shutting down and abandoning module Layers (145)
[2015.11.01-20.42.38:926][840]LogModuleManager: Shutting down and abandoning module ComponentVisualizers (144)
[2015.11.01-20.42.38:926][840]LogModuleManager: Shutting down and abandoning module DetailCustomizations (143)
[2015.11.01-20.42.38:926][840]LogModuleManager: Shutting down and abandoning module PackagesDialog (142)
[2015.11.01-20.42.38:926][840]LogModuleManager: Shutting down and abandoning module Persona (141)
[2015.11.01-20.42.38:926][840]LogModuleManager: Shutting down and abandoning module Kismet (140)
[2015.11.01-20.42.38:926][840]LogModuleManager: Shutting down and abandoning module GraphEditor (139)
[2015.11.01-20.42.38:926][840]LogModuleManager: Shutting down and abandoning module ClassViewer (138)
[2015.11.01-20.42.38:926][840]LogModuleManager: Shutting down and abandoning module Toolbox (137)
[2015.11.01-20.42.38:926][840]LogModuleManager: Shutting down and abandoning module ModuleUI (136)
[2015.11.01-20.42.38:926][840]LogModuleManager: Shutting down and abandoning module MovieSceneTools (135)
[2015.11.01-20.42.38:926][840]LogModuleManager: Shutting down and abandoning module OutputLog (134)
[2015.11.01-20.42.38:926][840]LogModuleManager: Shutting down and abandoning module GammaUI (133)
[2015.11.01-20.42.38:926][840]LogModuleManager: Shutting down and abandoning module Documentation (132)
[2015.11.01-20.42.38:926][840]LogModuleManager: Shutting down and abandoning module GameLiveStreaming (131)
[2015.11.01-20.42.38:926][840]LogModuleManager: Shutting down and abandoning module StreamingPauseRendering (130)
[2015.11.01-20.42.38:926][840]LogModuleManager: Shutting down and abandoning module AnalyticsET (129)
[2015.11.01-20.42.38:926][840]LogModuleManager: Shutting down and abandoning module Analytics (128)
[2015.11.01-20.42.38:926][840]LogModuleManager: Shutting down and abandoning module AITestSuite (127)
[2015.11.01-20.42.38:926][840]LogModuleManager: Shutting down and abandoning module GameplayDebugger (126)
[2015.11.01-20.42.38:926][840]LogModuleManager: Shutting down and abandoning module AIModule (125)
[2015.11.01-20.42.38:926][840]LogModuleManager: Shutting down and abandoning module ProfilerService (124)
[2015.11.01-20.42.38:986][840]LogModuleManager: Shutting down and abandoning module TaskGraph (123)
[2015.11.01-20.42.38:986][840]LogModuleManager: Shutting down and abandoning module SubstanceEditor (122)
[2015.11.01-20.42.38:986][840]LogModuleManager: Shutting down and abandoning module SlateRemote (121)
[2015.11.01-20.42.38:986][840]LogModuleManager: Shutting down and abandoning module SteamVRController (120)
[2015.11.01-20.42.38:986][840]LogModuleManager: Shutting down and abandoning module SteamVR (119)
[2015.11.01-20.42.38:986][840]LogModuleManager: Shutting down and abandoning module ProceduralMeshComponent (118)
[2015.11.01-20.42.38:986][840]LogModuleManager: Shutting down and abandoning module OculusRift (117)
[2015.11.01-20.42.38:986][840]LogModuleManager: Shutting down and abandoning module OculusLibrary (116)
[2015.11.01-20.42.38:986][840]LogModuleManager: Shutting down and abandoning module LeapMotionController (115)
[2015.11.01-20.42.39:017][840]LogModuleManager: Shutting down and abandoning module CustomMeshComponent (114)
[2015.11.01-20.42.39:017][840]LogModuleManager: Shutting down and abandoning module CableComponent (113)
[2015.11.01-20.42.39:017][840]LogModuleManager: Shutting down and abandoning module ArchVisCharacter (112)
[2015.11.01-20.42.39:017][840]LogModuleManager: Shutting down and abandoning module MessagingDebugger (111)
[2015.11.01-20.42.39:017][840]LogModuleManager: Shutting down and abandoning module MediaPlayerEditor (110)
[2015.11.01-20.42.39:017][840]LogModuleManager: Shutting down and abandoning module HTML5Networking (109)
[2015.11.01-20.42.39:017][840]LogModuleManager: Shutting down and abandoning module SpeedTreeImporter (108)
[2015.11.01-20.42.39:017][840]LogModuleManager: Shutting down and abandoning module PluginBrowser (107)
[2015.11.01-20.42.39:017][840]LogModuleManager: Shutting down and abandoning module EpicSurvey (106)
[2015.11.01-20.42.39:017][840]LogModuleManager: Shutting down and abandoning module DesktopPlatform (105)
[2015.11.01-20.42.39:017][840]LogModuleManager: Shutting down and abandoning module VisualStudioSourceCodeAccess (104)
[2015.11.01-20.42.39:017][840]LogModuleManager: Shutting down and abandoning module UObjectPlugin (103)
[2015.11.01-20.42.39:017][840]LogModuleManager: Shutting down and abandoning module SubversionSourceControl (102)
[2015.11.01-20.42.39:017][840]LogModuleManager: Shutting down and abandoning module PerforceSourceControl (101)
[2015.11.01-20.42.39:017][840]LogModuleManager: Shutting down and abandoning module SourceControl (100)
[2015.11.01-20.42.39:017][840]LogModuleManager: Shutting down and abandoning module GitSourceControl (99)
[2015.11.01-20.42.39:017][840]LogModuleManager: Shutting down and abandoning module LightPropagationVolumeEditor (98)
[2015.11.01-20.42.39:017][840]LogModuleManager: Shutting down and abandoning module PaperTiledImporter (97)
[2015.11.01-20.42.39:017][840]LogModuleManager: Shutting down and abandoning module PaperSpriteSheetImporter (96)
[2015.11.01-20.42.39:017][840]LogModuleManager: Shutting down and abandoning module MeshPaint (95)
[2015.11.01-20.42.39:017][840]LogModuleManager: Shutting down and abandoning module SlateReflector (94)
[2015.11.01-20.42.39:017][840]LogModuleManager: Shutting down and abandoning module HotReload (93)
[2015.11.01-20.42.39:017][840]LogModuleManager: Shutting down and abandoning module MainFrame (92)
[2015.11.01-20.42.39:017][840]LogModuleManager: Shutting down and abandoning module LevelEditor (91)
[2015.11.01-20.42.39:019][840]LogModuleManager: Shutting down and abandoning module ContentBrowser (90)
[2015.11.01-20.42.39:020][840]LogModuleManager: Shutting down and abandoning module Paper2DEditor (89)
[2015.11.01-20.42.39:020][840]LogModuleManager: Shutting down and abandoning module UdpMessaging (88)
[2015.11.01-20.42.39:121][840]LogModuleManager: Shutting down and abandoning module DirectoryWatcher (87)
[2015.11.01-20.42.39:121][840]LogModuleManager: Shutting down and abandoning module AssetRegistry (86)
[2015.11.01-20.42.39:244][840]LogModuleManager: Shutting down and abandoning module SubstanceCore (85)
[2015.11.01-20.42.39:244][840]LogModuleManager: Shutting down and abandoning module LightPropagationVolumeRuntime (84)
[2015.11.01-20.42.39:244][840]LogModuleManager: Shutting down and abandoning module Paper2D (83)
[2015.11.01-20.42.39:244][840]LogModuleManager: Shutting down and abandoning module WindowsMoviePlayer (82)
[2015.11.01-20.42.39:246][840]LogModuleManager: Shutting down and abandoning module Media (81)
[2015.11.01-20.42.39:246][840]LogModuleManager: Shutting down and abandoning module WmfMedia (80)
[2015.11.01-20.42.39:246][840]LogModuleManager: Shutting down and abandoning module OnlineBlueprintSupport (79)
[2015.11.01-20.42.39:246][840]LogModuleManager: Shutting down and abandoning module GameplayTasksEditor (78)
[2015.11.01-20.42.39:246][840]LogModuleManager: Shutting down and abandoning module PropertyEditor (77)
[2015.11.01-20.42.39:246][840]LogModuleManager: Shutting down and abandoning module BehaviorTreeEditor (76)
[2015.11.01-20.42.39:246][840]LogModuleManager: Shutting down and abandoning module FunctionalTesting (75)
[2015.11.01-20.42.39:246][840]LogModuleManager: Shutting down and abandoning module CollisionAnalyzer (74)
[2015.11.01-20.42.39:246][840]LogModuleManager: Shutting down and abandoning module WorkspaceMenuStructure (73)
[2015.11.01-20.42.39:247][840]LogModuleManager: Shutting down and abandoning module MessageLog (72)
[2015.11.01-20.42.39:247][840]LogModuleManager: Shutting down and abandoning module Sequencer (71)
[2015.11.01-20.42.39:247][840]LogModuleManager: Shutting down and abandoning module AssetTools (70)
[2015.11.01-20.42.39:247][840]LogModuleManager: Shutting down and abandoning module UMGEditor (69)
[2015.11.01-20.42.39:247][840]LogModuleManager: Shutting down and abandoning module UMG (68)
[2015.11.01-20.42.39:247][840]LogModuleManager: Shutting down and abandoning module Slate (67)
[2015.11.01-20.42.39:247][840]LogModuleManager: Shutting down and abandoning module EditorStyle (66)
[2015.11.01-20.42.39:247][840]LogModuleManager: Shutting down and abandoning module SessionServices (65)
[2015.11.01-20.42.39:247][840]LogModuleManager: Shutting down and abandoning module SourceCodeAccess (64)
[2015.11.01-20.42.39:247][840]LogModuleManager: Shutting down and abandoning module HeadMountedDisplay (63)
[2015.11.01-20.42.39:247][840]LogModuleManager: Shutting down and abandoning module XAudio2 (62)
[2015.11.01-20.42.39:247][840]LogModuleManager: Shutting down and abandoning module Networking (60)
[2015.11.01-20.42.39:247][840]LogModuleManager: Shutting down and abandoning module Core (59)
[2015.11.01-20.42.39:247][840]LogModuleManager: Shutting down and abandoning module KismetCompiler (58)
[2015.11.01-20.42.39:247][840]LogModuleManager: Shutting down and abandoning module PhysXFormats (57)
[2015.11.01-20.42.39:247][840]LogModuleManager: Shutting down and abandoning module MeshUtilities (56)
[2015.11.01-20.42.39:247][840]LogModuleManager: Shutting down and abandoning module CookingStats (55)
[2015.11.01-20.42.39:248][840]LogModuleManager: Shutting down and abandoning module DerivedDataCache (54)
[2015.11.01-20.42.39:649][840]LogDerivedDataCache: Shutdown
[2015.11.01-20.42.39:649][840]LogModuleManager: Shutting down and abandoning module ShaderFormatOpenGL (53)
[2015.11.01-20.42.39:649][840]LogModuleManager: Shutting down and abandoning module ShaderFormatD3D (52)
[2015.11.01-20.42.39:649][840]LogModuleManager: Shutting down and abandoning module MetalShaderFormat (51)
[2015.11.01-20.42.39:649][840]LogModuleManager: Shutting down and abandoning module TextureFormatUncompressed (50)
[2015.11.01-20.42.39:649][840]LogModuleManager: Shutting down and abandoning module TextureFormatPVR (49)
[2015.11.01-20.42.39:649][840]LogModuleManager: Shutting down and abandoning module TextureFormatIntelISPCTexComp (48)
[2015.11.01-20.42.39:649][840]LogModuleManager: Shutting down and abandoning module TextureFormatDXT (47)
[2015.11.01-20.42.39:649][840]LogModuleManager: Shutting down and abandoning module ImageWrapper (46)
[2015.11.01-20.42.39:649][840]LogModuleManager: Shutting down and abandoning module TextureFormatASTC (45)
[2015.11.01-20.42.39:649][840]LogModuleManager: Shutting down and abandoning module TextureFormatAndroid (44)
[2015.11.01-20.42.39:649][840]LogModuleManager: Shutting down and abandoning module AudioFormatOpus (43)
[2015.11.01-20.42.39:649][840]LogModuleManager: Shutting down and abandoning module AudioFormatOgg (42)
[2015.11.01-20.42.39:649][840]LogModuleManager: Shutting down and abandoning module AudioFormatADPCM (41)
[2015.11.01-20.42.39:649][840]LogModuleManager: Shutting down and abandoning module LinuxTargetPlatform (40)
[2015.11.01-20.42.39:649][840]LogModuleManager: Shutting down and abandoning module LinuxServerTargetPlatform (39)
[2015.11.01-20.42.39:649][840]LogModuleManager: Shutting down and abandoning module LinuxNoEditorTargetPlatform (38)
[2015.11.01-20.42.39:649][840]LogModuleManager: Shutting down and abandoning module Messaging (37)
[2015.11.01-20.42.39:649][840]LogModuleManager: Shutting down and abandoning module IOSTargetPlatform (36)
[2015.11.01-20.42.39:649][840]LogModuleManager: Shutting down and abandoning module HTML5TargetPlatform (35)
[2015.11.01-20.42.39:649][840]LogModuleManager: Shutting down and abandoning module Android_PVRTCTargetPlatform (34)
[2015.11.01-20.42.39:649][840]LogModuleManager: Shutting down and abandoning module Android_ETC2TargetPlatform (33)
[2015.11.01-20.42.39:649][840]LogModuleManager: Shutting down and abandoning module Android_ETC1TargetPlatform (32)
[2015.11.01-20.42.39:649][840]LogModuleManager: Shutting down and abandoning module Android_DXTTargetPlatform (31)
[2015.11.01-20.42.39:649][840]LogModuleManager: Shutting down and abandoning module Android_ATCTargetPlatform (30)
[2015.11.01-20.42.39:649][840]LogModuleManager: Shutting down and abandoning module Android_ASTCTargetPlatform (29)
[2015.11.01-20.42.39:649][840]LogModuleManager: Shutting down and abandoning module AndroidTargetPlatform (28)
[2015.11.01-20.42.39:649][840]LogModuleManager: Shutting down and abandoning module WindowsTargetPlatform (27)
[2015.11.01-20.42.39:649][840]LogModuleManager: Shutting down and abandoning module WindowsServerTargetPlatform (26)
[2015.11.01-20.42.39:649][840]LogModuleManager: Shutting down and abandoning module WindowsNoEditorTargetPlatform (25)
[2015.11.01-20.42.39:649][840]LogModuleManager: Shutting down and abandoning module WindowsClientTargetPlatform (24)
[2015.11.01-20.42.39:649][840]LogModuleManager: Shutting down and abandoning module AllDesktopTargetPlatform (23)
[2015.11.01-20.42.39:649][840]LogModuleManager: Shutting down and abandoning module TargetPlatform (22)
[2015.11.01-20.42.39:649][840]LogModuleManager: Shutting down and abandoning module InputCore (21)
[2015.11.01-20.42.39:649][840]LogModuleManager: Shutting down and abandoning module Settings (20)
[2015.11.01-20.42.39:649][840]LogModuleManager: Shutting down and abandoning module OnlineSubsystem (18)
[2015.11.01-20.42.39:649][840]LogModuleManager: Shutting down and abandoning module HTTP (17)
[2015.11.01-20.42.41:651][840]LogModuleManager: Shutting down and abandoning module XMPP (16)
[2015.11.01-20.42.41:651][840]LogModuleManager: Shutting down and abandoning module ExampleDeviceProfileSelector (15)
[2015.11.01-20.42.41:651][840]LogModuleManager: Shutting down and abandoning module TextureCompressor (14)
[2015.11.01-20.42.41:651][840]LogModuleManager: Shutting down and abandoning module ShaderCore (13)
[2015.11.01-20.42.41:651][840]LogModuleManager: Shutting down and abandoning module Landscape (12)
[2015.11.01-20.42.41:651][840]LogModuleManager: Shutting down and abandoning module SlateRHIRenderer (11)
[2015.11.01-20.42.41:651][840]LogModuleManager: Shutting down and abandoning module OpenGLDrv (10)
[2015.11.01-20.42.41:651][840]LogModuleManager: Shutting down and abandoning module D3D11RHI (9)
[2015.11.01-20.42.41:651][840]LogModuleManager: Shutting down and abandoning module AnimGraphRuntime (8)
[2015.11.01-20.42.41:651][840]LogModuleManager: Shutting down and abandoning module Renderer (7)
[2015.11.01-20.42.41:651][840]LogModuleManager: Shutting down and abandoning module Engine (6)
[2015.11.01-20.42.41:651][840]LogModuleManager: Shutting down and abandoning module CoreUObject (5)
[2015.11.01-20.42.41:651][840]LogModuleManager: Shutting down and abandoning module NetworkFile (4)
[2015.11.01-20.42.41:651][840]LogModuleManager: Shutting down and abandoning module StreamingFile (3)
[2015.11.01-20.42.41:651][840]LogModuleManager: Shutting down and abandoning module SandboxFile (2)
[2015.11.01-20.42.41:651][840]LogModuleManager: Shutting down and abandoning module PakFile (1)
[2015.11.01-20.42.41:651][840]LogExit: Exiting.
[2015.11.01-20.42.41:653][840]Log file closed, 11/01/15 15:42:41
