[2015.11.20-00.13.26:238][  0]Log file open, 11/19/15 19:13:26
[2015.11.20-00.13.26:238][  0]LogInit:Display: Running engine for game: SuperSpaceArmada
[2015.11.20-00.13.26:238][  0]LogInit:Display: RandInit(-142636017) SRandInit(-142636016).
[2015.11.20-00.13.26:238][  0]LogTaskGraph: Started task graph with 4 named threads and 7 total threads.
[2015.11.20-00.13.26:238][  0]LogStats: Stats thread started at 0.081977
[2015.11.20-00.13.26:238][  0]LogInit: Version: 4.9.1-2689999+++depot+UE4-Releases+4.9
[2015.11.20-00.13.26:238][  0]LogInit: API Version: 2672455
[2015.11.20-00.13.26:238][  0]LogInit: Compiled (64-bit): Sep 14 2015 04:12:03
[2015.11.20-00.13.26:238][  0]LogInit: Compiled with Visual C++: 18.00.21005.01
[2015.11.20-00.13.26:238][  0]LogInit: Build Configuration: Development
[2015.11.20-00.13.26:238][  0]LogInit: Branch Name: ++depot+UE4-Releases+4.9
[2015.11.20-00.13.26:238][  0]LogInit: Command line:  
[2015.11.20-00.13.26:238][  0]LogInit: Base directory: C:/Program Files/Epic Games/4.9/Engine/Binaries/Win64/
[2015.11.20-00.13.26:238][  0]LogInit: Rocket: 1
[2015.11.20-00.13.26:279][  0]LogInit: Using libcurl 7.41.0
[2015.11.20-00.13.26:279][  0]LogInit:  - built for x86_64-pc-win32
[2015.11.20-00.13.26:279][  0]LogInit:  - supports SSL with WinSSL
[2015.11.20-00.13.26:279][  0]LogInit:  - other features:
[2015.11.20-00.13.26:279][  0]LogInit:      CURL_VERSION_SSL
[2015.11.20-00.13.26:279][  0]LogInit:      CURL_VERSION_IPV6
[2015.11.20-00.13.26:279][  0]LogInit:      CURL_VERSION_ASYNCHDNS
[2015.11.20-00.13.26:279][  0]LogInit:      CURL_VERSION_LARGEFILE
[2015.11.20-00.13.26:279][  0]LogInit:      CURL_VERSION_IDN
[2015.11.20-00.13.26:279][  0]LogInit:  CurlRequestOptions (configurable via config and command line):
[2015.11.20-00.13.26:279][  0]LogInit:  - bVerifyPeer = true  - Libcurl will verify peer certificate
[2015.11.20-00.13.26:279][  0]LogInit:  - bUseHttpProxy = false  - Libcurl will NOT use HTTP proxy
[2015.11.20-00.13.26:279][  0]LogInit:  - bDontReuseConnections = false  - Libcurl will reuse connections
[2015.11.20-00.13.26:279][  0]LogInit:  - CertBundlePath = nullptr  - Libcurl will use whatever was configured at build time.
[2015.11.20-00.13.26:288][  0]LogInit: Presizing for 0 objects not considered by GC, pre-allocating 0 bytes.
[2015.11.20-00.13.26:295][  0]LogInit: Object subsystem initialized
[2015.11.20-00.13.26:296][  0]LogInit: Selected Device Profile: [Windows]
[2015.11.20-00.13.26:296][  0]LogInit: Applying CVar settings loaded from the selected device profile: [Windows]
[2015.11.20-00.13.26:304][  0]LogInit: Computer: EXIA
[2015.11.20-00.13.26:304][  0]LogInit: User: SGJin
[2015.11.20-00.13.26:304][  0]LogInit: CPU Page size=4096, Cores=4
[2015.11.20-00.13.26:304][  0]LogInit: High frequency timer resolution =2.338349 MHz
[2015.11.20-00.13.26:304][  0]LogMemory: Memory total: Physical=7.9GB (8GB approx)
[2015.11.20-00.13.26:304][  0]LogMemory: Platform Memory Stats for Windows
[2015.11.20-00.13.26:304][  0]LogMemory: Process Physical Memory: 54.93 MB used, 54.93 MB peak
[2015.11.20-00.13.26:304][  0]LogMemory: Process Virtual Memory: 55.39 MB used, 55.39 MB peak
[2015.11.20-00.13.26:304][  0]LogMemory: Physical Memory: 4167.16 MB used, 8124.02 MB total
[2015.11.20-00.13.26:304][  0]LogMemory: Virtual Memory: 364.63 MB used, 134217728.00 MB total
[2015.11.20-00.13.27:561][  0]LogTextLocalizationManager: No specific translations for ('en-US') exist, so ('en') translations will be used.
[2015.11.20-00.13.29:818][  0]LogD3D11RHI: Found D3D11 adapter 0: NVIDIA GeForce GT 740M          (Feature Level 11_0)
[2015.11.20-00.13.29:818][  0]LogD3D11RHI: Adapter has 1996MB of dedicated video memory, 0MB of dedicated system memory, and 4062MB of shared system memory, 1 output[s]
[2015.11.20-00.13.29:824][  0]LogD3D11RHI: Found D3D11 adapter 1: Intel(R) HD Graphics 4600 (Feature Level 11_0)
[2015.11.20-00.13.29:824][  0]LogD3D11RHI: Adapter has 112MB of dedicated video memory, 0MB of dedicated system memory, and 4062MB of shared system memory, 0 output[s]
[2015.11.20-00.13.29:826][  0]LogD3D11RHI: Found D3D11 adapter 2: Microsoft Basic Render Driver (Feature Level 11_0)
[2015.11.20-00.13.29:826][  0]LogD3D11RHI: Adapter has 0MB of dedicated video memory, 0MB of dedicated system memory, and 4062MB of shared system memory, 0 output[s]
[2015.11.20-00.13.29:826][  0]LogD3D11RHI: Chosen D3D11 Adapter Id = 0
[2015.11.20-00.13.29:963][  0]LogD3D11RHI: !Direct3DDevice
[2015.11.20-00.13.29:963][  0]LogRHI: Texture pool is 1361 MB (70% of 1945 MB)
[2015.11.20-00.13.29:976][  0]LogD3D11RHI: Async texture creation enabled
[2015.11.20-00.13.30:150][  0]LogShaderCompilers: Guid format shader working directory is 14 characters bigger than the processId version (../../../../../../Users/Jin/Documents/GitHub/Game-Files/SuperSpaceArmada/Intermediate/Shaders/WorkingDirectory/19736/).
[2015.11.20-00.13.30:150][  0]LogShaderCompilers: Cleaned the shader compiler working directory '../../../../../../Users/Jin/Documents/GitHub/Game-Files/SuperSpaceArmada/Intermediate/Shaders/tmp/1E7B09D6410F56D730635AB2EF1E4D19/'.
[2015.11.20-00.13.30:150][  0]LogShaderCompilers:Display: Using Local Shader Compiler.
[2015.11.20-00.13.34:567][  0]LogTemp:Display: Loaded TP AllDesktopTargetPlatform
[2015.11.20-00.13.34:622][  0]LogTemp:Display: Loaded TP WindowsClientTargetPlatform
[2015.11.20-00.13.34:645][  0]LogTemp:Display: Loaded TP WindowsNoEditorTargetPlatform
[2015.11.20-00.13.34:694][  0]LogTemp:Display: Loaded TP WindowsServerTargetPlatform
[2015.11.20-00.13.34:723][  0]LogTemp:Display: Loaded TP WindowsTargetPlatform
[2015.11.20-00.13.34:753][  0]LogTemp:Display: Loaded TP AndroidTargetPlatform
[2015.11.20-00.13.34:825][  0]LogTemp:Display: Loaded TP Android_ASTCTargetPlatform
[2015.11.20-00.13.34:831][  0]LogTemp:Display: Loaded TP Android_ATCTargetPlatform
[2015.11.20-00.13.34:837][  0]LogTemp:Display: Loaded TP Android_DXTTargetPlatform
[2015.11.20-00.13.34:843][  0]LogTemp:Display: Loaded TP Android_ETC1TargetPlatform
[2015.11.20-00.13.34:862][  0]LogTemp:Display: Loaded TP Android_ETC2TargetPlatform
[2015.11.20-00.13.34:921][  0]LogTemp:Display: Loaded TP Android_PVRTCTargetPlatform
[2015.11.20-00.13.34:940][  0]LogTemp:Display: Loaded TP HTML5TargetPlatform
[2015.11.20-00.13.35:070][  0]LogTemp:Display: Loaded TP IOSTargetPlatform
[2015.11.20-00.13.35:113][  0]LogTemp:Display: Loaded TP LinuxNoEditorTargetPlatform
[2015.11.20-00.13.35:168][  0]LogTemp:Display: Loaded TP LinuxServerTargetPlatform
[2015.11.20-00.13.35:229][  0]LogTemp:Display: Loaded TP LinuxTargetPlatform
[2015.11.20-00.13.35:229][  0]LogTargetPlatformManager:Display: Building Assets For Windows
[2015.11.20-00.13.36:382][  0]LogDerivedDataCache:Display: Max Cache Size: 512 MB
[2015.11.20-00.13.42:478][  0]LogDerivedDataCache: Loaded boot cache 6.09s 41MB C:/Users/Jin/AppData/Local/UnrealEngine/4.9/DerivedDataCache/Boot.ddc.
[2015.11.20-00.13.42:478][  0]LogDerivedDataCache:Display: Loaded Boot cache: C:/Users/Jin/AppData/Local/UnrealEngine/4.9/DerivedDataCache/Boot.ddc
[2015.11.20-00.13.42:478][  0]LogDerivedDataCache: FDerivedDataBackendGraph:  Pak pak cache file ../../../../../../Users/Jin/Documents/GitHub/Game-Files/SuperSpaceArmada/DerivedDataCache/DDC.ddp not found, will not use a pak cache.
[2015.11.20-00.13.42:478][  0]LogDerivedDataCache: Unable to find inner node Pak for hierarchical cache Hierarchy.
[2015.11.20-00.13.42:478][  0]LogDerivedDataCache: FDerivedDataBackendGraph:  CompressedPak pak cache file ../../../../../../Users/Jin/Documents/GitHub/Game-Files/SuperSpaceArmada/DerivedDataCache/Compressed.ddp not found, will not use a pak cache.
[2015.11.20-00.13.42:478][  0]LogDerivedDataCache: Unable to find inner node CompressedPak for hierarchical cache Hierarchy.
[2015.11.20-00.13.42:787][  0]LogDerivedDataCache:Display: Pak cache opened for reading ../../../Engine/DerivedDataCache/Compressed.ddp.
[2015.11.20-00.13.42:799][  0]LogDerivedDataCache: Using Local data cache path C:/Users/Jin/AppData/Local/UnrealEngine/Common/DerivedDataCache: Writable
[2015.11.20-00.13.55:080][  0]LogInit: Selected Device Profile: [Windows]
[2015.11.20-00.13.55:197][  0]LogContentStreaming: Texture pool size is 0.000000MB
[2015.11.20-00.13.58:099][  0]LogMeshUtilities: No automatic mesh reduction module available
[2015.11.20-00.13.58:099][  0]LogMeshUtilities: No automatic mesh merging module available
[2015.11.20-00.14.03:811][  0]LogInit: WinSock: version 1.1 (2.2), MaxSocks=32767, MaxUdp=65467
[2015.11.20-00.15.11:517][  0]LogAssetRegistry: FAssetRegistry took 0.0106 seconds to start up
[2015.11.20-00.15.12:354][  0]UdpMessaging: Initializing bridge on interface 0.0.0.0:0 to multicast group 230.0.0.1:6666.
[2015.11.20-00.15.33:336][  0]SourceControl: Info Source control is disabled
[2015.11.20-00.15.34:027][  0]SourceControl: Info Source control is disabled
[2015.11.20-00.15.34:167][  0]SourceControl: Info Source control is disabled
[2015.11.20-00.15.34:285][  0]SourceControl: Info Source control is disabled
[2015.11.20-00.15.37:877][  0]LogLinker:Warning: Asset '../../../Engine/Plugins/Runtime/LeapMotionController/Content/LM_PassthroughMaterial.uasset' has been saved with empty engine version. The asset will be loaded but may be incompatible.
[2015.11.20-00.15.41:620][  0]LogObj: 28528 objects as part of root set at end of initial load.
[2015.11.20-00.15.41:620][  0]LogUObjectAllocator: 6068464 out of 0 bytes used by permanent object pool.
[2015.11.20-00.15.56:858][  0]LogAutomationTest:Warning: Smoke tests took > 1s to run: 1.59s
[2015.11.20-00.15.57:294][  0]LogEngine: Initializing Engine...
[2015.11.20-00.15.57:543][  0]LogHMD: Can't find Oculus library dev build: is proper Runtime installed? Version: 0.7.0.0
[2015.11.20-00.15.57:620][  0]LogHMD: SteamVR failed to initialize.  Err: 110
[2015.11.20-00.16.00:667][  0]LogAIModule: Creating AISystem for world NewWorld
[2015.11.20-00.16.00:722][  0]LogInit: XAudio2 using 'Speakers / HP (IDT High Definition Audio CODEC)' : 2 channels at 48 kHz using 16 bits per sample (channel mask 0x3)
[2015.11.20-00.16.01:588][  0]LogInit: FAudioDevice initialized.
[2015.11.20-00.16.01:611][  0]LogDerivedDataCache: Saved boot cache 0.02s 41MB C:/Users/Jin/AppData/Local/UnrealEngine/4.9/DerivedDataCache/Boot.ddc.
[2015.11.20-00.16.01:615][  0]LogInit: Texture streaming: Enabled
[2015.11.20-00.16.01:726][  0]LogAnalytics: Creating configured Analytics provider AnalyticsET
[2015.11.20-00.16.01:726][  0]LogAnalytics: [UEEditor.Rocket.Release] APIServer = http://et2.epicgames.com/ET2/. AppVersion = 4.9.1-2689999+++depot+UE4-Releases+4.9
[2015.11.20-00.16.01:726][  0]LogAnalytics: [UEEditor.Rocket.Release] SetUserId 435ea4a8489b84c6f4feaab84cbae6c8|e03effeb7bdf4ddc9c712682a578c51b|8a2a019e-36d5-4c55-97e1-833141022920
[2015.11.20-00.16.01:726][  0]LogAnalytics: [UEEditor.Rocket.Release] AnalyticsET::StartSession
[2015.11.20-00.16.02:134][  0]LogInit: Transaction tracking system initialized
[2015.11.20-00.16.03:333][  0]BlueprintLog: New page: Editor Load
[2015.11.20-00.16.07:589][  0]LocalizationService: Info Localization service is disabled
[2015.11.20-00.16.11:945][  0]LogConsoleResponse:Display: 
[2015.11.20-00.16.42:119][  0]LogFileCache: Scanning file cache for directory 'C:/Users/Jin/Documents/GitHub/Game-Files/SuperSpaceArmada/Content/' took 0.02s
[2015.11.20-00.16.42:119][  0]LogCook:Display: Done creating registry. It took  0.00s.
[2015.11.20-00.17.07:601][  0]SourceControl: Info Source control is disabled
[2015.11.20-00.18.48:657][  0]LogWindowsTextInputMethodSystem:Display: IME system now deactivated.
[2015.11.20-00.18.48:730][  0]LogWindowsTextInputMethodSystem:Display: IME system now deactivated.
[2015.11.20-00.18.53:647][  0]LogWindowsTextInputMethodSystem:Display: IME system now deactivated.
[2015.11.20-00.18.53:744][  0]LogWindowsTextInputMethodSystem:Display: IME system now deactivated.
[2015.11.20-00.18.53:826][  0]Cmd: MAP LOAD FILE="../../../../../../Users/Jin/Documents/GitHub/Game-Files/SuperSpaceArmada/Content/SSA/Maps/Home_Kratakos.umap" TEMPLATE=0 SHOWPROGRESS=1 FEATURELEVEL=3
[2015.11.20-00.18.53:890][  0]LightingResults: New page: Lighting Build
[2015.11.20-00.18.54:367][  0]MapCheck: New page: Map Check
[2015.11.20-00.18.54:367][  0]LightingResults: New page: Lighting Build
[2015.11.20-00.18.54:380][  0]LogParticles: Destroying 0 GPU particle simulations for FXSystem 0x000000B050909620
[2015.11.20-00.18.55:021][  0]LogLinker:Warning: Asset '../../../../../../Users/Jin/Documents/GitHub/Game-Files/SuperSpaceArmada/Content/Mannequin/Animations/ThirdPerson_AnimBP.uasset' has been saved with empty engine version. The asset will be loaded but may be incompatible.
[2015.11.20-00.18.55:042][  0]LogLinker:Warning: Asset '../../../../../../Users/Jin/Documents/GitHub/Game-Files/SuperSpaceArmada/Content/Mannequin/Animations/ThirdPerson_Jump.uasset' has been saved with empty engine version. The asset will be loaded but may be incompatible.
[2015.11.20-00.18.55:083][  0]LogLinker:Warning: Asset '../../../../../../Users/Jin/Documents/GitHub/Game-Files/SuperSpaceArmada/Content/Mannequin/Animations/ThirdPersonJump_Loop.uasset' has been saved with empty engine version. The asset will be loaded but may be incompatible.
[2015.11.20-00.18.55:142][  0]LogLinker:Warning: Asset '../../../../../../Users/Jin/Documents/GitHub/Game-Files/SuperSpaceArmada/Content/Mannequin/Animations/ThirdPersonJump_Start.uasset' has been saved with empty engine version. The asset will be loaded but may be incompatible.
[2015.11.20-00.18.55:151][  0]LogLinker:Warning: Asset '../../../../../../Users/Jin/Documents/GitHub/Game-Files/SuperSpaceArmada/Content/Mannequin/Animations/ThirdPerson_IdleRun_2D.uasset' has been saved with empty engine version. The asset will be loaded but may be incompatible.
[2015.11.20-00.18.55:153][  0]LogLinker:Warning: Asset '../../../../../../Users/Jin/Documents/GitHub/Game-Files/SuperSpaceArmada/Content/Mannequin/Animations/ThirdPersonIdle.uasset' has been saved with empty engine version. The asset will be loaded but may be incompatible.
[2015.11.20-00.18.55:168][  0]LogLinker:Warning: Asset '../../../../../../Users/Jin/Documents/GitHub/Game-Files/SuperSpaceArmada/Content/Mannequin/Animations/ThirdPersonRun.uasset' has been saved with empty engine version. The asset will be loaded but may be incompatible.
[2015.11.20-00.18.55:188][  0]LogLinker:Warning: Asset '../../../../../../Users/Jin/Documents/GitHub/Game-Files/SuperSpaceArmada/Content/Mannequin/Animations/ThirdPersonWalk.uasset' has been saved with empty engine version. The asset will be loaded but may be incompatible.
[2015.11.20-00.19.11:129][  0]LogLinker:Warning: Can't find file '/Game/Geometry/Meshes/1M_Cube'
[2015.11.20-00.19.11:129][  0]LogLinker:Warning: Can't find file for asset '/Game/Geometry/Meshes/1M_Cube' while loading ../../../../../../Users/Jin/Documents/GitHub/Game-Files/SuperSpaceArmada/Content/SSA/Blueprints/Objects/Crystal_Spawner.uasset.
[2015.11.20-00.19.11:129][  0]LoadErrors:Error: Error /Game/SSA/Blueprints/Objects/Crystal_Spawner : Can't find file for asset. /Game/Geometry/Meshes/1M_Cube
[2015.11.20-00.19.11:130][  0]LogLinker:Warning: Can't find file '/Game/Geometry/Meshes/1M_Cube'
[2015.11.20-00.19.11:130][  0]LogLinker:Warning: Can't find file for asset '/Game/Geometry/Meshes/1M_Cube' while loading ../../../../../../Users/Jin/Documents/GitHub/Game-Files/SuperSpaceArmada/Content/SSA/Blueprints/Objects/Crystal_Spawner.uasset.
[2015.11.20-00.19.11:130][  0]LoadErrors:Error: Error /Game/SSA/Blueprints/Objects/Crystal_Spawner : Can't find file for asset. /Game/Geometry/Meshes/1M_Cube
[2015.11.20-00.19.11:156][  0]LogLinker:Warning: Can't find file '/Game/Geometry/Meshes/1M_Cube'
[2015.11.20-00.19.11:156][  0]LogLinker:Warning: Can't find file for asset '/Game/Geometry/Meshes/1M_Cube' while loading ../../../../../../Users/Jin/Documents/GitHub/Game-Files/SuperSpaceArmada/Content/SSA/Maps/Home_Kratakos.umap.
[2015.11.20-00.19.11:156][  0]LoadErrors:Error: Error /Game/SSA/Maps/Home_Kratakos : Can't find file for asset. /Game/Geometry/Meshes/1M_Cube
[2015.11.20-00.19.11:156][  0]LogLinker:Warning: Can't find file '/Game/Geometry/Meshes/1M_Cube'
[2015.11.20-00.19.11:156][  0]LogLinker:Warning: Can't find file for asset '/Game/Geometry/Meshes/1M_Cube' while loading ../../../../../../Users/Jin/Documents/GitHub/Game-Files/SuperSpaceArmada/Content/SSA/Maps/Home_Kratakos.umap.
[2015.11.20-00.19.11:157][  0]LoadErrors:Error: Error /Game/SSA/Maps/Home_Kratakos : Can't find file for asset. /Game/Geometry/Meshes/1M_Cube
[2015.11.20-00.19.11:157][  0]LogLinker:Warning: Can't find file '/Game/Geometry/Meshes/1M_Cube'
[2015.11.20-00.19.11:157][  0]LoadErrors: Info Failed to load /Game/Geometry/Meshes/1M_Cube.1M_Cube Referenced by StaticMeshComponent0
[2015.11.20-00.19.11:158][  0]LogLinker:Warning: Can't find file for asset '/Game/Geometry/Meshes/1M_Cube' while loading ../../../../../../Users/Jin/Documents/GitHub/Game-Files/SuperSpaceArmada/Content/SSA/Maps/Home_Kratakos.umap.
[2015.11.20-00.19.11:158][  0]LoadErrors: Info Failed to load /Game/Geometry/Meshes/1M_Cube.1M_Cube Referenced by StaticMeshComponent0
[2015.11.20-00.19.11:158][  0]LoadErrors:Error: Error /Game/SSA/Maps/Home_Kratakos : Can't find file for asset. /Game/Geometry/Meshes/1M_Cube
[2015.11.20-00.19.34:854][  0]LogMaterial: Missing cached shader map for material lambert1, compiling. 
[2015.11.20-00.19.34:855][  0]LogMaterial:Warning: Failed to compile Material /Game/Geometry/Meshes/KratakosFrigate/lambert1.lambert1 for platform PCD3D_SM5, Default Material will be used in game.
[2015.11.20-00.19.34:855][  0]LogMaterial:Warning: 	(Node TextureSample) TextureSample> Missing input texture
[2015.11.20-00.19.36:528][  0]LogAIModule: Creating AISystem for world Home_Kratakos
[2015.11.20-00.19.37:072][  0]LogEditorServer: Finished looking for orphan Actors (0.007 secs)
[2015.11.20-00.19.37:162][  0]Cmd: MAP CHECKDEP NOCLEARLOG
[2015.11.20-00.19.37:437][  0]MapCheck: Info Map check complete: 0 Error(s), 0 Warning(s), took 275.706ms to complete.
[2015.11.20-00.19.37:438][  0]LogFileHelpers: Loading map 'Home_Kratakos' took 43.628
[2015.11.20-00.19.38:419][  0]LogCollectionManager: Loaded 0 collections in 0.004490 seconds
[2015.11.20-00.19.38:484][  0]LogFileCache: Scanning file cache for directory 'C:/Users/Jin/Documents/GitHub/Game-Files/SuperSpaceArmada/Saved/Collections/' took 0.01s
[2015.11.20-00.19.38:484][  0]LogFileCache: Scanning file cache for directory 'C:/Users/Jin/Documents/GitHub/Game-Files/SuperSpaceArmada/Content/Developers/SGJin/Collections/' took 0.01s
[2015.11.20-00.19.38:484][  0]LogFileCache: Scanning file cache for directory 'C:/Users/Jin/Documents/GitHub/Game-Files/SuperSpaceArmada/Content/Collections/' took 0.01s
[2015.11.20-00.19.38:484][  0]LogContentBrowser: Native class hierarchy populated in 0.0198 seconds. Added 1882 classes and 339 folders.
[2015.11.20-00.19.38:523][  0]LogCollectionManager: Rebuilt the GUID cache for 0 collections in 0.000003 seconds
[2015.11.20-00.19.38:634][  0]LogContentBrowser: Native class hierarchy updated for 'WidgetCarousel' in 0.0003 seconds. Added 0 classes and 0 folders.
[2015.11.20-00.19.40:610][  0]LogContentBrowser: Native class hierarchy updated for 'AddContentDialog' in 0.0003 seconds. Added 0 classes and 0 folders.
[2015.11.20-00.19.40:670][  0]LogContentBrowser: Native class hierarchy updated for 'SceneOutliner' in 0.0004 seconds. Added 1 classes and 2 folders.
[2015.11.20-00.19.42:329][  0]LogCrashTracker: Crashtracker disabled due to settings.
[2015.11.20-00.19.42:412][  0]LogUObjectGlobals:Warning: Failed to find object 'Class None.'
[2015.11.20-00.19.42:770][  0]LogStats:Warning: MetaData mismatch. Did you assign a stat to two groups? New //STATGROUP_Threads//SplashScreenThread///Thread_1110_0///####STATCAT_Advanced#### old //STATGROUP_Threads//SplashScreenThread///Thread_1e5c_0///####STATCAT_Advanced####
[2015.11.20-00.19.42:790][  0]LogLoad: Full Startup: 377.14 seconds (BP compile: 3.20 seconds)
[2015.11.20-00.19.42:854][  0]LoadErrors:Error: Error /Game/SSA/Blueprints/Player : Failed import for Player_C /Game/SSA/Blueprints/Player/Player.Default__Player_C
[2015.11.20-00.19.43:620][  0]LogContentStreaming: Texture pool size now 1000 MB
[2015.11.20-00.19.44:596][  0]LogRenderer: Reallocating scene render targets to support 1156x564 (Frame:2).
[2015.11.20-00.19.47:116][ 24]LogAssetRegistry: Asset discovery search completed in 275.6094 seconds
[2015.11.20-00.19.47:181][ 24]LogCollectionManager: Rebuilt the object cache for 0 collections in 0.000001 seconds (found 0 objects)
[2015.11.20-00.19.47:203][ 24]LogCollectionManager: Fixed up redirectors for 0 collections in 0.065427 seconds (updated 0 objects)
[2015.11.20-00.20.10:352][702]LogSavePackage: Save=579.855713ms
[2015.11.20-00.20.10:352][702]LogSavePackage: Moving '../../../../../../Users/Jin/Documents/GitHub/Game-Files/SuperSpaceArmada/Saved/Home_KratakosE0E26AD54CA0A1C7C808F59AA03AD143.tmp' to '../../../../../../Users/Jin/Documents/GitHub/Game-Files/SuperSpaceArmada/Content/SSA/Maps/Home_Kratakos.umap'
[2015.11.20-00.20.10:354][702]LogSavePackage: Total save time: 707.181435ms
[2015.11.20-00.20.10:354][702]LogSavePackage:Warning: Finished SavePackage ../../../../../../Users/Jin/Documents/GitHub/Game-Files/SuperSpaceArmada/Content/SSA/Maps/Home_Kratakos.umap
[2015.11.20-00.20.26:704][193]LogSavePackage: Save=185.749435ms
[2015.11.20-00.20.26:704][193]LogSavePackage: Moving '../../../../../../Users/Jin/Documents/GitHub/Game-Files/SuperSpaceArmada/Saved/Home_KratakosD0144EF44F0262DDD16938B859E3CC3D.tmp' to '../../../../../../Users/Jin/Documents/GitHub/Game-Files/SuperSpaceArmada/Content/SSA/Maps/Home_Kratakos.umap'
[2015.11.20-00.20.26:707][193]LogSavePackage: Total save time: 219.967168ms
[2015.11.20-00.20.26:707][193]LogSavePackage:Warning: Finished SavePackage ../../../../../../Users/Jin/Documents/GitHub/Game-Files/SuperSpaceArmada/Content/SSA/Maps/Home_Kratakos.umap
[2015.11.20-00.20.30:122][306]LogMaterial: Missing cached shader map for material CepalonStars, compiling. 
[2015.11.20-00.20.30:254][306]LogMaterial: Missing cached shader map for material CepalonStars, compiling. 
[2015.11.20-00.20.30:260][306]LogMaterial: 0.000064 seconds spent updating 1 materials, 1 interfaces, 0 instances, 0 with static permutations.
[2015.11.20-00.20.30:288][306]LogMaterial: Missing cached shader map for material FMatExpressionPreview MaterialExpressionTextureSample_0, compiling. 
[2015.11.20-00.20.32:789][346]MaterialEditorStats: Info Base pass shader with static lighting: 65 instructions
[2015.11.20-00.20.32:789][346]MaterialEditorStats: Info Base pass shader with only dynamic lighting: 33 instructions
[2015.11.20-00.20.32:789][346]MaterialEditorStats: Info Vertex shader: 33 instructions
[2015.11.20-00.20.32:789][346]MaterialEditorStats: Info Texture samplers: 3/16
[2015.11.20-00.23.29:009][181]LogMaterial: Missing cached shader map for material PreviewMaterial_0, compiling. 
[2015.11.20-00.23.29:132][181]LogMaterial: Missing cached shader map for material PreviewMaterial_0, compiling. 
[2015.11.20-00.23.29:138][181]LogMaterial: 0.000080 seconds spent updating 1 materials, 1 interfaces, 0 instances, 0 with static permutations.
[2015.11.20-00.23.29:163][181]LogMaterial: Missing cached shader map for material FMatExpressionPreview MaterialExpressionTextureSample_0, compiling. 
[2015.11.20-00.23.30:728][217]MaterialEditorStats: Info Base pass shader with static lighting: 65 instructions
[2015.11.20-00.23.30:728][217]MaterialEditorStats: Info Base pass shader with only dynamic lighting: 33 instructions
[2015.11.20-00.23.30:728][217]MaterialEditorStats: Info Vertex shader: 33 instructions
[2015.11.20-00.23.30:728][217]MaterialEditorStats: Info Texture samplers: 3/16
[2015.11.20-00.23.45:828][480]LogMaterial: Missing cached shader map for material PreviewMaterial_0, compiling. 
[2015.11.20-00.23.45:834][480]LogMaterial: 0.000092 seconds spent updating 1 materials, 1 interfaces, 0 instances, 0 with static permutations.
[2015.11.20-00.23.45:957][480]LogMaterial: Missing cached shader map for material FMatExpressionPreview MaterialExpressionTextureSample_0, compiling. 
[2015.11.20-00.23.50:001][569]MaterialEditorStats: Info Base pass shader with static lighting: 65 instructions
[2015.11.20-00.23.50:001][569]MaterialEditorStats: Info Base pass shader with only dynamic lighting: 33 instructions
[2015.11.20-00.23.50:001][569]MaterialEditorStats: Info Vertex shader: 33 instructions
[2015.11.20-00.23.50:001][569]MaterialEditorStats: Info Texture samplers: 3/16
[2015.11.20-00.23.52:853][634]LogMaterial: Missing cached shader map for material PreviewMaterial_0, compiling. 
[2015.11.20-00.23.52:859][634]LogMaterial: 0.000054 seconds spent updating 1 materials, 1 interfaces, 0 instances, 0 with static permutations.
[2015.11.20-00.23.53:797][659]MaterialEditorStats: Info Base pass shader with static lighting: 65 instructions
[2015.11.20-00.23.53:797][659]MaterialEditorStats: Info Base pass shader with only dynamic lighting: 33 instructions
[2015.11.20-00.23.53:797][659]MaterialEditorStats: Info Vertex shader: 33 instructions
[2015.11.20-00.23.53:797][659]MaterialEditorStats: Info Texture samplers: 3/16
[2015.11.20-00.24.01:175][682]LogMaterial: Missing cached shader map for material PreviewMaterial_0, compiling. 
[2015.11.20-00.24.01:198][682]LogMaterial: 0.000046 seconds spent updating 1 materials, 1 interfaces, 0 instances, 0 with static permutations.
[2015.11.20-00.24.01:259][682]LogMaterial: Missing cached shader map for material CepalonStars, compiling. 
[2015.11.20-00.24.01:374][682]LogMaterial: Missing cached shader map for material CepalonStars, compiling. 
[2015.11.20-00.24.01:409][682]LogMaterial: 0.001074 seconds spent updating 1 materials, 1 interfaces, 0 instances, 0 with static permutations.
[2015.11.20-00.24.05:757][745]LogEditorViewport: Clicking on Actor (LMB): StaticMeshActor (Cube)
[2015.11.20-00.24.16:430][848]LogMaterial: Missing cached shader map for material KratakosStar, compiling. 
[2015.11.20-00.24.16:532][848]LogMaterial: Missing cached shader map for material KratakosStar, compiling. 
[2015.11.20-00.24.16:539][848]LogMaterial: 0.000031 seconds spent updating 1 materials, 1 interfaces, 0 instances, 0 with static permutations.
[2015.11.20-00.24.16:595][848]LogMaterial: Missing cached shader map for material FMatExpressionPreview MaterialExpressionTextureSample_0, compiling. 
[2015.11.20-00.24.22:647][ 16]MaterialEditorStats: Info Base pass shader with static lighting: 65 instructions
[2015.11.20-00.24.22:647][ 16]MaterialEditorStats: Info Base pass shader with only dynamic lighting: 33 instructions
[2015.11.20-00.24.22:647][ 16]MaterialEditorStats: Info Vertex shader: 33 instructions
[2015.11.20-00.24.22:647][ 16]MaterialEditorStats: Info Texture samplers: 3/16
[2015.11.20-00.24.37:772][738]LogMaterial: Missing cached shader map for material KratakosStar, compiling. 
[2015.11.20-00.24.37:778][738]LogMaterial: 0.000139 seconds spent updating 1 materials, 1 interfaces, 0 instances, 0 with static permutations.
[2015.11.20-00.24.37:854][738]LogMaterial: Missing cached shader map for material FMatExpressionPreview MaterialExpressionTextureSample_0, compiling. 
[2015.11.20-00.24.38:911][764]MaterialEditorStats: Info Base pass shader with static lighting: 65 instructions
[2015.11.20-00.24.38:911][764]MaterialEditorStats: Info Base pass shader with only dynamic lighting: 33 instructions
[2015.11.20-00.24.38:911][764]MaterialEditorStats: Info Vertex shader: 33 instructions
[2015.11.20-00.24.38:911][764]MaterialEditorStats: Info Texture samplers: 3/16
[2015.11.20-00.24.45:807][929]LogMaterial: Missing cached shader map for material KratakosStar, compiling. 
[2015.11.20-00.24.45:813][929]LogMaterial: 0.000053 seconds spent updating 1 materials, 1 interfaces, 0 instances, 0 with static permutations.
[2015.11.20-00.24.46:881][955]MaterialEditorStats: Info Base pass shader with static lighting: 65 instructions
[2015.11.20-00.24.46:881][955]MaterialEditorStats: Info Base pass shader with only dynamic lighting: 33 instructions
[2015.11.20-00.24.46:881][955]MaterialEditorStats: Info Vertex shader: 33 instructions
[2015.11.20-00.24.46:881][955]MaterialEditorStats: Info Texture samplers: 3/16
[2015.11.20-00.24.56:094][118]LogMaterial: Missing cached shader map for material KratakosStar, compiling. 
[2015.11.20-00.24.56:117][118]LogMaterial: 0.000048 seconds spent updating 1 materials, 1 interfaces, 0 instances, 0 with static permutations.
[2015.11.20-00.24.56:172][118]LogMaterial: Missing cached shader map for material KratakosStar, compiling. 
[2015.11.20-00.24.56:319][118]LogMaterial: Missing cached shader map for material KratakosStar, compiling. 
[2015.11.20-00.24.56:356][118]LogMaterial: 0.000725 seconds spent updating 1 materials, 1 interfaces, 0 instances, 0 with static permutations.
[2015.11.20-00.25.00:227][232]LogMaterial: Missing cached shader map for material DragomirStar, compiling. 
[2015.11.20-00.25.00:439][232]LogMaterial: Missing cached shader map for material DragomirStar, compiling. 
[2015.11.20-00.25.00:446][232]LogMaterial: 0.000092 seconds spent updating 1 materials, 1 interfaces, 0 instances, 0 with static permutations.
[2015.11.20-00.25.00:472][232]LogMaterial: Missing cached shader map for material FMatExpressionPreview MaterialExpressionTextureSample_0, compiling. 
[2015.11.20-00.25.02:346][282]MaterialEditorStats: Info Base pass shader with static lighting: 65 instructions
[2015.11.20-00.25.02:346][282]MaterialEditorStats: Info Base pass shader with only dynamic lighting: 33 instructions
[2015.11.20-00.25.02:346][282]MaterialEditorStats: Info Vertex shader: 33 instructions
[2015.11.20-00.25.02:346][282]MaterialEditorStats: Info Texture samplers: 3/16
[2015.11.20-00.25.12:197][781]LogMaterial: Missing cached shader map for material DragomirStar, compiling. 
[2015.11.20-00.25.12:203][781]LogMaterial: 0.000152 seconds spent updating 1 materials, 1 interfaces, 0 instances, 0 with static permutations.
[2015.11.20-00.25.12:233][781]LogMaterial: Missing cached shader map for material FMatExpressionPreview MaterialExpressionTextureSample_0, compiling. 
[2015.11.20-00.25.13:149][803]MaterialEditorStats: Info Base pass shader with static lighting: 65 instructions
[2015.11.20-00.25.13:149][803]MaterialEditorStats: Info Base pass shader with only dynamic lighting: 33 instructions
[2015.11.20-00.25.13:149][803]MaterialEditorStats: Info Vertex shader: 33 instructions
[2015.11.20-00.25.13:149][803]MaterialEditorStats: Info Texture samplers: 3/16
[2015.11.20-00.25.18:502][931]LogMaterial: Missing cached shader map for material DragomirStar, compiling. 
[2015.11.20-00.25.18:508][931]LogMaterial: 0.000104 seconds spent updating 1 materials, 1 interfaces, 0 instances, 0 with static permutations.
[2015.11.20-00.25.19:503][958]MaterialEditorStats: Info Base pass shader with static lighting: 65 instructions
[2015.11.20-00.25.19:504][958]MaterialEditorStats: Info Base pass shader with only dynamic lighting: 33 instructions
[2015.11.20-00.25.19:504][958]MaterialEditorStats: Info Vertex shader: 33 instructions
[2015.11.20-00.25.19:504][958]MaterialEditorStats: Info Texture samplers: 3/16
[2015.11.20-00.25.24:452][ 71]LogMaterial: Missing cached shader map for material DragomirStar, compiling. 
[2015.11.20-00.25.24:459][ 71]LogMaterial: 0.000070 seconds spent updating 1 materials, 1 interfaces, 0 instances, 0 with static permutations.
[2015.11.20-00.25.25:395][ 94]MaterialEditorStats: Info Base pass shader with static lighting: 65 instructions
[2015.11.20-00.25.25:395][ 94]MaterialEditorStats: Info Base pass shader with only dynamic lighting: 33 instructions
[2015.11.20-00.25.25:395][ 94]MaterialEditorStats: Info Vertex shader: 33 instructions
[2015.11.20-00.25.25:395][ 94]MaterialEditorStats: Info Texture samplers: 3/16
[2015.11.20-00.25.29:997][150]LogMaterial: Missing cached shader map for material DragomirStar, compiling. 
[2015.11.20-00.25.30:020][150]LogMaterial: 0.000149 seconds spent updating 1 materials, 1 interfaces, 0 instances, 0 with static permutations.
[2015.11.20-00.25.30:093][150]LogMaterial: Missing cached shader map for material DragomirStar, compiling. 
[2015.11.20-00.25.30:196][150]LogMaterial: Missing cached shader map for material DragomirStar, compiling. 
[2015.11.20-00.25.30:231][150]LogMaterial: 0.001338 seconds spent updating 1 materials, 1 interfaces, 0 instances, 0 with static permutations.
[2015.11.20-00.25.43:760][228]LogParticles: Destroying 0 GPU particle simulations for FXSystem 0x000000B05EAC6D40
[2015.11.20-00.25.43:760][228]LogParticles: Destroying 0 GPU particle simulations for FXSystem 0x000000B0604E54E0
[2015.11.20-00.25.43:760][228]LogParticles: Destroying 0 GPU particle simulations for FXSystem 0x000000B05F3B1440
[2015.11.20-00.25.43:760][228]LogParticles: Destroying 0 GPU particle simulations for FXSystem 0x000000B05F349620
[2015.11.20-00.25.44:140][228]LogSavePackage: Save=114.406792ms
[2015.11.20-00.25.44:140][228]LogSavePackage: Moving '../../../../../../Users/Jin/Documents/GitHub/Game-Files/SuperSpaceArmada/Saved/CepalonStars5579DDF948C08A0223A7C1AEF47A7CDE.tmp' to '../../../../../../Users/Jin/Documents/GitHub/Game-Files/SuperSpaceArmada/Content/Geometry/Textures/Backgrounds/CepalonStars.uasset'
[2015.11.20-00.25.44:144][228]LogSavePackage: Total save time: 143.410161ms
[2015.11.20-00.25.44:144][228]LogSavePackage:Warning: Finished SavePackage ../../../../../../Users/Jin/Documents/GitHub/Game-Files/SuperSpaceArmada/Content/Geometry/Textures/Backgrounds/CepalonStars.uasset
[2015.11.20-00.25.44:215][228]LogSavePackage: Save=12.785944ms
[2015.11.20-00.25.44:215][228]LogSavePackage: Moving '../../../../../../Users/Jin/Documents/GitHub/Game-Files/SuperSpaceArmada/Saved/KratakosStar6CFDD15947C67607A2B660A65667838D.tmp' to '../../../../../../Users/Jin/Documents/GitHub/Game-Files/SuperSpaceArmada/Content/Geometry/Textures/Backgrounds/KratakosStar.uasset'
[2015.11.20-00.25.44:218][228]LogSavePackage: Total save time: 35.250515ms
[2015.11.20-00.25.44:218][228]LogSavePackage:Warning: Finished SavePackage ../../../../../../Users/Jin/Documents/GitHub/Game-Files/SuperSpaceArmada/Content/Geometry/Textures/Backgrounds/KratakosStar.uasset
[2015.11.20-00.25.44:289][228]LogSavePackage: Save=13.615589ms
[2015.11.20-00.25.44:289][228]LogSavePackage: Moving '../../../../../../Users/Jin/Documents/GitHub/Game-Files/SuperSpaceArmada/Saved/DragomirStar20C6C6734603E37347D5C7B1751F6F7C.tmp' to '../../../../../../Users/Jin/Documents/GitHub/Game-Files/SuperSpaceArmada/Content/Geometry/Textures/Backgrounds/DragomirStar.uasset'
[2015.11.20-00.25.44:291][228]LogSavePackage: Total save time: 34.853220ms
[2015.11.20-00.25.44:291][228]LogSavePackage:Warning: Finished SavePackage ../../../../../../Users/Jin/Documents/GitHub/Game-Files/SuperSpaceArmada/Content/Geometry/Textures/Backgrounds/DragomirStar.uasset
[2015.11.20-00.30.23:441][196]LogMaterial: Missing cached shader map for material HiveStar, compiling. 
[2015.11.20-00.30.23:731][196]LogMaterial: Missing cached shader map for material HiveStar, compiling. 
[2015.11.20-00.30.23:739][196]LogMaterial: 0.000112 seconds spent updating 1 materials, 1 interfaces, 0 instances, 0 with static permutations.
[2015.11.20-00.30.23:800][196]LogMaterial: Missing cached shader map for material FMatExpressionPreview MaterialExpressionTextureSample_0, compiling. 
[2015.11.20-00.30.27:731][294]MaterialEditorStats: Info Base pass shader with static lighting: 65 instructions
[2015.11.20-00.30.27:731][294]MaterialEditorStats: Info Base pass shader with only dynamic lighting: 33 instructions
[2015.11.20-00.30.27:731][294]MaterialEditorStats: Info Vertex shader: 33 instructions
[2015.11.20-00.30.27:731][294]MaterialEditorStats: Info Texture samplers: 3/16
[2015.11.20-00.30.33:439][433]LogMaterial: Missing cached shader map for material HiveStar, compiling. 
[2015.11.20-00.30.33:446][433]LogMaterial: 0.000085 seconds spent updating 1 materials, 1 interfaces, 0 instances, 0 with static permutations.
[2015.11.20-00.30.33:574][433]LogMaterial: Missing cached shader map for material FMatExpressionPreview MaterialExpressionTextureSample_0, compiling. 
[2015.11.20-00.30.34:405][454]MaterialEditorStats: Info Base pass shader with static lighting: 65 instructions
[2015.11.20-00.30.34:405][454]MaterialEditorStats: Info Base pass shader with only dynamic lighting: 33 instructions
[2015.11.20-00.30.34:405][454]MaterialEditorStats: Info Vertex shader: 33 instructions
[2015.11.20-00.30.34:405][454]MaterialEditorStats: Info Texture samplers: 3/16
[2015.11.20-00.30.39:969][589]LogMaterial: Missing cached shader map for material HiveStar, compiling. 
[2015.11.20-00.30.39:979][589]LogMaterial: 0.000097 seconds spent updating 1 materials, 1 interfaces, 0 instances, 0 with static permutations.
[2015.11.20-00.30.41:229][619]MaterialEditorStats: Info Base pass shader with static lighting: 65 instructions
[2015.11.20-00.30.41:230][619]MaterialEditorStats: Info Base pass shader with only dynamic lighting: 33 instructions
[2015.11.20-00.30.41:230][619]MaterialEditorStats: Info Vertex shader: 33 instructions
[2015.11.20-00.30.41:230][619]MaterialEditorStats: Info Texture samplers: 3/16
[2015.11.20-00.30.52:521][708]LogMaterial: Missing cached shader map for material HiveStar, compiling. 
[2015.11.20-00.30.52:544][708]LogMaterial: 0.000124 seconds spent updating 1 materials, 1 interfaces, 0 instances, 0 with static permutations.
[2015.11.20-00.30.52:589][708]LogMaterial: Missing cached shader map for material HiveStar, compiling. 
[2015.11.20-00.30.52:683][708]LogMaterial: Missing cached shader map for material HiveStar, compiling. 
[2015.11.20-00.30.52:718][708]LogMaterial: 0.000762 seconds spent updating 1 materials, 1 interfaces, 0 instances, 0 with static permutations.
[2015.11.20-00.31.19:010][709]LogParticles: Destroying 0 GPU particle simulations for FXSystem 0x000000B060422700
[2015.11.20-00.31.19:010][709]LogFileHelpers: Editor autosave (incl. sublevels) for '/Game/SSA/Maps/Home_Kratakos' took 0.099
[2015.11.20-00.31.19:148][709]OBJ SavePackage: Generating thumbnails for [1] asset(s) in package [/Game/Geometry/Textures/Backgrounds/HiveStar] ([1] browsable assets)...
[2015.11.20-00.31.19:222][709]OBJ SavePackage:     Rendered thumbnail for [Material /Game/Geometry/Textures/Backgrounds/HiveStar.HiveStar]
[2015.11.20-00.31.19:222][709]OBJ SavePackage: Finished generating thumbnails for package [/Game/Geometry/Textures/Backgrounds/HiveStar]
[2015.11.20-00.31.20:229][709]LogSavePackage: Save=148.650604ms
[2015.11.20-00.31.20:229][709]LogSavePackage: Moving '../../../../../../Users/Jin/Documents/GitHub/Game-Files/SuperSpaceArmada/Saved/HiveStar_Auto195FD545F49D70155E26FC3A831263EBF.tmp' to '../../../../../../Users/Jin/Documents/GitHub/Game-Files/SuperSpaceArmada/Saved/Autosaves/Game/Geometry/Textures/Backgrounds/HiveStar_Auto1.uasset'
[2015.11.20-00.31.20:289][709]LogSavePackage: Total save time: 1065.946955ms
[2015.11.20-00.31.20:289][709]LogSavePackage:Warning: Finished SavePackage ../../../../../../Users/Jin/Documents/GitHub/Game-Files/SuperSpaceArmada/Saved/Autosaves/Game/Geometry/Textures/Backgrounds/HiveStar_Auto1.uasset
[2015.11.20-00.31.20:289][709]LogFileHelpers: Auto-saving content packages took 1.279
[2015.11.20-00.31.51:380][864]LogMaterial: Missing cached shader map for material HumanStar, compiling. 
[2015.11.20-00.31.51:487][864]LogMaterial: Missing cached shader map for material HumanStar, compiling. 
[2015.11.20-00.31.51:493][864]LogMaterial: 0.000025 seconds spent updating 1 materials, 1 interfaces, 0 instances, 0 with static permutations.
[2015.11.20-00.31.51:562][864]LogMaterial: Missing cached shader map for material FMatExpressionPreview MaterialExpressionTextureSample_0, compiling. 
[2015.11.20-00.31.52:902][894]MaterialEditorStats: Info Base pass shader with static lighting: 65 instructions
[2015.11.20-00.31.52:902][894]MaterialEditorStats: Info Base pass shader with only dynamic lighting: 33 instructions
[2015.11.20-00.31.52:902][894]MaterialEditorStats: Info Vertex shader: 33 instructions
[2015.11.20-00.31.52:902][894]MaterialEditorStats: Info Texture samplers: 3/16
[2015.11.20-00.32.00:815][123]LogMaterial: Missing cached shader map for material HumanStar, compiling. 
[2015.11.20-00.32.00:821][123]LogMaterial: 0.000165 seconds spent updating 1 materials, 1 interfaces, 0 instances, 0 with static permutations.
[2015.11.20-00.32.00:864][123]LogMaterial: Missing cached shader map for material FMatExpressionPreview MaterialExpressionTextureSample_0, compiling. 
[2015.11.20-00.32.01:807][146]MaterialEditorStats: Info Base pass shader with static lighting: 65 instructions
[2015.11.20-00.32.01:807][146]MaterialEditorStats: Info Base pass shader with only dynamic lighting: 33 instructions
[2015.11.20-00.32.01:807][146]MaterialEditorStats: Info Vertex shader: 33 instructions
[2015.11.20-00.32.01:807][146]MaterialEditorStats: Info Texture samplers: 3/16
[2015.11.20-00.32.12:348][345]LogMaterial: Missing cached shader map for material HumanStar, compiling. 
[2015.11.20-00.32.12:371][345]LogMaterial: 0.000134 seconds spent updating 1 materials, 1 interfaces, 0 instances, 0 with static permutations.
[2015.11.20-00.32.12:478][345]LogMaterial: Missing cached shader map for material HumanStar, compiling. 
[2015.11.20-00.32.12:576][345]LogMaterial: Missing cached shader map for material HumanStar, compiling. 
[2015.11.20-00.32.12:611][345]LogMaterial: 0.001060 seconds spent updating 1 materials, 1 interfaces, 0 instances, 0 with static permutations.
[2015.11.20-00.32.14:844][407]LogMaterial: Missing cached shader map for material VultaariStar, compiling. 
[2015.11.20-00.32.15:052][407]LogMaterial: Missing cached shader map for material VultaariStar, compiling. 
[2015.11.20-00.32.15:061][407]LogMaterial: 0.000052 seconds spent updating 1 materials, 1 interfaces, 0 instances, 0 with static permutations.
[2015.11.20-00.32.15:217][407]LogMaterial: Missing cached shader map for material FMatExpressionPreview MaterialExpressionTextureSample_0, compiling. 
[2015.11.20-00.32.16:720][440]MaterialEditorStats: Info Base pass shader with static lighting: 65 instructions
[2015.11.20-00.32.16:720][440]MaterialEditorStats: Info Base pass shader with only dynamic lighting: 33 instructions
[2015.11.20-00.32.16:720][440]MaterialEditorStats: Info Vertex shader: 33 instructions
[2015.11.20-00.32.16:720][440]MaterialEditorStats: Info Texture samplers: 3/16
[2015.11.20-00.32.24:241][741]LogMaterial: Missing cached shader map for material VultaariStar, compiling. 
[2015.11.20-00.32.24:250][741]LogMaterial: 0.000114 seconds spent updating 1 materials, 1 interfaces, 0 instances, 0 with static permutations.
[2015.11.20-00.32.24:316][741]LogMaterial: Missing cached shader map for material FMatExpressionPreview MaterialExpressionTextureSample_0, compiling. 
[2015.11.20-00.32.25:282][767]MaterialEditorStats: Info Base pass shader with static lighting: 65 instructions
[2015.11.20-00.32.25:282][767]MaterialEditorStats: Info Base pass shader with only dynamic lighting: 33 instructions
[2015.11.20-00.32.25:282][767]MaterialEditorStats: Info Vertex shader: 33 instructions
[2015.11.20-00.32.25:282][767]MaterialEditorStats: Info Texture samplers: 3/16
[2015.11.20-00.32.36:611][971]LogMaterial: Missing cached shader map for material VultaariStar, compiling. 
[2015.11.20-00.32.36:634][971]LogMaterial: 0.000133 seconds spent updating 1 materials, 1 interfaces, 0 instances, 0 with static permutations.
[2015.11.20-00.32.36:690][971]LogMaterial: Missing cached shader map for material VultaariStar, compiling. 
[2015.11.20-00.32.36:835][971]LogMaterial: Missing cached shader map for material VultaariStar, compiling. 
[2015.11.20-00.32.36:872][971]LogMaterial: 0.001159 seconds spent updating 1 materials, 1 interfaces, 0 instances, 0 with static permutations.
[2015.11.20-00.32.40:523][100]LogParticles: Destroying 0 GPU particle simulations for FXSystem 0x000000B05CF3CCC0
[2015.11.20-00.32.40:524][100]LogParticles: Destroying 0 GPU particle simulations for FXSystem 0x000000B047E3C360
[2015.11.20-00.32.43:755][100]LogSavePackage: Save=357.921753ms
[2015.11.20-00.32.43:755][100]LogSavePackage: Moving '../../../../../../Users/Jin/Documents/GitHub/Game-Files/SuperSpaceArmada/Saved/Home_Kratakos4FFA749541F403EA63BEF091D999D6D4.tmp' to '../../../../../../Users/Jin/Documents/GitHub/Game-Files/SuperSpaceArmada/Content/SSA/Maps/Home_Kratakos.umap'
[2015.11.20-00.32.43:756][100]LogSavePackage: Total save time: 3226.365268ms
[2015.11.20-00.32.43:756][100]LogSavePackage:Warning: Finished SavePackage ../../../../../../Users/Jin/Documents/GitHub/Game-Files/SuperSpaceArmada/Content/SSA/Maps/Home_Kratakos.umap
[2015.11.20-00.33.20:614][409]LogAIModule: Creating AISystem for world Home_Cephalon
[2015.11.20-00.33.20:615][409]LogParticles:Warning: InitializeSystem called on an unregistered component. Template=/Game/Effects/Particles/P_Radiation_Long.P_Radiation_Long Component=/Game/SSA/Maps/Home_Cephalon.Home_Cephalon:PersistentLevel.P_Radiation_Long_2.ParticleSystemComponent0
[2015.11.20-00.33.20:615][409]LogParticles:Warning: InitializeSystem called on an unregistered component. Template=/Game/Effects/Particles/P_Radiation_Long.P_Radiation_Long Component=/Game/SSA/Maps/Home_Cephalon.Home_Cephalon:PersistentLevel.P_Radiation_Long2.ParticleSystemComponent0
[2015.11.20-00.33.20:615][409]LogParticles:Warning: InitializeSystem called on an unregistered component. Template=/Game/Effects/Particles/P_Radiation_Long.P_Radiation_Long Component=/Game/SSA/Maps/Home_Cephalon.Home_Cephalon:PersistentLevel.P_Radiation_Long3.ParticleSystemComponent0
[2015.11.20-00.33.20:615][409]LogParticles:Warning: InitializeSystem called on an unregistered component. Template=/Game/Effects/Particles/P_Radiation_Long.P_Radiation_Long Component=/Game/SSA/Maps/Home_Cephalon.Home_Cephalon:PersistentLevel.P_Radiation_Long4.ParticleSystemComponent0
[2015.11.20-00.33.20:615][409]LogParticles:Warning: InitializeSystem called on an unregistered component. Template=/Game/Effects/Particles/P_Stars.P_Stars Component=/Game/SSA/Maps/Home_Cephalon.Home_Cephalon:PersistentLevel.P_Stars_2.ParticleSystemComponent0
[2015.11.20-00.33.23:247][409]LogSavePackage: Save=3.315160ms
[2015.11.20-00.33.23:247][409]LogSavePackage: Moving '../../../../../../Users/Jin/Documents/GitHub/Game-Files/SuperSpaceArmada/Saved/HiveStar4702C8DA462AAC23DC73D89724A39B9E.tmp' to '../../../../../../Users/Jin/Documents/GitHub/Game-Files/SuperSpaceArmada/Content/Geometry/Textures/Backgrounds/HiveStar.uasset'
[2015.11.20-00.33.23:250][409]LogSavePackage: Total save time: 42.446613ms
[2015.11.20-00.33.23:250][409]LogSavePackage:Warning: Finished SavePackage ../../../../../../Users/Jin/Documents/GitHub/Game-Files/SuperSpaceArmada/Content/Geometry/Textures/Backgrounds/HiveStar.uasset
[2015.11.20-00.33.23:514][409]LogSavePackage: Save=14.387502ms
[2015.11.20-00.33.23:514][409]LogSavePackage: Moving '../../../../../../Users/Jin/Documents/GitHub/Game-Files/SuperSpaceArmada/Saved/HumanStarD709B3F141A98944DBCF0BADB6C28019.tmp' to '../../../../../../Users/Jin/Documents/GitHub/Game-Files/SuperSpaceArmada/Content/Geometry/Textures/Backgrounds/HumanStar.uasset'
[2015.11.20-00.33.23:516][409]LogSavePackage: Total save time: 235.259578ms
[2015.11.20-00.33.23:516][409]LogSavePackage:Warning: Finished SavePackage ../../../../../../Users/Jin/Documents/GitHub/Game-Files/SuperSpaceArmada/Content/Geometry/Textures/Backgrounds/HumanStar.uasset
[2015.11.20-00.33.23:585][409]LogSavePackage: Save=13.757142ms
[2015.11.20-00.33.23:585][409]LogSavePackage: Moving '../../../../../../Users/Jin/Documents/GitHub/Game-Files/SuperSpaceArmada/Saved/VultaariStar6ABADF864652CA5B28D89FAC07C8B0F3.tmp' to '../../../../../../Users/Jin/Documents/GitHub/Game-Files/SuperSpaceArmada/Content/Geometry/Textures/Backgrounds/VultaariStar.uasset'
[2015.11.20-00.33.23:587][409]LogSavePackage: Total save time: 41.179482ms
[2015.11.20-00.33.23:587][409]LogSavePackage:Warning: Finished SavePackage ../../../../../../Users/Jin/Documents/GitHub/Game-Files/SuperSpaceArmada/Content/Geometry/Textures/Backgrounds/VultaariStar.uasset
[2015.11.20-00.33.23:589][409]Cmd: MAP LOAD FILE="../../../../../../Users/Jin/Documents/GitHub/Game-Files/SuperSpaceArmada/Content/SSA/Maps/Home_Cephalon.umap" TEMPLATE=0 SHOWPROGRESS=1 FEATURELEVEL=3
[2015.11.20-00.33.23:589][409]LightingResults: New page: Lighting Build
[2015.11.20-00.33.25:024][409]LoadErrors: New page: Loading map: Home_Cephalon.umap
[2015.11.20-00.33.25:117][409]MapCheck: New page: Map Check
[2015.11.20-00.33.25:117][409]LightingResults: New page: Lighting Build
[2015.11.20-00.33.25:225][409]LogParticles: Destroying 0 GPU particle simulations for FXSystem 0x000000B0686D77E0
[2015.11.20-00.33.25:613][409]LogEditorServer: Finished looking for orphan Actors (0.000 secs)
[2015.11.20-00.33.25:667][409]Cmd: MAP CHECKDEP NOCLEARLOG
[2015.11.20-00.33.27:140][409]MapCheck: Info Map check complete: 0 Error(s), 0 Warning(s), took 1,473.366ms to complete.
[2015.11.20-00.33.27:143][409]LogFileHelpers: Loading map 'Home_Cephalon' took 3.555
[2015.11.20-00.33.28:599][469]LogEditorViewport: Clicking on Actor (LMB): StaticMeshActor (Cube)
[2015.11.20-00.33.59:941][761]LogSavePackage: Save=325.496765ms
[2015.11.20-00.33.59:942][761]LogSavePackage: Moving '../../../../../../Users/Jin/Documents/GitHub/Game-Files/SuperSpaceArmada/Saved/Home_CephalonDBF5789744F0432F4E2CDA83A40316DA.tmp' to '../../../../../../Users/Jin/Documents/GitHub/Game-Files/SuperSpaceArmada/Content/SSA/Maps/Home_Cephalon.umap'
[2015.11.20-00.33.59:945][761]LogSavePackage: Total save time: 362.989441ms
[2015.11.20-00.33.59:945][761]LogSavePackage:Warning: Finished SavePackage ../../../../../../Users/Jin/Documents/GitHub/Game-Files/SuperSpaceArmada/Content/SSA/Maps/Home_Cephalon.umap
[2015.11.20-00.34.02:463][802]LogAIModule: Creating AISystem for world Home_Dragomir
[2015.11.20-00.34.02:464][802]LogParticles:Warning: InitializeSystem called on an unregistered component. Template=/Game/Effects/Particles/P_Radiation_Long.P_Radiation_Long Component=/Game/SSA/Maps/Home_Dragomir.Home_Dragomir:PersistentLevel.P_Radiation_Long_2.ParticleSystemComponent0
[2015.11.20-00.34.02:465][802]LogParticles:Warning: InitializeSystem called on an unregistered component. Template=/Game/Effects/Particles/P_Radiation_Long.P_Radiation_Long Component=/Game/SSA/Maps/Home_Dragomir.Home_Dragomir:PersistentLevel.P_Radiation_Long2.ParticleSystemComponent0
[2015.11.20-00.34.02:465][802]LogParticles:Warning: InitializeSystem called on an unregistered component. Template=/Game/Effects/Particles/P_Radiation_Long.P_Radiation_Long Component=/Game/SSA/Maps/Home_Dragomir.Home_Dragomir:PersistentLevel.P_Radiation_Long3.ParticleSystemComponent0
[2015.11.20-00.34.02:465][802]LogParticles:Warning: InitializeSystem called on an unregistered component. Template=/Game/Effects/Particles/P_Radiation_Long.P_Radiation_Long Component=/Game/SSA/Maps/Home_Dragomir.Home_Dragomir:PersistentLevel.P_Radiation_Long4.ParticleSystemComponent0
[2015.11.20-00.34.02:465][802]LogParticles:Warning: InitializeSystem called on an unregistered component. Template=/Game/Effects/Particles/P_Stars.P_Stars Component=/Game/SSA/Maps/Home_Dragomir.Home_Dragomir:PersistentLevel.P_Stars_2.ParticleSystemComponent0
[2015.11.20-00.34.02:494][802]Cmd: MAP LOAD FILE="../../../../../../Users/Jin/Documents/GitHub/Game-Files/SuperSpaceArmada/Content/SSA/Maps/Home_Dragomir.umap" TEMPLATE=0 SHOWPROGRESS=1 FEATURELEVEL=3
[2015.11.20-00.34.02:494][802]LightingResults: New page: Lighting Build
[2015.11.20-00.34.02:519][802]LoadErrors: New page: Loading map: Home_Dragomir.umap
[2015.11.20-00.34.02:519][802]MapCheck: New page: Map Check
[2015.11.20-00.34.02:519][802]LightingResults: New page: Lighting Build
[2015.11.20-00.34.02:538][802]LogParticles: Destroying 0 GPU particle simulations for FXSystem 0x000000B06EA5DD00
[2015.11.20-00.34.02:650][802]LogEditorServer: Finished looking for orphan Actors (0.000 secs)
[2015.11.20-00.34.02:707][802]Cmd: MAP CHECKDEP NOCLEARLOG
[2015.11.20-00.34.02:903][802]MapCheck: Info Map check complete: 0 Error(s), 0 Warning(s), took 195.46ms to complete.
[2015.11.20-00.34.02:903][802]LogFileHelpers: Loading map 'Home_Dragomir' took 0.410
[2015.11.20-00.34.03:676][829]LogEditorViewport: Clicking on Actor (LMB): StaticMeshActor (Cube)
[2015.11.20-00.34.14:911][297]LogAIModule: Creating AISystem for world Home_Hive
[2015.11.20-00.34.14:912][297]LogParticles:Warning: InitializeSystem called on an unregistered component. Template=/Game/Effects/Particles/P_Radiation_Long.P_Radiation_Long Component=/Game/SSA/Maps/Home_Hive.Home_Hive:PersistentLevel.P_Radiation_Long_2.ParticleSystemComponent0
[2015.11.20-00.34.14:912][297]LogParticles:Warning: InitializeSystem called on an unregistered component. Template=/Game/Effects/Particles/P_Radiation_Long.P_Radiation_Long Component=/Game/SSA/Maps/Home_Hive.Home_Hive:PersistentLevel.P_Radiation_Long2.ParticleSystemComponent0
[2015.11.20-00.34.14:912][297]LogParticles:Warning: InitializeSystem called on an unregistered component. Template=/Game/Effects/Particles/P_Radiation_Long.P_Radiation_Long Component=/Game/SSA/Maps/Home_Hive.Home_Hive:PersistentLevel.P_Radiation_Long3.ParticleSystemComponent0
[2015.11.20-00.34.14:912][297]LogParticles:Warning: InitializeSystem called on an unregistered component. Template=/Game/Effects/Particles/P_Radiation_Long.P_Radiation_Long Component=/Game/SSA/Maps/Home_Hive.Home_Hive:PersistentLevel.P_Radiation_Long4.ParticleSystemComponent0
[2015.11.20-00.34.14:912][297]LogParticles:Warning: InitializeSystem called on an unregistered component. Template=/Game/Effects/Particles/P_Stars.P_Stars Component=/Game/SSA/Maps/Home_Hive.Home_Hive:PersistentLevel.P_Stars_2.ParticleSystemComponent0
[2015.11.20-00.34.17:036][297]LogSavePackage: Save=116.675484ms
[2015.11.20-00.34.17:036][297]LogSavePackage: Moving '../../../../../../Users/Jin/Documents/GitHub/Game-Files/SuperSpaceArmada/Saved/Home_Dragomir5C5B9F6E47637A14BDE8AA96AB380AA5.tmp' to '../../../../../../Users/Jin/Documents/GitHub/Game-Files/SuperSpaceArmada/Content/SSA/Maps/Home_Dragomir.umap'
[2015.11.20-00.34.17:039][297]LogSavePackage: Total save time: 152.779590ms
[2015.11.20-00.34.17:039][297]LogSavePackage:Warning: Finished SavePackage ../../../../../../Users/Jin/Documents/GitHub/Game-Files/SuperSpaceArmada/Content/SSA/Maps/Home_Dragomir.umap
[2015.11.20-00.34.17:104][297]LogFileHelpers: Saving map 'Home_Dragomir' took 0.476
[2015.11.20-00.34.17:106][297]Cmd: MAP LOAD FILE="../../../../../../Users/Jin/Documents/GitHub/Game-Files/SuperSpaceArmada/Content/SSA/Maps/Home_Hive.umap" TEMPLATE=0 SHOWPROGRESS=1 FEATURELEVEL=3
[2015.11.20-00.34.17:106][297]LightingResults: New page: Lighting Build
[2015.11.20-00.34.17:135][297]LoadErrors: New page: Loading map: Home_Hive.umap
[2015.11.20-00.34.17:136][297]MapCheck: New page: Map Check
[2015.11.20-00.34.17:136][297]LightingResults: New page: Lighting Build
[2015.11.20-00.34.17:154][297]LogParticles: Destroying 0 GPU particle simulations for FXSystem 0x000000B06EA5CA40
[2015.11.20-00.34.17:300][297]LogEditorServer: Finished looking for orphan Actors (0.000 secs)
[2015.11.20-00.34.17:355][297]Cmd: MAP CHECKDEP NOCLEARLOG
[2015.11.20-00.34.17:548][297]MapCheck: Info Map check complete: 0 Error(s), 0 Warning(s), took 192.678ms to complete.
[2015.11.20-00.34.17:549][297]LogFileHelpers: Loading map 'Home_Hive' took 0.444
[2015.11.20-00.34.18:889][353]LogEditorViewport: Clicking on Actor (LMB): StaticMeshActor (Cube)
[2015.11.20-00.34.29:914][746]LogAIModule: Creating AISystem for world Home_Human
[2015.11.20-00.34.29:915][746]LogParticles:Warning: InitializeSystem called on an unregistered component. Template=/Game/Effects/Particles/P_Radiation_Long.P_Radiation_Long Component=/Game/SSA/Maps/Home_Human.Home_Human:PersistentLevel.P_Radiation_Long_2.ParticleSystemComponent0
[2015.11.20-00.34.29:915][746]LogParticles:Warning: InitializeSystem called on an unregistered component. Template=/Game/Effects/Particles/P_Radiation_Long.P_Radiation_Long Component=/Game/SSA/Maps/Home_Human.Home_Human:PersistentLevel.P_Radiation_Long2.ParticleSystemComponent0
[2015.11.20-00.34.29:915][746]LogParticles:Warning: InitializeSystem called on an unregistered component. Template=/Game/Effects/Particles/P_Radiation_Long.P_Radiation_Long Component=/Game/SSA/Maps/Home_Human.Home_Human:PersistentLevel.P_Radiation_Long3.ParticleSystemComponent0
[2015.11.20-00.34.29:915][746]LogParticles:Warning: InitializeSystem called on an unregistered component. Template=/Game/Effects/Particles/P_Radiation_Long.P_Radiation_Long Component=/Game/SSA/Maps/Home_Human.Home_Human:PersistentLevel.P_Radiation_Long4.ParticleSystemComponent0
[2015.11.20-00.34.29:915][746]LogParticles:Warning: InitializeSystem called on an unregistered component. Template=/Game/Effects/Particles/P_Stars.P_Stars Component=/Game/SSA/Maps/Home_Human.Home_Human:PersistentLevel.P_Stars_2.ParticleSystemComponent0
[2015.11.20-00.34.31:686][746]LogSavePackage: Save=116.474487ms
[2015.11.20-00.34.31:686][746]LogSavePackage: Moving '../../../../../../Users/Jin/Documents/GitHub/Game-Files/SuperSpaceArmada/Saved/Home_Hive5383A92545F8C10175F55786D0CCF9F1.tmp' to '../../../../../../Users/Jin/Documents/GitHub/Game-Files/SuperSpaceArmada/Content/SSA/Maps/Home_Hive.umap'
[2015.11.20-00.34.31:704][746]LogSavePackage: Total save time: 162.540324ms
[2015.11.20-00.34.31:704][746]LogSavePackage:Warning: Finished SavePackage ../../../../../../Users/Jin/Documents/GitHub/Game-Files/SuperSpaceArmada/Content/SSA/Maps/Home_Hive.umap
[2015.11.20-00.35.08:609][746]LogFileHelpers: Saving map 'Home_Hive' took 37.302
[2015.11.20-00.35.08:610][746]Cmd: MAP LOAD FILE="../../../../../../Users/Jin/Documents/GitHub/Game-Files/SuperSpaceArmada/Content/SSA/Maps/Home_Human.umap" TEMPLATE=0 SHOWPROGRESS=1 FEATURELEVEL=3
[2015.11.20-00.35.08:611][746]LightingResults: New page: Lighting Build
[2015.11.20-00.35.08:639][746]LoadErrors: New page: Loading map: Home_Human.umap
[2015.11.20-00.35.08:640][746]MapCheck: New page: Map Check
[2015.11.20-00.35.08:640][746]LightingResults: New page: Lighting Build
[2015.11.20-00.35.08:660][746]LogParticles: Destroying 0 GPU particle simulations for FXSystem 0x000000B06E9B0180
[2015.11.20-00.35.08:844][746]LogEditorServer: Finished looking for orphan Actors (0.000 secs)
[2015.11.20-00.35.08:900][746]Cmd: MAP CHECKDEP NOCLEARLOG
[2015.11.20-00.35.09:093][746]MapCheck: Info Map check complete: 0 Error(s), 0 Warning(s), took 193.195ms to complete.
[2015.11.20-00.35.09:094][746]LogFileHelpers: Loading map 'Home_Human' took 0.484
[2015.11.20-00.35.40:566][918]LogEditorViewport: Clicking on Actor (LMB): StaticMeshActor (Cube)
[2015.11.20-00.35.52:589][418]LogSavePackage: Save=117.340057ms
[2015.11.20-00.35.52:589][418]LogSavePackage: Moving '../../../../../../Users/Jin/Documents/GitHub/Game-Files/SuperSpaceArmada/Saved/Home_HumanE5EBC74040C029E4D0EBEC8050136C07.tmp' to '../../../../../../Users/Jin/Documents/GitHub/Game-Files/SuperSpaceArmada/Content/SSA/Maps/Home_Human.umap'
[2015.11.20-00.35.52:592][418]LogSavePackage: Total save time: 153.130691ms
[2015.11.20-00.35.52:592][418]LogSavePackage:Warning: Finished SavePackage ../../../../../../Users/Jin/Documents/GitHub/Game-Files/SuperSpaceArmada/Content/SSA/Maps/Home_Human.umap
[2015.11.20-00.35.54:882][491]LogAIModule: Creating AISystem for world Home_Kratakos
[2015.11.20-00.35.54:883][491]LogParticles:Warning: InitializeSystem called on an unregistered component. Template=/Game/Effects/Particles/P_Radiation_Long.P_Radiation_Long Component=/Game/SSA/Maps/Home_Kratakos.Home_Kratakos:PersistentLevel.P_Radiation_Long_2.ParticleSystemComponent0
[2015.11.20-00.35.54:884][491]LogParticles:Warning: InitializeSystem called on an unregistered component. Template=/Game/Effects/Particles/P_Radiation_Long.P_Radiation_Long Component=/Game/SSA/Maps/Home_Kratakos.Home_Kratakos:PersistentLevel.P_Radiation_Long2.ParticleSystemComponent0
[2015.11.20-00.35.54:884][491]LogParticles:Warning: InitializeSystem called on an unregistered component. Template=/Game/Effects/Particles/P_Radiation_Long.P_Radiation_Long Component=/Game/SSA/Maps/Home_Kratakos.Home_Kratakos:PersistentLevel.P_Radiation_Long3.ParticleSystemComponent0
[2015.11.20-00.35.54:884][491]LogParticles:Warning: InitializeSystem called on an unregistered component. Template=/Game/Effects/Particles/P_Radiation_Long.P_Radiation_Long Component=/Game/SSA/Maps/Home_Kratakos.Home_Kratakos:PersistentLevel.P_Radiation_Long4.ParticleSystemComponent0
[2015.11.20-00.35.54:884][491]LogParticles:Warning: InitializeSystem called on an unregistered component. Template=/Game/Effects/Particles/P_Stars.P_Stars Component=/Game/SSA/Maps/Home_Kratakos.Home_Kratakos:PersistentLevel.P_Stars_2.ParticleSystemComponent0
[2015.11.20-00.35.54:884][491]LogParticles:Warning: InitializeSystem called on an unregistered component. Template=/Game/Effects/Particles/P_Blackhole.P_Blackhole Component=/Game/SSA/Maps/Home_Kratakos.Home_Kratakos:PersistentLevel.Blackhole_C_0.ParticleSystem
[2015.11.20-00.35.54:885][491]LogParticles:Warning: InitializeSystem called on an unregistered component. Template=/Game/Effects/Particles/P_Blackhole.P_Blackhole Component=/Game/SSA/Maps/Home_Kratakos.Home_Kratakos:PersistentLevel.Blackhole_C_0.ParticleSystem
[2015.11.20-00.35.54:885][491]LogParticles:Warning: InitializeSystem called on an unregistered component. Template=/Game/Effects/Particles/P_Blackhole.P_Blackhole Component=/Game/SSA/Maps/Home_Kratakos.Home_Kratakos:PersistentLevel.Blackhole_C_0.ParticleSystem
[2015.11.20-00.35.54:917][491]Cmd: MAP LOAD FILE="../../../../../../Users/Jin/Documents/GitHub/Game-Files/SuperSpaceArmada/Content/SSA/Maps/Home_Kratakos.umap" TEMPLATE=0 SHOWPROGRESS=1 FEATURELEVEL=3
[2015.11.20-00.35.54:917][491]LightingResults: New page: Lighting Build
[2015.11.20-00.35.54:953][491]LoadErrors: New page: Loading map: Home_Kratakos.umap
[2015.11.20-00.35.54:955][491]MapCheck: New page: Map Check
[2015.11.20-00.35.54:955][491]LightingResults: New page: Lighting Build
[2015.11.20-00.35.54:977][491]LogParticles: Destroying 0 GPU particle simulations for FXSystem 0x000000B06E0DD4E0
[2015.11.20-00.35.55:226][491]LogEditorServer: Finished looking for orphan Actors (0.000 secs)
[2015.11.20-00.35.55:288][491]Cmd: MAP CHECKDEP NOCLEARLOG
[2015.11.20-00.35.55:490][491]MapCheck: Info Map check complete: 0 Error(s), 0 Warning(s), took 200.766ms to complete.
[2015.11.20-00.35.55:491][491]LogFileHelpers: Loading map 'Home_Kratakos' took 0.575
[2015.11.20-00.35.56:373][522]LogEditorViewport: Clicking on Actor (LMB): StaticMeshActor (Cube)
[2015.11.20-00.36.06:777][958]LogSavePackage: Save=147.271851ms
[2015.11.20-00.36.06:777][958]LogSavePackage: Moving '../../../../../../Users/Jin/Documents/GitHub/Game-Files/SuperSpaceArmada/Saved/Home_Kratakos9E48D55D439AF58E08847698F925C84F.tmp' to '../../../../../../Users/Jin/Documents/GitHub/Game-Files/SuperSpaceArmada/Content/SSA/Maps/Home_Kratakos.umap'
[2015.11.20-00.36.06:782][958]LogSavePackage: Total save time: 183.107827ms
[2015.11.20-00.36.06:782][958]LogSavePackage:Warning: Finished SavePackage ../../../../../../Users/Jin/Documents/GitHub/Game-Files/SuperSpaceArmada/Content/SSA/Maps/Home_Kratakos.umap
[2015.11.20-00.36.09:192][ 13]LogAIModule: Creating AISystem for world Home_Vultarii
[2015.11.20-00.36.09:193][ 13]LogParticles:Warning: InitializeSystem called on an unregistered component. Template=/Game/Effects/Particles/P_Radiation_Long.P_Radiation_Long Component=/Game/SSA/Maps/Home_Vultarii.Home_Vultarii:PersistentLevel.P_Radiation_Long_2.ParticleSystemComponent0
[2015.11.20-00.36.09:193][ 13]LogParticles:Warning: InitializeSystem called on an unregistered component. Template=/Game/Effects/Particles/P_Radiation_Long.P_Radiation_Long Component=/Game/SSA/Maps/Home_Vultarii.Home_Vultarii:PersistentLevel.P_Radiation_Long2.ParticleSystemComponent0
[2015.11.20-00.36.09:193][ 13]LogParticles:Warning: InitializeSystem called on an unregistered component. Template=/Game/Effects/Particles/P_Radiation_Long.P_Radiation_Long Component=/Game/SSA/Maps/Home_Vultarii.Home_Vultarii:PersistentLevel.P_Radiation_Long3.ParticleSystemComponent0
[2015.11.20-00.36.09:193][ 13]LogParticles:Warning: InitializeSystem called on an unregistered component. Template=/Game/Effects/Particles/P_Radiation_Long.P_Radiation_Long Component=/Game/SSA/Maps/Home_Vultarii.Home_Vultarii:PersistentLevel.P_Radiation_Long4.ParticleSystemComponent0
[2015.11.20-00.36.09:194][ 13]LogParticles:Warning: InitializeSystem called on an unregistered component. Template=/Game/Effects/Particles/P_Stars.P_Stars Component=/Game/SSA/Maps/Home_Vultarii.Home_Vultarii:PersistentLevel.P_Stars_2.ParticleSystemComponent0
[2015.11.20-00.36.09:256][ 13]Cmd: MAP LOAD FILE="../../../../../../Users/Jin/Documents/GitHub/Game-Files/SuperSpaceArmada/Content/SSA/Maps/Home_Vultarii.umap" TEMPLATE=0 SHOWPROGRESS=1 FEATURELEVEL=3
[2015.11.20-00.36.09:257][ 13]LightingResults: New page: Lighting Build
[2015.11.20-00.36.09:282][ 13]LoadErrors: New page: Loading map: Home_Vultarii.umap
[2015.11.20-00.36.09:283][ 13]MapCheck: New page: Map Check
[2015.11.20-00.36.09:283][ 13]LightingResults: New page: Lighting Build
[2015.11.20-00.36.09:302][ 13]LogParticles: Destroying 0 GPU particle simulations for FXSystem 0x000000B05E5D0360
[2015.11.20-00.36.09:543][ 13]LogEditorServer: Finished looking for orphan Actors (0.000 secs)
[2015.11.20-00.36.09:599][ 13]Cmd: MAP CHECKDEP NOCLEARLOG
[2015.11.20-00.36.09:795][ 13]MapCheck: Info Map check complete: 0 Error(s), 0 Warning(s), took 195.72ms to complete.
[2015.11.20-00.36.09:795][ 13]LogFileHelpers: Loading map 'Home_Vultarii' took 0.541
[2015.11.20-00.36.10:980][ 64]LogEditorViewport: Clicking on Actor (LMB): StaticMeshActor (Cube)
[2015.11.20-00.36.16:701][307]LogMaterial:Warning: Material /Game/Geometry/Meshes/Vultaari_Ship/lambert5SG1.lambert5SG1 needed to have new flag set bUsedWithStaticLighting !
[2015.11.20-00.36.16:718][307]LogMaterial: Missing cached shader map for material lambert5SG1, compiling. 
[2015.11.20-00.36.16:742][307]LogMaterial: 0.000241 seconds spent updating 1 materials, 1 interfaces, 0 instances, 0 with static permutations.
[2015.11.20-00.36.28:859][628]LogSavePackage: Save=149.299789ms
[2015.11.20-00.36.28:859][628]LogSavePackage: Moving '../../../../../../Users/Jin/Documents/GitHub/Game-Files/SuperSpaceArmada/Saved/Home_VultariiBDA408E44F0A6EAB138EF99C2E48D916.tmp' to '../../../../../../Users/Jin/Documents/GitHub/Game-Files/SuperSpaceArmada/Content/SSA/Maps/Home_Vultarii.umap'
[2015.11.20-00.36.28:863][628]LogSavePackage: Total save time: 195.478521ms
[2015.11.20-00.36.28:863][628]LogSavePackage:Warning: Finished SavePackage ../../../../../../Users/Jin/Documents/GitHub/Game-Files/SuperSpaceArmada/Content/SSA/Maps/Home_Vultarii.umap
[2015.11.20-00.36.41:100][ 21]LogSavePackage: Save=141.854782ms
[2015.11.20-00.36.41:100][ 21]LogSavePackage: Moving '../../../../../../Users/Jin/Documents/GitHub/Game-Files/SuperSpaceArmada/Saved/Home_Vultarii12C540F7471D846C8867F28BA9BA39ED.tmp' to '../../../../../../Users/Jin/Documents/GitHub/Game-Files/SuperSpaceArmada/Content/SSA/Maps/Home_Vultarii.umap'
[2015.11.20-00.36.41:103][ 21]LogSavePackage: Total save time: 245.819595ms
[2015.11.20-00.36.41:103][ 21]LogSavePackage:Warning: Finished SavePackage ../../../../../../Users/Jin/Documents/GitHub/Game-Files/SuperSpaceArmada/Content/SSA/Maps/Home_Vultarii.umap
[2015.11.20-00.37.04:590][ 81]LogSavePackage: Save=43.157372ms
[2015.11.20-00.37.04:590][ 81]LogSavePackage: Moving '../../../../../../Users/Jin/Documents/GitHub/Game-Files/SuperSpaceArmada/Saved/lambert5SG1728F23554339814C4D1C5683F3C7A2F2.tmp' to '../../../../../../Users/Jin/Documents/GitHub/Game-Files/SuperSpaceArmada/Content/Geometry/Meshes/Vultaari_Ship/lambert5SG1.uasset'
[2015.11.20-00.37.04:593][ 81]LogSavePackage: Total save time: 116.509981ms
[2015.11.20-00.37.04:593][ 81]LogSavePackage:Warning: Finished SavePackage ../../../../../../Users/Jin/Documents/GitHub/Game-Files/SuperSpaceArmada/Content/Geometry/Meshes/Vultaari_Ship/lambert5SG1.uasset
[2015.11.20-00.37.05:163][ 81]LogWindowsTextInputMethodSystem:Display: IME system now deactivated.
[2015.11.20-00.37.05:838][ 82]Cmd: QUIT_EDITOR
[2015.11.20-00.37.06:624][ 82]LogExit: Preparing to exit.
[2015.11.20-00.37.08:591][ 82]LogExit: Editor shut down
[2015.11.20-00.37.08:591][ 82]LogExit: Transaction tracking system shut down
[2015.11.20-00.37.09:286][ 82]LogParticles: Destroying 0 GPU particle simulations for FXSystem 0x000000B030982FC0
[2015.11.20-00.37.09:288][ 82]LogParticles: Destroying 0 GPU particle simulations for FXSystem 0x000000B06E0DF560
[2015.11.20-00.37.09:289][ 82]LogParticles: Destroying 0 GPU particle simulations for FXSystem 0x000000B06E9B05E0
[2015.11.20-00.37.12:871][ 82]LogParticles: Destroying 0 GPU particle simulations for FXSystem 0x000000B06E0BC860
[2015.11.20-00.37.12:872][ 82]LogParticles: Destroying 0 GPU particle simulations for FXSystem 0x000000B04D38F7E0
[2015.11.20-00.37.12:872][ 82]LogParticles: Destroying 0 GPU particle simulations for FXSystem 0x000000B04D38F600
[2015.11.20-00.37.12:872][ 82]LogExit: Object subsystem successfully closed.
[2015.11.20-00.37.14:394][ 82]LogD3D11RHI: Shutdown
[2015.11.20-00.37.14:394][ 82]LogD3D11RHI: CleanupD3DDevice
[2015.11.20-00.37.14:925][ 82]LogD3D11RHI: ~FD3D11DynamicRHI
[2015.11.20-00.37.18:492][ 82]LogModuleManager: Shutting down and abandoning module MaterialEditor (200)
[2015.11.20-00.37.18:492][ 82]LogModuleManager: Shutting down and abandoning module CrashTracker (199)
[2015.11.20-00.37.18:492][ 82]LogModuleManager: Shutting down and abandoning module SceneOutliner (198)
[2015.11.20-00.37.18:568][ 82]LogModuleManager: Shutting down and abandoning module SuperSearch (197)
[2015.11.20-00.37.18:568][ 82]LogModuleManager: Shutting down and abandoning module WidgetCarousel (196)
[2015.11.20-00.37.18:568][ 82]LogModuleManager: Shutting down and abandoning module AddContentDialog (195)
[2015.11.20-00.37.18:621][ 82]LogModuleManager: Shutting down and abandoning module EditorWidgets (194)
[2015.11.20-00.37.18:621][ 82]LogModuleManager: Shutting down and abandoning module CollectionManager (193)
[2015.11.20-00.37.18:634][ 82]LogModuleManager: Shutting down and abandoning module StatsViewer (192)
[2015.11.20-00.37.18:737][ 82]LogModuleManager: Shutting down and abandoning module FoliageEdit (191)
[2015.11.20-00.37.18:750][ 82]LogModuleManager: Shutting down and abandoning module LandscapeEditor (190)
[2015.11.20-00.37.18:804][ 82]LogModuleManager: Shutting down and abandoning module ActorPickerMode (189)
[2015.11.20-00.37.18:804][ 82]LogModuleManager: Shutting down and abandoning module GeometryMode (188)
[2015.11.20-00.37.18:804][ 82]LogModuleManager: Shutting down and abandoning module TextureAlignMode (187)
[2015.11.20-00.37.18:804][ 82]LogModuleManager: Shutting down and abandoning module BspMode (186)
[2015.11.20-00.37.18:804][ 82]LogModuleManager: Shutting down and abandoning module PlacementMode (185)
[2015.11.20-00.37.18:804][ 82]LogModuleManager: Shutting down and abandoning module AutomationWorker (184)
[2015.11.20-00.37.18:830][ 82]LogModuleManager: Shutting down and abandoning module CharacterAI (183)
[2015.11.20-00.37.18:830][ 82]LogModuleManager: Shutting down and abandoning module SmartSnapping (182)
[2015.11.20-00.37.18:830][ 82]LogModuleManager: Shutting down and abandoning module ViewportSnapping (181)
[2015.11.20-00.37.18:830][ 82]LogModuleManager: Shutting down and abandoning module LogVisualizer (180)
[2015.11.20-00.37.18:978][ 82]LogModuleManager: Shutting down and abandoning module GameProjectGeneration (179)
[2015.11.20-00.37.19:004][ 82]LogModuleManager: Shutting down and abandoning module IntroTutorials (178)
[2015.11.20-00.37.19:089][ 82]LogModuleManager: Shutting down and abandoning module EditorLiveStreaming (177)
[2015.11.20-00.37.19:089][ 82]LogModuleManager: Shutting down and abandoning module IOSPlatformEditor (176)
[2015.11.20-00.37.19:096][ 82]LogModuleManager: Shutting down and abandoning module HTML5PlatformEditor (175)
[2015.11.20-00.37.19:096][ 82]LogModuleManager: Shutting down and abandoning module AndroidDeviceDetection (174)
[2015.11.20-00.37.19:612][ 82]LogModuleManager: Shutting down and abandoning module AndroidPlatformEditor (173)
[2015.11.20-00.37.19:612][ 82]LogModuleManager: Shutting down and abandoning module IOSRuntimeSettings (172)
[2015.11.20-00.37.19:612][ 82]LogModuleManager: Shutting down and abandoning module AndroidRuntimeSettings (171)
[2015.11.20-00.37.19:612][ 82]LogModuleManager: Shutting down and abandoning module MergeActors (170)
[2015.11.20-00.37.19:701][ 82]LogModuleManager: Shutting down and abandoning module SizeMap (169)
[2015.11.20-00.37.19:701][ 82]LogModuleManager: Shutting down and abandoning module TreeMap (168)
[2015.11.20-00.37.19:757][ 82]LogModuleManager: Shutting down and abandoning module ReferenceViewer (167)
[2015.11.20-00.37.19:757][ 82]LogModuleManager: Shutting down and abandoning module LocalizationService (166)
[2015.11.20-00.37.19:815][ 82]LogModuleManager: Shutting down and abandoning module LocalizationDashboard (165)
[2015.11.20-00.37.19:908][ 82]LogModuleManager: Shutting down and abandoning module HardwareTargeting (164)
[2015.11.20-00.37.19:908][ 82]LogModuleManager: Shutting down and abandoning module DeviceProfileEditor (163)
[2015.11.20-00.37.19:908][ 82]LogModuleManager: Shutting down and abandoning module UndoHistory (162)
[2015.11.20-00.37.20:024][ 82]LogModuleManager: Shutting down and abandoning module GameplayTagsEditor (161)
[2015.11.20-00.37.20:024][ 82]LogModuleManager: Shutting down and abandoning module UserFeedback (160)
[2015.11.20-00.37.20:024][ 82]LogModuleManager: Shutting down and abandoning module XmlParser (159)
[2015.11.20-00.37.20:092][ 82]LogModuleManager: Shutting down and abandoning module Blutility (158)
[2015.11.20-00.37.20:092][ 82]LogModuleManager: Shutting down and abandoning module ProjectTargetPlatformEditor (157)
[2015.11.20-00.37.20:104][ 82]LogModuleManager: Shutting down and abandoning module ProjectSettingsViewer (156)
[2015.11.20-00.37.20:104][ 82]LogModuleManager: Shutting down and abandoning module InputBindingEditor (155)
[2015.11.20-00.37.20:228][ 82]LogModuleManager: Shutting down and abandoning module EditorSettingsViewer (154)
[2015.11.20-00.37.20:228][ 82]LogModuleManager: Shutting down and abandoning module SettingsEditor (153)
[2015.11.20-00.37.20:479][ 82]LogModuleManager: Shutting down and abandoning module ProjectLauncher (152)
[2015.11.20-00.37.20:528][ 82]LogModuleManager: Shutting down and abandoning module SessionFrontend (151)
[2015.11.20-00.37.20:535][ 82]LogModuleManager: Shutting down and abandoning module ProfilerClient (150)
[2015.11.20-00.37.20:544][ 82]LogModuleManager: Shutting down and abandoning module TargetDeviceServices (149)
[2015.11.20-00.37.20:544][ 82]LogModuleManager: Shutting down and abandoning module DeviceManager (148)
[2015.11.20-00.37.20:557][ 82]LogModuleManager: Shutting down and abandoning module AutomationController (147)
[2015.11.20-00.37.20:573][ 82]LogModuleManager: Shutting down and abandoning module AutomationWindow (146)
[2015.11.20-00.37.20:590][ 82]LogModuleManager: Shutting down and abandoning module Layers (145)
[2015.11.20-00.37.20:639][ 82]LogModuleManager: Shutting down and abandoning module ComponentVisualizers (144)
[2015.11.20-00.37.20:639][ 82]LogModuleManager: Shutting down and abandoning module DetailCustomizations (143)
[2015.11.20-00.37.20:664][ 82]LogModuleManager: Shutting down and abandoning module PackagesDialog (142)
[2015.11.20-00.37.20:665][ 82]LogModuleManager: Shutting down and abandoning module Persona (141)
[2015.11.20-00.37.20:729][ 82]LogModuleManager: Shutting down and abandoning module Kismet (140)
[2015.11.20-00.37.20:754][ 82]LogModuleManager: Shutting down and abandoning module GraphEditor (139)
[2015.11.20-00.37.20:754][ 82]LogModuleManager: Shutting down and abandoning module ClassViewer (138)
[2015.11.20-00.37.20:762][ 82]LogModuleManager: Shutting down and abandoning module Toolbox (137)
[2015.11.20-00.37.20:762][ 82]LogModuleManager: Shutting down and abandoning module ModuleUI (136)
[2015.11.20-00.37.20:778][ 82]LogModuleManager: Shutting down and abandoning module MovieSceneTools (135)
[2015.11.20-00.37.20:804][ 82]LogModuleManager: Shutting down and abandoning module OutputLog (134)
[2015.11.20-00.37.20:809][ 82]LogModuleManager: Shutting down and abandoning module GammaUI (133)
[2015.11.20-00.37.20:837][ 82]LogModuleManager: Shutting down and abandoning module Documentation (132)
[2015.11.20-00.37.20:837][ 82]LogModuleManager: Shutting down and abandoning module GameLiveStreaming (131)
[2015.11.20-00.37.20:846][ 82]LogModuleManager: Shutting down and abandoning module StreamingPauseRendering (130)
[2015.11.20-00.37.20:908][ 82]LogModuleManager: Shutting down and abandoning module AnalyticsET (129)
[2015.11.20-00.37.20:908][ 82]LogModuleManager: Shutting down and abandoning module Analytics (128)
[2015.11.20-00.37.20:908][ 82]LogModuleManager: Shutting down and abandoning module AITestSuite (127)
[2015.11.20-00.37.20:932][ 82]LogModuleManager: Shutting down and abandoning module GameplayDebugger (126)
[2015.11.20-00.37.20:932][ 82]LogModuleManager: Shutting down and abandoning module AIModule (125)
[2015.11.20-00.37.21:053][ 82]LogModuleManager: Shutting down and abandoning module ProfilerService (124)
[2015.11.20-00.37.21:379][ 82]LogModuleManager: Shutting down and abandoning module TaskGraph (123)
[2015.11.20-00.37.21:484][ 82]LogModuleManager: Shutting down and abandoning module SubstanceEditor (122)
[2015.11.20-00.37.21:543][ 82]LogModuleManager: Shutting down and abandoning module SlateRemote (121)
[2015.11.20-00.37.21:543][ 82]LogModuleManager: Shutting down and abandoning module SteamVRController (120)
[2015.11.20-00.37.21:543][ 82]LogModuleManager: Shutting down and abandoning module SteamVR (119)
[2015.11.20-00.37.21:543][ 82]LogModuleManager: Shutting down and abandoning module ProceduralMeshComponent (118)
[2015.11.20-00.37.21:543][ 82]LogModuleManager: Shutting down and abandoning module OculusRift (117)
[2015.11.20-00.37.21:543][ 82]LogModuleManager: Shutting down and abandoning module OculusLibrary (116)
[2015.11.20-00.37.21:543][ 82]LogModuleManager: Shutting down and abandoning module LeapMotionController (115)
[2015.11.20-00.37.21:563][ 82]LogModuleManager: Shutting down and abandoning module CustomMeshComponent (114)
[2015.11.20-00.37.21:587][ 82]LogModuleManager: Shutting down and abandoning module CableComponent (113)
[2015.11.20-00.37.21:587][ 82]LogModuleManager: Shutting down and abandoning module ArchVisCharacter (112)
[2015.11.20-00.37.21:587][ 82]LogModuleManager: Shutting down and abandoning module MessagingDebugger (111)
[2015.11.20-00.37.21:620][ 82]LogModuleManager: Shutting down and abandoning module MediaPlayerEditor (110)
[2015.11.20-00.37.21:740][ 82]LogModuleManager: Shutting down and abandoning module HTML5Networking (109)
[2015.11.20-00.37.21:740][ 82]LogModuleManager: Shutting down and abandoning module SpeedTreeImporter (108)
[2015.11.20-00.37.21:740][ 82]LogModuleManager: Shutting down and abandoning module PluginBrowser (107)
[2015.11.20-00.37.21:779][ 82]LogModuleManager: Shutting down and abandoning module EpicSurvey (106)
[2015.11.20-00.37.21:779][ 82]LogModuleManager: Shutting down and abandoning module DesktopPlatform (105)
[2015.11.20-00.37.21:799][ 82]LogModuleManager: Shutting down and abandoning module VisualStudioSourceCodeAccess (104)
[2015.11.20-00.37.21:839][ 82]LogModuleManager: Shutting down and abandoning module UObjectPlugin (103)
[2015.11.20-00.37.21:839][ 82]LogModuleManager: Shutting down and abandoning module SubversionSourceControl (102)
[2015.11.20-00.37.21:867][ 82]LogModuleManager: Shutting down and abandoning module PerforceSourceControl (101)
[2015.11.20-00.37.21:928][ 82]LogModuleManager: Shutting down and abandoning module SourceControl (100)
[2015.11.20-00.37.21:943][ 82]LogModuleManager: Shutting down and abandoning module GitSourceControl (99)
[2015.11.20-00.37.21:970][ 82]LogModuleManager: Shutting down and abandoning module LightPropagationVolumeEditor (98)
[2015.11.20-00.37.21:970][ 82]LogModuleManager: Shutting down and abandoning module PaperTiledImporter (97)
[2015.11.20-00.37.22:010][ 82]LogModuleManager: Shutting down and abandoning module PaperSpriteSheetImporter (96)
[2015.11.20-00.37.22:060][ 82]LogModuleManager: Shutting down and abandoning module MeshPaint (95)
[2015.11.20-00.37.22:096][ 82]LogModuleManager: Shutting down and abandoning module SlateReflector (94)
[2015.11.20-00.37.22:127][ 82]LogModuleManager: Shutting down and abandoning module HotReload (93)
[2015.11.20-00.37.22:357][ 82]LogModuleManager: Shutting down and abandoning module MainFrame (92)
[2015.11.20-00.37.22:357][ 82]LogModuleManager: Shutting down and abandoning module LevelEditor (91)
[2015.11.20-00.37.22:405][ 82]LogModuleManager: Shutting down and abandoning module ContentBrowser (90)
[2015.11.20-00.37.22:406][ 82]LogModuleManager: Shutting down and abandoning module Paper2DEditor (89)
[2015.11.20-00.37.22:527][ 82]LogModuleManager: Shutting down and abandoning module UdpMessaging (88)
[2015.11.20-00.37.22:628][ 82]LogModuleManager: Shutting down and abandoning module DirectoryWatcher (87)
[2015.11.20-00.37.22:629][ 82]LogModuleManager: Shutting down and abandoning module AssetRegistry (86)
[2015.11.20-00.37.22:711][ 82]LogModuleManager: Shutting down and abandoning module SubstanceCore (85)
[2015.11.20-00.37.22:782][ 82]LogModuleManager: Shutting down and abandoning module LightPropagationVolumeRuntime (84)
[2015.11.20-00.37.22:782][ 82]LogModuleManager: Shutting down and abandoning module Paper2D (83)
[2015.11.20-00.37.22:798][ 82]LogModuleManager: Shutting down and abandoning module WindowsMoviePlayer (82)
[2015.11.20-00.37.22:871][ 82]LogModuleManager: Shutting down and abandoning module Media (81)
[2015.11.20-00.37.22:871][ 82]LogModuleManager: Shutting down and abandoning module WmfMedia (80)
[2015.11.20-00.37.22:887][ 82]LogModuleManager: Shutting down and abandoning module OnlineBlueprintSupport (79)
[2015.11.20-00.37.22:887][ 82]LogModuleManager: Shutting down and abandoning module GameplayTasksEditor (78)
[2015.11.20-00.37.22:887][ 82]LogModuleManager: Shutting down and abandoning module PropertyEditor (77)
[2015.11.20-00.37.22:887][ 82]LogModuleManager: Shutting down and abandoning module BehaviorTreeEditor (76)
[2015.11.20-00.37.22:917][ 82]LogModuleManager: Shutting down and abandoning module FunctionalTesting (75)
[2015.11.20-00.37.22:917][ 82]LogModuleManager: Shutting down and abandoning module CollisionAnalyzer (74)
[2015.11.20-00.37.22:947][ 82]LogModuleManager: Shutting down and abandoning module WorkspaceMenuStructure (73)
[2015.11.20-00.37.22:947][ 82]LogModuleManager: Shutting down and abandoning module MessageLog (72)
[2015.11.20-00.37.22:947][ 82]LogModuleManager: Shutting down and abandoning module Sequencer (71)
[2015.11.20-00.37.23:027][ 82]LogModuleManager: Shutting down and abandoning module AssetTools (70)
[2015.11.20-00.37.23:234][ 82]LogModuleManager: Shutting down and abandoning module UMGEditor (69)
[2015.11.20-00.37.23:298][ 82]LogModuleManager: Shutting down and abandoning module UMG (68)
[2015.11.20-00.37.23:308][ 82]LogModuleManager: Shutting down and abandoning module Slate (67)
[2015.11.20-00.37.23:308][ 82]LogModuleManager: Shutting down and abandoning module EditorStyle (66)
[2015.11.20-00.37.23:311][ 82]LogModuleManager: Shutting down and abandoning module SessionServices (65)
[2015.11.20-00.37.23:311][ 82]LogModuleManager: Shutting down and abandoning module SourceCodeAccess (64)
[2015.11.20-00.37.23:311][ 82]LogModuleManager: Shutting down and abandoning module HeadMountedDisplay (63)
[2015.11.20-00.37.23:311][ 82]LogModuleManager: Shutting down and abandoning module XAudio2 (62)
[2015.11.20-00.37.23:311][ 82]LogModuleManager: Shutting down and abandoning module Networking (60)
[2015.11.20-00.37.23:311][ 82]LogModuleManager: Shutting down and abandoning module Core (59)
[2015.11.20-00.37.23:311][ 82]LogModuleManager: Shutting down and abandoning module KismetCompiler (58)
[2015.11.20-00.37.23:311][ 82]LogModuleManager: Shutting down and abandoning module PhysXFormats (57)
[2015.11.20-00.37.23:350][ 82]LogModuleManager: Shutting down and abandoning module MeshUtilities (56)
[2015.11.20-00.37.23:451][ 82]LogModuleManager: Shutting down and abandoning module CookingStats (55)
[2015.11.20-00.37.23:455][ 82]LogModuleManager: Shutting down and abandoning module DerivedDataCache (54)
[2015.11.20-00.37.23:496][ 82]LogDerivedDataCache: Shutdown
[2015.11.20-00.37.23:496][ 82]LogModuleManager: Shutting down and abandoning module ShaderFormatOpenGL (53)
[2015.11.20-00.37.23:514][ 82]LogModuleManager: Shutting down and abandoning module ShaderFormatD3D (52)
[2015.11.20-00.37.23:545][ 82]LogModuleManager: Shutting down and abandoning module MetalShaderFormat (51)
[2015.11.20-00.37.23:574][ 82]LogModuleManager: Shutting down and abandoning module TextureFormatUncompressed (50)
[2015.11.20-00.37.23:574][ 82]LogModuleManager: Shutting down and abandoning module TextureFormatPVR (49)
[2015.11.20-00.37.23:618][ 82]LogModuleManager: Shutting down and abandoning module TextureFormatIntelISPCTexComp (48)
[2015.11.20-00.37.23:713][ 82]LogModuleManager: Shutting down and abandoning module TextureFormatDXT (47)
[2015.11.20-00.37.23:719][ 82]LogModuleManager: Shutting down and abandoning module ImageWrapper (46)
[2015.11.20-00.37.23:719][ 82]LogModuleManager: Shutting down and abandoning module TextureFormatASTC (45)
[2015.11.20-00.37.23:719][ 82]LogModuleManager: Shutting down and abandoning module TextureFormatAndroid (44)
[2015.11.20-00.37.23:719][ 82]LogModuleManager: Shutting down and abandoning module AudioFormatOpus (43)
[2015.11.20-00.37.23:772][ 82]LogModuleManager: Shutting down and abandoning module AudioFormatOgg (42)
[2015.11.20-00.37.23:805][ 82]LogModuleManager: Shutting down and abandoning module AudioFormatADPCM (41)
[2015.11.20-00.37.23:837][ 82]LogModuleManager: Shutting down and abandoning module LinuxTargetPlatform (40)
[2015.11.20-00.37.23:837][ 82]LogModuleManager: Shutting down and abandoning module LinuxServerTargetPlatform (39)
[2015.11.20-00.37.23:845][ 82]LogModuleManager: Shutting down and abandoning module LinuxNoEditorTargetPlatform (38)
[2015.11.20-00.37.23:868][ 82]LogModuleManager: Shutting down and abandoning module Messaging (37)
[2015.11.20-00.37.23:868][ 82]LogModuleManager: Shutting down and abandoning module IOSTargetPlatform (36)
[2015.11.20-00.37.23:868][ 82]LogModuleManager: Shutting down and abandoning module HTML5TargetPlatform (35)
[2015.11.20-00.37.23:868][ 82]LogModuleManager: Shutting down and abandoning module Android_PVRTCTargetPlatform (34)
[2015.11.20-00.37.23:878][ 82]LogModuleManager: Shutting down and abandoning module Android_ETC2TargetPlatform (33)
[2015.11.20-00.37.23:878][ 82]LogModuleManager: Shutting down and abandoning module Android_ETC1TargetPlatform (32)
[2015.11.20-00.37.23:878][ 82]LogModuleManager: Shutting down and abandoning module Android_DXTTargetPlatform (31)
[2015.11.20-00.37.23:880][ 82]LogModuleManager: Shutting down and abandoning module Android_ATCTargetPlatform (30)
[2015.11.20-00.37.23:880][ 82]LogModuleManager: Shutting down and abandoning module Android_ASTCTargetPlatform (29)
[2015.11.20-00.37.23:893][ 82]LogModuleManager: Shutting down and abandoning module AndroidTargetPlatform (28)
[2015.11.20-00.37.23:921][ 82]LogModuleManager: Shutting down and abandoning module WindowsTargetPlatform (27)
[2015.11.20-00.37.23:921][ 82]LogModuleManager: Shutting down and abandoning module WindowsServerTargetPlatform (26)
[2015.11.20-00.37.23:941][ 82]LogModuleManager: Shutting down and abandoning module WindowsNoEditorTargetPlatform (25)
[2015.11.20-00.37.23:946][ 82]LogModuleManager: Shutting down and abandoning module WindowsClientTargetPlatform (24)
[2015.11.20-00.37.23:956][ 82]LogModuleManager: Shutting down and abandoning module AllDesktopTargetPlatform (23)
[2015.11.20-00.37.24:092][ 82]LogModuleManager: Shutting down and abandoning module TargetPlatform (22)
[2015.11.20-00.37.24:092][ 82]LogModuleManager: Shutting down and abandoning module InputCore (21)
[2015.11.20-00.37.24:092][ 82]LogModuleManager: Shutting down and abandoning module Settings (20)
[2015.11.20-00.37.24:092][ 82]LogModuleManager: Shutting down and abandoning module OnlineSubsystem (18)
[2015.11.20-00.37.24:092][ 82]LogModuleManager: Shutting down and abandoning module HTTP (17)
[2015.11.20-00.37.25:093][ 82]LogModuleManager: Shutting down and abandoning module XMPP (16)
[2015.11.20-00.37.25:408][ 82]LogModuleManager: Shutting down and abandoning module ExampleDeviceProfileSelector (15)
[2015.11.20-00.37.25:408][ 82]LogModuleManager: Shutting down and abandoning module TextureCompressor (14)
[2015.11.20-00.37.25:443][ 82]LogModuleManager: Shutting down and abandoning module ShaderCore (13)
[2015.11.20-00.37.25:443][ 82]LogModuleManager: Shutting down and abandoning module Landscape (12)
[2015.11.20-00.37.25:443][ 82]LogModuleManager: Shutting down and abandoning module SlateRHIRenderer (11)
[2015.11.20-00.37.25:940][ 82]LogModuleManager: Shutting down and abandoning module OpenGLDrv (10)
[2015.11.20-00.37.25:957][ 82]LogModuleManager: Shutting down and abandoning module D3D11RHI (9)
[2015.11.20-00.37.25:957][ 82]LogModuleManager: Shutting down and abandoning module AnimGraphRuntime (8)
[2015.11.20-00.37.25:984][ 82]LogModuleManager: Shutting down and abandoning module Renderer (7)
[2015.11.20-00.37.25:984][ 82]LogModuleManager: Shutting down and abandoning module Engine (6)
[2015.11.20-00.37.25:984][ 82]LogModuleManager: Shutting down and abandoning module CoreUObject (5)
[2015.11.20-00.37.25:984][ 82]LogModuleManager: Shutting down and abandoning module NetworkFile (4)
[2015.11.20-00.37.26:002][ 82]LogModuleManager: Shutting down and abandoning module StreamingFile (3)
[2015.11.20-00.37.26:002][ 82]LogModuleManager: Shutting down and abandoning module SandboxFile (2)
[2015.11.20-00.37.26:002][ 82]LogModuleManager: Shutting down and abandoning module PakFile (1)
[2015.11.20-00.37.26:061][ 82]LogExit: Exiting.
[2015.11.20-00.37.26:110][ 82]Log file closed, 11/19/15 19:37:26
