[2015.11.04-22.27.00:980][  0]Log file open, 11/04/15 17:27:00
[2015.11.04-22.27.00:980][  0]LogInit:Display: Running engine for game: SuperSpaceArmada
[2015.11.04-22.27.00:980][  0]LogInit:Display: RandInit(2129452360) SRandInit(2129452361).
[2015.11.04-22.27.00:980][  0]LogTaskGraph: Started task graph with 4 named threads and 7 total threads.
[2015.11.04-22.27.00:980][  0]LogStats: Stats thread started at 0.120463
[2015.11.04-22.27.00:980][  0]LogInit: Version: 4.9.1-2689999+++depot+UE4-Releases+4.9
[2015.11.04-22.27.00:980][  0]LogInit: API Version: 2672455
[2015.11.04-22.27.00:980][  0]LogInit: Compiled (64-bit): Sep 14 2015 04:12:03
[2015.11.04-22.27.00:980][  0]LogInit: Compiled with Visual C++: 18.00.21005.01
[2015.11.04-22.27.00:980][  0]LogInit: Build Configuration: Development
[2015.11.04-22.27.00:980][  0]LogInit: Branch Name: ++depot+UE4-Releases+4.9
[2015.11.04-22.27.00:980][  0]LogInit: Command line:  
[2015.11.04-22.27.00:980][  0]LogInit: Base directory: C:/Program Files/Epic Games/4.9/Engine/Binaries/Win64/
[2015.11.04-22.27.00:980][  0]LogInit: Rocket: 1
[2015.11.04-22.27.01:100][  0]LogInit: Using libcurl 7.41.0
[2015.11.04-22.27.01:100][  0]LogInit:  - built for x86_64-pc-win32
[2015.11.04-22.27.01:100][  0]LogInit:  - supports SSL with WinSSL
[2015.11.04-22.27.01:100][  0]LogInit:  - other features:
[2015.11.04-22.27.01:100][  0]LogInit:      CURL_VERSION_SSL
[2015.11.04-22.27.01:100][  0]LogInit:      CURL_VERSION_IPV6
[2015.11.04-22.27.01:100][  0]LogInit:      CURL_VERSION_ASYNCHDNS
[2015.11.04-22.27.01:100][  0]LogInit:      CURL_VERSION_LARGEFILE
[2015.11.04-22.27.01:100][  0]LogInit:      CURL_VERSION_IDN
[2015.11.04-22.27.01:100][  0]LogInit:  CurlRequestOptions (configurable via config and command line):
[2015.11.04-22.27.01:100][  0]LogInit:  - bVerifyPeer = true  - Libcurl will verify peer certificate
[2015.11.04-22.27.01:100][  0]LogInit:  - bUseHttpProxy = false  - Libcurl will NOT use HTTP proxy
[2015.11.04-22.27.01:100][  0]LogInit:  - bDontReuseConnections = false  - Libcurl will reuse connections
[2015.11.04-22.27.01:100][  0]LogInit:  - CertBundlePath = nullptr  - Libcurl will use whatever was configured at build time.
[2015.11.04-22.27.01:193][  0]LogInit: Presizing for 0 objects not considered by GC, pre-allocating 0 bytes.
[2015.11.04-22.27.01:199][  0]LogInit: Object subsystem initialized
[2015.11.04-22.27.01:201][  0]LogInit: Selected Device Profile: [Windows]
[2015.11.04-22.27.01:201][  0]LogInit: Applying CVar settings loaded from the selected device profile: [Windows]
[2015.11.04-22.27.01:217][  0]LogInit: Computer: EXIA
[2015.11.04-22.27.01:217][  0]LogInit: User: SGJin
[2015.11.04-22.27.01:217][  0]LogInit: CPU Page size=4096, Cores=4
[2015.11.04-22.27.01:217][  0]LogInit: High frequency timer resolution =2.338347 MHz
[2015.11.04-22.27.01:217][  0]LogMemory: Memory total: Physical=7.9GB (8GB approx)
[2015.11.04-22.27.01:217][  0]LogMemory: Platform Memory Stats for Windows
[2015.11.04-22.27.01:217][  0]LogMemory: Process Physical Memory: 54.29 MB used, 54.29 MB peak
[2015.11.04-22.27.01:217][  0]LogMemory: Process Virtual Memory: 55.33 MB used, 55.33 MB peak
[2015.11.04-22.27.01:217][  0]LogMemory: Physical Memory: 4153.61 MB used, 8124.02 MB total
[2015.11.04-22.27.01:217][  0]LogMemory: Virtual Memory: 364.63 MB used, 134217728.00 MB total
[2015.11.04-22.27.01:784][  0]LogTextLocalizationManager: No specific translations for ('en-US') exist, so ('en') translations will be used.
[2015.11.04-22.27.02:416][  0]LogD3D11RHI: Found D3D11 adapter 0: NVIDIA GeForce GT 740M          (Feature Level 11_0)
[2015.11.04-22.27.02:416][  0]LogD3D11RHI: Adapter has 1996MB of dedicated video memory, 0MB of dedicated system memory, and 4062MB of shared system memory, 1 output[s]
[2015.11.04-22.27.02:421][  0]LogD3D11RHI: Found D3D11 adapter 1: Intel(R) HD Graphics 4600 (Feature Level 11_0)
[2015.11.04-22.27.02:421][  0]LogD3D11RHI: Adapter has 112MB of dedicated video memory, 0MB of dedicated system memory, and 4062MB of shared system memory, 0 output[s]
[2015.11.04-22.27.02:423][  0]LogD3D11RHI: Found D3D11 adapter 2: Microsoft Basic Render Driver (Feature Level 11_0)
[2015.11.04-22.27.02:423][  0]LogD3D11RHI: Adapter has 0MB of dedicated video memory, 0MB of dedicated system memory, and 4062MB of shared system memory, 0 output[s]
[2015.11.04-22.27.02:423][  0]LogD3D11RHI: Chosen D3D11 Adapter Id = 0
[2015.11.04-22.27.02:427][  0]LogD3D11RHI: !Direct3DDevice
[2015.11.04-22.27.02:427][  0]LogRHI: Texture pool is 1361 MB (70% of 1945 MB)
[2015.11.04-22.27.02:439][  0]LogD3D11RHI: Async texture creation enabled
[2015.11.04-22.27.02:455][  0]LogShaderCompilers: Guid format shader working directory is 15 characters bigger than the processId version (../../../../../../Users/Jin/Documents/GitHub/Game-Files/SuperSpaceArmada/Intermediate/Shaders/WorkingDirectory/1788/).
[2015.11.04-22.27.02:455][  0]LogShaderCompilers: Cleaned the shader compiler working directory '../../../../../../Users/Jin/Documents/GitHub/Game-Files/SuperSpaceArmada/Intermediate/Shaders/tmp/6E1D9FDA4AAFA4AE110081822A34FFAA/'.
[2015.11.04-22.27.02:455][  0]LogShaderCompilers:Display: Using Local Shader Compiler.
[2015.11.04-22.27.04:125][  0]LogTemp:Display: Loaded TP AllDesktopTargetPlatform
[2015.11.04-22.27.04:152][  0]LogTemp:Display: Loaded TP WindowsClientTargetPlatform
[2015.11.04-22.27.04:165][  0]LogTemp:Display: Loaded TP WindowsNoEditorTargetPlatform
[2015.11.04-22.27.04:178][  0]LogTemp:Display: Loaded TP WindowsServerTargetPlatform
[2015.11.04-22.27.04:191][  0]LogTemp:Display: Loaded TP WindowsTargetPlatform
[2015.11.04-22.27.04:217][  0]LogTemp:Display: Loaded TP AndroidTargetPlatform
[2015.11.04-22.27.04:241][  0]LogTemp:Display: Loaded TP Android_ASTCTargetPlatform
[2015.11.04-22.27.04:265][  0]LogTemp:Display: Loaded TP Android_ATCTargetPlatform
[2015.11.04-22.27.04:276][  0]LogTemp:Display: Loaded TP Android_DXTTargetPlatform
[2015.11.04-22.27.04:299][  0]LogTemp:Display: Loaded TP Android_ETC1TargetPlatform
[2015.11.04-22.27.04:324][  0]LogTemp:Display: Loaded TP Android_ETC2TargetPlatform
[2015.11.04-22.27.04:336][  0]LogTemp:Display: Loaded TP Android_PVRTCTargetPlatform
[2015.11.04-22.27.04:349][  0]LogTemp:Display: Loaded TP HTML5TargetPlatform
[2015.11.04-22.27.04:407][  0]LogTemp:Display: Loaded TP IOSTargetPlatform
[2015.11.04-22.27.04:436][  0]LogTemp:Display: Loaded TP LinuxNoEditorTargetPlatform
[2015.11.04-22.27.04:460][  0]LogTemp:Display: Loaded TP LinuxServerTargetPlatform
[2015.11.04-22.27.04:489][  0]LogTemp:Display: Loaded TP LinuxTargetPlatform
[2015.11.04-22.27.04:489][  0]LogTargetPlatformManager:Display: Building Assets For Windows
[2015.11.04-22.27.05:094][  0]LogDerivedDataCache:Display: Max Cache Size: 512 MB
[2015.11.04-22.27.05:600][  0]LogDerivedDataCache: Loaded boot cache 0.51s 41MB C:/Users/Jin/AppData/Local/UnrealEngine/4.9/DerivedDataCache/Boot.ddc.
[2015.11.04-22.27.05:600][  0]LogDerivedDataCache:Display: Loaded Boot cache: C:/Users/Jin/AppData/Local/UnrealEngine/4.9/DerivedDataCache/Boot.ddc
[2015.11.04-22.27.05:600][  0]LogDerivedDataCache: FDerivedDataBackendGraph:  Pak pak cache file ../../../../../../Users/Jin/Documents/GitHub/Game-Files/SuperSpaceArmada/DerivedDataCache/DDC.ddp not found, will not use a pak cache.
[2015.11.04-22.27.05:600][  0]LogDerivedDataCache: Unable to find inner node Pak for hierarchical cache Hierarchy.
[2015.11.04-22.27.05:600][  0]LogDerivedDataCache: FDerivedDataBackendGraph:  CompressedPak pak cache file ../../../../../../Users/Jin/Documents/GitHub/Game-Files/SuperSpaceArmada/DerivedDataCache/Compressed.ddp not found, will not use a pak cache.
[2015.11.04-22.27.05:600][  0]LogDerivedDataCache: Unable to find inner node CompressedPak for hierarchical cache Hierarchy.
[2015.11.04-22.27.05:788][  0]LogDerivedDataCache:Display: Pak cache opened for reading ../../../Engine/DerivedDataCache/Compressed.ddp.
[2015.11.04-22.27.05:801][  0]LogDerivedDataCache: Using Local data cache path C:/Users/Jin/AppData/Local/UnrealEngine/Common/DerivedDataCache: Writable
[2015.11.04-22.27.07:827][  0]LogInit: Selected Device Profile: [Windows]
[2015.11.04-22.27.07:850][  0]LogContentStreaming: Texture pool size is 0.000000MB
[2015.11.04-22.27.08:171][  0]LogMeshUtilities: No automatic mesh reduction module available
[2015.11.04-22.27.08:171][  0]LogMeshUtilities: No automatic mesh merging module available
[2015.11.04-22.27.09:733][  0]LogInit: WinSock: version 1.1 (2.2), MaxSocks=32767, MaxUdp=65467
[2015.11.04-22.27.34:644][  0]LogAssetRegistry: FAssetRegistry took 0.0110 seconds to start up
[2015.11.04-22.27.34:738][  0]UdpMessaging: Initializing bridge on interface 0.0.0.0:0 to multicast group 230.0.0.1:6666.
[2015.11.04-22.27.38:872][  0]SourceControl: Info Source control is disabled
[2015.11.04-22.27.39:465][  0]SourceControl: Info Source control is disabled
[2015.11.04-22.27.39:598][  0]SourceControl: Info Source control is disabled
[2015.11.04-22.27.39:661][  0]SourceControl: Info Source control is disabled
[2015.11.04-22.27.40:679][  0]LogLinker:Warning: Asset '../../../Engine/Plugins/Runtime/LeapMotionController/Content/LM_PassthroughMaterial.uasset' has been saved with empty engine version. The asset will be loaded but may be incompatible.
[2015.11.04-22.27.41:051][  0]LogObj: 28528 objects as part of root set at end of initial load.
[2015.11.04-22.27.41:051][  0]LogUObjectAllocator: 6068464 out of 0 bytes used by permanent object pool.
[2015.11.04-22.27.41:283][  0]LogEngine: Initializing Engine...
[2015.11.04-22.27.41:287][  0]LogHMD: Can't find Oculus library dev build: is proper Runtime installed? Version: 0.7.0.0
[2015.11.04-22.27.41:305][  0]LogHMD: SteamVR failed to initialize.  Err: 110
[2015.11.04-22.27.41:812][  0]LogAIModule: Creating AISystem for world NewWorld
[2015.11.04-22.27.41:820][  0]LogInit: XAudio2 using 'Speakers / HP (IDT High Definition Audio CODEC)' : 2 channels at 48 kHz using 16 bits per sample (channel mask 0x3)
[2015.11.04-22.27.41:837][  0]LogInit: FAudioDevice initialized.
[2015.11.04-22.27.41:859][  0]LogDerivedDataCache: Saved boot cache 0.02s 41MB C:/Users/Jin/AppData/Local/UnrealEngine/4.9/DerivedDataCache/Boot.ddc.
[2015.11.04-22.27.41:861][  0]LogInit: Texture streaming: Enabled
[2015.11.04-22.27.41:979][  0]LogAnalytics: Creating configured Analytics provider AnalyticsET
[2015.11.04-22.27.41:979][  0]LogAnalytics: [UEEditor.Rocket.Release] APIServer = http://et2.epicgames.com/ET2/. AppVersion = 4.9.1-2689999+++depot+UE4-Releases+4.9
[2015.11.04-22.27.41:979][  0]LogAnalytics: [UEEditor.Rocket.Release] SetUserId 435ea4a8489b84c6f4feaab84cbae6c8|e03effeb7bdf4ddc9c712682a578c51b|8a2a019e-36d5-4c55-97e1-833141022920
[2015.11.04-22.27.41:979][  0]LogAnalytics: [UEEditor.Rocket.Release] AnalyticsET::StartSession
[2015.11.04-22.27.42:059][  0]LogInit: Transaction tracking system initialized
[2015.11.04-22.27.42:264][  0]BlueprintLog: New page: Editor Load
[2015.11.04-22.27.44:743][  0]LocalizationService: Info Localization service is disabled
[2015.11.04-22.27.46:203][  0]LogConsoleResponse:Display: 
[2015.11.04-22.27.52:092][  0]LogCook:Display: Done creating registry. It took  0.00s.
[2015.11.04-22.27.52:950][  0]LogFileCache: Scanning file cache for directory 'C:/Users/Jin/Documents/GitHub/Game-Files/SuperSpaceArmada/Content/' took 0.02s
[2015.11.04-22.27.53:065][  0]SourceControl: Info Source control is disabled
[2015.11.04-22.30.43:199][  0]LogWindowsTextInputMethodSystem:Display: IME system now deactivated.
[2015.11.04-22.30.43:205][  0]LogWindowsTextInputMethodSystem:Display: IME system now deactivated.
[2015.11.04-22.30.51:871][  0]LogWindowsTextInputMethodSystem:Display: IME system now deactivated.
[2015.11.04-22.30.52:060][  0]LogWindowsTextInputMethodSystem:Display: IME system now deactivated.
[2015.11.04-22.30.52:061][  0]Cmd: MAP LOAD FILE="../../../../../../Users/Jin/Documents/GitHub/Game-Files/SuperSpaceArmada/Content/SSA/Maps/Home_Kratakos.umap" TEMPLATE=0 SHOWPROGRESS=1 FEATURELEVEL=3
[2015.11.04-22.30.52:062][  0]LightingResults: New page: Lighting Build
[2015.11.04-22.30.52:067][  0]MapCheck: New page: Map Check
[2015.11.04-22.30.52:067][  0]LightingResults: New page: Lighting Build
[2015.11.04-22.30.52:082][  0]LogParticles: Destroying 0 GPU particle simulations for FXSystem 0x0000009FC278D620
[2015.11.04-22.30.52:361][  0]LogLinker:Warning: Asset '../../../../../../Users/Jin/Documents/GitHub/Game-Files/SuperSpaceArmada/Content/Mannequin/Animations/ThirdPerson_AnimBP.uasset' has been saved with empty engine version. The asset will be loaded but may be incompatible.
[2015.11.04-22.30.52:372][  0]LogLinker:Warning: Asset '../../../../../../Users/Jin/Documents/GitHub/Game-Files/SuperSpaceArmada/Content/Mannequin/Animations/ThirdPerson_Jump.uasset' has been saved with empty engine version. The asset will be loaded but may be incompatible.
[2015.11.04-22.30.52:398][  0]LogLinker:Warning: Asset '../../../../../../Users/Jin/Documents/GitHub/Game-Files/SuperSpaceArmada/Content/Mannequin/Animations/ThirdPersonJump_Loop.uasset' has been saved with empty engine version. The asset will be loaded but may be incompatible.
[2015.11.04-22.30.52:408][  0]LogLinker:Warning: Asset '../../../../../../Users/Jin/Documents/GitHub/Game-Files/SuperSpaceArmada/Content/Mannequin/Animations/ThirdPersonJump_Start.uasset' has been saved with empty engine version. The asset will be loaded but may be incompatible.
[2015.11.04-22.30.52:424][  0]LogLinker:Warning: Asset '../../../../../../Users/Jin/Documents/GitHub/Game-Files/SuperSpaceArmada/Content/Mannequin/Animations/ThirdPerson_IdleRun_2D.uasset' has been saved with empty engine version. The asset will be loaded but may be incompatible.
[2015.11.04-22.30.52:450][  0]LogLinker:Warning: Asset '../../../../../../Users/Jin/Documents/GitHub/Game-Files/SuperSpaceArmada/Content/Mannequin/Animations/ThirdPersonIdle.uasset' has been saved with empty engine version. The asset will be loaded but may be incompatible.
[2015.11.04-22.30.52:456][  0]LogLinker:Warning: Asset '../../../../../../Users/Jin/Documents/GitHub/Game-Files/SuperSpaceArmada/Content/Mannequin/Animations/ThirdPersonRun.uasset' has been saved with empty engine version. The asset will be loaded but may be incompatible.
[2015.11.04-22.30.52:466][  0]LogLinker:Warning: Asset '../../../../../../Users/Jin/Documents/GitHub/Game-Files/SuperSpaceArmada/Content/Mannequin/Animations/ThirdPersonWalk.uasset' has been saved with empty engine version. The asset will be loaded but may be incompatible.
[2015.11.04-22.30.56:531][  0]LogBlueprint:Error: Broken Node: K2Node_CallFunction /Game/SSA/Blueprints/Objects/Debris.Debris:Debris Collision func.K2Node_CallFunction_3036 keeps removed/invalid pin: EdGraphPin /Game/SSA/Blueprints/Objects/Debris.Debris:Debris Collision func.K2Node_CallFunction_3036.EdGraphPin_189478. Try refresh all nodes.
[2015.11.04-22.30.56:531][  0]LogBlueprint:Error: Broken Node: K2Node_CallFunction /Game/SSA/Blueprints/Objects/Debris.Debris:Debris Collision func.K2Node_CallFunction_2761 keeps removed/invalid pin: EdGraphPin /Game/SSA/Blueprints/Objects/Debris.Debris:Debris Collision func.K2Node_CallFunction_2761.EdGraphPin_189448. Try refresh all nodes.
[2015.11.04-22.30.56:875][  0]LogBlueprint:Error: Broken Node: K2Node_CallFunction /Game/SSA/Blueprints/Objects/Debris.Debris:Debris Collision func.K2Node_CallFunction_2761 keeps removed/invalid pin: EdGraphPin /Game/SSA/Blueprints/Objects/Debris.Debris:Debris Collision func.K2Node_CallFunction_2761.EdGraphPin_189448. Try refresh all nodes.
[2015.11.04-22.30.56:875][  0]LogBlueprint:Error: Broken Node: K2Node_CallFunction /Game/SSA/Blueprints/Objects/Debris.Debris:Debris Collision func.K2Node_CallFunction_3036 keeps removed/invalid pin: EdGraphPin /Game/SSA/Blueprints/Objects/Debris.Debris:Debris Collision func.K2Node_CallFunction_3036.EdGraphPin_189478. Try refresh all nodes.
[2015.11.04-22.30.58:498][  0]LogLinker:Warning: Can't find file '/Game/Geometry/Meshes/1M_Cube'
[2015.11.04-22.30.58:499][  0]LogLinker:Warning: Can't find file for asset '/Game/Geometry/Meshes/1M_Cube' while loading ../../../../../../Users/Jin/Documents/GitHub/Game-Files/SuperSpaceArmada/Content/SSA/Blueprints/Objects/Crystal_Spawner.uasset.
[2015.11.04-22.30.58:499][  0]LoadErrors:Error: Error /Game/SSA/Blueprints/Objects/Crystal_Spawner : Can't find file for asset. /Game/Geometry/Meshes/1M_Cube
[2015.11.04-22.30.58:499][  0]LogLinker:Warning: Can't find file '/Game/Geometry/Meshes/1M_Cube'
[2015.11.04-22.30.58:500][  0]LogLinker:Warning: Can't find file for asset '/Game/Geometry/Meshes/1M_Cube' while loading ../../../../../../Users/Jin/Documents/GitHub/Game-Files/SuperSpaceArmada/Content/SSA/Blueprints/Objects/Crystal_Spawner.uasset.
[2015.11.04-22.30.58:500][  0]LoadErrors:Error: Error /Game/SSA/Blueprints/Objects/Crystal_Spawner : Can't find file for asset. /Game/Geometry/Meshes/1M_Cube
[2015.11.04-22.30.58:513][  0]LogLinker:Warning: Can't find file '/Game/Geometry/Meshes/1M_Cube'
[2015.11.04-22.30.58:513][  0]LogLinker:Warning: Can't find file for asset '/Game/Geometry/Meshes/1M_Cube' while loading ../../../../../../Users/Jin/Documents/GitHub/Game-Files/SuperSpaceArmada/Content/SSA/Maps/Home_Kratakos.umap.
[2015.11.04-22.30.58:513][  0]LoadErrors:Error: Error /Game/SSA/Maps/Home_Kratakos : Can't find file for asset. /Game/Geometry/Meshes/1M_Cube
[2015.11.04-22.30.58:513][  0]LogLinker:Warning: Can't find file '/Game/Geometry/Meshes/1M_Cube'
[2015.11.04-22.30.58:513][  0]LogLinker:Warning: Can't find file for asset '/Game/Geometry/Meshes/1M_Cube' while loading ../../../../../../Users/Jin/Documents/GitHub/Game-Files/SuperSpaceArmada/Content/SSA/Maps/Home_Kratakos.umap.
[2015.11.04-22.30.58:513][  0]LoadErrors:Error: Error /Game/SSA/Maps/Home_Kratakos : Can't find file for asset. /Game/Geometry/Meshes/1M_Cube
[2015.11.04-22.30.58:514][  0]LogLinker:Warning: Can't find file '/Game/Geometry/Meshes/1M_Cube'
[2015.11.04-22.30.58:514][  0]LoadErrors: Info Failed to load /Game/Geometry/Meshes/1M_Cube.1M_Cube Referenced by StaticMeshComponent0
[2015.11.04-22.30.58:514][  0]LogLinker:Warning: Can't find file for asset '/Game/Geometry/Meshes/1M_Cube' while loading ../../../../../../Users/Jin/Documents/GitHub/Game-Files/SuperSpaceArmada/Content/SSA/Maps/Home_Kratakos.umap.
[2015.11.04-22.30.58:514][  0]LoadErrors: Info Failed to load /Game/Geometry/Meshes/1M_Cube.1M_Cube Referenced by StaticMeshComponent0
[2015.11.04-22.30.58:514][  0]LoadErrors:Error: Error /Game/SSA/Maps/Home_Kratakos : Can't find file for asset. /Game/Geometry/Meshes/1M_Cube
[2015.11.04-22.31.08:006][  0]LogAIModule: Creating AISystem for world Home_Kratakos
[2015.11.04-22.31.08:119][  0]LogEditorServer: Finished looking for orphan Actors (0.000 secs)
[2015.11.04-22.31.08:120][  0]Cmd: MAP CHECKDEP NOCLEARLOG
[2015.11.04-22.31.08:307][  0]MapCheck: Info Map check complete: 0 Error(s), 0 Warning(s), took 186.374ms to complete.
[2015.11.04-22.31.08:307][  0]LogFileHelpers: Loading map 'Home_Kratakos' took 16.246
[2015.11.04-22.31.08:498][  0]LogCollectionManager: Loaded 0 collections in 0.002873 seconds
[2015.11.04-22.31.08:538][  0]LogFileCache: Scanning file cache for directory 'C:/Users/Jin/Documents/GitHub/Game-Files/SuperSpaceArmada/Saved/Collections/' took 0.01s
[2015.11.04-22.31.08:538][  0]LogFileCache: Scanning file cache for directory 'C:/Users/Jin/Documents/GitHub/Game-Files/SuperSpaceArmada/Content/Developers/SGJin/Collections/' took 0.01s
[2015.11.04-22.31.08:538][  0]LogFileCache: Scanning file cache for directory 'C:/Users/Jin/Documents/GitHub/Game-Files/SuperSpaceArmada/Content/Collections/' took 0.01s
[2015.11.04-22.31.08:538][  0]LogContentBrowser: Native class hierarchy populated in 0.0070 seconds. Added 1882 classes and 339 folders.
[2015.11.04-22.31.08:543][  0]LogCollectionManager: Rebuilt the GUID cache for 0 collections in 0.000003 seconds
[2015.11.04-22.31.08:551][  0]LogContentBrowser: Native class hierarchy updated for 'WidgetCarousel' in 0.0003 seconds. Added 0 classes and 0 folders.
[2015.11.04-22.31.11:258][  0]LogContentBrowser: Native class hierarchy updated for 'AddContentDialog' in 0.0004 seconds. Added 0 classes and 0 folders.
[2015.11.04-22.31.11:402][  0]LogContentBrowser: Native class hierarchy updated for 'SceneOutliner' in 0.0004 seconds. Added 1 classes and 2 folders.
[2015.11.04-22.31.11:739][  0]LogCrashTracker: Crashtracker disabled due to settings.
[2015.11.04-22.31.11:743][  0]LogUObjectGlobals:Warning: Failed to find object 'Class None.'
[2015.11.04-22.31.11:765][  0]LogStats:Warning: MetaData mismatch. Did you assign a stat to two groups? New //STATGROUP_Threads//SplashScreenThread///Thread_748_0///####STATCAT_Advanced#### old //STATGROUP_Threads//SplashScreenThread///Thread_8a0_0///####STATCAT_Advanced####
[2015.11.04-22.31.11:765][  0]LogLoad: Full Startup: 252.39 seconds (BP compile: 1.25 seconds)
[2015.11.04-22.31.11:783][  0]LoadErrors:Error: Error /Game/SSA/Blueprints/Player : Failed import for Player_C /Game/SSA/Blueprints/Player/Player.Default__Player_C
[2015.11.04-22.31.12:224][  0]LogContentStreaming: Texture pool size now 1000 MB
[2015.11.04-22.31.13:106][  0]LogRenderer: Reallocating scene render targets to support 1156x564 (Frame:2).
[2015.11.04-22.31.13:901][ 16]LogAssetRegistry: Asset discovery search completed in 219.2688 seconds
[2015.11.04-22.31.13:901][ 16]LogCollectionManager: Rebuilt the object cache for 0 collections in 0.000000 seconds (found 0 objects)
[2015.11.04-22.31.13:901][ 16]LogCollectionManager: Fixed up redirectors for 0 collections in 0.000019 seconds (updated 0 objects)
[2015.11.04-22.32.04:981][673]LogEditorViewport: Clicking on Actor (LMB): StaticMeshActor (Cube)
[2015.11.04-22.32.22:724][ 82]LogPhysics:Warning: FConstraintInstance::GetRefFrame : Contained scale.
[2015.11.04-22.32.22:724][ 82]LogPhysics:Warning: FConstraintInstance::GetRefFrame : Contained scale.
[2015.11.04-22.32.22:724][ 82]LogPhysics:Warning: FConstraintInstance::GetRefFrame : Contained scale.
[2015.11.04-22.32.22:724][ 82]LogPhysics:Warning: FConstraintInstance::GetRefFrame : Contained scale.
[2015.11.04-22.32.22:724][ 82]LogSkeletalMesh: InitArticulated: Bodies already created (/Engine/Transient.DebugSkelMeshComponent_0) - call TermArticulated first.
[2015.11.04-22.32.23:032][ 82]LogUObjectGlobals:Warning: Failed to find object 'Object /Engine/Tutorial/SubEditors/PersonaAnimEditorTutorial.PersonaAnimEditorTutorial_C'
[2015.11.04-22.32.24:988][ 82]LogContentBrowser:Verbose: The majority of assets in the view are of type: AnimSequence
[2015.11.04-22.33.34:359][131]LogSavePackage: Save=11.114262ms
[2015.11.04-22.33.34:359][131]LogSavePackage: Moving '../../../../../../Users/Jin/Documents/GitHub/Game-Files/SuperSpaceArmada/Saved/spin3C06C7864F2139F37C92DFA72DDEA57A.tmp' to '../../../../../../Users/Jin/Documents/GitHub/Game-Files/SuperSpaceArmada/Content/Geometry/Meshes/Vultaari_Ship/spin.uasset'
[2015.11.04-22.33.34:360][131]LogFileManager:Warning: DeleteFile was unable to delete '../../../../../../Users/Jin/Documents/GitHub/Game-Files/SuperSpaceArmada/Content/Geometry/Meshes/Vultaari_Ship/spin.uasset', retrying in .5s...
[2015.11.04-22.33.34:861][131]LogFileManager:Error: Error deleting file '../../../../../../Users/Jin/Documents/GitHub/Game-Files/SuperSpaceArmada/Content/Geometry/Meshes/Vultaari_Ship/spin.uasset'.
[2015.11.04-22.33.34:861][131]LogSavePackage:Error: Error saving '../../../../../../Users/Jin/Documents/GitHub/Game-Files/SuperSpaceArmada/Content/Geometry/Meshes/Vultaari_Ship/spin.uasset'
[2015.11.04-22.33.34:862][131]LogSavePackage: Total save time: 542.909157ms
[2015.11.04-22.33.34:862][131]LogSavePackage:Warning: Finished SavePackage ../../../../../../Users/Jin/Documents/GitHub/Game-Files/SuperSpaceArmada/Content/Geometry/Meshes/Vultaari_Ship/spin.uasset
[2015.11.04-22.33.43:218][131]LogSavePackage: Save=3.256146ms
[2015.11.04-22.33.43:218][131]LogSavePackage: Moving '../../../../../../Users/Jin/Documents/GitHub/Game-Files/SuperSpaceArmada/Saved/spin0CD6CA18426C6662B2F6278EDFD110A9.tmp' to '../../../../../../Users/Jin/Documents/GitHub/Game-Files/SuperSpaceArmada/Content/Geometry/Meshes/Vultaari_Ship/spin.uasset'
[2015.11.04-22.33.43:218][131]LogFileManager:Warning: DeleteFile was unable to delete '../../../../../../Users/Jin/Documents/GitHub/Game-Files/SuperSpaceArmada/Content/Geometry/Meshes/Vultaari_Ship/spin.uasset', retrying in .5s...
[2015.11.04-22.33.43:719][131]LogFileManager:Error: Error deleting file '../../../../../../Users/Jin/Documents/GitHub/Game-Files/SuperSpaceArmada/Content/Geometry/Meshes/Vultaari_Ship/spin.uasset'.
[2015.11.04-22.33.43:719][131]LogSavePackage:Error: Error saving '../../../../../../Users/Jin/Documents/GitHub/Game-Files/SuperSpaceArmada/Content/Geometry/Meshes/Vultaari_Ship/spin.uasset'
[2015.11.04-22.33.43:720][131]LogSavePackage: Total save time: 511.808556ms
[2015.11.04-22.33.43:720][131]LogSavePackage:Warning: Finished SavePackage ../../../../../../Users/Jin/Documents/GitHub/Game-Files/SuperSpaceArmada/Content/Geometry/Meshes/Vultaari_Ship/spin.uasset
[2015.11.04-22.33.44:904][131]EditorErrors: New page: Save Output
[2015.11.04-22.33.44:904][131]EditorErrors:Warning: Warning Error saving '../../../../../../Users/Jin/Documents/GitHub/Game-Files/SuperSpaceArmada/Content/Geometry/Meshes/Vultaari_Ship/spin.uasset'
[2015.11.04-22.33.44:904][131]EditorErrors:Warning: Warning Error saving '../../../../../../Users/Jin/Documents/GitHub/Game-Files/SuperSpaceArmada/Content/Geometry/Meshes/Vultaari_Ship/spin.uasset'
[2015.11.04-22.33.52:952][479]LogPhysics:Warning: FConstraintInstance::GetRefFrame : Contained scale.
[2015.11.04-22.33.52:952][479]LogPhysics:Warning: FConstraintInstance::GetRefFrame : Contained scale.
[2015.11.04-22.33.52:952][479]LogPhysics:Warning: FConstraintInstance::GetRefFrame : Contained scale.
[2015.11.04-22.33.52:952][479]LogPhysics:Warning: FConstraintInstance::GetRefFrame : Contained scale.
[2015.11.04-22.33.52:952][479]LogSkeletalMesh: InitArticulated: Bodies already created (/Engine/Transient.DebugSkelMeshComponent_3) - call TermArticulated first.
[2015.11.04-22.33.53:003][479]LogUObjectGlobals:Warning: Failed to find object 'Object /Engine/Tutorial/SubEditors/PersonaAnimEditorTutorial.PersonaAnimEditorTutorial_C'
[2015.11.04-22.33.53:045][479]LogContentBrowser:Verbose: The majority of assets in the view are of type: AnimSequence
[2015.11.04-22.34.03:748][ 30]LogParticles: Destroying 0 GPU particle simulations for FXSystem 0x0000009FA2FE65C0
[2015.11.04-22.34.03:748][ 30]LogParticles: Destroying 0 GPU particle simulations for FXSystem 0x0000009FD1F42A20
[2015.11.04-22.34.03:748][ 30]LogParticles: Destroying 0 GPU particle simulations for FXSystem 0x0000009FA2FE6C00
[2015.11.04-22.34.03:749][ 30]LogParticles: Destroying 0 GPU particle simulations for FXSystem 0x0000009FA2FE7420
[2015.11.04-22.34.03:749][ 30]LogParticles: Destroying 0 GPU particle simulations for FXSystem 0x0000009FA2FE56C0
[2015.11.04-22.34.03:749][ 30]LogParticles: Destroying 0 GPU particle simulations for FXSystem 0x0000009FD2546F20
[2015.11.04-22.34.03:750][ 30]LogParticles: Destroying 0 GPU particle simulations for FXSystem 0x0000009FD2DCAC00
[2015.11.04-22.34.03:756][ 30]LogParticles: Destroying 0 GPU particle simulations for FXSystem 0x0000009FD2DCA700
[2015.11.04-22.34.14:642][ 30]LogFileManager:Warning: Error deleting file: ../../../../../../Users/Jin/Documents/GitHub/Game-Files/SuperSpaceArmada/Content/Geometry/Meshes/Vultaari_Ship/spin.uasset (Error Code 0)
[2015.11.04-22.34.21:708][135]LogSkeletalMesh: InitArticulated: Bodies already created (/Engine/Transient.DebugSkelMeshComponent_6) - call TermArticulated first.
[2015.11.04-22.34.21:765][135]LogUObjectGlobals:Warning: Failed to find object 'Object /Engine/Tutorial/SubEditors/PersonaAnimEditorTutorial.PersonaAnimEditorTutorial_C'
[2015.11.04-22.34.21:812][135]LogContentBrowser:Verbose: The majority of assets in the view are of type: AnimSequence
[2015.11.04-22.34.29:820][548]LogSavePackage: Save=112.402054ms
[2015.11.04-22.34.29:820][548]LogSavePackage: Moving '../../../../../../Users/Jin/Documents/GitHub/Game-Files/SuperSpaceArmada/Saved/Home_Kratakos61E8FC4C4A6754ACF7DC0584396AE0F5.tmp' to '../../../../../../Users/Jin/Documents/GitHub/Game-Files/SuperSpaceArmada/Content/SSA/Maps/Home_Kratakos.umap'
[2015.11.04-22.34.29:820][548]LogFileManager:Warning: DeleteFile was unable to delete '../../../../../../Users/Jin/Documents/GitHub/Game-Files/SuperSpaceArmada/Content/SSA/Maps/Home_Kratakos.umap', retrying in .5s...
[2015.11.04-22.34.30:321][548]LogFileManager:Error: Error deleting file '../../../../../../Users/Jin/Documents/GitHub/Game-Files/SuperSpaceArmada/Content/SSA/Maps/Home_Kratakos.umap'.
[2015.11.04-22.34.30:321][548]LogSavePackage:Error: Error saving '../../../../../../Users/Jin/Documents/GitHub/Game-Files/SuperSpaceArmada/Content/SSA/Maps/Home_Kratakos.umap'
[2015.11.04-22.34.30:323][548]LogSavePackage: Total save time: 629.398458ms
[2015.11.04-22.34.30:323][548]LogSavePackage:Warning: Finished SavePackage ../../../../../../Users/Jin/Documents/GitHub/Game-Files/SuperSpaceArmada/Content/SSA/Maps/Home_Kratakos.umap
[2015.11.04-22.34.30:326][548]EditorErrors: New page: Save Output
[2015.11.04-22.34.30:326][548]EditorErrors:Warning: Warning Error saving '../../../../../../Users/Jin/Documents/GitHub/Game-Files/SuperSpaceArmada/Content/SSA/Maps/Home_Kratakos.umap'
[2015.11.04-22.34.39:782][852]LogBlueprintUserMessages: Early PlayInEditor Detection: Level '/Game/SSA/Maps/Home_Kratakos.Home_Kratakos:PersistentLevel' has LevelScriptBlueprint '/Game/SSA/Maps/Home_Kratakos.Home_Kratakos:PersistentLevel.Home_Kratakos' with GeneratedClass '/Game/SSA/Maps/Home_Kratakos.Home_Kratakos_C' with ClassGeneratedBy '/Game/SSA/Maps/Home_Kratakos.Home_Kratakos:PersistentLevel.Home_Kratakos'
[2015.11.04-22.34.39:782][852]LogPlayLevel: PlayLevel: No blueprints needed recompiling
[2015.11.04-22.34.39:783][852]PIE: New page: PIE session: Home_Kratakos (Nov 4, 2015, 12:34:39 PM)
[2015.11.04-22.34.39:783][852]LogPlayLevel: Creating play world package: /Game/SSA/Maps/UEDPIE_0_Home_Kratakos
[2015.11.04-22.34.39:810][852]LogPlayLevel: PIE: StaticDuplicateObject took: (0.027195s)
[2015.11.04-22.34.39:811][852]LogAIModule: Creating AISystem for world Home_Kratakos
[2015.11.04-22.34.39:811][852]LogPlayLevel: PIE: World Init took: (0.000971s)
[2015.11.04-22.34.39:811][852]LogPlayLevel: PIE: Created PIE world by copying editor world from /Game/SSA/Maps/Home_Kratakos.Home_Kratakos to /Game/SSA/Maps/UEDPIE_0_Home_Kratakos.Home_Kratakos (0.028431s)
[2015.11.04-22.34.39:838][852]LogInit: XAudio2 using 'Speakers / HP (IDT High Definition Audio CODEC)' : 2 channels at 48 kHz using 16 bits per sample (channel mask 0x3)
[2015.11.04-22.34.39:853][852]LogInit: FAudioDevice initialized.
[2015.11.04-22.34.39:982][852]LogWorld: Game class is 'TopDownGameMode_C'
[2015.11.04-22.34.39:988][852]LogWorld:Warning: *** WARNING - PATHS MAY NOT BE VALID ***
[2015.11.04-22.34.39:988][852]LogWorld: Bringing World /Game/SSA/Maps/UEDPIE_0_Home_Kratakos.Home_Kratakos up for play (max tick rate 60) at 2015.11.04-17.34.39
[2015.11.04-22.34.39:988][852]LogActor:Warning: GameSession /Game/SSA/Maps/UEDPIE_0_Home_Kratakos.Home_Kratakos:PersistentLevel.GameSession_0 has natively added scene component(s), but none of them were set as the actor's RootComponent - picking one arbitrarily
[2015.11.04-22.34.39:989][852]LogActor:Warning: GameNetworkManager /Game/SSA/Maps/UEDPIE_0_Home_Kratakos.Home_Kratakos:PersistentLevel.GameNetworkManager_0 has natively added scene component(s), but none of them were set as the actor's RootComponent - picking one arbitrarily
[2015.11.04-22.34.39:989][852]LogWorld: Bringing up level for play took: 0.005799
[2015.11.04-22.34.39:992][852]LogBlueprintUserMessages: [Player_Human_C_0] Hello
[2015.11.04-22.34.39:992][852]LogScript:Warning: Accessed None 'Enemy Ref'
	Player_Human_C /Game/SSA/Maps/UEDPIE_0_Home_Kratakos.Home_Kratakos:PersistentLevel.Player_Human_C_0
	Function /Game/SSA/Blueprints/Player_Ships/Player.Player_C:ExecuteUbergraph_Player:1098
[2015.11.04-22.34.39:992][852]PIE:Error: Error Accessed None 'Enemy Ref' from node DestroyActor in graph 'EventGraph' in blueprint Player
[2015.11.04-22.34.39:994][852]PIE: Info Play in editor start time for /Game/SSA/Maps/UEDPIE_0_Home_Kratakos -0.042
[2015.11.04-22.34.39:995][852]LogBlueprintUserMessages: Late PlayInEditor Detection: Level '/Game/SSA/Maps/Home_Kratakos.Home_Kratakos:PersistentLevel' has LevelScriptBlueprint '/Game/SSA/Maps/Home_Kratakos.Home_Kratakos:PersistentLevel.Home_Kratakos' with GeneratedClass '/Game/SSA/Maps/Home_Kratakos.Home_Kratakos_C' with ClassGeneratedBy '/Game/SSA/Maps/Home_Kratakos.Home_Kratakos:PersistentLevel.Home_Kratakos'
[2015.11.04-22.35.00:045][703]LogBlueprintUserMessages: [Player_Human_C_0] Hello
[2015.11.04-22.35.00:048][703]LogScript:Warning: Accessed None 'CallFunc_K2_GetPawn_ReturnValue'
	EnemyAI1_C /Game/SSA/Maps/UEDPIE_0_Home_Kratakos.Home_Kratakos:PersistentLevel.EnemyAI1_C_0
	Function /Game/SSA/Blueprints/AI/EnemyAI1.EnemyAI1_C:ExecuteUbergraph_EnemyAI1:008C
[2015.11.04-22.35.00:048][703]PIE:Error: Error Accessed None 'CallFunc_K2_GetPawn_ReturnValue' from node Set Value as Vector in graph 'EventGraph' in blueprint EnemyAI1
[2015.11.04-22.35.00:050][703]LogBlueprintUserMessages: [Player_Human_C_0] X=-662.160 Y=-469.039 Z=312.525
[2015.11.04-22.35.25:606][783]LogScript:Warning: Cannot access 'AI_Ram_Trigger_C_4'. It is pending kill. Property: 'CallFunc_FinishSpawningActor_ReturnValue2'
	Enemy_Kratakos_C /Game/SSA/Maps/UEDPIE_0_Home_Kratakos.Home_Kratakos:PersistentLevel.Enemy_Kratakos_C_0
	Function /Game/SSA/Blueprints/Enemy_Kratakos.Enemy_Kratakos_C:ExecuteUbergraph_Enemy_Kratakos:012D
[2015.11.04-22.35.25:607][783]PIE:Error: Error Cannot access 'AI_Ram_Trigger_C_4'. It is pending kill. Property: 'CallFunc_FinishSpawningActor_ReturnValue2' from node DestroyActor in graph 'EventGraph' in blueprint Enemy_Kratakos
[2015.11.04-22.35.26:049][802]LogBlueprintUserMessages: Early EndPlayMap Detection: Level '/Game/SSA/Maps/Home_Kratakos.Home_Kratakos:PersistentLevel' has LevelScriptBlueprint '/Game/SSA/Maps/Home_Kratakos.Home_Kratakos:PersistentLevel.Home_Kratakos' with GeneratedClass '/Game/SSA/Maps/Home_Kratakos.Home_Kratakos_C' with ClassGeneratedBy '/Game/SSA/Maps/Home_Kratakos.Home_Kratakos:PersistentLevel.Home_Kratakos'
[2015.11.04-22.35.26:198][802]LogBlueprintUserMessages: Late EndPlayMap Detection: Level '/Game/SSA/Maps/Home_Kratakos.Home_Kratakos:PersistentLevel' has LevelScriptBlueprint '/Game/SSA/Maps/Home_Kratakos.Home_Kratakos:PersistentLevel.Home_Kratakos' with GeneratedClass '/Game/SSA/Maps/Home_Kratakos.Home_Kratakos_C' with ClassGeneratedBy '/Game/SSA/Maps/Home_Kratakos.Home_Kratakos:PersistentLevel.Home_Kratakos'
[2015.11.04-22.35.26:233][802]LogParticles: Destroying 0 GPU particle simulations for FXSystem 0x0000009FCF38C9A0
[2015.11.04-22.35.32:845][970]LogContentBrowser: Native class hierarchy updated for 'Cascade' in 0.0005 seconds. Added 2 classes and 2 folders.
[2015.11.04-22.35.43:346][558]Cmd: OBJ SAVEPACKAGE PACKAGE="/Game/Effects/Particles/P_Trail" FILE="../../../../../../Users/Jin/Documents/GitHub/Game-Files/SuperSpaceArmada/Content/Effects/Particles/P_Trail.uasset" SILENT=true
[2015.11.04-22.35.43:360][558]LogSavePackage: Save=5.962759ms
[2015.11.04-22.35.43:360][558]LogSavePackage: Moving '../../../../../../Users/Jin/Documents/GitHub/Game-Files/SuperSpaceArmada/Saved/P_TrailE7DED3EC4741CA7030F923B15DD29228.tmp' to '../../../../../../Users/Jin/Documents/GitHub/Game-Files/SuperSpaceArmada/Content/Effects/Particles/P_Trail.uasset'
[2015.11.04-22.35.43:360][558]LogFileManager:Warning: DeleteFile was unable to delete '../../../../../../Users/Jin/Documents/GitHub/Game-Files/SuperSpaceArmada/Content/Effects/Particles/P_Trail.uasset', retrying in .5s...
[2015.11.04-22.35.43:861][558]LogFileManager:Error: Error deleting file '../../../../../../Users/Jin/Documents/GitHub/Game-Files/SuperSpaceArmada/Content/Effects/Particles/P_Trail.uasset'.
[2015.11.04-22.35.43:861][558]LogSavePackage:Error: Error saving '../../../../../../Users/Jin/Documents/GitHub/Game-Files/SuperSpaceArmada/Content/Effects/Particles/P_Trail.uasset'
[2015.11.04-22.35.43:862][558]LogSavePackage: Total save time: 515.565913ms
[2015.11.04-22.35.43:862][558]LogSavePackage:Warning: Finished SavePackage ../../../../../../Users/Jin/Documents/GitHub/Game-Files/SuperSpaceArmada/Content/Effects/Particles/P_Trail.uasset
[2015.11.04-22.35.50:190][558]Cmd: OBJ SAVEPACKAGE PACKAGE="/Game/Effects/Particles/P_Trail" FILE="../../../../../../Users/Jin/Documents/GitHub/Game-Files/SuperSpaceArmada/Content/Effects/Particles/P_Trail.uasset" SILENT=true
[2015.11.04-22.35.50:202][558]LogSavePackage: Save=3.737683ms
[2015.11.04-22.35.50:202][558]LogSavePackage: Moving '../../../../../../Users/Jin/Documents/GitHub/Game-Files/SuperSpaceArmada/Saved/P_TrailA6D5E8444EF42D43B45309A17393C3C9.tmp' to '../../../../../../Users/Jin/Documents/GitHub/Game-Files/SuperSpaceArmada/Content/Effects/Particles/P_Trail.uasset'
[2015.11.04-22.35.50:202][558]LogFileManager:Warning: DeleteFile was unable to delete '../../../../../../Users/Jin/Documents/GitHub/Game-Files/SuperSpaceArmada/Content/Effects/Particles/P_Trail.uasset', retrying in .5s...
[2015.11.04-22.35.50:703][558]LogFileManager:Error: Error deleting file '../../../../../../Users/Jin/Documents/GitHub/Game-Files/SuperSpaceArmada/Content/Effects/Particles/P_Trail.uasset'.
[2015.11.04-22.35.50:703][558]LogSavePackage:Error: Error saving '../../../../../../Users/Jin/Documents/GitHub/Game-Files/SuperSpaceArmada/Content/Effects/Particles/P_Trail.uasset'
[2015.11.04-22.35.50:704][558]LogSavePackage: Total save time: 512.676690ms
[2015.11.04-22.35.50:704][558]LogSavePackage:Warning: Finished SavePackage ../../../../../../Users/Jin/Documents/GitHub/Game-Files/SuperSpaceArmada/Content/Effects/Particles/P_Trail.uasset
[2015.11.04-22.35.51:510][558]EditorErrors: New page: Save Output
[2015.11.04-22.35.51:510][558]EditorErrors:Warning: Warning Error saving '../../../../../../Users/Jin/Documents/GitHub/Game-Files/SuperSpaceArmada/Content/Effects/Particles/P_Trail.uasset'
[2015.11.04-22.35.51:510][558]EditorErrors:Warning: Warning Error saving '../../../../../../Users/Jin/Documents/GitHub/Game-Files/SuperSpaceArmada/Content/Effects/Particles/P_Trail.uasset'
[2015.11.04-22.35.56:702][752]LogCascade: Quitting Cascade. FXSystem=0x0000009FBE9EC540
[2015.11.04-22.35.59:260][846]LogBlueprintUserMessages: Early PlayInEditor Detection: Level '/Game/SSA/Maps/Home_Kratakos.Home_Kratakos:PersistentLevel' has LevelScriptBlueprint '/Game/SSA/Maps/Home_Kratakos.Home_Kratakos:PersistentLevel.Home_Kratakos' with GeneratedClass '/Game/SSA/Maps/Home_Kratakos.Home_Kratakos_C' with ClassGeneratedBy '/Game/SSA/Maps/Home_Kratakos.Home_Kratakos:PersistentLevel.Home_Kratakos'
[2015.11.04-22.35.59:260][846]LogPlayLevel: PlayLevel: No blueprints needed recompiling
[2015.11.04-22.35.59:260][846]PIE: New page: PIE session: Home_Kratakos (Nov 4, 2015, 12:35:59 PM)
[2015.11.04-22.35.59:260][846]LogPlayLevel: Creating play world package: /Game/SSA/Maps/UEDPIE_0_Home_Kratakos
[2015.11.04-22.35.59:294][846]LogPlayLevel: PIE: StaticDuplicateObject took: (0.034035s)
[2015.11.04-22.35.59:295][846]LogAIModule: Creating AISystem for world Home_Kratakos
[2015.11.04-22.35.59:295][846]LogPlayLevel: PIE: World Init took: (0.000982s)
[2015.11.04-22.35.59:296][846]LogPlayLevel: PIE: Created PIE world by copying editor world from /Game/SSA/Maps/Home_Kratakos.Home_Kratakos to /Game/SSA/Maps/UEDPIE_0_Home_Kratakos.Home_Kratakos (0.035294s)
[2015.11.04-22.35.59:317][846]LogParticles: Destroying 0 GPU particle simulations for FXSystem 0x0000009FBE9EC540
[2015.11.04-22.35.59:326][846]LogInit: XAudio2 using 'Speakers / HP (IDT High Definition Audio CODEC)' : 2 channels at 48 kHz using 16 bits per sample (channel mask 0x3)
[2015.11.04-22.35.59:357][846]LogInit: FAudioDevice initialized.
[2015.11.04-22.35.59:386][846]LogWorld: Game class is 'TopDownGameMode_C'
[2015.11.04-22.35.59:392][846]LogWorld:Warning: *** WARNING - PATHS MAY NOT BE VALID ***
[2015.11.04-22.35.59:392][846]LogWorld: Bringing World /Game/SSA/Maps/UEDPIE_0_Home_Kratakos.Home_Kratakos up for play (max tick rate 60) at 2015.11.04-17.35.59
[2015.11.04-22.35.59:393][846]LogActor:Warning: GameSession /Game/SSA/Maps/UEDPIE_0_Home_Kratakos.Home_Kratakos:PersistentLevel.GameSession_1 has natively added scene component(s), but none of them were set as the actor's RootComponent - picking one arbitrarily
[2015.11.04-22.35.59:393][846]LogActor:Warning: GameNetworkManager /Game/SSA/Maps/UEDPIE_0_Home_Kratakos.Home_Kratakos:PersistentLevel.GameNetworkManager_1 has natively added scene component(s), but none of them were set as the actor's RootComponent - picking one arbitrarily
[2015.11.04-22.35.59:393][846]LogWorld: Bringing up level for play took: 0.005503
[2015.11.04-22.35.59:396][846]LogBlueprintUserMessages: [Player_Human_C_1] Hello
[2015.11.04-22.35.59:396][846]LogScript:Warning: Accessed None 'Enemy Ref'
	Player_Human_C /Game/SSA/Maps/UEDPIE_0_Home_Kratakos.Home_Kratakos:PersistentLevel.Player_Human_C_1
	Function /Game/SSA/Blueprints/Player_Ships/Player.Player_C:ExecuteUbergraph_Player:1098
[2015.11.04-22.35.59:396][846]PIE:Error: Error Accessed None 'Enemy Ref' from node DestroyActor in graph 'EventGraph' in blueprint Player
[2015.11.04-22.35.59:398][846]PIE: Info Play in editor start time for /Game/SSA/Maps/UEDPIE_0_Home_Kratakos -0.639
[2015.11.04-22.35.59:398][846]LogBlueprintUserMessages: Late PlayInEditor Detection: Level '/Game/SSA/Maps/Home_Kratakos.Home_Kratakos:PersistentLevel' has LevelScriptBlueprint '/Game/SSA/Maps/Home_Kratakos.Home_Kratakos:PersistentLevel.Home_Kratakos' with GeneratedClass '/Game/SSA/Maps/Home_Kratakos.Home_Kratakos_C' with ClassGeneratedBy '/Game/SSA/Maps/Home_Kratakos.Home_Kratakos:PersistentLevel.Home_Kratakos'
[2015.11.04-22.36.10:704][316]LogBlueprintUserMessages: Early EndPlayMap Detection: Level '/Game/SSA/Maps/Home_Kratakos.Home_Kratakos:PersistentLevel' has LevelScriptBlueprint '/Game/SSA/Maps/Home_Kratakos.Home_Kratakos:PersistentLevel.Home_Kratakos' with GeneratedClass '/Game/SSA/Maps/Home_Kratakos.Home_Kratakos_C' with ClassGeneratedBy '/Game/SSA/Maps/Home_Kratakos.Home_Kratakos:PersistentLevel.Home_Kratakos'
[2015.11.04-22.36.10:773][316]LogBlueprintUserMessages: Late EndPlayMap Detection: Level '/Game/SSA/Maps/Home_Kratakos.Home_Kratakos:PersistentLevel' has LevelScriptBlueprint '/Game/SSA/Maps/Home_Kratakos.Home_Kratakos:PersistentLevel.Home_Kratakos' with GeneratedClass '/Game/SSA/Maps/Home_Kratakos.Home_Kratakos_C' with ClassGeneratedBy '/Game/SSA/Maps/Home_Kratakos.Home_Kratakos:PersistentLevel.Home_Kratakos'
[2015.11.04-22.36.10:799][316]LogParticles: Destroying 0 GPU particle simulations for FXSystem 0x0000009FB3D1A160
[2015.11.04-22.36.14:151][363]Cmd: OBJ SAVEPACKAGE PACKAGE="/Game/Effects/Particles/P_Trail" FILE="../../../../../../Users/Jin/Documents/GitHub/Game-Files/SuperSpaceArmada/Content/Effects/Particles/P_Trail.uasset" SILENT=true
[2015.11.04-22.36.14:163][363]LogSavePackage: Save=4.587856ms
[2015.11.04-22.36.14:164][363]LogSavePackage: Moving '../../../../../../Users/Jin/Documents/GitHub/Game-Files/SuperSpaceArmada/Saved/P_TrailACDA58F346F23733A366BC8CCB5466E5.tmp' to '../../../../../../Users/Jin/Documents/GitHub/Game-Files/SuperSpaceArmada/Content/Effects/Particles/P_Trail.uasset'
[2015.11.04-22.36.14:164][363]LogFileManager:Warning: DeleteFile was unable to delete '../../../../../../Users/Jin/Documents/GitHub/Game-Files/SuperSpaceArmada/Content/Effects/Particles/P_Trail.uasset', retrying in .5s...
[2015.11.04-22.36.14:666][363]LogFileManager:Error: Error deleting file '../../../../../../Users/Jin/Documents/GitHub/Game-Files/SuperSpaceArmada/Content/Effects/Particles/P_Trail.uasset'.
[2015.11.04-22.36.14:666][363]LogSavePackage:Error: Error saving '../../../../../../Users/Jin/Documents/GitHub/Game-Files/SuperSpaceArmada/Content/Effects/Particles/P_Trail.uasset'
[2015.11.04-22.36.14:667][363]LogSavePackage: Total save time: 514.392003ms
[2015.11.04-22.36.14:667][363]LogSavePackage:Warning: Finished SavePackage ../../../../../../Users/Jin/Documents/GitHub/Game-Files/SuperSpaceArmada/Content/Effects/Particles/P_Trail.uasset
[2015.11.04-22.36.16:170][363]EditorErrors: New page: Save Output
[2015.11.04-22.36.16:170][363]EditorErrors:Warning: Warning Error saving '../../../../../../Users/Jin/Documents/GitHub/Game-Files/SuperSpaceArmada/Content/Effects/Particles/P_Trail.uasset'
[2015.11.04-22.36.17:604][363]LogWindowsTextInputMethodSystem:Display: IME system now deactivated.
[2015.11.04-22.36.17:872][364]Cmd: QUIT_EDITOR
[2015.11.04-22.36.18:789][364]LogExit: Preparing to exit.
[2015.11.04-22.36.19:068][364]LogExit: Editor shut down
[2015.11.04-22.36.19:068][364]LogExit: Transaction tracking system shut down
[2015.11.04-22.36.19:073][364]LogParticles: Destroying 0 GPU particle simulations for FXSystem 0x0000009FCF26CA40
[2015.11.04-22.36.19:077][364]LogParticles: Destroying 0 GPU particle simulations for FXSystem 0x0000009FCF016CA0
[2015.11.04-22.36.19:077][364]LogParticles: Destroying 0 GPU particle simulations for FXSystem 0x0000009FD5034B80
[2015.11.04-22.36.19:077][364]LogParticles: Destroying 0 GPU particle simulations for FXSystem 0x0000009FA2985B20
[2015.11.04-22.36.19:078][364]LogParticles: Destroying 0 GPU particle simulations for FXSystem 0x0000009FA2985620
[2015.11.04-22.36.19:078][364]LogParticles: Destroying 0 GPU particle simulations for FXSystem 0x0000009FDB92B560
[2015.11.04-22.36.19:078][364]LogParticles: Destroying 0 GPU particle simulations for FXSystem 0x0000009FDB80EAC0
[2015.11.04-22.36.19:078][364]LogParticles: Destroying 0 GPU particle simulations for FXSystem 0x0000009FDB80EF20
[2015.11.04-22.36.19:078][364]LogParticles: Destroying 0 GPU particle simulations for FXSystem 0x0000009FDB8007C0
[2015.11.04-22.36.19:078][364]LogParticles: Destroying 0 GPU particle simulations for FXSystem 0x0000009FDB800EA0
[2015.11.04-22.36.19:328][364]LogParticles: Destroying 0 GPU particle simulations for FXSystem 0x0000009FD2D6EB60
[2015.11.04-22.36.19:328][364]LogExit: Object subsystem successfully closed.
[2015.11.04-22.36.19:350][364]LogD3D11RHI: Shutdown
[2015.11.04-22.36.19:350][364]LogD3D11RHI: CleanupD3DDevice
[2015.11.04-22.36.19:452][364]LogD3D11RHI: ~FD3D11DynamicRHI
[2015.11.04-22.36.19:505][364]LogModuleManager: Shutting down and abandoning module DistCurveEditor (201)
[2015.11.04-22.36.19:505][364]LogModuleManager: Shutting down and abandoning module Cascade (200)
[2015.11.04-22.36.19:505][364]LogModuleManager: Shutting down and abandoning module CrashTracker (199)
[2015.11.04-22.36.19:505][364]LogModuleManager: Shutting down and abandoning module SceneOutliner (198)
[2015.11.04-22.36.19:505][364]LogModuleManager: Shutting down and abandoning module SuperSearch (197)
[2015.11.04-22.36.19:505][364]LogModuleManager: Shutting down and abandoning module WidgetCarousel (196)
[2015.11.04-22.36.19:505][364]LogModuleManager: Shutting down and abandoning module AddContentDialog (195)
[2015.11.04-22.36.19:506][364]LogModuleManager: Shutting down and abandoning module EditorWidgets (194)
[2015.11.04-22.36.19:506][364]LogModuleManager: Shutting down and abandoning module CollectionManager (193)
[2015.11.04-22.36.19:506][364]LogModuleManager: Shutting down and abandoning module StatsViewer (192)
[2015.11.04-22.36.19:506][364]LogModuleManager: Shutting down and abandoning module FoliageEdit (191)
[2015.11.04-22.36.19:506][364]LogModuleManager: Shutting down and abandoning module LandscapeEditor (190)
[2015.11.04-22.36.19:507][364]LogModuleManager: Shutting down and abandoning module ActorPickerMode (189)
[2015.11.04-22.36.19:507][364]LogModuleManager: Shutting down and abandoning module GeometryMode (188)
[2015.11.04-22.36.19:507][364]LogModuleManager: Shutting down and abandoning module TextureAlignMode (187)
[2015.11.04-22.36.19:507][364]LogModuleManager: Shutting down and abandoning module BspMode (186)
[2015.11.04-22.36.19:507][364]LogModuleManager: Shutting down and abandoning module PlacementMode (185)
[2015.11.04-22.36.19:507][364]LogModuleManager: Shutting down and abandoning module AutomationWorker (184)
[2015.11.04-22.36.19:507][364]LogModuleManager: Shutting down and abandoning module CharacterAI (183)
[2015.11.04-22.36.19:507][364]LogModuleManager: Shutting down and abandoning module SmartSnapping (182)
[2015.11.04-22.36.19:507][364]LogModuleManager: Shutting down and abandoning module ViewportSnapping (181)
[2015.11.04-22.36.19:507][364]LogModuleManager: Shutting down and abandoning module LogVisualizer (180)
[2015.11.04-22.36.19:529][364]LogModuleManager: Shutting down and abandoning module GameProjectGeneration (179)
[2015.11.04-22.36.19:529][364]LogModuleManager: Shutting down and abandoning module IntroTutorials (178)
[2015.11.04-22.36.19:529][364]LogModuleManager: Shutting down and abandoning module EditorLiveStreaming (177)
[2015.11.04-22.36.19:529][364]LogModuleManager: Shutting down and abandoning module IOSPlatformEditor (176)
[2015.11.04-22.36.19:529][364]LogModuleManager: Shutting down and abandoning module HTML5PlatformEditor (175)
[2015.11.04-22.36.19:529][364]LogModuleManager: Shutting down and abandoning module AndroidDeviceDetection (174)
[2015.11.04-22.36.19:611][364]LogModuleManager: Shutting down and abandoning module AndroidPlatformEditor (173)
[2015.11.04-22.36.19:611][364]LogModuleManager: Shutting down and abandoning module IOSRuntimeSettings (172)
[2015.11.04-22.36.19:611][364]LogModuleManager: Shutting down and abandoning module AndroidRuntimeSettings (171)
[2015.11.04-22.36.19:611][364]LogModuleManager: Shutting down and abandoning module MergeActors (170)
[2015.11.04-22.36.19:611][364]LogModuleManager: Shutting down and abandoning module SizeMap (169)
[2015.11.04-22.36.19:611][364]LogModuleManager: Shutting down and abandoning module TreeMap (168)
[2015.11.04-22.36.19:611][364]LogModuleManager: Shutting down and abandoning module ReferenceViewer (167)
[2015.11.04-22.36.19:611][364]LogModuleManager: Shutting down and abandoning module LocalizationService (166)
[2015.11.04-22.36.19:611][364]LogModuleManager: Shutting down and abandoning module LocalizationDashboard (165)
[2015.11.04-22.36.19:611][364]LogModuleManager: Shutting down and abandoning module HardwareTargeting (164)
[2015.11.04-22.36.19:611][364]LogModuleManager: Shutting down and abandoning module DeviceProfileEditor (163)
[2015.11.04-22.36.19:611][364]LogModuleManager: Shutting down and abandoning module UndoHistory (162)
[2015.11.04-22.36.19:611][364]LogModuleManager: Shutting down and abandoning module GameplayTagsEditor (161)
[2015.11.04-22.36.19:611][364]LogModuleManager: Shutting down and abandoning module UserFeedback (160)
[2015.11.04-22.36.19:611][364]LogModuleManager: Shutting down and abandoning module XmlParser (159)
[2015.11.04-22.36.19:611][364]LogModuleManager: Shutting down and abandoning module Blutility (158)
[2015.11.04-22.36.19:611][364]LogModuleManager: Shutting down and abandoning module ProjectTargetPlatformEditor (157)
[2015.11.04-22.36.19:611][364]LogModuleManager: Shutting down and abandoning module ProjectSettingsViewer (156)
[2015.11.04-22.36.19:611][364]LogModuleManager: Shutting down and abandoning module InputBindingEditor (155)
[2015.11.04-22.36.19:611][364]LogModuleManager: Shutting down and abandoning module EditorSettingsViewer (154)
[2015.11.04-22.36.19:612][364]LogModuleManager: Shutting down and abandoning module SettingsEditor (153)
[2015.11.04-22.36.19:612][364]LogModuleManager: Shutting down and abandoning module ProjectLauncher (152)
[2015.11.04-22.36.19:612][364]LogModuleManager: Shutting down and abandoning module SessionFrontend (151)
[2015.11.04-22.36.19:612][364]LogModuleManager: Shutting down and abandoning module ProfilerClient (150)
[2015.11.04-22.36.19:612][364]LogModuleManager: Shutting down and abandoning module TargetDeviceServices (149)
[2015.11.04-22.36.19:612][364]LogModuleManager: Shutting down and abandoning module DeviceManager (148)
[2015.11.04-22.36.19:612][364]LogModuleManager: Shutting down and abandoning module AutomationController (147)
[2015.11.04-22.36.19:612][364]LogModuleManager: Shutting down and abandoning module AutomationWindow (146)
[2015.11.04-22.36.19:612][364]LogModuleManager: Shutting down and abandoning module Layers (145)
[2015.11.04-22.36.19:612][364]LogModuleManager: Shutting down and abandoning module ComponentVisualizers (144)
[2015.11.04-22.36.19:612][364]LogModuleManager: Shutting down and abandoning module DetailCustomizations (143)
[2015.11.04-22.36.19:612][364]LogModuleManager: Shutting down and abandoning module PackagesDialog (142)
[2015.11.04-22.36.19:612][364]LogModuleManager: Shutting down and abandoning module Persona (141)
[2015.11.04-22.36.19:612][364]LogModuleManager: Shutting down and abandoning module Kismet (140)
[2015.11.04-22.36.19:612][364]LogModuleManager: Shutting down and abandoning module GraphEditor (139)
[2015.11.04-22.36.19:612][364]LogModuleManager: Shutting down and abandoning module ClassViewer (138)
[2015.11.04-22.36.19:612][364]LogModuleManager: Shutting down and abandoning module Toolbox (137)
[2015.11.04-22.36.19:612][364]LogModuleManager: Shutting down and abandoning module ModuleUI (136)
[2015.11.04-22.36.19:612][364]LogModuleManager: Shutting down and abandoning module MovieSceneTools (135)
[2015.11.04-22.36.19:612][364]LogModuleManager: Shutting down and abandoning module OutputLog (134)
[2015.11.04-22.36.19:612][364]LogModuleManager: Shutting down and abandoning module GammaUI (133)
[2015.11.04-22.36.19:612][364]LogModuleManager: Shutting down and abandoning module Documentation (132)
[2015.11.04-22.36.19:613][364]LogModuleManager: Shutting down and abandoning module GameLiveStreaming (131)
[2015.11.04-22.36.19:613][364]LogModuleManager: Shutting down and abandoning module StreamingPauseRendering (130)
[2015.11.04-22.36.19:613][364]LogModuleManager: Shutting down and abandoning module AnalyticsET (129)
[2015.11.04-22.36.19:613][364]LogModuleManager: Shutting down and abandoning module Analytics (128)
[2015.11.04-22.36.19:613][364]LogModuleManager: Shutting down and abandoning module AITestSuite (127)
[2015.11.04-22.36.19:613][364]LogModuleManager: Shutting down and abandoning module GameplayDebugger (126)
[2015.11.04-22.36.19:613][364]LogModuleManager: Shutting down and abandoning module AIModule (125)
[2015.11.04-22.36.19:613][364]LogModuleManager: Shutting down and abandoning module ProfilerService (124)
[2015.11.04-22.36.19:727][364]LogModuleManager: Shutting down and abandoning module TaskGraph (123)
[2015.11.04-22.36.19:727][364]LogModuleManager: Shutting down and abandoning module SubstanceEditor (122)
[2015.11.04-22.36.19:727][364]LogModuleManager: Shutting down and abandoning module SlateRemote (121)
[2015.11.04-22.36.19:727][364]LogModuleManager: Shutting down and abandoning module SteamVRController (120)
[2015.11.04-22.36.19:727][364]LogModuleManager: Shutting down and abandoning module SteamVR (119)
[2015.11.04-22.36.19:727][364]LogModuleManager: Shutting down and abandoning module ProceduralMeshComponent (118)
[2015.11.04-22.36.19:727][364]LogModuleManager: Shutting down and abandoning module OculusRift (117)
[2015.11.04-22.36.19:727][364]LogModuleManager: Shutting down and abandoning module OculusLibrary (116)
[2015.11.04-22.36.19:727][364]LogModuleManager: Shutting down and abandoning module LeapMotionController (115)
[2015.11.04-22.36.19:745][364]LogModuleManager: Shutting down and abandoning module CustomMeshComponent (114)
[2015.11.04-22.36.19:745][364]LogModuleManager: Shutting down and abandoning module CableComponent (113)
[2015.11.04-22.36.19:745][364]LogModuleManager: Shutting down and abandoning module ArchVisCharacter (112)
[2015.11.04-22.36.19:745][364]LogModuleManager: Shutting down and abandoning module MessagingDebugger (111)
[2015.11.04-22.36.19:745][364]LogModuleManager: Shutting down and abandoning module MediaPlayerEditor (110)
[2015.11.04-22.36.19:745][364]LogModuleManager: Shutting down and abandoning module HTML5Networking (109)
[2015.11.04-22.36.19:745][364]LogModuleManager: Shutting down and abandoning module SpeedTreeImporter (108)
[2015.11.04-22.36.19:745][364]LogModuleManager: Shutting down and abandoning module PluginBrowser (107)
[2015.11.04-22.36.19:745][364]LogModuleManager: Shutting down and abandoning module EpicSurvey (106)
[2015.11.04-22.36.19:745][364]LogModuleManager: Shutting down and abandoning module DesktopPlatform (105)
[2015.11.04-22.36.19:745][364]LogModuleManager: Shutting down and abandoning module VisualStudioSourceCodeAccess (104)
[2015.11.04-22.36.19:745][364]LogModuleManager: Shutting down and abandoning module UObjectPlugin (103)
[2015.11.04-22.36.19:745][364]LogModuleManager: Shutting down and abandoning module SubversionSourceControl (102)
[2015.11.04-22.36.19:745][364]LogModuleManager: Shutting down and abandoning module PerforceSourceControl (101)
[2015.11.04-22.36.19:745][364]LogModuleManager: Shutting down and abandoning module SourceControl (100)
[2015.11.04-22.36.19:745][364]LogModuleManager: Shutting down and abandoning module GitSourceControl (99)
[2015.11.04-22.36.19:745][364]LogModuleManager: Shutting down and abandoning module LightPropagationVolumeEditor (98)
[2015.11.04-22.36.19:745][364]LogModuleManager: Shutting down and abandoning module PaperTiledImporter (97)
[2015.11.04-22.36.19:745][364]LogModuleManager: Shutting down and abandoning module PaperSpriteSheetImporter (96)
[2015.11.04-22.36.19:745][364]LogModuleManager: Shutting down and abandoning module MeshPaint (95)
[2015.11.04-22.36.19:745][364]LogModuleManager: Shutting down and abandoning module SlateReflector (94)
[2015.11.04-22.36.19:745][364]LogModuleManager: Shutting down and abandoning module HotReload (93)
[2015.11.04-22.36.19:745][364]LogModuleManager: Shutting down and abandoning module MainFrame (92)
[2015.11.04-22.36.19:745][364]LogModuleManager: Shutting down and abandoning module LevelEditor (91)
[2015.11.04-22.36.19:746][364]LogModuleManager: Shutting down and abandoning module ContentBrowser (90)
[2015.11.04-22.36.19:747][364]LogModuleManager: Shutting down and abandoning module Paper2DEditor (89)
[2015.11.04-22.36.19:747][364]LogModuleManager: Shutting down and abandoning module UdpMessaging (88)
[2015.11.04-22.36.19:849][364]LogModuleManager: Shutting down and abandoning module DirectoryWatcher (87)
[2015.11.04-22.36.19:849][364]LogModuleManager: Shutting down and abandoning module AssetRegistry (86)
[2015.11.04-22.36.19:922][364]LogModuleManager: Shutting down and abandoning module SubstanceCore (85)
[2015.11.04-22.36.19:922][364]LogModuleManager: Shutting down and abandoning module LightPropagationVolumeRuntime (84)
[2015.11.04-22.36.19:922][364]LogModuleManager: Shutting down and abandoning module Paper2D (83)
[2015.11.04-22.36.19:922][364]LogModuleManager: Shutting down and abandoning module WindowsMoviePlayer (82)
[2015.11.04-22.36.19:926][364]LogModuleManager: Shutting down and abandoning module Media (81)
[2015.11.04-22.36.19:926][364]LogModuleManager: Shutting down and abandoning module WmfMedia (80)
[2015.11.04-22.36.19:926][364]LogModuleManager: Shutting down and abandoning module OnlineBlueprintSupport (79)
[2015.11.04-22.36.19:926][364]LogModuleManager: Shutting down and abandoning module GameplayTasksEditor (78)
[2015.11.04-22.36.19:926][364]LogModuleManager: Shutting down and abandoning module PropertyEditor (77)
[2015.11.04-22.36.19:926][364]LogModuleManager: Shutting down and abandoning module BehaviorTreeEditor (76)
[2015.11.04-22.36.19:926][364]LogModuleManager: Shutting down and abandoning module FunctionalTesting (75)
[2015.11.04-22.36.19:926][364]LogModuleManager: Shutting down and abandoning module CollisionAnalyzer (74)
[2015.11.04-22.36.19:926][364]LogModuleManager: Shutting down and abandoning module WorkspaceMenuStructure (73)
[2015.11.04-22.36.19:926][364]LogModuleManager: Shutting down and abandoning module MessageLog (72)
[2015.11.04-22.36.19:926][364]LogModuleManager: Shutting down and abandoning module Sequencer (71)
[2015.11.04-22.36.19:926][364]LogModuleManager: Shutting down and abandoning module AssetTools (70)
[2015.11.04-22.36.19:927][364]LogModuleManager: Shutting down and abandoning module UMGEditor (69)
[2015.11.04-22.36.19:927][364]LogModuleManager: Shutting down and abandoning module UMG (68)
[2015.11.04-22.36.19:927][364]LogModuleManager: Shutting down and abandoning module Slate (67)
[2015.11.04-22.36.19:927][364]LogModuleManager: Shutting down and abandoning module EditorStyle (66)
[2015.11.04-22.36.19:929][364]LogModuleManager: Shutting down and abandoning module SessionServices (65)
[2015.11.04-22.36.19:929][364]LogModuleManager: Shutting down and abandoning module SourceCodeAccess (64)
[2015.11.04-22.36.19:929][364]LogModuleManager: Shutting down and abandoning module HeadMountedDisplay (63)
[2015.11.04-22.36.19:929][364]LogModuleManager: Shutting down and abandoning module XAudio2 (62)
[2015.11.04-22.36.19:929][364]LogModuleManager: Shutting down and abandoning module Networking (60)
[2015.11.04-22.36.19:929][364]LogModuleManager: Shutting down and abandoning module Core (59)
[2015.11.04-22.36.19:929][364]LogModuleManager: Shutting down and abandoning module KismetCompiler (58)
[2015.11.04-22.36.19:929][364]LogModuleManager: Shutting down and abandoning module PhysXFormats (57)
[2015.11.04-22.36.19:929][364]LogModuleManager: Shutting down and abandoning module MeshUtilities (56)
[2015.11.04-22.36.19:929][364]LogModuleManager: Shutting down and abandoning module CookingStats (55)
[2015.11.04-22.36.19:934][364]LogModuleManager: Shutting down and abandoning module DerivedDataCache (54)
[2015.11.04-22.36.19:971][364]LogDerivedDataCache: Shutdown
[2015.11.04-22.36.19:971][364]LogModuleManager: Shutting down and abandoning module ShaderFormatOpenGL (53)
[2015.11.04-22.36.19:971][364]LogModuleManager: Shutting down and abandoning module ShaderFormatD3D (52)
[2015.11.04-22.36.19:971][364]LogModuleManager: Shutting down and abandoning module MetalShaderFormat (51)
[2015.11.04-22.36.19:971][364]LogModuleManager: Shutting down and abandoning module TextureFormatUncompressed (50)
[2015.11.04-22.36.19:971][364]LogModuleManager: Shutting down and abandoning module TextureFormatPVR (49)
[2015.11.04-22.36.20:029][364]LogModuleManager: Shutting down and abandoning module TextureFormatIntelISPCTexComp (48)
[2015.11.04-22.36.20:045][364]LogModuleManager: Shutting down and abandoning module TextureFormatDXT (47)
[2015.11.04-22.36.20:058][364]LogModuleManager: Shutting down and abandoning module ImageWrapper (46)
[2015.11.04-22.36.20:058][364]LogModuleManager: Shutting down and abandoning module TextureFormatASTC (45)
[2015.11.04-22.36.20:058][364]LogModuleManager: Shutting down and abandoning module TextureFormatAndroid (44)
[2015.11.04-22.36.20:058][364]LogModuleManager: Shutting down and abandoning module AudioFormatOpus (43)
[2015.11.04-22.36.20:058][364]LogModuleManager: Shutting down and abandoning module AudioFormatOgg (42)
[2015.11.04-22.36.20:058][364]LogModuleManager: Shutting down and abandoning module AudioFormatADPCM (41)
[2015.11.04-22.36.20:058][364]LogModuleManager: Shutting down and abandoning module LinuxTargetPlatform (40)
[2015.11.04-22.36.20:058][364]LogModuleManager: Shutting down and abandoning module LinuxServerTargetPlatform (39)
[2015.11.04-22.36.20:073][364]LogModuleManager: Shutting down and abandoning module LinuxNoEditorTargetPlatform (38)
[2015.11.04-22.36.20:082][364]LogModuleManager: Shutting down and abandoning module Messaging (37)
[2015.11.04-22.36.20:082][364]LogModuleManager: Shutting down and abandoning module IOSTargetPlatform (36)
[2015.11.04-22.36.20:082][364]LogModuleManager: Shutting down and abandoning module HTML5TargetPlatform (35)
[2015.11.04-22.36.20:082][364]LogModuleManager: Shutting down and abandoning module Android_PVRTCTargetPlatform (34)
[2015.11.04-22.36.20:082][364]LogModuleManager: Shutting down and abandoning module Android_ETC2TargetPlatform (33)
[2015.11.04-22.36.20:082][364]LogModuleManager: Shutting down and abandoning module Android_ETC1TargetPlatform (32)
[2015.11.04-22.36.20:082][364]LogModuleManager: Shutting down and abandoning module Android_DXTTargetPlatform (31)
[2015.11.04-22.36.20:082][364]LogModuleManager: Shutting down and abandoning module Android_ATCTargetPlatform (30)
[2015.11.04-22.36.20:082][364]LogModuleManager: Shutting down and abandoning module Android_ASTCTargetPlatform (29)
[2015.11.04-22.36.20:082][364]LogModuleManager: Shutting down and abandoning module AndroidTargetPlatform (28)
[2015.11.04-22.36.20:082][364]LogModuleManager: Shutting down and abandoning module WindowsTargetPlatform (27)
[2015.11.04-22.36.20:082][364]LogModuleManager: Shutting down and abandoning module WindowsServerTargetPlatform (26)
[2015.11.04-22.36.20:101][364]LogModuleManager: Shutting down and abandoning module WindowsNoEditorTargetPlatform (25)
[2015.11.04-22.36.20:111][364]LogModuleManager: Shutting down and abandoning module WindowsClientTargetPlatform (24)
[2015.11.04-22.36.20:119][364]LogModuleManager: Shutting down and abandoning module AllDesktopTargetPlatform (23)
[2015.11.04-22.36.20:119][364]LogModuleManager: Shutting down and abandoning module TargetPlatform (22)
[2015.11.04-22.36.20:119][364]LogModuleManager: Shutting down and abandoning module InputCore (21)
[2015.11.04-22.36.20:119][364]LogModuleManager: Shutting down and abandoning module Settings (20)
[2015.11.04-22.36.20:119][364]LogModuleManager: Shutting down and abandoning module OnlineSubsystem (18)
[2015.11.04-22.36.20:119][364]LogModuleManager: Shutting down and abandoning module HTTP (17)
[2015.11.04-22.36.22:122][364]LogModuleManager: Shutting down and abandoning module XMPP (16)
[2015.11.04-22.36.22:122][364]LogModuleManager: Shutting down and abandoning module ExampleDeviceProfileSelector (15)
[2015.11.04-22.36.22:122][364]LogModuleManager: Shutting down and abandoning module TextureCompressor (14)
[2015.11.04-22.36.22:122][364]LogModuleManager: Shutting down and abandoning module ShaderCore (13)
[2015.11.04-22.36.22:122][364]LogModuleManager: Shutting down and abandoning module Landscape (12)
[2015.11.04-22.36.22:122][364]LogModuleManager: Shutting down and abandoning module SlateRHIRenderer (11)
[2015.11.04-22.36.22:123][364]LogModuleManager: Shutting down and abandoning module OpenGLDrv (10)
[2015.11.04-22.36.22:123][364]LogModuleManager: Shutting down and abandoning module D3D11RHI (9)
[2015.11.04-22.36.22:123][364]LogModuleManager: Shutting down and abandoning module AnimGraphRuntime (8)
[2015.11.04-22.36.22:123][364]LogModuleManager: Shutting down and abandoning module Renderer (7)
[2015.11.04-22.36.22:123][364]LogModuleManager: Shutting down and abandoning module Engine (6)
[2015.11.04-22.36.22:123][364]LogModuleManager: Shutting down and abandoning module CoreUObject (5)
[2015.11.04-22.36.22:123][364]LogModuleManager: Shutting down and abandoning module NetworkFile (4)
[2015.11.04-22.36.22:123][364]LogModuleManager: Shutting down and abandoning module StreamingFile (3)
[2015.11.04-22.36.22:127][364]LogModuleManager: Shutting down and abandoning module SandboxFile (2)
[2015.11.04-22.36.22:176][364]LogModuleManager: Shutting down and abandoning module PakFile (1)
[2015.11.04-22.36.22:176][364]LogExit: Exiting.
[2015.11.04-22.36.22:194][364]Log file closed, 11/04/15 17:36:22
