[2015.10.14-00.30.18:224][  0]Log file open, 10/13/15 20:30:18
[2015.10.14-00.30.18:224][  0]LogInit:Display: Running engine for game: SuperSpaceArmada
[2015.10.14-00.30.18:224][  0]LogInit:Display: RandInit(437774807) SRandInit(437774807).
[2015.10.14-00.30.18:224][  0]LogTaskGraph: Started task graph with 4 named threads and 7 total threads.
[2015.10.14-00.30.18:224][  0]LogStats: Stats thread started at 0.072171
[2015.10.14-00.30.18:224][  0]LogInit: Version: 4.9.1-2689999+++depot+UE4-Releases+4.9
[2015.10.14-00.30.18:224][  0]LogInit: API Version: 2672455
[2015.10.14-00.30.18:224][  0]LogInit: Compiled (64-bit): Sep 14 2015 04:12:03
[2015.10.14-00.30.18:224][  0]LogInit: Compiled with Visual C++: 18.00.21005.01
[2015.10.14-00.30.18:224][  0]LogInit: Build Configuration: Development
[2015.10.14-00.30.18:224][  0]LogInit: Branch Name: ++depot+UE4-Releases+4.9
[2015.10.14-00.30.18:224][  0]LogInit: Command line:  
[2015.10.14-00.30.18:224][  0]LogInit: Base directory: C:/Program Files/Unreal Engine/4.9/Engine/Binaries/Win64/
[2015.10.14-00.30.18:224][  0]LogInit: Rocket: 1
[2015.10.14-00.30.18:238][  0]LogInit: Using libcurl 7.41.0
[2015.10.14-00.30.18:238][  0]LogInit:  - built for x86_64-pc-win32
[2015.10.14-00.30.18:238][  0]LogInit:  - supports SSL with WinSSL
[2015.10.14-00.30.18:238][  0]LogInit:  - other features:
[2015.10.14-00.30.18:238][  0]LogInit:      CURL_VERSION_SSL
[2015.10.14-00.30.18:238][  0]LogInit:      CURL_VERSION_IPV6
[2015.10.14-00.30.18:238][  0]LogInit:      CURL_VERSION_ASYNCHDNS
[2015.10.14-00.30.18:238][  0]LogInit:      CURL_VERSION_LARGEFILE
[2015.10.14-00.30.18:238][  0]LogInit:      CURL_VERSION_IDN
[2015.10.14-00.30.18:238][  0]LogInit:  CurlRequestOptions (configurable via config and command line):
[2015.10.14-00.30.18:238][  0]LogInit:  - bVerifyPeer = true  - Libcurl will verify peer certificate
[2015.10.14-00.30.18:238][  0]LogInit:  - bUseHttpProxy = false  - Libcurl will NOT use HTTP proxy
[2015.10.14-00.30.18:238][  0]LogInit:  - bDontReuseConnections = false  - Libcurl will reuse connections
[2015.10.14-00.30.18:238][  0]LogInit:  - CertBundlePath = nullptr  - Libcurl will use whatever was configured at build time.
[2015.10.14-00.30.18:245][  0]LogInit: Presizing for 0 objects not considered by GC, pre-allocating 0 bytes.
[2015.10.14-00.30.18:251][  0]LogInit: Object subsystem initialized
[2015.10.14-00.30.18:252][  0]LogInit: Selected Device Profile: [Windows]
[2015.10.14-00.30.18:252][  0]LogInit: Applying CVar settings loaded from the selected device profile: [Windows]
[2015.10.14-00.30.18:261][  0]LogInit: Computer: LOU
[2015.10.14-00.30.18:261][  0]LogInit: User: LouIII
[2015.10.14-00.30.18:261][  0]LogInit: CPU Page size=4096, Cores=4
[2015.10.14-00.30.18:261][  0]LogInit: High frequency timer resolution =2.338336 MHz
[2015.10.14-00.30.18:261][  0]LogMemory: Memory total: Physical=15.9GB (16GB approx)
[2015.10.14-00.30.18:261][  0]LogMemory: Platform Memory Stats for Windows
[2015.10.14-00.30.18:261][  0]LogMemory: Process Physical Memory: 54.90 MB used, 54.90 MB peak
[2015.10.14-00.30.18:261][  0]LogMemory: Process Virtual Memory: 55.32 MB used, 55.32 MB peak
[2015.10.14-00.30.18:261][  0]LogMemory: Physical Memory: 5514.34 MB used, 16303.71 MB total
[2015.10.14-00.30.18:261][  0]LogMemory: Virtual Memory: 364.56 MB used, 134217728.00 MB total
[2015.10.14-00.30.18:293][  0]LogTextLocalizationManager: No specific translations for ('en-US') exist, so ('en') translations will be used.
[2015.10.14-00.30.18:873][  0]LogD3D11RHI: Found D3D11 adapter 0: NVIDIA GeForce GTX 765M     (Feature Level 11_0)
[2015.10.14-00.30.18:873][  0]LogD3D11RHI: Adapter has 1992MB of dedicated video memory, 0MB of dedicated system memory, and 8151MB of shared system memory, 1 output[s]
[2015.10.14-00.30.18:879][  0]LogD3D11RHI: Found D3D11 adapter 1: Intel(R) HD Graphics 4600 (Feature Level 11_0)
[2015.10.14-00.30.18:879][  0]LogD3D11RHI: Adapter has 112MB of dedicated video memory, 0MB of dedicated system memory, and 8151MB of shared system memory, 0 output[s]
[2015.10.14-00.30.18:880][  0]LogD3D11RHI: Found D3D11 adapter 2: Microsoft Basic Render Driver (Feature Level 11_0)
[2015.10.14-00.30.18:880][  0]LogD3D11RHI: Adapter has 0MB of dedicated video memory, 0MB of dedicated system memory, and 8151MB of shared system memory, 0 output[s]
[2015.10.14-00.30.18:880][  0]LogD3D11RHI: Chosen D3D11 Adapter Id = 0
[2015.10.14-00.30.18:885][  0]LogD3D11RHI: !Direct3DDevice
[2015.10.14-00.30.18:885][  0]LogRHI: Texture pool is 1361 MB (70% of 1945 MB)
[2015.10.14-00.30.18:897][  0]LogD3D11RHI: Async texture creation enabled
[2015.10.14-00.30.18:913][  0]LogShaderCompilers: Guid format shader working directory is 15 characters bigger than the processId version (../../../../../../Users/luisr_000/Documents/Game-Files/SuperSpaceArmada/Intermediate/Shaders/WorkingDirectory/9748/).
[2015.10.14-00.30.18:913][  0]LogShaderCompilers: Cleaned the shader compiler working directory '../../../../../../Users/luisr_000/Documents/Game-Files/SuperSpaceArmada/Intermediate/Shaders/tmp/F8B057FC46DCBE2C50052D813E767FC1/'.
[2015.10.14-00.30.18:913][  0]LogShaderCompilers:Display: Using Local Shader Compiler.
[2015.10.14-00.30.19:928][  0]LogTemp:Display: Loaded TP AllDesktopTargetPlatform
[2015.10.14-00.30.19:934][  0]LogTemp:Display: Loaded TP WindowsClientTargetPlatform
[2015.10.14-00.30.19:939][  0]LogTemp:Display: Loaded TP WindowsNoEditorTargetPlatform
[2015.10.14-00.30.19:945][  0]LogTemp:Display: Loaded TP WindowsServerTargetPlatform
[2015.10.14-00.30.19:950][  0]LogTemp:Display: Loaded TP WindowsTargetPlatform
[2015.10.14-00.30.19:953][  0]LogTemp:Display: Loaded TP AndroidTargetPlatform
[2015.10.14-00.30.19:957][  0]LogTemp:Display: Loaded TP Android_ASTCTargetPlatform
[2015.10.14-00.30.19:960][  0]LogTemp:Display: Loaded TP Android_ATCTargetPlatform
[2015.10.14-00.30.19:964][  0]LogTemp:Display: Loaded TP Android_DXTTargetPlatform
[2015.10.14-00.30.19:967][  0]LogTemp:Display: Loaded TP Android_ETC1TargetPlatform
[2015.10.14-00.30.19:971][  0]LogTemp:Display: Loaded TP Android_ETC2TargetPlatform
[2015.10.14-00.30.19:975][  0]LogTemp:Display: Loaded TP Android_PVRTCTargetPlatform
[2015.10.14-00.30.19:976][  0]LogTemp:Display: Loaded TP HTML5TargetPlatform
[2015.10.14-00.30.19:994][  0]LogTemp:Display: Loaded TP IOSTargetPlatform
[2015.10.14-00.30.19:997][  0]LogTemp:Display: Loaded TP LinuxNoEditorTargetPlatform
[2015.10.14-00.30.20:001][  0]LogTemp:Display: Loaded TP LinuxServerTargetPlatform
[2015.10.14-00.30.20:004][  0]LogTemp:Display: Loaded TP LinuxTargetPlatform
[2015.10.14-00.30.20:004][  0]LogTargetPlatformManager:Display: Building Assets For Windows
[2015.10.14-00.30.20:085][  0]LogDerivedDataCache:Display: Max Cache Size: 512 MB
[2015.10.14-00.30.20:128][  0]LogDerivedDataCache: Loaded boot cache 0.04s 41MB C:/Users/luisr_000/AppData/Local/UnrealEngine/4.9/DerivedDataCache/Boot.ddc.
[2015.10.14-00.30.20:128][  0]LogDerivedDataCache:Display: Loaded Boot cache: C:/Users/luisr_000/AppData/Local/UnrealEngine/4.9/DerivedDataCache/Boot.ddc
[2015.10.14-00.30.20:128][  0]LogDerivedDataCache: FDerivedDataBackendGraph:  Pak pak cache file ../../../../../../Users/luisr_000/Documents/Game-Files/SuperSpaceArmada/DerivedDataCache/DDC.ddp not found, will not use a pak cache.
[2015.10.14-00.30.20:128][  0]LogDerivedDataCache: Unable to find inner node Pak for hierarchical cache Hierarchy.
[2015.10.14-00.30.20:128][  0]LogDerivedDataCache: FDerivedDataBackendGraph:  CompressedPak pak cache file ../../../../../../Users/luisr_000/Documents/Game-Files/SuperSpaceArmada/DerivedDataCache/Compressed.ddp not found, will not use a pak cache.
[2015.10.14-00.30.20:128][  0]LogDerivedDataCache: Unable to find inner node CompressedPak for hierarchical cache Hierarchy.
[2015.10.14-00.30.20:263][  0]LogDerivedDataCache:Display: Pak cache opened for reading ../../../Engine/DerivedDataCache/Compressed.ddp.
[2015.10.14-00.30.20:275][  0]LogDerivedDataCache: Using Local data cache path C:/Users/luisr_000/AppData/Local/UnrealEngine/Common/DerivedDataCache: Writable
[2015.10.14-00.30.20:437][  0]LogInit: Selected Device Profile: [Windows]
[2015.10.14-00.30.20:439][  0]LogContentStreaming: Texture pool size is 0.000000MB
[2015.10.14-00.30.20:554][  0]LogMeshUtilities: No automatic mesh reduction module available
[2015.10.14-00.30.20:554][  0]LogMeshUtilities: No automatic mesh merging module available
[2015.10.14-00.30.20:770][  0]LogInit: WinSock: version 1.1 (2.2), MaxSocks=32767, MaxUdp=65467
[2015.10.14-00.30.30:938][  0]LogAssetRegistry: FAssetRegistry took 0.0105 seconds to start up
[2015.10.14-00.30.30:954][  0]UdpMessaging: Initializing bridge on interface 0.0.0.0:0 to multicast group 230.0.0.1:6666.
[2015.10.14-00.30.30:954][  0]FUdpSocketBuilder: Failed to create the socket UdpMessageMulticastSocket as configured
[2015.10.14-00.30.30:955][  0]UdpMessageTransport.StartTransport: Failed to create multicast socket on 0.0.0.0:0, joined to 230.0.0.1:6666 with TTL 1
[2015.10.14-00.30.32:389][  0]SourceControl: Info Source control is disabled
[2015.10.14-00.30.32:397][  0]SourceControl: Info Source control is disabled
[2015.10.14-00.30.32:411][  0]SourceControl: Info Source control is disabled
[2015.10.14-00.30.32:424][  0]SourceControl: Info Source control is disabled
[2015.10.14-00.30.33:304][  0]LogLinker:Warning: Asset '../../../Engine/Plugins/Runtime/LeapMotionController/Content/LM_PassthroughMaterial.uasset' has been saved with empty engine version. The asset will be loaded but may be incompatible.
[2015.10.14-00.30.33:590][  0]LogObj: 28528 objects as part of root set at end of initial load.
[2015.10.14-00.30.33:590][  0]LogUObjectAllocator: 6068456 out of 0 bytes used by permanent object pool.
[2015.10.14-00.30.33:692][  0]LogEngine: Initializing Engine...
[2015.10.14-00.30.33:695][  0]LogHMD: Can't find Oculus library dev build: is proper Runtime installed? Version: 0.7.0.0
[2015.10.14-00.30.33:714][  0]LogHMD: SteamVR failed to initialize.  Err: 110
[2015.10.14-00.30.34:653][  0]LogAIModule: Creating AISystem for world NewWorld
[2015.10.14-00.30.34:661][  0]LogInit: XAudio2 using 'Speakers (VIA HD Audio)' : 2 channels at 48 kHz using 32 bits per sample (channel mask 0x3)
[2015.10.14-00.30.34:670][  0]LogInit: FAudioDevice initialized.
[2015.10.14-00.30.34:674][  0]LogDerivedDataCache:Error: Could not save memory cache C:/Users/luisr_000/AppData/Local/UnrealEngine/4.9/DerivedDataCache/Boot.ddc.
[2015.10.14-00.30.34:678][  0]LogInit: Texture streaming: Enabled
[2015.10.14-00.30.34:685][  0]LogAnalytics: Creating configured Analytics provider AnalyticsET
[2015.10.14-00.30.34:685][  0]LogAnalytics: [UEEditor.Rocket.Release] APIServer = http://et2.epicgames.com/ET2/. AppVersion = 4.9.1-2689999+++depot+UE4-Releases+4.9
[2015.10.14-00.30.34:685][  0]LogAnalytics: [UEEditor.Rocket.Release] SetUserId 06a592394ae99916f49c3d9c3c9f503a|b280ebf5e1b3428db734f63de3c232be|784865b8-3393-4bba-9a10-0fd663c4f742
[2015.10.14-00.30.34:685][  0]LogAnalytics: [UEEditor.Rocket.Release] AnalyticsET::StartSession
[2015.10.14-00.30.34:700][  0]LogWindowsTextInputMethodSystem:Display: IME system now deactivated.
[2015.10.14-00.30.34:700][  0]LogWindowsTextInputMethodSystem:Display: IME system now deactivated.
[2015.10.14-00.30.34:719][  0]LogInit: Transaction tracking system initialized
[2015.10.14-00.30.34:763][  0]BlueprintLog: New page: Editor Load
[2015.10.14-00.30.35:079][  0]LocalizationService: Info Localization service is disabled
[2015.10.14-00.30.35:651][  0]LogConsoleResponse:Display: 
[2015.10.14-00.30.38:490][  0]LogCook:Display: Done creating registry. It took  0.00s.
[2015.10.14-00.30.39:126][  0]LogFileCache: Scanning file cache for directory 'C:/Users/luisr_000/Documents/Game-Files/SuperSpaceArmada/Content/' took 0.02s
[2015.10.14-00.30.39:271][  0]SourceControl: Info Source control is disabled
[2015.10.14-00.30.39:271][  0]Cmd: MAP LOAD FILE="../../../../../../Users/luisr_000/Documents/Game-Files/SuperSpaceArmada/Content/TopDownBP/Maps/TopDownExampleMap.umap" TEMPLATE=0 SHOWPROGRESS=1 FEATURELEVEL=3
[2015.10.14-00.30.39:271][  0]LogEditorServer:Warning: Can't find file '../../../../../../Users/luisr_000/Documents/Game-Files/SuperSpaceArmada/Content/TopDownBP/Maps/TopDownExampleMap.umap'
[2015.10.14-00.30.39:271][  0]Cmd: MAP CHECKDEP NOCLEARLOG
[2015.10.14-00.30.39:315][  0]MapCheck: Info Map check complete: 0 Error(s), 0 Warning(s), took 43.653ms to complete.
[2015.10.14-00.30.39:315][  0]LogFileHelpers: Loading map 'TopDownExampleMap' took 0.044
[2015.10.14-00.30.39:509][  0]LogCollectionManager: Loaded 0 collections in 0.002591 seconds
[2015.10.14-00.30.39:550][  0]LogFileCache: Scanning file cache for directory 'C:/Users/luisr_000/Documents/Game-Files/SuperSpaceArmada/Saved/Collections/' took 0.01s
[2015.10.14-00.30.39:550][  0]LogFileCache: Scanning file cache for directory 'C:/Users/luisr_000/Documents/Game-Files/SuperSpaceArmada/Content/Developers/LouIII/Collections/' took 0.01s
[2015.10.14-00.30.39:550][  0]LogFileCache: Scanning file cache for directory 'C:/Users/luisr_000/Documents/Game-Files/SuperSpaceArmada/Content/Collections/' took 0.01s
[2015.10.14-00.30.39:550][  0]LogContentBrowser: Native class hierarchy populated in 0.0068 seconds. Added 1882 classes and 339 folders.
[2015.10.14-00.30.39:557][  0]LogCollectionManager: Rebuilt the GUID cache for 0 collections in 0.000003 seconds
[2015.10.14-00.30.39:565][  0]LogContentBrowser: Native class hierarchy updated for 'WidgetCarousel' in 0.0003 seconds. Added 0 classes and 0 folders.
[2015.10.14-00.30.42:048][  0]LogContentBrowser: Native class hierarchy updated for 'AddContentDialog' in 0.0003 seconds. Added 0 classes and 0 folders.
[2015.10.14-00.30.42:053][  0]LogContentBrowser: Native class hierarchy updated for 'SceneOutliner' in 0.0003 seconds. Added 1 classes and 2 folders.
[2015.10.14-00.30.42:537][  0]LogCrashTracker: Crashtracker disabled due to settings.
[2015.10.14-00.30.42:543][  0]LogUObjectGlobals:Warning: Failed to find object 'Class None.'
[2015.10.14-00.30.42:566][  0]LogLoad: Full Startup: 26.92 seconds (BP compile: 0.00 seconds)
[2015.10.14-00.30.42:704][  0]LogContentStreaming: Texture pool size now 1000 MB
[2015.10.14-00.30.42:955][  0]LogRenderer: Reallocating scene render targets to support 1260x612 (Frame:2).
[2015.10.14-00.30.47:682][424]LogAssetRegistry: Asset discovery search completed in 16.7550 seconds
[2015.10.14-00.30.47:682][424]LogCollectionManager: Rebuilt the object cache for 0 collections in 0.000001 seconds (found 0 objects)
[2015.10.14-00.30.47:682][424]LogCollectionManager: Fixed up redirectors for 0 collections in 0.000041 seconds (updated 0 objects)
[2015.10.14-00.32.31:187][204]LogLinker:Warning: Asset '../../../../../../Users/luisr_000/Documents/Game-Files/SuperSpaceArmada/Content/Mannequin/Animations/ThirdPerson_AnimBP.uasset' has been saved with empty engine version. The asset will be loaded but may be incompatible.
[2015.10.14-00.32.31:189][204]LogLinker:Warning: Asset '../../../../../../Users/luisr_000/Documents/Game-Files/SuperSpaceArmada/Content/Mannequin/Animations/ThirdPerson_Jump.uasset' has been saved with empty engine version. The asset will be loaded but may be incompatible.
[2015.10.14-00.32.31:191][204]LogLinker:Warning: Asset '../../../../../../Users/luisr_000/Documents/Game-Files/SuperSpaceArmada/Content/Mannequin/Animations/ThirdPersonJump_Loop.uasset' has been saved with empty engine version. The asset will be loaded but may be incompatible.
[2015.10.14-00.32.31:192][204]LogLinker:Warning: Asset '../../../../../../Users/luisr_000/Documents/Game-Files/SuperSpaceArmada/Content/Mannequin/Animations/ThirdPersonJump_Start.uasset' has been saved with empty engine version. The asset will be loaded but may be incompatible.
[2015.10.14-00.32.31:193][204]LogLinker:Warning: Asset '../../../../../../Users/luisr_000/Documents/Game-Files/SuperSpaceArmada/Content/Mannequin/Animations/ThirdPerson_IdleRun_2D.uasset' has been saved with empty engine version. The asset will be loaded but may be incompatible.
[2015.10.14-00.32.31:193][204]LogLinker:Warning: Asset '../../../../../../Users/luisr_000/Documents/Game-Files/SuperSpaceArmada/Content/Mannequin/Animations/ThirdPersonIdle.uasset' has been saved with empty engine version. The asset will be loaded but may be incompatible.
[2015.10.14-00.32.31:195][204]LogLinker:Warning: Asset '../../../../../../Users/luisr_000/Documents/Game-Files/SuperSpaceArmada/Content/Mannequin/Animations/ThirdPersonRun.uasset' has been saved with empty engine version. The asset will be loaded but may be incompatible.
[2015.10.14-00.32.31:196][204]LogLinker:Warning: Asset '../../../../../../Users/luisr_000/Documents/Game-Files/SuperSpaceArmada/Content/Mannequin/Animations/ThirdPersonWalk.uasset' has been saved with empty engine version. The asset will be loaded but may be incompatible.
[2015.10.14-00.32.35:616][204]LogLinker:Warning: Asset '../../../Engine/Content/ArtTools/RenderToTexture/Macros/RenderToTextureMacros.uasset' has been saved with empty engine version. The asset will be loaded but may be incompatible.
[2015.10.14-00.32.36:183][204]LogContentBrowser: Native class hierarchy updated for 'BlueprintGraph' in 0.0007 seconds. Added 107 classes and 0 folders.
[2015.10.14-00.32.39:114][399]LogRenderer: Reallocating scene render targets to support 1260x900 (Frame:6129).
[2015.10.14-00.34.29:098][264]BlueprintLog: New page: Compile Crystal
[2015.10.14-00.34.29:365][264]BlueprintEditorCompileResults: Info [0253.72] Compile of Crystal successful! [in 266 ms]
[2015.10.14-00.34.49:458][970]BlueprintLog: New page: Compile Crystal
[2015.10.14-00.34.49:615][970]BlueprintEditorCompileResults: Info [0273.97] Compile of Crystal successful! [in 157 ms]
[2015.10.14-00.34.50:396][  2]Cmd: OBJ SAVEPACKAGE PACKAGE="/Game/SSA/Blueprints/Objects/Crystal" FILE="../../../../../../Users/luisr_000/Documents/Game-Files/SuperSpaceArmada/Content/SSA/Blueprints/Objects/Crystal.uasset" SILENT=true
[2015.10.14-00.34.50:535][  2]LogSavePackage: Save=115.789177ms
[2015.10.14-00.34.50:535][  2]LogSavePackage: Moving '../../../../../../Users/luisr_000/Documents/Game-Files/SuperSpaceArmada/Saved/Crystal408472F64CEFBC01C7A505A565B61EE1.tmp' to '../../../../../../Users/luisr_000/Documents/Game-Files/SuperSpaceArmada/Content/SSA/Blueprints/Objects/Crystal.uasset'
[2015.10.14-00.34.50:540][  2]LogSavePackage: Total save time: 142.570186ms
[2015.10.14-00.34.50:540][  2]LogSavePackage:Warning: Finished SavePackage ../../../../../../Users/luisr_000/Documents/Game-Files/SuperSpaceArmada/Content/SSA/Blueprints/Objects/Crystal.uasset
[2015.10.14-00.34.52:651][ 84]LogActorComponent: UnregisterComponent: (/Engine/Transient.EditorFloorComp) Not registered. Aborting.
[2015.10.14-00.35.15:869][658]LogActorComponent: UnregisterComponent: (/Engine/Transient.CharMoveComp) Not registered. Aborting.
[2015.10.14-00.35.15:869][658]LogActorComponent: UnregisterComponent: (/Engine/Transient.CharacterMovementComponent_0) Not registered. Aborting.
[2015.10.14-00.35.45:747][ 63]BlueprintLog: New page: Compile Debris
[2015.10.14-00.35.46:026][ 63]BlueprintEditorCompileResults: Info [0330.38] Compile of Debris successful! [in 278 ms]
[2015.10.14-00.36.11:560][527]Cmd: OBJ SAVEPACKAGE PACKAGE="/Game/SSA/Blueprints/Objects/Debris" FILE="../../../../../../Users/luisr_000/Documents/Game-Files/SuperSpaceArmada/Content/SSA/Blueprints/Objects/Debris.uasset" SILENT=true
[2015.10.14-00.36.11:683][527]LogSavePackage: Save=101.745857ms
[2015.10.14-00.36.11:684][527]LogSavePackage: Moving '../../../../../../Users/luisr_000/Documents/Game-Files/SuperSpaceArmada/Saved/Debris4B890CF34B1F0B49FF6D9DB4DF215977.tmp' to '../../../../../../Users/luisr_000/Documents/Game-Files/SuperSpaceArmada/Content/SSA/Blueprints/Objects/Debris.uasset'
[2015.10.14-00.36.11:687][527]LogSavePackage: Total save time: 124.854594ms
[2015.10.14-00.36.11:687][527]LogSavePackage:Warning: Finished SavePackage ../../../../../../Users/luisr_000/Documents/Game-Files/SuperSpaceArmada/Content/SSA/Blueprints/Objects/Debris.uasset
[2015.10.14-00.36.50:156][275]LogMaterial: Missing cached shader map for material guns_low, compiling. 
[2015.10.14-00.36.50:413][275]LogMaterial: Missing cached shader map for material guns_low, compiling. 
[2015.10.14-00.36.50:427][275]LogMaterial: 0.000042 seconds spent updating 1 materials, 1 interfaces, 0 instances, 0 with static permutations.
[2015.10.14-00.36.50:454][275]LogMaterial: Missing cached shader map for material FMatExpressionPreview MaterialExpressionTextureSample_4, compiling. 
[2015.10.14-00.36.50:484][275]LogMaterial: Missing cached shader map for material FMatExpressionPreview MaterialExpressionTextureSample_5, compiling. 
[2015.10.14-00.36.50:510][275]LogMaterial: Missing cached shader map for material FMatExpressionPreview MaterialExpressionTextureSample_8, compiling. 
[2015.10.14-00.36.50:565][275]LogMaterial: Missing cached shader map for material FMatExpressionPreview MaterialExpressionTextureSample_19, compiling. 
[2015.10.14-00.36.50:568][275]LogMaterial: Missing cached shader map for material FMatExpressionPreview MaterialExpressionTextureSample_9, compiling. 
[2015.10.14-00.36.50:594][275]LogMaterial: Missing cached shader map for material FMatExpressionPreview MaterialExpressionTextureSample_6, compiling. 
[2015.10.14-00.36.50:629][275]LogMaterial: Missing cached shader map for material FMatExpressionPreview MaterialExpressionVectorParameter_0, compiling. 
[2015.10.14-00.36.55:214][411]MaterialEditorStats: Info Base pass shader with static lighting: 93 instructions
[2015.10.14-00.36.55:214][411]MaterialEditorStats: Info Base pass shader with only dynamic lighting: 59 instructions
[2015.10.14-00.36.55:214][411]MaterialEditorStats: Info Vertex shader: 33 instructions
[2015.10.14-00.36.55:214][411]MaterialEditorStats: Info Texture samplers: 8/16
[2015.10.14-00.37.16:376][829]LogMaterial: Missing cached shader map for material HealthCrateTex, compiling. 
[2015.10.14-00.37.16:516][829]LogMaterial: Missing cached shader map for material HealthCrateTex, compiling. 
[2015.10.14-00.37.16:523][829]LogMaterial: 0.000107 seconds spent updating 1 materials, 1 interfaces, 0 instances, 0 with static permutations.
[2015.10.14-00.37.16:556][829]LogMaterial: Missing cached shader map for material FMatExpressionPreview MaterialExpressionTextureSample_30, compiling. 
[2015.10.14-00.37.16:572][829]LogMaterial: Missing cached shader map for material FMatExpressionPreview MaterialExpressionTextureSample_31, compiling. 
[2015.10.14-00.37.16:575][829]LogMaterial: Missing cached shader map for material FMatExpressionPreview MaterialExpressionTextureSample_32, compiling. 
[2015.10.14-00.37.16:584][829]LogMaterial: Missing cached shader map for material FMatExpressionPreview MaterialExpressionTextureSample_33, compiling. 
[2015.10.14-00.37.16:597][829]LogMaterial: Missing cached shader map for material FMatExpressionPreview MaterialExpressionTextureSample_34, compiling. 
[2015.10.14-00.37.16:616][829]LogMaterial: Missing cached shader map for material FMatExpressionPreview MaterialExpressionMultiply_14, compiling. 
[2015.10.14-00.37.16:633][829]LogMaterial: Missing cached shader map for material FMatExpressionPreview MaterialExpressionTextureSample_35, compiling. 
[2015.10.14-00.37.16:637][829]LogMaterial: Missing cached shader map for material FMatExpressionPreview MaterialExpressionTextureSample_36, compiling. 
[2015.10.14-00.37.16:641][829]LogMaterial: Missing cached shader map for material FMatExpressionPreview MaterialExpressionVectorParameter_9, compiling. 
[2015.10.14-00.37.17:916][861]MaterialEditorStats: Info Base pass shader with only dynamic lighting: 61 instructions
[2015.10.14-00.37.17:916][861]MaterialEditorStats: Info Vertex shader: 33 instructions
[2015.10.14-00.37.17:916][861]MaterialEditorStats: Info Texture samplers: 7/16
[2015.10.14-00.38.21:307][162]LogParticles: Destroying 0 GPU particle simulations for FXSystem 0x00000064CB679120
[2015.10.14-00.38.21:309][162]LogParticles: Destroying 0 GPU particle simulations for FXSystem 0x00000064C08D7100
[2015.10.14-00.38.21:309][162]LogParticles: Destroying 0 GPU particle simulations for FXSystem 0x00000064CB5ED8A0
[2015.10.14-00.38.23:124][204]LogWindowsTextInputMethodSystem:Display: IME system now deactivated.
[2015.10.14-00.38.23:124][204]LogWindowsTextInputMethodSystem:Display: IME system now deactivated.
[2015.10.14-00.38.23:413][205]Cmd: QUIT_EDITOR
[2015.10.14-00.38.23:687][205]LogExit: Preparing to exit.
[2015.10.14-00.38.24:215][205]LogExit: Editor shut down
[2015.10.14-00.38.24:216][205]LogParticles: Destroying 0 GPU particle simulations for FXSystem 0x000000649891C400
[2015.10.14-00.38.24:216][205]LogExit: Transaction tracking system shut down
[2015.10.14-00.38.24:216][205]LogParticles: Destroying 0 GPU particle simulations for FXSystem 0x000000649FB2D8A0
[2015.10.14-00.38.24:217][205]LogParticles: Destroying 0 GPU particle simulations for FXSystem 0x00000064945525C0
[2015.10.14-00.38.24:221][205]LogParticles: Destroying 0 GPU particle simulations for FXSystem 0x00000064C3B540E0
[2015.10.14-00.38.24:224][205]LogParticles: Destroying 0 GPU particle simulations for FXSystem 0x00000064CC9007C0
[2015.10.14-00.38.24:228][205]LogParticles: Destroying 0 GPU particle simulations for FXSystem 0x000000649454BEC0
[2015.10.14-00.38.24:228][205]LogParticles: Destroying 0 GPU particle simulations for FXSystem 0x000000649454AE80
[2015.10.14-00.38.24:239][205]LogParticles: Destroying 0 GPU particle simulations for FXSystem 0x00000064C09B8EA0
[2015.10.14-00.38.24:240][205]LogParticles: Destroying 0 GPU particle simulations for FXSystem 0x00000064C2454C20
[2015.10.14-00.38.24:240][205]LogParticles: Destroying 0 GPU particle simulations for FXSystem 0x00000064C09BA340
[2015.10.14-00.38.24:454][205]LogExit: Object subsystem successfully closed.
[2015.10.14-00.38.24:466][205]LogD3D11RHI: Shutdown
[2015.10.14-00.38.24:466][205]LogD3D11RHI: CleanupD3DDevice
[2015.10.14-00.38.24:542][205]LogD3D11RHI: ~FD3D11DynamicRHI
[2015.10.14-00.38.24:565][205]LogModuleManager: Shutting down and abandoning module StaticMeshEditor (201)
[2015.10.14-00.38.24:565][205]LogModuleManager: Shutting down and abandoning module MaterialEditor (200)
[2015.10.14-00.38.24:565][205]LogModuleManager: Shutting down and abandoning module BlueprintGraph (199)
[2015.10.14-00.38.24:565][205]LogModuleManager: Shutting down and abandoning module CrashTracker (198)
[2015.10.14-00.38.24:566][205]LogModuleManager: Shutting down and abandoning module SceneOutliner (197)
[2015.10.14-00.38.24:566][205]LogModuleManager: Shutting down and abandoning module SuperSearch (196)
[2015.10.14-00.38.24:566][205]LogModuleManager: Shutting down and abandoning module WidgetCarousel (195)
[2015.10.14-00.38.24:566][205]LogModuleManager: Shutting down and abandoning module AddContentDialog (194)
[2015.10.14-00.38.24:566][205]LogModuleManager: Shutting down and abandoning module EditorWidgets (193)
[2015.10.14-00.38.24:566][205]LogModuleManager: Shutting down and abandoning module CollectionManager (192)
[2015.10.14-00.38.24:567][205]LogModuleManager: Shutting down and abandoning module FoliageEdit (191)
[2015.10.14-00.38.24:567][205]LogModuleManager: Shutting down and abandoning module LandscapeEditor (190)
[2015.10.14-00.38.24:567][205]LogModuleManager: Shutting down and abandoning module ActorPickerMode (189)
[2015.10.14-00.38.24:567][205]LogModuleManager: Shutting down and abandoning module GeometryMode (188)
[2015.10.14-00.38.24:567][205]LogModuleManager: Shutting down and abandoning module TextureAlignMode (187)
[2015.10.14-00.38.24:567][205]LogModuleManager: Shutting down and abandoning module BspMode (186)
[2015.10.14-00.38.24:567][205]LogModuleManager: Shutting down and abandoning module PlacementMode (185)
[2015.10.14-00.38.24:567][205]LogModuleManager: Shutting down and abandoning module AutomationWorker (184)
[2015.10.14-00.38.24:567][205]LogModuleManager: Shutting down and abandoning module CharacterAI (183)
[2015.10.14-00.38.24:567][205]LogModuleManager: Shutting down and abandoning module SmartSnapping (182)
[2015.10.14-00.38.24:567][205]LogModuleManager: Shutting down and abandoning module ViewportSnapping (181)
[2015.10.14-00.38.24:567][205]LogModuleManager: Shutting down and abandoning module LogVisualizer (180)
[2015.10.14-00.38.24:567][205]LogModuleManager: Shutting down and abandoning module GameProjectGeneration (179)
[2015.10.14-00.38.24:567][205]LogModuleManager: Shutting down and abandoning module IntroTutorials (178)
[2015.10.14-00.38.24:567][205]LogModuleManager: Shutting down and abandoning module EditorLiveStreaming (177)
[2015.10.14-00.38.24:567][205]LogModuleManager: Shutting down and abandoning module IOSPlatformEditor (176)
[2015.10.14-00.38.24:567][205]LogModuleManager: Shutting down and abandoning module HTML5PlatformEditor (175)
[2015.10.14-00.38.24:567][205]LogModuleManager: Shutting down and abandoning module AndroidDeviceDetection (174)
[2015.10.14-00.38.25:331][205]LogModuleManager: Shutting down and abandoning module AndroidPlatformEditor (173)
[2015.10.14-00.38.25:331][205]LogModuleManager: Shutting down and abandoning module IOSRuntimeSettings (172)
[2015.10.14-00.38.25:331][205]LogModuleManager: Shutting down and abandoning module AndroidRuntimeSettings (171)
[2015.10.14-00.38.25:331][205]LogModuleManager: Shutting down and abandoning module MergeActors (170)
[2015.10.14-00.38.25:331][205]LogModuleManager: Shutting down and abandoning module SizeMap (169)
[2015.10.14-00.38.25:331][205]LogModuleManager: Shutting down and abandoning module TreeMap (168)
[2015.10.14-00.38.25:331][205]LogModuleManager: Shutting down and abandoning module ReferenceViewer (167)
[2015.10.14-00.38.25:331][205]LogModuleManager: Shutting down and abandoning module LocalizationService (166)
[2015.10.14-00.38.25:331][205]LogModuleManager: Shutting down and abandoning module LocalizationDashboard (165)
[2015.10.14-00.38.25:331][205]LogModuleManager: Shutting down and abandoning module HardwareTargeting (164)
[2015.10.14-00.38.25:331][205]LogModuleManager: Shutting down and abandoning module DeviceProfileEditor (163)
[2015.10.14-00.38.25:331][205]LogModuleManager: Shutting down and abandoning module UndoHistory (162)
[2015.10.14-00.38.25:331][205]LogModuleManager: Shutting down and abandoning module GameplayTagsEditor (161)
[2015.10.14-00.38.25:331][205]LogModuleManager: Shutting down and abandoning module UserFeedback (160)
[2015.10.14-00.38.25:331][205]LogModuleManager: Shutting down and abandoning module XmlParser (159)
[2015.10.14-00.38.25:331][205]LogModuleManager: Shutting down and abandoning module Blutility (158)
[2015.10.14-00.38.25:331][205]LogModuleManager: Shutting down and abandoning module ProjectTargetPlatformEditor (157)
[2015.10.14-00.38.25:331][205]LogModuleManager: Shutting down and abandoning module ProjectSettingsViewer (156)
[2015.10.14-00.38.25:331][205]LogModuleManager: Shutting down and abandoning module InputBindingEditor (155)
[2015.10.14-00.38.25:331][205]LogModuleManager: Shutting down and abandoning module EditorSettingsViewer (154)
[2015.10.14-00.38.25:331][205]LogModuleManager: Shutting down and abandoning module SettingsEditor (153)
[2015.10.14-00.38.25:331][205]LogModuleManager: Shutting down and abandoning module ProjectLauncher (152)
[2015.10.14-00.38.25:331][205]LogModuleManager: Shutting down and abandoning module SessionFrontend (151)
[2015.10.14-00.38.25:331][205]LogModuleManager: Shutting down and abandoning module ProfilerClient (150)
[2015.10.14-00.38.25:331][205]LogModuleManager: Shutting down and abandoning module TargetDeviceServices (149)
[2015.10.14-00.38.25:331][205]LogModuleManager: Shutting down and abandoning module DeviceManager (148)
[2015.10.14-00.38.25:331][205]LogModuleManager: Shutting down and abandoning module AutomationController (147)
[2015.10.14-00.38.25:331][205]LogModuleManager: Shutting down and abandoning module AutomationWindow (146)
[2015.10.14-00.38.25:331][205]LogModuleManager: Shutting down and abandoning module Layers (145)
[2015.10.14-00.38.25:331][205]LogModuleManager: Shutting down and abandoning module ComponentVisualizers (144)
[2015.10.14-00.38.25:331][205]LogModuleManager: Shutting down and abandoning module DetailCustomizations (143)
[2015.10.14-00.38.25:332][205]LogModuleManager: Shutting down and abandoning module PackagesDialog (142)
[2015.10.14-00.38.25:332][205]LogModuleManager: Shutting down and abandoning module Persona (141)
[2015.10.14-00.38.25:332][205]LogModuleManager: Shutting down and abandoning module Kismet (140)
[2015.10.14-00.38.25:332][205]LogModuleManager: Shutting down and abandoning module GraphEditor (139)
[2015.10.14-00.38.25:332][205]LogModuleManager: Shutting down and abandoning module ClassViewer (138)
[2015.10.14-00.38.25:332][205]LogModuleManager: Shutting down and abandoning module Toolbox (137)
[2015.10.14-00.38.25:332][205]LogModuleManager: Shutting down and abandoning module ModuleUI (136)
[2015.10.14-00.38.25:332][205]LogModuleManager: Shutting down and abandoning module MovieSceneTools (135)
[2015.10.14-00.38.25:332][205]LogModuleManager: Shutting down and abandoning module OutputLog (134)
[2015.10.14-00.38.25:332][205]LogModuleManager: Shutting down and abandoning module GammaUI (133)
[2015.10.14-00.38.25:332][205]LogModuleManager: Shutting down and abandoning module Documentation (132)
[2015.10.14-00.38.25:332][205]LogModuleManager: Shutting down and abandoning module GameLiveStreaming (131)
[2015.10.14-00.38.25:332][205]LogModuleManager: Shutting down and abandoning module StreamingPauseRendering (130)
[2015.10.14-00.38.25:332][205]LogModuleManager: Shutting down and abandoning module AnalyticsET (129)
[2015.10.14-00.38.25:332][205]LogModuleManager: Shutting down and abandoning module Analytics (128)
[2015.10.14-00.38.25:332][205]LogModuleManager: Shutting down and abandoning module AITestSuite (127)
[2015.10.14-00.38.25:332][205]LogModuleManager: Shutting down and abandoning module GameplayDebugger (126)
[2015.10.14-00.38.25:332][205]LogModuleManager: Shutting down and abandoning module AIModule (125)
[2015.10.14-00.38.25:332][205]LogModuleManager: Shutting down and abandoning module ProfilerService (124)
[2015.10.14-00.38.25:399][205]LogModuleManager: Shutting down and abandoning module TaskGraph (123)
[2015.10.14-00.38.25:399][205]LogModuleManager: Shutting down and abandoning module SubstanceEditor (122)
[2015.10.14-00.38.25:399][205]LogModuleManager: Shutting down and abandoning module SlateRemote (121)
[2015.10.14-00.38.25:399][205]LogModuleManager: Shutting down and abandoning module SteamVRController (120)
[2015.10.14-00.38.25:399][205]LogModuleManager: Shutting down and abandoning module SteamVR (119)
[2015.10.14-00.38.25:399][205]LogModuleManager: Shutting down and abandoning module ProceduralMeshComponent (118)
[2015.10.14-00.38.25:399][205]LogModuleManager: Shutting down and abandoning module OculusRift (117)
[2015.10.14-00.38.25:399][205]LogModuleManager: Shutting down and abandoning module OculusLibrary (116)
[2015.10.14-00.38.25:399][205]LogModuleManager: Shutting down and abandoning module LeapMotionController (115)
[2015.10.14-00.38.25:413][205]LogModuleManager: Shutting down and abandoning module CustomMeshComponent (114)
[2015.10.14-00.38.25:413][205]LogModuleManager: Shutting down and abandoning module CableComponent (113)
[2015.10.14-00.38.25:413][205]LogModuleManager: Shutting down and abandoning module ArchVisCharacter (112)
[2015.10.14-00.38.25:413][205]LogModuleManager: Shutting down and abandoning module MessagingDebugger (111)
[2015.10.14-00.38.25:413][205]LogModuleManager: Shutting down and abandoning module MediaPlayerEditor (110)
[2015.10.14-00.38.25:413][205]LogModuleManager: Shutting down and abandoning module HTML5Networking (109)
[2015.10.14-00.38.25:413][205]LogModuleManager: Shutting down and abandoning module SpeedTreeImporter (108)
[2015.10.14-00.38.25:413][205]LogModuleManager: Shutting down and abandoning module PluginBrowser (107)
[2015.10.14-00.38.25:413][205]LogModuleManager: Shutting down and abandoning module EpicSurvey (106)
[2015.10.14-00.38.25:413][205]LogModuleManager: Shutting down and abandoning module DesktopPlatform (105)
[2015.10.14-00.38.25:413][205]LogModuleManager: Shutting down and abandoning module VisualStudioSourceCodeAccess (104)
[2015.10.14-00.38.25:413][205]LogModuleManager: Shutting down and abandoning module UObjectPlugin (103)
[2015.10.14-00.38.25:413][205]LogModuleManager: Shutting down and abandoning module SubversionSourceControl (102)
[2015.10.14-00.38.25:413][205]LogModuleManager: Shutting down and abandoning module PerforceSourceControl (101)
[2015.10.14-00.38.25:413][205]LogModuleManager: Shutting down and abandoning module SourceControl (100)
[2015.10.14-00.38.25:413][205]LogModuleManager: Shutting down and abandoning module GitSourceControl (99)
[2015.10.14-00.38.25:413][205]LogModuleManager: Shutting down and abandoning module LightPropagationVolumeEditor (98)
[2015.10.14-00.38.25:413][205]LogModuleManager: Shutting down and abandoning module PaperTiledImporter (97)
[2015.10.14-00.38.25:413][205]LogModuleManager: Shutting down and abandoning module PaperSpriteSheetImporter (96)
[2015.10.14-00.38.25:413][205]LogModuleManager: Shutting down and abandoning module MeshPaint (95)
[2015.10.14-00.38.25:413][205]LogModuleManager: Shutting down and abandoning module SlateReflector (94)
[2015.10.14-00.38.25:413][205]LogModuleManager: Shutting down and abandoning module HotReload (93)
[2015.10.14-00.38.25:413][205]LogModuleManager: Shutting down and abandoning module MainFrame (92)
[2015.10.14-00.38.25:413][205]LogModuleManager: Shutting down and abandoning module LevelEditor (91)
[2015.10.14-00.38.25:414][205]LogModuleManager: Shutting down and abandoning module ContentBrowser (90)
[2015.10.14-00.38.25:415][205]LogModuleManager: Shutting down and abandoning module Paper2DEditor (89)
[2015.10.14-00.38.25:415][205]LogModuleManager: Shutting down and abandoning module UdpMessaging (88)
[2015.10.14-00.38.25:516][205]LogModuleManager: Shutting down and abandoning module DirectoryWatcher (87)
[2015.10.14-00.38.25:516][205]LogModuleManager: Shutting down and abandoning module AssetRegistry (86)
[2015.10.14-00.38.25:572][205]LogModuleManager: Shutting down and abandoning module SubstanceCore (85)
[2015.10.14-00.38.25:572][205]LogModuleManager: Shutting down and abandoning module LightPropagationVolumeRuntime (84)
[2015.10.14-00.38.25:572][205]LogModuleManager: Shutting down and abandoning module Paper2D (83)
[2015.10.14-00.38.25:572][205]LogModuleManager: Shutting down and abandoning module WindowsMoviePlayer (82)
[2015.10.14-00.38.25:572][205]LogModuleManager: Shutting down and abandoning module Media (81)
[2015.10.14-00.38.25:572][205]LogModuleManager: Shutting down and abandoning module WmfMedia (80)
[2015.10.14-00.38.25:572][205]LogModuleManager: Shutting down and abandoning module OnlineBlueprintSupport (79)
[2015.10.14-00.38.25:572][205]LogModuleManager: Shutting down and abandoning module GameplayTasksEditor (78)
[2015.10.14-00.38.25:572][205]LogModuleManager: Shutting down and abandoning module PropertyEditor (77)
[2015.10.14-00.38.25:572][205]LogModuleManager: Shutting down and abandoning module BehaviorTreeEditor (76)
[2015.10.14-00.38.25:572][205]LogModuleManager: Shutting down and abandoning module FunctionalTesting (75)
[2015.10.14-00.38.25:572][205]LogModuleManager: Shutting down and abandoning module CollisionAnalyzer (74)
[2015.10.14-00.38.25:572][205]LogModuleManager: Shutting down and abandoning module WorkspaceMenuStructure (73)
[2015.10.14-00.38.25:572][205]LogModuleManager: Shutting down and abandoning module MessageLog (72)
[2015.10.14-00.38.25:572][205]LogModuleManager: Shutting down and abandoning module Sequencer (71)
[2015.10.14-00.38.25:572][205]LogModuleManager: Shutting down and abandoning module AssetTools (70)
[2015.10.14-00.38.25:572][205]LogModuleManager: Shutting down and abandoning module UMGEditor (69)
[2015.10.14-00.38.25:572][205]LogModuleManager: Shutting down and abandoning module UMG (68)
[2015.10.14-00.38.25:572][205]LogModuleManager: Shutting down and abandoning module Slate (67)
[2015.10.14-00.38.25:572][205]LogModuleManager: Shutting down and abandoning module EditorStyle (66)
[2015.10.14-00.38.25:574][205]LogModuleManager: Shutting down and abandoning module SessionServices (65)
[2015.10.14-00.38.25:574][205]LogModuleManager: Shutting down and abandoning module SourceCodeAccess (64)
[2015.10.14-00.38.25:575][205]LogModuleManager: Shutting down and abandoning module HeadMountedDisplay (63)
[2015.10.14-00.38.25:575][205]LogModuleManager: Shutting down and abandoning module XAudio2 (62)
[2015.10.14-00.38.25:575][205]LogModuleManager: Shutting down and abandoning module Networking (60)
[2015.10.14-00.38.25:575][205]LogModuleManager: Shutting down and abandoning module Core (59)
[2015.10.14-00.38.25:575][205]LogModuleManager: Shutting down and abandoning module KismetCompiler (58)
[2015.10.14-00.38.25:575][205]LogModuleManager: Shutting down and abandoning module PhysXFormats (57)
[2015.10.14-00.38.25:575][205]LogModuleManager: Shutting down and abandoning module MeshUtilities (56)
[2015.10.14-00.38.25:575][205]LogModuleManager: Shutting down and abandoning module CookingStats (55)
[2015.10.14-00.38.25:576][205]LogModuleManager: Shutting down and abandoning module DerivedDataCache (54)
[2015.10.14-00.38.25:604][205]LogDerivedDataCache: Shutdown
[2015.10.14-00.38.25:604][205]LogModuleManager: Shutting down and abandoning module ShaderFormatOpenGL (53)
[2015.10.14-00.38.25:604][205]LogModuleManager: Shutting down and abandoning module ShaderFormatD3D (52)
[2015.10.14-00.38.25:604][205]LogModuleManager: Shutting down and abandoning module MetalShaderFormat (51)
[2015.10.14-00.38.25:604][205]LogModuleManager: Shutting down and abandoning module TextureFormatUncompressed (50)
[2015.10.14-00.38.25:604][205]LogModuleManager: Shutting down and abandoning module TextureFormatPVR (49)
[2015.10.14-00.38.25:604][205]LogModuleManager: Shutting down and abandoning module TextureFormatIntelISPCTexComp (48)
[2015.10.14-00.38.25:604][205]LogModuleManager: Shutting down and abandoning module TextureFormatDXT (47)
[2015.10.14-00.38.25:604][205]LogModuleManager: Shutting down and abandoning module ImageWrapper (46)
[2015.10.14-00.38.25:604][205]LogModuleManager: Shutting down and abandoning module TextureFormatASTC (45)
[2015.10.14-00.38.25:604][205]LogModuleManager: Shutting down and abandoning module TextureFormatAndroid (44)
[2015.10.14-00.38.25:604][205]LogModuleManager: Shutting down and abandoning module AudioFormatOpus (43)
[2015.10.14-00.38.25:604][205]LogModuleManager: Shutting down and abandoning module AudioFormatOgg (42)
[2015.10.14-00.38.25:604][205]LogModuleManager: Shutting down and abandoning module AudioFormatADPCM (41)
[2015.10.14-00.38.25:604][205]LogModuleManager: Shutting down and abandoning module LinuxTargetPlatform (40)
[2015.10.14-00.38.25:604][205]LogModuleManager: Shutting down and abandoning module LinuxServerTargetPlatform (39)
[2015.10.14-00.38.25:604][205]LogModuleManager: Shutting down and abandoning module LinuxNoEditorTargetPlatform (38)
[2015.10.14-00.38.25:604][205]LogModuleManager: Shutting down and abandoning module Messaging (37)
[2015.10.14-00.38.25:604][205]LogModuleManager: Shutting down and abandoning module IOSTargetPlatform (36)
[2015.10.14-00.38.25:604][205]LogModuleManager: Shutting down and abandoning module HTML5TargetPlatform (35)
[2015.10.14-00.38.25:604][205]LogModuleManager: Shutting down and abandoning module Android_PVRTCTargetPlatform (34)
[2015.10.14-00.38.25:604][205]LogModuleManager: Shutting down and abandoning module Android_ETC2TargetPlatform (33)
[2015.10.14-00.38.25:604][205]LogModuleManager: Shutting down and abandoning module Android_ETC1TargetPlatform (32)
[2015.10.14-00.38.25:604][205]LogModuleManager: Shutting down and abandoning module Android_DXTTargetPlatform (31)
[2015.10.14-00.38.25:604][205]LogModuleManager: Shutting down and abandoning module Android_ATCTargetPlatform (30)
[2015.10.14-00.38.25:604][205]LogModuleManager: Shutting down and abandoning module Android_ASTCTargetPlatform (29)
[2015.10.14-00.38.25:604][205]LogModuleManager: Shutting down and abandoning module AndroidTargetPlatform (28)
[2015.10.14-00.38.25:604][205]LogModuleManager: Shutting down and abandoning module WindowsTargetPlatform (27)
[2015.10.14-00.38.25:604][205]LogModuleManager: Shutting down and abandoning module WindowsServerTargetPlatform (26)
[2015.10.14-00.38.25:604][205]LogModuleManager: Shutting down and abandoning module WindowsNoEditorTargetPlatform (25)
[2015.10.14-00.38.25:604][205]LogModuleManager: Shutting down and abandoning module WindowsClientTargetPlatform (24)
[2015.10.14-00.38.25:604][205]LogModuleManager: Shutting down and abandoning module AllDesktopTargetPlatform (23)
[2015.10.14-00.38.25:604][205]LogModuleManager: Shutting down and abandoning module TargetPlatform (22)
[2015.10.14-00.38.25:604][205]LogModuleManager: Shutting down and abandoning module InputCore (21)
[2015.10.14-00.38.25:604][205]LogModuleManager: Shutting down and abandoning module Settings (20)
[2015.10.14-00.38.25:604][205]LogModuleManager: Shutting down and abandoning module OnlineSubsystem (18)
[2015.10.14-00.38.25:604][205]LogModuleManager: Shutting down and abandoning module HTTP (17)
[2015.10.14-00.38.26:605][205]LogModuleManager: Shutting down and abandoning module XMPP (16)
[2015.10.14-00.38.26:605][205]LogModuleManager: Shutting down and abandoning module ExampleDeviceProfileSelector (15)
[2015.10.14-00.38.26:605][205]LogModuleManager: Shutting down and abandoning module TextureCompressor (14)
[2015.10.14-00.38.26:605][205]LogModuleManager: Shutting down and abandoning module ShaderCore (13)
[2015.10.14-00.38.26:605][205]LogModuleManager: Shutting down and abandoning module Landscape (12)
[2015.10.14-00.38.26:605][205]LogModuleManager: Shutting down and abandoning module SlateRHIRenderer (11)
[2015.10.14-00.38.26:606][205]LogModuleManager: Shutting down and abandoning module OpenGLDrv (10)
[2015.10.14-00.38.26:606][205]LogModuleManager: Shutting down and abandoning module D3D11RHI (9)
[2015.10.14-00.38.26:606][205]LogModuleManager: Shutting down and abandoning module AnimGraphRuntime (8)
[2015.10.14-00.38.26:606][205]LogModuleManager: Shutting down and abandoning module Renderer (7)
[2015.10.14-00.38.26:607][205]LogModuleManager: Shutting down and abandoning module Engine (6)
[2015.10.14-00.38.26:607][205]LogModuleManager: Shutting down and abandoning module CoreUObject (5)
[2015.10.14-00.38.26:607][205]LogModuleManager: Shutting down and abandoning module NetworkFile (4)
[2015.10.14-00.38.26:607][205]LogModuleManager: Shutting down and abandoning module StreamingFile (3)
[2015.10.14-00.38.26:607][205]LogModuleManager: Shutting down and abandoning module SandboxFile (2)
[2015.10.14-00.38.26:607][205]LogModuleManager: Shutting down and abandoning module PakFile (1)
[2015.10.14-00.38.26:607][205]LogExit: Exiting.
[2015.10.14-00.38.26:609][205]Log file closed, 10/13/15 20:38:26
