[2015.11.19-23.15.03:515][  0]Log file open, 11/19/15 18:15:03
[2015.11.19-23.15.03:515][  0]LogInit:Display: Running engine for game: SuperSpaceArmada
[2015.11.19-23.15.03:515][  0]LogInit:Display: RandInit(254157872) SRandInit(254157873).
[2015.11.19-23.15.03:515][  0]LogTaskGraph: Started task graph with 4 named threads and 7 total threads.
[2015.11.19-23.15.03:515][  0]LogStats: Stats thread started at 0.231338
[2015.11.19-23.15.03:515][  0]LogInit: Version: 4.9.1-2689999+++depot+UE4-Releases+4.9
[2015.11.19-23.15.03:515][  0]LogInit: API Version: 2672455
[2015.11.19-23.15.03:515][  0]LogInit: Compiled (64-bit): Sep 14 2015 04:12:03
[2015.11.19-23.15.03:515][  0]LogInit: Compiled with Visual C++: 18.00.21005.01
[2015.11.19-23.15.03:515][  0]LogInit: Build Configuration: Development
[2015.11.19-23.15.03:515][  0]LogInit: Branch Name: ++depot+UE4-Releases+4.9
[2015.11.19-23.15.03:515][  0]LogInit: Command line:  
[2015.11.19-23.15.03:515][  0]LogInit: Base directory: C:/Program Files/Epic Games/4.9/Engine/Binaries/Win64/
[2015.11.19-23.15.03:515][  0]LogInit: Rocket: 1
[2015.11.19-23.15.03:702][  0]LogInit: Using libcurl 7.41.0
[2015.11.19-23.15.03:702][  0]LogInit:  - built for x86_64-pc-win32
[2015.11.19-23.15.03:702][  0]LogInit:  - supports SSL with WinSSL
[2015.11.19-23.15.03:702][  0]LogInit:  - other features:
[2015.11.19-23.15.03:702][  0]LogInit:      CURL_VERSION_SSL
[2015.11.19-23.15.03:702][  0]LogInit:      CURL_VERSION_IPV6
[2015.11.19-23.15.03:702][  0]LogInit:      CURL_VERSION_ASYNCHDNS
[2015.11.19-23.15.03:702][  0]LogInit:      CURL_VERSION_LARGEFILE
[2015.11.19-23.15.03:702][  0]LogInit:      CURL_VERSION_IDN
[2015.11.19-23.15.03:702][  0]LogInit:  CurlRequestOptions (configurable via config and command line):
[2015.11.19-23.15.03:702][  0]LogInit:  - bVerifyPeer = true  - Libcurl will verify peer certificate
[2015.11.19-23.15.03:702][  0]LogInit:  - bUseHttpProxy = false  - Libcurl will NOT use HTTP proxy
[2015.11.19-23.15.03:702][  0]LogInit:  - bDontReuseConnections = false  - Libcurl will reuse connections
[2015.11.19-23.15.03:702][  0]LogInit:  - CertBundlePath = nullptr  - Libcurl will use whatever was configured at build time.
[2015.11.19-23.15.03:889][  0]LogInit: Presizing for 0 objects not considered by GC, pre-allocating 0 bytes.
[2015.11.19-23.15.03:895][  0]LogInit: Object subsystem initialized
[2015.11.19-23.15.03:897][  0]LogInit: Selected Device Profile: [Windows]
[2015.11.19-23.15.03:897][  0]LogInit: Applying CVar settings loaded from the selected device profile: [Windows]
[2015.11.19-23.15.03:905][  0]LogInit: Computer: EXIA
[2015.11.19-23.15.03:905][  0]LogInit: User: SGJin
[2015.11.19-23.15.03:905][  0]LogInit: CPU Page size=4096, Cores=4
[2015.11.19-23.15.03:905][  0]LogInit: High frequency timer resolution =2.338349 MHz
[2015.11.19-23.15.03:905][  0]LogMemory: Memory total: Physical=7.9GB (8GB approx)
[2015.11.19-23.15.03:905][  0]LogMemory: Platform Memory Stats for Windows
[2015.11.19-23.15.03:905][  0]LogMemory: Process Physical Memory: 54.87 MB used, 54.87 MB peak
[2015.11.19-23.15.03:905][  0]LogMemory: Process Virtual Memory: 55.32 MB used, 55.32 MB peak
[2015.11.19-23.15.03:905][  0]LogMemory: Physical Memory: 3454.07 MB used, 8124.02 MB total
[2015.11.19-23.15.03:905][  0]LogMemory: Virtual Memory: 364.63 MB used, 134217728.00 MB total
[2015.11.19-23.15.04:736][  0]LogTextLocalizationManager: No specific translations for ('en-US') exist, so ('en') translations will be used.
[2015.11.19-23.15.05:486][  0]LogD3D11RHI: Found D3D11 adapter 0: NVIDIA GeForce GT 740M          (Feature Level 11_0)
[2015.11.19-23.15.05:486][  0]LogD3D11RHI: Adapter has 1996MB of dedicated video memory, 0MB of dedicated system memory, and 4062MB of shared system memory, 1 output[s]
[2015.11.19-23.15.05:492][  0]LogD3D11RHI: Found D3D11 adapter 1: Intel(R) HD Graphics 4600 (Feature Level 11_0)
[2015.11.19-23.15.05:492][  0]LogD3D11RHI: Adapter has 112MB of dedicated video memory, 0MB of dedicated system memory, and 4062MB of shared system memory, 0 output[s]
[2015.11.19-23.15.05:493][  0]LogD3D11RHI: Found D3D11 adapter 2: Microsoft Basic Render Driver (Feature Level 11_0)
[2015.11.19-23.15.05:493][  0]LogD3D11RHI: Adapter has 0MB of dedicated video memory, 0MB of dedicated system memory, and 4062MB of shared system memory, 0 output[s]
[2015.11.19-23.15.05:493][  0]LogD3D11RHI: Chosen D3D11 Adapter Id = 0
[2015.11.19-23.15.05:498][  0]LogD3D11RHI: !Direct3DDevice
[2015.11.19-23.15.05:498][  0]LogRHI: Texture pool is 1361 MB (70% of 1945 MB)
[2015.11.19-23.15.05:512][  0]LogD3D11RHI: Async texture creation enabled
[2015.11.19-23.15.05:528][  0]LogShaderCompilers: Guid format shader working directory is 14 characters bigger than the processId version (../../../../../../Users/Jin/Documents/GitHub/Game-Files/SuperSpaceArmada/Intermediate/Shaders/WorkingDirectory/34248/).
[2015.11.19-23.15.05:529][  0]LogShaderCompilers: Cleaned the shader compiler working directory '../../../../../../Users/Jin/Documents/GitHub/Game-Files/SuperSpaceArmada/Intermediate/Shaders/tmp/1A1EC540415D52099F6490A88B5D777C/'.
[2015.11.19-23.15.05:529][  0]LogShaderCompilers:Display: Using Local Shader Compiler.
[2015.11.19-23.15.08:961][  0]LogTemp:Display: Loaded TP AllDesktopTargetPlatform
[2015.11.19-23.15.09:020][  0]LogTemp:Display: Loaded TP WindowsClientTargetPlatform
[2015.11.19-23.15.09:075][  0]LogTemp:Display: Loaded TP WindowsNoEditorTargetPlatform
[2015.11.19-23.15.09:152][  0]LogTemp:Display: Loaded TP WindowsServerTargetPlatform
[2015.11.19-23.15.09:223][  0]LogTemp:Display: Loaded TP WindowsTargetPlatform
[2015.11.19-23.15.09:255][  0]LogTemp:Display: Loaded TP AndroidTargetPlatform
[2015.11.19-23.15.09:304][  0]LogTemp:Display: Loaded TP Android_ASTCTargetPlatform
[2015.11.19-23.15.09:374][  0]LogTemp:Display: Loaded TP Android_ATCTargetPlatform
[2015.11.19-23.15.09:386][  0]LogTemp:Display: Loaded TP Android_DXTTargetPlatform
[2015.11.19-23.15.09:409][  0]LogTemp:Display: Loaded TP Android_ETC1TargetPlatform
[2015.11.19-23.15.09:438][  0]LogTemp:Display: Loaded TP Android_ETC2TargetPlatform
[2015.11.19-23.15.09:456][  0]LogTemp:Display: Loaded TP Android_PVRTCTargetPlatform
[2015.11.19-23.15.09:474][  0]LogTemp:Display: Loaded TP HTML5TargetPlatform
[2015.11.19-23.15.09:631][  0]LogTemp:Display: Loaded TP IOSTargetPlatform
[2015.11.19-23.15.09:656][  0]LogTemp:Display: Loaded TP LinuxNoEditorTargetPlatform
[2015.11.19-23.15.09:677][  0]LogTemp:Display: Loaded TP LinuxServerTargetPlatform
[2015.11.19-23.15.09:695][  0]LogTemp:Display: Loaded TP LinuxTargetPlatform
[2015.11.19-23.15.09:695][  0]LogTargetPlatformManager:Display: Building Assets For Windows
[2015.11.19-23.15.10:582][  0]LogDerivedDataCache:Display: Max Cache Size: 512 MB
[2015.11.19-23.15.11:024][  0]LogDerivedDataCache: Loaded boot cache 0.44s 41MB C:/Users/Jin/AppData/Local/UnrealEngine/4.9/DerivedDataCache/Boot.ddc.
[2015.11.19-23.15.11:024][  0]LogDerivedDataCache:Display: Loaded Boot cache: C:/Users/Jin/AppData/Local/UnrealEngine/4.9/DerivedDataCache/Boot.ddc
[2015.11.19-23.15.11:025][  0]LogDerivedDataCache: FDerivedDataBackendGraph:  Pak pak cache file ../../../../../../Users/Jin/Documents/GitHub/Game-Files/SuperSpaceArmada/DerivedDataCache/DDC.ddp not found, will not use a pak cache.
[2015.11.19-23.15.11:025][  0]LogDerivedDataCache: Unable to find inner node Pak for hierarchical cache Hierarchy.
[2015.11.19-23.15.11:025][  0]LogDerivedDataCache: FDerivedDataBackendGraph:  CompressedPak pak cache file ../../../../../../Users/Jin/Documents/GitHub/Game-Files/SuperSpaceArmada/DerivedDataCache/Compressed.ddp not found, will not use a pak cache.
[2015.11.19-23.15.11:025][  0]LogDerivedDataCache: Unable to find inner node CompressedPak for hierarchical cache Hierarchy.
[2015.11.19-23.15.11:236][  0]LogDerivedDataCache:Display: Pak cache opened for reading ../../../Engine/DerivedDataCache/Compressed.ddp.
[2015.11.19-23.15.11:278][  0]LogDerivedDataCache: Using Local data cache path C:/Users/Jin/AppData/Local/UnrealEngine/Common/DerivedDataCache: Writable
[2015.11.19-23.15.15:808][  0]LogInit: Selected Device Profile: [Windows]
[2015.11.19-23.15.15:831][  0]LogContentStreaming: Texture pool size is 0.000000MB
[2015.11.19-23.15.16:178][  0]LogMeshUtilities: No automatic mesh reduction module available
[2015.11.19-23.15.16:178][  0]LogMeshUtilities: No automatic mesh merging module available
[2015.11.19-23.15.18:182][  0]LogInit: WinSock: version 1.1 (2.2), MaxSocks=32767, MaxUdp=65467
[2015.11.19-23.15.58:094][  0]LogAssetRegistry: FAssetRegistry took 0.0106 seconds to start up
[2015.11.19-23.15.58:319][  0]UdpMessaging: Initializing bridge on interface 0.0.0.0:0 to multicast group 230.0.0.1:6666.
[2015.11.19-23.16.03:844][  0]SourceControl: Info Source control is disabled
[2015.11.19-23.16.05:065][  0]SourceControl: Info Source control is disabled
[2015.11.19-23.16.05:423][  0]SourceControl: Info Source control is disabled
[2015.11.19-23.16.05:536][  0]SourceControl: Info Source control is disabled
[2015.11.19-23.16.09:693][  0]LogLinker:Warning: Asset '../../../Engine/Plugins/Runtime/LeapMotionController/Content/LM_PassthroughMaterial.uasset' has been saved with empty engine version. The asset will be loaded but may be incompatible.
[2015.11.19-23.16.11:852][  0]LogObj: 28528 objects as part of root set at end of initial load.
[2015.11.19-23.16.11:852][  0]LogUObjectAllocator: 6068464 out of 0 bytes used by permanent object pool.
[2015.11.19-23.16.13:159][  0]LogEngine: Initializing Engine...
[2015.11.19-23.16.13:163][  0]LogHMD: Can't find Oculus library dev build: is proper Runtime installed? Version: 0.7.0.0
[2015.11.19-23.16.13:448][  0]LogHMD: SteamVR failed to initialize.  Err: 110
[2015.11.19-23.16.14:983][  0]LogAIModule: Creating AISystem for world NewWorld
[2015.11.19-23.16.15:046][  0]LogInit: XAudio2 using 'Speakers / HP (IDT High Definition Audio CODEC)' : 2 channels at 48 kHz using 16 bits per sample (channel mask 0x3)
[2015.11.19-23.16.15:111][  0]LogInit: FAudioDevice initialized.
[2015.11.19-23.16.15:139][  0]LogDerivedDataCache: Saved boot cache 0.03s 41MB C:/Users/Jin/AppData/Local/UnrealEngine/4.9/DerivedDataCache/Boot.ddc.
[2015.11.19-23.16.15:278][  0]LogInit: Texture streaming: Enabled
[2015.11.19-23.16.15:426][  0]LogAnalytics: Creating configured Analytics provider AnalyticsET
[2015.11.19-23.16.15:426][  0]LogAnalytics: [UEEditor.Rocket.Release] APIServer = http://et2.epicgames.com/ET2/. AppVersion = 4.9.1-2689999+++depot+UE4-Releases+4.9
[2015.11.19-23.16.15:426][  0]LogAnalytics: [UEEditor.Rocket.Release] SetUserId 435ea4a8489b84c6f4feaab84cbae6c8|e03effeb7bdf4ddc9c712682a578c51b|8a2a019e-36d5-4c55-97e1-833141022920
[2015.11.19-23.16.15:426][  0]LogAnalytics: [UEEditor.Rocket.Release] AnalyticsET::StartSession
[2015.11.19-23.16.15:696][  0]LogWindowsTextInputMethodSystem:Display: IME system now deactivated.
[2015.11.19-23.16.15:930][  0]LogInit: Transaction tracking system initialized
[2015.11.19-23.16.16:950][  0]BlueprintLog: New page: Editor Load
[2015.11.19-23.16.20:821][  0]LocalizationService: Info Localization service is disabled
[2015.11.19-23.16.23:862][  0]LogConsoleResponse:Display: 
[2015.11.19-23.16.29:105][  0]LogCook:Display: Done creating registry. It took  0.00s.
[2015.11.19-23.16.30:875][  0]LogFileCache: Scanning file cache for directory 'C:/Users/Jin/Documents/GitHub/Game-Files/SuperSpaceArmada/Content/' took 0.02s
[2015.11.19-23.16.31:036][  0]SourceControl: Info Source control is disabled
[2015.11.19-23.16.31:036][  0]Cmd: MAP LOAD FILE="../../../../../../Users/Jin/Documents/GitHub/Game-Files/SuperSpaceArmada/Content/SSA/Maps/Home_Kratakos.umap" TEMPLATE=0 SHOWPROGRESS=1 FEATURELEVEL=3
[2015.11.19-23.16.31:200][  0]LightingResults: New page: Lighting Build
[2015.11.19-23.16.31:204][  0]MapCheck: New page: Map Check
[2015.11.19-23.16.31:204][  0]LightingResults: New page: Lighting Build
[2015.11.19-23.16.31:214][  0]LogParticles: Destroying 0 GPU particle simulations for FXSystem 0x000000B4A92DD620
[2015.11.19-23.16.32:122][  0]LogLinker:Warning: Asset '../../../../../../Users/Jin/Documents/GitHub/Game-Files/SuperSpaceArmada/Content/Mannequin/Animations/ThirdPerson_AnimBP.uasset' has been saved with empty engine version. The asset will be loaded but may be incompatible.
[2015.11.19-23.16.32:288][  0]LogLinker:Warning: Asset '../../../../../../Users/Jin/Documents/GitHub/Game-Files/SuperSpaceArmada/Content/Mannequin/Animations/ThirdPerson_Jump.uasset' has been saved with empty engine version. The asset will be loaded but may be incompatible.
[2015.11.19-23.16.32:340][  0]LogLinker:Warning: Asset '../../../../../../Users/Jin/Documents/GitHub/Game-Files/SuperSpaceArmada/Content/Mannequin/Animations/ThirdPersonJump_Loop.uasset' has been saved with empty engine version. The asset will be loaded but may be incompatible.
[2015.11.19-23.16.32:365][  0]LogLinker:Warning: Asset '../../../../../../Users/Jin/Documents/GitHub/Game-Files/SuperSpaceArmada/Content/Mannequin/Animations/ThirdPersonJump_Start.uasset' has been saved with empty engine version. The asset will be loaded but may be incompatible.
[2015.11.19-23.16.32:397][  0]LogLinker:Warning: Asset '../../../../../../Users/Jin/Documents/GitHub/Game-Files/SuperSpaceArmada/Content/Mannequin/Animations/ThirdPerson_IdleRun_2D.uasset' has been saved with empty engine version. The asset will be loaded but may be incompatible.
[2015.11.19-23.16.32:536][  0]LogLinker:Warning: Asset '../../../../../../Users/Jin/Documents/GitHub/Game-Files/SuperSpaceArmada/Content/Mannequin/Animations/ThirdPersonIdle.uasset' has been saved with empty engine version. The asset will be loaded but may be incompatible.
[2015.11.19-23.16.32:680][  0]LogLinker:Warning: Asset '../../../../../../Users/Jin/Documents/GitHub/Game-Files/SuperSpaceArmada/Content/Mannequin/Animations/ThirdPersonRun.uasset' has been saved with empty engine version. The asset will be loaded but may be incompatible.
[2015.11.19-23.16.32:700][  0]LogLinker:Warning: Asset '../../../../../../Users/Jin/Documents/GitHub/Game-Files/SuperSpaceArmada/Content/Mannequin/Animations/ThirdPersonWalk.uasset' has been saved with empty engine version. The asset will be loaded but may be incompatible.
[2015.11.19-23.16.53:173][  0]LogLinker:Warning: Can't find file '/Game/Geometry/Meshes/1M_Cube'
[2015.11.19-23.16.53:174][  0]LogLinker:Warning: Can't find file for asset '/Game/Geometry/Meshes/1M_Cube' while loading ../../../../../../Users/Jin/Documents/GitHub/Game-Files/SuperSpaceArmada/Content/SSA/Blueprints/Objects/Crystal_Spawner.uasset.
[2015.11.19-23.16.53:174][  0]LoadErrors:Error: Error /Game/SSA/Blueprints/Objects/Crystal_Spawner : Can't find file for asset. /Game/Geometry/Meshes/1M_Cube
[2015.11.19-23.16.53:174][  0]LogLinker:Warning: Can't find file '/Game/Geometry/Meshes/1M_Cube'
[2015.11.19-23.16.53:175][  0]LogLinker:Warning: Can't find file for asset '/Game/Geometry/Meshes/1M_Cube' while loading ../../../../../../Users/Jin/Documents/GitHub/Game-Files/SuperSpaceArmada/Content/SSA/Blueprints/Objects/Crystal_Spawner.uasset.
[2015.11.19-23.16.53:175][  0]LoadErrors:Error: Error /Game/SSA/Blueprints/Objects/Crystal_Spawner : Can't find file for asset. /Game/Geometry/Meshes/1M_Cube
[2015.11.19-23.16.53:189][  0]LogLinker:Warning: Can't find file '/Game/Geometry/Meshes/1M_Cube'
[2015.11.19-23.16.53:190][  0]LogLinker:Warning: Can't find file for asset '/Game/Geometry/Meshes/1M_Cube' while loading ../../../../../../Users/Jin/Documents/GitHub/Game-Files/SuperSpaceArmada/Content/SSA/Maps/Home_Kratakos.umap.
[2015.11.19-23.16.53:190][  0]LoadErrors:Error: Error /Game/SSA/Maps/Home_Kratakos : Can't find file for asset. /Game/Geometry/Meshes/1M_Cube
[2015.11.19-23.16.53:190][  0]LogLinker:Warning: Can't find file '/Game/Geometry/Meshes/1M_Cube'
[2015.11.19-23.16.53:190][  0]LogLinker:Warning: Can't find file for asset '/Game/Geometry/Meshes/1M_Cube' while loading ../../../../../../Users/Jin/Documents/GitHub/Game-Files/SuperSpaceArmada/Content/SSA/Maps/Home_Kratakos.umap.
[2015.11.19-23.16.53:190][  0]LoadErrors:Error: Error /Game/SSA/Maps/Home_Kratakos : Can't find file for asset. /Game/Geometry/Meshes/1M_Cube
[2015.11.19-23.16.53:191][  0]LogLinker:Warning: Can't find file '/Game/Geometry/Meshes/1M_Cube'
[2015.11.19-23.16.53:191][  0]LoadErrors: Info Failed to load /Game/Geometry/Meshes/1M_Cube.1M_Cube Referenced by StaticMeshComponent0
[2015.11.19-23.16.53:191][  0]LogLinker:Warning: Can't find file for asset '/Game/Geometry/Meshes/1M_Cube' while loading ../../../../../../Users/Jin/Documents/GitHub/Game-Files/SuperSpaceArmada/Content/SSA/Maps/Home_Kratakos.umap.
[2015.11.19-23.16.53:191][  0]LoadErrors: Info Failed to load /Game/Geometry/Meshes/1M_Cube.1M_Cube Referenced by StaticMeshComponent0
[2015.11.19-23.16.53:191][  0]LoadErrors:Error: Error /Game/SSA/Maps/Home_Kratakos : Can't find file for asset. /Game/Geometry/Meshes/1M_Cube
[2015.11.19-23.17.14:290][  0]LogMaterial: Missing cached shader map for material lambert1, compiling. 
[2015.11.19-23.17.14:290][  0]LogMaterial:Warning: Failed to compile Material /Game/Geometry/Meshes/KratakosFrigate/lambert1.lambert1 for platform PCD3D_SM5, Default Material will be used in game.
[2015.11.19-23.17.14:290][  0]LogMaterial:Warning: 	(Node TextureSample) TextureSample> Missing input texture
[2015.11.19-23.17.15:589][  0]LogTexture:Display: Building textures: Profile_DropUP (BGRA8)
[2015.11.19-23.17.17:410][  0]LogAIModule: Creating AISystem for world Home_Kratakos
[2015.11.19-23.17.17:533][  0]LogEditorServer: Finished looking for orphan Actors (0.000 secs)
[2015.11.19-23.17.17:534][  0]Cmd: MAP CHECKDEP NOCLEARLOG
[2015.11.19-23.17.17:726][  0]MapCheck: Info Map check complete: 0 Error(s), 0 Warning(s), took 191.935ms to complete.
[2015.11.19-23.17.17:726][  0]LogFileHelpers: Loading map 'Home_Kratakos' took 46.690
[2015.11.19-23.17.18:448][  0]LogCollectionManager: Loaded 0 collections in 0.002948 seconds
[2015.11.19-23.17.18:489][  0]LogFileCache: Scanning file cache for directory 'C:/Users/Jin/Documents/GitHub/Game-Files/SuperSpaceArmada/Saved/Collections/' took 0.01s
[2015.11.19-23.17.18:489][  0]LogFileCache: Scanning file cache for directory 'C:/Users/Jin/Documents/GitHub/Game-Files/SuperSpaceArmada/Content/Developers/SGJin/Collections/' took 0.01s
[2015.11.19-23.17.18:489][  0]LogFileCache: Scanning file cache for directory 'C:/Users/Jin/Documents/GitHub/Game-Files/SuperSpaceArmada/Content/Collections/' took 0.01s
[2015.11.19-23.17.18:489][  0]LogContentBrowser: Native class hierarchy populated in 0.0078 seconds. Added 1882 classes and 339 folders.
[2015.11.19-23.17.18:495][  0]LogCollectionManager: Rebuilt the GUID cache for 0 collections in 0.000006 seconds
[2015.11.19-23.17.18:503][  0]LogContentBrowser: Native class hierarchy updated for 'WidgetCarousel' in 0.0003 seconds. Added 0 classes and 0 folders.
[2015.11.19-23.17.22:967][  0]LogContentBrowser: Native class hierarchy updated for 'AddContentDialog' in 0.0004 seconds. Added 0 classes and 0 folders.
[2015.11.19-23.17.23:134][  0]LogContentBrowser: Native class hierarchy updated for 'SceneOutliner' in 0.0004 seconds. Added 1 classes and 2 folders.
[2015.11.19-23.17.23:459][  0]LogCrashTracker: Crashtracker disabled due to settings.
[2015.11.19-23.17.23:464][  0]LogUObjectGlobals:Warning: Failed to find object 'Class None.'
[2015.11.19-23.17.23:486][  0]LogLoad: Full Startup: 141.79 seconds (BP compile: 1.72 seconds)
[2015.11.19-23.17.23:496][  0]LoadErrors:Error: Error /Game/SSA/Blueprints/Player : Failed import for Player_C /Game/SSA/Blueprints/Player/Player.Default__Player_C
[2015.11.19-23.17.24:199][  0]LogContentStreaming: Texture pool size now 1000 MB
[2015.11.19-23.17.24:465][  0]LogRenderer: Reallocating scene render targets to support 1156x564 (Frame:2).
[2015.11.19-23.17.30:899][160]LogAssetRegistry: Asset discovery search completed in 92.8161 seconds
[2015.11.19-23.17.30:899][160]LogCollectionManager: Rebuilt the object cache for 0 collections in 0.000001 seconds (found 0 objects)
[2015.11.19-23.17.30:899][160]LogCollectionManager: Fixed up redirectors for 0 collections in 0.000027 seconds (updated 0 objects)
[2015.11.19-23.18.21:346][798]LogContentBrowser: Native class hierarchy updated for 'TextureEditor' in 0.0010 seconds. Added 1 classes and 2 folders.
[2015.11.19-23.19.39:032][171]LogLinker:Warning: Asset '../../../Engine/Content/ArtTools/RenderToTexture/Macros/RenderToTextureMacros.uasset' has been saved with empty engine version. The asset will be loaded but may be incompatible.
[2015.11.19-23.19.39:674][171]LogContentBrowser: Native class hierarchy updated for 'BlueprintGraph' in 0.0007 seconds. Added 107 classes and 0 folders.
[2015.11.19-23.19.44:157][271]LogRenderer: Reallocating scene render targets to support 1156x712 (Frame:4507).
[2015.11.19-23.20.52:709][582]LogSavePackage: Save=74.981964ms
[2015.11.19-23.20.52:709][582]LogSavePackage: Moving '../../../../../../Users/Jin/Documents/GitHub/Game-Files/SuperSpaceArmada/Saved/Vultaari_machineD711EF444A877AC29AF021B4E3F007B1.tmp' to '../../../../../../Users/Jin/Documents/GitHub/Game-Files/SuperSpaceArmada/Content/SSA/Blueprints/Weapons/Vultaari_machine.uasset'
[2015.11.19-23.20.52:712][582]LogSavePackage: Total save time: 104.083266ms
[2015.11.19-23.20.52:712][582]LogSavePackage:Warning: Finished SavePackage ../../../../../../Users/Jin/Documents/GitHub/Game-Files/SuperSpaceArmada/Content/SSA/Blueprints/Weapons/Vultaari_machine.uasset
[2015.11.19-23.21.24:897][182]LogSavePackage: Save=102.411575ms
[2015.11.19-23.21.24:897][182]LogSavePackage: Moving '../../../../../../Users/Jin/Documents/GitHub/Game-Files/SuperSpaceArmada/Saved/Vultaari_machineE8D3787A496875B409CDEE8F2513848E.tmp' to '../../../../../../Users/Jin/Documents/GitHub/Game-Files/SuperSpaceArmada/Content/SSA/Blueprints/Weapons/Vultaari_machine.uasset'
[2015.11.19-23.21.24:899][182]LogSavePackage: Total save time: 129.625220ms
[2015.11.19-23.21.24:899][182]LogSavePackage:Warning: Finished SavePackage ../../../../../../Users/Jin/Documents/GitHub/Game-Files/SuperSpaceArmada/Content/SSA/Blueprints/Weapons/Vultaari_machine.uasset
[2015.11.19-23.22.01:669][519]LogAnimation:Warning: Animation Ship1Movement is incompatible with skeleton HiveFrigate_01_Skeleton, removing animation from actor.
[2015.11.19-23.22.01:669][519]LogAnimation:Warning: Animation Ship1Movement is incompatible with skeleton HiveFrigate_01_Skeleton, removing animation from actor.
[2015.11.19-23.22.01:674][519]LogActorComponent: UnregisterComponent: (/Engine/Transient.CharMoveComp) Not registered. Aborting.
[2015.11.19-23.22.01:674][519]LogActorComponent: UnregisterComponent: (/Engine/Transient.CharacterMovementComponent_0) Not registered. Aborting.
[2015.11.19-23.22.01:674][519]LogActorComponent: UnregisterComponent: (/Engine/Transient.ProjectileMovement_GEN_VARIABLE) Not registered. Aborting.
[2015.11.19-23.22.01:674][519]LogActorComponent: UnregisterComponent: (/Engine/Transient.CharacterMovementComponent_1) Not registered. Aborting.
[2015.11.19-23.22.01:674][519]LogActorComponent: UnregisterComponent: (/Engine/Transient.CharacterMovementComponent_2) Not registered. Aborting.
[2015.11.19-23.22.01:675][519]LogActorComponent: UnregisterComponent: (/Engine/Transient.CharacterMovementComponent_3) Not registered. Aborting.
[2015.11.19-23.22.01:675][519]LogActorComponent: UnregisterComponent: (/Engine/Transient.CharacterMovementComponent_4) Not registered. Aborting.
[2015.11.19-23.22.01:675][519]LogActorComponent: UnregisterComponent: (/Engine/Transient.CharacterMovementComponent_5) Not registered. Aborting.
[2015.11.19-23.22.05:514][759]LogActorComponent: UnregisterComponent: (/Engine/Transient.CharacterMovementComponent_6) Not registered. Aborting.
[2015.11.19-23.22.07:779][904]LogActorComponent: UnregisterComponent: (/Engine/Transient.CharacterMovementComponent_7) Not registered. Aborting.
[2015.11.19-23.22.11:174][191]LogActorComponent: UnregisterComponent: (/Engine/Transient.CharacterMovementComponent_8) Not registered. Aborting.
[2015.11.19-23.24.44:965][931]LogActorComponent: UnregisterComponent: (/Engine/Transient.CharacterMovementComponent_9) Not registered. Aborting.
[2015.11.19-23.24.51:753][173]LogUnrealMath: Expression Error : No value recognized
[2015.11.19-23.24.51:753][173]LogUnrealMath: Expression Error : Error in expression
[2015.11.19-23.25.17:392][488]LogSavePackage: Save=101.171806ms
[2015.11.19-23.25.17:392][488]LogSavePackage: Moving '../../../../../../Users/Jin/Documents/GitHub/Game-Files/SuperSpaceArmada/Saved/Player_Hive346CD3E3467BD6AD974314877AF83968.tmp' to '../../../../../../Users/Jin/Documents/GitHub/Game-Files/SuperSpaceArmada/Content/SSA/Blueprints/Player_Ships/Player_Hive.uasset'
[2015.11.19-23.25.17:394][488]LogSavePackage: Total save time: 129.139833ms
[2015.11.19-23.25.17:394][488]LogSavePackage:Warning: Finished SavePackage ../../../../../../Users/Jin/Documents/GitHub/Game-Files/SuperSpaceArmada/Content/SSA/Blueprints/Player_Ships/Player_Hive.uasset
[2015.11.19-23.25.26:388][785]LogEditorViewport: Clicking on Actor (LMB): StaticMeshActor (Cube)
[2015.11.19-23.27.52:576][ 56]LogSavePackage: Save=127.281258ms
[2015.11.19-23.27.52:576][ 56]LogSavePackage: Moving '../../../../../../Users/Jin/Documents/GitHub/Game-Files/SuperSpaceArmada/Saved/Player_HiveAF06AA4848FF19DB0E2C949439D4AF03.tmp' to '../../../../../../Users/Jin/Documents/GitHub/Game-Files/SuperSpaceArmada/Content/SSA/Blueprints/Player_Ships/Player_Hive.uasset'
[2015.11.19-23.27.52:578][ 56]LogSavePackage: Total save time: 165.797751ms
[2015.11.19-23.27.52:578][ 56]LogSavePackage:Warning: Finished SavePackage ../../../../../../Users/Jin/Documents/GitHub/Game-Files/SuperSpaceArmada/Content/SSA/Blueprints/Player_Ships/Player_Hive.uasset
[2015.11.19-23.28.48:894][673]LogRenderer: Reallocating scene render targets to support 1432x924 (Frame:15928).
[2015.11.19-23.39.49:404][414]LogSkeletalMesh: InitArticulated: Bodies already created (/Engine/Transient.DebugSkelMeshComponent_0) - call TermArticulated first.
[2015.11.19-23.39.49:521][414]LogUObjectGlobals:Warning: Failed to find object 'Object /Engine/Tutorial/SubEditors/PersonaAnimEditorTutorial.PersonaAnimEditorTutorial_C'
[2015.11.19-23.39.49:708][414]LogContentBrowser:Verbose: The majority of assets in the view are of type: AnimSequence
[2015.11.19-23.39.58:310][593]LogEditorTransaction: Undo Rotate Bone
[2015.11.19-23.41.37:938][408]LogSavePackage: Save=12.021729ms
[2015.11.19-23.41.37:938][408]LogSavePackage: Moving '../../../../../../Users/Jin/Documents/GitHub/Game-Files/SuperSpaceArmada/Saved/HiveFrigate_01_AnimF2A00C584A064DC226FCEBB5D5E1201F.tmp' to '../../../../../../Users/Jin/Documents/GitHub/Game-Files/SuperSpaceArmada/Content/Geometry/Meshes/HiveShip/HiveFrigate_01_Anim.uasset'
[2015.11.19-23.41.37:941][408]LogSavePackage: Total save time: 40.673569ms
[2015.11.19-23.41.37:941][408]LogSavePackage:Warning: Finished SavePackage ../../../../../../Users/Jin/Documents/GitHub/Game-Files/SuperSpaceArmada/Content/Geometry/Meshes/HiveShip/HiveFrigate_01_Anim.uasset
[2015.11.19-23.42.35:566][851]LogTexture:Display: Building textures: HumanPlanet_Color (AutoDXT)
[2015.11.19-23.42.37:700][851]LogMaterial: Missing cached shader map for material atmosph, compiling. 
[2015.11.19-23.42.37:745][851]LogMaterial: Missing cached shader map for material earthPlanet_Mat, compiling. 
[2015.11.19-23.42.37:892][851]LogSkeletalMesh: InitArticulated: Bodies already created (/Engine/Transient.DebugSkelMeshComponent_3) - call TermArticulated first.
[2015.11.19-23.42.37:916][851]LogUObjectGlobals:Warning: Failed to find object 'Object /Engine/Tutorial/SubEditors/PersonaAnimEditorTutorial.PersonaAnimEditorTutorial_C'
[2015.11.19-23.45.22:132][295]LogContentBrowser: Native class hierarchy updated for 'Cascade' in 0.0015 seconds. Added 2 classes and 2 folders.
[2015.11.19-23.45.25:482][556]LogCascade: Quitting Cascade. FXSystem=0x000000B5029A00E0
[2015.11.19-23.45.54:283][293]LogCascade: Quitting Cascade. FXSystem=0x000000B502513740
[2015.11.19-23.46.51:811][295]Cmd: OBJ SAVEPACKAGE PACKAGE="/Game/Effects/Particles/P_Teleport" FILE="../../../../../../Users/Jin/Documents/GitHub/Game-Files/SuperSpaceArmada/Content/Effects/Particles/P_Teleport.uasset" SILENT=true
[2015.11.19-23.46.51:852][295]LogSavePackage: Save=14.585505ms
[2015.11.19-23.46.51:852][295]LogSavePackage: Moving '../../../../../../Users/Jin/Documents/GitHub/Game-Files/SuperSpaceArmada/Saved/P_Teleport8193ADE14C0F017F15A559902326EC9B.tmp' to '../../../../../../Users/Jin/Documents/GitHub/Game-Files/SuperSpaceArmada/Content/Effects/Particles/P_Teleport.uasset'
[2015.11.19-23.46.51:855][295]LogSavePackage: Total save time: 42.639058ms
[2015.11.19-23.46.51:855][295]LogSavePackage:Warning: Finished SavePackage ../../../../../../Users/Jin/Documents/GitHub/Game-Files/SuperSpaceArmada/Content/Effects/Particles/P_Teleport.uasset
[2015.11.19-23.47.03:310][415]LogCascade: Quitting Cascade. FXSystem=0x000000B4B4148180
[2015.11.19-23.48.12:198][211]LogSavePackage: Save=16.878147ms
[2015.11.19-23.48.12:198][211]LogSavePackage: Moving '../../../../../../Users/Jin/Documents/GitHub/Game-Files/SuperSpaceArmada/Saved/P_Bullet_ImpactF33F00894904F1FFB0A6A682FBE7A441.tmp' to '../../../../../../Users/Jin/Documents/GitHub/Game-Files/SuperSpaceArmada/Content/Effects/Particles/P_Bullet_Impact.uasset'
[2015.11.19-23.48.12:200][211]LogSavePackage: Total save time: 38.137592ms
[2015.11.19-23.48.12:200][211]LogSavePackage:Warning: Finished SavePackage ../../../../../../Users/Jin/Documents/GitHub/Game-Files/SuperSpaceArmada/Content/Effects/Particles/P_Bullet_Impact.uasset
[2015.11.19-23.48.13:944][258]LogCascade: Quitting Cascade. FXSystem=0x000000B4F9A62840
[2015.11.19-23.48.45:155][268]LogRenderer: Reallocating scene render targets to support 1436x924 (Frame:39268).
[2015.11.19-23.49.37:401][479]LogCascade: Quitting Cascade. FXSystem=0x000000B4B40A80E0
[2015.11.19-23.49.55:336][858]LogCascade: Quitting Cascade. FXSystem=0x000000B502531620
[2015.11.19-23.50.32:647][336]LogActorComponent: UnregisterComponent: (/Engine/Transient.CharacterMovementComponent_10) Not registered. Aborting.
[2015.11.19-23.50.32:648][336]LogActorComponent: UnregisterComponent: (/Engine/Transient.CharacterMovementComponent_11) Not registered. Aborting.
[2015.11.19-23.50.32:648][336]LogActorComponent: UnregisterComponent: (/Engine/Transient.CharacterMovementComponent_12) Not registered. Aborting.
[2015.11.19-23.50.32:648][336]LogActorComponent: UnregisterComponent: (/Engine/Transient.CharacterMovementComponent_13) Not registered. Aborting.
[2015.11.19-23.50.32:649][336]LogActorComponent: UnregisterComponent: (/Engine/Transient.CharacterMovementComponent_14) Not registered. Aborting.
[2015.11.19-23.50.32:808][336]LogParticles: Destroying 0 GPU particle simulations for FXSystem 0x000000B501E8C360
[2015.11.19-23.50.32:811][336]LogParticles: Destroying 0 GPU particle simulations for FXSystem 0x000000B502963420
[2015.11.19-23.50.32:812][336]LogParticles: Destroying 0 GPU particle simulations for FXSystem 0x000000B503B38900
[2015.11.19-23.50.32:813][336]LogParticles: Destroying 0 GPU particle simulations for FXSystem 0x000000B51F6DECA0
[2015.11.19-23.50.32:814][336]LogParticles: Destroying 0 GPU particle simulations for FXSystem 0x000000B4C415EFC0
[2015.11.19-23.50.32:814][336]LogParticles: Destroying 0 GPU particle simulations for FXSystem 0x000000B4C415DE40
[2015.11.19-23.52.33:335][336]LogParticles: Destroying 0 GPU particle simulations for FXSystem 0x000000B4C415D1C0
[2015.11.19-23.52.33:363][336]LogOutputDevice: === Handled error: ===

Ensure condition failed: !ActorComponent->IsRegistered() || ActorComponent->GetScene() != this [File:D:\BuildFarm\buildmachine_++depot+UE4-Releases+4.9\Engine\Source\Runtime\Renderer\Private\RendererScene.cpp] [Line: 1926]
Component Name: ParticleSystemComponent /Engine/Transient.DebugSkelMeshComponent_0:ParticleSystemComponent_12 World Name: World /Engine/Transient.None Component Asset: /Game/Effects/Particles/P_Trail.P_Trail
Stack: 
UE4Editor-Core.dll!FWindowsPlatformStackWalk::StackWalkAndDump() [d:\buildfarm\buildmachine_++depot+ue4-releases+4.9\engine\source\runtime\core\private\windows\windowsplatformstackwalk.cpp:175]
UE4Editor-Core.dll!FDebug::EnsureFailed() [d:\buildfarm\buildmachine_++depot+ue4-releases+4.9\engine\source\runtime\core\private\misc\outputdevice.cpp:258]
UE4Editor-Core.dll!FDebug::OptionallyLogFormattedEnsureMessageReturningFalse() [d:\buildfarm\buildmachine_++depot+ue4-releases+4.9\engine\source\runtime\core\private\misc\outputdevice.cpp:368]
UE4Editor-Renderer.dll!FScene::Release() [d:\buildfarm\buildmachine_++depot+ue4-releases+4.9\engine\source\runtime\renderer\private\rendererscene.cpp:1922]
UE4Editor-Engine.dll!UWorld::FinishDestroy() [d:\buildfarm\buildmachine_++depot+ue4-releases+4.9\engine\source\runtime\engine\private\world.cpp:503]
UE4Editor-CoreUObject.dll!UObject::ConditionalFinishDestroy() [d:\buildfarm\buildmachine_++depot+ue4-releases+4.9\engine\source\runtime\coreuobject\private\uobject\obj.cpp:685]
UE4Editor-CoreUObject.dll!IncrementalPurgeGarbage() [d:\buildfarm\buildmachine_++depot+ue4-releases+4.9\engine\source\runtime\coreuobject\private\uobject\garbagecollection.cpp:1019]
UE4Editor-CoreUObject.dll!CollectGarbageInternal() [d:\buildfarm\buildmachine_++depot+ue4-releases+4.9\engine\source\runtime\coreuobject\private\uobject\garbagecollection.cpp:1383]
UE4Editor-CoreUObject.dll!CollectGarbage() [d:\buildfarm\buildmachine_++depot+ue4-releases+4.9\engine\source\runtime\coreuobject\private\uobject\garbagecollection.cpp:1400]
UE4Editor-UnrealEd.dll!FEditorFileUtils::AutosaveMap() [d:\buildfarm\buildmachine_++depot+ue4-releases+4.9\engine\source\editor\unrealed\private\filehelpers.cpp:2142]
UE4Editor-UnrealEd.dll!FPackageAutoSaver::AttemptAutoSave() [d:\buildfarm\buildmachine_++depot+ue4-releases+4.9\engine\source\editor\unrealed\private\packageautosaver.cpp:182]
UE4Editor-UnrealEd.dll!UUnrealEdEngine::Tick() [d:\buildfarm\buildmachine_++depot+ue4-releases+4.9\engine\source\editor\unrealed\private\unrealedengine.cpp:394]
UE4Editor.exe!FEngineLoop::Tick() [d:\buildfarm\buildmachine_++depot+ue4-releases+4.9\engine\source\runtime\launch\private\launchengineloop.cpp:2428]
UE4Editor.exe!GuardedMain() [d:\buildfarm\buildmachine_++depot+ue4-releases+4.9\engine\source\runtime\launch\private\launch.cpp:142]
UE4Editor.exe!GuardedMainWrapper() [d:\buildfarm\buildmachine_++depot+ue4-releases+4.9\engine\source\runtime\launch\private\windows\launchwindows.cpp:126]
UE4Editor.exe!WinMain() [d:\buildfarm\buildmachine_++depot+ue4-releases+4.9\engine\source\runtime\launch\private\windows\launchwindows.cpp:200]
UE4Editor.exe!__tmainCRTStartup() [f:\dd\vctools\crt\crtw32\dllstuff\crtexe.c:618]
KERNEL32.DLL
ntdll.dll
ntdll.dll

[2015.11.19-23.52.53:997][336]LogParticles: Destroying 0 GPU particle simulations for FXSystem 0x000000B502510D60
[2015.11.19-23.52.54:070][336]LogParticles: Destroying 0 GPU particle simulations for FXSystem 0x000000B50257B600
[2015.11.19-23.52.54:159][336]LogParticles: Destroying 0 GPU particle simulations for FXSystem 0x000000B5024F20C0
[2015.11.19-23.52.54:198][336]LogParticles: Destroying 0 GPU particle simulations for FXSystem 0x000000B5024F0FE0
[2015.11.19-23.52.54:280][336]LogParticles: Destroying 0 GPU particle simulations for FXSystem 0x000000B5029A00E0
[2015.11.19-23.52.54:285][336]LogParticles: Destroying 0 GPU particle simulations for FXSystem 0x000000B502513740
[2015.11.19-23.52.54:291][336]LogParticles: Destroying 0 GPU particle simulations for FXSystem 0x000000B4B4148180
[2015.11.19-23.52.54:295][336]LogParticles: Destroying 0 GPU particle simulations for FXSystem 0x000000B4F9A62840
[2015.11.19-23.52.54:301][336]LogParticles: Destroying 0 GPU particle simulations for FXSystem 0x000000B4B40A80E0
[2015.11.19-23.52.54:306][336]LogParticles: Destroying 0 GPU particle simulations for FXSystem 0x000000B502531620
[2015.11.19-23.53.00:110][336]LogFileHelpers: Editor autosave (incl. sublevels) for '/Game/SSA/Maps/Home_Kratakos' took 147.453
[2015.11.19-23.53.06:860][336]OBJ SavePackage: Generating thumbnails for [1] asset(s) in package [/Game/Effects/Particles/P_Blackhole] ([1] browsable assets)...
[2015.11.19-23.53.08:041][336]OBJ SavePackage:     Rendered thumbnail for [ParticleSystem /Game/Effects/Particles/P_Blackhole.P_Blackhole]
[2015.11.19-23.53.08:041][336]OBJ SavePackage: Finished generating thumbnails for package [/Game/Effects/Particles/P_Blackhole]
[2015.11.19-23.53.09:374][336]LogSavePackage: Save=520.028442ms
[2015.11.19-23.53.09:374][336]LogSavePackage: Moving '../../../../../../Users/Jin/Documents/GitHub/Game-Files/SuperSpaceArmada/Saved/P_Blackhole_Auto165ECDCA54831815D0E94DA92ECF3A796.tmp' to '../../../../../../Users/Jin/Documents/GitHub/Game-Files/SuperSpaceArmada/Saved/Autosaves/Game/Effects/Particles/P_Blackhole_Auto1.uasset'
[2015.11.19-23.53.09:488][336]LogSavePackage: Total save time: 899.935808ms
[2015.11.19-23.53.09:488][336]LogSavePackage:Warning: Finished SavePackage ../../../../../../Users/Jin/Documents/GitHub/Game-Files/SuperSpaceArmada/Saved/Autosaves/Game/Effects/Particles/P_Blackhole_Auto1.uasset
[2015.11.19-23.53.09:506][336]LogFileHelpers: Auto-saving content packages took 8.127
[2015.11.20-00.02.49:846][204]LogFactory: FactoryCreateBinary: Texture with ReimportTextureFactory (0 0 ../../../../../../Users/Jin/Downloads/CephalonStarScape.png)
[2015.11.20-00.02.50:935][204]LogTexture:Display: Building textures: CephalonStarScape (AutoDXT)
[2015.11.20-00.02.55:296][204]LogFactory: FactoryCreateBinary: Texture with ReimportTextureFactory (0 0 ../../../../../../Users/Jin/Downloads/DragomirStarScape.png)
[2015.11.20-00.02.56:235][204]LogTexture:Display: Building textures: DragomirStarScape (AutoDXT)
[2015.11.20-00.02.59:354][204]LogFactory: FactoryCreateBinary: Texture with ReimportTextureFactory (0 0 ../../../../../../Users/Jin/Downloads/HiveStarScape.png)
[2015.11.20-00.03.00:338][204]LogTexture:Display: Building textures: HiveStarScape (AutoDXT)
[2015.11.20-00.03.05:354][204]LogFactory: FactoryCreateBinary: Texture with ReimportTextureFactory (0 0 ../../../../../../Users/Jin/Downloads/HumanStarScape.png)
[2015.11.20-00.03.06:326][204]LogTexture:Display: Building textures: HumanStarScape (AutoDXT)
[2015.11.20-00.03.11:520][204]LogFactory: FactoryCreateBinary: Texture with ReimportTextureFactory (0 0 ../../../../../../Users/Jin/Downloads/KratakosStarScpae.png)
[2015.11.20-00.03.12:382][204]LogTexture:Display: Building textures: KratakosStarScpae (AutoDXT)
[2015.11.20-00.03.15:286][204]LogFactory: FactoryCreateBinary: Texture with ReimportTextureFactory (0 0 ../../../../../../Users/Jin/Downloads/VultariStarScape.png)
[2015.11.20-00.03.16:227][204]LogTexture:Display: Building textures: VultariStarScape (AutoDXT)
[2015.11.20-00.03.45:555][ 32]LogEditorViewport: Clicking on Actor (LMB): StaticMeshActor (Cube)
[2015.11.20-00.03.47:671][ 71]LogMaterial: Missing cached shader map for material ArmadaScreen, compiling. 
[2015.11.20-00.03.48:665][ 71]LogMaterial: Missing cached shader map for material ArmadaScreen, compiling. 
[2015.11.20-00.03.48:672][ 71]LogMaterial: 0.000272 seconds spent updating 1 materials, 1 interfaces, 0 instances, 0 with static permutations.
[2015.11.20-00.03.48:755][ 71]LogMaterial: Missing cached shader map for material FMatExpressionPreview MaterialExpressionTextureSample_0, compiling. 
[2015.11.20-00.03.52:245][ 74]MaterialEditorStats: Info Base pass shader with static lighting: 65 instructions
[2015.11.20-00.03.52:245][ 74]MaterialEditorStats: Info Base pass shader with only dynamic lighting: 33 instructions
[2015.11.20-00.03.52:245][ 74]MaterialEditorStats: Info Vertex shader: 33 instructions
[2015.11.20-00.03.52:245][ 74]MaterialEditorStats: Info Texture samplers: 3/16
[2015.11.20-00.05.06:881][788]LogSavePackage: Save=1593.156982ms
[2015.11.20-00.05.06:881][788]LogSavePackage: Moving '../../../../../../Users/Jin/Documents/GitHub/Game-Files/SuperSpaceArmada/Saved/VultariStarScape939D43A54872D4E42E486E966ABAC1B7.tmp' to '../../../../../../Users/Jin/Documents/GitHub/Game-Files/SuperSpaceArmada/Content/Geometry/Textures/Backgrounds/VultariStarScape.uasset'
[2015.11.20-00.05.06:883][788]LogSavePackage: Total save time: 1596.027367ms
[2015.11.20-00.05.06:883][788]LogSavePackage:Warning: Finished SavePackage ../../../../../../Users/Jin/Documents/GitHub/Game-Files/SuperSpaceArmada/Content/Geometry/Textures/Backgrounds/VultariStarScape.uasset
[2015.11.20-00.05.08:071][788]LogSavePackage: Save=1170.195313ms
[2015.11.20-00.05.08:071][788]LogSavePackage: Moving '../../../../../../Users/Jin/Documents/GitHub/Game-Files/SuperSpaceArmada/Saved/KratakosStarScpae2E9C2187452CE09024399E9025DE76A0.tmp' to '../../../../../../Users/Jin/Documents/GitHub/Game-Files/SuperSpaceArmada/Content/Geometry/Textures/Backgrounds/KratakosStarScpae.uasset'
[2015.11.20-00.05.08:073][788]LogSavePackage: Total save time: 1172.697917ms
[2015.11.20-00.05.08:073][788]LogSavePackage:Warning: Finished SavePackage ../../../../../../Users/Jin/Documents/GitHub/Game-Files/SuperSpaceArmada/Content/Geometry/Textures/Backgrounds/KratakosStarScpae.uasset
[2015.11.20-00.05.09:690][788]LogSavePackage: Save=1598.500000ms
[2015.11.20-00.05.09:690][788]LogSavePackage: Moving '../../../../../../Users/Jin/Documents/GitHub/Game-Files/SuperSpaceArmada/Saved/HumanStarScape12D5D8694A3F1CBB31AE4A9835730161.tmp' to '../../../../../../Users/Jin/Documents/GitHub/Game-Files/SuperSpaceArmada/Content/Geometry/Textures/Backgrounds/HumanStarScape.uasset'
[2015.11.20-00.05.09:693][788]LogSavePackage: Total save time: 1601.148501ms
[2015.11.20-00.05.09:693][788]LogSavePackage:Warning: Finished SavePackage ../../../../../../Users/Jin/Documents/GitHub/Game-Files/SuperSpaceArmada/Content/Geometry/Textures/Backgrounds/HumanStarScape.uasset
[2015.11.20-00.05.11:358][788]LogSavePackage: Save=1648.701660ms
[2015.11.20-00.05.11:358][788]LogSavePackage: Moving '../../../../../../Users/Jin/Documents/GitHub/Game-Files/SuperSpaceArmada/Saved/HiveStarScapeB8A8394A440E4651C657A4955F6BA2DB.tmp' to '../../../../../../Users/Jin/Documents/GitHub/Game-Files/SuperSpaceArmada/Content/Geometry/Textures/Backgrounds/HiveStarScape.uasset'
[2015.11.20-00.05.11:362][788]LogSavePackage: Total save time: 1651.924074ms
[2015.11.20-00.05.11:362][788]LogSavePackage:Warning: Finished SavePackage ../../../../../../Users/Jin/Documents/GitHub/Game-Files/SuperSpaceArmada/Content/Geometry/Textures/Backgrounds/HiveStarScape.uasset
[2015.11.20-00.05.12:641][788]LogSavePackage: Save=1259.572876ms
[2015.11.20-00.05.12:641][788]LogSavePackage: Moving '../../../../../../Users/Jin/Documents/GitHub/Game-Files/SuperSpaceArmada/Saved/DragomirStarScape2DAC6F5F49530D883D975D9D7BF6C620.tmp' to '../../../../../../Users/Jin/Documents/GitHub/Game-Files/SuperSpaceArmada/Content/Geometry/Textures/Backgrounds/DragomirStarScape.uasset'
[2015.11.20-00.05.12:643][788]LogSavePackage: Total save time: 1261.956617ms
[2015.11.20-00.05.12:643][788]LogSavePackage:Warning: Finished SavePackage ../../../../../../Users/Jin/Documents/GitHub/Game-Files/SuperSpaceArmada/Content/Geometry/Textures/Backgrounds/DragomirStarScape.uasset
[2015.11.20-00.05.14:152][788]LogSavePackage: Save=1488.223511ms
[2015.11.20-00.05.14:152][788]LogSavePackage: Moving '../../../../../../Users/Jin/Documents/GitHub/Game-Files/SuperSpaceArmada/Saved/CephalonStarScape4B8ABC8D46C28EE8EAC8358C7C49EAD4.tmp' to '../../../../../../Users/Jin/Documents/GitHub/Game-Files/SuperSpaceArmada/Content/Geometry/Textures/Backgrounds/CephalonStarScape.uasset'
[2015.11.20-00.05.14:154][788]LogSavePackage: Total save time: 1491.207257ms
[2015.11.20-00.05.14:154][788]LogSavePackage:Warning: Finished SavePackage ../../../../../../Users/Jin/Documents/GitHub/Game-Files/SuperSpaceArmada/Content/Geometry/Textures/Backgrounds/CephalonStarScape.uasset
[2015.11.20-00.05.14:743][788]LogParticles: Destroying 0 GPU particle simulations for FXSystem 0x000000B496F9E980
[2015.11.20-00.05.48:326][941]LogMaterial: Missing cached shader map for material ArmadaScreen2, compiling. 
[2015.11.20-00.05.55:224][135]LogSavePackage: Save=45.139114ms
[2015.11.20-00.05.55:224][135]LogSavePackage: Moving '../../../../../../Users/Jin/Documents/GitHub/Game-Files/SuperSpaceArmada/Saved/ArmadaScreen286C990EB459D1B54362011863DDED256.tmp' to '../../../../../../Users/Jin/Documents/GitHub/Game-Files/SuperSpaceArmada/Content/Geometry/Textures/Backgrounds/ArmadaScreen2.uasset'
[2015.11.20-00.05.55:227][135]LogSavePackage: Total save time: 48.260543ms
[2015.11.20-00.05.55:227][135]LogSavePackage:Warning: Finished SavePackage ../../../../../../Users/Jin/Documents/GitHub/Game-Files/SuperSpaceArmada/Content/Geometry/Textures/Backgrounds/ArmadaScreen2.uasset
[2015.11.20-00.06.01:960][496]LogMaterial: Missing cached shader map for material ArmadaScreen3, compiling. 
[2015.11.20-00.06.04:471][607]LogMaterial: Missing cached shader map for material ArmadaScreen4, compiling. 
[2015.11.20-00.06.11:514][820]LogMaterial: Missing cached shader map for material ArmadaScreen4_2, compiling. 
[2015.11.20-00.06.11:596][820]LogMaterial: Missing cached shader map for material ArmadaScreen3_2, compiling. 
[2015.11.20-00.06.11:650][820]LogMaterial: Missing cached shader map for material ArmadaScreen2_2, compiling. 
[2015.11.20-00.06.36:203][209]LogFileHelpers: Editor autosave (incl. sublevels) for '/Game/SSA/Maps/Home_Kratakos' took 0.036
[2015.11.20-00.06.36:212][209]LogSavePackage: Save=1.504053ms
[2015.11.20-00.06.36:212][209]LogSavePackage: Moving '../../../../../../Users/Jin/Documents/GitHub/Game-Files/SuperSpaceArmada/Saved/CephalonStarScape_Auto218C8C6814138EE24C51CA188232937AF.tmp' to '../../../../../../Users/Jin/Documents/GitHub/Game-Files/SuperSpaceArmada/Saved/Autosaves/Game/Effects/Textures/CephalonStarScape_Auto2.uasset'
[2015.11.20-00.06.36:214][209]LogSavePackage: Total save time: 3.340393ms
[2015.11.20-00.06.36:214][209]LogSavePackage:Warning: Finished SavePackage ../../../../../../Users/Jin/Documents/GitHub/Game-Files/SuperSpaceArmada/Saved/Autosaves/Game/Effects/Textures/CephalonStarScape_Auto2.uasset
[2015.11.20-00.06.36:222][209]LogSavePackage: Save=1.924435ms
[2015.11.20-00.06.36:222][209]LogSavePackage: Moving '../../../../../../Users/Jin/Documents/GitHub/Game-Files/SuperSpaceArmada/Saved/DragomirStarScape_Auto2C47966294685B3EBD4406BB63877FE07.tmp' to '../../../../../../Users/Jin/Documents/GitHub/Game-Files/SuperSpaceArmada/Saved/Autosaves/Game/Effects/Textures/DragomirStarScape_Auto2.uasset'
[2015.11.20-00.06.36:223][209]LogSavePackage: Total save time: 3.738537ms
[2015.11.20-00.06.36:223][209]LogSavePackage:Warning: Finished SavePackage ../../../../../../Users/Jin/Documents/GitHub/Game-Files/SuperSpaceArmada/Saved/Autosaves/Game/Effects/Textures/DragomirStarScape_Auto2.uasset
[2015.11.20-00.06.36:231][209]LogSavePackage: Save=1.220947ms
[2015.11.20-00.06.36:231][209]LogSavePackage: Moving '../../../../../../Users/Jin/Documents/GitHub/Game-Files/SuperSpaceArmada/Saved/HiveStarScape_Auto2D6CD5AB348F04CF2C6B31BB506F3AC60.tmp' to '../../../../../../Users/Jin/Documents/GitHub/Game-Files/SuperSpaceArmada/Saved/Autosaves/Game/Effects/Textures/HiveStarScape_Auto2.uasset'
[2015.11.20-00.06.36:233][209]LogSavePackage: Total save time: 3.911734ms
[2015.11.20-00.06.36:233][209]LogSavePackage:Warning: Finished SavePackage ../../../../../../Users/Jin/Documents/GitHub/Game-Files/SuperSpaceArmada/Saved/Autosaves/Game/Effects/Textures/HiveStarScape_Auto2.uasset
[2015.11.20-00.06.36:241][209]LogSavePackage: Save=1.254731ms
[2015.11.20-00.06.36:241][209]LogSavePackage: Moving '../../../../../../Users/Jin/Documents/GitHub/Game-Files/SuperSpaceArmada/Saved/HumanStarScape_Auto2C88148AB4DB1A453E4CFBD87CE2986A5.tmp' to '../../../../../../Users/Jin/Documents/GitHub/Game-Files/SuperSpaceArmada/Saved/Autosaves/Game/Effects/Textures/HumanStarScape_Auto2.uasset'
[2015.11.20-00.06.36:242][209]LogSavePackage: Total save time: 2.898198ms
[2015.11.20-00.06.36:242][209]LogSavePackage:Warning: Finished SavePackage ../../../../../../Users/Jin/Documents/GitHub/Game-Files/SuperSpaceArmada/Saved/Autosaves/Game/Effects/Textures/HumanStarScape_Auto2.uasset
[2015.11.20-00.06.36:284][209]LogSavePackage: Save=1.264995ms
[2015.11.20-00.06.36:284][209]LogSavePackage: Moving '../../../../../../Users/Jin/Documents/GitHub/Game-Files/SuperSpaceArmada/Saved/KratakosStarScpae_Auto29FCC5CFB4AAF37AACDEDE9AE79F66B9A.tmp' to '../../../../../../Users/Jin/Documents/GitHub/Game-Files/SuperSpaceArmada/Saved/Autosaves/Game/Effects/Textures/KratakosStarScpae_Auto2.uasset'
[2015.11.20-00.06.36:285][209]LogSavePackage: Total save time: 2.736546ms
[2015.11.20-00.06.36:285][209]LogSavePackage:Warning: Finished SavePackage ../../../../../../Users/Jin/Documents/GitHub/Game-Files/SuperSpaceArmada/Saved/Autosaves/Game/Effects/Textures/KratakosStarScpae_Auto2.uasset
[2015.11.20-00.06.36:293][209]LogSavePackage: Save=1.221375ms
[2015.11.20-00.06.36:293][209]LogSavePackage: Moving '../../../../../../Users/Jin/Documents/GitHub/Game-Files/SuperSpaceArmada/Saved/VultariStarScape_Auto25CC02303470260EB42462597577FAC31.tmp' to '../../../../../../Users/Jin/Documents/GitHub/Game-Files/SuperSpaceArmada/Saved/Autosaves/Game/Effects/Textures/VultariStarScape_Auto2.uasset'
[2015.11.20-00.06.36:313][209]LogSavePackage: Total save time: 21.980040ms
[2015.11.20-00.06.36:313][209]LogSavePackage:Warning: Finished SavePackage ../../../../../../Users/Jin/Documents/GitHub/Game-Files/SuperSpaceArmada/Saved/Autosaves/Game/Effects/Textures/VultariStarScape_Auto2.uasset
[2015.11.20-00.06.36:321][209]LogSavePackage: Save=1.173050ms
[2015.11.20-00.06.36:321][209]LogSavePackage: Moving '../../../../../../Users/Jin/Documents/GitHub/Game-Files/SuperSpaceArmada/Saved/ArmadaScreen2_Auto2A736213E42513F67411834A16D1A1BEA.tmp' to '../../../../../../Users/Jin/Documents/GitHub/Game-Files/SuperSpaceArmada/Saved/Autosaves/Game/Geometry/Textures/Menus/ArmadaScreen2_Auto2.uasset'
[2015.11.20-00.06.36:322][209]LogSavePackage: Total save time: 2.939682ms
[2015.11.20-00.06.36:322][209]LogSavePackage:Warning: Finished SavePackage ../../../../../../Users/Jin/Documents/GitHub/Game-Files/SuperSpaceArmada/Saved/Autosaves/Game/Geometry/Textures/Menus/ArmadaScreen2_Auto2.uasset
[2015.11.20-00.06.36:327][209]OBJ SavePackage: Generating thumbnails for [1] asset(s) in package [/Game/Geometry/Textures/Backgrounds/ArmadaScreen3] ([1] browsable assets)...
[2015.11.20-00.06.36:402][209]OBJ SavePackage:     Rendered thumbnail for [Material /Game/Geometry/Textures/Backgrounds/ArmadaScreen3.ArmadaScreen3]
[2015.11.20-00.06.36:402][209]OBJ SavePackage: Finished generating thumbnails for package [/Game/Geometry/Textures/Backgrounds/ArmadaScreen3]
[2015.11.20-00.06.36:421][209]LogSavePackage: Save=18.011427ms
[2015.11.20-00.06.36:422][209]LogSavePackage: Moving '../../../../../../Users/Jin/Documents/GitHub/Game-Files/SuperSpaceArmada/Saved/ArmadaScreen3_Auto25D8FC09A4DFAE0EB4F2855B93E546080.tmp' to '../../../../../../Users/Jin/Documents/GitHub/Game-Files/SuperSpaceArmada/Saved/Autosaves/Game/Geometry/Textures/Backgrounds/ArmadaScreen3_Auto2.uasset'
[2015.11.20-00.06.36:423][209]LogSavePackage: Total save time: 20.184755ms
[2015.11.20-00.06.36:423][209]LogSavePackage:Warning: Finished SavePackage ../../../../../../Users/Jin/Documents/GitHub/Game-Files/SuperSpaceArmada/Saved/Autosaves/Game/Geometry/Textures/Backgrounds/ArmadaScreen3_Auto2.uasset
[2015.11.20-00.06.36:429][209]OBJ SavePackage: Generating thumbnails for [1] asset(s) in package [/Game/Geometry/Textures/Backgrounds/ArmadaScreen4] ([1] browsable assets)...
[2015.11.20-00.06.36:503][209]OBJ SavePackage:     Rendered thumbnail for [Material /Game/Geometry/Textures/Backgrounds/ArmadaScreen4.ArmadaScreen4]
[2015.11.20-00.06.36:503][209]OBJ SavePackage: Finished generating thumbnails for package [/Game/Geometry/Textures/Backgrounds/ArmadaScreen4]
[2015.11.20-00.06.36:523][209]LogSavePackage: Save=18.459606ms
[2015.11.20-00.06.36:523][209]LogSavePackage: Moving '../../../../../../Users/Jin/Documents/GitHub/Game-Files/SuperSpaceArmada/Saved/ArmadaScreen4_Auto2416DBB36498B809E994CBB8364AC27F3.tmp' to '../../../../../../Users/Jin/Documents/GitHub/Game-Files/SuperSpaceArmada/Saved/Autosaves/Game/Geometry/Textures/Backgrounds/ArmadaScreen4_Auto2.uasset'
[2015.11.20-00.06.36:524][209]LogSavePackage: Total save time: 20.500787ms
[2015.11.20-00.06.36:524][209]LogSavePackage:Warning: Finished SavePackage ../../../../../../Users/Jin/Documents/GitHub/Game-Files/SuperSpaceArmada/Saved/Autosaves/Game/Geometry/Textures/Backgrounds/ArmadaScreen4_Auto2.uasset
[2015.11.20-00.06.36:530][209]OBJ SavePackage: Generating thumbnails for [1] asset(s) in package [/Game/Geometry/Textures/Backgrounds/ArmadaScreen4_2] ([1] browsable assets)...
[2015.11.20-00.06.36:599][209]OBJ SavePackage:     Rendered thumbnail for [Material /Game/Geometry/Textures/Backgrounds/ArmadaScreen4_2.ArmadaScreen4_2]
[2015.11.20-00.06.36:599][209]OBJ SavePackage: Finished generating thumbnails for package [/Game/Geometry/Textures/Backgrounds/ArmadaScreen4_2]
[2015.11.20-00.06.36:616][209]LogSavePackage: Save=16.025410ms
[2015.11.20-00.06.36:616][209]LogSavePackage: Moving '../../../../../../Users/Jin/Documents/GitHub/Game-Files/SuperSpaceArmada/Saved/ArmadaScreen4_2_Auto21A3AB86C4F65F6860824E6A0F41E85FB.tmp' to '../../../../../../Users/Jin/Documents/GitHub/Game-Files/SuperSpaceArmada/Saved/Autosaves/Game/Geometry/Textures/Backgrounds/ArmadaScreen4_2_Auto2.uasset'
[2015.11.20-00.06.36:668][209]LogSavePackage: Total save time: 68.456419ms
[2015.11.20-00.06.36:668][209]LogSavePackage:Warning: Finished SavePackage ../../../../../../Users/Jin/Documents/GitHub/Game-Files/SuperSpaceArmada/Saved/Autosaves/Game/Geometry/Textures/Backgrounds/ArmadaScreen4_2_Auto2.uasset
[2015.11.20-00.06.36:674][209]OBJ SavePackage: Generating thumbnails for [1] asset(s) in package [/Game/Geometry/Textures/Backgrounds/ArmadaScreen3_2] ([1] browsable assets)...
[2015.11.20-00.06.36:700][209]OBJ SavePackage:     Rendered thumbnail for [Material /Game/Geometry/Textures/Backgrounds/ArmadaScreen3_2.ArmadaScreen3_2]
[2015.11.20-00.06.36:700][209]OBJ SavePackage: Finished generating thumbnails for package [/Game/Geometry/Textures/Backgrounds/ArmadaScreen3_2]
[2015.11.20-00.06.36:717][209]LogSavePackage: Save=15.226983ms
[2015.11.20-00.06.36:717][209]LogSavePackage: Moving '../../../../../../Users/Jin/Documents/GitHub/Game-Files/SuperSpaceArmada/Saved/ArmadaScreen3_2_Auto236BA10744C83C481A7074B9BC37FE5D2.tmp' to '../../../../../../Users/Jin/Documents/GitHub/Game-Files/SuperSpaceArmada/Saved/Autosaves/Game/Geometry/Textures/Backgrounds/ArmadaScreen3_2_Auto2.uasset'
[2015.11.20-00.06.36:719][209]LogSavePackage: Total save time: 17.243363ms
[2015.11.20-00.06.36:719][209]LogSavePackage:Warning: Finished SavePackage ../../../../../../Users/Jin/Documents/GitHub/Game-Files/SuperSpaceArmada/Saved/Autosaves/Game/Geometry/Textures/Backgrounds/ArmadaScreen3_2_Auto2.uasset
[2015.11.20-00.06.36:724][209]OBJ SavePackage: Generating thumbnails for [1] asset(s) in package [/Game/Geometry/Textures/Backgrounds/ArmadaScreen2_2] ([1] browsable assets)...
[2015.11.20-00.06.36:751][209]OBJ SavePackage:     Rendered thumbnail for [Material /Game/Geometry/Textures/Backgrounds/ArmadaScreen2_2.ArmadaScreen2_2]
[2015.11.20-00.06.36:751][209]OBJ SavePackage: Finished generating thumbnails for package [/Game/Geometry/Textures/Backgrounds/ArmadaScreen2_2]
[2015.11.20-00.06.36:767][209]LogSavePackage: Save=14.523495ms
[2015.11.20-00.06.36:767][209]LogSavePackage: Moving '../../../../../../Users/Jin/Documents/GitHub/Game-Files/SuperSpaceArmada/Saved/ArmadaScreen2_2_Auto2596C31404933304C0DCA6395249D78E8.tmp' to '../../../../../../Users/Jin/Documents/GitHub/Game-Files/SuperSpaceArmada/Saved/Autosaves/Game/Geometry/Textures/Backgrounds/ArmadaScreen2_2_Auto2.uasset'
[2015.11.20-00.06.36:769][209]LogSavePackage: Total save time: 16.690835ms
[2015.11.20-00.06.36:769][209]LogSavePackage:Warning: Finished SavePackage ../../../../../../Users/Jin/Documents/GitHub/Game-Files/SuperSpaceArmada/Saved/Autosaves/Game/Geometry/Textures/Backgrounds/ArmadaScreen2_2_Auto2.uasset
[2015.11.20-00.06.36:769][209]LogFileHelpers: Auto-saving content packages took 0.565
[2015.11.20-00.08.11:754][ 13]LogSavePackage: Save=14.493987ms
[2015.11.20-00.08.11:754][ 13]LogSavePackage: Moving '../../../../../../Users/Jin/Documents/GitHub/Game-Files/SuperSpaceArmada/Saved/CepalonStarsC38DFDA04A7EF877E3CB5FB16CD2D2C3.tmp' to '../../../../../../Users/Jin/Documents/GitHub/Game-Files/SuperSpaceArmada/Content/Geometry/Textures/Backgrounds/CepalonStars.uasset'
[2015.11.20-00.08.11:756][ 13]LogSavePackage: Total save time: 17.488409ms
[2015.11.20-00.08.11:756][ 13]LogSavePackage:Warning: Finished SavePackage ../../../../../../Users/Jin/Documents/GitHub/Game-Files/SuperSpaceArmada/Content/Geometry/Textures/Backgrounds/CepalonStars.uasset
[2015.11.20-00.08.28:400][932]LogSavePackage: Save=18.728600ms
[2015.11.20-00.08.28:400][932]LogSavePackage: Moving '../../../../../../Users/Jin/Documents/GitHub/Game-Files/SuperSpaceArmada/Saved/DragomirStar53663DCA46233C1B4DD5379B3573E1AE.tmp' to '../../../../../../Users/Jin/Documents/GitHub/Game-Files/SuperSpaceArmada/Content/Geometry/Textures/Backgrounds/DragomirStar.uasset'
[2015.11.20-00.08.28:403][932]LogSavePackage: Total save time: 22.582170ms
[2015.11.20-00.08.28:403][932]LogSavePackage:Warning: Finished SavePackage ../../../../../../Users/Jin/Documents/GitHub/Game-Files/SuperSpaceArmada/Content/Geometry/Textures/Backgrounds/DragomirStar.uasset
[2015.11.20-00.08.38:268][465]LogSavePackage: Save=14.355428ms
[2015.11.20-00.08.38:268][465]LogSavePackage: Moving '../../../../../../Users/Jin/Documents/GitHub/Game-Files/SuperSpaceArmada/Saved/HumanStar0BD751BB43DDCB57608228B58F09BECA.tmp' to '../../../../../../Users/Jin/Documents/GitHub/Game-Files/SuperSpaceArmada/Content/Geometry/Textures/Backgrounds/HumanStar.uasset'
[2015.11.20-00.08.38:270][465]LogSavePackage: Total save time: 17.380212ms
[2015.11.20-00.08.38:270][465]LogSavePackage:Warning: Finished SavePackage ../../../../../../Users/Jin/Documents/GitHub/Game-Files/SuperSpaceArmada/Content/Geometry/Textures/Backgrounds/HumanStar.uasset
[2015.11.20-00.08.49:492][ 96]LogSavePackage: Save=14.131338ms
[2015.11.20-00.08.49:492][ 96]LogSavePackage: Moving '../../../../../../Users/Jin/Documents/GitHub/Game-Files/SuperSpaceArmada/Saved/KratakosStar4A28226D40BB38478256739A3C69D52F.tmp' to '../../../../../../Users/Jin/Documents/GitHub/Game-Files/SuperSpaceArmada/Content/Geometry/Textures/Backgrounds/KratakosStar.uasset'
[2015.11.20-00.08.49:495][ 96]LogSavePackage: Total save time: 17.441366ms
[2015.11.20-00.08.49:495][ 96]LogSavePackage:Warning: Finished SavePackage ../../../../../../Users/Jin/Documents/GitHub/Game-Files/SuperSpaceArmada/Content/Geometry/Textures/Backgrounds/KratakosStar.uasset
[2015.11.20-00.09.01:699][610]LogSavePackage: Save=14.065907ms
[2015.11.20-00.09.01:699][610]LogSavePackage: Moving '../../../../../../Users/Jin/Documents/GitHub/Game-Files/SuperSpaceArmada/Saved/VultaariStar77AC987E4208389811F13096DD9ACCFF.tmp' to '../../../../../../Users/Jin/Documents/GitHub/Game-Files/SuperSpaceArmada/Content/Geometry/Textures/Backgrounds/VultaariStar.uasset'
[2015.11.20-00.09.01:702][610]LogSavePackage: Total save time: 17.377645ms
[2015.11.20-00.09.01:702][610]LogSavePackage:Warning: Finished SavePackage ../../../../../../Users/Jin/Documents/GitHub/Game-Files/SuperSpaceArmada/Content/Geometry/Textures/Backgrounds/VultaariStar.uasset
[2015.11.20-00.09.09:945][927]LogSavePackage: Save=14.336611ms
[2015.11.20-00.09.09:945][927]LogSavePackage: Moving '../../../../../../Users/Jin/Documents/GitHub/Game-Files/SuperSpaceArmada/Saved/HiveStarA385640B421CAD8E640034840DA64116.tmp' to '../../../../../../Users/Jin/Documents/GitHub/Game-Files/SuperSpaceArmada/Content/Geometry/Textures/Backgrounds/HiveStar.uasset'
[2015.11.20-00.09.09:948][927]LogSavePackage: Total save time: 17.450348ms
[2015.11.20-00.09.09:948][927]LogSavePackage:Warning: Finished SavePackage ../../../../../../Users/Jin/Documents/GitHub/Game-Files/SuperSpaceArmada/Content/Geometry/Textures/Backgrounds/HiveStar.uasset
[2015.11.20-00.09.13:057][  3]LogMaterial: Missing cached shader map for material CepalonStars, compiling. 
[2015.11.20-00.09.13:163][  3]LogMaterial: Missing cached shader map for material CepalonStars, compiling. 
[2015.11.20-00.09.13:169][  3]LogMaterial: 0.000059 seconds spent updating 1 materials, 1 interfaces, 0 instances, 0 with static permutations.
[2015.11.20-00.09.13:193][  3]LogMaterial: Missing cached shader map for material FMatExpressionPreview MaterialExpressionTextureSample_0, compiling. 
[2015.11.20-00.09.14:606][ 34]MaterialEditorStats: Info Base pass shader with static lighting: 65 instructions
[2015.11.20-00.09.14:606][ 34]MaterialEditorStats: Info Base pass shader with only dynamic lighting: 33 instructions
[2015.11.20-00.09.14:606][ 34]MaterialEditorStats: Info Vertex shader: 33 instructions
[2015.11.20-00.09.14:606][ 34]MaterialEditorStats: Info Texture samplers: 3/16
[2015.11.20-00.09.31:312][827]LogMaterial: Missing cached shader map for material CepalonStars, compiling. 
[2015.11.20-00.09.31:320][827]LogMaterial: 0.000121 seconds spent updating 1 materials, 1 interfaces, 0 instances, 0 with static permutations.
[2015.11.20-00.09.31:348][827]LogMaterial: Missing cached shader map for material FMatExpressionPreview MaterialExpressionTextureSample_0, compiling. 
[2015.11.20-00.09.32:315][850]MaterialEditorStats: Info Base pass shader with static lighting: 65 instructions
[2015.11.20-00.09.32:315][850]MaterialEditorStats: Info Base pass shader with only dynamic lighting: 33 instructions
[2015.11.20-00.09.32:315][850]MaterialEditorStats: Info Vertex shader: 33 instructions
[2015.11.20-00.09.32:315][850]MaterialEditorStats: Info Texture samplers: 3/16
[2015.11.20-00.09.45:250][156]LogMaterial: Missing cached shader map for material CepalonStars, compiling. 
[2015.11.20-00.09.45:259][156]LogMaterial: 0.000117 seconds spent updating 1 materials, 1 interfaces, 0 instances, 0 with static permutations.
[2015.11.20-00.09.46:459][185]MaterialEditorStats: Info Base pass shader with static lighting: 65 instructions
[2015.11.20-00.09.46:459][185]MaterialEditorStats: Info Base pass shader with only dynamic lighting: 33 instructions
[2015.11.20-00.09.46:459][185]MaterialEditorStats: Info Vertex shader: 33 instructions
[2015.11.20-00.09.46:459][185]MaterialEditorStats: Info Texture samplers: 3/16
[2015.11.20-00.09.49:051][244]LogMaterialEditor: Saving and Compiling material CepalonStars
[2015.11.20-00.09.51:688][244]LogMaterial: Missing cached shader map for material CepalonStars, compiling. 
[2015.11.20-00.09.51:711][244]LogMaterial: 0.000048 seconds spent updating 1 materials, 1 interfaces, 0 instances, 0 with static permutations.
[2015.11.20-00.09.57:293][244]LogCrashTracker: 


[2015.11.20-00.09.57:492][244]LogCrashTracker: 


[2015.11.20-00.09.57:492][244]LogWindows: === Critical error: ===


[2015.11.20-00.09.58:619][244]LogExit: Executing StaticShutdownAfterError
[2015.11.20-00.09.59:724][244]LogPhysics:Warning: PHYSX: ..\..\PhysX\src\NpScene.cpp (2946) 8 : PxScene::unlockWrite() called without matching call to PxScene::lockWrite(), behaviour will be undefined.
[2015.11.20-00.09.59:726][244]LogPhysics:Warning: PHYSX: ..\..\PhysX\src\NpScene.cpp (2946) 8 : PxScene::unlockWrite() called without matching call to PxScene::lockWrite(), behaviour will be undefined.
[2015.11.20-00.09.59:728][244]LogPhysics:Warning: PHYSX: ..\..\PhysX\src\NpScene.cpp (2946) 8 : PxScene::unlockWrite() called without matching call to PxScene::lockWrite(), behaviour will be undefined.
[2015.11.20-00.09.59:729][244]LogPhysics:Warning: PHYSX: ..\..\PhysX\src\NpScene.cpp (2946) 8 : PxScene::unlockWrite() called without matching call to PxScene::lockWrite(), behaviour will be undefined.
[2015.11.20-00.09.59:731][244]LogPhysics:Warning: PHYSX: ..\..\PhysX\src\NpScene.cpp (2946) 8 : PxScene::unlockWrite() called without matching call to PxScene::lockWrite(), behaviour will be undefined.
[2015.11.20-00.09.59:733][244]LogPhysics:Warning: PHYSX: ..\..\PhysX\src\NpScene.cpp (2946) 8 : PxScene::unlockWrite() called without matching call to PxScene::lockWrite(), behaviour will be undefined.
[2015.11.20-00.09.59:733][244]LogPhysics:Warning: PHYSX: ..\..\PhysX\src\NpScene.cpp (2946) 8 : PxScene::unlockWrite() called without matching call to PxScene::lockWrite(), behaviour will be undefined.
[2015.11.20-00.09.59:733][244]LogPhysics:Warning: PHYSX: ..\..\PhysX\src\NpScene.cpp (2946) 8 : PxScene::unlockWrite() called without matching call to PxScene::lockWrite(), behaviour will be undefined.
[2015.11.20-00.09.59:765][244]LogWindows: FPlatformMisc::RequestExit(1)
[2015.11.20-00.09.59:784][244]Log file closed, 11/19/15 19:09:59
