[2015.10.05-15.39.15:162][  0]Log file open, 10/05/15 11:39:15
[2015.10.05-15.39.15:162][  0]LogInit:Display: Running engine for game: SuperSpaceArmada
[2015.10.05-15.39.15:162][  0]LogInit:Display: RandInit(1391946141) SRandInit(1391946141).
[2015.10.05-15.39.15:162][  0]LogTaskGraph: Started task graph with 4 named threads and 7 total threads.
[2015.10.05-15.39.15:162][  0]LogStats: Stats thread started at 0.080437
[2015.10.05-15.39.15:162][  0]LogInit: Version: 4.9.1-2689999+++depot+UE4-Releases+4.9
[2015.10.05-15.39.15:162][  0]LogInit: API Version: 2672455
[2015.10.05-15.39.15:162][  0]LogInit: Compiled (64-bit): Sep 14 2015 04:12:03
[2015.10.05-15.39.15:162][  0]LogInit: Compiled with Visual C++: 18.00.21005.01
[2015.10.05-15.39.15:162][  0]LogInit: Build Configuration: Development
[2015.10.05-15.39.15:162][  0]LogInit: Branch Name: ++depot+UE4-Releases+4.9
[2015.10.05-15.39.15:162][  0]LogInit: Command line:  
[2015.10.05-15.39.15:162][  0]LogInit: Base directory: C:/Program Files/Epic Games/4.9/Engine/Binaries/Win64/
[2015.10.05-15.39.15:162][  0]LogInit: Rocket: 1
[2015.10.05-15.39.15:179][  0]LogInit: Using libcurl 7.41.0
[2015.10.05-15.39.15:179][  0]LogInit:  - built for x86_64-pc-win32
[2015.10.05-15.39.15:180][  0]LogInit:  - supports SSL with WinSSL
[2015.10.05-15.39.15:180][  0]LogInit:  - other features:
[2015.10.05-15.39.15:180][  0]LogInit:      CURL_VERSION_SSL
[2015.10.05-15.39.15:180][  0]LogInit:      CURL_VERSION_IPV6
[2015.10.05-15.39.15:180][  0]LogInit:      CURL_VERSION_ASYNCHDNS
[2015.10.05-15.39.15:180][  0]LogInit:      CURL_VERSION_LARGEFILE
[2015.10.05-15.39.15:180][  0]LogInit:      CURL_VERSION_IDN
[2015.10.05-15.39.15:180][  0]LogInit:  CurlRequestOptions (configurable via config and command line):
[2015.10.05-15.39.15:180][  0]LogInit:  - bVerifyPeer = true  - Libcurl will verify peer certificate
[2015.10.05-15.39.15:180][  0]LogInit:  - bUseHttpProxy = false  - Libcurl will NOT use HTTP proxy
[2015.10.05-15.39.15:180][  0]LogInit:  - bDontReuseConnections = false  - Libcurl will reuse connections
[2015.10.05-15.39.15:180][  0]LogInit:  - CertBundlePath = nullptr  - Libcurl will use whatever was configured at build time.
[2015.10.05-15.39.15:188][  0]LogInit: Presizing for 0 objects not considered by GC, pre-allocating 0 bytes.
[2015.10.05-15.39.15:194][  0]LogInit: Object subsystem initialized
[2015.10.05-15.39.15:196][  0]LogInit: Selected Device Profile: [Windows]
[2015.10.05-15.39.15:196][  0]LogInit: Applying CVar settings loaded from the selected device profile: [Windows]
[2015.10.05-15.39.15:203][  0]LogInit: Computer: EXIA
[2015.10.05-15.39.15:203][  0]LogInit: User: SGJin
[2015.10.05-15.39.15:203][  0]LogInit: CPU Page size=4096, Cores=4
[2015.10.05-15.39.15:203][  0]LogInit: High frequency timer resolution =2.338341 MHz
[2015.10.05-15.39.15:203][  0]LogMemory: Memory total: Physical=7.9GB (8GB approx)
[2015.10.05-15.39.15:203][  0]LogMemory: Platform Memory Stats for Windows
[2015.10.05-15.39.15:203][  0]LogMemory: Process Physical Memory: 55.03 MB used, 55.03 MB peak
[2015.10.05-15.39.15:203][  0]LogMemory: Process Virtual Memory: 55.44 MB used, 55.44 MB peak
[2015.10.05-15.39.15:203][  0]LogMemory: Physical Memory: 4636.30 MB used, 8124.02 MB total
[2015.10.05-15.39.15:203][  0]LogMemory: Virtual Memory: 364.63 MB used, 134217728.00 MB total
[2015.10.05-15.39.15:578][  0]LogTextLocalizationManager: No specific translations for ('en-US') exist, so ('en') translations will be used.
[2015.10.05-15.39.16:343][  0]LogD3D11RHI: Found D3D11 adapter 0: NVIDIA GeForce GT 740M          (Feature Level 11_0)
[2015.10.05-15.39.16:343][  0]LogD3D11RHI: Adapter has 1997MB of dedicated video memory, 0MB of dedicated system memory, and 4062MB of shared system memory, 1 output[s]
[2015.10.05-15.39.16:349][  0]LogD3D11RHI: Found D3D11 adapter 1: Intel(R) HD Graphics 4600 (Feature Level 11_0)
[2015.10.05-15.39.16:349][  0]LogD3D11RHI: Adapter has 112MB of dedicated video memory, 0MB of dedicated system memory, and 4062MB of shared system memory, 0 output[s]
[2015.10.05-15.39.16:351][  0]LogD3D11RHI: Found D3D11 adapter 2: Microsoft Basic Render Driver (Feature Level 11_0)
[2015.10.05-15.39.16:351][  0]LogD3D11RHI: Adapter has 0MB of dedicated video memory, 0MB of dedicated system memory, and 4062MB of shared system memory, 0 output[s]
[2015.10.05-15.39.16:351][  0]LogD3D11RHI: Chosen D3D11 Adapter Id = 0
[2015.10.05-15.39.16:356][  0]LogD3D11RHI: !Direct3DDevice
[2015.10.05-15.39.16:356][  0]LogRHI: Texture pool is 1361 MB (70% of 1945 MB)
[2015.10.05-15.39.16:370][  0]LogD3D11RHI: Async texture creation enabled
[2015.10.05-15.39.16:382][  0]LogShaderCompilers: Guid format shader working directory is 14 characters bigger than the processId version (../../../../../../Users/Jin/Desktop/Game-Files/SuperSpaceArmada/Intermediate/Shaders/WorkingDirectory/13188/).
[2015.10.05-15.39.16:382][  0]LogShaderCompilers: Cleaned the shader compiler working directory '../../../../../../Users/Jin/Desktop/Game-Files/SuperSpaceArmada/Intermediate/Shaders/tmp/861B2FE048CFB30028C62E99703B9840/'.
[2015.10.05-15.39.16:382][  0]LogShaderCompilers:Display: Using Local Shader Compiler.
[2015.10.05-15.39.18:717][  0]LogTemp:Display: Loaded TP AllDesktopTargetPlatform
[2015.10.05-15.39.18:723][  0]LogTemp:Display: Loaded TP WindowsClientTargetPlatform
[2015.10.05-15.39.18:729][  0]LogTemp:Display: Loaded TP WindowsNoEditorTargetPlatform
[2015.10.05-15.39.18:735][  0]LogTemp:Display: Loaded TP WindowsServerTargetPlatform
[2015.10.05-15.39.18:741][  0]LogTemp:Display: Loaded TP WindowsTargetPlatform
[2015.10.05-15.39.18:745][  0]LogTemp:Display: Loaded TP AndroidTargetPlatform
[2015.10.05-15.39.18:749][  0]LogTemp:Display: Loaded TP Android_ASTCTargetPlatform
[2015.10.05-15.39.18:752][  0]LogTemp:Display: Loaded TP Android_ATCTargetPlatform
[2015.10.05-15.39.18:756][  0]LogTemp:Display: Loaded TP Android_DXTTargetPlatform
[2015.10.05-15.39.18:760][  0]LogTemp:Display: Loaded TP Android_ETC1TargetPlatform
[2015.10.05-15.39.18:764][  0]LogTemp:Display: Loaded TP Android_ETC2TargetPlatform
[2015.10.05-15.39.18:768][  0]LogTemp:Display: Loaded TP Android_PVRTCTargetPlatform
[2015.10.05-15.39.18:769][  0]LogTemp:Display: Loaded TP HTML5TargetPlatform
[2015.10.05-15.39.18:787][  0]LogTemp:Display: Loaded TP IOSTargetPlatform
[2015.10.05-15.39.18:791][  0]LogTemp:Display: Loaded TP LinuxNoEditorTargetPlatform
[2015.10.05-15.39.18:795][  0]LogTemp:Display: Loaded TP LinuxServerTargetPlatform
[2015.10.05-15.39.18:799][  0]LogTemp:Display: Loaded TP LinuxTargetPlatform
[2015.10.05-15.39.18:799][  0]LogTargetPlatformManager:Display: Building Assets For Windows
[2015.10.05-15.39.18:906][  0]LogDerivedDataCache:Display: Max Cache Size: 512 MB
[2015.10.05-15.39.18:948][  0]LogDerivedDataCache: Loaded boot cache 0.04s 41MB C:/Users/Jin/AppData/Local/UnrealEngine/4.9/DerivedDataCache/Boot.ddc.
[2015.10.05-15.39.18:948][  0]LogDerivedDataCache:Display: Loaded Boot cache: C:/Users/Jin/AppData/Local/UnrealEngine/4.9/DerivedDataCache/Boot.ddc
[2015.10.05-15.39.18:948][  0]LogDerivedDataCache: FDerivedDataBackendGraph:  Pak pak cache file ../../../../../../Users/Jin/Desktop/Game-Files/SuperSpaceArmada/DerivedDataCache/DDC.ddp not found, will not use a pak cache.
[2015.10.05-15.39.18:948][  0]LogDerivedDataCache: Unable to find inner node Pak for hierarchical cache Hierarchy.
[2015.10.05-15.39.18:948][  0]LogDerivedDataCache: FDerivedDataBackendGraph:  CompressedPak pak cache file ../../../../../../Users/Jin/Desktop/Game-Files/SuperSpaceArmada/DerivedDataCache/Compressed.ddp not found, will not use a pak cache.
[2015.10.05-15.39.18:948][  0]LogDerivedDataCache: Unable to find inner node CompressedPak for hierarchical cache Hierarchy.
[2015.10.05-15.39.19:090][  0]LogDerivedDataCache:Display: Pak cache opened for reading ../../../Engine/DerivedDataCache/Compressed.ddp.
[2015.10.05-15.39.19:102][  0]LogDerivedDataCache: Using Local data cache path C:/Users/Jin/AppData/Local/UnrealEngine/Common/DerivedDataCache: Writable
[2015.10.05-15.39.19:299][  0]LogInit: Selected Device Profile: [Windows]
[2015.10.05-15.39.19:301][  0]LogContentStreaming: Texture pool size is 0.000000MB
[2015.10.05-15.39.19:436][  0]LogMeshUtilities: No automatic mesh reduction module available
[2015.10.05-15.39.19:436][  0]LogMeshUtilities: No automatic mesh merging module available
[2015.10.05-15.39.19:690][  0]LogInit: WinSock: version 1.1 (2.2), MaxSocks=32767, MaxUdp=65467
[2015.10.05-15.39.20:908][  0]LogAssetRegistry: FAssetRegistry took 0.0106 seconds to start up
[2015.10.05-15.39.20:928][  0]UdpMessaging: Initializing bridge on interface 0.0.0.0:0 to multicast group 230.0.0.1:6666.
[2015.10.05-15.39.21:260][  0]SourceControl: Info Source control is disabled
[2015.10.05-15.39.21:331][  0]SourceControl: Info Source control is disabled
[2015.10.05-15.39.21:346][  0]SourceControl: Info Source control is disabled
[2015.10.05-15.39.21:360][  0]SourceControl: Info Source control is disabled
[2015.10.05-15.39.21:559][  0]LogLinker:Warning: Asset '../../../Engine/Plugins/Runtime/LeapMotionController/Content/LM_PassthroughMaterial.uasset' has been saved with empty engine version. The asset will be loaded but may be incompatible.
[2015.10.05-15.39.21:683][  0]LogObj: 28528 objects as part of root set at end of initial load.
[2015.10.05-15.39.21:683][  0]LogUObjectAllocator: 6068464 out of 0 bytes used by permanent object pool.
[2015.10.05-15.39.21:751][  0]LogEngine: Initializing Engine...
[2015.10.05-15.39.21:755][  0]LogHMD: Can't find Oculus library dev build: is proper Runtime installed? Version: 0.7.0.0
[2015.10.05-15.39.21:755][  0]LogHMD: SteamVR failed to initialize.  Err: 110
[2015.10.05-15.39.21:907][  0]LogAIModule: Creating AISystem for world NewWorld
[2015.10.05-15.39.21:917][  0]LogInit: XAudio2 using 'Speakers / HP (IDT High Definition Audio CODEC)' : 2 channels at 44.1 kHz using 32 bits per sample (channel mask 0x3)
[2015.10.05-15.39.21:942][  0]LogInit: FAudioDevice initialized.
[2015.10.05-15.39.21:969][  0]LogDerivedDataCache: Saved boot cache 0.03s 41MB C:/Users/Jin/AppData/Local/UnrealEngine/4.9/DerivedDataCache/Boot.ddc.
[2015.10.05-15.39.21:973][  0]LogInit: Texture streaming: Enabled
[2015.10.05-15.39.21:982][  0]LogAnalytics: Creating configured Analytics provider AnalyticsET
[2015.10.05-15.39.21:982][  0]LogAnalytics: [UEEditor.Rocket.Release] APIServer = http://et2.epicgames.com/ET2/. AppVersion = 4.9.1-2689999+++depot+UE4-Releases+4.9
[2015.10.05-15.39.21:983][  0]LogAnalytics: [UEEditor.Rocket.Release] SetUserId 435ea4a8489b84c6f4feaab84cbae6c8|e03effeb7bdf4ddc9c712682a578c51b|8a2a019e-36d5-4c55-97e1-833141022920
[2015.10.05-15.39.21:983][  0]LogAnalytics: [UEEditor.Rocket.Release] AnalyticsET::StartSession
[2015.10.05-15.39.22:070][  0]LogInit: Transaction tracking system initialized
[2015.10.05-15.39.22:119][  0]BlueprintLog: New page: Editor Load
[2015.10.05-15.39.22:249][  0]LocalizationService: Info Localization service is disabled
[2015.10.05-15.39.22:346][  0]LogConsoleResponse:Display: 
[2015.10.05-15.39.22:486][  0]LogCook:Display: Done creating registry. It took  0.00s.
[2015.10.05-15.39.22:562][  0]LogFileCache: Scanning file cache for directory 'C:/Users/Jin/Desktop/Game-Files/SuperSpaceArmada/Content/' took 0.02s
[2015.10.05-15.39.22:562][  0]SourceControl: Info Source control is disabled
[2015.10.05-15.39.22:562][  0]Cmd: MAP LOAD FILE="../../../../../../Users/Jin/Desktop/Game-Files/SuperSpaceArmada/Content/TopDownBP/Maps/TopDownExampleMap.umap" TEMPLATE=0 SHOWPROGRESS=1 FEATURELEVEL=3
[2015.10.05-15.39.22:562][  0]LogEditorServer:Warning: Can't find file '../../../../../../Users/Jin/Desktop/Game-Files/SuperSpaceArmada/Content/TopDownBP/Maps/TopDownExampleMap.umap'
[2015.10.05-15.39.22:562][  0]Cmd: MAP CHECKDEP NOCLEARLOG
[2015.10.05-15.39.22:646][  0]MapCheck: Info Map check complete: 0 Error(s), 0 Warning(s), took 83.517ms to complete.
[2015.10.05-15.39.22:646][  0]LogFileHelpers: Loading map 'TopDownExampleMap' took 0.084
[2015.10.05-15.39.22:756][  0]LogCollectionManager: Loaded 0 collections in 0.002897 seconds
[2015.10.05-15.39.22:797][  0]LogFileCache: Scanning file cache for directory 'C:/Users/Jin/Desktop/Game-Files/SuperSpaceArmada/Saved/Collections/' took 0.01s
[2015.10.05-15.39.22:797][  0]LogFileCache: Scanning file cache for directory 'C:/Users/Jin/Desktop/Game-Files/SuperSpaceArmada/Content/Developers/SGJin/Collections/' took 0.01s
[2015.10.05-15.39.22:797][  0]LogFileCache: Scanning file cache for directory 'C:/Users/Jin/Desktop/Game-Files/SuperSpaceArmada/Content/Collections/' took 0.01s
[2015.10.05-15.39.22:797][  0]LogContentBrowser: Native class hierarchy populated in 0.0068 seconds. Added 1882 classes and 339 folders.
[2015.10.05-15.39.22:805][  0]LogCollectionManager: Rebuilt the GUID cache for 0 collections in 0.000003 seconds
[2015.10.05-15.39.22:814][  0]LogContentBrowser: Native class hierarchy updated for 'WidgetCarousel' in 0.0003 seconds. Added 0 classes and 0 folders.
[2015.10.05-15.39.22:887][  0]LogContentBrowser: Native class hierarchy updated for 'AddContentDialog' in 0.0004 seconds. Added 0 classes and 0 folders.
[2015.10.05-15.39.22:892][  0]LogContentBrowser: Native class hierarchy updated for 'SceneOutliner' in 0.0003 seconds. Added 1 classes and 2 folders.
[2015.10.05-15.39.22:920][  0]LogCrashTracker: Crashtracker disabled due to settings.
[2015.10.05-15.39.22:928][  0]LogUObjectGlobals:Warning: Failed to find object 'Class None.'
[2015.10.05-15.39.22:951][  0]LogLoad: Full Startup: 8.42 seconds (BP compile: 0.00 seconds)
[2015.10.05-15.39.23:347][  0]LogContentStreaming: Texture pool size now 1000 MB
[2015.10.05-15.39.23:484][  0]LogRenderer: Reallocating scene render targets to support 1156x564 (Frame:2).
[2015.10.05-15.39.24:297][  3]LogAssetRegistry: Asset discovery search completed in 3.4004 seconds
[2015.10.05-15.39.24:298][  3]LogCollectionManager: Rebuilt the object cache for 0 collections in 0.000001 seconds (found 0 objects)
[2015.10.05-15.39.24:298][  3]LogCollectionManager: Fixed up redirectors for 0 collections in 0.000023 seconds (updated 0 objects)
[2015.10.05-15.39.44:800][243]LogLinker:Warning: Asset '../../../../../../Users/Jin/Desktop/Game-Files/SuperSpaceArmada/Content/Mannequin/Animations/ThirdPerson_AnimBP.uasset' has been saved with empty engine version. The asset will be loaded but may be incompatible.
[2015.10.05-15.39.44:801][243]LogLinker:Warning: Asset '../../../../../../Users/Jin/Desktop/Game-Files/SuperSpaceArmada/Content/Mannequin/Animations/ThirdPerson_Jump.uasset' has been saved with empty engine version. The asset will be loaded but may be incompatible.
[2015.10.05-15.39.44:803][243]LogLinker:Warning: Asset '../../../../../../Users/Jin/Desktop/Game-Files/SuperSpaceArmada/Content/Mannequin/Animations/ThirdPersonJump_Loop.uasset' has been saved with empty engine version. The asset will be loaded but may be incompatible.
[2015.10.05-15.39.44:804][243]LogLinker:Warning: Asset '../../../../../../Users/Jin/Desktop/Game-Files/SuperSpaceArmada/Content/Mannequin/Animations/ThirdPersonJump_Start.uasset' has been saved with empty engine version. The asset will be loaded but may be incompatible.
[2015.10.05-15.39.44:806][243]LogLinker:Warning: Asset '../../../../../../Users/Jin/Desktop/Game-Files/SuperSpaceArmada/Content/Mannequin/Animations/ThirdPerson_IdleRun_2D.uasset' has been saved with empty engine version. The asset will be loaded but may be incompatible.
[2015.10.05-15.39.44:806][243]LogLinker:Warning: Asset '../../../../../../Users/Jin/Desktop/Game-Files/SuperSpaceArmada/Content/Mannequin/Animations/ThirdPersonIdle.uasset' has been saved with empty engine version. The asset will be loaded but may be incompatible.
[2015.10.05-15.39.44:807][243]LogLinker:Warning: Asset '../../../../../../Users/Jin/Desktop/Game-Files/SuperSpaceArmada/Content/Mannequin/Animations/ThirdPersonRun.uasset' has been saved with empty engine version. The asset will be loaded but may be incompatible.
[2015.10.05-15.39.44:809][243]LogLinker:Warning: Asset '../../../../../../Users/Jin/Desktop/Game-Files/SuperSpaceArmada/Content/Mannequin/Animations/ThirdPersonWalk.uasset' has been saved with empty engine version. The asset will be loaded but may be incompatible.
[2015.10.05-15.39.47:099][243]LogLinker:Warning: Asset '../../../Engine/Content/ArtTools/RenderToTexture/Macros/RenderToTextureMacros.uasset' has been saved with empty engine version. The asset will be loaded but may be incompatible.
[2015.10.05-15.39.47:659][243]LogContentBrowser: Native class hierarchy updated for 'BlueprintGraph' in 0.0008 seconds. Added 107 classes and 0 folders.
[2015.10.05-15.39.50:688][358]LogRenderer: Reallocating scene render targets to support 1156x712 (Frame:194).
[2015.10.05-15.40.00:859][757]LogActorComponent: UnregisterComponent: (/Engine/Transient.CharMoveComp) Not registered. Aborting.
[2015.10.05-15.40.00:859][757]LogActorComponent: UnregisterComponent: (/Engine/Transient.CharacterMovementComponent_0) Not registered. Aborting.
[2015.10.05-15.40.15:385][271]LogActorComponent: UnregisterComponent: (/Engine/Transient.CharacterMovementComponent_1) Not registered. Aborting.
[2015.10.05-15.41.54:743][787]LogActorComponent: UnregisterComponent: (/Engine/Transient.CharacterMovementComponent_2) Not registered. Aborting.
[2015.10.05-15.41.57:363][911]BlueprintLog: New page: Pre-Play auto-recompile
[2015.10.05-15.41.57:369][911]LogActorComponent: UnregisterComponent: (/Engine/Transient.CharacterMovementComponent_3) Not registered. Aborting.
[2015.10.05-15.41.57:404][911]LogPlayLevel: [PlayLevel] Compiling Player_Human before play...
[2015.10.05-15.41.57:740][911]LogPlayLevel: PlayLevel: Blueprint regeneration took 376 ms (3 blueprints)
[2015.10.05-15.41.57:744][911]LogPlayLevel: [PlayLevel] Compiling Player before play...
[2015.10.05-15.41.58:396][911]LogPlayLevel: PlayLevel: Blueprint regeneration took 1033 ms (12 blueprints)
[2015.10.05-15.41.58:399][911]LogPlayLevel: [PlayLevel] Compiling MainMenu before play...
[2015.10.05-15.41.58:508][911]LogPlayLevel: PlayLevel: Blueprint regeneration took 1144 ms (12 blueprints)
[2015.10.05-15.41.58:509][911]LogPlayLevel: [PlayLevel] Compiling Enemy_Human before play...
[2015.10.05-15.41.58:602][911]LogPlayLevel: PlayLevel: Blueprint regeneration took 1239 ms (12 blueprints)
[2015.10.05-15.41.58:603][911]LogPlayLevel: [PlayLevel] Compiling Enemy_Kratakos before play...
[2015.10.05-15.41.58:723][911]LogPlayLevel: PlayLevel: Blueprint regeneration took 1359 ms (12 blueprints)
[2015.10.05-15.41.58:723][911]LogPlayLevel: [PlayLevel] Compiling Debris before play...
[2015.10.05-15.41.58:810][911]LogPlayLevel: PlayLevel: Blueprint regeneration took 1446 ms (12 blueprints)
[2015.10.05-15.41.58:811][911]LogPlayLevel: [PlayLevel] Compiling AI_Ram_Trigger before play...
[2015.10.05-15.41.58:877][911]LogPlayLevel: PlayLevel: Blueprint regeneration took 1513 ms (12 blueprints)
[2015.10.05-15.41.58:878][911]LogPlayLevel: [PlayLevel] Compiling Human_Torpedo before play...
[2015.10.05-15.41.58:966][911]LogPlayLevel: PlayLevel: Blueprint regeneration took 1602 ms (12 blueprints)
[2015.10.05-15.41.58:967][911]LogPlayLevel: [PlayLevel] Compiling Player_Kratakos before play...
[2015.10.05-15.41.59:175][911]LogPlayLevel: PlayLevel: Blueprint regeneration took 1811 ms (12 blueprints)
[2015.10.05-15.41.59:176][911]LogPlayLevel: [PlayLevel] Compiling Kratakos_Rail_Gun before play...
[2015.10.05-15.41.59:265][911]LogPlayLevel: PlayLevel: Blueprint regeneration took 1901 ms (12 blueprints)
[2015.10.05-15.41.59:265][911]LogPlayLevel: [PlayLevel] Compiling Player_Ram_Trigger before play...
[2015.10.05-15.41.59:329][911]LogPlayLevel: PlayLevel: Blueprint regeneration took 1966 ms (12 blueprints)
[2015.10.05-15.41.59:330][911]LogPlayLevel: [PlayLevel] Compiling Player_Phaser_Trigger before play...
[2015.10.05-15.41.59:411][911]LogPlayLevel: PlayLevel: Blueprint regeneration took 2047 ms (12 blueprints)
[2015.10.05-15.41.59:472][911]PIE: New page: PIE session: Untitled_0 (Oct 5, 2015, 7:41:59 AM)
[2015.10.05-15.41.59:472][911]LogPlayLevel: Creating play world package: /Temp/UEDPIE_0_Untitled_0
[2015.10.05-15.41.59:473][911]LogPlayLevel: PIE: StaticDuplicateObject took: (0.000464s)
[2015.10.05-15.41.59:473][911]LogAIModule: Creating AISystem for world NewWorld
[2015.10.05-15.41.59:473][911]LogPlayLevel: PIE: World Init took: (0.000642s)
[2015.10.05-15.41.59:473][911]LogPlayLevel: PIE: Created PIE world by copying editor world from /Temp/Untitled_0.NewWorld to /Temp/UEDPIE_0_Untitled_0.NewWorld (0.001316s)
[2015.10.05-15.41.59:505][911]LogInit: XAudio2 using 'Speakers / HP (IDT High Definition Audio CODEC)' : 2 channels at 44.1 kHz using 32 bits per sample (channel mask 0x3)
[2015.10.05-15.41.59:521][911]LogInit: FAudioDevice initialized.
[2015.10.05-15.41.59:573][911]LogLinker:Warning: Can't find file '/Game/TopDownBP/Blueprints/TopDownGameMode'
[2015.10.05-15.41.59:574][911]LogLinker:Warning: Can't find file '/Game/TopDownBP/Blueprints/TopDownGameMode'
[2015.10.05-15.41.59:574][911]LogUObjectGlobals:Warning: Failed to find object 'Class /Game/TopDownBP/Blueprints/TopDownGameMode.TopDownGameMode_C'
[2015.10.05-15.41.59:574][911]LogWorld: Game class is 'GameMode'
[2015.10.05-15.41.59:576][911]LogWorld: Bringing World /Temp/UEDPIE_0_Untitled_0.NewWorld up for play (max tick rate 60) at 2015.10.05-11.41.59
[2015.10.05-15.41.59:576][911]LogActor:Warning: GameSession /Temp/UEDPIE_0_Untitled_0.NewWorld:PersistentLevel.GameSession_0 has natively added scene component(s), but none of them were set as the actor's RootComponent - picking one arbitrarily
[2015.10.05-15.41.59:577][911]LogActor:Warning: GameNetworkManager /Temp/UEDPIE_0_Untitled_0.NewWorld:PersistentLevel.GameNetworkManager_0 has natively added scene component(s), but none of them were set as the actor's RootComponent - picking one arbitrarily
[2015.10.05-15.41.59:577][911]LogWorld: Bringing up level for play took: 0.000809
[2015.10.05-15.41.59:577][911]LogGameMode: Warning - PATHS NOT DEFINED or NO PLAYERSTART with positive rating
[2015.10.05-15.41.59:588][911]PIE: Info Play in editor start time for /Temp/UEDPIE_0_Untitled_0 2.752
[2015.10.05-15.41.59:695][912]LogRenderer: Reallocating scene render targets to support 1232x712 (Frame:6483).
[2015.10.05-15.42.01:686][985]LogActorComponent: UnregisterComponent: (/Engine/Transient.CharMoveComp) Not registered. Aborting.
[2015.10.05-15.42.01:686][985]LogActorComponent: UnregisterComponent: (/Engine/Transient.CharacterMovementComponent_4) Not registered. Aborting.
[2015.10.05-15.42.01:728][986]LogParticles: Destroying 0 GPU particle simulations for FXSystem 0x000000FD45C31620
[2015.10.05-15.42.09:110][230]LogAIModule: Creating AISystem for world Home_Kratakos
[2015.10.05-15.42.09:111][230]LogParticles:Warning: InitializeSystem called on an unregistered component. Template=/Game/Effects/Particles/P_Radiation_Long.P_Radiation_Long Component=/Game/SSA/Maps/Home_Kratakos.Home_Kratakos:PersistentLevel.P_Radiation_Long_2.ParticleSystemComponent0
[2015.10.05-15.42.09:111][230]LogParticles:Warning: InitializeSystem called on an unregistered component. Template=/Game/Effects/Particles/P_Radiation_Long.P_Radiation_Long Component=/Game/SSA/Maps/Home_Kratakos.Home_Kratakos:PersistentLevel.P_Radiation_Long2.ParticleSystemComponent0
[2015.10.05-15.42.09:111][230]LogParticles:Warning: InitializeSystem called on an unregistered component. Template=/Game/Effects/Particles/P_Radiation_Long.P_Radiation_Long Component=/Game/SSA/Maps/Home_Kratakos.Home_Kratakos:PersistentLevel.P_Radiation_Long3.ParticleSystemComponent0
[2015.10.05-15.42.09:111][230]LogParticles:Warning: InitializeSystem called on an unregistered component. Template=/Game/Effects/Particles/P_Radiation_Long.P_Radiation_Long Component=/Game/SSA/Maps/Home_Kratakos.Home_Kratakos:PersistentLevel.P_Radiation_Long4.ParticleSystemComponent0
[2015.10.05-15.42.09:123][230]LogActorComponent: UnregisterComponent: (/Engine/Transient.CharMoveComp) Not registered. Aborting.
[2015.10.05-15.42.09:123][230]LogActorComponent: UnregisterComponent: (/Engine/Transient.CharacterMovementComponent_5) Not registered. Aborting.
[2015.10.05-15.42.10:698][230]Cmd: OBJ SAVEPACKAGE PACKAGE="/Game/SSA/Blueprints/Player/Player_Human" FILE="../../../../../../Users/Jin/Desktop/Game-Files/SuperSpaceArmada/Content/SSA/Blueprints/Player/Player_Human.uasset" SILENT=true
[2015.10.05-15.42.10:922][230]LogSavePackage: Save=200.957428ms
[2015.10.05-15.42.10:922][230]LogSavePackage: Moving '../../../../../../Users/Jin/Desktop/Game-Files/SuperSpaceArmada/Saved/Player_Human4306397E4BDECA78F6E9DFB2995FCA4C.tmp' to '../../../../../../Users/Jin/Desktop/Game-Files/SuperSpaceArmada/Content/SSA/Blueprints/Player/Player_Human.uasset'
[2015.10.05-15.42.10:925][230]LogSavePackage: Total save time: 224.482659ms
[2015.10.05-15.42.10:925][230]LogSavePackage:Warning: Finished SavePackage ../../../../../../Users/Jin/Desktop/Game-Files/SuperSpaceArmada/Content/SSA/Blueprints/Player/Player_Human.uasset
[2015.10.05-15.42.10:926][230]Cmd: MAP LOAD FILE="../../../../../../Users/Jin/Desktop/Game-Files/SuperSpaceArmada/Content/SSA/Maps/Home_Kratakos.umap" TEMPLATE=0 SHOWPROGRESS=1 FEATURELEVEL=3
[2015.10.05-15.42.10:927][230]LightingResults: New page: Lighting Build
[2015.10.05-15.42.10:931][230]LogContentBrowser: Native class hierarchy updated for 'StatsViewer' in 0.0004 seconds. Added 5 classes and 0 folders.
[2015.10.05-15.42.10:957][230]LoadErrors: New page: Loading map: Home_Kratakos.umap
[2015.10.05-15.42.10:957][230]MapCheck: New page: Map Check
[2015.10.05-15.42.10:957][230]LightingResults: New page: Lighting Build
[2015.10.05-15.42.10:957][230]LogActorComponent: UnregisterComponent: (/Engine/Transient.CharMoveComp) Not registered. Aborting.
[2015.10.05-15.42.10:981][230]LogParticles: Destroying 0 GPU particle simulations for FXSystem 0x000000FD0D2A42C0
[2015.10.05-15.42.10:991][230]LogEditorServer: Finished looking for orphan Actors (0.000 secs)
[2015.10.05-15.42.11:069][230]Cmd: MAP CHECKDEP NOCLEARLOG
[2015.10.05-15.42.11:209][230]MapCheck: Info Map check complete: 0 Error(s), 0 Warning(s), took 139.923ms to complete.
[2015.10.05-15.42.11:214][230]LogFileHelpers: Loading map 'Home_Kratakos' took 0.289
[2015.10.05-15.42.11:920][243]LogBlueprintUserMessages: Early PlayInEditor Detection: Level '/Game/SSA/Maps/Home_Kratakos.Home_Kratakos:PersistentLevel' has LevelScriptBlueprint '/Game/SSA/Maps/Home_Kratakos.Home_Kratakos:PersistentLevel.Home_Kratakos' with GeneratedClass '/Game/SSA/Maps/Home_Kratakos.Home_Kratakos_C' with ClassGeneratedBy '/Game/SSA/Maps/Home_Kratakos.Home_Kratakos:PersistentLevel.Home_Kratakos'
[2015.10.05-15.42.11:920][243]LogPlayLevel: PlayLevel: No blueprints needed recompiling
[2015.10.05-15.42.11:921][243]PIE: New page: PIE session: Home_Kratakos (Oct 5, 2015, 7:42:11 AM)
[2015.10.05-15.42.11:921][243]LogPlayLevel: Creating play world package: /Game/SSA/Maps/UEDPIE_0_Home_Kratakos
[2015.10.05-15.42.11:960][243]LogPlayLevel: PIE: StaticDuplicateObject took: (0.039323s)
[2015.10.05-15.42.11:961][243]LogAIModule: Creating AISystem for world Home_Kratakos
[2015.10.05-15.42.11:961][243]LogPlayLevel: PIE: World Init took: (0.000748s)
[2015.10.05-15.42.11:961][243]LogPlayLevel: PIE: Created PIE world by copying editor world from /Game/SSA/Maps/Home_Kratakos.Home_Kratakos to /Game/SSA/Maps/UEDPIE_0_Home_Kratakos.Home_Kratakos (0.040300s)
[2015.10.05-15.42.11:961][243]LogActorComponent: UnregisterComponent: (/Engine/Transient.CharMoveComp) Not registered. Aborting.
[2015.10.05-15.42.11:961][243]LogActorComponent: UnregisterComponent: (/Engine/Transient.CharacterMovementComponent_6) Not registered. Aborting.
[2015.10.05-15.42.11:994][243]LogInit: XAudio2 using 'Speakers / HP (IDT High Definition Audio CODEC)' : 2 channels at 44.1 kHz using 32 bits per sample (channel mask 0x3)
[2015.10.05-15.42.12:007][243]LogInit: FAudioDevice initialized.
[2015.10.05-15.42.12:017][243]LogWorld: Game class is 'TopDownGameMode_C'
[2015.10.05-15.42.12:024][243]LogWorld:Warning: *** WARNING - PATHS MAY NOT BE VALID ***
[2015.10.05-15.42.12:024][243]LogWorld: Bringing World /Game/SSA/Maps/UEDPIE_0_Home_Kratakos.Home_Kratakos up for play (max tick rate 60) at 2015.10.05-11.42.12
[2015.10.05-15.42.12:024][243]LogActor:Warning: GameSession /Game/SSA/Maps/UEDPIE_0_Home_Kratakos.Home_Kratakos:PersistentLevel.GameSession_1 has natively added scene component(s), but none of them were set as the actor's RootComponent - picking one arbitrarily
[2015.10.05-15.42.12:025][243]LogActor:Warning: GameNetworkManager /Game/SSA/Maps/UEDPIE_0_Home_Kratakos.Home_Kratakos:PersistentLevel.GameNetworkManager_1 has natively added scene component(s), but none of them were set as the actor's RootComponent - picking one arbitrarily
[2015.10.05-15.42.12:026][243]LogWorld: Bringing up level for play took: 0.006670
[2015.10.05-15.42.12:029][243]LogBlueprintUserMessages: [Player_Kratakos_C_0] X=270.000 Y=750.000 Z=265.594
[2015.10.05-15.42.12:040][243]PIE: Info Play in editor start time for /Game/SSA/Maps/UEDPIE_0_Home_Kratakos -0.796
[2015.10.05-15.42.12:041][243]LogBlueprintUserMessages: Late PlayInEditor Detection: Level '/Game/SSA/Maps/Home_Kratakos.Home_Kratakos:PersistentLevel' has LevelScriptBlueprint '/Game/SSA/Maps/Home_Kratakos.Home_Kratakos:PersistentLevel.Home_Kratakos' with GeneratedClass '/Game/SSA/Maps/Home_Kratakos.Home_Kratakos_C' with ClassGeneratedBy '/Game/SSA/Maps/Home_Kratakos.Home_Kratakos:PersistentLevel.Home_Kratakos'
[2015.10.05-15.42.27:269][731]LogBlueprintUserMessages: Early EndPlayMap Detection: Level '/Game/SSA/Maps/Home_Kratakos.Home_Kratakos:PersistentLevel' has LevelScriptBlueprint '/Game/SSA/Maps/Home_Kratakos.Home_Kratakos:PersistentLevel.Home_Kratakos' with GeneratedClass '/Game/SSA/Maps/Home_Kratakos.Home_Kratakos_C' with ClassGeneratedBy '/Game/SSA/Maps/Home_Kratakos.Home_Kratakos:PersistentLevel.Home_Kratakos'
[2015.10.05-15.42.27:355][731]LogBlueprintUserMessages: Late EndPlayMap Detection: Level '/Game/SSA/Maps/Home_Kratakos.Home_Kratakos:PersistentLevel' has LevelScriptBlueprint '/Game/SSA/Maps/Home_Kratakos.Home_Kratakos:PersistentLevel.Home_Kratakos' with GeneratedClass '/Game/SSA/Maps/Home_Kratakos.Home_Kratakos_C' with ClassGeneratedBy '/Game/SSA/Maps/Home_Kratakos.Home_Kratakos:PersistentLevel.Home_Kratakos'
[2015.10.05-15.42.27:384][731]LogParticles: Destroying 0 GPU particle simulations for FXSystem 0x000000FD4966F060
[2015.10.05-15.43.05:369][137]LogWindows:Error: Windows GetLastError: The operation completed successfully. (0)
[2015.10.05-15.43.05:810][137]LogCrashTracker: 


[2015.10.05-15.43.05:810][137]LogCrashTracker: 


[2015.10.05-15.43.05:810][137]LogWindows: === Critical error: ===
Assertion failed: ((UObject*)ContainerPtr)->IsA((UClass*)GetOuter()) [File:D:\BuildFarm\buildmachine_++depot+UE4-Releases+4.9\Engine\Source\Runtime\CoreUObject\Public\UObject\UnrealType.h] [Line: 308] 
'Default__Player_Human_C' is of class 'Player_Human_C' however property 'ObjectProperty_818' belongs to class 'TRASHCLASS_Player_143'




[2015.10.05-15.43.05:930][137]LogExit: Executing StaticShutdownAfterError
[2015.10.05-15.43.05:937][137]LogPhysics:Warning: PHYSX: ..\..\PhysX\src\NpScene.cpp (2946) 8 : PxScene::unlockWrite() called without matching call to PxScene::lockWrite(), behaviour will be undefined.
[2015.10.05-15.43.05:937][137]LogPhysics:Warning: PHYSX: ..\..\PhysX\src\NpScene.cpp (2946) 8 : PxScene::unlockWrite() called without matching call to PxScene::lockWrite(), behaviour will be undefined.
[2015.10.05-15.43.05:937][137]LogPhysics:Warning: PHYSX: ..\..\PhysX\src\NpScene.cpp (2946) 8 : PxScene::unlockWrite() called without matching call to PxScene::lockWrite(), behaviour will be undefined.
[2015.10.05-15.43.05:937][137]LogPhysics:Warning: PHYSX: ..\..\PhysX\src\NpScene.cpp (2946) 8 : PxScene::unlockWrite() called without matching call to PxScene::lockWrite(), behaviour will be undefined.
[2015.10.05-15.43.05:938][137]LogWindows: FPlatformMisc::RequestExit(1)
[2015.10.05-15.43.05:938][137]Log file closed, 10/05/15 11:43:05
