[2015.12.11-01.47.01:442][  0]Log file open, 12/10/15 20:47:01
[2015.12.11-01.47.01:442][  0]LogInit:Display: Running engine without a game
[2015.12.11-01.47.01:442][  0]LogInit:Display: Loading recent project file: ../../../../../../../My Media/UCF Documents/DIG 4725/Game-Files/SuperSpaceArmada/SuperSpaceArmada.uproject
[2015.12.11-01.47.01:442][  0]LogInit:Display: RandInit(-200779764) SRandInit(-200779763).
[2015.12.11-01.47.01:442][  0]LogTaskGraph: Started task graph with 4 named threads and 7 total threads.
[2015.12.11-01.47.01:442][  0]LogStats: Stats thread started at 0.065342
[2015.12.11-01.47.01:442][  0]LogInit: Version: 4.9.1-2689999+++depot+UE4-Releases+4.9
[2015.12.11-01.47.01:442][  0]LogInit: API Version: 2672455
[2015.12.11-01.47.01:442][  0]LogInit: Compiled (64-bit): Sep 14 2015 04:12:03
[2015.12.11-01.47.01:442][  0]LogInit: Compiled with Visual C++: 18.00.21005.01
[2015.12.11-01.47.01:442][  0]LogInit: Build Configuration: Development
[2015.12.11-01.47.01:442][  0]LogInit: Branch Name: ++depot+UE4-Releases+4.9
[2015.12.11-01.47.01:442][  0]LogInit: Command line: 
[2015.12.11-01.47.01:442][  0]LogInit: Base directory: F:/Program Files/Unreal/Epic Games/4.9/Engine/Binaries/Win64/
[2015.12.11-01.47.01:442][  0]LogInit: Rocket: 1
[2015.12.11-01.47.01:450][  0]LogInit: Using libcurl 7.41.0
[2015.12.11-01.47.01:450][  0]LogInit:  - built for x86_64-pc-win32
[2015.12.11-01.47.01:450][  0]LogInit:  - supports SSL with WinSSL
[2015.12.11-01.47.01:450][  0]LogInit:  - other features:
[2015.12.11-01.47.01:450][  0]LogInit:      CURL_VERSION_SSL
[2015.12.11-01.47.01:450][  0]LogInit:      CURL_VERSION_IPV6
[2015.12.11-01.47.01:450][  0]LogInit:      CURL_VERSION_ASYNCHDNS
[2015.12.11-01.47.01:450][  0]LogInit:      CURL_VERSION_LARGEFILE
[2015.12.11-01.47.01:450][  0]LogInit:      CURL_VERSION_IDN
[2015.12.11-01.47.01:450][  0]LogInit:  CurlRequestOptions (configurable via config and command line):
[2015.12.11-01.47.01:450][  0]LogInit:  - bVerifyPeer = true  - Libcurl will verify peer certificate
[2015.12.11-01.47.01:450][  0]LogInit:  - bUseHttpProxy = false  - Libcurl will NOT use HTTP proxy
[2015.12.11-01.47.01:450][  0]LogInit:  - bDontReuseConnections = false  - Libcurl will reuse connections
[2015.12.11-01.47.01:450][  0]LogInit:  - CertBundlePath = nullptr  - Libcurl will use whatever was configured at build time.
[2015.12.11-01.47.01:456][  0]LogInit: Presizing for 0 objects not considered by GC, pre-allocating 0 bytes.
[2015.12.11-01.47.01:460][  0]LogInit: Object subsystem initialized
[2015.12.11-01.47.01:461][  0]LogInit: Selected Device Profile: [Windows]
[2015.12.11-01.47.01:461][  0]LogInit: Applying CVar settings loaded from the selected device profile: [Windows]
[2015.12.11-01.47.01:466][  0]LogInit: Computer: ANDREW_2015
[2015.12.11-01.47.01:466][  0]LogInit: User: aehrlich92
[2015.12.11-01.47.01:466][  0]LogInit: CPU Page size=4096, Cores=4
[2015.12.11-01.47.01:466][  0]LogInit: High frequency timer resolution =3.984641 MHz
[2015.12.11-01.47.01:466][  0]LogMemory: Memory total: Physical=15.9GB (16GB approx)
[2015.12.11-01.47.01:466][  0]LogMemory: Platform Memory Stats for Windows
[2015.12.11-01.47.01:466][  0]LogMemory: Process Physical Memory: 55.33 MB used, 55.33 MB peak
[2015.12.11-01.47.01:466][  0]LogMemory: Process Virtual Memory: 58.66 MB used, 58.66 MB peak
[2015.12.11-01.47.01:466][  0]LogMemory: Physical Memory: 6595.88 MB used, 16322.88 MB total
[2015.12.11-01.47.01:466][  0]LogMemory: Virtual Memory: 368.63 MB used, 134217728.00 MB total
[2015.12.11-01.47.01:507][  0]LogTextLocalizationManager: No specific translations for ('en-US') exist, so ('en') translations will be used.
[2015.12.11-01.47.02:048][  0]LogD3D11RHI: Found D3D11 adapter 0: NVIDIA GeForce GTX 960 (Feature Level 11_0)
[2015.12.11-01.47.02:048][  0]LogD3D11RHI: Adapter has 1969MB of dedicated video memory, 0MB of dedicated system memory, and 8161MB of shared system memory, 3 output[s]
[2015.12.11-01.47.02:050][  0]LogD3D11RHI: Found D3D11 adapter 1: Microsoft Basic Render Driver (Feature Level 11_0)
[2015.12.11-01.47.02:050][  0]LogD3D11RHI: Adapter has 0MB of dedicated video memory, 0MB of dedicated system memory, and 8161MB of shared system memory, 0 output[s]
[2015.12.11-01.47.02:050][  0]LogD3D11RHI: Chosen D3D11 Adapter Id = 0
[2015.12.11-01.47.02:054][  0]LogD3D11RHI: !Direct3DDevice
[2015.12.11-01.47.02:054][  0]LogRHI: Texture pool is 1361 MB (70% of 1945 MB)
[2015.12.11-01.47.02:063][  0]LogD3D11RHI: Async texture creation enabled
[2015.12.11-01.47.02:078][  0]LogShaderCompilers: Guid format shader working directory is 14 characters bigger than the processId version (../../../../../../../My Media/UCF Documents/DIG 4725/Game-Files/SuperSpaceArmada/Intermediate/Shaders/WorkingDirectory/34324/).
[2015.12.11-01.47.02:078][  0]LogShaderCompilers: Cleaned the shader compiler working directory '../../../../../../../My Media/UCF Documents/DIG 4725/Game-Files/SuperSpaceArmada/Intermediate/Shaders/tmp/923C14D14807D0553A9F438491FFBC3F/'.
[2015.12.11-01.47.02:078][  0]LogShaderCompilers:Display: Using Local Shader Compiler.
[2015.12.11-01.47.02:830][  0]LogTemp:Display: Loaded TP AllDesktopTargetPlatform
[2015.12.11-01.47.02:834][  0]LogTemp:Display: Loaded TP WindowsClientTargetPlatform
[2015.12.11-01.47.02:838][  0]LogTemp:Display: Loaded TP WindowsNoEditorTargetPlatform
[2015.12.11-01.47.02:842][  0]LogTemp:Display: Loaded TP WindowsServerTargetPlatform
[2015.12.11-01.47.02:845][  0]LogTemp:Display: Loaded TP WindowsTargetPlatform
[2015.12.11-01.47.02:848][  0]LogTemp:Display: Loaded TP AndroidTargetPlatform
[2015.12.11-01.47.02:852][  0]LogTemp:Display: Loaded TP Android_ASTCTargetPlatform
[2015.12.11-01.47.02:855][  0]LogTemp:Display: Loaded TP Android_ATCTargetPlatform
[2015.12.11-01.47.02:858][  0]LogTemp:Display: Loaded TP Android_DXTTargetPlatform
[2015.12.11-01.47.02:861][  0]LogTemp:Display: Loaded TP Android_ETC1TargetPlatform
[2015.12.11-01.47.02:864][  0]LogTemp:Display: Loaded TP Android_ETC2TargetPlatform
[2015.12.11-01.47.02:867][  0]LogTemp:Display: Loaded TP Android_PVRTCTargetPlatform
[2015.12.11-01.47.02:868][  0]LogTemp:Display: Loaded TP HTML5TargetPlatform
[2015.12.11-01.47.02:885][  0]LogTemp:Display: Loaded TP IOSTargetPlatform
[2015.12.11-01.47.02:889][  0]LogTemp:Display: Loaded TP LinuxNoEditorTargetPlatform
[2015.12.11-01.47.02:892][  0]LogTemp:Display: Loaded TP LinuxServerTargetPlatform
[2015.12.11-01.47.02:895][  0]LogTemp:Display: Loaded TP LinuxTargetPlatform
[2015.12.11-01.47.02:895][  0]LogTargetPlatformManager:Display: Building Assets For Windows
[2015.12.11-01.47.02:958][  0]LogDerivedDataCache:Display: Max Cache Size: 512 MB
[2015.12.11-01.47.02:988][  0]LogDerivedDataCache: Loaded boot cache 0.03s 41MB C:/Users/aehrlich92/AppData/Local/UnrealEngine/4.9/DerivedDataCache/Boot.ddc.
[2015.12.11-01.47.02:988][  0]LogDerivedDataCache:Display: Loaded Boot cache: C:/Users/aehrlich92/AppData/Local/UnrealEngine/4.9/DerivedDataCache/Boot.ddc
[2015.12.11-01.47.02:988][  0]LogDerivedDataCache: FDerivedDataBackendGraph:  Pak pak cache file ../../../../../../../My Media/UCF Documents/DIG 4725/Game-Files/SuperSpaceArmada/DerivedDataCache/DDC.ddp not found, will not use a pak cache.
[2015.12.11-01.47.02:988][  0]LogDerivedDataCache: Unable to find inner node Pak for hierarchical cache Hierarchy.
[2015.12.11-01.47.02:988][  0]LogDerivedDataCache: FDerivedDataBackendGraph:  CompressedPak pak cache file ../../../../../../../My Media/UCF Documents/DIG 4725/Game-Files/SuperSpaceArmada/DerivedDataCache/Compressed.ddp not found, will not use a pak cache.
[2015.12.11-01.47.02:988][  0]LogDerivedDataCache: Unable to find inner node CompressedPak for hierarchical cache Hierarchy.
[2015.12.11-01.47.03:085][  0]LogDerivedDataCache:Display: Pak cache opened for reading ../../../Engine/DerivedDataCache/Compressed.ddp.
[2015.12.11-01.47.03:096][  0]LogDerivedDataCache: Using Local data cache path C:/Users/aehrlich92/AppData/Local/UnrealEngine/Common/DerivedDataCache: Writable
[2015.12.11-01.47.03:212][  0]LogInit: Selected Device Profile: [Windows]
[2015.12.11-01.47.03:214][  0]LogContentStreaming: Texture pool size is 0.000000MB
[2015.12.11-01.47.03:297][  0]LogMeshUtilities: No automatic mesh reduction module available
[2015.12.11-01.47.03:297][  0]LogMeshUtilities: No automatic mesh merging module available
[2015.12.11-01.47.03:477][  0]LogInit: WinSock: version 1.1 (2.2), MaxSocks=32767, MaxUdp=65467
[2015.12.11-01.47.03:972][  0]LogAssetRegistry: FAssetRegistry took 0.0107 seconds to start up
[2015.12.11-01.47.03:981][  0]UdpMessaging: Initializing bridge on interface 0.0.0.0:0 to multicast group 230.0.0.1:6666.
[2015.12.11-01.47.04:164][  0]SourceControl: Info Source control is disabled
[2015.12.11-01.47.04:164][  0]SourceControl: Info Source control is disabled
[2015.12.11-01.47.04:174][  0]SourceControl: Info Source control is disabled
[2015.12.11-01.47.04:184][  0]SourceControl: Info Source control is disabled
[2015.12.11-01.47.04:270][  0]LogLinker:Warning: Asset '../../../Engine/Plugins/Runtime/LeapMotionController/Content/LM_PassthroughMaterial.uasset' has been saved with empty engine version. The asset will be loaded but may be incompatible.
[2015.12.11-01.47.04:327][  0]LogObj: 28528 objects as part of root set at end of initial load.
[2015.12.11-01.47.04:327][  0]LogUObjectAllocator: 6068456 out of 0 bytes used by permanent object pool.
[2015.12.11-01.47.04:370][  0]LogEngine: Initializing Engine...
[2015.12.11-01.47.04:372][  0]LogHMD: Can't find Oculus library dev build: is proper Runtime installed? Version: 0.7.0.0
[2015.12.11-01.47.04:373][  0]LogHMD: SteamVR failed to initialize.  Err: 110
[2015.12.11-01.47.04:450][  0]LogAIModule: Creating AISystem for world NewWorld
[2015.12.11-01.47.04:460][  0]LogInit: XAudio2 using 'Speakers (Realtek High Definition Audio)' : 8 channels at 48 kHz using 32 bits per sample (channel mask 0x63f)
[2015.12.11-01.47.04:470][  0]LogInit: FAudioDevice initialized.
[2015.12.11-01.47.04:485][  0]LogDerivedDataCache: Saved boot cache 0.02s 41MB C:/Users/aehrlich92/AppData/Local/UnrealEngine/4.9/DerivedDataCache/Boot.ddc.
[2015.12.11-01.47.04:488][  0]LogInit: Texture streaming: Enabled
[2015.12.11-01.47.04:492][  0]LogAnalytics: Creating configured Analytics provider AnalyticsET
[2015.12.11-01.47.04:492][  0]LogAnalytics: [UEEditor.Rocket.Release] APIServer = http://et2.epicgames.com/ET2/. AppVersion = 4.9.1-2689999+++depot+UE4-Releases+4.9
[2015.12.11-01.47.04:492][  0]LogAnalytics: [UEEditor.Rocket.Release] SetUserId 7bdbd2584788e6e37f918c9187bab22c|b300224d71e64562a5bff06c2aaa78f8|45aed112-7b58-41bf-9eba-b8dcb7f9dd12
[2015.12.11-01.47.04:492][  0]LogAnalytics: [UEEditor.Rocket.Release] AnalyticsET::StartSession
[2015.12.11-01.47.04:529][  0]LogInit: Transaction tracking system initialized
[2015.12.11-01.47.04:550][  0]BlueprintLog: New page: Editor Load
[2015.12.11-01.47.04:607][  0]LocalizationService: Info Localization service is disabled
[2015.12.11-01.47.04:667][  0]LogConsoleResponse:Display: 
[2015.12.11-01.47.04:747][  0]LogCook:Display: Done creating registry. It took  0.00s.
[2015.12.11-01.47.04:784][  0]LogFileCache: Scanning file cache for directory 'F:/My Media/UCF Documents/DIG 4725/Game-Files/SuperSpaceArmada/Content/' took 0.02s
[2015.12.11-01.47.04:784][  0]SourceControl: Info Source control is disabled
[2015.12.11-01.47.04:785][  0]Cmd: MAP LOAD FILE="../../../../../../../My Media/UCF Documents/DIG 4725/Game-Files/SuperSpaceArmada/Content/SSA/Maps/Home_Kratakos.umap" TEMPLATE=0 SHOWPROGRESS=1 FEATURELEVEL=3
[2015.12.11-01.47.04:785][  0]LightingResults: New page: Lighting Build
[2015.12.11-01.47.04:786][  0]MapCheck: New page: Map Check
[2015.12.11-01.47.04:786][  0]LightingResults: New page: Lighting Build
[2015.12.11-01.47.04:795][  0]LogParticles: Destroying 0 GPU particle simulations for FXSystem 0x0000005031BDC400
[2015.12.11-01.47.04:847][  0]LogLinker:Warning: Asset '../../../../../../../My Media/UCF Documents/DIG 4725/Game-Files/SuperSpaceArmada/Content/Mannequin/Animations/ThirdPerson_AnimBP.uasset' has been saved with empty engine version. The asset will be loaded but may be incompatible.
[2015.12.11-01.47.04:848][  0]LogLinker:Warning: Asset '../../../../../../../My Media/UCF Documents/DIG 4725/Game-Files/SuperSpaceArmada/Content/Mannequin/Animations/ThirdPerson_Jump.uasset' has been saved with empty engine version. The asset will be loaded but may be incompatible.
[2015.12.11-01.47.04:849][  0]LogLinker:Warning: Asset '../../../../../../../My Media/UCF Documents/DIG 4725/Game-Files/SuperSpaceArmada/Content/Mannequin/Animations/ThirdPersonJump_Loop.uasset' has been saved with empty engine version. The asset will be loaded but may be incompatible.
[2015.12.11-01.47.04:850][  0]LogLinker:Warning: Asset '../../../../../../../My Media/UCF Documents/DIG 4725/Game-Files/SuperSpaceArmada/Content/Mannequin/Animations/ThirdPersonJump_Start.uasset' has been saved with empty engine version. The asset will be loaded but may be incompatible.
[2015.12.11-01.47.04:850][  0]LogLinker:Warning: Asset '../../../../../../../My Media/UCF Documents/DIG 4725/Game-Files/SuperSpaceArmada/Content/Mannequin/Animations/ThirdPerson_IdleRun_2D.uasset' has been saved with empty engine version. The asset will be loaded but may be incompatible.
[2015.12.11-01.47.04:851][  0]LogLinker:Warning: Asset '../../../../../../../My Media/UCF Documents/DIG 4725/Game-Files/SuperSpaceArmada/Content/Mannequin/Animations/ThirdPersonIdle.uasset' has been saved with empty engine version. The asset will be loaded but may be incompatible.
[2015.12.11-01.47.04:851][  0]LogLinker:Warning: Asset '../../../../../../../My Media/UCF Documents/DIG 4725/Game-Files/SuperSpaceArmada/Content/Mannequin/Animations/ThirdPersonRun.uasset' has been saved with empty engine version. The asset will be loaded but may be incompatible.
[2015.12.11-01.47.04:852][  0]LogLinker:Warning: Asset '../../../../../../../My Media/UCF Documents/DIG 4725/Game-Files/SuperSpaceArmada/Content/Mannequin/Animations/ThirdPersonWalk.uasset' has been saved with empty engine version. The asset will be loaded but may be incompatible.
[2015.12.11-01.47.08:973][  0]LogAIModule: Creating AISystem for world Home_Kratakos
[2015.12.11-01.47.08:978][  0]LogEditorServer: Finished looking for orphan Actors (0.000 secs)
[2015.12.11-01.47.08:978][  0]Cmd: MAP CHECKDEP NOCLEARLOG
[2015.12.11-01.47.09:072][  0]MapCheck: Info Map check complete: 0 Error(s), 0 Warning(s), took 92.278ms to complete.
[2015.12.11-01.47.09:072][  0]LogFileHelpers: Loading map 'Home_Kratakos' took 4.287
[2015.12.11-01.47.09:199][  0]LogCollectionManager: Loaded 0 collections in 0.001026 seconds
[2015.12.11-01.47.09:237][  0]LogFileCache: Scanning file cache for directory 'F:/My Media/UCF Documents/DIG 4725/Game-Files/SuperSpaceArmada/Saved/Collections/' took 0.01s
[2015.12.11-01.47.09:237][  0]LogFileCache: Scanning file cache for directory 'F:/My Media/UCF Documents/DIG 4725/Game-Files/SuperSpaceArmada/Content/Developers/aehrlich92/Collections/' took 0.01s
[2015.12.11-01.47.09:237][  0]LogFileCache: Scanning file cache for directory 'F:/My Media/UCF Documents/DIG 4725/Game-Files/SuperSpaceArmada/Content/Collections/' took 0.01s
[2015.12.11-01.47.09:237][  0]LogContentBrowser: Native class hierarchy populated in 0.0053 seconds. Added 1882 classes and 339 folders.
[2015.12.11-01.47.09:252][  0]LogCollectionManager: Rebuilt the GUID cache for 0 collections in 0.000002 seconds
[2015.12.11-01.47.09:256][  0]LogContentBrowser: Native class hierarchy updated for 'WidgetCarousel' in 0.0002 seconds. Added 0 classes and 0 folders.
[2015.12.11-01.47.09:283][  0]LogContentBrowser: Native class hierarchy updated for 'AddContentDialog' in 0.0002 seconds. Added 0 classes and 0 folders.
[2015.12.11-01.47.09:285][  0]LogContentBrowser: Native class hierarchy updated for 'SceneOutliner' in 0.0002 seconds. Added 1 classes and 2 folders.
[2015.12.11-01.47.09:311][  0]LogCrashTracker: Crashtracker disabled due to settings.
[2015.12.11-01.47.09:314][  0]LogUObjectGlobals:Warning: Failed to find object 'Class None.'
[2015.12.11-01.47.09:337][  0]LogLoad: Full Startup: 8.30 seconds (BP compile: 1.37 seconds)
[2015.12.11-01.47.09:346][  0]LoadErrors:Error: Error /Game/SSA/Blueprints/Player : Failed import for Player_C /Game/SSA/Blueprints/Player/Player.Default__Player_C
[2015.12.11-01.47.09:389][  0]LogContentStreaming: Texture pool size now 1000 MB
[2015.12.11-01.47.09:498][  0]LogRenderer: Reallocating scene render targets to support 1208x600 (Frame:2).
[2015.12.11-01.47.10:304][ 22]LogAssetRegistry: Asset discovery search completed in 6.3434 seconds
[2015.12.11-01.47.10:304][ 22]LogCollectionManager: Rebuilt the object cache for 0 collections in 0.000000 seconds (found 0 objects)
[2015.12.11-01.47.10:304][ 22]LogCollectionManager: Fixed up redirectors for 0 collections in 0.000017 seconds (updated 0 objects)
[2015.12.11-01.47.12:439][224]LogLinker:Warning: Asset '../../../Engine/Content/ArtTools/RenderToTexture/Macros/RenderToTextureMacros.uasset' has been saved with empty engine version. The asset will be loaded but may be incompatible.
[2015.12.11-01.47.12:819][224]LogContentBrowser: Native class hierarchy updated for 'BlueprintGraph' in 0.0005 seconds. Added 107 classes and 0 folders.
[2015.12.11-01.47.18:602][869]LogAIModule: Creating AISystem for world Menu
[2015.12.11-01.47.18:606][869]LogActorComponent: UnregisterComponent: (/Engine/Transient.CharMoveComp) Not registered. Aborting.
[2015.12.11-01.47.18:606][869]LogActorComponent: UnregisterComponent: (/Engine/Transient.CharacterMovementComponent_0) Not registered. Aborting.
[2015.12.11-01.47.18:606][869]LogActorComponent: UnregisterComponent: (/Engine/Transient.CharacterMovementComponent_1) Not registered. Aborting.
[2015.12.11-01.47.18:744][869]Cmd: MAP LOAD FILE="../../../../../../../My Media/UCF Documents/DIG 4725/Game-Files/SuperSpaceArmada/Content/SSA/Maps/Menu.umap" TEMPLATE=0 SHOWPROGRESS=1 FEATURELEVEL=3
[2015.12.11-01.47.18:744][869]LightingResults: New page: Lighting Build
[2015.12.11-01.47.18:759][869]LoadErrors: New page: Loading map: Menu.umap
[2015.12.11-01.47.18:760][869]MapCheck: New page: Map Check
[2015.12.11-01.47.18:760][869]LightingResults: New page: Lighting Build
[2015.12.11-01.47.18:779][869]LogParticles: Destroying 0 GPU particle simulations for FXSystem 0x000000504C08F4C0
[2015.12.11-01.47.18:786][869]LogEditorServer: Finished looking for orphan Actors (0.000 secs)
[2015.12.11-01.47.18:846][869]Cmd: MAP CHECKDEP NOCLEARLOG
[2015.12.11-01.47.18:936][869]MapCheck: Info Map check complete: 0 Error(s), 0 Warning(s), took 90.17ms to complete.
[2015.12.11-01.47.18:936][869]LogFileHelpers: Loading map 'Menu' took 0.193
[2015.12.11-01.47.25:445][645]LogActorComponent: UnregisterComponent: (/Engine/Transient.CharMoveComp) Not registered. Aborting.
[2015.12.11-01.47.25:445][645]LogActorComponent: UnregisterComponent: (/Engine/Transient.CharacterMovementComponent_2) Not registered. Aborting.
[2015.12.11-01.47.25:446][645]LogActorComponent: UnregisterComponent: (/Engine/Transient.CharacterMovementComponent_3) Not registered. Aborting.
[2015.12.11-01.47.25:706][645]LogSavePackage: Save=170.250473ms
[2015.12.11-01.47.25:706][645]LogSavePackage: Moving '../../../../../../../My Media/UCF Documents/DIG 4725/Game-Files/SuperSpaceArmada/Saved/MainMenu1D8C544445D3ADFFF23DFFB073E12E35.tmp' to '../../../../../../../My Media/UCF Documents/DIG 4725/Game-Files/SuperSpaceArmada/Content/SSA/Blueprints/Menues/MainMenu.uasset'
[2015.12.11-01.47.25:708][645]LogSavePackage: Total save time: 179.344136ms
[2015.12.11-01.47.25:708][645]LogSavePackage:Warning: Finished SavePackage ../../../../../../../My Media/UCF Documents/DIG 4725/Game-Files/SuperSpaceArmada/Content/SSA/Blueprints/Menues/MainMenu.uasset
[2015.12.11-01.47.26:225][707]BlueprintLog: New page: Compile MainMenu
[2015.12.11-01.47.26:478][707]BlueprintEditorCompileResults: Info [0025.44] Compile of MainMenu successful! [in 252 ms]
[2015.12.11-01.47.27:047][770]LogBlueprintUserMessages: Early PlayInEditor Detection: Level '/Game/SSA/Maps/Menu.Menu:PersistentLevel' has LevelScriptBlueprint '/Game/SSA/Maps/Menu.Menu:PersistentLevel.Menu' with GeneratedClass '/Game/SSA/Maps/Menu.Menu_C' with ClassGeneratedBy '/Game/SSA/Maps/Menu.Menu:PersistentLevel.Menu'
[2015.12.11-01.47.27:047][770]LogPlayLevel: PlayLevel: No blueprints needed recompiling
[2015.12.11-01.47.27:047][770]PIE: New page: PIE session: Menu (Dec 10, 2015, 3:47:27 PM)
[2015.12.11-01.47.27:047][770]LogPlayLevel: Creating play world package: /Game/SSA/Maps/UEDPIE_0_Menu
[2015.12.11-01.47.27:049][770]LogPlayLevel: PIE: StaticDuplicateObject took: (0.001943s)
[2015.12.11-01.47.27:050][770]LogAIModule: Creating AISystem for world Menu
[2015.12.11-01.47.27:050][770]LogPlayLevel: PIE: World Init took: (0.000380s)
[2015.12.11-01.47.27:050][770]LogPlayLevel: PIE: Created PIE world by copying editor world from /Game/SSA/Maps/Menu.Menu to /Game/SSA/Maps/UEDPIE_0_Menu.Menu (0.002464s)
[2015.12.11-01.47.27:083][770]LogInit: XAudio2 using 'Speakers (Realtek High Definition Audio)' : 8 channels at 48 kHz using 32 bits per sample (channel mask 0x63f)
[2015.12.11-01.47.27:092][770]LogInit: FAudioDevice initialized.
[2015.12.11-01.47.27:179][770]LogWorld: Game class is 'TopDownGameMode_C'
[2015.12.11-01.47.27:180][770]LogWorld: Bringing World /Game/SSA/Maps/UEDPIE_0_Menu.Menu up for play (max tick rate 0) at 2015.12.10-20.47.27
[2015.12.11-01.47.27:180][770]LogActor:Warning: GameSession /Game/SSA/Maps/UEDPIE_0_Menu.Menu:PersistentLevel.GameSession_0 has natively added scene component(s), but none of them were set as the actor's RootComponent - picking one arbitrarily
[2015.12.11-01.47.27:181][770]LogActor:Warning: GameNetworkManager /Game/SSA/Maps/UEDPIE_0_Menu.Menu:PersistentLevel.GameNetworkManager_0 has natively added scene component(s), but none of them were set as the actor's RootComponent - picking one arbitrarily
[2015.12.11-01.47.27:181][770]LogWorld: Bringing up level for play took: 0.000875
[2015.12.11-01.47.27:181][770]LogGameMode: Warning - PATHS NOT DEFINED or NO PLAYERSTART with positive rating
[2015.12.11-01.47.27:189][770]PIE: Info Play in editor start time for /Game/SSA/Maps/UEDPIE_0_Menu 0.1
[2015.12.11-01.47.27:189][770]LogBlueprintUserMessages: Late PlayInEditor Detection: Level '/Game/SSA/Maps/Menu.Menu:PersistentLevel' has LevelScriptBlueprint '/Game/SSA/Maps/Menu.Menu:PersistentLevel.Menu' with GeneratedClass '/Game/SSA/Maps/Menu.Menu_C' with ClassGeneratedBy '/Game/SSA/Maps/Menu.Menu:PersistentLevel.Menu'
[2015.12.11-01.47.27:197][771]LogRenderer: Reallocating scene render targets to support 1280x720 (Frame:569).
[2015.12.11-01.47.30:964][220]LogBlueprintUserMessages: Early EndPlayMap Detection: Level '/Game/SSA/Maps/Menu.Menu:PersistentLevel' has LevelScriptBlueprint '/Game/SSA/Maps/Menu.Menu:PersistentLevel.Menu' with GeneratedClass '/Game/SSA/Maps/Menu.Menu_C' with ClassGeneratedBy '/Game/SSA/Maps/Menu.Menu:PersistentLevel.Menu'
[2015.12.11-01.47.31:029][220]LogBlueprintUserMessages: Late EndPlayMap Detection: Level '/Game/SSA/Maps/Menu.Menu:PersistentLevel' has LevelScriptBlueprint '/Game/SSA/Maps/Menu.Menu:PersistentLevel.Menu' with GeneratedClass '/Game/SSA/Maps/Menu.Menu_C' with ClassGeneratedBy '/Game/SSA/Maps/Menu.Menu:PersistentLevel.Menu'
[2015.12.11-01.47.31:053][220]LogParticles: Destroying 0 GPU particle simulations for FXSystem 0x000000500AF44360
[2015.12.11-01.50.21:337][594]LogSavePackage: Save=166.784164ms
[2015.12.11-01.50.21:337][594]LogSavePackage: Moving '../../../../../../../My Media/UCF Documents/DIG 4725/Game-Files/SuperSpaceArmada/Saved/MainMenu0B81C775420CD0EF192BA98E455DAA0D.tmp' to '../../../../../../../My Media/UCF Documents/DIG 4725/Game-Files/SuperSpaceArmada/Content/SSA/Blueprints/Menues/MainMenu.uasset'
[2015.12.11-01.50.21:338][594]LogSavePackage: Total save time: 175.647441ms
[2015.12.11-01.50.21:339][594]LogSavePackage:Warning: Finished SavePackage ../../../../../../../My Media/UCF Documents/DIG 4725/Game-Files/SuperSpaceArmada/Content/SSA/Blueprints/Menues/MainMenu.uasset
[2015.12.11-01.50.42:549][ 66]LogBlueprintUserMessages: CustomizeDetails for Blueprint 'MainMenu', cached variable property's owner is '/Game/SSA/Blueprints/Menues/MainMenu.SKEL_MainMenu_C'
[2015.12.11-01.50.43:232][131]LogBlueprintUserMessages: CustomizeDetails for Blueprint 'MainMenu', cached variable property's owner is '/Game/SSA/Blueprints/Menues/MainMenu.SKEL_MainMenu_C'
[2015.12.11-01.50.43:769][190]LogBlueprintUserMessages: CustomizeDetails for Blueprint 'MainMenu', cached variable property's owner is '/Game/SSA/Blueprints/Menues/MainMenu.SKEL_MainMenu_C'
[2015.12.11-01.50.43:779][191]LogBlueprintUserMessages: CustomizeDetails for Blueprint 'MainMenu', cached variable property's owner is '/Game/SSA/Blueprints/Menues/MainMenu.SKEL_MainMenu_C'
[2015.12.11-01.50.48:503][698]LogSavePackage: Save=163.918655ms
[2015.12.11-01.50.48:503][698]LogSavePackage: Moving '../../../../../../../My Media/UCF Documents/DIG 4725/Game-Files/SuperSpaceArmada/Saved/MainMenu0812778948CF47A10A04CC99C3FFFCF5.tmp' to '../../../../../../../My Media/UCF Documents/DIG 4725/Game-Files/SuperSpaceArmada/Content/SSA/Blueprints/Menues/MainMenu.uasset'
[2015.12.11-01.50.48:504][698]LogSavePackage: Total save time: 170.869846ms
[2015.12.11-01.50.48:504][698]LogSavePackage:Warning: Finished SavePackage ../../../../../../../My Media/UCF Documents/DIG 4725/Game-Files/SuperSpaceArmada/Content/SSA/Blueprints/Menues/MainMenu.uasset
[2015.12.11-01.50.48:952][751]BlueprintLog: New page: Compile MainMenu
[2015.12.11-01.50.49:088][751]BlueprintEditorCompileResults: Info [0228.05] Compile of MainMenu successful! [in 136 ms]
[2015.12.11-01.50.49:810][831]LogBlueprintUserMessages: Early PlayInEditor Detection: Level '/Game/SSA/Maps/Menu.Menu:PersistentLevel' has LevelScriptBlueprint '/Game/SSA/Maps/Menu.Menu:PersistentLevel.Menu' with GeneratedClass '/Game/SSA/Maps/Menu.Menu_C' with ClassGeneratedBy '/Game/SSA/Maps/Menu.Menu:PersistentLevel.Menu'
[2015.12.11-01.50.49:810][831]LogPlayLevel: PlayLevel: No blueprints needed recompiling
[2015.12.11-01.50.49:810][831]PIE: New page: PIE session: Menu (Dec 10, 2015, 3:50:49 PM)
[2015.12.11-01.50.49:810][831]LogPlayLevel: Creating play world package: /Game/SSA/Maps/UEDPIE_0_Menu
[2015.12.11-01.50.49:812][831]LogPlayLevel: PIE: StaticDuplicateObject took: (0.001970s)
[2015.12.11-01.50.49:812][831]LogAIModule: Creating AISystem for world Menu
[2015.12.11-01.50.49:812][831]LogPlayLevel: PIE: World Init took: (0.000421s)
[2015.12.11-01.50.49:812][831]LogPlayLevel: PIE: Created PIE world by copying editor world from /Game/SSA/Maps/Menu.Menu to /Game/SSA/Maps/UEDPIE_0_Menu.Menu (0.002527s)
[2015.12.11-01.50.49:847][831]LogInit: XAudio2 using 'Speakers (Realtek High Definition Audio)' : 8 channels at 48 kHz using 32 bits per sample (channel mask 0x63f)
[2015.12.11-01.50.49:854][831]LogInit: FAudioDevice initialized.
[2015.12.11-01.50.49:919][831]LogWorld: Game class is 'TopDownGameMode_C'
[2015.12.11-01.50.49:921][831]LogWorld: Bringing World /Game/SSA/Maps/UEDPIE_0_Menu.Menu up for play (max tick rate 0) at 2015.12.10-20.50.49
[2015.12.11-01.50.49:921][831]LogActor:Warning: GameSession /Game/SSA/Maps/UEDPIE_0_Menu.Menu:PersistentLevel.GameSession_1 has natively added scene component(s), but none of them were set as the actor's RootComponent - picking one arbitrarily
[2015.12.11-01.50.49:921][831]LogActor:Warning: GameNetworkManager /Game/SSA/Maps/UEDPIE_0_Menu.Menu:PersistentLevel.GameNetworkManager_1 has natively added scene component(s), but none of them were set as the actor's RootComponent - picking one arbitrarily
[2015.12.11-01.50.49:921][831]LogWorld: Bringing up level for play took: 0.001082
[2015.12.11-01.50.49:922][831]LogGameMode: Warning - PATHS NOT DEFINED or NO PLAYERSTART with positive rating
[2015.12.11-01.50.49:956][831]PIE: Info Play in editor start time for /Game/SSA/Maps/UEDPIE_0_Menu 0.868
[2015.12.11-01.50.49:956][831]LogBlueprintUserMessages: Late PlayInEditor Detection: Level '/Game/SSA/Maps/Menu.Menu:PersistentLevel' has LevelScriptBlueprint '/Game/SSA/Maps/Menu.Menu:PersistentLevel.Menu' with GeneratedClass '/Game/SSA/Maps/Menu.Menu_C' with ClassGeneratedBy '/Game/SSA/Maps/Menu.Menu:PersistentLevel.Menu'
[2015.12.11-01.51.03:308][395]LogBlueprintUserMessages: Early EndPlayMap Detection: Level '/Game/SSA/Maps/Menu.Menu:PersistentLevel' has LevelScriptBlueprint '/Game/SSA/Maps/Menu.Menu:PersistentLevel.Menu' with GeneratedClass '/Game/SSA/Maps/Menu.Menu_C' with ClassGeneratedBy '/Game/SSA/Maps/Menu.Menu:PersistentLevel.Menu'
[2015.12.11-01.51.03:338][395]LogBlueprintUserMessages: Late EndPlayMap Detection: Level '/Game/SSA/Maps/Menu.Menu:PersistentLevel' has LevelScriptBlueprint '/Game/SSA/Maps/Menu.Menu:PersistentLevel.Menu' with GeneratedClass '/Game/SSA/Maps/Menu.Menu_C' with ClassGeneratedBy '/Game/SSA/Maps/Menu.Menu:PersistentLevel.Menu'
[2015.12.11-01.51.03:361][395]LogParticles: Destroying 0 GPU particle simulations for FXSystem 0x00000050401B58A0
[2015.12.11-01.51.40:364][673]LogProperty:Warning: ObjectProperty /Script/Engine.EdGraphPin:LinkedTo.LinkedTo: unresolved reference to 'EdGraphPin'K2Node_CallFunction_16238.EdGraphPin_66553''
[2015.12.11-01.51.40:364][673]LogProperty:Warning: ObjectProperty /Script/Engine.EdGraphPin:LinkedTo.LinkedTo: unresolved reference to 'EdGraphPin'K2Node_VariableGet_1897.EdGraphPin_11397''
[2015.12.11-01.51.40:365][673]LogProperty:Warning: ObjectProperty /Script/Engine.EdGraphPin:LinkedTo.LinkedTo: unresolved reference to 'EdGraphPin'K2Node_CallFunction_7005.EdGraphPin_66574''
[2015.12.11-01.51.40:365][673]LogProperty:Warning: ObjectProperty /Script/Engine.EdGraphPin:LinkedTo.LinkedTo: unresolved reference to 'EdGraphPin'K2Node_VariableGet_5204.EdGraphPin_11514''
[2015.12.11-01.51.40:365][673]LogProperty:Warning: ObjectProperty /Script/Engine.EdGraphPin:LinkedTo.LinkedTo: unresolved reference to 'EdGraphPin'K2Node_CallFunction_7413.EdGraphPin_99423''
[2015.12.11-01.51.40:365][673]LogProperty:Warning: ObjectProperty /Script/Engine.EdGraphPin:LinkedTo.LinkedTo: unresolved reference to 'EdGraphPin'K2Node_VariableGet_1428.EdGraphPin_11541''
[2015.12.11-01.51.40:365][673]LogProperty:Warning: ObjectProperty /Script/Engine.EdGraphPin:LinkedTo.LinkedTo: unresolved reference to 'EdGraphPin'K2Node_VariableGet_1400.EdGraphPin_99430''
[2015.12.11-01.51.44:005][ 99]LogBlueprintUserMessages: CustomizeDetails for Blueprint 'MainMenu', cached variable property's owner is '/Game/SSA/Blueprints/Menues/MainMenu.SKEL_MainMenu_C'
[2015.12.11-01.51.45:644][295]LogBlueprintUserMessages: CustomizeDetails for Blueprint 'MainMenu', cached variable property's owner is '/Game/SSA/Blueprints/Menues/MainMenu.SKEL_MainMenu_C'
[2015.12.11-01.51.47:111][470]LogBlueprintUserMessages: CustomizeDetails for Blueprint 'MainMenu', cached variable property's owner is '/Game/SSA/Blueprints/Menues/MainMenu.SKEL_MainMenu_C'
[2015.12.11-01.51.49:166][716]LogBlueprintUserMessages: CustomizeDetails for Blueprint 'MainMenu', cached variable property's owner is '/Game/SSA/Blueprints/Menues/MainMenu.SKEL_MainMenu_C'
[2015.12.11-01.52.26:536][ 49]LogSavePackage: Save=167.598038ms
[2015.12.11-01.52.26:536][ 49]LogSavePackage: Moving '../../../../../../../My Media/UCF Documents/DIG 4725/Game-Files/SuperSpaceArmada/Saved/MainMenu04A0F2D348FE7B4BBB1844AD6B2C87C5.tmp' to '../../../../../../../My Media/UCF Documents/DIG 4725/Game-Files/SuperSpaceArmada/Content/SSA/Blueprints/Menues/MainMenu.uasset'
[2015.12.11-01.52.26:538][ 49]LogSavePackage: Total save time: 175.592482ms
[2015.12.11-01.52.26:538][ 49]LogSavePackage:Warning: Finished SavePackage ../../../../../../../My Media/UCF Documents/DIG 4725/Game-Files/SuperSpaceArmada/Content/SSA/Blueprints/Menues/MainMenu.uasset
[2015.12.11-01.52.26:967][ 95]BlueprintLog: New page: Compile MainMenu
[2015.12.11-01.52.27:225][ 95]BlueprintEditorCompileResults: Info [0326.18] Compile of MainMenu successful! [in 258 ms]
[2015.12.11-01.52.27:960][160]LogBlueprintUserMessages: Early PlayInEditor Detection: Level '/Game/SSA/Maps/Menu.Menu:PersistentLevel' has LevelScriptBlueprint '/Game/SSA/Maps/Menu.Menu:PersistentLevel.Menu' with GeneratedClass '/Game/SSA/Maps/Menu.Menu_C' with ClassGeneratedBy '/Game/SSA/Maps/Menu.Menu:PersistentLevel.Menu'
[2015.12.11-01.52.27:960][160]LogPlayLevel: PlayLevel: No blueprints needed recompiling
[2015.12.11-01.52.27:960][160]PIE: New page: PIE session: Menu (Dec 10, 2015, 3:52:27 PM)
[2015.12.11-01.52.27:960][160]LogPlayLevel: Creating play world package: /Game/SSA/Maps/UEDPIE_0_Menu
[2015.12.11-01.52.27:963][160]LogPlayLevel: PIE: StaticDuplicateObject took: (0.002716s)
[2015.12.11-01.52.27:963][160]LogAIModule: Creating AISystem for world Menu
[2015.12.11-01.52.27:964][160]LogPlayLevel: PIE: World Init took: (0.000514s)
[2015.12.11-01.52.27:964][160]LogPlayLevel: PIE: Created PIE world by copying editor world from /Game/SSA/Maps/Menu.Menu to /Game/SSA/Maps/UEDPIE_0_Menu.Menu (0.003453s)
[2015.12.11-01.52.27:996][160]LogInit: XAudio2 using 'Speakers (Realtek High Definition Audio)' : 8 channels at 48 kHz using 32 bits per sample (channel mask 0x63f)
[2015.12.11-01.52.28:002][160]LogInit: FAudioDevice initialized.
[2015.12.11-01.52.28:068][160]LogWorld: Game class is 'TopDownGameMode_C'
[2015.12.11-01.52.28:070][160]LogWorld: Bringing World /Game/SSA/Maps/UEDPIE_0_Menu.Menu up for play (max tick rate 0) at 2015.12.10-20.52.28
[2015.12.11-01.52.28:070][160]LogActor:Warning: GameSession /Game/SSA/Maps/UEDPIE_0_Menu.Menu:PersistentLevel.GameSession_2 has natively added scene component(s), but none of them were set as the actor's RootComponent - picking one arbitrarily
[2015.12.11-01.52.28:070][160]LogActor:Warning: GameNetworkManager /Game/SSA/Maps/UEDPIE_0_Menu.Menu:PersistentLevel.GameNetworkManager_2 has natively added scene component(s), but none of them were set as the actor's RootComponent - picking one arbitrarily
[2015.12.11-01.52.28:070][160]LogWorld: Bringing up level for play took: 0.000753
[2015.12.11-01.52.28:070][160]LogGameMode: Warning - PATHS NOT DEFINED or NO PLAYERSTART with positive rating
[2015.12.11-01.52.28:108][160]PIE: Info Play in editor start time for /Game/SSA/Maps/UEDPIE_0_Menu 1.02
[2015.12.11-01.52.28:108][160]LogBlueprintUserMessages: Late PlayInEditor Detection: Level '/Game/SSA/Maps/Menu.Menu:PersistentLevel' has LevelScriptBlueprint '/Game/SSA/Maps/Menu.Menu:PersistentLevel.Menu' with GeneratedClass '/Game/SSA/Maps/Menu.Menu_C' with ClassGeneratedBy '/Game/SSA/Maps/Menu.Menu:PersistentLevel.Menu'
[2015.12.11-01.52.29:129][230]LogBlueprintUserMessages: Early EndPlayMap Detection: Level '/Game/SSA/Maps/Menu.Menu:PersistentLevel' has LevelScriptBlueprint '/Game/SSA/Maps/Menu.Menu:PersistentLevel.Menu' with GeneratedClass '/Game/SSA/Maps/Menu.Menu_C' with ClassGeneratedBy '/Game/SSA/Maps/Menu.Menu:PersistentLevel.Menu'
[2015.12.11-01.52.29:192][230]LogBlueprintUserMessages: Late EndPlayMap Detection: Level '/Game/SSA/Maps/Menu.Menu:PersistentLevel' has LevelScriptBlueprint '/Game/SSA/Maps/Menu.Menu:PersistentLevel.Menu' with GeneratedClass '/Game/SSA/Maps/Menu.Menu_C' with ClassGeneratedBy '/Game/SSA/Maps/Menu.Menu:PersistentLevel.Menu'
[2015.12.11-01.52.29:220][230]LogParticles: Destroying 0 GPU particle simulations for FXSystem 0x0000005040A63D80
[2015.12.11-01.52.32:081][527]LogBlueprintUserMessages: Early PlayInEditor Detection: Level '/Game/SSA/Maps/Menu.Menu:PersistentLevel' has LevelScriptBlueprint '/Game/SSA/Maps/Menu.Menu:PersistentLevel.Menu' with GeneratedClass '/Game/SSA/Maps/Menu.Menu_C' with ClassGeneratedBy '/Game/SSA/Maps/Menu.Menu:PersistentLevel.Menu'
[2015.12.11-01.52.32:081][527]LogPlayLevel: PlayLevel: No blueprints needed recompiling
[2015.12.11-01.52.32:081][527]PIE: New page: PIE session: Menu (Dec 10, 2015, 3:52:32 PM)
[2015.12.11-01.52.32:081][527]LogPlayLevel: Creating play world package: /Game/SSA/Maps/UEDPIE_0_Menu
[2015.12.11-01.52.32:083][527]LogPlayLevel: PIE: StaticDuplicateObject took: (0.001899s)
[2015.12.11-01.52.32:083][527]LogAIModule: Creating AISystem for world Menu
[2015.12.11-01.52.32:083][527]LogPlayLevel: PIE: World Init took: (0.000370s)
[2015.12.11-01.52.32:083][527]LogPlayLevel: PIE: Created PIE world by copying editor world from /Game/SSA/Maps/Menu.Menu to /Game/SSA/Maps/UEDPIE_0_Menu.Menu (0.002399s)
[2015.12.11-01.52.32:118][527]LogInit: XAudio2 using 'Speakers (Realtek High Definition Audio)' : 8 channels at 48 kHz using 32 bits per sample (channel mask 0x63f)
[2015.12.11-01.52.32:125][527]LogInit: FAudioDevice initialized.
[2015.12.11-01.52.32:189][527]LogWorld: Game class is 'TopDownGameMode_C'
[2015.12.11-01.52.32:191][527]LogWorld: Bringing World /Game/SSA/Maps/UEDPIE_0_Menu.Menu up for play (max tick rate 0) at 2015.12.10-20.52.32
[2015.12.11-01.52.32:191][527]LogActor:Warning: GameSession /Game/SSA/Maps/UEDPIE_0_Menu.Menu:PersistentLevel.GameSession_3 has natively added scene component(s), but none of them were set as the actor's RootComponent - picking one arbitrarily
[2015.12.11-01.52.32:191][527]LogActor:Warning: GameNetworkManager /Game/SSA/Maps/UEDPIE_0_Menu.Menu:PersistentLevel.GameNetworkManager_3 has natively added scene component(s), but none of them were set as the actor's RootComponent - picking one arbitrarily
[2015.12.11-01.52.32:191][527]LogWorld: Bringing up level for play took: 0.000761
[2015.12.11-01.52.32:191][527]LogGameMode: Warning - PATHS NOT DEFINED or NO PLAYERSTART with positive rating
[2015.12.11-01.52.32:222][527]PIE: Info Play in editor start time for /Game/SSA/Maps/UEDPIE_0_Menu 1.134
[2015.12.11-01.52.32:222][527]LogBlueprintUserMessages: Late PlayInEditor Detection: Level '/Game/SSA/Maps/Menu.Menu:PersistentLevel' has LevelScriptBlueprint '/Game/SSA/Maps/Menu.Menu:PersistentLevel.Menu' with GeneratedClass '/Game/SSA/Maps/Menu.Menu_C' with ClassGeneratedBy '/Game/SSA/Maps/Menu.Menu:PersistentLevel.Menu'
[2015.12.11-01.52.49:337][756]LogBlueprintUserMessages: Early EndPlayMap Detection: Level '/Game/SSA/Maps/Menu.Menu:PersistentLevel' has LevelScriptBlueprint '/Game/SSA/Maps/Menu.Menu:PersistentLevel.Menu' with GeneratedClass '/Game/SSA/Maps/Menu.Menu_C' with ClassGeneratedBy '/Game/SSA/Maps/Menu.Menu:PersistentLevel.Menu'
[2015.12.11-01.52.49:397][756]LogBlueprintUserMessages: Late EndPlayMap Detection: Level '/Game/SSA/Maps/Menu.Menu:PersistentLevel' has LevelScriptBlueprint '/Game/SSA/Maps/Menu.Menu:PersistentLevel.Menu' with GeneratedClass '/Game/SSA/Maps/Menu.Menu_C' with ClassGeneratedBy '/Game/SSA/Maps/Menu.Menu:PersistentLevel.Menu'
[2015.12.11-01.52.49:422][756]LogParticles: Destroying 0 GPU particle simulations for FXSystem 0x0000005042E07740
[2015.12.11-01.53.11:335][976]LogSavePackage: Save=167.628906ms
[2015.12.11-01.53.11:335][976]LogSavePackage: Moving '../../../../../../../My Media/UCF Documents/DIG 4725/Game-Files/SuperSpaceArmada/Saved/MainMenuD12C3EDA403728BA8E4323AD20ECB29D.tmp' to '../../../../../../../My Media/UCF Documents/DIG 4725/Game-Files/SuperSpaceArmada/Content/SSA/Blueprints/Menues/MainMenu.uasset'
[2015.12.11-01.53.11:336][976]LogSavePackage: Total save time: 174.584363ms
[2015.12.11-01.53.11:336][976]LogSavePackage:Warning: Finished SavePackage ../../../../../../../My Media/UCF Documents/DIG 4725/Game-Files/SuperSpaceArmada/Content/SSA/Blueprints/Menues/MainMenu.uasset
[2015.12.11-01.53.11:817][ 29]LogBlueprintUserMessages: Early PlayInEditor Detection: Level '/Game/SSA/Maps/Menu.Menu:PersistentLevel' has LevelScriptBlueprint '/Game/SSA/Maps/Menu.Menu:PersistentLevel.Menu' with GeneratedClass '/Game/SSA/Maps/Menu.Menu_C' with ClassGeneratedBy '/Game/SSA/Maps/Menu.Menu:PersistentLevel.Menu'
[2015.12.11-01.53.11:818][ 29]LogPlayLevel: PlayLevel: No blueprints needed recompiling
[2015.12.11-01.53.11:818][ 29]PIE: New page: PIE session: Menu (Dec 10, 2015, 3:53:11 PM)
[2015.12.11-01.53.11:818][ 29]LogPlayLevel: Creating play world package: /Game/SSA/Maps/UEDPIE_0_Menu
[2015.12.11-01.53.11:820][ 29]LogPlayLevel: PIE: StaticDuplicateObject took: (0.002010s)
[2015.12.11-01.53.11:820][ 29]LogAIModule: Creating AISystem for world Menu
[2015.12.11-01.53.11:820][ 29]LogPlayLevel: PIE: World Init took: (0.000401s)
[2015.12.11-01.53.11:820][ 29]LogPlayLevel: PIE: Created PIE world by copying editor world from /Game/SSA/Maps/Menu.Menu to /Game/SSA/Maps/UEDPIE_0_Menu.Menu (0.002550s)
[2015.12.11-01.53.11:853][ 29]LogInit: XAudio2 using 'Speakers (Realtek High Definition Audio)' : 8 channels at 48 kHz using 32 bits per sample (channel mask 0x63f)
[2015.12.11-01.53.11:860][ 29]LogInit: FAudioDevice initialized.
[2015.12.11-01.53.11:919][ 29]LogWorld: Game class is 'TopDownGameMode_C'
[2015.12.11-01.53.11:920][ 29]LogWorld: Bringing World /Game/SSA/Maps/UEDPIE_0_Menu.Menu up for play (max tick rate 0) at 2015.12.10-20.53.11
[2015.12.11-01.53.11:920][ 29]LogActor:Warning: GameSession /Game/SSA/Maps/UEDPIE_0_Menu.Menu:PersistentLevel.GameSession_4 has natively added scene component(s), but none of them were set as the actor's RootComponent - picking one arbitrarily
[2015.12.11-01.53.11:920][ 29]LogActor:Warning: GameNetworkManager /Game/SSA/Maps/UEDPIE_0_Menu.Menu:PersistentLevel.GameNetworkManager_4 has natively added scene component(s), but none of them were set as the actor's RootComponent - picking one arbitrarily
[2015.12.11-01.53.11:920][ 29]LogWorld: Bringing up level for play took: 0.000574
[2015.12.11-01.53.11:921][ 29]LogGameMode: Warning - PATHS NOT DEFINED or NO PLAYERSTART with positive rating
[2015.12.11-01.53.11:929][ 29]PIE: Info Play in editor start time for /Game/SSA/Maps/UEDPIE_0_Menu 0.841
[2015.12.11-01.53.11:929][ 29]LogBlueprintUserMessages: Late PlayInEditor Detection: Level '/Game/SSA/Maps/Menu.Menu:PersistentLevel' has LevelScriptBlueprint '/Game/SSA/Maps/Menu.Menu:PersistentLevel.Menu' with GeneratedClass '/Game/SSA/Maps/Menu.Menu_C' with ClassGeneratedBy '/Game/SSA/Maps/Menu.Menu:PersistentLevel.Menu'
[2015.12.11-01.53.15:749][486]LogBlueprintUserMessages: Early EndPlayMap Detection: Level '/Game/SSA/Maps/Menu.Menu:PersistentLevel' has LevelScriptBlueprint '/Game/SSA/Maps/Menu.Menu:PersistentLevel.Menu' with GeneratedClass '/Game/SSA/Maps/Menu.Menu_C' with ClassGeneratedBy '/Game/SSA/Maps/Menu.Menu:PersistentLevel.Menu'
[2015.12.11-01.53.15:812][486]LogBlueprintUserMessages: Late EndPlayMap Detection: Level '/Game/SSA/Maps/Menu.Menu:PersistentLevel' has LevelScriptBlueprint '/Game/SSA/Maps/Menu.Menu:PersistentLevel.Menu' with GeneratedClass '/Game/SSA/Maps/Menu.Menu_C' with ClassGeneratedBy '/Game/SSA/Maps/Menu.Menu:PersistentLevel.Menu'
[2015.12.11-01.53.15:848][487]LogParticles: Destroying 0 GPU particle simulations for FXSystem 0x0000005041D18A40
[2015.12.11-01.53.56:871][391]LogEditorTransaction: Undo Delete Section
[2015.12.11-01.54.21:470][258]LogSavePackage: Save=166.776123ms
[2015.12.11-01.54.21:470][258]LogSavePackage: Moving '../../../../../../../My Media/UCF Documents/DIG 4725/Game-Files/SuperSpaceArmada/Saved/MainMenuCFE12A3440374900A15494A771788087.tmp' to '../../../../../../../My Media/UCF Documents/DIG 4725/Game-Files/SuperSpaceArmada/Content/SSA/Blueprints/Menues/MainMenu.uasset'
[2015.12.11-01.54.21:472][258]LogSavePackage: Total save time: 175.369125ms
[2015.12.11-01.54.21:472][258]LogSavePackage:Warning: Finished SavePackage ../../../../../../../My Media/UCF Documents/DIG 4725/Game-Files/SuperSpaceArmada/Content/SSA/Blueprints/Menues/MainMenu.uasset
[2015.12.11-01.54.21:833][301]BlueprintLog: New page: Compile MainMenu
[2015.12.11-01.54.21:964][301]BlueprintEditorCompileResults: Info [0440.92] Compile of MainMenu successful! [in 130 ms]
[2015.12.11-01.54.22:561][368]LogBlueprintUserMessages: Early PlayInEditor Detection: Level '/Game/SSA/Maps/Menu.Menu:PersistentLevel' has LevelScriptBlueprint '/Game/SSA/Maps/Menu.Menu:PersistentLevel.Menu' with GeneratedClass '/Game/SSA/Maps/Menu.Menu_C' with ClassGeneratedBy '/Game/SSA/Maps/Menu.Menu:PersistentLevel.Menu'
[2015.12.11-01.54.22:561][368]LogPlayLevel: PlayLevel: No blueprints needed recompiling
[2015.12.11-01.54.22:561][368]PIE: New page: PIE session: Menu (Dec 10, 2015, 3:54:22 PM)
[2015.12.11-01.54.22:561][368]LogPlayLevel: Creating play world package: /Game/SSA/Maps/UEDPIE_0_Menu
[2015.12.11-01.54.22:563][368]LogPlayLevel: PIE: StaticDuplicateObject took: (0.001946s)
[2015.12.11-01.54.22:564][368]LogAIModule: Creating AISystem for world Menu
[2015.12.11-01.54.22:564][368]LogPlayLevel: PIE: World Init took: (0.000464s)
[2015.12.11-01.54.22:564][368]LogPlayLevel: PIE: Created PIE world by copying editor world from /Game/SSA/Maps/Menu.Menu to /Game/SSA/Maps/UEDPIE_0_Menu.Menu (0.002545s)
[2015.12.11-01.54.22:596][368]LogInit: XAudio2 using 'Speakers (Realtek High Definition Audio)' : 8 channels at 48 kHz using 32 bits per sample (channel mask 0x63f)
[2015.12.11-01.54.22:603][368]LogInit: FAudioDevice initialized.
[2015.12.11-01.54.22:675][368]LogWorld: Game class is 'TopDownGameMode_C'
[2015.12.11-01.54.22:677][368]LogWorld: Bringing World /Game/SSA/Maps/UEDPIE_0_Menu.Menu up for play (max tick rate 0) at 2015.12.10-20.54.22
[2015.12.11-01.54.22:677][368]LogActor:Warning: GameSession /Game/SSA/Maps/UEDPIE_0_Menu.Menu:PersistentLevel.GameSession_5 has natively added scene component(s), but none of them were set as the actor's RootComponent - picking one arbitrarily
[2015.12.11-01.54.22:677][368]LogActor:Warning: GameNetworkManager /Game/SSA/Maps/UEDPIE_0_Menu.Menu:PersistentLevel.GameNetworkManager_5 has natively added scene component(s), but none of them were set as the actor's RootComponent - picking one arbitrarily
[2015.12.11-01.54.22:677][368]LogWorld: Bringing up level for play took: 0.001093
[2015.12.11-01.54.22:678][368]LogGameMode: Warning - PATHS NOT DEFINED or NO PLAYERSTART with positive rating
[2015.12.11-01.54.22:695][368]PIE: Info Play in editor start time for /Game/SSA/Maps/UEDPIE_0_Menu -0.394
[2015.12.11-01.54.22:695][368]LogBlueprintUserMessages: Late PlayInEditor Detection: Level '/Game/SSA/Maps/Menu.Menu:PersistentLevel' has LevelScriptBlueprint '/Game/SSA/Maps/Menu.Menu:PersistentLevel.Menu' with GeneratedClass '/Game/SSA/Maps/Menu.Menu_C' with ClassGeneratedBy '/Game/SSA/Maps/Menu.Menu:PersistentLevel.Menu'
[2015.12.11-01.54.30:573][307]LogBlueprintUserMessages: Early EndPlayMap Detection: Level '/Game/SSA/Maps/Menu.Menu:PersistentLevel' has LevelScriptBlueprint '/Game/SSA/Maps/Menu.Menu:PersistentLevel.Menu' with GeneratedClass '/Game/SSA/Maps/Menu.Menu_C' with ClassGeneratedBy '/Game/SSA/Maps/Menu.Menu:PersistentLevel.Menu'
[2015.12.11-01.54.30:606][307]LogBlueprintUserMessages: Late EndPlayMap Detection: Level '/Game/SSA/Maps/Menu.Menu:PersistentLevel' has LevelScriptBlueprint '/Game/SSA/Maps/Menu.Menu:PersistentLevel.Menu' with GeneratedClass '/Game/SSA/Maps/Menu.Menu_C' with ClassGeneratedBy '/Game/SSA/Maps/Menu.Menu:PersistentLevel.Menu'
[2015.12.11-01.54.30:629][307]LogParticles: Destroying 0 GPU particle simulations for FXSystem 0x0000005040162980
[2015.12.11-01.54.37:737][126]LogSavePackage: Save=193.225937ms
[2015.12.11-01.54.37:737][126]LogSavePackage: Moving '../../../../../../../My Media/UCF Documents/DIG 4725/Game-Files/SuperSpaceArmada/Saved/MainMenu0A36501A46969BB0F773E993CBD6476A.tmp' to '../../../../../../../My Media/UCF Documents/DIG 4725/Game-Files/SuperSpaceArmada/Content/SSA/Blueprints/Menues/MainMenu.uasset'
[2015.12.11-01.54.37:739][126]LogSavePackage: Total save time: 209.811375ms
[2015.12.11-01.54.37:739][126]LogSavePackage:Warning: Finished SavePackage ../../../../../../../My Media/UCF Documents/DIG 4725/Game-Files/SuperSpaceArmada/Content/SSA/Blueprints/Menues/MainMenu.uasset
[2015.12.11-01.54.38:749][240]LogBlueprintUserMessages: Early PlayInEditor Detection: Level '/Game/SSA/Maps/Menu.Menu:PersistentLevel' has LevelScriptBlueprint '/Game/SSA/Maps/Menu.Menu:PersistentLevel.Menu' with GeneratedClass '/Game/SSA/Maps/Menu.Menu_C' with ClassGeneratedBy '/Game/SSA/Maps/Menu.Menu:PersistentLevel.Menu'
[2015.12.11-01.54.38:749][240]LogPlayLevel: PlayLevel: No blueprints needed recompiling
[2015.12.11-01.54.38:749][240]PIE: New page: PIE session: Menu (Dec 10, 2015, 3:54:38 PM)
[2015.12.11-01.54.38:749][240]LogPlayLevel: Creating play world package: /Game/SSA/Maps/UEDPIE_0_Menu
[2015.12.11-01.54.38:751][240]LogPlayLevel: PIE: StaticDuplicateObject took: (0.001930s)
[2015.12.11-01.54.38:751][240]LogAIModule: Creating AISystem for world Menu
[2015.12.11-01.54.38:751][240]LogPlayLevel: PIE: World Init took: (0.000401s)
[2015.12.11-01.54.38:752][240]LogPlayLevel: PIE: Created PIE world by copying editor world from /Game/SSA/Maps/Menu.Menu to /Game/SSA/Maps/UEDPIE_0_Menu.Menu (0.002467s)
[2015.12.11-01.54.38:783][240]LogInit: XAudio2 using 'Speakers (Realtek High Definition Audio)' : 8 channels at 48 kHz using 32 bits per sample (channel mask 0x63f)
[2015.12.11-01.54.38:790][240]LogInit: FAudioDevice initialized.
[2015.12.11-01.54.38:849][240]LogWorld: Game class is 'TopDownGameMode_C'
[2015.12.11-01.54.38:850][240]LogWorld: Bringing World /Game/SSA/Maps/UEDPIE_0_Menu.Menu up for play (max tick rate 0) at 2015.12.10-20.54.38
[2015.12.11-01.54.38:851][240]LogActor:Warning: GameSession /Game/SSA/Maps/UEDPIE_0_Menu.Menu:PersistentLevel.GameSession_6 has natively added scene component(s), but none of them were set as the actor's RootComponent - picking one arbitrarily
[2015.12.11-01.54.38:851][240]LogActor:Warning: GameNetworkManager /Game/SSA/Maps/UEDPIE_0_Menu.Menu:PersistentLevel.GameNetworkManager_6 has natively added scene component(s), but none of them were set as the actor's RootComponent - picking one arbitrarily
[2015.12.11-01.54.38:851][240]LogWorld: Bringing up level for play took: 0.000601
[2015.12.11-01.54.38:851][240]LogGameMode: Warning - PATHS NOT DEFINED or NO PLAYERSTART with positive rating
[2015.12.11-01.54.38:859][240]PIE: Info Play in editor start time for /Game/SSA/Maps/UEDPIE_0_Menu -0.229
[2015.12.11-01.54.38:859][240]LogBlueprintUserMessages: Late PlayInEditor Detection: Level '/Game/SSA/Maps/Menu.Menu:PersistentLevel' has LevelScriptBlueprint '/Game/SSA/Maps/Menu.Menu:PersistentLevel.Menu' with GeneratedClass '/Game/SSA/Maps/Menu.Menu_C' with ClassGeneratedBy '/Game/SSA/Maps/Menu.Menu:PersistentLevel.Menu'
[2015.12.11-01.54.40:276][408]LogBlueprintUserMessages: Early EndPlayMap Detection: Level '/Game/SSA/Maps/Menu.Menu:PersistentLevel' has LevelScriptBlueprint '/Game/SSA/Maps/Menu.Menu:PersistentLevel.Menu' with GeneratedClass '/Game/SSA/Maps/Menu.Menu_C' with ClassGeneratedBy '/Game/SSA/Maps/Menu.Menu:PersistentLevel.Menu'
[2015.12.11-01.54.40:340][408]LogBlueprintUserMessages: Late EndPlayMap Detection: Level '/Game/SSA/Maps/Menu.Menu:PersistentLevel' has LevelScriptBlueprint '/Game/SSA/Maps/Menu.Menu:PersistentLevel.Menu' with GeneratedClass '/Game/SSA/Maps/Menu.Menu_C' with ClassGeneratedBy '/Game/SSA/Maps/Menu.Menu:PersistentLevel.Menu'
[2015.12.11-01.54.40:376][409]LogParticles: Destroying 0 GPU particle simulations for FXSystem 0x00000050410E7880
[2015.12.11-01.55.05:144][348]LogEditorTransaction: Undo Edit Angle
[2015.12.11-01.55.40:236][232]LogEditorTransaction: Undo Edit Bottom
[2015.12.11-01.55.40:658][258]LogEditorTransaction: Undo Edit Right
[2015.12.11-01.55.40:858][267]LogEditorTransaction: Undo Move Widget
[2015.12.11-01.55.41:051][284]LogEditorTransaction: Undo Edit Size To Content
[2015.12.11-01.55.41:274][304]LogEditorTransaction: Undo Edit Size To Content
[2015.12.11-01.56.22:027][ 93]LogSavePackage: Save=190.375748ms
[2015.12.11-01.56.22:028][ 93]LogSavePackage: Moving '../../../../../../../My Media/UCF Documents/DIG 4725/Game-Files/SuperSpaceArmada/Saved/MainMenuF4CA46194B08841DCE7B0C9D8B558134.tmp' to '../../../../../../../My Media/UCF Documents/DIG 4725/Game-Files/SuperSpaceArmada/Content/SSA/Blueprints/Menues/MainMenu.uasset'
[2015.12.11-01.56.22:029][ 93]LogSavePackage: Total save time: 199.011907ms
[2015.12.11-01.56.22:029][ 93]LogSavePackage:Warning: Finished SavePackage ../../../../../../../My Media/UCF Documents/DIG 4725/Game-Files/SuperSpaceArmada/Content/SSA/Blueprints/Menues/MainMenu.uasset
[2015.12.11-01.56.28:619][873]BlueprintLog: New page: Compile MainMenu
[2015.12.11-01.56.28:759][873]BlueprintEditorCompileResults: Info [0567.72] Compile of MainMenu successful! [in 140 ms]
[2015.12.11-01.56.29:278][930]LogBlueprintUserMessages: Early PlayInEditor Detection: Level '/Game/SSA/Maps/Menu.Menu:PersistentLevel' has LevelScriptBlueprint '/Game/SSA/Maps/Menu.Menu:PersistentLevel.Menu' with GeneratedClass '/Game/SSA/Maps/Menu.Menu_C' with ClassGeneratedBy '/Game/SSA/Maps/Menu.Menu:PersistentLevel.Menu'
[2015.12.11-01.56.29:278][930]LogPlayLevel: PlayLevel: No blueprints needed recompiling
[2015.12.11-01.56.29:278][930]PIE: New page: PIE session: Menu (Dec 10, 2015, 3:56:29 PM)
[2015.12.11-01.56.29:278][930]LogPlayLevel: Creating play world package: /Game/SSA/Maps/UEDPIE_0_Menu
[2015.12.11-01.56.29:280][930]LogPlayLevel: PIE: StaticDuplicateObject took: (0.001953s)
[2015.12.11-01.56.29:280][930]LogAIModule: Creating AISystem for world Menu
[2015.12.11-01.56.29:280][930]LogPlayLevel: PIE: World Init took: (0.000400s)
[2015.12.11-01.56.29:280][930]LogPlayLevel: PIE: Created PIE world by copying editor world from /Game/SSA/Maps/Menu.Menu to /Game/SSA/Maps/UEDPIE_0_Menu.Menu (0.002495s)
[2015.12.11-01.56.29:313][930]LogInit: XAudio2 using 'Speakers (Realtek High Definition Audio)' : 8 channels at 48 kHz using 32 bits per sample (channel mask 0x63f)
[2015.12.11-01.56.29:320][930]LogInit: FAudioDevice initialized.
[2015.12.11-01.56.29:380][930]LogWorld: Game class is 'TopDownGameMode_C'
[2015.12.11-01.56.29:381][930]LogWorld: Bringing World /Game/SSA/Maps/UEDPIE_0_Menu.Menu up for play (max tick rate 0) at 2015.12.10-20.56.29
[2015.12.11-01.56.29:381][930]LogActor:Warning: GameSession /Game/SSA/Maps/UEDPIE_0_Menu.Menu:PersistentLevel.GameSession_7 has natively added scene component(s), but none of them were set as the actor's RootComponent - picking one arbitrarily
[2015.12.11-01.56.29:381][930]LogActor:Warning: GameNetworkManager /Game/SSA/Maps/UEDPIE_0_Menu.Menu:PersistentLevel.GameNetworkManager_7 has natively added scene component(s), but none of them were set as the actor's RootComponent - picking one arbitrarily
[2015.12.11-01.56.29:381][930]LogWorld: Bringing up level for play took: 0.000600
[2015.12.11-01.56.29:381][930]LogGameMode: Warning - PATHS NOT DEFINED or NO PLAYERSTART with positive rating
[2015.12.11-01.56.29:391][930]PIE: Info Play in editor start time for /Game/SSA/Maps/UEDPIE_0_Menu 0.303
[2015.12.11-01.56.29:391][930]LogBlueprintUserMessages: Late PlayInEditor Detection: Level '/Game/SSA/Maps/Menu.Menu:PersistentLevel' has LevelScriptBlueprint '/Game/SSA/Maps/Menu.Menu:PersistentLevel.Menu' with GeneratedClass '/Game/SSA/Maps/Menu.Menu_C' with ClassGeneratedBy '/Game/SSA/Maps/Menu.Menu:PersistentLevel.Menu'
[2015.12.11-01.56.39:676][153]LogBlueprintUserMessages: Early EndPlayMap Detection: Level '/Game/SSA/Maps/Menu.Menu:PersistentLevel' has LevelScriptBlueprint '/Game/SSA/Maps/Menu.Menu:PersistentLevel.Menu' with GeneratedClass '/Game/SSA/Maps/Menu.Menu_C' with ClassGeneratedBy '/Game/SSA/Maps/Menu.Menu:PersistentLevel.Menu'
[2015.12.11-01.56.39:734][153]LogBlueprintUserMessages: Late EndPlayMap Detection: Level '/Game/SSA/Maps/Menu.Menu:PersistentLevel' has LevelScriptBlueprint '/Game/SSA/Maps/Menu.Menu:PersistentLevel.Menu' with GeneratedClass '/Game/SSA/Maps/Menu.Menu_C' with ClassGeneratedBy '/Game/SSA/Maps/Menu.Menu:PersistentLevel.Menu'
[2015.12.11-01.56.39:760][153]LogParticles: Destroying 0 GPU particle simulations for FXSystem 0x0000005043B82E80
[2015.12.11-01.56.45:467][755]LogSavePackage: Save=164.773941ms
[2015.12.11-01.56.45:467][755]LogSavePackage: Moving '../../../../../../../My Media/UCF Documents/DIG 4725/Game-Files/SuperSpaceArmada/Saved/MainMenu99AD2F2A42E81F432E15C69F63E2D091.tmp' to '../../../../../../../My Media/UCF Documents/DIG 4725/Game-Files/SuperSpaceArmada/Content/SSA/Blueprints/Menues/MainMenu.uasset'
[2015.12.11-01.56.45:469][755]LogSavePackage: Total save time: 171.810210ms
[2015.12.11-01.56.45:469][755]LogSavePackage:Warning: Finished SavePackage ../../../../../../../My Media/UCF Documents/DIG 4725/Game-Files/SuperSpaceArmada/Content/SSA/Blueprints/Menues/MainMenu.uasset
[2015.12.11-01.56.45:821][797]BlueprintLog: New page: Compile MainMenu
[2015.12.11-01.56.45:950][797]BlueprintEditorCompileResults: Info [0584.91] Compile of MainMenu successful! [in 129 ms]
[2015.12.11-01.56.46:583][867]LogBlueprintUserMessages: Early PlayInEditor Detection: Level '/Game/SSA/Maps/Menu.Menu:PersistentLevel' has LevelScriptBlueprint '/Game/SSA/Maps/Menu.Menu:PersistentLevel.Menu' with GeneratedClass '/Game/SSA/Maps/Menu.Menu_C' with ClassGeneratedBy '/Game/SSA/Maps/Menu.Menu:PersistentLevel.Menu'
[2015.12.11-01.56.46:583][867]LogPlayLevel: PlayLevel: No blueprints needed recompiling
[2015.12.11-01.56.46:583][867]PIE: New page: PIE session: Menu (Dec 10, 2015, 3:56:46 PM)
[2015.12.11-01.56.46:583][867]LogPlayLevel: Creating play world package: /Game/SSA/Maps/UEDPIE_0_Menu
[2015.12.11-01.56.46:585][867]LogPlayLevel: PIE: StaticDuplicateObject took: (0.001992s)
[2015.12.11-01.56.46:586][867]LogAIModule: Creating AISystem for world Menu
[2015.12.11-01.56.46:586][867]LogPlayLevel: PIE: World Init took: (0.000473s)
[2015.12.11-01.56.46:586][867]LogPlayLevel: PIE: Created PIE world by copying editor world from /Game/SSA/Maps/Menu.Menu to /Game/SSA/Maps/UEDPIE_0_Menu.Menu (0.002628s)
[2015.12.11-01.56.46:618][867]LogInit: XAudio2 using 'Speakers (Realtek High Definition Audio)' : 8 channels at 48 kHz using 32 bits per sample (channel mask 0x63f)
[2015.12.11-01.56.46:625][867]LogInit: FAudioDevice initialized.
[2015.12.11-01.56.46:691][867]LogWorld: Game class is 'TopDownGameMode_C'
[2015.12.11-01.56.46:692][867]LogWorld: Bringing World /Game/SSA/Maps/UEDPIE_0_Menu.Menu up for play (max tick rate 0) at 2015.12.10-20.56.46
[2015.12.11-01.56.46:692][867]LogActor:Warning: GameSession /Game/SSA/Maps/UEDPIE_0_Menu.Menu:PersistentLevel.GameSession_8 has natively added scene component(s), but none of them were set as the actor's RootComponent - picking one arbitrarily
[2015.12.11-01.56.46:692][867]LogActor:Warning: GameNetworkManager /Game/SSA/Maps/UEDPIE_0_Menu.Menu:PersistentLevel.GameNetworkManager_8 has natively added scene component(s), but none of them were set as the actor's RootComponent - picking one arbitrarily
[2015.12.11-01.56.46:692][867]LogWorld: Bringing up level for play took: 0.000630
[2015.12.11-01.56.46:693][867]LogGameMode: Warning - PATHS NOT DEFINED or NO PLAYERSTART with positive rating
[2015.12.11-01.56.46:720][867]PIE: Info Play in editor start time for /Game/SSA/Maps/UEDPIE_0_Menu -0.368
[2015.12.11-01.56.46:720][867]LogBlueprintUserMessages: Late PlayInEditor Detection: Level '/Game/SSA/Maps/Menu.Menu:PersistentLevel' has LevelScriptBlueprint '/Game/SSA/Maps/Menu.Menu:PersistentLevel.Menu' with GeneratedClass '/Game/SSA/Maps/Menu.Menu_C' with ClassGeneratedBy '/Game/SSA/Maps/Menu.Menu:PersistentLevel.Menu'
[2015.12.11-01.56.58:996][324]LogBlueprintUserMessages: [SSAGameInstance_C_6] saved
[2015.12.11-01.56.58:997][325]LogBlueprintUserMessages: Early EndPlayMap Detection: Level '/Game/SSA/Maps/Menu.Menu:PersistentLevel' has LevelScriptBlueprint '/Game/SSA/Maps/Menu.Menu:PersistentLevel.Menu' with GeneratedClass '/Game/SSA/Maps/Menu.Menu_C' with ClassGeneratedBy '/Game/SSA/Maps/Menu.Menu:PersistentLevel.Menu'
[2015.12.11-01.56.59:060][325]LogBlueprintUserMessages: Late EndPlayMap Detection: Level '/Game/SSA/Maps/Menu.Menu:PersistentLevel' has LevelScriptBlueprint '/Game/SSA/Maps/Menu.Menu:PersistentLevel.Menu' with GeneratedClass '/Game/SSA/Maps/Menu.Menu_C' with ClassGeneratedBy '/Game/SSA/Maps/Menu.Menu:PersistentLevel.Menu'
[2015.12.11-01.56.59:084][325]LogParticles: Destroying 0 GPU particle simulations for FXSystem 0x0000005070ADF7E0
[2015.12.11-01.57.01:195][569]LogBlueprintUserMessages: Early PlayInEditor Detection: Level '/Game/SSA/Maps/Menu.Menu:PersistentLevel' has LevelScriptBlueprint '/Game/SSA/Maps/Menu.Menu:PersistentLevel.Menu' with GeneratedClass '/Game/SSA/Maps/Menu.Menu_C' with ClassGeneratedBy '/Game/SSA/Maps/Menu.Menu:PersistentLevel.Menu'
[2015.12.11-01.57.01:195][569]LogPlayLevel: PlayLevel: No blueprints needed recompiling
[2015.12.11-01.57.01:195][569]PIE: New page: PIE session: Menu (Dec 10, 2015, 3:57:01 PM)
[2015.12.11-01.57.01:195][569]LogPlayLevel: Creating play world package: /Game/SSA/Maps/UEDPIE_0_Menu
[2015.12.11-01.57.01:197][569]LogPlayLevel: PIE: StaticDuplicateObject took: (0.001921s)
[2015.12.11-01.57.01:197][569]LogAIModule: Creating AISystem for world Menu
[2015.12.11-01.57.01:197][569]LogPlayLevel: PIE: World Init took: (0.000372s)
[2015.12.11-01.57.01:198][569]LogPlayLevel: PIE: Created PIE world by copying editor world from /Game/SSA/Maps/Menu.Menu to /Game/SSA/Maps/UEDPIE_0_Menu.Menu (0.002426s)
[2015.12.11-01.57.01:229][569]LogInit: XAudio2 using 'Speakers (Realtek High Definition Audio)' : 8 channels at 48 kHz using 32 bits per sample (channel mask 0x63f)
[2015.12.11-01.57.01:236][569]LogInit: FAudioDevice initialized.
[2015.12.11-01.57.01:304][569]LogWorld: Game class is 'TopDownGameMode_C'
[2015.12.11-01.57.01:305][569]LogWorld: Bringing World /Game/SSA/Maps/UEDPIE_0_Menu.Menu up for play (max tick rate 0) at 2015.12.10-20.57.01
[2015.12.11-01.57.01:305][569]LogActor:Warning: GameSession /Game/SSA/Maps/UEDPIE_0_Menu.Menu:PersistentLevel.GameSession_9 has natively added scene component(s), but none of them were set as the actor's RootComponent - picking one arbitrarily
[2015.12.11-01.57.01:305][569]LogActor:Warning: GameNetworkManager /Game/SSA/Maps/UEDPIE_0_Menu.Menu:PersistentLevel.GameNetworkManager_9 has natively added scene component(s), but none of them were set as the actor's RootComponent - picking one arbitrarily
[2015.12.11-01.57.01:305][569]LogWorld: Bringing up level for play took: 0.000675
[2015.12.11-01.57.01:306][569]LogGameMode: Warning - PATHS NOT DEFINED or NO PLAYERSTART with positive rating
[2015.12.11-01.57.01:336][569]PIE: Info Play in editor start time for /Game/SSA/Maps/UEDPIE_0_Menu 0.248
[2015.12.11-01.57.01:336][569]LogBlueprintUserMessages: Late PlayInEditor Detection: Level '/Game/SSA/Maps/Menu.Menu:PersistentLevel' has LevelScriptBlueprint '/Game/SSA/Maps/Menu.Menu:PersistentLevel.Menu' with GeneratedClass '/Game/SSA/Maps/Menu.Menu_C' with ClassGeneratedBy '/Game/SSA/Maps/Menu.Menu:PersistentLevel.Menu'
[2015.12.11-01.57.04:083][896]LogBlueprintUserMessages: [SSAGameInstance_C_7] saved
[2015.12.11-01.57.04:084][896]LogBlueprintUserMessages: [SSAGameInstance_C_7] saved
[2015.12.11-01.57.07:854][338]LogPackageName: SearchForPackageOnDisk took   0.037s to resolve Credits.umap.
[2015.12.11-01.57.07:895][339]LogPackageName: SearchForPackageOnDisk took   0.034s to resolve Credits.umap.
[2015.12.11-01.57.07:895][339]LogNet: Browse: /Game/SSA/Maps/Credits
[2015.12.11-01.57.07:895][339]LogLoad: LoadMap: /Game/SSA/Maps/Credits
[2015.12.11-01.57.07:919][339]LogParticles: Destroying 0 GPU particle simulations for FXSystem 0x000000503F6C4F40
[2015.12.11-01.57.07:925][339]Cmd: MEM
[2015.12.11-01.57.07:949][339]LogMemory: Platform Memory Stats for Windows
[2015.12.11-01.57.07:949][339]LogMemory: Process Physical Memory: 1196.83 MB used, 1196.83 MB peak
[2015.12.11-01.57.07:949][339]LogMemory: Process Virtual Memory: 2055.04 MB used, 2109.97 MB peak
[2015.12.11-01.57.07:949][339]LogMemory: Physical Memory: 7125.18 MB used, 16322.88 MB total
[2015.12.11-01.57.07:949][339]LogMemory: Virtual Memory: 2940.35 MB used, 134217728.00 MB total
[2015.12.11-01.57.07:949][339]LogMemory: 
[2015.12.11-01.57.07:949][339]Allocator Stats for TBB: (not implemented)
[2015.12.11-01.57.08:869][339]LogAIModule: Creating AISystem for world Credits
[2015.12.11-01.57.08:870][339]LogWorld: Game class is 'TopDownGameMode_C'
[2015.12.11-01.57.08:870][339]LogWorld: Bringing World /Game/SSA/Maps/UEDPIE_0_Credits.Credits up for play (max tick rate 0) at 2015.12.10-20.57.08
[2015.12.11-01.57.08:871][339]LogActor:Warning: GameSession /Game/SSA/Maps/UEDPIE_0_Credits.Credits:PersistentLevel.GameSession_10 has natively added scene component(s), but none of them were set as the actor's RootComponent - picking one arbitrarily
[2015.12.11-01.57.08:871][339]LogActor:Warning: GameNetworkManager /Game/SSA/Maps/UEDPIE_0_Credits.Credits:PersistentLevel.GameNetworkManager_10 has natively added scene component(s), but none of them were set as the actor's RootComponent - picking one arbitrarily
[2015.12.11-01.57.08:871][339]LogWorld: Bringing up level for play took: 0.000642
[2015.12.11-01.57.08:871][339]LogGameMode: Warning - PATHS NOT DEFINED or NO PLAYERSTART with positive rating
[2015.12.11-01.57.10:569][536]LogPackageName: SearchForPackageOnDisk took   0.035s to resolve Menu.umap.
[2015.12.11-01.57.10:604][537]LogPackageName: SearchForPackageOnDisk took   0.034s to resolve Menu.umap.
[2015.12.11-01.57.10:604][537]LogNet: Browse: /Game/SSA/Maps/Menu
[2015.12.11-01.57.10:604][537]LogLoad: LoadMap: /Game/SSA/Maps/Menu
[2015.12.11-01.57.10:631][537]LogParticles: Destroying 0 GPU particle simulations for FXSystem 0x0000005042CE1440
[2015.12.11-01.57.10:631][537]Cmd: MEM
[2015.12.11-01.57.10:655][537]LogMemory: Platform Memory Stats for Windows
[2015.12.11-01.57.10:655][537]LogMemory: Process Physical Memory: 1722.27 MB used, 1724.58 MB peak
[2015.12.11-01.57.10:655][537]LogMemory: Process Virtual Memory: 2606.89 MB used, 2609.52 MB peak
[2015.12.11-01.57.10:655][537]LogMemory: Physical Memory: 7590.59 MB used, 16322.88 MB total
[2015.12.11-01.57.10:655][537]LogMemory: Virtual Memory: 3446.35 MB used, 134217728.00 MB total
[2015.12.11-01.57.10:655][537]LogMemory: 
[2015.12.11-01.57.10:655][537]Allocator Stats for TBB: (not implemented)
[2015.12.11-01.57.10:655][537]LogPlayLevel: Creating play world package: /Game/SSA/Maps/UEDPIE_0_Menu
[2015.12.11-01.57.10:657][537]LogPlayLevel: PIE: StaticDuplicateObject took: (0.001991s)
[2015.12.11-01.57.10:658][537]LogAIModule: Creating AISystem for world Menu
[2015.12.11-01.57.10:658][537]LogPlayLevel: PIE: World Init took: (0.000391s)
[2015.12.11-01.57.10:658][537]LogPlayLevel: PIE: Created PIE world by copying editor world from /Game/SSA/Maps/Menu.Menu to /Game/SSA/Maps/UEDPIE_0_Menu.Menu (0.002523s)
[2015.12.11-01.57.10:658][537]LogWorld: Game class is 'TopDownGameMode_C'
[2015.12.11-01.57.10:659][537]LogWorld: Bringing World /Game/SSA/Maps/UEDPIE_0_Menu.Menu up for play (max tick rate 0) at 2015.12.10-20.57.10
[2015.12.11-01.57.10:659][537]LogActor:Warning: GameSession /Game/SSA/Maps/UEDPIE_0_Menu.Menu:PersistentLevel.GameSession_11 has natively added scene component(s), but none of them were set as the actor's RootComponent - picking one arbitrarily
[2015.12.11-01.57.10:659][537]LogActor:Warning: GameNetworkManager /Game/SSA/Maps/UEDPIE_0_Menu.Menu:PersistentLevel.GameNetworkManager_11 has natively added scene component(s), but none of them were set as the actor's RootComponent - picking one arbitrarily
[2015.12.11-01.57.10:659][537]LogWorld: Bringing up level for play took: 0.000561
[2015.12.11-01.57.10:660][537]LogGameMode: Warning - PATHS NOT DEFINED or NO PLAYERSTART with positive rating
[2015.12.11-01.57.12:931][801]LogBlueprintUserMessages: Early EndPlayMap Detection: Level '/Game/SSA/Maps/Menu.Menu:PersistentLevel' has LevelScriptBlueprint '/Game/SSA/Maps/Menu.Menu:PersistentLevel.Menu' with GeneratedClass '/Game/SSA/Maps/Menu.Menu_C' with ClassGeneratedBy '/Game/SSA/Maps/Menu.Menu:PersistentLevel.Menu'
[2015.12.11-01.57.12:963][801]LogBlueprintUserMessages: Late EndPlayMap Detection: Level '/Game/SSA/Maps/Menu.Menu:PersistentLevel' has LevelScriptBlueprint '/Game/SSA/Maps/Menu.Menu:PersistentLevel.Menu' with GeneratedClass '/Game/SSA/Maps/Menu.Menu_C' with ClassGeneratedBy '/Game/SSA/Maps/Menu.Menu:PersistentLevel.Menu'
[2015.12.11-01.57.13:015][802]LogParticles: Destroying 0 GPU particle simulations for FXSystem 0x000000503F260A40
[2015.12.11-01.57.36:496][688]LogBlueprintUserMessages: Early PlayInEditor Detection: Level '/Game/SSA/Maps/Menu.Menu:PersistentLevel' has LevelScriptBlueprint '/Game/SSA/Maps/Menu.Menu:PersistentLevel.Menu' with GeneratedClass '/Game/SSA/Maps/Menu.Menu_C' with ClassGeneratedBy '/Game/SSA/Maps/Menu.Menu:PersistentLevel.Menu'
[2015.12.11-01.57.36:496][688]LogPlayLevel: PlayLevel: No blueprints needed recompiling
[2015.12.11-01.57.36:497][688]PIE: New page: PIE session: Menu (Dec 10, 2015, 3:57:36 PM)
[2015.12.11-01.57.36:497][688]LogPlayLevel: Creating play world package: /Game/SSA/Maps/UEDPIE_0_Menu
[2015.12.11-01.57.36:499][688]LogPlayLevel: PIE: StaticDuplicateObject took: (0.001896s)
[2015.12.11-01.57.36:499][688]LogAIModule: Creating AISystem for world Menu
[2015.12.11-01.57.36:499][688]LogPlayLevel: PIE: World Init took: (0.000373s)
[2015.12.11-01.57.36:499][688]LogPlayLevel: PIE: Created PIE world by copying editor world from /Game/SSA/Maps/Menu.Menu to /Game/SSA/Maps/UEDPIE_0_Menu.Menu (0.002412s)
[2015.12.11-01.57.36:520][688]LogParticles: Destroying 0 GPU particle simulations for FXSystem 0x000000503110FEC0
[2015.12.11-01.57.36:520][688]LogParticles: Destroying 0 GPU particle simulations for FXSystem 0x000000503110C900
[2015.12.11-01.57.36:532][688]LogInit: XAudio2 using 'Speakers (Realtek High Definition Audio)' : 8 channels at 48 kHz using 32 bits per sample (channel mask 0x63f)
[2015.12.11-01.57.36:539][688]LogInit: FAudioDevice initialized.
[2015.12.11-01.57.36:614][688]LogWorld: Game class is 'TopDownGameMode_C'
[2015.12.11-01.57.36:615][688]LogWorld: Bringing World /Game/SSA/Maps/UEDPIE_0_Menu.Menu up for play (max tick rate 0) at 2015.12.10-20.57.36
[2015.12.11-01.57.36:615][688]LogActor:Warning: GameSession /Game/SSA/Maps/UEDPIE_0_Menu.Menu:PersistentLevel.GameSession_12 has natively added scene component(s), but none of them were set as the actor's RootComponent - picking one arbitrarily
[2015.12.11-01.57.36:615][688]LogActor:Warning: GameNetworkManager /Game/SSA/Maps/UEDPIE_0_Menu.Menu:PersistentLevel.GameNetworkManager_12 has natively added scene component(s), but none of them were set as the actor's RootComponent - picking one arbitrarily
[2015.12.11-01.57.36:616][688]LogWorld: Bringing up level for play took: 0.001132
[2015.12.11-01.57.36:629][688]PIE: Info Play in editor start time for /Game/SSA/Maps/UEDPIE_0_Menu -0.459
[2015.12.11-01.57.36:629][688]LogBlueprintUserMessages: Late PlayInEditor Detection: Level '/Game/SSA/Maps/Menu.Menu:PersistentLevel' has LevelScriptBlueprint '/Game/SSA/Maps/Menu.Menu:PersistentLevel.Menu' with GeneratedClass '/Game/SSA/Maps/Menu.Menu_C' with ClassGeneratedBy '/Game/SSA/Maps/Menu.Menu:PersistentLevel.Menu'
[2015.12.11-01.57.39:209][996]LogBlueprintUserMessages: Early EndPlayMap Detection: Level '/Game/SSA/Maps/Menu.Menu:PersistentLevel' has LevelScriptBlueprint '/Game/SSA/Maps/Menu.Menu:PersistentLevel.Menu' with GeneratedClass '/Game/SSA/Maps/Menu.Menu_C' with ClassGeneratedBy '/Game/SSA/Maps/Menu.Menu:PersistentLevel.Menu'
[2015.12.11-01.57.39:272][996]LogBlueprintUserMessages: Late EndPlayMap Detection: Level '/Game/SSA/Maps/Menu.Menu:PersistentLevel' has LevelScriptBlueprint '/Game/SSA/Maps/Menu.Menu:PersistentLevel.Menu' with GeneratedClass '/Game/SSA/Maps/Menu.Menu_C' with ClassGeneratedBy '/Game/SSA/Maps/Menu.Menu:PersistentLevel.Menu'
[2015.12.11-01.57.39:295][996]LogParticles: Destroying 0 GPU particle simulations for FXSystem 0x000000503E547560
[2015.12.11-01.57.40:609][132]LogWindowsTextInputMethodSystem:Display: IME system now deactivated.
[2015.12.11-01.57.40:821][133]Cmd: QUIT_EDITOR
[2015.12.11-01.57.41:718][133]LogExit: Preparing to exit.
[2015.12.11-01.57.42:291][133]LogExit: Editor shut down
[2015.12.11-01.57.42:291][133]LogExit: Transaction tracking system shut down
[2015.12.11-01.57.42:297][133]LogParticles: Destroying 0 GPU particle simulations for FXSystem 0x00000050562374C0
[2015.12.11-01.57.42:297][133]LogParticles: Destroying 0 GPU particle simulations for FXSystem 0x00000050563BE7A0
[2015.12.11-01.57.42:297][133]LogParticles: Destroying 0 GPU particle simulations for FXSystem 0x0000005056165760
[2015.12.11-01.57.42:297][133]LogParticles: Destroying 0 GPU particle simulations for FXSystem 0x0000005056165B20
[2015.12.11-01.57.42:301][133]LogParticles: Destroying 0 GPU particle simulations for FXSystem 0x0000005070B28720
[2015.12.11-01.57.42:500][133]LogExit: Object subsystem successfully closed.
[2015.12.11-01.57.42:516][133]LogD3D11RHI: Shutdown
[2015.12.11-01.57.42:516][133]LogD3D11RHI: CleanupD3DDevice
[2015.12.11-01.57.42:551][133]LogD3D11RHI: ~FD3D11DynamicRHI
[2015.12.11-01.57.42:562][133]LogModuleManager: Shutting down and abandoning module SequencerWidgets (201)
[2015.12.11-01.57.42:562][133]LogModuleManager: Shutting down and abandoning module BlueprintGraph (200)
[2015.12.11-01.57.42:562][133]LogModuleManager: Shutting down and abandoning module CrashTracker (199)
[2015.12.11-01.57.42:562][133]LogModuleManager: Shutting down and abandoning module SceneOutliner (198)
[2015.12.11-01.57.42:562][133]LogModuleManager: Shutting down and abandoning module SuperSearch (197)
[2015.12.11-01.57.42:562][133]LogModuleManager: Shutting down and abandoning module WidgetCarousel (196)
[2015.12.11-01.57.42:562][133]LogModuleManager: Shutting down and abandoning module AddContentDialog (195)
[2015.12.11-01.57.42:563][133]LogModuleManager: Shutting down and abandoning module EditorWidgets (194)
[2015.12.11-01.57.42:563][133]LogModuleManager: Shutting down and abandoning module CollectionManager (193)
[2015.12.11-01.57.42:563][133]LogModuleManager: Shutting down and abandoning module StatsViewer (192)
[2015.12.11-01.57.42:563][133]LogModuleManager: Shutting down and abandoning module FoliageEdit (191)
[2015.12.11-01.57.42:563][133]LogModuleManager: Shutting down and abandoning module LandscapeEditor (190)
[2015.12.11-01.57.42:563][133]LogModuleManager: Shutting down and abandoning module ActorPickerMode (189)
[2015.12.11-01.57.42:563][133]LogModuleManager: Shutting down and abandoning module GeometryMode (188)
[2015.12.11-01.57.42:563][133]LogModuleManager: Shutting down and abandoning module TextureAlignMode (187)
[2015.12.11-01.57.42:563][133]LogModuleManager: Shutting down and abandoning module BspMode (186)
[2015.12.11-01.57.42:563][133]LogModuleManager: Shutting down and abandoning module PlacementMode (185)
[2015.12.11-01.57.42:563][133]LogModuleManager: Shutting down and abandoning module AutomationWorker (184)
[2015.12.11-01.57.42:563][133]LogModuleManager: Shutting down and abandoning module CharacterAI (183)
[2015.12.11-01.57.42:563][133]LogModuleManager: Shutting down and abandoning module SmartSnapping (182)
[2015.12.11-01.57.42:563][133]LogModuleManager: Shutting down and abandoning module ViewportSnapping (181)
[2015.12.11-01.57.42:563][133]LogModuleManager: Shutting down and abandoning module LogVisualizer (180)
[2015.12.11-01.57.42:563][133]LogModuleManager: Shutting down and abandoning module GameProjectGeneration (179)
[2015.12.11-01.57.42:563][133]LogModuleManager: Shutting down and abandoning module IntroTutorials (178)
[2015.12.11-01.57.42:563][133]LogModuleManager: Shutting down and abandoning module EditorLiveStreaming (177)
[2015.12.11-01.57.42:563][133]LogModuleManager: Shutting down and abandoning module IOSPlatformEditor (176)
[2015.12.11-01.57.42:563][133]LogModuleManager: Shutting down and abandoning module HTML5PlatformEditor (175)
[2015.12.11-01.57.42:563][133]LogModuleManager: Shutting down and abandoning module AndroidDeviceDetection (174)
[2015.12.11-01.57.42:848][133]LogModuleManager: Shutting down and abandoning module AndroidPlatformEditor (173)
[2015.12.11-01.57.42:848][133]LogModuleManager: Shutting down and abandoning module IOSRuntimeSettings (172)
[2015.12.11-01.57.42:848][133]LogModuleManager: Shutting down and abandoning module AndroidRuntimeSettings (171)
[2015.12.11-01.57.42:848][133]LogModuleManager: Shutting down and abandoning module MergeActors (170)
[2015.12.11-01.57.42:848][133]LogModuleManager: Shutting down and abandoning module SizeMap (169)
[2015.12.11-01.57.42:848][133]LogModuleManager: Shutting down and abandoning module TreeMap (168)
[2015.12.11-01.57.42:848][133]LogModuleManager: Shutting down and abandoning module ReferenceViewer (167)
[2015.12.11-01.57.42:848][133]LogModuleManager: Shutting down and abandoning module LocalizationService (166)
[2015.12.11-01.57.42:848][133]LogModuleManager: Shutting down and abandoning module LocalizationDashboard (165)
[2015.12.11-01.57.42:848][133]LogModuleManager: Shutting down and abandoning module HardwareTargeting (164)
[2015.12.11-01.57.42:848][133]LogModuleManager: Shutting down and abandoning module DeviceProfileEditor (163)
[2015.12.11-01.57.42:848][133]LogModuleManager: Shutting down and abandoning module UndoHistory (162)
[2015.12.11-01.57.42:848][133]LogModuleManager: Shutting down and abandoning module GameplayTagsEditor (161)
[2015.12.11-01.57.42:848][133]LogModuleManager: Shutting down and abandoning module UserFeedback (160)
[2015.12.11-01.57.42:848][133]LogModuleManager: Shutting down and abandoning module XmlParser (159)
[2015.12.11-01.57.42:848][133]LogModuleManager: Shutting down and abandoning module Blutility (158)
[2015.12.11-01.57.42:848][133]LogModuleManager: Shutting down and abandoning module ProjectTargetPlatformEditor (157)
[2015.12.11-01.57.42:848][133]LogModuleManager: Shutting down and abandoning module ProjectSettingsViewer (156)
[2015.12.11-01.57.42:849][133]LogModuleManager: Shutting down and abandoning module InputBindingEditor (155)
[2015.12.11-01.57.42:849][133]LogModuleManager: Shutting down and abandoning module EditorSettingsViewer (154)
[2015.12.11-01.57.42:849][133]LogModuleManager: Shutting down and abandoning module SettingsEditor (153)
[2015.12.11-01.57.42:849][133]LogModuleManager: Shutting down and abandoning module ProjectLauncher (152)
[2015.12.11-01.57.42:849][133]LogModuleManager: Shutting down and abandoning module SessionFrontend (151)
[2015.12.11-01.57.42:849][133]LogModuleManager: Shutting down and abandoning module ProfilerClient (150)
[2015.12.11-01.57.42:849][133]LogModuleManager: Shutting down and abandoning module TargetDeviceServices (149)
[2015.12.11-01.57.42:849][133]LogModuleManager: Shutting down and abandoning module DeviceManager (148)
[2015.12.11-01.57.42:849][133]LogModuleManager: Shutting down and abandoning module AutomationController (147)
[2015.12.11-01.57.42:849][133]LogModuleManager: Shutting down and abandoning module AutomationWindow (146)
[2015.12.11-01.57.42:849][133]LogModuleManager: Shutting down and abandoning module Layers (145)
[2015.12.11-01.57.42:849][133]LogModuleManager: Shutting down and abandoning module ComponentVisualizers (144)
[2015.12.11-01.57.42:849][133]LogModuleManager: Shutting down and abandoning module DetailCustomizations (143)
[2015.12.11-01.57.42:849][133]LogModuleManager: Shutting down and abandoning module PackagesDialog (142)
[2015.12.11-01.57.42:849][133]LogModuleManager: Shutting down and abandoning module Persona (141)
[2015.12.11-01.57.42:849][133]LogModuleManager: Shutting down and abandoning module Kismet (140)
[2015.12.11-01.57.42:849][133]LogModuleManager: Shutting down and abandoning module GraphEditor (139)
[2015.12.11-01.57.42:849][133]LogModuleManager: Shutting down and abandoning module ClassViewer (138)
[2015.12.11-01.57.42:850][133]LogModuleManager: Shutting down and abandoning module Toolbox (137)
[2015.12.11-01.57.42:850][133]LogModuleManager: Shutting down and abandoning module ModuleUI (136)
[2015.12.11-01.57.42:850][133]LogModuleManager: Shutting down and abandoning module MovieSceneTools (135)
[2015.12.11-01.57.42:850][133]LogModuleManager: Shutting down and abandoning module OutputLog (134)
[2015.12.11-01.57.42:850][133]LogModuleManager: Shutting down and abandoning module GammaUI (133)
[2015.12.11-01.57.42:850][133]LogModuleManager: Shutting down and abandoning module Documentation (132)
[2015.12.11-01.57.42:850][133]LogModuleManager: Shutting down and abandoning module GameLiveStreaming (131)
[2015.12.11-01.57.42:850][133]LogModuleManager: Shutting down and abandoning module StreamingPauseRendering (130)
[2015.12.11-01.57.42:850][133]LogModuleManager: Shutting down and abandoning module AnalyticsET (129)
[2015.12.11-01.57.42:850][133]LogModuleManager: Shutting down and abandoning module Analytics (128)
[2015.12.11-01.57.42:850][133]LogModuleManager: Shutting down and abandoning module AITestSuite (127)
[2015.12.11-01.57.42:850][133]LogModuleManager: Shutting down and abandoning module GameplayDebugger (126)
[2015.12.11-01.57.42:850][133]LogModuleManager: Shutting down and abandoning module AIModule (125)
[2015.12.11-01.57.42:850][133]LogModuleManager: Shutting down and abandoning module ProfilerService (124)
[2015.12.11-01.57.42:929][133]LogModuleManager: Shutting down and abandoning module TaskGraph (123)
[2015.12.11-01.57.42:929][133]LogModuleManager: Shutting down and abandoning module SubstanceEditor (122)
[2015.12.11-01.57.42:929][133]LogModuleManager: Shutting down and abandoning module SlateRemote (121)
[2015.12.11-01.57.42:929][133]LogModuleManager: Shutting down and abandoning module SteamVRController (120)
[2015.12.11-01.57.42:929][133]LogModuleManager: Shutting down and abandoning module SteamVR (119)
[2015.12.11-01.57.42:929][133]LogModuleManager: Shutting down and abandoning module ProceduralMeshComponent (118)
[2015.12.11-01.57.42:930][133]LogModuleManager: Shutting down and abandoning module OculusRift (117)
[2015.12.11-01.57.42:930][133]LogModuleManager: Shutting down and abandoning module OculusLibrary (116)
[2015.12.11-01.57.42:930][133]LogModuleManager: Shutting down and abandoning module LeapMotionController (115)
[2015.12.11-01.57.42:987][133]LogModuleManager: Shutting down and abandoning module CustomMeshComponent (114)
[2015.12.11-01.57.42:987][133]LogModuleManager: Shutting down and abandoning module CableComponent (113)
[2015.12.11-01.57.42:987][133]LogModuleManager: Shutting down and abandoning module ArchVisCharacter (112)
[2015.12.11-01.57.42:987][133]LogModuleManager: Shutting down and abandoning module MessagingDebugger (111)
[2015.12.11-01.57.42:987][133]LogModuleManager: Shutting down and abandoning module MediaPlayerEditor (110)
[2015.12.11-01.57.42:987][133]LogModuleManager: Shutting down and abandoning module HTML5Networking (109)
[2015.12.11-01.57.42:987][133]LogModuleManager: Shutting down and abandoning module SpeedTreeImporter (108)
[2015.12.11-01.57.42:987][133]LogModuleManager: Shutting down and abandoning module PluginBrowser (107)
[2015.12.11-01.57.42:987][133]LogModuleManager: Shutting down and abandoning module EpicSurvey (106)
[2015.12.11-01.57.42:987][133]LogModuleManager: Shutting down and abandoning module DesktopPlatform (105)
[2015.12.11-01.57.42:987][133]LogModuleManager: Shutting down and abandoning module VisualStudioSourceCodeAccess (104)
[2015.12.11-01.57.42:987][133]LogModuleManager: Shutting down and abandoning module UObjectPlugin (103)
[2015.12.11-01.57.42:987][133]LogModuleManager: Shutting down and abandoning module SubversionSourceControl (102)
[2015.12.11-01.57.42:987][133]LogModuleManager: Shutting down and abandoning module PerforceSourceControl (101)
[2015.12.11-01.57.42:987][133]LogModuleManager: Shutting down and abandoning module SourceControl (100)
[2015.12.11-01.57.42:987][133]LogModuleManager: Shutting down and abandoning module GitSourceControl (99)
[2015.12.11-01.57.42:987][133]LogModuleManager: Shutting down and abandoning module LightPropagationVolumeEditor (98)
[2015.12.11-01.57.42:987][133]LogModuleManager: Shutting down and abandoning module PaperTiledImporter (97)
[2015.12.11-01.57.42:987][133]LogModuleManager: Shutting down and abandoning module PaperSpriteSheetImporter (96)
[2015.12.11-01.57.42:987][133]LogModuleManager: Shutting down and abandoning module MeshPaint (95)
[2015.12.11-01.57.42:987][133]LogModuleManager: Shutting down and abandoning module SlateReflector (94)
[2015.12.11-01.57.42:987][133]LogModuleManager: Shutting down and abandoning module HotReload (93)
[2015.12.11-01.57.42:987][133]LogModuleManager: Shutting down and abandoning module MainFrame (92)
[2015.12.11-01.57.42:987][133]LogModuleManager: Shutting down and abandoning module LevelEditor (91)
[2015.12.11-01.57.42:988][133]LogModuleManager: Shutting down and abandoning module ContentBrowser (90)
[2015.12.11-01.57.42:989][133]LogModuleManager: Shutting down and abandoning module Paper2DEditor (89)
[2015.12.11-01.57.42:989][133]LogModuleManager: Shutting down and abandoning module UdpMessaging (88)
[2015.12.11-01.57.43:090][133]LogModuleManager: Shutting down and abandoning module DirectoryWatcher (87)
[2015.12.11-01.57.43:091][133]LogModuleManager: Shutting down and abandoning module AssetRegistry (86)
[2015.12.11-01.57.43:176][133]LogModuleManager: Shutting down and abandoning module SubstanceCore (85)
[2015.12.11-01.57.43:176][133]LogModuleManager: Shutting down and abandoning module LightPropagationVolumeRuntime (84)
[2015.12.11-01.57.43:176][133]LogModuleManager: Shutting down and abandoning module Paper2D (83)
[2015.12.11-01.57.43:176][133]LogModuleManager: Shutting down and abandoning module WindowsMoviePlayer (82)
[2015.12.11-01.57.43:180][133]LogModuleManager: Shutting down and abandoning module Media (81)
[2015.12.11-01.57.43:180][133]LogModuleManager: Shutting down and abandoning module WmfMedia (80)
[2015.12.11-01.57.43:180][133]LogModuleManager: Shutting down and abandoning module OnlineBlueprintSupport (79)
[2015.12.11-01.57.43:180][133]LogModuleManager: Shutting down and abandoning module GameplayTasksEditor (78)
[2015.12.11-01.57.43:180][133]LogModuleManager: Shutting down and abandoning module PropertyEditor (77)
[2015.12.11-01.57.43:180][133]LogModuleManager: Shutting down and abandoning module BehaviorTreeEditor (76)
[2015.12.11-01.57.43:180][133]LogModuleManager: Shutting down and abandoning module FunctionalTesting (75)
[2015.12.11-01.57.43:180][133]LogModuleManager: Shutting down and abandoning module CollisionAnalyzer (74)
[2015.12.11-01.57.43:180][133]LogModuleManager: Shutting down and abandoning module WorkspaceMenuStructure (73)
[2015.12.11-01.57.43:180][133]LogModuleManager: Shutting down and abandoning module MessageLog (72)
[2015.12.11-01.57.43:180][133]LogModuleManager: Shutting down and abandoning module Sequencer (71)
[2015.12.11-01.57.43:180][133]LogModuleManager: Shutting down and abandoning module AssetTools (70)
[2015.12.11-01.57.43:180][133]LogModuleManager: Shutting down and abandoning module UMGEditor (69)
[2015.12.11-01.57.43:180][133]LogModuleManager: Shutting down and abandoning module UMG (68)
[2015.12.11-01.57.43:180][133]LogModuleManager: Shutting down and abandoning module Slate (67)
[2015.12.11-01.57.43:180][133]LogModuleManager: Shutting down and abandoning module EditorStyle (66)
[2015.12.11-01.57.43:181][133]LogModuleManager: Shutting down and abandoning module SessionServices (65)
[2015.12.11-01.57.43:181][133]LogModuleManager: Shutting down and abandoning module SourceCodeAccess (64)
[2015.12.11-01.57.43:181][133]LogModuleManager: Shutting down and abandoning module HeadMountedDisplay (63)
[2015.12.11-01.57.43:181][133]LogModuleManager: Shutting down and abandoning module XAudio2 (62)
[2015.12.11-01.57.43:181][133]LogModuleManager: Shutting down and abandoning module Networking (60)
[2015.12.11-01.57.43:181][133]LogModuleManager: Shutting down and abandoning module Core (59)
[2015.12.11-01.57.43:181][133]LogModuleManager: Shutting down and abandoning module KismetCompiler (58)
[2015.12.11-01.57.43:181][133]LogModuleManager: Shutting down and abandoning module PhysXFormats (57)
[2015.12.11-01.57.43:181][133]LogModuleManager: Shutting down and abandoning module MeshUtilities (56)
[2015.12.11-01.57.43:181][133]LogModuleManager: Shutting down and abandoning module CookingStats (55)
[2015.12.11-01.57.43:184][133]LogModuleManager: Shutting down and abandoning module DerivedDataCache (54)
[2015.12.11-01.57.43:190][133]LogDerivedDataCache: Shutdown
[2015.12.11-01.57.43:190][133]LogModuleManager: Shutting down and abandoning module ShaderFormatOpenGL (53)
[2015.12.11-01.57.43:190][133]LogModuleManager: Shutting down and abandoning module ShaderFormatD3D (52)
[2015.12.11-01.57.43:190][133]LogModuleManager: Shutting down and abandoning module MetalShaderFormat (51)
[2015.12.11-01.57.43:190][133]LogModuleManager: Shutting down and abandoning module TextureFormatUncompressed (50)
[2015.12.11-01.57.43:190][133]LogModuleManager: Shutting down and abandoning module TextureFormatPVR (49)
[2015.12.11-01.57.43:190][133]LogModuleManager: Shutting down and abandoning module TextureFormatIntelISPCTexComp (48)
[2015.12.11-01.57.43:190][133]LogModuleManager: Shutting down and abandoning module TextureFormatDXT (47)
[2015.12.11-01.57.43:190][133]LogModuleManager: Shutting down and abandoning module ImageWrapper (46)
[2015.12.11-01.57.43:190][133]LogModuleManager: Shutting down and abandoning module TextureFormatASTC (45)
[2015.12.11-01.57.43:190][133]LogModuleManager: Shutting down and abandoning module TextureFormatAndroid (44)
[2015.12.11-01.57.43:190][133]LogModuleManager: Shutting down and abandoning module AudioFormatOpus (43)
[2015.12.11-01.57.43:190][133]LogModuleManager: Shutting down and abandoning module AudioFormatOgg (42)
[2015.12.11-01.57.43:190][133]LogModuleManager: Shutting down and abandoning module AudioFormatADPCM (41)
[2015.12.11-01.57.43:190][133]LogModuleManager: Shutting down and abandoning module LinuxTargetPlatform (40)
[2015.12.11-01.57.43:190][133]LogModuleManager: Shutting down and abandoning module LinuxServerTargetPlatform (39)
[2015.12.11-01.57.43:190][133]LogModuleManager: Shutting down and abandoning module LinuxNoEditorTargetPlatform (38)
[2015.12.11-01.57.43:190][133]LogModuleManager: Shutting down and abandoning module Messaging (37)
[2015.12.11-01.57.43:190][133]LogModuleManager: Shutting down and abandoning module IOSTargetPlatform (36)
[2015.12.11-01.57.43:190][133]LogModuleManager: Shutting down and abandoning module HTML5TargetPlatform (35)
[2015.12.11-01.57.43:190][133]LogModuleManager: Shutting down and abandoning module Android_PVRTCTargetPlatform (34)
[2015.12.11-01.57.43:190][133]LogModuleManager: Shutting down and abandoning module Android_ETC2TargetPlatform (33)
[2015.12.11-01.57.43:190][133]LogModuleManager: Shutting down and abandoning module Android_ETC1TargetPlatform (32)
[2015.12.11-01.57.43:190][133]LogModuleManager: Shutting down and abandoning module Android_DXTTargetPlatform (31)
[2015.12.11-01.57.43:190][133]LogModuleManager: Shutting down and abandoning module Android_ATCTargetPlatform (30)
[2015.12.11-01.57.43:190][133]LogModuleManager: Shutting down and abandoning module Android_ASTCTargetPlatform (29)
[2015.12.11-01.57.43:190][133]LogModuleManager: Shutting down and abandoning module AndroidTargetPlatform (28)
[2015.12.11-01.57.43:190][133]LogModuleManager: Shutting down and abandoning module WindowsTargetPlatform (27)
[2015.12.11-01.57.43:190][133]LogModuleManager: Shutting down and abandoning module WindowsServerTargetPlatform (26)
[2015.12.11-01.57.43:190][133]LogModuleManager: Shutting down and abandoning module WindowsNoEditorTargetPlatform (25)
[2015.12.11-01.57.43:190][133]LogModuleManager: Shutting down and abandoning module WindowsClientTargetPlatform (24)
[2015.12.11-01.57.43:190][133]LogModuleManager: Shutting down and abandoning module AllDesktopTargetPlatform (23)
[2015.12.11-01.57.43:190][133]LogModuleManager: Shutting down and abandoning module TargetPlatform (22)
[2015.12.11-01.57.43:190][133]LogModuleManager: Shutting down and abandoning module InputCore (21)
[2015.12.11-01.57.43:190][133]LogModuleManager: Shutting down and abandoning module Settings (20)
[2015.12.11-01.57.43:190][133]LogModuleManager: Shutting down and abandoning module OnlineSubsystem (18)
[2015.12.11-01.57.43:190][133]LogModuleManager: Shutting down and abandoning module HTTP (17)
[2015.12.11-01.57.44:192][133]LogModuleManager: Shutting down and abandoning module XMPP (16)
[2015.12.11-01.57.44:192][133]LogModuleManager: Shutting down and abandoning module ExampleDeviceProfileSelector (15)
[2015.12.11-01.57.44:192][133]LogModuleManager: Shutting down and abandoning module TextureCompressor (14)
[2015.12.11-01.57.44:192][133]LogModuleManager: Shutting down and abandoning module ShaderCore (13)
[2015.12.11-01.57.44:192][133]LogModuleManager: Shutting down and abandoning module Landscape (12)
[2015.12.11-01.57.44:192][133]LogModuleManager: Shutting down and abandoning module SlateRHIRenderer (11)
[2015.12.11-01.57.44:194][133]LogModuleManager: Shutting down and abandoning module OpenGLDrv (10)
[2015.12.11-01.57.44:194][133]LogModuleManager: Shutting down and abandoning module D3D11RHI (9)
[2015.12.11-01.57.44:194][133]LogModuleManager: Shutting down and abandoning module AnimGraphRuntime (8)
[2015.12.11-01.57.44:194][133]LogModuleManager: Shutting down and abandoning module Renderer (7)
[2015.12.11-01.57.44:194][133]LogModuleManager: Shutting down and abandoning module Engine (6)
[2015.12.11-01.57.44:194][133]LogModuleManager: Shutting down and abandoning module CoreUObject (5)
[2015.12.11-01.57.44:194][133]LogModuleManager: Shutting down and abandoning module NetworkFile (4)
[2015.12.11-01.57.44:194][133]LogModuleManager: Shutting down and abandoning module StreamingFile (3)
[2015.12.11-01.57.44:194][133]LogModuleManager: Shutting down and abandoning module SandboxFile (2)
[2015.12.11-01.57.44:194][133]LogModuleManager: Shutting down and abandoning module PakFile (1)
[2015.12.11-01.57.44:194][133]LogExit: Exiting.
[2015.12.11-01.57.44:195][133]Log file closed, 12/10/15 20:57:44
