[2015.09.29-22.22.25:788][  0]Log file open, 09/29/15 18:22:25
[2015.09.29-22.22.25:788][  0]LogInit:Display: Running engine without a game
[2015.09.29-22.22.25:788][  0]LogInit:Display: Loading recent project file: ../../../../../../../My Media/UCF Documents/DIG 4725/Game-Files/SuperSpaceArmada/SuperSpaceArmada.uproject
[2015.09.29-22.22.25:788][  0]LogInit:Display: RandInit(438739868) SRandInit(438739869).
[2015.09.29-22.22.25:788][  0]LogTaskGraph: Started task graph with 4 named threads and 7 total threads.
[2015.09.29-22.22.25:788][  0]LogStats: Stats thread started at 0.453201
[2015.09.29-22.22.25:788][  0]LogInit: Version: 4.9.1-2689999+++depot+UE4-Releases+4.9
[2015.09.29-22.22.25:788][  0]LogInit: API Version: 2672455
[2015.09.29-22.22.25:788][  0]LogInit: Compiled (64-bit): Sep 14 2015 04:12:03
[2015.09.29-22.22.25:788][  0]LogInit: Compiled with Visual C++: 18.00.21005.01
[2015.09.29-22.22.25:788][  0]LogInit: Build Configuration: Development
[2015.09.29-22.22.25:788][  0]LogInit: Branch Name: ++depot+UE4-Releases+4.9
[2015.09.29-22.22.25:788][  0]LogInit: Command line: 
[2015.09.29-22.22.25:788][  0]LogInit: Base directory: F:/Program Files/Unreal/Epic Games/4.9/Engine/Binaries/Win64/
[2015.09.29-22.22.25:788][  0]LogInit: Rocket: 1
[2015.09.29-22.22.25:797][  0]LogInit: Using libcurl 7.41.0
[2015.09.29-22.22.25:797][  0]LogInit:  - built for x86_64-pc-win32
[2015.09.29-22.22.25:797][  0]LogInit:  - supports SSL with WinSSL
[2015.09.29-22.22.25:797][  0]LogInit:  - other features:
[2015.09.29-22.22.25:797][  0]LogInit:      CURL_VERSION_SSL
[2015.09.29-22.22.25:797][  0]LogInit:      CURL_VERSION_IPV6
[2015.09.29-22.22.25:797][  0]LogInit:      CURL_VERSION_ASYNCHDNS
[2015.09.29-22.22.25:797][  0]LogInit:      CURL_VERSION_LARGEFILE
[2015.09.29-22.22.25:797][  0]LogInit:      CURL_VERSION_IDN
[2015.09.29-22.22.25:797][  0]LogInit:  CurlRequestOptions (configurable via config and command line):
[2015.09.29-22.22.25:797][  0]LogInit:  - bVerifyPeer = true  - Libcurl will verify peer certificate
[2015.09.29-22.22.25:797][  0]LogInit:  - bUseHttpProxy = false  - Libcurl will NOT use HTTP proxy
[2015.09.29-22.22.25:797][  0]LogInit:  - bDontReuseConnections = false  - Libcurl will reuse connections
[2015.09.29-22.22.25:797][  0]LogInit:  - CertBundlePath = nullptr  - Libcurl will use whatever was configured at build time.
[2015.09.29-22.22.25:803][  0]LogInit: Presizing for 0 objects not considered by GC, pre-allocating 0 bytes.
[2015.09.29-22.22.25:808][  0]LogInit: Object subsystem initialized
[2015.09.29-22.22.25:956][  0]LogInit: Selected Device Profile: [Windows]
[2015.09.29-22.22.25:956][  0]LogInit: Applying CVar settings loaded from the selected device profile: [Windows]
[2015.09.29-22.22.25:973][  0]LogInit: Computer: ANDREW_2015
[2015.09.29-22.22.25:973][  0]LogInit: User: aehrlich92
[2015.09.29-22.22.25:973][  0]LogInit: CPU Page size=4096, Cores=4
[2015.09.29-22.22.25:973][  0]LogInit: High frequency timer resolution =3.984650 MHz
[2015.09.29-22.22.25:974][  0]LogMemory: Memory total: Physical=15.9GB (16GB approx)
[2015.09.29-22.22.25:974][  0]LogMemory: Platform Memory Stats for Windows
[2015.09.29-22.22.25:974][  0]LogMemory: Process Physical Memory: 55.15 MB used, 55.15 MB peak
[2015.09.29-22.22.25:974][  0]LogMemory: Process Virtual Memory: 55.32 MB used, 55.32 MB peak
[2015.09.29-22.22.25:974][  0]LogMemory: Physical Memory: 4241.53 MB used, 16322.88 MB total
[2015.09.29-22.22.25:974][  0]LogMemory: Virtual Memory: 364.82 MB used, 134217728.00 MB total
[2015.09.29-22.22.26:075][  0]LogTextLocalizationManager: No specific translations for ('en-US') exist, so ('en') translations will be used.
[2015.09.29-22.22.26:607][  0]LogD3D11RHI: Found D3D11 adapter 0: NVIDIA GeForce GTX 960 (Feature Level 11_0)
[2015.09.29-22.22.26:607][  0]LogD3D11RHI: Adapter has 1969MB of dedicated video memory, 0MB of dedicated system memory, and 8161MB of shared system memory, 2 output[s]
[2015.09.29-22.22.26:608][  0]LogD3D11RHI: Found D3D11 adapter 1: Microsoft Basic Render Driver (Feature Level 11_0)
[2015.09.29-22.22.26:609][  0]LogD3D11RHI: Adapter has 0MB of dedicated video memory, 0MB of dedicated system memory, and 8161MB of shared system memory, 0 output[s]
[2015.09.29-22.22.26:609][  0]LogD3D11RHI: Chosen D3D11 Adapter Id = 0
[2015.09.29-22.22.26:612][  0]LogD3D11RHI: !Direct3DDevice
[2015.09.29-22.22.26:612][  0]LogRHI: Texture pool is 1361 MB (70% of 1945 MB)
[2015.09.29-22.22.26:620][  0]LogD3D11RHI: Async texture creation enabled
[2015.09.29-22.22.26:678][  0]LogShaderCompilers: Guid format shader working directory is 14 characters bigger than the processId version (../../../../../../../My Media/UCF Documents/DIG 4725/Game-Files/SuperSpaceArmada/Intermediate/Shaders/WorkingDirectory/13132/).
[2015.09.29-22.22.26:678][  0]LogShaderCompilers: Cleaned the shader compiler working directory '../../../../../../../My Media/UCF Documents/DIG 4725/Game-Files/SuperSpaceArmada/Intermediate/Shaders/tmp/F27005004FE9FA9D3BD6AFB7107F9BE5/'.
[2015.09.29-22.22.26:678][  0]LogShaderCompilers:Display: Using Local Shader Compiler.
[2015.09.29-22.22.27:829][  0]LogTemp:Display: Loaded TP AllDesktopTargetPlatform
[2015.09.29-22.22.27:834][  0]LogTemp:Display: Loaded TP WindowsClientTargetPlatform
[2015.09.29-22.22.27:837][  0]LogTemp:Display: Loaded TP WindowsNoEditorTargetPlatform
[2015.09.29-22.22.27:841][  0]LogTemp:Display: Loaded TP WindowsServerTargetPlatform
[2015.09.29-22.22.27:845][  0]LogTemp:Display: Loaded TP WindowsTargetPlatform
[2015.09.29-22.22.27:848][  0]LogTemp:Display: Loaded TP AndroidTargetPlatform
[2015.09.29-22.22.27:851][  0]LogTemp:Display: Loaded TP Android_ASTCTargetPlatform
[2015.09.29-22.22.27:855][  0]LogTemp:Display: Loaded TP Android_ATCTargetPlatform
[2015.09.29-22.22.27:859][  0]LogTemp:Display: Loaded TP Android_DXTTargetPlatform
[2015.09.29-22.22.27:862][  0]LogTemp:Display: Loaded TP Android_ETC1TargetPlatform
[2015.09.29-22.22.27:865][  0]LogTemp:Display: Loaded TP Android_ETC2TargetPlatform
[2015.09.29-22.22.27:872][  0]LogTemp:Display: Loaded TP Android_PVRTCTargetPlatform
[2015.09.29-22.22.27:873][  0]LogTemp:Display: Loaded TP HTML5TargetPlatform
[2015.09.29-22.22.27:890][  0]LogTemp:Display: Loaded TP IOSTargetPlatform
[2015.09.29-22.22.27:893][  0]LogTemp:Display: Loaded TP LinuxNoEditorTargetPlatform
[2015.09.29-22.22.27:896][  0]LogTemp:Display: Loaded TP LinuxServerTargetPlatform
[2015.09.29-22.22.27:900][  0]LogTemp:Display: Loaded TP LinuxTargetPlatform
[2015.09.29-22.22.27:900][  0]LogTargetPlatformManager:Display: Building Assets For Windows
[2015.09.29-22.22.27:981][  0]LogDerivedDataCache:Display: Max Cache Size: 512 MB
[2015.09.29-22.22.28:210][  0]LogDerivedDataCache: Loaded boot cache 0.23s 41MB C:/Users/aehrlich92/AppData/Local/UnrealEngine/4.9/DerivedDataCache/Boot.ddc.
[2015.09.29-22.22.28:211][  0]LogDerivedDataCache:Display: Loaded Boot cache: C:/Users/aehrlich92/AppData/Local/UnrealEngine/4.9/DerivedDataCache/Boot.ddc
[2015.09.29-22.22.28:211][  0]LogDerivedDataCache: FDerivedDataBackendGraph:  Pak pak cache file ../../../../../../../My Media/UCF Documents/DIG 4725/Game-Files/SuperSpaceArmada/DerivedDataCache/DDC.ddp not found, will not use a pak cache.
[2015.09.29-22.22.28:211][  0]LogDerivedDataCache: Unable to find inner node Pak for hierarchical cache Hierarchy.
[2015.09.29-22.22.28:211][  0]LogDerivedDataCache: FDerivedDataBackendGraph:  CompressedPak pak cache file ../../../../../../../My Media/UCF Documents/DIG 4725/Game-Files/SuperSpaceArmada/DerivedDataCache/Compressed.ddp not found, will not use a pak cache.
[2015.09.29-22.22.28:211][  0]LogDerivedDataCache: Unable to find inner node CompressedPak for hierarchical cache Hierarchy.
[2015.09.29-22.22.28:372][  0]LogDerivedDataCache:Display: Pak cache opened for reading ../../../Engine/DerivedDataCache/Compressed.ddp.
[2015.09.29-22.22.28:384][  0]LogDerivedDataCache: Using Local data cache path C:/Users/aehrlich92/AppData/Local/UnrealEngine/Common/DerivedDataCache: Writable
[2015.09.29-22.22.33:410][  0]LogInit: Selected Device Profile: [Windows]
[2015.09.29-22.22.33:484][  0]LogContentStreaming: Texture pool size is 0.000000MB
[2015.09.29-22.22.34:041][  0]LogMeshUtilities: No automatic mesh reduction module available
[2015.09.29-22.22.34:041][  0]LogMeshUtilities: No automatic mesh merging module available
[2015.09.29-22.22.36:289][  0]LogInit: WinSock: version 1.1 (2.2), MaxSocks=32767, MaxUdp=65467
[2015.09.29-22.22.42:712][  0]LogAssetRegistry: FAssetRegistry took 0.0112 seconds to start up
[2015.09.29-22.22.42:797][  0]UdpMessaging: Initializing bridge on interface 0.0.0.0:0 to multicast group 230.0.0.1:6666.
[2015.09.29-22.22.45:208][  0]SourceControl: Info Source control is disabled
[2015.09.29-22.22.45:217][  0]SourceControl: Info Source control is disabled
[2015.09.29-22.22.45:288][  0]SourceControl: Info Source control is disabled
[2015.09.29-22.22.45:351][  0]SourceControl: Info Source control is disabled
[2015.09.29-22.22.46:537][  0]LogLinker:Warning: Asset '../../../Engine/Plugins/Runtime/LeapMotionController/Content/LM_PassthroughMaterial.uasset' has been saved with empty engine version. The asset will be loaded but may be incompatible.
[2015.09.29-22.22.47:144][  0]LogObj: 28528 objects as part of root set at end of initial load.
[2015.09.29-22.22.47:144][  0]LogUObjectAllocator: 6068464 out of 0 bytes used by permanent object pool.
[2015.09.29-22.22.47:737][  0]LogEngine: Initializing Engine...
[2015.09.29-22.22.47:765][  0]LogHMD: Can't find Oculus library dev build: is proper Runtime installed? Version: 0.7.0.0
[2015.09.29-22.22.47:805][  0]LogHMD: SteamVR failed to initialize.  Err: 110
[2015.09.29-22.22.48:736][  0]LogAIModule: Creating AISystem for world NewWorld
[2015.09.29-22.22.49:077][  0]LogInit: XAudio2 using 'Speakers (Realtek High Definition Audio)' : 8 channels at 48 kHz using 32 bits per sample (channel mask 0x63f)
[2015.09.29-22.22.49:087][  0]LogInit: FAudioDevice initialized.
[2015.09.29-22.22.49:100][  0]LogDerivedDataCache: Saved boot cache 0.01s 41MB C:/Users/aehrlich92/AppData/Local/UnrealEngine/4.9/DerivedDataCache/Boot.ddc.
[2015.09.29-22.22.49:103][  0]LogInit: Texture streaming: Enabled
[2015.09.29-22.22.49:281][  0]LogAnalytics: Creating configured Analytics provider AnalyticsET
[2015.09.29-22.22.49:281][  0]LogAnalytics: [UEEditor.Rocket.Release] APIServer = http://et2.epicgames.com/ET2/. AppVersion = 4.9.1-2689999+++depot+UE4-Releases+4.9
[2015.09.29-22.22.49:282][  0]LogAnalytics: [UEEditor.Rocket.Release] SetUserId 7bdbd2584788e6e37f918c9187bab22c|b300224d71e64562a5bff06c2aaa78f8|45aed112-7b58-41bf-9eba-b8dcb7f9dd12
[2015.09.29-22.22.49:282][  0]LogAnalytics: [UEEditor.Rocket.Release] AnalyticsET::StartSession
[2015.09.29-22.22.49:403][  0]LogInit: Transaction tracking system initialized
[2015.09.29-22.22.49:695][  0]BlueprintLog: New page: Editor Load
[2015.09.29-22.22.51:397][  0]LocalizationService: Info Localization service is disabled
[2015.09.29-22.22.52:502][  0]LogConsoleResponse:Display: 
[2015.09.29-22.22.53:835][  0]LogCook:Display: Done creating registry. It took  0.00s.
[2015.09.29-22.22.54:673][  0]LogFileCache: Scanning file cache for directory 'F:/My Media/UCF Documents/DIG 4725/Game-Files/SuperSpaceArmada/Content/' took 0.01s
[2015.09.29-22.22.54:853][  0]SourceControl: Info Source control is disabled
[2015.09.29-22.22.54:853][  0]Cmd: MAP LOAD FILE="../../../../../../../My Media/UCF Documents/DIG 4725/Game-Files/SuperSpaceArmada/Content/TopDownBP/Maps/TopDownExampleMap.umap" TEMPLATE=0 SHOWPROGRESS=1 FEATURELEVEL=3
[2015.09.29-22.22.54:853][  0]LogEditorServer:Warning: Can't find file '../../../../../../../My Media/UCF Documents/DIG 4725/Game-Files/SuperSpaceArmada/Content/TopDownBP/Maps/TopDownExampleMap.umap'
[2015.09.29-22.22.54:853][  0]Cmd: MAP CHECKDEP NOCLEARLOG
[2015.09.29-22.22.54:956][  0]MapCheck: Info Map check complete: 0 Error(s), 0 Warning(s), took 102.538ms to complete.
[2015.09.29-22.22.54:956][  0]LogFileHelpers: Loading map 'TopDownExampleMap' took 0.103
[2015.09.29-22.22.55:469][  0]LogCollectionManager: Loaded 0 collections in 0.001237 seconds
[2015.09.29-22.22.55:506][  0]LogFileCache: Scanning file cache for directory 'F:/My Media/UCF Documents/DIG 4725/Game-Files/SuperSpaceArmada/Saved/Collections/' took 0.01s
[2015.09.29-22.22.55:506][  0]LogFileCache: Scanning file cache for directory 'F:/My Media/UCF Documents/DIG 4725/Game-Files/SuperSpaceArmada/Content/Developers/aehrlich92/Collections/' took 0.01s
[2015.09.29-22.22.55:506][  0]LogFileCache: Scanning file cache for directory 'F:/My Media/UCF Documents/DIG 4725/Game-Files/SuperSpaceArmada/Content/Collections/' took 0.01s
[2015.09.29-22.22.55:506][  0]LogContentBrowser: Native class hierarchy populated in 0.0049 seconds. Added 1882 classes and 339 folders.
[2015.09.29-22.22.55:511][  0]LogCollectionManager: Rebuilt the GUID cache for 0 collections in 0.000005 seconds
[2015.09.29-22.22.55:515][  0]LogContentBrowser: Native class hierarchy updated for 'WidgetCarousel' in 0.0003 seconds. Added 0 classes and 0 folders.
[2015.09.29-22.22.59:311][  0]LogContentBrowser: Native class hierarchy updated for 'AddContentDialog' in 0.0004 seconds. Added 0 classes and 0 folders.
[2015.09.29-22.22.59:375][  0]LogContentBrowser: Native class hierarchy updated for 'SceneOutliner' in 0.0002 seconds. Added 1 classes and 2 folders.
[2015.09.29-22.22.59:892][  0]LogCrashTracker: Crashtracker disabled due to settings.
[2015.09.29-22.22.59:955][  0]LogUObjectGlobals:Warning: Failed to find object 'Class None.'
[2015.09.29-22.22.59:977][  0]LogLoad: Full Startup: 35.19 seconds (BP compile: 0.20 seconds)
[2015.09.29-22.23.02:008][  0]LogContentStreaming: Texture pool size now 1000 MB
[2015.09.29-22.23.02:710][  1]LogRenderer: Reallocating scene render targets to support 1000x564 (Frame:2).
[2015.09.29-22.23.02:945][  2]LogLinker:Warning: Asset '../../../../../../../My Media/UCF Documents/DIG 4725/Game-Files/SuperSpaceArmada/Content/Mannequin/Animations/ThirdPerson_AnimBP.uasset' has been saved with empty engine version. The asset will be loaded but may be incompatible.
[2015.09.29-22.23.02:946][  2]LogLinker:Warning: Asset '../../../../../../../My Media/UCF Documents/DIG 4725/Game-Files/SuperSpaceArmada/Content/Mannequin/Animations/ThirdPerson_Jump.uasset' has been saved with empty engine version. The asset will be loaded but may be incompatible.
[2015.09.29-22.23.02:959][  2]LogLinker:Warning: Asset '../../../../../../../My Media/UCF Documents/DIG 4725/Game-Files/SuperSpaceArmada/Content/Mannequin/Animations/ThirdPersonJump_Loop.uasset' has been saved with empty engine version. The asset will be loaded but may be incompatible.
[2015.09.29-22.23.02:960][  2]LogLinker:Warning: Asset '../../../../../../../My Media/UCF Documents/DIG 4725/Game-Files/SuperSpaceArmada/Content/Mannequin/Animations/ThirdPersonJump_Start.uasset' has been saved with empty engine version. The asset will be loaded but may be incompatible.
[2015.09.29-22.23.02:961][  2]LogLinker:Warning: Asset '../../../../../../../My Media/UCF Documents/DIG 4725/Game-Files/SuperSpaceArmada/Content/Mannequin/Animations/ThirdPerson_IdleRun_2D.uasset' has been saved with empty engine version. The asset will be loaded but may be incompatible.
[2015.09.29-22.23.02:961][  2]LogLinker:Warning: Asset '../../../../../../../My Media/UCF Documents/DIG 4725/Game-Files/SuperSpaceArmada/Content/Mannequin/Animations/ThirdPersonIdle.uasset' has been saved with empty engine version. The asset will be loaded but may be incompatible.
[2015.09.29-22.23.02:962][  2]LogLinker:Warning: Asset '../../../../../../../My Media/UCF Documents/DIG 4725/Game-Files/SuperSpaceArmada/Content/Mannequin/Animations/ThirdPersonRun.uasset' has been saved with empty engine version. The asset will be loaded but may be incompatible.
[2015.09.29-22.23.02:962][  2]LogLinker:Warning: Asset '../../../../../../../My Media/UCF Documents/DIG 4725/Game-Files/SuperSpaceArmada/Content/Mannequin/Animations/ThirdPersonWalk.uasset' has been saved with empty engine version. The asset will be loaded but may be incompatible.
[2015.09.29-22.23.04:712][  2]LogTexture:Display: Building textures: ThumbnailTexture (DXT1)
[2015.09.29-22.23.05:330][  2]LogLinker:Warning: Asset '../../../Engine/Content/ArtTools/RenderToTexture/Macros/RenderToTextureMacros.uasset' has been saved with empty engine version. The asset will be loaded but may be incompatible.
[2015.09.29-22.23.05:942][  2]LogContentBrowser: Native class hierarchy updated for 'BlueprintGraph' in 0.0006 seconds. Added 107 classes and 0 folders.
[2015.09.29-22.23.08:156][  5]LogAssetRegistry: Asset discovery search completed in 25.4546 seconds
[2015.09.29-22.23.08:156][  5]LogCollectionManager: Rebuilt the object cache for 0 collections in 0.000001 seconds (found 0 objects)
[2015.09.29-22.23.08:156][  5]LogCollectionManager: Fixed up redirectors for 0 collections in 0.000014 seconds (updated 0 objects)
[2015.09.29-22.37.47:880][914]LogParticles: Destroying 0 GPU particle simulations for FXSystem 0x00000026A1A444A0
[2015.09.29-22.37.48:083][914]LogWindowsTextInputMethodSystem:Display: IME system now deactivated.
[2015.09.29-22.37.48:294][915]Cmd: QUIT_EDITOR
[2015.09.29-22.37.48:469][915]LogExit: Preparing to exit.
[2015.09.29-22.37.49:235][915]LogExit: Editor shut down
[2015.09.29-22.37.49:236][915]LogParticles: Destroying 0 GPU particle simulations for FXSystem 0x00000026F3C7D620
[2015.09.29-22.37.49:236][915]LogExit: Transaction tracking system shut down
[2015.09.29-22.37.49:236][915]LogParticles: Destroying 0 GPU particle simulations for FXSystem 0x00000026E21C1620
[2015.09.29-22.37.49:236][915]LogParticles: Destroying 0 GPU particle simulations for FXSystem 0x00000026835A9120
[2015.09.29-22.37.49:237][915]LogParticles: Destroying 0 GPU particle simulations for FXSystem 0x00000026876AB2E0
[2015.09.29-22.37.49:238][915]LogParticles: Destroying 0 GPU particle simulations for FXSystem 0x00000026876ABA60
[2015.09.29-22.37.49:239][915]LogParticles: Destroying 0 GPU particle simulations for FXSystem 0x00000026A7694400
[2015.09.29-22.37.49:240][915]LogParticles: Destroying 0 GPU particle simulations for FXSystem 0x00000026A7620D60
[2015.09.29-22.37.49:240][915]LogParticles: Destroying 0 GPU particle simulations for FXSystem 0x00000026AD626D40
[2015.09.29-22.37.49:386][915]LogExit: Object subsystem successfully closed.
[2015.09.29-22.37.49:396][915]LogD3D11RHI: Shutdown
[2015.09.29-22.37.49:396][915]LogD3D11RHI: CleanupD3DDevice
[2015.09.29-22.37.49:427][915]LogD3D11RHI: ~FD3D11DynamicRHI
[2015.09.29-22.37.49:437][915]LogModuleManager: Shutting down and abandoning module SequencerWidgets (200)
[2015.09.29-22.37.49:437][915]LogModuleManager: Shutting down and abandoning module BlueprintGraph (199)
[2015.09.29-22.37.49:437][915]LogModuleManager: Shutting down and abandoning module CrashTracker (198)
[2015.09.29-22.37.49:437][915]LogModuleManager: Shutting down and abandoning module SceneOutliner (197)
[2015.09.29-22.37.49:437][915]LogModuleManager: Shutting down and abandoning module SuperSearch (196)
[2015.09.29-22.37.49:437][915]LogModuleManager: Shutting down and abandoning module WidgetCarousel (195)
[2015.09.29-22.37.49:437][915]LogModuleManager: Shutting down and abandoning module AddContentDialog (194)
[2015.09.29-22.37.49:438][915]LogModuleManager: Shutting down and abandoning module EditorWidgets (193)
[2015.09.29-22.37.49:438][915]LogModuleManager: Shutting down and abandoning module CollectionManager (192)
[2015.09.29-22.37.49:438][915]LogModuleManager: Shutting down and abandoning module FoliageEdit (191)
[2015.09.29-22.37.49:438][915]LogModuleManager: Shutting down and abandoning module LandscapeEditor (190)
[2015.09.29-22.37.49:438][915]LogModuleManager: Shutting down and abandoning module ActorPickerMode (189)
[2015.09.29-22.37.49:438][915]LogModuleManager: Shutting down and abandoning module GeometryMode (188)
[2015.09.29-22.37.49:438][915]LogModuleManager: Shutting down and abandoning module TextureAlignMode (187)
[2015.09.29-22.37.49:438][915]LogModuleManager: Shutting down and abandoning module BspMode (186)
[2015.09.29-22.37.49:438][915]LogModuleManager: Shutting down and abandoning module PlacementMode (185)
[2015.09.29-22.37.49:438][915]LogModuleManager: Shutting down and abandoning module AutomationWorker (184)
[2015.09.29-22.37.49:438][915]LogModuleManager: Shutting down and abandoning module CharacterAI (183)
[2015.09.29-22.37.49:438][915]LogModuleManager: Shutting down and abandoning module SmartSnapping (182)
[2015.09.29-22.37.49:438][915]LogModuleManager: Shutting down and abandoning module ViewportSnapping (181)
[2015.09.29-22.37.49:438][915]LogModuleManager: Shutting down and abandoning module LogVisualizer (180)
[2015.09.29-22.37.49:438][915]LogModuleManager: Shutting down and abandoning module GameProjectGeneration (179)
[2015.09.29-22.37.49:438][915]LogModuleManager: Shutting down and abandoning module IntroTutorials (178)
[2015.09.29-22.37.49:438][915]LogModuleManager: Shutting down and abandoning module EditorLiveStreaming (177)
[2015.09.29-22.37.49:438][915]LogModuleManager: Shutting down and abandoning module IOSPlatformEditor (176)
[2015.09.29-22.37.49:438][915]LogModuleManager: Shutting down and abandoning module HTML5PlatformEditor (175)
[2015.09.29-22.37.49:438][915]LogModuleManager: Shutting down and abandoning module AndroidDeviceDetection (174)
[2015.09.29-22.37.50:337][915]LogModuleManager: Shutting down and abandoning module AndroidPlatformEditor (173)
[2015.09.29-22.37.50:337][915]LogModuleManager: Shutting down and abandoning module IOSRuntimeSettings (172)
[2015.09.29-22.37.50:337][915]LogModuleManager: Shutting down and abandoning module AndroidRuntimeSettings (171)
[2015.09.29-22.37.50:337][915]LogModuleManager: Shutting down and abandoning module MergeActors (170)
[2015.09.29-22.37.50:337][915]LogModuleManager: Shutting down and abandoning module SizeMap (169)
[2015.09.29-22.37.50:337][915]LogModuleManager: Shutting down and abandoning module TreeMap (168)
[2015.09.29-22.37.50:337][915]LogModuleManager: Shutting down and abandoning module ReferenceViewer (167)
[2015.09.29-22.37.50:337][915]LogModuleManager: Shutting down and abandoning module LocalizationService (166)
[2015.09.29-22.37.50:337][915]LogModuleManager: Shutting down and abandoning module LocalizationDashboard (165)
[2015.09.29-22.37.50:337][915]LogModuleManager: Shutting down and abandoning module HardwareTargeting (164)
[2015.09.29-22.37.50:337][915]LogModuleManager: Shutting down and abandoning module DeviceProfileEditor (163)
[2015.09.29-22.37.50:337][915]LogModuleManager: Shutting down and abandoning module UndoHistory (162)
[2015.09.29-22.37.50:337][915]LogModuleManager: Shutting down and abandoning module GameplayTagsEditor (161)
[2015.09.29-22.37.50:337][915]LogModuleManager: Shutting down and abandoning module UserFeedback (160)
[2015.09.29-22.37.50:337][915]LogModuleManager: Shutting down and abandoning module XmlParser (159)
[2015.09.29-22.37.50:337][915]LogModuleManager: Shutting down and abandoning module Blutility (158)
[2015.09.29-22.37.50:337][915]LogModuleManager: Shutting down and abandoning module ProjectTargetPlatformEditor (157)
[2015.09.29-22.37.50:337][915]LogModuleManager: Shutting down and abandoning module ProjectSettingsViewer (156)
[2015.09.29-22.37.50:337][915]LogModuleManager: Shutting down and abandoning module InputBindingEditor (155)
[2015.09.29-22.37.50:337][915]LogModuleManager: Shutting down and abandoning module EditorSettingsViewer (154)
[2015.09.29-22.37.50:338][915]LogModuleManager: Shutting down and abandoning module SettingsEditor (153)
[2015.09.29-22.37.50:338][915]LogModuleManager: Shutting down and abandoning module ProjectLauncher (152)
[2015.09.29-22.37.50:338][915]LogModuleManager: Shutting down and abandoning module SessionFrontend (151)
[2015.09.29-22.37.50:338][915]LogModuleManager: Shutting down and abandoning module ProfilerClient (150)
[2015.09.29-22.37.50:338][915]LogModuleManager: Shutting down and abandoning module TargetDeviceServices (149)
[2015.09.29-22.37.50:338][915]LogModuleManager: Shutting down and abandoning module DeviceManager (148)
[2015.09.29-22.37.50:338][915]LogModuleManager: Shutting down and abandoning module AutomationController (147)
[2015.09.29-22.37.50:338][915]LogModuleManager: Shutting down and abandoning module AutomationWindow (146)
[2015.09.29-22.37.50:338][915]LogModuleManager: Shutting down and abandoning module Layers (145)
[2015.09.29-22.37.50:338][915]LogModuleManager: Shutting down and abandoning module ComponentVisualizers (144)
[2015.09.29-22.37.50:338][915]LogModuleManager: Shutting down and abandoning module DetailCustomizations (143)
[2015.09.29-22.37.50:338][915]LogModuleManager: Shutting down and abandoning module PackagesDialog (142)
[2015.09.29-22.37.50:338][915]LogModuleManager: Shutting down and abandoning module Persona (141)
[2015.09.29-22.37.50:338][915]LogModuleManager: Shutting down and abandoning module Kismet (140)
[2015.09.29-22.37.50:338][915]LogModuleManager: Shutting down and abandoning module GraphEditor (139)
[2015.09.29-22.37.50:338][915]LogModuleManager: Shutting down and abandoning module ClassViewer (138)
[2015.09.29-22.37.50:338][915]LogModuleManager: Shutting down and abandoning module Toolbox (137)
[2015.09.29-22.37.50:338][915]LogModuleManager: Shutting down and abandoning module ModuleUI (136)
[2015.09.29-22.37.50:338][915]LogModuleManager: Shutting down and abandoning module MovieSceneTools (135)
[2015.09.29-22.37.50:338][915]LogModuleManager: Shutting down and abandoning module OutputLog (134)
[2015.09.29-22.37.50:338][915]LogModuleManager: Shutting down and abandoning module GammaUI (133)
[2015.09.29-22.37.50:338][915]LogModuleManager: Shutting down and abandoning module Documentation (132)
[2015.09.29-22.37.50:338][915]LogModuleManager: Shutting down and abandoning module GameLiveStreaming (131)
[2015.09.29-22.37.50:338][915]LogModuleManager: Shutting down and abandoning module StreamingPauseRendering (130)
[2015.09.29-22.37.50:338][915]LogModuleManager: Shutting down and abandoning module AnalyticsET (129)
[2015.09.29-22.37.50:338][915]LogModuleManager: Shutting down and abandoning module Analytics (128)
[2015.09.29-22.37.50:338][915]LogModuleManager: Shutting down and abandoning module AITestSuite (127)
[2015.09.29-22.37.50:338][915]LogModuleManager: Shutting down and abandoning module GameplayDebugger (126)
[2015.09.29-22.37.50:338][915]LogModuleManager: Shutting down and abandoning module AIModule (125)
[2015.09.29-22.37.50:338][915]LogModuleManager: Shutting down and abandoning module ProfilerService (124)
[2015.09.29-22.37.50:553][915]LogModuleManager: Shutting down and abandoning module TaskGraph (123)
[2015.09.29-22.37.50:553][915]LogModuleManager: Shutting down and abandoning module SubstanceEditor (122)
[2015.09.29-22.37.50:553][915]LogModuleManager: Shutting down and abandoning module SlateRemote (121)
[2015.09.29-22.37.50:553][915]LogModuleManager: Shutting down and abandoning module SteamVRController (120)
[2015.09.29-22.37.50:553][915]LogModuleManager: Shutting down and abandoning module SteamVR (119)
[2015.09.29-22.37.50:553][915]LogModuleManager: Shutting down and abandoning module ProceduralMeshComponent (118)
[2015.09.29-22.37.50:553][915]LogModuleManager: Shutting down and abandoning module OculusRift (117)
[2015.09.29-22.37.50:553][915]LogModuleManager: Shutting down and abandoning module OculusLibrary (116)
[2015.09.29-22.37.50:553][915]LogModuleManager: Shutting down and abandoning module LeapMotionController (115)
[2015.09.29-22.37.50:567][915]LogModuleManager: Shutting down and abandoning module CustomMeshComponent (114)
[2015.09.29-22.37.50:567][915]LogModuleManager: Shutting down and abandoning module CableComponent (113)
[2015.09.29-22.37.50:567][915]LogModuleManager: Shutting down and abandoning module ArchVisCharacter (112)
[2015.09.29-22.37.50:567][915]LogModuleManager: Shutting down and abandoning module MessagingDebugger (111)
[2015.09.29-22.37.50:567][915]LogModuleManager: Shutting down and abandoning module MediaPlayerEditor (110)
[2015.09.29-22.37.50:567][915]LogModuleManager: Shutting down and abandoning module HTML5Networking (109)
[2015.09.29-22.37.50:567][915]LogModuleManager: Shutting down and abandoning module SpeedTreeImporter (108)
[2015.09.29-22.37.50:567][915]LogModuleManager: Shutting down and abandoning module PluginBrowser (107)
[2015.09.29-22.37.50:567][915]LogModuleManager: Shutting down and abandoning module EpicSurvey (106)
[2015.09.29-22.37.50:567][915]LogModuleManager: Shutting down and abandoning module DesktopPlatform (105)
[2015.09.29-22.37.50:567][915]LogModuleManager: Shutting down and abandoning module VisualStudioSourceCodeAccess (104)
[2015.09.29-22.37.50:567][915]LogModuleManager: Shutting down and abandoning module UObjectPlugin (103)
[2015.09.29-22.37.50:567][915]LogModuleManager: Shutting down and abandoning module SubversionSourceControl (102)
[2015.09.29-22.37.50:567][915]LogModuleManager: Shutting down and abandoning module PerforceSourceControl (101)
[2015.09.29-22.37.50:567][915]LogModuleManager: Shutting down and abandoning module SourceControl (100)
[2015.09.29-22.37.50:567][915]LogModuleManager: Shutting down and abandoning module GitSourceControl (99)
[2015.09.29-22.37.50:567][915]LogModuleManager: Shutting down and abandoning module LightPropagationVolumeEditor (98)
[2015.09.29-22.37.50:567][915]LogModuleManager: Shutting down and abandoning module PaperTiledImporter (97)
[2015.09.29-22.37.50:567][915]LogModuleManager: Shutting down and abandoning module PaperSpriteSheetImporter (96)
[2015.09.29-22.37.50:567][915]LogModuleManager: Shutting down and abandoning module MeshPaint (95)
[2015.09.29-22.37.50:567][915]LogModuleManager: Shutting down and abandoning module SlateReflector (94)
[2015.09.29-22.37.50:568][915]LogModuleManager: Shutting down and abandoning module HotReload (93)
[2015.09.29-22.37.50:568][915]LogModuleManager: Shutting down and abandoning module MainFrame (92)
[2015.09.29-22.37.50:568][915]LogModuleManager: Shutting down and abandoning module LevelEditor (91)
[2015.09.29-22.37.50:568][915]LogModuleManager: Shutting down and abandoning module ContentBrowser (90)
[2015.09.29-22.37.50:569][915]LogModuleManager: Shutting down and abandoning module Paper2DEditor (89)
[2015.09.29-22.37.50:569][915]LogModuleManager: Shutting down and abandoning module UdpMessaging (88)
[2015.09.29-22.37.50:669][915]LogModuleManager: Shutting down and abandoning module DirectoryWatcher (87)
[2015.09.29-22.37.50:670][915]LogModuleManager: Shutting down and abandoning module AssetRegistry (86)
[2015.09.29-22.37.50:732][915]LogModuleManager: Shutting down and abandoning module SubstanceCore (85)
[2015.09.29-22.37.50:732][915]LogModuleManager: Shutting down and abandoning module LightPropagationVolumeRuntime (84)
[2015.09.29-22.37.50:732][915]LogModuleManager: Shutting down and abandoning module Paper2D (83)
[2015.09.29-22.37.50:732][915]LogModuleManager: Shutting down and abandoning module WindowsMoviePlayer (82)
[2015.09.29-22.37.50:734][915]LogModuleManager: Shutting down and abandoning module Media (81)
[2015.09.29-22.37.50:734][915]LogModuleManager: Shutting down and abandoning module WmfMedia (80)
[2015.09.29-22.37.50:734][915]LogModuleManager: Shutting down and abandoning module OnlineBlueprintSupport (79)
[2015.09.29-22.37.50:734][915]LogModuleManager: Shutting down and abandoning module GameplayTasksEditor (78)
[2015.09.29-22.37.50:734][915]LogModuleManager: Shutting down and abandoning module PropertyEditor (77)
[2015.09.29-22.37.50:734][915]LogModuleManager: Shutting down and abandoning module BehaviorTreeEditor (76)
[2015.09.29-22.37.50:734][915]LogModuleManager: Shutting down and abandoning module FunctionalTesting (75)
[2015.09.29-22.37.50:734][915]LogModuleManager: Shutting down and abandoning module CollisionAnalyzer (74)
[2015.09.29-22.37.50:734][915]LogModuleManager: Shutting down and abandoning module WorkspaceMenuStructure (73)
[2015.09.29-22.37.50:734][915]LogModuleManager: Shutting down and abandoning module MessageLog (72)
[2015.09.29-22.37.50:734][915]LogModuleManager: Shutting down and abandoning module Sequencer (71)
[2015.09.29-22.37.50:734][915]LogModuleManager: Shutting down and abandoning module AssetTools (70)
[2015.09.29-22.37.50:734][915]LogModuleManager: Shutting down and abandoning module UMGEditor (69)
[2015.09.29-22.37.50:734][915]LogModuleManager: Shutting down and abandoning module UMG (68)
[2015.09.29-22.37.50:734][915]LogModuleManager: Shutting down and abandoning module Slate (67)
[2015.09.29-22.37.50:734][915]LogModuleManager: Shutting down and abandoning module EditorStyle (66)
[2015.09.29-22.37.50:735][915]LogModuleManager: Shutting down and abandoning module SessionServices (65)
[2015.09.29-22.37.50:735][915]LogModuleManager: Shutting down and abandoning module SourceCodeAccess (64)
[2015.09.29-22.37.50:735][915]LogModuleManager: Shutting down and abandoning module HeadMountedDisplay (63)
[2015.09.29-22.37.50:735][915]LogModuleManager: Shutting down and abandoning module XAudio2 (62)
[2015.09.29-22.37.50:735][915]LogModuleManager: Shutting down and abandoning module Networking (60)
[2015.09.29-22.37.50:735][915]LogModuleManager: Shutting down and abandoning module Core (59)
[2015.09.29-22.37.50:735][915]LogModuleManager: Shutting down and abandoning module KismetCompiler (58)
[2015.09.29-22.37.50:735][915]LogModuleManager: Shutting down and abandoning module PhysXFormats (57)
[2015.09.29-22.37.50:735][915]LogModuleManager: Shutting down and abandoning module MeshUtilities (56)
[2015.09.29-22.37.50:735][915]LogModuleManager: Shutting down and abandoning module CookingStats (55)
[2015.09.29-22.37.50:736][915]LogModuleManager: Shutting down and abandoning module DerivedDataCache (54)
[2015.09.29-22.37.50:771][915]LogDerivedDataCache: Shutdown
[2015.09.29-22.37.50:771][915]LogModuleManager: Shutting down and abandoning module ShaderFormatOpenGL (53)
[2015.09.29-22.37.50:771][915]LogModuleManager: Shutting down and abandoning module ShaderFormatD3D (52)
[2015.09.29-22.37.50:771][915]LogModuleManager: Shutting down and abandoning module MetalShaderFormat (51)
[2015.09.29-22.37.50:771][915]LogModuleManager: Shutting down and abandoning module TextureFormatUncompressed (50)
[2015.09.29-22.37.50:771][915]LogModuleManager: Shutting down and abandoning module TextureFormatPVR (49)
[2015.09.29-22.37.50:771][915]LogModuleManager: Shutting down and abandoning module TextureFormatIntelISPCTexComp (48)
[2015.09.29-22.37.50:771][915]LogModuleManager: Shutting down and abandoning module TextureFormatDXT (47)
[2015.09.29-22.37.50:771][915]LogModuleManager: Shutting down and abandoning module ImageWrapper (46)
[2015.09.29-22.37.50:771][915]LogModuleManager: Shutting down and abandoning module TextureFormatASTC (45)
[2015.09.29-22.37.50:771][915]LogModuleManager: Shutting down and abandoning module TextureFormatAndroid (44)
[2015.09.29-22.37.50:771][915]LogModuleManager: Shutting down and abandoning module AudioFormatOpus (43)
[2015.09.29-22.37.50:771][915]LogModuleManager: Shutting down and abandoning module AudioFormatOgg (42)
[2015.09.29-22.37.50:771][915]LogModuleManager: Shutting down and abandoning module AudioFormatADPCM (41)
[2015.09.29-22.37.50:771][915]LogModuleManager: Shutting down and abandoning module LinuxTargetPlatform (40)
[2015.09.29-22.37.50:771][915]LogModuleManager: Shutting down and abandoning module LinuxServerTargetPlatform (39)
[2015.09.29-22.37.50:771][915]LogModuleManager: Shutting down and abandoning module LinuxNoEditorTargetPlatform (38)
[2015.09.29-22.37.50:771][915]LogModuleManager: Shutting down and abandoning module Messaging (37)
[2015.09.29-22.37.50:771][915]LogModuleManager: Shutting down and abandoning module IOSTargetPlatform (36)
[2015.09.29-22.37.50:771][915]LogModuleManager: Shutting down and abandoning module HTML5TargetPlatform (35)
[2015.09.29-22.37.50:771][915]LogModuleManager: Shutting down and abandoning module Android_PVRTCTargetPlatform (34)
[2015.09.29-22.37.50:771][915]LogModuleManager: Shutting down and abandoning module Android_ETC2TargetPlatform (33)
[2015.09.29-22.37.50:771][915]LogModuleManager: Shutting down and abandoning module Android_ETC1TargetPlatform (32)
[2015.09.29-22.37.50:771][915]LogModuleManager: Shutting down and abandoning module Android_DXTTargetPlatform (31)
[2015.09.29-22.37.50:771][915]LogModuleManager: Shutting down and abandoning module Android_ATCTargetPlatform (30)
[2015.09.29-22.37.50:771][915]LogModuleManager: Shutting down and abandoning module Android_ASTCTargetPlatform (29)
[2015.09.29-22.37.50:771][915]LogModuleManager: Shutting down and abandoning module AndroidTargetPlatform (28)
[2015.09.29-22.37.50:771][915]LogModuleManager: Shutting down and abandoning module WindowsTargetPlatform (27)
[2015.09.29-22.37.50:771][915]LogModuleManager: Shutting down and abandoning module WindowsServerTargetPlatform (26)
[2015.09.29-22.37.50:771][915]LogModuleManager: Shutting down and abandoning module WindowsNoEditorTargetPlatform (25)
[2015.09.29-22.37.50:771][915]LogModuleManager: Shutting down and abandoning module WindowsClientTargetPlatform (24)
[2015.09.29-22.37.50:771][915]LogModuleManager: Shutting down and abandoning module AllDesktopTargetPlatform (23)
[2015.09.29-22.37.50:772][915]LogModuleManager: Shutting down and abandoning module TargetPlatform (22)
[2015.09.29-22.37.50:772][915]LogModuleManager: Shutting down and abandoning module InputCore (21)
[2015.09.29-22.37.50:772][915]LogModuleManager: Shutting down and abandoning module Settings (20)
[2015.09.29-22.37.50:772][915]LogModuleManager: Shutting down and abandoning module OnlineSubsystem (18)
[2015.09.29-22.37.50:772][915]LogModuleManager: Shutting down and abandoning module HTTP (17)
[2015.09.29-22.37.53:773][915]LogModuleManager: Shutting down and abandoning module XMPP (16)
[2015.09.29-22.37.53:773][915]LogModuleManager: Shutting down and abandoning module ExampleDeviceProfileSelector (15)
[2015.09.29-22.37.53:773][915]LogModuleManager: Shutting down and abandoning module TextureCompressor (14)
[2015.09.29-22.37.53:773][915]LogModuleManager: Shutting down and abandoning module ShaderCore (13)
[2015.09.29-22.37.53:773][915]LogModuleManager: Shutting down and abandoning module Landscape (12)
[2015.09.29-22.37.53:773][915]LogModuleManager: Shutting down and abandoning module SlateRHIRenderer (11)
[2015.09.29-22.37.53:773][915]LogModuleManager: Shutting down and abandoning module OpenGLDrv (10)
[2015.09.29-22.37.53:773][915]LogModuleManager: Shutting down and abandoning module D3D11RHI (9)
[2015.09.29-22.37.53:773][915]LogModuleManager: Shutting down and abandoning module AnimGraphRuntime (8)
[2015.09.29-22.37.53:773][915]LogModuleManager: Shutting down and abandoning module Renderer (7)
[2015.09.29-22.37.53:773][915]LogModuleManager: Shutting down and abandoning module Engine (6)
[2015.09.29-22.37.53:773][915]LogModuleManager: Shutting down and abandoning module CoreUObject (5)
[2015.09.29-22.37.53:773][915]LogModuleManager: Shutting down and abandoning module NetworkFile (4)
[2015.09.29-22.37.53:773][915]LogModuleManager: Shutting down and abandoning module StreamingFile (3)
[2015.09.29-22.37.53:773][915]LogModuleManager: Shutting down and abandoning module SandboxFile (2)
[2015.09.29-22.37.53:773][915]LogModuleManager: Shutting down and abandoning module PakFile (1)
[2015.09.29-22.37.53:774][915]LogExit: Exiting.
[2015.09.29-22.37.53:775][915]Log file closed, 09/29/15 18:37:53
