[2015.10.12-22.30.24:312][  0]Log file open, 10/12/15 18:30:24
[2015.10.12-22.30.24:312][  0]LogInit:Display: Running engine for game: SuperSpaceArmada
[2015.10.12-22.30.24:312][  0]LogInit:Display: RandInit(-569104098) SRandInit(-569104097).
[2015.10.12-22.30.24:312][  0]LogTaskGraph: Started task graph with 4 named threads and 7 total threads.
[2015.10.12-22.30.24:312][  0]LogStats: Stats thread started at 0.074676
[2015.10.12-22.30.24:312][  0]LogInit: Version: 4.9.1-2689999+++depot+UE4-Releases+4.9
[2015.10.12-22.30.24:312][  0]LogInit: API Version: 2672455
[2015.10.12-22.30.24:312][  0]LogInit: Compiled (64-bit): Sep 14 2015 04:12:03
[2015.10.12-22.30.24:312][  0]LogInit: Compiled with Visual C++: 18.00.21005.01
[2015.10.12-22.30.24:312][  0]LogInit: Build Configuration: Development
[2015.10.12-22.30.24:312][  0]LogInit: Branch Name: ++depot+UE4-Releases+4.9
[2015.10.12-22.30.24:312][  0]LogInit: Command line:  
[2015.10.12-22.30.24:312][  0]LogInit: Base directory: C:/Program Files/Unreal Engine/4.9/Engine/Binaries/Win64/
[2015.10.12-22.30.24:312][  0]LogInit: Rocket: 1
[2015.10.12-22.30.24:326][  0]LogInit: Using libcurl 7.41.0
[2015.10.12-22.30.24:326][  0]LogInit:  - built for x86_64-pc-win32
[2015.10.12-22.30.24:326][  0]LogInit:  - supports SSL with WinSSL
[2015.10.12-22.30.24:326][  0]LogInit:  - other features:
[2015.10.12-22.30.24:326][  0]LogInit:      CURL_VERSION_SSL
[2015.10.12-22.30.24:326][  0]LogInit:      CURL_VERSION_IPV6
[2015.10.12-22.30.24:326][  0]LogInit:      CURL_VERSION_ASYNCHDNS
[2015.10.12-22.30.24:326][  0]LogInit:      CURL_VERSION_LARGEFILE
[2015.10.12-22.30.24:326][  0]LogInit:      CURL_VERSION_IDN
[2015.10.12-22.30.24:326][  0]LogInit:  CurlRequestOptions (configurable via config and command line):
[2015.10.12-22.30.24:326][  0]LogInit:  - bVerifyPeer = true  - Libcurl will verify peer certificate
[2015.10.12-22.30.24:326][  0]LogInit:  - bUseHttpProxy = false  - Libcurl will NOT use HTTP proxy
[2015.10.12-22.30.24:326][  0]LogInit:  - bDontReuseConnections = false  - Libcurl will reuse connections
[2015.10.12-22.30.24:326][  0]LogInit:  - CertBundlePath = nullptr  - Libcurl will use whatever was configured at build time.
[2015.10.12-22.30.24:334][  0]LogInit: Presizing for 0 objects not considered by GC, pre-allocating 0 bytes.
[2015.10.12-22.30.24:340][  0]LogInit: Object subsystem initialized
[2015.10.12-22.30.24:342][  0]LogInit: Selected Device Profile: [Windows]
[2015.10.12-22.30.24:342][  0]LogInit: Applying CVar settings loaded from the selected device profile: [Windows]
[2015.10.12-22.30.24:350][  0]LogInit: Computer: LOU
[2015.10.12-22.30.24:350][  0]LogInit: User: LouIII
[2015.10.12-22.30.24:350][  0]LogInit: CPU Page size=4096, Cores=4
[2015.10.12-22.30.24:350][  0]LogInit: High frequency timer resolution =2.338334 MHz
[2015.10.12-22.30.24:351][  0]LogMemory: Memory total: Physical=15.9GB (16GB approx)
[2015.10.12-22.30.24:351][  0]LogMemory: Platform Memory Stats for Windows
[2015.10.12-22.30.24:351][  0]LogMemory: Process Physical Memory: 54.88 MB used, 54.88 MB peak
[2015.10.12-22.30.24:351][  0]LogMemory: Process Virtual Memory: 55.30 MB used, 55.30 MB peak
[2015.10.12-22.30.24:351][  0]LogMemory: Physical Memory: 7003.82 MB used, 16303.71 MB total
[2015.10.12-22.30.24:351][  0]LogMemory: Virtual Memory: 364.56 MB used, 134217728.00 MB total
[2015.10.12-22.30.24:386][  0]LogTextLocalizationManager: No specific translations for ('en-US') exist, so ('en') translations will be used.
[2015.10.12-22.30.25:071][  0]LogD3D11RHI: Found D3D11 adapter 0: NVIDIA GeForce GTX 765M     (Feature Level 11_0)
[2015.10.12-22.30.25:071][  0]LogD3D11RHI: Adapter has 1992MB of dedicated video memory, 0MB of dedicated system memory, and 8151MB of shared system memory, 1 output[s]
[2015.10.12-22.30.25:076][  0]LogD3D11RHI: Found D3D11 adapter 1: Intel(R) HD Graphics 4600 (Feature Level 11_0)
[2015.10.12-22.30.25:076][  0]LogD3D11RHI: Adapter has 112MB of dedicated video memory, 0MB of dedicated system memory, and 8151MB of shared system memory, 0 output[s]
[2015.10.12-22.30.25:077][  0]LogD3D11RHI: Found D3D11 adapter 2: Microsoft Basic Render Driver (Feature Level 11_0)
[2015.10.12-22.30.25:077][  0]LogD3D11RHI: Adapter has 0MB of dedicated video memory, 0MB of dedicated system memory, and 8151MB of shared system memory, 0 output[s]
[2015.10.12-22.30.25:077][  0]LogD3D11RHI: Chosen D3D11 Adapter Id = 0
[2015.10.12-22.30.25:082][  0]LogD3D11RHI: !Direct3DDevice
[2015.10.12-22.30.25:082][  0]LogRHI: Texture pool is 1361 MB (70% of 1945 MB)
[2015.10.12-22.30.25:094][  0]LogD3D11RHI: Async texture creation enabled
[2015.10.12-22.30.25:109][  0]LogShaderCompilers: Guid format shader working directory is 14 characters bigger than the processId version (../../../../../../Users/luisr_000/Documents/Game-Files/SuperSpaceArmada/Intermediate/Shaders/WorkingDirectory/11748/).
[2015.10.12-22.30.25:109][  0]LogShaderCompilers: Cleaned the shader compiler working directory '../../../../../../Users/luisr_000/Documents/Game-Files/SuperSpaceArmada/Intermediate/Shaders/tmp/10F85B2C412009302ACF28BD8AB68D74/'.
[2015.10.12-22.30.25:109][  0]LogShaderCompilers:Display: Using Local Shader Compiler.
[2015.10.12-22.30.26:113][  0]LogTemp:Display: Loaded TP AllDesktopTargetPlatform
[2015.10.12-22.30.26:119][  0]LogTemp:Display: Loaded TP WindowsClientTargetPlatform
[2015.10.12-22.30.26:124][  0]LogTemp:Display: Loaded TP WindowsNoEditorTargetPlatform
[2015.10.12-22.30.26:129][  0]LogTemp:Display: Loaded TP WindowsServerTargetPlatform
[2015.10.12-22.30.26:135][  0]LogTemp:Display: Loaded TP WindowsTargetPlatform
[2015.10.12-22.30.26:138][  0]LogTemp:Display: Loaded TP AndroidTargetPlatform
[2015.10.12-22.30.26:141][  0]LogTemp:Display: Loaded TP Android_ASTCTargetPlatform
[2015.10.12-22.30.26:144][  0]LogTemp:Display: Loaded TP Android_ATCTargetPlatform
[2015.10.12-22.30.26:148][  0]LogTemp:Display: Loaded TP Android_DXTTargetPlatform
[2015.10.12-22.30.26:152][  0]LogTemp:Display: Loaded TP Android_ETC1TargetPlatform
[2015.10.12-22.30.26:155][  0]LogTemp:Display: Loaded TP Android_ETC2TargetPlatform
[2015.10.12-22.30.26:159][  0]LogTemp:Display: Loaded TP Android_PVRTCTargetPlatform
[2015.10.12-22.30.26:159][  0]LogTemp:Display: Loaded TP HTML5TargetPlatform
[2015.10.12-22.30.26:177][  0]LogTemp:Display: Loaded TP IOSTargetPlatform
[2015.10.12-22.30.26:180][  0]LogTemp:Display: Loaded TP LinuxNoEditorTargetPlatform
[2015.10.12-22.30.26:183][  0]LogTemp:Display: Loaded TP LinuxServerTargetPlatform
[2015.10.12-22.30.26:187][  0]LogTemp:Display: Loaded TP LinuxTargetPlatform
[2015.10.12-22.30.26:187][  0]LogTargetPlatformManager:Display: Building Assets For Windows
[2015.10.12-22.30.26:268][  0]LogDerivedDataCache:Display: Max Cache Size: 512 MB
[2015.10.12-22.30.26:307][  0]LogDerivedDataCache: Loaded boot cache 0.04s 41MB C:/Users/luisr_000/AppData/Local/UnrealEngine/4.9/DerivedDataCache/Boot.ddc.
[2015.10.12-22.30.26:307][  0]LogDerivedDataCache:Display: Loaded Boot cache: C:/Users/luisr_000/AppData/Local/UnrealEngine/4.9/DerivedDataCache/Boot.ddc
[2015.10.12-22.30.26:307][  0]LogDerivedDataCache: FDerivedDataBackendGraph:  Pak pak cache file ../../../../../../Users/luisr_000/Documents/Game-Files/SuperSpaceArmada/DerivedDataCache/DDC.ddp not found, will not use a pak cache.
[2015.10.12-22.30.26:307][  0]LogDerivedDataCache: Unable to find inner node Pak for hierarchical cache Hierarchy.
[2015.10.12-22.30.26:307][  0]LogDerivedDataCache: FDerivedDataBackendGraph:  CompressedPak pak cache file ../../../../../../Users/luisr_000/Documents/Game-Files/SuperSpaceArmada/DerivedDataCache/Compressed.ddp not found, will not use a pak cache.
[2015.10.12-22.30.26:307][  0]LogDerivedDataCache: Unable to find inner node CompressedPak for hierarchical cache Hierarchy.
[2015.10.12-22.30.26:442][  0]LogDerivedDataCache:Display: Pak cache opened for reading ../../../Engine/DerivedDataCache/Compressed.ddp.
[2015.10.12-22.30.26:455][  0]LogDerivedDataCache: Using Local data cache path C:/Users/luisr_000/AppData/Local/UnrealEngine/Common/DerivedDataCache: Writable
[2015.10.12-22.30.26:614][  0]LogInit: Selected Device Profile: [Windows]
[2015.10.12-22.30.26:617][  0]LogContentStreaming: Texture pool size is 0.000000MB
[2015.10.12-22.30.26:731][  0]LogMeshUtilities: No automatic mesh reduction module available
[2015.10.12-22.30.26:731][  0]LogMeshUtilities: No automatic mesh merging module available
[2015.10.12-22.30.26:940][  0]LogInit: WinSock: version 1.1 (2.2), MaxSocks=32767, MaxUdp=65467
[2015.10.12-22.30.27:593][  0]LogAssetRegistry: FAssetRegistry took 0.0111 seconds to start up
[2015.10.12-22.30.27:606][  0]UdpMessaging: Initializing bridge on interface 0.0.0.0:0 to multicast group 230.0.0.1:6666.
[2015.10.12-22.30.27:849][  0]SourceControl: Info Source control is disabled
[2015.10.12-22.30.27:856][  0]SourceControl: Info Source control is disabled
[2015.10.12-22.30.27:866][  0]SourceControl: Info Source control is disabled
[2015.10.12-22.30.27:875][  0]SourceControl: Info Source control is disabled
[2015.10.12-22.30.28:004][  0]LogLinker:Warning: Asset '../../../Engine/Plugins/Runtime/LeapMotionController/Content/LM_PassthroughMaterial.uasset' has been saved with empty engine version. The asset will be loaded but may be incompatible.
[2015.10.12-22.30.28:083][  0]LogObj: 28528 objects as part of root set at end of initial load.
[2015.10.12-22.30.28:083][  0]LogUObjectAllocator: 6068456 out of 0 bytes used by permanent object pool.
[2015.10.12-22.30.28:137][  0]LogEngine: Initializing Engine...
[2015.10.12-22.30.28:139][  0]LogHMD: Can't find Oculus library dev build: is proper Runtime installed? Version: 0.7.0.0
[2015.10.12-22.30.28:140][  0]LogHMD: SteamVR failed to initialize.  Err: 110
[2015.10.12-22.30.28:245][  0]LogAIModule: Creating AISystem for world NewWorld
[2015.10.12-22.30.28:252][  0]LogInit: XAudio2 using 'Speakers (VIA HD Audio)' : 2 channels at 48 kHz using 32 bits per sample (channel mask 0x3)
[2015.10.12-22.30.28:259][  0]LogInit: FAudioDevice initialized.
[2015.10.12-22.30.28:278][  0]LogDerivedDataCache: Saved boot cache 0.02s 41MB C:/Users/luisr_000/AppData/Local/UnrealEngine/4.9/DerivedDataCache/Boot.ddc.
[2015.10.12-22.30.28:282][  0]LogInit: Texture streaming: Enabled
[2015.10.12-22.30.28:288][  0]LogAnalytics: Creating configured Analytics provider AnalyticsET
[2015.10.12-22.30.28:288][  0]LogAnalytics: [UEEditor.Rocket.Release] APIServer = http://et2.epicgames.com/ET2/. AppVersion = 4.9.1-2689999+++depot+UE4-Releases+4.9
[2015.10.12-22.30.28:288][  0]LogAnalytics: [UEEditor.Rocket.Release] SetUserId 06a592394ae99916f49c3d9c3c9f503a|b280ebf5e1b3428db734f63de3c232be|784865b8-3393-4bba-9a10-0fd663c4f742
[2015.10.12-22.30.28:288][  0]LogAnalytics: [UEEditor.Rocket.Release] AnalyticsET::StartSession
[2015.10.12-22.30.28:299][  0]LogWindowsTextInputMethodSystem:Display: IME system now deactivated.
[2015.10.12-22.30.28:299][  0]LogWindowsTextInputMethodSystem:Display: IME system now deactivated.
[2015.10.12-22.30.28:316][  0]LogInit: Transaction tracking system initialized
[2015.10.12-22.30.28:348][  0]BlueprintLog: New page: Editor Load
[2015.10.12-22.30.28:432][  0]LocalizationService: Info Localization service is disabled
[2015.10.12-22.30.28:513][  0]LogConsoleResponse:Display: 
[2015.10.12-22.30.28:616][  0]LogCook:Display: Done creating registry. It took  0.00s.
[2015.10.12-22.30.28:669][  0]LogFileCache: Scanning file cache for directory 'C:/Users/luisr_000/Documents/Game-Files/SuperSpaceArmada/Content/' took 0.02s
[2015.10.12-22.30.28:669][  0]SourceControl: Info Source control is disabled
[2015.10.12-22.30.28:670][  0]Cmd: MAP LOAD FILE="../../../../../../Users/luisr_000/Documents/Game-Files/SuperSpaceArmada/Content/TopDownBP/Maps/TopDownExampleMap.umap" TEMPLATE=0 SHOWPROGRESS=1 FEATURELEVEL=3
[2015.10.12-22.30.28:670][  0]LogEditorServer:Warning: Can't find file '../../../../../../Users/luisr_000/Documents/Game-Files/SuperSpaceArmada/Content/TopDownBP/Maps/TopDownExampleMap.umap'
[2015.10.12-22.30.28:670][  0]Cmd: MAP CHECKDEP NOCLEARLOG
[2015.10.12-22.30.28:704][  0]MapCheck: Info Map check complete: 0 Error(s), 0 Warning(s), took 34.362ms to complete.
[2015.10.12-22.30.28:704][  0]LogFileHelpers: Loading map 'TopDownExampleMap' took 0.035
[2015.10.12-22.30.28:810][  0]LogCollectionManager: Loaded 0 collections in 0.002078 seconds
[2015.10.12-22.30.28:851][  0]LogFileCache: Scanning file cache for directory 'C:/Users/luisr_000/Documents/Game-Files/SuperSpaceArmada/Saved/Collections/' took 0.01s
[2015.10.12-22.30.28:851][  0]LogFileCache: Scanning file cache for directory 'C:/Users/luisr_000/Documents/Game-Files/SuperSpaceArmada/Content/Developers/LouIII/Collections/' took 0.01s
[2015.10.12-22.30.28:851][  0]LogFileCache: Scanning file cache for directory 'C:/Users/luisr_000/Documents/Game-Files/SuperSpaceArmada/Content/Collections/' took 0.01s
[2015.10.12-22.30.28:851][  0]LogContentBrowser: Native class hierarchy populated in 0.0070 seconds. Added 1882 classes and 339 folders.
[2015.10.12-22.30.28:856][  0]LogCollectionManager: Rebuilt the GUID cache for 0 collections in 0.000002 seconds
[2015.10.12-22.30.28:862][  0]LogContentBrowser: Native class hierarchy updated for 'WidgetCarousel' in 0.0003 seconds. Added 0 classes and 0 folders.
[2015.10.12-22.30.28:898][  0]LogContentBrowser: Native class hierarchy updated for 'AddContentDialog' in 0.0003 seconds. Added 0 classes and 0 folders.
[2015.10.12-22.30.28:903][  0]LogContentBrowser: Native class hierarchy updated for 'SceneOutliner' in 0.0003 seconds. Added 1 classes and 2 folders.
[2015.10.12-22.30.28:923][  0]LogCrashTracker: Crashtracker disabled due to settings.
[2015.10.12-22.30.28:928][  0]LogUObjectGlobals:Warning: Failed to find object 'Class None.'
[2015.10.12-22.30.28:949][  0]LogLoad: Full Startup: 5.21 seconds (BP compile: 0.00 seconds)
[2015.10.12-22.30.29:002][  0]LogContentStreaming: Texture pool size now 1000 MB
[2015.10.12-22.30.29:140][  0]LogRenderer: Reallocating scene render targets to support 1260x612 (Frame:2).
[2015.10.12-22.30.29:268][  2]LogAssetRegistry: Asset discovery search completed in 1.6866 seconds
[2015.10.12-22.30.29:268][  2]LogCollectionManager: Rebuilt the object cache for 0 collections in 0.000001 seconds (found 0 objects)
[2015.10.12-22.30.29:268][  2]LogCollectionManager: Fixed up redirectors for 0 collections in 0.000029 seconds (updated 0 objects)
[2015.10.12-22.30.30:072][ 61]LogLinker:Warning: Asset '../../../../../../Users/luisr_000/Documents/Game-Files/SuperSpaceArmada/Content/Mannequin/Animations/ThirdPerson_AnimBP.uasset' has been saved with empty engine version. The asset will be loaded but may be incompatible.
[2015.10.12-22.30.30:074][ 61]LogLinker:Warning: Asset '../../../../../../Users/luisr_000/Documents/Game-Files/SuperSpaceArmada/Content/Mannequin/Animations/ThirdPerson_Jump.uasset' has been saved with empty engine version. The asset will be loaded but may be incompatible.
[2015.10.12-22.30.30:075][ 61]LogLinker:Warning: Asset '../../../../../../Users/luisr_000/Documents/Game-Files/SuperSpaceArmada/Content/Mannequin/Animations/ThirdPersonJump_Loop.uasset' has been saved with empty engine version. The asset will be loaded but may be incompatible.
[2015.10.12-22.30.30:076][ 61]LogLinker:Warning: Asset '../../../../../../Users/luisr_000/Documents/Game-Files/SuperSpaceArmada/Content/Mannequin/Animations/ThirdPersonJump_Start.uasset' has been saved with empty engine version. The asset will be loaded but may be incompatible.
[2015.10.12-22.30.30:077][ 61]LogLinker:Warning: Asset '../../../../../../Users/luisr_000/Documents/Game-Files/SuperSpaceArmada/Content/Mannequin/Animations/ThirdPerson_IdleRun_2D.uasset' has been saved with empty engine version. The asset will be loaded but may be incompatible.
[2015.10.12-22.30.30:077][ 61]LogLinker:Warning: Asset '../../../../../../Users/luisr_000/Documents/Game-Files/SuperSpaceArmada/Content/Mannequin/Animations/ThirdPersonIdle.uasset' has been saved with empty engine version. The asset will be loaded but may be incompatible.
[2015.10.12-22.30.30:078][ 61]LogLinker:Warning: Asset '../../../../../../Users/luisr_000/Documents/Game-Files/SuperSpaceArmada/Content/Mannequin/Animations/ThirdPersonRun.uasset' has been saved with empty engine version. The asset will be loaded but may be incompatible.
[2015.10.12-22.30.30:079][ 61]LogLinker:Warning: Asset '../../../../../../Users/luisr_000/Documents/Game-Files/SuperSpaceArmada/Content/Mannequin/Animations/ThirdPersonWalk.uasset' has been saved with empty engine version. The asset will be loaded but may be incompatible.
[2015.10.12-22.30.32:318][ 61]LogLinker:Warning: Asset '../../../Engine/Content/ArtTools/RenderToTexture/Macros/RenderToTextureMacros.uasset' has been saved with empty engine version. The asset will be loaded but may be incompatible.
[2015.10.12-22.30.32:791][ 61]LogContentBrowser: Native class hierarchy updated for 'BlueprintGraph' in 0.0008 seconds. Added 107 classes and 0 folders.
[2015.10.12-22.31.10:350][401]LogActorComponent: UnregisterComponent: (/Engine/Transient.CharMoveComp) Not registered. Aborting.
[2015.10.12-22.31.10:350][401]LogActorComponent: UnregisterComponent: (/Engine/Transient.CharacterMovementComponent_0) Not registered. Aborting.
[2015.10.12-22.31.15:148][675]LogActorComponent: UnregisterComponent: (/Engine/Transient.CharMoveComp) Not registered. Aborting.
[2015.10.12-22.31.15:148][675]LogActorComponent: UnregisterComponent: (/Engine/Transient.CharacterMovementComponent_1) Not registered. Aborting.
[2015.10.12-22.31.26:929][460]LogActorComponent: UnregisterComponent: (/Engine/Transient.CharMoveComp) Not registered. Aborting.
[2015.10.12-22.31.26:930][460]LogActorComponent: UnregisterComponent: (/Engine/Transient.CharacterMovementComponent_2) Not registered. Aborting.
[2015.10.12-22.31.39:715][273]LogActorComponent: UnregisterComponent: (/Engine/Transient.CharMoveComp) Not registered. Aborting.
[2015.10.12-22.31.39:715][273]LogActorComponent: UnregisterComponent: (/Engine/Transient.CharacterMovementComponent_3) Not registered. Aborting.
[2015.10.12-22.32.22:758][495]LogActorComponent: UnregisterComponent: (/Engine/Transient.CharMoveComp) Not registered. Aborting.
[2015.10.12-22.32.22:758][495]LogActorComponent: UnregisterComponent: (/Engine/Transient.CharacterMovementComponent_4) Not registered. Aborting.
[2015.10.12-22.32.25:122][525]LogActorComponent: UnregisterComponent: (/Engine/Transient.CharMoveComp) Not registered. Aborting.
[2015.10.12-22.32.25:122][525]LogActorComponent: UnregisterComponent: (/Engine/Transient.CharacterMovementComponent_5) Not registered. Aborting.
[2015.10.12-22.32.28:238][525]LogActorComponent: UnregisterComponent: (/Engine/Transient.EditorFloorComp) Not registered. Aborting.
[2015.10.12-22.32.29:218][525]LogParticles: Destroying 0 GPU particle simulations for FXSystem 0x0000006BE7A87560
[2015.10.12-22.32.29:219][525]LogParticles: Destroying 0 GPU particle simulations for FXSystem 0x0000006B82C8BA60
[2015.10.12-22.33.12:894][197]LogLinker:Warning: Asset '../../../../../../Users/luisr_000/Documents/Game-Files/SuperSpaceArmada/Content/Mannequin/Animations/ThirdPerson_AnimBP.uasset' has been saved with empty engine version. The asset will be loaded but may be incompatible.
[2015.10.12-22.33.12:895][197]LogLinker:Warning: Asset '../../../../../../Users/luisr_000/Documents/Game-Files/SuperSpaceArmada/Content/Mannequin/Animations/ThirdPerson_Jump.uasset' has been saved with empty engine version. The asset will be loaded but may be incompatible.
[2015.10.12-22.33.12:896][197]LogLinker:Warning: Asset '../../../../../../Users/luisr_000/Documents/Game-Files/SuperSpaceArmada/Content/Mannequin/Animations/ThirdPersonJump_Loop.uasset' has been saved with empty engine version. The asset will be loaded but may be incompatible.
[2015.10.12-22.33.12:897][197]LogLinker:Warning: Asset '../../../../../../Users/luisr_000/Documents/Game-Files/SuperSpaceArmada/Content/Mannequin/Animations/ThirdPersonJump_Start.uasset' has been saved with empty engine version. The asset will be loaded but may be incompatible.
[2015.10.12-22.33.12:898][197]LogLinker:Warning: Asset '../../../../../../Users/luisr_000/Documents/Game-Files/SuperSpaceArmada/Content/Mannequin/Animations/ThirdPerson_IdleRun_2D.uasset' has been saved with empty engine version. The asset will be loaded but may be incompatible.
[2015.10.12-22.33.12:898][197]LogLinker:Warning: Asset '../../../../../../Users/luisr_000/Documents/Game-Files/SuperSpaceArmada/Content/Mannequin/Animations/ThirdPersonIdle.uasset' has been saved with empty engine version. The asset will be loaded but may be incompatible.
[2015.10.12-22.33.12:899][197]LogLinker:Warning: Asset '../../../../../../Users/luisr_000/Documents/Game-Files/SuperSpaceArmada/Content/Mannequin/Animations/ThirdPersonRun.uasset' has been saved with empty engine version. The asset will be loaded but may be incompatible.
[2015.10.12-22.33.12:900][197]LogLinker:Warning: Asset '../../../../../../Users/luisr_000/Documents/Game-Files/SuperSpaceArmada/Content/Mannequin/Animations/ThirdPersonWalk.uasset' has been saved with empty engine version. The asset will be loaded but may be incompatible.
[2015.10.12-22.33.13:066][197]LogLinker:Warning: Can't find file '/Game/Geometry/Meshes/1M_Cube'
[2015.10.12-22.33.13:066][197]LogLinker:Warning: Can't find file for asset '/Game/Geometry/Meshes/1M_Cube' while loading ../../../../../../Users/luisr_000/Documents/Game-Files/SuperSpaceArmada/Content/SSA/Blueprints/Menues/MainMenu.uasset.
[2015.10.12-22.33.13:066][197]LoadErrors:Error: Error /Game/SSA/Blueprints/Menues/MainMenu : Can't find file for asset. /Game/Geometry/Meshes/1M_Cube
[2015.10.12-22.33.13:069][197]LogLinker:Warning: Can't find file '/Game/Geometry/Meshes/1M_Cube'
[2015.10.12-22.33.13:069][197]LogLinker:Warning: Can't find file for asset '/Game/Geometry/Meshes/1M_Cube' while loading ../../../../../../Users/luisr_000/Documents/Game-Files/SuperSpaceArmada/Content/SSA/Blueprints/Menues/MainMenu.uasset.
[2015.10.12-22.33.13:403][197]LogSavePackage: Save=20.914036ms
[2015.10.12-22.33.13:403][197]LogSavePackage: Moving '../../../../../../Users/luisr_000/Documents/Game-Files/SuperSpaceArmada/Saved/humanShip_withBones72E5359E4262E44615BA1A88FF6F9375.tmp' to '../../../../../../Users/luisr_000/Documents/Game-Files/SuperSpaceArmada/Content/Geometry/Meshes/HumanFrigate/humanShip_withBones.uasset'
[2015.10.12-22.33.13:405][197]LogSavePackage: Total save time: 22.946250ms
[2015.10.12-22.33.13:405][197]LogSavePackage:Warning: Finished SavePackage ../../../../../../Users/luisr_000/Documents/Game-Files/SuperSpaceArmada/Content/Geometry/Meshes/HumanFrigate/humanShip_withBones.uasset
[2015.10.12-22.33.13:447][197]LogSavePackage: Save=12.703061ms
[2015.10.12-22.33.13:447][197]LogSavePackage: Moving '../../../../../../Users/luisr_000/Documents/Game-Files/SuperSpaceArmada/Saved/humanShip709AC60D43966E246A1B0DAB7D2304F9.tmp' to '../../../../../../Users/luisr_000/Documents/Game-Files/SuperSpaceArmada/Content/Geometry/Meshes/HumanFrigate/humanShip.uasset'
[2015.10.12-22.33.13:449][197]LogSavePackage: Total save time: 14.738273ms
[2015.10.12-22.33.13:449][197]LogSavePackage:Warning: Finished SavePackage ../../../../../../Users/luisr_000/Documents/Game-Files/SuperSpaceArmada/Content/Geometry/Meshes/HumanFrigate/humanShip.uasset
[2015.10.12-22.33.13:458][197]Cmd: OBJ SAVEPACKAGE PACKAGE="/Game/Geometry/Meshes/humanShip" FILE="../../../../../../Users/luisr_000/Documents/Game-Files/SuperSpaceArmada/Content/Geometry/Meshes/humanShip.uasset" SILENT=true
[2015.10.12-22.33.13:476][197]LogSavePackage: Save=2.976050ms
[2015.10.12-22.33.13:476][197]LogSavePackage: Moving '../../../../../../Users/luisr_000/Documents/Game-Files/SuperSpaceArmada/Saved/humanShip7C56404E4DE748C88D5512AB6D389747.tmp' to '../../../../../../Users/luisr_000/Documents/Game-Files/SuperSpaceArmada/Content/Geometry/Meshes/humanShip.uasset'
[2015.10.12-22.33.13:478][197]LogSavePackage: Total save time: 19.034922ms
[2015.10.12-22.33.13:478][197]LogSavePackage:Warning: Finished SavePackage ../../../../../../Users/luisr_000/Documents/Game-Files/SuperSpaceArmada/Content/Geometry/Meshes/humanShip.uasset
[2015.10.12-22.33.13:509][197]LogSavePackage: Save=3.343406ms
[2015.10.12-22.33.13:509][197]LogSavePackage: Moving '../../../../../../Users/luisr_000/Documents/Game-Files/SuperSpaceArmada/Saved/humanShip_withBones_Skeleton5E8B5D8746ADD922A72753B48FE72281.tmp' to '../../../../../../Users/luisr_000/Documents/Game-Files/SuperSpaceArmada/Content/Geometry/Meshes/HumanFrigate/humanShip_withBones_Skeleton.uasset'
[2015.10.12-22.33.13:512][197]LogSavePackage: Total save time: 5.999144ms
[2015.10.12-22.33.13:512][197]LogSavePackage:Warning: Finished SavePackage ../../../../../../Users/luisr_000/Documents/Game-Files/SuperSpaceArmada/Content/Geometry/Meshes/HumanFrigate/humanShip_withBones_Skeleton.uasset
[2015.10.12-22.33.13:524][197]LogSavePackage: Save=3.341268ms
[2015.10.12-22.33.13:524][197]LogSavePackage: Moving '../../../../../../Users/luisr_000/Documents/Game-Files/SuperSpaceArmada/Saved/humanShip_withBones_PhysicsAsset417C2AFF4075E8465CF15192A87FCCF3.tmp' to '../../../../../../Users/luisr_000/Documents/Game-Files/SuperSpaceArmada/Content/Geometry/Meshes/HumanFrigate/humanShip_withBones_PhysicsAsset.uasset'
[2015.10.12-22.33.13:525][197]LogSavePackage: Total save time: 5.300354ms
[2015.10.12-22.33.13:525][197]LogSavePackage:Warning: Finished SavePackage ../../../../../../Users/luisr_000/Documents/Game-Files/SuperSpaceArmada/Content/Geometry/Meshes/HumanFrigate/humanShip_withBones_PhysicsAsset.uasset
[2015.10.12-22.33.13:568][197]LogSavePackage: Save=16.001564ms
[2015.10.12-22.33.13:568][197]LogSavePackage: Moving '../../../../../../Users/luisr_000/Documents/Game-Files/SuperSpaceArmada/Saved/mainShip_low490EF3774880C0BCBDD2338DB21ABA75.tmp' to '../../../../../../Users/luisr_000/Documents/Game-Files/SuperSpaceArmada/Content/Geometry/Meshes/HumanFrigate/mainShip_low.uasset'
[2015.10.12-22.33.13:569][197]LogSavePackage: Total save time: 18.101774ms
[2015.10.12-22.33.13:569][197]LogSavePackage:Warning: Finished SavePackage ../../../../../../Users/luisr_000/Documents/Game-Files/SuperSpaceArmada/Content/Geometry/Meshes/HumanFrigate/mainShip_low.uasset
[2015.10.12-22.33.13:612][197]LogSavePackage: Save=16.043047ms
[2015.10.12-22.33.13:612][197]LogSavePackage: Moving '../../../../../../Users/luisr_000/Documents/Game-Files/SuperSpaceArmada/Saved/guns_lowD17E22DB4D2EDC38DEBD10AAFF7FBB79.tmp' to '../../../../../../Users/luisr_000/Documents/Game-Files/SuperSpaceArmada/Content/Geometry/Meshes/HumanFrigate/guns_low.uasset'
[2015.10.12-22.33.13:614][197]LogSavePackage: Total save time: 18.080819ms
[2015.10.12-22.33.13:614][197]LogSavePackage:Warning: Finished SavePackage ../../../../../../Users/luisr_000/Documents/Game-Files/SuperSpaceArmada/Content/Geometry/Meshes/HumanFrigate/guns_low.uasset
[2015.10.12-22.33.13:658][197]LogSavePackage: Save=14.778470ms
[2015.10.12-22.33.13:658][197]LogSavePackage: Moving '../../../../../../Users/luisr_000/Documents/Game-Files/SuperSpaceArmada/Saved/cockpitGlass_low44E0A714488A41FA23FE4BA8AC644DAF.tmp' to '../../../../../../Users/luisr_000/Documents/Game-Files/SuperSpaceArmada/Content/Geometry/Meshes/HumanFrigate/cockpitGlass_low.uasset'
[2015.10.12-22.33.13:660][197]LogSavePackage: Total save time: 16.977899ms
[2015.10.12-22.33.13:660][197]LogSavePackage:Warning: Finished SavePackage ../../../../../../Users/luisr_000/Documents/Game-Files/SuperSpaceArmada/Content/Geometry/Meshes/HumanFrigate/cockpitGlass_low.uasset
[2015.10.12-22.33.13:694][197]LogActorComponent: UnregisterComponent: (/Engine/Transient.CharMoveComp) Not registered. Aborting.
[2015.10.12-22.33.13:694][197]LogActorComponent: UnregisterComponent: (/Engine/Transient.CharacterMovementComponent_6) Not registered. Aborting.
[2015.10.12-22.33.14:416][197]LogSavePackage: Save=106.833328ms
[2015.10.12-22.33.14:416][197]LogSavePackage: Moving '../../../../../../Users/luisr_000/Documents/Game-Files/SuperSpaceArmada/Saved/Player_KratakosD89E29F341842B9EDF68BC8D4EA1FE6B.tmp' to '../../../../../../Users/luisr_000/Documents/Game-Files/SuperSpaceArmada/Content/SSA/Blueprints/Player/Player_Kratakos.uasset'
[2015.10.12-22.33.14:417][197]LogSavePackage: Total save time: 121.187564ms
[2015.10.12-22.33.14:417][197]LogSavePackage:Warning: Finished SavePackage ../../../../../../Users/luisr_000/Documents/Game-Files/SuperSpaceArmada/Content/SSA/Blueprints/Player/Player_Kratakos.uasset
[2015.10.12-22.33.14:443][197]Cmd: OBJ SAVEPACKAGE PACKAGE="/Game/Geometry/Meshes/Ship1Movement" FILE="../../../../../../Users/luisr_000/Documents/Game-Files/SuperSpaceArmada/Content/Geometry/Meshes/Ship1Movement.uasset" SILENT=true
[2015.10.12-22.33.14:469][197]LogSavePackage: Save=12.604701ms
[2015.10.12-22.33.14:469][197]LogSavePackage: Moving '../../../../../../Users/luisr_000/Documents/Game-Files/SuperSpaceArmada/Saved/Ship1Movement866517E04D08537CB1FF67A65573B111.tmp' to '../../../../../../Users/luisr_000/Documents/Game-Files/SuperSpaceArmada/Content/Geometry/Meshes/Ship1Movement.uasset'
[2015.10.12-22.33.14:470][197]LogSavePackage: Total save time: 26.242618ms
[2015.10.12-22.33.14:470][197]LogSavePackage:Warning: Finished SavePackage ../../../../../../Users/luisr_000/Documents/Game-Files/SuperSpaceArmada/Content/Geometry/Meshes/Ship1Movement.uasset
[2015.10.12-22.33.20:759][423]LogSavePackage: Save=46.331703ms
[2015.10.12-22.33.20:759][423]LogSavePackage: Moving '../../../../../../Users/luisr_000/Documents/Game-Files/SuperSpaceArmada/Saved/Ship1MovementE8DF9F3D47B577DBFC6FC4A84F935161.tmp' to '../../../../../../Users/luisr_000/Documents/Game-Files/SuperSpaceArmada/Content/Geometry/Meshes/HumanFrigate/Ship1Movement.uasset'
[2015.10.12-22.33.20:761][423]LogSavePackage: Total save time: 48.584163ms
[2015.10.12-22.33.20:761][423]LogSavePackage:Warning: Finished SavePackage ../../../../../../Users/luisr_000/Documents/Game-Files/SuperSpaceArmada/Content/Geometry/Meshes/HumanFrigate/Ship1Movement.uasset
[2015.10.12-22.33.20:792][423]LogActorComponent: UnregisterComponent: (/Engine/Transient.CharMoveComp) Not registered. Aborting.
[2015.10.12-22.33.20:792][423]LogActorComponent: UnregisterComponent: (/Engine/Transient.CharacterMovementComponent_7) Not registered. Aborting.
[2015.10.12-22.33.20:792][423]LogActorComponent: UnregisterComponent: (/Engine/Transient.CharacterMovementComponent_8) Not registered. Aborting.
[2015.10.12-22.33.21:049][423]LogSavePackage: Save=97.199120ms
[2015.10.12-22.33.21:049][423]LogSavePackage: Moving '../../../../../../Users/luisr_000/Documents/Game-Files/SuperSpaceArmada/Saved/Player_Kratakos9846782544B53BDB7B911690F36E50C1.tmp' to '../../../../../../Users/luisr_000/Documents/Game-Files/SuperSpaceArmada/Content/SSA/Blueprints/Player/Player_Kratakos.uasset'
[2015.10.12-22.33.21:051][423]LogSavePackage: Total save time: 108.410090ms
[2015.10.12-22.33.21:051][423]LogSavePackage:Warning: Finished SavePackage ../../../../../../Users/luisr_000/Documents/Game-Files/SuperSpaceArmada/Content/SSA/Blueprints/Player/Player_Kratakos.uasset
[2015.10.12-22.33.31:499][702]LogContentBrowser: Native class hierarchy updated for 'DestructibleMeshEditor' in 0.0005 seconds. Added 1 classes and 2 folders.
[2015.10.12-22.33.31:681][702]LogRenderer: Reallocating scene render targets to support 1260x924 (Frame:12605).
[2015.10.12-22.34.04:671][902]LogSavePackage: Save=14.388877ms
[2015.10.12-22.34.04:671][902]LogSavePackage: Moving '../../../../../../Users/luisr_000/Documents/Game-Files/SuperSpaceArmada/Saved/ProductionPoints_MeshwAnim59A226EA417DC9214D8362A3C8580E3C.tmp' to '../../../../../../Users/luisr_000/Documents/Game-Files/SuperSpaceArmada/Content/Geometry/Meshes/ProductionPoints/ProductionPoints_MeshwAnim.uasset'
[2015.10.12-22.34.04:673][902]LogSavePackage: Total save time: 16.321447ms
[2015.10.12-22.34.04:673][902]LogSavePackage:Warning: Finished SavePackage ../../../../../../Users/luisr_000/Documents/Game-Files/SuperSpaceArmada/Content/Geometry/Meshes/ProductionPoints/ProductionPoints_MeshwAnim.uasset
[2015.10.12-22.34.04:711][902]LogSavePackage: Save=12.819811ms
[2015.10.12-22.34.04:711][902]LogSavePackage: Moving '../../../../../../Users/luisr_000/Documents/Game-Files/SuperSpaceArmada/Saved/ProductionPoints_MeshwAnim_Anim200CB3904D969A31CC5604985EF69BE2.tmp' to '../../../../../../Users/luisr_000/Documents/Game-Files/SuperSpaceArmada/Content/Geometry/Meshes/ProductionPoints/ProductionPoints_MeshwAnim_Anim.uasset'
[2015.10.12-22.34.04:713][902]LogSavePackage: Total save time: 15.038911ms
[2015.10.12-22.34.04:713][902]LogSavePackage:Warning: Finished SavePackage ../../../../../../Users/luisr_000/Documents/Game-Files/SuperSpaceArmada/Content/Geometry/Meshes/ProductionPoints/ProductionPoints_MeshwAnim_Anim.uasset
[2015.10.12-22.34.04:727][902]LogSavePackage: Save=4.715323ms
[2015.10.12-22.34.04:727][902]LogSavePackage: Moving '../../../../../../Users/luisr_000/Documents/Game-Files/SuperSpaceArmada/Saved/ProductionPoints_MeshwAnim_PhysicsAssetB68219D34614113E205FEC9CBC7B19AE.tmp' to '../../../../../../Users/luisr_000/Documents/Game-Files/SuperSpaceArmada/Content/Geometry/Meshes/ProductionPoints/ProductionPoints_MeshwAnim_PhysicsAsset.uasset'
[2015.10.12-22.34.04:729][902]LogSavePackage: Total save time: 7.048607ms
[2015.10.12-22.34.04:729][902]LogSavePackage:Warning: Finished SavePackage ../../../../../../Users/luisr_000/Documents/Game-Files/SuperSpaceArmada/Content/Geometry/Meshes/ProductionPoints/ProductionPoints_MeshwAnim_PhysicsAsset.uasset
[2015.10.12-22.34.04:740][902]LogSavePackage: Save=2.915323ms
[2015.10.12-22.34.04:740][902]LogSavePackage: Moving '../../../../../../Users/luisr_000/Documents/Game-Files/SuperSpaceArmada/Saved/ProductionPoints_MeshwAnim_Skeleton9360B06B4E3ED64BAD25FC85BE3F6347.tmp' to '../../../../../../Users/luisr_000/Documents/Game-Files/SuperSpaceArmada/Content/Geometry/Meshes/ProductionPoints/ProductionPoints_MeshwAnim_Skeleton.uasset'
[2015.10.12-22.34.04:741][902]LogSavePackage: Total save time: 4.719172ms
[2015.10.12-22.34.04:741][902]LogSavePackage:Warning: Finished SavePackage ../../../../../../Users/luisr_000/Documents/Game-Files/SuperSpaceArmada/Content/Geometry/Meshes/ProductionPoints/ProductionPoints_MeshwAnim_Skeleton.uasset
[2015.10.12-22.34.04:784][902]LogSavePackage: Save=15.083817ms
[2015.10.12-22.34.04:784][902]LogSavePackage: Moving '../../../../../../Users/luisr_000/Documents/Game-Files/SuperSpaceArmada/Saved/ProductionPointsMat4A5F7FCD46B5D3698C23ADA534BA91AC.tmp' to '../../../../../../Users/luisr_000/Documents/Game-Files/SuperSpaceArmada/Content/Geometry/Meshes/ProductionPoints/ProductionPointsMat.uasset'
[2015.10.12-22.34.04:785][902]LogSavePackage: Total save time: 16.976189ms
[2015.10.12-22.34.04:785][902]LogSavePackage:Warning: Finished SavePackage ../../../../../../Users/luisr_000/Documents/Game-Files/SuperSpaceArmada/Content/Geometry/Meshes/ProductionPoints/ProductionPointsMat.uasset
[2015.10.12-22.34.04:817][902]LogActorComponent: UnregisterComponent: (/Engine/Transient.CharMoveComp) Not registered. Aborting.
[2015.10.12-22.34.04:817][902]LogActorComponent: UnregisterComponent: (/Engine/Transient.CharacterMovementComponent_9) Not registered. Aborting.
[2015.10.12-22.34.05:095][902]LogParticles: Destroying 0 GPU particle simulations for FXSystem 0x0000006B89ED5A80
[2015.10.12-22.34.05:414][902]LogSavePackage: Save=74.106178ms
[2015.10.12-22.34.05:414][902]LogSavePackage: Moving '../../../../../../Users/luisr_000/Documents/Game-Files/SuperSpaceArmada/Saved/PP_Crate5BAE191440BAAAE0D4A2DD878E5ABD59.tmp' to '../../../../../../Users/luisr_000/Documents/Game-Files/SuperSpaceArmada/Content/SSA/Blueprints/Objects/PP_Crate.uasset'
[2015.10.12-22.34.05:416][902]LogSavePackage: Total save time: 88.832047ms
[2015.10.12-22.34.05:416][902]LogSavePackage:Warning: Finished SavePackage ../../../../../../Users/luisr_000/Documents/Game-Files/SuperSpaceArmada/Content/SSA/Blueprints/Objects/PP_Crate.uasset
[2015.10.12-22.34.05:463][902]LogSavePackage: Save=28.273975ms
[2015.10.12-22.34.05:463][902]LogSavePackage: Moving '../../../../../../Users/luisr_000/Documents/Game-Files/SuperSpaceArmada/Saved/PP_Crate1F5748EB4534E15995AA5F9EEE631577.tmp' to '../../../../../../Users/luisr_000/Documents/Game-Files/SuperSpaceArmada/Content/SSA/Blueprints/Objects/PP_Crate.uasset'
[2015.10.12-22.34.05:464][902]LogSavePackage: Total save time: 40.023796ms
[2015.10.12-22.34.05:464][902]LogSavePackage:Warning: Finished SavePackage ../../../../../../Users/luisr_000/Documents/Game-Files/SuperSpaceArmada/Content/SSA/Blueprints/Objects/PP_Crate.uasset
[2015.10.12-22.34.35:829][263]LogSavePackage: Save=12.008122ms
[2015.10.12-22.34.35:829][263]LogSavePackage: Moving '../../../../../../Users/luisr_000/Documents/Game-Files/SuperSpaceArmada/Saved/healthCrate3E92E0FA42B1F0F6BA41B6A4C3A47427.tmp' to '../../../../../../Users/luisr_000/Documents/Game-Files/SuperSpaceArmada/Content/Geometry/Meshes/PowerUpCrates/healthCrate.uasset'
[2015.10.12-22.34.35:831][263]LogSavePackage: Total save time: 14.157943ms
[2015.10.12-22.34.35:831][263]LogSavePackage:Warning: Finished SavePackage ../../../../../../Users/luisr_000/Documents/Game-Files/SuperSpaceArmada/Content/Geometry/Meshes/PowerUpCrates/healthCrate.uasset
[2015.10.12-22.34.35:875][263]LogSavePackage: Save=15.078257ms
[2015.10.12-22.34.35:875][263]LogSavePackage: Moving '../../../../../../Users/luisr_000/Documents/Game-Files/SuperSpaceArmada/Saved/HealthCrateTex3A01BD804E30F85EAFEFCDB00375FFBD.tmp' to '../../../../../../Users/luisr_000/Documents/Game-Files/SuperSpaceArmada/Content/Geometry/Meshes/PowerUpCrates/HealthCrateTex.uasset'
[2015.10.12-22.34.35:877][263]LogSavePackage: Total save time: 17.248604ms
[2015.10.12-22.34.35:877][263]LogSavePackage:Warning: Finished SavePackage ../../../../../../Users/luisr_000/Documents/Game-Files/SuperSpaceArmada/Content/Geometry/Meshes/PowerUpCrates/HealthCrateTex.uasset
[2015.10.12-22.34.35:952][263]LogSavePackage: Save=11.831928ms
[2015.10.12-22.34.35:952][263]LogSavePackage: Moving '../../../../../../Users/luisr_000/Documents/Game-Files/SuperSpaceArmada/Saved/powerUpCratefbxBCA8E6914443E5358DFE6F80AACAC435.tmp' to '../../../../../../Users/luisr_000/Documents/Game-Files/SuperSpaceArmada/Content/Geometry/Meshes/PowerUpCrates/powerUpCratefbx.uasset'
[2015.10.12-22.34.35:954][263]LogSavePackage: Total save time: 14.012542ms
[2015.10.12-22.34.35:954][263]LogSavePackage:Warning: Finished SavePackage ../../../../../../Users/luisr_000/Documents/Game-Files/SuperSpaceArmada/Content/Geometry/Meshes/PowerUpCrates/powerUpCratefbx.uasset
[2015.10.12-22.34.35:997][263]LogSavePackage: Save=16.584885ms
[2015.10.12-22.34.35:997][263]LogSavePackage: Moving '../../../../../../Users/luisr_000/Documents/Game-Files/SuperSpaceArmada/Saved/PowerUpCrateTexA72DCD82484A25A4CBA7138FB046A848.tmp' to '../../../../../../Users/luisr_000/Documents/Game-Files/SuperSpaceArmada/Content/Geometry/Meshes/PowerUpCrates/PowerUpCrateTex.uasset'
[2015.10.12-22.34.35:999][263]LogSavePackage: Total save time: 18.668421ms
[2015.10.12-22.34.35:999][263]LogSavePackage:Warning: Finished SavePackage ../../../../../../Users/luisr_000/Documents/Game-Files/SuperSpaceArmada/Content/Geometry/Meshes/PowerUpCrates/PowerUpCrateTex.uasset
[2015.10.12-22.34.36:032][263]LogActorComponent: UnregisterComponent: (/Engine/Transient.CharMoveComp) Not registered. Aborting.
[2015.10.12-22.34.36:032][263]LogActorComponent: UnregisterComponent: (/Engine/Transient.CharacterMovementComponent_10) Not registered. Aborting.
[2015.10.12-22.34.36:536][263]LogSavePackage: Save=40.343254ms
[2015.10.12-22.34.36:536][263]LogSavePackage: Moving '../../../../../../Users/luisr_000/Documents/Game-Files/SuperSpaceArmada/Saved/Health_Crate0029459E4314B79EE4779F90F2C9468A.tmp' to '../../../../../../Users/luisr_000/Documents/Game-Files/SuperSpaceArmada/Content/SSA/Blueprints/Objects/Health_Crate.uasset'
[2015.10.12-22.34.36:537][263]LogSavePackage: Total save time: 55.485658ms
[2015.10.12-22.34.36:537][263]LogSavePackage:Warning: Finished SavePackage ../../../../../../Users/luisr_000/Documents/Game-Files/SuperSpaceArmada/Content/SSA/Blueprints/Objects/Health_Crate.uasset
[2015.10.12-22.34.36:617][263]LogSavePackage: Save=41.309753ms
[2015.10.12-22.34.36:617][263]LogSavePackage: Moving '../../../../../../Users/luisr_000/Documents/Game-Files/SuperSpaceArmada/Saved/Energy_Crate8470E63C4721D0CDBD9F2AA1A4933FA3.tmp' to '../../../../../../Users/luisr_000/Documents/Game-Files/SuperSpaceArmada/Content/SSA/Blueprints/Objects/Energy_Crate.uasset'
[2015.10.12-22.34.36:618][263]LogSavePackage: Total save time: 55.499341ms
[2015.10.12-22.34.36:618][263]LogSavePackage:Warning: Finished SavePackage ../../../../../../Users/luisr_000/Documents/Game-Files/SuperSpaceArmada/Content/SSA/Blueprints/Objects/Energy_Crate.uasset
[2015.10.12-22.34.57:783][977]LogSavePackage: Save=14.898642ms
[2015.10.12-22.34.57:783][977]LogSavePackage: Moving '../../../../../../Users/luisr_000/Documents/Game-Files/SuperSpaceArmada/Saved/missile_MatA1BF8FAC4815C26D7D4573910441A0F3.tmp' to '../../../../../../Users/luisr_000/Documents/Game-Files/SuperSpaceArmada/Content/Geometry/Meshes/Missile/missile_Mat.uasset'
[2015.10.12-22.34.57:785][977]LogSavePackage: Total save time: 16.942833ms
[2015.10.12-22.34.57:785][977]LogSavePackage:Warning: Finished SavePackage ../../../../../../Users/luisr_000/Documents/Game-Files/SuperSpaceArmada/Content/Geometry/Meshes/Missile/missile_Mat.uasset
[2015.10.12-22.34.57:829][977]LogSavePackage: Save=12.245898ms
[2015.10.12-22.34.57:829][977]LogSavePackage: Moving '../../../../../../Users/luisr_000/Documents/Game-Files/SuperSpaceArmada/Saved/missile_WithBoneF8B0D14343DB9A18DB399ABDEDE6A64E.tmp' to '../../../../../../Users/luisr_000/Documents/Game-Files/SuperSpaceArmada/Content/Geometry/Meshes/Missile/missile_WithBone.uasset'
[2015.10.12-22.34.57:831][977]LogSavePackage: Total save time: 14.536418ms
[2015.10.12-22.34.57:831][977]LogSavePackage:Warning: Finished SavePackage ../../../../../../Users/luisr_000/Documents/Game-Files/SuperSpaceArmada/Content/Geometry/Meshes/Missile/missile_WithBone.uasset
[2015.10.12-22.34.57:842][977]LogSavePackage: Save=3.253598ms
[2015.10.12-22.34.57:842][977]LogSavePackage: Moving '../../../../../../Users/luisr_000/Documents/Game-Files/SuperSpaceArmada/Saved/missile_WithBone_PhysicsAsset8653DEAE465E4BD095CC148438C238EA.tmp' to '../../../../../../Users/luisr_000/Documents/Game-Files/SuperSpaceArmada/Content/Geometry/Meshes/Missile/missile_WithBone_PhysicsAsset.uasset'
[2015.10.12-22.34.57:843][977]LogSavePackage: Total save time: 5.225517ms
[2015.10.12-22.34.57:843][977]LogSavePackage:Warning: Finished SavePackage ../../../../../../Users/luisr_000/Documents/Game-Files/SuperSpaceArmada/Content/Geometry/Meshes/Missile/missile_WithBone_PhysicsAsset.uasset
[2015.10.12-22.34.57:855][977]LogSavePackage: Save=3.129151ms
[2015.10.12-22.34.57:855][977]LogSavePackage: Moving '../../../../../../Users/luisr_000/Documents/Game-Files/SuperSpaceArmada/Saved/missile_WithBone_Skeleton2B5B6CCF4811879F875E00A9B84CB37F.tmp' to '../../../../../../Users/luisr_000/Documents/Game-Files/SuperSpaceArmada/Content/Geometry/Meshes/Missile/missile_WithBone_Skeleton.uasset'
[2015.10.12-22.34.57:856][977]LogSavePackage: Total save time: 4.856024ms
[2015.10.12-22.34.57:856][977]LogSavePackage:Warning: Finished SavePackage ../../../../../../Users/luisr_000/Documents/Game-Files/SuperSpaceArmada/Content/Geometry/Meshes/Missile/missile_WithBone_Skeleton.uasset
[2015.10.12-22.34.57:889][977]LogActorComponent: UnregisterComponent: (/Engine/Transient.CharMoveComp) Not registered. Aborting.
[2015.10.12-22.34.57:889][977]LogActorComponent: UnregisterComponent: (/Engine/Transient.CharacterMovementComponent_11) Not registered. Aborting.
[2015.10.12-22.35.01:251][ 50]LogActorComponent: UnregisterComponent: (/Engine/Transient.CharMoveComp) Not registered. Aborting.
[2015.10.12-22.35.01:251][ 50]LogActorComponent: UnregisterComponent: (/Engine/Transient.CharacterMovementComponent_12) Not registered. Aborting.
[2015.10.12-22.35.04:764][106]LogActorComponent: UnregisterComponent: (/Engine/Transient.CharMoveComp) Not registered. Aborting.
[2015.10.12-22.35.04:764][106]LogActorComponent: UnregisterComponent: (/Engine/Transient.CharacterMovementComponent_13) Not registered. Aborting.
[2015.10.12-22.35.06:785][128]LogActorComponent: UnregisterComponent: (/Engine/Transient.CharMoveComp) Not registered. Aborting.
[2015.10.12-22.35.06:785][128]LogActorComponent: UnregisterComponent: (/Engine/Transient.CharacterMovementComponent_14) Not registered. Aborting.
[2015.10.12-22.35.38:550][ 69]LogSavePackage: Save=12.158656ms
[2015.10.12-22.35.38:550][ 69]LogSavePackage: Moving '../../../../../../Users/luisr_000/Documents/Game-Files/SuperSpaceArmada/Saved/crystalPowerUp3DBFD5A44D0029543262BE93F91CA4F1.tmp' to '../../../../../../Users/luisr_000/Documents/Game-Files/SuperSpaceArmada/Content/Geometry/Meshes/CrystalPowerUpHolder/crystalPowerUp.uasset'
[2015.10.12-22.35.38:552][ 69]LogSavePackage: Total save time: 14.307622ms
[2015.10.12-22.35.38:552][ 69]LogSavePackage:Warning: Finished SavePackage ../../../../../../Users/luisr_000/Documents/Game-Files/SuperSpaceArmada/Content/Geometry/Meshes/CrystalPowerUpHolder/crystalPowerUp.uasset
[2015.10.12-22.35.38:596][ 69]LogSavePackage: Save=16.671270ms
[2015.10.12-22.35.38:596][ 69]LogSavePackage: Moving '../../../../../../Users/luisr_000/Documents/Game-Files/SuperSpaceArmada/Saved/crystalPowerUp_Mat5725FB804CDF49A35FA6468E3387F2FA.tmp' to '../../../../../../Users/luisr_000/Documents/Game-Files/SuperSpaceArmada/Content/Geometry/Meshes/CrystalPowerUpHolder/crystalPowerUp_Mat.uasset'
[2015.10.12-22.35.38:599][ 69]LogSavePackage: Total save time: 19.043475ms
[2015.10.12-22.35.38:599][ 69]LogSavePackage:Warning: Finished SavePackage ../../../../../../Users/luisr_000/Documents/Game-Files/SuperSpaceArmada/Content/Geometry/Meshes/CrystalPowerUpHolder/crystalPowerUp_Mat.uasset
[2015.10.12-22.35.38:629][ 69]LogActorComponent: UnregisterComponent: (/Engine/Transient.CharMoveComp) Not registered. Aborting.
[2015.10.12-22.35.38:629][ 69]LogActorComponent: UnregisterComponent: (/Engine/Transient.CharacterMovementComponent_15) Not registered. Aborting.
[2015.10.12-22.35.44:865][331]LogActorComponent: UnregisterComponent: (/Engine/Transient.CharMoveComp) Not registered. Aborting.
[2015.10.12-22.35.44:865][331]LogActorComponent: UnregisterComponent: (/Engine/Transient.CharacterMovementComponent_16) Not registered. Aborting.
[2015.10.12-22.35.44:934][331]Cmd: OBJ SAVEPACKAGE PACKAGE="/Game/SSA/Blueprints/Menues/MainMenu" FILE="../../../../../../Users/luisr_000/Documents/Game-Files/SuperSpaceArmada/Content/SSA/Blueprints/Menues/MainMenu.uasset" SILENT=true
[2015.10.12-22.35.45:174][331]LogSavePackage: Save=224.244690ms
[2015.10.12-22.35.45:174][331]LogSavePackage: Moving '../../../../../../Users/luisr_000/Documents/Game-Files/SuperSpaceArmada/Saved/MainMenu1C4FA3E246F75EDE45243CB78D2329FB.tmp' to '../../../../../../Users/luisr_000/Documents/Game-Files/SuperSpaceArmada/Content/SSA/Blueprints/Menues/MainMenu.uasset'
[2015.10.12-22.35.45:176][331]LogSavePackage: Total save time: 240.763295ms
[2015.10.12-22.35.45:176][331]LogSavePackage:Warning: Finished SavePackage ../../../../../../Users/luisr_000/Documents/Game-Files/SuperSpaceArmada/Content/SSA/Blueprints/Menues/MainMenu.uasset
[2015.10.12-22.35.48:208][498]LogWindowsTextInputMethodSystem:Display: IME system now deactivated.
[2015.10.12-22.35.48:209][498]LogWindowsTextInputMethodSystem:Display: IME system now deactivated.
[2015.10.12-22.35.48:471][499]Cmd: QUIT_EDITOR
[2015.10.12-22.35.48:723][499]LogExit: Preparing to exit.
[2015.10.12-22.35.49:853][499]LogExit: Editor shut down
[2015.10.12-22.35.49:854][499]LogParticles: Destroying 0 GPU particle simulations for FXSystem 0x0000006BD7E60400
[2015.10.12-22.35.49:854][499]LogExit: Transaction tracking system shut down
[2015.10.12-22.35.49:855][499]LogParticles: Destroying 0 GPU particle simulations for FXSystem 0x0000006BC8028F40
[2015.10.12-22.35.49:855][499]LogParticles: Destroying 0 GPU particle simulations for FXSystem 0x0000006BC802AD40
[2015.10.12-22.35.49:859][499]LogParticles: Destroying 0 GPU particle simulations for FXSystem 0x0000006B89B6C900
[2015.10.12-22.35.49:859][499]LogParticles: Destroying 0 GPU particle simulations for FXSystem 0x0000006B915A3E20
[2015.10.12-22.35.49:859][499]LogParticles: Destroying 0 GPU particle simulations for FXSystem 0x0000006B915A3CE0
[2015.10.12-22.35.49:859][499]LogParticles: Destroying 0 GPU particle simulations for FXSystem 0x0000006B915A3A60
[2015.10.12-22.35.50:047][499]LogParticles: Destroying 0 GPU particle simulations for FXSystem 0x0000006B8BEAE2A0
[2015.10.12-22.35.50:047][499]LogExit: Object subsystem successfully closed.
[2015.10.12-22.35.50:064][499]LogD3D11RHI: Shutdown
[2015.10.12-22.35.50:064][499]LogD3D11RHI: CleanupD3DDevice
[2015.10.12-22.35.50:134][499]LogD3D11RHI: ~FD3D11DynamicRHI
[2015.10.12-22.35.50:153][499]LogModuleManager: Shutting down and abandoning module DestructibleMeshEditor (200)
[2015.10.12-22.35.50:153][499]LogModuleManager: Shutting down and abandoning module BlueprintGraph (199)
[2015.10.12-22.35.50:153][499]LogModuleManager: Shutting down and abandoning module CrashTracker (198)
[2015.10.12-22.35.50:153][499]LogModuleManager: Shutting down and abandoning module SceneOutliner (197)
[2015.10.12-22.35.50:153][499]LogModuleManager: Shutting down and abandoning module SuperSearch (196)
[2015.10.12-22.35.50:153][499]LogModuleManager: Shutting down and abandoning module WidgetCarousel (195)
[2015.10.12-22.35.50:153][499]LogModuleManager: Shutting down and abandoning module AddContentDialog (194)
[2015.10.12-22.35.50:154][499]LogModuleManager: Shutting down and abandoning module EditorWidgets (193)
[2015.10.12-22.35.50:154][499]LogModuleManager: Shutting down and abandoning module CollectionManager (192)
[2015.10.12-22.35.50:155][499]LogModuleManager: Shutting down and abandoning module FoliageEdit (191)
[2015.10.12-22.35.50:155][499]LogModuleManager: Shutting down and abandoning module LandscapeEditor (190)
[2015.10.12-22.35.50:155][499]LogModuleManager: Shutting down and abandoning module ActorPickerMode (189)
[2015.10.12-22.35.50:155][499]LogModuleManager: Shutting down and abandoning module GeometryMode (188)
[2015.10.12-22.35.50:155][499]LogModuleManager: Shutting down and abandoning module TextureAlignMode (187)
[2015.10.12-22.35.50:155][499]LogModuleManager: Shutting down and abandoning module BspMode (186)
[2015.10.12-22.35.50:155][499]LogModuleManager: Shutting down and abandoning module PlacementMode (185)
[2015.10.12-22.35.50:155][499]LogModuleManager: Shutting down and abandoning module AutomationWorker (184)
[2015.10.12-22.35.50:155][499]LogModuleManager: Shutting down and abandoning module CharacterAI (183)
[2015.10.12-22.35.50:155][499]LogModuleManager: Shutting down and abandoning module SmartSnapping (182)
[2015.10.12-22.35.50:155][499]LogModuleManager: Shutting down and abandoning module ViewportSnapping (181)
[2015.10.12-22.35.50:155][499]LogModuleManager: Shutting down and abandoning module LogVisualizer (180)
[2015.10.12-22.35.50:155][499]LogModuleManager: Shutting down and abandoning module GameProjectGeneration (179)
[2015.10.12-22.35.50:155][499]LogModuleManager: Shutting down and abandoning module IntroTutorials (178)
[2015.10.12-22.35.50:155][499]LogModuleManager: Shutting down and abandoning module EditorLiveStreaming (177)
[2015.10.12-22.35.50:155][499]LogModuleManager: Shutting down and abandoning module IOSPlatformEditor (176)
[2015.10.12-22.35.50:155][499]LogModuleManager: Shutting down and abandoning module HTML5PlatformEditor (175)
[2015.10.12-22.35.50:155][499]LogModuleManager: Shutting down and abandoning module AndroidDeviceDetection (174)
[2015.10.12-22.35.50:645][499]LogModuleManager: Shutting down and abandoning module AndroidPlatformEditor (173)
[2015.10.12-22.35.50:645][499]LogModuleManager: Shutting down and abandoning module IOSRuntimeSettings (172)
[2015.10.12-22.35.50:645][499]LogModuleManager: Shutting down and abandoning module AndroidRuntimeSettings (171)
[2015.10.12-22.35.50:645][499]LogModuleManager: Shutting down and abandoning module MergeActors (170)
[2015.10.12-22.35.50:645][499]LogModuleManager: Shutting down and abandoning module SizeMap (169)
[2015.10.12-22.35.50:645][499]LogModuleManager: Shutting down and abandoning module TreeMap (168)
[2015.10.12-22.35.50:645][499]LogModuleManager: Shutting down and abandoning module ReferenceViewer (167)
[2015.10.12-22.35.50:645][499]LogModuleManager: Shutting down and abandoning module LocalizationService (166)
[2015.10.12-22.35.50:645][499]LogModuleManager: Shutting down and abandoning module LocalizationDashboard (165)
[2015.10.12-22.35.50:645][499]LogModuleManager: Shutting down and abandoning module HardwareTargeting (164)
[2015.10.12-22.35.50:645][499]LogModuleManager: Shutting down and abandoning module DeviceProfileEditor (163)
[2015.10.12-22.35.50:645][499]LogModuleManager: Shutting down and abandoning module UndoHistory (162)
[2015.10.12-22.35.50:645][499]LogModuleManager: Shutting down and abandoning module GameplayTagsEditor (161)
[2015.10.12-22.35.50:645][499]LogModuleManager: Shutting down and abandoning module UserFeedback (160)
[2015.10.12-22.35.50:645][499]LogModuleManager: Shutting down and abandoning module XmlParser (159)
[2015.10.12-22.35.50:645][499]LogModuleManager: Shutting down and abandoning module Blutility (158)
[2015.10.12-22.35.50:645][499]LogModuleManager: Shutting down and abandoning module ProjectTargetPlatformEditor (157)
[2015.10.12-22.35.50:645][499]LogModuleManager: Shutting down and abandoning module ProjectSettingsViewer (156)
[2015.10.12-22.35.50:645][499]LogModuleManager: Shutting down and abandoning module InputBindingEditor (155)
[2015.10.12-22.35.50:645][499]LogModuleManager: Shutting down and abandoning module EditorSettingsViewer (154)
[2015.10.12-22.35.50:645][499]LogModuleManager: Shutting down and abandoning module SettingsEditor (153)
[2015.10.12-22.35.50:645][499]LogModuleManager: Shutting down and abandoning module ProjectLauncher (152)
[2015.10.12-22.35.50:645][499]LogModuleManager: Shutting down and abandoning module SessionFrontend (151)
[2015.10.12-22.35.50:645][499]LogModuleManager: Shutting down and abandoning module ProfilerClient (150)
[2015.10.12-22.35.50:645][499]LogModuleManager: Shutting down and abandoning module TargetDeviceServices (149)
[2015.10.12-22.35.50:645][499]LogModuleManager: Shutting down and abandoning module DeviceManager (148)
[2015.10.12-22.35.50:645][499]LogModuleManager: Shutting down and abandoning module AutomationController (147)
[2015.10.12-22.35.50:645][499]LogModuleManager: Shutting down and abandoning module AutomationWindow (146)
[2015.10.12-22.35.50:645][499]LogModuleManager: Shutting down and abandoning module Layers (145)
[2015.10.12-22.35.50:646][499]LogModuleManager: Shutting down and abandoning module ComponentVisualizers (144)
[2015.10.12-22.35.50:646][499]LogModuleManager: Shutting down and abandoning module DetailCustomizations (143)
[2015.10.12-22.35.50:646][499]LogModuleManager: Shutting down and abandoning module PackagesDialog (142)
[2015.10.12-22.35.50:646][499]LogModuleManager: Shutting down and abandoning module Persona (141)
[2015.10.12-22.35.50:646][499]LogModuleManager: Shutting down and abandoning module Kismet (140)
[2015.10.12-22.35.50:646][499]LogModuleManager: Shutting down and abandoning module GraphEditor (139)
[2015.10.12-22.35.50:646][499]LogModuleManager: Shutting down and abandoning module ClassViewer (138)
[2015.10.12-22.35.50:646][499]LogModuleManager: Shutting down and abandoning module Toolbox (137)
[2015.10.12-22.35.50:646][499]LogModuleManager: Shutting down and abandoning module ModuleUI (136)
[2015.10.12-22.35.50:646][499]LogModuleManager: Shutting down and abandoning module MovieSceneTools (135)
[2015.10.12-22.35.50:646][499]LogModuleManager: Shutting down and abandoning module OutputLog (134)
[2015.10.12-22.35.50:646][499]LogModuleManager: Shutting down and abandoning module GammaUI (133)
[2015.10.12-22.35.50:646][499]LogModuleManager: Shutting down and abandoning module Documentation (132)
[2015.10.12-22.35.50:646][499]LogModuleManager: Shutting down and abandoning module GameLiveStreaming (131)
[2015.10.12-22.35.50:646][499]LogModuleManager: Shutting down and abandoning module StreamingPauseRendering (130)
[2015.10.12-22.35.50:646][499]LogModuleManager: Shutting down and abandoning module AnalyticsET (129)
[2015.10.12-22.35.50:646][499]LogModuleManager: Shutting down and abandoning module Analytics (128)
[2015.10.12-22.35.50:646][499]LogModuleManager: Shutting down and abandoning module AITestSuite (127)
[2015.10.12-22.35.50:646][499]LogModuleManager: Shutting down and abandoning module GameplayDebugger (126)
[2015.10.12-22.35.50:646][499]LogModuleManager: Shutting down and abandoning module AIModule (125)
[2015.10.12-22.35.50:646][499]LogModuleManager: Shutting down and abandoning module ProfilerService (124)
[2015.10.12-22.35.50:777][499]LogModuleManager: Shutting down and abandoning module TaskGraph (123)
[2015.10.12-22.35.50:777][499]LogModuleManager: Shutting down and abandoning module SubstanceEditor (122)
[2015.10.12-22.35.50:777][499]LogModuleManager: Shutting down and abandoning module SlateRemote (121)
[2015.10.12-22.35.50:777][499]LogModuleManager: Shutting down and abandoning module SteamVRController (120)
[2015.10.12-22.35.50:777][499]LogModuleManager: Shutting down and abandoning module SteamVR (119)
[2015.10.12-22.35.50:777][499]LogModuleManager: Shutting down and abandoning module ProceduralMeshComponent (118)
[2015.10.12-22.35.50:777][499]LogModuleManager: Shutting down and abandoning module OculusRift (117)
[2015.10.12-22.35.50:777][499]LogModuleManager: Shutting down and abandoning module OculusLibrary (116)
[2015.10.12-22.35.50:777][499]LogModuleManager: Shutting down and abandoning module LeapMotionController (115)
[2015.10.12-22.35.50:791][499]LogModuleManager: Shutting down and abandoning module CustomMeshComponent (114)
[2015.10.12-22.35.50:791][499]LogModuleManager: Shutting down and abandoning module CableComponent (113)
[2015.10.12-22.35.50:791][499]LogModuleManager: Shutting down and abandoning module ArchVisCharacter (112)
[2015.10.12-22.35.50:791][499]LogModuleManager: Shutting down and abandoning module MessagingDebugger (111)
[2015.10.12-22.35.50:791][499]LogModuleManager: Shutting down and abandoning module MediaPlayerEditor (110)
[2015.10.12-22.35.50:791][499]LogModuleManager: Shutting down and abandoning module HTML5Networking (109)
[2015.10.12-22.35.50:791][499]LogModuleManager: Shutting down and abandoning module SpeedTreeImporter (108)
[2015.10.12-22.35.50:791][499]LogModuleManager: Shutting down and abandoning module PluginBrowser (107)
[2015.10.12-22.35.50:791][499]LogModuleManager: Shutting down and abandoning module EpicSurvey (106)
[2015.10.12-22.35.50:791][499]LogModuleManager: Shutting down and abandoning module DesktopPlatform (105)
[2015.10.12-22.35.50:791][499]LogModuleManager: Shutting down and abandoning module VisualStudioSourceCodeAccess (104)
[2015.10.12-22.35.50:791][499]LogModuleManager: Shutting down and abandoning module UObjectPlugin (103)
[2015.10.12-22.35.50:791][499]LogModuleManager: Shutting down and abandoning module SubversionSourceControl (102)
[2015.10.12-22.35.50:791][499]LogModuleManager: Shutting down and abandoning module PerforceSourceControl (101)
[2015.10.12-22.35.50:791][499]LogModuleManager: Shutting down and abandoning module SourceControl (100)
[2015.10.12-22.35.50:791][499]LogModuleManager: Shutting down and abandoning module GitSourceControl (99)
[2015.10.12-22.35.50:791][499]LogModuleManager: Shutting down and abandoning module LightPropagationVolumeEditor (98)
[2015.10.12-22.35.50:791][499]LogModuleManager: Shutting down and abandoning module PaperTiledImporter (97)
[2015.10.12-22.35.50:791][499]LogModuleManager: Shutting down and abandoning module PaperSpriteSheetImporter (96)
[2015.10.12-22.35.50:791][499]LogModuleManager: Shutting down and abandoning module MeshPaint (95)
[2015.10.12-22.35.50:791][499]LogModuleManager: Shutting down and abandoning module SlateReflector (94)
[2015.10.12-22.35.50:791][499]LogModuleManager: Shutting down and abandoning module HotReload (93)
[2015.10.12-22.35.50:791][499]LogModuleManager: Shutting down and abandoning module MainFrame (92)
[2015.10.12-22.35.50:791][499]LogModuleManager: Shutting down and abandoning module LevelEditor (91)
[2015.10.12-22.35.50:792][499]LogModuleManager: Shutting down and abandoning module ContentBrowser (90)
[2015.10.12-22.35.50:793][499]LogModuleManager: Shutting down and abandoning module Paper2DEditor (89)
[2015.10.12-22.35.50:793][499]LogModuleManager: Shutting down and abandoning module UdpMessaging (88)
[2015.10.12-22.35.50:894][499]LogModuleManager: Shutting down and abandoning module DirectoryWatcher (87)
[2015.10.12-22.35.50:894][499]LogModuleManager: Shutting down and abandoning module AssetRegistry (86)
[2015.10.12-22.35.50:975][499]LogModuleManager: Shutting down and abandoning module SubstanceCore (85)
[2015.10.12-22.35.50:975][499]LogModuleManager: Shutting down and abandoning module LightPropagationVolumeRuntime (84)
[2015.10.12-22.35.50:975][499]LogModuleManager: Shutting down and abandoning module Paper2D (83)
[2015.10.12-22.35.50:975][499]LogModuleManager: Shutting down and abandoning module WindowsMoviePlayer (82)
[2015.10.12-22.35.50:980][499]LogModuleManager: Shutting down and abandoning module Media (81)
[2015.10.12-22.35.50:980][499]LogModuleManager: Shutting down and abandoning module WmfMedia (80)
[2015.10.12-22.35.50:980][499]LogModuleManager: Shutting down and abandoning module OnlineBlueprintSupport (79)
[2015.10.12-22.35.50:980][499]LogModuleManager: Shutting down and abandoning module GameplayTasksEditor (78)
[2015.10.12-22.35.50:980][499]LogModuleManager: Shutting down and abandoning module PropertyEditor (77)
[2015.10.12-22.35.50:980][499]LogModuleManager: Shutting down and abandoning module BehaviorTreeEditor (76)
[2015.10.12-22.35.50:980][499]LogModuleManager: Shutting down and abandoning module FunctionalTesting (75)
[2015.10.12-22.35.50:980][499]LogModuleManager: Shutting down and abandoning module CollisionAnalyzer (74)
[2015.10.12-22.35.50:980][499]LogModuleManager: Shutting down and abandoning module WorkspaceMenuStructure (73)
[2015.10.12-22.35.50:980][499]LogModuleManager: Shutting down and abandoning module MessageLog (72)
[2015.10.12-22.35.50:980][499]LogModuleManager: Shutting down and abandoning module Sequencer (71)
[2015.10.12-22.35.50:980][499]LogModuleManager: Shutting down and abandoning module AssetTools (70)
[2015.10.12-22.35.50:981][499]LogModuleManager: Shutting down and abandoning module UMGEditor (69)
[2015.10.12-22.35.50:981][499]LogModuleManager: Shutting down and abandoning module UMG (68)
[2015.10.12-22.35.50:981][499]LogModuleManager: Shutting down and abandoning module Slate (67)
[2015.10.12-22.35.50:981][499]LogModuleManager: Shutting down and abandoning module EditorStyle (66)
[2015.10.12-22.35.50:982][499]LogModuleManager: Shutting down and abandoning module SessionServices (65)
[2015.10.12-22.35.50:982][499]LogModuleManager: Shutting down and abandoning module SourceCodeAccess (64)
[2015.10.12-22.35.50:982][499]LogModuleManager: Shutting down and abandoning module HeadMountedDisplay (63)
[2015.10.12-22.35.50:983][499]LogModuleManager: Shutting down and abandoning module XAudio2 (62)
[2015.10.12-22.35.50:983][499]LogModuleManager: Shutting down and abandoning module Networking (60)
[2015.10.12-22.35.50:983][499]LogModuleManager: Shutting down and abandoning module Core (59)
[2015.10.12-22.35.50:983][499]LogModuleManager: Shutting down and abandoning module KismetCompiler (58)
[2015.10.12-22.35.50:983][499]LogModuleManager: Shutting down and abandoning module PhysXFormats (57)
[2015.10.12-22.35.50:983][499]LogModuleManager: Shutting down and abandoning module MeshUtilities (56)
[2015.10.12-22.35.50:983][499]LogModuleManager: Shutting down and abandoning module CookingStats (55)
[2015.10.12-22.35.50:985][499]LogModuleManager: Shutting down and abandoning module DerivedDataCache (54)
[2015.10.12-22.35.51:055][499]LogDerivedDataCache: Shutdown
[2015.10.12-22.35.51:055][499]LogModuleManager: Shutting down and abandoning module ShaderFormatOpenGL (53)
[2015.10.12-22.35.51:055][499]LogModuleManager: Shutting down and abandoning module ShaderFormatD3D (52)
[2015.10.12-22.35.51:055][499]LogModuleManager: Shutting down and abandoning module MetalShaderFormat (51)
[2015.10.12-22.35.51:055][499]LogModuleManager: Shutting down and abandoning module TextureFormatUncompressed (50)
[2015.10.12-22.35.51:055][499]LogModuleManager: Shutting down and abandoning module TextureFormatPVR (49)
[2015.10.12-22.35.51:055][499]LogModuleManager: Shutting down and abandoning module TextureFormatIntelISPCTexComp (48)
[2015.10.12-22.35.51:055][499]LogModuleManager: Shutting down and abandoning module TextureFormatDXT (47)
[2015.10.12-22.35.51:055][499]LogModuleManager: Shutting down and abandoning module ImageWrapper (46)
[2015.10.12-22.35.51:055][499]LogModuleManager: Shutting down and abandoning module TextureFormatASTC (45)
[2015.10.12-22.35.51:055][499]LogModuleManager: Shutting down and abandoning module TextureFormatAndroid (44)
[2015.10.12-22.35.51:055][499]LogModuleManager: Shutting down and abandoning module AudioFormatOpus (43)
[2015.10.12-22.35.51:055][499]LogModuleManager: Shutting down and abandoning module AudioFormatOgg (42)
[2015.10.12-22.35.51:055][499]LogModuleManager: Shutting down and abandoning module AudioFormatADPCM (41)
[2015.10.12-22.35.51:055][499]LogModuleManager: Shutting down and abandoning module LinuxTargetPlatform (40)
[2015.10.12-22.35.51:055][499]LogModuleManager: Shutting down and abandoning module LinuxServerTargetPlatform (39)
[2015.10.12-22.35.51:055][499]LogModuleManager: Shutting down and abandoning module LinuxNoEditorTargetPlatform (38)
[2015.10.12-22.35.51:055][499]LogModuleManager: Shutting down and abandoning module Messaging (37)
[2015.10.12-22.35.51:055][499]LogModuleManager: Shutting down and abandoning module IOSTargetPlatform (36)
[2015.10.12-22.35.51:055][499]LogModuleManager: Shutting down and abandoning module HTML5TargetPlatform (35)
[2015.10.12-22.35.51:055][499]LogModuleManager: Shutting down and abandoning module Android_PVRTCTargetPlatform (34)
[2015.10.12-22.35.51:055][499]LogModuleManager: Shutting down and abandoning module Android_ETC2TargetPlatform (33)
[2015.10.12-22.35.51:055][499]LogModuleManager: Shutting down and abandoning module Android_ETC1TargetPlatform (32)
[2015.10.12-22.35.51:055][499]LogModuleManager: Shutting down and abandoning module Android_DXTTargetPlatform (31)
[2015.10.12-22.35.51:055][499]LogModuleManager: Shutting down and abandoning module Android_ATCTargetPlatform (30)
[2015.10.12-22.35.51:055][499]LogModuleManager: Shutting down and abandoning module Android_ASTCTargetPlatform (29)
[2015.10.12-22.35.51:055][499]LogModuleManager: Shutting down and abandoning module AndroidTargetPlatform (28)
[2015.10.12-22.35.51:055][499]LogModuleManager: Shutting down and abandoning module WindowsTargetPlatform (27)
[2015.10.12-22.35.51:055][499]LogModuleManager: Shutting down and abandoning module WindowsServerTargetPlatform (26)
[2015.10.12-22.35.51:055][499]LogModuleManager: Shutting down and abandoning module WindowsNoEditorTargetPlatform (25)
[2015.10.12-22.35.51:055][499]LogModuleManager: Shutting down and abandoning module WindowsClientTargetPlatform (24)
[2015.10.12-22.35.51:055][499]LogModuleManager: Shutting down and abandoning module AllDesktopTargetPlatform (23)
[2015.10.12-22.35.51:055][499]LogModuleManager: Shutting down and abandoning module TargetPlatform (22)
[2015.10.12-22.35.51:055][499]LogModuleManager: Shutting down and abandoning module InputCore (21)
[2015.10.12-22.35.51:055][499]LogModuleManager: Shutting down and abandoning module Settings (20)
[2015.10.12-22.35.51:055][499]LogModuleManager: Shutting down and abandoning module OnlineSubsystem (18)
[2015.10.12-22.35.51:055][499]LogModuleManager: Shutting down and abandoning module HTTP (17)
[2015.10.12-22.35.53:058][499]LogModuleManager: Shutting down and abandoning module XMPP (16)
[2015.10.12-22.35.53:058][499]LogModuleManager: Shutting down and abandoning module ExampleDeviceProfileSelector (15)
[2015.10.12-22.35.53:058][499]LogModuleManager: Shutting down and abandoning module TextureCompressor (14)
[2015.10.12-22.35.53:058][499]LogModuleManager: Shutting down and abandoning module ShaderCore (13)
[2015.10.12-22.35.53:058][499]LogModuleManager: Shutting down and abandoning module Landscape (12)
[2015.10.12-22.35.53:058][499]LogModuleManager: Shutting down and abandoning module SlateRHIRenderer (11)
[2015.10.12-22.35.53:059][499]LogModuleManager: Shutting down and abandoning module OpenGLDrv (10)
[2015.10.12-22.35.53:059][499]LogModuleManager: Shutting down and abandoning module D3D11RHI (9)
[2015.10.12-22.35.53:059][499]LogModuleManager: Shutting down and abandoning module AnimGraphRuntime (8)
[2015.10.12-22.35.53:059][499]LogModuleManager: Shutting down and abandoning module Renderer (7)
[2015.10.12-22.35.53:059][499]LogModuleManager: Shutting down and abandoning module Engine (6)
[2015.10.12-22.35.53:059][499]LogModuleManager: Shutting down and abandoning module CoreUObject (5)
[2015.10.12-22.35.53:059][499]LogModuleManager: Shutting down and abandoning module NetworkFile (4)
[2015.10.12-22.35.53:059][499]LogModuleManager: Shutting down and abandoning module StreamingFile (3)
[2015.10.12-22.35.53:059][499]LogModuleManager: Shutting down and abandoning module SandboxFile (2)
[2015.10.12-22.35.53:059][499]LogModuleManager: Shutting down and abandoning module PakFile (1)
[2015.10.12-22.35.53:060][499]LogExit: Exiting.
[2015.10.12-22.35.53:113][499]Log file closed, 10/12/15 18:35:53
