[2015.12.13-01.51.18:922][  0]Log file open, 12/12/15 20:51:18
[2015.12.13-01.51.18:922][  0]LogInit:Display: Running engine for game: SuperSpaceArmada
[2015.12.13-01.51.18:922][  0]LogInit:Display: RandInit(-1452995486) SRandInit(-1452995485).
[2015.12.13-01.51.18:922][  0]LogTaskGraph: Started task graph with 4 named threads and 5 total threads.
[2015.12.13-01.51.18:922][  0]LogStats: Stats thread started at 0.069478
[2015.12.13-01.51.18:922][  0]LogInit: Version: 4.9.1-2689999+++depot+UE4-Releases+4.9
[2015.12.13-01.51.18:922][  0]LogInit: API Version: 2672455
[2015.12.13-01.51.18:922][  0]LogInit: Compiled (64-bit): Sep 14 2015 04:12:03
[2015.12.13-01.51.18:922][  0]LogInit: Compiled with Visual C++: 18.00.21005.01
[2015.12.13-01.51.18:922][  0]LogInit: Build Configuration: Development
[2015.12.13-01.51.18:922][  0]LogInit: Branch Name: ++depot+UE4-Releases+4.9
[2015.12.13-01.51.18:922][  0]LogInit: Command line:  
[2015.12.13-01.51.18:922][  0]LogInit: Base directory: C:/Program Files/Epic Games/4.9/Engine/Binaries/Win64/
[2015.12.13-01.51.18:922][  0]LogInit: Rocket: 1
[2015.12.13-01.51.18:937][  0]LogInit: Using libcurl 7.41.0
[2015.12.13-01.51.18:937][  0]LogInit:  - built for x86_64-pc-win32
[2015.12.13-01.51.18:937][  0]LogInit:  - supports SSL with WinSSL
[2015.12.13-01.51.18:937][  0]LogInit:  - other features:
[2015.12.13-01.51.18:937][  0]LogInit:      CURL_VERSION_SSL
[2015.12.13-01.51.18:937][  0]LogInit:      CURL_VERSION_IPV6
[2015.12.13-01.51.18:937][  0]LogInit:      CURL_VERSION_ASYNCHDNS
[2015.12.13-01.51.18:937][  0]LogInit:      CURL_VERSION_LARGEFILE
[2015.12.13-01.51.18:937][  0]LogInit:      CURL_VERSION_IDN
[2015.12.13-01.51.18:937][  0]LogInit:  CurlRequestOptions (configurable via config and command line):
[2015.12.13-01.51.18:937][  0]LogInit:  - bVerifyPeer = true  - Libcurl will verify peer certificate
[2015.12.13-01.51.18:937][  0]LogInit:  - bUseHttpProxy = false  - Libcurl will NOT use HTTP proxy
[2015.12.13-01.51.18:937][  0]LogInit:  - bDontReuseConnections = false  - Libcurl will reuse connections
[2015.12.13-01.51.18:937][  0]LogInit:  - CertBundlePath = nullptr  - Libcurl will use whatever was configured at build time.
[2015.12.13-01.51.18:953][  0]LogInit: Presizing for 0 objects not considered by GC, pre-allocating 0 bytes.
[2015.12.13-01.51.18:953][  0]LogInit: Object subsystem initialized
[2015.12.13-01.51.18:953][  0]LogInit: Selected Device Profile: [Windows]
[2015.12.13-01.51.18:953][  0]LogInit: Applying CVar settings loaded from the selected device profile: [Windows]
[2015.12.13-01.51.18:976][  0]LogInit: Computer: PERSONAL-PC
[2015.12.13-01.51.18:976][  0]LogInit: User: MEnrique
[2015.12.13-01.51.18:976][  0]LogInit: CPU Page size=4096, Cores=2
[2015.12.13-01.51.18:976][  0]LogInit: High frequency timer resolution =2.338338 MHz
[2015.12.13-01.51.18:976][  0]LogMemory: Memory total: Physical=15.9GB (16GB approx)
[2015.12.13-01.51.18:976][  0]LogMemory: Platform Memory Stats for Windows
[2015.12.13-01.51.18:976][  0]LogMemory: Process Physical Memory: 54.92 MB used, 54.92 MB peak
[2015.12.13-01.51.18:976][  0]LogMemory: Process Virtual Memory: 58.37 MB used, 58.37 MB peak
[2015.12.13-01.51.18:976][  0]LogMemory: Physical Memory: 1852.05 MB used, 16299.39 MB total
[2015.12.13-01.51.18:976][  0]LogMemory: Virtual Memory: 353.78 MB used, 134217728.00 MB total
[2015.12.13-01.51.19:013][  0]LogTextLocalizationManager: No specific translations for ('en-US') exist, so ('en') translations will be used.
[2015.12.13-01.51.20:385][  0]LogD3D11RHI: Found D3D11 adapter 0: NVIDIA GeForce 940M          (Feature Level 11_0)
[2015.12.13-01.51.20:385][  0]LogD3D11RHI: Adapter has 1972MB of dedicated video memory, 0MB of dedicated system memory, and 2048MB of shared system memory, 1 output[s]
[2015.12.13-01.51.20:398][  0]LogD3D11RHI: Found D3D11 adapter 1: Intel(R) HD Graphics 5500 (Feature Level 11_0)
[2015.12.13-01.51.20:398][  0]LogD3D11RHI: Adapter has 0MB of dedicated video memory, 0MB of dedicated system memory, and 3839MB of shared system memory, 0 output[s]
[2015.12.13-01.51.20:400][  0]LogD3D11RHI: Found D3D11 adapter 2: Microsoft Basic Render Driver (Feature Level 11_0)
[2015.12.13-01.51.20:400][  0]LogD3D11RHI: Adapter has 0MB of dedicated video memory, 0MB of dedicated system memory, and 256MB of shared system memory, 0 output[s]
[2015.12.13-01.51.20:400][  0]LogD3D11RHI: Chosen D3D11 Adapter Id = 0
[2015.12.13-01.51.20:406][  0]LogD3D11RHI: !Direct3DDevice
[2015.12.13-01.51.20:406][  0]LogRHI: Texture pool is 1361 MB (70% of 1945 MB)
[2015.12.13-01.51.20:421][  0]LogD3D11RHI: Async texture creation enabled
[2015.12.13-01.51.20:441][  0]LogShaderCompilers: Guid format shader working directory is 15 characters bigger than the processId version (../../../../../../Users/MEnrique/Documents/GitHub/Game-Files/SuperSpaceArmada/Intermediate/Shaders/WorkingDirectory/2764/).
[2015.12.13-01.51.20:441][  0]LogShaderCompilers: Cleaned the shader compiler working directory '../../../../../../Users/MEnrique/Documents/GitHub/Game-Files/SuperSpaceArmada/Intermediate/Shaders/tmp/0A77BA664662CEB257F3F68E43514160/'.
[2015.12.13-01.51.20:441][  0]LogShaderCompilers:Display: Using Local Shader Compiler.
[2015.12.13-01.51.22:720][  0]LogTemp:Display: Loaded TP AllDesktopTargetPlatform
[2015.12.13-01.51.22:734][  0]LogTemp:Display: Loaded TP WindowsClientTargetPlatform
[2015.12.13-01.51.22:747][  0]LogTemp:Display: Loaded TP WindowsNoEditorTargetPlatform
[2015.12.13-01.51.22:761][  0]LogTemp:Display: Loaded TP WindowsServerTargetPlatform
[2015.12.13-01.51.22:774][  0]LogTemp:Display: Loaded TP WindowsTargetPlatform
[2015.12.13-01.51.22:783][  0]LogTemp:Display: Loaded TP AndroidTargetPlatform
[2015.12.13-01.51.22:792][  0]LogTemp:Display: Loaded TP Android_ASTCTargetPlatform
[2015.12.13-01.51.22:803][  0]LogTemp:Display: Loaded TP Android_ATCTargetPlatform
[2015.12.13-01.51.22:818][  0]LogTemp:Display: Loaded TP Android_DXTTargetPlatform
[2015.12.13-01.51.22:830][  0]LogTemp:Display: Loaded TP Android_ETC1TargetPlatform
[2015.12.13-01.51.22:839][  0]LogTemp:Display: Loaded TP Android_ETC2TargetPlatform
[2015.12.13-01.51.22:849][  0]LogTemp:Display: Loaded TP Android_PVRTCTargetPlatform
[2015.12.13-01.51.22:851][  0]LogTemp:Display: Loaded TP HTML5TargetPlatform
[2015.12.13-01.51.22:879][  0]LogTemp:Display: Loaded TP IOSTargetPlatform
[2015.12.13-01.51.22:888][  0]LogTemp:Display: Loaded TP LinuxNoEditorTargetPlatform
[2015.12.13-01.51.22:896][  0]LogTemp:Display: Loaded TP LinuxServerTargetPlatform
[2015.12.13-01.51.22:912][  0]LogTemp:Display: Loaded TP LinuxTargetPlatform
[2015.12.13-01.51.22:912][  0]LogTargetPlatformManager:Display: Building Assets For Windows
[2015.12.13-01.51.23:194][  0]LogDerivedDataCache:Display: Max Cache Size: 512 MB
[2015.12.13-01.51.23:355][  0]LogDerivedDataCache: Loaded boot cache 0.16s 41MB C:/Users/MEnrique/AppData/Local/UnrealEngine/4.9/DerivedDataCache/Boot.ddc.
[2015.12.13-01.51.23:355][  0]LogDerivedDataCache:Display: Loaded Boot cache: C:/Users/MEnrique/AppData/Local/UnrealEngine/4.9/DerivedDataCache/Boot.ddc
[2015.12.13-01.51.23:355][  0]LogDerivedDataCache: FDerivedDataBackendGraph:  Pak pak cache file ../../../../../../Users/MEnrique/Documents/GitHub/Game-Files/SuperSpaceArmada/DerivedDataCache/DDC.ddp not found, will not use a pak cache.
[2015.12.13-01.51.23:355][  0]LogDerivedDataCache: Unable to find inner node Pak for hierarchical cache Hierarchy.
[2015.12.13-01.51.23:355][  0]LogDerivedDataCache: FDerivedDataBackendGraph:  CompressedPak pak cache file ../../../../../../Users/MEnrique/Documents/GitHub/Game-Files/SuperSpaceArmada/DerivedDataCache/Compressed.ddp not found, will not use a pak cache.
[2015.12.13-01.51.23:355][  0]LogDerivedDataCache: Unable to find inner node CompressedPak for hierarchical cache Hierarchy.
[2015.12.13-01.51.23:738][  0]LogDerivedDataCache:Display: Pak cache opened for reading ../../../Engine/DerivedDataCache/Compressed.ddp.
[2015.12.13-01.51.23:751][  0]LogDerivedDataCache: Using Local data cache path C:/Users/MEnrique/AppData/Local/UnrealEngine/Common/DerivedDataCache: Writable
[2015.12.13-01.51.24:206][  0]LogInit: Selected Device Profile: [Windows]
[2015.12.13-01.51.24:214][  0]LogContentStreaming: Texture pool size is 0.000000MB
[2015.12.13-01.51.24:495][  0]LogMeshUtilities: No automatic mesh reduction module available
[2015.12.13-01.51.24:495][  0]LogMeshUtilities: No automatic mesh merging module available
[2015.12.13-01.51.24:957][  0]LogInit: WinSock: version 1.1 (2.2), MaxSocks=32767, MaxUdp=65467
[2015.12.13-01.51.26:203][  0]LogAssetRegistry: FAssetRegistry took 0.0112 seconds to start up
[2015.12.13-01.51.26:232][  0]UdpMessaging: Initializing bridge on interface 0.0.0.0:0 to multicast group 230.0.0.1:6666.
[2015.12.13-01.51.26:655][  0]SourceControl: Info Source control is disabled
[2015.12.13-01.51.26:656][  0]SourceControl: Info Source control is disabled
[2015.12.13-01.51.26:676][  0]SourceControl: Info Source control is disabled
[2015.12.13-01.51.26:694][  0]SourceControl: Info Source control is disabled
[2015.12.13-01.51.27:001][  0]LogLinker:Warning: Asset '../../../Engine/Plugins/Runtime/LeapMotionController/Content/LM_PassthroughMaterial.uasset' has been saved with empty engine version. The asset will be loaded but may be incompatible.
[2015.12.13-01.51.27:125][  0]LogObj: 28528 objects as part of root set at end of initial load.
[2015.12.13-01.51.27:125][  0]LogUObjectAllocator: 6068464 out of 0 bytes used by permanent object pool.
[2015.12.13-01.51.27:198][  0]LogEngine: Initializing Engine...
[2015.12.13-01.51.27:201][  0]LogHMD: Can't find Oculus library dev build: is proper Runtime installed? Version: 0.7.0.0
[2015.12.13-01.51.27:203][  0]LogHMD: SteamVR failed to initialize.  Err: 110
[2015.12.13-01.51.27:405][  0]LogAIModule: Creating AISystem for world NewWorld
[2015.12.13-01.51.27:410][  0]LogInit: XAudio2 using 'Speaker/HP (Realtek High Definition Audio)' : 2 channels at 48 kHz using 32 bits per sample (channel mask 0x3)
[2015.12.13-01.51.27:476][  0]LogInit: FAudioDevice initialized.
[2015.12.13-01.51.27:512][  0]LogDerivedDataCache: Saved boot cache 0.04s 41MB C:/Users/MEnrique/AppData/Local/UnrealEngine/4.9/DerivedDataCache/Boot.ddc.
[2015.12.13-01.51.27:519][  0]LogInit: Texture streaming: Enabled
[2015.12.13-01.51.27:534][  0]LogAnalytics: Creating configured Analytics provider AnalyticsET
[2015.12.13-01.51.27:534][  0]LogAnalytics: [UEEditor.Rocket.Release] APIServer = http://et2.epicgames.com/ET2/. AppVersion = 4.9.1-2689999+++depot+UE4-Releases+4.9
[2015.12.13-01.51.27:535][  0]LogAnalytics: [UEEditor.Rocket.Release] SetUserId 90a4bcb3439f64e419d9378050b206b3|656f284bf5d54f8f9452234d119bf9d4|9a3458ae-8410-4c63-b423-f9054b45c157
[2015.12.13-01.51.27:535][  0]LogAnalytics: [UEEditor.Rocket.Release] AnalyticsET::StartSession
[2015.12.13-01.51.27:594][  0]LogInit: Transaction tracking system initialized
[2015.12.13-01.51.27:715][  0]BlueprintLog: New page: Editor Load
[2015.12.13-01.51.27:900][  0]LocalizationService: Info Localization service is disabled
[2015.12.13-01.51.28:028][  0]LogConsoleResponse:Display: 
[2015.12.13-01.51.28:241][  0]LogCook:Display: Done creating registry. It took  0.00s.
[2015.12.13-01.51.28:260][  0]LogFileCache: Scanning file cache for directory 'C:/Users/MEnrique/Documents/GitHub/Game-Files/SuperSpaceArmada/Content/' took 0.03s
[2015.12.13-01.51.28:336][  0]SourceControl: Info Source control is disabled
[2015.12.13-01.51.28:336][  0]Cmd: MAP LOAD FILE="../../../../../../Users/MEnrique/Documents/GitHub/Game-Files/SuperSpaceArmada/Content/SSA/Maps/Ship_Selection.umap" TEMPLATE=0 SHOWPROGRESS=1 FEATURELEVEL=3
[2015.12.13-01.51.28:337][  0]LightingResults: New page: Lighting Build
[2015.12.13-01.51.28:341][  0]MapCheck: New page: Map Check
[2015.12.13-01.51.28:341][  0]LightingResults: New page: Lighting Build
[2015.12.13-01.51.28:367][  0]LogParticles: Destroying 0 GPU particle simulations for FXSystem 0x0000010F06970400
[2015.12.13-01.51.29:282][  0]LogLinker:Warning: Asset '../../../../../../Users/MEnrique/Documents/GitHub/Game-Files/SuperSpaceArmada/Content/Mannequin/Animations/ThirdPerson_AnimBP.uasset' has been saved with empty engine version. The asset will be loaded but may be incompatible.
[2015.12.13-01.51.29:284][  0]LogLinker:Warning: Asset '../../../../../../Users/MEnrique/Documents/GitHub/Game-Files/SuperSpaceArmada/Content/Mannequin/Animations/ThirdPerson_Jump.uasset' has been saved with empty engine version. The asset will be loaded but may be incompatible.
[2015.12.13-01.51.29:287][  0]LogLinker:Warning: Asset '../../../../../../Users/MEnrique/Documents/GitHub/Game-Files/SuperSpaceArmada/Content/Mannequin/Animations/ThirdPersonJump_Loop.uasset' has been saved with empty engine version. The asset will be loaded but may be incompatible.
[2015.12.13-01.51.29:289][  0]LogLinker:Warning: Asset '../../../../../../Users/MEnrique/Documents/GitHub/Game-Files/SuperSpaceArmada/Content/Mannequin/Animations/ThirdPersonJump_Start.uasset' has been saved with empty engine version. The asset will be loaded but may be incompatible.
[2015.12.13-01.51.29:291][  0]LogLinker:Warning: Asset '../../../../../../Users/MEnrique/Documents/GitHub/Game-Files/SuperSpaceArmada/Content/Mannequin/Animations/ThirdPerson_IdleRun_2D.uasset' has been saved with empty engine version. The asset will be loaded but may be incompatible.
[2015.12.13-01.51.29:291][  0]LogLinker:Warning: Asset '../../../../../../Users/MEnrique/Documents/GitHub/Game-Files/SuperSpaceArmada/Content/Mannequin/Animations/ThirdPersonIdle.uasset' has been saved with empty engine version. The asset will be loaded but may be incompatible.
[2015.12.13-01.51.29:293][  0]LogLinker:Warning: Asset '../../../../../../Users/MEnrique/Documents/GitHub/Game-Files/SuperSpaceArmada/Content/Mannequin/Animations/ThirdPersonRun.uasset' has been saved with empty engine version. The asset will be loaded but may be incompatible.
[2015.12.13-01.51.29:295][  0]LogLinker:Warning: Asset '../../../../../../Users/MEnrique/Documents/GitHub/Game-Files/SuperSpaceArmada/Content/Mannequin/Animations/ThirdPersonWalk.uasset' has been saved with empty engine version. The asset will be loaded but may be incompatible.
[2015.12.13-01.51.40:508][  0]LogAIModule: Creating AISystem for world Ship_Selection
[2015.12.13-01.51.40:520][  0]LogEditorServer: Finished looking for orphan Actors (0.000 secs)
[2015.12.13-01.51.40:520][  0]Cmd: MAP CHECKDEP NOCLEARLOG
[2015.12.13-01.51.40:720][  0]MapCheck: Info Map check complete: 0 Error(s), 0 Warning(s), took 200.061ms to complete.
[2015.12.13-01.51.40:721][  0]LogFileHelpers: Loading map 'Ship_Selection' took 12.384
[2015.12.13-01.51.40:839][  0]LogCollectionManager: Loaded 0 collections in 0.002672 seconds
[2015.12.13-01.51.40:884][  0]LogFileCache: Scanning file cache for directory 'C:/Users/MEnrique/Documents/GitHub/Game-Files/SuperSpaceArmada/Saved/Collections/' took 0.01s
[2015.12.13-01.51.40:884][  0]LogFileCache: Scanning file cache for directory 'C:/Users/MEnrique/Documents/GitHub/Game-Files/SuperSpaceArmada/Content/Developers/MEnrique/Collections/' took 0.01s
[2015.12.13-01.51.40:884][  0]LogFileCache: Scanning file cache for directory 'C:/Users/MEnrique/Documents/GitHub/Game-Files/SuperSpaceArmada/Content/Collections/' took 0.01s
[2015.12.13-01.51.40:884][  0]LogContentBrowser: Native class hierarchy populated in 0.0105 seconds. Added 1882 classes and 339 folders.
[2015.12.13-01.51.40:890][  0]LogCollectionManager: Rebuilt the GUID cache for 0 collections in 0.000003 seconds
[2015.12.13-01.51.40:899][  0]LogContentBrowser: Native class hierarchy updated for 'WidgetCarousel' in 0.0004 seconds. Added 0 classes and 0 folders.
[2015.12.13-01.51.40:952][  0]LogContentBrowser: Native class hierarchy updated for 'AddContentDialog' in 0.0004 seconds. Added 0 classes and 0 folders.
[2015.12.13-01.51.40:958][  0]LogContentBrowser: Native class hierarchy updated for 'SceneOutliner' in 0.0004 seconds. Added 1 classes and 2 folders.
[2015.12.13-01.51.41:135][  0]LogCrashTracker: Crashtracker disabled due to settings.
[2015.12.13-01.51.41:142][  0]LogUObjectGlobals:Warning: Failed to find object 'Class None.'
[2015.12.13-01.51.41:164][  0]LogLoad: Full Startup: 22.86 seconds (BP compile: 3.99 seconds)
[2015.12.13-01.51.41:505][  0]LoadErrors:Error: Error /Game/SSA/Blueprints/Player : Failed import for Player_C /Game/SSA/Blueprints/Player/Player.Default__Player_C
[2015.12.13-01.51.41:591][  0]LogContentStreaming: Texture pool size now 400 MB
[2015.12.13-01.51.41:746][  0]LogRenderer: Reallocating scene render targets to support 1208x576 (Frame:2).
[2015.12.13-01.51.55:192][ 41]LogAssetRegistry: Asset discovery search completed in 29.0010 seconds
[2015.12.13-01.51.55:193][ 41]LogCollectionManager: Rebuilt the object cache for 0 collections in 0.000001 seconds (found 0 objects)
[2015.12.13-01.51.55:193][ 41]LogCollectionManager: Fixed up redirectors for 0 collections in 0.000051 seconds (updated 0 objects)
[2015.12.13-01.53.55:061][ 53]LogActorComponent: UnregisterComponent: (/Engine/Transient.CharMoveComp) Not registered. Aborting.
[2015.12.13-01.53.55:062][ 53]LogActorComponent: UnregisterComponent: (/Engine/Transient.CharacterMovementComponent_0) Not registered. Aborting.
[2015.12.13-01.53.55:062][ 53]LogActorComponent: UnregisterComponent: (/Engine/Transient.CharacterMovementComponent_1) Not registered. Aborting.
[2015.12.13-01.53.55:062][ 53]LogActorComponent: UnregisterComponent: (/Engine/Transient.CharacterMovementComponent_2) Not registered. Aborting.
[2015.12.13-01.53.55:062][ 53]LogActorComponent: UnregisterComponent: (/Engine/Transient.CharacterMovementComponent_3) Not registered. Aborting.
[2015.12.13-01.53.55:062][ 53]LogActorComponent: UnregisterComponent: (/Engine/Transient.CharacterMovementComponent_4) Not registered. Aborting.
[2015.12.13-01.53.55:062][ 53]LogActorComponent: UnregisterComponent: (/Engine/Transient.CharacterMovementComponent_5) Not registered. Aborting.
[2015.12.13-01.53.55:063][ 53]LogActorComponent: UnregisterComponent: (/Engine/Transient.CharacterMovementComponent_6) Not registered. Aborting.
[2015.12.13-01.53.55:063][ 53]LogActorComponent: UnregisterComponent: (/Engine/Transient.CharacterMovementComponent_7) Not registered. Aborting.
[2015.12.13-01.53.55:064][ 53]LogActorComponent: UnregisterComponent: (/Engine/Transient.CharacterMovementComponent_8) Not registered. Aborting.
[2015.12.13-01.53.55:064][ 53]LogActorComponent: UnregisterComponent: (/Engine/Transient.CharacterMovementComponent_9) Not registered. Aborting.
[2015.12.13-01.53.55:064][ 53]LogActorComponent: UnregisterComponent: (/Engine/Transient.CharacterMovementComponent_10) Not registered. Aborting.
[2015.12.13-01.54.11:740][925]LogLinker:Warning: Asset '../../../Engine/Content/ArtTools/RenderToTexture/Macros/RenderToTextureMacros.uasset' has been saved with empty engine version. The asset will be loaded but may be incompatible.
[2015.12.13-01.54.12:534][925]LogContentBrowser: Native class hierarchy updated for 'BlueprintGraph' in 0.0009 seconds. Added 107 classes and 0 folders.
[2015.12.13-01.55.35:740][774]LogAIModule: Creating AISystem for world Home_Cephalon
[2015.12.13-01.55.35:742][774]LogParticles:Warning: InitializeSystem called on an unregistered component. Template=/Game/Effects/Particles/P_Radiation_Long.P_Radiation_Long Component=/Game/SSA/Maps/Home_Cephalon.Home_Cephalon:PersistentLevel.P_Radiation_Long_2.ParticleSystemComponent0
[2015.12.13-01.55.35:743][774]LogParticles:Warning: InitializeSystem called on an unregistered component. Template=/Game/Effects/Particles/P_Radiation_Long.P_Radiation_Long Component=/Game/SSA/Maps/Home_Cephalon.Home_Cephalon:PersistentLevel.P_Radiation_Long2.ParticleSystemComponent0
[2015.12.13-01.55.35:743][774]LogParticles:Warning: InitializeSystem called on an unregistered component. Template=/Game/Effects/Particles/P_Radiation_Long.P_Radiation_Long Component=/Game/SSA/Maps/Home_Cephalon.Home_Cephalon:PersistentLevel.P_Radiation_Long3.ParticleSystemComponent0
[2015.12.13-01.55.35:743][774]LogParticles:Warning: InitializeSystem called on an unregistered component. Template=/Game/Effects/Particles/P_Radiation_Long.P_Radiation_Long Component=/Game/SSA/Maps/Home_Cephalon.Home_Cephalon:PersistentLevel.P_Radiation_Long4.ParticleSystemComponent0
[2015.12.13-01.55.35:744][774]LogParticles:Warning: InitializeSystem called on an unregistered component. Template=/Game/Effects/Particles/P_Stars.P_Stars Component=/Game/SSA/Maps/Home_Cephalon.Home_Cephalon:PersistentLevel.P_Stars_2.ParticleSystemComponent0
[2015.12.13-01.55.35:777][774]LogActorComponent: UnregisterComponent: (/Engine/Transient.CharMoveComp) Not registered. Aborting.
[2015.12.13-01.55.35:777][774]LogActorComponent: UnregisterComponent: (/Engine/Transient.CharacterMovementComponent_11) Not registered. Aborting.
[2015.12.13-01.55.35:777][774]LogActorComponent: UnregisterComponent: (/Engine/Transient.CharacterMovementComponent_12) Not registered. Aborting.
[2015.12.13-01.55.35:777][774]LogActorComponent: UnregisterComponent: (/Engine/Transient.CharacterMovementComponent_13) Not registered. Aborting.
[2015.12.13-01.55.35:777][774]LogActorComponent: UnregisterComponent: (/Engine/Transient.CharacterMovementComponent_14) Not registered. Aborting.
[2015.12.13-01.55.35:777][774]LogActorComponent: UnregisterComponent: (/Engine/Transient.CharacterMovementComponent_15) Not registered. Aborting.
[2015.12.13-01.55.35:871][774]Cmd: MAP LOAD FILE="../../../../../../Users/MEnrique/Documents/GitHub/Game-Files/SuperSpaceArmada/Content/SSA/Maps/Home_Cephalon.umap" TEMPLATE=0 SHOWPROGRESS=1 FEATURELEVEL=3
[2015.12.13-01.55.35:871][774]LightingResults: New page: Lighting Build
[2015.12.13-01.55.35:900][774]LoadErrors: New page: Loading map: Home_Cephalon.umap
[2015.12.13-01.55.35:901][774]MapCheck: New page: Map Check
[2015.12.13-01.55.35:901][774]LightingResults: New page: Lighting Build
[2015.12.13-01.55.35:967][774]LogParticles: Destroying 0 GPU particle simulations for FXSystem 0x000000880F2347C0
[2015.12.13-01.55.36:111][774]LogEditorServer: Finished looking for orphan Actors (0.000 secs)
[2015.12.13-01.55.36:243][774]Cmd: MAP CHECKDEP NOCLEARLOG
[2015.12.13-01.55.36:427][774]MapCheck: Info Map check complete: 0 Error(s), 0 Warning(s), took 183.663ms to complete.
[2015.12.13-01.55.36:427][774]LogFileHelpers: Loading map 'Home_Cephalon' took 0.558
[2015.12.13-01.55.43:757][178]LogBlueprintUserMessages: Early PlayInEditor Detection: Level '/Game/SSA/Maps/Home_Cephalon.Home_Cephalon:PersistentLevel' has LevelScriptBlueprint '/Game/SSA/Maps/Home_Cephalon.Home_Cephalon:PersistentLevel.Home_Cephalon' with GeneratedClass '/Game/SSA/Maps/Home_Cephalon.Home_Cephalon_C' with ClassGeneratedBy '/Game/SSA/Maps/Home_Cephalon.Home_Cephalon:PersistentLevel.Home_Cephalon'
[2015.12.13-01.55.43:757][178]LogPlayLevel: PlayLevel: No blueprints needed recompiling
[2015.12.13-01.55.43:758][178]PIE: New page: PIE session: Home_Cephalon (Dec 12, 2015, 3:55:43 PM)
[2015.12.13-01.55.43:758][178]LogPlayLevel: Creating play world package: /Game/SSA/Maps/UEDPIE_0_Home_Cephalon
[2015.12.13-01.55.43:815][178]LogPlayLevel: PIE: StaticDuplicateObject took: (0.056671s)
[2015.12.13-01.55.43:816][178]LogAIModule: Creating AISystem for world Home_Cephalon
[2015.12.13-01.55.43:816][178]LogPlayLevel: PIE: World Init took: (0.001485s)
[2015.12.13-01.55.43:817][178]LogPlayLevel: PIE: Created PIE world by copying editor world from /Game/SSA/Maps/Home_Cephalon.Home_Cephalon to /Game/SSA/Maps/UEDPIE_0_Home_Cephalon.Home_Cephalon (0.058714s)
[2015.12.13-01.55.43:817][178]LogActorComponent: UnregisterComponent: (/Engine/Transient.CharMoveComp) Not registered. Aborting.
[2015.12.13-01.55.43:817][178]LogActorComponent: UnregisterComponent: (/Engine/Transient.CharacterMovementComponent_16) Not registered. Aborting.
[2015.12.13-01.55.43:817][178]LogActorComponent: UnregisterComponent: (/Engine/Transient.CharacterMovementComponent_17) Not registered. Aborting.
[2015.12.13-01.55.43:817][178]LogActorComponent: UnregisterComponent: (/Engine/Transient.CharacterMovementComponent_18) Not registered. Aborting.
[2015.12.13-01.55.43:817][178]LogActorComponent: UnregisterComponent: (/Engine/Transient.CharacterMovementComponent_19) Not registered. Aborting.
[2015.12.13-01.55.43:817][178]LogActorComponent: UnregisterComponent: (/Engine/Transient.CharacterMovementComponent_20) Not registered. Aborting.
[2015.12.13-01.55.43:817][178]LogActorComponent: UnregisterComponent: (/Engine/Transient.CharacterMovementComponent_21) Not registered. Aborting.
[2015.12.13-01.55.43:818][178]LogActorComponent: UnregisterComponent: (/Engine/Transient.CharacterMovementComponent_22) Not registered. Aborting.
[2015.12.13-01.55.43:818][178]LogActorComponent: UnregisterComponent: (/Engine/Transient.CharacterMovementComponent_23) Not registered. Aborting.
[2015.12.13-01.55.43:819][178]LogActorComponent: UnregisterComponent: (/Engine/Transient.CharacterMovementComponent_24) Not registered. Aborting.
[2015.12.13-01.55.43:819][178]LogActorComponent: UnregisterComponent: (/Engine/Transient.CharacterMovementComponent_25) Not registered. Aborting.
[2015.12.13-01.55.43:820][178]LogActorComponent: UnregisterComponent: (/Engine/Transient.CharacterMovementComponent_26) Not registered. Aborting.
[2015.12.13-01.55.43:921][178]LogInit: XAudio2 using 'Speaker/HP (Realtek High Definition Audio)' : 2 channels at 48 kHz using 32 bits per sample (channel mask 0x3)
[2015.12.13-01.55.43:931][178]LogInit: FAudioDevice initialized.
[2015.12.13-01.55.43:983][178]LogWorld: Game class is 'TopDownGameMode_C'
[2015.12.13-01.55.43:991][178]LogWorld:Warning: *** WARNING - PATHS MAY NOT BE VALID ***
[2015.12.13-01.55.43:991][178]LogWorld: Bringing World /Game/SSA/Maps/UEDPIE_0_Home_Cephalon.Home_Cephalon up for play (max tick rate 60) at 2015.12.12-20.55.43
[2015.12.13-01.55.43:991][178]LogActor:Warning: GameSession /Game/SSA/Maps/UEDPIE_0_Home_Cephalon.Home_Cephalon:PersistentLevel.GameSession_0 has natively added scene component(s), but none of them were set as the actor's RootComponent - picking one arbitrarily
[2015.12.13-01.55.43:992][178]LogActor:Warning: GameNetworkManager /Game/SSA/Maps/UEDPIE_0_Home_Cephalon.Home_Cephalon:PersistentLevel.GameNetworkManager_0 has natively added scene component(s), but none of them were set as the actor's RootComponent - picking one arbitrarily
[2015.12.13-01.55.43:992][178]LogWorld: Bringing up level for play took: 0.008316
[2015.12.13-01.55.43:996][178]LogScript:Warning: Accessed None 'HUD Reference'
	Player_Human_C /Game/SSA/Maps/UEDPIE_0_Home_Cephalon.Home_Cephalon:PersistentLevel.Player_Human_C_0
	Function /Game/SSA/Blueprints/Player_Ships/Player.Player_C:ExecuteUbergraph_Player:128C
[2015.12.13-01.55.43:996][178]PIE:Error: Error Accessed None 'HUD Reference' from node Change Portait in graph 'EventGraph' in blueprint Player
[2015.12.13-01.55.44:029][178]PIE: Info Play in editor start time for /Game/SSA/Maps/UEDPIE_0_Home_Cephalon -0.496
[2015.12.13-01.55.44:029][178]LogBlueprintUserMessages: Late PlayInEditor Detection: Level '/Game/SSA/Maps/Home_Cephalon.Home_Cephalon:PersistentLevel' has LevelScriptBlueprint '/Game/SSA/Maps/Home_Cephalon.Home_Cephalon:PersistentLevel.Home_Cephalon' with GeneratedClass '/Game/SSA/Maps/Home_Cephalon.Home_Cephalon_C' with ClassGeneratedBy '/Game/SSA/Maps/Home_Cephalon.Home_Cephalon:PersistentLevel.Home_Cephalon'
[2015.12.13-01.55.50:766][500]LogPackageName: SearchForPackageOnDisk took   0.090s to resolve Ship_Selection.umap.
[2015.12.13-01.55.50:856][501]LogPackageName: SearchForPackageOnDisk took   0.080s to resolve Ship_Selection.umap.
[2015.12.13-01.55.50:856][501]LogNet: Browse: /Game/SSA/Maps/Ship_Selection
[2015.12.13-01.55.50:856][501]LogLoad: LoadMap: /Game/SSA/Maps/Ship_Selection
[2015.12.13-01.55.50:941][501]LogParticles: Destroying 0 GPU particle simulations for FXSystem 0x000000882BE6EC00
[2015.12.13-01.55.50:951][501]Cmd: MEM
[2015.12.13-01.55.51:021][501]LogMemory: Platform Memory Stats for Windows
[2015.12.13-01.55.51:021][501]LogMemory: Process Physical Memory: 1205.54 MB used, 1217.32 MB peak
[2015.12.13-01.55.51:021][501]LogMemory: Process Virtual Memory: 1115.41 MB used, 1131.65 MB peak
[2015.12.13-01.55.51:021][501]LogMemory: Physical Memory: 3203.04 MB used, 16299.39 MB total
[2015.12.13-01.55.51:021][501]LogMemory: Virtual Memory: 1809.33 MB used, 134217728.00 MB total
[2015.12.13-01.55.51:021][501]LogMemory: 
[2015.12.13-01.55.51:021][501]Allocator Stats for TBB: (not implemented)
[2015.12.13-01.55.53:325][501]LogAIModule: Creating AISystem for world Ship_Selection
[2015.12.13-01.55.53:326][501]LogWorld: Game class is 'TopDownGameMode_C'
[2015.12.13-01.55.53:329][501]LogWorld: Bringing World /Game/SSA/Maps/UEDPIE_0_Ship_Selection.Ship_Selection up for play (max tick rate 60) at 2015.12.12-20.55.53
[2015.12.13-01.55.53:329][501]LogActor:Warning: GameSession /Game/SSA/Maps/UEDPIE_0_Ship_Selection.Ship_Selection:PersistentLevel.GameSession_1 has natively added scene component(s), but none of them were set as the actor's RootComponent - picking one arbitrarily
[2015.12.13-01.55.53:329][501]LogActor:Warning: GameNetworkManager /Game/SSA/Maps/UEDPIE_0_Ship_Selection.Ship_Selection:PersistentLevel.GameNetworkManager_1 has natively added scene component(s), but none of them were set as the actor's RootComponent - picking one arbitrarily
[2015.12.13-01.55.53:329][501]LogWorld: Bringing up level for play took: 0.002684
[2015.12.13-01.55.53:330][501]LogGameMode: Warning - PATHS NOT DEFINED or NO PLAYERSTART with positive rating
[2015.12.13-01.55.58:065][734]LogPackageName: SearchForPackageOnDisk took   0.089s to resolve Home_Human.umap.
[2015.12.13-01.55.58:154][735]LogPackageName: SearchForPackageOnDisk took   0.081s to resolve Home_Human.umap.
[2015.12.13-01.55.58:154][735]LogNet: Browse: /Game/SSA/Maps/Home_Human
[2015.12.13-01.55.58:154][735]LogLoad: LoadMap: /Game/SSA/Maps/Home_Human
[2015.12.13-01.55.58:234][735]LogParticles: Destroying 0 GPU particle simulations for FXSystem 0x000000882BD79A80
[2015.12.13-01.55.58:234][735]Cmd: MEM
[2015.12.13-01.55.58:306][735]LogMemory: Platform Memory Stats for Windows
[2015.12.13-01.55.58:306][735]LogMemory: Process Physical Memory: 2005.79 MB used, 2008.63 MB peak
[2015.12.13-01.55.58:306][735]LogMemory: Process Virtual Memory: 1920.66 MB used, 1923.21 MB peak
[2015.12.13-01.55.58:306][735]LogMemory: Physical Memory: 3893.17 MB used, 16299.39 MB total
[2015.12.13-01.55.58:306][735]LogMemory: Virtual Memory: 2612.58 MB used, 134217728.00 MB total
[2015.12.13-01.55.58:306][735]LogMemory: 
[2015.12.13-01.55.58:306][735]Allocator Stats for TBB: (not implemented)
[2015.12.13-01.55.58:337][735]LogLinker:Warning: Asset '../../../../../../Users/MEnrique/Documents/GitHub/Game-Files/SuperSpaceArmada/Content/Mannequin/Animations/ThirdPerson_AnimBP.uasset' has been saved with empty engine version. The asset will be loaded but may be incompatible.
[2015.12.13-01.55.58:339][735]LogLinker:Warning: Asset '../../../../../../Users/MEnrique/Documents/GitHub/Game-Files/SuperSpaceArmada/Content/Mannequin/Animations/ThirdPerson_Jump.uasset' has been saved with empty engine version. The asset will be loaded but may be incompatible.
[2015.12.13-01.55.58:340][735]LogLinker:Warning: Asset '../../../../../../Users/MEnrique/Documents/GitHub/Game-Files/SuperSpaceArmada/Content/Mannequin/Animations/ThirdPersonJump_Loop.uasset' has been saved with empty engine version. The asset will be loaded but may be incompatible.
[2015.12.13-01.55.58:342][735]LogLinker:Warning: Asset '../../../../../../Users/MEnrique/Documents/GitHub/Game-Files/SuperSpaceArmada/Content/Mannequin/Animations/ThirdPersonJump_Start.uasset' has been saved with empty engine version. The asset will be loaded but may be incompatible.
[2015.12.13-01.55.58:343][735]LogLinker:Warning: Asset '../../../../../../Users/MEnrique/Documents/GitHub/Game-Files/SuperSpaceArmada/Content/Mannequin/Animations/ThirdPerson_IdleRun_2D.uasset' has been saved with empty engine version. The asset will be loaded but may be incompatible.
[2015.12.13-01.55.58:343][735]LogLinker:Warning: Asset '../../../../../../Users/MEnrique/Documents/GitHub/Game-Files/SuperSpaceArmada/Content/Mannequin/Animations/ThirdPersonIdle.uasset' has been saved with empty engine version. The asset will be loaded but may be incompatible.
[2015.12.13-01.55.58:344][735]LogLinker:Warning: Asset '../../../../../../Users/MEnrique/Documents/GitHub/Game-Files/SuperSpaceArmada/Content/Mannequin/Animations/ThirdPersonRun.uasset' has been saved with empty engine version. The asset will be loaded but may be incompatible.
[2015.12.13-01.55.58:345][735]LogLinker:Warning: Asset '../../../../../../Users/MEnrique/Documents/GitHub/Game-Files/SuperSpaceArmada/Content/Mannequin/Animations/ThirdPersonWalk.uasset' has been saved with empty engine version. The asset will be loaded but may be incompatible.
[2015.12.13-01.55.59:594][735]LogAIModule: Creating AISystem for world Home_Human
[2015.12.13-01.55.59:594][735]LogWorld: Game class is 'TopDownGameMode_C'
[2015.12.13-01.55.59:603][735]LogWorld:Warning: *** WARNING - PATHS MAY NOT BE VALID ***
[2015.12.13-01.55.59:603][735]LogWorld: Bringing World /Game/SSA/Maps/UEDPIE_0_Home_Human.Home_Human up for play (max tick rate 60) at 2015.12.12-20.55.59
[2015.12.13-01.55.59:603][735]LogActor:Warning: GameSession /Game/SSA/Maps/UEDPIE_0_Home_Human.Home_Human:PersistentLevel.GameSession_2 has natively added scene component(s), but none of them were set as the actor's RootComponent - picking one arbitrarily
[2015.12.13-01.55.59:603][735]LogActor:Warning: GameNetworkManager /Game/SSA/Maps/UEDPIE_0_Home_Human.Home_Human:PersistentLevel.GameNetworkManager_2 has natively added scene component(s), but none of them were set as the actor's RootComponent - picking one arbitrarily
[2015.12.13-01.55.59:604][735]LogWorld: Bringing up level for play took: 0.009121
[2015.12.13-01.55.59:607][735]LogScript:Warning: Accessed None 'HUD Reference'
	Player_Kratakos_C /Game/SSA/Maps/UEDPIE_0_Home_Human.Home_Human:PersistentLevel.Player_Kratakos_C_0
	Function /Game/SSA/Blueprints/Player_Ships/Player.Player_C:ExecuteUbergraph_Player:128C
[2015.12.13-01.55.59:607][735]PIE:Error: Error Accessed None 'HUD Reference' from node Change Portait in graph 'EventGraph' in blueprint Player
[2015.12.13-01.55.59:632][736]LoadErrors:Error: Error /Game/SSA/Blueprints/Player : Failed import for Player_C /Game/SSA/Blueprints/Player/Player.Default__Player_C
[2015.12.13-01.56.16:085][515]LogScript:Warning: Accessed None 'Enemy'
	Player_Kratakos_C /Game/SSA/Maps/UEDPIE_0_Home_Human.Home_Human:PersistentLevel.Player_Kratakos_C_0
	Function /Game/SSA/Blueprints/Player_Ships/Player.Player_C:ExecuteUbergraph_Player:039F
[2015.12.13-01.56.16:085][515]PIE:Error: Error Accessed None 'Enemy' from node Spawn Emitter at Location in graph 'EventGraph' in blueprint Player
[2015.12.13-01.56.16:085][515]LogScript:Warning: Accessed None 'Enemy'
	Player_Kratakos_C /Game/SSA/Maps/UEDPIE_0_Home_Human.Home_Human:PersistentLevel.Player_Kratakos_C_0
	Function /Game/SSA/Blueprints/Player_Ships/Player.Player_C:ExecuteUbergraph_Player:040D
[2015.12.13-01.56.16:085][515]PIE:Error: Error Accessed None 'Enemy' from node DestroyActor in graph 'EventGraph' in blueprint Player
[2015.12.13-01.56.17:090][561]LogScript:Warning: Accessed None 'CallFunc_K2_GetPawn_ReturnValue'
	EnemyAI1_C /Game/SSA/Maps/UEDPIE_0_Home_Human.Home_Human:PersistentLevel.EnemyAI1_C_3
	Function /Game/SSA/Blueprints/AI/EnemyAI1.EnemyAI1_C:ExecuteUbergraph_EnemyAI1:008C
[2015.12.13-01.56.17:090][561]PIE:Error: Error Accessed None 'CallFunc_K2_GetPawn_ReturnValue' from node Set Value as Vector in graph 'EventGraph' in blueprint EnemyAI1
[2015.12.13-01.56.27:574][ 57]LogBlueprintUserMessages: Early EndPlayMap Detection: Level '/Game/SSA/Maps/Home_Cephalon.Home_Cephalon:PersistentLevel' has LevelScriptBlueprint '/Game/SSA/Maps/Home_Cephalon.Home_Cephalon:PersistentLevel.Home_Cephalon' with GeneratedClass '/Game/SSA/Maps/Home_Cephalon.Home_Cephalon_C' with ClassGeneratedBy '/Game/SSA/Maps/Home_Cephalon.Home_Cephalon:PersistentLevel.Home_Cephalon'
[2015.12.13-01.56.27:702][ 57]LogBlueprintUserMessages: Late EndPlayMap Detection: Level '/Game/SSA/Maps/Home_Cephalon.Home_Cephalon:PersistentLevel' has LevelScriptBlueprint '/Game/SSA/Maps/Home_Cephalon.Home_Cephalon:PersistentLevel.Home_Cephalon' with GeneratedClass '/Game/SSA/Maps/Home_Cephalon.Home_Cephalon_C' with ClassGeneratedBy '/Game/SSA/Maps/Home_Cephalon.Home_Cephalon:PersistentLevel.Home_Cephalon'
[2015.12.13-01.56.27:819][ 57]LogParticles: Destroying 0 GPU particle simulations for FXSystem 0x0000008827F0D6C0
[2015.12.13-02.00.12:518][210]Cmd: QUIT_EDITOR
[2015.12.13-02.00.13:099][210]LogWindowsTextInputMethodSystem:Display: IME system now deactivated.
[2015.12.13-02.00.13:099][210]LogWindowsTextInputMethodSystem:Display: IME system now deactivated.
[2015.12.13-02.00.13:257][210]LogExit: Preparing to exit.
[2015.12.13-02.00.13:651][210]LogExit: Editor shut down
[2015.12.13-02.00.13:651][210]LogExit: Transaction tracking system shut down
[2015.12.13-02.00.13:669][210]LogParticles: Destroying 0 GPU particle simulations for FXSystem 0x0000008818163240
[2015.12.13-02.00.13:687][210]LogParticles: Destroying 0 GPU particle simulations for FXSystem 0x0000010F01A46520
[2015.12.13-02.00.13:687][210]LogParticles: Destroying 0 GPU particle simulations for FXSystem 0x00000088181627A0
[2015.12.13-02.00.14:052][210]LogParticles: Destroying 0 GPU particle simulations for FXSystem 0x0000010F118442C0
[2015.12.13-02.00.14:052][210]LogExit: Object subsystem successfully closed.
[2015.12.13-02.00.14:067][210]LogD3D11RHI: Shutdown
[2015.12.13-02.00.14:067][210]LogD3D11RHI: CleanupD3DDevice
[2015.12.13-02.00.14:129][210]LogD3D11RHI: ~FD3D11DynamicRHI
[2015.12.13-02.00.14:147][210]LogModuleManager: Shutting down and abandoning module BlueprintGraph (200)
[2015.12.13-02.00.14:147][210]LogModuleManager: Shutting down and abandoning module CrashTracker (199)
[2015.12.13-02.00.14:147][210]LogModuleManager: Shutting down and abandoning module SceneOutliner (198)
[2015.12.13-02.00.14:147][210]LogModuleManager: Shutting down and abandoning module SuperSearch (197)
[2015.12.13-02.00.14:147][210]LogModuleManager: Shutting down and abandoning module WidgetCarousel (196)
[2015.12.13-02.00.14:147][210]LogModuleManager: Shutting down and abandoning module AddContentDialog (195)
[2015.12.13-02.00.14:148][210]LogModuleManager: Shutting down and abandoning module EditorWidgets (194)
[2015.12.13-02.00.14:148][210]LogModuleManager: Shutting down and abandoning module CollectionManager (193)
[2015.12.13-02.00.14:148][210]LogModuleManager: Shutting down and abandoning module StatsViewer (192)
[2015.12.13-02.00.14:148][210]LogModuleManager: Shutting down and abandoning module FoliageEdit (191)
[2015.12.13-02.00.14:148][210]LogModuleManager: Shutting down and abandoning module LandscapeEditor (190)
[2015.12.13-02.00.14:149][210]LogModuleManager: Shutting down and abandoning module ActorPickerMode (189)
[2015.12.13-02.00.14:149][210]LogModuleManager: Shutting down and abandoning module GeometryMode (188)
[2015.12.13-02.00.14:149][210]LogModuleManager: Shutting down and abandoning module TextureAlignMode (187)
[2015.12.13-02.00.14:149][210]LogModuleManager: Shutting down and abandoning module BspMode (186)
[2015.12.13-02.00.14:149][210]LogModuleManager: Shutting down and abandoning module PlacementMode (185)
[2015.12.13-02.00.14:149][210]LogModuleManager: Shutting down and abandoning module AutomationWorker (184)
[2015.12.13-02.00.14:149][210]LogModuleManager: Shutting down and abandoning module CharacterAI (183)
[2015.12.13-02.00.14:149][210]LogModuleManager: Shutting down and abandoning module SmartSnapping (182)
[2015.12.13-02.00.14:149][210]LogModuleManager: Shutting down and abandoning module ViewportSnapping (181)
[2015.12.13-02.00.14:149][210]LogModuleManager: Shutting down and abandoning module LogVisualizer (180)
[2015.12.13-02.00.14:149][210]LogModuleManager: Shutting down and abandoning module GameProjectGeneration (179)
[2015.12.13-02.00.14:149][210]LogModuleManager: Shutting down and abandoning module IntroTutorials (178)
[2015.12.13-02.00.14:149][210]LogModuleManager: Shutting down and abandoning module EditorLiveStreaming (177)
[2015.12.13-02.00.14:149][210]LogModuleManager: Shutting down and abandoning module IOSPlatformEditor (176)
[2015.12.13-02.00.14:149][210]LogModuleManager: Shutting down and abandoning module HTML5PlatformEditor (175)
[2015.12.13-02.00.14:149][210]LogModuleManager: Shutting down and abandoning module AndroidDeviceDetection (174)
[2015.12.13-02.00.14:307][210]LogModuleManager: Shutting down and abandoning module AndroidPlatformEditor (173)
[2015.12.13-02.00.14:307][210]LogModuleManager: Shutting down and abandoning module IOSRuntimeSettings (172)
[2015.12.13-02.00.14:307][210]LogModuleManager: Shutting down and abandoning module AndroidRuntimeSettings (171)
[2015.12.13-02.00.14:307][210]LogModuleManager: Shutting down and abandoning module MergeActors (170)
[2015.12.13-02.00.14:307][210]LogModuleManager: Shutting down and abandoning module SizeMap (169)
[2015.12.13-02.00.14:307][210]LogModuleManager: Shutting down and abandoning module TreeMap (168)
[2015.12.13-02.00.14:307][210]LogModuleManager: Shutting down and abandoning module ReferenceViewer (167)
[2015.12.13-02.00.14:307][210]LogModuleManager: Shutting down and abandoning module LocalizationService (166)
[2015.12.13-02.00.14:307][210]LogModuleManager: Shutting down and abandoning module LocalizationDashboard (165)
[2015.12.13-02.00.14:307][210]LogModuleManager: Shutting down and abandoning module HardwareTargeting (164)
[2015.12.13-02.00.14:307][210]LogModuleManager: Shutting down and abandoning module DeviceProfileEditor (163)
[2015.12.13-02.00.14:307][210]LogModuleManager: Shutting down and abandoning module UndoHistory (162)
[2015.12.13-02.00.14:307][210]LogModuleManager: Shutting down and abandoning module GameplayTagsEditor (161)
[2015.12.13-02.00.14:307][210]LogModuleManager: Shutting down and abandoning module UserFeedback (160)
[2015.12.13-02.00.14:307][210]LogModuleManager: Shutting down and abandoning module XmlParser (159)
[2015.12.13-02.00.14:308][210]LogModuleManager: Shutting down and abandoning module Blutility (158)
[2015.12.13-02.00.14:308][210]LogModuleManager: Shutting down and abandoning module ProjectTargetPlatformEditor (157)
[2015.12.13-02.00.14:308][210]LogModuleManager: Shutting down and abandoning module ProjectSettingsViewer (156)
[2015.12.13-02.00.14:308][210]LogModuleManager: Shutting down and abandoning module InputBindingEditor (155)
[2015.12.13-02.00.14:309][210]LogModuleManager: Shutting down and abandoning module EditorSettingsViewer (154)
[2015.12.13-02.00.14:309][210]LogModuleManager: Shutting down and abandoning module SettingsEditor (153)
[2015.12.13-02.00.14:309][210]LogModuleManager: Shutting down and abandoning module ProjectLauncher (152)
[2015.12.13-02.00.14:309][210]LogModuleManager: Shutting down and abandoning module SessionFrontend (151)
[2015.12.13-02.00.14:309][210]LogModuleManager: Shutting down and abandoning module ProfilerClient (150)
[2015.12.13-02.00.14:309][210]LogModuleManager: Shutting down and abandoning module TargetDeviceServices (149)
[2015.12.13-02.00.14:309][210]LogModuleManager: Shutting down and abandoning module DeviceManager (148)
[2015.12.13-02.00.14:309][210]LogModuleManager: Shutting down and abandoning module AutomationController (147)
[2015.12.13-02.00.14:309][210]LogModuleManager: Shutting down and abandoning module AutomationWindow (146)
[2015.12.13-02.00.14:310][210]LogModuleManager: Shutting down and abandoning module Layers (145)
[2015.12.13-02.00.14:310][210]LogModuleManager: Shutting down and abandoning module ComponentVisualizers (144)
[2015.12.13-02.00.14:310][210]LogModuleManager: Shutting down and abandoning module DetailCustomizations (143)
[2015.12.13-02.00.14:310][210]LogModuleManager: Shutting down and abandoning module PackagesDialog (142)
[2015.12.13-02.00.14:310][210]LogModuleManager: Shutting down and abandoning module Persona (141)
[2015.12.13-02.00.14:310][210]LogModuleManager: Shutting down and abandoning module Kismet (140)
[2015.12.13-02.00.14:310][210]LogModuleManager: Shutting down and abandoning module GraphEditor (139)
[2015.12.13-02.00.14:310][210]LogModuleManager: Shutting down and abandoning module ClassViewer (138)
[2015.12.13-02.00.14:310][210]LogModuleManager: Shutting down and abandoning module Toolbox (137)
[2015.12.13-02.00.14:310][210]LogModuleManager: Shutting down and abandoning module ModuleUI (136)
[2015.12.13-02.00.14:310][210]LogModuleManager: Shutting down and abandoning module MovieSceneTools (135)
[2015.12.13-02.00.14:310][210]LogModuleManager: Shutting down and abandoning module OutputLog (134)
[2015.12.13-02.00.14:310][210]LogModuleManager: Shutting down and abandoning module GammaUI (133)
[2015.12.13-02.00.14:310][210]LogModuleManager: Shutting down and abandoning module Documentation (132)
[2015.12.13-02.00.14:311][210]LogModuleManager: Shutting down and abandoning module GameLiveStreaming (131)
[2015.12.13-02.00.14:311][210]LogModuleManager: Shutting down and abandoning module StreamingPauseRendering (130)
[2015.12.13-02.00.14:311][210]LogModuleManager: Shutting down and abandoning module AnalyticsET (129)
[2015.12.13-02.00.14:311][210]LogModuleManager: Shutting down and abandoning module Analytics (128)
[2015.12.13-02.00.14:311][210]LogModuleManager: Shutting down and abandoning module AITestSuite (127)
[2015.12.13-02.00.14:311][210]LogModuleManager: Shutting down and abandoning module GameplayDebugger (126)
[2015.12.13-02.00.14:311][210]LogModuleManager: Shutting down and abandoning module AIModule (125)
[2015.12.13-02.00.14:311][210]LogModuleManager: Shutting down and abandoning module ProfilerService (124)
[2015.12.13-02.00.14:380][210]LogModuleManager: Shutting down and abandoning module TaskGraph (123)
[2015.12.13-02.00.14:380][210]LogModuleManager: Shutting down and abandoning module SubstanceEditor (122)
[2015.12.13-02.00.14:380][210]LogModuleManager: Shutting down and abandoning module SlateRemote (121)
[2015.12.13-02.00.14:380][210]LogModuleManager: Shutting down and abandoning module SteamVRController (120)
[2015.12.13-02.00.14:380][210]LogModuleManager: Shutting down and abandoning module SteamVR (119)
[2015.12.13-02.00.14:380][210]LogModuleManager: Shutting down and abandoning module ProceduralMeshComponent (118)
[2015.12.13-02.00.14:380][210]LogModuleManager: Shutting down and abandoning module OculusRift (117)
[2015.12.13-02.00.14:380][210]LogModuleManager: Shutting down and abandoning module OculusLibrary (116)
[2015.12.13-02.00.14:380][210]LogModuleManager: Shutting down and abandoning module LeapMotionController (115)
[2015.12.13-02.00.14:402][210]LogModuleManager: Shutting down and abandoning module CustomMeshComponent (114)
[2015.12.13-02.00.14:402][210]LogModuleManager: Shutting down and abandoning module CableComponent (113)
[2015.12.13-02.00.14:402][210]LogModuleManager: Shutting down and abandoning module ArchVisCharacter (112)
[2015.12.13-02.00.14:402][210]LogModuleManager: Shutting down and abandoning module MessagingDebugger (111)
[2015.12.13-02.00.14:402][210]LogModuleManager: Shutting down and abandoning module MediaPlayerEditor (110)
[2015.12.13-02.00.14:402][210]LogModuleManager: Shutting down and abandoning module HTML5Networking (109)
[2015.12.13-02.00.14:402][210]LogModuleManager: Shutting down and abandoning module SpeedTreeImporter (108)
[2015.12.13-02.00.14:402][210]LogModuleManager: Shutting down and abandoning module PluginBrowser (107)
[2015.12.13-02.00.14:402][210]LogModuleManager: Shutting down and abandoning module EpicSurvey (106)
[2015.12.13-02.00.14:402][210]LogModuleManager: Shutting down and abandoning module DesktopPlatform (105)
[2015.12.13-02.00.14:402][210]LogModuleManager: Shutting down and abandoning module VisualStudioSourceCodeAccess (104)
[2015.12.13-02.00.14:402][210]LogModuleManager: Shutting down and abandoning module UObjectPlugin (103)
[2015.12.13-02.00.14:402][210]LogModuleManager: Shutting down and abandoning module SubversionSourceControl (102)
[2015.12.13-02.00.14:403][210]LogModuleManager: Shutting down and abandoning module PerforceSourceControl (101)
[2015.12.13-02.00.14:403][210]LogModuleManager: Shutting down and abandoning module SourceControl (100)
[2015.12.13-02.00.14:403][210]LogModuleManager: Shutting down and abandoning module GitSourceControl (99)
[2015.12.13-02.00.14:403][210]LogModuleManager: Shutting down and abandoning module LightPropagationVolumeEditor (98)
[2015.12.13-02.00.14:403][210]LogModuleManager: Shutting down and abandoning module PaperTiledImporter (97)
[2015.12.13-02.00.14:403][210]LogModuleManager: Shutting down and abandoning module PaperSpriteSheetImporter (96)
[2015.12.13-02.00.14:403][210]LogModuleManager: Shutting down and abandoning module MeshPaint (95)
[2015.12.13-02.00.14:403][210]LogModuleManager: Shutting down and abandoning module SlateReflector (94)
[2015.12.13-02.00.14:403][210]LogModuleManager: Shutting down and abandoning module HotReload (93)
[2015.12.13-02.00.14:403][210]LogModuleManager: Shutting down and abandoning module MainFrame (92)
[2015.12.13-02.00.14:404][210]LogModuleManager: Shutting down and abandoning module LevelEditor (91)
[2015.12.13-02.00.14:406][210]LogModuleManager: Shutting down and abandoning module ContentBrowser (90)
[2015.12.13-02.00.14:408][210]LogModuleManager: Shutting down and abandoning module Paper2DEditor (89)
[2015.12.13-02.00.14:408][210]LogModuleManager: Shutting down and abandoning module UdpMessaging (88)
[2015.12.13-02.00.14:508][210]LogModuleManager: Shutting down and abandoning module DirectoryWatcher (87)
[2015.12.13-02.00.14:511][210]LogModuleManager: Shutting down and abandoning module AssetRegistry (86)
[2015.12.13-02.00.14:616][210]LogModuleManager: Shutting down and abandoning module SubstanceCore (85)
[2015.12.13-02.00.14:616][210]LogModuleManager: Shutting down and abandoning module LightPropagationVolumeRuntime (84)
[2015.12.13-02.00.14:616][210]LogModuleManager: Shutting down and abandoning module Paper2D (83)
[2015.12.13-02.00.14:616][210]LogModuleManager: Shutting down and abandoning module WindowsMoviePlayer (82)
[2015.12.13-02.00.14:620][210]LogModuleManager: Shutting down and abandoning module Media (81)
[2015.12.13-02.00.14:620][210]LogModuleManager: Shutting down and abandoning module WmfMedia (80)
[2015.12.13-02.00.14:620][210]LogModuleManager: Shutting down and abandoning module OnlineBlueprintSupport (79)
[2015.12.13-02.00.14:620][210]LogModuleManager: Shutting down and abandoning module GameplayTasksEditor (78)
[2015.12.13-02.00.14:620][210]LogModuleManager: Shutting down and abandoning module PropertyEditor (77)
[2015.12.13-02.00.14:620][210]LogModuleManager: Shutting down and abandoning module BehaviorTreeEditor (76)
[2015.12.13-02.00.14:620][210]LogModuleManager: Shutting down and abandoning module FunctionalTesting (75)
[2015.12.13-02.00.14:620][210]LogModuleManager: Shutting down and abandoning module CollisionAnalyzer (74)
[2015.12.13-02.00.14:620][210]LogModuleManager: Shutting down and abandoning module WorkspaceMenuStructure (73)
[2015.12.13-02.00.14:620][210]LogModuleManager: Shutting down and abandoning module MessageLog (72)
[2015.12.13-02.00.14:620][210]LogModuleManager: Shutting down and abandoning module Sequencer (71)
[2015.12.13-02.00.14:620][210]LogModuleManager: Shutting down and abandoning module AssetTools (70)
[2015.12.13-02.00.14:620][210]LogModuleManager: Shutting down and abandoning module UMGEditor (69)
[2015.12.13-02.00.14:621][210]LogModuleManager: Shutting down and abandoning module UMG (68)
[2015.12.13-02.00.14:621][210]LogModuleManager: Shutting down and abandoning module Slate (67)
[2015.12.13-02.00.14:621][210]LogModuleManager: Shutting down and abandoning module EditorStyle (66)
[2015.12.13-02.00.14:623][210]LogModuleManager: Shutting down and abandoning module SessionServices (65)
[2015.12.13-02.00.14:623][210]LogModuleManager: Shutting down and abandoning module SourceCodeAccess (64)
[2015.12.13-02.00.14:623][210]LogModuleManager: Shutting down and abandoning module HeadMountedDisplay (63)
[2015.12.13-02.00.14:623][210]LogModuleManager: Shutting down and abandoning module XAudio2 (62)
[2015.12.13-02.00.14:623][210]LogModuleManager: Shutting down and abandoning module Networking (60)
[2015.12.13-02.00.14:623][210]LogModuleManager: Shutting down and abandoning module Core (59)
[2015.12.13-02.00.14:623][210]LogModuleManager: Shutting down and abandoning module KismetCompiler (58)
[2015.12.13-02.00.14:623][210]LogModuleManager: Shutting down and abandoning module PhysXFormats (57)
[2015.12.13-02.00.14:623][210]LogModuleManager: Shutting down and abandoning module MeshUtilities (56)
[2015.12.13-02.00.14:623][210]LogModuleManager: Shutting down and abandoning module CookingStats (55)
[2015.12.13-02.00.14:630][210]LogModuleManager: Shutting down and abandoning module DerivedDataCache (54)
[2015.12.13-02.00.14:716][210]LogDerivedDataCache: Shutdown
[2015.12.13-02.00.14:716][210]LogModuleManager: Shutting down and abandoning module ShaderFormatOpenGL (53)
[2015.12.13-02.00.14:716][210]LogModuleManager: Shutting down and abandoning module ShaderFormatD3D (52)
[2015.12.13-02.00.14:716][210]LogModuleManager: Shutting down and abandoning module MetalShaderFormat (51)
[2015.12.13-02.00.14:716][210]LogModuleManager: Shutting down and abandoning module TextureFormatUncompressed (50)
[2015.12.13-02.00.14:716][210]LogModuleManager: Shutting down and abandoning module TextureFormatPVR (49)
[2015.12.13-02.00.14:716][210]LogModuleManager: Shutting down and abandoning module TextureFormatIntelISPCTexComp (48)
[2015.12.13-02.00.14:716][210]LogModuleManager: Shutting down and abandoning module TextureFormatDXT (47)
[2015.12.13-02.00.14:716][210]LogModuleManager: Shutting down and abandoning module ImageWrapper (46)
[2015.12.13-02.00.14:716][210]LogModuleManager: Shutting down and abandoning module TextureFormatASTC (45)
[2015.12.13-02.00.14:716][210]LogModuleManager: Shutting down and abandoning module TextureFormatAndroid (44)
[2015.12.13-02.00.14:716][210]LogModuleManager: Shutting down and abandoning module AudioFormatOpus (43)
[2015.12.13-02.00.14:716][210]LogModuleManager: Shutting down and abandoning module AudioFormatOgg (42)
[2015.12.13-02.00.14:716][210]LogModuleManager: Shutting down and abandoning module AudioFormatADPCM (41)
[2015.12.13-02.00.14:716][210]LogModuleManager: Shutting down and abandoning module LinuxTargetPlatform (40)
[2015.12.13-02.00.14:716][210]LogModuleManager: Shutting down and abandoning module LinuxServerTargetPlatform (39)
[2015.12.13-02.00.14:716][210]LogModuleManager: Shutting down and abandoning module LinuxNoEditorTargetPlatform (38)
[2015.12.13-02.00.14:716][210]LogModuleManager: Shutting down and abandoning module Messaging (37)
[2015.12.13-02.00.14:716][210]LogModuleManager: Shutting down and abandoning module IOSTargetPlatform (36)
[2015.12.13-02.00.14:716][210]LogModuleManager: Shutting down and abandoning module HTML5TargetPlatform (35)
[2015.12.13-02.00.14:716][210]LogModuleManager: Shutting down and abandoning module Android_PVRTCTargetPlatform (34)
[2015.12.13-02.00.14:716][210]LogModuleManager: Shutting down and abandoning module Android_ETC2TargetPlatform (33)
[2015.12.13-02.00.14:716][210]LogModuleManager: Shutting down and abandoning module Android_ETC1TargetPlatform (32)
[2015.12.13-02.00.14:716][210]LogModuleManager: Shutting down and abandoning module Android_DXTTargetPlatform (31)
[2015.12.13-02.00.14:716][210]LogModuleManager: Shutting down and abandoning module Android_ATCTargetPlatform (30)
[2015.12.13-02.00.14:716][210]LogModuleManager: Shutting down and abandoning module Android_ASTCTargetPlatform (29)
[2015.12.13-02.00.14:716][210]LogModuleManager: Shutting down and abandoning module AndroidTargetPlatform (28)
[2015.12.13-02.00.14:716][210]LogModuleManager: Shutting down and abandoning module WindowsTargetPlatform (27)
[2015.12.13-02.00.14:716][210]LogModuleManager: Shutting down and abandoning module WindowsServerTargetPlatform (26)
[2015.12.13-02.00.14:716][210]LogModuleManager: Shutting down and abandoning module WindowsNoEditorTargetPlatform (25)
[2015.12.13-02.00.14:716][210]LogModuleManager: Shutting down and abandoning module WindowsClientTargetPlatform (24)
[2015.12.13-02.00.14:716][210]LogModuleManager: Shutting down and abandoning module AllDesktopTargetPlatform (23)
[2015.12.13-02.00.14:716][210]LogModuleManager: Shutting down and abandoning module TargetPlatform (22)
[2015.12.13-02.00.14:716][210]LogModuleManager: Shutting down and abandoning module InputCore (21)
[2015.12.13-02.00.14:716][210]LogModuleManager: Shutting down and abandoning module Settings (20)
[2015.12.13-02.00.14:716][210]LogModuleManager: Shutting down and abandoning module OnlineSubsystem (18)
[2015.12.13-02.00.14:716][210]LogModuleManager: Shutting down and abandoning module HTTP (17)
[2015.12.13-02.00.16:724][210]LogModuleManager: Shutting down and abandoning module XMPP (16)
[2015.12.13-02.00.16:724][210]LogModuleManager: Shutting down and abandoning module ExampleDeviceProfileSelector (15)
[2015.12.13-02.00.16:724][210]LogModuleManager: Shutting down and abandoning module TextureCompressor (14)
[2015.12.13-02.00.16:724][210]LogModuleManager: Shutting down and abandoning module ShaderCore (13)
[2015.12.13-02.00.16:724][210]LogModuleManager: Shutting down and abandoning module Landscape (12)
[2015.12.13-02.00.16:724][210]LogModuleManager: Shutting down and abandoning module SlateRHIRenderer (11)
[2015.12.13-02.00.16:726][210]LogModuleManager: Shutting down and abandoning module OpenGLDrv (10)
[2015.12.13-02.00.16:726][210]LogModuleManager: Shutting down and abandoning module D3D11RHI (9)
[2015.12.13-02.00.16:726][210]LogModuleManager: Shutting down and abandoning module AnimGraphRuntime (8)
[2015.12.13-02.00.16:726][210]LogModuleManager: Shutting down and abandoning module Renderer (7)
[2015.12.13-02.00.16:726][210]LogModuleManager: Shutting down and abandoning module Engine (6)
[2015.12.13-02.00.16:726][210]LogModuleManager: Shutting down and abandoning module CoreUObject (5)
[2015.12.13-02.00.16:726][210]LogModuleManager: Shutting down and abandoning module NetworkFile (4)
[2015.12.13-02.00.16:726][210]LogModuleManager: Shutting down and abandoning module StreamingFile (3)
[2015.12.13-02.00.16:726][210]LogModuleManager: Shutting down and abandoning module SandboxFile (2)
[2015.12.13-02.00.16:726][210]LogModuleManager: Shutting down and abandoning module PakFile (1)
[2015.12.13-02.00.16:726][210]LogExit: Exiting.
[2015.12.13-02.00.16:731][210]Log file closed, 12/12/15 21:00:16
