[2015.10.12-22.39.12:710][  0]Log file open, 10/12/15 18:39:12
[2015.10.12-22.39.12:710][  0]LogInit:Display: Running engine for game: SuperSpaceArmada
[2015.10.12-22.39.12:710][  0]LogInit:Display: RandInit(666471017) SRandInit(666471017).
[2015.10.12-22.39.12:710][  0]LogTaskGraph: Started task graph with 4 named threads and 7 total threads.
[2015.10.12-22.39.12:710][  0]LogStats: Stats thread started at 0.075433
[2015.10.12-22.39.12:710][  0]LogInit: Version: 4.9.1-2689999+++depot+UE4-Releases+4.9
[2015.10.12-22.39.12:710][  0]LogInit: API Version: 2672455
[2015.10.12-22.39.12:710][  0]LogInit: Compiled (64-bit): Sep 14 2015 04:12:03
[2015.10.12-22.39.12:710][  0]LogInit: Compiled with Visual C++: 18.00.21005.01
[2015.10.12-22.39.12:710][  0]LogInit: Build Configuration: Development
[2015.10.12-22.39.12:710][  0]LogInit: Branch Name: ++depot+UE4-Releases+4.9
[2015.10.12-22.39.12:710][  0]LogInit: Command line:  
[2015.10.12-22.39.12:710][  0]LogInit: Base directory: C:/Program Files/Unreal Engine/4.9/Engine/Binaries/Win64/
[2015.10.12-22.39.12:710][  0]LogInit: Rocket: 1
[2015.10.12-22.39.12:724][  0]LogInit: Using libcurl 7.41.0
[2015.10.12-22.39.12:724][  0]LogInit:  - built for x86_64-pc-win32
[2015.10.12-22.39.12:724][  0]LogInit:  - supports SSL with WinSSL
[2015.10.12-22.39.12:724][  0]LogInit:  - other features:
[2015.10.12-22.39.12:724][  0]LogInit:      CURL_VERSION_SSL
[2015.10.12-22.39.12:724][  0]LogInit:      CURL_VERSION_IPV6
[2015.10.12-22.39.12:724][  0]LogInit:      CURL_VERSION_ASYNCHDNS
[2015.10.12-22.39.12:724][  0]LogInit:      CURL_VERSION_LARGEFILE
[2015.10.12-22.39.12:724][  0]LogInit:      CURL_VERSION_IDN
[2015.10.12-22.39.12:724][  0]LogInit:  CurlRequestOptions (configurable via config and command line):
[2015.10.12-22.39.12:724][  0]LogInit:  - bVerifyPeer = true  - Libcurl will verify peer certificate
[2015.10.12-22.39.12:724][  0]LogInit:  - bUseHttpProxy = false  - Libcurl will NOT use HTTP proxy
[2015.10.12-22.39.12:724][  0]LogInit:  - bDontReuseConnections = false  - Libcurl will reuse connections
[2015.10.12-22.39.12:724][  0]LogInit:  - CertBundlePath = nullptr  - Libcurl will use whatever was configured at build time.
[2015.10.12-22.39.12:732][  0]LogInit: Presizing for 0 objects not considered by GC, pre-allocating 0 bytes.
[2015.10.12-22.39.12:738][  0]LogInit: Object subsystem initialized
[2015.10.12-22.39.12:739][  0]LogInit: Selected Device Profile: [Windows]
[2015.10.12-22.39.12:739][  0]LogInit: Applying CVar settings loaded from the selected device profile: [Windows]
[2015.10.12-22.39.12:748][  0]LogInit: Computer: LOU
[2015.10.12-22.39.12:748][  0]LogInit: User: LouIII
[2015.10.12-22.39.12:748][  0]LogInit: CPU Page size=4096, Cores=4
[2015.10.12-22.39.12:748][  0]LogInit: High frequency timer resolution =2.338334 MHz
[2015.10.12-22.39.12:749][  0]LogMemory: Memory total: Physical=15.9GB (16GB approx)
[2015.10.12-22.39.12:749][  0]LogMemory: Platform Memory Stats for Windows
[2015.10.12-22.39.12:749][  0]LogMemory: Process Physical Memory: 54.93 MB used, 54.93 MB peak
[2015.10.12-22.39.12:749][  0]LogMemory: Process Virtual Memory: 55.37 MB used, 55.37 MB peak
[2015.10.12-22.39.12:749][  0]LogMemory: Physical Memory: 7066.56 MB used, 16303.71 MB total
[2015.10.12-22.39.12:749][  0]LogMemory: Virtual Memory: 364.56 MB used, 134217728.00 MB total
[2015.10.12-22.39.12:785][  0]LogTextLocalizationManager: No specific translations for ('en-US') exist, so ('en') translations will be used.
[2015.10.12-22.39.13:486][  0]LogD3D11RHI: Found D3D11 adapter 0: NVIDIA GeForce GTX 765M     (Feature Level 11_0)
[2015.10.12-22.39.13:486][  0]LogD3D11RHI: Adapter has 1992MB of dedicated video memory, 0MB of dedicated system memory, and 8151MB of shared system memory, 1 output[s]
[2015.10.12-22.39.13:491][  0]LogD3D11RHI: Found D3D11 adapter 1: Intel(R) HD Graphics 4600 (Feature Level 11_0)
[2015.10.12-22.39.13:491][  0]LogD3D11RHI: Adapter has 112MB of dedicated video memory, 0MB of dedicated system memory, and 8151MB of shared system memory, 0 output[s]
[2015.10.12-22.39.13:492][  0]LogD3D11RHI: Found D3D11 adapter 2: Microsoft Basic Render Driver (Feature Level 11_0)
[2015.10.12-22.39.13:492][  0]LogD3D11RHI: Adapter has 0MB of dedicated video memory, 0MB of dedicated system memory, and 8151MB of shared system memory, 0 output[s]
[2015.10.12-22.39.13:492][  0]LogD3D11RHI: Chosen D3D11 Adapter Id = 0
[2015.10.12-22.39.13:497][  0]LogD3D11RHI: !Direct3DDevice
[2015.10.12-22.39.13:497][  0]LogRHI: Texture pool is 1361 MB (70% of 1945 MB)
[2015.10.12-22.39.13:508][  0]LogD3D11RHI: Async texture creation enabled
[2015.10.12-22.39.13:523][  0]LogShaderCompilers: Guid format shader working directory is 14 characters bigger than the processId version (../../../../../../Users/luisr_000/Documents/Game-Files/SuperSpaceArmada/Intermediate/Shaders/WorkingDirectory/10708/).
[2015.10.12-22.39.13:523][  0]LogShaderCompilers: Cleaned the shader compiler working directory '../../../../../../Users/luisr_000/Documents/Game-Files/SuperSpaceArmada/Intermediate/Shaders/tmp/F4503B8E4E560C067FC341BA3B2DB149/'.
[2015.10.12-22.39.13:523][  0]LogShaderCompilers:Display: Using Local Shader Compiler.
[2015.10.12-22.39.14:540][  0]LogTemp:Display: Loaded TP AllDesktopTargetPlatform
[2015.10.12-22.39.14:545][  0]LogTemp:Display: Loaded TP WindowsClientTargetPlatform
[2015.10.12-22.39.14:551][  0]LogTemp:Display: Loaded TP WindowsNoEditorTargetPlatform
[2015.10.12-22.39.14:556][  0]LogTemp:Display: Loaded TP WindowsServerTargetPlatform
[2015.10.12-22.39.14:561][  0]LogTemp:Display: Loaded TP WindowsTargetPlatform
[2015.10.12-22.39.14:565][  0]LogTemp:Display: Loaded TP AndroidTargetPlatform
[2015.10.12-22.39.14:568][  0]LogTemp:Display: Loaded TP Android_ASTCTargetPlatform
[2015.10.12-22.39.14:571][  0]LogTemp:Display: Loaded TP Android_ATCTargetPlatform
[2015.10.12-22.39.14:574][  0]LogTemp:Display: Loaded TP Android_DXTTargetPlatform
[2015.10.12-22.39.14:578][  0]LogTemp:Display: Loaded TP Android_ETC1TargetPlatform
[2015.10.12-22.39.14:581][  0]LogTemp:Display: Loaded TP Android_ETC2TargetPlatform
[2015.10.12-22.39.14:584][  0]LogTemp:Display: Loaded TP Android_PVRTCTargetPlatform
[2015.10.12-22.39.14:585][  0]LogTemp:Display: Loaded TP HTML5TargetPlatform
[2015.10.12-22.39.14:602][  0]LogTemp:Display: Loaded TP IOSTargetPlatform
[2015.10.12-22.39.14:605][  0]LogTemp:Display: Loaded TP LinuxNoEditorTargetPlatform
[2015.10.12-22.39.14:608][  0]LogTemp:Display: Loaded TP LinuxServerTargetPlatform
[2015.10.12-22.39.14:612][  0]LogTemp:Display: Loaded TP LinuxTargetPlatform
[2015.10.12-22.39.14:612][  0]LogTargetPlatformManager:Display: Building Assets For Windows
[2015.10.12-22.39.14:694][  0]LogDerivedDataCache:Display: Max Cache Size: 512 MB
[2015.10.12-22.39.14:735][  0]LogDerivedDataCache: Loaded boot cache 0.04s 41MB C:/Users/luisr_000/AppData/Local/UnrealEngine/4.9/DerivedDataCache/Boot.ddc.
[2015.10.12-22.39.14:735][  0]LogDerivedDataCache:Display: Loaded Boot cache: C:/Users/luisr_000/AppData/Local/UnrealEngine/4.9/DerivedDataCache/Boot.ddc
[2015.10.12-22.39.14:735][  0]LogDerivedDataCache: FDerivedDataBackendGraph:  Pak pak cache file ../../../../../../Users/luisr_000/Documents/Game-Files/SuperSpaceArmada/DerivedDataCache/DDC.ddp not found, will not use a pak cache.
[2015.10.12-22.39.14:735][  0]LogDerivedDataCache: Unable to find inner node Pak for hierarchical cache Hierarchy.
[2015.10.12-22.39.14:735][  0]LogDerivedDataCache: FDerivedDataBackendGraph:  CompressedPak pak cache file ../../../../../../Users/luisr_000/Documents/Game-Files/SuperSpaceArmada/DerivedDataCache/Compressed.ddp not found, will not use a pak cache.
[2015.10.12-22.39.14:735][  0]LogDerivedDataCache: Unable to find inner node CompressedPak for hierarchical cache Hierarchy.
[2015.10.12-22.39.14:870][  0]LogDerivedDataCache:Display: Pak cache opened for reading ../../../Engine/DerivedDataCache/Compressed.ddp.
[2015.10.12-22.39.14:882][  0]LogDerivedDataCache: Using Local data cache path C:/Users/luisr_000/AppData/Local/UnrealEngine/Common/DerivedDataCache: Writable
[2015.10.12-22.39.15:049][  0]LogInit: Selected Device Profile: [Windows]
[2015.10.12-22.39.15:052][  0]LogContentStreaming: Texture pool size is 0.000000MB
[2015.10.12-22.39.15:168][  0]LogMeshUtilities: No automatic mesh reduction module available
[2015.10.12-22.39.15:168][  0]LogMeshUtilities: No automatic mesh merging module available
[2015.10.12-22.39.15:393][  0]LogInit: WinSock: version 1.1 (2.2), MaxSocks=32767, MaxUdp=65467
[2015.10.12-22.39.16:108][  0]LogAssetRegistry: FAssetRegistry took 0.0107 seconds to start up
[2015.10.12-22.39.16:124][  0]UdpMessaging: Initializing bridge on interface 0.0.0.0:0 to multicast group 230.0.0.1:6666.
[2015.10.12-22.39.16:436][  0]SourceControl: Info Source control is disabled
[2015.10.12-22.39.16:445][  0]SourceControl: Info Source control is disabled
[2015.10.12-22.39.16:456][  0]SourceControl: Info Source control is disabled
[2015.10.12-22.39.16:468][  0]SourceControl: Info Source control is disabled
[2015.10.12-22.39.16:610][  0]LogLinker:Warning: Asset '../../../Engine/Plugins/Runtime/LeapMotionController/Content/LM_PassthroughMaterial.uasset' has been saved with empty engine version. The asset will be loaded but may be incompatible.
[2015.10.12-22.39.16:693][  0]LogObj: 28528 objects as part of root set at end of initial load.
[2015.10.12-22.39.16:693][  0]LogUObjectAllocator: 6068456 out of 0 bytes used by permanent object pool.
[2015.10.12-22.39.16:749][  0]LogEngine: Initializing Engine...
[2015.10.12-22.39.16:751][  0]LogHMD: Can't find Oculus library dev build: is proper Runtime installed? Version: 0.7.0.0
[2015.10.12-22.39.16:752][  0]LogHMD: SteamVR failed to initialize.  Err: 110
[2015.10.12-22.39.16:873][  0]LogAIModule: Creating AISystem for world NewWorld
[2015.10.12-22.39.16:879][  0]LogInit: XAudio2 using 'Speakers (VIA HD Audio)' : 2 channels at 48 kHz using 32 bits per sample (channel mask 0x3)
[2015.10.12-22.39.16:887][  0]LogInit: FAudioDevice initialized.
[2015.10.12-22.39.16:907][  0]LogDerivedDataCache: Saved boot cache 0.02s 41MB C:/Users/luisr_000/AppData/Local/UnrealEngine/4.9/DerivedDataCache/Boot.ddc.
[2015.10.12-22.39.16:911][  0]LogInit: Texture streaming: Enabled
[2015.10.12-22.39.16:917][  0]LogAnalytics: Creating configured Analytics provider AnalyticsET
[2015.10.12-22.39.16:917][  0]LogAnalytics: [UEEditor.Rocket.Release] APIServer = http://et2.epicgames.com/ET2/. AppVersion = 4.9.1-2689999+++depot+UE4-Releases+4.9
[2015.10.12-22.39.16:917][  0]LogAnalytics: [UEEditor.Rocket.Release] SetUserId 06a592394ae99916f49c3d9c3c9f503a|b280ebf5e1b3428db734f63de3c232be|784865b8-3393-4bba-9a10-0fd663c4f742
[2015.10.12-22.39.16:917][  0]LogAnalytics: [UEEditor.Rocket.Release] AnalyticsET::StartSession
[2015.10.12-22.39.16:929][  0]LogWindowsTextInputMethodSystem:Display: IME system now deactivated.
[2015.10.12-22.39.16:929][  0]LogWindowsTextInputMethodSystem:Display: IME system now deactivated.
[2015.10.12-22.39.16:944][  0]LogInit: Transaction tracking system initialized
[2015.10.12-22.39.16:975][  0]BlueprintLog: New page: Editor Load
[2015.10.12-22.39.17:061][  0]LocalizationService: Info Localization service is disabled
[2015.10.12-22.39.17:162][  0]LogConsoleResponse:Display: 
[2015.10.12-22.39.17:262][  0]LogCook:Display: Done creating registry. It took  0.00s.
[2015.10.12-22.39.17:317][  0]LogFileCache: Scanning file cache for directory 'C:/Users/luisr_000/Documents/Game-Files/SuperSpaceArmada/Content/' took 0.01s
[2015.10.12-22.39.17:317][  0]SourceControl: Info Source control is disabled
[2015.10.12-22.39.17:318][  0]Cmd: MAP LOAD FILE="../../../../../../Users/luisr_000/Documents/Game-Files/SuperSpaceArmada/Content/TopDownBP/Maps/TopDownExampleMap.umap" TEMPLATE=0 SHOWPROGRESS=1 FEATURELEVEL=3
[2015.10.12-22.39.17:318][  0]LogEditorServer:Warning: Can't find file '../../../../../../Users/luisr_000/Documents/Game-Files/SuperSpaceArmada/Content/TopDownBP/Maps/TopDownExampleMap.umap'
[2015.10.12-22.39.17:318][  0]Cmd: MAP CHECKDEP NOCLEARLOG
[2015.10.12-22.39.17:364][  0]MapCheck: Info Map check complete: 0 Error(s), 0 Warning(s), took 46.566ms to complete.
[2015.10.12-22.39.17:364][  0]LogFileHelpers: Loading map 'TopDownExampleMap' took 0.047
[2015.10.12-22.39.17:473][  0]LogCollectionManager: Loaded 0 collections in 0.002596 seconds
[2015.10.12-22.39.17:517][  0]LogFileCache: Scanning file cache for directory 'C:/Users/luisr_000/Documents/Game-Files/SuperSpaceArmada/Saved/Collections/' took 0.01s
[2015.10.12-22.39.17:517][  0]LogFileCache: Scanning file cache for directory 'C:/Users/luisr_000/Documents/Game-Files/SuperSpaceArmada/Content/Developers/LouIII/Collections/' took 0.01s
[2015.10.12-22.39.17:517][  0]LogFileCache: Scanning file cache for directory 'C:/Users/luisr_000/Documents/Game-Files/SuperSpaceArmada/Content/Collections/' took 0.01s
[2015.10.12-22.39.17:517][  0]LogContentBrowser: Native class hierarchy populated in 0.0104 seconds. Added 1882 classes and 339 folders.
[2015.10.12-22.39.17:522][  0]LogCollectionManager: Rebuilt the GUID cache for 0 collections in 0.000003 seconds
[2015.10.12-22.39.17:531][  0]LogContentBrowser: Native class hierarchy updated for 'WidgetCarousel' in 0.0003 seconds. Added 0 classes and 0 folders.
[2015.10.12-22.39.17:578][  0]LogContentBrowser: Native class hierarchy updated for 'AddContentDialog' in 0.0004 seconds. Added 0 classes and 0 folders.
[2015.10.12-22.39.17:583][  0]LogContentBrowser: Native class hierarchy updated for 'SceneOutliner' in 0.0004 seconds. Added 1 classes and 2 folders.
[2015.10.12-22.39.17:615][  0]LogCrashTracker: Crashtracker disabled due to settings.
[2015.10.12-22.39.17:620][  0]LogUObjectGlobals:Warning: Failed to find object 'Class None.'
[2015.10.12-22.39.17:650][  0]LogLoad: Full Startup: 5.51 seconds (BP compile: 0.00 seconds)
[2015.10.12-22.39.17:717][  0]LogContentStreaming: Texture pool size now 1000 MB
[2015.10.12-22.39.17:861][  0]LogRenderer: Reallocating scene render targets to support 1260x612 (Frame:2).
[2015.10.12-22.39.18:009][  3]LogAssetRegistry: Asset discovery search completed in 1.9110 seconds
[2015.10.12-22.39.18:009][  3]LogCollectionManager: Rebuilt the object cache for 0 collections in 0.000000 seconds (found 0 objects)
[2015.10.12-22.39.18:009][  3]LogCollectionManager: Fixed up redirectors for 0 collections in 0.000021 seconds (updated 0 objects)
[2015.10.12-22.51.50:543][714]LogLinker:Warning: Asset '../../../../../../Users/luisr_000/Documents/Game-Files/SuperSpaceArmada/Content/Mannequin/Animations/ThirdPerson_AnimBP.uasset' has been saved with empty engine version. The asset will be loaded but may be incompatible.
[2015.10.12-22.51.50:545][714]LogLinker:Warning: Asset '../../../../../../Users/luisr_000/Documents/Game-Files/SuperSpaceArmada/Content/Mannequin/Animations/ThirdPerson_Jump.uasset' has been saved with empty engine version. The asset will be loaded but may be incompatible.
[2015.10.12-22.51.50:546][714]LogLinker:Warning: Asset '../../../../../../Users/luisr_000/Documents/Game-Files/SuperSpaceArmada/Content/Mannequin/Animations/ThirdPersonJump_Loop.uasset' has been saved with empty engine version. The asset will be loaded but may be incompatible.
[2015.10.12-22.51.50:547][714]LogLinker:Warning: Asset '../../../../../../Users/luisr_000/Documents/Game-Files/SuperSpaceArmada/Content/Mannequin/Animations/ThirdPersonJump_Start.uasset' has been saved with empty engine version. The asset will be loaded but may be incompatible.
[2015.10.12-22.51.50:548][714]LogLinker:Warning: Asset '../../../../../../Users/luisr_000/Documents/Game-Files/SuperSpaceArmada/Content/Mannequin/Animations/ThirdPerson_IdleRun_2D.uasset' has been saved with empty engine version. The asset will be loaded but may be incompatible.
[2015.10.12-22.51.50:549][714]LogLinker:Warning: Asset '../../../../../../Users/luisr_000/Documents/Game-Files/SuperSpaceArmada/Content/Mannequin/Animations/ThirdPersonIdle.uasset' has been saved with empty engine version. The asset will be loaded but may be incompatible.
[2015.10.12-22.51.50:550][714]LogLinker:Warning: Asset '../../../../../../Users/luisr_000/Documents/Game-Files/SuperSpaceArmada/Content/Mannequin/Animations/ThirdPersonRun.uasset' has been saved with empty engine version. The asset will be loaded but may be incompatible.
[2015.10.12-22.51.50:551][714]LogLinker:Warning: Asset '../../../../../../Users/luisr_000/Documents/Game-Files/SuperSpaceArmada/Content/Mannequin/Animations/ThirdPersonWalk.uasset' has been saved with empty engine version. The asset will be loaded but may be incompatible.
[2015.10.12-22.51.52:746][714]LogLinker:Warning: Asset '../../../Engine/Content/ArtTools/RenderToTexture/Macros/RenderToTextureMacros.uasset' has been saved with empty engine version. The asset will be loaded but may be incompatible.
[2015.10.12-22.51.53:213][714]LogContentBrowser: Native class hierarchy updated for 'BlueprintGraph' in 0.0006 seconds. Added 107 classes and 0 folders.
[2015.10.12-22.52.08:940][620]LogLinker:Warning: Can't find file '/Game/Geometry/Meshes/1M_Cube'
[2015.10.12-22.52.08:940][620]LogLinker:Warning: Can't find file for asset '/Game/Geometry/Meshes/1M_Cube' while loading ../../../../../../Users/luisr_000/Documents/Game-Files/SuperSpaceArmada/Content/SSA/Blueprints/Ships/KratakosShip.uasset.
[2015.10.12-22.52.08:940][620]LoadErrors:Error: Error /Game/SSA/Blueprints/Ships/KratakosShip : Can't find file for asset. /Game/Geometry/Meshes/1M_Cube
[2015.10.12-22.52.08:941][620]LogLinker:Warning: Can't find file '/Game/Geometry/Meshes/1M_Cube'
[2015.10.12-22.52.08:941][620]LogLinker:Warning: Can't find file for asset '/Game/Geometry/Meshes/1M_Cube' while loading ../../../../../../Users/luisr_000/Documents/Game-Files/SuperSpaceArmada/Content/SSA/Blueprints/Ships/KratakosShip.uasset.
[2015.10.12-22.52.08:943][620]LogLinker:Warning: Can't find file '/Game/Geometry/Meshes/1M_Cube'
[2015.10.12-22.52.08:943][620]LogLinker:Warning: Can't find file for asset '/Game/Geometry/Meshes/1M_Cube' while loading NULL.
[2015.10.12-22.52.08:943][620]LogLinker:Warning: Can't find file '/Game/Geometry/Meshes/1M_Cube'
[2015.10.12-22.52.08:943][620]LogLinker:Warning: Can't find file for asset '/Game/Geometry/Meshes/1M_Cube' while loading NULL.
[2015.10.12-22.52.08:958][620]LogLinker:Warning: Can't find file '/Game/Geometry/Meshes/1M_Cube'
[2015.10.12-22.52.08:958][620]LoadErrors: Info Failed to load /Game/Geometry/Meshes/1M_Cube.1M_Cube Referenced by StaticMesh_GEN_VARIABLE
[2015.10.12-22.52.08:958][620]LogLinker:Warning: Can't find file for asset '/Game/Geometry/Meshes/1M_Cube' while loading NULL.
[2015.10.12-22.53.06:244][790]LogActorComponent: UnregisterComponent: (/Engine/Transient.EditorFloorComp) Not registered. Aborting.
[2015.10.12-22.53.50:747][ 44]LogRenderer: Reallocating scene render targets to support 1260x900 (Frame:7432).
[2015.10.12-22.57.31:930][230]LogActorComponent: UnregisterComponent: (/Engine/Transient.EditorFloorComp) Not registered. Aborting.
[2015.10.12-22.57.32:935][284]LogActorComponent: UnregisterComponent: (/Engine/Transient.EditorFloorComp) Not registered. Aborting.
[2015.10.12-22.59.34:461][483]LogActorComponent: UnregisterComponent: (/Engine/Transient.CharMoveComp) Not registered. Aborting.
[2015.10.12-22.59.34:461][483]LogActorComponent: UnregisterComponent: (/Engine/Transient.CharacterMovementComponent_0) Not registered. Aborting.
[2015.10.12-22.59.34:461][483]LogActorComponent: UnregisterComponent: (/Engine/Transient.CharacterMovementComponent_1) Not registered. Aborting.
[2015.10.12-22.59.34:462][483]LogActorComponent: UnregisterComponent: (/Engine/Transient.CharacterMovementComponent_2) Not registered. Aborting.
[2015.10.12-22.59.34:462][483]LogActorComponent: UnregisterComponent: (/Engine/Transient.CharacterMovementComponent_3) Not registered. Aborting.
[2015.10.12-22.59.34:531][483]LogParticles: Destroying 0 GPU particle simulations for FXSystem 0x0000008BCFD52980
[2015.10.12-22.59.34:533][483]LogParticles: Destroying 0 GPU particle simulations for FXSystem 0x0000008BD4232E80
[2015.10.12-22.59.34:534][483]LogParticles: Destroying 0 GPU particle simulations for FXSystem 0x0000008BCEB72A20
[2015.10.12-22.59.34:534][483]LogParticles: Destroying 0 GPU particle simulations for FXSystem 0x0000008BD642F7E0
[2015.10.12-22.59.34:558][483]LogFileHelpers: Editor autosave (incl. sublevels) for '/Temp/Untitled_0' took 0.097
[2015.10.12-22.59.34:564][483]OBJ SavePackage: Generating thumbnails for [1] asset(s) in package [/Game/SSA/Blueprints/Player/Player_Kratakos] ([1] browsable assets)...
[2015.10.12-22.59.34:582][483]OBJ SavePackage:     Rendered thumbnail for [Blueprint /Game/SSA/Blueprints/Player/Player_Kratakos.Player_Kratakos]
[2015.10.12-22.59.34:582][483]OBJ SavePackage: Finished generating thumbnails for package [/Game/SSA/Blueprints/Player/Player_Kratakos]
[2015.10.12-22.59.34:698][483]LogSavePackage: Save=101.306313ms
[2015.10.12-22.59.34:698][483]LogSavePackage: Moving '../../../../../../Users/luisr_000/Documents/Game-Files/SuperSpaceArmada/Saved/Player_Kratakos_Auto12328B8054BAF6BF3229F3AACC09B453F.tmp' to '../../../../../../Users/luisr_000/Documents/Game-Files/SuperSpaceArmada/Saved/Autosaves/Game/SSA/Blueprints/Player/Player_Kratakos_Auto1.uasset'
[2015.10.12-22.59.34:700][483]LogSavePackage: Total save time: 116.487637ms
[2015.10.12-22.59.34:700][483]LogSavePackage:Warning: Finished SavePackage ../../../../../../Users/luisr_000/Documents/Game-Files/SuperSpaceArmada/Saved/Autosaves/Game/SSA/Blueprints/Player/Player_Kratakos_Auto1.uasset
[2015.10.12-22.59.34:700][483]LogFileHelpers: Auto-saving content packages took 0.141
[2015.10.12-23.02.40:350][ 15]LogLinker:Warning: Can't find file '/Game/Geometry/Meshes/1M_Cube'
[2015.10.12-23.02.40:350][ 15]LogLinker:Warning: Can't find file for asset '/Game/Geometry/Meshes/1M_Cube' while loading ../../../../../../Users/luisr_000/Documents/Game-Files/SuperSpaceArmada/Content/SSA/Blueprints/Objects/Crystal_Spawner.uasset.
[2015.10.12-23.02.40:350][ 15]LoadErrors:Error: Error /Game/SSA/Blueprints/Objects/Crystal_Spawner : Can't find file for asset. /Game/Geometry/Meshes/1M_Cube
[2015.10.12-23.02.40:351][ 15]LogLinker:Warning: Can't find file '/Game/Geometry/Meshes/1M_Cube'
[2015.10.12-23.02.40:351][ 15]LogLinker:Warning: Can't find file for asset '/Game/Geometry/Meshes/1M_Cube' while loading ../../../../../../Users/luisr_000/Documents/Game-Files/SuperSpaceArmada/Content/SSA/Blueprints/Objects/Crystal_Spawner.uasset.
[2015.10.12-23.02.40:352][ 15]LogLinker:Warning: Can't find file '/Game/Geometry/Meshes/1M_Cube'
[2015.10.12-23.02.40:352][ 15]LogLinker:Warning: Can't find file for asset '/Game/Geometry/Meshes/1M_Cube' while loading ../../../../../../Users/luisr_000/Documents/Game-Files/SuperSpaceArmada/Content/SSA/Maps/Home_Kratakos.umap.
[2015.10.12-23.02.40:352][ 15]LoadErrors:Error: Error /Game/SSA/Maps/Home_Kratakos : Can't find file for asset. /Game/Geometry/Meshes/1M_Cube
[2015.10.12-23.02.40:352][ 15]LogLinker:Warning: Can't find file '/Game/Geometry/Meshes/1M_Cube'
[2015.10.12-23.02.40:352][ 15]LogLinker:Warning: Can't find file for asset '/Game/Geometry/Meshes/1M_Cube' while loading ../../../../../../Users/luisr_000/Documents/Game-Files/SuperSpaceArmada/Content/SSA/Maps/Home_Kratakos.umap.
[2015.10.12-23.02.40:353][ 15]LogLinker:Warning: Can't find file '/Game/Geometry/Meshes/1M_Cube'
[2015.10.12-23.02.40:353][ 15]LoadErrors: Info Failed to load /Game/Geometry/Meshes/1M_Cube.1M_Cube Referenced by Default__Crystal_Spawner_C
[2015.10.12-23.02.40:353][ 15]LogLinker:Warning: Can't find file for asset '/Game/Geometry/Meshes/1M_Cube' while loading ../../../../../../Users/luisr_000/Documents/Game-Files/SuperSpaceArmada/Content/SSA/Maps/Home_Kratakos.umap.
[2015.10.12-23.02.40:770][ 15]LogAIModule: Creating AISystem for world Home_Kratakos
[2015.10.12-23.02.40:771][ 15]LogParticles:Warning: InitializeSystem called on an unregistered component. Template=/Game/Effects/Particles/P_Radiation_Long.P_Radiation_Long Component=/Game/SSA/Maps/Home_Kratakos.Home_Kratakos:PersistentLevel.P_Radiation_Long_2.ParticleSystemComponent0
[2015.10.12-23.02.40:771][ 15]LogParticles:Warning: InitializeSystem called on an unregistered component. Template=/Game/Effects/Particles/P_Radiation_Long.P_Radiation_Long Component=/Game/SSA/Maps/Home_Kratakos.Home_Kratakos:PersistentLevel.P_Radiation_Long2.ParticleSystemComponent0
[2015.10.12-23.02.40:771][ 15]LogParticles:Warning: InitializeSystem called on an unregistered component. Template=/Game/Effects/Particles/P_Radiation_Long.P_Radiation_Long Component=/Game/SSA/Maps/Home_Kratakos.Home_Kratakos:PersistentLevel.P_Radiation_Long3.ParticleSystemComponent0
[2015.10.12-23.02.40:772][ 15]LogParticles:Warning: InitializeSystem called on an unregistered component. Template=/Game/Effects/Particles/P_Radiation_Long.P_Radiation_Long Component=/Game/SSA/Maps/Home_Kratakos.Home_Kratakos:PersistentLevel.P_Radiation_Long4.ParticleSystemComponent0
[2015.10.12-23.02.40:777][ 15]LogActorComponent: UnregisterComponent: (/Engine/Transient.CharMoveComp) Not registered. Aborting.
[2015.10.12-23.02.44:375][ 15]Cmd: MAP LOAD FILE="../../../../../../Users/luisr_000/Documents/Game-Files/SuperSpaceArmada/Content/SSA/Maps/Home_Kratakos.umap" TEMPLATE=0 SHOWPROGRESS=1 FEATURELEVEL=3
[2015.10.12-23.02.44:375][ 15]LightingResults: New page: Lighting Build
[2015.10.12-23.02.44:381][ 15]LogContentBrowser: Native class hierarchy updated for 'StatsViewer' in 0.0004 seconds. Added 5 classes and 0 folders.
[2015.10.12-23.02.44:402][ 15]LoadErrors: New page: Loading map: Home_Kratakos.umap
[2015.10.12-23.02.44:403][ 15]MapCheck: New page: Map Check
[2015.10.12-23.02.44:403][ 15]LightingResults: New page: Lighting Build
[2015.10.12-23.02.44:426][ 15]LogParticles: Destroying 0 GPU particle simulations for FXSystem 0x0000008BA7750400
[2015.10.12-23.02.44:429][ 15]LogParticles: Destroying 0 GPU particle simulations for FXSystem 0x0000008BDAA24B80
[2015.10.12-23.02.44:439][ 15]LogEditorServer: Finished looking for orphan Actors (0.000 secs)
[2015.10.12-23.02.44:525][ 15]Cmd: MAP CHECKDEP NOCLEARLOG
[2015.10.12-23.02.44:594][ 15]MapCheck: Info Map check complete: 0 Error(s), 0 Warning(s), took 68.582ms to complete.
[2015.10.12-23.02.44:595][ 15]LogFileHelpers: Loading map 'Home_Kratakos' took 0.221
[2015.10.12-23.03.42:265][704]LogFactory: FactoryCreateBinary: StaticMesh with FbxFactory (0 0 ../../../../../../Users/luisr_000/Desktop/Super Space Armada/fbx/asteroid.fbx)
[2015.10.12-23.03.42:273][704]LogFbx: ItemName: GlobalSettings, ItemCount : 1
[2015.10.12-23.03.42:273][704]LogFbx: ItemName: AnimationStack, ItemCount : 1
[2015.10.12-23.03.42:273][704]LogFbx: ItemName: AnimationLayer, ItemCount : 1
[2015.10.12-23.03.42:273][704]LogFbx: ItemName: Geometry, ItemCount : 1
[2015.10.12-23.03.42:273][704]LogFbx: ItemName: Material, ItemCount : 1
[2015.10.12-23.03.42:273][704]LogFbx: ItemName: Model, ItemCount : 3
[2015.10.12-23.03.42:273][704]LogFbx: ItemName: NodeAttribute, ItemCount : 2
[2015.10.12-23.03.42:279][704]LogFbx: Loading FBX Scene from ../../../../../../Users/luisr_000/Desktop/Super Space Armada/fbx/asteroid.fbx
[2015.10.12-23.03.42:285][704]LogFbx: FBX Scene Loaded Succesfully
[2015.10.12-23.03.50:018][704]LogFbx: Loading FBX Scene from ../../../../../../Users/luisr_000/Desktop/Super Space Armada/fbx/asteroid.fbx
[2015.10.12-23.03.50:025][704]LogFbx: FBX Scene Loaded Succesfully
[2015.10.12-23.03.50:028][704]LogLinker:Warning: Can't find file '/Game/Geometry/Meshes/lambert1'
[2015.10.12-23.03.50:028][704]LogLinker:Warning: Can't find file '/Game/Geometry/Meshes/lambert1'
[2015.10.12-23.03.50:033][704]LogMaterial: Missing cached shader map for material lambert1, compiling. 
[2015.10.12-23.03.50:067][704]LogStaticMesh: Building static mesh asteroid...
[2015.10.12-23.03.50:071][704]LogStaticMesh: Built static mesh [0.004547.2s] /Game/Geometry/Meshes/asteroid.asteroid
[2015.10.12-23.04.08:825][376]LogSavePackage: Save=11.622805ms
[2015.10.12-23.04.08:825][376]LogSavePackage: Moving '../../../../../../Users/luisr_000/Documents/Game-Files/SuperSpaceArmada/Saved/asteroid485FB7184526058DA97B968B93BF4E80.tmp' to '../../../../../../Users/luisr_000/Documents/Game-Files/SuperSpaceArmada/Content/Geometry/Meshes/Asteroid/asteroid.uasset'
[2015.10.12-23.04.08:827][376]LogSavePackage: Total save time: 13.484817ms
[2015.10.12-23.04.08:827][376]LogSavePackage:Warning: Finished SavePackage ../../../../../../Users/luisr_000/Documents/Game-Files/SuperSpaceArmada/Content/Geometry/Meshes/Asteroid/asteroid.uasset
[2015.10.12-23.04.08:861][376]LogActorComponent: UnregisterComponent: (/Engine/Transient.CharMoveComp) Not registered. Aborting.
[2015.10.12-23.04.08:861][376]LogActorComponent: UnregisterComponent: (/Engine/Transient.CharacterMovementComponent_4) Not registered. Aborting.
[2015.10.12-23.04.10:791][460]LogSavePackage: Save=12.570488ms
[2015.10.12-23.04.10:791][460]LogSavePackage: Moving '../../../../../../Users/luisr_000/Documents/Game-Files/SuperSpaceArmada/Saved/lambert15099464D472955AA133770ACF4378D27.tmp' to '../../../../../../Users/luisr_000/Documents/Game-Files/SuperSpaceArmada/Content/Geometry/Meshes/Asteroid/lambert1.uasset'
[2015.10.12-23.04.10:793][460]LogSavePackage: Total save time: 14.438484ms
[2015.10.12-23.04.10:793][460]LogSavePackage:Warning: Finished SavePackage ../../../../../../Users/luisr_000/Documents/Game-Files/SuperSpaceArmada/Content/Geometry/Meshes/Asteroid/lambert1.uasset
[2015.10.12-23.04.10:825][460]LogActorComponent: UnregisterComponent: (/Engine/Transient.CharMoveComp) Not registered. Aborting.
[2015.10.12-23.04.10:826][460]LogActorComponent: UnregisterComponent: (/Engine/Transient.CharacterMovementComponent_5) Not registered. Aborting.
[2015.10.12-23.04.10:944][460]LogSavePackage: Save=5.016392ms
[2015.10.12-23.04.10:944][460]LogSavePackage: Moving '../../../../../../Users/luisr_000/Documents/Game-Files/SuperSpaceArmada/Saved/asteroidE5A6505948B4A45737F21E83E0A5F5FD.tmp' to '../../../../../../Users/luisr_000/Documents/Game-Files/SuperSpaceArmada/Content/Geometry/Meshes/Asteroid/asteroid.uasset'
[2015.10.12-23.04.10:946][460]LogSavePackage: Total save time: 20.733565ms
[2015.10.12-23.04.10:946][460]LogSavePackage:Warning: Finished SavePackage ../../../../../../Users/luisr_000/Documents/Game-Files/SuperSpaceArmada/Content/Geometry/Meshes/Asteroid/asteroid.uasset
[2015.10.12-23.04.13:751][562]LogMaterial: Missing cached shader map for material lambert1, compiling. 
[2015.10.12-23.04.13:894][562]LogMaterial: Missing cached shader map for material lambert1, compiling. 
[2015.10.12-23.04.13:899][562]LogMaterial: 0.000083 seconds spent updating 1 materials, 1 interfaces, 0 instances, 0 with static permutations.
[2015.10.12-23.04.13:950][562]LogMaterial: Missing cached shader map for material FMatExpressionPreview MaterialExpressionVectorParameter_0, compiling. 
[2015.10.12-23.04.15:058][606]MaterialEditorStats: Info Base pass shader with only dynamic lighting: 31 instructions
[2015.10.12-23.04.15:058][606]MaterialEditorStats: Info Vertex shader: 31 instructions
[2015.10.12-23.04.15:058][606]MaterialEditorStats: Info Texture samplers: 0/16
[2015.10.12-23.04.17:618][728]LogMaterial: Missing cached shader map for material lambert1, compiling. 
[2015.10.12-23.04.17:624][728]LogMaterial: 0.000079 seconds spent updating 1 materials, 1 interfaces, 0 instances, 0 with static permutations.
[2015.10.12-23.04.18:307][756]MaterialEditorStats: Info Base pass shader with only dynamic lighting: 31 instructions
[2015.10.12-23.04.18:307][756]MaterialEditorStats: Info Vertex shader: 31 instructions
[2015.10.12-23.04.18:307][756]MaterialEditorStats: Info Texture samplers: 0/16
[2015.10.12-23.05.02:363][623]LogFactory: FactoryCreateBinary: Texture with ReimportTextureFactory (0 0 C:\Users\luisr_000\Desktop\Super Space Armada\Textures\Asteroid\lambert1_Metallic.png)
[2015.10.12-23.05.02:416][623]LogTexture:Display: Building textures: lambert1_Metallic (AutoDXT)
[2015.10.12-23.05.02:711][623]LogFactory: FactoryCreateBinary: Texture with ReimportTextureFactory (0 0 C:\Users\luisr_000\Desktop\Super Space Armada\Textures\Asteroid\lambert1_Normal.png)
[2015.10.12-23.05.03:024][623]LogTexture:Display: Building textures: lambert1_Normal (AutoDXT)
[2015.10.12-23.05.03:573][623]LogFactory: FactoryCreateBinary: Texture with ReimportTextureFactory (0 0 C:\Users\luisr_000\Desktop\Super Space Armada\Textures\Asteroid\lambert1_Normal_DirectX.png)
[2015.10.12-23.05.04:149][623]LogTexture:Display: Building textures: lambert1_Normal_DirectX (AutoDXT)
[2015.10.12-23.05.08:051][623]LogFactory: FactoryCreateBinary: Texture with ReimportTextureFactory (0 0 C:\Users\luisr_000\Desktop\Super Space Armada\Textures\Asteroid\lambert1_Roughness.png)
[2015.10.12-23.05.08:124][623]LogTexture:Display: Building textures: lambert1_Roughness (AutoDXT)
[2015.10.12-23.05.10:457][623]LogFactory: FactoryCreateBinary: Texture with ReimportTextureFactory (0 0 C:\Users\luisr_000\Desktop\Super Space Armada\Textures\Asteroid\lambert1_Ambient_occlusion.png)
[2015.10.12-23.05.10:468][623]LogTexture:Display: Building textures: lambert1_Ambient_occlusion (AutoDXT)
[2015.10.12-23.05.11:022][623]LogFactory: FactoryCreateBinary: Texture with ReimportTextureFactory (0 0 C:\Users\luisr_000\Desktop\Super Space Armada\Textures\Asteroid\lambert1_Base_Color.png)
[2015.10.12-23.05.11:271][623]LogTexture:Display: Building textures: lambert1_Base_Color (AutoDXT)
[2015.10.12-23.05.28:101][  2]LogMaterial: Missing cached shader map for material lambert1, compiling. 
[2015.10.12-23.05.28:106][  2]LogMaterial: 0.000099 seconds spent updating 1 materials, 1 interfaces, 0 instances, 0 with static permutations.
[2015.10.12-23.05.28:107][  2]LogMaterial: Missing cached shader map for material FMatExpressionPreview MaterialExpressionTextureSample_0, compiling. 
[2015.10.12-23.05.28:170][  2]LogMaterial: Missing cached shader map for material FMatExpressionPreview MaterialExpressionTextureSample_0, compiling. 
[2015.10.12-23.05.29:260][ 59]MaterialEditorStats: Info Base pass shader with only dynamic lighting: 31 instructions
[2015.10.12-23.05.29:260][ 59]MaterialEditorStats: Info Vertex shader: 31 instructions
[2015.10.12-23.05.29:260][ 59]MaterialEditorStats: Info Texture samplers: 0/16
[2015.10.12-23.05.32:100][217]LogMaterial: Missing cached shader map for material lambert1, compiling. 
[2015.10.12-23.05.32:105][217]LogMaterial: 0.000147 seconds spent updating 1 materials, 1 interfaces, 0 instances, 0 with static permutations.
[2015.10.12-23.05.32:144][217]LogMaterial: Missing cached shader map for material FMatExpressionPreview MaterialExpressionTextureSample_0, compiling. 
[2015.10.12-23.05.32:855][257]MaterialEditorStats: Info Base pass shader with only dynamic lighting: 41 instructions
[2015.10.12-23.05.32:855][257]MaterialEditorStats: Info Vertex shader: 33 instructions
[2015.10.12-23.05.32:855][257]MaterialEditorStats: Info Texture samplers: 1/16
[2015.10.12-23.05.35:802][415]LogMaterial: Missing cached shader map for material lambert1, compiling. 
[2015.10.12-23.05.35:808][415]LogMaterial: 0.000071 seconds spent updating 1 materials, 1 interfaces, 0 instances, 0 with static permutations.
[2015.10.12-23.05.35:809][415]LogMaterial: Missing cached shader map for material FMatExpressionPreview MaterialExpressionTextureSample_1, compiling. 
[2015.10.12-23.05.35:850][415]LogMaterial: Missing cached shader map for material FMatExpressionPreview MaterialExpressionTextureSample_0, compiling. 
[2015.10.12-23.05.35:867][415]LogMaterial: Missing cached shader map for material FMatExpressionPreview MaterialExpressionTextureSample_1, compiling. 
[2015.10.12-23.05.36:549][451]MaterialEditorStats: Info Base pass shader with only dynamic lighting: 41 instructions
[2015.10.12-23.05.36:549][451]MaterialEditorStats: Info Vertex shader: 33 instructions
[2015.10.12-23.05.36:549][451]MaterialEditorStats: Info Texture samplers: 1/16
[2015.10.12-23.05.41:725][651]LogMaterial: Missing cached shader map for material lambert1, compiling. 
[2015.10.12-23.05.41:731][651]LogMaterial: 0.000068 seconds spent updating 1 materials, 1 interfaces, 0 instances, 0 with static permutations.
[2015.10.12-23.05.41:758][651]LogMaterial: Missing cached shader map for material FMatExpressionPreview MaterialExpressionTextureSample_1, compiling. 
[2015.10.12-23.05.42:514][685]MaterialEditorStats: Info Base pass shader with only dynamic lighting: 44 instructions
[2015.10.12-23.05.42:514][685]MaterialEditorStats: Info Vertex shader: 33 instructions
[2015.10.12-23.05.42:514][685]MaterialEditorStats: Info Texture samplers: 2/16
[2015.10.12-23.10.53:475][230]LogMaterial: Missing cached shader map for material lambert1, compiling. 
[2015.10.12-23.10.53:481][230]LogMaterial: 0.000081 seconds spent updating 1 materials, 1 interfaces, 0 instances, 0 with static permutations.
[2015.10.12-23.10.53:482][230]LogMaterial: Missing cached shader map for material FMatExpressionPreview MaterialExpressionTextureSample_2, compiling. 
[2015.10.12-23.10.53:511][230]LogMaterial: Missing cached shader map for material FMatExpressionPreview MaterialExpressionTextureSample_0, compiling. 
[2015.10.12-23.10.53:515][230]LogMaterial: Missing cached shader map for material FMatExpressionPreview MaterialExpressionTextureSample_1, compiling. 
[2015.10.12-23.10.53:519][230]LogMaterial: Missing cached shader map for material FMatExpressionPreview MaterialExpressionTextureSample_2, compiling. 
[2015.10.12-23.10.55:339][330]MaterialEditorStats: Info Base pass shader with only dynamic lighting: 44 instructions
[2015.10.12-23.10.55:339][330]MaterialEditorStats: Info Vertex shader: 33 instructions
[2015.10.12-23.10.55:339][330]MaterialEditorStats: Info Texture samplers: 2/16
[2015.10.12-23.10.56:624][403]LogMaterial: Missing cached shader map for material lambert1, compiling. 
[2015.10.12-23.10.56:630][403]LogMaterial: 0.000096 seconds spent updating 1 materials, 1 interfaces, 0 instances, 0 with static permutations.
[2015.10.12-23.10.56:655][403]LogMaterial: Missing cached shader map for material FMatExpressionPreview MaterialExpressionTextureSample_2, compiling. 
[2015.10.12-23.10.57:485][448]MaterialEditorStats: Info Base pass shader with only dynamic lighting: 50 instructions
[2015.10.12-23.10.57:485][448]MaterialEditorStats: Info Vertex shader: 33 instructions
[2015.10.12-23.10.57:485][448]MaterialEditorStats: Info Texture samplers: 3/16
[2015.10.12-23.11.01:593][680]LogMaterial: Missing cached shader map for material lambert1, compiling. 
[2015.10.12-23.11.01:599][680]LogMaterial: 0.000064 seconds spent updating 1 materials, 1 interfaces, 0 instances, 0 with static permutations.
[2015.10.12-23.11.01:610][680]LogMaterial: Missing cached shader map for material FMatExpressionPreview MaterialExpressionTextureSample_3, compiling. 
[2015.10.12-23.11.01:651][680]LogMaterial: Missing cached shader map for material FMatExpressionPreview MaterialExpressionTextureSample_0, compiling. 
[2015.10.12-23.11.01:664][680]LogMaterial: Missing cached shader map for material FMatExpressionPreview MaterialExpressionTextureSample_1, compiling. 
[2015.10.12-23.11.01:684][680]LogMaterial: Missing cached shader map for material FMatExpressionPreview MaterialExpressionTextureSample_2, compiling. 
[2015.10.12-23.11.01:688][680]LogMaterial: Missing cached shader map for material FMatExpressionPreview MaterialExpressionTextureSample_3, compiling. 
[2015.10.12-23.11.02:361][715]MaterialEditorStats: Info Base pass shader with only dynamic lighting: 50 instructions
[2015.10.12-23.11.02:361][715]MaterialEditorStats: Info Vertex shader: 33 instructions
[2015.10.12-23.11.02:361][715]MaterialEditorStats: Info Texture samplers: 3/16
[2015.10.12-23.11.06:119][923]LogMaterial: Missing cached shader map for material lambert1, compiling. 
[2015.10.12-23.11.06:124][923]LogMaterial: 0.000041 seconds spent updating 1 materials, 1 interfaces, 0 instances, 0 with static permutations.
[2015.10.12-23.11.06:151][923]LogMaterial: Missing cached shader map for material FMatExpressionPreview MaterialExpressionTextureSample_3, compiling. 
[2015.10.12-23.11.06:955][964]MaterialEditorStats: Info Base pass shader with only dynamic lighting: 51 instructions
[2015.10.12-23.11.06:955][964]MaterialEditorStats: Info Vertex shader: 33 instructions
[2015.10.12-23.11.06:955][964]MaterialEditorStats: Info Texture samplers: 4/16
[2015.10.12-23.11.09:792][116]LogMaterial: Missing cached shader map for material lambert1, compiling. 
[2015.10.12-23.11.09:798][116]LogMaterial: 0.000095 seconds spent updating 1 materials, 1 interfaces, 0 instances, 0 with static permutations.
[2015.10.12-23.11.09:799][116]LogMaterial: Missing cached shader map for material FMatExpressionPreview MaterialExpressionTextureSample_4, compiling. 
[2015.10.12-23.11.09:825][116]LogMaterial: Missing cached shader map for material FMatExpressionPreview MaterialExpressionTextureSample_0, compiling. 
[2015.10.12-23.11.09:865][116]LogMaterial: Missing cached shader map for material FMatExpressionPreview MaterialExpressionTextureSample_1, compiling. 
[2015.10.12-23.11.09:868][116]LogMaterial: Missing cached shader map for material FMatExpressionPreview MaterialExpressionTextureSample_2, compiling. 
[2015.10.12-23.11.09:872][116]LogMaterial: Missing cached shader map for material FMatExpressionPreview MaterialExpressionTextureSample_3, compiling. 
[2015.10.12-23.11.09:875][116]LogMaterial: Missing cached shader map for material FMatExpressionPreview MaterialExpressionTextureSample_4, compiling. 
[2015.10.12-23.11.10:588][149]MaterialEditorStats: Info Base pass shader with only dynamic lighting: 51 instructions
[2015.10.12-23.11.10:588][149]MaterialEditorStats: Info Vertex shader: 33 instructions
[2015.10.12-23.11.10:588][149]MaterialEditorStats: Info Texture samplers: 4/16
[2015.10.12-23.11.12:004][226]LogMaterial: Missing cached shader map for material lambert1, compiling. 
[2015.10.12-23.11.12:010][226]LogMaterial: 0.000089 seconds spent updating 1 materials, 1 interfaces, 0 instances, 0 with static permutations.
[2015.10.12-23.11.12:037][226]LogMaterial: Missing cached shader map for material FMatExpressionPreview MaterialExpressionTextureSample_4, compiling. 
[2015.10.12-23.11.12:823][265]MaterialEditorStats: Info Base pass shader with only dynamic lighting: 51 instructions
[2015.10.12-23.11.12:823][265]MaterialEditorStats: Info Vertex shader: 33 instructions
[2015.10.12-23.11.12:823][265]MaterialEditorStats: Info Texture samplers: 5/16
[2015.10.12-23.11.18:211][555]LogMaterialEditor: Saving and Compiling material lambert1
[2015.10.12-23.11.20:878][555]LogMaterial: Missing cached shader map for material lambert1, compiling. 
[2015.10.12-23.11.20:898][555]LogMaterial: 0.000087 seconds spent updating 1 materials, 1 interfaces, 0 instances, 0 with static permutations.
[2015.10.12-23.11.20:943][555]LogMaterial: Missing cached shader map for material lambert1, compiling. 
[2015.10.12-23.11.21:001][555]LogMaterial: Missing cached shader map for material lambert1, compiling. 
[2015.10.12-23.11.21:012][555]LogMaterial: 0.000910 seconds spent updating 1 materials, 1 interfaces, 0 instances, 0 with static permutations.
[2015.10.12-23.11.22:906][555]LogSavePackage: Save=17.009546ms
[2015.10.12-23.11.22:906][555]LogSavePackage: Moving '../../../../../../Users/luisr_000/Documents/Game-Files/SuperSpaceArmada/Saved/lambert1BA98BE474E20105EF8CDF382ABFF6F9D.tmp' to '../../../../../../Users/luisr_000/Documents/Game-Files/SuperSpaceArmada/Content/Geometry/Meshes/Asteroid/lambert1.uasset'
[2015.10.12-23.11.22:910][555]LogSavePackage: Total save time: 35.588160ms
[2015.10.12-23.11.22:910][555]LogSavePackage:Warning: Finished SavePackage ../../../../../../Users/luisr_000/Documents/Game-Files/SuperSpaceArmada/Content/Geometry/Meshes/Asteroid/lambert1.uasset
[2015.10.12-23.11.22:916][555]MaterialEditorStats: Info Base pass shader with only dynamic lighting: 70 instructions
[2015.10.12-23.11.22:916][555]MaterialEditorStats: Info Vertex shader: 33 instructions
[2015.10.12-23.11.22:916][555]MaterialEditorStats: Info Texture samplers: 8/16
[2015.10.12-23.12.04:891][444]LogActorComponent: UnregisterComponent: (/Engine/Transient.CharMoveComp) Not registered. Aborting.
[2015.10.12-23.12.04:891][444]LogActorComponent: UnregisterComponent: (/Engine/Transient.CharacterMovementComponent_6) Not registered. Aborting.
[2015.10.12-23.12.04:919][444]LogParticles: Destroying 0 GPU particle simulations for FXSystem 0x0000008BD42E1EE0
[2015.10.12-23.12.04:921][444]LogParticles: Destroying 0 GPU particle simulations for FXSystem 0x0000008BCE21EDE0
[2015.10.12-23.12.05:017][444]LogSavePackage: Save=46.443321ms
[2015.10.12-23.12.05:017][444]LogSavePackage: Moving '../../../../../../Users/luisr_000/Documents/Game-Files/SuperSpaceArmada/Saved/lambert1_Metallic7F7DB57B42AD6D7B728ABAB7BB60EFB5.tmp' to '../../../../../../Users/luisr_000/Documents/Game-Files/SuperSpaceArmada/Content/Geometry/Textures/Asteroid/lambert1_Metallic.uasset'
[2015.10.12-23.12.05:019][444]LogSavePackage: Total save time: 48.466559ms
[2015.10.12-23.12.05:019][444]LogSavePackage:Warning: Finished SavePackage ../../../../../../Users/luisr_000/Documents/Game-Files/SuperSpaceArmada/Content/Geometry/Textures/Asteroid/lambert1_Metallic.uasset
[2015.10.12-23.12.05:025][444]Cmd: OBJ SAVEPACKAGE PACKAGE="/Game/Geometry/Meshes/lambert1" FILE="../../../../../../Users/luisr_000/Documents/Game-Files/SuperSpaceArmada/Content/Geometry/Meshes/lambert1.uasset" SILENT=true
[2015.10.12-23.12.05:029][444]LogSavePackage: Save=2.622380ms
[2015.10.12-23.12.05:029][444]LogSavePackage: Moving '../../../../../../Users/luisr_000/Documents/Game-Files/SuperSpaceArmada/Saved/lambert1E481C779494E8FE83C827D8EAA0F564A.tmp' to '../../../../../../Users/luisr_000/Documents/Game-Files/SuperSpaceArmada/Content/Geometry/Meshes/lambert1.uasset'
[2015.10.12-23.12.05:031][444]LogSavePackage: Total save time: 4.350107ms
[2015.10.12-23.12.05:031][444]LogSavePackage:Warning: Finished SavePackage ../../../../../../Users/luisr_000/Documents/Game-Files/SuperSpaceArmada/Content/Geometry/Meshes/lambert1.uasset
[2015.10.12-23.12.05:036][444]Cmd: OBJ SAVEPACKAGE PACKAGE="/Game/Geometry/Meshes/asteroid" FILE="../../../../../../Users/luisr_000/Documents/Game-Files/SuperSpaceArmada/Content/Geometry/Meshes/asteroid.uasset" SILENT=true
[2015.10.12-23.12.05:041][444]LogSavePackage: Save=2.846043ms
[2015.10.12-23.12.05:041][444]LogSavePackage: Moving '../../../../../../Users/luisr_000/Documents/Game-Files/SuperSpaceArmada/Saved/asteroid14CD481F45FC8D757BB3729E5B5E3CFD.tmp' to '../../../../../../Users/luisr_000/Documents/Game-Files/SuperSpaceArmada/Content/Geometry/Meshes/asteroid.uasset'
[2015.10.12-23.12.05:042][444]LogSavePackage: Total save time: 4.694365ms
[2015.10.12-23.12.05:042][444]LogSavePackage:Warning: Finished SavePackage ../../../../../../Users/luisr_000/Documents/Game-Files/SuperSpaceArmada/Content/Geometry/Meshes/asteroid.uasset
[2015.10.12-23.12.05:161][444]LogSavePackage: Save=97.616508ms
[2015.10.12-23.12.05:161][444]LogSavePackage: Moving '../../../../../../Users/luisr_000/Documents/Game-Files/SuperSpaceArmada/Saved/Player_Kratakos4089408D4035CBF46B79AD82F2A8C767.tmp' to '../../../../../../Users/luisr_000/Documents/Game-Files/SuperSpaceArmada/Content/SSA/Blueprints/Player/Player_Kratakos.uasset'
[2015.10.12-23.12.05:163][444]LogSavePackage: Total save time: 113.472670ms
[2015.10.12-23.12.05:163][444]LogSavePackage:Warning: Finished SavePackage ../../../../../../Users/luisr_000/Documents/Game-Files/SuperSpaceArmada/Content/SSA/Blueprints/Player/Player_Kratakos.uasset
[2015.10.12-23.12.05:489][444]LogSavePackage: Save=307.193085ms
[2015.10.12-23.12.05:489][444]LogSavePackage: Moving '../../../../../../Users/luisr_000/Documents/Game-Files/SuperSpaceArmada/Saved/lambert1_NormalD8D01CA14FDA7D1142F246A5EE741B30.tmp' to '../../../../../../Users/luisr_000/Documents/Game-Files/SuperSpaceArmada/Content/Geometry/Textures/Asteroid/lambert1_Normal.uasset'
[2015.10.12-23.12.05:491][444]LogSavePackage: Total save time: 309.005473ms
[2015.10.12-23.12.05:491][444]LogSavePackage:Warning: Finished SavePackage ../../../../../../Users/luisr_000/Documents/Game-Files/SuperSpaceArmada/Content/Geometry/Textures/Asteroid/lambert1_Normal.uasset
[2015.10.12-23.12.07:571][444]LogSavePackage: Save=2063.009766ms
[2015.10.12-23.12.07:571][444]LogSavePackage: Moving '../../../../../../Users/luisr_000/Documents/Game-Files/SuperSpaceArmada/Saved/lambert1_Normal_DirectX30A1FE4F49089C55C2B01192192ED4CE.tmp' to '../../../../../../Users/luisr_000/Documents/Game-Files/SuperSpaceArmada/Content/Geometry/Textures/Asteroid/lambert1_Normal_DirectX.uasset'
[2015.10.12-23.12.07:573][444]LogSavePackage: Total save time: 2065.246027ms
[2015.10.12-23.12.07:573][444]LogSavePackage:Warning: Finished SavePackage ../../../../../../Users/luisr_000/Documents/Game-Files/SuperSpaceArmada/Content/Geometry/Textures/Asteroid/lambert1_Normal_DirectX.uasset
[2015.10.12-23.12.07:867][444]LogSavePackage: Save=274.151184ms
[2015.10.12-23.12.07:867][444]LogSavePackage: Moving '../../../../../../Users/luisr_000/Documents/Game-Files/SuperSpaceArmada/Saved/lambert1_RoughnessD9E026D241A2C76A2C8351B695813DB0.tmp' to '../../../../../../Users/luisr_000/Documents/Game-Files/SuperSpaceArmada/Content/Geometry/Textures/Asteroid/lambert1_Roughness.uasset'
[2015.10.12-23.12.07:869][444]LogSavePackage: Total save time: 276.351023ms
[2015.10.12-23.12.07:869][444]LogSavePackage:Warning: Finished SavePackage ../../../../../../Users/luisr_000/Documents/Game-Files/SuperSpaceArmada/Content/Geometry/Textures/Asteroid/lambert1_Roughness.uasset
[2015.10.12-23.12.07:928][444]LogSavePackage: Save=41.260574ms
[2015.10.12-23.12.07:928][444]LogSavePackage: Moving '../../../../../../Users/luisr_000/Documents/Game-Files/SuperSpaceArmada/Saved/lambert1_Ambient_occlusionCA580A8F425F1DBE0C7E96912BC9F708.tmp' to '../../../../../../Users/luisr_000/Documents/Game-Files/SuperSpaceArmada/Content/Geometry/Textures/Asteroid/lambert1_Ambient_occlusion.uasset'
[2015.10.12-23.12.07:930][444]LogSavePackage: Total save time: 43.447599ms
[2015.10.12-23.12.07:930][444]LogSavePackage:Warning: Finished SavePackage ../../../../../../Users/luisr_000/Documents/Game-Files/SuperSpaceArmada/Content/Geometry/Textures/Asteroid/lambert1_Ambient_occlusion.uasset
[2015.10.12-23.12.08:635][444]LogSavePackage: Save=687.182434ms
[2015.10.12-23.12.08:636][444]LogSavePackage: Moving '../../../../../../Users/luisr_000/Documents/Game-Files/SuperSpaceArmada/Saved/lambert1_Base_Color6A0A2E7544B4A79C0E0E90BBF4FC5E48.tmp' to '../../../../../../Users/luisr_000/Documents/Game-Files/SuperSpaceArmada/Content/Geometry/Textures/Asteroid/lambert1_Base_Color.uasset'
[2015.10.12-23.12.08:637][444]LogSavePackage: Total save time: 689.172290ms
[2015.10.12-23.12.08:637][444]LogSavePackage:Warning: Finished SavePackage ../../../../../../Users/luisr_000/Documents/Game-Files/SuperSpaceArmada/Content/Geometry/Textures/Asteroid/lambert1_Base_Color.uasset
[2015.10.12-23.12.11:225][559]LogWindowsTextInputMethodSystem:Display: IME system now deactivated.
[2015.10.12-23.12.11:225][559]LogWindowsTextInputMethodSystem:Display: IME system now deactivated.
[2015.10.12-23.12.11:497][560]Cmd: QUIT_EDITOR
[2015.10.12-23.12.11:750][560]LogExit: Preparing to exit.
[2015.10.12-23.12.12:130][560]LogExit: Editor shut down
[2015.10.12-23.12.12:131][560]LogExit: Transaction tracking system shut down
[2015.10.12-23.12.12:132][560]LogParticles: Destroying 0 GPU particle simulations for FXSystem 0x0000008B96DCD080
[2015.10.12-23.12.12:133][560]LogParticles: Destroying 0 GPU particle simulations for FXSystem 0x0000008B977BEB60
[2015.10.12-23.12.12:147][560]LogParticles: Destroying 0 GPU particle simulations for FXSystem 0x0000008BCD583C40
[2015.10.12-23.12.12:150][560]LogParticles: Destroying 0 GPU particle simulations for FXSystem 0x0000008BD672A2A0
[2015.10.12-23.12.12:152][560]LogParticles: Destroying 0 GPU particle simulations for FXSystem 0x0000008BD647F920
[2015.10.12-23.12.12:152][560]LogParticles: Destroying 0 GPU particle simulations for FXSystem 0x0000008BDF4C5DA0
[2015.10.12-23.12.12:352][560]LogExit: Object subsystem successfully closed.
[2015.10.12-23.12.12:359][560]LogD3D11RHI: Shutdown
[2015.10.12-23.12.12:359][560]LogD3D11RHI: CleanupD3DDevice
[2015.10.12-23.12.12:422][560]LogD3D11RHI: ~FD3D11DynamicRHI
[2015.10.12-23.12.12:441][560]LogModuleManager: Shutting down and abandoning module StaticMeshEditor (202)
[2015.10.12-23.12.12:441][560]LogModuleManager: Shutting down and abandoning module MaterialEditor (201)
[2015.10.12-23.12.12:441][560]LogModuleManager: Shutting down and abandoning module StatsViewer (200)
[2015.10.12-23.12.12:441][560]LogModuleManager: Shutting down and abandoning module BlueprintGraph (199)
[2015.10.12-23.12.12:441][560]LogModuleManager: Shutting down and abandoning module CrashTracker (198)
[2015.10.12-23.12.12:442][560]LogModuleManager: Shutting down and abandoning module SceneOutliner (197)
[2015.10.12-23.12.12:442][560]LogModuleManager: Shutting down and abandoning module SuperSearch (196)
[2015.10.12-23.12.12:442][560]LogModuleManager: Shutting down and abandoning module WidgetCarousel (195)
[2015.10.12-23.12.12:442][560]LogModuleManager: Shutting down and abandoning module AddContentDialog (194)
[2015.10.12-23.12.12:448][560]LogModuleManager: Shutting down and abandoning module EditorWidgets (193)
[2015.10.12-23.12.12:448][560]LogModuleManager: Shutting down and abandoning module CollectionManager (192)
[2015.10.12-23.12.12:448][560]LogModuleManager: Shutting down and abandoning module FoliageEdit (191)
[2015.10.12-23.12.12:448][560]LogModuleManager: Shutting down and abandoning module LandscapeEditor (190)
[2015.10.12-23.12.12:448][560]LogModuleManager: Shutting down and abandoning module ActorPickerMode (189)
[2015.10.12-23.12.12:448][560]LogModuleManager: Shutting down and abandoning module GeometryMode (188)
[2015.10.12-23.12.12:448][560]LogModuleManager: Shutting down and abandoning module TextureAlignMode (187)
[2015.10.12-23.12.12:448][560]LogModuleManager: Shutting down and abandoning module BspMode (186)
[2015.10.12-23.12.12:448][560]LogModuleManager: Shutting down and abandoning module PlacementMode (185)
[2015.10.12-23.12.12:448][560]LogModuleManager: Shutting down and abandoning module AutomationWorker (184)
[2015.10.12-23.12.12:448][560]LogModuleManager: Shutting down and abandoning module CharacterAI (183)
[2015.10.12-23.12.12:448][560]LogModuleManager: Shutting down and abandoning module SmartSnapping (182)
[2015.10.12-23.12.12:448][560]LogModuleManager: Shutting down and abandoning module ViewportSnapping (181)
[2015.10.12-23.12.12:448][560]LogModuleManager: Shutting down and abandoning module LogVisualizer (180)
[2015.10.12-23.12.12:449][560]LogModuleManager: Shutting down and abandoning module GameProjectGeneration (179)
[2015.10.12-23.12.12:449][560]LogModuleManager: Shutting down and abandoning module IntroTutorials (178)
[2015.10.12-23.12.12:449][560]LogModuleManager: Shutting down and abandoning module EditorLiveStreaming (177)
[2015.10.12-23.12.12:449][560]LogModuleManager: Shutting down and abandoning module IOSPlatformEditor (176)
[2015.10.12-23.12.12:449][560]LogModuleManager: Shutting down and abandoning module HTML5PlatformEditor (175)
[2015.10.12-23.12.12:449][560]LogModuleManager: Shutting down and abandoning module AndroidDeviceDetection (174)
[2015.10.12-23.12.13:055][560]LogModuleManager: Shutting down and abandoning module AndroidPlatformEditor (173)
[2015.10.12-23.12.13:055][560]LogModuleManager: Shutting down and abandoning module IOSRuntimeSettings (172)
[2015.10.12-23.12.13:055][560]LogModuleManager: Shutting down and abandoning module AndroidRuntimeSettings (171)
[2015.10.12-23.12.13:055][560]LogModuleManager: Shutting down and abandoning module MergeActors (170)
[2015.10.12-23.12.13:055][560]LogModuleManager: Shutting down and abandoning module SizeMap (169)
[2015.10.12-23.12.13:055][560]LogModuleManager: Shutting down and abandoning module TreeMap (168)
[2015.10.12-23.12.13:055][560]LogModuleManager: Shutting down and abandoning module ReferenceViewer (167)
[2015.10.12-23.12.13:055][560]LogModuleManager: Shutting down and abandoning module LocalizationService (166)
[2015.10.12-23.12.13:055][560]LogModuleManager: Shutting down and abandoning module LocalizationDashboard (165)
[2015.10.12-23.12.13:055][560]LogModuleManager: Shutting down and abandoning module HardwareTargeting (164)
[2015.10.12-23.12.13:055][560]LogModuleManager: Shutting down and abandoning module DeviceProfileEditor (163)
[2015.10.12-23.12.13:055][560]LogModuleManager: Shutting down and abandoning module UndoHistory (162)
[2015.10.12-23.12.13:055][560]LogModuleManager: Shutting down and abandoning module GameplayTagsEditor (161)
[2015.10.12-23.12.13:055][560]LogModuleManager: Shutting down and abandoning module UserFeedback (160)
[2015.10.12-23.12.13:055][560]LogModuleManager: Shutting down and abandoning module XmlParser (159)
[2015.10.12-23.12.13:055][560]LogModuleManager: Shutting down and abandoning module Blutility (158)
[2015.10.12-23.12.13:055][560]LogModuleManager: Shutting down and abandoning module ProjectTargetPlatformEditor (157)
[2015.10.12-23.12.13:056][560]LogModuleManager: Shutting down and abandoning module ProjectSettingsViewer (156)
[2015.10.12-23.12.13:056][560]LogModuleManager: Shutting down and abandoning module InputBindingEditor (155)
[2015.10.12-23.12.13:056][560]LogModuleManager: Shutting down and abandoning module EditorSettingsViewer (154)
[2015.10.12-23.12.13:056][560]LogModuleManager: Shutting down and abandoning module SettingsEditor (153)
[2015.10.12-23.12.13:056][560]LogModuleManager: Shutting down and abandoning module ProjectLauncher (152)
[2015.10.12-23.12.13:056][560]LogModuleManager: Shutting down and abandoning module SessionFrontend (151)
[2015.10.12-23.12.13:056][560]LogModuleManager: Shutting down and abandoning module ProfilerClient (150)
[2015.10.12-23.12.13:056][560]LogModuleManager: Shutting down and abandoning module TargetDeviceServices (149)
[2015.10.12-23.12.13:056][560]LogModuleManager: Shutting down and abandoning module DeviceManager (148)
[2015.10.12-23.12.13:056][560]LogModuleManager: Shutting down and abandoning module AutomationController (147)
[2015.10.12-23.12.13:056][560]LogModuleManager: Shutting down and abandoning module AutomationWindow (146)
[2015.10.12-23.12.13:056][560]LogModuleManager: Shutting down and abandoning module Layers (145)
[2015.10.12-23.12.13:056][560]LogModuleManager: Shutting down and abandoning module ComponentVisualizers (144)
[2015.10.12-23.12.13:056][560]LogModuleManager: Shutting down and abandoning module DetailCustomizations (143)
[2015.10.12-23.12.13:056][560]LogModuleManager: Shutting down and abandoning module PackagesDialog (142)
[2015.10.12-23.12.13:056][560]LogModuleManager: Shutting down and abandoning module Persona (141)
[2015.10.12-23.12.13:056][560]LogModuleManager: Shutting down and abandoning module Kismet (140)
[2015.10.12-23.12.13:056][560]LogModuleManager: Shutting down and abandoning module GraphEditor (139)
[2015.10.12-23.12.13:057][560]LogModuleManager: Shutting down and abandoning module ClassViewer (138)
[2015.10.12-23.12.13:057][560]LogModuleManager: Shutting down and abandoning module Toolbox (137)
[2015.10.12-23.12.13:057][560]LogModuleManager: Shutting down and abandoning module ModuleUI (136)
[2015.10.12-23.12.13:057][560]LogModuleManager: Shutting down and abandoning module MovieSceneTools (135)
[2015.10.12-23.12.13:057][560]LogModuleManager: Shutting down and abandoning module OutputLog (134)
[2015.10.12-23.12.13:057][560]LogModuleManager: Shutting down and abandoning module GammaUI (133)
[2015.10.12-23.12.13:057][560]LogModuleManager: Shutting down and abandoning module Documentation (132)
[2015.10.12-23.12.13:057][560]LogModuleManager: Shutting down and abandoning module GameLiveStreaming (131)
[2015.10.12-23.12.13:057][560]LogModuleManager: Shutting down and abandoning module StreamingPauseRendering (130)
[2015.10.12-23.12.13:057][560]LogModuleManager: Shutting down and abandoning module AnalyticsET (129)
[2015.10.12-23.12.13:057][560]LogModuleManager: Shutting down and abandoning module Analytics (128)
[2015.10.12-23.12.13:057][560]LogModuleManager: Shutting down and abandoning module AITestSuite (127)
[2015.10.12-23.12.13:057][560]LogModuleManager: Shutting down and abandoning module GameplayDebugger (126)
[2015.10.12-23.12.13:057][560]LogModuleManager: Shutting down and abandoning module AIModule (125)
[2015.10.12-23.12.13:057][560]LogModuleManager: Shutting down and abandoning module ProfilerService (124)
[2015.10.12-23.12.13:122][560]LogModuleManager: Shutting down and abandoning module TaskGraph (123)
[2015.10.12-23.12.13:122][560]LogModuleManager: Shutting down and abandoning module SubstanceEditor (122)
[2015.10.12-23.12.13:122][560]LogModuleManager: Shutting down and abandoning module SlateRemote (121)
[2015.10.12-23.12.13:122][560]LogModuleManager: Shutting down and abandoning module SteamVRController (120)
[2015.10.12-23.12.13:122][560]LogModuleManager: Shutting down and abandoning module SteamVR (119)
[2015.10.12-23.12.13:122][560]LogModuleManager: Shutting down and abandoning module ProceduralMeshComponent (118)
[2015.10.12-23.12.13:122][560]LogModuleManager: Shutting down and abandoning module OculusRift (117)
[2015.10.12-23.12.13:123][560]LogModuleManager: Shutting down and abandoning module OculusLibrary (116)
[2015.10.12-23.12.13:123][560]LogModuleManager: Shutting down and abandoning module LeapMotionController (115)
[2015.10.12-23.12.13:136][560]LogModuleManager: Shutting down and abandoning module CustomMeshComponent (114)
[2015.10.12-23.12.13:136][560]LogModuleManager: Shutting down and abandoning module CableComponent (113)
[2015.10.12-23.12.13:136][560]LogModuleManager: Shutting down and abandoning module ArchVisCharacter (112)
[2015.10.12-23.12.13:136][560]LogModuleManager: Shutting down and abandoning module MessagingDebugger (111)
[2015.10.12-23.12.13:136][560]LogModuleManager: Shutting down and abandoning module MediaPlayerEditor (110)
[2015.10.12-23.12.13:137][560]LogModuleManager: Shutting down and abandoning module HTML5Networking (109)
[2015.10.12-23.12.13:137][560]LogModuleManager: Shutting down and abandoning module SpeedTreeImporter (108)
[2015.10.12-23.12.13:137][560]LogModuleManager: Shutting down and abandoning module PluginBrowser (107)
[2015.10.12-23.12.13:137][560]LogModuleManager: Shutting down and abandoning module EpicSurvey (106)
[2015.10.12-23.12.13:137][560]LogModuleManager: Shutting down and abandoning module DesktopPlatform (105)
[2015.10.12-23.12.13:137][560]LogModuleManager: Shutting down and abandoning module VisualStudioSourceCodeAccess (104)
[2015.10.12-23.12.13:137][560]LogModuleManager: Shutting down and abandoning module UObjectPlugin (103)
[2015.10.12-23.12.13:137][560]LogModuleManager: Shutting down and abandoning module SubversionSourceControl (102)
[2015.10.12-23.12.13:137][560]LogModuleManager: Shutting down and abandoning module PerforceSourceControl (101)
[2015.10.12-23.12.13:137][560]LogModuleManager: Shutting down and abandoning module SourceControl (100)
[2015.10.12-23.12.13:137][560]LogModuleManager: Shutting down and abandoning module GitSourceControl (99)
[2015.10.12-23.12.13:137][560]LogModuleManager: Shutting down and abandoning module LightPropagationVolumeEditor (98)
[2015.10.12-23.12.13:137][560]LogModuleManager: Shutting down and abandoning module PaperTiledImporter (97)
[2015.10.12-23.12.13:137][560]LogModuleManager: Shutting down and abandoning module PaperSpriteSheetImporter (96)
[2015.10.12-23.12.13:137][560]LogModuleManager: Shutting down and abandoning module MeshPaint (95)
[2015.10.12-23.12.13:137][560]LogModuleManager: Shutting down and abandoning module SlateReflector (94)
[2015.10.12-23.12.13:137][560]LogModuleManager: Shutting down and abandoning module HotReload (93)
[2015.10.12-23.12.13:137][560]LogModuleManager: Shutting down and abandoning module MainFrame (92)
[2015.10.12-23.12.13:137][560]LogModuleManager: Shutting down and abandoning module LevelEditor (91)
[2015.10.12-23.12.13:138][560]LogModuleManager: Shutting down and abandoning module ContentBrowser (90)
[2015.10.12-23.12.13:140][560]LogModuleManager: Shutting down and abandoning module Paper2DEditor (89)
[2015.10.12-23.12.13:140][560]LogModuleManager: Shutting down and abandoning module UdpMessaging (88)
[2015.10.12-23.12.13:240][560]LogModuleManager: Shutting down and abandoning module DirectoryWatcher (87)
[2015.10.12-23.12.13:246][560]LogModuleManager: Shutting down and abandoning module AssetRegistry (86)
[2015.10.12-23.12.13:365][560]LogModuleManager: Shutting down and abandoning module SubstanceCore (85)
[2015.10.12-23.12.13:365][560]LogModuleManager: Shutting down and abandoning module LightPropagationVolumeRuntime (84)
[2015.10.12-23.12.13:365][560]LogModuleManager: Shutting down and abandoning module Paper2D (83)
[2015.10.12-23.12.13:365][560]LogModuleManager: Shutting down and abandoning module WindowsMoviePlayer (82)
[2015.10.12-23.12.13:366][560]LogModuleManager: Shutting down and abandoning module Media (81)
[2015.10.12-23.12.13:366][560]LogModuleManager: Shutting down and abandoning module WmfMedia (80)
[2015.10.12-23.12.13:366][560]LogModuleManager: Shutting down and abandoning module OnlineBlueprintSupport (79)
[2015.10.12-23.12.13:366][560]LogModuleManager: Shutting down and abandoning module GameplayTasksEditor (78)
[2015.10.12-23.12.13:366][560]LogModuleManager: Shutting down and abandoning module PropertyEditor (77)
[2015.10.12-23.12.13:366][560]LogModuleManager: Shutting down and abandoning module BehaviorTreeEditor (76)
[2015.10.12-23.12.13:366][560]LogModuleManager: Shutting down and abandoning module FunctionalTesting (75)
[2015.10.12-23.12.13:366][560]LogModuleManager: Shutting down and abandoning module CollisionAnalyzer (74)
[2015.10.12-23.12.13:366][560]LogModuleManager: Shutting down and abandoning module WorkspaceMenuStructure (73)
[2015.10.12-23.12.13:366][560]LogModuleManager: Shutting down and abandoning module MessageLog (72)
[2015.10.12-23.12.13:366][560]LogModuleManager: Shutting down and abandoning module Sequencer (71)
[2015.10.12-23.12.13:366][560]LogModuleManager: Shutting down and abandoning module AssetTools (70)
[2015.10.12-23.12.13:366][560]LogModuleManager: Shutting down and abandoning module UMGEditor (69)
[2015.10.12-23.12.13:367][560]LogModuleManager: Shutting down and abandoning module UMG (68)
[2015.10.12-23.12.13:367][560]LogModuleManager: Shutting down and abandoning module Slate (67)
[2015.10.12-23.12.13:367][560]LogModuleManager: Shutting down and abandoning module EditorStyle (66)
[2015.10.12-23.12.13:369][560]LogModuleManager: Shutting down and abandoning module SessionServices (65)
[2015.10.12-23.12.13:369][560]LogModuleManager: Shutting down and abandoning module SourceCodeAccess (64)
[2015.10.12-23.12.13:369][560]LogModuleManager: Shutting down and abandoning module HeadMountedDisplay (63)
[2015.10.12-23.12.13:369][560]LogModuleManager: Shutting down and abandoning module XAudio2 (62)
[2015.10.12-23.12.13:369][560]LogModuleManager: Shutting down and abandoning module Networking (60)
[2015.10.12-23.12.13:369][560]LogModuleManager: Shutting down and abandoning module Core (59)
[2015.10.12-23.12.13:369][560]LogModuleManager: Shutting down and abandoning module KismetCompiler (58)
[2015.10.12-23.12.13:369][560]LogModuleManager: Shutting down and abandoning module PhysXFormats (57)
[2015.10.12-23.12.13:369][560]LogModuleManager: Shutting down and abandoning module MeshUtilities (56)
[2015.10.12-23.12.13:369][560]LogModuleManager: Shutting down and abandoning module CookingStats (55)
[2015.10.12-23.12.13:372][560]LogModuleManager: Shutting down and abandoning module DerivedDataCache (54)
[2015.10.12-23.12.13:376][560]LogDerivedDataCache: Shutdown
[2015.10.12-23.12.13:376][560]LogModuleManager: Shutting down and abandoning module ShaderFormatOpenGL (53)
[2015.10.12-23.12.13:376][560]LogModuleManager: Shutting down and abandoning module ShaderFormatD3D (52)
[2015.10.12-23.12.13:376][560]LogModuleManager: Shutting down and abandoning module MetalShaderFormat (51)
[2015.10.12-23.12.13:376][560]LogModuleManager: Shutting down and abandoning module TextureFormatUncompressed (50)
[2015.10.12-23.12.13:376][560]LogModuleManager: Shutting down and abandoning module TextureFormatPVR (49)
[2015.10.12-23.12.13:376][560]LogModuleManager: Shutting down and abandoning module TextureFormatIntelISPCTexComp (48)
[2015.10.12-23.12.13:376][560]LogModuleManager: Shutting down and abandoning module TextureFormatDXT (47)
[2015.10.12-23.12.13:376][560]LogModuleManager: Shutting down and abandoning module ImageWrapper (46)
[2015.10.12-23.12.13:376][560]LogModuleManager: Shutting down and abandoning module TextureFormatASTC (45)
[2015.10.12-23.12.13:376][560]LogModuleManager: Shutting down and abandoning module TextureFormatAndroid (44)
[2015.10.12-23.12.13:376][560]LogModuleManager: Shutting down and abandoning module AudioFormatOpus (43)
[2015.10.12-23.12.13:376][560]LogModuleManager: Shutting down and abandoning module AudioFormatOgg (42)
[2015.10.12-23.12.13:376][560]LogModuleManager: Shutting down and abandoning module AudioFormatADPCM (41)
[2015.10.12-23.12.13:376][560]LogModuleManager: Shutting down and abandoning module LinuxTargetPlatform (40)
[2015.10.12-23.12.13:376][560]LogModuleManager: Shutting down and abandoning module LinuxServerTargetPlatform (39)
[2015.10.12-23.12.13:376][560]LogModuleManager: Shutting down and abandoning module LinuxNoEditorTargetPlatform (38)
[2015.10.12-23.12.13:376][560]LogModuleManager: Shutting down and abandoning module Messaging (37)
[2015.10.12-23.12.13:376][560]LogModuleManager: Shutting down and abandoning module IOSTargetPlatform (36)
[2015.10.12-23.12.13:376][560]LogModuleManager: Shutting down and abandoning module HTML5TargetPlatform (35)
[2015.10.12-23.12.13:376][560]LogModuleManager: Shutting down and abandoning module Android_PVRTCTargetPlatform (34)
[2015.10.12-23.12.13:376][560]LogModuleManager: Shutting down and abandoning module Android_ETC2TargetPlatform (33)
[2015.10.12-23.12.13:376][560]LogModuleManager: Shutting down and abandoning module Android_ETC1TargetPlatform (32)
[2015.10.12-23.12.13:376][560]LogModuleManager: Shutting down and abandoning module Android_DXTTargetPlatform (31)
[2015.10.12-23.12.13:376][560]LogModuleManager: Shutting down and abandoning module Android_ATCTargetPlatform (30)
[2015.10.12-23.12.13:376][560]LogModuleManager: Shutting down and abandoning module Android_ASTCTargetPlatform (29)
[2015.10.12-23.12.13:376][560]LogModuleManager: Shutting down and abandoning module AndroidTargetPlatform (28)
[2015.10.12-23.12.13:376][560]LogModuleManager: Shutting down and abandoning module WindowsTargetPlatform (27)
[2015.10.12-23.12.13:376][560]LogModuleManager: Shutting down and abandoning module WindowsServerTargetPlatform (26)
[2015.10.12-23.12.13:376][560]LogModuleManager: Shutting down and abandoning module WindowsNoEditorTargetPlatform (25)
[2015.10.12-23.12.13:376][560]LogModuleManager: Shutting down and abandoning module WindowsClientTargetPlatform (24)
[2015.10.12-23.12.13:376][560]LogModuleManager: Shutting down and abandoning module AllDesktopTargetPlatform (23)
[2015.10.12-23.12.13:376][560]LogModuleManager: Shutting down and abandoning module TargetPlatform (22)
[2015.10.12-23.12.13:376][560]LogModuleManager: Shutting down and abandoning module InputCore (21)
[2015.10.12-23.12.13:376][560]LogModuleManager: Shutting down and abandoning module Settings (20)
[2015.10.12-23.12.13:376][560]LogModuleManager: Shutting down and abandoning module OnlineSubsystem (18)
[2015.10.12-23.12.13:376][560]LogModuleManager: Shutting down and abandoning module HTTP (17)
[2015.10.12-23.12.15:379][560]LogModuleManager: Shutting down and abandoning module XMPP (16)
[2015.10.12-23.12.15:379][560]LogModuleManager: Shutting down and abandoning module ExampleDeviceProfileSelector (15)
[2015.10.12-23.12.15:379][560]LogModuleManager: Shutting down and abandoning module TextureCompressor (14)
[2015.10.12-23.12.15:379][560]LogModuleManager: Shutting down and abandoning module ShaderCore (13)
[2015.10.12-23.12.15:379][560]LogModuleManager: Shutting down and abandoning module Landscape (12)
[2015.10.12-23.12.15:379][560]LogModuleManager: Shutting down and abandoning module SlateRHIRenderer (11)
[2015.10.12-23.12.15:383][560]LogModuleManager: Shutting down and abandoning module OpenGLDrv (10)
[2015.10.12-23.12.15:383][560]LogModuleManager: Shutting down and abandoning module D3D11RHI (9)
[2015.10.12-23.12.15:383][560]LogModuleManager: Shutting down and abandoning module AnimGraphRuntime (8)
[2015.10.12-23.12.15:383][560]LogModuleManager: Shutting down and abandoning module Renderer (7)
[2015.10.12-23.12.15:384][560]LogModuleManager: Shutting down and abandoning module Engine (6)
[2015.10.12-23.12.15:384][560]LogModuleManager: Shutting down and abandoning module CoreUObject (5)
[2015.10.12-23.12.15:384][560]LogModuleManager: Shutting down and abandoning module NetworkFile (4)
[2015.10.12-23.12.15:384][560]LogModuleManager: Shutting down and abandoning module StreamingFile (3)
[2015.10.12-23.12.15:384][560]LogModuleManager: Shutting down and abandoning module SandboxFile (2)
[2015.10.12-23.12.15:384][560]LogModuleManager: Shutting down and abandoning module PakFile (1)
[2015.10.12-23.12.15:385][560]LogExit: Exiting.
[2015.10.12-23.12.15:430][560]Log file closed, 10/12/15 19:12:15
