[2015.09.21-22.00.04:322][  0]Log file open, 09/21/15 18:00:04
[2015.09.21-22.00.04:322][  0]LogInit:Display: Running engine for game: SuperSpaceArmada
[2015.09.21-22.00.04:322][  0]LogInit:Display: RandInit(1777060921) SRandInit(1777060921).
[2015.09.21-22.00.04:322][  0]LogTaskGraph: Started task graph with 4 named threads and 7 total threads.
[2015.09.21-22.00.04:322][  0]LogStats: Stats thread started at 0.154273
[2015.09.21-22.00.04:322][  0]LogInit: Version: 4.9.1-2689999+++depot+UE4-Releases+4.9
[2015.09.21-22.00.04:323][  0]LogInit: API Version: 2672455
[2015.09.21-22.00.04:323][  0]LogInit: Compiled (64-bit): Sep 14 2015 04:12:03
[2015.09.21-22.00.04:323][  0]LogInit: Compiled with Visual C++: 18.00.21005.01
[2015.09.21-22.00.04:323][  0]LogInit: Build Configuration: Development
[2015.09.21-22.00.04:323][  0]LogInit: Branch Name: ++depot+UE4-Releases+4.9
[2015.09.21-22.00.04:323][  0]LogInit: Command line:  
[2015.09.21-22.00.04:323][  0]LogInit: Base directory: C:/Program Files/Epic Games/4.9/Engine/Binaries/Win64/
[2015.09.21-22.00.04:323][  0]LogInit: Rocket: 1
[2015.09.21-22.00.04:335][  0]LogInit: Using libcurl 7.41.0
[2015.09.21-22.00.04:335][  0]LogInit:  - built for x86_64-pc-win32
[2015.09.21-22.00.04:335][  0]LogInit:  - supports SSL with WinSSL
[2015.09.21-22.00.04:335][  0]LogInit:  - other features:
[2015.09.21-22.00.04:335][  0]LogInit:      CURL_VERSION_SSL
[2015.09.21-22.00.04:335][  0]LogInit:      CURL_VERSION_IPV6
[2015.09.21-22.00.04:335][  0]LogInit:      CURL_VERSION_ASYNCHDNS
[2015.09.21-22.00.04:335][  0]LogInit:      CURL_VERSION_LARGEFILE
[2015.09.21-22.00.04:335][  0]LogInit:      CURL_VERSION_IDN
[2015.09.21-22.00.04:335][  0]LogInit:  CurlRequestOptions (configurable via config and command line):
[2015.09.21-22.00.04:335][  0]LogInit:  - bVerifyPeer = true  - Libcurl will verify peer certificate
[2015.09.21-22.00.04:335][  0]LogInit:  - bUseHttpProxy = false  - Libcurl will NOT use HTTP proxy
[2015.09.21-22.00.04:335][  0]LogInit:  - bDontReuseConnections = false  - Libcurl will reuse connections
[2015.09.21-22.00.04:335][  0]LogInit:  - CertBundlePath = nullptr  - Libcurl will use whatever was configured at build time.
[2015.09.21-22.00.04:344][  0]LogInit: Presizing for 0 objects not considered by GC, pre-allocating 0 bytes.
[2015.09.21-22.00.04:351][  0]LogInit: Object subsystem initialized
[2015.09.21-22.00.04:352][  0]LogInit: Selected Device Profile: [Windows]
[2015.09.21-22.00.04:352][  0]LogInit: Applying CVar settings loaded from the selected device profile: [Windows]
[2015.09.21-22.00.04:394][  0]LogInit: Computer: EXIA
[2015.09.21-22.00.04:394][  0]LogInit: User: SGJin
[2015.09.21-22.00.04:394][  0]LogInit: CPU Page size=4096, Cores=4
[2015.09.21-22.00.04:394][  0]LogInit: High frequency timer resolution =2.338344 MHz
[2015.09.21-22.00.04:394][  0]LogMemory: Memory total: Physical=7.9GB (8GB approx)
[2015.09.21-22.00.04:394][  0]LogMemory: Platform Memory Stats for Windows
[2015.09.21-22.00.04:394][  0]LogMemory: Process Physical Memory: 54.57 MB used, 54.57 MB peak
[2015.09.21-22.00.04:394][  0]LogMemory: Process Virtual Memory: 55.41 MB used, 55.41 MB peak
[2015.09.21-22.00.04:394][  0]LogMemory: Physical Memory: 4546.88 MB used, 8124.02 MB total
[2015.09.21-22.00.04:394][  0]LogMemory: Virtual Memory: 364.64 MB used, 134217728.00 MB total
[2015.09.21-22.00.04:437][  0]LogTextLocalizationManager: No specific translations for ('en-US') exist, so ('en') translations will be used.
[2015.09.21-22.00.05:151][  0]LogD3D11RHI: Found D3D11 adapter 0: NVIDIA GeForce GT 740M          (Feature Level 11_0)
[2015.09.21-22.00.05:151][  0]LogD3D11RHI: Adapter has 1997MB of dedicated video memory, 0MB of dedicated system memory, and 4062MB of shared system memory, 1 output[s]
[2015.09.21-22.00.05:156][  0]LogD3D11RHI: Found D3D11 adapter 1: Intel(R) HD Graphics 4600 (Feature Level 11_0)
[2015.09.21-22.00.05:156][  0]LogD3D11RHI: Adapter has 112MB of dedicated video memory, 0MB of dedicated system memory, and 4062MB of shared system memory, 0 output[s]
[2015.09.21-22.00.05:158][  0]LogD3D11RHI: Found D3D11 adapter 2: Microsoft Basic Render Driver (Feature Level 11_0)
[2015.09.21-22.00.05:158][  0]LogD3D11RHI: Adapter has 0MB of dedicated video memory, 0MB of dedicated system memory, and 4062MB of shared system memory, 0 output[s]
[2015.09.21-22.00.05:158][  0]LogD3D11RHI: Chosen D3D11 Adapter Id = 0
[2015.09.21-22.00.05:163][  0]LogD3D11RHI: !Direct3DDevice
[2015.09.21-22.00.05:163][  0]LogRHI: Texture pool is 1361 MB (70% of 1945 MB)
[2015.09.21-22.00.05:177][  0]LogD3D11RHI: Async texture creation enabled
[2015.09.21-22.00.05:193][  0]LogShaderCompilers: Guid format shader working directory is 14 characters bigger than the processId version (../../../../../../Users/Jin/Desktop/Game-Files/SuperSpaceArmada/Intermediate/Shaders/WorkingDirectory/17904/).
[2015.09.21-22.00.05:193][  0]LogShaderCompilers: Cleaned the shader compiler working directory '../../../../../../Users/Jin/Desktop/Game-Files/SuperSpaceArmada/Intermediate/Shaders/tmp/7789DF0A4538F13476885D98BCC4D7D2/'.
[2015.09.21-22.00.05:194][  0]LogShaderCompilers:Display: Using Local Shader Compiler.
[2015.09.21-22.00.08:925][  0]LogTemp:Display: Loaded TP AllDesktopTargetPlatform
[2015.09.21-22.00.08:950][  0]LogTemp:Display: Loaded TP WindowsClientTargetPlatform
[2015.09.21-22.00.08:977][  0]LogTemp:Display: Loaded TP WindowsNoEditorTargetPlatform
[2015.09.21-22.00.09:005][  0]LogTemp:Display: Loaded TP WindowsServerTargetPlatform
[2015.09.21-22.00.09:035][  0]LogTemp:Display: Loaded TP WindowsTargetPlatform
[2015.09.21-22.00.09:052][  0]LogTemp:Display: Loaded TP AndroidTargetPlatform
[2015.09.21-22.00.09:069][  0]LogTemp:Display: Loaded TP Android_ASTCTargetPlatform
[2015.09.21-22.00.09:088][  0]LogTemp:Display: Loaded TP Android_ATCTargetPlatform
[2015.09.21-22.00.09:111][  0]LogTemp:Display: Loaded TP Android_DXTTargetPlatform
[2015.09.21-22.00.09:137][  0]LogTemp:Display: Loaded TP Android_ETC1TargetPlatform
[2015.09.21-22.00.09:157][  0]LogTemp:Display: Loaded TP Android_ETC2TargetPlatform
[2015.09.21-22.00.09:177][  0]LogTemp:Display: Loaded TP Android_PVRTCTargetPlatform
[2015.09.21-22.00.09:193][  0]LogTemp:Display: Loaded TP HTML5TargetPlatform
[2015.09.21-22.00.09:282][  0]LogTemp:Display: Loaded TP IOSTargetPlatform
[2015.09.21-22.00.09:301][  0]LogTemp:Display: Loaded TP LinuxNoEditorTargetPlatform
[2015.09.21-22.00.09:315][  0]LogTemp:Display: Loaded TP LinuxServerTargetPlatform
[2015.09.21-22.00.09:341][  0]LogTemp:Display: Loaded TP LinuxTargetPlatform
[2015.09.21-22.00.09:341][  0]LogTargetPlatformManager:Display: Building Assets For Windows
[2015.09.21-22.00.10:016][  0]LogDerivedDataCache:Display: Max Cache Size: 512 MB
[2015.09.21-22.00.10:690][  0]LogDerivedDataCache: Loaded boot cache 0.67s 41MB C:/Users/Jin/AppData/Local/UnrealEngine/4.9/DerivedDataCache/Boot.ddc.
[2015.09.21-22.00.10:690][  0]LogDerivedDataCache:Display: Loaded Boot cache: C:/Users/Jin/AppData/Local/UnrealEngine/4.9/DerivedDataCache/Boot.ddc
[2015.09.21-22.00.10:690][  0]LogDerivedDataCache: FDerivedDataBackendGraph:  Pak pak cache file ../../../../../../Users/Jin/Desktop/Game-Files/SuperSpaceArmada/DerivedDataCache/DDC.ddp not found, will not use a pak cache.
[2015.09.21-22.00.10:690][  0]LogDerivedDataCache: Unable to find inner node Pak for hierarchical cache Hierarchy.
[2015.09.21-22.00.10:690][  0]LogDerivedDataCache: FDerivedDataBackendGraph:  CompressedPak pak cache file ../../../../../../Users/Jin/Desktop/Game-Files/SuperSpaceArmada/DerivedDataCache/Compressed.ddp not found, will not use a pak cache.
[2015.09.21-22.00.10:690][  0]LogDerivedDataCache: Unable to find inner node CompressedPak for hierarchical cache Hierarchy.
[2015.09.21-22.00.10:881][  0]LogDerivedDataCache:Display: Pak cache opened for reading ../../../Engine/DerivedDataCache/Compressed.ddp.
[2015.09.21-22.00.10:893][  0]LogDerivedDataCache: Using Local data cache path C:/Users/Jin/AppData/Local/UnrealEngine/Common/DerivedDataCache: Writable
[2015.09.21-22.00.16:767][  0]LogInit: Selected Device Profile: [Windows]
[2015.09.21-22.00.16:770][  0]LogContentStreaming: Texture pool size is 0.000000MB
[2015.09.21-22.00.17:133][  0]LogMeshUtilities: No automatic mesh reduction module available
[2015.09.21-22.00.17:133][  0]LogMeshUtilities: No automatic mesh merging module available
[2015.09.21-22.00.18:651][  0]LogInit: WinSock: version 1.1 (2.2), MaxSocks=32767, MaxUdp=65467
[2015.09.21-22.00.41:855][  0]LogAssetRegistry: FAssetRegistry took 0.0138 seconds to start up
[2015.09.21-22.00.41:896][  0]UdpMessaging: Initializing bridge on interface 0.0.0.0:0 to multicast group 230.0.0.1:6666.
[2015.09.21-22.00.41:898][  0]FUdpSocketBuilder: Failed to create the socket UdpMessageMulticastSocket as configured
[2015.09.21-22.00.41:898][  0]UdpMessageTransport.StartTransport: Failed to create multicast socket on 0.0.0.0:0, joined to 230.0.0.1:6666 with TTL 1
[2015.09.21-22.00.47:176][  0]SourceControl: Info Source control is disabled
[2015.09.21-22.00.50:524][  0]LogLinker:Warning: Asset '../../../Engine/Plugins/Runtime/LeapMotionController/Content/LM_PassthroughMaterial.uasset' has been saved with empty engine version. The asset will be loaded but may be incompatible.
[2015.09.21-22.00.51:587][  0]LogObj: 28528 objects as part of root set at end of initial load.
[2015.09.21-22.00.51:587][  0]LogUObjectAllocator: 6068464 out of 0 bytes used by permanent object pool.
[2015.09.21-22.00.52:078][  0]LogEngine: Initializing Engine...
[2015.09.21-22.00.52:104][  0]LogHMD: Can't find Oculus library dev build: is proper Runtime installed? Version: 0.7.0.0
[2015.09.21-22.00.52:149][  0]LogHMD: SteamVR failed to initialize.  Err: 110
[2015.09.21-22.00.53:371][  0]LogAIModule: Creating AISystem for world NewWorld
[2015.09.21-22.00.53:459][  0]LogInit: XAudio2 using 'Speakers / HP (IDT High Definition Audio CODEC)' : 2 channels at 44.1 kHz using 32 bits per sample (channel mask 0x3)
[2015.09.21-22.00.53:496][  0]LogInit: FAudioDevice initialized.
[2015.09.21-22.00.53:519][  0]LogDerivedDataCache: Saved boot cache 0.02s 41MB C:/Users/Jin/AppData/Local/UnrealEngine/4.9/DerivedDataCache/Boot.ddc.
[2015.09.21-22.00.53:521][  0]LogInit: Texture streaming: Enabled
[2015.09.21-22.00.53:609][  0]LogAnalytics: Creating configured Analytics provider AnalyticsET
[2015.09.21-22.00.53:609][  0]LogAnalytics: [UEEditor.Rocket.Release] APIServer = http://et2.epicgames.com/ET2/. AppVersion = 4.9.1-2689999+++depot+UE4-Releases+4.9
[2015.09.21-22.00.53:610][  0]LogAnalytics: [UEEditor.Rocket.Release] SetUserId 435ea4a8489b84c6f4feaab84cbae6c8|e03effeb7bdf4ddc9c712682a578c51b|8a2a019e-36d5-4c55-97e1-833141022920
[2015.09.21-22.00.53:610][  0]LogAnalytics: [UEEditor.Rocket.Release] AnalyticsET::StartSession
[2015.09.21-22.00.53:750][  0]LogInit: Transaction tracking system initialized
[2015.09.21-22.00.54:796][  0]BlueprintLog: New page: Editor Load
[2015.09.21-22.00.59:400][  0]LocalizationService: Info Localization service is disabled
[2015.09.21-22.01.02:119][  0]LogConsoleResponse:Display: 
[2015.09.21-22.01.03:759][  0]LogCook:Display: Done creating registry. It took  0.00s.
[2015.09.21-22.01.05:297][  0]LogFileCache: Scanning file cache for directory 'C:/Users/Jin/Desktop/Game-Files/SuperSpaceArmada/Content/' took 0.02s
[2015.09.21-22.01.06:340][  0]Cmd: MAP LOAD FILE="../../../../../../Users/Jin/Desktop/Game-Files/SuperSpaceArmada/Content/TopDownBP/Maps/TopDownExampleMap.umap" TEMPLATE=0 SHOWPROGRESS=1 FEATURELEVEL=3
[2015.09.21-22.01.06:340][  0]LogEditorServer:Warning: Can't find file '../../../../../../Users/Jin/Desktop/Game-Files/SuperSpaceArmada/Content/TopDownBP/Maps/TopDownExampleMap.umap'
[2015.09.21-22.01.06:340][  0]Cmd: MAP CHECKDEP NOCLEARLOG
[2015.09.21-22.01.06:408][  0]MapCheck: Info Map check complete: 0 Error(s), 0 Warning(s), took 68.093ms to complete.
[2015.09.21-22.01.06:408][  0]LogFileHelpers: Loading map 'TopDownExampleMap' took 0.069
[2015.09.21-22.01.08:542][  0]LogCollectionManager: Loaded 0 collections in 0.003056 seconds
[2015.09.21-22.01.08:922][  0]LogFileCache: Scanning file cache for directory 'C:/Users/Jin/Desktop/Game-Files/SuperSpaceArmada/Saved/Collections/' took 0.01s
[2015.09.21-22.01.08:922][  0]LogFileCache: Scanning file cache for directory 'C:/Users/Jin/Desktop/Game-Files/SuperSpaceArmada/Content/Developers/SGJin/Collections/' took 0.01s
[2015.09.21-22.01.08:922][  0]LogFileCache: Scanning file cache for directory 'C:/Users/Jin/Desktop/Game-Files/SuperSpaceArmada/Content/Collections/' took 0.01s
[2015.09.21-22.01.08:922][  0]LogContentBrowser: Native class hierarchy populated in 0.0889 seconds. Added 1882 classes and 339 folders.
[2015.09.21-22.01.09:135][  0]LogCollectionManager: Rebuilt the GUID cache for 0 collections in 0.000003 seconds
[2015.09.21-22.01.09:518][  0]LogContentBrowser: Native class hierarchy updated for 'WidgetCarousel' in 0.0003 seconds. Added 0 classes and 0 folders.
[2015.09.21-22.01.12:900][  0]LogContentBrowser: Native class hierarchy updated for 'AddContentDialog' in 0.0004 seconds. Added 0 classes and 0 folders.
[2015.09.21-22.01.13:133][  0]LogContentBrowser: Native class hierarchy updated for 'SceneOutliner' in 0.0004 seconds. Added 1 classes and 2 folders.
[2015.09.21-22.01.13:634][  0]LogCrashTracker: Crashtracker disabled due to settings.
[2015.09.21-22.01.13:924][  0]LogUObjectGlobals:Warning: Failed to find object 'Class None.'
[2015.09.21-22.01.14:031][  0]LogLoad: Full Startup: 70.51 seconds (BP compile: 0.16 seconds)
[2015.09.21-22.01.14:962][  0]SourceControl: Info On branch master
[2015.09.21-22.01.14:962][  0]SourceControl: Info Your branch is behind 'origin/master' by 1 commit, and can be fast-forwarded.
[2015.09.21-22.01.14:962][  0]SourceControl: Info   (use "git pull" to update your local branch)
[2015.09.21-22.01.14:962][  0]SourceControl: Info Changes not staged for commit:
[2015.09.21-22.01.14:962][  0]SourceControl: Info   (use "git add <file>..." to update what will be committed)
[2015.09.21-22.01.14:962][  0]SourceControl: Info   (use "git checkout -- <file>..." to discard changes in working directory)
[2015.09.21-22.01.14:962][  0]SourceControl: Info 	modified:   SuperSpaceArmada/Saved/Config/Windows/EditorPerProjectUserSettings.ini
[2015.09.21-22.01.14:962][  0]SourceControl: Info 	modified:   SuperSpaceArmada/Saved/Config/Windows/Engine.ini
[2015.09.21-22.01.14:962][  0]SourceControl: Info 	modified:   SuperSpaceArmada/Saved/Logs/SuperSpaceArmada.log
[2015.09.21-22.01.14:962][  0]SourceControl: Info no changes added to commit (use "git add" and/or "git commit -a")
[2015.09.21-22.01.14:962][  0]LogContentStreaming: Texture pool size now 1000 MB
[2015.09.21-22.01.15:245][  0]LogRenderer: Reallocating scene render targets to support 1156x468 (Frame:2).
[2015.09.21-22.01.15:797][  2]LogLinker:Warning: Asset '../../../../../../Users/Jin/Desktop/Game-Files/SuperSpaceArmada/Content/Mannequin/Animations/ThirdPerson_AnimBP.uasset' has been saved with empty engine version. The asset will be loaded but may be incompatible.
[2015.09.21-22.01.15:861][  2]LogLinker:Warning: Asset '../../../../../../Users/Jin/Desktop/Game-Files/SuperSpaceArmada/Content/Mannequin/Animations/ThirdPerson_Jump.uasset' has been saved with empty engine version. The asset will be loaded but may be incompatible.
[2015.09.21-22.01.15:909][  2]LogLinker:Warning: Asset '../../../../../../Users/Jin/Desktop/Game-Files/SuperSpaceArmada/Content/Mannequin/Animations/ThirdPersonJump_Loop.uasset' has been saved with empty engine version. The asset will be loaded but may be incompatible.
[2015.09.21-22.01.15:913][  2]LogLinker:Warning: Asset '../../../../../../Users/Jin/Desktop/Game-Files/SuperSpaceArmada/Content/Mannequin/Animations/ThirdPersonJump_Start.uasset' has been saved with empty engine version. The asset will be loaded but may be incompatible.
[2015.09.21-22.01.15:941][  2]LogLinker:Warning: Asset '../../../../../../Users/Jin/Desktop/Game-Files/SuperSpaceArmada/Content/Mannequin/Animations/ThirdPerson_IdleRun_2D.uasset' has been saved with empty engine version. The asset will be loaded but may be incompatible.
[2015.09.21-22.01.15:998][  2]LogLinker:Warning: Asset '../../../../../../Users/Jin/Desktop/Game-Files/SuperSpaceArmada/Content/Mannequin/Animations/ThirdPersonIdle.uasset' has been saved with empty engine version. The asset will be loaded but may be incompatible.
[2015.09.21-22.01.16:021][  2]LogLinker:Warning: Asset '../../../../../../Users/Jin/Desktop/Game-Files/SuperSpaceArmada/Content/Mannequin/Animations/ThirdPersonRun.uasset' has been saved with empty engine version. The asset will be loaded but may be incompatible.
[2015.09.21-22.01.16:039][  2]LogLinker:Warning: Asset '../../../../../../Users/Jin/Desktop/Game-Files/SuperSpaceArmada/Content/Mannequin/Animations/ThirdPersonWalk.uasset' has been saved with empty engine version. The asset will be loaded but may be incompatible.
[2015.09.21-22.01.20:912][  2]LogLinker:Warning: Asset '../../../Engine/Content/ArtTools/RenderToTexture/Macros/RenderToTextureMacros.uasset' has been saved with empty engine version. The asset will be loaded but may be incompatible.
[2015.09.21-22.01.21:544][  2]LogContentBrowser: Native class hierarchy updated for 'BlueprintGraph' in 0.0019 seconds. Added 107 classes and 0 folders.
[2015.09.21-22.01.36:327][234]LogCollectionManager: Rebuilt the object cache for 0 collections in 0.000001 seconds (found 0 objects)
[2015.09.21-22.01.37:904][318]LogAssetRegistry: Asset discovery search completed in 56.0620 seconds
[2015.09.21-22.01.37:927][318]LogCollectionManager: Fixed up redirectors for 0 collections in 0.000014 seconds (updated 0 objects)
[2015.09.21-22.01.46:770][661]LogTexture:Display: Building textures: HQ_Lightmap0_1 (AutoDXT)
[2015.09.21-22.01.46:910][661]LogTexture:Display: Building textures: HQ_Lightmap0_2 (AutoDXT)
[2015.09.21-22.01.46:960][661]LogTexture:Display: Building textures: HQ_Lightmap0_5 (AutoDXT)
[2015.09.21-22.01.46:972][661]LogTexture:Display: Building textures: HQ_Lightmap0_6 (AutoDXT)
[2015.09.21-22.01.46:973][661]LogTexture:Display: Building textures: HQ_Lightmap1_3 (AutoDXT)
[2015.09.21-22.01.46:999][661]LogTexture:Display: Building textures: HQ_Lightmap1_4 (AutoDXT)
[2015.09.21-22.01.47:010][661]LogTexture:Display: Building textures: LQ_Lightmap_0_1 (DXT1)
[2015.09.21-22.01.47:025][661]LogTexture:Display: Building textures: LQ_Lightmap_0_2 (DXT1)
[2015.09.21-22.01.47:053][661]LogTexture:Display: Building textures: LQ_Lightmap_0_5 (DXT1)
[2015.09.21-22.01.47:066][661]LogTexture:Display: Building textures: LQ_Lightmap_0_6 (DXT1)
[2015.09.21-22.01.47:090][661]LogTexture:Display: Building textures: LQ_Lightmap_1_3 (DXT1)
[2015.09.21-22.01.47:096][661]LogTexture:Display: Building textures: LQ_Lightmap_1_4 (DXT1)
[2015.09.21-22.01.47:103][661]LogTexture:Display: Building textures: SkyOcclusion0_1 (AutoDXT)
[2015.09.21-22.01.47:129][661]LogTexture:Display: Building textures: SkyOcclusion0_2 (AutoDXT)
[2015.09.21-22.01.47:168][661]LogTexture:Display: Building textures: SkyOcclusion0_5 (AutoDXT)
[2015.09.21-22.01.47:176][661]LogTexture:Display: Building textures: SkyOcclusion1_3 (AutoDXT)
[2015.09.21-22.01.47:183][661]LogTexture:Display: Building textures: SkyOcclusion1_4 (AutoDXT)
[2015.09.21-22.01.47:193][661]LogTexture:Display: Building textures: SkyOcclusion1_6 (AutoDXT)
[2015.09.21-22.01.47:196][661]LogTexture:Display: Building textures: ShadowMapTexture2D_0 (G8)
[2015.09.21-22.01.47:200][661]LogTexture:Display: Building textures: ShadowMapTexture2D_1 (G8)
[2015.09.21-22.01.47:204][661]LogTexture:Display: Building textures: ShadowMapTexture2D_2 (G8)
[2015.09.21-22.01.47:205][661]LogTexture:Display: Building textures: ShadowMapTexture2D_3 (G8)
[2015.09.21-22.01.47:205][661]LogTexture:Display: Building textures: ShadowMapTexture2D_4 (G8)
[2015.09.21-22.01.47:206][661]LogTexture:Display: Building textures: ShadowMapTexture2D_5 (G8)
[2015.09.21-22.01.47:449][661]LogAIModule: Creating AISystem for world PrototypeLevel
[2015.09.21-22.01.47:569][661]LogParticles: Destroying 0 GPU particle simulations for FXSystem 0x00000041BFA55DA0
[2015.09.21-22.01.47:569][661]LogParticles: Destroying 0 GPU particle simulations for FXSystem 0x00000041BFA55440
[2015.09.21-22.01.47:570][661]LogParticles: Destroying 0 GPU particle simulations for FXSystem 0x00000041C90787C0
[2015.09.21-22.01.47:586][661]Cmd: MAP LOAD FILE="../../../../../../Users/Jin/Desktop/Game-Files/SuperSpaceArmada/Content/SSA/Maps/PrototypeLevel.umap" TEMPLATE=0 SHOWPROGRESS=1 FEATURELEVEL=3
[2015.09.21-22.01.47:586][661]LightingResults: New page: Lighting Build
[2015.09.21-22.01.47:590][661]LogContentBrowser: Native class hierarchy updated for 'StatsViewer' in 0.0004 seconds. Added 5 classes and 0 folders.
[2015.09.21-22.01.47:611][661]LoadErrors: New page: Loading map: PrototypeLevel.umap
[2015.09.21-22.01.47:657][661]MapCheck: New page: Map Check
[2015.09.21-22.01.47:657][661]LightingResults: New page: Lighting Build
[2015.09.21-22.01.47:676][661]LogParticles: Destroying 0 GPU particle simulations for FXSystem 0x000000419A630400
[2015.09.21-22.01.47:770][661]LogEditorServer: Finished looking for orphan Actors (0.000 secs)
[2015.09.21-22.01.47:813][661]Cmd: MAP CHECKDEP NOCLEARLOG
[2015.09.21-22.01.47:916][661]MapCheck: Info Map check complete: 0 Error(s), 0 Warning(s), took 103.378ms to complete.
[2015.09.21-22.01.47:916][661]LogFileHelpers: Loading map 'PrototypeLevel' took 0.332
[2015.09.21-22.04.32:653][991]LogBlueprintUserMessages: Early PlayInEditor Detection: Level '/Game/SSA/Maps/PrototypeLevel.PrototypeLevel:PersistentLevel' has LevelScriptBlueprint '/Game/SSA/Maps/PrototypeLevel.PrototypeLevel:PersistentLevel.PrototypeLevel' with GeneratedClass '/Game/SSA/Maps/PrototypeLevel.PrototypeLevel_C' with ClassGeneratedBy '/Game/SSA/Maps/PrototypeLevel.PrototypeLevel:PersistentLevel.PrototypeLevel'
[2015.09.21-22.04.32:701][991]LogPlayLevel: PlayLevel: No blueprints needed recompiling
[2015.09.21-22.04.32:702][991]PIE: New page: PIE session: PrototypeLevel (Sep 21, 2015, 2:04:32 PM)
[2015.09.21-22.04.32:702][991]LogPlayLevel: Creating play world package: /Game/SSA/Maps/UEDPIE_0_PrototypeLevel
[2015.09.21-22.04.32:771][991]LogPlayLevel: PIE: StaticDuplicateObject took: (0.069645s)
[2015.09.21-22.04.32:773][991]LogAIModule: Creating AISystem for world PrototypeLevel
[2015.09.21-22.04.32:774][991]LogPlayLevel: PIE: World Init took: (0.002395s)
[2015.09.21-22.04.32:774][991]LogPlayLevel: PIE: Created PIE world by copying editor world from /Game/SSA/Maps/PrototypeLevel.PrototypeLevel to /Game/SSA/Maps/UEDPIE_0_PrototypeLevel.PrototypeLevel (0.072775s)
[2015.09.21-22.04.32:853][991]LogInit: XAudio2 using 'Speakers / HP (IDT High Definition Audio CODEC)' : 2 channels at 44.1 kHz using 32 bits per sample (channel mask 0x3)
[2015.09.21-22.04.32:892][991]LogInit: FAudioDevice initialized.
[2015.09.21-22.04.33:001][991]LogWorld: Game class is 'TopDownGameMode_C'
[2015.09.21-22.04.33:016][991]LogWorld:Warning: *** WARNING - PATHS MAY NOT BE VALID ***
[2015.09.21-22.04.33:016][991]LogWorld: Bringing World /Game/SSA/Maps/UEDPIE_0_PrototypeLevel.PrototypeLevel up for play (max tick rate 60) at 2015.09.21-18.04.33
[2015.09.21-22.04.33:016][991]LogActor:Warning: GameSession /Game/SSA/Maps/UEDPIE_0_PrototypeLevel.PrototypeLevel:PersistentLevel.GameSession_0 has natively added scene component(s), but none of them were set as the actor's RootComponent - picking one arbitrarily
[2015.09.21-22.04.33:016][991]LogActor:Warning: GameNetworkManager /Game/SSA/Maps/UEDPIE_0_PrototypeLevel.PrototypeLevel:PersistentLevel.GameNetworkManager_0 has natively added scene component(s), but none of them were set as the actor's RootComponent - picking one arbitrarily
[2015.09.21-22.04.33:019][991]LogWorld: Bringing up level for play took: 0.015632
[2015.09.21-22.04.33:082][991]PIE: Info Play in editor start time for /Game/SSA/Maps/UEDPIE_0_PrototypeLevel 0.548
[2015.09.21-22.04.33:082][991]LogBlueprintUserMessages: Late PlayInEditor Detection: Level '/Game/SSA/Maps/PrototypeLevel.PrototypeLevel:PersistentLevel' has LevelScriptBlueprint '/Game/SSA/Maps/PrototypeLevel.PrototypeLevel:PersistentLevel.PrototypeLevel' with GeneratedClass '/Game/SSA/Maps/PrototypeLevel.PrototypeLevel_C' with ClassGeneratedBy '/Game/SSA/Maps/PrototypeLevel.PrototypeLevel:PersistentLevel.PrototypeLevel'
[2015.09.21-22.04.33:131][992]LogRenderer: Reallocating scene render targets to support 1232x692 (Frame:6616).
[2015.09.21-22.04.39:812][185]LogBlueprintUserMessages: Early EndPlayMap Detection: Level '/Game/SSA/Maps/PrototypeLevel.PrototypeLevel:PersistentLevel' has LevelScriptBlueprint '/Game/SSA/Maps/PrototypeLevel.PrototypeLevel:PersistentLevel.PrototypeLevel' with GeneratedClass '/Game/SSA/Maps/PrototypeLevel.PrototypeLevel_C' with ClassGeneratedBy '/Game/SSA/Maps/PrototypeLevel.PrototypeLevel:PersistentLevel.PrototypeLevel'
[2015.09.21-22.04.39:931][185]LogBlueprintUserMessages: Late EndPlayMap Detection: Level '/Game/SSA/Maps/PrototypeLevel.PrototypeLevel:PersistentLevel' has LevelScriptBlueprint '/Game/SSA/Maps/PrototypeLevel.PrototypeLevel:PersistentLevel.PrototypeLevel' with GeneratedClass '/Game/SSA/Maps/PrototypeLevel.PrototypeLevel_C' with ClassGeneratedBy '/Game/SSA/Maps/PrototypeLevel.PrototypeLevel:PersistentLevel.PrototypeLevel'
[2015.09.21-22.04.40:011][185]LogParticles: Destroying 0 GPU particle simulations for FXSystem 0x00000041F7FB0720
[2015.09.21-22.04.56:957][958]LogRenderer: Reallocating scene render targets to support 1232x712 (Frame:7120).
[2015.09.21-22.05.16:058][869]LogBlueprintUserMessages: Early PlayInEditor Detection: Level '/Game/SSA/Maps/PrototypeLevel.PrototypeLevel:PersistentLevel' has LevelScriptBlueprint '/Game/SSA/Maps/PrototypeLevel.PrototypeLevel:PersistentLevel.PrototypeLevel' with GeneratedClass '/Game/SSA/Maps/PrototypeLevel.PrototypeLevel_C' with ClassGeneratedBy '/Game/SSA/Maps/PrototypeLevel.PrototypeLevel:PersistentLevel.PrototypeLevel'
[2015.09.21-22.05.16:058][869]LogPlayLevel: PlayLevel: No blueprints needed recompiling
[2015.09.21-22.05.16:058][869]PIE: New page: PIE session: PrototypeLevel (Sep 21, 2015, 2:05:16 PM)
[2015.09.21-22.05.16:058][869]LogPlayLevel: Creating play world package: /Game/SSA/Maps/UEDPIE_0_PrototypeLevel
[2015.09.21-22.05.16:091][869]LogPlayLevel: PIE: StaticDuplicateObject took: (0.032839s)
[2015.09.21-22.05.16:092][869]LogAIModule: Creating AISystem for world PrototypeLevel
[2015.09.21-22.05.16:092][869]LogPlayLevel: PIE: World Init took: (0.001061s)
[2015.09.21-22.05.16:092][869]LogPlayLevel: PIE: Created PIE world by copying editor world from /Game/SSA/Maps/PrototypeLevel.PrototypeLevel to /Game/SSA/Maps/UEDPIE_0_PrototypeLevel.PrototypeLevel (0.034137s)
[2015.09.21-22.05.16:092][869]LogActorComponent: UnregisterComponent: (/Engine/Transient.CharMoveComp) Not registered. Aborting.
[2015.09.21-22.05.16:093][869]LogActorComponent: UnregisterComponent: (/Engine/Transient.CharacterMovementComponent_0) Not registered. Aborting.
[2015.09.21-22.05.16:124][869]LogParticles: Destroying 0 GPU particle simulations for FXSystem 0x0000004196366E80
[2015.09.21-22.05.16:124][869]LogParticles: Destroying 0 GPU particle simulations for FXSystem 0x0000004196366980
[2015.09.21-22.05.16:126][869]LogParticles: Destroying 0 GPU particle simulations for FXSystem 0x00000041AA761E40
[2015.09.21-22.05.16:176][869]LogInit: XAudio2 using 'Speakers / HP (IDT High Definition Audio CODEC)' : 2 channels at 44.1 kHz using 32 bits per sample (channel mask 0x3)
[2015.09.21-22.05.16:194][869]LogInit: FAudioDevice initialized.
[2015.09.21-22.05.16:233][869]LogWorld: Game class is 'TopDownGameMode_C'
[2015.09.21-22.05.16:241][869]LogWorld:Warning: *** WARNING - PATHS MAY NOT BE VALID ***
[2015.09.21-22.05.16:241][869]LogWorld: Bringing World /Game/SSA/Maps/UEDPIE_0_PrototypeLevel.PrototypeLevel up for play (max tick rate 60) at 2015.09.21-18.05.16
[2015.09.21-22.05.16:241][869]LogActor:Warning: GameSession /Game/SSA/Maps/UEDPIE_0_PrototypeLevel.PrototypeLevel:PersistentLevel.GameSession_1 has natively added scene component(s), but none of them were set as the actor's RootComponent - picking one arbitrarily
[2015.09.21-22.05.16:241][869]LogActor:Warning: GameNetworkManager /Game/SSA/Maps/UEDPIE_0_PrototypeLevel.PrototypeLevel:PersistentLevel.GameNetworkManager_1 has natively added scene component(s), but none of them were set as the actor's RootComponent - picking one arbitrarily
[2015.09.21-22.05.16:242][869]LogWorld: Bringing up level for play took: 0.008217
[2015.09.21-22.05.16:259][869]PIE: Info Play in editor start time for /Game/SSA/Maps/UEDPIE_0_PrototypeLevel -0.276
[2015.09.21-22.05.16:259][869]LogBlueprintUserMessages: Late PlayInEditor Detection: Level '/Game/SSA/Maps/PrototypeLevel.PrototypeLevel:PersistentLevel' has LevelScriptBlueprint '/Game/SSA/Maps/PrototypeLevel.PrototypeLevel:PersistentLevel.PrototypeLevel' with GeneratedClass '/Game/SSA/Maps/PrototypeLevel.PrototypeLevel_C' with ClassGeneratedBy '/Game/SSA/Maps/PrototypeLevel.PrototypeLevel:PersistentLevel.PrototypeLevel'
[2015.09.21-22.05.19:071][953]LogBlueprintUserMessages: Early EndPlayMap Detection: Level '/Game/SSA/Maps/PrototypeLevel.PrototypeLevel:PersistentLevel' has LevelScriptBlueprint '/Game/SSA/Maps/PrototypeLevel.PrototypeLevel:PersistentLevel.PrototypeLevel' with GeneratedClass '/Game/SSA/Maps/PrototypeLevel.PrototypeLevel_C' with ClassGeneratedBy '/Game/SSA/Maps/PrototypeLevel.PrototypeLevel:PersistentLevel.PrototypeLevel'
[2015.09.21-22.05.19:138][953]LogBlueprintUserMessages: Late EndPlayMap Detection: Level '/Game/SSA/Maps/PrototypeLevel.PrototypeLevel:PersistentLevel' has LevelScriptBlueprint '/Game/SSA/Maps/PrototypeLevel.PrototypeLevel:PersistentLevel.PrototypeLevel' with GeneratedClass '/Game/SSA/Maps/PrototypeLevel.PrototypeLevel_C' with ClassGeneratedBy '/Game/SSA/Maps/PrototypeLevel.PrototypeLevel:PersistentLevel.PrototypeLevel'
[2015.09.21-22.05.19:164][953]LogParticles: Destroying 0 GPU particle simulations for FXSystem 0x00000041C476FBA0
[2015.09.21-22.05.22:686][ 83]LogEditorViewport: Clicking on Actor (LMB): Player_C (Player)
[2015.09.21-22.05.28:327][264]LogAnimation:Warning: AnimBP ThirdPerson_AnimBP_C is incompatible with skeleton humanShip_withBones_Skeleton, removing AnimBP from actor.
[2015.09.21-22.05.31:602][352]LogBlueprintUserMessages: Early PlayInEditor Detection: Level '/Game/SSA/Maps/PrototypeLevel.PrototypeLevel:PersistentLevel' has LevelScriptBlueprint '/Game/SSA/Maps/PrototypeLevel.PrototypeLevel:PersistentLevel.PrototypeLevel' with GeneratedClass '/Game/SSA/Maps/PrototypeLevel.PrototypeLevel_C' with ClassGeneratedBy '/Game/SSA/Maps/PrototypeLevel.PrototypeLevel:PersistentLevel.PrototypeLevel'
[2015.09.21-22.05.31:602][352]LogPlayLevel: PlayLevel: No blueprints needed recompiling
[2015.09.21-22.05.31:602][352]PIE: New page: PIE session: PrototypeLevel (Sep 21, 2015, 2:05:31 PM)
[2015.09.21-22.05.31:602][352]LogPlayLevel: Creating play world package: /Game/SSA/Maps/UEDPIE_0_PrototypeLevel
[2015.09.21-22.05.31:630][352]LogPlayLevel: PIE: StaticDuplicateObject took: (0.028216s)
[2015.09.21-22.05.31:631][352]LogAIModule: Creating AISystem for world PrototypeLevel
[2015.09.21-22.05.31:631][352]LogPlayLevel: PIE: World Init took: (0.000795s)
[2015.09.21-22.05.31:631][352]LogPlayLevel: PIE: Created PIE world by copying editor world from /Game/SSA/Maps/PrototypeLevel.PrototypeLevel to /Game/SSA/Maps/UEDPIE_0_PrototypeLevel.PrototypeLevel (0.029227s)
[2015.09.21-22.05.31:728][352]LogInit: XAudio2 using 'Speakers / HP (IDT High Definition Audio CODEC)' : 2 channels at 44.1 kHz using 32 bits per sample (channel mask 0x3)
[2015.09.21-22.05.31:742][352]LogInit: FAudioDevice initialized.
[2015.09.21-22.05.31:777][352]LogWorld: Game class is 'TopDownGameMode_C'
[2015.09.21-22.05.31:783][352]LogWorld:Warning: *** WARNING - PATHS MAY NOT BE VALID ***
[2015.09.21-22.05.31:783][352]LogWorld: Bringing World /Game/SSA/Maps/UEDPIE_0_PrototypeLevel.PrototypeLevel up for play (max tick rate 60) at 2015.09.21-18.05.31
[2015.09.21-22.05.31:783][352]LogActor:Warning: GameSession /Game/SSA/Maps/UEDPIE_0_PrototypeLevel.PrototypeLevel:PersistentLevel.GameSession_2 has natively added scene component(s), but none of them were set as the actor's RootComponent - picking one arbitrarily
[2015.09.21-22.05.31:783][352]LogActor:Warning: GameNetworkManager /Game/SSA/Maps/UEDPIE_0_PrototypeLevel.PrototypeLevel:PersistentLevel.GameNetworkManager_2 has natively added scene component(s), but none of them were set as the actor's RootComponent - picking one arbitrarily
[2015.09.21-22.05.31:784][352]LogWorld: Bringing up level for play took: 0.006118
[2015.09.21-22.05.31:798][352]PIE: Info Play in editor start time for /Game/SSA/Maps/UEDPIE_0_PrototypeLevel -0.736
[2015.09.21-22.05.31:798][352]LogBlueprintUserMessages: Late PlayInEditor Detection: Level '/Game/SSA/Maps/PrototypeLevel.PrototypeLevel:PersistentLevel' has LevelScriptBlueprint '/Game/SSA/Maps/PrototypeLevel.PrototypeLevel:PersistentLevel.PrototypeLevel' with GeneratedClass '/Game/SSA/Maps/PrototypeLevel.PrototypeLevel_C' with ClassGeneratedBy '/Game/SSA/Maps/PrototypeLevel.PrototypeLevel:PersistentLevel.PrototypeLevel'
[2015.09.21-22.05.39:542][580]LogBlueprintUserMessages: Early EndPlayMap Detection: Level '/Game/SSA/Maps/PrototypeLevel.PrototypeLevel:PersistentLevel' has LevelScriptBlueprint '/Game/SSA/Maps/PrototypeLevel.PrototypeLevel:PersistentLevel.PrototypeLevel' with GeneratedClass '/Game/SSA/Maps/PrototypeLevel.PrototypeLevel_C' with ClassGeneratedBy '/Game/SSA/Maps/PrototypeLevel.PrototypeLevel:PersistentLevel.PrototypeLevel'
[2015.09.21-22.05.39:674][580]LogBlueprintUserMessages: Late EndPlayMap Detection: Level '/Game/SSA/Maps/PrototypeLevel.PrototypeLevel:PersistentLevel' has LevelScriptBlueprint '/Game/SSA/Maps/PrototypeLevel.PrototypeLevel:PersistentLevel.PrototypeLevel' with GeneratedClass '/Game/SSA/Maps/PrototypeLevel.PrototypeLevel_C' with ClassGeneratedBy '/Game/SSA/Maps/PrototypeLevel.PrototypeLevel:PersistentLevel.PrototypeLevel'
[2015.09.21-22.05.39:698][580]LogParticles: Destroying 0 GPU particle simulations for FXSystem 0x000000418F1A2520
[2015.09.21-22.05.40:888][619]Cmd: SELECT NONE
[2015.09.21-22.05.43:210][656]LogWindowsTextInputMethodSystem:Display: IME system now deactivated.
[2015.09.21-22.05.43:210][656]LogWindowsTextInputMethodSystem:Display: IME system now deactivated.
[2015.09.21-22.05.43:509][657]Cmd: QUIT_EDITOR
[2015.09.21-22.05.44:471][657]LogExit: Preparing to exit.
[2015.09.21-22.05.45:199][657]LogExit: Editor shut down
[2015.09.21-22.05.45:200][657]LogExit: Transaction tracking system shut down
[2015.09.21-22.05.45:200][657]LogParticles: Destroying 0 GPU particle simulations for FXSystem 0x0000004189021F80
[2015.09.21-22.05.45:200][657]LogParticles: Destroying 0 GPU particle simulations for FXSystem 0x00000041899DA7A0
[2015.09.21-22.05.45:206][657]LogParticles: Destroying 0 GPU particle simulations for FXSystem 0x00000041891FBA60
[2015.09.21-22.05.45:206][657]LogParticles: Destroying 0 GPU particle simulations for FXSystem 0x00000041C476F060
[2015.09.21-22.05.45:206][657]LogParticles: Destroying 0 GPU particle simulations for FXSystem 0x00000041DB037880
[2015.09.21-22.05.46:022][657]LogParticles: Destroying 0 GPU particle simulations for FXSystem 0x0000004189171A80
[2015.09.21-22.05.46:022][657]LogExit: Object subsystem successfully closed.
[2015.09.21-22.05.46:029][657]LogD3D11RHI: Shutdown
[2015.09.21-22.05.46:029][657]LogD3D11RHI: CleanupD3DDevice
[2015.09.21-22.05.46:097][657]LogD3D11RHI: ~FD3D11DynamicRHI
[2015.09.21-22.05.46:895][657]LogModuleManager: Shutting down and abandoning module StatsViewer (201)
[2015.09.21-22.05.46:895][657]LogModuleManager: Shutting down and abandoning module SequencerWidgets (200)
[2015.09.21-22.05.46:895][657]LogModuleManager: Shutting down and abandoning module BlueprintGraph (199)
[2015.09.21-22.05.46:895][657]LogModuleManager: Shutting down and abandoning module CrashTracker (198)
[2015.09.21-22.05.46:895][657]LogModuleManager: Shutting down and abandoning module SceneOutliner (197)
[2015.09.21-22.05.46:895][657]LogModuleManager: Shutting down and abandoning module SuperSearch (196)
[2015.09.21-22.05.46:895][657]LogModuleManager: Shutting down and abandoning module WidgetCarousel (195)
[2015.09.21-22.05.46:895][657]LogModuleManager: Shutting down and abandoning module AddContentDialog (194)
[2015.09.21-22.05.46:896][657]LogModuleManager: Shutting down and abandoning module EditorWidgets (193)
[2015.09.21-22.05.46:896][657]LogModuleManager: Shutting down and abandoning module CollectionManager (192)
[2015.09.21-22.05.46:909][657]LogModuleManager: Shutting down and abandoning module FoliageEdit (191)
[2015.09.21-22.05.46:932][657]LogModuleManager: Shutting down and abandoning module LandscapeEditor (190)
[2015.09.21-22.05.46:943][657]LogModuleManager: Shutting down and abandoning module ActorPickerMode (189)
[2015.09.21-22.05.46:943][657]LogModuleManager: Shutting down and abandoning module GeometryMode (188)
[2015.09.21-22.05.46:943][657]LogModuleManager: Shutting down and abandoning module TextureAlignMode (187)
[2015.09.21-22.05.46:943][657]LogModuleManager: Shutting down and abandoning module BspMode (186)
[2015.09.21-22.05.46:943][657]LogModuleManager: Shutting down and abandoning module PlacementMode (185)
[2015.09.21-22.05.46:943][657]LogModuleManager: Shutting down and abandoning module AutomationWorker (184)
[2015.09.21-22.05.46:981][657]LogModuleManager: Shutting down and abandoning module CharacterAI (183)
[2015.09.21-22.05.46:981][657]LogModuleManager: Shutting down and abandoning module SmartSnapping (182)
[2015.09.21-22.05.46:981][657]LogModuleManager: Shutting down and abandoning module ViewportSnapping (181)
[2015.09.21-22.05.46:981][657]LogModuleManager: Shutting down and abandoning module LogVisualizer (180)
[2015.09.21-22.05.47:055][657]LogModuleManager: Shutting down and abandoning module GameProjectGeneration (179)
[2015.09.21-22.05.47:055][657]LogModuleManager: Shutting down and abandoning module IntroTutorials (178)
[2015.09.21-22.05.47:178][657]LogModuleManager: Shutting down and abandoning module EditorLiveStreaming (177)
[2015.09.21-22.05.47:178][657]LogModuleManager: Shutting down and abandoning module IOSPlatformEditor (176)
[2015.09.21-22.05.47:193][657]LogModuleManager: Shutting down and abandoning module HTML5PlatformEditor (175)
[2015.09.21-22.05.47:193][657]LogModuleManager: Shutting down and abandoning module AndroidDeviceDetection (174)
[2015.09.21-22.05.47:528][657]LogModuleManager: Shutting down and abandoning module AndroidPlatformEditor (173)
[2015.09.21-22.05.47:528][657]LogModuleManager: Shutting down and abandoning module IOSRuntimeSettings (172)
[2015.09.21-22.05.47:528][657]LogModuleManager: Shutting down and abandoning module AndroidRuntimeSettings (171)
[2015.09.21-22.05.47:528][657]LogModuleManager: Shutting down and abandoning module MergeActors (170)
[2015.09.21-22.05.47:586][657]LogModuleManager: Shutting down and abandoning module SizeMap (169)
[2015.09.21-22.05.47:586][657]LogModuleManager: Shutting down and abandoning module TreeMap (168)
[2015.09.21-22.05.47:597][657]LogModuleManager: Shutting down and abandoning module ReferenceViewer (167)
[2015.09.21-22.05.47:597][657]LogModuleManager: Shutting down and abandoning module LocalizationService (166)
[2015.09.21-22.05.47:612][657]LogModuleManager: Shutting down and abandoning module LocalizationDashboard (165)
[2015.09.21-22.05.47:629][657]LogModuleManager: Shutting down and abandoning module HardwareTargeting (164)
[2015.09.21-22.05.47:629][657]LogModuleManager: Shutting down and abandoning module DeviceProfileEditor (163)
[2015.09.21-22.05.47:629][657]LogModuleManager: Shutting down and abandoning module UndoHistory (162)
[2015.09.21-22.05.47:646][657]LogModuleManager: Shutting down and abandoning module GameplayTagsEditor (161)
[2015.09.21-22.05.47:646][657]LogModuleManager: Shutting down and abandoning module UserFeedback (160)
[2015.09.21-22.05.47:646][657]LogModuleManager: Shutting down and abandoning module XmlParser (159)
[2015.09.21-22.05.47:662][657]LogModuleManager: Shutting down and abandoning module Blutility (158)
[2015.09.21-22.05.47:662][657]LogModuleManager: Shutting down and abandoning module ProjectTargetPlatformEditor (157)
[2015.09.21-22.05.47:680][657]LogModuleManager: Shutting down and abandoning module ProjectSettingsViewer (156)
[2015.09.21-22.05.47:680][657]LogModuleManager: Shutting down and abandoning module InputBindingEditor (155)
[2015.09.21-22.05.47:698][657]LogModuleManager: Shutting down and abandoning module EditorSettingsViewer (154)
[2015.09.21-22.05.47:698][657]LogModuleManager: Shutting down and abandoning module SettingsEditor (153)
[2015.09.21-22.05.47:715][657]LogModuleManager: Shutting down and abandoning module ProjectLauncher (152)
[2015.09.21-22.05.47:741][657]LogModuleManager: Shutting down and abandoning module SessionFrontend (151)
[2015.09.21-22.05.47:762][657]LogModuleManager: Shutting down and abandoning module ProfilerClient (150)
[2015.09.21-22.05.47:784][657]LogModuleManager: Shutting down and abandoning module TargetDeviceServices (149)
[2015.09.21-22.05.47:784][657]LogModuleManager: Shutting down and abandoning module DeviceManager (148)
[2015.09.21-22.05.47:785][657]LogModuleManager: Shutting down and abandoning module AutomationController (147)
[2015.09.21-22.05.47:842][657]LogModuleManager: Shutting down and abandoning module AutomationWindow (146)
[2015.09.21-22.05.47:916][657]LogModuleManager: Shutting down and abandoning module Layers (145)
[2015.09.21-22.05.47:981][657]LogModuleManager: Shutting down and abandoning module ComponentVisualizers (144)
[2015.09.21-22.05.47:981][657]LogModuleManager: Shutting down and abandoning module DetailCustomizations (143)
[2015.09.21-22.05.47:981][657]LogModuleManager: Shutting down and abandoning module PackagesDialog (142)
[2015.09.21-22.05.47:981][657]LogModuleManager: Shutting down and abandoning module Persona (141)
[2015.09.21-22.05.47:981][657]LogModuleManager: Shutting down and abandoning module Kismet (140)
[2015.09.21-22.05.47:981][657]LogModuleManager: Shutting down and abandoning module GraphEditor (139)
[2015.09.21-22.05.47:981][657]LogModuleManager: Shutting down and abandoning module ClassViewer (138)
[2015.09.21-22.05.47:981][657]LogModuleManager: Shutting down and abandoning module Toolbox (137)
[2015.09.21-22.05.47:981][657]LogModuleManager: Shutting down and abandoning module ModuleUI (136)
[2015.09.21-22.05.47:981][657]LogModuleManager: Shutting down and abandoning module MovieSceneTools (135)
[2015.09.21-22.05.47:981][657]LogModuleManager: Shutting down and abandoning module OutputLog (134)
[2015.09.21-22.05.48:011][657]LogModuleManager: Shutting down and abandoning module GammaUI (133)
[2015.09.21-22.05.48:031][657]LogModuleManager: Shutting down and abandoning module Documentation (132)
[2015.09.21-22.05.48:031][657]LogModuleManager: Shutting down and abandoning module GameLiveStreaming (131)
[2015.09.21-22.05.48:043][657]LogModuleManager: Shutting down and abandoning module StreamingPauseRendering (130)
[2015.09.21-22.05.48:057][657]LogModuleManager: Shutting down and abandoning module AnalyticsET (129)
[2015.09.21-22.05.48:057][657]LogModuleManager: Shutting down and abandoning module Analytics (128)
[2015.09.21-22.05.48:057][657]LogModuleManager: Shutting down and abandoning module AITestSuite (127)
[2015.09.21-22.05.48:070][657]LogModuleManager: Shutting down and abandoning module GameplayDebugger (126)
[2015.09.21-22.05.48:070][657]LogModuleManager: Shutting down and abandoning module AIModule (125)
[2015.09.21-22.05.48:070][657]LogModuleManager: Shutting down and abandoning module ProfilerService (124)
[2015.09.21-22.05.48:183][657]LogModuleManager: Shutting down and abandoning module TaskGraph (123)
[2015.09.21-22.05.48:238][657]LogModuleManager: Shutting down and abandoning module SubstanceEditor (122)
[2015.09.21-22.05.48:250][657]LogModuleManager: Shutting down and abandoning module SlateRemote (121)
[2015.09.21-22.05.48:250][657]LogModuleManager: Shutting down and abandoning module SteamVRController (120)
[2015.09.21-22.05.48:250][657]LogModuleManager: Shutting down and abandoning module SteamVR (119)
[2015.09.21-22.05.48:250][657]LogModuleManager: Shutting down and abandoning module ProceduralMeshComponent (118)
[2015.09.21-22.05.48:251][657]LogModuleManager: Shutting down and abandoning module OculusRift (117)
[2015.09.21-22.05.48:251][657]LogModuleManager: Shutting down and abandoning module OculusLibrary (116)
[2015.09.21-22.05.48:251][657]LogModuleManager: Shutting down and abandoning module LeapMotionController (115)
[2015.09.21-22.05.48:284][657]LogModuleManager: Shutting down and abandoning module CustomMeshComponent (114)
[2015.09.21-22.05.48:304][657]LogModuleManager: Shutting down and abandoning module CableComponent (113)
[2015.09.21-22.05.48:304][657]LogModuleManager: Shutting down and abandoning module ArchVisCharacter (112)
[2015.09.21-22.05.48:304][657]LogModuleManager: Shutting down and abandoning module MessagingDebugger (111)
[2015.09.21-22.05.48:365][657]LogModuleManager: Shutting down and abandoning module MediaPlayerEditor (110)
[2015.09.21-22.05.48:390][657]LogModuleManager: Shutting down and abandoning module HTML5Networking (109)
[2015.09.21-22.05.48:390][657]LogModuleManager: Shutting down and abandoning module SpeedTreeImporter (108)
[2015.09.21-22.05.48:390][657]LogModuleManager: Shutting down and abandoning module PluginBrowser (107)
[2015.09.21-22.05.48:408][657]LogModuleManager: Shutting down and abandoning module EpicSurvey (106)
[2015.09.21-22.05.48:408][657]LogModuleManager: Shutting down and abandoning module DesktopPlatform (105)
[2015.09.21-22.05.48:408][657]LogModuleManager: Shutting down and abandoning module VisualStudioSourceCodeAccess (104)
[2015.09.21-22.05.48:409][657]LogModuleManager: Shutting down and abandoning module UObjectPlugin (103)
[2015.09.21-22.05.48:409][657]LogModuleManager: Shutting down and abandoning module SubversionSourceControl (102)
[2015.09.21-22.05.48:468][657]LogModuleManager: Shutting down and abandoning module PerforceSourceControl (101)
[2015.09.21-22.05.48:490][657]LogModuleManager: Shutting down and abandoning module SourceControl (100)
[2015.09.21-22.05.48:490][657]LogModuleManager: Shutting down and abandoning module GitSourceControl (99)
[2015.09.21-22.05.48:490][657]LogModuleManager: Shutting down and abandoning module LightPropagationVolumeEditor (98)
[2015.09.21-22.05.48:490][657]LogModuleManager: Shutting down and abandoning module PaperTiledImporter (97)
[2015.09.21-22.05.48:502][657]LogModuleManager: Shutting down and abandoning module PaperSpriteSheetImporter (96)
[2015.09.21-22.05.48:519][657]LogModuleManager: Shutting down and abandoning module MeshPaint (95)
[2015.09.21-22.05.48:539][657]LogModuleManager: Shutting down and abandoning module SlateReflector (94)
[2015.09.21-22.05.48:557][657]LogModuleManager: Shutting down and abandoning module HotReload (93)
[2015.09.21-22.05.48:568][657]LogModuleManager: Shutting down and abandoning module MainFrame (92)
[2015.09.21-22.05.48:568][657]LogModuleManager: Shutting down and abandoning module LevelEditor (91)
[2015.09.21-22.05.48:569][657]LogModuleManager: Shutting down and abandoning module ContentBrowser (90)
[2015.09.21-22.05.48:570][657]LogModuleManager: Shutting down and abandoning module Paper2DEditor (89)
[2015.09.21-22.05.48:619][657]LogModuleManager: Shutting down and abandoning module UdpMessaging (88)
[2015.09.21-22.05.48:720][657]LogModuleManager: Shutting down and abandoning module DirectoryWatcher (87)
[2015.09.21-22.05.48:720][657]LogModuleManager: Shutting down and abandoning module AssetRegistry (86)
[2015.09.21-22.05.48:850][657]LogModuleManager: Shutting down and abandoning module SubstanceCore (85)
[2015.09.21-22.05.48:892][657]LogModuleManager: Shutting down and abandoning module LightPropagationVolumeRuntime (84)
[2015.09.21-22.05.48:892][657]LogModuleManager: Shutting down and abandoning module Paper2D (83)
[2015.09.21-22.05.48:892][657]LogModuleManager: Shutting down and abandoning module WindowsMoviePlayer (82)
[2015.09.21-22.05.48:919][657]LogModuleManager: Shutting down and abandoning module Media (81)
[2015.09.21-22.05.48:919][657]LogModuleManager: Shutting down and abandoning module WmfMedia (80)
[2015.09.21-22.05.48:920][657]LogModuleManager: Shutting down and abandoning module OnlineBlueprintSupport (79)
[2015.09.21-22.05.48:921][657]LogModuleManager: Shutting down and abandoning module GameplayTasksEditor (78)
[2015.09.21-22.05.48:921][657]LogModuleManager: Shutting down and abandoning module PropertyEditor (77)
[2015.09.21-22.05.48:921][657]LogModuleManager: Shutting down and abandoning module BehaviorTreeEditor (76)
[2015.09.21-22.05.48:937][657]LogModuleManager: Shutting down and abandoning module FunctionalTesting (75)
[2015.09.21-22.05.48:937][657]LogModuleManager: Shutting down and abandoning module CollisionAnalyzer (74)
[2015.09.21-22.05.48:938][657]LogModuleManager: Shutting down and abandoning module WorkspaceMenuStructure (73)
[2015.09.21-22.05.48:938][657]LogModuleManager: Shutting down and abandoning module MessageLog (72)
[2015.09.21-22.05.48:938][657]LogModuleManager: Shutting down and abandoning module Sequencer (71)
[2015.09.21-22.05.48:938][657]LogModuleManager: Shutting down and abandoning module AssetTools (70)
[2015.09.21-22.05.48:973][657]LogModuleManager: Shutting down and abandoning module UMGEditor (69)
[2015.09.21-22.05.48:973][657]LogModuleManager: Shutting down and abandoning module UMG (68)
[2015.09.21-22.05.48:973][657]LogModuleManager: Shutting down and abandoning module Slate (67)
[2015.09.21-22.05.48:973][657]LogModuleManager: Shutting down and abandoning module EditorStyle (66)
[2015.09.21-22.05.48:976][657]LogModuleManager: Shutting down and abandoning module SessionServices (65)
[2015.09.21-22.05.48:976][657]LogModuleManager: Shutting down and abandoning module SourceCodeAccess (64)
[2015.09.21-22.05.48:976][657]LogModuleManager: Shutting down and abandoning module HeadMountedDisplay (63)
[2015.09.21-22.05.48:976][657]LogModuleManager: Shutting down and abandoning module XAudio2 (62)
[2015.09.21-22.05.48:976][657]LogModuleManager: Shutting down and abandoning module Networking (60)
[2015.09.21-22.05.48:976][657]LogModuleManager: Shutting down and abandoning module Core (59)
[2015.09.21-22.05.48:976][657]LogModuleManager: Shutting down and abandoning module KismetCompiler (58)
[2015.09.21-22.05.48:976][657]LogModuleManager: Shutting down and abandoning module PhysXFormats (57)
[2015.09.21-22.05.48:976][657]LogModuleManager: Shutting down and abandoning module MeshUtilities (56)
[2015.09.21-22.05.49:007][657]LogModuleManager: Shutting down and abandoning module CookingStats (55)
[2015.09.21-22.05.49:009][657]LogModuleManager: Shutting down and abandoning module DerivedDataCache (54)
[2015.09.21-22.05.49:022][657]LogDerivedDataCache: Shutdown
[2015.09.21-22.05.49:022][657]LogModuleManager: Shutting down and abandoning module ShaderFormatOpenGL (53)
[2015.09.21-22.05.49:059][657]LogModuleManager: Shutting down and abandoning module ShaderFormatD3D (52)
[2015.09.21-22.05.49:059][657]LogModuleManager: Shutting down and abandoning module MetalShaderFormat (51)
[2015.09.21-22.05.49:060][657]LogModuleManager: Shutting down and abandoning module TextureFormatUncompressed (50)
[2015.09.21-22.05.49:060][657]LogModuleManager: Shutting down and abandoning module TextureFormatPVR (49)
[2015.09.21-22.05.49:060][657]LogModuleManager: Shutting down and abandoning module TextureFormatIntelISPCTexComp (48)
[2015.09.21-22.05.49:060][657]LogModuleManager: Shutting down and abandoning module TextureFormatDXT (47)
[2015.09.21-22.05.49:060][657]LogModuleManager: Shutting down and abandoning module ImageWrapper (46)
[2015.09.21-22.05.49:061][657]LogModuleManager: Shutting down and abandoning module TextureFormatASTC (45)
[2015.09.21-22.05.49:061][657]LogModuleManager: Shutting down and abandoning module TextureFormatAndroid (44)
[2015.09.21-22.05.49:061][657]LogModuleManager: Shutting down and abandoning module AudioFormatOpus (43)
[2015.09.21-22.05.49:080][657]LogModuleManager: Shutting down and abandoning module AudioFormatOgg (42)
[2015.09.21-22.05.49:080][657]LogModuleManager: Shutting down and abandoning module AudioFormatADPCM (41)
[2015.09.21-22.05.49:080][657]LogModuleManager: Shutting down and abandoning module LinuxTargetPlatform (40)
[2015.09.21-22.05.49:080][657]LogModuleManager: Shutting down and abandoning module LinuxServerTargetPlatform (39)
[2015.09.21-22.05.49:095][657]LogModuleManager: Shutting down and abandoning module LinuxNoEditorTargetPlatform (38)
[2015.09.21-22.05.49:103][657]LogModuleManager: Shutting down and abandoning module Messaging (37)
[2015.09.21-22.05.49:103][657]LogModuleManager: Shutting down and abandoning module IOSTargetPlatform (36)
[2015.09.21-22.05.49:103][657]LogModuleManager: Shutting down and abandoning module HTML5TargetPlatform (35)
[2015.09.21-22.05.49:103][657]LogModuleManager: Shutting down and abandoning module Android_PVRTCTargetPlatform (34)
[2015.09.21-22.05.49:104][657]LogModuleManager: Shutting down and abandoning module Android_ETC2TargetPlatform (33)
[2015.09.21-22.05.49:114][657]LogModuleManager: Shutting down and abandoning module Android_ETC1TargetPlatform (32)
[2015.09.21-22.05.49:122][657]LogModuleManager: Shutting down and abandoning module Android_DXTTargetPlatform (31)
[2015.09.21-22.05.49:134][657]LogModuleManager: Shutting down and abandoning module Android_ATCTargetPlatform (30)
[2015.09.21-22.05.49:145][657]LogModuleManager: Shutting down and abandoning module Android_ASTCTargetPlatform (29)
[2015.09.21-22.05.49:160][657]LogModuleManager: Shutting down and abandoning module AndroidTargetPlatform (28)
[2015.09.21-22.05.49:165][657]LogModuleManager: Shutting down and abandoning module WindowsTargetPlatform (27)
[2015.09.21-22.05.49:165][657]LogModuleManager: Shutting down and abandoning module WindowsServerTargetPlatform (26)
[2015.09.21-22.05.49:172][657]LogModuleManager: Shutting down and abandoning module WindowsNoEditorTargetPlatform (25)
[2015.09.21-22.05.49:191][657]LogModuleManager: Shutting down and abandoning module WindowsClientTargetPlatform (24)
[2015.09.21-22.05.49:207][657]LogModuleManager: Shutting down and abandoning module AllDesktopTargetPlatform (23)
[2015.09.21-22.05.49:207][657]LogModuleManager: Shutting down and abandoning module TargetPlatform (22)
[2015.09.21-22.05.49:207][657]LogModuleManager: Shutting down and abandoning module InputCore (21)
[2015.09.21-22.05.49:207][657]LogModuleManager: Shutting down and abandoning module Settings (20)
[2015.09.21-22.05.49:207][657]LogModuleManager: Shutting down and abandoning module OnlineSubsystem (18)
[2015.09.21-22.05.49:207][657]LogModuleManager: Shutting down and abandoning module HTTP (17)
[2015.09.21-22.05.50:208][657]LogModuleManager: Shutting down and abandoning module XMPP (16)
[2015.09.21-22.05.50:208][657]LogModuleManager: Shutting down and abandoning module ExampleDeviceProfileSelector (15)
[2015.09.21-22.05.50:208][657]LogModuleManager: Shutting down and abandoning module TextureCompressor (14)
[2015.09.21-22.05.50:208][657]LogModuleManager: Shutting down and abandoning module ShaderCore (13)
[2015.09.21-22.05.50:208][657]LogModuleManager: Shutting down and abandoning module Landscape (12)
[2015.09.21-22.05.50:208][657]LogModuleManager: Shutting down and abandoning module SlateRHIRenderer (11)
[2015.09.21-22.05.50:210][657]LogModuleManager: Shutting down and abandoning module OpenGLDrv (10)
[2015.09.21-22.05.50:210][657]LogModuleManager: Shutting down and abandoning module D3D11RHI (9)
[2015.09.21-22.05.50:210][657]LogModuleManager: Shutting down and abandoning module AnimGraphRuntime (8)
[2015.09.21-22.05.50:210][657]LogModuleManager: Shutting down and abandoning module Renderer (7)
[2015.09.21-22.05.50:210][657]LogModuleManager: Shutting down and abandoning module Engine (6)
[2015.09.21-22.05.50:210][657]LogModuleManager: Shutting down and abandoning module CoreUObject (5)
[2015.09.21-22.05.50:210][657]LogModuleManager: Shutting down and abandoning module NetworkFile (4)
[2015.09.21-22.05.50:210][657]LogModuleManager: Shutting down and abandoning module StreamingFile (3)
[2015.09.21-22.05.50:210][657]LogModuleManager: Shutting down and abandoning module SandboxFile (2)
[2015.09.21-22.05.50:210][657]LogModuleManager: Shutting down and abandoning module PakFile (1)
[2015.09.21-22.05.50:211][657]LogExit: Exiting.
[2015.09.21-22.05.50:231][657]Log file closed, 09/21/15 18:05:50
