[2015.09.09-22.36.25:372][  0]Log file open, 09/09/15 18:36:25
[2015.09.09-22.36.25:372][  0]LogInit:Display: Running engine for game: SuperSpaceArmada
[2015.09.09-22.36.25:372][  0]LogInit:Display: RandInit(-997022298) SRandInit(-997022298).
[2015.09.09-22.36.25:372][  0]LogTaskGraph: Started task graph with 4 named threads and 5 total threads.
[2015.09.09-22.36.25:372][  0]LogStats: Stats thread started at 0.065042
[2015.09.09-22.36.25:372][  0]LogInit: Version: 4.9.0-2672455+++depot+UE4-Releases+4.9
[2015.09.09-22.36.25:372][  0]LogInit: API Version: 2672455
[2015.09.09-22.36.25:372][  0]LogInit: Compiled (64-bit): Aug 28 2015 12:33:01
[2015.09.09-22.36.25:372][  0]LogInit: Compiled with Visual C++: 18.00.21005.01
[2015.09.09-22.36.25:372][  0]LogInit: Build Configuration: Development
[2015.09.09-22.36.25:372][  0]LogInit: Branch Name: ++depot+UE4-Releases+4.9
[2015.09.09-22.36.25:372][  0]LogInit: Command line:  
[2015.09.09-22.36.25:372][  0]LogInit: Base directory: C:/Program Files/Epic Games/4.9/Engine/Binaries/Win64/
[2015.09.09-22.36.25:372][  0]LogInit: Rocket: 1
[2015.09.09-22.36.25:372][  0]LogInit: Using libcurl 7.41.0
[2015.09.09-22.36.25:372][  0]LogInit:  - built for x86_64-pc-win32
[2015.09.09-22.36.25:372][  0]LogInit:  - supports SSL with WinSSL
[2015.09.09-22.36.25:372][  0]LogInit:  - other features:
[2015.09.09-22.36.25:372][  0]LogInit:      CURL_VERSION_SSL
[2015.09.09-22.36.25:372][  0]LogInit:      CURL_VERSION_IPV6
[2015.09.09-22.36.25:372][  0]LogInit:      CURL_VERSION_ASYNCHDNS
[2015.09.09-22.36.25:372][  0]LogInit:      CURL_VERSION_LARGEFILE
[2015.09.09-22.36.25:372][  0]LogInit:      CURL_VERSION_IDN
[2015.09.09-22.36.25:372][  0]LogInit:  CurlRequestOptions (configurable via config and command line):
[2015.09.09-22.36.25:372][  0]LogInit:  - bVerifyPeer = true  - Libcurl will verify peer certificate
[2015.09.09-22.36.25:372][  0]LogInit:  - bUseHttpProxy = false  - Libcurl will NOT use HTTP proxy
[2015.09.09-22.36.25:372][  0]LogInit:  - bDontReuseConnections = false  - Libcurl will reuse connections
[2015.09.09-22.36.25:372][  0]LogInit:  - CertBundlePath = nullptr  - Libcurl will use whatever was configured at build time.
[2015.09.09-22.36.25:388][  0]LogInit: Presizing for 0 objects not considered by GC, pre-allocating 0 bytes.
[2015.09.09-22.36.25:388][  0]LogInit: Object subsystem initialized
[2015.09.09-22.36.25:435][  0]LogInit: Selected Device Profile: [Windows]
[2015.09.09-22.36.25:435][  0]LogInit: Applying CVar settings loaded from the selected device profile: [Windows]
[2015.09.09-22.36.25:443][  0]LogInit: Computer: PERSONAL-PC
[2015.09.09-22.36.25:443][  0]LogInit: User: MEnrique
[2015.09.09-22.36.25:443][  0]LogInit: CPU Page size=4096, Cores=2
[2015.09.09-22.36.25:443][  0]LogInit: High frequency timer resolution =2.338336 MHz
[2015.09.09-22.36.25:443][  0]LogMemory: Memory total: Physical=15.9GB (16GB approx)
[2015.09.09-22.36.25:443][  0]LogMemory: Platform Memory Stats for Windows
[2015.09.09-22.36.25:443][  0]LogMemory: Process Physical Memory: 51.92 MB used, 51.92 MB peak
[2015.09.09-22.36.25:443][  0]LogMemory: Process Virtual Memory: 56.86 MB used, 56.86 MB peak
[2015.09.09-22.36.25:443][  0]LogMemory: Physical Memory: 3099.03 MB used, 16299.39 MB total
[2015.09.09-22.36.25:443][  0]LogMemory: Virtual Memory: 351.95 MB used, 134217728.00 MB total
[2015.09.09-22.36.25:480][  0]LogTextLocalizationManager: No specific translations for ('en-US') exist, so ('en') translations will be used.
[2015.09.09-22.36.26:541][  0]LogD3D11RHI: Found D3D11 adapter 0: NVIDIA GeForce 940M          (Feature Level 11_0)
[2015.09.09-22.36.26:541][  0]LogD3D11RHI: Adapter has 1972MB of dedicated video memory, 0MB of dedicated system memory, and 2048MB of shared system memory, 1 output[s]
[2015.09.09-22.36.26:550][  0]LogD3D11RHI: Found D3D11 adapter 1: Intel(R) HD Graphics 5500 (Feature Level 11_0)
[2015.09.09-22.36.26:550][  0]LogD3D11RHI: Adapter has 0MB of dedicated video memory, 0MB of dedicated system memory, and 3839MB of shared system memory, 0 output[s]
[2015.09.09-22.36.26:552][  0]LogD3D11RHI: Found D3D11 adapter 2: Microsoft Basic Render Driver (Feature Level 11_0)
[2015.09.09-22.36.26:552][  0]LogD3D11RHI: Adapter has 0MB of dedicated video memory, 0MB of dedicated system memory, and 256MB of shared system memory, 0 output[s]
[2015.09.09-22.36.26:552][  0]LogD3D11RHI: Chosen D3D11 Adapter Id = 0
[2015.09.09-22.36.26:556][  0]LogD3D11RHI: !Direct3DDevice
[2015.09.09-22.36.26:556][  0]LogRHI: Texture pool is 1361 MB (70% of 1945 MB)
[2015.09.09-22.36.26:567][  0]LogD3D11RHI: Async texture creation enabled
[2015.09.09-22.36.26:586][  0]LogShaderCompilers: Guid format shader working directory is 15 characters bigger than the processId version (../../../../../../Users/MEnrique/Documents/Unreal Projects/SuperSpaceArmada/Intermediate/Shaders/WorkingDirectory/2304/).
[2015.09.09-22.36.26:586][  0]LogShaderCompilers: Cleaned the shader compiler working directory '../../../../../../Users/MEnrique/Documents/Unreal Projects/SuperSpaceArmada/Intermediate/Shaders/tmp/26390A9640FA54861C36B1A8AAB3CC2A/'.
[2015.09.09-22.36.26:586][  0]LogShaderCompilers:Display: Using Local Shader Compiler.
[2015.09.09-22.36.27:973][  0]LogTemp:Display: Loaded TP AllDesktopTargetPlatform
[2015.09.09-22.36.27:979][  0]LogTemp:Display: Loaded TP WindowsClientTargetPlatform
[2015.09.09-22.36.27:985][  0]LogTemp:Display: Loaded TP WindowsNoEditorTargetPlatform
[2015.09.09-22.36.27:991][  0]LogTemp:Display: Loaded TP WindowsServerTargetPlatform
[2015.09.09-22.36.27:996][  0]LogTemp:Display: Loaded TP WindowsTargetPlatform
[2015.09.09-22.36.28:000][  0]LogTemp:Display: Loaded TP AndroidTargetPlatform
[2015.09.09-22.36.28:004][  0]LogTemp:Display: Loaded TP Android_ASTCTargetPlatform
[2015.09.09-22.36.28:008][  0]LogTemp:Display: Loaded TP Android_ATCTargetPlatform
[2015.09.09-22.36.28:012][  0]LogTemp:Display: Loaded TP Android_DXTTargetPlatform
[2015.09.09-22.36.28:015][  0]LogTemp:Display: Loaded TP Android_ETC1TargetPlatform
[2015.09.09-22.36.28:019][  0]LogTemp:Display: Loaded TP Android_ETC2TargetPlatform
[2015.09.09-22.36.28:024][  0]LogTemp:Display: Loaded TP Android_PVRTCTargetPlatform
[2015.09.09-22.36.28:024][  0]LogTemp:Display: Loaded TP HTML5TargetPlatform
[2015.09.09-22.36.28:043][  0]LogTemp:Display: Loaded TP IOSTargetPlatform
[2015.09.09-22.36.28:047][  0]LogTemp:Display: Loaded TP LinuxNoEditorTargetPlatform
[2015.09.09-22.36.28:051][  0]LogTemp:Display: Loaded TP LinuxServerTargetPlatform
[2015.09.09-22.36.28:055][  0]LogTemp:Display: Loaded TP LinuxTargetPlatform
[2015.09.09-22.36.28:055][  0]LogTargetPlatformManager:Display: Building Assets For Windows
[2015.09.09-22.36.28:146][  0]LogDerivedDataCache:Display: Max Cache Size: 512 MB
[2015.09.09-22.36.28:193][  0]LogDerivedDataCache: Loaded boot cache 0.05s 41MB C:/Users/MEnrique/AppData/Local/UnrealEngine/4.9/DerivedDataCache/Boot.ddc.
[2015.09.09-22.36.28:193][  0]LogDerivedDataCache:Display: Loaded Boot cache: C:/Users/MEnrique/AppData/Local/UnrealEngine/4.9/DerivedDataCache/Boot.ddc
[2015.09.09-22.36.28:193][  0]LogDerivedDataCache: FDerivedDataBackendGraph:  Pak pak cache file ../../../../../../Users/MEnrique/Documents/Unreal Projects/SuperSpaceArmada/DerivedDataCache/DDC.ddp not found, will not use a pak cache.
[2015.09.09-22.36.28:193][  0]LogDerivedDataCache: Unable to find inner node Pak for hierarchical cache Hierarchy.
[2015.09.09-22.36.28:193][  0]LogDerivedDataCache: FDerivedDataBackendGraph:  CompressedPak pak cache file ../../../../../../Users/MEnrique/Documents/Unreal Projects/SuperSpaceArmada/DerivedDataCache/Compressed.ddp not found, will not use a pak cache.
[2015.09.09-22.36.28:193][  0]LogDerivedDataCache: Unable to find inner node CompressedPak for hierarchical cache Hierarchy.
[2015.09.09-22.36.28:333][  0]LogDerivedDataCache:Display: Pak cache opened for reading ../../../Engine/DerivedDataCache/Compressed.ddp.
[2015.09.09-22.36.28:345][  0]LogDerivedDataCache: Using Local data cache path C:/Users/MEnrique/AppData/Local/UnrealEngine/Common/DerivedDataCache: Writable
[2015.09.09-22.36.28:524][  0]LogInit: Selected Device Profile: [Windows]
[2015.09.09-22.36.28:526][  0]LogContentStreaming: Texture pool size is 0.000000MB
[2015.09.09-22.36.28:661][  0]LogMeshUtilities: No automatic mesh reduction module available
[2015.09.09-22.36.28:661][  0]LogMeshUtilities: No automatic mesh merging module available
[2015.09.09-22.36.28:947][  0]LogInit: WinSock: version 1.1 (2.2), MaxSocks=32767, MaxUdp=65467
[2015.09.09-22.36.29:742][  0]UdpMessaging: Initializing bridge on interface 0.0.0.0:0 to multicast group 230.0.0.1:6666.
[2015.09.09-22.36.29:840][  0]LogAssetRegistry: FAssetRegistry took 0.0105 seconds to start up
[2015.09.09-22.36.30:026][  0]SourceControl: Info Source control is disabled
[2015.09.09-22.36.30:040][  0]SourceControl: Info Source control is disabled
[2015.09.09-22.36.30:052][  0]SourceControl: Info Source control is disabled
[2015.09.09-22.36.30:065][  0]SourceControl: Info Source control is disabled
[2015.09.09-22.36.30:213][  0]LogLinker:Warning: Asset '../../../Engine/Plugins/Runtime/LeapMotionController/Content/LM_PassthroughMaterial.uasset' has been saved with empty engine version. The asset will be loaded but may be incompatible.
[2015.09.09-22.36.30:294][  0]LogObj: 28361 objects as part of root set at end of initial load.
[2015.09.09-22.36.30:294][  0]LogUObjectAllocator: 6038864 out of 0 bytes used by permanent object pool.
[2015.09.09-22.36.30:357][  0]LogEngine: Initializing Engine...
[2015.09.09-22.36.30:388][  0]LogHMD: Can't find Oculus library dev build: is proper Runtime installed? Version: 0.6.0.0
[2015.09.09-22.36.30:389][  0]LogHMD: SteamVR failed to initialize.  Err: 110
[2015.09.09-22.36.30:530][  0]LogAIModule: Creating AISystem for world NewWorld
[2015.09.09-22.36.30:534][  0]LogInit: XAudio2 using 'Speaker/HP (Realtek High Definition Audio)' : 2 channels at 48 kHz using 32 bits per sample (channel mask 0x3)
[2015.09.09-22.36.30:736][  0]LogInit: FAudioDevice initialized.
[2015.09.09-22.36.30:760][  0]LogDerivedDataCache: Saved boot cache 0.02s 41MB C:/Users/MEnrique/AppData/Local/UnrealEngine/4.9/DerivedDataCache/Boot.ddc.
[2015.09.09-22.36.30:764][  0]LogInit: Texture streaming: Enabled
[2015.09.09-22.36.30:771][  0]LogAnalytics: Creating configured Analytics provider AnalyticsET
[2015.09.09-22.36.30:771][  0]LogAnalytics: [UEEditor.Rocket.Release] APIServer = http://et2.epicgames.com/ET2/. AppVersion = 4.9.0-2672455+++depot+UE4-Releases+4.9
[2015.09.09-22.36.30:771][  0]LogAnalytics: [UEEditor.Rocket.Release] SetUserId 90a4bcb3439f64e419d9378050b206b3|656f284bf5d54f8f9452234d119bf9d4|9a3458ae-8410-4c63-b423-f9054b45c157
[2015.09.09-22.36.30:771][  0]LogAnalytics: [UEEditor.Rocket.Release] AnalyticsET::StartSession
[2015.09.09-22.36.30:784][  0]LogWindowsTextInputMethodSystem:Display: IME system now deactivated.
[2015.09.09-22.36.30:784][  0]LogWindowsTextInputMethodSystem:Display: IME system now deactivated.
[2015.09.09-22.36.30:800][  0]LogInit: Transaction tracking system initialized
[2015.09.09-22.36.30:847][  0]BlueprintLog: New page: Editor Load
[2015.09.09-22.36.30:950][  0]LocalizationService: Info Localization service is disabled
[2015.09.09-22.36.31:028][  0]LogConsoleResponse:Display: 
[2015.09.09-22.36.31:180][  0]LogCook:Display: Done creating registry. It took  0.00s.
[2015.09.09-22.36.31:260][  0]LogFileCache: Scanning file cache for directory 'C:/Users/MEnrique/Documents/Unreal Projects/SuperSpaceArmada/Content/' took 0.01s
[2015.09.09-22.36.31:260][  0]SourceControl: Info Source control is disabled
[2015.09.09-22.36.31:261][  0]Cmd: MAP LOAD FILE="../../../../../../Users/MEnrique/Documents/Unreal Projects/SuperSpaceArmada/Content/TopDownBP/Maps/TopDownExampleMap.umap" TEMPLATE=0 SHOWPROGRESS=1 FEATURELEVEL=3
[2015.09.09-22.36.31:261][  0]LogEditorServer:Warning: Can't find file '../../../../../../Users/MEnrique/Documents/Unreal Projects/SuperSpaceArmada/Content/TopDownBP/Maps/TopDownExampleMap.umap'
[2015.09.09-22.36.31:261][  0]Cmd: MAP CHECKDEP NOCLEARLOG
[2015.09.09-22.36.31:305][  0]MapCheck: Info Map check complete: 0 Error(s), 0 Warning(s), took 43.831ms to complete.
[2015.09.09-22.36.31:305][  0]LogFileHelpers: Loading map 'TopDownExampleMap' took 0.044
[2015.09.09-22.36.31:437][  0]LogCollectionManager: Loaded 0 collections in 0.003387 seconds
[2015.09.09-22.36.31:481][  0]LogFileCache: Scanning file cache for directory 'C:/Users/MEnrique/Documents/Unreal Projects/SuperSpaceArmada/Saved/Collections/' took 0.01s
[2015.09.09-22.36.31:481][  0]LogFileCache: Scanning file cache for directory 'C:/Users/MEnrique/Documents/Unreal Projects/SuperSpaceArmada/Content/Developers/MEnrique/Collections/' took 0.01s
[2015.09.09-22.36.31:481][  0]LogFileCache: Scanning file cache for directory 'C:/Users/MEnrique/Documents/Unreal Projects/SuperSpaceArmada/Content/Collections/' took 0.01s
[2015.09.09-22.36.31:481][  0]LogContentBrowser: Native class hierarchy populated in 0.0104 seconds. Added 1867 classes and 333 folders.
[2015.09.09-22.36.31:487][  0]LogCollectionManager: Rebuilt the GUID cache for 0 collections in 0.000003 seconds
[2015.09.09-22.36.31:497][  0]LogContentBrowser: Native class hierarchy updated for 'WidgetCarousel' in 0.0005 seconds. Added 0 classes and 0 folders.
[2015.09.09-22.36.31:644][  0]LogContentBrowser: Native class hierarchy updated for 'AddContentDialog' in 0.0005 seconds. Added 0 classes and 0 folders.
[2015.09.09-22.36.31:651][  0]LogContentBrowser: Native class hierarchy updated for 'SceneOutliner' in 0.0005 seconds. Added 1 classes and 2 folders.
[2015.09.09-22.36.31:674][  0]LogCrashTracker: Crashtracker disabled due to settings.
[2015.09.09-22.36.31:678][  0]LogUObjectGlobals:Warning: Failed to find object 'Class None.'
[2015.09.09-22.36.31:701][  0]LogLoad: Full Startup: 6.86 seconds (BP compile: 0.00 seconds)
[2015.09.09-22.36.31:758][  0]LogContentStreaming: Texture pool size now 400 MB
[2015.09.09-22.36.31:902][  0]LogRenderer: Reallocating scene render targets to support 1208x576 (Frame:2).
[2015.09.09-22.36.32:084][  2]LogAssetRegistry: Asset discovery search completed in 2.2547 seconds
[2015.09.09-22.36.32:084][  2]LogCollectionManager: Rebuilt the object cache for 0 collections in 0.000001 seconds (found 0 objects)
[2015.09.09-22.36.32:084][  2]LogCollectionManager: Fixed up redirectors for 0 collections in 0.000021 seconds (updated 0 objects)
[2015.09.09-22.36.36:542][ 97]LogEditorViewport: Clicking Background
[2015.09.09-22.36.45:676][542]LogPlayLevel: PlayLevel: No blueprints needed recompiling
[2015.09.09-22.36.45:678][542]PIE: New page: PIE session: Untitled_0 (Sep 9, 2015, 2:36:45 PM)
[2015.09.09-22.36.45:678][542]LogPlayLevel: Creating play world package: /Temp/UEDPIE_0_Untitled_0
[2015.09.09-22.36.45:679][542]LogPlayLevel: PIE: StaticDuplicateObject took: (0.000579s)
[2015.09.09-22.36.45:679][542]LogAIModule: Creating AISystem for world NewWorld
[2015.09.09-22.36.45:679][542]LogPlayLevel: PIE: World Init took: (0.000677s)
[2015.09.09-22.36.45:680][542]LogPlayLevel: PIE: Created PIE world by copying editor world from /Temp/Untitled_0.NewWorld to /Temp/UEDPIE_0_Untitled_0.NewWorld (0.001490s)
[2015.09.09-22.36.45:705][542]LogInit: XAudio2 using 'Speaker/HP (Realtek High Definition Audio)' : 2 channels at 48 kHz using 32 bits per sample (channel mask 0x3)
[2015.09.09-22.36.45:711][542]LogInit: FAudioDevice initialized.
[2015.09.09-22.36.45:759][542]LogLinker:Warning: Can't find file '/Game/TopDownBP/Blueprints/TopDownGameMode'
[2015.09.09-22.36.45:759][542]LogLinker:Warning: Can't find file '/Game/TopDownBP/Blueprints/TopDownGameMode'
[2015.09.09-22.36.45:759][542]LogUObjectGlobals:Warning: Failed to find object 'Class /Game/TopDownBP/Blueprints/TopDownGameMode.TopDownGameMode_C'
[2015.09.09-22.36.45:759][542]LogWorld: Game class is 'GameMode'
[2015.09.09-22.36.45:760][542]LogWorld: Bringing World /Temp/UEDPIE_0_Untitled_0.NewWorld up for play (max tick rate 60) at 2015.09.09-18.36.45
[2015.09.09-22.36.45:760][542]LogActor:Warning: GameSession /Temp/UEDPIE_0_Untitled_0.NewWorld:PersistentLevel.GameSession_0 has natively added scene component(s), but none of them were set as the actor's RootComponent - picking one arbitrarily
[2015.09.09-22.36.45:761][542]LogActor:Warning: GameNetworkManager /Temp/UEDPIE_0_Untitled_0.NewWorld:PersistentLevel.GameNetworkManager_0 has natively added scene component(s), but none of them were set as the actor's RootComponent - picking one arbitrarily
[2015.09.09-22.36.45:761][542]LogWorld: Bringing up level for play took: 0.000730
[2015.09.09-22.36.45:830][542]PIE: Info Play in editor start time for /Temp/UEDPIE_0_Untitled_0 1.06
[2015.09.09-22.36.47:543][641]LogParticles: Destroying 0 GPU particle simulations for FXSystem 0x0000009DE1A7B6A0
[2015.09.09-22.36.54:809][ 71]LogLinker:Warning: Asset '../../../../../../Users/MEnrique/Documents/Unreal Projects/SuperSpaceArmada/Content/Mannequin/Animations/ThirdPerson_AnimBP.uasset' has been saved with empty engine version. The asset will be loaded but may be incompatible.
[2015.09.09-22.36.54:811][ 71]LogLinker:Warning: Asset '../../../../../../Users/MEnrique/Documents/Unreal Projects/SuperSpaceArmada/Content/Mannequin/Animations/ThirdPerson_Jump.uasset' has been saved with empty engine version. The asset will be loaded but may be incompatible.
[2015.09.09-22.36.54:813][ 71]LogLinker:Warning: Asset '../../../../../../Users/MEnrique/Documents/Unreal Projects/SuperSpaceArmada/Content/Mannequin/Animations/ThirdPersonJump_Loop.uasset' has been saved with empty engine version. The asset will be loaded but may be incompatible.
[2015.09.09-22.36.54:814][ 71]LogLinker:Warning: Asset '../../../../../../Users/MEnrique/Documents/Unreal Projects/SuperSpaceArmada/Content/Mannequin/Animations/ThirdPersonJump_Start.uasset' has been saved with empty engine version. The asset will be loaded but may be incompatible.
[2015.09.09-22.36.54:816][ 71]LogLinker:Warning: Asset '../../../../../../Users/MEnrique/Documents/Unreal Projects/SuperSpaceArmada/Content/Mannequin/Animations/ThirdPerson_IdleRun_2D.uasset' has been saved with empty engine version. The asset will be loaded but may be incompatible.
[2015.09.09-22.36.54:816][ 71]LogLinker:Warning: Asset '../../../../../../Users/MEnrique/Documents/Unreal Projects/SuperSpaceArmada/Content/Mannequin/Animations/ThirdPersonIdle.uasset' has been saved with empty engine version. The asset will be loaded but may be incompatible.
[2015.09.09-22.36.54:818][ 71]LogLinker:Warning: Asset '../../../../../../Users/MEnrique/Documents/Unreal Projects/SuperSpaceArmada/Content/Mannequin/Animations/ThirdPersonRun.uasset' has been saved with empty engine version. The asset will be loaded but may be incompatible.
[2015.09.09-22.36.54:819][ 71]LogLinker:Warning: Asset '../../../../../../Users/MEnrique/Documents/Unreal Projects/SuperSpaceArmada/Content/Mannequin/Animations/ThirdPersonWalk.uasset' has been saved with empty engine version. The asset will be loaded but may be incompatible.
[2015.09.09-22.36.55:678][ 71]LogAIModule: Creating AISystem for world TopDownExampleMap
[2015.09.09-22.36.55:729][ 71]Cmd: MAP LOAD FILE="../../../../../../Users/MEnrique/Documents/Unreal Projects/SuperSpaceArmada/Content/SSA/Maps/TopDownExampleMap.umap" TEMPLATE=0 SHOWPROGRESS=1 FEATURELEVEL=3
[2015.09.09-22.36.55:729][ 71]LightingResults: New page: Lighting Build
[2015.09.09-22.36.55:733][ 71]LogContentBrowser: Native class hierarchy updated for 'StatsViewer' in 0.0004 seconds. Added 5 classes and 0 folders.
[2015.09.09-22.36.55:752][ 71]LoadErrors: New page: Loading map: TopDownExampleMap.umap
[2015.09.09-22.36.55:752][ 71]MapCheck: New page: Map Check
[2015.09.09-22.36.55:752][ 71]LightingResults: New page: Lighting Build
[2015.09.09-22.36.55:773][ 71]LogParticles: Destroying 0 GPU particle simulations for FXSystem 0x0000009DF0E9A160
[2015.09.09-22.36.55:779][ 71]LogEditorServer: Finished looking for orphan Actors (0.000 secs)
[2015.09.09-22.36.55:817][ 71]Cmd: MAP CHECKDEP NOCLEARLOG
[2015.09.09-22.36.55:869][ 71]MapCheck: Info Map check complete: 0 Error(s), 0 Warning(s), took 51.719ms to complete.
[2015.09.09-22.36.55:869][ 71]LogFileHelpers: Loading map 'TopDownExampleMap' took 0.141
[2015.09.09-22.36.59:606][272]LogPlayLevel: PlayLevel: No blueprints needed recompiling
[2015.09.09-22.36.59:606][272]PIE: New page: PIE session: TopDownExampleMap (Sep 9, 2015, 2:36:59 PM)
[2015.09.09-22.36.59:606][272]LogPlayLevel: Creating play world package: /Game/SSA/Maps/UEDPIE_0_TopDownExampleMap
[2015.09.09-22.36.59:637][272]LogPlayLevel: PIE: StaticDuplicateObject took: (0.030969s)
[2015.09.09-22.36.59:638][272]LogAIModule: Creating AISystem for world TopDownExampleMap
[2015.09.09-22.36.59:638][272]LogPlayLevel: PIE: World Init took: (0.001037s)
[2015.09.09-22.36.59:638][272]LogPlayLevel: PIE: Created PIE world by copying editor world from /Game/SSA/Maps/TopDownExampleMap.TopDownExampleMap to /Game/SSA/Maps/UEDPIE_0_TopDownExampleMap.TopDownExampleMap (0.032290s)
[2015.09.09-22.36.59:671][272]LogInit: XAudio2 using 'Speaker/HP (Realtek High Definition Audio)' : 2 channels at 48 kHz using 32 bits per sample (channel mask 0x3)
[2015.09.09-22.36.59:679][272]LogInit: FAudioDevice initialized.
[2015.09.09-22.36.59:715][272]LogWorld: Game class is 'TopDownGameMode_C'
[2015.09.09-22.36.59:719][272]LogWorld:Warning: *** WARNING - PATHS MAY NOT BE VALID ***
[2015.09.09-22.36.59:719][272]LogWorld: Bringing World /Game/SSA/Maps/UEDPIE_0_TopDownExampleMap.TopDownExampleMap up for play (max tick rate 60) at 2015.09.09-18.36.59
[2015.09.09-22.36.59:719][272]LogActor:Warning: GameSession /Game/SSA/Maps/UEDPIE_0_TopDownExampleMap.TopDownExampleMap:PersistentLevel.GameSession_1 has natively added scene component(s), but none of them were set as the actor's RootComponent - picking one arbitrarily
[2015.09.09-22.36.59:719][272]LogActor:Warning: GameNetworkManager /Game/SSA/Maps/UEDPIE_0_TopDownExampleMap.TopDownExampleMap:PersistentLevel.GameNetworkManager_1 has natively added scene component(s), but none of them were set as the actor's RootComponent - picking one arbitrarily
[2015.09.09-22.36.59:720][272]LogWorld: Bringing up level for play took: 0.004959
[2015.09.09-22.36.59:722][272]PIE: Info Play in editor start time for /Game/SSA/Maps/UEDPIE_0_TopDownExampleMap 0.951
[2015.09.09-22.37.05:383][607]LogParticles: Destroying 0 GPU particle simulations for FXSystem 0x0000009DE483AFC0
[2015.09.09-22.37.55:886][928]LogWindowsTextInputMethodSystem:Display: IME system now deactivated.
[2015.09.09-22.37.55:886][928]LogWindowsTextInputMethodSystem:Display: IME system now deactivated.
[2015.09.09-22.37.56:473][929]Cmd: QUIT_EDITOR
[2015.09.09-22.37.57:560][929]LogExit: Preparing to exit.
[2015.09.09-22.37.57:839][929]LogExit: Editor shut down
[2015.09.09-22.37.57:840][929]LogExit: Transaction tracking system shut down
[2015.09.09-22.37.57:841][929]LogParticles: Destroying 0 GPU particle simulations for FXSystem 0x0000009DE1B3AF20
[2015.09.09-22.37.57:844][929]LogParticles: Destroying 0 GPU particle simulations for FXSystem 0x0000009DE1E458A0
[2015.09.09-22.37.57:996][929]LogExit: Object subsystem successfully closed.
[2015.09.09-22.37.58:011][929]LogD3D11RHI: Shutdown
[2015.09.09-22.37.58:011][929]LogD3D11RHI: CleanupD3DDevice
[2015.09.09-22.37.58:053][929]LogD3D11RHI: ~FD3D11DynamicRHI
[2015.09.09-22.37.58:072][929]LogModuleManager: Shutting down and abandoning module ExternalImagePicker (198)
[2015.09.09-22.37.58:072][929]LogModuleManager: Shutting down and abandoning module StatsViewer (197)
[2015.09.09-22.37.58:072][929]LogModuleManager: Shutting down and abandoning module CrashTracker (196)
[2015.09.09-22.37.58:072][929]LogModuleManager: Shutting down and abandoning module SceneOutliner (195)
[2015.09.09-22.37.58:072][929]LogModuleManager: Shutting down and abandoning module SuperSearch (194)
[2015.09.09-22.37.58:072][929]LogModuleManager: Shutting down and abandoning module WidgetCarousel (193)
[2015.09.09-22.37.58:072][929]LogModuleManager: Shutting down and abandoning module AddContentDialog (192)
[2015.09.09-22.37.58:073][929]LogModuleManager: Shutting down and abandoning module EditorWidgets (191)
[2015.09.09-22.37.58:073][929]LogModuleManager: Shutting down and abandoning module CollectionManager (190)
[2015.09.09-22.37.58:074][929]LogModuleManager: Shutting down and abandoning module FoliageEdit (189)
[2015.09.09-22.37.58:074][929]LogModuleManager: Shutting down and abandoning module LandscapeEditor (188)
[2015.09.09-22.37.58:074][929]LogModuleManager: Shutting down and abandoning module ActorPickerMode (187)
[2015.09.09-22.37.58:074][929]LogModuleManager: Shutting down and abandoning module GeometryMode (186)
[2015.09.09-22.37.58:074][929]LogModuleManager: Shutting down and abandoning module TextureAlignMode (185)
[2015.09.09-22.37.58:074][929]LogModuleManager: Shutting down and abandoning module BspMode (184)
[2015.09.09-22.37.58:074][929]LogModuleManager: Shutting down and abandoning module PlacementMode (183)
[2015.09.09-22.37.58:074][929]LogModuleManager: Shutting down and abandoning module AutomationWorker (182)
[2015.09.09-22.37.58:074][929]LogModuleManager: Shutting down and abandoning module CharacterAI (181)
[2015.09.09-22.37.58:074][929]LogModuleManager: Shutting down and abandoning module SmartSnapping (180)
[2015.09.09-22.37.58:074][929]LogModuleManager: Shutting down and abandoning module ViewportSnapping (179)
[2015.09.09-22.37.58:074][929]LogModuleManager: Shutting down and abandoning module LogVisualizer (178)
[2015.09.09-22.37.58:074][929]LogModuleManager: Shutting down and abandoning module GameProjectGeneration (177)
[2015.09.09-22.37.58:074][929]LogModuleManager: Shutting down and abandoning module IntroTutorials (176)
[2015.09.09-22.37.58:074][929]LogModuleManager: Shutting down and abandoning module EditorLiveStreaming (175)
[2015.09.09-22.37.58:074][929]LogModuleManager: Shutting down and abandoning module IOSPlatformEditor (174)
[2015.09.09-22.37.58:074][929]LogModuleManager: Shutting down and abandoning module HTML5PlatformEditor (173)
[2015.09.09-22.37.58:074][929]LogModuleManager: Shutting down and abandoning module AndroidDeviceDetection (172)
[2015.09.09-22.37.59:046][929]LogModuleManager: Shutting down and abandoning module AndroidPlatformEditor (171)
[2015.09.09-22.37.59:046][929]LogModuleManager: Shutting down and abandoning module IOSRuntimeSettings (170)
[2015.09.09-22.37.59:046][929]LogModuleManager: Shutting down and abandoning module AndroidRuntimeSettings (169)
[2015.09.09-22.37.59:046][929]LogModuleManager: Shutting down and abandoning module MergeActors (168)
[2015.09.09-22.37.59:046][929]LogModuleManager: Shutting down and abandoning module SizeMap (167)
[2015.09.09-22.37.59:046][929]LogModuleManager: Shutting down and abandoning module TreeMap (166)
[2015.09.09-22.37.59:046][929]LogModuleManager: Shutting down and abandoning module ReferenceViewer (165)
[2015.09.09-22.37.59:046][929]LogModuleManager: Shutting down and abandoning module LocalizationService (164)
[2015.09.09-22.37.59:046][929]LogModuleManager: Shutting down and abandoning module LocalizationDashboard (163)
[2015.09.09-22.37.59:046][929]LogModuleManager: Shutting down and abandoning module HardwareTargeting (162)
[2015.09.09-22.37.59:046][929]LogModuleManager: Shutting down and abandoning module DeviceProfileEditor (161)
[2015.09.09-22.37.59:046][929]LogModuleManager: Shutting down and abandoning module UndoHistory (160)
[2015.09.09-22.37.59:046][929]LogModuleManager: Shutting down and abandoning module GameplayTagsEditor (159)
[2015.09.09-22.37.59:046][929]LogModuleManager: Shutting down and abandoning module UserFeedback (158)
[2015.09.09-22.37.59:046][929]LogModuleManager: Shutting down and abandoning module XmlParser (157)
[2015.09.09-22.37.59:046][929]LogModuleManager: Shutting down and abandoning module Blutility (156)
[2015.09.09-22.37.59:046][929]LogModuleManager: Shutting down and abandoning module ProjectTargetPlatformEditor (155)
[2015.09.09-22.37.59:046][929]LogModuleManager: Shutting down and abandoning module ProjectSettingsViewer (154)
[2015.09.09-22.37.59:046][929]LogModuleManager: Shutting down and abandoning module InputBindingEditor (153)
[2015.09.09-22.37.59:046][929]LogModuleManager: Shutting down and abandoning module EditorSettingsViewer (152)
[2015.09.09-22.37.59:046][929]LogModuleManager: Shutting down and abandoning module SettingsEditor (151)
[2015.09.09-22.37.59:046][929]LogModuleManager: Shutting down and abandoning module ProjectLauncher (150)
[2015.09.09-22.37.59:046][929]LogModuleManager: Shutting down and abandoning module SessionFrontend (149)
[2015.09.09-22.37.59:046][929]LogModuleManager: Shutting down and abandoning module ProfilerClient (148)
[2015.09.09-22.37.59:046][929]LogModuleManager: Shutting down and abandoning module TargetDeviceServices (147)
[2015.09.09-22.37.59:046][929]LogModuleManager: Shutting down and abandoning module DeviceManager (146)
[2015.09.09-22.37.59:046][929]LogModuleManager: Shutting down and abandoning module AutomationController (145)
[2015.09.09-22.37.59:046][929]LogModuleManager: Shutting down and abandoning module AutomationWindow (144)
[2015.09.09-22.37.59:046][929]LogModuleManager: Shutting down and abandoning module Layers (143)
[2015.09.09-22.37.59:047][929]LogModuleManager: Shutting down and abandoning module ComponentVisualizers (142)
[2015.09.09-22.37.59:047][929]LogModuleManager: Shutting down and abandoning module DetailCustomizations (141)
[2015.09.09-22.37.59:047][929]LogModuleManager: Shutting down and abandoning module PackagesDialog (140)
[2015.09.09-22.37.59:047][929]LogModuleManager: Shutting down and abandoning module Persona (139)
[2015.09.09-22.37.59:047][929]LogModuleManager: Shutting down and abandoning module Kismet (138)
[2015.09.09-22.37.59:047][929]LogModuleManager: Shutting down and abandoning module GraphEditor (137)
[2015.09.09-22.37.59:047][929]LogModuleManager: Shutting down and abandoning module ClassViewer (136)
[2015.09.09-22.37.59:047][929]LogModuleManager: Shutting down and abandoning module Toolbox (135)
[2015.09.09-22.37.59:047][929]LogModuleManager: Shutting down and abandoning module ModuleUI (134)
[2015.09.09-22.37.59:047][929]LogModuleManager: Shutting down and abandoning module MovieSceneTools (133)
[2015.09.09-22.37.59:047][929]LogModuleManager: Shutting down and abandoning module OutputLog (132)
[2015.09.09-22.37.59:047][929]LogModuleManager: Shutting down and abandoning module GammaUI (131)
[2015.09.09-22.37.59:047][929]LogModuleManager: Shutting down and abandoning module Documentation (130)
[2015.09.09-22.37.59:047][929]LogModuleManager: Shutting down and abandoning module GameLiveStreaming (129)
[2015.09.09-22.37.59:047][929]LogModuleManager: Shutting down and abandoning module StreamingPauseRendering (128)
[2015.09.09-22.37.59:047][929]LogModuleManager: Shutting down and abandoning module AnalyticsET (127)
[2015.09.09-22.37.59:047][929]LogModuleManager: Shutting down and abandoning module Analytics (126)
[2015.09.09-22.37.59:047][929]LogModuleManager: Shutting down and abandoning module AITestSuite (125)
[2015.09.09-22.37.59:047][929]LogModuleManager: Shutting down and abandoning module GameplayDebugger (124)
[2015.09.09-22.37.59:047][929]LogModuleManager: Shutting down and abandoning module AIModule (123)
[2015.09.09-22.37.59:047][929]LogModuleManager: Shutting down and abandoning module ProfilerService (122)
[2015.09.09-22.37.59:173][929]LogModuleManager: Shutting down and abandoning module TaskGraph (121)
[2015.09.09-22.37.59:173][929]LogModuleManager: Shutting down and abandoning module SlateRemote (120)
[2015.09.09-22.37.59:173][929]LogModuleManager: Shutting down and abandoning module SteamVRController (119)
[2015.09.09-22.37.59:173][929]LogModuleManager: Shutting down and abandoning module SteamVR (118)
[2015.09.09-22.37.59:173][929]LogModuleManager: Shutting down and abandoning module ProceduralMeshComponent (117)
[2015.09.09-22.37.59:173][929]LogModuleManager: Shutting down and abandoning module OculusRift (116)
[2015.09.09-22.37.59:173][929]LogModuleManager: Shutting down and abandoning module OculusLibrary (115)
[2015.09.09-22.37.59:173][929]LogModuleManager: Shutting down and abandoning module LeapMotionController (114)
[2015.09.09-22.37.59:185][929]LogModuleManager: Shutting down and abandoning module CustomMeshComponent (113)
[2015.09.09-22.37.59:185][929]LogModuleManager: Shutting down and abandoning module CableComponent (112)
[2015.09.09-22.37.59:185][929]LogModuleManager: Shutting down and abandoning module ArchVisCharacter (111)
[2015.09.09-22.37.59:185][929]LogModuleManager: Shutting down and abandoning module MessagingDebugger (110)
[2015.09.09-22.37.59:185][929]LogModuleManager: Shutting down and abandoning module MediaPlayerEditor (109)
[2015.09.09-22.37.59:185][929]LogModuleManager: Shutting down and abandoning module HTML5Networking (108)
[2015.09.09-22.37.59:185][929]LogModuleManager: Shutting down and abandoning module SpeedTreeImporter (107)
[2015.09.09-22.37.59:185][929]LogModuleManager: Shutting down and abandoning module PluginBrowser (106)
[2015.09.09-22.37.59:185][929]LogModuleManager: Shutting down and abandoning module EpicSurvey (105)
[2015.09.09-22.37.59:185][929]LogModuleManager: Shutting down and abandoning module DesktopPlatform (104)
[2015.09.09-22.37.59:185][929]LogModuleManager: Shutting down and abandoning module VisualStudioSourceCodeAccess (103)
[2015.09.09-22.37.59:185][929]LogModuleManager: Shutting down and abandoning module UObjectPlugin (102)
[2015.09.09-22.37.59:185][929]LogModuleManager: Shutting down and abandoning module SubversionSourceControl (101)
[2015.09.09-22.37.59:185][929]LogModuleManager: Shutting down and abandoning module PerforceSourceControl (100)
[2015.09.09-22.37.59:185][929]LogModuleManager: Shutting down and abandoning module SourceControl (99)
[2015.09.09-22.37.59:185][929]LogModuleManager: Shutting down and abandoning module GitSourceControl (98)
[2015.09.09-22.37.59:185][929]LogModuleManager: Shutting down and abandoning module LightPropagationVolumeEditor (97)
[2015.09.09-22.37.59:185][929]LogModuleManager: Shutting down and abandoning module PaperTiledImporter (96)
[2015.09.09-22.37.59:185][929]LogModuleManager: Shutting down and abandoning module PaperSpriteSheetImporter (95)
[2015.09.09-22.37.59:185][929]LogModuleManager: Shutting down and abandoning module MeshPaint (94)
[2015.09.09-22.37.59:185][929]LogModuleManager: Shutting down and abandoning module SlateReflector (93)
[2015.09.09-22.37.59:185][929]LogModuleManager: Shutting down and abandoning module HotReload (92)
[2015.09.09-22.37.59:185][929]LogModuleManager: Shutting down and abandoning module MainFrame (91)
[2015.09.09-22.37.59:185][929]LogModuleManager: Shutting down and abandoning module LevelEditor (90)
[2015.09.09-22.37.59:187][929]LogModuleManager: Shutting down and abandoning module DirectoryWatcher (89)
[2015.09.09-22.37.59:188][929]LogModuleManager: Shutting down and abandoning module AssetRegistry (88)
[2015.09.09-22.37.59:308][929]LogModuleManager: Shutting down and abandoning module ContentBrowser (87)
[2015.09.09-22.37.59:310][929]LogModuleManager: Shutting down and abandoning module Paper2DEditor (86)
[2015.09.09-22.37.59:310][929]LogModuleManager: Shutting down and abandoning module UdpMessaging (85)
[2015.09.09-22.37.59:412][929]LogModuleManager: Shutting down and abandoning module LightPropagationVolumeRuntime (84)
[2015.09.09-22.37.59:412][929]LogModuleManager: Shutting down and abandoning module Paper2D (83)
[2015.09.09-22.37.59:412][929]LogModuleManager: Shutting down and abandoning module WindowsMoviePlayer (82)
[2015.09.09-22.37.59:418][929]LogModuleManager: Shutting down and abandoning module Media (81)
[2015.09.09-22.37.59:418][929]LogModuleManager: Shutting down and abandoning module WmfMedia (80)
[2015.09.09-22.37.59:419][929]LogModuleManager: Shutting down and abandoning module OnlineBlueprintSupport (79)
[2015.09.09-22.37.59:419][929]LogModuleManager: Shutting down and abandoning module GameplayTasksEditor (78)
[2015.09.09-22.37.59:419][929]LogModuleManager: Shutting down and abandoning module PropertyEditor (77)
[2015.09.09-22.37.59:419][929]LogModuleManager: Shutting down and abandoning module BehaviorTreeEditor (76)
[2015.09.09-22.37.59:419][929]LogModuleManager: Shutting down and abandoning module FunctionalTesting (75)
[2015.09.09-22.37.59:419][929]LogModuleManager: Shutting down and abandoning module CollisionAnalyzer (74)
[2015.09.09-22.37.59:419][929]LogModuleManager: Shutting down and abandoning module WorkspaceMenuStructure (73)
[2015.09.09-22.37.59:419][929]LogModuleManager: Shutting down and abandoning module MessageLog (72)
[2015.09.09-22.37.59:419][929]LogModuleManager: Shutting down and abandoning module Sequencer (71)
[2015.09.09-22.37.59:419][929]LogModuleManager: Shutting down and abandoning module AssetTools (70)
[2015.09.09-22.37.59:420][929]LogModuleManager: Shutting down and abandoning module UMGEditor (69)
[2015.09.09-22.37.59:420][929]LogModuleManager: Shutting down and abandoning module UMG (68)
[2015.09.09-22.37.59:420][929]LogModuleManager: Shutting down and abandoning module Slate (67)
[2015.09.09-22.37.59:420][929]LogModuleManager: Shutting down and abandoning module EditorStyle (66)
[2015.09.09-22.37.59:425][929]LogModuleManager: Shutting down and abandoning module SessionServices (65)
[2015.09.09-22.37.59:425][929]LogModuleManager: Shutting down and abandoning module SourceCodeAccess (64)
[2015.09.09-22.37.59:425][929]LogModuleManager: Shutting down and abandoning module HeadMountedDisplay (63)
[2015.09.09-22.37.59:425][929]LogModuleManager: Shutting down and abandoning module XAudio2 (62)
[2015.09.09-22.37.59:425][929]LogModuleManager: Shutting down and abandoning module Networking (60)
[2015.09.09-22.37.59:425][929]LogModuleManager: Shutting down and abandoning module Core (59)
[2015.09.09-22.37.59:425][929]LogModuleManager: Shutting down and abandoning module KismetCompiler (58)
[2015.09.09-22.37.59:425][929]LogModuleManager: Shutting down and abandoning module PhysXFormats (57)
[2015.09.09-22.37.59:425][929]LogModuleManager: Shutting down and abandoning module MeshUtilities (56)
[2015.09.09-22.37.59:426][929]LogModuleManager: Shutting down and abandoning module CookingStats (55)
[2015.09.09-22.37.59:427][929]LogModuleManager: Shutting down and abandoning module DerivedDataCache (54)
[2015.09.09-22.37.59:929][929]LogDerivedDataCache: Shutdown
[2015.09.09-22.37.59:929][929]LogModuleManager: Shutting down and abandoning module ShaderFormatOpenGL (53)
[2015.09.09-22.37.59:929][929]LogModuleManager: Shutting down and abandoning module ShaderFormatD3D (52)
[2015.09.09-22.37.59:929][929]LogModuleManager: Shutting down and abandoning module MetalShaderFormat (51)
[2015.09.09-22.37.59:929][929]LogModuleManager: Shutting down and abandoning module TextureFormatUncompressed (50)
[2015.09.09-22.37.59:929][929]LogModuleManager: Shutting down and abandoning module TextureFormatPVR (49)
[2015.09.09-22.37.59:929][929]LogModuleManager: Shutting down and abandoning module TextureFormatIntelISPCTexComp (48)
[2015.09.09-22.37.59:929][929]LogModuleManager: Shutting down and abandoning module TextureFormatDXT (47)
[2015.09.09-22.37.59:929][929]LogModuleManager: Shutting down and abandoning module ImageWrapper (46)
[2015.09.09-22.37.59:929][929]LogModuleManager: Shutting down and abandoning module TextureFormatASTC (45)
[2015.09.09-22.37.59:929][929]LogModuleManager: Shutting down and abandoning module TextureFormatAndroid (44)
[2015.09.09-22.37.59:929][929]LogModuleManager: Shutting down and abandoning module AudioFormatOpus (43)
[2015.09.09-22.37.59:929][929]LogModuleManager: Shutting down and abandoning module AudioFormatOgg (42)
[2015.09.09-22.37.59:930][929]LogModuleManager: Shutting down and abandoning module AudioFormatADPCM (41)
[2015.09.09-22.37.59:930][929]LogModuleManager: Shutting down and abandoning module LinuxTargetPlatform (40)
[2015.09.09-22.37.59:930][929]LogModuleManager: Shutting down and abandoning module LinuxServerTargetPlatform (39)
[2015.09.09-22.37.59:930][929]LogModuleManager: Shutting down and abandoning module LinuxNoEditorTargetPlatform (38)
[2015.09.09-22.37.59:930][929]LogModuleManager: Shutting down and abandoning module Messaging (37)
[2015.09.09-22.37.59:930][929]LogModuleManager: Shutting down and abandoning module IOSTargetPlatform (36)
[2015.09.09-22.37.59:930][929]LogModuleManager: Shutting down and abandoning module HTML5TargetPlatform (35)
[2015.09.09-22.37.59:930][929]LogModuleManager: Shutting down and abandoning module Android_PVRTCTargetPlatform (34)
[2015.09.09-22.37.59:930][929]LogModuleManager: Shutting down and abandoning module Android_ETC2TargetPlatform (33)
[2015.09.09-22.37.59:930][929]LogModuleManager: Shutting down and abandoning module Android_ETC1TargetPlatform (32)
[2015.09.09-22.37.59:930][929]LogModuleManager: Shutting down and abandoning module Android_DXTTargetPlatform (31)
[2015.09.09-22.37.59:930][929]LogModuleManager: Shutting down and abandoning module Android_ATCTargetPlatform (30)
[2015.09.09-22.37.59:930][929]LogModuleManager: Shutting down and abandoning module Android_ASTCTargetPlatform (29)
[2015.09.09-22.37.59:930][929]LogModuleManager: Shutting down and abandoning module AndroidTargetPlatform (28)
[2015.09.09-22.37.59:930][929]LogModuleManager: Shutting down and abandoning module WindowsTargetPlatform (27)
[2015.09.09-22.37.59:930][929]LogModuleManager: Shutting down and abandoning module WindowsServerTargetPlatform (26)
[2015.09.09-22.37.59:930][929]LogModuleManager: Shutting down and abandoning module WindowsNoEditorTargetPlatform (25)
[2015.09.09-22.37.59:930][929]LogModuleManager: Shutting down and abandoning module WindowsClientTargetPlatform (24)
[2015.09.09-22.37.59:930][929]LogModuleManager: Shutting down and abandoning module AllDesktopTargetPlatform (23)
[2015.09.09-22.37.59:930][929]LogModuleManager: Shutting down and abandoning module TargetPlatform (22)
[2015.09.09-22.37.59:930][929]LogModuleManager: Shutting down and abandoning module InputCore (21)
[2015.09.09-22.37.59:931][929]LogModuleManager: Shutting down and abandoning module Settings (20)
[2015.09.09-22.37.59:931][929]LogModuleManager: Shutting down and abandoning module OnlineSubsystem (18)
[2015.09.09-22.37.59:931][929]LogModuleManager: Shutting down and abandoning module HTTP (17)
[2015.09.09-22.38.01:933][929]LogModuleManager: Shutting down and abandoning module XMPP (16)
[2015.09.09-22.38.01:933][929]LogModuleManager: Shutting down and abandoning module ExampleDeviceProfileSelector (15)
[2015.09.09-22.38.01:933][929]LogModuleManager: Shutting down and abandoning module TextureCompressor (14)
[2015.09.09-22.38.01:933][929]LogModuleManager: Shutting down and abandoning module ShaderCore (13)
[2015.09.09-22.38.01:933][929]LogModuleManager: Shutting down and abandoning module Landscape (12)
[2015.09.09-22.38.01:933][929]LogModuleManager: Shutting down and abandoning module SlateRHIRenderer (11)
[2015.09.09-22.38.01:934][929]LogModuleManager: Shutting down and abandoning module OpenGLDrv (10)
[2015.09.09-22.38.01:934][929]LogModuleManager: Shutting down and abandoning module D3D11RHI (9)
[2015.09.09-22.38.01:934][929]LogModuleManager: Shutting down and abandoning module AnimGraphRuntime (8)
[2015.09.09-22.38.01:934][929]LogModuleManager: Shutting down and abandoning module Renderer (7)
[2015.09.09-22.38.01:934][929]LogModuleManager: Shutting down and abandoning module Engine (6)
[2015.09.09-22.38.01:934][929]LogModuleManager: Shutting down and abandoning module CoreUObject (5)
[2015.09.09-22.38.01:934][929]LogModuleManager: Shutting down and abandoning module NetworkFile (4)
[2015.09.09-22.38.01:934][929]LogModuleManager: Shutting down and abandoning module StreamingFile (3)
[2015.09.09-22.38.01:934][929]LogModuleManager: Shutting down and abandoning module SandboxFile (2)
[2015.09.09-22.38.01:934][929]LogModuleManager: Shutting down and abandoning module PakFile (1)
[2015.09.09-22.38.01:934][929]LogExit: Exiting.
[2015.09.09-22.38.01:951][929]Log file closed, 09/09/15 18:38:01
