[2015.10.03-23.25.03:351][  0]Log file open, 10/03/15 19:25:03
[2015.10.03-23.25.03:351][  0]LogInit:Display: Running engine for game: SuperSpaceArmada
[2015.10.03-23.25.03:351][  0]LogInit:Display: RandInit(1014185509) SRandInit(1014185509).
[2015.10.03-23.25.03:351][  0]LogTaskGraph: Started task graph with 4 named threads and 5 total threads.
[2015.10.03-23.25.03:351][  0]LogStats: Stats thread started at 0.063018
[2015.10.03-23.25.03:351][  0]LogInit: Version: 4.9.1-2689999+++depot+UE4-Releases+4.9
[2015.10.03-23.25.03:351][  0]LogInit: API Version: 2672455
[2015.10.03-23.25.03:351][  0]LogInit: Compiled (64-bit): Sep 14 2015 04:12:03
[2015.10.03-23.25.03:351][  0]LogInit: Compiled with Visual C++: 18.00.21005.01
[2015.10.03-23.25.03:351][  0]LogInit: Build Configuration: Development
[2015.10.03-23.25.03:351][  0]LogInit: Branch Name: ++depot+UE4-Releases+4.9
[2015.10.03-23.25.03:351][  0]LogInit: Command line:  
[2015.10.03-23.25.03:351][  0]LogInit: Base directory: C:/Program Files/Epic Games/4.9/Engine/Binaries/Win64/
[2015.10.03-23.25.03:351][  0]LogInit: Rocket: 1
[2015.10.03-23.25.03:364][  0]LogInit: Using libcurl 7.41.0
[2015.10.03-23.25.03:364][  0]LogInit:  - built for x86_64-pc-win32
[2015.10.03-23.25.03:364][  0]LogInit:  - supports SSL with WinSSL
[2015.10.03-23.25.03:364][  0]LogInit:  - other features:
[2015.10.03-23.25.03:364][  0]LogInit:      CURL_VERSION_SSL
[2015.10.03-23.25.03:364][  0]LogInit:      CURL_VERSION_IPV6
[2015.10.03-23.25.03:364][  0]LogInit:      CURL_VERSION_ASYNCHDNS
[2015.10.03-23.25.03:364][  0]LogInit:      CURL_VERSION_LARGEFILE
[2015.10.03-23.25.03:364][  0]LogInit:      CURL_VERSION_IDN
[2015.10.03-23.25.03:364][  0]LogInit:  CurlRequestOptions (configurable via config and command line):
[2015.10.03-23.25.03:364][  0]LogInit:  - bVerifyPeer = true  - Libcurl will verify peer certificate
[2015.10.03-23.25.03:364][  0]LogInit:  - bUseHttpProxy = false  - Libcurl will NOT use HTTP proxy
[2015.10.03-23.25.03:364][  0]LogInit:  - bDontReuseConnections = false  - Libcurl will reuse connections
[2015.10.03-23.25.03:364][  0]LogInit:  - CertBundlePath = nullptr  - Libcurl will use whatever was configured at build time.
[2015.10.03-23.25.03:373][  0]LogInit: Presizing for 0 objects not considered by GC, pre-allocating 0 bytes.
[2015.10.03-23.25.03:381][  0]LogInit: Object subsystem initialized
[2015.10.03-23.25.03:383][  0]LogInit: Selected Device Profile: [Windows]
[2015.10.03-23.25.03:383][  0]LogInit: Applying CVar settings loaded from the selected device profile: [Windows]
[2015.10.03-23.25.03:416][  0]LogInit: Computer: PERSONAL-PC
[2015.10.03-23.25.03:416][  0]LogInit: User: MEnrique
[2015.10.03-23.25.03:416][  0]LogInit: CPU Page size=4096, Cores=2
[2015.10.03-23.25.03:416][  0]LogInit: High frequency timer resolution =2.338339 MHz
[2015.10.03-23.25.03:416][  0]LogMemory: Memory total: Physical=15.9GB (16GB approx)
[2015.10.03-23.25.03:416][  0]LogMemory: Platform Memory Stats for Windows
[2015.10.03-23.25.03:416][  0]LogMemory: Process Physical Memory: 53.51 MB used, 53.51 MB peak
[2015.10.03-23.25.03:416][  0]LogMemory: Process Virtual Memory: 55.28 MB used, 55.28 MB peak
[2015.10.03-23.25.03:416][  0]LogMemory: Physical Memory: 3365.44 MB used, 16299.39 MB total
[2015.10.03-23.25.03:416][  0]LogMemory: Virtual Memory: 350.03 MB used, 134217728.00 MB total
[2015.10.03-23.25.03:473][  0]LogTextLocalizationManager: No specific translations for ('en-US') exist, so ('en') translations will be used.
[2015.10.03-23.25.04:527][  0]LogD3D11RHI: Found D3D11 adapter 0: NVIDIA GeForce 940M          (Feature Level 11_0)
[2015.10.03-23.25.04:527][  0]LogD3D11RHI: Adapter has 1972MB of dedicated video memory, 0MB of dedicated system memory, and 2048MB of shared system memory, 1 output[s]
[2015.10.03-23.25.04:577][  0]LogD3D11RHI: Found D3D11 adapter 1: Intel(R) HD Graphics 5500 (Feature Level 11_0)
[2015.10.03-23.25.04:577][  0]LogD3D11RHI: Adapter has 0MB of dedicated video memory, 0MB of dedicated system memory, and 3839MB of shared system memory, 0 output[s]
[2015.10.03-23.25.04:582][  0]LogD3D11RHI: Found D3D11 adapter 2: Microsoft Basic Render Driver (Feature Level 11_0)
[2015.10.03-23.25.04:582][  0]LogD3D11RHI: Adapter has 0MB of dedicated video memory, 0MB of dedicated system memory, and 256MB of shared system memory, 0 output[s]
[2015.10.03-23.25.04:582][  0]LogD3D11RHI: Chosen D3D11 Adapter Id = 0
[2015.10.03-23.25.04:589][  0]LogD3D11RHI: !Direct3DDevice
[2015.10.03-23.25.04:589][  0]LogRHI: Texture pool is 1361 MB (70% of 1945 MB)
[2015.10.03-23.25.04:604][  0]LogD3D11RHI: Async texture creation enabled
[2015.10.03-23.25.04:622][  0]LogShaderCompilers: Guid format shader working directory is 15 characters bigger than the processId version (../../../../../../Users/MEnrique/Documents/GitHub/Game-Files/SuperSpaceArmada/Intermediate/Shaders/WorkingDirectory/8368/).
[2015.10.03-23.25.04:623][  0]LogShaderCompilers: Cleaned the shader compiler working directory '../../../../../../Users/MEnrique/Documents/GitHub/Game-Files/SuperSpaceArmada/Intermediate/Shaders/tmp/0ABA3AAD436DFC7E817A9291B26656AA/'.
[2015.10.03-23.25.04:623][  0]LogShaderCompilers:Display: Using Local Shader Compiler.
[2015.10.03-23.25.06:429][  0]LogTemp:Display: Loaded TP AllDesktopTargetPlatform
[2015.10.03-23.25.06:436][  0]LogTemp:Display: Loaded TP WindowsClientTargetPlatform
[2015.10.03-23.25.06:444][  0]LogTemp:Display: Loaded TP WindowsNoEditorTargetPlatform
[2015.10.03-23.25.06:452][  0]LogTemp:Display: Loaded TP WindowsServerTargetPlatform
[2015.10.03-23.25.06:459][  0]LogTemp:Display: Loaded TP WindowsTargetPlatform
[2015.10.03-23.25.06:466][  0]LogTemp:Display: Loaded TP AndroidTargetPlatform
[2015.10.03-23.25.06:470][  0]LogTemp:Display: Loaded TP Android_ASTCTargetPlatform
[2015.10.03-23.25.06:475][  0]LogTemp:Display: Loaded TP Android_ATCTargetPlatform
[2015.10.03-23.25.06:481][  0]LogTemp:Display: Loaded TP Android_DXTTargetPlatform
[2015.10.03-23.25.06:486][  0]LogTemp:Display: Loaded TP Android_ETC1TargetPlatform
[2015.10.03-23.25.06:492][  0]LogTemp:Display: Loaded TP Android_ETC2TargetPlatform
[2015.10.03-23.25.06:499][  0]LogTemp:Display: Loaded TP Android_PVRTCTargetPlatform
[2015.10.03-23.25.06:500][  0]LogTemp:Display: Loaded TP HTML5TargetPlatform
[2015.10.03-23.25.06:520][  0]LogTemp:Display: Loaded TP IOSTargetPlatform
[2015.10.03-23.25.06:525][  0]LogTemp:Display: Loaded TP LinuxNoEditorTargetPlatform
[2015.10.03-23.25.06:531][  0]LogTemp:Display: Loaded TP LinuxServerTargetPlatform
[2015.10.03-23.25.06:536][  0]LogTemp:Display: Loaded TP LinuxTargetPlatform
[2015.10.03-23.25.06:536][  0]LogTargetPlatformManager:Display: Building Assets For Windows
[2015.10.03-23.25.06:673][  0]LogDerivedDataCache:Display: Max Cache Size: 512 MB
[2015.10.03-23.25.06:739][  0]LogDerivedDataCache: Loaded boot cache 0.07s 41MB C:/Users/MEnrique/AppData/Local/UnrealEngine/4.9/DerivedDataCache/Boot.ddc.
[2015.10.03-23.25.06:739][  0]LogDerivedDataCache:Display: Loaded Boot cache: C:/Users/MEnrique/AppData/Local/UnrealEngine/4.9/DerivedDataCache/Boot.ddc
[2015.10.03-23.25.06:739][  0]LogDerivedDataCache: FDerivedDataBackendGraph:  Pak pak cache file ../../../../../../Users/MEnrique/Documents/GitHub/Game-Files/SuperSpaceArmada/DerivedDataCache/DDC.ddp not found, will not use a pak cache.
[2015.10.03-23.25.06:739][  0]LogDerivedDataCache: Unable to find inner node Pak for hierarchical cache Hierarchy.
[2015.10.03-23.25.06:739][  0]LogDerivedDataCache: FDerivedDataBackendGraph:  CompressedPak pak cache file ../../../../../../Users/MEnrique/Documents/GitHub/Game-Files/SuperSpaceArmada/DerivedDataCache/Compressed.ddp not found, will not use a pak cache.
[2015.10.03-23.25.06:739][  0]LogDerivedDataCache: Unable to find inner node CompressedPak for hierarchical cache Hierarchy.
[2015.10.03-23.25.06:922][  0]LogDerivedDataCache:Display: Pak cache opened for reading ../../../Engine/DerivedDataCache/Compressed.ddp.
[2015.10.03-23.25.06:935][  0]LogDerivedDataCache: Using Local data cache path C:/Users/MEnrique/AppData/Local/UnrealEngine/Common/DerivedDataCache: Writable
[2015.10.03-23.25.07:171][  0]LogInit: Selected Device Profile: [Windows]
[2015.10.03-23.25.07:175][  0]LogContentStreaming: Texture pool size is 0.000000MB
[2015.10.03-23.25.07:355][  0]LogMeshUtilities: No automatic mesh reduction module available
[2015.10.03-23.25.07:355][  0]LogMeshUtilities: No automatic mesh merging module available
[2015.10.03-23.25.07:737][  0]LogInit: WinSock: version 1.1 (2.2), MaxSocks=32767, MaxUdp=65467
[2015.10.03-23.25.08:763][  0]LogAssetRegistry: FAssetRegistry took 0.0116 seconds to start up
[2015.10.03-23.25.08:784][  0]UdpMessaging: Initializing bridge on interface 0.0.0.0:0 to multicast group 230.0.0.1:6666.
[2015.10.03-23.25.09:143][  0]SourceControl: Info Source control is disabled
[2015.10.03-23.25.09:158][  0]SourceControl: Info Source control is disabled
[2015.10.03-23.25.09:180][  0]SourceControl: Info Source control is disabled
[2015.10.03-23.25.09:194][  0]SourceControl: Info Source control is disabled
[2015.10.03-23.25.09:387][  0]LogLinker:Warning: Asset '../../../Engine/Plugins/Runtime/LeapMotionController/Content/LM_PassthroughMaterial.uasset' has been saved with empty engine version. The asset will be loaded but may be incompatible.
[2015.10.03-23.25.09:511][  0]LogObj: 28528 objects as part of root set at end of initial load.
[2015.10.03-23.25.09:511][  0]LogUObjectAllocator: 6068464 out of 0 bytes used by permanent object pool.
[2015.10.03-23.25.09:586][  0]LogEngine: Initializing Engine...
[2015.10.03-23.25.09:588][  0]LogHMD: Can't find Oculus library dev build: is proper Runtime installed? Version: 0.7.0.0
[2015.10.03-23.25.09:589][  0]LogHMD: SteamVR failed to initialize.  Err: 110
[2015.10.03-23.25.09:755][  0]LogAIModule: Creating AISystem for world NewWorld
[2015.10.03-23.25.09:761][  0]LogInit: XAudio2 using 'Speaker/HP (Realtek High Definition Audio)' : 2 channels at 48 kHz using 32 bits per sample (channel mask 0x3)
[2015.10.03-23.25.09:771][  0]LogInit: FAudioDevice initialized.
[2015.10.03-23.25.09:799][  0]LogDerivedDataCache: Saved boot cache 0.03s 41MB C:/Users/MEnrique/AppData/Local/UnrealEngine/4.9/DerivedDataCache/Boot.ddc.
[2015.10.03-23.25.09:803][  0]LogInit: Texture streaming: Enabled
[2015.10.03-23.25.09:812][  0]LogAnalytics: Creating configured Analytics provider AnalyticsET
[2015.10.03-23.25.09:812][  0]LogAnalytics: [UEEditor.Rocket.Release] APIServer = http://et2.epicgames.com/ET2/. AppVersion = 4.9.1-2689999+++depot+UE4-Releases+4.9
[2015.10.03-23.25.09:812][  0]LogAnalytics: [UEEditor.Rocket.Release] SetUserId 90a4bcb3439f64e419d9378050b206b3|656f284bf5d54f8f9452234d119bf9d4|9a3458ae-8410-4c63-b423-f9054b45c157
[2015.10.03-23.25.09:812][  0]LogAnalytics: [UEEditor.Rocket.Release] AnalyticsET::StartSession
[2015.10.03-23.25.09:828][  0]LogWindowsTextInputMethodSystem:Display: IME system now deactivated.
[2015.10.03-23.25.09:828][  0]LogWindowsTextInputMethodSystem:Display: IME system now deactivated.
[2015.10.03-23.25.09:897][  0]LogInit: Transaction tracking system initialized
[2015.10.03-23.25.09:957][  0]BlueprintLog: New page: Editor Load
[2015.10.03-23.25.10:121][  0]LocalizationService: Info Localization service is disabled
[2015.10.03-23.25.10:225][  0]LogConsoleResponse:Display: 
[2015.10.03-23.25.10:409][  0]LogCook:Display: Done creating registry. It took  0.00s.
[2015.10.03-23.25.10:533][  0]LogFileCache: Scanning file cache for directory 'C:/Users/MEnrique/Documents/GitHub/Game-Files/SuperSpaceArmada/Content/' took 0.02s
[2015.10.03-23.25.10:534][  0]SourceControl: Info Source control is disabled
[2015.10.03-23.25.10:534][  0]Cmd: MAP LOAD FILE="../../../../../../Users/MEnrique/Documents/GitHub/Game-Files/SuperSpaceArmada/Content/TopDownBP/Maps/TopDownExampleMap.umap" TEMPLATE=0 SHOWPROGRESS=1 FEATURELEVEL=3
[2015.10.03-23.25.10:534][  0]LogEditorServer:Warning: Can't find file '../../../../../../Users/MEnrique/Documents/GitHub/Game-Files/SuperSpaceArmada/Content/TopDownBP/Maps/TopDownExampleMap.umap'
[2015.10.03-23.25.10:534][  0]Cmd: MAP CHECKDEP NOCLEARLOG
[2015.10.03-23.25.10:595][  0]MapCheck: Info Map check complete: 0 Error(s), 0 Warning(s), took 61.456ms to complete.
[2015.10.03-23.25.10:596][  0]LogFileHelpers: Loading map 'TopDownExampleMap' took 0.062
[2015.10.03-23.25.10:729][  0]LogCollectionManager: Loaded 0 collections in 0.002551 seconds
[2015.10.03-23.25.10:776][  0]LogFileCache: Scanning file cache for directory 'C:/Users/MEnrique/Documents/GitHub/Game-Files/SuperSpaceArmada/Saved/Collections/' took 0.01s
[2015.10.03-23.25.10:776][  0]LogFileCache: Scanning file cache for directory 'C:/Users/MEnrique/Documents/GitHub/Game-Files/SuperSpaceArmada/Content/Developers/MEnrique/Collections/' took 0.01s
[2015.10.03-23.25.10:776][  0]LogFileCache: Scanning file cache for directory 'C:/Users/MEnrique/Documents/GitHub/Game-Files/SuperSpaceArmada/Content/Collections/' took 0.01s
[2015.10.03-23.25.10:776][  0]LogContentBrowser: Native class hierarchy populated in 0.0115 seconds. Added 1882 classes and 339 folders.
[2015.10.03-23.25.10:783][  0]LogCollectionManager: Rebuilt the GUID cache for 0 collections in 0.000003 seconds
[2015.10.03-23.25.10:794][  0]LogContentBrowser: Native class hierarchy updated for 'WidgetCarousel' in 0.0006 seconds. Added 0 classes and 0 folders.
[2015.10.03-23.25.10:853][  0]LogContentBrowser: Native class hierarchy updated for 'AddContentDialog' in 0.0004 seconds. Added 0 classes and 0 folders.
[2015.10.03-23.25.10:858][  0]LogContentBrowser: Native class hierarchy updated for 'SceneOutliner' in 0.0004 seconds. Added 1 classes and 2 folders.
[2015.10.03-23.25.10:934][  0]LogCrashTracker: Crashtracker disabled due to settings.
[2015.10.03-23.25.10:939][  0]LogUObjectGlobals:Warning: Failed to find object 'Class None.'
[2015.10.03-23.25.10:963][  0]LogLoad: Full Startup: 8.60 seconds (BP compile: 0.00 seconds)
[2015.10.03-23.25.11:037][  0]LogContentStreaming: Texture pool size now 400 MB
[2015.10.03-23.25.11:203][  0]LogRenderer: Reallocating scene render targets to support 1208x576 (Frame:2).
[2015.10.03-23.25.11:569][  3]LogAssetRegistry: Asset discovery search completed in 2.8177 seconds
[2015.10.03-23.25.11:569][  3]LogCollectionManager: Rebuilt the object cache for 0 collections in 0.000000 seconds (found 0 objects)
[2015.10.03-23.25.11:569][  3]LogCollectionManager: Fixed up redirectors for 0 collections in 0.000025 seconds (updated 0 objects)
[2015.10.03-23.25.12:076][ 27]LogLinker:Warning: Asset '../../../../../../Users/MEnrique/Documents/GitHub/Game-Files/SuperSpaceArmada/Content/Mannequin/Animations/ThirdPerson_AnimBP.uasset' has been saved with empty engine version. The asset will be loaded but may be incompatible.
[2015.10.03-23.25.12:080][ 27]LogLinker:Warning: Asset '../../../../../../Users/MEnrique/Documents/GitHub/Game-Files/SuperSpaceArmada/Content/Mannequin/Animations/ThirdPerson_Jump.uasset' has been saved with empty engine version. The asset will be loaded but may be incompatible.
[2015.10.03-23.25.12:083][ 27]LogLinker:Warning: Asset '../../../../../../Users/MEnrique/Documents/GitHub/Game-Files/SuperSpaceArmada/Content/Mannequin/Animations/ThirdPersonJump_Loop.uasset' has been saved with empty engine version. The asset will be loaded but may be incompatible.
[2015.10.03-23.25.12:085][ 27]LogLinker:Warning: Asset '../../../../../../Users/MEnrique/Documents/GitHub/Game-Files/SuperSpaceArmada/Content/Mannequin/Animations/ThirdPersonJump_Start.uasset' has been saved with empty engine version. The asset will be loaded but may be incompatible.
[2015.10.03-23.25.12:087][ 27]LogLinker:Warning: Asset '../../../../../../Users/MEnrique/Documents/GitHub/Game-Files/SuperSpaceArmada/Content/Mannequin/Animations/ThirdPerson_IdleRun_2D.uasset' has been saved with empty engine version. The asset will be loaded but may be incompatible.
[2015.10.03-23.25.12:088][ 27]LogLinker:Warning: Asset '../../../../../../Users/MEnrique/Documents/GitHub/Game-Files/SuperSpaceArmada/Content/Mannequin/Animations/ThirdPersonIdle.uasset' has been saved with empty engine version. The asset will be loaded but may be incompatible.
[2015.10.03-23.25.12:090][ 27]LogLinker:Warning: Asset '../../../../../../Users/MEnrique/Documents/GitHub/Game-Files/SuperSpaceArmada/Content/Mannequin/Animations/ThirdPersonRun.uasset' has been saved with empty engine version. The asset will be loaded but may be incompatible.
[2015.10.03-23.25.12:092][ 27]LogLinker:Warning: Asset '../../../../../../Users/MEnrique/Documents/GitHub/Game-Files/SuperSpaceArmada/Content/Mannequin/Animations/ThirdPersonWalk.uasset' has been saved with empty engine version. The asset will be loaded but may be incompatible.
[2015.10.03-23.25.15:422][ 27]LogLinker:Warning: Asset '../../../Engine/Content/ArtTools/RenderToTexture/Macros/RenderToTextureMacros.uasset' has been saved with empty engine version. The asset will be loaded but may be incompatible.
[2015.10.03-23.25.16:366][ 27]LogContentBrowser: Native class hierarchy updated for 'BlueprintGraph' in 0.0008 seconds. Added 107 classes and 0 folders.
[2015.10.03-23.25.17:928][ 27]LogLinker:Warning: Can't resolve asset name
[2015.10.03-23.25.51:534][818]LogAIModule: Creating AISystem for world Menu
[2015.10.03-23.25.51:542][818]LogActorComponent: UnregisterComponent: (/Engine/Transient.CharMoveComp) Not registered. Aborting.
[2015.10.03-23.25.51:542][818]LogActorComponent: UnregisterComponent: (/Engine/Transient.CharacterMovementComponent_0) Not registered. Aborting.
[2015.10.03-23.25.51:543][818]LogActorComponent: UnregisterComponent: (/Engine/Transient.CharacterMovementComponent_1) Not registered. Aborting.
[2015.10.03-23.25.51:679][818]Cmd: MAP LOAD FILE="../../../../../../Users/MEnrique/Documents/GitHub/Game-Files/SuperSpaceArmada/Content/SSA/Maps/Menu.umap" TEMPLATE=0 SHOWPROGRESS=1 FEATURELEVEL=3
[2015.10.03-23.25.51:679][818]LightingResults: New page: Lighting Build
[2015.10.03-23.25.51:683][818]LogContentBrowser: Native class hierarchy updated for 'StatsViewer' in 0.0005 seconds. Added 5 classes and 0 folders.
[2015.10.03-23.25.51:717][818]LoadErrors: New page: Loading map: Menu.umap
[2015.10.03-23.25.51:717][818]MapCheck: New page: Map Check
[2015.10.03-23.25.51:717][818]LightingResults: New page: Lighting Build
[2015.10.03-23.25.51:780][818]LogParticles: Destroying 0 GPU particle simulations for FXSystem 0x00000056B04C9620
[2015.10.03-23.25.51:889][818]LogEditorServer: Finished looking for orphan Actors (0.000 secs)
[2015.10.03-23.25.52:048][818]Cmd: MAP CHECKDEP NOCLEARLOG
[2015.10.03-23.25.52:157][818]MapCheck: Info Map check complete: 0 Error(s), 0 Warning(s), took 108.781ms to complete.
[2015.10.03-23.25.52:157][818]LogFileHelpers: Loading map 'Menu' took 0.479
[2015.10.03-23.25.57:028][ 53]LogAIModule: Creating AISystem for world Home_Kratakos
[2015.10.03-23.25.57:049][ 53]LogActorComponent: UnregisterComponent: (/Engine/Transient.CharMoveComp) Not registered. Aborting.
[2015.10.03-23.25.57:049][ 53]LogActorComponent: UnregisterComponent: (/Engine/Transient.CharacterMovementComponent_2) Not registered. Aborting.
[2015.10.03-23.25.57:135][ 53]Cmd: MAP LOAD FILE="../../../../../../Users/MEnrique/Documents/GitHub/Game-Files/SuperSpaceArmada/Content/SSA/Maps/Home_Kratakos.umap" TEMPLATE=0 SHOWPROGRESS=1 FEATURELEVEL=3
[2015.10.03-23.25.57:135][ 53]LightingResults: New page: Lighting Build
[2015.10.03-23.25.57:163][ 53]LoadErrors: New page: Loading map: Home_Kratakos.umap
[2015.10.03-23.25.57:163][ 53]MapCheck: New page: Map Check
[2015.10.03-23.25.57:163][ 53]LightingResults: New page: Lighting Build
[2015.10.03-23.25.57:219][ 53]LogParticles: Destroying 0 GPU particle simulations for FXSystem 0x00000056A137D940
[2015.10.03-23.25.57:328][ 53]LogEditorServer: Finished looking for orphan Actors (0.000 secs)
[2015.10.03-23.25.57:509][ 53]Cmd: MAP CHECKDEP NOCLEARLOG
[2015.10.03-23.25.57:594][ 53]MapCheck: Info Map check complete: 0 Error(s), 0 Warning(s), took 85.306ms to complete.
[2015.10.03-23.25.57:595][ 53]LogFileHelpers: Loading map 'Home_Kratakos' took 0.461
[2015.10.03-23.25.57:621][ 53]LoadErrors:Error: Error /Game/SSA/Maps/Home_Kratakos : Failed import for CurveFloat /Game/SSA/Blueprints/Objects/Crystal_Spawner.Crystal_Spawner_C:CurveFloat_0__256DA8D9
[2015.10.03-23.26.00:739][215]LogActorComponent: UnregisterComponent: (/Engine/Transient.CharMoveComp) Not registered. Aborting.
[2015.10.03-23.26.00:739][215]LogActorComponent: UnregisterComponent: (/Engine/Transient.CharacterMovementComponent_3) Not registered. Aborting.
[2015.10.03-23.26.01:321][215]LogActorComponent: UnregisterComponent: (/Engine/Transient.EditorFloorComp) Not registered. Aborting.
[2015.10.03-23.26.01:429][215]LogActorComponent: UnregisterComponent: (/Engine/Transient.EditorFloorComp) Not registered. Aborting.
[2015.10.03-23.26.01:480][215]LogWindowsTextInputMethodSystem:Display: IME system now deactivated.
[2015.10.03-23.26.01:480][215]LogWindowsTextInputMethodSystem:Display: IME system now deactivated.
[2015.10.03-23.26.02:018][216]Cmd: QUIT_EDITOR
[2015.10.03-23.26.02:539][216]LogExit: Preparing to exit.
[2015.10.03-23.26.02:939][216]LogExit: Editor shut down
[2015.10.03-23.26.02:939][216]LogExit: Transaction tracking system shut down
[2015.10.03-23.26.02:940][216]LogParticles: Destroying 0 GPU particle simulations for FXSystem 0x00000056A0BA9080
[2015.10.03-23.26.02:940][216]LogParticles: Destroying 0 GPU particle simulations for FXSystem 0x00000056B5A36520
[2015.10.03-23.26.02:943][216]LogParticles: Destroying 0 GPU particle simulations for FXSystem 0x00000056C0528400
[2015.10.03-23.26.02:944][216]LogParticles: Destroying 0 GPU particle simulations for FXSystem 0x00000056BCA47880
[2015.10.03-23.26.02:948][216]LogParticles: Destroying 0 GPU particle simulations for FXSystem 0x00000056BA122F20
[2015.10.03-23.26.02:949][216]LogParticles: Destroying 0 GPU particle simulations for FXSystem 0x00000056C21A07C0
[2015.10.03-23.26.02:950][216]LogParticles: Destroying 0 GPU particle simulations for FXSystem 0x00000056C21A02C0
[2015.10.03-23.26.02:950][216]LogParticles: Destroying 0 GPU particle simulations for FXSystem 0x00000056C3B19E40
[2015.10.03-23.26.02:950][216]LogParticles: Destroying 0 GPU particle simulations for FXSystem 0x00000056C4F36C00
[2015.10.03-23.26.03:303][216]LogExit: Object subsystem successfully closed.
[2015.10.03-23.26.03:312][216]LogD3D11RHI: Shutdown
[2015.10.03-23.26.03:312][216]LogD3D11RHI: CleanupD3DDevice
[2015.10.03-23.26.03:461][216]LogD3D11RHI: ~FD3D11DynamicRHI
[2015.10.03-23.26.03:491][216]LogModuleManager: Shutting down and abandoning module StatsViewer (201)
[2015.10.03-23.26.03:491][216]LogModuleManager: Shutting down and abandoning module SequencerWidgets (200)
[2015.10.03-23.26.03:491][216]LogModuleManager: Shutting down and abandoning module BlueprintGraph (199)
[2015.10.03-23.26.03:491][216]LogModuleManager: Shutting down and abandoning module CrashTracker (198)
[2015.10.03-23.26.03:491][216]LogModuleManager: Shutting down and abandoning module SceneOutliner (197)
[2015.10.03-23.26.03:491][216]LogModuleManager: Shutting down and abandoning module SuperSearch (196)
[2015.10.03-23.26.03:491][216]LogModuleManager: Shutting down and abandoning module WidgetCarousel (195)
[2015.10.03-23.26.03:491][216]LogModuleManager: Shutting down and abandoning module AddContentDialog (194)
[2015.10.03-23.26.03:492][216]LogModuleManager: Shutting down and abandoning module EditorWidgets (193)
[2015.10.03-23.26.03:492][216]LogModuleManager: Shutting down and abandoning module CollectionManager (192)
[2015.10.03-23.26.03:492][216]LogModuleManager: Shutting down and abandoning module FoliageEdit (191)
[2015.10.03-23.26.03:492][216]LogModuleManager: Shutting down and abandoning module LandscapeEditor (190)
[2015.10.03-23.26.03:493][216]LogModuleManager: Shutting down and abandoning module ActorPickerMode (189)
[2015.10.03-23.26.03:493][216]LogModuleManager: Shutting down and abandoning module GeometryMode (188)
[2015.10.03-23.26.03:493][216]LogModuleManager: Shutting down and abandoning module TextureAlignMode (187)
[2015.10.03-23.26.03:493][216]LogModuleManager: Shutting down and abandoning module BspMode (186)
[2015.10.03-23.26.03:493][216]LogModuleManager: Shutting down and abandoning module PlacementMode (185)
[2015.10.03-23.26.03:493][216]LogModuleManager: Shutting down and abandoning module AutomationWorker (184)
[2015.10.03-23.26.03:493][216]LogModuleManager: Shutting down and abandoning module CharacterAI (183)
[2015.10.03-23.26.03:493][216]LogModuleManager: Shutting down and abandoning module SmartSnapping (182)
[2015.10.03-23.26.03:493][216]LogModuleManager: Shutting down and abandoning module ViewportSnapping (181)
[2015.10.03-23.26.03:493][216]LogModuleManager: Shutting down and abandoning module LogVisualizer (180)
[2015.10.03-23.26.03:493][216]LogModuleManager: Shutting down and abandoning module GameProjectGeneration (179)
[2015.10.03-23.26.03:493][216]LogModuleManager: Shutting down and abandoning module IntroTutorials (178)
[2015.10.03-23.26.03:493][216]LogModuleManager: Shutting down and abandoning module EditorLiveStreaming (177)
[2015.10.03-23.26.03:493][216]LogModuleManager: Shutting down and abandoning module IOSPlatformEditor (176)
[2015.10.03-23.26.03:493][216]LogModuleManager: Shutting down and abandoning module HTML5PlatformEditor (175)
[2015.10.03-23.26.03:493][216]LogModuleManager: Shutting down and abandoning module AndroidDeviceDetection (174)
[2015.10.03-23.26.04:205][216]LogModuleManager: Shutting down and abandoning module AndroidPlatformEditor (173)
[2015.10.03-23.26.04:205][216]LogModuleManager: Shutting down and abandoning module IOSRuntimeSettings (172)
[2015.10.03-23.26.04:205][216]LogModuleManager: Shutting down and abandoning module AndroidRuntimeSettings (171)
[2015.10.03-23.26.04:205][216]LogModuleManager: Shutting down and abandoning module MergeActors (170)
[2015.10.03-23.26.04:205][216]LogModuleManager: Shutting down and abandoning module SizeMap (169)
[2015.10.03-23.26.04:205][216]LogModuleManager: Shutting down and abandoning module TreeMap (168)
[2015.10.03-23.26.04:205][216]LogModuleManager: Shutting down and abandoning module ReferenceViewer (167)
[2015.10.03-23.26.04:205][216]LogModuleManager: Shutting down and abandoning module LocalizationService (166)
[2015.10.03-23.26.04:205][216]LogModuleManager: Shutting down and abandoning module LocalizationDashboard (165)
[2015.10.03-23.26.04:205][216]LogModuleManager: Shutting down and abandoning module HardwareTargeting (164)
[2015.10.03-23.26.04:205][216]LogModuleManager: Shutting down and abandoning module DeviceProfileEditor (163)
[2015.10.03-23.26.04:205][216]LogModuleManager: Shutting down and abandoning module UndoHistory (162)
[2015.10.03-23.26.04:205][216]LogModuleManager: Shutting down and abandoning module GameplayTagsEditor (161)
[2015.10.03-23.26.04:205][216]LogModuleManager: Shutting down and abandoning module UserFeedback (160)
[2015.10.03-23.26.04:205][216]LogModuleManager: Shutting down and abandoning module XmlParser (159)
[2015.10.03-23.26.04:205][216]LogModuleManager: Shutting down and abandoning module Blutility (158)
[2015.10.03-23.26.04:205][216]LogModuleManager: Shutting down and abandoning module ProjectTargetPlatformEditor (157)
[2015.10.03-23.26.04:205][216]LogModuleManager: Shutting down and abandoning module ProjectSettingsViewer (156)
[2015.10.03-23.26.04:205][216]LogModuleManager: Shutting down and abandoning module InputBindingEditor (155)
[2015.10.03-23.26.04:205][216]LogModuleManager: Shutting down and abandoning module EditorSettingsViewer (154)
[2015.10.03-23.26.04:205][216]LogModuleManager: Shutting down and abandoning module SettingsEditor (153)
[2015.10.03-23.26.04:205][216]LogModuleManager: Shutting down and abandoning module ProjectLauncher (152)
[2015.10.03-23.26.04:205][216]LogModuleManager: Shutting down and abandoning module SessionFrontend (151)
[2015.10.03-23.26.04:205][216]LogModuleManager: Shutting down and abandoning module ProfilerClient (150)
[2015.10.03-23.26.04:205][216]LogModuleManager: Shutting down and abandoning module TargetDeviceServices (149)
[2015.10.03-23.26.04:206][216]LogModuleManager: Shutting down and abandoning module DeviceManager (148)
[2015.10.03-23.26.04:206][216]LogModuleManager: Shutting down and abandoning module AutomationController (147)
[2015.10.03-23.26.04:206][216]LogModuleManager: Shutting down and abandoning module AutomationWindow (146)
[2015.10.03-23.26.04:206][216]LogModuleManager: Shutting down and abandoning module Layers (145)
[2015.10.03-23.26.04:206][216]LogModuleManager: Shutting down and abandoning module ComponentVisualizers (144)
[2015.10.03-23.26.04:206][216]LogModuleManager: Shutting down and abandoning module DetailCustomizations (143)
[2015.10.03-23.26.04:206][216]LogModuleManager: Shutting down and abandoning module PackagesDialog (142)
[2015.10.03-23.26.04:206][216]LogModuleManager: Shutting down and abandoning module Persona (141)
[2015.10.03-23.26.04:207][216]LogModuleManager: Shutting down and abandoning module Kismet (140)
[2015.10.03-23.26.04:207][216]LogModuleManager: Shutting down and abandoning module GraphEditor (139)
[2015.10.03-23.26.04:207][216]LogModuleManager: Shutting down and abandoning module ClassViewer (138)
[2015.10.03-23.26.04:207][216]LogModuleManager: Shutting down and abandoning module Toolbox (137)
[2015.10.03-23.26.04:207][216]LogModuleManager: Shutting down and abandoning module ModuleUI (136)
[2015.10.03-23.26.04:207][216]LogModuleManager: Shutting down and abandoning module MovieSceneTools (135)
[2015.10.03-23.26.04:207][216]LogModuleManager: Shutting down and abandoning module OutputLog (134)
[2015.10.03-23.26.04:207][216]LogModuleManager: Shutting down and abandoning module GammaUI (133)
[2015.10.03-23.26.04:207][216]LogModuleManager: Shutting down and abandoning module Documentation (132)
[2015.10.03-23.26.04:207][216]LogModuleManager: Shutting down and abandoning module GameLiveStreaming (131)
[2015.10.03-23.26.04:207][216]LogModuleManager: Shutting down and abandoning module StreamingPauseRendering (130)
[2015.10.03-23.26.04:207][216]LogModuleManager: Shutting down and abandoning module AnalyticsET (129)
[2015.10.03-23.26.04:207][216]LogModuleManager: Shutting down and abandoning module Analytics (128)
[2015.10.03-23.26.04:207][216]LogModuleManager: Shutting down and abandoning module AITestSuite (127)
[2015.10.03-23.26.04:207][216]LogModuleManager: Shutting down and abandoning module GameplayDebugger (126)
[2015.10.03-23.26.04:207][216]LogModuleManager: Shutting down and abandoning module AIModule (125)
[2015.10.03-23.26.04:207][216]LogModuleManager: Shutting down and abandoning module ProfilerService (124)
[2015.10.03-23.26.04:338][216]LogModuleManager: Shutting down and abandoning module TaskGraph (123)
[2015.10.03-23.26.04:338][216]LogModuleManager: Shutting down and abandoning module SubstanceEditor (122)
[2015.10.03-23.26.04:338][216]LogModuleManager: Shutting down and abandoning module SlateRemote (121)
[2015.10.03-23.26.04:338][216]LogModuleManager: Shutting down and abandoning module SteamVRController (120)
[2015.10.03-23.26.04:338][216]LogModuleManager: Shutting down and abandoning module SteamVR (119)
[2015.10.03-23.26.04:338][216]LogModuleManager: Shutting down and abandoning module ProceduralMeshComponent (118)
[2015.10.03-23.26.04:338][216]LogModuleManager: Shutting down and abandoning module OculusRift (117)
[2015.10.03-23.26.04:338][216]LogModuleManager: Shutting down and abandoning module OculusLibrary (116)
[2015.10.03-23.26.04:338][216]LogModuleManager: Shutting down and abandoning module LeapMotionController (115)
[2015.10.03-23.26.04:356][216]LogModuleManager: Shutting down and abandoning module CustomMeshComponent (114)
[2015.10.03-23.26.04:356][216]LogModuleManager: Shutting down and abandoning module CableComponent (113)
[2015.10.03-23.26.04:356][216]LogModuleManager: Shutting down and abandoning module ArchVisCharacter (112)
[2015.10.03-23.26.04:356][216]LogModuleManager: Shutting down and abandoning module MessagingDebugger (111)
[2015.10.03-23.26.04:356][216]LogModuleManager: Shutting down and abandoning module MediaPlayerEditor (110)
[2015.10.03-23.26.04:356][216]LogModuleManager: Shutting down and abandoning module HTML5Networking (109)
[2015.10.03-23.26.04:356][216]LogModuleManager: Shutting down and abandoning module SpeedTreeImporter (108)
[2015.10.03-23.26.04:356][216]LogModuleManager: Shutting down and abandoning module PluginBrowser (107)
[2015.10.03-23.26.04:356][216]LogModuleManager: Shutting down and abandoning module EpicSurvey (106)
[2015.10.03-23.26.04:356][216]LogModuleManager: Shutting down and abandoning module DesktopPlatform (105)
[2015.10.03-23.26.04:356][216]LogModuleManager: Shutting down and abandoning module VisualStudioSourceCodeAccess (104)
[2015.10.03-23.26.04:356][216]LogModuleManager: Shutting down and abandoning module UObjectPlugin (103)
[2015.10.03-23.26.04:356][216]LogModuleManager: Shutting down and abandoning module SubversionSourceControl (102)
[2015.10.03-23.26.04:356][216]LogModuleManager: Shutting down and abandoning module PerforceSourceControl (101)
[2015.10.03-23.26.04:356][216]LogModuleManager: Shutting down and abandoning module SourceControl (100)
[2015.10.03-23.26.04:356][216]LogModuleManager: Shutting down and abandoning module GitSourceControl (99)
[2015.10.03-23.26.04:356][216]LogModuleManager: Shutting down and abandoning module LightPropagationVolumeEditor (98)
[2015.10.03-23.26.04:356][216]LogModuleManager: Shutting down and abandoning module PaperTiledImporter (97)
[2015.10.03-23.26.04:356][216]LogModuleManager: Shutting down and abandoning module PaperSpriteSheetImporter (96)
[2015.10.03-23.26.04:356][216]LogModuleManager: Shutting down and abandoning module MeshPaint (95)
[2015.10.03-23.26.04:356][216]LogModuleManager: Shutting down and abandoning module SlateReflector (94)
[2015.10.03-23.26.04:356][216]LogModuleManager: Shutting down and abandoning module HotReload (93)
[2015.10.03-23.26.04:356][216]LogModuleManager: Shutting down and abandoning module MainFrame (92)
[2015.10.03-23.26.04:356][216]LogModuleManager: Shutting down and abandoning module LevelEditor (91)
[2015.10.03-23.26.04:358][216]LogModuleManager: Shutting down and abandoning module ContentBrowser (90)
[2015.10.03-23.26.04:359][216]LogModuleManager: Shutting down and abandoning module Paper2DEditor (89)
[2015.10.03-23.26.04:360][216]LogModuleManager: Shutting down and abandoning module UdpMessaging (88)
[2015.10.03-23.26.04:461][216]LogModuleManager: Shutting down and abandoning module DirectoryWatcher (87)
[2015.10.03-23.26.04:462][216]LogModuleManager: Shutting down and abandoning module AssetRegistry (86)
[2015.10.03-23.26.04:594][216]LogModuleManager: Shutting down and abandoning module SubstanceCore (85)
[2015.10.03-23.26.04:595][216]LogModuleManager: Shutting down and abandoning module LightPropagationVolumeRuntime (84)
[2015.10.03-23.26.04:595][216]LogModuleManager: Shutting down and abandoning module Paper2D (83)
[2015.10.03-23.26.04:595][216]LogModuleManager: Shutting down and abandoning module WindowsMoviePlayer (82)
[2015.10.03-23.26.04:602][216]LogModuleManager: Shutting down and abandoning module Media (81)
[2015.10.03-23.26.04:603][216]LogModuleManager: Shutting down and abandoning module WmfMedia (80)
[2015.10.03-23.26.04:603][216]LogModuleManager: Shutting down and abandoning module OnlineBlueprintSupport (79)
[2015.10.03-23.26.04:603][216]LogModuleManager: Shutting down and abandoning module GameplayTasksEditor (78)
[2015.10.03-23.26.04:603][216]LogModuleManager: Shutting down and abandoning module PropertyEditor (77)
[2015.10.03-23.26.04:603][216]LogModuleManager: Shutting down and abandoning module BehaviorTreeEditor (76)
[2015.10.03-23.26.04:603][216]LogModuleManager: Shutting down and abandoning module FunctionalTesting (75)
[2015.10.03-23.26.04:603][216]LogModuleManager: Shutting down and abandoning module CollisionAnalyzer (74)
[2015.10.03-23.26.04:603][216]LogModuleManager: Shutting down and abandoning module WorkspaceMenuStructure (73)
[2015.10.03-23.26.04:603][216]LogModuleManager: Shutting down and abandoning module MessageLog (72)
[2015.10.03-23.26.04:603][216]LogModuleManager: Shutting down and abandoning module Sequencer (71)
[2015.10.03-23.26.04:603][216]LogModuleManager: Shutting down and abandoning module AssetTools (70)
[2015.10.03-23.26.04:603][216]LogModuleManager: Shutting down and abandoning module UMGEditor (69)
[2015.10.03-23.26.04:603][216]LogModuleManager: Shutting down and abandoning module UMG (68)
[2015.10.03-23.26.04:603][216]LogModuleManager: Shutting down and abandoning module Slate (67)
[2015.10.03-23.26.04:603][216]LogModuleManager: Shutting down and abandoning module EditorStyle (66)
[2015.10.03-23.26.04:606][216]LogModuleManager: Shutting down and abandoning module SessionServices (65)
[2015.10.03-23.26.04:606][216]LogModuleManager: Shutting down and abandoning module SourceCodeAccess (64)
[2015.10.03-23.26.04:606][216]LogModuleManager: Shutting down and abandoning module HeadMountedDisplay (63)
[2015.10.03-23.26.04:606][216]LogModuleManager: Shutting down and abandoning module XAudio2 (62)
[2015.10.03-23.26.04:606][216]LogModuleManager: Shutting down and abandoning module Networking (60)
[2015.10.03-23.26.04:606][216]LogModuleManager: Shutting down and abandoning module Core (59)
[2015.10.03-23.26.04:606][216]LogModuleManager: Shutting down and abandoning module KismetCompiler (58)
[2015.10.03-23.26.04:606][216]LogModuleManager: Shutting down and abandoning module PhysXFormats (57)
[2015.10.03-23.26.04:606][216]LogModuleManager: Shutting down and abandoning module MeshUtilities (56)
[2015.10.03-23.26.04:606][216]LogModuleManager: Shutting down and abandoning module CookingStats (55)
[2015.10.03-23.26.04:608][216]LogModuleManager: Shutting down and abandoning module DerivedDataCache (54)
[2015.10.03-23.26.05:008][216]LogDerivedDataCache: Shutdown
[2015.10.03-23.26.05:008][216]LogModuleManager: Shutting down and abandoning module ShaderFormatOpenGL (53)
[2015.10.03-23.26.05:008][216]LogModuleManager: Shutting down and abandoning module ShaderFormatD3D (52)
[2015.10.03-23.26.05:008][216]LogModuleManager: Shutting down and abandoning module MetalShaderFormat (51)
[2015.10.03-23.26.05:008][216]LogModuleManager: Shutting down and abandoning module TextureFormatUncompressed (50)
[2015.10.03-23.26.05:008][216]LogModuleManager: Shutting down and abandoning module TextureFormatPVR (49)
[2015.10.03-23.26.05:008][216]LogModuleManager: Shutting down and abandoning module TextureFormatIntelISPCTexComp (48)
[2015.10.03-23.26.05:008][216]LogModuleManager: Shutting down and abandoning module TextureFormatDXT (47)
[2015.10.03-23.26.05:008][216]LogModuleManager: Shutting down and abandoning module ImageWrapper (46)
[2015.10.03-23.26.05:008][216]LogModuleManager: Shutting down and abandoning module TextureFormatASTC (45)
[2015.10.03-23.26.05:008][216]LogModuleManager: Shutting down and abandoning module TextureFormatAndroid (44)
[2015.10.03-23.26.05:008][216]LogModuleManager: Shutting down and abandoning module AudioFormatOpus (43)
[2015.10.03-23.26.05:008][216]LogModuleManager: Shutting down and abandoning module AudioFormatOgg (42)
[2015.10.03-23.26.05:008][216]LogModuleManager: Shutting down and abandoning module AudioFormatADPCM (41)
[2015.10.03-23.26.05:008][216]LogModuleManager: Shutting down and abandoning module LinuxTargetPlatform (40)
[2015.10.03-23.26.05:008][216]LogModuleManager: Shutting down and abandoning module LinuxServerTargetPlatform (39)
[2015.10.03-23.26.05:008][216]LogModuleManager: Shutting down and abandoning module LinuxNoEditorTargetPlatform (38)
[2015.10.03-23.26.05:008][216]LogModuleManager: Shutting down and abandoning module Messaging (37)
[2015.10.03-23.26.05:008][216]LogModuleManager: Shutting down and abandoning module IOSTargetPlatform (36)
[2015.10.03-23.26.05:008][216]LogModuleManager: Shutting down and abandoning module HTML5TargetPlatform (35)
[2015.10.03-23.26.05:008][216]LogModuleManager: Shutting down and abandoning module Android_PVRTCTargetPlatform (34)
[2015.10.03-23.26.05:008][216]LogModuleManager: Shutting down and abandoning module Android_ETC2TargetPlatform (33)
[2015.10.03-23.26.05:008][216]LogModuleManager: Shutting down and abandoning module Android_ETC1TargetPlatform (32)
[2015.10.03-23.26.05:008][216]LogModuleManager: Shutting down and abandoning module Android_DXTTargetPlatform (31)
[2015.10.03-23.26.05:008][216]LogModuleManager: Shutting down and abandoning module Android_ATCTargetPlatform (30)
[2015.10.03-23.26.05:008][216]LogModuleManager: Shutting down and abandoning module Android_ASTCTargetPlatform (29)
[2015.10.03-23.26.05:008][216]LogModuleManager: Shutting down and abandoning module AndroidTargetPlatform (28)
[2015.10.03-23.26.05:008][216]LogModuleManager: Shutting down and abandoning module WindowsTargetPlatform (27)
[2015.10.03-23.26.05:008][216]LogModuleManager: Shutting down and abandoning module WindowsServerTargetPlatform (26)
[2015.10.03-23.26.05:008][216]LogModuleManager: Shutting down and abandoning module WindowsNoEditorTargetPlatform (25)
[2015.10.03-23.26.05:008][216]LogModuleManager: Shutting down and abandoning module WindowsClientTargetPlatform (24)
[2015.10.03-23.26.05:008][216]LogModuleManager: Shutting down and abandoning module AllDesktopTargetPlatform (23)
[2015.10.03-23.26.05:008][216]LogModuleManager: Shutting down and abandoning module TargetPlatform (22)
[2015.10.03-23.26.05:008][216]LogModuleManager: Shutting down and abandoning module InputCore (21)
[2015.10.03-23.26.05:008][216]LogModuleManager: Shutting down and abandoning module Settings (20)
[2015.10.03-23.26.05:009][216]LogModuleManager: Shutting down and abandoning module OnlineSubsystem (18)
[2015.10.03-23.26.05:009][216]LogModuleManager: Shutting down and abandoning module HTTP (17)
[2015.10.03-23.26.07:015][216]LogModuleManager: Shutting down and abandoning module XMPP (16)
[2015.10.03-23.26.07:016][216]LogModuleManager: Shutting down and abandoning module ExampleDeviceProfileSelector (15)
[2015.10.03-23.26.07:016][216]LogModuleManager: Shutting down and abandoning module TextureCompressor (14)
[2015.10.03-23.26.07:016][216]LogModuleManager: Shutting down and abandoning module ShaderCore (13)
[2015.10.03-23.26.07:016][216]LogModuleManager: Shutting down and abandoning module Landscape (12)
[2015.10.03-23.26.07:016][216]LogModuleManager: Shutting down and abandoning module SlateRHIRenderer (11)
[2015.10.03-23.26.07:023][216]LogModuleManager: Shutting down and abandoning module OpenGLDrv (10)
[2015.10.03-23.26.07:023][216]LogModuleManager: Shutting down and abandoning module D3D11RHI (9)
[2015.10.03-23.26.07:023][216]LogModuleManager: Shutting down and abandoning module AnimGraphRuntime (8)
[2015.10.03-23.26.07:023][216]LogModuleManager: Shutting down and abandoning module Renderer (7)
[2015.10.03-23.26.07:023][216]LogModuleManager: Shutting down and abandoning module Engine (6)
[2015.10.03-23.26.07:023][216]LogModuleManager: Shutting down and abandoning module CoreUObject (5)
[2015.10.03-23.26.07:023][216]LogModuleManager: Shutting down and abandoning module NetworkFile (4)
[2015.10.03-23.26.07:023][216]LogModuleManager: Shutting down and abandoning module StreamingFile (3)
[2015.10.03-23.26.07:023][216]LogModuleManager: Shutting down and abandoning module SandboxFile (2)
[2015.10.03-23.26.07:023][216]LogModuleManager: Shutting down and abandoning module PakFile (1)
[2015.10.03-23.26.07:024][216]LogExit: Exiting.
[2015.10.03-23.26.07:050][216]Log file closed, 10/03/15 19:26:07
