[2015.11.19-17.35.27:951][  0]Log file open, 11/19/15 12:35:27
[2015.11.19-17.35.27:951][  0]LogInit:Display: Running engine without a game
[2015.11.19-17.35.27:951][  0]LogInit:Display: Loading recent project file: ../../../../../../../My Media/UCF Documents/DIG 4725/Game-Files/SuperSpaceArmada/SuperSpaceArmada.uproject
[2015.11.19-17.35.27:951][  0]LogInit:Display: RandInit(2146123371) SRandInit(2146123372).
[2015.11.19-17.35.27:951][  0]LogTaskGraph: Started task graph with 4 named threads and 7 total threads.
[2015.11.19-17.35.27:951][  0]LogStats: Stats thread started at 0.062312
[2015.11.19-17.35.27:951][  0]LogInit: Version: 4.9.1-2689999+++depot+UE4-Releases+4.9
[2015.11.19-17.35.27:951][  0]LogInit: API Version: 2672455
[2015.11.19-17.35.27:951][  0]LogInit: Compiled (64-bit): Sep 14 2015 04:12:03
[2015.11.19-17.35.27:951][  0]LogInit: Compiled with Visual C++: 18.00.21005.01
[2015.11.19-17.35.27:951][  0]LogInit: Build Configuration: Development
[2015.11.19-17.35.27:951][  0]LogInit: Branch Name: ++depot+UE4-Releases+4.9
[2015.11.19-17.35.27:951][  0]LogInit: Command line: 
[2015.11.19-17.35.27:951][  0]LogInit: Base directory: F:/Program Files/Unreal/Epic Games/4.9/Engine/Binaries/Win64/
[2015.11.19-17.35.27:951][  0]LogInit: Rocket: 1
[2015.11.19-17.35.27:958][  0]LogInit: Using libcurl 7.41.0
[2015.11.19-17.35.27:958][  0]LogInit:  - built for x86_64-pc-win32
[2015.11.19-17.35.27:958][  0]LogInit:  - supports SSL with WinSSL
[2015.11.19-17.35.27:958][  0]LogInit:  - other features:
[2015.11.19-17.35.27:958][  0]LogInit:      CURL_VERSION_SSL
[2015.11.19-17.35.27:958][  0]LogInit:      CURL_VERSION_IPV6
[2015.11.19-17.35.27:958][  0]LogInit:      CURL_VERSION_ASYNCHDNS
[2015.11.19-17.35.27:958][  0]LogInit:      CURL_VERSION_LARGEFILE
[2015.11.19-17.35.27:958][  0]LogInit:      CURL_VERSION_IDN
[2015.11.19-17.35.27:958][  0]LogInit:  CurlRequestOptions (configurable via config and command line):
[2015.11.19-17.35.27:958][  0]LogInit:  - bVerifyPeer = true  - Libcurl will verify peer certificate
[2015.11.19-17.35.27:958][  0]LogInit:  - bUseHttpProxy = false  - Libcurl will NOT use HTTP proxy
[2015.11.19-17.35.27:958][  0]LogInit:  - bDontReuseConnections = false  - Libcurl will reuse connections
[2015.11.19-17.35.27:958][  0]LogInit:  - CertBundlePath = nullptr  - Libcurl will use whatever was configured at build time.
[2015.11.19-17.35.27:964][  0]LogInit: Presizing for 0 objects not considered by GC, pre-allocating 0 bytes.
[2015.11.19-17.35.27:970][  0]LogInit: Object subsystem initialized
[2015.11.19-17.35.27:971][  0]LogInit: Selected Device Profile: [Windows]
[2015.11.19-17.35.27:971][  0]LogInit: Applying CVar settings loaded from the selected device profile: [Windows]
[2015.11.19-17.35.27:978][  0]LogInit: Computer: ANDREW_2015
[2015.11.19-17.35.27:978][  0]LogInit: User: aehrlich92
[2015.11.19-17.35.27:978][  0]LogInit: CPU Page size=4096, Cores=4
[2015.11.19-17.35.27:978][  0]LogInit: High frequency timer resolution =3.984650 MHz
[2015.11.19-17.35.27:978][  0]LogMemory: Memory total: Physical=15.9GB (16GB approx)
[2015.11.19-17.35.27:978][  0]LogMemory: Platform Memory Stats for Windows
[2015.11.19-17.35.27:978][  0]LogMemory: Process Physical Memory: 54.67 MB used, 54.67 MB peak
[2015.11.19-17.35.27:978][  0]LogMemory: Process Virtual Memory: 55.36 MB used, 55.36 MB peak
[2015.11.19-17.35.27:978][  0]LogMemory: Physical Memory: 5687.65 MB used, 16322.88 MB total
[2015.11.19-17.35.27:978][  0]LogMemory: Virtual Memory: 364.35 MB used, 134217728.00 MB total
[2015.11.19-17.35.28:017][  0]LogTextLocalizationManager: No specific translations for ('en-US') exist, so ('en') translations will be used.
[2015.11.19-17.35.28:566][  0]LogD3D11RHI: Found D3D11 adapter 0: NVIDIA GeForce GTX 960 (Feature Level 11_0)
[2015.11.19-17.35.28:566][  0]LogD3D11RHI: Adapter has 1969MB of dedicated video memory, 0MB of dedicated system memory, and 8161MB of shared system memory, 2 output[s]
[2015.11.19-17.35.28:568][  0]LogD3D11RHI: Found D3D11 adapter 1: Microsoft Basic Render Driver (Feature Level 11_0)
[2015.11.19-17.35.28:568][  0]LogD3D11RHI: Adapter has 0MB of dedicated video memory, 0MB of dedicated system memory, and 8161MB of shared system memory, 0 output[s]
[2015.11.19-17.35.28:568][  0]LogD3D11RHI: Chosen D3D11 Adapter Id = 0
[2015.11.19-17.35.28:571][  0]LogD3D11RHI: !Direct3DDevice
[2015.11.19-17.35.28:571][  0]LogRHI: Texture pool is 1361 MB (70% of 1945 MB)
[2015.11.19-17.35.28:581][  0]LogD3D11RHI: Async texture creation enabled
[2015.11.19-17.35.28:595][  0]LogShaderCompilers: Guid format shader working directory is 14 characters bigger than the processId version (../../../../../../../My Media/UCF Documents/DIG 4725/Game-Files/SuperSpaceArmada/Intermediate/Shaders/WorkingDirectory/18876/).
[2015.11.19-17.35.28:595][  0]LogShaderCompilers: Cleaned the shader compiler working directory '../../../../../../../My Media/UCF Documents/DIG 4725/Game-Files/SuperSpaceArmada/Intermediate/Shaders/tmp/0647197844267C56497D3487A0328052/'.
[2015.11.19-17.35.28:595][  0]LogShaderCompilers:Display: Using Local Shader Compiler.
[2015.11.19-17.35.29:379][  0]LogTemp:Display: Loaded TP AllDesktopTargetPlatform
[2015.11.19-17.35.29:383][  0]LogTemp:Display: Loaded TP WindowsClientTargetPlatform
[2015.11.19-17.35.29:387][  0]LogTemp:Display: Loaded TP WindowsNoEditorTargetPlatform
[2015.11.19-17.35.29:391][  0]LogTemp:Display: Loaded TP WindowsServerTargetPlatform
[2015.11.19-17.35.29:395][  0]LogTemp:Display: Loaded TP WindowsTargetPlatform
[2015.11.19-17.35.29:398][  0]LogTemp:Display: Loaded TP AndroidTargetPlatform
[2015.11.19-17.35.29:401][  0]LogTemp:Display: Loaded TP Android_ASTCTargetPlatform
[2015.11.19-17.35.29:404][  0]LogTemp:Display: Loaded TP Android_ATCTargetPlatform
[2015.11.19-17.35.29:407][  0]LogTemp:Display: Loaded TP Android_DXTTargetPlatform
[2015.11.19-17.35.29:410][  0]LogTemp:Display: Loaded TP Android_ETC1TargetPlatform
[2015.11.19-17.35.29:413][  0]LogTemp:Display: Loaded TP Android_ETC2TargetPlatform
[2015.11.19-17.35.29:416][  0]LogTemp:Display: Loaded TP Android_PVRTCTargetPlatform
[2015.11.19-17.35.29:418][  0]LogTemp:Display: Loaded TP HTML5TargetPlatform
[2015.11.19-17.35.29:434][  0]LogTemp:Display: Loaded TP IOSTargetPlatform
[2015.11.19-17.35.29:437][  0]LogTemp:Display: Loaded TP LinuxNoEditorTargetPlatform
[2015.11.19-17.35.29:440][  0]LogTemp:Display: Loaded TP LinuxServerTargetPlatform
[2015.11.19-17.35.29:443][  0]LogTemp:Display: Loaded TP LinuxTargetPlatform
[2015.11.19-17.35.29:443][  0]LogTargetPlatformManager:Display: Building Assets For Windows
[2015.11.19-17.35.29:503][  0]LogDerivedDataCache:Display: Max Cache Size: 512 MB
[2015.11.19-17.35.29:534][  0]LogDerivedDataCache: Loaded boot cache 0.03s 41MB C:/Users/aehrlich92/AppData/Local/UnrealEngine/4.9/DerivedDataCache/Boot.ddc.
[2015.11.19-17.35.29:534][  0]LogDerivedDataCache:Display: Loaded Boot cache: C:/Users/aehrlich92/AppData/Local/UnrealEngine/4.9/DerivedDataCache/Boot.ddc
[2015.11.19-17.35.29:534][  0]LogDerivedDataCache: FDerivedDataBackendGraph:  Pak pak cache file ../../../../../../../My Media/UCF Documents/DIG 4725/Game-Files/SuperSpaceArmada/DerivedDataCache/DDC.ddp not found, will not use a pak cache.
[2015.11.19-17.35.29:534][  0]LogDerivedDataCache: Unable to find inner node Pak for hierarchical cache Hierarchy.
[2015.11.19-17.35.29:534][  0]LogDerivedDataCache: FDerivedDataBackendGraph:  CompressedPak pak cache file ../../../../../../../My Media/UCF Documents/DIG 4725/Game-Files/SuperSpaceArmada/DerivedDataCache/Compressed.ddp not found, will not use a pak cache.
[2015.11.19-17.35.29:534][  0]LogDerivedDataCache: Unable to find inner node CompressedPak for hierarchical cache Hierarchy.
[2015.11.19-17.35.29:633][  0]LogDerivedDataCache:Display: Pak cache opened for reading ../../../Engine/DerivedDataCache/Compressed.ddp.
[2015.11.19-17.35.29:645][  0]LogDerivedDataCache: Using Local data cache path C:/Users/aehrlich92/AppData/Local/UnrealEngine/Common/DerivedDataCache: Writable
[2015.11.19-17.35.29:758][  0]LogInit: Selected Device Profile: [Windows]
[2015.11.19-17.35.29:760][  0]LogContentStreaming: Texture pool size is 0.000000MB
[2015.11.19-17.35.29:839][  0]LogMeshUtilities: No automatic mesh reduction module available
[2015.11.19-17.35.29:839][  0]LogMeshUtilities: No automatic mesh merging module available
[2015.11.19-17.35.30:004][  0]LogInit: WinSock: version 1.1 (2.2), MaxSocks=32767, MaxUdp=65467
[2015.11.19-17.35.30:501][  0]LogAssetRegistry: FAssetRegistry took 0.0107 seconds to start up
[2015.11.19-17.35.30:511][  0]UdpMessaging: Initializing bridge on interface 0.0.0.0:0 to multicast group 230.0.0.1:6666.
[2015.11.19-17.35.30:687][  0]SourceControl: Info Source control is disabled
[2015.11.19-17.35.30:695][  0]SourceControl: Info Source control is disabled
[2015.11.19-17.35.30:700][  0]SourceControl: Info Source control is disabled
[2015.11.19-17.35.30:706][  0]SourceControl: Info Source control is disabled
[2015.11.19-17.35.30:787][  0]LogLinker:Warning: Asset '../../../Engine/Plugins/Runtime/LeapMotionController/Content/LM_PassthroughMaterial.uasset' has been saved with empty engine version. The asset will be loaded but may be incompatible.
[2015.11.19-17.35.30:842][  0]LogObj: 28528 objects as part of root set at end of initial load.
[2015.11.19-17.35.30:842][  0]LogUObjectAllocator: 6068464 out of 0 bytes used by permanent object pool.
[2015.11.19-17.35.30:883][  0]LogEngine: Initializing Engine...
[2015.11.19-17.35.30:885][  0]LogHMD: Can't find Oculus library dev build: is proper Runtime installed? Version: 0.7.0.0
[2015.11.19-17.35.30:886][  0]LogHMD: SteamVR failed to initialize.  Err: 110
[2015.11.19-17.35.30:963][  0]LogAIModule: Creating AISystem for world NewWorld
[2015.11.19-17.35.30:970][  0]LogInit: XAudio2 using 'Speakers (Realtek High Definition Audio)' : 8 channels at 48 kHz using 32 bits per sample (channel mask 0x63f)
[2015.11.19-17.35.30:979][  0]LogInit: FAudioDevice initialized.
[2015.11.19-17.35.30:995][  0]LogDerivedDataCache: Saved boot cache 0.02s 41MB C:/Users/aehrlich92/AppData/Local/UnrealEngine/4.9/DerivedDataCache/Boot.ddc.
[2015.11.19-17.35.30:998][  0]LogInit: Texture streaming: Enabled
[2015.11.19-17.35.31:002][  0]LogAnalytics: Creating configured Analytics provider AnalyticsET
[2015.11.19-17.35.31:002][  0]LogAnalytics: [UEEditor.Rocket.Release] APIServer = http://et2.epicgames.com/ET2/. AppVersion = 4.9.1-2689999+++depot+UE4-Releases+4.9
[2015.11.19-17.35.31:002][  0]LogAnalytics: [UEEditor.Rocket.Release] SetUserId 7bdbd2584788e6e37f918c9187bab22c|b300224d71e64562a5bff06c2aaa78f8|45aed112-7b58-41bf-9eba-b8dcb7f9dd12
[2015.11.19-17.35.31:002][  0]LogAnalytics: [UEEditor.Rocket.Release] AnalyticsET::StartSession
[2015.11.19-17.35.31:032][  0]LogInit: Transaction tracking system initialized
[2015.11.19-17.35.31:109][  0]BlueprintLog: New page: Editor Load
[2015.11.19-17.35.31:229][  0]LocalizationService: Info Localization service is disabled
[2015.11.19-17.35.31:286][  0]LogConsoleResponse:Display: 
[2015.11.19-17.35.31:362][  0]LogCook:Display: Done creating registry. It took  0.00s.
[2015.11.19-17.35.31:405][  0]LogFileCache: Scanning file cache for directory 'F:/My Media/UCF Documents/DIG 4725/Game-Files/SuperSpaceArmada/Content/' took 0.02s
[2015.11.19-17.35.31:406][  0]SourceControl: Info Source control is disabled
[2015.11.19-17.35.31:406][  0]Cmd: MAP LOAD FILE="../../../../../../../My Media/UCF Documents/DIG 4725/Game-Files/SuperSpaceArmada/Content/SSA/Maps/Home_Kratakos.umap" TEMPLATE=0 SHOWPROGRESS=1 FEATURELEVEL=3
[2015.11.19-17.35.31:406][  0]LightingResults: New page: Lighting Build
[2015.11.19-17.35.31:407][  0]MapCheck: New page: Map Check
[2015.11.19-17.35.31:407][  0]LightingResults: New page: Lighting Build
[2015.11.19-17.35.31:416][  0]LogParticles: Destroying 0 GPU particle simulations for FXSystem 0x00000070CF2DD620
[2015.11.19-17.35.31:471][  0]LogLinker:Warning: Asset '../../../../../../../My Media/UCF Documents/DIG 4725/Game-Files/SuperSpaceArmada/Content/Mannequin/Animations/ThirdPerson_AnimBP.uasset' has been saved with empty engine version. The asset will be loaded but may be incompatible.
[2015.11.19-17.35.31:472][  0]LogLinker:Warning: Asset '../../../../../../../My Media/UCF Documents/DIG 4725/Game-Files/SuperSpaceArmada/Content/Mannequin/Animations/ThirdPerson_Jump.uasset' has been saved with empty engine version. The asset will be loaded but may be incompatible.
[2015.11.19-17.35.31:473][  0]LogLinker:Warning: Asset '../../../../../../../My Media/UCF Documents/DIG 4725/Game-Files/SuperSpaceArmada/Content/Mannequin/Animations/ThirdPersonJump_Loop.uasset' has been saved with empty engine version. The asset will be loaded but may be incompatible.
[2015.11.19-17.35.31:474][  0]LogLinker:Warning: Asset '../../../../../../../My Media/UCF Documents/DIG 4725/Game-Files/SuperSpaceArmada/Content/Mannequin/Animations/ThirdPersonJump_Start.uasset' has been saved with empty engine version. The asset will be loaded but may be incompatible.
[2015.11.19-17.35.31:475][  0]LogLinker:Warning: Asset '../../../../../../../My Media/UCF Documents/DIG 4725/Game-Files/SuperSpaceArmada/Content/Mannequin/Animations/ThirdPerson_IdleRun_2D.uasset' has been saved with empty engine version. The asset will be loaded but may be incompatible.
[2015.11.19-17.35.31:475][  0]LogLinker:Warning: Asset '../../../../../../../My Media/UCF Documents/DIG 4725/Game-Files/SuperSpaceArmada/Content/Mannequin/Animations/ThirdPersonIdle.uasset' has been saved with empty engine version. The asset will be loaded but may be incompatible.
[2015.11.19-17.35.31:476][  0]LogLinker:Warning: Asset '../../../../../../../My Media/UCF Documents/DIG 4725/Game-Files/SuperSpaceArmada/Content/Mannequin/Animations/ThirdPersonRun.uasset' has been saved with empty engine version. The asset will be loaded but may be incompatible.
[2015.11.19-17.35.31:476][  0]LogLinker:Warning: Asset '../../../../../../../My Media/UCF Documents/DIG 4725/Game-Files/SuperSpaceArmada/Content/Mannequin/Animations/ThirdPersonWalk.uasset' has been saved with empty engine version. The asset will be loaded but may be incompatible.
[2015.11.19-17.35.32:851][  0]LogBlueprint:Warning: [HUD] CreatePinForVariable: 'Enemy Current Ship' variable not found. Base class was probably changed.
[2015.11.19-17.35.32:866][  0]LogBlueprint:Warning: [compiler HUD] Warning Could not find a variable named "Enemy Current Ship" in 'SSAGameInstance_C'.
Make sure 'SSAGameInstance_C' has been compiled for  Get Enemy Current Ship 
[2015.11.19-17.35.32:868][  0]LogBlueprint:Error: [compiler HUD] Error The property associated with  Enemy Current Ship  could not be found
[2015.11.19-17.35.32:885][  0]LogBlueprint:Warning: [compiler HUD] Warning [0005.42] Compile of HUD failed. 1 Fatal Issue(s) 1 Warning(s) [in 31 ms]
[2015.11.19-17.35.32:887][  0]LogBlueprint:Warning: [compiler HUD] Warning [0005.43] Compile of HUD failed. 1 Fatal Issue(s) 2 Warning(s) [in 2 ms]
[2015.11.19-17.35.32:887][  0]LogBlueprint:Warning: [compiler HUD] Warning [0005.43] Compile of HUD failed. 1 Fatal Issue(s) 3 Warning(s) [in 0 ms]
[2015.11.19-17.35.33:722][  0]LogLinker:Warning: Can't find file '/Game/Geometry/Meshes/1M_Cube'
[2015.11.19-17.35.33:722][  0]LogLinker:Warning: Can't find file for asset '/Game/Geometry/Meshes/1M_Cube' while loading ../../../../../../../My Media/UCF Documents/DIG 4725/Game-Files/SuperSpaceArmada/Content/SSA/Blueprints/Objects/Crystal_Spawner.uasset.
[2015.11.19-17.35.33:722][  0]LoadErrors:Error: Error /Game/SSA/Blueprints/Objects/Crystal_Spawner : Can't find file for asset. /Game/Geometry/Meshes/1M_Cube
[2015.11.19-17.35.33:723][  0]LogLinker:Warning: Can't find file '/Game/Geometry/Meshes/1M_Cube'
[2015.11.19-17.35.33:723][  0]LogLinker:Warning: Can't find file for asset '/Game/Geometry/Meshes/1M_Cube' while loading ../../../../../../../My Media/UCF Documents/DIG 4725/Game-Files/SuperSpaceArmada/Content/SSA/Blueprints/Objects/Crystal_Spawner.uasset.
[2015.11.19-17.35.33:723][  0]LoadErrors:Error: Error /Game/SSA/Blueprints/Objects/Crystal_Spawner : Can't find file for asset. /Game/Geometry/Meshes/1M_Cube
[2015.11.19-17.35.33:724][  0]LogLinker:Warning: Can't find file '/Game/Geometry/Meshes/1M_Cube'
[2015.11.19-17.35.33:724][  0]LogLinker:Warning: Can't find file for asset '/Game/Geometry/Meshes/1M_Cube' while loading ../../../../../../../My Media/UCF Documents/DIG 4725/Game-Files/SuperSpaceArmada/Content/SSA/Maps/Home_Kratakos.umap.
[2015.11.19-17.35.33:724][  0]LoadErrors:Error: Error /Game/SSA/Maps/Home_Kratakos : Can't find file for asset. /Game/Geometry/Meshes/1M_Cube
[2015.11.19-17.35.33:724][  0]LogLinker:Warning: Can't find file '/Game/Geometry/Meshes/1M_Cube'
[2015.11.19-17.35.33:724][  0]LogLinker:Warning: Can't find file for asset '/Game/Geometry/Meshes/1M_Cube' while loading ../../../../../../../My Media/UCF Documents/DIG 4725/Game-Files/SuperSpaceArmada/Content/SSA/Maps/Home_Kratakos.umap.
[2015.11.19-17.35.33:724][  0]LoadErrors:Error: Error /Game/SSA/Maps/Home_Kratakos : Can't find file for asset. /Game/Geometry/Meshes/1M_Cube
[2015.11.19-17.35.33:725][  0]LogLinker:Warning: Can't find file '/Game/Geometry/Meshes/1M_Cube'
[2015.11.19-17.35.33:725][  0]LoadErrors: Info Failed to load /Game/Geometry/Meshes/1M_Cube.1M_Cube Referenced by StaticMeshComponent0
[2015.11.19-17.35.33:725][  0]LogLinker:Warning: Can't find file for asset '/Game/Geometry/Meshes/1M_Cube' while loading ../../../../../../../My Media/UCF Documents/DIG 4725/Game-Files/SuperSpaceArmada/Content/SSA/Maps/Home_Kratakos.umap.
[2015.11.19-17.35.33:725][  0]LoadErrors: Info Failed to load /Game/Geometry/Meshes/1M_Cube.1M_Cube Referenced by StaticMeshComponent0
[2015.11.19-17.35.33:725][  0]LoadErrors:Error: Error /Game/SSA/Maps/Home_Kratakos : Can't find file for asset. /Game/Geometry/Meshes/1M_Cube
[2015.11.19-17.35.34:412][  0]LogMaterial: Missing cached shader map for material lambert1, compiling. 
[2015.11.19-17.35.34:413][  0]LogMaterial:Warning: Failed to compile Material /Game/Geometry/Meshes/KratakosFrigate/lambert1.lambert1 for platform PCD3D_SM5, Default Material will be used in game.
[2015.11.19-17.35.34:413][  0]LogMaterial:Warning: 	(Node TextureSample) TextureSample> Missing input texture
[2015.11.19-17.35.34:588][  0]LogAIModule: Creating AISystem for world Home_Kratakos
[2015.11.19-17.35.34:594][  0]LogEditorServer: Finished looking for orphan Actors (0.000 secs)
[2015.11.19-17.35.34:594][  0]Cmd: MAP CHECKDEP NOCLEARLOG
[2015.11.19-17.35.34:670][  0]MapCheck: Info Map check complete: 0 Error(s), 0 Warning(s), took 75.525ms to complete.
[2015.11.19-17.35.34:670][  0]LogFileHelpers: Loading map 'Home_Kratakos' took 3.264
[2015.11.19-17.35.34:769][  0]LogCollectionManager: Loaded 0 collections in 0.001018 seconds
[2015.11.19-17.35.34:806][  0]LogFileCache: Scanning file cache for directory 'F:/My Media/UCF Documents/DIG 4725/Game-Files/SuperSpaceArmada/Saved/Collections/' took 0.01s
[2015.11.19-17.35.34:806][  0]LogFileCache: Scanning file cache for directory 'F:/My Media/UCF Documents/DIG 4725/Game-Files/SuperSpaceArmada/Content/Developers/aehrlich92/Collections/' took 0.01s
[2015.11.19-17.35.34:806][  0]LogFileCache: Scanning file cache for directory 'F:/My Media/UCF Documents/DIG 4725/Game-Files/SuperSpaceArmada/Content/Collections/' took 0.01s
[2015.11.19-17.35.34:806][  0]LogContentBrowser: Native class hierarchy populated in 0.0052 seconds. Added 1882 classes and 339 folders.
[2015.11.19-17.35.34:811][  0]LogCollectionManager: Rebuilt the GUID cache for 0 collections in 0.000002 seconds
[2015.11.19-17.35.34:814][  0]LogContentBrowser: Native class hierarchy updated for 'WidgetCarousel' in 0.0002 seconds. Added 0 classes and 0 folders.
[2015.11.19-17.35.34:841][  0]LogContentBrowser: Native class hierarchy updated for 'AddContentDialog' in 0.0002 seconds. Added 0 classes and 0 folders.
[2015.11.19-17.35.34:843][  0]LogContentBrowser: Native class hierarchy updated for 'SceneOutliner' in 0.0002 seconds. Added 1 classes and 2 folders.
[2015.11.19-17.35.34:866][  0]LogCrashTracker: Crashtracker disabled due to settings.
[2015.11.19-17.35.34:868][  0]LogUObjectGlobals:Warning: Failed to find object 'Class None.'
[2015.11.19-17.35.34:890][  0]LogLoad: Full Startup: 7.43 seconds (BP compile: 1.05 seconds)
[2015.11.19-17.35.34:898][  0]LoadErrors:Error: Error /Game/SSA/Blueprints/Player : Failed import for Player_C /Game/SSA/Blueprints/Player/Player.Default__Player_C
[2015.11.19-17.35.34:962][  0]LogContentStreaming: Texture pool size now 1000 MB
[2015.11.19-17.35.35:073][  0]LogRenderer: Reallocating scene render targets to support 1208x584 (Frame:2).
[2015.11.19-17.35.35:619][ 17]LogAssetRegistry: Asset discovery search completed in 5.1293 seconds
[2015.11.19-17.35.35:619][ 17]LogCollectionManager: Rebuilt the object cache for 0 collections in 0.000001 seconds (found 0 objects)
[2015.11.19-17.35.35:619][ 17]LogCollectionManager: Fixed up redirectors for 0 collections in 0.000017 seconds (updated 0 objects)
[2015.11.19-17.35.46:122][756]LogAIModule: Creating AISystem for world Ship_Selection
[2015.11.19-17.35.46:233][756]Cmd: MAP LOAD FILE="../../../../../../../My Media/UCF Documents/DIG 4725/Game-Files/SuperSpaceArmada/Content/SSA/Maps/Ship_Selection.umap" TEMPLATE=0 SHOWPROGRESS=1 FEATURELEVEL=3
[2015.11.19-17.35.46:233][756]LightingResults: New page: Lighting Build
[2015.11.19-17.35.46:248][756]LoadErrors: New page: Loading map: Ship_Selection.umap
[2015.11.19-17.35.46:249][756]MapCheck: New page: Map Check
[2015.11.19-17.35.46:249][756]LightingResults: New page: Lighting Build
[2015.11.19-17.35.46:263][756]LogParticles: Destroying 0 GPU particle simulations for FXSystem 0x00000070E2642A20
[2015.11.19-17.35.46:268][756]LogEditorServer: Finished looking for orphan Actors (0.000 secs)
[2015.11.19-17.35.46:310][756]Cmd: MAP CHECKDEP NOCLEARLOG
[2015.11.19-17.35.46:383][756]MapCheck: Info Map check complete: 0 Error(s), 0 Warning(s), took 72.741ms to complete.
[2015.11.19-17.35.46:384][756]LogFileHelpers: Loading map 'Ship_Selection' took 0.152
[2015.11.19-17.36.58:879][556]LogBlueprintUserMessages: Early PlayInEditor Detection: Level '/Game/SSA/Maps/Ship_Selection.Ship_Selection:PersistentLevel' has LevelScriptBlueprint '/Game/SSA/Maps/Ship_Selection.Ship_Selection:PersistentLevel.Ship_Selection' with GeneratedClass '/Game/SSA/Maps/Ship_Selection.Ship_Selection_C' with ClassGeneratedBy '/Game/SSA/Maps/Ship_Selection.Ship_Selection:PersistentLevel.Ship_Selection'
[2015.11.19-17.36.58:880][556]LogPlayLevel: PlayLevel: No blueprints needed recompiling
[2015.11.19-17.37.12:277][441]LogLinker:Warning: Asset '../../../Engine/Content/ArtTools/RenderToTexture/Macros/RenderToTextureMacros.uasset' has been saved with empty engine version. The asset will be loaded but may be incompatible.
[2015.11.19-17.37.12:634][441]LogContentBrowser: Native class hierarchy updated for 'BlueprintGraph' in 0.0005 seconds. Added 107 classes and 0 folders.
[2015.11.19-17.37.14:023][577]BlueprintLog: New page: Compile HUD
[2015.11.19-17.37.14:106][577]LogActorComponent: UnregisterComponent: (/Engine/Transient.CharMoveComp) Not registered. Aborting.
[2015.11.19-17.37.14:106][577]LogActorComponent: UnregisterComponent: (/Engine/Transient.CharacterMovementComponent_0) Not registered. Aborting.
[2015.11.19-17.37.14:135][577]BlueprintEditorCompileResults: Info [0106.67] Compile of HUD successful! [in 110 ms]
[2015.11.19-17.37.24:933][847]LogBlueprintUserMessages: CustomizeDetails for Blueprint 'HUD', cached variable property's owner is '/Game/SSA/Blueprints/SSAGameInstance.SSAGameInstance_C'
[2015.11.19-17.37.30:496][473]LogBlueprintUserMessages: CustomizeDetails for Blueprint 'HUD', cached variable property's owner is '/Game/SSA/Blueprints/SSAGameInstance.SSAGameInstance_C'
[2015.11.19-17.37.34:271][916]Cmd: OBJ SAVEPACKAGE PACKAGE="/Game/SSA/Blueprints/Menues/HUD" FILE="../../../../../../../My Media/UCF Documents/DIG 4725/Game-Files/SuperSpaceArmada/Content/SSA/Blueprints/Menues/HUD.uasset" SILENT=true
[2015.11.19-17.37.34:387][916]LogSavePackage: Save=106.959206ms
[2015.11.19-17.37.34:387][916]LogSavePackage: Moving '../../../../../../../My Media/UCF Documents/DIG 4725/Game-Files/SuperSpaceArmada/Saved/HUD5CF993084F6877807663F2B779048E8D.tmp' to '../../../../../../../My Media/UCF Documents/DIG 4725/Game-Files/SuperSpaceArmada/Content/SSA/Blueprints/Menues/HUD.uasset'
[2015.11.19-17.37.34:388][916]LogSavePackage: Total save time: 116.566572ms
[2015.11.19-17.37.34:388][916]LogSavePackage:Warning: Finished SavePackage ../../../../../../../My Media/UCF Documents/DIG 4725/Game-Files/SuperSpaceArmada/Content/SSA/Blueprints/Menues/HUD.uasset
[2015.11.19-17.37.34:898][977]BlueprintLog: New page: Compile HUD
[2015.11.19-17.37.35:013][977]BlueprintEditorCompileResults: Info [0127.55] Compile of HUD successful! [in 114 ms]
[2015.11.19-17.37.58:261][729]LogEditorTransaction: Undo Delete current selection
[2015.11.19-17.37.58:799][764]LogEditorTransaction: Undo Move Node
[2015.11.19-17.38.10:553][147]Cmd: OBJ SAVEPACKAGE PACKAGE="/Game/SSA/Blueprints/Menues/HUD" FILE="../../../../../../../My Media/UCF Documents/DIG 4725/Game-Files/SuperSpaceArmada/Content/SSA/Blueprints/Menues/HUD.uasset" SILENT=true
[2015.11.19-17.38.10:668][147]LogSavePackage: Save=108.415291ms
[2015.11.19-17.38.10:668][147]LogSavePackage: Moving '../../../../../../../My Media/UCF Documents/DIG 4725/Game-Files/SuperSpaceArmada/Saved/HUDBA36D4AE4247396A505D2B8EF728E7B9.tmp' to '../../../../../../../My Media/UCF Documents/DIG 4725/Game-Files/SuperSpaceArmada/Content/SSA/Blueprints/Menues/HUD.uasset'
[2015.11.19-17.38.10:670][147]LogSavePackage: Total save time: 115.078613ms
[2015.11.19-17.38.10:670][147]LogSavePackage:Warning: Finished SavePackage ../../../../../../../My Media/UCF Documents/DIG 4725/Game-Files/SuperSpaceArmada/Content/SSA/Blueprints/Menues/HUD.uasset
[2015.11.19-17.38.24:185][734]Cmd: OBJ SAVEPACKAGE PACKAGE="/Game/SSA/Blueprints/Menues/HUD" FILE="../../../../../../../My Media/UCF Documents/DIG 4725/Game-Files/SuperSpaceArmada/Content/SSA/Blueprints/Menues/HUD.uasset" SILENT=true
[2015.11.19-17.38.24:299][734]LogSavePackage: Save=107.770821ms
[2015.11.19-17.38.24:299][734]LogSavePackage: Moving '../../../../../../../My Media/UCF Documents/DIG 4725/Game-Files/SuperSpaceArmada/Saved/HUD13B5B2D14FCE4130EDDB5AABC0C574B7.tmp' to '../../../../../../../My Media/UCF Documents/DIG 4725/Game-Files/SuperSpaceArmada/Content/SSA/Blueprints/Menues/HUD.uasset'
[2015.11.19-17.38.24:301][734]LogSavePackage: Total save time: 113.713875ms
[2015.11.19-17.38.24:301][734]LogSavePackage:Warning: Finished SavePackage ../../../../../../../My Media/UCF Documents/DIG 4725/Game-Files/SuperSpaceArmada/Content/SSA/Blueprints/Menues/HUD.uasset
[2015.11.19-17.38.34:231][907]LogEditorTransaction: Undo Move Node
[2015.11.19-17.38.37:374][253]LogEditorTransaction: Undo Move Node
[2015.11.19-17.38.45:735][218]Cmd: OBJ SAVEPACKAGE PACKAGE="/Game/SSA/Blueprints/Menues/HUD" FILE="../../../../../../../My Media/UCF Documents/DIG 4725/Game-Files/SuperSpaceArmada/Content/SSA/Blueprints/Menues/HUD.uasset" SILENT=true
[2015.11.19-17.38.45:850][218]LogSavePackage: Save=108.465233ms
[2015.11.19-17.38.45:850][218]LogSavePackage: Moving '../../../../../../../My Media/UCF Documents/DIG 4725/Game-Files/SuperSpaceArmada/Saved/HUD903CC1CF458B8216347872B96F03F675.tmp' to '../../../../../../../My Media/UCF Documents/DIG 4725/Game-Files/SuperSpaceArmada/Content/SSA/Blueprints/Menues/HUD.uasset'
[2015.11.19-17.38.45:851][218]LogSavePackage: Total save time: 115.040470ms
[2015.11.19-17.38.45:851][218]LogSavePackage:Warning: Finished SavePackage ../../../../../../../My Media/UCF Documents/DIG 4725/Game-Files/SuperSpaceArmada/Content/SSA/Blueprints/Menues/HUD.uasset
[2015.11.19-17.38.47:356][395]BlueprintLog: New page: Compile HUD
[2015.11.19-17.38.47:470][395]BlueprintEditorCompileResults: Info [0200.01] Compile of HUD successful! [in 113 ms]
[2015.11.19-17.38.51:744][878]LogEditorViewport: Clicking on Actor (LMB): SkeletalMeshActor (humanPreview)
[2015.11.19-17.55.46:350][729]LogLinker:Warning: Can't find file '/Game/TopDownBP/Blueprints/TopDownGameMode'
[2015.11.19-17.55.46:351][729]LogLinker:Warning: Can't find file '/Game/TopDownBP/Blueprints/TopDownGameMode'
[2015.11.19-17.55.46:351][729]LogUObjectGlobals:Warning: Failed to find object 'Object /Game/TopDownBP/Blueprints/TopDownGameMode.TopDownGameMode_C'
[2015.11.19-17.55.46:351][729]LogLinker:Warning: Can't find file '/Game/TopDownBP/Blueprints/TopDownGameMode'
[2015.11.19-17.55.46:351][729]LogUObjectGlobals:Warning: Failed to find object 'Object /Game/TopDownBP/Blueprints/TopDownGameMode.TopDownGameMode_C'
[2015.11.19-17.56.13:513][945]LogActorComponent: UnregisterComponent: (/Engine/Transient.RotatingMovement_GEN_VARIABLE) Not registered. Aborting.
[2015.11.19-17.56.13:513][945]LogActorComponent: UnregisterComponent: (/Engine/Transient.ProjectileMovement_GEN_VARIABLE) Not registered. Aborting.
[2015.11.19-17.56.13:513][945]LogActorComponent: UnregisterComponent: (/Engine/Transient.CharMoveComp) Not registered. Aborting.
[2015.11.19-17.56.13:513][945]LogActorComponent: UnregisterComponent: (/Engine/Transient.CharacterMovementComponent_1) Not registered. Aborting.
[2015.11.19-17.56.13:513][945]LogActorComponent: UnregisterComponent: (/Engine/Transient.ProjectileMovementComponent_0) Not registered. Aborting.
[2015.11.19-17.56.13:513][945]LogActorComponent: UnregisterComponent: (/Engine/Transient.CharacterMovementComponent_2) Not registered. Aborting.
[2015.11.19-17.56.13:513][945]LogActorComponent: UnregisterComponent: (/Engine/Transient.CharacterMovementComponent_3) Not registered. Aborting.
[2015.11.19-17.56.13:513][945]LogActorComponent: UnregisterComponent: (/Engine/Transient.CharacterMovementComponent_4) Not registered. Aborting.
[2015.11.19-17.56.13:513][945]LogActorComponent: UnregisterComponent: (/Engine/Transient.CharacterMovementComponent_5) Not registered. Aborting.
[2015.11.19-17.56.13:536][945]LogParticles: Destroying 0 GPU particle simulations for FXSystem 0x00000070DE844CC0
[2015.11.19-17.56.13:545][945]LogParticles: Destroying 0 GPU particle simulations for FXSystem 0x00000070DE8440E0
[2015.11.19-17.56.13:741][945]LogSavePackage: Save=67.009903ms
[2015.11.19-17.56.13:741][945]LogSavePackage: Moving '../../../../../../../My Media/UCF Documents/DIG 4725/Game-Files/SuperSpaceArmada/Saved/Ship_SelectionCD2085CD4AFA6B782CCA5FBAA2E5B8CB.tmp' to '../../../../../../../My Media/UCF Documents/DIG 4725/Game-Files/SuperSpaceArmada/Content/SSA/Maps/Ship_Selection.umap'
[2015.11.19-17.56.13:742][945]LogSavePackage: Total save time: 76.358024ms
[2015.11.19-17.56.13:742][945]LogSavePackage:Warning: Finished SavePackage ../../../../../../../My Media/UCF Documents/DIG 4725/Game-Files/SuperSpaceArmada/Content/SSA/Maps/Ship_Selection.umap
[2015.11.19-17.56.13:783][945]LogFileHelpers: Saving map 'Ship_Selection' took 0.221
[2015.11.19-17.57.06:187][198]BlueprintLog: New page: Compile Ship_Selection
[2015.11.19-17.57.06:250][198]BlueprintEditorCompileResults: Info [1298.79] Compile of Ship_Selection successful! [in 62 ms]
[2015.11.19-17.57.08:355][424]LogSavePackage: Save=64.921638ms
[2015.11.19-17.57.08:355][424]LogSavePackage: Moving '../../../../../../../My Media/UCF Documents/DIG 4725/Game-Files/SuperSpaceArmada/Saved/Ship_SelectionA3C26A9B495246B429CDC9A3024F59D2.tmp' to '../../../../../../../My Media/UCF Documents/DIG 4725/Game-Files/SuperSpaceArmada/Content/SSA/Maps/Ship_Selection.umap'
[2015.11.19-17.57.08:356][424]LogSavePackage: Total save time: 71.134981ms
[2015.11.19-17.57.08:356][424]LogSavePackage:Warning: Finished SavePackage ../../../../../../../My Media/UCF Documents/DIG 4725/Game-Files/SuperSpaceArmada/Content/SSA/Maps/Ship_Selection.umap
[2015.11.19-17.57.08:398][424]LogFileHelpers: Saving map 'Ship_Selection' took 0.219
[2015.11.19-17.57.32:156][269]LogBlueprintUserMessages: CustomizeDetails for Blueprint 'Ship_Selection', cached variable property's owner is '/Game/SSA/Maps/Ship_Selection.SKEL_Ship_Selection_C'
[2015.11.19-17.57.34:041][496]BlueprintLog: New page: Compile Ship_Selection
[2015.11.19-17.57.34:106][496]LogBlueprintUserMessages: PostEditorRefresh for Blueprint 'Ship_Selection', cached variable property's owner is '/Game/SSA/Maps/Ship_Selection.SKEL_Ship_Selection_C'
[2015.11.19-17.57.34:107][496]BlueprintEditorCompileResults: Info [1326.65] Compile of Ship_Selection successful! [in 65 ms]
[2015.11.19-17.57.34:115][496]LogBlueprintUserMessages: CustomizeDetails for Blueprint 'Ship_Selection', cached variable property's owner is '/Game/SSA/Maps/Ship_Selection.SKEL_Ship_Selection_C'
[2015.11.19-17.57.34:757][573]LogBlueprintUserMessages: CustomizeDetails for Blueprint 'Ship_Selection', cached variable property's owner is '/Game/SSA/Maps/Ship_Selection.SKEL_Ship_Selection_C'
[2015.11.19-17.58.54:141][ 54]LogSavePackage: Save=66.753166ms
[2015.11.19-17.58.54:141][ 54]LogSavePackage: Moving '../../../../../../../My Media/UCF Documents/DIG 4725/Game-Files/SuperSpaceArmada/Saved/Ship_SelectionBA68687446CCD134E394F69ECBC2408D.tmp' to '../../../../../../../My Media/UCF Documents/DIG 4725/Game-Files/SuperSpaceArmada/Content/SSA/Maps/Ship_Selection.umap'
[2015.11.19-17.58.54:143][ 54]LogSavePackage: Total save time: 73.304053ms
[2015.11.19-17.58.54:143][ 54]LogSavePackage:Warning: Finished SavePackage ../../../../../../../My Media/UCF Documents/DIG 4725/Game-Files/SuperSpaceArmada/Content/SSA/Maps/Ship_Selection.umap
[2015.11.19-17.58.54:185][ 54]LogFileHelpers: Saving map 'Ship_Selection' took 0.223
[2015.11.19-18.05.07:980][545]LogSavePackage: Save=67.664413ms
[2015.11.19-18.05.07:981][545]LogSavePackage: Moving '../../../../../../../My Media/UCF Documents/DIG 4725/Game-Files/SuperSpaceArmada/Saved/Ship_Selection1472250B48C85205B30088846E9278B7.tmp' to '../../../../../../../My Media/UCF Documents/DIG 4725/Game-Files/SuperSpaceArmada/Content/SSA/Maps/Ship_Selection.umap'
[2015.11.19-18.05.07:982][545]LogSavePackage: Total save time: 77.457745ms
[2015.11.19-18.05.07:982][545]LogSavePackage:Warning: Finished SavePackage ../../../../../../../My Media/UCF Documents/DIG 4725/Game-Files/SuperSpaceArmada/Content/SSA/Maps/Ship_Selection.umap
[2015.11.19-18.05.08:021][545]LogFileHelpers: Saving map 'Ship_Selection' took 0.244
[2015.11.19-18.05.08:168][545]LogSavePackage:Warning: Obj in another map: BlueprintGeneratedClass /Game/SSA/Maps/Ship_Selection.Ship_Selection_C
[2015.11.19-18.05.15:292][545]LogSavePackage:Warning: 
Referencers of BlueprintGeneratedClass /Game/SSA/Maps/Ship_Selection.Ship_Selection_C:
[2015.11.19-18.05.15:336][545]LogSavePackage:Warning: 	EdGraphPin /Game/SSA/Blueprints/Menues/Ship_Selection/Ship_Selection.Ship_Selection:EventGraph.K2Node_CallFunction_7097.EdGraphPin_86316 (1 refs)
[2015.11.19-18.05.15:336][545]LogSavePackage:Warning: 		0) ObjectProperty /Script/Engine.EdGraphPin:DefaultObject
[2015.11.19-18.05.17:425][545]LogSavePackage:Warning: Obj in another map: BlueprintGeneratedClass /Game/SSA/Maps/Ship_Selection.Ship_Selection_C
[2015.11.19-18.05.18:664][545]LogSavePackage:Warning: 
Referencers of BlueprintGeneratedClass /Game/SSA/Maps/Ship_Selection.Ship_Selection_C:
[2015.11.19-18.05.18:710][545]LogSavePackage:Warning: 	EdGraphPin /Game/SSA/Blueprints/Menues/Ship_Selection/Ship_Selection.Ship_Selection:EventGraph.K2Node_CallFunction_7097.EdGraphPin_86316 (1 refs)
[2015.11.19-18.05.18:710][545]LogSavePackage:Warning: 		0) ObjectProperty /Script/Engine.EdGraphPin:DefaultObject
[2015.11.19-18.05.19:682][545]EditorErrors: New page: Save Output
[2015.11.19-18.05.19:682][545]EditorErrors:Warning: Warning Object 'BlueprintGeneratedClass /Game/SSA/Maps/Ship_Selection.Ship_Selection_C' is in another map
[2015.11.19-18.05.19:682][545]EditorErrors:Warning: Warning Can't save ../../../../../../../My Media/UCF Documents/DIG 4725/Game-Files/SuperSpaceArmada/Content/SSA/Blueprints/Menues/Ship_Selection/Ship_Selection.uasset: Graph is linked to object BlueprintGeneratedClass /Game/SSA/Maps/Ship_Selection.Ship_Selection_C (DefaultObject) in external map
[2015.11.19-18.05.19:682][545]EditorErrors:Warning: Warning Object 'BlueprintGeneratedClass /Game/SSA/Maps/Ship_Selection.Ship_Selection_C' is in another map
[2015.11.19-18.05.19:682][545]EditorErrors:Warning: Warning Can't save ../../../../../../../My Media/UCF Documents/DIG 4725/Game-Files/SuperSpaceArmada/Content/SSA/Blueprints/Menues/Ship_Selection/Ship_Selection.uasset: Graph is linked to object BlueprintGeneratedClass /Game/SSA/Maps/Ship_Selection.Ship_Selection_C (DefaultObject) in external map
[2015.11.19-18.05.24:419][ 86]LogSavePackage: Save=64.942215ms
[2015.11.19-18.05.24:419][ 86]LogSavePackage: Moving '../../../../../../../My Media/UCF Documents/DIG 4725/Game-Files/SuperSpaceArmada/Saved/Ship_Selection33A9BA1545577F9DEE864085A0E9B05F.tmp' to '../../../../../../../My Media/UCF Documents/DIG 4725/Game-Files/SuperSpaceArmada/Content/SSA/Maps/Ship_Selection.umap'
[2015.11.19-18.05.24:420][ 86]LogSavePackage: Total save time: 70.954036ms
[2015.11.19-18.05.24:420][ 86]LogSavePackage:Warning: Finished SavePackage ../../../../../../../My Media/UCF Documents/DIG 4725/Game-Files/SuperSpaceArmada/Content/SSA/Maps/Ship_Selection.umap
[2015.11.19-18.05.24:464][ 86]LogFileHelpers: Saving map 'Ship_Selection' took 0.218
[2015.11.19-18.05.24:601][ 86]LogSavePackage:Warning: Obj in another map: BlueprintGeneratedClass /Game/SSA/Maps/Ship_Selection.Ship_Selection_C
[2015.11.19-18.05.26:500][ 86]LogSavePackage:Warning: 
Referencers of BlueprintGeneratedClass /Game/SSA/Maps/Ship_Selection.Ship_Selection_C:
[2015.11.19-18.05.26:548][ 86]LogSavePackage:Warning: 	EdGraphPin /Game/SSA/Blueprints/Menues/Ship_Selection/Ship_Selection.Ship_Selection:EventGraph.K2Node_CallFunction_7097.EdGraphPin_86316 (1 refs)
[2015.11.19-18.05.26:548][ 86]LogSavePackage:Warning: 		0) ObjectProperty /Script/Engine.EdGraphPin:DefaultObject
[2015.11.19-18.05.27:813][ 86]LogSavePackage:Warning: Obj in another map: BlueprintGeneratedClass /Game/SSA/Maps/Ship_Selection.Ship_Selection_C
[2015.11.19-18.05.28:593][ 86]LogSavePackage:Warning: 
Referencers of BlueprintGeneratedClass /Game/SSA/Maps/Ship_Selection.Ship_Selection_C:
[2015.11.19-18.05.28:641][ 86]LogSavePackage:Warning: 	EdGraphPin /Game/SSA/Blueprints/Menues/Ship_Selection/Ship_Selection.Ship_Selection:EventGraph.K2Node_CallFunction_7097.EdGraphPin_86316 (1 refs)
[2015.11.19-18.05.28:641][ 86]LogSavePackage:Warning: 		0) ObjectProperty /Script/Engine.EdGraphPin:DefaultObject
[2015.11.19-18.05.29:343][ 86]EditorErrors: New page: Save Output
[2015.11.19-18.05.29:343][ 86]EditorErrors:Warning: Warning Object 'BlueprintGeneratedClass /Game/SSA/Maps/Ship_Selection.Ship_Selection_C' is in another map
[2015.11.19-18.05.29:343][ 86]EditorErrors:Warning: Warning Can't save ../../../../../../../My Media/UCF Documents/DIG 4725/Game-Files/SuperSpaceArmada/Content/SSA/Blueprints/Menues/Ship_Selection/Ship_Selection.uasset: Graph is linked to object BlueprintGeneratedClass /Game/SSA/Maps/Ship_Selection.Ship_Selection_C (DefaultObject) in external map
[2015.11.19-18.05.29:343][ 86]EditorErrors:Warning: Warning Object 'BlueprintGeneratedClass /Game/SSA/Maps/Ship_Selection.Ship_Selection_C' is in another map
[2015.11.19-18.05.29:343][ 86]EditorErrors:Warning: Warning Can't save ../../../../../../../My Media/UCF Documents/DIG 4725/Game-Files/SuperSpaceArmada/Content/SSA/Blueprints/Menues/Ship_Selection/Ship_Selection.uasset: Graph is linked to object BlueprintGeneratedClass /Game/SSA/Maps/Ship_Selection.Ship_Selection_C (DefaultObject) in external map
[2015.11.19-18.05.32:592][475]BlueprintLog: New page: Compile Ship_Selection
[2015.11.19-18.05.32:653][475]BlueprintEditorCompileResults: Info [1805.19] Compile of Ship_Selection successful! [in 61 ms]
[2015.11.19-18.05.33:534][556]LogSavePackage: Save=64.557487ms
[2015.11.19-18.05.33:534][556]LogSavePackage: Moving '../../../../../../../My Media/UCF Documents/DIG 4725/Game-Files/SuperSpaceArmada/Saved/Ship_SelectionE0E3EFB742A7111577E95385E6D8541E.tmp' to '../../../../../../../My Media/UCF Documents/DIG 4725/Game-Files/SuperSpaceArmada/Content/SSA/Maps/Ship_Selection.umap'
[2015.11.19-18.05.33:535][556]LogSavePackage: Total save time: 70.348464ms
[2015.11.19-18.05.33:535][556]LogSavePackage:Warning: Finished SavePackage ../../../../../../../My Media/UCF Documents/DIG 4725/Game-Files/SuperSpaceArmada/Content/SSA/Maps/Ship_Selection.umap
[2015.11.19-18.05.33:576][556]LogFileHelpers: Saving map 'Ship_Selection' took 0.215
[2015.11.19-18.05.33:712][556]LogSavePackage:Warning: Obj in another map: BlueprintGeneratedClass /Game/SSA/Maps/Ship_Selection.Ship_Selection_C
[2015.11.19-18.05.36:007][556]LogSavePackage:Warning: 
Referencers of BlueprintGeneratedClass /Game/SSA/Maps/Ship_Selection.Ship_Selection_C:
[2015.11.19-18.05.36:053][556]LogSavePackage:Warning: 	EdGraphPin /Game/SSA/Blueprints/Menues/Ship_Selection/Ship_Selection.Ship_Selection:EventGraph.K2Node_CallFunction_7097.EdGraphPin_86316 (1 refs)
[2015.11.19-18.05.36:053][556]LogSavePackage:Warning: 		0) ObjectProperty /Script/Engine.EdGraphPin:DefaultObject
[2015.11.19-18.05.37:156][556]EditorErrors: New page: Save Output
[2015.11.19-18.05.37:156][556]EditorErrors:Warning: Warning Object 'BlueprintGeneratedClass /Game/SSA/Maps/Ship_Selection.Ship_Selection_C' is in another map
[2015.11.19-18.05.37:156][556]EditorErrors:Warning: Warning Can't save ../../../../../../../My Media/UCF Documents/DIG 4725/Game-Files/SuperSpaceArmada/Content/SSA/Blueprints/Menues/Ship_Selection/Ship_Selection.uasset: Graph is linked to object BlueprintGeneratedClass /Game/SSA/Maps/Ship_Selection.Ship_Selection_C (DefaultObject) in external map
[2015.11.19-18.05.48:403][551]LogSavePackage:Warning: Obj in another map: BlueprintGeneratedClass /Game/SSA/Maps/Ship_Selection.Ship_Selection_C
[2015.11.19-18.05.50:457][551]LogSavePackage:Warning: 
Referencers of BlueprintGeneratedClass /Game/SSA/Maps/Ship_Selection.Ship_Selection_C:
[2015.11.19-18.05.50:503][551]LogSavePackage:Warning: 	EdGraphPin /Game/SSA/Blueprints/Menues/Ship_Selection/Ship_Selection.Ship_Selection:EventGraph.K2Node_CallFunction_7097.EdGraphPin_86316 (1 refs)
[2015.11.19-18.05.50:503][551]LogSavePackage:Warning: 		0) ObjectProperty /Script/Engine.EdGraphPin:DefaultObject
[2015.11.19-18.05.52:086][551]LogSavePackage:Warning: Obj in another map: BlueprintGeneratedClass /Game/SSA/Maps/Ship_Selection.Ship_Selection_C
[2015.11.19-18.05.52:852][551]LogSavePackage:Warning: 
Referencers of BlueprintGeneratedClass /Game/SSA/Maps/Ship_Selection.Ship_Selection_C:
[2015.11.19-18.05.52:900][551]LogSavePackage:Warning: 	EdGraphPin /Game/SSA/Blueprints/Menues/Ship_Selection/Ship_Selection.Ship_Selection:EventGraph.K2Node_CallFunction_7097.EdGraphPin_86316 (1 refs)
[2015.11.19-18.05.52:900][551]LogSavePackage:Warning: 		0) ObjectProperty /Script/Engine.EdGraphPin:DefaultObject
[2015.11.19-18.05.53:731][551]LogSavePackage:Warning: Obj in another map: BlueprintGeneratedClass /Game/SSA/Maps/Ship_Selection.Ship_Selection_C
[2015.11.19-18.05.54:461][551]LogSavePackage:Warning: 
Referencers of BlueprintGeneratedClass /Game/SSA/Maps/Ship_Selection.Ship_Selection_C:
[2015.11.19-18.05.54:506][551]LogSavePackage:Warning: 	EdGraphPin /Game/SSA/Blueprints/Menues/Ship_Selection/Ship_Selection.Ship_Selection:EventGraph.K2Node_CallFunction_7097.EdGraphPin_86316 (1 refs)
[2015.11.19-18.05.54:506][551]LogSavePackage:Warning: 		0) ObjectProperty /Script/Engine.EdGraphPin:DefaultObject
[2015.11.19-18.05.55:112][551]LogSavePackage:Warning: Obj in another map: BlueprintGeneratedClass /Game/SSA/Maps/Ship_Selection.Ship_Selection_C
[2015.11.19-18.05.55:629][551]LogSavePackage:Warning: 
Referencers of BlueprintGeneratedClass /Game/SSA/Maps/Ship_Selection.Ship_Selection_C:
[2015.11.19-18.05.55:676][551]LogSavePackage:Warning: 	EdGraphPin /Game/SSA/Blueprints/Menues/Ship_Selection/Ship_Selection.Ship_Selection:EventGraph.K2Node_CallFunction_7097.EdGraphPin_86316 (1 refs)
[2015.11.19-18.05.55:676][551]LogSavePackage:Warning: 		0) ObjectProperty /Script/Engine.EdGraphPin:DefaultObject
[2015.11.19-18.05.56:233][551]LogSavePackage:Warning: Obj in another map: BlueprintGeneratedClass /Game/SSA/Maps/Ship_Selection.Ship_Selection_C
[2015.11.19-18.05.57:470][551]LogSavePackage:Warning: 
Referencers of BlueprintGeneratedClass /Game/SSA/Maps/Ship_Selection.Ship_Selection_C:
[2015.11.19-18.05.57:515][551]LogSavePackage:Warning: 	EdGraphPin /Game/SSA/Blueprints/Menues/Ship_Selection/Ship_Selection.Ship_Selection:EventGraph.K2Node_CallFunction_7097.EdGraphPin_86316 (1 refs)
[2015.11.19-18.05.57:515][551]LogSavePackage:Warning: 		0) ObjectProperty /Script/Engine.EdGraphPin:DefaultObject
[2015.11.19-18.05.58:614][551]LogSavePackage:Warning: Obj in another map: BlueprintGeneratedClass /Game/SSA/Maps/Ship_Selection.Ship_Selection_C
[2015.11.19-18.06.01:002][551]LogSavePackage:Warning: 
Referencers of BlueprintGeneratedClass /Game/SSA/Maps/Ship_Selection.Ship_Selection_C:
[2015.11.19-18.06.01:047][551]LogSavePackage:Warning: 	EdGraphPin /Game/SSA/Blueprints/Menues/Ship_Selection/Ship_Selection.Ship_Selection:EventGraph.K2Node_CallFunction_7097.EdGraphPin_86316 (1 refs)
[2015.11.19-18.06.01:047][551]LogSavePackage:Warning: 		0) ObjectProperty /Script/Engine.EdGraphPin:DefaultObject
[2015.11.19-18.06.01:796][551]EditorErrors: New page: Save Output
[2015.11.19-18.06.01:796][551]EditorErrors:Warning: Warning Object 'BlueprintGeneratedClass /Game/SSA/Maps/Ship_Selection.Ship_Selection_C' is in another map
[2015.11.19-18.06.01:796][551]EditorErrors:Warning: Warning Can't save ../../../../../../../My Media/UCF Documents/DIG 4725/Game-Files/SuperSpaceArmada/Content/SSA/Blueprints/Menues/Ship_Selection/Ship_Selection.uasset: Graph is linked to object BlueprintGeneratedClass /Game/SSA/Maps/Ship_Selection.Ship_Selection_C (DefaultObject) in external map
[2015.11.19-18.06.01:796][551]EditorErrors:Warning: Warning Object 'BlueprintGeneratedClass /Game/SSA/Maps/Ship_Selection.Ship_Selection_C' is in another map
[2015.11.19-18.06.01:796][551]EditorErrors:Warning: Warning Can't save ../../../../../../../My Media/UCF Documents/DIG 4725/Game-Files/SuperSpaceArmada/Content/SSA/Blueprints/Menues/Ship_Selection/Ship_Selection.uasset: Graph is linked to object BlueprintGeneratedClass /Game/SSA/Maps/Ship_Selection.Ship_Selection_C (DefaultObject) in external map
[2015.11.19-18.06.01:796][551]EditorErrors:Warning: Warning Object 'BlueprintGeneratedClass /Game/SSA/Maps/Ship_Selection.Ship_Selection_C' is in another map
[2015.11.19-18.06.01:796][551]EditorErrors:Warning: Warning Can't save ../../../../../../../My Media/UCF Documents/DIG 4725/Game-Files/SuperSpaceArmada/Content/SSA/Blueprints/Menues/Ship_Selection/Ship_Selection.uasset: Graph is linked to object BlueprintGeneratedClass /Game/SSA/Maps/Ship_Selection.Ship_Selection_C (DefaultObject) in external map
[2015.11.19-18.06.01:796][551]EditorErrors:Warning: Warning Object 'BlueprintGeneratedClass /Game/SSA/Maps/Ship_Selection.Ship_Selection_C' is in another map
[2015.11.19-18.06.01:796][551]EditorErrors:Warning: Warning Can't save ../../../../../../../My Media/UCF Documents/DIG 4725/Game-Files/SuperSpaceArmada/Content/SSA/Blueprints/Menues/Ship_Selection/Ship_Selection.uasset: Graph is linked to object BlueprintGeneratedClass /Game/SSA/Maps/Ship_Selection.Ship_Selection_C (DefaultObject) in external map
[2015.11.19-18.06.01:796][551]EditorErrors:Warning: Warning Object 'BlueprintGeneratedClass /Game/SSA/Maps/Ship_Selection.Ship_Selection_C' is in another map
[2015.11.19-18.06.01:796][551]EditorErrors:Warning: Warning Can't save ../../../../../../../My Media/UCF Documents/DIG 4725/Game-Files/SuperSpaceArmada/Content/SSA/Blueprints/Menues/Ship_Selection/Ship_Selection.uasset: Graph is linked to object BlueprintGeneratedClass /Game/SSA/Maps/Ship_Selection.Ship_Selection_C (DefaultObject) in external map
[2015.11.19-18.06.01:796][551]EditorErrors:Warning: Warning Object 'BlueprintGeneratedClass /Game/SSA/Maps/Ship_Selection.Ship_Selection_C' is in another map
[2015.11.19-18.06.01:796][551]EditorErrors:Warning: Warning Can't save ../../../../../../../My Media/UCF Documents/DIG 4725/Game-Files/SuperSpaceArmada/Content/SSA/Blueprints/Menues/Ship_Selection/Ship_Selection.uasset: Graph is linked to object BlueprintGeneratedClass /Game/SSA/Maps/Ship_Selection.Ship_Selection_C (DefaultObject) in external map
[2015.11.19-18.06.04:483][851]LogSavePackage:Warning: Obj in another map: BlueprintGeneratedClass /Game/SSA/Maps/Ship_Selection.Ship_Selection_C
[2015.11.19-18.06.05:809][851]LogSavePackage:Warning: 
Referencers of BlueprintGeneratedClass /Game/SSA/Maps/Ship_Selection.Ship_Selection_C:
[2015.11.19-18.06.05:854][851]LogSavePackage:Warning: 	EdGraphPin /Game/SSA/Blueprints/Menues/Ship_Selection/Ship_Selection.Ship_Selection:EventGraph.K2Node_CallFunction_7097.EdGraphPin_86316 (1 refs)
[2015.11.19-18.06.05:854][851]LogSavePackage:Warning: 		0) ObjectProperty /Script/Engine.EdGraphPin:DefaultObject
[2015.11.19-18.06.07:050][851]EditorErrors: New page: Save Output
[2015.11.19-18.06.07:050][851]EditorErrors:Warning: Warning Object 'BlueprintGeneratedClass /Game/SSA/Maps/Ship_Selection.Ship_Selection_C' is in another map
[2015.11.19-18.06.07:050][851]EditorErrors:Warning: Warning Can't save ../../../../../../../My Media/UCF Documents/DIG 4725/Game-Files/SuperSpaceArmada/Content/SSA/Blueprints/Menues/Ship_Selection/Ship_Selection.uasset: Graph is linked to object BlueprintGeneratedClass /Game/SSA/Maps/Ship_Selection.Ship_Selection_C (DefaultObject) in external map
[2015.11.19-18.06.10:849][983]Cmd: QUIT_EDITOR
[2015.11.19-18.06.11:035][983]LogWindowsTextInputMethodSystem:Display: IME system now deactivated.
[2015.11.19-18.06.11:124][983]LogExit: Preparing to exit.
[2015.11.19-18.06.12:212][983]LogExit: Editor shut down
[2015.11.19-18.06.12:212][983]LogExit: Transaction tracking system shut down
[2015.11.19-18.06.12:216][983]LogParticles: Destroying 0 GPU particle simulations for FXSystem 0x000000709B225620
[2015.11.19-18.06.12:218][983]LogParticles: Destroying 0 GPU particle simulations for FXSystem 0x00000070B03E4F40
[2015.11.19-18.06.12:219][983]LogParticles: Destroying 0 GPU particle simulations for FXSystem 0x00000070B03E4A40
[2015.11.19-18.06.12:222][983]LogParticles: Destroying 0 GPU particle simulations for FXSystem 0x00000070886B98A0
[2015.11.19-18.06.12:222][983]LogParticles: Destroying 0 GPU particle simulations for FXSystem 0x00000070EA4134C0
[2015.11.19-18.06.12:222][983]LogParticles: Destroying 0 GPU particle simulations for FXSystem 0x00000070E9C64540
[2015.11.19-18.06.12:223][983]LogParticles: Destroying 0 GPU particle simulations for FXSystem 0x00000070EA3E37E0
[2015.11.19-18.06.12:223][983]LogParticles: Destroying 0 GPU particle simulations for FXSystem 0x00000070EA3E3920
[2015.11.19-18.06.12:223][983]LogParticles: Destroying 0 GPU particle simulations for FXSystem 0x00000070EA3E3BA0
[2015.11.19-18.06.12:232][983]LogParticles: Destroying 0 GPU particle simulations for FXSystem 0x00000070E2641120
[2015.11.19-18.06.12:372][983]LogExit: Object subsystem successfully closed.
[2015.11.19-18.06.12:385][983]LogD3D11RHI: Shutdown
[2015.11.19-18.06.12:385][983]LogD3D11RHI: CleanupD3DDevice
[2015.11.19-18.06.12:449][983]LogD3D11RHI: ~FD3D11DynamicRHI
[2015.11.19-18.06.12:459][983]LogModuleManager: Shutting down and abandoning module SequencerWidgets (201)
[2015.11.19-18.06.12:459][983]LogModuleManager: Shutting down and abandoning module BlueprintGraph (200)
[2015.11.19-18.06.12:459][983]LogModuleManager: Shutting down and abandoning module CrashTracker (199)
[2015.11.19-18.06.12:459][983]LogModuleManager: Shutting down and abandoning module SceneOutliner (198)
[2015.11.19-18.06.12:459][983]LogModuleManager: Shutting down and abandoning module SuperSearch (197)
[2015.11.19-18.06.12:459][983]LogModuleManager: Shutting down and abandoning module WidgetCarousel (196)
[2015.11.19-18.06.12:459][983]LogModuleManager: Shutting down and abandoning module AddContentDialog (195)
[2015.11.19-18.06.12:461][983]LogModuleManager: Shutting down and abandoning module EditorWidgets (194)
[2015.11.19-18.06.12:461][983]LogModuleManager: Shutting down and abandoning module CollectionManager (193)
[2015.11.19-18.06.12:461][983]LogModuleManager: Shutting down and abandoning module StatsViewer (192)
[2015.11.19-18.06.12:461][983]LogModuleManager: Shutting down and abandoning module FoliageEdit (191)
[2015.11.19-18.06.12:461][983]LogModuleManager: Shutting down and abandoning module LandscapeEditor (190)
[2015.11.19-18.06.12:461][983]LogModuleManager: Shutting down and abandoning module ActorPickerMode (189)
[2015.11.19-18.06.12:462][983]LogModuleManager: Shutting down and abandoning module GeometryMode (188)
[2015.11.19-18.06.12:462][983]LogModuleManager: Shutting down and abandoning module TextureAlignMode (187)
[2015.11.19-18.06.12:462][983]LogModuleManager: Shutting down and abandoning module BspMode (186)
[2015.11.19-18.06.12:462][983]LogModuleManager: Shutting down and abandoning module PlacementMode (185)
[2015.11.19-18.06.12:462][983]LogModuleManager: Shutting down and abandoning module AutomationWorker (184)
[2015.11.19-18.06.12:462][983]LogModuleManager: Shutting down and abandoning module CharacterAI (183)
[2015.11.19-18.06.12:462][983]LogModuleManager: Shutting down and abandoning module SmartSnapping (182)
[2015.11.19-18.06.12:462][983]LogModuleManager: Shutting down and abandoning module ViewportSnapping (181)
[2015.11.19-18.06.12:462][983]LogModuleManager: Shutting down and abandoning module LogVisualizer (180)
[2015.11.19-18.06.12:462][983]LogModuleManager: Shutting down and abandoning module GameProjectGeneration (179)
[2015.11.19-18.06.12:462][983]LogModuleManager: Shutting down and abandoning module IntroTutorials (178)
[2015.11.19-18.06.12:462][983]LogModuleManager: Shutting down and abandoning module EditorLiveStreaming (177)
[2015.11.19-18.06.12:462][983]LogModuleManager: Shutting down and abandoning module IOSPlatformEditor (176)
[2015.11.19-18.06.12:462][983]LogModuleManager: Shutting down and abandoning module HTML5PlatformEditor (175)
[2015.11.19-18.06.12:462][983]LogModuleManager: Shutting down and abandoning module AndroidDeviceDetection (174)
[2015.11.19-18.06.12:855][983]LogModuleManager: Shutting down and abandoning module AndroidPlatformEditor (173)
[2015.11.19-18.06.12:855][983]LogModuleManager: Shutting down and abandoning module IOSRuntimeSettings (172)
[2015.11.19-18.06.12:855][983]LogModuleManager: Shutting down and abandoning module AndroidRuntimeSettings (171)
[2015.11.19-18.06.12:855][983]LogModuleManager: Shutting down and abandoning module MergeActors (170)
[2015.11.19-18.06.12:855][983]LogModuleManager: Shutting down and abandoning module SizeMap (169)
[2015.11.19-18.06.12:855][983]LogModuleManager: Shutting down and abandoning module TreeMap (168)
[2015.11.19-18.06.12:855][983]LogModuleManager: Shutting down and abandoning module ReferenceViewer (167)
[2015.11.19-18.06.12:855][983]LogModuleManager: Shutting down and abandoning module LocalizationService (166)
[2015.11.19-18.06.12:855][983]LogModuleManager: Shutting down and abandoning module LocalizationDashboard (165)
[2015.11.19-18.06.12:855][983]LogModuleManager: Shutting down and abandoning module HardwareTargeting (164)
[2015.11.19-18.06.12:855][983]LogModuleManager: Shutting down and abandoning module DeviceProfileEditor (163)
[2015.11.19-18.06.12:855][983]LogModuleManager: Shutting down and abandoning module UndoHistory (162)
[2015.11.19-18.06.12:855][983]LogModuleManager: Shutting down and abandoning module GameplayTagsEditor (161)
[2015.11.19-18.06.12:855][983]LogModuleManager: Shutting down and abandoning module UserFeedback (160)
[2015.11.19-18.06.12:855][983]LogModuleManager: Shutting down and abandoning module XmlParser (159)
[2015.11.19-18.06.12:855][983]LogModuleManager: Shutting down and abandoning module Blutility (158)
[2015.11.19-18.06.12:855][983]LogModuleManager: Shutting down and abandoning module ProjectTargetPlatformEditor (157)
[2015.11.19-18.06.12:855][983]LogModuleManager: Shutting down and abandoning module ProjectSettingsViewer (156)
[2015.11.19-18.06.12:855][983]LogModuleManager: Shutting down and abandoning module InputBindingEditor (155)
[2015.11.19-18.06.12:855][983]LogModuleManager: Shutting down and abandoning module EditorSettingsViewer (154)
[2015.11.19-18.06.12:855][983]LogModuleManager: Shutting down and abandoning module SettingsEditor (153)
[2015.11.19-18.06.12:855][983]LogModuleManager: Shutting down and abandoning module ProjectLauncher (152)
[2015.11.19-18.06.12:856][983]LogModuleManager: Shutting down and abandoning module SessionFrontend (151)
[2015.11.19-18.06.12:856][983]LogModuleManager: Shutting down and abandoning module ProfilerClient (150)
[2015.11.19-18.06.12:856][983]LogModuleManager: Shutting down and abandoning module TargetDeviceServices (149)
[2015.11.19-18.06.12:856][983]LogModuleManager: Shutting down and abandoning module DeviceManager (148)
[2015.11.19-18.06.12:856][983]LogModuleManager: Shutting down and abandoning module AutomationController (147)
[2015.11.19-18.06.12:856][983]LogModuleManager: Shutting down and abandoning module AutomationWindow (146)
[2015.11.19-18.06.12:856][983]LogModuleManager: Shutting down and abandoning module Layers (145)
[2015.11.19-18.06.12:856][983]LogModuleManager: Shutting down and abandoning module ComponentVisualizers (144)
[2015.11.19-18.06.12:856][983]LogModuleManager: Shutting down and abandoning module DetailCustomizations (143)
[2015.11.19-18.06.12:856][983]LogModuleManager: Shutting down and abandoning module PackagesDialog (142)
[2015.11.19-18.06.12:856][983]LogModuleManager: Shutting down and abandoning module Persona (141)
[2015.11.19-18.06.12:856][983]LogModuleManager: Shutting down and abandoning module Kismet (140)
[2015.11.19-18.06.12:856][983]LogModuleManager: Shutting down and abandoning module GraphEditor (139)
[2015.11.19-18.06.12:856][983]LogModuleManager: Shutting down and abandoning module ClassViewer (138)
[2015.11.19-18.06.12:857][983]LogModuleManager: Shutting down and abandoning module Toolbox (137)
[2015.11.19-18.06.12:857][983]LogModuleManager: Shutting down and abandoning module ModuleUI (136)
[2015.11.19-18.06.12:857][983]LogModuleManager: Shutting down and abandoning module MovieSceneTools (135)
[2015.11.19-18.06.12:857][983]LogModuleManager: Shutting down and abandoning module OutputLog (134)
[2015.11.19-18.06.12:857][983]LogModuleManager: Shutting down and abandoning module GammaUI (133)
[2015.11.19-18.06.12:857][983]LogModuleManager: Shutting down and abandoning module Documentation (132)
[2015.11.19-18.06.12:857][983]LogModuleManager: Shutting down and abandoning module GameLiveStreaming (131)
[2015.11.19-18.06.12:857][983]LogModuleManager: Shutting down and abandoning module StreamingPauseRendering (130)
[2015.11.19-18.06.12:857][983]LogModuleManager: Shutting down and abandoning module AnalyticsET (129)
[2015.11.19-18.06.12:857][983]LogModuleManager: Shutting down and abandoning module Analytics (128)
[2015.11.19-18.06.12:857][983]LogModuleManager: Shutting down and abandoning module AITestSuite (127)
[2015.11.19-18.06.12:857][983]LogModuleManager: Shutting down and abandoning module GameplayDebugger (126)
[2015.11.19-18.06.12:857][983]LogModuleManager: Shutting down and abandoning module AIModule (125)
[2015.11.19-18.06.12:857][983]LogModuleManager: Shutting down and abandoning module ProfilerService (124)
[2015.11.19-18.06.12:992][983]LogModuleManager: Shutting down and abandoning module TaskGraph (123)
[2015.11.19-18.06.12:992][983]LogModuleManager: Shutting down and abandoning module SubstanceEditor (122)
[2015.11.19-18.06.12:992][983]LogModuleManager: Shutting down and abandoning module SlateRemote (121)
[2015.11.19-18.06.12:992][983]LogModuleManager: Shutting down and abandoning module SteamVRController (120)
[2015.11.19-18.06.12:992][983]LogModuleManager: Shutting down and abandoning module SteamVR (119)
[2015.11.19-18.06.12:992][983]LogModuleManager: Shutting down and abandoning module ProceduralMeshComponent (118)
[2015.11.19-18.06.12:992][983]LogModuleManager: Shutting down and abandoning module OculusRift (117)
[2015.11.19-18.06.12:992][983]LogModuleManager: Shutting down and abandoning module OculusLibrary (116)
[2015.11.19-18.06.12:992][983]LogModuleManager: Shutting down and abandoning module LeapMotionController (115)
[2015.11.19-18.06.13:008][983]LogModuleManager: Shutting down and abandoning module CustomMeshComponent (114)
[2015.11.19-18.06.13:008][983]LogModuleManager: Shutting down and abandoning module CableComponent (113)
[2015.11.19-18.06.13:008][983]LogModuleManager: Shutting down and abandoning module ArchVisCharacter (112)
[2015.11.19-18.06.13:008][983]LogModuleManager: Shutting down and abandoning module MessagingDebugger (111)
[2015.11.19-18.06.13:008][983]LogModuleManager: Shutting down and abandoning module MediaPlayerEditor (110)
[2015.11.19-18.06.13:008][983]LogModuleManager: Shutting down and abandoning module HTML5Networking (109)
[2015.11.19-18.06.13:008][983]LogModuleManager: Shutting down and abandoning module SpeedTreeImporter (108)
[2015.11.19-18.06.13:008][983]LogModuleManager: Shutting down and abandoning module PluginBrowser (107)
[2015.11.19-18.06.13:008][983]LogModuleManager: Shutting down and abandoning module EpicSurvey (106)
[2015.11.19-18.06.13:008][983]LogModuleManager: Shutting down and abandoning module DesktopPlatform (105)
[2015.11.19-18.06.13:008][983]LogModuleManager: Shutting down and abandoning module VisualStudioSourceCodeAccess (104)
[2015.11.19-18.06.13:008][983]LogModuleManager: Shutting down and abandoning module UObjectPlugin (103)
[2015.11.19-18.06.13:008][983]LogModuleManager: Shutting down and abandoning module SubversionSourceControl (102)
[2015.11.19-18.06.13:008][983]LogModuleManager: Shutting down and abandoning module PerforceSourceControl (101)
[2015.11.19-18.06.13:008][983]LogModuleManager: Shutting down and abandoning module SourceControl (100)
[2015.11.19-18.06.13:008][983]LogModuleManager: Shutting down and abandoning module GitSourceControl (99)
[2015.11.19-18.06.13:008][983]LogModuleManager: Shutting down and abandoning module LightPropagationVolumeEditor (98)
[2015.11.19-18.06.13:008][983]LogModuleManager: Shutting down and abandoning module PaperTiledImporter (97)
[2015.11.19-18.06.13:008][983]LogModuleManager: Shutting down and abandoning module PaperSpriteSheetImporter (96)
[2015.11.19-18.06.13:008][983]LogModuleManager: Shutting down and abandoning module MeshPaint (95)
[2015.11.19-18.06.13:008][983]LogModuleManager: Shutting down and abandoning module SlateReflector (94)
[2015.11.19-18.06.13:008][983]LogModuleManager: Shutting down and abandoning module HotReload (93)
[2015.11.19-18.06.13:008][983]LogModuleManager: Shutting down and abandoning module MainFrame (92)
[2015.11.19-18.06.13:008][983]LogModuleManager: Shutting down and abandoning module LevelEditor (91)
[2015.11.19-18.06.13:009][983]LogModuleManager: Shutting down and abandoning module ContentBrowser (90)
[2015.11.19-18.06.13:009][983]LogModuleManager: Shutting down and abandoning module Paper2DEditor (89)
[2015.11.19-18.06.13:009][983]LogModuleManager: Shutting down and abandoning module UdpMessaging (88)
[2015.11.19-18.06.13:110][983]LogModuleManager: Shutting down and abandoning module DirectoryWatcher (87)
[2015.11.19-18.06.13:111][983]LogModuleManager: Shutting down and abandoning module AssetRegistry (86)
[2015.11.19-18.06.13:216][983]LogModuleManager: Shutting down and abandoning module SubstanceCore (85)
[2015.11.19-18.06.13:216][983]LogModuleManager: Shutting down and abandoning module LightPropagationVolumeRuntime (84)
[2015.11.19-18.06.13:216][983]LogModuleManager: Shutting down and abandoning module Paper2D (83)
[2015.11.19-18.06.13:216][983]LogModuleManager: Shutting down and abandoning module WindowsMoviePlayer (82)
[2015.11.19-18.06.13:219][983]LogModuleManager: Shutting down and abandoning module Media (81)
[2015.11.19-18.06.13:219][983]LogModuleManager: Shutting down and abandoning module WmfMedia (80)
[2015.11.19-18.06.13:219][983]LogModuleManager: Shutting down and abandoning module OnlineBlueprintSupport (79)
[2015.11.19-18.06.13:219][983]LogModuleManager: Shutting down and abandoning module GameplayTasksEditor (78)
[2015.11.19-18.06.13:219][983]LogModuleManager: Shutting down and abandoning module PropertyEditor (77)
[2015.11.19-18.06.13:219][983]LogModuleManager: Shutting down and abandoning module BehaviorTreeEditor (76)
[2015.11.19-18.06.13:219][983]LogModuleManager: Shutting down and abandoning module FunctionalTesting (75)
[2015.11.19-18.06.13:219][983]LogModuleManager: Shutting down and abandoning module CollisionAnalyzer (74)
[2015.11.19-18.06.13:220][983]LogModuleManager: Shutting down and abandoning module WorkspaceMenuStructure (73)
[2015.11.19-18.06.13:220][983]LogModuleManager: Shutting down and abandoning module MessageLog (72)
[2015.11.19-18.06.13:220][983]LogModuleManager: Shutting down and abandoning module Sequencer (71)
[2015.11.19-18.06.13:220][983]LogModuleManager: Shutting down and abandoning module AssetTools (70)
[2015.11.19-18.06.13:220][983]LogModuleManager: Shutting down and abandoning module UMGEditor (69)
[2015.11.19-18.06.13:220][983]LogModuleManager: Shutting down and abandoning module UMG (68)
[2015.11.19-18.06.13:220][983]LogModuleManager: Shutting down and abandoning module Slate (67)
[2015.11.19-18.06.13:220][983]LogModuleManager: Shutting down and abandoning module EditorStyle (66)
[2015.11.19-18.06.13:221][983]LogModuleManager: Shutting down and abandoning module SessionServices (65)
[2015.11.19-18.06.13:221][983]LogModuleManager: Shutting down and abandoning module SourceCodeAccess (64)
[2015.11.19-18.06.13:221][983]LogModuleManager: Shutting down and abandoning module HeadMountedDisplay (63)
[2015.11.19-18.06.13:221][983]LogModuleManager: Shutting down and abandoning module XAudio2 (62)
[2015.11.19-18.06.13:221][983]LogModuleManager: Shutting down and abandoning module Networking (60)
[2015.11.19-18.06.13:221][983]LogModuleManager: Shutting down and abandoning module Core (59)
[2015.11.19-18.06.13:221][983]LogModuleManager: Shutting down and abandoning module KismetCompiler (58)
[2015.11.19-18.06.13:221][983]LogModuleManager: Shutting down and abandoning module PhysXFormats (57)
[2015.11.19-18.06.13:221][983]LogModuleManager: Shutting down and abandoning module MeshUtilities (56)
[2015.11.19-18.06.13:221][983]LogModuleManager: Shutting down and abandoning module CookingStats (55)
[2015.11.19-18.06.13:224][983]LogModuleManager: Shutting down and abandoning module DerivedDataCache (54)
[2015.11.19-18.06.13:257][983]LogDerivedDataCache: Shutdown
[2015.11.19-18.06.13:257][983]LogModuleManager: Shutting down and abandoning module ShaderFormatOpenGL (53)
[2015.11.19-18.06.13:257][983]LogModuleManager: Shutting down and abandoning module ShaderFormatD3D (52)
[2015.11.19-18.06.13:257][983]LogModuleManager: Shutting down and abandoning module MetalShaderFormat (51)
[2015.11.19-18.06.13:257][983]LogModuleManager: Shutting down and abandoning module TextureFormatUncompressed (50)
[2015.11.19-18.06.13:257][983]LogModuleManager: Shutting down and abandoning module TextureFormatPVR (49)
[2015.11.19-18.06.13:257][983]LogModuleManager: Shutting down and abandoning module TextureFormatIntelISPCTexComp (48)
[2015.11.19-18.06.13:257][983]LogModuleManager: Shutting down and abandoning module TextureFormatDXT (47)
[2015.11.19-18.06.13:257][983]LogModuleManager: Shutting down and abandoning module ImageWrapper (46)
[2015.11.19-18.06.13:257][983]LogModuleManager: Shutting down and abandoning module TextureFormatASTC (45)
[2015.11.19-18.06.13:257][983]LogModuleManager: Shutting down and abandoning module TextureFormatAndroid (44)
[2015.11.19-18.06.13:257][983]LogModuleManager: Shutting down and abandoning module AudioFormatOpus (43)
[2015.11.19-18.06.13:257][983]LogModuleManager: Shutting down and abandoning module AudioFormatOgg (42)
[2015.11.19-18.06.13:257][983]LogModuleManager: Shutting down and abandoning module AudioFormatADPCM (41)
[2015.11.19-18.06.13:257][983]LogModuleManager: Shutting down and abandoning module LinuxTargetPlatform (40)
[2015.11.19-18.06.13:257][983]LogModuleManager: Shutting down and abandoning module LinuxServerTargetPlatform (39)
[2015.11.19-18.06.13:257][983]LogModuleManager: Shutting down and abandoning module LinuxNoEditorTargetPlatform (38)
[2015.11.19-18.06.13:257][983]LogModuleManager: Shutting down and abandoning module Messaging (37)
[2015.11.19-18.06.13:257][983]LogModuleManager: Shutting down and abandoning module IOSTargetPlatform (36)
[2015.11.19-18.06.13:257][983]LogModuleManager: Shutting down and abandoning module HTML5TargetPlatform (35)
[2015.11.19-18.06.13:257][983]LogModuleManager: Shutting down and abandoning module Android_PVRTCTargetPlatform (34)
[2015.11.19-18.06.13:257][983]LogModuleManager: Shutting down and abandoning module Android_ETC2TargetPlatform (33)
[2015.11.19-18.06.13:257][983]LogModuleManager: Shutting down and abandoning module Android_ETC1TargetPlatform (32)
[2015.11.19-18.06.13:257][983]LogModuleManager: Shutting down and abandoning module Android_DXTTargetPlatform (31)
[2015.11.19-18.06.13:257][983]LogModuleManager: Shutting down and abandoning module Android_ATCTargetPlatform (30)
[2015.11.19-18.06.13:257][983]LogModuleManager: Shutting down and abandoning module Android_ASTCTargetPlatform (29)
[2015.11.19-18.06.13:257][983]LogModuleManager: Shutting down and abandoning module AndroidTargetPlatform (28)
[2015.11.19-18.06.13:257][983]LogModuleManager: Shutting down and abandoning module WindowsTargetPlatform (27)
[2015.11.19-18.06.13:257][983]LogModuleManager: Shutting down and abandoning module WindowsServerTargetPlatform (26)
[2015.11.19-18.06.13:257][983]LogModuleManager: Shutting down and abandoning module WindowsNoEditorTargetPlatform (25)
[2015.11.19-18.06.13:257][983]LogModuleManager: Shutting down and abandoning module WindowsClientTargetPlatform (24)
[2015.11.19-18.06.13:257][983]LogModuleManager: Shutting down and abandoning module AllDesktopTargetPlatform (23)
[2015.11.19-18.06.13:257][983]LogModuleManager: Shutting down and abandoning module TargetPlatform (22)
[2015.11.19-18.06.13:257][983]LogModuleManager: Shutting down and abandoning module InputCore (21)
[2015.11.19-18.06.13:257][983]LogModuleManager: Shutting down and abandoning module Settings (20)
[2015.11.19-18.06.13:258][983]LogModuleManager: Shutting down and abandoning module OnlineSubsystem (18)
[2015.11.19-18.06.13:258][983]LogModuleManager: Shutting down and abandoning module HTTP (17)
[2015.11.19-18.06.14:258][983]LogModuleManager: Shutting down and abandoning module XMPP (16)
[2015.11.19-18.06.14:258][983]LogModuleManager: Shutting down and abandoning module ExampleDeviceProfileSelector (15)
[2015.11.19-18.06.14:258][983]LogModuleManager: Shutting down and abandoning module TextureCompressor (14)
[2015.11.19-18.06.14:258][983]LogModuleManager: Shutting down and abandoning module ShaderCore (13)
[2015.11.19-18.06.14:258][983]LogModuleManager: Shutting down and abandoning module Landscape (12)
[2015.11.19-18.06.14:258][983]LogModuleManager: Shutting down and abandoning module SlateRHIRenderer (11)
[2015.11.19-18.06.14:264][983]LogModuleManager: Shutting down and abandoning module OpenGLDrv (10)
[2015.11.19-18.06.14:264][983]LogModuleManager: Shutting down and abandoning module D3D11RHI (9)
[2015.11.19-18.06.14:264][983]LogModuleManager: Shutting down and abandoning module AnimGraphRuntime (8)
[2015.11.19-18.06.14:264][983]LogModuleManager: Shutting down and abandoning module Renderer (7)
[2015.11.19-18.06.14:264][983]LogModuleManager: Shutting down and abandoning module Engine (6)
[2015.11.19-18.06.14:264][983]LogModuleManager: Shutting down and abandoning module CoreUObject (5)
[2015.11.19-18.06.14:264][983]LogModuleManager: Shutting down and abandoning module NetworkFile (4)
[2015.11.19-18.06.14:264][983]LogModuleManager: Shutting down and abandoning module StreamingFile (3)
[2015.11.19-18.06.14:264][983]LogModuleManager: Shutting down and abandoning module SandboxFile (2)
[2015.11.19-18.06.14:264][983]LogModuleManager: Shutting down and abandoning module PakFile (1)
[2015.11.19-18.06.14:264][983]LogExit: Exiting.
[2015.11.19-18.06.14:265][983]Log file closed, 11/19/15 13:06:14
