[2015.10.24-20.02.55:111][  0]Log file open, 10/24/15 16:02:55
[2015.10.24-20.02.55:111][  0]LogInit:Display: Running engine without a game
[2015.10.24-20.02.55:111][  0]LogInit:Display: Loading recent project file: ../../../../../../../My Media/UCF Documents/DIG 4725/Game-Files/SuperSpaceArmada/SuperSpaceArmada.uproject
[2015.10.24-20.02.55:111][  0]LogInit:Display: RandInit(-739714550) SRandInit(-739714549).
[2015.10.24-20.02.55:111][  0]LogTaskGraph: Started task graph with 4 named threads and 7 total threads.
[2015.10.24-20.02.55:111][  0]LogStats: Stats thread started at 0.068814
[2015.10.24-20.02.55:111][  0]LogInit: Version: 4.9.1-2689999+++depot+UE4-Releases+4.9
[2015.10.24-20.02.55:111][  0]LogInit: API Version: 2672455
[2015.10.24-20.02.55:111][  0]LogInit: Compiled (64-bit): Sep 14 2015 04:12:03
[2015.10.24-20.02.55:111][  0]LogInit: Compiled with Visual C++: 18.00.21005.01
[2015.10.24-20.02.55:111][  0]LogInit: Build Configuration: Development
[2015.10.24-20.02.55:111][  0]LogInit: Branch Name: ++depot+UE4-Releases+4.9
[2015.10.24-20.02.55:111][  0]LogInit: Command line: 
[2015.10.24-20.02.55:111][  0]LogInit: Base directory: F:/Program Files/Unreal/Epic Games/4.9/Engine/Binaries/Win64/
[2015.10.24-20.02.55:111][  0]LogInit: Rocket: 1
[2015.10.24-20.02.55:120][  0]LogInit: Using libcurl 7.41.0
[2015.10.24-20.02.55:120][  0]LogInit:  - built for x86_64-pc-win32
[2015.10.24-20.02.55:120][  0]LogInit:  - supports SSL with WinSSL
[2015.10.24-20.02.55:120][  0]LogInit:  - other features:
[2015.10.24-20.02.55:120][  0]LogInit:      CURL_VERSION_SSL
[2015.10.24-20.02.55:120][  0]LogInit:      CURL_VERSION_IPV6
[2015.10.24-20.02.55:120][  0]LogInit:      CURL_VERSION_ASYNCHDNS
[2015.10.24-20.02.55:120][  0]LogInit:      CURL_VERSION_LARGEFILE
[2015.10.24-20.02.55:121][  0]LogInit:      CURL_VERSION_IDN
[2015.10.24-20.02.55:121][  0]LogInit:  CurlRequestOptions (configurable via config and command line):
[2015.10.24-20.02.55:121][  0]LogInit:  - bVerifyPeer = true  - Libcurl will verify peer certificate
[2015.10.24-20.02.55:121][  0]LogInit:  - bUseHttpProxy = false  - Libcurl will NOT use HTTP proxy
[2015.10.24-20.02.55:121][  0]LogInit:  - bDontReuseConnections = false  - Libcurl will reuse connections
[2015.10.24-20.02.55:121][  0]LogInit:  - CertBundlePath = nullptr  - Libcurl will use whatever was configured at build time.
[2015.10.24-20.02.55:127][  0]LogInit: Presizing for 0 objects not considered by GC, pre-allocating 0 bytes.
[2015.10.24-20.02.55:132][  0]LogInit: Object subsystem initialized
[2015.10.24-20.02.55:133][  0]LogInit: Selected Device Profile: [Windows]
[2015.10.24-20.02.55:133][  0]LogInit: Applying CVar settings loaded from the selected device profile: [Windows]
[2015.10.24-20.02.55:141][  0]LogInit: Computer: ANDREW_2015
[2015.10.24-20.02.55:141][  0]LogInit: User: aehrlich92
[2015.10.24-20.02.55:141][  0]LogInit: CPU Page size=4096, Cores=4
[2015.10.24-20.02.55:141][  0]LogInit: High frequency timer resolution =3.984649 MHz
[2015.10.24-20.02.55:141][  0]LogMemory: Memory total: Physical=15.9GB (16GB approx)
[2015.10.24-20.02.55:141][  0]LogMemory: Platform Memory Stats for Windows
[2015.10.24-20.02.55:141][  0]LogMemory: Process Physical Memory: 55.05 MB used, 55.05 MB peak
[2015.10.24-20.02.55:141][  0]LogMemory: Process Virtual Memory: 58.49 MB used, 58.49 MB peak
[2015.10.24-20.02.55:141][  0]LogMemory: Physical Memory: 6368.70 MB used, 16322.88 MB total
[2015.10.24-20.02.55:141][  0]LogMemory: Virtual Memory: 368.35 MB used, 134217728.00 MB total
[2015.10.24-20.02.55:182][  0]LogTextLocalizationManager: No specific translations for ('en-US') exist, so ('en') translations will be used.
[2015.10.24-20.02.55:695][  0]LogD3D11RHI: Found D3D11 adapter 0: NVIDIA GeForce GTX 960 (Feature Level 11_0)
[2015.10.24-20.02.55:695][  0]LogD3D11RHI: Adapter has 1969MB of dedicated video memory, 0MB of dedicated system memory, and 8161MB of shared system memory, 2 output[s]
[2015.10.24-20.02.55:697][  0]LogD3D11RHI: Found D3D11 adapter 1: Microsoft Basic Render Driver (Feature Level 11_0)
[2015.10.24-20.02.55:697][  0]LogD3D11RHI: Adapter has 0MB of dedicated video memory, 0MB of dedicated system memory, and 8161MB of shared system memory, 0 output[s]
[2015.10.24-20.02.55:697][  0]LogD3D11RHI: Chosen D3D11 Adapter Id = 0
[2015.10.24-20.02.55:703][  0]LogD3D11RHI: !Direct3DDevice
[2015.10.24-20.02.55:703][  0]LogRHI: Texture pool is 1361 MB (70% of 1945 MB)
[2015.10.24-20.02.55:715][  0]LogD3D11RHI: Async texture creation enabled
[2015.10.24-20.02.55:731][  0]LogShaderCompilers: Guid format shader working directory is 14 characters bigger than the processId version (../../../../../../../My Media/UCF Documents/DIG 4725/Game-Files/SuperSpaceArmada/Intermediate/Shaders/WorkingDirectory/22340/).
[2015.10.24-20.02.55:731][  0]LogShaderCompilers: Cleaned the shader compiler working directory '../../../../../../../My Media/UCF Documents/DIG 4725/Game-Files/SuperSpaceArmada/Intermediate/Shaders/tmp/0348A9634407A35C005E6C9ADEBB22E4/'.
[2015.10.24-20.02.55:731][  0]LogShaderCompilers:Display: Using Local Shader Compiler.
[2015.10.24-20.02.56:555][  0]LogTemp:Display: Loaded TP AllDesktopTargetPlatform
[2015.10.24-20.02.56:560][  0]LogTemp:Display: Loaded TP WindowsClientTargetPlatform
[2015.10.24-20.02.56:564][  0]LogTemp:Display: Loaded TP WindowsNoEditorTargetPlatform
[2015.10.24-20.02.56:569][  0]LogTemp:Display: Loaded TP WindowsServerTargetPlatform
[2015.10.24-20.02.56:574][  0]LogTemp:Display: Loaded TP WindowsTargetPlatform
[2015.10.24-20.02.56:576][  0]LogTemp:Display: Loaded TP AndroidTargetPlatform
[2015.10.24-20.02.56:579][  0]LogTemp:Display: Loaded TP Android_ASTCTargetPlatform
[2015.10.24-20.02.56:582][  0]LogTemp:Display: Loaded TP Android_ATCTargetPlatform
[2015.10.24-20.02.56:585][  0]LogTemp:Display: Loaded TP Android_DXTTargetPlatform
[2015.10.24-20.02.56:588][  0]LogTemp:Display: Loaded TP Android_ETC1TargetPlatform
[2015.10.24-20.02.56:591][  0]LogTemp:Display: Loaded TP Android_ETC2TargetPlatform
[2015.10.24-20.02.56:594][  0]LogTemp:Display: Loaded TP Android_PVRTCTargetPlatform
[2015.10.24-20.02.56:595][  0]LogTemp:Display: Loaded TP HTML5TargetPlatform
[2015.10.24-20.02.56:612][  0]LogTemp:Display: Loaded TP IOSTargetPlatform
[2015.10.24-20.02.56:617][  0]LogTemp:Display: Loaded TP LinuxNoEditorTargetPlatform
[2015.10.24-20.02.56:621][  0]LogTemp:Display: Loaded TP LinuxServerTargetPlatform
[2015.10.24-20.02.56:625][  0]LogTemp:Display: Loaded TP LinuxTargetPlatform
[2015.10.24-20.02.56:625][  0]LogTargetPlatformManager:Display: Building Assets For Windows
[2015.10.24-20.02.56:691][  0]LogDerivedDataCache:Display: Max Cache Size: 512 MB
[2015.10.24-20.02.56:729][  0]LogDerivedDataCache: Loaded boot cache 0.04s 41MB C:/Users/aehrlich92/AppData/Local/UnrealEngine/4.9/DerivedDataCache/Boot.ddc.
[2015.10.24-20.02.56:729][  0]LogDerivedDataCache:Display: Loaded Boot cache: C:/Users/aehrlich92/AppData/Local/UnrealEngine/4.9/DerivedDataCache/Boot.ddc
[2015.10.24-20.02.56:729][  0]LogDerivedDataCache: FDerivedDataBackendGraph:  Pak pak cache file ../../../../../../../My Media/UCF Documents/DIG 4725/Game-Files/SuperSpaceArmada/DerivedDataCache/DDC.ddp not found, will not use a pak cache.
[2015.10.24-20.02.56:729][  0]LogDerivedDataCache: Unable to find inner node Pak for hierarchical cache Hierarchy.
[2015.10.24-20.02.56:729][  0]LogDerivedDataCache: FDerivedDataBackendGraph:  CompressedPak pak cache file ../../../../../../../My Media/UCF Documents/DIG 4725/Game-Files/SuperSpaceArmada/DerivedDataCache/Compressed.ddp not found, will not use a pak cache.
[2015.10.24-20.02.56:729][  0]LogDerivedDataCache: Unable to find inner node CompressedPak for hierarchical cache Hierarchy.
[2015.10.24-20.02.56:844][  0]LogDerivedDataCache:Display: Pak cache opened for reading ../../../Engine/DerivedDataCache/Compressed.ddp.
[2015.10.24-20.02.56:856][  0]LogDerivedDataCache: Using Local data cache path C:/Users/aehrlich92/AppData/Local/UnrealEngine/Common/DerivedDataCache: Writable
[2015.10.24-20.02.56:989][  0]LogInit: Selected Device Profile: [Windows]
[2015.10.24-20.02.56:991][  0]LogContentStreaming: Texture pool size is 0.000000MB
[2015.10.24-20.02.57:086][  0]LogMeshUtilities: No automatic mesh reduction module available
[2015.10.24-20.02.57:086][  0]LogMeshUtilities: No automatic mesh merging module available
[2015.10.24-20.02.57:274][  0]LogInit: WinSock: version 1.1 (2.2), MaxSocks=32767, MaxUdp=65467
[2015.10.24-20.02.57:820][  0]LogAssetRegistry: FAssetRegistry took 0.0106 seconds to start up
[2015.10.24-20.02.57:828][  0]UdpMessaging: Initializing bridge on interface 0.0.0.0:0 to multicast group 230.0.0.1:6666.
[2015.10.24-20.02.58:019][  0]SourceControl: Info Source control is disabled
[2015.10.24-20.02.58:029][  0]SourceControl: Info Source control is disabled
[2015.10.24-20.02.58:038][  0]SourceControl: Info Source control is disabled
[2015.10.24-20.02.58:047][  0]SourceControl: Info Source control is disabled
[2015.10.24-20.02.58:133][  0]LogLinker:Warning: Asset '../../../Engine/Plugins/Runtime/LeapMotionController/Content/LM_PassthroughMaterial.uasset' has been saved with empty engine version. The asset will be loaded but may be incompatible.
[2015.10.24-20.02.58:206][  0]LogObj: 28528 objects as part of root set at end of initial load.
[2015.10.24-20.02.58:206][  0]LogUObjectAllocator: 6068456 out of 0 bytes used by permanent object pool.
[2015.10.24-20.02.58:253][  0]LogEngine: Initializing Engine...
[2015.10.24-20.02.58:255][  0]LogHMD: Can't find Oculus library dev build: is proper Runtime installed? Version: 0.7.0.0
[2015.10.24-20.02.58:256][  0]LogHMD: SteamVR failed to initialize.  Err: 110
[2015.10.24-20.02.58:356][  0]LogAIModule: Creating AISystem for world NewWorld
[2015.10.24-20.02.58:362][  0]LogInit: XAudio2 using 'Speakers (Realtek High Definition Audio)' : 8 channels at 48 kHz using 32 bits per sample (channel mask 0x63f)
[2015.10.24-20.02.58:371][  0]LogInit: FAudioDevice initialized.
[2015.10.24-20.02.58:392][  0]LogDerivedDataCache: Saved boot cache 0.02s 41MB C:/Users/aehrlich92/AppData/Local/UnrealEngine/4.9/DerivedDataCache/Boot.ddc.
[2015.10.24-20.02.58:396][  0]LogInit: Texture streaming: Enabled
[2015.10.24-20.02.58:401][  0]LogAnalytics: Creating configured Analytics provider AnalyticsET
[2015.10.24-20.02.58:401][  0]LogAnalytics: [UEEditor.Rocket.Release] APIServer = http://et2.epicgames.com/ET2/. AppVersion = 4.9.1-2689999+++depot+UE4-Releases+4.9
[2015.10.24-20.02.58:401][  0]LogAnalytics: [UEEditor.Rocket.Release] SetUserId 7bdbd2584788e6e37f918c9187bab22c|b300224d71e64562a5bff06c2aaa78f8|45aed112-7b58-41bf-9eba-b8dcb7f9dd12
[2015.10.24-20.02.58:401][  0]LogAnalytics: [UEEditor.Rocket.Release] AnalyticsET::StartSession
[2015.10.24-20.02.58:437][  0]LogInit: Transaction tracking system initialized
[2015.10.24-20.02.58:459][  0]BlueprintLog: New page: Editor Load
[2015.10.24-20.02.58:518][  0]LocalizationService: Info Localization service is disabled
[2015.10.24-20.02.58:574][  0]LogConsoleResponse:Display: 
[2015.10.24-20.02.58:668][  0]LogCook:Display: Done creating registry. It took  0.00s.
[2015.10.24-20.02.58:707][  0]LogFileCache: Scanning file cache for directory 'F:/My Media/UCF Documents/DIG 4725/Game-Files/SuperSpaceArmada/Content/' took 0.01s
[2015.10.24-20.02.58:707][  0]SourceControl: Info Source control is disabled
[2015.10.24-20.02.58:707][  0]Cmd: MAP LOAD FILE="../../../../../../../My Media/UCF Documents/DIG 4725/Game-Files/SuperSpaceArmada/Content/SSA/Maps/Home_Kratakos.umap" TEMPLATE=0 SHOWPROGRESS=1 FEATURELEVEL=3
[2015.10.24-20.02.58:708][  0]LightingResults: New page: Lighting Build
[2015.10.24-20.02.58:709][  0]MapCheck: New page: Map Check
[2015.10.24-20.02.58:709][  0]LightingResults: New page: Lighting Build
[2015.10.24-20.02.58:719][  0]LogParticles: Destroying 0 GPU particle simulations for FXSystem 0x0000005BA23AD620
[2015.10.24-20.02.58:788][  0]LogLinker:Warning: Asset '../../../../../../../My Media/UCF Documents/DIG 4725/Game-Files/SuperSpaceArmada/Content/Mannequin/Animations/ThirdPerson_AnimBP.uasset' has been saved with empty engine version. The asset will be loaded but may be incompatible.
[2015.10.24-20.02.58:789][  0]LogLinker:Warning: Asset '../../../../../../../My Media/UCF Documents/DIG 4725/Game-Files/SuperSpaceArmada/Content/Mannequin/Animations/ThirdPerson_Jump.uasset' has been saved with empty engine version. The asset will be loaded but may be incompatible.
[2015.10.24-20.02.58:790][  0]LogLinker:Warning: Asset '../../../../../../../My Media/UCF Documents/DIG 4725/Game-Files/SuperSpaceArmada/Content/Mannequin/Animations/ThirdPersonJump_Loop.uasset' has been saved with empty engine version. The asset will be loaded but may be incompatible.
[2015.10.24-20.02.58:791][  0]LogLinker:Warning: Asset '../../../../../../../My Media/UCF Documents/DIG 4725/Game-Files/SuperSpaceArmada/Content/Mannequin/Animations/ThirdPersonJump_Start.uasset' has been saved with empty engine version. The asset will be loaded but may be incompatible.
[2015.10.24-20.02.58:792][  0]LogLinker:Warning: Asset '../../../../../../../My Media/UCF Documents/DIG 4725/Game-Files/SuperSpaceArmada/Content/Mannequin/Animations/ThirdPerson_IdleRun_2D.uasset' has been saved with empty engine version. The asset will be loaded but may be incompatible.
[2015.10.24-20.02.58:792][  0]LogLinker:Warning: Asset '../../../../../../../My Media/UCF Documents/DIG 4725/Game-Files/SuperSpaceArmada/Content/Mannequin/Animations/ThirdPersonIdle.uasset' has been saved with empty engine version. The asset will be loaded but may be incompatible.
[2015.10.24-20.02.58:793][  0]LogLinker:Warning: Asset '../../../../../../../My Media/UCF Documents/DIG 4725/Game-Files/SuperSpaceArmada/Content/Mannequin/Animations/ThirdPersonRun.uasset' has been saved with empty engine version. The asset will be loaded but may be incompatible.
[2015.10.24-20.02.58:793][  0]LogLinker:Warning: Asset '../../../../../../../My Media/UCF Documents/DIG 4725/Game-Files/SuperSpaceArmada/Content/Mannequin/Animations/ThirdPersonWalk.uasset' has been saved with empty engine version. The asset will be loaded but may be incompatible.
[2015.10.24-20.02.59:377][  0]LogBlueprint:Error: [compiler Player] Error Could not find a function named "Player 1 End" in 'HUD_C'.
Make sure 'HUD_C' has been compiled for  Player 1 End 
[2015.10.24-20.02.59:426][  0]LogBlueprint:Warning: [compiler Player] Warning [0004.79] Compile of Player failed. 1 Fatal Issue(s) 0 Warning(s) [in 82 ms]
[2015.10.24-20.02.59:427][  0]LogBlueprint:Warning: [compiler Player] Warning [0004.79] Compile of Player failed. 1 Fatal Issue(s) 1 Warning(s) [in 0 ms]
[2015.10.24-20.02.59:427][  0]LogBlueprint:Warning: [compiler Player] Warning [0004.79] Compile of Player failed. 1 Fatal Issue(s) 2 Warning(s) [in 0 ms]
[2015.10.24-20.02.59:687][  0]LogBlueprint:Error: Broken Node: K2Node_CallFunction /Game/SSA/Blueprints/Objects/Debris.Debris:Debris Collision func.K2Node_CallFunction_3036 keeps removed/invalid pin: EdGraphPin /Game/SSA/Blueprints/Objects/Debris.Debris:Debris Collision func.K2Node_CallFunction_3036.EdGraphPin_189478. Try refresh all nodes.
[2015.10.24-20.02.59:687][  0]LogBlueprint:Error: Broken Node: K2Node_CallFunction /Game/SSA/Blueprints/Objects/Debris.Debris:Debris Collision func.K2Node_CallFunction_2761 keeps removed/invalid pin: EdGraphPin /Game/SSA/Blueprints/Objects/Debris.Debris:Debris Collision func.K2Node_CallFunction_2761.EdGraphPin_189448. Try refresh all nodes.
[2015.10.24-20.02.59:916][  0]LogBlueprint:Error: Broken Node: K2Node_CallFunction /Game/SSA/Blueprints/Objects/Debris.Debris:Debris Collision func.K2Node_CallFunction_2761 keeps removed/invalid pin: EdGraphPin /Game/SSA/Blueprints/Objects/Debris.Debris:Debris Collision func.K2Node_CallFunction_2761.EdGraphPin_189448. Try refresh all nodes.
[2015.10.24-20.02.59:916][  0]LogBlueprint:Error: Broken Node: K2Node_CallFunction /Game/SSA/Blueprints/Objects/Debris.Debris:Debris Collision func.K2Node_CallFunction_3036 keeps removed/invalid pin: EdGraphPin /Game/SSA/Blueprints/Objects/Debris.Debris:Debris Collision func.K2Node_CallFunction_3036.EdGraphPin_189478. Try refresh all nodes.
[2015.10.24-20.03.00:426][  0]LogLinker:Warning: Can't find file '/Game/Geometry/Meshes/1M_Cube'
[2015.10.24-20.03.00:426][  0]LogLinker:Warning: Can't find file for asset '/Game/Geometry/Meshes/1M_Cube' while loading ../../../../../../../My Media/UCF Documents/DIG 4725/Game-Files/SuperSpaceArmada/Content/SSA/Blueprints/Objects/Crystal_Spawner.uasset.
[2015.10.24-20.03.00:426][  0]LoadErrors:Error: Error /Game/SSA/Blueprints/Objects/Crystal_Spawner : Can't find file for asset. /Game/Geometry/Meshes/1M_Cube
[2015.10.24-20.03.00:427][  0]LogLinker:Warning: Can't find file '/Game/Geometry/Meshes/1M_Cube'
[2015.10.24-20.03.00:427][  0]LogLinker:Warning: Can't find file for asset '/Game/Geometry/Meshes/1M_Cube' while loading ../../../../../../../My Media/UCF Documents/DIG 4725/Game-Files/SuperSpaceArmada/Content/SSA/Blueprints/Objects/Crystal_Spawner.uasset.
[2015.10.24-20.03.00:427][  0]LoadErrors:Error: Error /Game/SSA/Blueprints/Objects/Crystal_Spawner : Can't find file for asset. /Game/Geometry/Meshes/1M_Cube
[2015.10.24-20.03.00:429][  0]LogLinker:Warning: Can't find file '/Game/Geometry/Meshes/1M_Cube'
[2015.10.24-20.03.00:429][  0]LogLinker:Warning: Can't find file for asset '/Game/Geometry/Meshes/1M_Cube' while loading ../../../../../../../My Media/UCF Documents/DIG 4725/Game-Files/SuperSpaceArmada/Content/SSA/Maps/Home_Kratakos.umap.
[2015.10.24-20.03.00:429][  0]LoadErrors:Error: Error /Game/SSA/Maps/Home_Kratakos : Can't find file for asset. /Game/Geometry/Meshes/1M_Cube
[2015.10.24-20.03.00:429][  0]LogLinker:Warning: Can't find file '/Game/Geometry/Meshes/1M_Cube'
[2015.10.24-20.03.00:429][  0]LogLinker:Warning: Can't find file for asset '/Game/Geometry/Meshes/1M_Cube' while loading ../../../../../../../My Media/UCF Documents/DIG 4725/Game-Files/SuperSpaceArmada/Content/SSA/Maps/Home_Kratakos.umap.
[2015.10.24-20.03.00:429][  0]LoadErrors:Error: Error /Game/SSA/Maps/Home_Kratakos : Can't find file for asset. /Game/Geometry/Meshes/1M_Cube
[2015.10.24-20.03.00:430][  0]LogLinker:Warning: Can't find file '/Game/Geometry/Meshes/1M_Cube'
[2015.10.24-20.03.00:430][  0]LoadErrors: Info Failed to load /Game/Geometry/Meshes/1M_Cube.1M_Cube Referenced by StaticMeshComponent0
[2015.10.24-20.03.00:430][  0]LogLinker:Warning: Can't find file for asset '/Game/Geometry/Meshes/1M_Cube' while loading ../../../../../../../My Media/UCF Documents/DIG 4725/Game-Files/SuperSpaceArmada/Content/SSA/Maps/Home_Kratakos.umap.
[2015.10.24-20.03.00:430][  0]LoadErrors: Info Failed to load /Game/Geometry/Meshes/1M_Cube.1M_Cube Referenced by StaticMeshComponent0
[2015.10.24-20.03.00:430][  0]LoadErrors:Error: Error /Game/SSA/Maps/Home_Kratakos : Can't find file for asset. /Game/Geometry/Meshes/1M_Cube
[2015.10.24-20.03.01:167][  0]LogAIModule: Creating AISystem for world Home_Kratakos
[2015.10.24-20.03.01:175][  0]LogEditorServer: Finished looking for orphan Actors (0.000 secs)
[2015.10.24-20.03.01:176][  0]Cmd: MAP CHECKDEP NOCLEARLOG
[2015.10.24-20.03.01:231][  0]MapCheck: Info Map check complete: 0 Error(s), 0 Warning(s), took 55.337ms to complete.
[2015.10.24-20.03.01:231][  0]LogFileHelpers: Loading map 'Home_Kratakos' took 2.524
[2015.10.24-20.03.01:341][  0]LogCollectionManager: Loaded 0 collections in 0.000930 seconds
[2015.10.24-20.03.01:380][  0]LogFileCache: Scanning file cache for directory 'F:/My Media/UCF Documents/DIG 4725/Game-Files/SuperSpaceArmada/Saved/Collections/' took 0.01s
[2015.10.24-20.03.01:380][  0]LogFileCache: Scanning file cache for directory 'F:/My Media/UCF Documents/DIG 4725/Game-Files/SuperSpaceArmada/Content/Developers/aehrlich92/Collections/' took 0.01s
[2015.10.24-20.03.01:380][  0]LogFileCache: Scanning file cache for directory 'F:/My Media/UCF Documents/DIG 4725/Game-Files/SuperSpaceArmada/Content/Collections/' took 0.01s
[2015.10.24-20.03.01:380][  0]LogContentBrowser: Native class hierarchy populated in 0.0056 seconds. Added 1882 classes and 339 folders.
[2015.10.24-20.03.01:384][  0]LogCollectionManager: Rebuilt the GUID cache for 0 collections in 0.000002 seconds
[2015.10.24-20.03.01:388][  0]LogContentBrowser: Native class hierarchy updated for 'WidgetCarousel' in 0.0002 seconds. Added 0 classes and 0 folders.
[2015.10.24-20.03.01:415][  0]LogContentBrowser: Native class hierarchy updated for 'AddContentDialog' in 0.0003 seconds. Added 0 classes and 0 folders.
[2015.10.24-20.03.01:418][  0]LogContentBrowser: Native class hierarchy updated for 'SceneOutliner' in 0.0004 seconds. Added 1 classes and 2 folders.
[2015.10.24-20.03.01:442][  0]LogCrashTracker: Crashtracker disabled due to settings.
[2015.10.24-20.03.01:445][  0]LogUObjectGlobals:Warning: Failed to find object 'Class None.'
[2015.10.24-20.03.01:467][  0]LogLoad: Full Startup: 6.83 seconds (BP compile: 0.80 seconds)
[2015.10.24-20.03.01:476][  0]LoadErrors:Error: Error /Game/SSA/Blueprints/Player : Failed import for Player_C /Game/SSA/Blueprints/Player/Player.Default__Player_C
[2015.10.24-20.03.01:476][  0]LoadErrors:Error: Error /Game/SSA/Blueprints/Player_Human : Failed import for Player_Human_C /Game/SSA/Blueprints/Player/Player_Human.Default__Player_Human_C [redirection] in /Game/SSA/Blueprints/Player_Human
[2015.10.24-20.03.01:527][  0]LogContentStreaming: Texture pool size now 1000 MB
[2015.10.24-20.03.01:637][  0]LogRenderer: Reallocating scene render targets to support 1208x584 (Frame:2).
[2015.10.24-20.03.02:088][ 12]LogAssetRegistry: Asset discovery search completed in 4.2790 seconds
[2015.10.24-20.03.02:088][ 12]LogCollectionManager: Rebuilt the object cache for 0 collections in 0.000001 seconds (found 0 objects)
[2015.10.24-20.03.02:088][ 12]LogCollectionManager: Fixed up redirectors for 0 collections in 0.000018 seconds (updated 0 objects)
[2015.10.24-20.03.04:581][275]LogAIModule: Creating AISystem for world Ship_Selection
[2015.10.24-20.03.04:584][275]LogActorComponent: UnregisterComponent: (/Engine/Transient.CharMoveComp) Not registered. Aborting.
[2015.10.24-20.03.04:584][275]LogActorComponent: UnregisterComponent: (/Engine/Transient.CharacterMovementComponent_0) Not registered. Aborting.
[2015.10.24-20.03.04:592][275]LogThreadingWindows:Error: Runnable thread TaskGraphThread 0 crashed.
[2015.10.24-20.03.04:592][275]LogCrashTracker: 


[2015.10.24-20.03.04:592][275]LogWindows: === Critical error: ===
Fatal error!


Crash in runnable thread TaskGraphThread 0

[2015.10.24-20.03.04:764][275]LogCrashTracker: 


[2015.10.24-20.03.04:764][275]LogThreadingWindows:Error: Runnable thread TaskGraphThread 2 crashed.
[2015.10.24-20.03.04:764][275]LogWindows:Error: HandleError re-entered.
[2015.10.24-20.03.04:764][275]LogWindows: FPlatformMisc::RequestExit(1)
[2015.10.24-20.03.04:764][275]Log file closed, 10/24/15 16:03:04
