[2015.09.21-21.16.57:621][  0]Log file open, 09/21/15 17:16:57
[2015.09.21-21.16.57:621][  0]LogInit:Display: Running engine for game: SuperSpaceArmada
[2015.09.21-21.16.57:621][  0]LogInit:Display: RandInit(-567673229) SRandInit(-567673229).
[2015.09.21-21.16.57:621][  0]LogTaskGraph: Started task graph with 4 named threads and 5 total threads.
[2015.09.21-21.16.57:621][  0]LogStats: Stats thread started at 0.066934
[2015.09.21-21.16.57:621][  0]LogInit: Version: 4.9.0-2672455+++depot+UE4-Releases+4.9
[2015.09.21-21.16.57:621][  0]LogInit: API Version: 2672455
[2015.09.21-21.16.57:621][  0]LogInit: Compiled (64-bit): Aug 28 2015 12:33:01
[2015.09.21-21.16.57:621][  0]LogInit: Compiled with Visual C++: 18.00.21005.01
[2015.09.21-21.16.57:621][  0]LogInit: Build Configuration: Development
[2015.09.21-21.16.57:621][  0]LogInit: Branch Name: ++depot+UE4-Releases+4.9
[2015.09.21-21.16.57:621][  0]LogInit: Command line:  
[2015.09.21-21.16.57:621][  0]LogInit: Base directory: C:/Program Files/Epic Games/4.9/Engine/Binaries/Win64/
[2015.09.21-21.16.57:621][  0]LogInit: Rocket: 1
[2015.09.21-21.16.57:621][  0]LogInit: Using libcurl 7.41.0
[2015.09.21-21.16.57:621][  0]LogInit:  - built for x86_64-pc-win32
[2015.09.21-21.16.57:621][  0]LogInit:  - supports SSL with WinSSL
[2015.09.21-21.16.57:621][  0]LogInit:  - other features:
[2015.09.21-21.16.57:621][  0]LogInit:      CURL_VERSION_SSL
[2015.09.21-21.16.57:621][  0]LogInit:      CURL_VERSION_IPV6
[2015.09.21-21.16.57:621][  0]LogInit:      CURL_VERSION_ASYNCHDNS
[2015.09.21-21.16.57:621][  0]LogInit:      CURL_VERSION_LARGEFILE
[2015.09.21-21.16.57:621][  0]LogInit:      CURL_VERSION_IDN
[2015.09.21-21.16.57:621][  0]LogInit:  CurlRequestOptions (configurable via config and command line):
[2015.09.21-21.16.57:621][  0]LogInit:  - bVerifyPeer = true  - Libcurl will verify peer certificate
[2015.09.21-21.16.57:621][  0]LogInit:  - bUseHttpProxy = false  - Libcurl will NOT use HTTP proxy
[2015.09.21-21.16.57:621][  0]LogInit:  - bDontReuseConnections = false  - Libcurl will reuse connections
[2015.09.21-21.16.57:621][  0]LogInit:  - CertBundlePath = nullptr  - Libcurl will use whatever was configured at build time.
[2015.09.21-21.16.57:637][  0]LogInit: Presizing for 0 objects not considered by GC, pre-allocating 0 bytes.
[2015.09.21-21.16.57:637][  0]LogInit: Object subsystem initialized
[2015.09.21-21.16.57:637][  0]LogInit: Selected Device Profile: [Windows]
[2015.09.21-21.16.57:637][  0]LogInit: Applying CVar settings loaded from the selected device profile: [Windows]
[2015.09.21-21.16.57:657][  0]LogInit: Computer: PERSONAL-PC
[2015.09.21-21.16.57:657][  0]LogInit: User: MEnrique
[2015.09.21-21.16.57:657][  0]LogInit: CPU Page size=4096, Cores=2
[2015.09.21-21.16.57:657][  0]LogInit: High frequency timer resolution =2.338345 MHz
[2015.09.21-21.16.57:657][  0]LogMemory: Memory total: Physical=15.9GB (16GB approx)
[2015.09.21-21.16.57:657][  0]LogMemory: Platform Memory Stats for Windows
[2015.09.21-21.16.57:657][  0]LogMemory: Process Physical Memory: 52.54 MB used, 52.54 MB peak
[2015.09.21-21.16.57:657][  0]LogMemory: Process Virtual Memory: 54.90 MB used, 54.90 MB peak
[2015.09.21-21.16.57:657][  0]LogMemory: Physical Memory: 3781.27 MB used, 16299.39 MB total
[2015.09.21-21.16.57:657][  0]LogMemory: Virtual Memory: 349.34 MB used, 134217728.00 MB total
[2015.09.21-21.16.57:691][  0]LogTextLocalizationManager: No specific translations for ('en-US') exist, so ('en') translations will be used.
[2015.09.21-21.16.58:721][  0]LogD3D11RHI: Found D3D11 adapter 0: NVIDIA GeForce 940M          (Feature Level 11_0)
[2015.09.21-21.16.58:721][  0]LogD3D11RHI: Adapter has 1972MB of dedicated video memory, 0MB of dedicated system memory, and 2048MB of shared system memory, 1 output[s]
[2015.09.21-21.16.58:731][  0]LogD3D11RHI: Found D3D11 adapter 1: Intel(R) HD Graphics 5500 (Feature Level 11_0)
[2015.09.21-21.16.58:731][  0]LogD3D11RHI: Adapter has 0MB of dedicated video memory, 0MB of dedicated system memory, and 3839MB of shared system memory, 0 output[s]
[2015.09.21-21.16.58:733][  0]LogD3D11RHI: Found D3D11 adapter 2: Microsoft Basic Render Driver (Feature Level 11_0)
[2015.09.21-21.16.58:733][  0]LogD3D11RHI: Adapter has 0MB of dedicated video memory, 0MB of dedicated system memory, and 256MB of shared system memory, 0 output[s]
[2015.09.21-21.16.58:733][  0]LogD3D11RHI: Chosen D3D11 Adapter Id = 0
[2015.09.21-21.16.58:737][  0]LogD3D11RHI: !Direct3DDevice
[2015.09.21-21.16.58:737][  0]LogRHI: Texture pool is 1361 MB (70% of 1945 MB)
[2015.09.21-21.16.58:750][  0]LogD3D11RHI: Async texture creation enabled
[2015.09.21-21.16.58:769][  0]LogShaderCompilers: Guid format shader working directory is 15 characters bigger than the processId version (../../../../../../Users/MEnrique/Documents/GitHub/Game-Files/SuperSpaceArmada/Intermediate/Shaders/WorkingDirectory/3336/).
[2015.09.21-21.16.58:769][  0]LogShaderCompilers: Cleaned the shader compiler working directory '../../../../../../Users/MEnrique/Documents/GitHub/Game-Files/SuperSpaceArmada/Intermediate/Shaders/tmp/F8C692F04458FD512172ADA5A2703742/'.
[2015.09.21-21.16.58:769][  0]LogShaderCompilers:Display: Using Local Shader Compiler.
[2015.09.21-21.16.59:953][  0]LogTemp:Display: Loaded TP AllDesktopTargetPlatform
[2015.09.21-21.16.59:959][  0]LogTemp:Display: Loaded TP WindowsClientTargetPlatform
[2015.09.21-21.16.59:964][  0]LogTemp:Display: Loaded TP WindowsNoEditorTargetPlatform
[2015.09.21-21.16.59:970][  0]LogTemp:Display: Loaded TP WindowsServerTargetPlatform
[2015.09.21-21.16.59:976][  0]LogTemp:Display: Loaded TP WindowsTargetPlatform
[2015.09.21-21.16.59:980][  0]LogTemp:Display: Loaded TP AndroidTargetPlatform
[2015.09.21-21.16.59:983][  0]LogTemp:Display: Loaded TP Android_ASTCTargetPlatform
[2015.09.21-21.16.59:987][  0]LogTemp:Display: Loaded TP Android_ATCTargetPlatform
[2015.09.21-21.16.59:991][  0]LogTemp:Display: Loaded TP Android_DXTTargetPlatform
[2015.09.21-21.16.59:995][  0]LogTemp:Display: Loaded TP Android_ETC1TargetPlatform
[2015.09.21-21.16.59:999][  0]LogTemp:Display: Loaded TP Android_ETC2TargetPlatform
[2015.09.21-21.17.00:003][  0]LogTemp:Display: Loaded TP Android_PVRTCTargetPlatform
[2015.09.21-21.17.00:004][  0]LogTemp:Display: Loaded TP HTML5TargetPlatform
[2015.09.21-21.17.00:022][  0]LogTemp:Display: Loaded TP IOSTargetPlatform
[2015.09.21-21.17.00:026][  0]LogTemp:Display: Loaded TP LinuxNoEditorTargetPlatform
[2015.09.21-21.17.00:030][  0]LogTemp:Display: Loaded TP LinuxServerTargetPlatform
[2015.09.21-21.17.00:034][  0]LogTemp:Display: Loaded TP LinuxTargetPlatform
[2015.09.21-21.17.00:034][  0]LogTargetPlatformManager:Display: Building Assets For Windows
[2015.09.21-21.17.00:134][  0]LogDerivedDataCache:Display: Max Cache Size: 512 MB
[2015.09.21-21.17.00:186][  0]LogDerivedDataCache: Loaded boot cache 0.05s 41MB C:/Users/MEnrique/AppData/Local/UnrealEngine/4.9/DerivedDataCache/Boot.ddc.
[2015.09.21-21.17.00:186][  0]LogDerivedDataCache:Display: Loaded Boot cache: C:/Users/MEnrique/AppData/Local/UnrealEngine/4.9/DerivedDataCache/Boot.ddc
[2015.09.21-21.17.00:186][  0]LogDerivedDataCache: FDerivedDataBackendGraph:  Pak pak cache file ../../../../../../Users/MEnrique/Documents/GitHub/Game-Files/SuperSpaceArmada/DerivedDataCache/DDC.ddp not found, will not use a pak cache.
[2015.09.21-21.17.00:186][  0]LogDerivedDataCache: Unable to find inner node Pak for hierarchical cache Hierarchy.
[2015.09.21-21.17.00:186][  0]LogDerivedDataCache: FDerivedDataBackendGraph:  CompressedPak pak cache file ../../../../../../Users/MEnrique/Documents/GitHub/Game-Files/SuperSpaceArmada/DerivedDataCache/Compressed.ddp not found, will not use a pak cache.
[2015.09.21-21.17.00:186][  0]LogDerivedDataCache: Unable to find inner node CompressedPak for hierarchical cache Hierarchy.
[2015.09.21-21.17.00:337][  0]LogDerivedDataCache:Display: Pak cache opened for reading ../../../Engine/DerivedDataCache/Compressed.ddp.
[2015.09.21-21.17.00:349][  0]LogDerivedDataCache: Using Local data cache path C:/Users/MEnrique/AppData/Local/UnrealEngine/Common/DerivedDataCache: Writable
[2015.09.21-21.17.00:541][  0]LogInit: Selected Device Profile: [Windows]
[2015.09.21-21.17.00:544][  0]LogContentStreaming: Texture pool size is 0.000000MB
[2015.09.21-21.17.00:681][  0]LogMeshUtilities: No automatic mesh reduction module available
[2015.09.21-21.17.00:681][  0]LogMeshUtilities: No automatic mesh merging module available
[2015.09.21-21.17.00:985][  0]LogInit: WinSock: version 1.1 (2.2), MaxSocks=32767, MaxUdp=65467
[2015.09.21-21.17.01:773][  0]LogAssetRegistry: FAssetRegistry took 0.0107 seconds to start up
[2015.09.21-21.17.01:791][  0]UdpMessaging: Initializing bridge on interface 0.0.0.0:0 to multicast group 230.0.0.1:6666.
[2015.09.21-21.17.01:792][  0]FUdpSocketBuilder: Failed to create the socket UdpMessageMulticastSocket as configured
[2015.09.21-21.17.01:792][  0]UdpMessageTransport.StartTransport: Failed to create multicast socket on 0.0.0.0:0, joined to 230.0.0.1:6666 with TTL 1
[2015.09.21-21.17.02:063][  0]SourceControl: Info Source control is disabled
[2015.09.21-21.17.02:387][  0]LogLinker:Warning: Asset '../../../Engine/Plugins/Runtime/LeapMotionController/Content/LM_PassthroughMaterial.uasset' has been saved with empty engine version. The asset will be loaded but may be incompatible.
[2015.09.21-21.17.02:484][  0]LogObj: 28528 objects as part of root set at end of initial load.
[2015.09.21-21.17.02:484][  0]LogUObjectAllocator: 6068456 out of 0 bytes used by permanent object pool.
[2015.09.21-21.17.02:544][  0]LogEngine: Initializing Engine...
[2015.09.21-21.17.02:546][  0]LogHMD: Can't find Oculus library dev build: is proper Runtime installed? Version: 0.6.0.0
[2015.09.21-21.17.02:547][  0]LogHMD: SteamVR failed to initialize.  Err: 110
[2015.09.21-21.17.02:688][  0]LogAIModule: Creating AISystem for world NewWorld
[2015.09.21-21.17.02:692][  0]LogInit: XAudio2 using 'Speaker/HP (Realtek High Definition Audio)' : 2 channels at 48 kHz using 32 bits per sample (channel mask 0x3)
[2015.09.21-21.17.02:985][  0]LogInit: FAudioDevice initialized.
[2015.09.21-21.17.03:007][  0]LogDerivedDataCache: Saved boot cache 0.02s 41MB C:/Users/MEnrique/AppData/Local/UnrealEngine/4.9/DerivedDataCache/Boot.ddc.
[2015.09.21-21.17.03:011][  0]LogInit: Texture streaming: Enabled
[2015.09.21-21.17.03:018][  0]LogAnalytics: Creating configured Analytics provider AnalyticsET
[2015.09.21-21.17.03:018][  0]LogAnalytics: [UEEditor.Rocket.Release] APIServer = http://et2.epicgames.com/ET2/. AppVersion = 4.9.0-2672455+++depot+UE4-Releases+4.9
[2015.09.21-21.17.03:018][  0]LogAnalytics: [UEEditor.Rocket.Release] SetUserId 90a4bcb3439f64e419d9378050b206b3|656f284bf5d54f8f9452234d119bf9d4|9a3458ae-8410-4c63-b423-f9054b45c157
[2015.09.21-21.17.03:018][  0]LogAnalytics: [UEEditor.Rocket.Release] AnalyticsET::StartSession
[2015.09.21-21.17.03:031][  0]LogWindowsTextInputMethodSystem:Display: IME system now deactivated.
[2015.09.21-21.17.03:032][  0]LogWindowsTextInputMethodSystem:Display: IME system now deactivated.
[2015.09.21-21.17.03:053][  0]LogInit: Transaction tracking system initialized
[2015.09.21-21.17.03:110][  0]BlueprintLog: New page: Editor Load
[2015.09.21-21.17.03:218][  0]LocalizationService: Info Localization service is disabled
[2015.09.21-21.17.03:307][  0]LogConsoleResponse:Display: 
[2015.09.21-21.17.03:461][  0]LogCook:Display: Done creating registry. It took  0.00s.
[2015.09.21-21.17.03:581][  0]LogFileCache: Scanning file cache for directory 'C:/Users/MEnrique/Documents/GitHub/Game-Files/SuperSpaceArmada/Content/' took 0.02s
[2015.09.21-21.17.03:581][  0]Cmd: MAP LOAD FILE="../../../../../../Users/MEnrique/Documents/GitHub/Game-Files/SuperSpaceArmada/Content/TopDownBP/Maps/TopDownExampleMap.umap" TEMPLATE=0 SHOWPROGRESS=1 FEATURELEVEL=3
[2015.09.21-21.17.03:581][  0]LogEditorServer:Warning: Can't find file '../../../../../../Users/MEnrique/Documents/GitHub/Game-Files/SuperSpaceArmada/Content/TopDownBP/Maps/TopDownExampleMap.umap'
[2015.09.21-21.17.03:581][  0]Cmd: MAP CHECKDEP NOCLEARLOG
[2015.09.21-21.17.03:623][  0]MapCheck: Info Map check complete: 0 Error(s), 0 Warning(s), took 42.179ms to complete.
[2015.09.21-21.17.03:623][  0]LogFileHelpers: Loading map 'TopDownExampleMap' took 0.043
[2015.09.21-21.17.03:767][  0]LogCollectionManager: Loaded 0 collections in 0.003492 seconds
[2015.09.21-21.17.03:812][  0]LogFileCache: Scanning file cache for directory 'C:/Users/MEnrique/Documents/GitHub/Game-Files/SuperSpaceArmada/Saved/Collections/' took 0.01s
[2015.09.21-21.17.03:812][  0]LogFileCache: Scanning file cache for directory 'C:/Users/MEnrique/Documents/GitHub/Game-Files/SuperSpaceArmada/Content/Developers/MEnrique/Collections/' took 0.01s
[2015.09.21-21.17.03:812][  0]LogFileCache: Scanning file cache for directory 'C:/Users/MEnrique/Documents/GitHub/Game-Files/SuperSpaceArmada/Content/Collections/' took 0.01s
[2015.09.21-21.17.03:812][  0]LogContentBrowser: Native class hierarchy populated in 0.0106 seconds. Added 1882 classes and 339 folders.
[2015.09.21-21.17.03:817][  0]LogCollectionManager: Rebuilt the GUID cache for 0 collections in 0.000003 seconds
[2015.09.21-21.17.03:824][  0]LogContentBrowser: Native class hierarchy updated for 'WidgetCarousel' in 0.0003 seconds. Added 0 classes and 0 folders.
[2015.09.21-21.17.03:868][  0]LogContentBrowser: Native class hierarchy updated for 'AddContentDialog' in 0.0005 seconds. Added 0 classes and 0 folders.
[2015.09.21-21.17.03:872][  0]LogContentBrowser: Native class hierarchy updated for 'SceneOutliner' in 0.0003 seconds. Added 1 classes and 2 folders.
[2015.09.21-21.17.03:940][  0]LogCrashTracker: Crashtracker disabled due to settings.
[2015.09.21-21.17.03:945][  0]LogUObjectGlobals:Warning: Failed to find object 'Class None.'
[2015.09.21-21.17.03:969][  0]LogLoad: Full Startup: 6.91 seconds (BP compile: 0.00 seconds)
[2015.09.21-21.17.04:036][  0]SourceControl: Info On branch master
[2015.09.21-21.17.04:036][  0]SourceControl: Info Your branch is up-to-date with 'origin/master'.
[2015.09.21-21.17.04:036][  0]SourceControl: Info Changes not staged for commit:
[2015.09.21-21.17.04:036][  0]SourceControl: Info   (use "git add <file>..." to update what will be committed)
[2015.09.21-21.17.04:036][  0]SourceControl: Info   (use "git checkout -- <file>..." to discard changes in working directory)
[2015.09.21-21.17.04:036][  0]SourceControl: Info 	modified:   SuperSpaceArmada/Intermediate/CachedAssetRegistry.bin
[2015.09.21-21.17.04:036][  0]SourceControl: Info 	modified:   SuperSpaceArmada/Intermediate/Config/CoalescedSourceConfigs/Engine.ini
[2015.09.21-21.17.04:037][  0]SourceControl: Info 	modified:   SuperSpaceArmada/Intermediate/Config/CoalescedSourceConfigs/Game.ini
[2015.09.21-21.17.04:037][  0]SourceControl: Info 	modified:   SuperSpaceArmada/Saved/Config/Windows/EditorPerProjectUserSettings.ini
[2015.09.21-21.17.04:037][  0]SourceControl: Info 	modified:   SuperSpaceArmada/Saved/Config/Windows/Engine.ini
[2015.09.21-21.17.04:037][  0]SourceControl: Info 	modified:   SuperSpaceArmada/Saved/Logs/SuperSpaceArmada.log
[2015.09.21-21.17.04:037][  0]SourceControl: Info no changes added to commit (use "git add" and/or "git commit -a")
[2015.09.21-21.17.04:037][  0]LogContentStreaming: Texture pool size now 400 MB
[2015.09.21-21.17.04:172][  0]LogRenderer: Reallocating scene render targets to support 1208x576 (Frame:2).
[2015.09.21-21.17.04:390][  3]LogAssetRegistry: Asset discovery search completed in 2.6287 seconds
[2015.09.21-21.17.04:390][  3]LogCollectionManager: Rebuilt the object cache for 0 collections in 0.000000 seconds (found 0 objects)
[2015.09.21-21.17.04:391][  3]LogCollectionManager: Fixed up redirectors for 0 collections in 0.000030 seconds (updated 0 objects)
[2015.09.21-21.17.05:041][ 39]LogLinker:Warning: Asset '../../../../../../Users/MEnrique/Documents/GitHub/Game-Files/SuperSpaceArmada/Content/Mannequin/Animations/ThirdPerson_AnimBP.uasset' has been saved with empty engine version. The asset will be loaded but may be incompatible.
[2015.09.21-21.17.05:044][ 39]LogLinker:Warning: Asset '../../../../../../Users/MEnrique/Documents/GitHub/Game-Files/SuperSpaceArmada/Content/Mannequin/Animations/ThirdPerson_Jump.uasset' has been saved with empty engine version. The asset will be loaded but may be incompatible.
[2015.09.21-21.17.05:046][ 39]LogLinker:Warning: Asset '../../../../../../Users/MEnrique/Documents/GitHub/Game-Files/SuperSpaceArmada/Content/Mannequin/Animations/ThirdPersonJump_Loop.uasset' has been saved with empty engine version. The asset will be loaded but may be incompatible.
[2015.09.21-21.17.05:048][ 39]LogLinker:Warning: Asset '../../../../../../Users/MEnrique/Documents/GitHub/Game-Files/SuperSpaceArmada/Content/Mannequin/Animations/ThirdPersonJump_Start.uasset' has been saved with empty engine version. The asset will be loaded but may be incompatible.
[2015.09.21-21.17.05:050][ 39]LogLinker:Warning: Asset '../../../../../../Users/MEnrique/Documents/GitHub/Game-Files/SuperSpaceArmada/Content/Mannequin/Animations/ThirdPerson_IdleRun_2D.uasset' has been saved with empty engine version. The asset will be loaded but may be incompatible.
[2015.09.21-21.17.05:051][ 39]LogLinker:Warning: Asset '../../../../../../Users/MEnrique/Documents/GitHub/Game-Files/SuperSpaceArmada/Content/Mannequin/Animations/ThirdPersonIdle.uasset' has been saved with empty engine version. The asset will be loaded but may be incompatible.
[2015.09.21-21.17.05:053][ 39]LogLinker:Warning: Asset '../../../../../../Users/MEnrique/Documents/GitHub/Game-Files/SuperSpaceArmada/Content/Mannequin/Animations/ThirdPersonRun.uasset' has been saved with empty engine version. The asset will be loaded but may be incompatible.
[2015.09.21-21.17.05:055][ 39]LogLinker:Warning: Asset '../../../../../../Users/MEnrique/Documents/GitHub/Game-Files/SuperSpaceArmada/Content/Mannequin/Animations/ThirdPersonWalk.uasset' has been saved with empty engine version. The asset will be loaded but may be incompatible.
[2015.09.21-21.17.06:042][ 39]LogLinker:Warning: Asset '../../../Engine/Content/ArtTools/RenderToTexture/Macros/RenderToTextureMacros.uasset' has been saved with empty engine version. The asset will be loaded but may be incompatible.
[2015.09.21-21.17.06:869][ 39]LogContentBrowser: Native class hierarchy updated for 'BlueprintGraph' in 0.0013 seconds. Added 107 classes and 0 folders.
[2015.09.21-21.17.14:776][279]LogPlayLevel: PlayLevel: No blueprints needed recompiling
[2015.09.21-21.17.14:776][279]PIE: New page: PIE session: Untitled_0 (Sep 21, 2015, 1:17:14 PM)
[2015.09.21-21.17.14:776][279]LogPlayLevel: Creating play world package: /Temp/UEDPIE_0_Untitled_0
[2015.09.21-21.17.14:777][279]LogPlayLevel: PIE: StaticDuplicateObject took: (0.000618s)
[2015.09.21-21.17.14:777][279]LogAIModule: Creating AISystem for world NewWorld
[2015.09.21-21.17.14:778][279]LogPlayLevel: PIE: World Init took: (0.001200s)
[2015.09.21-21.17.14:778][279]LogPlayLevel: PIE: Created PIE world by copying editor world from /Temp/Untitled_0.NewWorld to /Temp/UEDPIE_0_Untitled_0.NewWorld (0.002092s)
[2015.09.21-21.17.14:842][279]LogInit: XAudio2 using 'Speaker/HP (Realtek High Definition Audio)' : 2 channels at 48 kHz using 32 bits per sample (channel mask 0x3)
[2015.09.21-21.17.14:850][279]LogInit: FAudioDevice initialized.
[2015.09.21-21.17.14:902][279]LogLinker:Warning: Can't find file '/Game/TopDownBP/Blueprints/TopDownGameMode'
[2015.09.21-21.17.14:902][279]LogLinker:Warning: Can't find file '/Game/TopDownBP/Blueprints/TopDownGameMode'
[2015.09.21-21.17.14:902][279]LogUObjectGlobals:Warning: Failed to find object 'Class /Game/TopDownBP/Blueprints/TopDownGameMode.TopDownGameMode_C'
[2015.09.21-21.17.14:902][279]LogWorld: Game class is 'GameMode'
[2015.09.21-21.17.14:903][279]LogWorld: Bringing World /Temp/UEDPIE_0_Untitled_0.NewWorld up for play (max tick rate 60) at 2015.09.21-17.17.14
[2015.09.21-21.17.14:903][279]LogActor:Warning: GameSession /Temp/UEDPIE_0_Untitled_0.NewWorld:PersistentLevel.GameSession_0 has natively added scene component(s), but none of them were set as the actor's RootComponent - picking one arbitrarily
[2015.09.21-21.17.14:903][279]LogActor:Warning: GameNetworkManager /Temp/UEDPIE_0_Untitled_0.NewWorld:PersistentLevel.GameNetworkManager_0 has natively added scene component(s), but none of them were set as the actor's RootComponent - picking one arbitrarily
[2015.09.21-21.17.14:904][279]LogWorld: Bringing up level for play took: 0.000937
[2015.09.21-21.17.14:938][279]PIE: Info Play in editor start time for /Temp/UEDPIE_0_Untitled_0 -0.798
[2015.09.21-21.17.16:901][383]LogParticles: Destroying 0 GPU particle simulations for FXSystem 0x0000000A87CEA520
[2015.09.21-21.17.18:155][449]LogAIModule: Creating AISystem for world Menu
[2015.09.21-21.17.18:214][449]Cmd: MAP LOAD FILE="../../../../../../Users/MEnrique/Documents/GitHub/Game-Files/SuperSpaceArmada/Content/SSA/Maps/Menu.umap" TEMPLATE=0 SHOWPROGRESS=1 FEATURELEVEL=3
[2015.09.21-21.17.18:214][449]LightingResults: New page: Lighting Build
[2015.09.21-21.17.18:218][449]LogContentBrowser: Native class hierarchy updated for 'StatsViewer' in 0.0004 seconds. Added 5 classes and 0 folders.
[2015.09.21-21.17.18:240][449]LoadErrors: New page: Loading map: Menu.umap
[2015.09.21-21.17.18:240][449]MapCheck: New page: Map Check
[2015.09.21-21.17.18:241][449]LightingResults: New page: Lighting Build
[2015.09.21-21.17.18:279][449]LogParticles: Destroying 0 GPU particle simulations for FXSystem 0x0000000AF5311620
[2015.09.21-21.17.18:369][449]LogEditorServer: Finished looking for orphan Actors (0.000 secs)
[2015.09.21-21.17.18:438][449]Cmd: MAP CHECKDEP NOCLEARLOG
[2015.09.21-21.17.18:507][449]MapCheck: Info Map check complete: 0 Error(s), 0 Warning(s), took 69.347ms to complete.
[2015.09.21-21.17.18:507][449]LogFileHelpers: Loading map 'Menu' took 0.294
[2015.09.21-21.17.20:245][548]LogPlayLevel: PlayLevel: No blueprints needed recompiling
[2015.09.21-21.17.20:245][548]PIE: New page: PIE session: Menu (Sep 21, 2015, 1:17:20 PM)
[2015.09.21-21.17.20:246][548]LogPlayLevel: Creating play world package: /Game/SSA/Maps/UEDPIE_0_Menu
[2015.09.21-21.17.20:248][548]LogPlayLevel: PIE: StaticDuplicateObject took: (0.002073s)
[2015.09.21-21.17.20:248][548]LogAIModule: Creating AISystem for world Menu
[2015.09.21-21.17.20:248][548]LogPlayLevel: PIE: World Init took: (0.000636s)
[2015.09.21-21.17.20:248][548]LogPlayLevel: PIE: Created PIE world by copying editor world from /Game/SSA/Maps/Menu.Menu to /Game/SSA/Maps/UEDPIE_0_Menu.Menu (0.002913s)
[2015.09.21-21.17.20:297][548]LogInit: XAudio2 using 'Speaker/HP (Realtek High Definition Audio)' : 2 channels at 48 kHz using 32 bits per sample (channel mask 0x3)
[2015.09.21-21.17.20:303][548]LogInit: FAudioDevice initialized.
[2015.09.21-21.17.20:341][548]LogWorld: Game class is 'TopDownGameMode_C'
[2015.09.21-21.17.20:342][548]LogWorld: Bringing World /Game/SSA/Maps/UEDPIE_0_Menu.Menu up for play (max tick rate 60) at 2015.09.21-17.17.20
[2015.09.21-21.17.20:342][548]LogActor:Warning: GameSession /Game/SSA/Maps/UEDPIE_0_Menu.Menu:PersistentLevel.GameSession_1 has natively added scene component(s), but none of them were set as the actor's RootComponent - picking one arbitrarily
[2015.09.21-21.17.20:342][548]LogActor:Warning: GameNetworkManager /Game/SSA/Maps/UEDPIE_0_Menu.Menu:PersistentLevel.GameNetworkManager_1 has natively added scene component(s), but none of them were set as the actor's RootComponent - picking one arbitrarily
[2015.09.21-21.17.20:342][548]LogWorld: Bringing up level for play took: 0.000839
[2015.09.21-21.17.20:370][548]PIE: Info Play in editor start time for /Game/SSA/Maps/UEDPIE_0_Menu 0.635
[2015.09.21-21.17.22:348][663]LogBlueprintUserMessages: [MainMenu_C_2] 1
[2015.09.21-21.17.22:348][663]LogBlueprintUserMessages: [MainMenu_C_2] No More PP
[2015.09.21-21.17.22:911][692]LogPackageName: SearchForPackageOnDisk took   0.073s to resolve PrototypeLevel.umap.
[2015.09.21-21.17.22:983][693]LogPackageName: SearchForPackageOnDisk took   0.061s to resolve PrototypeLevel.umap.
[2015.09.21-21.17.22:983][693]LogNet: Browse: /Game/SSA/Maps/PrototypeLevel
[2015.09.21-21.17.22:983][693]LogLoad: LoadMap: /Game/SSA/Maps/PrototypeLevel
[2015.09.21-21.17.23:026][693]LogParticles: Destroying 0 GPU particle simulations for FXSystem 0x0000000AEE2B4680
[2015.09.21-21.17.23:026][693]Cmd: MEM
[2015.09.21-21.17.23:072][693]LogMemory: Platform Memory Stats for Windows
[2015.09.21-21.17.23:072][693]LogMemory: Process Physical Memory: 728.80 MB used, 728.80 MB peak
[2015.09.21-21.17.23:072][693]LogMemory: Process Virtual Memory: 641.34 MB used, 642.34 MB peak
[2015.09.21-21.17.23:072][693]LogMemory: Physical Memory: 4551.27 MB used, 16299.39 MB total
[2015.09.21-21.17.23:072][693]LogMemory: Virtual Memory: 1296.10 MB used, 134217728.00 MB total
[2015.09.21-21.17.23:072][693]LogMemory: 
[2015.09.21-21.17.23:072][693]Allocator Stats for TBB: (not implemented)
[2015.09.21-21.17.23:330][693]LogLinker:Warning: Asset '../../../../../../Users/MEnrique/Documents/GitHub/Game-Files/SuperSpaceArmada/Content/SSA/Blueprints/Objects/Debris.uasset' has been saved with engine version newer than current and therefore can't be loaded. CurrEngineVersion: 4.9.0-2672455+++depot+UE4-Releases+4.9 AssetEngineVersion: 4.9.1-2672455+++depot+UE4-Releases+4.9
[2015.09.21-21.17.23:330][693]LogLinker:Warning: Asset '../../../../../../Users/MEnrique/Documents/GitHub/Game-Files/SuperSpaceArmada/Content/SSA/Blueprints/Objects/Debris.uasset' has been saved with engine version newer than current and therefore can't be loaded. CurrEngineVersion: 4.9.0-2672455+++depot+UE4-Releases+4.9 AssetEngineVersion: 4.9.1-2672455+++depot+UE4-Releases+4.9
[2015.09.21-21.17.23:333][693]LogLinker:Warning: Asset '../../../../../../Users/MEnrique/Documents/GitHub/Game-Files/SuperSpaceArmada/Content/SSA/Blueprints/Objects/Debris.uasset' has been saved with engine version newer than current and therefore can't be loaded. CurrEngineVersion: 4.9.0-2672455+++depot+UE4-Releases+4.9 AssetEngineVersion: 4.9.1-2672455+++depot+UE4-Releases+4.9
[2015.09.21-21.17.23:333][693]LogLinker:Warning: Asset '../../../../../../Users/MEnrique/Documents/GitHub/Game-Files/SuperSpaceArmada/Content/SSA/Blueprints/Objects/Debris.uasset' has been saved with engine version newer than current and therefore can't be loaded. CurrEngineVersion: 4.9.0-2672455+++depot+UE4-Releases+4.9 AssetEngineVersion: 4.9.1-2672455+++depot+UE4-Releases+4.9
[2015.09.21-21.17.23:335][693]LogLinker:Warning: Asset '../../../../../../Users/MEnrique/Documents/GitHub/Game-Files/SuperSpaceArmada/Content/SSA/Blueprints/Objects/Debris.uasset' has been saved with engine version newer than current and therefore can't be loaded. CurrEngineVersion: 4.9.0-2672455+++depot+UE4-Releases+4.9 AssetEngineVersion: 4.9.1-2672455+++depot+UE4-Releases+4.9
[2015.09.21-21.17.23:335][693]LogLinker:Warning: Asset '../../../../../../Users/MEnrique/Documents/GitHub/Game-Files/SuperSpaceArmada/Content/SSA/Blueprints/Objects/Debris.uasset' has been saved with engine version newer than current and therefore can't be loaded. CurrEngineVersion: 4.9.0-2672455+++depot+UE4-Releases+4.9 AssetEngineVersion: 4.9.1-2672455+++depot+UE4-Releases+4.9
[2015.09.21-21.17.23:336][693]LogLinker:Warning: Asset '../../../../../../Users/MEnrique/Documents/GitHub/Game-Files/SuperSpaceArmada/Content/SSA/Blueprints/Objects/Debris.uasset' has been saved with engine version newer than current and therefore can't be loaded. CurrEngineVersion: 4.9.0-2672455+++depot+UE4-Releases+4.9 AssetEngineVersion: 4.9.1-2672455+++depot+UE4-Releases+4.9
[2015.09.21-21.17.23:336][693]LogLinker:Warning: Asset '../../../../../../Users/MEnrique/Documents/GitHub/Game-Files/SuperSpaceArmada/Content/SSA/Blueprints/Objects/Debris.uasset' has been saved with engine version newer than current and therefore can't be loaded. CurrEngineVersion: 4.9.0-2672455+++depot+UE4-Releases+4.9 AssetEngineVersion: 4.9.1-2672455+++depot+UE4-Releases+4.9
[2015.09.21-21.17.23:336][693]LogLinker:Warning: Asset '../../../../../../Users/MEnrique/Documents/GitHub/Game-Files/SuperSpaceArmada/Content/SSA/Blueprints/Objects/Debris.uasset' has been saved with engine version newer than current and therefore can't be loaded. CurrEngineVersion: 4.9.0-2672455+++depot+UE4-Releases+4.9 AssetEngineVersion: 4.9.1-2672455+++depot+UE4-Releases+4.9
[2015.09.21-21.17.23:336][693]LogLinker:Warning: Asset '../../../../../../Users/MEnrique/Documents/GitHub/Game-Files/SuperSpaceArmada/Content/SSA/Blueprints/Objects/Debris.uasset' has been saved with engine version newer than current and therefore can't be loaded. CurrEngineVersion: 4.9.0-2672455+++depot+UE4-Releases+4.9 AssetEngineVersion: 4.9.1-2672455+++depot+UE4-Releases+4.9
[2015.09.21-21.17.23:338][693]LogLinker:Warning: Asset '../../../../../../Users/MEnrique/Documents/GitHub/Game-Files/SuperSpaceArmada/Content/SSA/Blueprints/Objects/Debris.uasset' has been saved with engine version newer than current and therefore can't be loaded. CurrEngineVersion: 4.9.0-2672455+++depot+UE4-Releases+4.9 AssetEngineVersion: 4.9.1-2672455+++depot+UE4-Releases+4.9
[2015.09.21-21.17.23:338][693]LogLinker:Warning: Asset '../../../../../../Users/MEnrique/Documents/GitHub/Game-Files/SuperSpaceArmada/Content/SSA/Blueprints/Objects/Debris.uasset' has been saved with engine version newer than current and therefore can't be loaded. CurrEngineVersion: 4.9.0-2672455+++depot+UE4-Releases+4.9 AssetEngineVersion: 4.9.1-2672455+++depot+UE4-Releases+4.9
[2015.09.21-21.17.23:339][693]LogLinker:Warning: Asset '../../../../../../Users/MEnrique/Documents/GitHub/Game-Files/SuperSpaceArmada/Content/SSA/Blueprints/Objects/Debris.uasset' has been saved with engine version newer than current and therefore can't be loaded. CurrEngineVersion: 4.9.0-2672455+++depot+UE4-Releases+4.9 AssetEngineVersion: 4.9.1-2672455+++depot+UE4-Releases+4.9
[2015.09.21-21.17.23:339][693]LogLinker:Warning: Asset '../../../../../../Users/MEnrique/Documents/GitHub/Game-Files/SuperSpaceArmada/Content/SSA/Blueprints/Objects/Debris.uasset' has been saved with engine version newer than current and therefore can't be loaded. CurrEngineVersion: 4.9.0-2672455+++depot+UE4-Releases+4.9 AssetEngineVersion: 4.9.1-2672455+++depot+UE4-Releases+4.9
[2015.09.21-21.17.23:345][693]LogBlueprint:Error: [compiler Debris_Spawner] Error Spawn node  SpawnActor NONE  must have a class specified.
[2015.09.21-21.17.23:348][693]LogBlueprint:Warning: [compiler Debris_Spawner] Warning [0026.29] Compile of Debris_Spawner failed. 1 Fatal Issue(s) 0 Warning(s) [in 4 ms]
[2015.09.21-21.17.23:348][693]LogBlueprint:Warning: [compiler Debris_Spawner] Warning [0026.29] Compile of Debris_Spawner failed. 1 Fatal Issue(s) 1 Warning(s) [in 0 ms]
[2015.09.21-21.17.23:348][693]LogBlueprint:Warning: [compiler Debris_Spawner] Warning [0026.29] Compile of Debris_Spawner failed. 1 Fatal Issue(s) 2 Warning(s) [in 0 ms]
[2015.09.21-21.17.23:811][693]LogAIModule: Creating AISystem for world PrototypeLevel
[2015.09.21-21.17.23:811][693]LogWorld: Game class is 'TopDownGameMode_C'
[2015.09.21-21.17.23:819][693]LogWorld:Warning: *** WARNING - PATHS MAY NOT BE VALID ***
[2015.09.21-21.17.23:819][693]LogWorld: Bringing World /Game/SSA/Maps/UEDPIE_0_PrototypeLevel.PrototypeLevel up for play (max tick rate 60) at 2015.09.21-17.17.23
[2015.09.21-21.17.23:819][693]LogActor:Warning: GameSession /Game/SSA/Maps/UEDPIE_0_PrototypeLevel.PrototypeLevel:PersistentLevel.GameSession_2 has natively added scene component(s), but none of them were set as the actor's RootComponent - picking one arbitrarily
[2015.09.21-21.17.23:820][693]LogActor:Warning: GameNetworkManager /Game/SSA/Maps/UEDPIE_0_PrototypeLevel.PrototypeLevel:PersistentLevel.GameNetworkManager_2 has natively added scene component(s), but none of them were set as the actor's RootComponent - picking one arbitrarily
[2015.09.21-21.17.23:821][693]LogWorld: Bringing up level for play took: 0.009086
[2015.09.21-21.17.28:673][948]LogParticles: Destroying 0 GPU particle simulations for FXSystem 0x0000000A8D809EE0
[2015.09.21-21.17.33:148][211]SourceControl: Info Source control is disabled
[2015.09.21-21.17.39:046][551]LogSavePackage: Save=64.630753ms
[2015.09.21-21.17.39:046][551]LogSavePackage: Moving '../../../../../../Users/MEnrique/Documents/GitHub/Game-Files/SuperSpaceArmada/Saved/Menu829BF51F4512C3F1169AA4B5E4100A3A.tmp' to '../../../../../../Users/MEnrique/Documents/GitHub/Game-Files/SuperSpaceArmada/Content/SSA/Maps/Menu.umap'
[2015.09.21-21.17.39:048][551]LogSavePackage: Total save time: 73.092721ms
[2015.09.21-21.17.39:048][551]LogSavePackage:Warning: Finished SavePackage ../../../../../../Users/MEnrique/Documents/GitHub/Game-Files/SuperSpaceArmada/Content/SSA/Maps/Menu.umap
[2015.09.21-21.17.49:206][149]LogPlayLevel: PlayLevel: No blueprints needed recompiling
[2015.09.21-21.18.03:589][801]BlueprintLog: New page: Compile Debris_Spawner
[2015.09.21-21.18.03:596][801]LogBlueprint:Error: [compiler Debris_Spawner] Error Spawn node  SpawnActor NONE  must have a class specified.
[2015.09.21-21.18.03:699][801]LogActorComponent: UnregisterComponent: (/Engine/Transient.CharMoveComp) Not registered. Aborting.
[2015.09.21-21.18.03:700][801]LogActorComponent: UnregisterComponent: (/Engine/Transient.CharacterMovementComponent_0) Not registered. Aborting.
[2015.09.21-21.18.03:748][801]LogBlueprint:Warning: [compiler Debris_Spawner] Warning [0066.69] Compile of Debris_Spawner failed. 1 Fatal Issue(s) 0 Warning(s) [in 159 ms]
[2015.09.21-21.18.03:748][801]BlueprintEditorCompileResults:Error: Error Spawn node  SpawnActor NONE  must have a class specified.
[2015.09.21-21.18.03:748][801]BlueprintEditorCompileResults:Warning: Warning [0066.69] Compile of Debris_Spawner failed. 1 Fatal Issue(s) 0 Warning(s) [in 159 ms]
[2015.09.21-21.18.12:221][269]LogSlate:Warning: Prevented a slow task dialog from being summoned while a context menu was open
[2015.09.21-21.18.12:227][269]LogLinker:Warning: Asset '../../../../../../Users/MEnrique/Documents/GitHub/Game-Files/SuperSpaceArmada/Content/SSA/Blueprints/Objects/Debris.uasset' has been saved with engine version newer than current and therefore can't be loaded. CurrEngineVersion: 4.9.0-2672455+++depot+UE4-Releases+4.9 AssetEngineVersion: 4.9.1-2672455+++depot+UE4-Releases+4.9
[2015.09.21-21.18.12:227][269]EditorErrors:Error: Error Package Load Failed
[2015.09.21-21.18.12:227][269]EditorErrors: Info /Game/SSA/Blueprints/Objects/Debris
[2015.09.21-21.18.20:513][683]LogSlate:Warning: Prevented a slow task dialog from being summoned while a context menu was open
[2015.09.21-21.18.20:521][683]LogLinker:Warning: Asset '../../../../../../Users/MEnrique/Documents/GitHub/Game-Files/SuperSpaceArmada/Content/SSA/Blueprints/Objects/Debris.uasset' has been saved with engine version newer than current and therefore can't be loaded. CurrEngineVersion: 4.9.0-2672455+++depot+UE4-Releases+4.9 AssetEngineVersion: 4.9.1-2672455+++depot+UE4-Releases+4.9
[2015.09.21-21.18.20:521][683]EditorErrors:Error: Error Package Load Failed
[2015.09.21-21.18.20:521][683]EditorErrors: Info /Game/SSA/Blueprints/Objects/Debris
[2015.09.21-21.18.44:274][880]LogSlate:Warning: Prevented a slow task dialog from being summoned while a context menu was open
[2015.09.21-21.18.44:277][880]LogLinker:Warning: Asset '../../../../../../Users/MEnrique/Documents/GitHub/Game-Files/SuperSpaceArmada/Content/SSA/Blueprints/Objects/Debris.uasset' has been saved with engine version newer than current and therefore can't be loaded. CurrEngineVersion: 4.9.0-2672455+++depot+UE4-Releases+4.9 AssetEngineVersion: 4.9.1-2672455+++depot+UE4-Releases+4.9
[2015.09.21-21.18.44:277][880]EditorErrors:Error: Error Package Load Failed
[2015.09.21-21.18.44:277][880]EditorErrors: Info /Game/SSA/Blueprints/Objects/Debris
[2015.09.21-21.18.46:474][973]BlueprintLog: New page: Compile Debris_Spawner
[2015.09.21-21.18.46:484][973]LogBlueprint:Error: [compiler Debris_Spawner] Error Spawn node  SpawnActor NONE  must have a class specified.
[2015.09.21-21.18.46:636][973]LogBlueprint:Warning: [compiler Debris_Spawner] Warning [0109.58] Compile of Debris_Spawner failed. 1 Fatal Issue(s) 0 Warning(s) [in 161 ms]
[2015.09.21-21.18.46:636][973]BlueprintEditorCompileResults:Error: Error Spawn node  SpawnActor NONE  must have a class specified.
[2015.09.21-21.18.46:636][973]BlueprintEditorCompileResults:Warning: Warning [0109.58] Compile of Debris_Spawner failed. 1 Fatal Issue(s) 0 Warning(s) [in 161 ms]
[2015.09.21-21.19.04:435][877]LogSlate:Warning: Prevented a slow task dialog from being summoned while a context menu was open
[2015.09.21-21.19.06:686][995]LogSlate:Warning: Prevented a slow task dialog from being summoned while a context menu was open
[2015.09.21-21.19.06:694][995]LogLinker:Warning: Asset '../../../../../../Users/MEnrique/Documents/GitHub/Game-Files/SuperSpaceArmada/Content/SSA/Blueprints/Objects/Debris.uasset' has been saved with engine version newer than current and therefore can't be loaded. CurrEngineVersion: 4.9.0-2672455+++depot+UE4-Releases+4.9 AssetEngineVersion: 4.9.1-2672455+++depot+UE4-Releases+4.9
[2015.09.21-21.19.06:694][995]EditorErrors:Error: Error Package Load Failed
[2015.09.21-21.19.06:694][995]EditorErrors: Info /Game/SSA/Blueprints/Objects/Debris
[2015.09.21-21.19.16:847][487]LogLinker:Warning: Asset '../../../../../../Users/MEnrique/Documents/GitHub/Game-Files/SuperSpaceArmada/Content/SSA/Blueprints/Objects/Debris.uasset' has been saved with engine version newer than current and therefore can't be loaded. CurrEngineVersion: 4.9.0-2672455+++depot+UE4-Releases+4.9 AssetEngineVersion: 4.9.1-2672455+++depot+UE4-Releases+4.9
[2015.09.21-21.19.16:848][487]LogUObjectGlobals:Warning: Failed to find object 'Object /Game/SSA/Blueprints/Objects/Debris.Debris'
[2015.09.21-21.19.21:840][758]LogEditorTransaction: Undo Move Node
[2015.09.21-21.19.22:459][777]LogEditorTransaction: Undo Add Node
[2015.09.21-21.19.22:909][802]LogEditorTransaction: Undo Delete current selection
[2015.09.21-21.19.26:403][975]LogLinker:Warning: Asset '../../../../../../Users/MEnrique/Documents/GitHub/Game-Files/SuperSpaceArmada/Content/SSA/Blueprints/Objects/Debris.uasset' has been saved with engine version newer than current and therefore can't be loaded. CurrEngineVersion: 4.9.0-2672455+++depot+UE4-Releases+4.9 AssetEngineVersion: 4.9.1-2672455+++depot+UE4-Releases+4.9
[2015.09.21-21.19.26:404][975]LogUObjectGlobals:Warning: Failed to find object 'Object /Game/SSA/Blueprints/Objects/Debris.Debris'
[2015.09.21-21.19.30:684][145]BlueprintLog: New page: Compile Debris_Spawner
[2015.09.21-21.19.30:693][145]LogBlueprint:Error: [compiler Debris_Spawner] Error Spawn node  SpawnActor NONE  must have a class specified.
[2015.09.21-21.19.30:835][145]LogBlueprint:Warning: [compiler Debris_Spawner] Warning [0153.78] Compile of Debris_Spawner failed. 1 Fatal Issue(s) 0 Warning(s) [in 150 ms]
[2015.09.21-21.19.30:835][145]BlueprintEditorCompileResults:Error: Error Spawn node  SpawnActor NONE  must have a class specified.
[2015.09.21-21.19.30:835][145]BlueprintEditorCompileResults:Warning: Warning [0153.78] Compile of Debris_Spawner failed. 1 Fatal Issue(s) 0 Warning(s) [in 150 ms]
[2015.09.21-21.19.32:715][251]LogLinker:Warning: Asset '../../../../../../Users/MEnrique/Documents/GitHub/Game-Files/SuperSpaceArmada/Content/SSA/Blueprints/Objects/Debris.uasset' has been saved with engine version newer than current and therefore can't be loaded. CurrEngineVersion: 4.9.0-2672455+++depot+UE4-Releases+4.9 AssetEngineVersion: 4.9.1-2672455+++depot+UE4-Releases+4.9
[2015.09.21-21.19.32:715][251]LogLinker:Warning: Asset '../../../../../../Users/MEnrique/Documents/GitHub/Game-Files/SuperSpaceArmada/Content/SSA/Blueprints/Objects/Debris.uasset' has been saved with engine version newer than current and therefore can't be loaded. CurrEngineVersion: 4.9.0-2672455+++depot+UE4-Releases+4.9 AssetEngineVersion: 4.9.1-2672455+++depot+UE4-Releases+4.9
[2015.09.21-21.19.32:715][251]LogUObjectGlobals:Warning: Failed to find object 'Object /Game/SSA/Blueprints/Objects/Debris.Debris'
[2015.09.21-21.19.33:631][306]LogLinker:Warning: Asset '../../../../../../Users/MEnrique/Documents/GitHub/Game-Files/SuperSpaceArmada/Content/SSA/Blueprints/Objects/Debris.uasset' has been saved with engine version newer than current and therefore can't be loaded. CurrEngineVersion: 4.9.0-2672455+++depot+UE4-Releases+4.9 AssetEngineVersion: 4.9.1-2672455+++depot+UE4-Releases+4.9
[2015.09.21-21.19.33:631][306]LogUObjectGlobals:Warning: Failed to find object 'Object /Game/SSA/Blueprints/Objects/Debris.Debris'
[2015.09.21-21.19.36:363][454]LogLinker:Warning: Asset '../../../../../../Users/MEnrique/Documents/GitHub/Game-Files/SuperSpaceArmada/Content/SSA/Blueprints/Objects/Debris.uasset' has been saved with engine version newer than current and therefore can't be loaded. CurrEngineVersion: 4.9.0-2672455+++depot+UE4-Releases+4.9 AssetEngineVersion: 4.9.1-2672455+++depot+UE4-Releases+4.9
[2015.09.21-21.19.36:364][454]LogUObjectGlobals:Warning: Failed to find object 'Object /Game/SSA/Blueprints/Objects/Debris.Debris'
[2015.09.21-21.19.38:675][564]LogLinker:Warning: Asset '../../../../../../Users/MEnrique/Documents/GitHub/Game-Files/SuperSpaceArmada/Content/SSA/Blueprints/Objects/Debris.uasset' has been saved with engine version newer than current and therefore can't be loaded. CurrEngineVersion: 4.9.0-2672455+++depot+UE4-Releases+4.9 AssetEngineVersion: 4.9.1-2672455+++depot+UE4-Releases+4.9
[2015.09.21-21.19.38:676][564]LogUObjectGlobals:Warning: Failed to find object 'Object /Game/SSA/Blueprints/Objects/Debris.Debris'
[2015.09.21-21.19.40:389][632]LogLinker:Warning: Asset '../../../../../../Users/MEnrique/Documents/GitHub/Game-Files/SuperSpaceArmada/Content/SSA/Blueprints/Objects/Debris.uasset' has been saved with engine version newer than current and therefore can't be loaded. CurrEngineVersion: 4.9.0-2672455+++depot+UE4-Releases+4.9 AssetEngineVersion: 4.9.1-2672455+++depot+UE4-Releases+4.9
[2015.09.21-21.19.40:389][632]LogUObjectGlobals:Warning: Failed to find object 'Object /Game/SSA/Blueprints/Objects/Debris.Debris'
[2015.09.21-21.19.40:521][632]LogParticles: Destroying 0 GPU particle simulations for FXSystem 0x0000000A87CE8C20
[2015.09.21-21.19.40:616][632]LogFileManager:Warning: Error deleting file: ../../../../../../Users/MEnrique/Documents/GitHub/Game-Files/SuperSpaceArmada/Content/SSA/Blueprints/Objects/Debris.uasset (Error Code 0)
[2015.09.21-21.19.44:836][869]LogLinker:Warning: Asset '../../../../../../Users/MEnrique/Documents/GitHub/Game-Files/SuperSpaceArmada/Content/SSA/Blueprints/Objects/Debris.uasset' has been saved with engine version newer than current and therefore can't be loaded. CurrEngineVersion: 4.9.0-2672455+++depot+UE4-Releases+4.9 AssetEngineVersion: 4.9.1-2672455+++depot+UE4-Releases+4.9
[2015.09.21-21.19.44:837][869]LogLinker:Warning: Asset '../../../../../../Users/MEnrique/Documents/GitHub/Game-Files/SuperSpaceArmada/Content/SSA/Blueprints/Objects/Debris.uasset' has been saved with engine version newer than current and therefore can't be loaded. CurrEngineVersion: 4.9.0-2672455+++depot+UE4-Releases+4.9 AssetEngineVersion: 4.9.1-2672455+++depot+UE4-Releases+4.9
[2015.09.21-21.19.44:837][869]LogUObjectGlobals:Warning: Failed to find object 'Object /Game/SSA/Blueprints/Objects/Debris.Debris'
[2015.09.21-21.19.45:103][869]LogFileManager:Warning: Error deleting file: ../../../../../../Users/MEnrique/Documents/GitHub/Game-Files/SuperSpaceArmada/Content/SSA/Blueprints/Objects/Debris.uasset (Error Code 0)
[2015.09.21-21.20.03:609][783]LogLinker:Warning: Asset '../../../../../../Users/MEnrique/Documents/GitHub/Game-Files/SuperSpaceArmada/Content/SSA/Blueprints/Objects/Debris.uasset' has been saved with engine version newer than current and therefore can't be loaded. CurrEngineVersion: 4.9.0-2672455+++depot+UE4-Releases+4.9 AssetEngineVersion: 4.9.1-2672455+++depot+UE4-Releases+4.9
[2015.09.21-21.20.03:609][783]LogLinker:Warning: Asset '../../../../../../Users/MEnrique/Documents/GitHub/Game-Files/SuperSpaceArmada/Content/SSA/Blueprints/Objects/Debris.uasset' has been saved with engine version newer than current and therefore can't be loaded. CurrEngineVersion: 4.9.0-2672455+++depot+UE4-Releases+4.9 AssetEngineVersion: 4.9.1-2672455+++depot+UE4-Releases+4.9
[2015.09.21-21.20.03:609][783]LogUObjectGlobals:Warning: Failed to find object 'Object /Game/SSA/Blueprints/Objects/Debris.Debris'
[2015.09.21-21.20.06:733][867]LogActorComponent: UnregisterComponent: (/Engine/Transient.EditorFloorComp) Not registered. Aborting.
[2015.09.21-21.20.06:810][867]LogWindowsTextInputMethodSystem:Display: IME system now deactivated.
[2015.09.21-21.20.06:811][867]LogWindowsTextInputMethodSystem:Display: IME system now deactivated.
[2015.09.21-21.20.07:165][868]Cmd: QUIT_EDITOR
[2015.09.21-21.20.08:479][868]LogExit: Preparing to exit.
[2015.09.21-21.20.08:998][868]LogExit: Editor shut down
[2015.09.21-21.20.08:998][868]LogExit: Transaction tracking system shut down
[2015.09.21-21.20.08:999][868]LogParticles: Destroying 0 GPU particle simulations for FXSystem 0x0000000AE61E2520
[2015.09.21-21.20.09:000][868]LogParticles: Destroying 0 GPU particle simulations for FXSystem 0x0000000AF4FB76A0
[2015.09.21-21.20.09:001][868]LogParticles: Destroying 0 GPU particle simulations for FXSystem 0x0000000AE61E1BC0
[2015.09.21-21.20.09:002][868]LogParticles: Destroying 0 GPU particle simulations for FXSystem 0x0000000AE95D9D00
[2015.09.21-21.20.09:003][868]LogParticles: Destroying 0 GPU particle simulations for FXSystem 0x0000000AE95DA5C0
[2015.09.21-21.20.09:006][868]LogParticles: Destroying 0 GPU particle simulations for FXSystem 0x0000000A82EEF1A0
[2015.09.21-21.20.09:007][868]LogParticles: Destroying 0 GPU particle simulations for FXSystem 0x0000000A80EBC180
[2015.09.21-21.20.09:008][868]LogParticles: Destroying 0 GPU particle simulations for FXSystem 0x0000000A80FCCB80
[2015.09.21-21.20.09:241][868]LogParticles: Destroying 0 GPU particle simulations for FXSystem 0x0000000AEE2B7F60
[2015.09.21-21.20.09:241][868]LogExit: Object subsystem successfully closed.
[2015.09.21-21.20.09:256][868]LogD3D11RHI: Shutdown
[2015.09.21-21.20.09:256][868]LogD3D11RHI: CleanupD3DDevice
[2015.09.21-21.20.09:310][868]LogD3D11RHI: ~FD3D11DynamicRHI
[2015.09.21-21.20.09:331][868]LogModuleManager: Shutting down and abandoning module StatsViewer (201)
[2015.09.21-21.20.09:331][868]LogModuleManager: Shutting down and abandoning module SequencerWidgets (200)
[2015.09.21-21.20.09:331][868]LogModuleManager: Shutting down and abandoning module BlueprintGraph (199)
[2015.09.21-21.20.09:331][868]LogModuleManager: Shutting down and abandoning module CrashTracker (198)
[2015.09.21-21.20.09:331][868]LogModuleManager: Shutting down and abandoning module SceneOutliner (197)
[2015.09.21-21.20.09:331][868]LogModuleManager: Shutting down and abandoning module SuperSearch (196)
[2015.09.21-21.20.09:331][868]LogModuleManager: Shutting down and abandoning module WidgetCarousel (195)
[2015.09.21-21.20.09:331][868]LogModuleManager: Shutting down and abandoning module AddContentDialog (194)
[2015.09.21-21.20.09:333][868]LogModuleManager: Shutting down and abandoning module EditorWidgets (193)
[2015.09.21-21.20.09:333][868]LogModuleManager: Shutting down and abandoning module CollectionManager (192)
[2015.09.21-21.20.09:333][868]LogModuleManager: Shutting down and abandoning module FoliageEdit (191)
[2015.09.21-21.20.09:333][868]LogModuleManager: Shutting down and abandoning module LandscapeEditor (190)
[2015.09.21-21.20.09:333][868]LogModuleManager: Shutting down and abandoning module ActorPickerMode (189)
[2015.09.21-21.20.09:333][868]LogModuleManager: Shutting down and abandoning module GeometryMode (188)
[2015.09.21-21.20.09:333][868]LogModuleManager: Shutting down and abandoning module TextureAlignMode (187)
[2015.09.21-21.20.09:333][868]LogModuleManager: Shutting down and abandoning module BspMode (186)
[2015.09.21-21.20.09:333][868]LogModuleManager: Shutting down and abandoning module PlacementMode (185)
[2015.09.21-21.20.09:333][868]LogModuleManager: Shutting down and abandoning module AutomationWorker (184)
[2015.09.21-21.20.09:333][868]LogModuleManager: Shutting down and abandoning module CharacterAI (183)
[2015.09.21-21.20.09:333][868]LogModuleManager: Shutting down and abandoning module SmartSnapping (182)
[2015.09.21-21.20.09:333][868]LogModuleManager: Shutting down and abandoning module ViewportSnapping (181)
[2015.09.21-21.20.09:333][868]LogModuleManager: Shutting down and abandoning module LogVisualizer (180)
[2015.09.21-21.20.09:333][868]LogModuleManager: Shutting down and abandoning module GameProjectGeneration (179)
[2015.09.21-21.20.09:333][868]LogModuleManager: Shutting down and abandoning module IntroTutorials (178)
[2015.09.21-21.20.09:333][868]LogModuleManager: Shutting down and abandoning module EditorLiveStreaming (177)
[2015.09.21-21.20.09:333][868]LogModuleManager: Shutting down and abandoning module IOSPlatformEditor (176)
[2015.09.21-21.20.09:333][868]LogModuleManager: Shutting down and abandoning module HTML5PlatformEditor (175)
[2015.09.21-21.20.09:333][868]LogModuleManager: Shutting down and abandoning module AndroidDeviceDetection (174)
[2015.09.21-21.20.09:389][868]LogModuleManager: Shutting down and abandoning module AndroidPlatformEditor (173)
[2015.09.21-21.20.09:389][868]LogModuleManager: Shutting down and abandoning module IOSRuntimeSettings (172)
[2015.09.21-21.20.09:389][868]LogModuleManager: Shutting down and abandoning module AndroidRuntimeSettings (171)
[2015.09.21-21.20.09:389][868]LogModuleManager: Shutting down and abandoning module MergeActors (170)
[2015.09.21-21.20.09:389][868]LogModuleManager: Shutting down and abandoning module SizeMap (169)
[2015.09.21-21.20.09:389][868]LogModuleManager: Shutting down and abandoning module TreeMap (168)
[2015.09.21-21.20.09:389][868]LogModuleManager: Shutting down and abandoning module ReferenceViewer (167)
[2015.09.21-21.20.09:389][868]LogModuleManager: Shutting down and abandoning module LocalizationService (166)
[2015.09.21-21.20.09:389][868]LogModuleManager: Shutting down and abandoning module LocalizationDashboard (165)
[2015.09.21-21.20.09:389][868]LogModuleManager: Shutting down and abandoning module HardwareTargeting (164)
[2015.09.21-21.20.09:389][868]LogModuleManager: Shutting down and abandoning module DeviceProfileEditor (163)
[2015.09.21-21.20.09:389][868]LogModuleManager: Shutting down and abandoning module UndoHistory (162)
[2015.09.21-21.20.09:389][868]LogModuleManager: Shutting down and abandoning module GameplayTagsEditor (161)
[2015.09.21-21.20.09:389][868]LogModuleManager: Shutting down and abandoning module UserFeedback (160)
[2015.09.21-21.20.09:389][868]LogModuleManager: Shutting down and abandoning module XmlParser (159)
[2015.09.21-21.20.09:389][868]LogModuleManager: Shutting down and abandoning module Blutility (158)
[2015.09.21-21.20.09:389][868]LogModuleManager: Shutting down and abandoning module ProjectTargetPlatformEditor (157)
[2015.09.21-21.20.09:389][868]LogModuleManager: Shutting down and abandoning module ProjectSettingsViewer (156)
[2015.09.21-21.20.09:390][868]LogModuleManager: Shutting down and abandoning module InputBindingEditor (155)
[2015.09.21-21.20.09:390][868]LogModuleManager: Shutting down and abandoning module EditorSettingsViewer (154)
[2015.09.21-21.20.09:390][868]LogModuleManager: Shutting down and abandoning module SettingsEditor (153)
[2015.09.21-21.20.09:390][868]LogModuleManager: Shutting down and abandoning module ProjectLauncher (152)
[2015.09.21-21.20.09:390][868]LogModuleManager: Shutting down and abandoning module SessionFrontend (151)
[2015.09.21-21.20.09:390][868]LogModuleManager: Shutting down and abandoning module ProfilerClient (150)
[2015.09.21-21.20.09:390][868]LogModuleManager: Shutting down and abandoning module TargetDeviceServices (149)
[2015.09.21-21.20.09:390][868]LogModuleManager: Shutting down and abandoning module DeviceManager (148)
[2015.09.21-21.20.09:390][868]LogModuleManager: Shutting down and abandoning module AutomationController (147)
[2015.09.21-21.20.09:390][868]LogModuleManager: Shutting down and abandoning module AutomationWindow (146)
[2015.09.21-21.20.09:390][868]LogModuleManager: Shutting down and abandoning module Layers (145)
[2015.09.21-21.20.09:390][868]LogModuleManager: Shutting down and abandoning module ComponentVisualizers (144)
[2015.09.21-21.20.09:390][868]LogModuleManager: Shutting down and abandoning module DetailCustomizations (143)
[2015.09.21-21.20.09:390][868]LogModuleManager: Shutting down and abandoning module PackagesDialog (142)
[2015.09.21-21.20.09:391][868]LogModuleManager: Shutting down and abandoning module Persona (141)
[2015.09.21-21.20.09:391][868]LogModuleManager: Shutting down and abandoning module Kismet (140)
[2015.09.21-21.20.09:391][868]LogModuleManager: Shutting down and abandoning module GraphEditor (139)
[2015.09.21-21.20.09:391][868]LogModuleManager: Shutting down and abandoning module ClassViewer (138)
[2015.09.21-21.20.09:393][868]LogModuleManager: Shutting down and abandoning module Toolbox (137)
[2015.09.21-21.20.09:393][868]LogModuleManager: Shutting down and abandoning module ModuleUI (136)
[2015.09.21-21.20.09:393][868]LogModuleManager: Shutting down and abandoning module MovieSceneTools (135)
[2015.09.21-21.20.09:393][868]LogModuleManager: Shutting down and abandoning module OutputLog (134)
[2015.09.21-21.20.09:393][868]LogModuleManager: Shutting down and abandoning module GammaUI (133)
[2015.09.21-21.20.09:393][868]LogModuleManager: Shutting down and abandoning module Documentation (132)
[2015.09.21-21.20.09:394][868]LogModuleManager: Shutting down and abandoning module GameLiveStreaming (131)
[2015.09.21-21.20.09:394][868]LogModuleManager: Shutting down and abandoning module StreamingPauseRendering (130)
[2015.09.21-21.20.09:394][868]LogModuleManager: Shutting down and abandoning module AnalyticsET (129)
[2015.09.21-21.20.09:394][868]LogModuleManager: Shutting down and abandoning module Analytics (128)
[2015.09.21-21.20.09:394][868]LogModuleManager: Shutting down and abandoning module AITestSuite (127)
[2015.09.21-21.20.09:394][868]LogModuleManager: Shutting down and abandoning module GameplayDebugger (126)
[2015.09.21-21.20.09:394][868]LogModuleManager: Shutting down and abandoning module AIModule (125)
[2015.09.21-21.20.09:394][868]LogModuleManager: Shutting down and abandoning module ProfilerService (124)
[2015.09.21-21.20.09:464][868]LogModuleManager: Shutting down and abandoning module TaskGraph (123)
[2015.09.21-21.20.09:464][868]LogModuleManager: Shutting down and abandoning module SubstanceEditor (122)
[2015.09.21-21.20.09:464][868]LogModuleManager: Shutting down and abandoning module SlateRemote (121)
[2015.09.21-21.20.09:464][868]LogModuleManager: Shutting down and abandoning module SteamVRController (120)
[2015.09.21-21.20.09:464][868]LogModuleManager: Shutting down and abandoning module SteamVR (119)
[2015.09.21-21.20.09:464][868]LogModuleManager: Shutting down and abandoning module ProceduralMeshComponent (118)
[2015.09.21-21.20.09:464][868]LogModuleManager: Shutting down and abandoning module OculusRift (117)
[2015.09.21-21.20.09:464][868]LogModuleManager: Shutting down and abandoning module OculusLibrary (116)
[2015.09.21-21.20.09:464][868]LogModuleManager: Shutting down and abandoning module LeapMotionController (115)
[2015.09.21-21.20.09:480][868]LogModuleManager: Shutting down and abandoning module CustomMeshComponent (114)
[2015.09.21-21.20.09:480][868]LogModuleManager: Shutting down and abandoning module CableComponent (113)
[2015.09.21-21.20.09:480][868]LogModuleManager: Shutting down and abandoning module ArchVisCharacter (112)
[2015.09.21-21.20.09:481][868]LogModuleManager: Shutting down and abandoning module MessagingDebugger (111)
[2015.09.21-21.20.09:481][868]LogModuleManager: Shutting down and abandoning module MediaPlayerEditor (110)
[2015.09.21-21.20.09:481][868]LogModuleManager: Shutting down and abandoning module HTML5Networking (109)
[2015.09.21-21.20.09:481][868]LogModuleManager: Shutting down and abandoning module SpeedTreeImporter (108)
[2015.09.21-21.20.09:481][868]LogModuleManager: Shutting down and abandoning module PluginBrowser (107)
[2015.09.21-21.20.09:481][868]LogModuleManager: Shutting down and abandoning module EpicSurvey (106)
[2015.09.21-21.20.09:481][868]LogModuleManager: Shutting down and abandoning module DesktopPlatform (105)
[2015.09.21-21.20.09:481][868]LogModuleManager: Shutting down and abandoning module VisualStudioSourceCodeAccess (104)
[2015.09.21-21.20.09:481][868]LogModuleManager: Shutting down and abandoning module UObjectPlugin (103)
[2015.09.21-21.20.09:481][868]LogModuleManager: Shutting down and abandoning module SubversionSourceControl (102)
[2015.09.21-21.20.09:481][868]LogModuleManager: Shutting down and abandoning module PerforceSourceControl (101)
[2015.09.21-21.20.09:481][868]LogModuleManager: Shutting down and abandoning module SourceControl (100)
[2015.09.21-21.20.09:481][868]LogModuleManager: Shutting down and abandoning module GitSourceControl (99)
[2015.09.21-21.20.09:481][868]LogModuleManager: Shutting down and abandoning module LightPropagationVolumeEditor (98)
[2015.09.21-21.20.09:481][868]LogModuleManager: Shutting down and abandoning module PaperTiledImporter (97)
[2015.09.21-21.20.09:481][868]LogModuleManager: Shutting down and abandoning module PaperSpriteSheetImporter (96)
[2015.09.21-21.20.09:481][868]LogModuleManager: Shutting down and abandoning module MeshPaint (95)
[2015.09.21-21.20.09:481][868]LogModuleManager: Shutting down and abandoning module SlateReflector (94)
[2015.09.21-21.20.09:481][868]LogModuleManager: Shutting down and abandoning module HotReload (93)
[2015.09.21-21.20.09:481][868]LogModuleManager: Shutting down and abandoning module MainFrame (92)
[2015.09.21-21.20.09:481][868]LogModuleManager: Shutting down and abandoning module LevelEditor (91)
[2015.09.21-21.20.09:482][868]LogModuleManager: Shutting down and abandoning module ContentBrowser (90)
[2015.09.21-21.20.09:482][868]LogModuleManager: Shutting down and abandoning module Paper2DEditor (89)
[2015.09.21-21.20.09:482][868]LogModuleManager: Shutting down and abandoning module UdpMessaging (88)
[2015.09.21-21.20.09:583][868]LogModuleManager: Shutting down and abandoning module DirectoryWatcher (87)
[2015.09.21-21.20.09:583][868]LogModuleManager: Shutting down and abandoning module AssetRegistry (86)
[2015.09.21-21.20.09:619][868]LogModuleManager: Shutting down and abandoning module SubstanceCore (85)
[2015.09.21-21.20.09:619][868]LogModuleManager: Shutting down and abandoning module LightPropagationVolumeRuntime (84)
[2015.09.21-21.20.09:619][868]LogModuleManager: Shutting down and abandoning module Paper2D (83)
[2015.09.21-21.20.09:619][868]LogModuleManager: Shutting down and abandoning module WindowsMoviePlayer (82)
[2015.09.21-21.20.09:622][868]LogModuleManager: Shutting down and abandoning module Media (81)
[2015.09.21-21.20.09:622][868]LogModuleManager: Shutting down and abandoning module WmfMedia (80)
[2015.09.21-21.20.09:622][868]LogModuleManager: Shutting down and abandoning module OnlineBlueprintSupport (79)
[2015.09.21-21.20.09:622][868]LogModuleManager: Shutting down and abandoning module GameplayTasksEditor (78)
[2015.09.21-21.20.09:622][868]LogModuleManager: Shutting down and abandoning module PropertyEditor (77)
[2015.09.21-21.20.09:622][868]LogModuleManager: Shutting down and abandoning module BehaviorTreeEditor (76)
[2015.09.21-21.20.09:622][868]LogModuleManager: Shutting down and abandoning module FunctionalTesting (75)
[2015.09.21-21.20.09:622][868]LogModuleManager: Shutting down and abandoning module CollisionAnalyzer (74)
[2015.09.21-21.20.09:622][868]LogModuleManager: Shutting down and abandoning module WorkspaceMenuStructure (73)
[2015.09.21-21.20.09:622][868]LogModuleManager: Shutting down and abandoning module MessageLog (72)
[2015.09.21-21.20.09:622][868]LogModuleManager: Shutting down and abandoning module Sequencer (71)
[2015.09.21-21.20.09:622][868]LogModuleManager: Shutting down and abandoning module AssetTools (70)
[2015.09.21-21.20.09:623][868]LogModuleManager: Shutting down and abandoning module UMGEditor (69)
[2015.09.21-21.20.09:623][868]LogModuleManager: Shutting down and abandoning module UMG (68)
[2015.09.21-21.20.09:623][868]LogModuleManager: Shutting down and abandoning module Slate (67)
[2015.09.21-21.20.09:623][868]LogModuleManager: Shutting down and abandoning module EditorStyle (66)
[2015.09.21-21.20.09:625][868]LogModuleManager: Shutting down and abandoning module SessionServices (65)
[2015.09.21-21.20.09:625][868]LogModuleManager: Shutting down and abandoning module SourceCodeAccess (64)
[2015.09.21-21.20.09:625][868]LogModuleManager: Shutting down and abandoning module HeadMountedDisplay (63)
[2015.09.21-21.20.09:625][868]LogModuleManager: Shutting down and abandoning module XAudio2 (62)
[2015.09.21-21.20.09:625][868]LogModuleManager: Shutting down and abandoning module Networking (60)
[2015.09.21-21.20.09:625][868]LogModuleManager: Shutting down and abandoning module Core (59)
[2015.09.21-21.20.09:625][868]LogModuleManager: Shutting down and abandoning module KismetCompiler (58)
[2015.09.21-21.20.09:625][868]LogModuleManager: Shutting down and abandoning module PhysXFormats (57)
[2015.09.21-21.20.09:625][868]LogModuleManager: Shutting down and abandoning module MeshUtilities (56)
[2015.09.21-21.20.09:625][868]LogModuleManager: Shutting down and abandoning module CookingStats (55)
[2015.09.21-21.20.09:626][868]LogModuleManager: Shutting down and abandoning module DerivedDataCache (54)
[2015.09.21-21.20.09:672][868]LogDerivedDataCache: Shutdown
[2015.09.21-21.20.09:672][868]LogModuleManager: Shutting down and abandoning module ShaderFormatOpenGL (53)
[2015.09.21-21.20.09:672][868]LogModuleManager: Shutting down and abandoning module ShaderFormatD3D (52)
[2015.09.21-21.20.09:672][868]LogModuleManager: Shutting down and abandoning module MetalShaderFormat (51)
[2015.09.21-21.20.09:672][868]LogModuleManager: Shutting down and abandoning module TextureFormatUncompressed (50)
[2015.09.21-21.20.09:672][868]LogModuleManager: Shutting down and abandoning module TextureFormatPVR (49)
[2015.09.21-21.20.09:672][868]LogModuleManager: Shutting down and abandoning module TextureFormatIntelISPCTexComp (48)
[2015.09.21-21.20.09:672][868]LogModuleManager: Shutting down and abandoning module TextureFormatDXT (47)
[2015.09.21-21.20.09:672][868]LogModuleManager: Shutting down and abandoning module ImageWrapper (46)
[2015.09.21-21.20.09:672][868]LogModuleManager: Shutting down and abandoning module TextureFormatASTC (45)
[2015.09.21-21.20.09:672][868]LogModuleManager: Shutting down and abandoning module TextureFormatAndroid (44)
[2015.09.21-21.20.09:672][868]LogModuleManager: Shutting down and abandoning module AudioFormatOpus (43)
[2015.09.21-21.20.09:672][868]LogModuleManager: Shutting down and abandoning module AudioFormatOgg (42)
[2015.09.21-21.20.09:672][868]LogModuleManager: Shutting down and abandoning module AudioFormatADPCM (41)
[2015.09.21-21.20.09:672][868]LogModuleManager: Shutting down and abandoning module LinuxTargetPlatform (40)
[2015.09.21-21.20.09:672][868]LogModuleManager: Shutting down and abandoning module LinuxServerTargetPlatform (39)
[2015.09.21-21.20.09:672][868]LogModuleManager: Shutting down and abandoning module LinuxNoEditorTargetPlatform (38)
[2015.09.21-21.20.09:672][868]LogModuleManager: Shutting down and abandoning module Messaging (37)
[2015.09.21-21.20.09:672][868]LogModuleManager: Shutting down and abandoning module IOSTargetPlatform (36)
[2015.09.21-21.20.09:672][868]LogModuleManager: Shutting down and abandoning module HTML5TargetPlatform (35)
[2015.09.21-21.20.09:672][868]LogModuleManager: Shutting down and abandoning module Android_PVRTCTargetPlatform (34)
[2015.09.21-21.20.09:672][868]LogModuleManager: Shutting down and abandoning module Android_ETC2TargetPlatform (33)
[2015.09.21-21.20.09:672][868]LogModuleManager: Shutting down and abandoning module Android_ETC1TargetPlatform (32)
[2015.09.21-21.20.09:672][868]LogModuleManager: Shutting down and abandoning module Android_DXTTargetPlatform (31)
[2015.09.21-21.20.09:672][868]LogModuleManager: Shutting down and abandoning module Android_ATCTargetPlatform (30)
[2015.09.21-21.20.09:672][868]LogModuleManager: Shutting down and abandoning module Android_ASTCTargetPlatform (29)
[2015.09.21-21.20.09:672][868]LogModuleManager: Shutting down and abandoning module AndroidTargetPlatform (28)
[2015.09.21-21.20.09:672][868]LogModuleManager: Shutting down and abandoning module WindowsTargetPlatform (27)
[2015.09.21-21.20.09:672][868]LogModuleManager: Shutting down and abandoning module WindowsServerTargetPlatform (26)
[2015.09.21-21.20.09:672][868]LogModuleManager: Shutting down and abandoning module WindowsNoEditorTargetPlatform (25)
[2015.09.21-21.20.09:672][868]LogModuleManager: Shutting down and abandoning module WindowsClientTargetPlatform (24)
[2015.09.21-21.20.09:672][868]LogModuleManager: Shutting down and abandoning module AllDesktopTargetPlatform (23)
[2015.09.21-21.20.09:672][868]LogModuleManager: Shutting down and abandoning module TargetPlatform (22)
[2015.09.21-21.20.09:672][868]LogModuleManager: Shutting down and abandoning module InputCore (21)
[2015.09.21-21.20.09:672][868]LogModuleManager: Shutting down and abandoning module Settings (20)
[2015.09.21-21.20.09:672][868]LogModuleManager: Shutting down and abandoning module OnlineSubsystem (18)
[2015.09.21-21.20.09:672][868]LogModuleManager: Shutting down and abandoning module HTTP (17)
[2015.09.21-21.20.10:674][868]LogModuleManager: Shutting down and abandoning module XMPP (16)
[2015.09.21-21.20.10:674][868]LogModuleManager: Shutting down and abandoning module ExampleDeviceProfileSelector (15)
[2015.09.21-21.20.10:674][868]LogModuleManager: Shutting down and abandoning module TextureCompressor (14)
[2015.09.21-21.20.10:674][868]LogModuleManager: Shutting down and abandoning module ShaderCore (13)
[2015.09.21-21.20.10:674][868]LogModuleManager: Shutting down and abandoning module Landscape (12)
[2015.09.21-21.20.10:674][868]LogModuleManager: Shutting down and abandoning module SlateRHIRenderer (11)
[2015.09.21-21.20.10:676][868]LogModuleManager: Shutting down and abandoning module OpenGLDrv (10)
[2015.09.21-21.20.10:676][868]LogModuleManager: Shutting down and abandoning module D3D11RHI (9)
[2015.09.21-21.20.10:676][868]LogModuleManager: Shutting down and abandoning module AnimGraphRuntime (8)
[2015.09.21-21.20.10:676][868]LogModuleManager: Shutting down and abandoning module Renderer (7)
[2015.09.21-21.20.10:676][868]LogModuleManager: Shutting down and abandoning module Engine (6)
[2015.09.21-21.20.10:676][868]LogModuleManager: Shutting down and abandoning module CoreUObject (5)
[2015.09.21-21.20.10:676][868]LogModuleManager: Shutting down and abandoning module NetworkFile (4)
[2015.09.21-21.20.10:676][868]LogModuleManager: Shutting down and abandoning module StreamingFile (3)
[2015.09.21-21.20.10:676][868]LogModuleManager: Shutting down and abandoning module SandboxFile (2)
[2015.09.21-21.20.10:676][868]LogModuleManager: Shutting down and abandoning module PakFile (1)
[2015.09.21-21.20.10:677][868]LogExit: Exiting.
[2015.09.21-21.20.10:711][868]Log file closed, 09/21/15 17:20:10
