[2015.09.23-06.19.56:314][  0]Log file open, 09/23/15 02:19:56
[2015.09.23-06.19.56:314][  0]LogInit:Display: Running engine for game: SuperSpaceArmada
[2015.09.23-06.19.56:314][  0]LogInit:Display: RandInit(-923076757) SRandInit(-923076756).
[2015.09.23-06.19.56:314][  0]LogTaskGraph: Started task graph with 4 named threads and 7 total threads.
[2015.09.23-06.19.56:314][  0]LogStats: Stats thread started at 0.202139
[2015.09.23-06.19.56:314][  0]LogInit: Version: 4.9.1-2689999+++depot+UE4-Releases+4.9
[2015.09.23-06.19.56:314][  0]LogInit: API Version: 2672455
[2015.09.23-06.19.56:314][  0]LogInit: Compiled (64-bit): Sep 14 2015 04:12:03
[2015.09.23-06.19.56:314][  0]LogInit: Compiled with Visual C++: 18.00.21005.01
[2015.09.23-06.19.56:314][  0]LogInit: Build Configuration: Development
[2015.09.23-06.19.56:314][  0]LogInit: Branch Name: ++depot+UE4-Releases+4.9
[2015.09.23-06.19.56:314][  0]LogInit: Command line:  
[2015.09.23-06.19.56:314][  0]LogInit: Base directory: C:/Program Files/Epic Games/4.9/Engine/Binaries/Win64/
[2015.09.23-06.19.56:314][  0]LogInit: Rocket: 1
[2015.09.23-06.19.56:509][  0]LogInit: Using libcurl 7.41.0
[2015.09.23-06.19.56:509][  0]LogInit:  - built for x86_64-pc-win32
[2015.09.23-06.19.56:509][  0]LogInit:  - supports SSL with WinSSL
[2015.09.23-06.19.56:509][  0]LogInit:  - other features:
[2015.09.23-06.19.56:509][  0]LogInit:      CURL_VERSION_SSL
[2015.09.23-06.19.56:509][  0]LogInit:      CURL_VERSION_IPV6
[2015.09.23-06.19.56:509][  0]LogInit:      CURL_VERSION_ASYNCHDNS
[2015.09.23-06.19.56:509][  0]LogInit:      CURL_VERSION_LARGEFILE
[2015.09.23-06.19.56:509][  0]LogInit:      CURL_VERSION_IDN
[2015.09.23-06.19.56:509][  0]LogInit:  CurlRequestOptions (configurable via config and command line):
[2015.09.23-06.19.56:509][  0]LogInit:  - bVerifyPeer = true  - Libcurl will verify peer certificate
[2015.09.23-06.19.56:509][  0]LogInit:  - bUseHttpProxy = false  - Libcurl will NOT use HTTP proxy
[2015.09.23-06.19.56:509][  0]LogInit:  - bDontReuseConnections = false  - Libcurl will reuse connections
[2015.09.23-06.19.56:509][  0]LogInit:  - CertBundlePath = nullptr  - Libcurl will use whatever was configured at build time.
[2015.09.23-06.19.56:655][  0]LogInit: Presizing for 0 objects not considered by GC, pre-allocating 0 bytes.
[2015.09.23-06.19.56:662][  0]LogInit: Object subsystem initialized
[2015.09.23-06.19.56:663][  0]LogInit: Selected Device Profile: [Windows]
[2015.09.23-06.19.56:663][  0]LogInit: Applying CVar settings loaded from the selected device profile: [Windows]
[2015.09.23-06.19.56:671][  0]LogInit: Computer: EXIA
[2015.09.23-06.19.56:671][  0]LogInit: User: SGJin
[2015.09.23-06.19.56:671][  0]LogInit: CPU Page size=4096, Cores=4
[2015.09.23-06.19.56:671][  0]LogInit: High frequency timer resolution =2.338344 MHz
[2015.09.23-06.19.56:671][  0]LogMemory: Memory total: Physical=7.9GB (8GB approx)
[2015.09.23-06.19.56:671][  0]LogMemory: Platform Memory Stats for Windows
[2015.09.23-06.19.56:671][  0]LogMemory: Process Physical Memory: 54.44 MB used, 54.44 MB peak
[2015.09.23-06.19.56:671][  0]LogMemory: Process Virtual Memory: 55.29 MB used, 55.29 MB peak
[2015.09.23-06.19.56:671][  0]LogMemory: Physical Memory: 4454.55 MB used, 8124.02 MB total
[2015.09.23-06.19.56:671][  0]LogMemory: Virtual Memory: 364.64 MB used, 134217728.00 MB total
[2015.09.23-06.19.57:403][  0]LogTextLocalizationManager: No specific translations for ('en-US') exist, so ('en') translations will be used.
[2015.09.23-06.19.58:182][  0]LogD3D11RHI: Found D3D11 adapter 0: NVIDIA GeForce GT 740M          (Feature Level 11_0)
[2015.09.23-06.19.58:182][  0]LogD3D11RHI: Adapter has 1997MB of dedicated video memory, 0MB of dedicated system memory, and 4062MB of shared system memory, 1 output[s]
[2015.09.23-06.19.58:188][  0]LogD3D11RHI: Found D3D11 adapter 1: Intel(R) HD Graphics 4600 (Feature Level 11_0)
[2015.09.23-06.19.58:188][  0]LogD3D11RHI: Adapter has 112MB of dedicated video memory, 0MB of dedicated system memory, and 4062MB of shared system memory, 0 output[s]
[2015.09.23-06.19.58:189][  0]LogD3D11RHI: Found D3D11 adapter 2: Microsoft Basic Render Driver (Feature Level 11_0)
[2015.09.23-06.19.58:189][  0]LogD3D11RHI: Adapter has 0MB of dedicated video memory, 0MB of dedicated system memory, and 4062MB of shared system memory, 0 output[s]
[2015.09.23-06.19.58:189][  0]LogD3D11RHI: Chosen D3D11 Adapter Id = 0
[2015.09.23-06.19.58:196][  0]LogD3D11RHI: !Direct3DDevice
[2015.09.23-06.19.58:196][  0]LogRHI: Texture pool is 1361 MB (70% of 1945 MB)
[2015.09.23-06.19.58:211][  0]LogD3D11RHI: Async texture creation enabled
[2015.09.23-06.19.58:227][  0]LogShaderCompilers: Guid format shader working directory is 14 characters bigger than the processId version (../../../../../../Users/Jin/Desktop/Game-Files/SuperSpaceArmada/Intermediate/Shaders/WorkingDirectory/10840/).
[2015.09.23-06.19.58:227][  0]LogShaderCompilers: Cleaned the shader compiler working directory '../../../../../../Users/Jin/Desktop/Game-Files/SuperSpaceArmada/Intermediate/Shaders/tmp/5E4714FE43F32294BF55DD97CB8A4071/'.
[2015.09.23-06.19.58:227][  0]LogShaderCompilers:Display: Using Local Shader Compiler.
[2015.09.23-06.20.00:174][  0]LogTemp:Display: Loaded TP AllDesktopTargetPlatform
[2015.09.23-06.20.00:293][  0]LogTemp:Display: Loaded TP WindowsClientTargetPlatform
[2015.09.23-06.20.00:401][  0]LogTemp:Display: Loaded TP WindowsNoEditorTargetPlatform
[2015.09.23-06.20.00:467][  0]LogTemp:Display: Loaded TP WindowsServerTargetPlatform
[2015.09.23-06.20.00:537][  0]LogTemp:Display: Loaded TP WindowsTargetPlatform
[2015.09.23-06.20.00:727][  0]LogTemp:Display: Loaded TP AndroidTargetPlatform
[2015.09.23-06.20.00:873][  0]LogTemp:Display: Loaded TP Android_ASTCTargetPlatform
[2015.09.23-06.20.00:922][  0]LogTemp:Display: Loaded TP Android_ATCTargetPlatform
[2015.09.23-06.20.00:962][  0]LogTemp:Display: Loaded TP Android_DXTTargetPlatform
[2015.09.23-06.20.01:053][  0]LogTemp:Display: Loaded TP Android_ETC1TargetPlatform
[2015.09.23-06.20.01:127][  0]LogTemp:Display: Loaded TP Android_ETC2TargetPlatform
[2015.09.23-06.20.01:164][  0]LogTemp:Display: Loaded TP Android_PVRTCTargetPlatform
[2015.09.23-06.20.01:219][  0]LogTemp:Display: Loaded TP HTML5TargetPlatform
[2015.09.23-06.20.01:513][  0]LogTemp:Display: Loaded TP IOSTargetPlatform
[2015.09.23-06.20.01:547][  0]LogTemp:Display: Loaded TP LinuxNoEditorTargetPlatform
[2015.09.23-06.20.01:618][  0]LogTemp:Display: Loaded TP LinuxServerTargetPlatform
[2015.09.23-06.20.01:726][  0]LogTemp:Display: Loaded TP LinuxTargetPlatform
[2015.09.23-06.20.01:726][  0]LogTargetPlatformManager:Display: Building Assets For Windows
[2015.09.23-06.20.03:383][  0]LogDerivedDataCache:Display: Max Cache Size: 512 MB
[2015.09.23-06.20.03:983][  0]LogDerivedDataCache: Loaded boot cache 0.60s 41MB C:/Users/Jin/AppData/Local/UnrealEngine/4.9/DerivedDataCache/Boot.ddc.
[2015.09.23-06.20.03:983][  0]LogDerivedDataCache:Display: Loaded Boot cache: C:/Users/Jin/AppData/Local/UnrealEngine/4.9/DerivedDataCache/Boot.ddc
[2015.09.23-06.20.03:983][  0]LogDerivedDataCache: FDerivedDataBackendGraph:  Pak pak cache file ../../../../../../Users/Jin/Desktop/Game-Files/SuperSpaceArmada/DerivedDataCache/DDC.ddp not found, will not use a pak cache.
[2015.09.23-06.20.03:983][  0]LogDerivedDataCache: Unable to find inner node Pak for hierarchical cache Hierarchy.
[2015.09.23-06.20.03:983][  0]LogDerivedDataCache: FDerivedDataBackendGraph:  CompressedPak pak cache file ../../../../../../Users/Jin/Desktop/Game-Files/SuperSpaceArmada/DerivedDataCache/Compressed.ddp not found, will not use a pak cache.
[2015.09.23-06.20.03:983][  0]LogDerivedDataCache: Unable to find inner node CompressedPak for hierarchical cache Hierarchy.
[2015.09.23-06.20.04:175][  0]LogDerivedDataCache:Display: Pak cache opened for reading ../../../Engine/DerivedDataCache/Compressed.ddp.
[2015.09.23-06.20.04:186][  0]LogDerivedDataCache: Using Local data cache path C:/Users/Jin/AppData/Local/UnrealEngine/Common/DerivedDataCache: Writable
[2015.09.23-06.20.09:897][  0]LogInit: Selected Device Profile: [Windows]
[2015.09.23-06.20.09:902][  0]LogContentStreaming: Texture pool size is 0.000000MB
[2015.09.23-06.20.10:262][  0]LogMeshUtilities: No automatic mesh reduction module available
[2015.09.23-06.20.10:262][  0]LogMeshUtilities: No automatic mesh merging module available
[2015.09.23-06.20.11:980][  0]LogInit: WinSock: version 1.1 (2.2), MaxSocks=32767, MaxUdp=65467
[2015.09.23-06.20.51:166][  0]LogAssetRegistry: FAssetRegistry took 0.0114 seconds to start up
[2015.09.23-06.20.51:208][  0]UdpMessaging: Initializing bridge on interface 0.0.0.0:0 to multicast group 230.0.0.1:6666.
[2015.09.23-06.20.56:221][  0]SourceControl: Info Source control is disabled
[2015.09.23-06.20.57:176][  0]SourceControl: Info Source control is disabled
[2015.09.23-06.20.57:285][  0]SourceControl: Info Source control is disabled
[2015.09.23-06.20.57:403][  0]SourceControl: Info Source control is disabled
[2015.09.23-06.20.58:766][  0]LogLinker:Warning: Asset '../../../Engine/Plugins/Runtime/LeapMotionController/Content/LM_PassthroughMaterial.uasset' has been saved with empty engine version. The asset will be loaded but may be incompatible.
[2015.09.23-06.20.59:394][  0]LogObj: 28528 objects as part of root set at end of initial load.
[2015.09.23-06.20.59:394][  0]LogUObjectAllocator: 6068456 out of 0 bytes used by permanent object pool.
[2015.09.23-06.20.59:742][  0]LogEngine: Initializing Engine...
[2015.09.23-06.20.59:747][  0]LogHMD: Can't find Oculus library dev build: is proper Runtime installed? Version: 0.7.0.0
[2015.09.23-06.20.59:821][  0]LogHMD: SteamVR failed to initialize.  Err: 110
[2015.09.23-06.21.00:421][  0]LogAIModule: Creating AISystem for world NewWorld
[2015.09.23-06.21.00:430][  0]LogInit: XAudio2 using 'Speakers / HP (IDT High Definition Audio CODEC)' : 2 channels at 44.1 kHz using 32 bits per sample (channel mask 0x3)
[2015.09.23-06.21.00:449][  0]LogInit: FAudioDevice initialized.
[2015.09.23-06.21.00:478][  0]LogDerivedDataCache: Saved boot cache 0.03s 41MB C:/Users/Jin/AppData/Local/UnrealEngine/4.9/DerivedDataCache/Boot.ddc.
[2015.09.23-06.21.00:481][  0]LogInit: Texture streaming: Enabled
[2015.09.23-06.21.00:773][  0]LogAnalytics: Creating configured Analytics provider AnalyticsET
[2015.09.23-06.21.00:773][  0]LogAnalytics: [UEEditor.Rocket.Release] APIServer = http://et2.epicgames.com/ET2/. AppVersion = 4.9.1-2689999+++depot+UE4-Releases+4.9
[2015.09.23-06.21.00:773][  0]LogAnalytics: [UEEditor.Rocket.Release] SetUserId 435ea4a8489b84c6f4feaab84cbae6c8|e03effeb7bdf4ddc9c712682a578c51b|8a2a019e-36d5-4c55-97e1-833141022920
[2015.09.23-06.21.00:773][  0]LogAnalytics: [UEEditor.Rocket.Release] AnalyticsET::StartSession
[2015.09.23-06.21.01:185][  0]LogInit: Transaction tracking system initialized
[2015.09.23-06.21.05:579][  0]BlueprintLog: New page: Editor Load
[2015.09.23-06.21.07:380][  0]LocalizationService: Info Localization service is disabled
[2015.09.23-06.21.08:548][  0]LogConsoleResponse:Display: 
[2015.09.23-06.21.11:867][  0]LogCook:Display: Done creating registry. It took  0.00s.
[2015.09.23-06.21.13:705][  0]LogFileCache: Scanning file cache for directory 'C:/Users/Jin/Desktop/Game-Files/SuperSpaceArmada/Content/' took 0.02s
[2015.09.23-06.21.14:045][  0]SourceControl: Info Source control is disabled
[2015.09.23-06.21.14:045][  0]Cmd: MAP LOAD FILE="../../../../../../Users/Jin/Desktop/Game-Files/SuperSpaceArmada/Content/TopDownBP/Maps/TopDownExampleMap.umap" TEMPLATE=0 SHOWPROGRESS=1 FEATURELEVEL=3
[2015.09.23-06.21.14:045][  0]LogEditorServer:Warning: Can't find file '../../../../../../Users/Jin/Desktop/Game-Files/SuperSpaceArmada/Content/TopDownBP/Maps/TopDownExampleMap.umap'
[2015.09.23-06.21.14:045][  0]Cmd: MAP CHECKDEP NOCLEARLOG
[2015.09.23-06.21.14:118][  0]MapCheck: Info Map check complete: 0 Error(s), 0 Warning(s), took 73.286ms to complete.
[2015.09.23-06.21.14:118][  0]LogFileHelpers: Loading map 'TopDownExampleMap' took 0.074
[2015.09.23-06.21.14:500][  0]LogCollectionManager: Loaded 0 collections in 0.003813 seconds
[2015.09.23-06.21.14:541][  0]LogFileCache: Scanning file cache for directory 'C:/Users/Jin/Desktop/Game-Files/SuperSpaceArmada/Saved/Collections/' took 0.01s
[2015.09.23-06.21.14:541][  0]LogFileCache: Scanning file cache for directory 'C:/Users/Jin/Desktop/Game-Files/SuperSpaceArmada/Content/Developers/SGJin/Collections/' took 0.01s
[2015.09.23-06.21.14:541][  0]LogFileCache: Scanning file cache for directory 'C:/Users/Jin/Desktop/Game-Files/SuperSpaceArmada/Content/Collections/' took 0.01s
[2015.09.23-06.21.14:541][  0]LogContentBrowser: Native class hierarchy populated in 0.0067 seconds. Added 1882 classes and 339 folders.
[2015.09.23-06.21.14:547][  0]LogCollectionManager: Rebuilt the GUID cache for 0 collections in 0.000007 seconds
[2015.09.23-06.21.14:556][  0]LogContentBrowser: Native class hierarchy updated for 'WidgetCarousel' in 0.0003 seconds. Added 0 classes and 0 folders.
[2015.09.23-06.21.16:452][  0]LogContentBrowser: Native class hierarchy updated for 'AddContentDialog' in 0.0003 seconds. Added 0 classes and 0 folders.
[2015.09.23-06.21.16:534][  0]LogContentBrowser: Native class hierarchy updated for 'SceneOutliner' in 0.0004 seconds. Added 1 classes and 2 folders.
[2015.09.23-06.21.16:804][  0]LogCrashTracker: Crashtracker disabled due to settings.
[2015.09.23-06.21.16:810][  0]LogUObjectGlobals:Warning: Failed to find object 'Class None.'
[2015.09.23-06.21.16:831][  0]LogLoad: Full Startup: 82.32 seconds (BP compile: 0.19 seconds)
[2015.09.23-06.21.17:425][  0]LogContentStreaming: Texture pool size now 1000 MB
[2015.09.23-06.21.17:693][  0]LogRenderer: Reallocating scene render targets to support 1156x468 (Frame:2).
[2015.09.23-06.21.18:092][  2]LogAssetRegistry: Asset discovery search completed in 26.9367 seconds
[2015.09.23-06.21.18:092][  2]LogCollectionManager: Rebuilt the object cache for 0 collections in 0.000001 seconds (found 0 objects)
[2015.09.23-06.21.18:092][  2]LogCollectionManager: Fixed up redirectors for 0 collections in 0.000037 seconds (updated 0 objects)
[2015.09.23-06.22.42:147][430]LogTexture:Display: Building textures: Texture2D_2 (G8)
[2015.09.23-06.22.48:941][739]LogLinker:Warning: Asset '../../../../../../Users/Jin/Desktop/Game-Files/SuperSpaceArmada/Content/Mannequin/Animations/ThirdPerson_AnimBP.uasset' has been saved with empty engine version. The asset will be loaded but may be incompatible.
[2015.09.23-06.22.48:959][739]LogLinker:Warning: Asset '../../../../../../Users/Jin/Desktop/Game-Files/SuperSpaceArmada/Content/Mannequin/Animations/ThirdPerson_Jump.uasset' has been saved with empty engine version. The asset will be loaded but may be incompatible.
[2015.09.23-06.22.49:010][739]LogLinker:Warning: Asset '../../../../../../Users/Jin/Desktop/Game-Files/SuperSpaceArmada/Content/Mannequin/Animations/ThirdPersonJump_Loop.uasset' has been saved with empty engine version. The asset will be loaded but may be incompatible.
[2015.09.23-06.22.49:014][739]LogLinker:Warning: Asset '../../../../../../Users/Jin/Desktop/Game-Files/SuperSpaceArmada/Content/Mannequin/Animations/ThirdPersonJump_Start.uasset' has been saved with empty engine version. The asset will be loaded but may be incompatible.
[2015.09.23-06.22.49:028][739]LogLinker:Warning: Asset '../../../../../../Users/Jin/Desktop/Game-Files/SuperSpaceArmada/Content/Mannequin/Animations/ThirdPerson_IdleRun_2D.uasset' has been saved with empty engine version. The asset will be loaded but may be incompatible.
[2015.09.23-06.22.49:041][739]LogLinker:Warning: Asset '../../../../../../Users/Jin/Desktop/Game-Files/SuperSpaceArmada/Content/Mannequin/Animations/ThirdPersonIdle.uasset' has been saved with empty engine version. The asset will be loaded but may be incompatible.
[2015.09.23-06.22.49:065][739]LogLinker:Warning: Asset '../../../../../../Users/Jin/Desktop/Game-Files/SuperSpaceArmada/Content/Mannequin/Animations/ThirdPersonRun.uasset' has been saved with empty engine version. The asset will be loaded but may be incompatible.
[2015.09.23-06.22.49:082][739]LogLinker:Warning: Asset '../../../../../../Users/Jin/Desktop/Game-Files/SuperSpaceArmada/Content/Mannequin/Animations/ThirdPersonWalk.uasset' has been saved with empty engine version. The asset will be loaded but may be incompatible.
[2015.09.23-06.22.54:394][739]LogAIModule: Creating AISystem for world PrototypeLevel
[2015.09.23-06.22.54:495][739]LogActorComponent: UnregisterComponent: (/Engine/Transient.MovementComponent0) Not registered. Aborting.
[2015.09.23-06.22.54:544][739]Cmd: MAP LOAD FILE="../../../../../../Users/Jin/Desktop/Game-Files/SuperSpaceArmada/Content/SSA/Maps/PrototypeLevel.umap" TEMPLATE=0 SHOWPROGRESS=1 FEATURELEVEL=3
[2015.09.23-06.22.54:544][739]LightingResults: New page: Lighting Build
[2015.09.23-06.22.54:548][739]LogContentBrowser: Native class hierarchy updated for 'StatsViewer' in 0.0004 seconds. Added 5 classes and 0 folders.
[2015.09.23-06.22.54:577][739]LoadErrors: New page: Loading map: PrototypeLevel.umap
[2015.09.23-06.22.54:577][739]MapCheck: New page: Map Check
[2015.09.23-06.22.54:577][739]LightingResults: New page: Lighting Build
[2015.09.23-06.22.54:592][739]LogParticles: Destroying 0 GPU particle simulations for FXSystem 0x000000E07D404400
[2015.09.23-06.22.54:600][739]LogEditorServer: Finished looking for orphan Actors (0.000 secs)
[2015.09.23-06.22.54:648][739]Cmd: MAP CHECKDEP NOCLEARLOG
[2015.09.23-06.22.54:794][739]MapCheck: Info Map check complete: 0 Error(s), 0 Warning(s), took 145.668ms to complete.
[2015.09.23-06.22.54:795][739]LogFileHelpers: Loading map 'PrototypeLevel' took 0.254
[2015.09.23-06.22.56:949][822]LogEditorViewport: Clicking on Actor (LMB): BP_Sky_Sphere_C (SkySphereBlueprint)
[2015.09.23-06.23.10:629][231]LogMaterial: Missing cached shader map for material M_Sky_Panning_Clouds2, compiling. 
[2015.09.23-06.23.10:781][231]LogMaterial: Missing cached shader map for material M_Sky_Panning_Clouds2, compiling. 
[2015.09.23-06.23.10:783][231]LogMaterial: 0.000047 seconds spent updating 1 materials, 1 interfaces, 0 instances, 0 with static permutations.
[2015.09.23-06.23.10:844][231]LogMaterial: Missing cached shader map for material FMatExpressionPreview MaterialExpressionVectorParameter_12, compiling. 
[2015.09.23-06.23.10:847][231]LogMaterial: Missing cached shader map for material FMatExpressionPreview MaterialExpressionVectorParameter_13, compiling. 
[2015.09.23-06.23.10:869][231]LogMaterial: Missing cached shader map for material FMatExpressionPreview MaterialExpressionVectorParameter_14, compiling. 
[2015.09.23-06.23.10:874][231]LogMaterial: Missing cached shader map for material FMatExpressionPreview MaterialExpressionVectorParameter_15, compiling. 
[2015.09.23-06.23.10:894][231]LogMaterial: Missing cached shader map for material FMatExpressionPreview MaterialExpressionConstant3Vector_3, compiling. 
[2015.09.23-06.23.10:897][231]LogMaterial: Missing cached shader map for material FMatExpressionPreview MaterialExpressionVectorParameter_16, compiling. 
[2015.09.23-06.23.10:900][231]LogMaterial: Missing cached shader map for material FMatExpressionPreview MaterialExpressionVectorParameter_17, compiling. 
[2015.09.23-06.23.10:903][231]LogMaterial: Missing cached shader map for material FMatExpressionPreview MaterialExpressionTextureSample_7, compiling. 
[2015.09.23-06.23.10:907][231]LogMaterial: Missing cached shader map for material FMatExpressionPreview MaterialExpressionTextureSample_5, compiling. 
[2015.09.23-06.23.10:972][231]LogMaterial: Missing cached shader map for material FMatExpressionPreview MaterialExpressionTextureSample_8, compiling. 
[2015.09.23-06.23.10:975][231]LogMaterial: Missing cached shader map for material FMatExpressionPreview MaterialExpressionTextureSample_0, compiling. 
[2015.09.23-06.23.13:379][285]MaterialEditorStats: Info Base pass shader without light map: 74 instructions
[2015.09.23-06.23.13:379][285]MaterialEditorStats: Info Vertex shader: 32 instructions
[2015.09.23-06.23.13:379][285]MaterialEditorStats: Info Texture samplers: 3/16
[2015.09.23-06.23.25:965][597]LogRenderer: Reallocating scene render targets to support 1392x924 (Frame:3646).
[2015.09.23-06.23.37:038][914]LogRenderer: Reallocating scene render targets to support 1432x924 (Frame:3937).
[2015.09.23-06.24.34:825][774]Cmd: OBJ SAVEPACKAGE PACKAGE="/Game/Effects/SM_SkySphere2" FILE="../../../../../../Users/Jin/Desktop/Game-Files/SuperSpaceArmada/Content/Effects/SM_SkySphere2.uasset" SILENT=true
[2015.09.23-06.24.34:837][774]LogSavePackage: Save=10.464671ms
[2015.09.23-06.24.34:837][774]LogSavePackage: Moving '../../../../../../Users/Jin/Desktop/Game-Files/SuperSpaceArmada/Saved/SM_SkySphere292F227B94B3D0C05EC0FE4B5CEF5A959.tmp' to '../../../../../../Users/Jin/Desktop/Game-Files/SuperSpaceArmada/Content/Effects/SM_SkySphere2.uasset'
[2015.09.23-06.24.34:840][774]LogSavePackage: Total save time: 13.808489ms
[2015.09.23-06.24.34:840][774]LogSavePackage:Warning: Finished SavePackage ../../../../../../Users/Jin/Desktop/Game-Files/SuperSpaceArmada/Content/Effects/SM_SkySphere2.uasset
[2015.09.23-06.24.34:910][774]LogParticles: Destroying 0 GPU particle simulations for FXSystem 0x000000E00C8FBEC0
[2015.09.23-06.24.34:910][774]LogParticles: Destroying 0 GPU particle simulations for FXSystem 0x000000E016ADDEE0
[2015.09.23-06.24.34:911][774]LogParticles: Destroying 0 GPU particle simulations for FXSystem 0x000000E018DAF100
[2015.09.23-06.24.48:565][203]Cmd: OBJ SAVEPACKAGE PACKAGE="/Game/Effects/Cubemap" FILE="../../../../../../Users/Jin/Desktop/Game-Files/SuperSpaceArmada/Content/Effects/Cubemap.uasset" SILENT=true
[2015.09.23-06.24.48:733][203]LogSavePackage: Save=166.430176ms
[2015.09.23-06.24.48:733][203]LogSavePackage: Moving '../../../../../../Users/Jin/Desktop/Game-Files/SuperSpaceArmada/Saved/Cubemap62703D2C4EF71D78C0C61E97D8BA8670.tmp' to '../../../../../../Users/Jin/Desktop/Game-Files/SuperSpaceArmada/Content/Effects/Cubemap.uasset'
[2015.09.23-06.24.48:737][203]LogSavePackage: Total save time: 171.049684ms
[2015.09.23-06.24.48:737][203]LogSavePackage:Warning: Finished SavePackage ../../../../../../Users/Jin/Desktop/Game-Files/SuperSpaceArmada/Content/Effects/Cubemap.uasset
[2015.09.23-06.24.48:821][203]LogParticles: Destroying 0 GPU particle simulations for FXSystem 0x000000E025D209A0
[2015.09.23-06.24.51:395][261]LogContentBrowser: Native class hierarchy updated for 'TextureEditor' in 0.0005 seconds. Added 1 classes and 2 folders.
[2015.09.23-06.25.10:463][862]LogMaterial: Missing cached shader map for material Skybox, compiling. 
[2015.09.23-06.25.10:526][862]LogMaterial: Missing cached shader map for material Skybox, compiling. 
[2015.09.23-06.25.10:531][862]LogMaterial: 0.000090 seconds spent updating 1 materials, 1 interfaces, 0 instances, 0 with static permutations.
[2015.09.23-06.25.12:591][913]MaterialEditorStats: Info Base pass shader with only dynamic lighting: 31 instructions
[2015.09.23-06.25.12:591][913]MaterialEditorStats: Info Vertex shader: 31 instructions
[2015.09.23-06.25.12:591][913]MaterialEditorStats: Info Texture samplers: 0/16
[2015.09.23-06.25.35:772][538]LogParticles: Destroying 0 GPU particle simulations for FXSystem 0x000000E02822D620
[2015.09.23-06.25.39:212][564]LogEditorViewport: Clicking on Actor (LMB): BP_Sky_Sphere_C (SkySphereBlueprint)
[2015.09.23-06.25.39:652][579]LogEditorViewport: Clicking on Actor (context menu): BP_Sky_Sphere_C (SkySphereBlueprint)
[2015.09.23-06.25.54:076][ 95]LogMaterial: Missing cached shader map for material M_Sky_Panning_Clouds2, compiling. 
[2015.09.23-06.25.54:215][ 95]LogMaterial: Missing cached shader map for material M_Sky_Panning_Clouds2, compiling. 
[2015.09.23-06.25.54:219][ 95]LogMaterial: 0.000036 seconds spent updating 1 materials, 1 interfaces, 0 instances, 0 with static permutations.
[2015.09.23-06.25.54:271][ 95]LogMaterial: Missing cached shader map for material FMatExpressionPreview MaterialExpressionVectorParameter_12, compiling. 
[2015.09.23-06.25.54:276][ 95]LogMaterial: Missing cached shader map for material FMatExpressionPreview MaterialExpressionVectorParameter_13, compiling. 
[2015.09.23-06.25.54:282][ 95]LogMaterial: Missing cached shader map for material FMatExpressionPreview MaterialExpressionVectorParameter_14, compiling. 
[2015.09.23-06.25.54:287][ 95]LogMaterial: Missing cached shader map for material FMatExpressionPreview MaterialExpressionVectorParameter_15, compiling. 
[2015.09.23-06.25.54:294][ 95]LogMaterial: Missing cached shader map for material FMatExpressionPreview MaterialExpressionConstant3Vector_3, compiling. 
[2015.09.23-06.25.54:299][ 95]LogMaterial: Missing cached shader map for material FMatExpressionPreview MaterialExpressionVectorParameter_16, compiling. 
[2015.09.23-06.25.54:305][ 95]LogMaterial: Missing cached shader map for material FMatExpressionPreview MaterialExpressionVectorParameter_17, compiling. 
[2015.09.23-06.25.54:311][ 95]LogMaterial: Missing cached shader map for material FMatExpressionPreview MaterialExpressionTextureSample_7, compiling. 
[2015.09.23-06.25.54:316][ 95]LogMaterial: Missing cached shader map for material FMatExpressionPreview MaterialExpressionTextureSample_5, compiling. 
[2015.09.23-06.25.54:321][ 95]LogMaterial: Missing cached shader map for material FMatExpressionPreview MaterialExpressionTextureSample_8, compiling. 
[2015.09.23-06.25.54:328][ 95]LogMaterial: Missing cached shader map for material FMatExpressionPreview MaterialExpressionTextureSample_0, compiling. 
[2015.09.23-06.25.55:604][125]MaterialEditorStats: Info Base pass shader without light map: 74 instructions
[2015.09.23-06.25.55:604][125]MaterialEditorStats: Info Vertex shader: 32 instructions
[2015.09.23-06.25.55:604][125]MaterialEditorStats: Info Texture samplers: 3/16
[2015.09.23-06.26.17:415][778]LogLinker:Warning: Asset '../../../Engine/Content/ArtTools/RenderToTexture/Macros/RenderToTextureMacros.uasset' has been saved with empty engine version. The asset will be loaded but may be incompatible.
[2015.09.23-06.26.18:017][778]LogContentBrowser: Native class hierarchy updated for 'BlueprintGraph' in 0.0008 seconds. Added 107 classes and 0 folders.
[2015.09.23-06.26.25:814][971]LogMaterial: Missing cached shader map for material PreviewMaterial_0, compiling. 
[2015.09.23-06.26.25:960][971]LogMaterial: Missing cached shader map for material PreviewMaterial_0, compiling. 
[2015.09.23-06.26.25:963][971]LogMaterial: 0.000083 seconds spent updating 1 materials, 1 interfaces, 0 instances, 0 with static permutations.
[2015.09.23-06.26.26:022][971]LogMaterial: Missing cached shader map for material FMatExpressionPreview MaterialExpressionVectorParameter_12, compiling. 
[2015.09.23-06.26.26:026][971]LogMaterial: Missing cached shader map for material FMatExpressionPreview MaterialExpressionVectorParameter_13, compiling. 
[2015.09.23-06.26.26:031][971]LogMaterial: Missing cached shader map for material FMatExpressionPreview MaterialExpressionVectorParameter_14, compiling. 
[2015.09.23-06.26.26:037][971]LogMaterial: Missing cached shader map for material FMatExpressionPreview MaterialExpressionVectorParameter_15, compiling. 
[2015.09.23-06.26.26:044][971]LogMaterial: Missing cached shader map for material FMatExpressionPreview MaterialExpressionConstant3Vector_3, compiling. 
[2015.09.23-06.26.26:049][971]LogMaterial: Missing cached shader map for material FMatExpressionPreview MaterialExpressionVectorParameter_16, compiling. 
[2015.09.23-06.26.26:056][971]LogMaterial: Missing cached shader map for material FMatExpressionPreview MaterialExpressionVectorParameter_17, compiling. 
[2015.09.23-06.26.26:062][971]LogMaterial: Missing cached shader map for material FMatExpressionPreview MaterialExpressionTextureSample_7, compiling. 
[2015.09.23-06.26.26:068][971]LogMaterial: Missing cached shader map for material FMatExpressionPreview MaterialExpressionTextureSample_5, compiling. 
[2015.09.23-06.26.26:073][971]LogMaterial: Missing cached shader map for material FMatExpressionPreview MaterialExpressionTextureSample_8, compiling. 
[2015.09.23-06.26.26:078][971]LogMaterial: Missing cached shader map for material FMatExpressionPreview MaterialExpressionTextureSample_0, compiling. 
[2015.09.23-06.26.27:592][  6]MaterialEditorStats: Info Base pass shader without light map: 74 instructions
[2015.09.23-06.26.27:592][  6]MaterialEditorStats: Info Vertex shader: 32 instructions
[2015.09.23-06.26.27:592][  6]MaterialEditorStats: Info Texture samplers: 3/16
[2015.09.23-06.26.42:312][471]LogMaterial: Missing cached shader map for material M_Sky_Panning_Clouds3, compiling. 
[2015.09.23-06.26.49:240][727]Cmd: OBJ SAVEPACKAGE PACKAGE="/Game/Effects/M_Sky_Panning_Clouds3" FILE="../../../../../../Users/Jin/Desktop/Game-Files/SuperSpaceArmada/Content/Effects/M_Sky_Panning_Clouds3.uasset" SILENT=true
[2015.09.23-06.26.49:272][727]LogSavePackage: Save=30.150396ms
[2015.09.23-06.26.49:272][727]LogSavePackage: Moving '../../../../../../Users/Jin/Desktop/Game-Files/SuperSpaceArmada/Saved/M_Sky_Panning_Clouds305978E164BFB9C2B7C7C8FA0ACFECCC4.tmp' to '../../../../../../Users/Jin/Desktop/Game-Files/SuperSpaceArmada/Content/Effects/M_Sky_Panning_Clouds3.uasset'
[2015.09.23-06.26.49:274][727]LogSavePackage: Total save time: 32.884810ms
[2015.09.23-06.26.49:274][727]LogSavePackage:Warning: Finished SavePackage ../../../../../../Users/Jin/Desktop/Game-Files/SuperSpaceArmada/Content/Effects/M_Sky_Panning_Clouds3.uasset
[2015.09.23-06.26.49:382][727]LogParticles: Destroying 0 GPU particle simulations for FXSystem 0x000000E018DAD8A0
[2015.09.23-06.26.49:384][727]LogParticles: Destroying 0 GPU particle simulations for FXSystem 0x000000E016E31DA0
[2015.09.23-06.26.49:387][727]LogParticles: Destroying 0 GPU particle simulations for FXSystem 0x000000E023C24FE0
[2015.09.23-06.26.49:390][727]LogParticles: Destroying 0 GPU particle simulations for FXSystem 0x000000E07A503F60
[2015.09.23-06.26.52:860][802]LogMaterial: Missing cached shader map for material M_Sky_Panning_Clouds3, compiling. 
[2015.09.23-06.26.53:023][802]LogMaterial: Missing cached shader map for material M_Sky_Panning_Clouds3, compiling. 
[2015.09.23-06.26.53:026][802]LogMaterial: 0.000059 seconds spent updating 1 materials, 1 interfaces, 0 instances, 0 with static permutations.
[2015.09.23-06.26.53:049][802]LogMaterial: Missing cached shader map for material FMatExpressionPreview MaterialExpressionVectorParameter_12, compiling. 
[2015.09.23-06.26.53:054][802]LogMaterial: Missing cached shader map for material FMatExpressionPreview MaterialExpressionVectorParameter_13, compiling. 
[2015.09.23-06.26.53:059][802]LogMaterial: Missing cached shader map for material FMatExpressionPreview MaterialExpressionVectorParameter_14, compiling. 
[2015.09.23-06.26.53:063][802]LogMaterial: Missing cached shader map for material FMatExpressionPreview MaterialExpressionVectorParameter_15, compiling. 
[2015.09.23-06.26.53:070][802]LogMaterial: Missing cached shader map for material FMatExpressionPreview MaterialExpressionConstant3Vector_3, compiling. 
[2015.09.23-06.26.53:075][802]LogMaterial: Missing cached shader map for material FMatExpressionPreview MaterialExpressionVectorParameter_16, compiling. 
[2015.09.23-06.26.53:080][802]LogMaterial: Missing cached shader map for material FMatExpressionPreview MaterialExpressionVectorParameter_17, compiling. 
[2015.09.23-06.26.53:087][802]LogMaterial: Missing cached shader map for material FMatExpressionPreview MaterialExpressionTextureSample_7, compiling. 
[2015.09.23-06.26.53:092][802]LogMaterial: Missing cached shader map for material FMatExpressionPreview MaterialExpressionTextureSample_5, compiling. 
[2015.09.23-06.26.53:098][802]LogMaterial: Missing cached shader map for material FMatExpressionPreview MaterialExpressionTextureSample_8, compiling. 
[2015.09.23-06.26.53:104][802]LogMaterial: Missing cached shader map for material FMatExpressionPreview MaterialExpressionTextureSample_0, compiling. 
[2015.09.23-06.26.54:273][829]MaterialEditorStats: Info Base pass shader without light map: 74 instructions
[2015.09.23-06.26.54:273][829]MaterialEditorStats: Info Vertex shader: 32 instructions
[2015.09.23-06.26.54:273][829]MaterialEditorStats: Info Texture samplers: 3/16
[2015.09.23-06.27.37:103][297]LogMaterial: Missing cached shader map for material M_Sky_Panning_Clouds3, compiling. 
[2015.09.23-06.27.37:107][297]LogMaterial: 0.000148 seconds spent updating 1 materials, 1 interfaces, 0 instances, 0 with static permutations.
[2015.09.23-06.27.37:138][297]LogMaterial: Missing cached shader map for material FMatExpressionPreview MaterialExpressionTextureSample_0, compiling. 
[2015.09.23-06.27.38:310][327]MaterialEditorStats: Info Base pass shader without light map: 74 instructions
[2015.09.23-06.27.38:310][327]MaterialEditorStats: Info Vertex shader: 32 instructions
[2015.09.23-06.27.38:310][327]MaterialEditorStats: Info Texture samplers: 3/16
[2015.09.23-06.28.49:136][ 81]LogMaterial: Missing cached shader map for material M_Sky_Panning_Clouds3, compiling. 
[2015.09.23-06.28.49:141][ 81]LogMaterial: 0.000082 seconds spent updating 1 materials, 1 interfaces, 0 instances, 0 with static permutations.
[2015.09.23-06.28.50:156][106]MaterialEditorStats: Info Base pass shader without light map: 74 instructions
[2015.09.23-06.28.50:156][106]MaterialEditorStats: Info Vertex shader: 32 instructions
[2015.09.23-06.28.50:156][106]MaterialEditorStats: Info Texture samplers: 3/16
[2015.09.23-06.28.55:248][242]LogMaterial: Missing cached shader map for material FMatExpressionPreview MaterialExpressionSceneTexture_0, compiling. 
[2015.09.23-06.29.07:318][768]LogMaterial: Missing cached shader map for material M_Sky_Panning_Clouds3, compiling. 
[2015.09.23-06.29.07:323][768]LogMaterial: 0.000077 seconds spent updating 1 materials, 1 interfaces, 0 instances, 0 with static permutations.
[2015.09.23-06.29.07:739][777]MaterialEditorStats: Info Base pass shader without light map: 74 instructions
[2015.09.23-06.29.07:739][777]MaterialEditorStats: Info Vertex shader: 32 instructions
[2015.09.23-06.29.07:739][777]MaterialEditorStats: Info Texture samplers: 3/16
[2015.09.23-06.29.13:799][978]LogMaterial: Missing cached shader map for material M_Sky_Panning_Clouds3, compiling. 
[2015.09.23-06.29.13:804][978]LogMaterial: 0.000087 seconds spent updating 1 materials, 1 interfaces, 0 instances, 0 with static permutations.
[2015.09.23-06.29.14:194][986]MaterialEditorStats: Info Base pass shader without light map: 71 instructions
[2015.09.23-06.29.14:194][986]MaterialEditorStats: Info Vertex shader: 32 instructions
[2015.09.23-06.29.14:194][986]MaterialEditorStats: Info Texture samplers: 2/16
[2015.09.23-06.29.22:230][261]LogMaterial: Missing cached shader map for material M_Sky_Panning_Clouds3, compiling. 
[2015.09.23-06.29.22:235][261]LogMaterial: 0.000104 seconds spent updating 1 materials, 1 interfaces, 0 instances, 0 with static permutations.
[2015.09.23-06.29.22:237][261]LogMaterial: Missing cached shader map for material FMatExpressionPreview MaterialExpressionTextureSample_2, compiling. 
[2015.09.23-06.29.22:804][274]MaterialEditorStats: Info Base pass shader without light map: 71 instructions
[2015.09.23-06.29.22:804][274]MaterialEditorStats: Info Vertex shader: 32 instructions
[2015.09.23-06.29.22:804][274]MaterialEditorStats: Info Texture samplers: 2/16
[2015.09.23-06.29.34:939][637]LogMaterial: Missing cached shader map for material M_Sky_Panning_Clouds3, compiling. 
[2015.09.23-06.29.34:942][637]LogMaterial: 0.000183 seconds spent updating 1 materials, 1 interfaces, 0 instances, 0 with static permutations.
[2015.09.23-06.29.34:971][637]LogMaterial: Missing cached shader map for material FMatExpressionPreview MaterialExpressionTextureSample_2, compiling. 
[2015.09.23-06.29.35:321][647]MaterialEditorStats: Info Base pass shader without light map: 19 instructions
[2015.09.23-06.29.35:321][647]MaterialEditorStats: Info Vertex shader: 33 instructions
[2015.09.23-06.29.35:321][647]MaterialEditorStats: Info Texture samplers: 1/16
[2015.09.23-06.29.52:053][ 31]LogMaterial: Missing cached shader map for material PreviewMaterial_1, compiling. 
[2015.09.23-06.29.52:243][ 31]LogMaterial: Missing cached shader map for material PreviewMaterial_1, compiling. 
[2015.09.23-06.29.52:246][ 31]LogMaterial: 0.000052 seconds spent updating 1 materials, 1 interfaces, 0 instances, 0 with static permutations.
[2015.09.23-06.29.52:273][ 31]LogMaterial: Missing cached shader map for material FMatExpressionPreview MaterialExpressionVectorParameter_12, compiling. 
[2015.09.23-06.29.52:278][ 31]LogMaterial: Missing cached shader map for material FMatExpressionPreview MaterialExpressionVectorParameter_13, compiling. 
[2015.09.23-06.29.52:309][ 31]LogMaterial: Missing cached shader map for material FMatExpressionPreview MaterialExpressionVectorParameter_14, compiling. 
[2015.09.23-06.29.52:315][ 31]LogMaterial: Missing cached shader map for material FMatExpressionPreview MaterialExpressionVectorParameter_15, compiling. 
[2015.09.23-06.29.52:320][ 31]LogMaterial: Missing cached shader map for material FMatExpressionPreview MaterialExpressionConstant3Vector_3, compiling. 
[2015.09.23-06.29.52:327][ 31]LogMaterial: Missing cached shader map for material FMatExpressionPreview MaterialExpressionVectorParameter_16, compiling. 
[2015.09.23-06.29.52:332][ 31]LogMaterial: Missing cached shader map for material FMatExpressionPreview MaterialExpressionVectorParameter_17, compiling. 
[2015.09.23-06.29.52:339][ 31]LogMaterial: Missing cached shader map for material FMatExpressionPreview MaterialExpressionTextureSample_7, compiling. 
[2015.09.23-06.29.52:344][ 31]LogMaterial: Missing cached shader map for material FMatExpressionPreview MaterialExpressionTextureSample_5, compiling. 
[2015.09.23-06.29.52:348][ 31]LogMaterial: Missing cached shader map for material FMatExpressionPreview MaterialExpressionTextureSample_8, compiling. 
[2015.09.23-06.29.52:352][ 31]LogMaterial: Missing cached shader map for material FMatExpressionPreview MaterialExpressionTextureSample_0, compiling. 
[2015.09.23-06.29.52:763][ 37]MaterialEditorStats: Info Base pass shader without light map: 74 instructions
[2015.09.23-06.29.52:763][ 37]MaterialEditorStats: Info Vertex shader: 32 instructions
[2015.09.23-06.29.52:763][ 37]MaterialEditorStats: Info Texture samplers: 3/16
[2015.09.23-06.32.18:222][737]LogParticles: Destroying 0 GPU particle simulations for FXSystem 0x000000E002BBF9C0
[2015.09.23-06.32.18:223][737]LogParticles: Destroying 0 GPU particle simulations for FXSystem 0x000000E04EAF4AE0
[2015.09.23-06.32.29:413][120]LogMaterial: Missing cached shader map for material skybox, compiling. 
[2015.09.23-06.32.29:485][120]LogMaterial: Missing cached shader map for material skybox, compiling. 
[2015.09.23-06.32.29:491][120]LogMaterial: 0.000061 seconds spent updating 1 materials, 1 interfaces, 0 instances, 0 with static permutations.
[2015.09.23-06.32.30:850][164]MaterialEditorStats: Info Base pass shader with only dynamic lighting: 31 instructions
[2015.09.23-06.32.30:850][164]MaterialEditorStats: Info Vertex shader: 31 instructions
[2015.09.23-06.32.30:850][164]MaterialEditorStats: Info Texture samplers: 0/16
[2015.09.23-06.32.39:767][694]LogMaterial: Missing cached shader map for material skybox, compiling. 
[2015.09.23-06.32.39:772][694]LogMaterial: 0.000079 seconds spent updating 1 materials, 1 interfaces, 0 instances, 0 with static permutations.
[2015.09.23-06.32.40:603][722]MaterialEditorStats: Info Base pass shader with only dynamic lighting: 31 instructions
[2015.09.23-06.32.40:603][722]MaterialEditorStats: Info Vertex shader: 31 instructions
[2015.09.23-06.32.40:603][722]MaterialEditorStats: Info Texture samplers: 0/16
[2015.09.23-06.33.17:888][813]LogMaterial: Missing cached shader map for material skybox, compiling. 
[2015.09.23-06.33.17:893][813]LogMaterial: 0.000122 seconds spent updating 1 materials, 1 interfaces, 0 instances, 0 with static permutations.
[2015.09.23-06.33.19:390][863]MaterialEditorStats: Info Base pass shader with only dynamic lighting: 31 instructions
[2015.09.23-06.33.19:390][863]MaterialEditorStats: Info Vertex shader: 31 instructions
[2015.09.23-06.33.19:390][863]MaterialEditorStats: Info Texture samplers: 0/16
[2015.09.23-06.33.23:560][ 76]LogMaterial: Missing cached shader map for material skybox, compiling. 
[2015.09.23-06.33.23:565][ 76]LogMaterial: 0.000099 seconds spent updating 1 materials, 1 interfaces, 0 instances, 0 with static permutations.
[2015.09.23-06.33.24:501][107]MaterialEditorStats: Info Base pass shader with only dynamic lighting: 31 instructions
[2015.09.23-06.33.24:501][107]MaterialEditorStats: Info Vertex shader: 31 instructions
[2015.09.23-06.33.24:501][107]MaterialEditorStats: Info Texture samplers: 0/16
[2015.09.23-06.33.46:278][128]LogMaterial: Missing cached shader map for material skybox, compiling. 
[2015.09.23-06.33.46:285][128]LogMaterial: 0.000098 seconds spent updating 1 materials, 1 interfaces, 0 instances, 0 with static permutations.
[2015.09.23-06.33.46:286][128]LogMaterial: Missing cached shader map for material FMatExpressionPreview MaterialExpressionTextureSampleParameterCube_0, compiling. 
[2015.09.23-06.33.47:739][176]MaterialEditorStats: Info Base pass shader with only dynamic lighting: 31 instructions
[2015.09.23-06.33.47:739][176]MaterialEditorStats: Info Vertex shader: 31 instructions
[2015.09.23-06.33.47:739][176]MaterialEditorStats: Info Texture samplers: 0/16
[2015.09.23-06.33.58:444][683]LogMaterial: Missing cached shader map for material skybox, compiling. 
[2015.09.23-06.33.58:451][683]LogMaterial: 0.000090 seconds spent updating 1 materials, 1 interfaces, 0 instances, 0 with static permutations.
[2015.09.23-06.33.58:479][683]LogMaterial: Missing cached shader map for material FMatExpressionPreview MaterialExpressionTextureSampleParameterCube_0, compiling. 
[2015.09.23-06.33.59:297][711]MaterialEditorStats: Info Base pass shader with only dynamic lighting: 31 instructions
[2015.09.23-06.33.59:297][711]MaterialEditorStats: Info Vertex shader: 31 instructions
[2015.09.23-06.33.59:297][711]MaterialEditorStats: Info Texture samplers: 0/16
[2015.09.23-06.34.03:423][889]LogMaterial: Missing cached shader map for material skybox, compiling. 
[2015.09.23-06.34.03:429][889]LogMaterial: 0.000083 seconds spent updating 1 materials, 1 interfaces, 0 instances, 0 with static permutations.
[2015.09.23-06.34.03:458][889]LogMaterial: Missing cached shader map for material FMatExpressionPreview MaterialExpressionTextureSampleParameterCube_0, compiling. 
[2015.09.23-06.34.04:225][920]MaterialEditorStats: Info Base pass shader with only dynamic lighting: 31 instructions
[2015.09.23-06.34.04:225][920]MaterialEditorStats: Info Vertex shader: 31 instructions
[2015.09.23-06.34.04:225][920]MaterialEditorStats: Info Texture samplers: 0/16
[2015.09.23-06.34.07:114][ 65]LogMaterial: Missing cached shader map for material skybox, compiling. 
[2015.09.23-06.34.07:114][ 65]LogMaterial:Warning: Failed to compile Material /Engine/Transient.skybox for platform PCD3D_SM5, Default Material will be used in game.
[2015.09.23-06.34.07:114][ 65]LogMaterial:Warning: 	(Node TextureSampleParameterCube) ParamCube> Requires TextureCube
[2015.09.23-06.34.07:114][ 65]LogMaterial: 0.000136 seconds spent updating 1 materials, 1 interfaces, 0 instances, 0 with static permutations.
[2015.09.23-06.34.07:141][ 65]LogMaterial: Missing cached shader map for material FMatExpressionPreview MaterialExpressionTextureSampleParameterCube_0, compiling. 
[2015.09.23-06.34.07:143][ 65]MaterialEditorStats:Error: Error [SM5] (Node TextureSampleParameterCube) ParamCube> Requires TextureCube
[2015.09.23-06.34.36:351][171]LogMaterial: Missing cached shader map for material skybox, compiling. 
[2015.09.23-06.34.36:356][171]LogMaterial: 0.000075 seconds spent updating 1 materials, 1 interfaces, 0 instances, 0 with static permutations.
[2015.09.23-06.34.37:753][231]MaterialEditorStats: Info Base pass shader with only dynamic lighting: 31 instructions
[2015.09.23-06.34.37:753][231]MaterialEditorStats: Info Vertex shader: 31 instructions
[2015.09.23-06.34.37:753][231]MaterialEditorStats: Info Texture samplers: 0/16
[2015.09.23-06.34.50:060][967]LogMaterial: Missing cached shader map for material skybox, compiling. 
[2015.09.23-06.34.50:067][967]LogMaterial: 0.000097 seconds spent updating 1 materials, 1 interfaces, 0 instances, 0 with static permutations.
[2015.09.23-06.34.50:898][995]MaterialEditorStats: Info Base pass shader with only dynamic lighting: 31 instructions
[2015.09.23-06.34.50:898][995]MaterialEditorStats: Info Vertex shader: 31 instructions
[2015.09.23-06.34.50:898][995]MaterialEditorStats: Info Texture samplers: 0/16
[2015.09.23-06.34.54:111][104]LogMaterial: Missing cached shader map for material skybox, compiling. 
[2015.09.23-06.34.54:117][104]LogMaterial: 0.000139 seconds spent updating 1 materials, 1 interfaces, 0 instances, 0 with static permutations.
[2015.09.23-06.34.54:984][133]MaterialEditorStats: Info Base pass shader with only dynamic lighting: 31 instructions
[2015.09.23-06.34.54:984][133]MaterialEditorStats: Info Vertex shader: 31 instructions
[2015.09.23-06.34.54:984][133]MaterialEditorStats: Info Texture samplers: 0/16
[2015.09.23-06.35.01:112][496]LogMaterial: Missing cached shader map for material skybox, compiling. 
[2015.09.23-06.35.01:118][496]LogMaterial: 0.000099 seconds spent updating 1 materials, 1 interfaces, 0 instances, 0 with static permutations.
[2015.09.23-06.35.01:119][496]LogMaterial: Missing cached shader map for material FMatExpressionPreview MaterialExpressionTextureSampleParameterCube_1, compiling. 
[2015.09.23-06.35.02:062][527]MaterialEditorStats: Info Base pass shader with only dynamic lighting: 31 instructions
[2015.09.23-06.35.02:062][527]MaterialEditorStats: Info Vertex shader: 31 instructions
[2015.09.23-06.35.02:062][527]MaterialEditorStats: Info Texture samplers: 0/16
[2015.09.23-06.35.04:574][645]LogMaterial: Missing cached shader map for material skybox, compiling. 
[2015.09.23-06.35.04:580][645]LogMaterial: 0.000099 seconds spent updating 1 materials, 1 interfaces, 0 instances, 0 with static permutations.
[2015.09.23-06.35.04:611][645]LogMaterial: Missing cached shader map for material FMatExpressionPreview MaterialExpressionTextureSampleParameterCube_1, compiling. 
[2015.09.23-06.35.05:596][680]MaterialEditorStats: Info Base pass shader with only dynamic lighting: 31 instructions
[2015.09.23-06.35.05:596][680]MaterialEditorStats: Info Vertex shader: 31 instructions
[2015.09.23-06.35.05:596][680]MaterialEditorStats: Info Texture samplers: 0/16
[2015.09.23-06.35.30:734][ 90]LogMaterial: Missing cached shader map for material skybox, compiling. 
[2015.09.23-06.35.30:739][ 90]LogMaterial: 0.000046 seconds spent updating 1 materials, 1 interfaces, 0 instances, 0 with static permutations.
[2015.09.23-06.35.30:803][ 90]LogMaterial: Missing cached shader map for material FMatExpressionPreview MaterialExpressionTextureSampleParameterCube_1, compiling. 
[2015.09.23-06.35.32:133][134]MaterialEditorStats: Info Base pass shader with only dynamic lighting: 31 instructions
[2015.09.23-06.35.32:133][134]MaterialEditorStats: Info Vertex shader: 31 instructions
[2015.09.23-06.35.32:133][134]MaterialEditorStats: Info Texture samplers: 0/16
[2015.09.23-06.35.33:527][199]LogMaterial: Missing cached shader map for material skybox, compiling. 
[2015.09.23-06.35.33:527][199]LogMaterial:Warning: Failed to compile Material /Engine/Transient.skybox for platform PCD3D_SM5, Default Material will be used in game.
[2015.09.23-06.35.33:527][199]LogMaterial:Warning: 	(Node TextureSampleParameterCube) ParamCube> Requires TextureCube
[2015.09.23-06.35.33:527][199]LogMaterial: 0.000104 seconds spent updating 1 materials, 1 interfaces, 0 instances, 0 with static permutations.
[2015.09.23-06.35.33:551][199]LogMaterial: Missing cached shader map for material FMatExpressionPreview MaterialExpressionTextureSampleParameterCube_1, compiling. 
[2015.09.23-06.35.33:553][199]MaterialEditorStats:Error: Error [SM5] (Node TextureSampleParameterCube) ParamCube> Requires TextureCube
[2015.09.23-06.35.38:624][301]LogParticles: Destroying 0 GPU particle simulations for FXSystem 0x000000E026E78C20
[2015.09.23-06.36.05:922][400]LogFileHelpers: Editor autosave (incl. sublevels) for '/Game/SSA/Maps/PrototypeLevel' took 0.025
[2015.09.23-06.36.05:929][400]LogSavePackage: Save=1.246181ms
[2015.09.23-06.36.05:929][400]LogSavePackage: Moving '../../../../../../Users/Jin/Desktop/Game-Files/SuperSpaceArmada/Saved/SM_SkySphere2_Auto13083BC394E5730B4DEF027A8970FD36F.tmp' to '../../../../../../Users/Jin/Desktop/Game-Files/SuperSpaceArmada/Saved/Autosaves/Engine/EngineSky/SM_SkySphere2_Auto1.uasset'
[2015.09.23-06.36.05:930][400]LogSavePackage: Total save time: 2.641615ms
[2015.09.23-06.36.05:930][400]LogSavePackage:Warning: Finished SavePackage ../../../../../../Users/Jin/Desktop/Game-Files/SuperSpaceArmada/Saved/Autosaves/Engine/EngineSky/SM_SkySphere2_Auto1.uasset
[2015.09.23-06.36.05:936][400]LogSavePackage: Save=1.054592ms
[2015.09.23-06.36.05:936][400]LogSavePackage: Moving '../../../../../../Users/Jin/Desktop/Game-Files/SuperSpaceArmada/Saved/M_Sky_Panning_Clouds3_Auto1129F3127447316991D6BA787B1048724.tmp' to '../../../../../../Users/Jin/Desktop/Game-Files/SuperSpaceArmada/Saved/Autosaves/Engine/EngineSky/M_Sky_Panning_Clouds3_Auto1.uasset'
[2015.09.23-06.36.05:938][400]LogSavePackage: Total save time: 2.826788ms
[2015.09.23-06.36.05:938][400]LogSavePackage:Warning: Finished SavePackage ../../../../../../Users/Jin/Desktop/Game-Files/SuperSpaceArmada/Saved/Autosaves/Engine/EngineSky/M_Sky_Panning_Clouds3_Auto1.uasset
[2015.09.23-06.36.05:938][400]LogFileHelpers: Auto-saving content packages took 0.016
[2015.09.23-06.37.05:837][119]LogEditorViewport: Clicking on Actor (LMB): BP_Sky_Sphere_C (SkySphereBlueprint)
[2015.09.23-06.37.29:634][188]LogBlueprintUserMessages: Early PlayInEditor Detection: Level '/Game/SSA/Maps/PrototypeLevel.PrototypeLevel:PersistentLevel' has LevelScriptBlueprint '/Game/SSA/Maps/PrototypeLevel.PrototypeLevel:PersistentLevel.PrototypeLevel' with GeneratedClass '/Game/SSA/Maps/PrototypeLevel.PrototypeLevel_C' with ClassGeneratedBy '/Game/SSA/Maps/PrototypeLevel.PrototypeLevel:PersistentLevel.PrototypeLevel'
[2015.09.23-06.37.29:634][188]LogPlayLevel: PlayLevel: No blueprints needed recompiling
[2015.09.23-06.37.29:634][188]PIE: New page: PIE session: PrototypeLevel (Sep 22, 2015, 10:37:29 PM)
[2015.09.23-06.37.29:634][188]LogPlayLevel: Creating play world package: /Game/SSA/Maps/UEDPIE_0_PrototypeLevel
[2015.09.23-06.37.29:670][188]LogPlayLevel: PIE: StaticDuplicateObject took: (0.035366s)
[2015.09.23-06.37.29:670][188]LogAIModule: Creating AISystem for world PrototypeLevel
[2015.09.23-06.37.29:671][188]LogPlayLevel: PIE: World Init took: (0.000913s)
[2015.09.23-06.37.29:671][188]LogPlayLevel: PIE: Created PIE world by copying editor world from /Game/SSA/Maps/PrototypeLevel.PrototypeLevel to /Game/SSA/Maps/UEDPIE_0_PrototypeLevel.PrototypeLevel (0.036605s)
[2015.09.23-06.37.29:709][188]LogInit: XAudio2 using 'Speakers / HP (IDT High Definition Audio CODEC)' : 2 channels at 44.1 kHz using 32 bits per sample (channel mask 0x3)
[2015.09.23-06.37.29:726][188]LogInit: FAudioDevice initialized.
[2015.09.23-06.37.29:773][188]LogWorld: Game class is 'TopDownGameMode_C'
[2015.09.23-06.37.29:780][188]LogWorld:Warning: *** WARNING - PATHS MAY NOT BE VALID ***
[2015.09.23-06.37.29:780][188]LogWorld: Bringing World /Game/SSA/Maps/UEDPIE_0_PrototypeLevel.PrototypeLevel up for play (max tick rate 60) at 2015.09.23-02.37.29
[2015.09.23-06.37.29:780][188]LogActor:Warning: GameSession /Game/SSA/Maps/UEDPIE_0_PrototypeLevel.PrototypeLevel:PersistentLevel.GameSession_0 has natively added scene component(s), but none of them were set as the actor's RootComponent - picking one arbitrarily
[2015.09.23-06.37.29:780][188]LogActor:Warning: GameNetworkManager /Game/SSA/Maps/UEDPIE_0_PrototypeLevel.PrototypeLevel:PersistentLevel.GameNetworkManager_0 has natively added scene component(s), but none of them were set as the actor's RootComponent - picking one arbitrarily
[2015.09.23-06.37.29:781][188]LogWorld: Bringing up level for play took: 0.007046
[2015.09.23-06.37.29:797][188]PIE: Info Play in editor start time for /Game/SSA/Maps/UEDPIE_0_PrototypeLevel -0.114
[2015.09.23-06.37.29:797][188]LogBlueprintUserMessages: Late PlayInEditor Detection: Level '/Game/SSA/Maps/PrototypeLevel.PrototypeLevel:PersistentLevel' has LevelScriptBlueprint '/Game/SSA/Maps/PrototypeLevel.PrototypeLevel:PersistentLevel.PrototypeLevel' with GeneratedClass '/Game/SSA/Maps/PrototypeLevel.PrototypeLevel_C' with ClassGeneratedBy '/Game/SSA/Maps/PrototypeLevel.PrototypeLevel:PersistentLevel.PrototypeLevel'
[2015.09.23-06.37.33:971][312]LogBlueprintUserMessages: Early EndPlayMap Detection: Level '/Game/SSA/Maps/PrototypeLevel.PrototypeLevel:PersistentLevel' has LevelScriptBlueprint '/Game/SSA/Maps/PrototypeLevel.PrototypeLevel:PersistentLevel.PrototypeLevel' with GeneratedClass '/Game/SSA/Maps/PrototypeLevel.PrototypeLevel_C' with ClassGeneratedBy '/Game/SSA/Maps/PrototypeLevel.PrototypeLevel:PersistentLevel.PrototypeLevel'
[2015.09.23-06.37.34:043][312]LogBlueprintUserMessages: Late EndPlayMap Detection: Level '/Game/SSA/Maps/PrototypeLevel.PrototypeLevel:PersistentLevel' has LevelScriptBlueprint '/Game/SSA/Maps/PrototypeLevel.PrototypeLevel:PersistentLevel.PrototypeLevel' with GeneratedClass '/Game/SSA/Maps/PrototypeLevel.PrototypeLevel_C' with ClassGeneratedBy '/Game/SSA/Maps/PrototypeLevel.PrototypeLevel:PersistentLevel.PrototypeLevel'
[2015.09.23-06.37.34:072][312]LogParticles: Destroying 0 GPU particle simulations for FXSystem 0x000000E05DA31E40
[2015.09.23-06.37.36:937][436]LogEditorViewport: Clicking on Actor (LMB): NavMeshBoundsVolume (NavigationMeshBoundsVolume)
[2015.09.23-06.38.06:478][794]LogEditorViewport: Clicking on Actor (LMB): BP_Sky_Sphere_C (SkySphereBlueprint)
[2015.09.23-06.40.10:628][712]LogWindowsTextInputMethodSystem:Display: IME system now deactivated.
[2015.09.23-06.40.10:884][713]Cmd: QUIT_EDITOR
[2015.09.23-06.40.11:968][713]LogExit: Preparing to exit.
[2015.09.23-06.40.12:888][713]LogExit: Editor shut down
[2015.09.23-06.40.12:889][713]LogExit: Transaction tracking system shut down
[2015.09.23-06.40.12:889][713]LogParticles: Destroying 0 GPU particle simulations for FXSystem 0x000000E06B93B420
[2015.09.23-06.40.12:890][713]LogParticles: Destroying 0 GPU particle simulations for FXSystem 0x000000E00C8F8A40
[2015.09.23-06.40.12:892][713]LogParticles: Destroying 0 GPU particle simulations for FXSystem 0x000000E0273E7BA0
[2015.09.23-06.40.12:894][713]LogParticles: Destroying 0 GPU particle simulations for FXSystem 0x000000E0273E5A80
[2015.09.23-06.40.12:895][713]LogParticles: Destroying 0 GPU particle simulations for FXSystem 0x000000E027417E20
[2015.09.23-06.40.13:113][713]LogExit: Object subsystem successfully closed.
[2015.09.23-06.40.13:134][713]LogD3D11RHI: Shutdown
[2015.09.23-06.40.13:134][713]LogD3D11RHI: CleanupD3DDevice
[2015.09.23-06.40.13:226][713]LogD3D11RHI: ~FD3D11DynamicRHI
[2015.09.23-06.40.13:250][713]LogModuleManager: Shutting down and abandoning module BlueprintGraph (203)
[2015.09.23-06.40.13:250][713]LogModuleManager: Shutting down and abandoning module TextureEditor (202)
[2015.09.23-06.40.13:250][713]LogModuleManager: Shutting down and abandoning module StaticMeshEditor (201)
[2015.09.23-06.40.13:250][713]LogModuleManager: Shutting down and abandoning module MaterialEditor (200)
[2015.09.23-06.40.13:250][713]LogModuleManager: Shutting down and abandoning module StatsViewer (199)
[2015.09.23-06.40.13:250][713]LogModuleManager: Shutting down and abandoning module CrashTracker (198)
[2015.09.23-06.40.13:251][713]LogModuleManager: Shutting down and abandoning module SceneOutliner (197)
[2015.09.23-06.40.13:251][713]LogModuleManager: Shutting down and abandoning module SuperSearch (196)
[2015.09.23-06.40.13:251][713]LogModuleManager: Shutting down and abandoning module WidgetCarousel (195)
[2015.09.23-06.40.13:251][713]LogModuleManager: Shutting down and abandoning module AddContentDialog (194)
[2015.09.23-06.40.13:257][713]LogModuleManager: Shutting down and abandoning module EditorWidgets (193)
[2015.09.23-06.40.13:257][713]LogModuleManager: Shutting down and abandoning module CollectionManager (192)
[2015.09.23-06.40.13:257][713]LogModuleManager: Shutting down and abandoning module FoliageEdit (191)
[2015.09.23-06.40.13:257][713]LogModuleManager: Shutting down and abandoning module LandscapeEditor (190)
[2015.09.23-06.40.13:257][713]LogModuleManager: Shutting down and abandoning module ActorPickerMode (189)
[2015.09.23-06.40.13:257][713]LogModuleManager: Shutting down and abandoning module GeometryMode (188)
[2015.09.23-06.40.13:257][713]LogModuleManager: Shutting down and abandoning module TextureAlignMode (187)
[2015.09.23-06.40.13:257][713]LogModuleManager: Shutting down and abandoning module BspMode (186)
[2015.09.23-06.40.13:257][713]LogModuleManager: Shutting down and abandoning module PlacementMode (185)
[2015.09.23-06.40.13:257][713]LogModuleManager: Shutting down and abandoning module AutomationWorker (184)
[2015.09.23-06.40.13:257][713]LogModuleManager: Shutting down and abandoning module CharacterAI (183)
[2015.09.23-06.40.13:257][713]LogModuleManager: Shutting down and abandoning module SmartSnapping (182)
[2015.09.23-06.40.13:257][713]LogModuleManager: Shutting down and abandoning module ViewportSnapping (181)
[2015.09.23-06.40.13:257][713]LogModuleManager: Shutting down and abandoning module LogVisualizer (180)
[2015.09.23-06.40.13:257][713]LogModuleManager: Shutting down and abandoning module GameProjectGeneration (179)
[2015.09.23-06.40.13:257][713]LogModuleManager: Shutting down and abandoning module IntroTutorials (178)
[2015.09.23-06.40.13:257][713]LogModuleManager: Shutting down and abandoning module EditorLiveStreaming (177)
[2015.09.23-06.40.13:257][713]LogModuleManager: Shutting down and abandoning module IOSPlatformEditor (176)
[2015.09.23-06.40.13:258][713]LogModuleManager: Shutting down and abandoning module HTML5PlatformEditor (175)
[2015.09.23-06.40.13:258][713]LogModuleManager: Shutting down and abandoning module AndroidDeviceDetection (174)
[2015.09.23-06.40.13:329][713]LogModuleManager: Shutting down and abandoning module AndroidPlatformEditor (173)
[2015.09.23-06.40.13:329][713]LogModuleManager: Shutting down and abandoning module IOSRuntimeSettings (172)
[2015.09.23-06.40.13:329][713]LogModuleManager: Shutting down and abandoning module AndroidRuntimeSettings (171)
[2015.09.23-06.40.13:329][713]LogModuleManager: Shutting down and abandoning module MergeActors (170)
[2015.09.23-06.40.13:329][713]LogModuleManager: Shutting down and abandoning module SizeMap (169)
[2015.09.23-06.40.13:329][713]LogModuleManager: Shutting down and abandoning module TreeMap (168)
[2015.09.23-06.40.13:329][713]LogModuleManager: Shutting down and abandoning module ReferenceViewer (167)
[2015.09.23-06.40.13:329][713]LogModuleManager: Shutting down and abandoning module LocalizationService (166)
[2015.09.23-06.40.13:329][713]LogModuleManager: Shutting down and abandoning module LocalizationDashboard (165)
[2015.09.23-06.40.13:329][713]LogModuleManager: Shutting down and abandoning module HardwareTargeting (164)
[2015.09.23-06.40.13:329][713]LogModuleManager: Shutting down and abandoning module DeviceProfileEditor (163)
[2015.09.23-06.40.13:329][713]LogModuleManager: Shutting down and abandoning module UndoHistory (162)
[2015.09.23-06.40.13:329][713]LogModuleManager: Shutting down and abandoning module GameplayTagsEditor (161)
[2015.09.23-06.40.13:329][713]LogModuleManager: Shutting down and abandoning module UserFeedback (160)
[2015.09.23-06.40.13:329][713]LogModuleManager: Shutting down and abandoning module XmlParser (159)
[2015.09.23-06.40.13:329][713]LogModuleManager: Shutting down and abandoning module Blutility (158)
[2015.09.23-06.40.13:329][713]LogModuleManager: Shutting down and abandoning module ProjectTargetPlatformEditor (157)
[2015.09.23-06.40.13:329][713]LogModuleManager: Shutting down and abandoning module ProjectSettingsViewer (156)
[2015.09.23-06.40.13:329][713]LogModuleManager: Shutting down and abandoning module InputBindingEditor (155)
[2015.09.23-06.40.13:330][713]LogModuleManager: Shutting down and abandoning module EditorSettingsViewer (154)
[2015.09.23-06.40.13:330][713]LogModuleManager: Shutting down and abandoning module SettingsEditor (153)
[2015.09.23-06.40.13:330][713]LogModuleManager: Shutting down and abandoning module ProjectLauncher (152)
[2015.09.23-06.40.13:330][713]LogModuleManager: Shutting down and abandoning module SessionFrontend (151)
[2015.09.23-06.40.13:330][713]LogModuleManager: Shutting down and abandoning module ProfilerClient (150)
[2015.09.23-06.40.13:330][713]LogModuleManager: Shutting down and abandoning module TargetDeviceServices (149)
[2015.09.23-06.40.13:330][713]LogModuleManager: Shutting down and abandoning module DeviceManager (148)
[2015.09.23-06.40.13:330][713]LogModuleManager: Shutting down and abandoning module AutomationController (147)
[2015.09.23-06.40.13:330][713]LogModuleManager: Shutting down and abandoning module AutomationWindow (146)
[2015.09.23-06.40.13:330][713]LogModuleManager: Shutting down and abandoning module Layers (145)
[2015.09.23-06.40.13:330][713]LogModuleManager: Shutting down and abandoning module ComponentVisualizers (144)
[2015.09.23-06.40.13:330][713]LogModuleManager: Shutting down and abandoning module DetailCustomizations (143)
[2015.09.23-06.40.13:330][713]LogModuleManager: Shutting down and abandoning module PackagesDialog (142)
[2015.09.23-06.40.13:330][713]LogModuleManager: Shutting down and abandoning module Persona (141)
[2015.09.23-06.40.13:330][713]LogModuleManager: Shutting down and abandoning module Kismet (140)
[2015.09.23-06.40.13:331][713]LogModuleManager: Shutting down and abandoning module GraphEditor (139)
[2015.09.23-06.40.13:331][713]LogModuleManager: Shutting down and abandoning module ClassViewer (138)
[2015.09.23-06.40.13:331][713]LogModuleManager: Shutting down and abandoning module Toolbox (137)
[2015.09.23-06.40.13:331][713]LogModuleManager: Shutting down and abandoning module ModuleUI (136)
[2015.09.23-06.40.13:331][713]LogModuleManager: Shutting down and abandoning module MovieSceneTools (135)
[2015.09.23-06.40.13:331][713]LogModuleManager: Shutting down and abandoning module OutputLog (134)
[2015.09.23-06.40.13:331][713]LogModuleManager: Shutting down and abandoning module GammaUI (133)
[2015.09.23-06.40.13:331][713]LogModuleManager: Shutting down and abandoning module Documentation (132)
[2015.09.23-06.40.13:331][713]LogModuleManager: Shutting down and abandoning module GameLiveStreaming (131)
[2015.09.23-06.40.13:331][713]LogModuleManager: Shutting down and abandoning module StreamingPauseRendering (130)
[2015.09.23-06.40.13:331][713]LogModuleManager: Shutting down and abandoning module AnalyticsET (129)
[2015.09.23-06.40.13:331][713]LogModuleManager: Shutting down and abandoning module Analytics (128)
[2015.09.23-06.40.13:331][713]LogModuleManager: Shutting down and abandoning module AITestSuite (127)
[2015.09.23-06.40.13:331][713]LogModuleManager: Shutting down and abandoning module GameplayDebugger (126)
[2015.09.23-06.40.13:331][713]LogModuleManager: Shutting down and abandoning module AIModule (125)
[2015.09.23-06.40.13:331][713]LogModuleManager: Shutting down and abandoning module ProfilerService (124)
[2015.09.23-06.40.13:364][713]LogModuleManager: Shutting down and abandoning module TaskGraph (123)
[2015.09.23-06.40.13:364][713]LogModuleManager: Shutting down and abandoning module SubstanceEditor (122)
[2015.09.23-06.40.13:364][713]LogModuleManager: Shutting down and abandoning module SlateRemote (121)
[2015.09.23-06.40.13:364][713]LogModuleManager: Shutting down and abandoning module SteamVRController (120)
[2015.09.23-06.40.13:364][713]LogModuleManager: Shutting down and abandoning module SteamVR (119)
[2015.09.23-06.40.13:364][713]LogModuleManager: Shutting down and abandoning module ProceduralMeshComponent (118)
[2015.09.23-06.40.13:364][713]LogModuleManager: Shutting down and abandoning module OculusRift (117)
[2015.09.23-06.40.13:364][713]LogModuleManager: Shutting down and abandoning module OculusLibrary (116)
[2015.09.23-06.40.13:364][713]LogModuleManager: Shutting down and abandoning module LeapMotionController (115)
[2015.09.23-06.40.13:389][713]LogModuleManager: Shutting down and abandoning module CustomMeshComponent (114)
[2015.09.23-06.40.13:389][713]LogModuleManager: Shutting down and abandoning module CableComponent (113)
[2015.09.23-06.40.13:389][713]LogModuleManager: Shutting down and abandoning module ArchVisCharacter (112)
[2015.09.23-06.40.13:389][713]LogModuleManager: Shutting down and abandoning module MessagingDebugger (111)
[2015.09.23-06.40.13:389][713]LogModuleManager: Shutting down and abandoning module MediaPlayerEditor (110)
[2015.09.23-06.40.13:389][713]LogModuleManager: Shutting down and abandoning module HTML5Networking (109)
[2015.09.23-06.40.13:389][713]LogModuleManager: Shutting down and abandoning module SpeedTreeImporter (108)
[2015.09.23-06.40.13:389][713]LogModuleManager: Shutting down and abandoning module PluginBrowser (107)
[2015.09.23-06.40.13:389][713]LogModuleManager: Shutting down and abandoning module EpicSurvey (106)
[2015.09.23-06.40.13:389][713]LogModuleManager: Shutting down and abandoning module DesktopPlatform (105)
[2015.09.23-06.40.13:389][713]LogModuleManager: Shutting down and abandoning module VisualStudioSourceCodeAccess (104)
[2015.09.23-06.40.13:389][713]LogModuleManager: Shutting down and abandoning module UObjectPlugin (103)
[2015.09.23-06.40.13:389][713]LogModuleManager: Shutting down and abandoning module SubversionSourceControl (102)
[2015.09.23-06.40.13:389][713]LogModuleManager: Shutting down and abandoning module PerforceSourceControl (101)
[2015.09.23-06.40.13:389][713]LogModuleManager: Shutting down and abandoning module SourceControl (100)
[2015.09.23-06.40.13:390][713]LogModuleManager: Shutting down and abandoning module GitSourceControl (99)
[2015.09.23-06.40.13:390][713]LogModuleManager: Shutting down and abandoning module LightPropagationVolumeEditor (98)
[2015.09.23-06.40.13:390][713]LogModuleManager: Shutting down and abandoning module PaperTiledImporter (97)
[2015.09.23-06.40.13:390][713]LogModuleManager: Shutting down and abandoning module PaperSpriteSheetImporter (96)
[2015.09.23-06.40.13:390][713]LogModuleManager: Shutting down and abandoning module MeshPaint (95)
[2015.09.23-06.40.13:390][713]LogModuleManager: Shutting down and abandoning module SlateReflector (94)
[2015.09.23-06.40.13:390][713]LogModuleManager: Shutting down and abandoning module HotReload (93)
[2015.09.23-06.40.13:390][713]LogModuleManager: Shutting down and abandoning module MainFrame (92)
[2015.09.23-06.40.13:390][713]LogModuleManager: Shutting down and abandoning module LevelEditor (91)
[2015.09.23-06.40.13:391][713]LogModuleManager: Shutting down and abandoning module ContentBrowser (90)
[2015.09.23-06.40.13:392][713]LogModuleManager: Shutting down and abandoning module Paper2DEditor (89)
[2015.09.23-06.40.13:392][713]LogModuleManager: Shutting down and abandoning module UdpMessaging (88)
[2015.09.23-06.40.13:493][713]LogModuleManager: Shutting down and abandoning module DirectoryWatcher (87)
[2015.09.23-06.40.13:498][713]LogModuleManager: Shutting down and abandoning module AssetRegistry (86)
[2015.09.23-06.40.13:621][713]LogModuleManager: Shutting down and abandoning module SubstanceCore (85)
[2015.09.23-06.40.13:621][713]LogModuleManager: Shutting down and abandoning module LightPropagationVolumeRuntime (84)
[2015.09.23-06.40.13:621][713]LogModuleManager: Shutting down and abandoning module Paper2D (83)
[2015.09.23-06.40.13:621][713]LogModuleManager: Shutting down and abandoning module WindowsMoviePlayer (82)
[2015.09.23-06.40.13:621][713]LogModuleManager: Shutting down and abandoning module Media (81)
[2015.09.23-06.40.13:621][713]LogModuleManager: Shutting down and abandoning module WmfMedia (80)
[2015.09.23-06.40.13:621][713]LogModuleManager: Shutting down and abandoning module OnlineBlueprintSupport (79)
[2015.09.23-06.40.13:621][713]LogModuleManager: Shutting down and abandoning module GameplayTasksEditor (78)
[2015.09.23-06.40.13:621][713]LogModuleManager: Shutting down and abandoning module PropertyEditor (77)
[2015.09.23-06.40.13:621][713]LogModuleManager: Shutting down and abandoning module BehaviorTreeEditor (76)
[2015.09.23-06.40.13:621][713]LogModuleManager: Shutting down and abandoning module FunctionalTesting (75)
[2015.09.23-06.40.13:621][713]LogModuleManager: Shutting down and abandoning module CollisionAnalyzer (74)
[2015.09.23-06.40.13:621][713]LogModuleManager: Shutting down and abandoning module WorkspaceMenuStructure (73)
[2015.09.23-06.40.13:622][713]LogModuleManager: Shutting down and abandoning module MessageLog (72)
[2015.09.23-06.40.13:622][713]LogModuleManager: Shutting down and abandoning module Sequencer (71)
[2015.09.23-06.40.13:622][713]LogModuleManager: Shutting down and abandoning module AssetTools (70)
[2015.09.23-06.40.13:622][713]LogModuleManager: Shutting down and abandoning module UMGEditor (69)
[2015.09.23-06.40.13:622][713]LogModuleManager: Shutting down and abandoning module UMG (68)
[2015.09.23-06.40.13:622][713]LogModuleManager: Shutting down and abandoning module Slate (67)
[2015.09.23-06.40.13:622][713]LogModuleManager: Shutting down and abandoning module EditorStyle (66)
[2015.09.23-06.40.13:624][713]LogModuleManager: Shutting down and abandoning module SessionServices (65)
[2015.09.23-06.40.13:624][713]LogModuleManager: Shutting down and abandoning module SourceCodeAccess (64)
[2015.09.23-06.40.13:624][713]LogModuleManager: Shutting down and abandoning module HeadMountedDisplay (63)
[2015.09.23-06.40.13:625][713]LogModuleManager: Shutting down and abandoning module XAudio2 (62)
[2015.09.23-06.40.13:625][713]LogModuleManager: Shutting down and abandoning module Networking (60)
[2015.09.23-06.40.13:625][713]LogModuleManager: Shutting down and abandoning module Core (59)
[2015.09.23-06.40.13:625][713]LogModuleManager: Shutting down and abandoning module KismetCompiler (58)
[2015.09.23-06.40.13:625][713]LogModuleManager: Shutting down and abandoning module PhysXFormats (57)
[2015.09.23-06.40.13:625][713]LogModuleManager: Shutting down and abandoning module MeshUtilities (56)
[2015.09.23-06.40.13:625][713]LogModuleManager: Shutting down and abandoning module CookingStats (55)
[2015.09.23-06.40.13:627][713]LogModuleManager: Shutting down and abandoning module DerivedDataCache (54)
[2015.09.23-06.40.13:667][713]LogDerivedDataCache: Shutdown
[2015.09.23-06.40.13:667][713]LogModuleManager: Shutting down and abandoning module ShaderFormatOpenGL (53)
[2015.09.23-06.40.13:667][713]LogModuleManager: Shutting down and abandoning module ShaderFormatD3D (52)
[2015.09.23-06.40.13:667][713]LogModuleManager: Shutting down and abandoning module MetalShaderFormat (51)
[2015.09.23-06.40.13:667][713]LogModuleManager: Shutting down and abandoning module TextureFormatUncompressed (50)
[2015.09.23-06.40.13:667][713]LogModuleManager: Shutting down and abandoning module TextureFormatPVR (49)
[2015.09.23-06.40.13:667][713]LogModuleManager: Shutting down and abandoning module TextureFormatIntelISPCTexComp (48)
[2015.09.23-06.40.13:667][713]LogModuleManager: Shutting down and abandoning module TextureFormatDXT (47)
[2015.09.23-06.40.13:667][713]LogModuleManager: Shutting down and abandoning module ImageWrapper (46)
[2015.09.23-06.40.13:667][713]LogModuleManager: Shutting down and abandoning module TextureFormatASTC (45)
[2015.09.23-06.40.13:667][713]LogModuleManager: Shutting down and abandoning module TextureFormatAndroid (44)
[2015.09.23-06.40.13:667][713]LogModuleManager: Shutting down and abandoning module AudioFormatOpus (43)
[2015.09.23-06.40.13:667][713]LogModuleManager: Shutting down and abandoning module AudioFormatOgg (42)
[2015.09.23-06.40.13:667][713]LogModuleManager: Shutting down and abandoning module AudioFormatADPCM (41)
[2015.09.23-06.40.13:667][713]LogModuleManager: Shutting down and abandoning module LinuxTargetPlatform (40)
[2015.09.23-06.40.13:667][713]LogModuleManager: Shutting down and abandoning module LinuxServerTargetPlatform (39)
[2015.09.23-06.40.13:667][713]LogModuleManager: Shutting down and abandoning module LinuxNoEditorTargetPlatform (38)
[2015.09.23-06.40.13:667][713]LogModuleManager: Shutting down and abandoning module Messaging (37)
[2015.09.23-06.40.13:667][713]LogModuleManager: Shutting down and abandoning module IOSTargetPlatform (36)
[2015.09.23-06.40.13:668][713]LogModuleManager: Shutting down and abandoning module HTML5TargetPlatform (35)
[2015.09.23-06.40.13:668][713]LogModuleManager: Shutting down and abandoning module Android_PVRTCTargetPlatform (34)
[2015.09.23-06.40.13:668][713]LogModuleManager: Shutting down and abandoning module Android_ETC2TargetPlatform (33)
[2015.09.23-06.40.13:668][713]LogModuleManager: Shutting down and abandoning module Android_ETC1TargetPlatform (32)
[2015.09.23-06.40.13:668][713]LogModuleManager: Shutting down and abandoning module Android_DXTTargetPlatform (31)
[2015.09.23-06.40.13:668][713]LogModuleManager: Shutting down and abandoning module Android_ATCTargetPlatform (30)
[2015.09.23-06.40.13:668][713]LogModuleManager: Shutting down and abandoning module Android_ASTCTargetPlatform (29)
[2015.09.23-06.40.13:668][713]LogModuleManager: Shutting down and abandoning module AndroidTargetPlatform (28)
[2015.09.23-06.40.13:668][713]LogModuleManager: Shutting down and abandoning module WindowsTargetPlatform (27)
[2015.09.23-06.40.13:668][713]LogModuleManager: Shutting down and abandoning module WindowsServerTargetPlatform (26)
[2015.09.23-06.40.13:668][713]LogModuleManager: Shutting down and abandoning module WindowsNoEditorTargetPlatform (25)
[2015.09.23-06.40.13:668][713]LogModuleManager: Shutting down and abandoning module WindowsClientTargetPlatform (24)
[2015.09.23-06.40.13:668][713]LogModuleManager: Shutting down and abandoning module AllDesktopTargetPlatform (23)
[2015.09.23-06.40.13:668][713]LogModuleManager: Shutting down and abandoning module TargetPlatform (22)
[2015.09.23-06.40.13:668][713]LogModuleManager: Shutting down and abandoning module InputCore (21)
[2015.09.23-06.40.13:668][713]LogModuleManager: Shutting down and abandoning module Settings (20)
[2015.09.23-06.40.13:669][713]LogModuleManager: Shutting down and abandoning module OnlineSubsystem (18)
[2015.09.23-06.40.13:669][713]LogModuleManager: Shutting down and abandoning module HTTP (17)
[2015.09.23-06.40.15:671][713]LogModuleManager: Shutting down and abandoning module XMPP (16)
[2015.09.23-06.40.15:671][713]LogModuleManager: Shutting down and abandoning module ExampleDeviceProfileSelector (15)
[2015.09.23-06.40.15:671][713]LogModuleManager: Shutting down and abandoning module TextureCompressor (14)
[2015.09.23-06.40.15:671][713]LogModuleManager: Shutting down and abandoning module ShaderCore (13)
[2015.09.23-06.40.15:671][713]LogModuleManager: Shutting down and abandoning module Landscape (12)
[2015.09.23-06.40.15:671][713]LogModuleManager: Shutting down and abandoning module SlateRHIRenderer (11)
[2015.09.23-06.40.15:675][713]LogModuleManager: Shutting down and abandoning module OpenGLDrv (10)
[2015.09.23-06.40.15:675][713]LogModuleManager: Shutting down and abandoning module D3D11RHI (9)
[2015.09.23-06.40.15:675][713]LogModuleManager: Shutting down and abandoning module AnimGraphRuntime (8)
[2015.09.23-06.40.15:675][713]LogModuleManager: Shutting down and abandoning module Renderer (7)
[2015.09.23-06.40.15:675][713]LogModuleManager: Shutting down and abandoning module Engine (6)
[2015.09.23-06.40.15:675][713]LogModuleManager: Shutting down and abandoning module CoreUObject (5)
[2015.09.23-06.40.15:675][713]LogModuleManager: Shutting down and abandoning module NetworkFile (4)
[2015.09.23-06.40.15:676][713]LogModuleManager: Shutting down and abandoning module StreamingFile (3)
[2015.09.23-06.40.15:676][713]LogModuleManager: Shutting down and abandoning module SandboxFile (2)
[2015.09.23-06.40.15:676][713]LogModuleManager: Shutting down and abandoning module PakFile (1)
[2015.09.23-06.40.15:677][713]LogExit: Exiting.
[2015.09.23-06.40.15:704][713]Log file closed, 09/23/15 02:40:15
