[2015.11.07-20.04.19:055][  0]Log file open, 11/07/15 15:04:19
[2015.11.07-20.04.19:055][  0]LogInit:Display: Running engine without a game
[2015.11.07-20.04.19:055][  0]LogInit:Display: Loading recent project file: ../../../../../../../My Media/UCF Documents/DIG 4725/Game-Files/SuperSpaceArmada/SuperSpaceArmada.uproject
[2015.11.07-20.04.19:055][  0]LogInit:Display: RandInit(-425013714) SRandInit(-425013713).
[2015.11.07-20.04.19:055][  0]LogTaskGraph: Started task graph with 4 named threads and 7 total threads.
[2015.11.07-20.04.19:055][  0]LogStats: Stats thread started at 0.061829
[2015.11.07-20.04.19:055][  0]LogInit: Version: 4.9.1-2689999+++depot+UE4-Releases+4.9
[2015.11.07-20.04.19:055][  0]LogInit: API Version: 2672455
[2015.11.07-20.04.19:055][  0]LogInit: Compiled (64-bit): Sep 14 2015 04:12:03
[2015.11.07-20.04.19:055][  0]LogInit: Compiled with Visual C++: 18.00.21005.01
[2015.11.07-20.04.19:055][  0]LogInit: Build Configuration: Development
[2015.11.07-20.04.19:055][  0]LogInit: Branch Name: ++depot+UE4-Releases+4.9
[2015.11.07-20.04.19:055][  0]LogInit: Command line: 
[2015.11.07-20.04.19:055][  0]LogInit: Base directory: F:/Program Files/Unreal/Epic Games/4.9/Engine/Binaries/Win64/
[2015.11.07-20.04.19:055][  0]LogInit: Rocket: 1
[2015.11.07-20.04.19:062][  0]LogInit: Using libcurl 7.41.0
[2015.11.07-20.04.19:062][  0]LogInit:  - built for x86_64-pc-win32
[2015.11.07-20.04.19:062][  0]LogInit:  - supports SSL with WinSSL
[2015.11.07-20.04.19:062][  0]LogInit:  - other features:
[2015.11.07-20.04.19:062][  0]LogInit:      CURL_VERSION_SSL
[2015.11.07-20.04.19:062][  0]LogInit:      CURL_VERSION_IPV6
[2015.11.07-20.04.19:062][  0]LogInit:      CURL_VERSION_ASYNCHDNS
[2015.11.07-20.04.19:062][  0]LogInit:      CURL_VERSION_LARGEFILE
[2015.11.07-20.04.19:062][  0]LogInit:      CURL_VERSION_IDN
[2015.11.07-20.04.19:062][  0]LogInit:  CurlRequestOptions (configurable via config and command line):
[2015.11.07-20.04.19:062][  0]LogInit:  - bVerifyPeer = true  - Libcurl will verify peer certificate
[2015.11.07-20.04.19:062][  0]LogInit:  - bUseHttpProxy = false  - Libcurl will NOT use HTTP proxy
[2015.11.07-20.04.19:062][  0]LogInit:  - bDontReuseConnections = false  - Libcurl will reuse connections
[2015.11.07-20.04.19:062][  0]LogInit:  - CertBundlePath = nullptr  - Libcurl will use whatever was configured at build time.
[2015.11.07-20.04.19:067][  0]LogInit: Presizing for 0 objects not considered by GC, pre-allocating 0 bytes.
[2015.11.07-20.04.19:071][  0]LogInit: Object subsystem initialized
[2015.11.07-20.04.19:072][  0]LogInit: Selected Device Profile: [Windows]
[2015.11.07-20.04.19:072][  0]LogInit: Applying CVar settings loaded from the selected device profile: [Windows]
[2015.11.07-20.04.19:078][  0]LogInit: Computer: ANDREW_2015
[2015.11.07-20.04.19:078][  0]LogInit: User: aehrlich92
[2015.11.07-20.04.19:078][  0]LogInit: CPU Page size=4096, Cores=4
[2015.11.07-20.04.19:078][  0]LogInit: High frequency timer resolution =3.984650 MHz
[2015.11.07-20.04.19:078][  0]LogMemory: Memory total: Physical=15.9GB (16GB approx)
[2015.11.07-20.04.19:078][  0]LogMemory: Platform Memory Stats for Windows
[2015.11.07-20.04.19:078][  0]LogMemory: Process Physical Memory: 54.65 MB used, 54.65 MB peak
[2015.11.07-20.04.19:078][  0]LogMemory: Process Virtual Memory: 55.33 MB used, 55.33 MB peak
[2015.11.07-20.04.19:078][  0]LogMemory: Physical Memory: 5183.28 MB used, 16322.88 MB total
[2015.11.07-20.04.19:078][  0]LogMemory: Virtual Memory: 364.35 MB used, 134217728.00 MB total
[2015.11.07-20.04.19:115][  0]LogTextLocalizationManager: No specific translations for ('en-US') exist, so ('en') translations will be used.
[2015.11.07-20.04.19:540][  0]LogD3D11RHI: Found D3D11 adapter 0: NVIDIA GeForce GTX 960 (Feature Level 11_0)
[2015.11.07-20.04.19:540][  0]LogD3D11RHI: Adapter has 1969MB of dedicated video memory, 0MB of dedicated system memory, and 8161MB of shared system memory, 2 output[s]
[2015.11.07-20.04.19:542][  0]LogD3D11RHI: Found D3D11 adapter 1: Microsoft Basic Render Driver (Feature Level 11_0)
[2015.11.07-20.04.19:542][  0]LogD3D11RHI: Adapter has 0MB of dedicated video memory, 0MB of dedicated system memory, and 8161MB of shared system memory, 0 output[s]
[2015.11.07-20.04.19:542][  0]LogD3D11RHI: Chosen D3D11 Adapter Id = 0
[2015.11.07-20.04.19:545][  0]LogD3D11RHI: !Direct3DDevice
[2015.11.07-20.04.19:545][  0]LogRHI: Texture pool is 1361 MB (70% of 1945 MB)
[2015.11.07-20.04.19:554][  0]LogD3D11RHI: Async texture creation enabled
[2015.11.07-20.04.19:569][  0]LogShaderCompilers: Guid format shader working directory is 14 characters bigger than the processId version (../../../../../../../My Media/UCF Documents/DIG 4725/Game-Files/SuperSpaceArmada/Intermediate/Shaders/WorkingDirectory/13632/).
[2015.11.07-20.04.19:569][  0]LogShaderCompilers: Cleaned the shader compiler working directory '../../../../../../../My Media/UCF Documents/DIG 4725/Game-Files/SuperSpaceArmada/Intermediate/Shaders/tmp/50B6BEA343E5E66F4BB27B8957AB8FD9/'.
[2015.11.07-20.04.19:569][  0]LogShaderCompilers:Display: Using Local Shader Compiler.
[2015.11.07-20.04.20:626][  0]LogTemp:Display: Loaded TP AllDesktopTargetPlatform
[2015.11.07-20.04.20:629][  0]LogTemp:Display: Loaded TP WindowsClientTargetPlatform
[2015.11.07-20.04.20:633][  0]LogTemp:Display: Loaded TP WindowsNoEditorTargetPlatform
[2015.11.07-20.04.20:637][  0]LogTemp:Display: Loaded TP WindowsServerTargetPlatform
[2015.11.07-20.04.20:641][  0]LogTemp:Display: Loaded TP WindowsTargetPlatform
[2015.11.07-20.04.20:643][  0]LogTemp:Display: Loaded TP AndroidTargetPlatform
[2015.11.07-20.04.20:646][  0]LogTemp:Display: Loaded TP Android_ASTCTargetPlatform
[2015.11.07-20.04.20:649][  0]LogTemp:Display: Loaded TP Android_ATCTargetPlatform
[2015.11.07-20.04.20:652][  0]LogTemp:Display: Loaded TP Android_DXTTargetPlatform
[2015.11.07-20.04.20:655][  0]LogTemp:Display: Loaded TP Android_ETC1TargetPlatform
[2015.11.07-20.04.20:658][  0]LogTemp:Display: Loaded TP Android_ETC2TargetPlatform
[2015.11.07-20.04.20:661][  0]LogTemp:Display: Loaded TP Android_PVRTCTargetPlatform
[2015.11.07-20.04.20:662][  0]LogTemp:Display: Loaded TP HTML5TargetPlatform
[2015.11.07-20.04.20:678][  0]LogTemp:Display: Loaded TP IOSTargetPlatform
[2015.11.07-20.04.20:681][  0]LogTemp:Display: Loaded TP LinuxNoEditorTargetPlatform
[2015.11.07-20.04.20:683][  0]LogTemp:Display: Loaded TP LinuxServerTargetPlatform
[2015.11.07-20.04.20:687][  0]LogTemp:Display: Loaded TP LinuxTargetPlatform
[2015.11.07-20.04.20:687][  0]LogTargetPlatformManager:Display: Building Assets For Windows
[2015.11.07-20.04.20:743][  0]LogDerivedDataCache:Display: Max Cache Size: 512 MB
[2015.11.07-20.04.20:771][  0]LogDerivedDataCache: Loaded boot cache 0.03s 41MB C:/Users/aehrlich92/AppData/Local/UnrealEngine/4.9/DerivedDataCache/Boot.ddc.
[2015.11.07-20.04.20:771][  0]LogDerivedDataCache:Display: Loaded Boot cache: C:/Users/aehrlich92/AppData/Local/UnrealEngine/4.9/DerivedDataCache/Boot.ddc
[2015.11.07-20.04.20:771][  0]LogDerivedDataCache: FDerivedDataBackendGraph:  Pak pak cache file ../../../../../../../My Media/UCF Documents/DIG 4725/Game-Files/SuperSpaceArmada/DerivedDataCache/DDC.ddp not found, will not use a pak cache.
[2015.11.07-20.04.20:771][  0]LogDerivedDataCache: Unable to find inner node Pak for hierarchical cache Hierarchy.
[2015.11.07-20.04.20:771][  0]LogDerivedDataCache: FDerivedDataBackendGraph:  CompressedPak pak cache file ../../../../../../../My Media/UCF Documents/DIG 4725/Game-Files/SuperSpaceArmada/DerivedDataCache/Compressed.ddp not found, will not use a pak cache.
[2015.11.07-20.04.20:771][  0]LogDerivedDataCache: Unable to find inner node CompressedPak for hierarchical cache Hierarchy.
[2015.11.07-20.04.20:866][  0]LogDerivedDataCache:Display: Pak cache opened for reading ../../../Engine/DerivedDataCache/Compressed.ddp.
[2015.11.07-20.04.20:878][  0]LogDerivedDataCache: Using Local data cache path C:/Users/aehrlich92/AppData/Local/UnrealEngine/Common/DerivedDataCache: Writable
[2015.11.07-20.04.20:986][  0]LogInit: Selected Device Profile: [Windows]
[2015.11.07-20.04.20:988][  0]LogContentStreaming: Texture pool size is 0.000000MB
[2015.11.07-20.04.21:066][  0]LogMeshUtilities: No automatic mesh reduction module available
[2015.11.07-20.04.21:066][  0]LogMeshUtilities: No automatic mesh merging module available
[2015.11.07-20.04.21:227][  0]LogInit: WinSock: version 1.1 (2.2), MaxSocks=32767, MaxUdp=65467
[2015.11.07-20.04.21:700][  0]LogAssetRegistry: FAssetRegistry took 0.0103 seconds to start up
[2015.11.07-20.04.21:708][  0]UdpMessaging: Initializing bridge on interface 0.0.0.0:0 to multicast group 230.0.0.1:6666.
[2015.11.07-20.04.21:883][  0]SourceControl: Info Source control is disabled
[2015.11.07-20.04.21:889][  0]SourceControl: Info Source control is disabled
[2015.11.07-20.04.21:895][  0]SourceControl: Info Source control is disabled
[2015.11.07-20.04.21:901][  0]SourceControl: Info Source control is disabled
[2015.11.07-20.04.21:980][  0]LogLinker:Warning: Asset '../../../Engine/Plugins/Runtime/LeapMotionController/Content/LM_PassthroughMaterial.uasset' has been saved with empty engine version. The asset will be loaded but may be incompatible.
[2015.11.07-20.04.22:033][  0]LogObj: 28528 objects as part of root set at end of initial load.
[2015.11.07-20.04.22:033][  0]LogUObjectAllocator: 6068464 out of 0 bytes used by permanent object pool.
[2015.11.07-20.04.22:077][  0]LogEngine: Initializing Engine...
[2015.11.07-20.04.22:078][  0]LogHMD: Can't find Oculus library dev build: is proper Runtime installed? Version: 0.7.0.0
[2015.11.07-20.04.22:079][  0]LogHMD: SteamVR failed to initialize.  Err: 110
[2015.11.07-20.04.22:163][  0]LogAIModule: Creating AISystem for world NewWorld
[2015.11.07-20.04.22:173][  0]LogInit: XAudio2 using 'Speakers (Realtek High Definition Audio)' : 8 channels at 48 kHz using 32 bits per sample (channel mask 0x63f)
[2015.11.07-20.04.22:182][  0]LogInit: FAudioDevice initialized.
[2015.11.07-20.04.22:197][  0]LogDerivedDataCache: Saved boot cache 0.02s 41MB C:/Users/aehrlich92/AppData/Local/UnrealEngine/4.9/DerivedDataCache/Boot.ddc.
[2015.11.07-20.04.22:201][  0]LogInit: Texture streaming: Enabled
[2015.11.07-20.04.22:205][  0]LogAnalytics: Creating configured Analytics provider AnalyticsET
[2015.11.07-20.04.22:205][  0]LogAnalytics: [UEEditor.Rocket.Release] APIServer = http://et2.epicgames.com/ET2/. AppVersion = 4.9.1-2689999+++depot+UE4-Releases+4.9
[2015.11.07-20.04.22:205][  0]LogAnalytics: [UEEditor.Rocket.Release] SetUserId 7bdbd2584788e6e37f918c9187bab22c|b300224d71e64562a5bff06c2aaa78f8|45aed112-7b58-41bf-9eba-b8dcb7f9dd12
[2015.11.07-20.04.22:205][  0]LogAnalytics: [UEEditor.Rocket.Release] AnalyticsET::StartSession
[2015.11.07-20.04.22:234][  0]LogInit: Transaction tracking system initialized
[2015.11.07-20.04.22:300][  0]BlueprintLog: New page: Editor Load
[2015.11.07-20.04.22:420][  0]LocalizationService: Info Localization service is disabled
[2015.11.07-20.04.22:472][  0]LogConsoleResponse:Display: 
[2015.11.07-20.04.22:545][  0]LogCook:Display: Done creating registry. It took  0.00s.
[2015.11.07-20.04.22:582][  0]LogFileCache: Scanning file cache for directory 'F:/My Media/UCF Documents/DIG 4725/Game-Files/SuperSpaceArmada/Content/' took 0.01s
[2015.11.07-20.04.22:582][  0]SourceControl: Info Source control is disabled
[2015.11.07-20.04.22:582][  0]Cmd: MAP LOAD FILE="../../../../../../../My Media/UCF Documents/DIG 4725/Game-Files/SuperSpaceArmada/Content/SSA/Maps/Home_Kratakos.umap" TEMPLATE=0 SHOWPROGRESS=1 FEATURELEVEL=3
[2015.11.07-20.04.22:583][  0]LightingResults: New page: Lighting Build
[2015.11.07-20.04.22:584][  0]MapCheck: New page: Map Check
[2015.11.07-20.04.22:584][  0]LightingResults: New page: Lighting Build
[2015.11.07-20.04.22:593][  0]LogParticles: Destroying 0 GPU particle simulations for FXSystem 0x0000008510B49620
[2015.11.07-20.04.22:654][  0]LogLinker:Warning: Asset '../../../../../../../My Media/UCF Documents/DIG 4725/Game-Files/SuperSpaceArmada/Content/Mannequin/Animations/ThirdPerson_AnimBP.uasset' has been saved with empty engine version. The asset will be loaded but may be incompatible.
[2015.11.07-20.04.22:655][  0]LogLinker:Warning: Asset '../../../../../../../My Media/UCF Documents/DIG 4725/Game-Files/SuperSpaceArmada/Content/Mannequin/Animations/ThirdPerson_Jump.uasset' has been saved with empty engine version. The asset will be loaded but may be incompatible.
[2015.11.07-20.04.22:656][  0]LogLinker:Warning: Asset '../../../../../../../My Media/UCF Documents/DIG 4725/Game-Files/SuperSpaceArmada/Content/Mannequin/Animations/ThirdPersonJump_Loop.uasset' has been saved with empty engine version. The asset will be loaded but may be incompatible.
[2015.11.07-20.04.22:657][  0]LogLinker:Warning: Asset '../../../../../../../My Media/UCF Documents/DIG 4725/Game-Files/SuperSpaceArmada/Content/Mannequin/Animations/ThirdPersonJump_Start.uasset' has been saved with empty engine version. The asset will be loaded but may be incompatible.
[2015.11.07-20.04.22:657][  0]LogLinker:Warning: Asset '../../../../../../../My Media/UCF Documents/DIG 4725/Game-Files/SuperSpaceArmada/Content/Mannequin/Animations/ThirdPerson_IdleRun_2D.uasset' has been saved with empty engine version. The asset will be loaded but may be incompatible.
[2015.11.07-20.04.22:657][  0]LogLinker:Warning: Asset '../../../../../../../My Media/UCF Documents/DIG 4725/Game-Files/SuperSpaceArmada/Content/Mannequin/Animations/ThirdPersonIdle.uasset' has been saved with empty engine version. The asset will be loaded but may be incompatible.
[2015.11.07-20.04.22:658][  0]LogLinker:Warning: Asset '../../../../../../../My Media/UCF Documents/DIG 4725/Game-Files/SuperSpaceArmada/Content/Mannequin/Animations/ThirdPersonRun.uasset' has been saved with empty engine version. The asset will be loaded but may be incompatible.
[2015.11.07-20.04.22:659][  0]LogLinker:Warning: Asset '../../../../../../../My Media/UCF Documents/DIG 4725/Game-Files/SuperSpaceArmada/Content/Mannequin/Animations/ThirdPersonWalk.uasset' has been saved with empty engine version. The asset will be loaded but may be incompatible.
[2015.11.07-20.04.23:690][  0]LogBlueprint:Error: Broken Node: K2Node_CallFunction /Game/SSA/Blueprints/Objects/Debris.Debris:Debris Collision func.K2Node_CallFunction_3036 keeps removed/invalid pin: EdGraphPin /Game/SSA/Blueprints/Objects/Debris.Debris:Debris Collision func.K2Node_CallFunction_3036.EdGraphPin_189478. Try refresh all nodes.
[2015.11.07-20.04.23:690][  0]LogBlueprint:Error: Broken Node: K2Node_CallFunction /Game/SSA/Blueprints/Objects/Debris.Debris:Debris Collision func.K2Node_CallFunction_2761 keeps removed/invalid pin: EdGraphPin /Game/SSA/Blueprints/Objects/Debris.Debris:Debris Collision func.K2Node_CallFunction_2761.EdGraphPin_189448. Try refresh all nodes.
[2015.11.07-20.04.23:881][  0]LogBlueprint:Error: Broken Node: K2Node_CallFunction /Game/SSA/Blueprints/Objects/Debris.Debris:Debris Collision func.K2Node_CallFunction_2761 keeps removed/invalid pin: EdGraphPin /Game/SSA/Blueprints/Objects/Debris.Debris:Debris Collision func.K2Node_CallFunction_2761.EdGraphPin_189448. Try refresh all nodes.
[2015.11.07-20.04.23:882][  0]LogBlueprint:Error: Broken Node: K2Node_CallFunction /Game/SSA/Blueprints/Objects/Debris.Debris:Debris Collision func.K2Node_CallFunction_3036 keeps removed/invalid pin: EdGraphPin /Game/SSA/Blueprints/Objects/Debris.Debris:Debris Collision func.K2Node_CallFunction_3036.EdGraphPin_189478. Try refresh all nodes.
[2015.11.07-20.04.24:317][  0]LogLinker:Warning: Can't find file '/Game/Geometry/Meshes/1M_Cube'
[2015.11.07-20.04.24:318][  0]LogLinker:Warning: Can't find file for asset '/Game/Geometry/Meshes/1M_Cube' while loading ../../../../../../../My Media/UCF Documents/DIG 4725/Game-Files/SuperSpaceArmada/Content/SSA/Blueprints/Objects/Crystal_Spawner.uasset.
[2015.11.07-20.04.24:318][  0]LoadErrors:Error: Error /Game/SSA/Blueprints/Objects/Crystal_Spawner : Can't find file for asset. /Game/Geometry/Meshes/1M_Cube
[2015.11.07-20.04.24:318][  0]LogLinker:Warning: Can't find file '/Game/Geometry/Meshes/1M_Cube'
[2015.11.07-20.04.24:318][  0]LogLinker:Warning: Can't find file for asset '/Game/Geometry/Meshes/1M_Cube' while loading ../../../../../../../My Media/UCF Documents/DIG 4725/Game-Files/SuperSpaceArmada/Content/SSA/Blueprints/Objects/Crystal_Spawner.uasset.
[2015.11.07-20.04.24:318][  0]LoadErrors:Error: Error /Game/SSA/Blueprints/Objects/Crystal_Spawner : Can't find file for asset. /Game/Geometry/Meshes/1M_Cube
[2015.11.07-20.04.24:319][  0]LogLinker:Warning: Can't find file '/Game/Geometry/Meshes/1M_Cube'
[2015.11.07-20.04.24:319][  0]LogLinker:Warning: Can't find file for asset '/Game/Geometry/Meshes/1M_Cube' while loading ../../../../../../../My Media/UCF Documents/DIG 4725/Game-Files/SuperSpaceArmada/Content/SSA/Maps/Home_Kratakos.umap.
[2015.11.07-20.04.24:319][  0]LoadErrors:Error: Error /Game/SSA/Maps/Home_Kratakos : Can't find file for asset. /Game/Geometry/Meshes/1M_Cube
[2015.11.07-20.04.24:319][  0]LogLinker:Warning: Can't find file '/Game/Geometry/Meshes/1M_Cube'
[2015.11.07-20.04.24:319][  0]LogLinker:Warning: Can't find file for asset '/Game/Geometry/Meshes/1M_Cube' while loading ../../../../../../../My Media/UCF Documents/DIG 4725/Game-Files/SuperSpaceArmada/Content/SSA/Maps/Home_Kratakos.umap.
[2015.11.07-20.04.24:319][  0]LoadErrors:Error: Error /Game/SSA/Maps/Home_Kratakos : Can't find file for asset. /Game/Geometry/Meshes/1M_Cube
[2015.11.07-20.04.24:320][  0]LogLinker:Warning: Can't find file '/Game/Geometry/Meshes/1M_Cube'
[2015.11.07-20.04.24:320][  0]LoadErrors: Info Failed to load /Game/Geometry/Meshes/1M_Cube.1M_Cube Referenced by StaticMeshComponent0
[2015.11.07-20.04.24:320][  0]LogLinker:Warning: Can't find file for asset '/Game/Geometry/Meshes/1M_Cube' while loading ../../../../../../../My Media/UCF Documents/DIG 4725/Game-Files/SuperSpaceArmada/Content/SSA/Maps/Home_Kratakos.umap.
[2015.11.07-20.04.24:320][  0]LoadErrors: Info Failed to load /Game/Geometry/Meshes/1M_Cube.1M_Cube Referenced by StaticMeshComponent0
[2015.11.07-20.04.24:320][  0]LoadErrors:Error: Error /Game/SSA/Maps/Home_Kratakos : Can't find file for asset. /Game/Geometry/Meshes/1M_Cube
[2015.11.07-20.04.24:795][  0]LogMaterial: Missing cached shader map for material lambert1, compiling. 
[2015.11.07-20.04.24:795][  0]LogMaterial:Warning: Failed to compile Material /Game/Geometry/Meshes/KratakosFrigate/lambert1.lambert1 for platform PCD3D_SM5, Default Material will be used in game.
[2015.11.07-20.04.24:795][  0]LogMaterial:Warning: 	(Node TextureSample) TextureSample> Missing input texture
[2015.11.07-20.04.25:037][  0]LogAIModule: Creating AISystem for world Home_Kratakos
[2015.11.07-20.04.25:041][  0]LogEditorServer: Finished looking for orphan Actors (0.000 secs)
[2015.11.07-20.04.25:041][  0]Cmd: MAP CHECKDEP NOCLEARLOG
[2015.11.07-20.04.25:104][  0]MapCheck: Info Map check complete: 0 Error(s), 0 Warning(s), took 63.348ms to complete.
[2015.11.07-20.04.25:104][  0]LogFileHelpers: Loading map 'Home_Kratakos' took 2.522
[2015.11.07-20.04.25:188][  0]LogCollectionManager: Loaded 0 collections in 0.000901 seconds
[2015.11.07-20.04.25:225][  0]LogFileCache: Scanning file cache for directory 'F:/My Media/UCF Documents/DIG 4725/Game-Files/SuperSpaceArmada/Saved/Collections/' took 0.01s
[2015.11.07-20.04.25:225][  0]LogFileCache: Scanning file cache for directory 'F:/My Media/UCF Documents/DIG 4725/Game-Files/SuperSpaceArmada/Content/Developers/aehrlich92/Collections/' took 0.01s
[2015.11.07-20.04.25:225][  0]LogFileCache: Scanning file cache for directory 'F:/My Media/UCF Documents/DIG 4725/Game-Files/SuperSpaceArmada/Content/Collections/' took 0.01s
[2015.11.07-20.04.25:225][  0]LogContentBrowser: Native class hierarchy populated in 0.0049 seconds. Added 1882 classes and 339 folders.
[2015.11.07-20.04.25:229][  0]LogCollectionManager: Rebuilt the GUID cache for 0 collections in 0.000002 seconds
[2015.11.07-20.04.25:232][  0]LogContentBrowser: Native class hierarchy updated for 'WidgetCarousel' in 0.0002 seconds. Added 0 classes and 0 folders.
[2015.11.07-20.04.25:256][  0]LogContentBrowser: Native class hierarchy updated for 'AddContentDialog' in 0.0002 seconds. Added 0 classes and 0 folders.
[2015.11.07-20.04.25:259][  0]LogContentBrowser: Native class hierarchy updated for 'SceneOutliner' in 0.0002 seconds. Added 1 classes and 2 folders.
[2015.11.07-20.04.25:280][  0]LogCrashTracker: Crashtracker disabled due to settings.
[2015.11.07-20.04.25:282][  0]LogUObjectGlobals:Warning: Failed to find object 'Class None.'
[2015.11.07-20.04.25:305][  0]LogLoad: Full Startup: 6.67 seconds (BP compile: 0.76 seconds)
[2015.11.07-20.04.25:313][  0]LoadErrors:Error: Error /Game/SSA/Blueprints/Player : Failed import for Player_C /Game/SSA/Blueprints/Player/Player.Default__Player_C
[2015.11.07-20.04.25:368][  0]LogContentStreaming: Texture pool size now 1000 MB
[2015.11.07-20.04.25:466][  0]LogRenderer: Reallocating scene render targets to support 1208x584 (Frame:2).
[2015.11.07-20.04.25:997][ 16]LogAssetRegistry: Asset discovery search completed in 4.3075 seconds
[2015.11.07-20.04.25:997][ 16]LogCollectionManager: Rebuilt the object cache for 0 collections in 0.000000 seconds (found 0 objects)
[2015.11.07-20.04.25:997][ 16]LogCollectionManager: Fixed up redirectors for 0 collections in 0.000016 seconds (updated 0 objects)
[2015.11.07-20.04.28:967][337]LogLinker:Warning: Asset '../../../Engine/Content/ArtTools/RenderToTexture/Macros/RenderToTextureMacros.uasset' has been saved with empty engine version. The asset will be loaded but may be incompatible.
[2015.11.07-20.04.29:306][337]LogContentBrowser: Native class hierarchy updated for 'BlueprintGraph' in 0.0004 seconds. Added 107 classes and 0 folders.
[2015.11.07-20.04.30:996][337]LogPhysics:Warning: FConstraintInstance::GetRefFrame : Contained scale.
[2015.11.07-20.04.30:996][337]LogPhysics:Warning: FConstraintInstance::GetRefFrame : Contained scale.
[2015.11.07-20.04.30:996][337]LogPhysics:Warning: FConstraintInstance::GetRefFrame : Contained scale.
[2015.11.07-20.04.30:996][337]LogPhysics:Warning: FConstraintInstance::GetRefFrame : Contained scale.
[2015.11.07-20.04.32:490][434]LogBlueprintUserMessages: Early PlayInEditor Detection: Level '/Game/SSA/Maps/Home_Kratakos.Home_Kratakos:PersistentLevel' has LevelScriptBlueprint '/Game/SSA/Maps/Home_Kratakos.Home_Kratakos:PersistentLevel.Home_Kratakos' with GeneratedClass '/Game/SSA/Maps/Home_Kratakos.Home_Kratakos_C' with ClassGeneratedBy '/Game/SSA/Maps/Home_Kratakos.Home_Kratakos:PersistentLevel.Home_Kratakos'
[2015.11.07-20.04.32:490][434]LogPlayLevel: PlayLevel: No blueprints needed recompiling
[2015.11.07-20.04.32:490][434]PIE: New page: PIE session: Home_Kratakos (Nov 7, 2015, 10:04:32 AM)
[2015.11.07-20.04.32:490][434]LogPlayLevel: Creating play world package: /Game/SSA/Maps/UEDPIE_0_Home_Kratakos
[2015.11.07-20.04.32:511][434]LogPlayLevel: PIE: StaticDuplicateObject took: (0.020705s)
[2015.11.07-20.04.32:511][434]LogAIModule: Creating AISystem for world Home_Kratakos
[2015.11.07-20.04.32:511][434]LogPlayLevel: PIE: World Init took: (0.000559s)
[2015.11.07-20.04.32:511][434]LogPlayLevel: PIE: Created PIE world by copying editor world from /Game/SSA/Maps/Home_Kratakos.Home_Kratakos to /Game/SSA/Maps/UEDPIE_0_Home_Kratakos.Home_Kratakos (0.021465s)
[2015.11.07-20.04.32:512][434]LogActorComponent: UnregisterComponent: (/Engine/Transient.CharMoveComp) Not registered. Aborting.
[2015.11.07-20.04.32:512][434]LogActorComponent: UnregisterComponent: (/Engine/Transient.CharacterMovementComponent_0) Not registered. Aborting.
[2015.11.07-20.04.32:512][434]LogActorComponent: UnregisterComponent: (/Engine/Transient.CharacterMovementComponent_1) Not registered. Aborting.
[2015.11.07-20.04.32:512][434]LogActorComponent: UnregisterComponent: (/Engine/Transient.CharacterMovementComponent_2) Not registered. Aborting.
[2015.11.07-20.04.32:513][434]LogActorComponent: UnregisterComponent: (/Engine/Transient.CharacterMovementComponent_3) Not registered. Aborting.
[2015.11.07-20.04.32:604][434]LogInit: XAudio2 using 'Speakers (Realtek High Definition Audio)' : 8 channels at 48 kHz using 32 bits per sample (channel mask 0x63f)
[2015.11.07-20.04.32:610][434]LogInit: FAudioDevice initialized.
[2015.11.07-20.04.32:665][434]LogWorld: Game class is 'TopDownGameMode_C'
[2015.11.07-20.04.32:669][434]LogWorld:Warning: *** WARNING - PATHS MAY NOT BE VALID ***
[2015.11.07-20.04.32:669][434]LogWorld: Bringing World /Game/SSA/Maps/UEDPIE_0_Home_Kratakos.Home_Kratakos up for play (max tick rate 0) at 2015.11.07-15.04.32
[2015.11.07-20.04.32:669][434]LogActor:Warning: GameSession /Game/SSA/Maps/UEDPIE_0_Home_Kratakos.Home_Kratakos:PersistentLevel.GameSession_0 has natively added scene component(s), but none of them were set as the actor's RootComponent - picking one arbitrarily
[2015.11.07-20.04.32:669][434]LogActor:Warning: GameNetworkManager /Game/SSA/Maps/UEDPIE_0_Home_Kratakos.Home_Kratakos:PersistentLevel.GameNetworkManager_0 has natively added scene component(s), but none of them were set as the actor's RootComponent - picking one arbitrarily
[2015.11.07-20.04.32:669][434]LogWorld: Bringing up level for play took: 0.002851
[2015.11.07-20.04.32:739][434]PIE: Info Play in editor start time for /Game/SSA/Maps/UEDPIE_0_Home_Kratakos -0.424
[2015.11.07-20.04.32:739][434]LogBlueprintUserMessages: Late PlayInEditor Detection: Level '/Game/SSA/Maps/Home_Kratakos.Home_Kratakos:PersistentLevel' has LevelScriptBlueprint '/Game/SSA/Maps/Home_Kratakos.Home_Kratakos:PersistentLevel.Home_Kratakos' with GeneratedClass '/Game/SSA/Maps/Home_Kratakos.Home_Kratakos_C' with ClassGeneratedBy '/Game/SSA/Maps/Home_Kratakos.Home_Kratakos:PersistentLevel.Home_Kratakos'
[2015.11.07-20.04.32:763][435]LogRenderer: Reallocating scene render targets to support 1280x720 (Frame:182).
[2015.11.07-20.04.34:679][544]LogBlueprintUserMessages: Early EndPlayMap Detection: Level '/Game/SSA/Maps/Home_Kratakos.Home_Kratakos:PersistentLevel' has LevelScriptBlueprint '/Game/SSA/Maps/Home_Kratakos.Home_Kratakos:PersistentLevel.Home_Kratakos' with GeneratedClass '/Game/SSA/Maps/Home_Kratakos.Home_Kratakos_C' with ClassGeneratedBy '/Game/SSA/Maps/Home_Kratakos.Home_Kratakos:PersistentLevel.Home_Kratakos'
[2015.11.07-20.04.34:726][544]LogBlueprintUserMessages: Late EndPlayMap Detection: Level '/Game/SSA/Maps/Home_Kratakos.Home_Kratakos:PersistentLevel' has LevelScriptBlueprint '/Game/SSA/Maps/Home_Kratakos.Home_Kratakos:PersistentLevel.Home_Kratakos' with GeneratedClass '/Game/SSA/Maps/Home_Kratakos.Home_Kratakos_C' with ClassGeneratedBy '/Game/SSA/Maps/Home_Kratakos.Home_Kratakos:PersistentLevel.Home_Kratakos'
[2015.11.07-20.04.34:760][544]LogParticles: Destroying 0 GPU particle simulations for FXSystem 0x00000085A754CEA0
[2015.11.07-20.05.03:165][771]BlueprintLog: New page: Compile Player_Human
[2015.11.07-20.05.03:455][771]LogActorComponent: UnregisterComponent: (/Engine/Transient.CharMoveComp) Not registered. Aborting.
[2015.11.07-20.05.03:468][771]LogPhysics:Warning: FConstraintInstance::GetRefFrame : Contained scale.
[2015.11.07-20.05.03:468][771]LogPhysics:Warning: FConstraintInstance::GetRefFrame : Contained scale.
[2015.11.07-20.05.03:468][771]LogPhysics:Warning: FConstraintInstance::GetRefFrame : Contained scale.
[2015.11.07-20.05.03:468][771]LogPhysics:Warning: FConstraintInstance::GetRefFrame : Contained scale.
[2015.11.07-20.05.03:514][771]BlueprintEditorCompileResults: Info [0044.88] Compile of Player_Human successful! [in 349 ms]
[2015.11.07-20.05.04:658][893]LogActorComponent: UnregisterComponent: (/Engine/Transient.CharMoveComp) Not registered. Aborting.
[2015.11.07-20.05.04:658][893]LogActorComponent: UnregisterComponent: (/Engine/Transient.CharacterMovementComponent_4) Not registered. Aborting.
[2015.11.07-20.05.04:658][893]LogActorComponent: UnregisterComponent: (/Engine/Transient.CharacterMovementComponent_5) Not registered. Aborting.
[2015.11.07-20.05.04:872][893]LogSavePackage: Save=153.700577ms
[2015.11.07-20.05.04:872][893]LogSavePackage: Moving '../../../../../../../My Media/UCF Documents/DIG 4725/Game-Files/SuperSpaceArmada/Saved/Player_Human5F2C622C454D7EBC8E9112A076487757.tmp' to '../../../../../../../My Media/UCF Documents/DIG 4725/Game-Files/SuperSpaceArmada/Content/SSA/Blueprints/Player_Ships/Player_Human.uasset'
[2015.11.07-20.05.04:873][893]LogSavePackage: Total save time: 162.763353ms
[2015.11.07-20.05.04:873][893]LogSavePackage:Warning: Finished SavePackage ../../../../../../../My Media/UCF Documents/DIG 4725/Game-Files/SuperSpaceArmada/Content/SSA/Blueprints/Player_Ships/Player_Human.uasset
[2015.11.07-20.05.07:480][205]LogActorComponent: UnregisterComponent: (/Engine/Transient.CharMoveComp) Not registered. Aborting.
[2015.11.07-20.05.07:645][205]LogActorComponent: UnregisterComponent: (/Engine/Transient.EditorFloorComp) Not registered. Aborting.
[2015.11.07-20.05.07:690][205]LogActorComponent: UnregisterComponent: (/Engine/Transient.EditorFloorComp) Not registered. Aborting.
[2015.11.07-20.05.07:746][205]LogActorComponent: UnregisterComponent: (/Engine/Transient.EditorFloorComp) Not registered. Aborting.
[2015.11.07-20.05.07:796][205]LogActorComponent: UnregisterComponent: (/Engine/Transient.EditorFloorComp) Not registered. Aborting.
[2015.11.07-20.05.07:838][205]LogActorComponent: UnregisterComponent: (/Engine/Transient.EditorFloorComp) Not registered. Aborting.
[2015.11.07-20.05.07:888][205]LogActorComponent: UnregisterComponent: (/Engine/Transient.EditorFloorComp) Not registered. Aborting.
[2015.11.07-20.05.07:955][205]LogActorComponent: UnregisterComponent: (/Engine/Transient.EditorFloorComp) Not registered. Aborting.
[2015.11.07-20.05.08:001][205]LogWindowsTextInputMethodSystem:Display: IME system now deactivated.
[2015.11.07-20.05.08:205][206]Cmd: QUIT_EDITOR
[2015.11.07-20.05.09:397][206]LogExit: Preparing to exit.
[2015.11.07-20.05.09:891][206]LogExit: Editor shut down
[2015.11.07-20.05.09:891][206]LogExit: Transaction tracking system shut down
[2015.11.07-20.05.09:900][206]LogParticles: Destroying 0 GPU particle simulations for FXSystem 0x000000851DB46CA0
[2015.11.07-20.05.09:900][206]LogParticles: Destroying 0 GPU particle simulations for FXSystem 0x00000085256174C0
[2015.11.07-20.05.09:900][206]LogParticles: Destroying 0 GPU particle simulations for FXSystem 0x000000852BFFA340
[2015.11.07-20.05.09:900][206]LogParticles: Destroying 0 GPU particle simulations for FXSystem 0x00000085257458A0
[2015.11.07-20.05.09:900][206]LogParticles: Destroying 0 GPU particle simulations for FXSystem 0x00000085257454E0
[2015.11.07-20.05.09:901][206]LogParticles: Destroying 0 GPU particle simulations for FXSystem 0x000000852479E340
[2015.11.07-20.05.09:904][206]LogParticles: Destroying 0 GPU particle simulations for FXSystem 0x0000008519047100
[2015.11.07-20.05.09:904][206]LogParticles: Destroying 0 GPU particle simulations for FXSystem 0x000000855D787D80
[2015.11.07-20.05.09:904][206]LogParticles: Destroying 0 GPU particle simulations for FXSystem 0x0000008555F92FC0
[2015.11.07-20.05.09:904][206]LogParticles: Destroying 0 GPU particle simulations for FXSystem 0x000000852322C4A0
[2015.11.07-20.05.09:905][206]LogParticles: Destroying 0 GPU particle simulations for FXSystem 0x00000085544765C0
[2015.11.07-20.05.09:905][206]LogParticles: Destroying 0 GPU particle simulations for FXSystem 0x000000855AA21440
[2015.11.07-20.05.09:905][206]LogParticles: Destroying 0 GPU particle simulations for FXSystem 0x000000855D3E22A0
[2015.11.07-20.05.10:094][206]LogExit: Object subsystem successfully closed.
[2015.11.07-20.05.10:109][206]LogD3D11RHI: Shutdown
[2015.11.07-20.05.10:109][206]LogD3D11RHI: CleanupD3DDevice
[2015.11.07-20.05.10:163][206]LogD3D11RHI: ~FD3D11DynamicRHI
[2015.11.07-20.05.10:176][206]LogModuleManager: Shutting down and abandoning module BlueprintGraph (200)
[2015.11.07-20.05.10:176][206]LogModuleManager: Shutting down and abandoning module CrashTracker (199)
[2015.11.07-20.05.10:176][206]LogModuleManager: Shutting down and abandoning module SceneOutliner (198)
[2015.11.07-20.05.10:176][206]LogModuleManager: Shutting down and abandoning module SuperSearch (197)
[2015.11.07-20.05.10:176][206]LogModuleManager: Shutting down and abandoning module WidgetCarousel (196)
[2015.11.07-20.05.10:176][206]LogModuleManager: Shutting down and abandoning module AddContentDialog (195)
[2015.11.07-20.05.10:176][206]LogModuleManager: Shutting down and abandoning module EditorWidgets (194)
[2015.11.07-20.05.10:176][206]LogModuleManager: Shutting down and abandoning module CollectionManager (193)
[2015.11.07-20.05.10:176][206]LogModuleManager: Shutting down and abandoning module StatsViewer (192)
[2015.11.07-20.05.10:176][206]LogModuleManager: Shutting down and abandoning module FoliageEdit (191)
[2015.11.07-20.05.10:176][206]LogModuleManager: Shutting down and abandoning module LandscapeEditor (190)
[2015.11.07-20.05.10:177][206]LogModuleManager: Shutting down and abandoning module ActorPickerMode (189)
[2015.11.07-20.05.10:177][206]LogModuleManager: Shutting down and abandoning module GeometryMode (188)
[2015.11.07-20.05.10:177][206]LogModuleManager: Shutting down and abandoning module TextureAlignMode (187)
[2015.11.07-20.05.10:177][206]LogModuleManager: Shutting down and abandoning module BspMode (186)
[2015.11.07-20.05.10:177][206]LogModuleManager: Shutting down and abandoning module PlacementMode (185)
[2015.11.07-20.05.10:177][206]LogModuleManager: Shutting down and abandoning module AutomationWorker (184)
[2015.11.07-20.05.10:177][206]LogModuleManager: Shutting down and abandoning module CharacterAI (183)
[2015.11.07-20.05.10:177][206]LogModuleManager: Shutting down and abandoning module SmartSnapping (182)
[2015.11.07-20.05.10:177][206]LogModuleManager: Shutting down and abandoning module ViewportSnapping (181)
[2015.11.07-20.05.10:177][206]LogModuleManager: Shutting down and abandoning module LogVisualizer (180)
[2015.11.07-20.05.10:177][206]LogModuleManager: Shutting down and abandoning module GameProjectGeneration (179)
[2015.11.07-20.05.10:177][206]LogModuleManager: Shutting down and abandoning module IntroTutorials (178)
[2015.11.07-20.05.10:177][206]LogModuleManager: Shutting down and abandoning module EditorLiveStreaming (177)
[2015.11.07-20.05.10:177][206]LogModuleManager: Shutting down and abandoning module IOSPlatformEditor (176)
[2015.11.07-20.05.10:177][206]LogModuleManager: Shutting down and abandoning module HTML5PlatformEditor (175)
[2015.11.07-20.05.10:177][206]LogModuleManager: Shutting down and abandoning module AndroidDeviceDetection (174)
[2015.11.07-20.05.10:459][206]LogModuleManager: Shutting down and abandoning module AndroidPlatformEditor (173)
[2015.11.07-20.05.10:459][206]LogModuleManager: Shutting down and abandoning module IOSRuntimeSettings (172)
[2015.11.07-20.05.10:459][206]LogModuleManager: Shutting down and abandoning module AndroidRuntimeSettings (171)
[2015.11.07-20.05.10:459][206]LogModuleManager: Shutting down and abandoning module MergeActors (170)
[2015.11.07-20.05.10:459][206]LogModuleManager: Shutting down and abandoning module SizeMap (169)
[2015.11.07-20.05.10:459][206]LogModuleManager: Shutting down and abandoning module TreeMap (168)
[2015.11.07-20.05.10:459][206]LogModuleManager: Shutting down and abandoning module ReferenceViewer (167)
[2015.11.07-20.05.10:459][206]LogModuleManager: Shutting down and abandoning module LocalizationService (166)
[2015.11.07-20.05.10:459][206]LogModuleManager: Shutting down and abandoning module LocalizationDashboard (165)
[2015.11.07-20.05.10:459][206]LogModuleManager: Shutting down and abandoning module HardwareTargeting (164)
[2015.11.07-20.05.10:459][206]LogModuleManager: Shutting down and abandoning module DeviceProfileEditor (163)
[2015.11.07-20.05.10:459][206]LogModuleManager: Shutting down and abandoning module UndoHistory (162)
[2015.11.07-20.05.10:459][206]LogModuleManager: Shutting down and abandoning module GameplayTagsEditor (161)
[2015.11.07-20.05.10:459][206]LogModuleManager: Shutting down and abandoning module UserFeedback (160)
[2015.11.07-20.05.10:459][206]LogModuleManager: Shutting down and abandoning module XmlParser (159)
[2015.11.07-20.05.10:459][206]LogModuleManager: Shutting down and abandoning module Blutility (158)
[2015.11.07-20.05.10:459][206]LogModuleManager: Shutting down and abandoning module ProjectTargetPlatformEditor (157)
[2015.11.07-20.05.10:459][206]LogModuleManager: Shutting down and abandoning module ProjectSettingsViewer (156)
[2015.11.07-20.05.10:459][206]LogModuleManager: Shutting down and abandoning module InputBindingEditor (155)
[2015.11.07-20.05.10:459][206]LogModuleManager: Shutting down and abandoning module EditorSettingsViewer (154)
[2015.11.07-20.05.10:459][206]LogModuleManager: Shutting down and abandoning module SettingsEditor (153)
[2015.11.07-20.05.10:459][206]LogModuleManager: Shutting down and abandoning module ProjectLauncher (152)
[2015.11.07-20.05.10:459][206]LogModuleManager: Shutting down and abandoning module SessionFrontend (151)
[2015.11.07-20.05.10:459][206]LogModuleManager: Shutting down and abandoning module ProfilerClient (150)
[2015.11.07-20.05.10:459][206]LogModuleManager: Shutting down and abandoning module TargetDeviceServices (149)
[2015.11.07-20.05.10:459][206]LogModuleManager: Shutting down and abandoning module DeviceManager (148)
[2015.11.07-20.05.10:459][206]LogModuleManager: Shutting down and abandoning module AutomationController (147)
[2015.11.07-20.05.10:459][206]LogModuleManager: Shutting down and abandoning module AutomationWindow (146)
[2015.11.07-20.05.10:459][206]LogModuleManager: Shutting down and abandoning module Layers (145)
[2015.11.07-20.05.10:459][206]LogModuleManager: Shutting down and abandoning module ComponentVisualizers (144)
[2015.11.07-20.05.10:459][206]LogModuleManager: Shutting down and abandoning module DetailCustomizations (143)
[2015.11.07-20.05.10:459][206]LogModuleManager: Shutting down and abandoning module PackagesDialog (142)
[2015.11.07-20.05.10:459][206]LogModuleManager: Shutting down and abandoning module Persona (141)
[2015.11.07-20.05.10:459][206]LogModuleManager: Shutting down and abandoning module Kismet (140)
[2015.11.07-20.05.10:460][206]LogModuleManager: Shutting down and abandoning module GraphEditor (139)
[2015.11.07-20.05.10:460][206]LogModuleManager: Shutting down and abandoning module ClassViewer (138)
[2015.11.07-20.05.10:460][206]LogModuleManager: Shutting down and abandoning module Toolbox (137)
[2015.11.07-20.05.10:460][206]LogModuleManager: Shutting down and abandoning module ModuleUI (136)
[2015.11.07-20.05.10:460][206]LogModuleManager: Shutting down and abandoning module MovieSceneTools (135)
[2015.11.07-20.05.10:460][206]LogModuleManager: Shutting down and abandoning module OutputLog (134)
[2015.11.07-20.05.10:460][206]LogModuleManager: Shutting down and abandoning module GammaUI (133)
[2015.11.07-20.05.10:460][206]LogModuleManager: Shutting down and abandoning module Documentation (132)
[2015.11.07-20.05.10:460][206]LogModuleManager: Shutting down and abandoning module GameLiveStreaming (131)
[2015.11.07-20.05.10:460][206]LogModuleManager: Shutting down and abandoning module StreamingPauseRendering (130)
[2015.11.07-20.05.10:460][206]LogModuleManager: Shutting down and abandoning module AnalyticsET (129)
[2015.11.07-20.05.10:460][206]LogModuleManager: Shutting down and abandoning module Analytics (128)
[2015.11.07-20.05.10:460][206]LogModuleManager: Shutting down and abandoning module AITestSuite (127)
[2015.11.07-20.05.10:460][206]LogModuleManager: Shutting down and abandoning module GameplayDebugger (126)
[2015.11.07-20.05.10:460][206]LogModuleManager: Shutting down and abandoning module AIModule (125)
[2015.11.07-20.05.10:460][206]LogModuleManager: Shutting down and abandoning module ProfilerService (124)
[2015.11.07-20.05.10:604][206]LogModuleManager: Shutting down and abandoning module TaskGraph (123)
[2015.11.07-20.05.10:604][206]LogModuleManager: Shutting down and abandoning module SubstanceEditor (122)
[2015.11.07-20.05.10:604][206]LogModuleManager: Shutting down and abandoning module SlateRemote (121)
[2015.11.07-20.05.10:604][206]LogModuleManager: Shutting down and abandoning module SteamVRController (120)
[2015.11.07-20.05.10:604][206]LogModuleManager: Shutting down and abandoning module SteamVR (119)
[2015.11.07-20.05.10:604][206]LogModuleManager: Shutting down and abandoning module ProceduralMeshComponent (118)
[2015.11.07-20.05.10:604][206]LogModuleManager: Shutting down and abandoning module OculusRift (117)
[2015.11.07-20.05.10:604][206]LogModuleManager: Shutting down and abandoning module OculusLibrary (116)
[2015.11.07-20.05.10:604][206]LogModuleManager: Shutting down and abandoning module LeapMotionController (115)
[2015.11.07-20.05.10:619][206]LogModuleManager: Shutting down and abandoning module CustomMeshComponent (114)
[2015.11.07-20.05.10:619][206]LogModuleManager: Shutting down and abandoning module CableComponent (113)
[2015.11.07-20.05.10:619][206]LogModuleManager: Shutting down and abandoning module ArchVisCharacter (112)
[2015.11.07-20.05.10:619][206]LogModuleManager: Shutting down and abandoning module MessagingDebugger (111)
[2015.11.07-20.05.10:619][206]LogModuleManager: Shutting down and abandoning module MediaPlayerEditor (110)
[2015.11.07-20.05.10:619][206]LogModuleManager: Shutting down and abandoning module HTML5Networking (109)
[2015.11.07-20.05.10:619][206]LogModuleManager: Shutting down and abandoning module SpeedTreeImporter (108)
[2015.11.07-20.05.10:619][206]LogModuleManager: Shutting down and abandoning module PluginBrowser (107)
[2015.11.07-20.05.10:619][206]LogModuleManager: Shutting down and abandoning module EpicSurvey (106)
[2015.11.07-20.05.10:619][206]LogModuleManager: Shutting down and abandoning module DesktopPlatform (105)
[2015.11.07-20.05.10:619][206]LogModuleManager: Shutting down and abandoning module VisualStudioSourceCodeAccess (104)
[2015.11.07-20.05.10:619][206]LogModuleManager: Shutting down and abandoning module UObjectPlugin (103)
[2015.11.07-20.05.10:619][206]LogModuleManager: Shutting down and abandoning module SubversionSourceControl (102)
[2015.11.07-20.05.10:619][206]LogModuleManager: Shutting down and abandoning module PerforceSourceControl (101)
[2015.11.07-20.05.10:619][206]LogModuleManager: Shutting down and abandoning module SourceControl (100)
[2015.11.07-20.05.10:619][206]LogModuleManager: Shutting down and abandoning module GitSourceControl (99)
[2015.11.07-20.05.10:619][206]LogModuleManager: Shutting down and abandoning module LightPropagationVolumeEditor (98)
[2015.11.07-20.05.10:619][206]LogModuleManager: Shutting down and abandoning module PaperTiledImporter (97)
[2015.11.07-20.05.10:619][206]LogModuleManager: Shutting down and abandoning module PaperSpriteSheetImporter (96)
[2015.11.07-20.05.10:619][206]LogModuleManager: Shutting down and abandoning module MeshPaint (95)
[2015.11.07-20.05.10:619][206]LogModuleManager: Shutting down and abandoning module SlateReflector (94)
[2015.11.07-20.05.10:619][206]LogModuleManager: Shutting down and abandoning module HotReload (93)
[2015.11.07-20.05.10:619][206]LogModuleManager: Shutting down and abandoning module MainFrame (92)
[2015.11.07-20.05.10:619][206]LogModuleManager: Shutting down and abandoning module LevelEditor (91)
[2015.11.07-20.05.10:620][206]LogModuleManager: Shutting down and abandoning module ContentBrowser (90)
[2015.11.07-20.05.10:620][206]LogModuleManager: Shutting down and abandoning module Paper2DEditor (89)
[2015.11.07-20.05.10:620][206]LogModuleManager: Shutting down and abandoning module UdpMessaging (88)
[2015.11.07-20.05.10:721][206]LogModuleManager: Shutting down and abandoning module DirectoryWatcher (87)
[2015.11.07-20.05.10:721][206]LogModuleManager: Shutting down and abandoning module AssetRegistry (86)
[2015.11.07-20.05.10:859][206]LogModuleManager: Shutting down and abandoning module SubstanceCore (85)
[2015.11.07-20.05.10:859][206]LogModuleManager: Shutting down and abandoning module LightPropagationVolumeRuntime (84)
[2015.11.07-20.05.10:859][206]LogModuleManager: Shutting down and abandoning module Paper2D (83)
[2015.11.07-20.05.10:859][206]LogModuleManager: Shutting down and abandoning module WindowsMoviePlayer (82)
[2015.11.07-20.05.10:861][206]LogModuleManager: Shutting down and abandoning module Media (81)
[2015.11.07-20.05.10:861][206]LogModuleManager: Shutting down and abandoning module WmfMedia (80)
[2015.11.07-20.05.10:861][206]LogModuleManager: Shutting down and abandoning module OnlineBlueprintSupport (79)
[2015.11.07-20.05.10:861][206]LogModuleManager: Shutting down and abandoning module GameplayTasksEditor (78)
[2015.11.07-20.05.10:861][206]LogModuleManager: Shutting down and abandoning module PropertyEditor (77)
[2015.11.07-20.05.10:861][206]LogModuleManager: Shutting down and abandoning module BehaviorTreeEditor (76)
[2015.11.07-20.05.10:861][206]LogModuleManager: Shutting down and abandoning module FunctionalTesting (75)
[2015.11.07-20.05.10:861][206]LogModuleManager: Shutting down and abandoning module CollisionAnalyzer (74)
[2015.11.07-20.05.10:861][206]LogModuleManager: Shutting down and abandoning module WorkspaceMenuStructure (73)
[2015.11.07-20.05.10:861][206]LogModuleManager: Shutting down and abandoning module MessageLog (72)
[2015.11.07-20.05.10:861][206]LogModuleManager: Shutting down and abandoning module Sequencer (71)
[2015.11.07-20.05.10:861][206]LogModuleManager: Shutting down and abandoning module AssetTools (70)
[2015.11.07-20.05.10:861][206]LogModuleManager: Shutting down and abandoning module UMGEditor (69)
[2015.11.07-20.05.10:861][206]LogModuleManager: Shutting down and abandoning module UMG (68)
[2015.11.07-20.05.10:861][206]LogModuleManager: Shutting down and abandoning module Slate (67)
[2015.11.07-20.05.10:861][206]LogModuleManager: Shutting down and abandoning module EditorStyle (66)
[2015.11.07-20.05.10:862][206]LogModuleManager: Shutting down and abandoning module SessionServices (65)
[2015.11.07-20.05.10:862][206]LogModuleManager: Shutting down and abandoning module SourceCodeAccess (64)
[2015.11.07-20.05.10:862][206]LogModuleManager: Shutting down and abandoning module HeadMountedDisplay (63)
[2015.11.07-20.05.10:862][206]LogModuleManager: Shutting down and abandoning module XAudio2 (62)
[2015.11.07-20.05.10:862][206]LogModuleManager: Shutting down and abandoning module Networking (60)
[2015.11.07-20.05.10:862][206]LogModuleManager: Shutting down and abandoning module Core (59)
[2015.11.07-20.05.10:862][206]LogModuleManager: Shutting down and abandoning module KismetCompiler (58)
[2015.11.07-20.05.10:862][206]LogModuleManager: Shutting down and abandoning module PhysXFormats (57)
[2015.11.07-20.05.10:862][206]LogModuleManager: Shutting down and abandoning module MeshUtilities (56)
[2015.11.07-20.05.10:862][206]LogModuleManager: Shutting down and abandoning module CookingStats (55)
[2015.11.07-20.05.10:864][206]LogModuleManager: Shutting down and abandoning module DerivedDataCache (54)
[2015.11.07-20.05.10:904][206]LogDerivedDataCache: Shutdown
[2015.11.07-20.05.10:904][206]LogModuleManager: Shutting down and abandoning module ShaderFormatOpenGL (53)
[2015.11.07-20.05.10:904][206]LogModuleManager: Shutting down and abandoning module ShaderFormatD3D (52)
[2015.11.07-20.05.10:904][206]LogModuleManager: Shutting down and abandoning module MetalShaderFormat (51)
[2015.11.07-20.05.10:904][206]LogModuleManager: Shutting down and abandoning module TextureFormatUncompressed (50)
[2015.11.07-20.05.10:904][206]LogModuleManager: Shutting down and abandoning module TextureFormatPVR (49)
[2015.11.07-20.05.10:904][206]LogModuleManager: Shutting down and abandoning module TextureFormatIntelISPCTexComp (48)
[2015.11.07-20.05.10:904][206]LogModuleManager: Shutting down and abandoning module TextureFormatDXT (47)
[2015.11.07-20.05.10:904][206]LogModuleManager: Shutting down and abandoning module ImageWrapper (46)
[2015.11.07-20.05.10:904][206]LogModuleManager: Shutting down and abandoning module TextureFormatASTC (45)
[2015.11.07-20.05.10:904][206]LogModuleManager: Shutting down and abandoning module TextureFormatAndroid (44)
[2015.11.07-20.05.10:904][206]LogModuleManager: Shutting down and abandoning module AudioFormatOpus (43)
[2015.11.07-20.05.10:904][206]LogModuleManager: Shutting down and abandoning module AudioFormatOgg (42)
[2015.11.07-20.05.10:904][206]LogModuleManager: Shutting down and abandoning module AudioFormatADPCM (41)
[2015.11.07-20.05.10:904][206]LogModuleManager: Shutting down and abandoning module LinuxTargetPlatform (40)
[2015.11.07-20.05.10:904][206]LogModuleManager: Shutting down and abandoning module LinuxServerTargetPlatform (39)
[2015.11.07-20.05.10:904][206]LogModuleManager: Shutting down and abandoning module LinuxNoEditorTargetPlatform (38)
[2015.11.07-20.05.10:904][206]LogModuleManager: Shutting down and abandoning module Messaging (37)
[2015.11.07-20.05.10:904][206]LogModuleManager: Shutting down and abandoning module IOSTargetPlatform (36)
[2015.11.07-20.05.10:904][206]LogModuleManager: Shutting down and abandoning module HTML5TargetPlatform (35)
[2015.11.07-20.05.10:904][206]LogModuleManager: Shutting down and abandoning module Android_PVRTCTargetPlatform (34)
[2015.11.07-20.05.10:904][206]LogModuleManager: Shutting down and abandoning module Android_ETC2TargetPlatform (33)
[2015.11.07-20.05.10:904][206]LogModuleManager: Shutting down and abandoning module Android_ETC1TargetPlatform (32)
[2015.11.07-20.05.10:904][206]LogModuleManager: Shutting down and abandoning module Android_DXTTargetPlatform (31)
[2015.11.07-20.05.10:904][206]LogModuleManager: Shutting down and abandoning module Android_ATCTargetPlatform (30)
[2015.11.07-20.05.10:904][206]LogModuleManager: Shutting down and abandoning module Android_ASTCTargetPlatform (29)
[2015.11.07-20.05.10:904][206]LogModuleManager: Shutting down and abandoning module AndroidTargetPlatform (28)
[2015.11.07-20.05.10:904][206]LogModuleManager: Shutting down and abandoning module WindowsTargetPlatform (27)
[2015.11.07-20.05.10:904][206]LogModuleManager: Shutting down and abandoning module WindowsServerTargetPlatform (26)
[2015.11.07-20.05.10:904][206]LogModuleManager: Shutting down and abandoning module WindowsNoEditorTargetPlatform (25)
[2015.11.07-20.05.10:904][206]LogModuleManager: Shutting down and abandoning module WindowsClientTargetPlatform (24)
[2015.11.07-20.05.10:904][206]LogModuleManager: Shutting down and abandoning module AllDesktopTargetPlatform (23)
[2015.11.07-20.05.10:904][206]LogModuleManager: Shutting down and abandoning module TargetPlatform (22)
[2015.11.07-20.05.10:904][206]LogModuleManager: Shutting down and abandoning module InputCore (21)
[2015.11.07-20.05.10:904][206]LogModuleManager: Shutting down and abandoning module Settings (20)
[2015.11.07-20.05.10:904][206]LogModuleManager: Shutting down and abandoning module OnlineSubsystem (18)
[2015.11.07-20.05.10:904][206]LogModuleManager: Shutting down and abandoning module HTTP (17)
[2015.11.07-20.05.13:406][206]LogModuleManager: Shutting down and abandoning module XMPP (16)
[2015.11.07-20.05.13:406][206]LogModuleManager: Shutting down and abandoning module ExampleDeviceProfileSelector (15)
[2015.11.07-20.05.13:406][206]LogModuleManager: Shutting down and abandoning module TextureCompressor (14)
[2015.11.07-20.05.13:406][206]LogModuleManager: Shutting down and abandoning module ShaderCore (13)
[2015.11.07-20.05.13:406][206]LogModuleManager: Shutting down and abandoning module Landscape (12)
[2015.11.07-20.05.13:406][206]LogModuleManager: Shutting down and abandoning module SlateRHIRenderer (11)
[2015.11.07-20.05.13:407][206]LogModuleManager: Shutting down and abandoning module OpenGLDrv (10)
[2015.11.07-20.05.13:407][206]LogModuleManager: Shutting down and abandoning module D3D11RHI (9)
[2015.11.07-20.05.13:407][206]LogModuleManager: Shutting down and abandoning module AnimGraphRuntime (8)
[2015.11.07-20.05.13:407][206]LogModuleManager: Shutting down and abandoning module Renderer (7)
[2015.11.07-20.05.13:407][206]LogModuleManager: Shutting down and abandoning module Engine (6)
[2015.11.07-20.05.13:407][206]LogModuleManager: Shutting down and abandoning module CoreUObject (5)
[2015.11.07-20.05.13:407][206]LogModuleManager: Shutting down and abandoning module NetworkFile (4)
[2015.11.07-20.05.13:407][206]LogModuleManager: Shutting down and abandoning module StreamingFile (3)
[2015.11.07-20.05.13:407][206]LogModuleManager: Shutting down and abandoning module SandboxFile (2)
[2015.11.07-20.05.13:407][206]LogModuleManager: Shutting down and abandoning module PakFile (1)
[2015.11.07-20.05.13:407][206]LogExit: Exiting.
[2015.11.07-20.05.13:408][206]Log file closed, 11/07/15 15:05:13
