[2015.10.04-19.35.50:606][  0]Log file open, 10/04/15 15:35:50
[2015.10.04-19.35.50:606][  0]LogInit:Display: Running engine without a game
[2015.10.04-19.35.50:606][  0]LogInit:Display: Loading recent project file: ../../../../../../../My Media/UCF Documents/DIG 4725/Game-Files/SuperSpaceArmada/SuperSpaceArmada.uproject
[2015.10.04-19.35.50:606][  0]LogInit:Display: RandInit(-1645817614) SRandInit(-1645817613).
[2015.10.04-19.35.50:606][  0]LogTaskGraph: Started task graph with 4 named threads and 7 total threads.
[2015.10.04-19.35.50:606][  0]LogStats: Stats thread started at 0.063016
[2015.10.04-19.35.50:606][  0]LogInit: Version: 4.9.1-2689999+++depot+UE4-Releases+4.9
[2015.10.04-19.35.50:606][  0]LogInit: API Version: 2672455
[2015.10.04-19.35.50:606][  0]LogInit: Compiled (64-bit): Sep 14 2015 04:12:03
[2015.10.04-19.35.50:606][  0]LogInit: Compiled with Visual C++: 18.00.21005.01
[2015.10.04-19.35.50:606][  0]LogInit: Build Configuration: Development
[2015.10.04-19.35.50:606][  0]LogInit: Branch Name: ++depot+UE4-Releases+4.9
[2015.10.04-19.35.50:606][  0]LogInit: Command line: 
[2015.10.04-19.35.50:606][  0]LogInit: Base directory: F:/Program Files/Unreal/Epic Games/4.9/Engine/Binaries/Win64/
[2015.10.04-19.35.50:606][  0]LogInit: Rocket: 1
[2015.10.04-19.35.50:614][  0]LogInit: Using libcurl 7.41.0
[2015.10.04-19.35.50:614][  0]LogInit:  - built for x86_64-pc-win32
[2015.10.04-19.35.50:614][  0]LogInit:  - supports SSL with WinSSL
[2015.10.04-19.35.50:614][  0]LogInit:  - other features:
[2015.10.04-19.35.50:614][  0]LogInit:      CURL_VERSION_SSL
[2015.10.04-19.35.50:614][  0]LogInit:      CURL_VERSION_IPV6
[2015.10.04-19.35.50:614][  0]LogInit:      CURL_VERSION_ASYNCHDNS
[2015.10.04-19.35.50:614][  0]LogInit:      CURL_VERSION_LARGEFILE
[2015.10.04-19.35.50:614][  0]LogInit:      CURL_VERSION_IDN
[2015.10.04-19.35.50:614][  0]LogInit:  CurlRequestOptions (configurable via config and command line):
[2015.10.04-19.35.50:614][  0]LogInit:  - bVerifyPeer = true  - Libcurl will verify peer certificate
[2015.10.04-19.35.50:614][  0]LogInit:  - bUseHttpProxy = false  - Libcurl will NOT use HTTP proxy
[2015.10.04-19.35.50:614][  0]LogInit:  - bDontReuseConnections = false  - Libcurl will reuse connections
[2015.10.04-19.35.50:614][  0]LogInit:  - CertBundlePath = nullptr  - Libcurl will use whatever was configured at build time.
[2015.10.04-19.35.50:621][  0]LogInit: Presizing for 0 objects not considered by GC, pre-allocating 0 bytes.
[2015.10.04-19.35.50:626][  0]LogInit: Object subsystem initialized
[2015.10.04-19.35.50:627][  0]LogInit: Selected Device Profile: [Windows]
[2015.10.04-19.35.50:627][  0]LogInit: Applying CVar settings loaded from the selected device profile: [Windows]
[2015.10.04-19.35.50:633][  0]LogInit: Computer: ANDREW_2015
[2015.10.04-19.35.50:633][  0]LogInit: User: aehrlich92
[2015.10.04-19.35.50:633][  0]LogInit: CPU Page size=4096, Cores=4
[2015.10.04-19.35.50:633][  0]LogInit: High frequency timer resolution =3.984650 MHz
[2015.10.04-19.35.50:633][  0]LogMemory: Memory total: Physical=15.9GB (16GB approx)
[2015.10.04-19.35.50:633][  0]LogMemory: Platform Memory Stats for Windows
[2015.10.04-19.35.50:633][  0]LogMemory: Process Physical Memory: 54.67 MB used, 54.67 MB peak
[2015.10.04-19.35.50:633][  0]LogMemory: Process Virtual Memory: 55.38 MB used, 55.38 MB peak
[2015.10.04-19.35.50:633][  0]LogMemory: Physical Memory: 4688.70 MB used, 16322.88 MB total
[2015.10.04-19.35.50:633][  0]LogMemory: Virtual Memory: 364.36 MB used, 134217728.00 MB total
[2015.10.04-19.35.50:676][  0]LogTextLocalizationManager: No specific translations for ('en-US') exist, so ('en') translations will be used.
[2015.10.04-19.35.51:213][  0]LogD3D11RHI: Found D3D11 adapter 0: NVIDIA GeForce GTX 960 (Feature Level 11_0)
[2015.10.04-19.35.51:213][  0]LogD3D11RHI: Adapter has 1969MB of dedicated video memory, 0MB of dedicated system memory, and 8161MB of shared system memory, 2 output[s]
[2015.10.04-19.35.51:215][  0]LogD3D11RHI: Found D3D11 adapter 1: Microsoft Basic Render Driver (Feature Level 11_0)
[2015.10.04-19.35.51:215][  0]LogD3D11RHI: Adapter has 0MB of dedicated video memory, 0MB of dedicated system memory, and 8161MB of shared system memory, 0 output[s]
[2015.10.04-19.35.51:215][  0]LogD3D11RHI: Chosen D3D11 Adapter Id = 0
[2015.10.04-19.35.51:220][  0]LogD3D11RHI: !Direct3DDevice
[2015.10.04-19.35.51:220][  0]LogRHI: Texture pool is 1361 MB (70% of 1945 MB)
[2015.10.04-19.35.51:230][  0]LogD3D11RHI: Async texture creation enabled
[2015.10.04-19.35.51:240][  0]LogShaderCompilers: Guid format shader working directory is 15 characters bigger than the processId version (../../../../../../../My Media/UCF Documents/DIG 4725/Game-Files/SuperSpaceArmada/Intermediate/Shaders/WorkingDirectory/2432/).
[2015.10.04-19.35.51:240][  0]LogShaderCompilers: Cleaned the shader compiler working directory '../../../../../../../My Media/UCF Documents/DIG 4725/Game-Files/SuperSpaceArmada/Intermediate/Shaders/tmp/8F3B926F4FEA3BEF29274BBFA65C181E/'.
[2015.10.04-19.35.51:240][  0]LogShaderCompilers:Display: Using Local Shader Compiler.
[2015.10.04-19.35.52:078][  0]LogTemp:Display: Loaded TP AllDesktopTargetPlatform
[2015.10.04-19.35.52:084][  0]LogTemp:Display: Loaded TP WindowsClientTargetPlatform
[2015.10.04-19.35.52:091][  0]LogTemp:Display: Loaded TP WindowsNoEditorTargetPlatform
[2015.10.04-19.35.52:097][  0]LogTemp:Display: Loaded TP WindowsServerTargetPlatform
[2015.10.04-19.35.52:101][  0]LogTemp:Display: Loaded TP WindowsTargetPlatform
[2015.10.04-19.35.52:104][  0]LogTemp:Display: Loaded TP AndroidTargetPlatform
[2015.10.04-19.35.52:107][  0]LogTemp:Display: Loaded TP Android_ASTCTargetPlatform
[2015.10.04-19.35.52:110][  0]LogTemp:Display: Loaded TP Android_ATCTargetPlatform
[2015.10.04-19.35.52:114][  0]LogTemp:Display: Loaded TP Android_DXTTargetPlatform
[2015.10.04-19.35.52:119][  0]LogTemp:Display: Loaded TP Android_ETC1TargetPlatform
[2015.10.04-19.35.52:122][  0]LogTemp:Display: Loaded TP Android_ETC2TargetPlatform
[2015.10.04-19.35.52:125][  0]LogTemp:Display: Loaded TP Android_PVRTCTargetPlatform
[2015.10.04-19.35.52:127][  0]LogTemp:Display: Loaded TP HTML5TargetPlatform
[2015.10.04-19.35.52:143][  0]LogTemp:Display: Loaded TP IOSTargetPlatform
[2015.10.04-19.35.52:146][  0]LogTemp:Display: Loaded TP LinuxNoEditorTargetPlatform
[2015.10.04-19.35.52:150][  0]LogTemp:Display: Loaded TP LinuxServerTargetPlatform
[2015.10.04-19.35.52:153][  0]LogTemp:Display: Loaded TP LinuxTargetPlatform
[2015.10.04-19.35.52:153][  0]LogTargetPlatformManager:Display: Building Assets For Windows
[2015.10.04-19.35.52:230][  0]LogDerivedDataCache:Display: Max Cache Size: 512 MB
[2015.10.04-19.35.52:261][  0]LogDerivedDataCache: Loaded boot cache 0.03s 41MB C:/Users/aehrlich92/AppData/Local/UnrealEngine/4.9/DerivedDataCache/Boot.ddc.
[2015.10.04-19.35.52:261][  0]LogDerivedDataCache:Display: Loaded Boot cache: C:/Users/aehrlich92/AppData/Local/UnrealEngine/4.9/DerivedDataCache/Boot.ddc
[2015.10.04-19.35.52:261][  0]LogDerivedDataCache: FDerivedDataBackendGraph:  Pak pak cache file ../../../../../../../My Media/UCF Documents/DIG 4725/Game-Files/SuperSpaceArmada/DerivedDataCache/DDC.ddp not found, will not use a pak cache.
[2015.10.04-19.35.52:261][  0]LogDerivedDataCache: Unable to find inner node Pak for hierarchical cache Hierarchy.
[2015.10.04-19.35.52:262][  0]LogDerivedDataCache: FDerivedDataBackendGraph:  CompressedPak pak cache file ../../../../../../../My Media/UCF Documents/DIG 4725/Game-Files/SuperSpaceArmada/DerivedDataCache/Compressed.ddp not found, will not use a pak cache.
[2015.10.04-19.35.52:262][  0]LogDerivedDataCache: Unable to find inner node CompressedPak for hierarchical cache Hierarchy.
[2015.10.04-19.35.52:384][  0]LogDerivedDataCache:Display: Pak cache opened for reading ../../../Engine/DerivedDataCache/Compressed.ddp.
[2015.10.04-19.35.52:396][  0]LogDerivedDataCache: Using Local data cache path C:/Users/aehrlich92/AppData/Local/UnrealEngine/Common/DerivedDataCache: Writable
[2015.10.04-19.35.52:562][  0]LogInit: Selected Device Profile: [Windows]
[2015.10.04-19.35.52:564][  0]LogContentStreaming: Texture pool size is 0.000000MB
[2015.10.04-19.35.52:677][  0]LogMeshUtilities: No automatic mesh reduction module available
[2015.10.04-19.35.52:677][  0]LogMeshUtilities: No automatic mesh merging module available
[2015.10.04-19.35.52:893][  0]LogInit: WinSock: version 1.1 (2.2), MaxSocks=32767, MaxUdp=65467
[2015.10.04-19.35.53:507][  0]LogAssetRegistry: FAssetRegistry took 0.0107 seconds to start up
[2015.10.04-19.35.53:520][  0]UdpMessaging: Initializing bridge on interface 0.0.0.0:0 to multicast group 230.0.0.1:6666.
[2015.10.04-19.35.53:734][  0]SourceControl: Info Source control is disabled
[2015.10.04-19.35.53:745][  0]SourceControl: Info Source control is disabled
[2015.10.04-19.35.53:751][  0]SourceControl: Info Source control is disabled
[2015.10.04-19.35.53:760][  0]SourceControl: Info Source control is disabled
[2015.10.04-19.35.53:856][  0]LogLinker:Warning: Asset '../../../Engine/Plugins/Runtime/LeapMotionController/Content/LM_PassthroughMaterial.uasset' has been saved with empty engine version. The asset will be loaded but may be incompatible.
[2015.10.04-19.35.53:917][  0]LogObj: 28528 objects as part of root set at end of initial load.
[2015.10.04-19.35.53:917][  0]LogUObjectAllocator: 6068464 out of 0 bytes used by permanent object pool.
[2015.10.04-19.35.53:971][  0]LogEngine: Initializing Engine...
[2015.10.04-19.35.53:972][  0]LogHMD: Can't find Oculus library dev build: is proper Runtime installed? Version: 0.7.0.0
[2015.10.04-19.35.53:973][  0]LogHMD: SteamVR failed to initialize.  Err: 110
[2015.10.04-19.35.54:084][  0]LogAIModule: Creating AISystem for world NewWorld
[2015.10.04-19.35.54:098][  0]LogInit: XAudio2 using 'Speakers (Realtek High Definition Audio)' : 8 channels at 48 kHz using 32 bits per sample (channel mask 0x63f)
[2015.10.04-19.35.54:111][  0]LogInit: FAudioDevice initialized.
[2015.10.04-19.35.54:129][  0]LogDerivedDataCache: Saved boot cache 0.02s 41MB C:/Users/aehrlich92/AppData/Local/UnrealEngine/4.9/DerivedDataCache/Boot.ddc.
[2015.10.04-19.35.54:133][  0]LogInit: Texture streaming: Enabled
[2015.10.04-19.35.54:139][  0]LogAnalytics: Creating configured Analytics provider AnalyticsET
[2015.10.04-19.35.54:139][  0]LogAnalytics: [UEEditor.Rocket.Release] APIServer = http://et2.epicgames.com/ET2/. AppVersion = 4.9.1-2689999+++depot+UE4-Releases+4.9
[2015.10.04-19.35.54:139][  0]LogAnalytics: [UEEditor.Rocket.Release] SetUserId 7bdbd2584788e6e37f918c9187bab22c|b300224d71e64562a5bff06c2aaa78f8|45aed112-7b58-41bf-9eba-b8dcb7f9dd12
[2015.10.04-19.35.54:139][  0]LogAnalytics: [UEEditor.Rocket.Release] AnalyticsET::StartSession
[2015.10.04-19.35.54:177][  0]LogInit: Transaction tracking system initialized
[2015.10.04-19.35.54:214][  0]BlueprintLog: New page: Editor Load
[2015.10.04-19.35.54:305][  0]LocalizationService: Info Localization service is disabled
[2015.10.04-19.35.54:384][  0]LogConsoleResponse:Display: 
[2015.10.04-19.35.54:492][  0]LogCook:Display: Done creating registry. It took  0.00s.
[2015.10.04-19.35.54:554][  0]LogFileCache: Scanning file cache for directory 'F:/My Media/UCF Documents/DIG 4725/Game-Files/SuperSpaceArmada/Content/' took 0.01s
[2015.10.04-19.35.54:554][  0]SourceControl: Info Source control is disabled
[2015.10.04-19.35.54:554][  0]Cmd: MAP LOAD FILE="../../../../../../../My Media/UCF Documents/DIG 4725/Game-Files/SuperSpaceArmada/Content/TopDownBP/Maps/TopDownExampleMap.umap" TEMPLATE=0 SHOWPROGRESS=1 FEATURELEVEL=3
[2015.10.04-19.35.54:554][  0]LogEditorServer:Warning: Can't find file '../../../../../../../My Media/UCF Documents/DIG 4725/Game-Files/SuperSpaceArmada/Content/TopDownBP/Maps/TopDownExampleMap.umap'
[2015.10.04-19.35.54:554][  0]Cmd: MAP CHECKDEP NOCLEARLOG
[2015.10.04-19.35.54:589][  0]MapCheck: Info Map check complete: 0 Error(s), 0 Warning(s), took 35.194ms to complete.
[2015.10.04-19.35.54:590][  0]LogFileHelpers: Loading map 'TopDownExampleMap' took 0.036
[2015.10.04-19.35.54:704][  0]LogCollectionManager: Loaded 0 collections in 0.000976 seconds
[2015.10.04-19.35.54:742][  0]LogFileCache: Scanning file cache for directory 'F:/My Media/UCF Documents/DIG 4725/Game-Files/SuperSpaceArmada/Saved/Collections/' took 0.01s
[2015.10.04-19.35.54:742][  0]LogFileCache: Scanning file cache for directory 'F:/My Media/UCF Documents/DIG 4725/Game-Files/SuperSpaceArmada/Content/Developers/aehrlich92/Collections/' took 0.01s
[2015.10.04-19.35.54:742][  0]LogFileCache: Scanning file cache for directory 'F:/My Media/UCF Documents/DIG 4725/Game-Files/SuperSpaceArmada/Content/Collections/' took 0.01s
[2015.10.04-19.35.54:742][  0]LogContentBrowser: Native class hierarchy populated in 0.0052 seconds. Added 1882 classes and 339 folders.
[2015.10.04-19.35.54:749][  0]LogCollectionManager: Rebuilt the GUID cache for 0 collections in 0.000003 seconds
[2015.10.04-19.35.54:754][  0]LogContentBrowser: Native class hierarchy updated for 'WidgetCarousel' in 0.0003 seconds. Added 0 classes and 0 folders.
[2015.10.04-19.35.54:789][  0]LogContentBrowser: Native class hierarchy updated for 'AddContentDialog' in 0.0004 seconds. Added 0 classes and 0 folders.
[2015.10.04-19.35.54:794][  0]LogContentBrowser: Native class hierarchy updated for 'SceneOutliner' in 0.0004 seconds. Added 1 classes and 2 folders.
[2015.10.04-19.35.54:815][  0]LogCrashTracker: Crashtracker disabled due to settings.
[2015.10.04-19.35.54:820][  0]LogUObjectGlobals:Warning: Failed to find object 'Class None.'
[2015.10.04-19.35.54:842][  0]LogLoad: Full Startup: 4.65 seconds (BP compile: 0.00 seconds)
[2015.10.04-19.35.55:215][  0]LogContentStreaming: Texture pool size now 1000 MB
[2015.10.04-19.35.55:338][  0]LogRenderer: Reallocating scene render targets to support 1208x584 (Frame:2).
[2015.10.04-19.35.55:859][  2]LogAssetRegistry: Asset discovery search completed in 2.3619 seconds
[2015.10.04-19.35.55:859][  2]LogCollectionManager: Rebuilt the object cache for 0 collections in 0.000001 seconds (found 0 objects)
[2015.10.04-19.35.55:859][  2]LogCollectionManager: Fixed up redirectors for 0 collections in 0.000016 seconds (updated 0 objects)
[2015.10.04-19.35.55:920][  3]LogLinker:Warning: Asset '../../../../../../../My Media/UCF Documents/DIG 4725/Game-Files/SuperSpaceArmada/Content/Mannequin/Animations/ThirdPerson_AnimBP.uasset' has been saved with empty engine version. The asset will be loaded but may be incompatible.
[2015.10.04-19.35.55:922][  3]LogLinker:Warning: Asset '../../../../../../../My Media/UCF Documents/DIG 4725/Game-Files/SuperSpaceArmada/Content/Mannequin/Animations/ThirdPerson_Jump.uasset' has been saved with empty engine version. The asset will be loaded but may be incompatible.
[2015.10.04-19.35.55:924][  3]LogLinker:Warning: Asset '../../../../../../../My Media/UCF Documents/DIG 4725/Game-Files/SuperSpaceArmada/Content/Mannequin/Animations/ThirdPersonJump_Loop.uasset' has been saved with empty engine version. The asset will be loaded but may be incompatible.
[2015.10.04-19.35.55:925][  3]LogLinker:Warning: Asset '../../../../../../../My Media/UCF Documents/DIG 4725/Game-Files/SuperSpaceArmada/Content/Mannequin/Animations/ThirdPersonJump_Start.uasset' has been saved with empty engine version. The asset will be loaded but may be incompatible.
[2015.10.04-19.35.55:926][  3]LogLinker:Warning: Asset '../../../../../../../My Media/UCF Documents/DIG 4725/Game-Files/SuperSpaceArmada/Content/Mannequin/Animations/ThirdPerson_IdleRun_2D.uasset' has been saved with empty engine version. The asset will be loaded but may be incompatible.
[2015.10.04-19.35.55:926][  3]LogLinker:Warning: Asset '../../../../../../../My Media/UCF Documents/DIG 4725/Game-Files/SuperSpaceArmada/Content/Mannequin/Animations/ThirdPersonIdle.uasset' has been saved with empty engine version. The asset will be loaded but may be incompatible.
[2015.10.04-19.35.55:928][  3]LogLinker:Warning: Asset '../../../../../../../My Media/UCF Documents/DIG 4725/Game-Files/SuperSpaceArmada/Content/Mannequin/Animations/ThirdPersonRun.uasset' has been saved with empty engine version. The asset will be loaded but may be incompatible.
[2015.10.04-19.35.55:929][  3]LogLinker:Warning: Asset '../../../../../../../My Media/UCF Documents/DIG 4725/Game-Files/SuperSpaceArmada/Content/Mannequin/Animations/ThirdPersonWalk.uasset' has been saved with empty engine version. The asset will be loaded but may be incompatible.
[2015.10.04-19.35.56:621][  3]LogBlueprint:Error: [compiler Player_Kratakos] Error COMPILER ERROR: failed building connection with 'Player Human Reference is not compatible with Player Reference.' at  SpawnActor Player Human 
[2015.10.04-19.35.56:634][  3]LogBlueprint:Warning: [compiler Player_Kratakos] Warning [0006.44] Compile of Player_Kratakos failed. 1 Fatal Issue(s) 0 Warning(s) [in 27 ms]
[2015.10.04-19.35.56:635][  3]LogBlueprint:Warning: [compiler Player_Kratakos] Warning [0006.44] Compile of Player_Kratakos failed. 1 Fatal Issue(s) 1 Warning(s) [in 0 ms]
[2015.10.04-19.35.56:635][  3]LogBlueprint:Warning: [compiler Player_Kratakos] Warning [0006.44] Compile of Player_Kratakos failed. 1 Fatal Issue(s) 2 Warning(s) [in 0 ms]
[2015.10.04-19.35.57:827][  3]LogLinker:Warning: Asset '../../../Engine/Content/ArtTools/RenderToTexture/Macros/RenderToTextureMacros.uasset' has been saved with empty engine version. The asset will be loaded but may be incompatible.
[2015.10.04-19.35.58:317][  3]LogContentBrowser: Native class hierarchy updated for 'BlueprintGraph' in 0.0005 seconds. Added 107 classes and 0 folders.
[2015.10.04-19.35.59:921][  3]LoadErrors:Error: Error /Game/SSA/Blueprints/Player/Player_Kratakos : Failed import for Function /Game/SSA/Blueprints/Player/Player.Player_C:Spawn Next Ship
[2015.10.04-19.35.59:930][  3]LogBlueprintUserMessages: [Player_Human_C_0] 0
[2015.10.04-19.35.59:930][  3]LogBlueprintUserMessages: [Player_Human_C_0] 0
[2015.10.04-19.38.07:563][691]BlueprintLog: New page: Compile Player
[2015.10.04-19.38.07:672][691]LogBlueprint:Error: [compiler Player_Kratakos] Error COMPILER ERROR: failed building connection with 'Player Human Reference is not compatible with Player Reference.' at  SpawnActor Player Human 
[2015.10.04-19.38.07:735][691]LogActorComponent: UnregisterComponent: (/Engine/Transient.CharMoveComp) Not registered. Aborting.
[2015.10.04-19.38.07:735][691]LogActorComponent: UnregisterComponent: (/Engine/Transient.CharacterMovementComponent_0) Not registered. Aborting.
[2015.10.04-19.38.08:180][691]BlueprintEditorCompileResults: Info [0137.98] Compile of Player successful! [in 617 ms]
[2015.10.04-19.38.08:944][743]LogSavePackage: Save=197.315704ms
[2015.10.04-19.38.08:944][743]LogSavePackage: Moving '../../../../../../../My Media/UCF Documents/DIG 4725/Game-Files/SuperSpaceArmada/Saved/PlayerACA7C5E34D6A42DC9EB1E2A441FA1ECE.tmp' to '../../../../../../../My Media/UCF Documents/DIG 4725/Game-Files/SuperSpaceArmada/Content/SSA/Blueprints/Player/Player.uasset'
[2015.10.04-19.38.08:945][743]LogSavePackage: Total save time: 209.311735ms
[2015.10.04-19.38.08:945][743]LogSavePackage:Warning: Finished SavePackage ../../../../../../../My Media/UCF Documents/DIG 4725/Game-Files/SuperSpaceArmada/Content/SSA/Blueprints/Player/Player.uasset
[2015.10.04-19.38.21:342][213]LogPlayLevel: PlayLevel: No blueprints needed recompiling
[2015.10.04-19.38.21:344][213]PIE: New page: PIE session: Untitled_0 (Oct 4, 2015, 11:38:21 AM)
[2015.10.04-19.38.21:344][213]LogPlayLevel: Creating play world package: /Temp/UEDPIE_0_Untitled_0
[2015.10.04-19.38.21:344][213]LogPlayLevel: PIE: StaticDuplicateObject took: (0.000308s)
[2015.10.04-19.38.21:344][213]LogAIModule: Creating AISystem for world NewWorld
[2015.10.04-19.38.21:344][213]LogPlayLevel: PIE: World Init took: (0.000454s)
[2015.10.04-19.38.21:344][213]LogPlayLevel: PIE: Created PIE world by copying editor world from /Temp/Untitled_0.NewWorld to /Temp/UEDPIE_0_Untitled_0.NewWorld (0.000891s)
[2015.10.04-19.38.21:367][213]LogInit: XAudio2 using 'Speakers (Realtek High Definition Audio)' : 8 channels at 48 kHz using 32 bits per sample (channel mask 0x63f)
[2015.10.04-19.38.21:374][213]LogInit: FAudioDevice initialized.
[2015.10.04-19.38.21:428][213]LogLinker:Warning: Can't find file '/Game/TopDownBP/Blueprints/TopDownGameMode'
[2015.10.04-19.38.21:429][213]LogLinker:Warning: Can't find file '/Game/TopDownBP/Blueprints/TopDownGameMode'
[2015.10.04-19.38.21:429][213]LogUObjectGlobals:Warning: Failed to find object 'Class /Game/TopDownBP/Blueprints/TopDownGameMode.TopDownGameMode_C'
[2015.10.04-19.38.21:429][213]LogWorld: Game class is 'GameMode'
[2015.10.04-19.38.21:430][213]LogWorld: Bringing World /Temp/UEDPIE_0_Untitled_0.NewWorld up for play (max tick rate 0) at 2015.10.04-15.38.21
[2015.10.04-19.38.21:430][213]LogActor:Warning: GameSession /Temp/UEDPIE_0_Untitled_0.NewWorld:PersistentLevel.GameSession_0 has natively added scene component(s), but none of them were set as the actor's RootComponent - picking one arbitrarily
[2015.10.04-19.38.21:430][213]LogActor:Warning: GameNetworkManager /Temp/UEDPIE_0_Untitled_0.NewWorld:PersistentLevel.GameNetworkManager_0 has natively added scene component(s), but none of them were set as the actor's RootComponent - picking one arbitrarily
[2015.10.04-19.38.21:430][213]LogWorld: Bringing up level for play took: 0.000485
[2015.10.04-19.38.21:431][213]LogGameMode: Warning - PATHS NOT DEFINED or NO PLAYERSTART with positive rating
[2015.10.04-19.38.21:460][213]PIE: Info Play in editor start time for /Temp/UEDPIE_0_Untitled_0 -0.614
[2015.10.04-19.38.21:469][214]LogRenderer: Reallocating scene render targets to support 1280x720 (Frame:13).
[2015.10.04-19.38.23:583][456]LogParticles: Destroying 0 GPU particle simulations for FXSystem 0x000000115E47F420
[2015.10.04-19.38.28:212][922]LogAIModule: Creating AISystem for world Home_Kratakos
[2015.10.04-19.38.28:224][922]LogActorComponent: UnregisterComponent: (/Engine/Transient.CharMoveComp) Not registered. Aborting.
[2015.10.04-19.38.28:225][922]LogActorComponent: UnregisterComponent: (/Engine/Transient.CharacterMovementComponent_1) Not registered. Aborting.
[2015.10.04-19.38.28:255][922]Cmd: MAP LOAD FILE="../../../../../../../My Media/UCF Documents/DIG 4725/Game-Files/SuperSpaceArmada/Content/SSA/Maps/Home_Kratakos.umap" TEMPLATE=0 SHOWPROGRESS=1 FEATURELEVEL=3
[2015.10.04-19.38.28:255][922]LightingResults: New page: Lighting Build
[2015.10.04-19.38.28:258][922]LogContentBrowser: Native class hierarchy updated for 'StatsViewer' in 0.0002 seconds. Added 5 classes and 0 folders.
[2015.10.04-19.38.28:270][922]LoadErrors: New page: Loading map: Home_Kratakos.umap
[2015.10.04-19.38.28:270][922]MapCheck: New page: Map Check
[2015.10.04-19.38.28:270][922]LightingResults: New page: Lighting Build
[2015.10.04-19.38.28:286][922]LogParticles: Destroying 0 GPU particle simulations for FXSystem 0x000000117CD6D620
[2015.10.04-19.38.28:293][922]LogEditorServer: Finished looking for orphan Actors (0.000 secs)
[2015.10.04-19.38.28:349][922]Cmd: MAP CHECKDEP NOCLEARLOG
[2015.10.04-19.38.28:395][922]MapCheck: Info Map check complete: 0 Error(s), 0 Warning(s), took 45.611ms to complete.
[2015.10.04-19.38.28:395][922]LogFileHelpers: Loading map 'Home_Kratakos' took 0.141
[2015.10.04-19.38.28:403][922]LoadErrors:Error: Error /Game/SSA/Blueprints/Player/Player_Kratakos : Failed import for Function /Game/SSA/Blueprints/Player/Player.Player_C:Spawn Next Ship
[2015.10.04-19.38.28:403][922]LoadErrors:Error: Error /Game/SSA/Maps/Home_Kratakos : Failed import for CurveFloat /Game/SSA/Blueprints/Objects/Crystal_Spawner.Crystal_Spawner_C:CurveFloat_0__256DA8D9
[2015.10.04-19.38.29:380][ 16]LogActorComponent: UnregisterComponent: (/Engine/Transient.CharMoveComp) Not registered. Aborting.
[2015.10.04-19.38.29:380][ 16]LogActorComponent: UnregisterComponent: (/Engine/Transient.CharacterMovementComponent_2) Not registered. Aborting.
[2015.10.04-19.38.30:802][178]LogBlueprintUserMessages: Early PlayInEditor Detection: Level '/Game/SSA/Maps/Home_Kratakos.Home_Kratakos:PersistentLevel' has LevelScriptBlueprint '/Game/SSA/Maps/Home_Kratakos.Home_Kratakos:PersistentLevel.Home_Kratakos' with GeneratedClass '/Game/SSA/Maps/Home_Kratakos.Home_Kratakos_C' with ClassGeneratedBy '/Game/SSA/Maps/Home_Kratakos.Home_Kratakos:PersistentLevel.Home_Kratakos'
[2015.10.04-19.38.30:802][178]LogPlayLevel: PlayLevel: No blueprints needed recompiling
[2015.10.04-19.38.30:802][178]PIE: New page: PIE session: Home_Kratakos (Oct 4, 2015, 11:38:30 AM)
[2015.10.04-19.38.30:802][178]LogPlayLevel: Creating play world package: /Game/SSA/Maps/UEDPIE_0_Home_Kratakos
[2015.10.04-19.38.30:824][178]LogPlayLevel: PIE: StaticDuplicateObject took: (0.021405s)
[2015.10.04-19.38.30:824][178]LogAIModule: Creating AISystem for world Home_Kratakos
[2015.10.04-19.38.30:824][178]LogPlayLevel: PIE: World Init took: (0.000546s)
[2015.10.04-19.38.30:825][178]LogPlayLevel: PIE: Created PIE world by copying editor world from /Game/SSA/Maps/Home_Kratakos.Home_Kratakos to /Game/SSA/Maps/UEDPIE_0_Home_Kratakos.Home_Kratakos (0.022112s)
[2015.10.04-19.38.30:849][178]LogInit: XAudio2 using 'Speakers (Realtek High Definition Audio)' : 8 channels at 48 kHz using 32 bits per sample (channel mask 0x63f)
[2015.10.04-19.38.30:854][178]LogInit: FAudioDevice initialized.
[2015.10.04-19.38.30:895][178]LogWorld: Game class is 'TopDownGameMode_C'
[2015.10.04-19.38.30:898][178]LogWorld:Warning: *** WARNING - PATHS MAY NOT BE VALID ***
[2015.10.04-19.38.30:898][178]LogWorld: Bringing World /Game/SSA/Maps/UEDPIE_0_Home_Kratakos.Home_Kratakos up for play (max tick rate 0) at 2015.10.04-15.38.30
[2015.10.04-19.38.30:898][178]LogActor:Warning: GameSession /Game/SSA/Maps/UEDPIE_0_Home_Kratakos.Home_Kratakos:PersistentLevel.GameSession_1 has natively added scene component(s), but none of them were set as the actor's RootComponent - picking one arbitrarily
[2015.10.04-19.38.30:898][178]LogActor:Warning: GameNetworkManager /Game/SSA/Maps/UEDPIE_0_Home_Kratakos.Home_Kratakos:PersistentLevel.GameNetworkManager_1 has natively added scene component(s), but none of them were set as the actor's RootComponent - picking one arbitrarily
[2015.10.04-19.38.30:898][178]LogWorld: Bringing up level for play took: 0.002753
[2015.10.04-19.38.30:900][178]LogBlueprintUserMessages: [Player_Kratakos_C_16] X=270.000 Y=750.000 Z=265.594
[2015.10.04-19.38.30:907][178]PIE: Info Play in editor start time for /Game/SSA/Maps/UEDPIE_0_Home_Kratakos 0.834
[2015.10.04-19.38.30:907][178]LogBlueprintUserMessages: Late PlayInEditor Detection: Level '/Game/SSA/Maps/Home_Kratakos.Home_Kratakos:PersistentLevel' has LevelScriptBlueprint '/Game/SSA/Maps/Home_Kratakos.Home_Kratakos:PersistentLevel.Home_Kratakos' with GeneratedClass '/Game/SSA/Maps/Home_Kratakos.Home_Kratakos_C' with ClassGeneratedBy '/Game/SSA/Maps/Home_Kratakos.Home_Kratakos:PersistentLevel.Home_Kratakos'
[2015.10.04-19.38.31:932][300]LogBlueprintUserMessages: [Player_Kratakos_C_16] 1
[2015.10.04-19.38.33:588][498]LogBlueprintUserMessages: [Player_Kratakos_C_16] 1
[2015.10.04-19.38.33:589][498]LogBlueprintUserMessages: [Player_Human_C_10] 0
[2015.10.04-19.38.33:589][498]LogBlueprintUserMessages: [Player_Human_C_10] 0
[2015.10.04-19.38.34:333][587]LogBlueprintUserMessages: [Player_Human_C_10] 0
[2015.10.04-19.38.34:909][656]LogBlueprintUserMessages: [Player_Human_C_10] 0
[2015.10.04-19.38.37:830][  6]LogBlueprintUserMessages: [Player_Human_C_10] 0
[2015.10.04-19.38.40:651][345]LogBlueprintUserMessages: [Player_Human_C_10] 2
[2015.10.04-19.38.41:068][395]LogBlueprintUserMessages: [Player_Human_C_10] 2
[2015.10.04-19.38.41:071][395]LogBlueprintUserMessages: [Player_Human_C_11] 0
[2015.10.04-19.38.41:071][395]LogBlueprintUserMessages: [Player_Human_C_11] 0
[2015.10.04-19.38.41:071][395]LogBlueprintUserMessages: [Player_Human_C_11] 0
[2015.10.04-19.38.42:819][605]LogBlueprintUserMessages: [Player_Human_C_11] 2
[2015.10.04-19.38.43:152][645]LogBlueprintUserMessages: [Player_Human_C_11] 2
[2015.10.04-19.38.43:153][645]LogScript:Warning: Attempted to get an item from array Player Armada out of bounds [1/0]!
[2015.10.04-19.38.43:154][645]LogBlueprintUserMessages: [Player_Human_C_12] 0
[2015.10.04-19.38.43:154][645]LogBlueprintUserMessages: [Player_Human_C_12] 0
[2015.10.04-19.38.43:154][645]LogBlueprintUserMessages: [Player_Human_C_12] 0
[2015.10.04-19.38.43:154][645]LogScript:Warning: Attempted to get an item from array Player Armada out of bounds [1/0]!
[2015.10.04-19.38.43:155][645]LogBlueprintUserMessages: [Player_Human_C_13] 0
[2015.10.04-19.38.43:155][645]LogBlueprintUserMessages: [Player_Human_C_13] 0
[2015.10.04-19.38.43:155][645]LogBlueprintUserMessages: [Player_Human_C_13] 0
[2015.10.04-19.38.45:632][942]LogBlueprintUserMessages: [Player_Human_C_13] 0
[2015.10.04-19.38.45:670][947]LogBlueprintUserMessages: [Player_Human_C_13] 0
[2015.10.04-19.38.46:128][998]LogBlueprintUserMessages: Early EndPlayMap Detection: Level '/Game/SSA/Maps/Home_Kratakos.Home_Kratakos:PersistentLevel' has LevelScriptBlueprint '/Game/SSA/Maps/Home_Kratakos.Home_Kratakos:PersistentLevel.Home_Kratakos' with GeneratedClass '/Game/SSA/Maps/Home_Kratakos.Home_Kratakos_C' with ClassGeneratedBy '/Game/SSA/Maps/Home_Kratakos.Home_Kratakos:PersistentLevel.Home_Kratakos'
[2015.10.04-19.38.46:158][998]LogBlueprintUserMessages: Late EndPlayMap Detection: Level '/Game/SSA/Maps/Home_Kratakos.Home_Kratakos:PersistentLevel' has LevelScriptBlueprint '/Game/SSA/Maps/Home_Kratakos.Home_Kratakos:PersistentLevel.Home_Kratakos' with GeneratedClass '/Game/SSA/Maps/Home_Kratakos.Home_Kratakos_C' with ClassGeneratedBy '/Game/SSA/Maps/Home_Kratakos.Home_Kratakos:PersistentLevel.Home_Kratakos'
[2015.10.04-19.38.46:194][998]LogParticles: Destroying 0 GPU particle simulations for FXSystem 0x000000111C421EE0
[2015.10.04-19.39.04:401][148]LogSavePackage: Save=179.183365ms
[2015.10.04-19.39.04:401][148]LogSavePackage: Moving '../../../../../../../My Media/UCF Documents/DIG 4725/Game-Files/SuperSpaceArmada/Saved/PlayerF0E4763A492DB4277662EB94A5B07750.tmp' to '../../../../../../../My Media/UCF Documents/DIG 4725/Game-Files/SuperSpaceArmada/Content/SSA/Blueprints/Player/Player.uasset'
[2015.10.04-19.39.04:403][148]LogSavePackage: Total save time: 184.440792ms
[2015.10.04-19.39.04:403][148]LogSavePackage:Warning: Finished SavePackage ../../../../../../../My Media/UCF Documents/DIG 4725/Game-Files/SuperSpaceArmada/Content/SSA/Blueprints/Player/Player.uasset
[2015.10.04-19.39.04:860][202]BlueprintLog: New page: Compile Player
[2015.10.04-19.39.04:964][202]LogBlueprint:Error: [compiler Player_Kratakos] Error COMPILER ERROR: failed building connection with 'Player Human Reference is not compatible with Player Reference.' at  SpawnActor Player Human 
[2015.10.04-19.39.05:371][202]BlueprintEditorCompileResults: Info [0195.18] Compile of Player successful! [in 511 ms]
[2015.10.04-19.39.09:102][637]LogBlueprintUserMessages: Early PlayInEditor Detection: Level '/Game/SSA/Maps/Home_Kratakos.Home_Kratakos:PersistentLevel' has LevelScriptBlueprint '/Game/SSA/Maps/Home_Kratakos.Home_Kratakos:PersistentLevel.Home_Kratakos' with GeneratedClass '/Game/SSA/Maps/Home_Kratakos.Home_Kratakos_C' with ClassGeneratedBy '/Game/SSA/Maps/Home_Kratakos.Home_Kratakos:PersistentLevel.Home_Kratakos'
[2015.10.04-19.39.09:102][637]LogPlayLevel: PlayLevel: No blueprints needed recompiling
[2015.10.04-19.39.09:102][637]PIE: New page: PIE session: Home_Kratakos (Oct 4, 2015, 11:39:09 AM)
[2015.10.04-19.39.09:102][637]LogPlayLevel: Creating play world package: /Game/SSA/Maps/UEDPIE_0_Home_Kratakos
[2015.10.04-19.39.09:119][637]LogPlayLevel: PIE: StaticDuplicateObject took: (0.017050s)
[2015.10.04-19.39.09:120][637]LogAIModule: Creating AISystem for world Home_Kratakos
[2015.10.04-19.39.09:120][637]LogPlayLevel: PIE: World Init took: (0.000656s)
[2015.10.04-19.39.09:120][637]LogPlayLevel: PIE: Created PIE world by copying editor world from /Game/SSA/Maps/Home_Kratakos.Home_Kratakos to /Game/SSA/Maps/UEDPIE_0_Home_Kratakos.Home_Kratakos (0.017874s)
[2015.10.04-19.39.09:145][637]LogInit: XAudio2 using 'Speakers (Realtek High Definition Audio)' : 8 channels at 48 kHz using 32 bits per sample (channel mask 0x63f)
[2015.10.04-19.39.09:150][637]LogInit: FAudioDevice initialized.
[2015.10.04-19.39.09:194][637]LogWorld: Game class is 'TopDownGameMode_C'
[2015.10.04-19.39.09:197][637]LogWorld:Warning: *** WARNING - PATHS MAY NOT BE VALID ***
[2015.10.04-19.39.09:197][637]LogWorld: Bringing World /Game/SSA/Maps/UEDPIE_0_Home_Kratakos.Home_Kratakos up for play (max tick rate 0) at 2015.10.04-15.39.09
[2015.10.04-19.39.09:197][637]LogActor:Warning: GameSession /Game/SSA/Maps/UEDPIE_0_Home_Kratakos.Home_Kratakos:PersistentLevel.GameSession_2 has natively added scene component(s), but none of them were set as the actor's RootComponent - picking one arbitrarily
[2015.10.04-19.39.09:197][637]LogActor:Warning: GameNetworkManager /Game/SSA/Maps/UEDPIE_0_Home_Kratakos.Home_Kratakos:PersistentLevel.GameNetworkManager_2 has natively added scene component(s), but none of them were set as the actor's RootComponent - picking one arbitrarily
[2015.10.04-19.39.09:198][637]LogWorld: Bringing up level for play took: 0.002719
[2015.10.04-19.39.09:200][637]LogBlueprintUserMessages: [Player_Kratakos_C_15] X=270.000 Y=750.000 Z=265.594
[2015.10.04-19.39.09:225][637]PIE: Info Play in editor start time for /Game/SSA/Maps/UEDPIE_0_Home_Kratakos -0.849
[2015.10.04-19.39.09:225][637]LogBlueprintUserMessages: Late PlayInEditor Detection: Level '/Game/SSA/Maps/Home_Kratakos.Home_Kratakos:PersistentLevel' has LevelScriptBlueprint '/Game/SSA/Maps/Home_Kratakos.Home_Kratakos:PersistentLevel.Home_Kratakos' with GeneratedClass '/Game/SSA/Maps/Home_Kratakos.Home_Kratakos_C' with ClassGeneratedBy '/Game/SSA/Maps/Home_Kratakos.Home_Kratakos:PersistentLevel.Home_Kratakos'
[2015.10.04-19.39.10:256][760]LogBlueprintUserMessages: [Player_Kratakos_C_15] 1
[2015.10.04-19.39.10:623][804]LogBlueprintUserMessages: [Player_Kratakos_C_15] 1
[2015.10.04-19.39.10:624][804]LogBlueprintUserMessages: [Player_Human_C_9] 0
[2015.10.04-19.39.10:624][804]LogBlueprintUserMessages: [Player_Human_C_9] 0
[2015.10.04-19.39.11:079][857]LogBlueprintUserMessages: [Player_Human_C_9] 0
[2015.10.04-19.39.11:550][913]LogBlueprintUserMessages: [Player_Human_C_9] 0
[2015.10.04-19.39.15:465][376]LogBlueprintUserMessages: Early EndPlayMap Detection: Level '/Game/SSA/Maps/Home_Kratakos.Home_Kratakos:PersistentLevel' has LevelScriptBlueprint '/Game/SSA/Maps/Home_Kratakos.Home_Kratakos:PersistentLevel.Home_Kratakos' with GeneratedClass '/Game/SSA/Maps/Home_Kratakos.Home_Kratakos_C' with ClassGeneratedBy '/Game/SSA/Maps/Home_Kratakos.Home_Kratakos:PersistentLevel.Home_Kratakos'
[2015.10.04-19.39.15:494][376]LogBlueprintUserMessages: Late EndPlayMap Detection: Level '/Game/SSA/Maps/Home_Kratakos.Home_Kratakos:PersistentLevel' has LevelScriptBlueprint '/Game/SSA/Maps/Home_Kratakos.Home_Kratakos:PersistentLevel.Home_Kratakos' with GeneratedClass '/Game/SSA/Maps/Home_Kratakos.Home_Kratakos_C' with ClassGeneratedBy '/Game/SSA/Maps/Home_Kratakos.Home_Kratakos:PersistentLevel.Home_Kratakos'
[2015.10.04-19.39.15:514][376]LogParticles: Destroying 0 GPU particle simulations for FXSystem 0x0000001125895940
[2015.10.04-19.39.17:044][552]LogBlueprintUserMessages: Early PlayInEditor Detection: Level '/Game/SSA/Maps/Home_Kratakos.Home_Kratakos:PersistentLevel' has LevelScriptBlueprint '/Game/SSA/Maps/Home_Kratakos.Home_Kratakos:PersistentLevel.Home_Kratakos' with GeneratedClass '/Game/SSA/Maps/Home_Kratakos.Home_Kratakos_C' with ClassGeneratedBy '/Game/SSA/Maps/Home_Kratakos.Home_Kratakos:PersistentLevel.Home_Kratakos'
[2015.10.04-19.39.17:044][552]LogPlayLevel: PlayLevel: No blueprints needed recompiling
[2015.10.04-19.39.17:044][552]PIE: New page: PIE session: Home_Kratakos (Oct 4, 2015, 11:39:17 AM)
[2015.10.04-19.39.17:044][552]LogPlayLevel: Creating play world package: /Game/SSA/Maps/UEDPIE_0_Home_Kratakos
[2015.10.04-19.39.17:061][552]LogPlayLevel: PIE: StaticDuplicateObject took: (0.016595s)
[2015.10.04-19.39.17:061][552]LogAIModule: Creating AISystem for world Home_Kratakos
[2015.10.04-19.39.17:061][552]LogPlayLevel: PIE: World Init took: (0.000762s)
[2015.10.04-19.39.17:062][552]LogPlayLevel: PIE: Created PIE world by copying editor world from /Game/SSA/Maps/Home_Kratakos.Home_Kratakos to /Game/SSA/Maps/UEDPIE_0_Home_Kratakos.Home_Kratakos (0.017574s)
[2015.10.04-19.39.17:089][552]LogInit: XAudio2 using 'Speakers (Realtek High Definition Audio)' : 8 channels at 48 kHz using 32 bits per sample (channel mask 0x63f)
[2015.10.04-19.39.17:094][552]LogInit: FAudioDevice initialized.
[2015.10.04-19.39.17:139][552]LogWorld: Game class is 'TopDownGameMode_C'
[2015.10.04-19.39.17:142][552]LogWorld:Warning: *** WARNING - PATHS MAY NOT BE VALID ***
[2015.10.04-19.39.17:142][552]LogWorld: Bringing World /Game/SSA/Maps/UEDPIE_0_Home_Kratakos.Home_Kratakos up for play (max tick rate 0) at 2015.10.04-15.39.17
[2015.10.04-19.39.17:142][552]LogActor:Warning: GameSession /Game/SSA/Maps/UEDPIE_0_Home_Kratakos.Home_Kratakos:PersistentLevel.GameSession_3 has natively added scene component(s), but none of them were set as the actor's RootComponent - picking one arbitrarily
[2015.10.04-19.39.17:142][552]LogActor:Warning: GameNetworkManager /Game/SSA/Maps/UEDPIE_0_Home_Kratakos.Home_Kratakos:PersistentLevel.GameNetworkManager_3 has natively added scene component(s), but none of them were set as the actor's RootComponent - picking one arbitrarily
[2015.10.04-19.39.17:143][552]LogWorld: Bringing up level for play took: 0.002639
[2015.10.04-19.39.17:145][552]LogBlueprintUserMessages: [Player_Kratakos_C_16] X=270.000 Y=750.000 Z=265.594
[2015.10.04-19.39.17:168][552]PIE: Info Play in editor start time for /Game/SSA/Maps/UEDPIE_0_Home_Kratakos 1.095
[2015.10.04-19.39.17:169][552]LogBlueprintUserMessages: Late PlayInEditor Detection: Level '/Game/SSA/Maps/Home_Kratakos.Home_Kratakos:PersistentLevel' has LevelScriptBlueprint '/Game/SSA/Maps/Home_Kratakos.Home_Kratakos:PersistentLevel.Home_Kratakos' with GeneratedClass '/Game/SSA/Maps/Home_Kratakos.Home_Kratakos_C' with ClassGeneratedBy '/Game/SSA/Maps/Home_Kratakos.Home_Kratakos:PersistentLevel.Home_Kratakos'
[2015.10.04-19.39.19:824][868]LogBlueprintUserMessages: [Player_Kratakos_C_16] 1
[2015.10.04-19.39.21:907][117]LogBlueprintUserMessages: [Player_Kratakos_C_16] 1
[2015.10.04-19.39.21:909][117]LogBlueprintUserMessages: [Player_Human_C_10] 0
[2015.10.04-19.39.21:909][117]LogBlueprintUserMessages: [Player_Human_C_10] 0
[2015.10.04-19.39.22:499][187]LogBlueprintUserMessages: [Player_Human_C_10] 0
[2015.10.04-19.39.22:806][224]LogBlueprintUserMessages: [Player_Human_C_10] 0
[2015.10.04-19.39.24:391][411]LogBlueprintUserMessages: [Player_Human_C_10] 0
[2015.10.04-19.39.28:766][932]LogBlueprintUserMessages: Early EndPlayMap Detection: Level '/Game/SSA/Maps/Home_Kratakos.Home_Kratakos:PersistentLevel' has LevelScriptBlueprint '/Game/SSA/Maps/Home_Kratakos.Home_Kratakos:PersistentLevel.Home_Kratakos' with GeneratedClass '/Game/SSA/Maps/Home_Kratakos.Home_Kratakos_C' with ClassGeneratedBy '/Game/SSA/Maps/Home_Kratakos.Home_Kratakos:PersistentLevel.Home_Kratakos'
[2015.10.04-19.39.28:802][932]LogBlueprintUserMessages: Late EndPlayMap Detection: Level '/Game/SSA/Maps/Home_Kratakos.Home_Kratakos:PersistentLevel' has LevelScriptBlueprint '/Game/SSA/Maps/Home_Kratakos.Home_Kratakos:PersistentLevel.Home_Kratakos' with GeneratedClass '/Game/SSA/Maps/Home_Kratakos.Home_Kratakos_C' with ClassGeneratedBy '/Game/SSA/Maps/Home_Kratakos.Home_Kratakos:PersistentLevel.Home_Kratakos'
[2015.10.04-19.39.28:821][932]LogParticles: Destroying 0 GPU particle simulations for FXSystem 0x00000011241F2520
[2015.10.04-19.39.31:031][195]LogEditorTransaction: Undo Change Number Pin Value
[2015.10.04-19.39.57:501][280]LogSavePackage: Save=179.600723ms
[2015.10.04-19.39.57:501][280]LogSavePackage: Moving '../../../../../../../My Media/UCF Documents/DIG 4725/Game-Files/SuperSpaceArmada/Saved/PlayerDD6FB8C949C9F8E26FD792B7C3A46932.tmp' to '../../../../../../../My Media/UCF Documents/DIG 4725/Game-Files/SuperSpaceArmada/Content/SSA/Blueprints/Player/Player.uasset'
[2015.10.04-19.39.57:502][280]LogSavePackage: Total save time: 184.894282ms
[2015.10.04-19.39.57:502][280]LogSavePackage:Warning: Finished SavePackage ../../../../../../../My Media/UCF Documents/DIG 4725/Game-Files/SuperSpaceArmada/Content/SSA/Blueprints/Player/Player.uasset
[2015.10.04-19.39.57:902][327]BlueprintLog: New page: Compile Player
[2015.10.04-19.39.57:998][327]LogBlueprint:Error: [compiler Player_Kratakos] Error COMPILER ERROR: failed building connection with 'Player Human Reference is not compatible with Player Reference.' at  SpawnActor Player Human 
[2015.10.04-19.39.58:403][327]BlueprintEditorCompileResults: Info [0248.21] Compile of Player successful! [in 500 ms]
[2015.10.04-19.39.59:642][460]LogBlueprintUserMessages: Early PlayInEditor Detection: Level '/Game/SSA/Maps/Home_Kratakos.Home_Kratakos:PersistentLevel' has LevelScriptBlueprint '/Game/SSA/Maps/Home_Kratakos.Home_Kratakos:PersistentLevel.Home_Kratakos' with GeneratedClass '/Game/SSA/Maps/Home_Kratakos.Home_Kratakos_C' with ClassGeneratedBy '/Game/SSA/Maps/Home_Kratakos.Home_Kratakos:PersistentLevel.Home_Kratakos'
[2015.10.04-19.39.59:642][460]LogPlayLevel: PlayLevel: No blueprints needed recompiling
[2015.10.04-19.39.59:642][460]PIE: New page: PIE session: Home_Kratakos (Oct 4, 2015, 11:39:59 AM)
[2015.10.04-19.39.59:642][460]LogPlayLevel: Creating play world package: /Game/SSA/Maps/UEDPIE_0_Home_Kratakos
[2015.10.04-19.39.59:659][460]LogPlayLevel: PIE: StaticDuplicateObject took: (0.017060s)
[2015.10.04-19.39.59:660][460]LogAIModule: Creating AISystem for world Home_Kratakos
[2015.10.04-19.39.59:660][460]LogPlayLevel: PIE: World Init took: (0.000684s)
[2015.10.04-19.39.59:660][460]LogPlayLevel: PIE: Created PIE world by copying editor world from /Game/SSA/Maps/Home_Kratakos.Home_Kratakos to /Game/SSA/Maps/UEDPIE_0_Home_Kratakos.Home_Kratakos (0.017942s)
[2015.10.04-19.39.59:686][460]LogInit: XAudio2 using 'Speakers (Realtek High Definition Audio)' : 8 channels at 48 kHz using 32 bits per sample (channel mask 0x63f)
[2015.10.04-19.39.59:691][460]LogInit: FAudioDevice initialized.
[2015.10.04-19.39.59:736][460]LogWorld: Game class is 'TopDownGameMode_C'
[2015.10.04-19.39.59:739][460]LogWorld:Warning: *** WARNING - PATHS MAY NOT BE VALID ***
[2015.10.04-19.39.59:739][460]LogWorld: Bringing World /Game/SSA/Maps/UEDPIE_0_Home_Kratakos.Home_Kratakos up for play (max tick rate 0) at 2015.10.04-15.39.59
[2015.10.04-19.39.59:739][460]LogActor:Warning: GameSession /Game/SSA/Maps/UEDPIE_0_Home_Kratakos.Home_Kratakos:PersistentLevel.GameSession_4 has natively added scene component(s), but none of them were set as the actor's RootComponent - picking one arbitrarily
[2015.10.04-19.39.59:739][460]LogActor:Warning: GameNetworkManager /Game/SSA/Maps/UEDPIE_0_Home_Kratakos.Home_Kratakos:PersistentLevel.GameNetworkManager_4 has natively added scene component(s), but none of them were set as the actor's RootComponent - picking one arbitrarily
[2015.10.04-19.39.59:739][460]LogWorld: Bringing up level for play took: 0.002762
[2015.10.04-19.39.59:742][460]LogBlueprintUserMessages: [Player_Kratakos_C_16] X=270.000 Y=750.000 Z=265.594
[2015.10.04-19.39.59:766][460]PIE: Info Play in editor start time for /Game/SSA/Maps/UEDPIE_0_Home_Kratakos -0.308
[2015.10.04-19.39.59:766][460]LogBlueprintUserMessages: Late PlayInEditor Detection: Level '/Game/SSA/Maps/Home_Kratakos.Home_Kratakos:PersistentLevel' has LevelScriptBlueprint '/Game/SSA/Maps/Home_Kratakos.Home_Kratakos:PersistentLevel.Home_Kratakos' with GeneratedClass '/Game/SSA/Maps/Home_Kratakos.Home_Kratakos_C' with ClassGeneratedBy '/Game/SSA/Maps/Home_Kratakos.Home_Kratakos:PersistentLevel.Home_Kratakos'
[2015.10.04-19.40.01:221][633]LogBlueprintUserMessages: [Player_Kratakos_C_16] 1
[2015.10.04-19.40.01:754][697]LogBlueprintUserMessages: [Player_Kratakos_C_16] 1
[2015.10.04-19.40.01:755][697]LogBlueprintUserMessages: [Player_Human_C_10] 0
[2015.10.04-19.40.01:755][697]LogBlueprintUserMessages: [Player_Human_C_10] 0
[2015.10.04-19.40.03:096][857]LogBlueprintUserMessages: [Player_Human_C_10] 0
[2015.10.04-19.40.03:670][925]LogBlueprintUserMessages: [Player_Human_C_10] 0
[2015.10.04-19.40.04:067][971]LogBlueprintUserMessages: [Player_Human_C_10] 0
[2015.10.04-19.40.04:475][ 19]LogBlueprintUserMessages: [Player_Human_C_10] 0
[2015.10.04-19.40.04:994][ 80]LogBlueprintUserMessages: [Player_Human_C_10] 0
[2015.10.04-19.40.05:338][120]LogBlueprintUserMessages: [Player_Human_C_10] 0
[2015.10.04-19.40.06:868][299]LogBlueprintUserMessages: Early EndPlayMap Detection: Level '/Game/SSA/Maps/Home_Kratakos.Home_Kratakos:PersistentLevel' has LevelScriptBlueprint '/Game/SSA/Maps/Home_Kratakos.Home_Kratakos:PersistentLevel.Home_Kratakos' with GeneratedClass '/Game/SSA/Maps/Home_Kratakos.Home_Kratakos_C' with ClassGeneratedBy '/Game/SSA/Maps/Home_Kratakos.Home_Kratakos:PersistentLevel.Home_Kratakos'
[2015.10.04-19.40.06:896][299]LogBlueprintUserMessages: Late EndPlayMap Detection: Level '/Game/SSA/Maps/Home_Kratakos.Home_Kratakos:PersistentLevel' has LevelScriptBlueprint '/Game/SSA/Maps/Home_Kratakos.Home_Kratakos:PersistentLevel.Home_Kratakos' with GeneratedClass '/Game/SSA/Maps/Home_Kratakos.Home_Kratakos_C' with ClassGeneratedBy '/Game/SSA/Maps/Home_Kratakos.Home_Kratakos:PersistentLevel.Home_Kratakos'
[2015.10.04-19.40.06:915][299]LogParticles: Destroying 0 GPU particle simulations for FXSystem 0x0000001124CA5C60
[2015.10.04-19.42.21:168][317]LogSavePackage: Save=180.418350ms
[2015.10.04-19.42.21:168][317]LogSavePackage: Moving '../../../../../../../My Media/UCF Documents/DIG 4725/Game-Files/SuperSpaceArmada/Saved/Player0B39D5CE41C03C5312D912931616C85E.tmp' to '../../../../../../../My Media/UCF Documents/DIG 4725/Game-Files/SuperSpaceArmada/Content/SSA/Blueprints/Player/Player.uasset'
[2015.10.04-19.42.21:170][317]LogSavePackage: Total save time: 186.199542ms
[2015.10.04-19.42.21:170][317]LogSavePackage:Warning: Finished SavePackage ../../../../../../../My Media/UCF Documents/DIG 4725/Game-Files/SuperSpaceArmada/Content/SSA/Blueprints/Player/Player.uasset
[2015.10.04-19.42.21:666][376]BlueprintLog: New page: Compile Player
[2015.10.04-19.42.21:764][376]LogBlueprint:Error: [compiler Player_Kratakos] Error COMPILER ERROR: failed building connection with 'Player Human Reference is not compatible with Player Reference.' at  SpawnActor Player Human 
[2015.10.04-19.42.22:174][376]BlueprintEditorCompileResults: Info [0391.98] Compile of Player successful! [in 507 ms]
[2015.10.04-19.42.36:865][116]LogBlueprintUserMessages: Early PlayInEditor Detection: Level '/Game/SSA/Maps/Home_Kratakos.Home_Kratakos:PersistentLevel' has LevelScriptBlueprint '/Game/SSA/Maps/Home_Kratakos.Home_Kratakos:PersistentLevel.Home_Kratakos' with GeneratedClass '/Game/SSA/Maps/Home_Kratakos.Home_Kratakos_C' with ClassGeneratedBy '/Game/SSA/Maps/Home_Kratakos.Home_Kratakos:PersistentLevel.Home_Kratakos'
[2015.10.04-19.42.36:866][116]LogPlayLevel: PlayLevel: No blueprints needed recompiling
[2015.10.04-19.42.36:866][116]PIE: New page: PIE session: Home_Kratakos (Oct 4, 2015, 11:42:36 AM)
[2015.10.04-19.42.36:866][116]LogPlayLevel: Creating play world package: /Game/SSA/Maps/UEDPIE_0_Home_Kratakos
[2015.10.04-19.42.36:882][116]LogPlayLevel: PIE: StaticDuplicateObject took: (0.016217s)
[2015.10.04-19.42.36:882][116]LogAIModule: Creating AISystem for world Home_Kratakos
[2015.10.04-19.42.36:883][116]LogPlayLevel: PIE: World Init took: (0.000598s)
[2015.10.04-19.42.36:883][116]LogPlayLevel: PIE: Created PIE world by copying editor world from /Game/SSA/Maps/Home_Kratakos.Home_Kratakos to /Game/SSA/Maps/UEDPIE_0_Home_Kratakos.Home_Kratakos (0.017014s)
[2015.10.04-19.42.36:908][116]LogInit: XAudio2 using 'Speakers (Realtek High Definition Audio)' : 8 channels at 48 kHz using 32 bits per sample (channel mask 0x63f)
[2015.10.04-19.42.36:914][116]LogInit: FAudioDevice initialized.
[2015.10.04-19.42.36:957][116]LogWorld: Game class is 'TopDownGameMode_C'
[2015.10.04-19.42.36:960][116]LogWorld:Warning: *** WARNING - PATHS MAY NOT BE VALID ***
[2015.10.04-19.42.36:960][116]LogWorld: Bringing World /Game/SSA/Maps/UEDPIE_0_Home_Kratakos.Home_Kratakos up for play (max tick rate 0) at 2015.10.04-15.42.36
[2015.10.04-19.42.36:960][116]LogActor:Warning: GameSession /Game/SSA/Maps/UEDPIE_0_Home_Kratakos.Home_Kratakos:PersistentLevel.GameSession_5 has natively added scene component(s), but none of them were set as the actor's RootComponent - picking one arbitrarily
[2015.10.04-19.42.36:960][116]LogActor:Warning: GameNetworkManager /Game/SSA/Maps/UEDPIE_0_Home_Kratakos.Home_Kratakos:PersistentLevel.GameNetworkManager_5 has natively added scene component(s), but none of them were set as the actor's RootComponent - picking one arbitrarily
[2015.10.04-19.42.36:961][116]LogWorld: Bringing up level for play took: 0.002636
[2015.10.04-19.42.36:963][116]LogBlueprintUserMessages: [Player_Kratakos_C_15] X=270.000 Y=750.000 Z=265.594
[2015.10.04-19.42.36:985][116]PIE: Info Play in editor start time for /Game/SSA/Maps/UEDPIE_0_Home_Kratakos 0.911
[2015.10.04-19.42.36:985][116]LogBlueprintUserMessages: Late PlayInEditor Detection: Level '/Game/SSA/Maps/Home_Kratakos.Home_Kratakos:PersistentLevel' has LevelScriptBlueprint '/Game/SSA/Maps/Home_Kratakos.Home_Kratakos:PersistentLevel.Home_Kratakos' with GeneratedClass '/Game/SSA/Maps/Home_Kratakos.Home_Kratakos_C' with ClassGeneratedBy '/Game/SSA/Maps/Home_Kratakos.Home_Kratakos:PersistentLevel.Home_Kratakos'
[2015.10.04-19.42.38:113][250]LogBlueprintUserMessages: [Player_Kratakos_C_15] 1
[2015.10.04-19.42.39:185][378]LogBlueprintUserMessages: [Player_Kratakos_C_15] 1
[2015.10.04-19.42.39:186][378]LogBlueprintUserMessages: [Player_Human_C_9] 0
[2015.10.04-19.42.39:186][378]LogBlueprintUserMessages: [Player_Human_C_9] 0
[2015.10.04-19.42.40:000][475]LogBlueprintUserMessages: [Player_Human_C_9] 0
[2015.10.04-19.42.45:022][ 76]LogBlueprintUserMessages: [Player_Human_C_9] 0
[2015.10.04-19.42.46:300][228]LogBlueprintUserMessages: [Player_Human_C_9] 0
[2015.10.04-19.42.48:884][536]LogBlueprintUserMessages: [Player_Human_C_9] 0
[2015.10.04-19.42.49:214][575]LogBlueprintUserMessages: [Player_Human_C_9] 0
[2015.10.04-19.42.49:555][616]LogBlueprintUserMessages: [Player_Human_C_9] 0
[2015.10.04-19.42.51:140][806]LogBlueprintUserMessages: [Player_Human_C_9] 0
[2015.10.04-19.42.51:348][827]LogBlueprintUserMessages: Early EndPlayMap Detection: Level '/Game/SSA/Maps/Home_Kratakos.Home_Kratakos:PersistentLevel' has LevelScriptBlueprint '/Game/SSA/Maps/Home_Kratakos.Home_Kratakos:PersistentLevel.Home_Kratakos' with GeneratedClass '/Game/SSA/Maps/Home_Kratakos.Home_Kratakos_C' with ClassGeneratedBy '/Game/SSA/Maps/Home_Kratakos.Home_Kratakos:PersistentLevel.Home_Kratakos'
[2015.10.04-19.42.51:381][827]LogBlueprintUserMessages: Late EndPlayMap Detection: Level '/Game/SSA/Maps/Home_Kratakos.Home_Kratakos:PersistentLevel' has LevelScriptBlueprint '/Game/SSA/Maps/Home_Kratakos.Home_Kratakos:PersistentLevel.Home_Kratakos' with GeneratedClass '/Game/SSA/Maps/Home_Kratakos.Home_Kratakos_C' with ClassGeneratedBy '/Game/SSA/Maps/Home_Kratakos.Home_Kratakos:PersistentLevel.Home_Kratakos'
[2015.10.04-19.42.51:400][827]LogParticles: Destroying 0 GPU particle simulations for FXSystem 0x00000011247F5DA0
[2015.10.04-19.42.58:665][691]LogEditorTransaction: Undo Move Node
[2015.10.04-19.43.04:977][379]BlueprintLog: New page: Compile Player
[2015.10.04-19.43.05:075][379]LogBlueprint:Error: [compiler Player_Kratakos] Error COMPILER ERROR: failed building connection with 'Player Human Reference is not compatible with Player Reference.' at  SpawnActor Player Human 
[2015.10.04-19.43.05:493][379]BlueprintEditorCompileResults: Info [0435.30] Compile of Player successful! [in 516 ms]
[2015.10.04-19.43.06:222][432]LogSavePackage: Save=184.538162ms
[2015.10.04-19.43.06:222][432]LogSavePackage: Moving '../../../../../../../My Media/UCF Documents/DIG 4725/Game-Files/SuperSpaceArmada/Saved/PlayerFE1AA2884D7F74941DFD879AB86F80B4.tmp' to '../../../../../../../My Media/UCF Documents/DIG 4725/Game-Files/SuperSpaceArmada/Content/SSA/Blueprints/Player/Player.uasset'
[2015.10.04-19.43.06:223][432]LogSavePackage: Total save time: 189.730842ms
[2015.10.04-19.43.06:223][432]LogSavePackage:Warning: Finished SavePackage ../../../../../../../My Media/UCF Documents/DIG 4725/Game-Files/SuperSpaceArmada/Content/SSA/Blueprints/Player/Player.uasset
[2015.10.04-19.43.07:160][539]LogBlueprintUserMessages: Early PlayInEditor Detection: Level '/Game/SSA/Maps/Home_Kratakos.Home_Kratakos:PersistentLevel' has LevelScriptBlueprint '/Game/SSA/Maps/Home_Kratakos.Home_Kratakos:PersistentLevel.Home_Kratakos' with GeneratedClass '/Game/SSA/Maps/Home_Kratakos.Home_Kratakos_C' with ClassGeneratedBy '/Game/SSA/Maps/Home_Kratakos.Home_Kratakos:PersistentLevel.Home_Kratakos'
[2015.10.04-19.43.07:160][539]LogPlayLevel: PlayLevel: No blueprints needed recompiling
[2015.10.04-19.43.07:160][539]PIE: New page: PIE session: Home_Kratakos (Oct 4, 2015, 11:43:07 AM)
[2015.10.04-19.43.07:160][539]LogPlayLevel: Creating play world package: /Game/SSA/Maps/UEDPIE_0_Home_Kratakos
[2015.10.04-19.43.07:178][539]LogPlayLevel: PIE: StaticDuplicateObject took: (0.017982s)
[2015.10.04-19.43.07:179][539]LogAIModule: Creating AISystem for world Home_Kratakos
[2015.10.04-19.43.07:179][539]LogPlayLevel: PIE: World Init took: (0.000658s)
[2015.10.04-19.43.07:179][539]LogPlayLevel: PIE: Created PIE world by copying editor world from /Game/SSA/Maps/Home_Kratakos.Home_Kratakos to /Game/SSA/Maps/UEDPIE_0_Home_Kratakos.Home_Kratakos (0.018814s)
[2015.10.04-19.43.07:204][539]LogInit: XAudio2 using 'Speakers (Realtek High Definition Audio)' : 8 channels at 48 kHz using 32 bits per sample (channel mask 0x63f)
[2015.10.04-19.43.07:209][539]LogInit: FAudioDevice initialized.
[2015.10.04-19.43.07:262][539]LogWorld: Game class is 'TopDownGameMode_C'
[2015.10.04-19.43.07:267][539]LogWorld:Warning: *** WARNING - PATHS MAY NOT BE VALID ***
[2015.10.04-19.43.07:267][539]LogWorld: Bringing World /Game/SSA/Maps/UEDPIE_0_Home_Kratakos.Home_Kratakos up for play (max tick rate 0) at 2015.10.04-15.43.07
[2015.10.04-19.43.07:267][539]LogActor:Warning: GameSession /Game/SSA/Maps/UEDPIE_0_Home_Kratakos.Home_Kratakos:PersistentLevel.GameSession_6 has natively added scene component(s), but none of them were set as the actor's RootComponent - picking one arbitrarily
[2015.10.04-19.43.07:267][539]LogActor:Warning: GameNetworkManager /Game/SSA/Maps/UEDPIE_0_Home_Kratakos.Home_Kratakos:PersistentLevel.GameNetworkManager_6 has natively added scene component(s), but none of them were set as the actor's RootComponent - picking one arbitrarily
[2015.10.04-19.43.07:268][539]LogWorld: Bringing up level for play took: 0.005288
[2015.10.04-19.43.07:272][539]LogBlueprintUserMessages: [Player_Kratakos_C_16] X=270.000 Y=750.000 Z=265.594
[2015.10.04-19.43.07:302][539]PIE: Info Play in editor start time for /Game/SSA/Maps/UEDPIE_0_Home_Kratakos -0.771
[2015.10.04-19.43.07:302][539]LogBlueprintUserMessages: Late PlayInEditor Detection: Level '/Game/SSA/Maps/Home_Kratakos.Home_Kratakos:PersistentLevel' has LevelScriptBlueprint '/Game/SSA/Maps/Home_Kratakos.Home_Kratakos:PersistentLevel.Home_Kratakos' with GeneratedClass '/Game/SSA/Maps/Home_Kratakos.Home_Kratakos_C' with ClassGeneratedBy '/Game/SSA/Maps/Home_Kratakos.Home_Kratakos:PersistentLevel.Home_Kratakos'
[2015.10.04-19.43.08:005][622]LogBlueprintUserMessages: [Player_Kratakos_C_16] 1
[2015.10.04-19.43.08:546][687]LogBlueprintUserMessages: [Player_Kratakos_C_16] 1
[2015.10.04-19.43.08:548][687]LogBlueprintUserMessages: [Player_Human_C_10] 0
[2015.10.04-19.43.08:548][687]LogBlueprintUserMessages: [Player_Human_C_10] 0
[2015.10.04-19.43.10:276][894]LogBlueprintUserMessages: [Player_Human_C_10] 2
[2015.10.04-19.43.10:885][967]LogBlueprintUserMessages: [Player_Human_C_10] 2
[2015.10.04-19.43.10:886][967]LogBlueprintUserMessages: [Player_Human_C_10] 0
[2015.10.04-19.43.10:887][967]LogBlueprintUserMessages: [Player_Human_C_11] 0
[2015.10.04-19.43.10:887][967]LogBlueprintUserMessages: [Player_Human_C_11] 0
[2015.10.04-19.43.10:887][967]LogBlueprintUserMessages: [Player_Human_C_10] 1
[2015.10.04-19.43.12:265][132]LogBlueprintUserMessages: [Player_Kratakos_C_17] 2
[2015.10.04-19.43.12:815][198]LogBlueprintUserMessages: [Player_Kratakos_C_17] 2
[2015.10.04-19.43.12:816][198]LogBlueprintUserMessages: [Player_Human_C_12] 0
[2015.10.04-19.43.12:816][198]LogBlueprintUserMessages: [Player_Human_C_12] 0
[2015.10.04-19.43.13:951][334]LogBlueprintUserMessages: [Player_Human_C_12] 3
[2015.10.04-19.43.14:426][391]LogBlueprintUserMessages: [Player_Human_C_12] 3
[2015.10.04-19.43.14:426][391]LogBlueprintUserMessages: [Player_Human_C_12] 0
[2015.10.04-19.43.14:428][391]LogSpawn:Warning: SpawnActor failed because of collision at the spawn location [X=-1226.000 Y=-280.000 Z=437.103] for [Player_Human_C]
[2015.10.04-19.43.14:428][391]LogScript:Warning: Attempted to get an item from array Player Armada out of bounds [0/0]!
[2015.10.04-19.43.14:428][391]LogBlueprintUserMessages: [Player_Human_C_12] 0
[2015.10.04-19.43.14:428][391]LogScript:Warning: Attempted to get an item from array Player Armada out of bounds [0/0]!
[2015.10.04-19.43.14:429][391]LogBlueprintUserMessages: [Player_Human_C_14] 0
[2015.10.04-19.43.14:429][391]LogBlueprintUserMessages: [Player_Human_C_14] 0
[2015.10.04-19.43.14:430][391]LogScript:Warning: Attempted to remove an item from an invalid index from array Player Armada [0/0]!
[2015.10.04-19.43.14:430][391]LogScript:Warning: Attempted to get an item from array Player Armada out of bounds [0/0]!
[2015.10.04-19.43.14:430][391]LogBlueprintUserMessages: [Player_Human_C_12] 0
[2015.10.04-19.43.14:430][391]LogScript:Warning: Attempted to get an item from array Player Armada out of bounds [0/0]!
[2015.10.04-19.43.14:431][391]LogBlueprintUserMessages: [Player_Human_C_15] 0
[2015.10.04-19.43.14:431][391]LogBlueprintUserMessages: [Player_Human_C_15] 0
[2015.10.04-19.43.15:401][507]LogBlueprintUserMessages: [Player_Human_C_15] 2
[2015.10.04-19.43.15:860][562]LogBlueprintUserMessages: [Player_Human_C_15] 2
[2015.10.04-19.43.15:860][562]LogScript:Warning: Attempted to remove an item from an invalid index from array Player Armada [0/0]!
[2015.10.04-19.43.17:003][699]LogBlueprintUserMessages: [Player_Human_C_15] 2
[2015.10.04-19.43.17:003][699]LogScript:Warning: Attempted to remove an item from an invalid index from array Player Armada [0/0]!
[2015.10.04-19.43.17:470][755]LogBlueprintUserMessages: [Player_Human_C_15] 2
[2015.10.04-19.43.17:470][755]LogScript:Warning: Attempted to remove an item from an invalid index from array Player Armada [0/0]!
[2015.10.04-19.43.17:721][785]LogBlueprintUserMessages: [Player_Human_C_15] 2
[2015.10.04-19.43.17:721][785]LogScript:Warning: Attempted to remove an item from an invalid index from array Player Armada [0/0]!
[2015.10.04-19.43.17:928][810]LogBlueprintUserMessages: [Player_Human_C_15] 2
[2015.10.04-19.43.17:928][810]LogScript:Warning: Attempted to remove an item from an invalid index from array Player Armada [0/0]!
[2015.10.04-19.43.18:121][833]LogBlueprintUserMessages: [Player_Human_C_15] 2
[2015.10.04-19.43.18:121][833]LogScript:Warning: Attempted to remove an item from an invalid index from array Player Armada [0/0]!
[2015.10.04-19.43.18:279][852]LogBlueprintUserMessages: [Player_Human_C_15] 2
[2015.10.04-19.43.18:279][852]LogScript:Warning: Attempted to remove an item from an invalid index from array Player Armada [0/0]!
[2015.10.04-19.43.18:534][882]LogBlueprintUserMessages: [Player_Human_C_15] 0
[2015.10.04-19.43.19:934][ 46]LogBlueprintUserMessages: Early EndPlayMap Detection: Level '/Game/SSA/Maps/Home_Kratakos.Home_Kratakos:PersistentLevel' has LevelScriptBlueprint '/Game/SSA/Maps/Home_Kratakos.Home_Kratakos:PersistentLevel.Home_Kratakos' with GeneratedClass '/Game/SSA/Maps/Home_Kratakos.Home_Kratakos_C' with ClassGeneratedBy '/Game/SSA/Maps/Home_Kratakos.Home_Kratakos:PersistentLevel.Home_Kratakos'
[2015.10.04-19.43.19:968][ 46]LogBlueprintUserMessages: Late EndPlayMap Detection: Level '/Game/SSA/Maps/Home_Kratakos.Home_Kratakos:PersistentLevel' has LevelScriptBlueprint '/Game/SSA/Maps/Home_Kratakos.Home_Kratakos:PersistentLevel.Home_Kratakos' with GeneratedClass '/Game/SSA/Maps/Home_Kratakos.Home_Kratakos_C' with ClassGeneratedBy '/Game/SSA/Maps/Home_Kratakos.Home_Kratakos:PersistentLevel.Home_Kratakos'
[2015.10.04-19.43.19:988][ 46]LogParticles: Destroying 0 GPU particle simulations for FXSystem 0x0000001123E92200
[2015.10.04-19.43.37:546][919]LogSavePackage: Save=201.490219ms
[2015.10.04-19.43.37:546][919]LogSavePackage: Moving '../../../../../../../My Media/UCF Documents/DIG 4725/Game-Files/SuperSpaceArmada/Saved/PlayerDE21BEA442047D15B87583B1166481C4.tmp' to '../../../../../../../My Media/UCF Documents/DIG 4725/Game-Files/SuperSpaceArmada/Content/SSA/Blueprints/Player/Player.uasset'
[2015.10.04-19.43.37:548][919]LogSavePackage: Total save time: 212.920584ms
[2015.10.04-19.43.37:548][919]LogSavePackage:Warning: Finished SavePackage ../../../../../../../My Media/UCF Documents/DIG 4725/Game-Files/SuperSpaceArmada/Content/SSA/Blueprints/Player/Player.uasset
[2015.10.04-19.43.37:953][966]BlueprintLog: New page: Compile Player
[2015.10.04-19.43.38:054][966]LogBlueprint:Error: [compiler Player_Kratakos] Error COMPILER ERROR: failed building connection with 'Player Human Reference is not compatible with Player Reference.' at  SpawnActor Player Human 
[2015.10.04-19.43.38:460][966]BlueprintEditorCompileResults: Info [0468.27] Compile of Player successful! [in 507 ms]
[2015.10.04-19.43.39:120][ 33]LogBlueprintUserMessages: Early PlayInEditor Detection: Level '/Game/SSA/Maps/Home_Kratakos.Home_Kratakos:PersistentLevel' has LevelScriptBlueprint '/Game/SSA/Maps/Home_Kratakos.Home_Kratakos:PersistentLevel.Home_Kratakos' with GeneratedClass '/Game/SSA/Maps/Home_Kratakos.Home_Kratakos_C' with ClassGeneratedBy '/Game/SSA/Maps/Home_Kratakos.Home_Kratakos:PersistentLevel.Home_Kratakos'
[2015.10.04-19.43.39:120][ 33]LogPlayLevel: PlayLevel: No blueprints needed recompiling
[2015.10.04-19.43.39:120][ 33]PIE: New page: PIE session: Home_Kratakos (Oct 4, 2015, 11:43:39 AM)
[2015.10.04-19.43.39:121][ 33]LogPlayLevel: Creating play world package: /Game/SSA/Maps/UEDPIE_0_Home_Kratakos
[2015.10.04-19.43.39:138][ 33]LogPlayLevel: PIE: StaticDuplicateObject took: (0.017905s)
[2015.10.04-19.43.39:139][ 33]LogAIModule: Creating AISystem for world Home_Kratakos
[2015.10.04-19.43.39:139][ 33]LogPlayLevel: PIE: World Init took: (0.000562s)
[2015.10.04-19.43.39:139][ 33]LogPlayLevel: PIE: Created PIE world by copying editor world from /Game/SSA/Maps/Home_Kratakos.Home_Kratakos to /Game/SSA/Maps/UEDPIE_0_Home_Kratakos.Home_Kratakos (0.018619s)
[2015.10.04-19.43.39:165][ 33]LogInit: XAudio2 using 'Speakers (Realtek High Definition Audio)' : 8 channels at 48 kHz using 32 bits per sample (channel mask 0x63f)
[2015.10.04-19.43.39:170][ 33]LogInit: FAudioDevice initialized.
[2015.10.04-19.43.39:212][ 33]LogWorld: Game class is 'TopDownGameMode_C'
[2015.10.04-19.43.39:215][ 33]LogWorld:Warning: *** WARNING - PATHS MAY NOT BE VALID ***
[2015.10.04-19.43.39:215][ 33]LogWorld: Bringing World /Game/SSA/Maps/UEDPIE_0_Home_Kratakos.Home_Kratakos up for play (max tick rate 0) at 2015.10.04-15.43.39
[2015.10.04-19.43.39:215][ 33]LogActor:Warning: GameSession /Game/SSA/Maps/UEDPIE_0_Home_Kratakos.Home_Kratakos:PersistentLevel.GameSession_7 has natively added scene component(s), but none of them were set as the actor's RootComponent - picking one arbitrarily
[2015.10.04-19.43.39:215][ 33]LogActor:Warning: GameNetworkManager /Game/SSA/Maps/UEDPIE_0_Home_Kratakos.Home_Kratakos:PersistentLevel.GameNetworkManager_7 has natively added scene component(s), but none of them were set as the actor's RootComponent - picking one arbitrarily
[2015.10.04-19.43.39:216][ 33]LogWorld: Bringing up level for play took: 0.002695
[2015.10.04-19.43.39:218][ 33]LogBlueprintUserMessages: [Player_Kratakos_C_15] X=270.000 Y=750.000 Z=265.594
[2015.10.04-19.43.39:241][ 33]PIE: Info Play in editor start time for /Game/SSA/Maps/UEDPIE_0_Home_Kratakos -0.833
[2015.10.04-19.43.39:241][ 33]LogBlueprintUserMessages: Late PlayInEditor Detection: Level '/Game/SSA/Maps/Home_Kratakos.Home_Kratakos:PersistentLevel' has LevelScriptBlueprint '/Game/SSA/Maps/Home_Kratakos.Home_Kratakos:PersistentLevel.Home_Kratakos' with GeneratedClass '/Game/SSA/Maps/Home_Kratakos.Home_Kratakos_C' with ClassGeneratedBy '/Game/SSA/Maps/Home_Kratakos.Home_Kratakos:PersistentLevel.Home_Kratakos'
[2015.10.04-19.43.39:538][ 68]LogBlueprintUserMessages: [Player_Kratakos_C_15] 1
[2015.10.04-19.43.39:847][105]LogBlueprintUserMessages: [Player_Kratakos_C_15] 1
[2015.10.04-19.43.39:848][105]LogBlueprintUserMessages: [Player_Human_C_9] 0
[2015.10.04-19.43.39:848][105]LogBlueprintUserMessages: [Player_Human_C_9] 0
[2015.10.04-19.43.40:616][197]LogBlueprintUserMessages: [Player_Human_C_9] 2
[2015.10.04-19.43.41:117][257]LogBlueprintUserMessages: [Player_Human_C_9] 2
[2015.10.04-19.43.41:117][257]LogBlueprintUserMessages: [Player_Human_C_9] 0
[2015.10.04-19.43.41:118][257]LogBlueprintUserMessages: [Player_Human_C_10] 0
[2015.10.04-19.43.41:118][257]LogBlueprintUserMessages: [Player_Human_C_10] 0
[2015.10.04-19.43.41:118][257]LogBlueprintUserMessages: [Player_Human_C_9] 1
[2015.10.04-19.43.42:737][451]LogBlueprintUserMessages: [Player_Kratakos_C_16] 2
[2015.10.04-19.43.43:579][552]LogBlueprintUserMessages: [Player_Kratakos_C_16] 2
[2015.10.04-19.43.43:581][552]LogBlueprintUserMessages: [Player_Human_C_11] 0
[2015.10.04-19.43.43:581][552]LogBlueprintUserMessages: [Player_Human_C_11] 0
[2015.10.04-19.43.44:064][610]LogBlueprintUserMessages: [Player_Human_C_11] 3
[2015.10.04-19.43.44:406][651]LogBlueprintUserMessages: [Player_Human_C_11] 3
[2015.10.04-19.43.44:406][651]LogBlueprintUserMessages: [Player_Human_C_11] 0
[2015.10.04-19.43.44:407][651]LogSpawn:Warning: SpawnActor failed because of collision at the spawn location [X=-1226.000 Y=-280.000 Z=437.103] for [Player_Human_C]
[2015.10.04-19.43.44:408][651]LogScript:Warning: Attempted to get an item from array Player Armada out of bounds [0/0]!
[2015.10.04-19.43.44:408][651]LogBlueprintUserMessages: [Player_Human_C_11] 0
[2015.10.04-19.43.44:408][651]LogScript:Warning: Attempted to get an item from array Player Armada out of bounds [0/0]!
[2015.10.04-19.43.44:409][651]LogBlueprintUserMessages: [Player_Human_C_13] 0
[2015.10.04-19.43.44:409][651]LogBlueprintUserMessages: [Player_Human_C_13] 0
[2015.10.04-19.43.44:409][651]LogScript:Warning: Attempted to remove an item from an invalid index from array Player Armada [0/0]!
[2015.10.04-19.43.44:409][651]LogScript:Warning: Attempted to get an item from array Player Armada out of bounds [0/0]!
[2015.10.04-19.43.44:409][651]LogBlueprintUserMessages: [Player_Human_C_11] 0
[2015.10.04-19.43.44:409][651]LogScript:Warning: Attempted to get an item from array Player Armada out of bounds [0/0]!
[2015.10.04-19.43.44:410][651]LogBlueprintUserMessages: [Player_Human_C_14] 0
[2015.10.04-19.43.44:410][651]LogBlueprintUserMessages: [Player_Human_C_14] 0
[2015.10.04-19.43.44:868][706]LogBlueprintUserMessages: [Player_Human_C_14] 2
[2015.10.04-19.43.45:177][743]LogBlueprintUserMessages: [Player_Human_C_14] 2
[2015.10.04-19.43.45:177][743]LogScript:Warning: Attempted to remove an item from an invalid index from array Player Armada [0/0]!
[2015.10.04-19.43.45:969][838]LogBlueprintUserMessages: [Player_Human_C_14] 2
[2015.10.04-19.43.45:969][838]LogScript:Warning: Attempted to remove an item from an invalid index from array Player Armada [0/0]!
[2015.10.04-19.43.46:444][895]LogBlueprintUserMessages: [Player_Human_C_14] 2
[2015.10.04-19.43.46:444][895]LogScript:Warning: Attempted to remove an item from an invalid index from array Player Armada [0/0]!
[2015.10.04-19.43.46:827][941]LogBlueprintUserMessages: [Player_Human_C_14] 2
[2015.10.04-19.43.46:827][941]LogScript:Warning: Attempted to remove an item from an invalid index from array Player Armada [0/0]!
[2015.10.04-19.43.48:269][113]LogBlueprintUserMessages: [Player_Human_C_14] 0
[2015.10.04-19.43.48:802][173]LogBlueprintUserMessages: Early EndPlayMap Detection: Level '/Game/SSA/Maps/Home_Kratakos.Home_Kratakos:PersistentLevel' has LevelScriptBlueprint '/Game/SSA/Maps/Home_Kratakos.Home_Kratakos:PersistentLevel.Home_Kratakos' with GeneratedClass '/Game/SSA/Maps/Home_Kratakos.Home_Kratakos_C' with ClassGeneratedBy '/Game/SSA/Maps/Home_Kratakos.Home_Kratakos:PersistentLevel.Home_Kratakos'
[2015.10.04-19.43.48:833][173]LogBlueprintUserMessages: Late EndPlayMap Detection: Level '/Game/SSA/Maps/Home_Kratakos.Home_Kratakos:PersistentLevel' has LevelScriptBlueprint '/Game/SSA/Maps/Home_Kratakos.Home_Kratakos:PersistentLevel.Home_Kratakos' with GeneratedClass '/Game/SSA/Maps/Home_Kratakos.Home_Kratakos_C' with ClassGeneratedBy '/Game/SSA/Maps/Home_Kratakos.Home_Kratakos:PersistentLevel.Home_Kratakos'
[2015.10.04-19.43.48:855][173]LogParticles: Destroying 0 GPU particle simulations for FXSystem 0x0000001123720AE0
[2015.10.04-19.43.51:103][434]LogBlueprintUserMessages: Early PlayInEditor Detection: Level '/Game/SSA/Maps/Home_Kratakos.Home_Kratakos:PersistentLevel' has LevelScriptBlueprint '/Game/SSA/Maps/Home_Kratakos.Home_Kratakos:PersistentLevel.Home_Kratakos' with GeneratedClass '/Game/SSA/Maps/Home_Kratakos.Home_Kratakos_C' with ClassGeneratedBy '/Game/SSA/Maps/Home_Kratakos.Home_Kratakos:PersistentLevel.Home_Kratakos'
[2015.10.04-19.43.51:103][434]LogPlayLevel: PlayLevel: No blueprints needed recompiling
[2015.10.04-19.43.51:103][434]PIE: New page: PIE session: Home_Kratakos (Oct 4, 2015, 11:43:51 AM)
[2015.10.04-19.43.51:103][434]LogPlayLevel: Creating play world package: /Game/SSA/Maps/UEDPIE_0_Home_Kratakos
[2015.10.04-19.43.51:120][434]LogPlayLevel: PIE: StaticDuplicateObject took: (0.016835s)
[2015.10.04-19.43.51:120][434]LogAIModule: Creating AISystem for world Home_Kratakos
[2015.10.04-19.43.51:120][434]LogPlayLevel: PIE: World Init took: (0.000613s)
[2015.10.04-19.43.51:120][434]LogPlayLevel: PIE: Created PIE world by copying editor world from /Game/SSA/Maps/Home_Kratakos.Home_Kratakos to /Game/SSA/Maps/UEDPIE_0_Home_Kratakos.Home_Kratakos (0.017633s)
[2015.10.04-19.43.51:145][434]LogInit: XAudio2 using 'Speakers (Realtek High Definition Audio)' : 8 channels at 48 kHz using 32 bits per sample (channel mask 0x63f)
[2015.10.04-19.43.51:150][434]LogInit: FAudioDevice initialized.
[2015.10.04-19.43.51:192][434]LogWorld: Game class is 'TopDownGameMode_C'
[2015.10.04-19.43.51:195][434]LogWorld:Warning: *** WARNING - PATHS MAY NOT BE VALID ***
[2015.10.04-19.43.51:195][434]LogWorld: Bringing World /Game/SSA/Maps/UEDPIE_0_Home_Kratakos.Home_Kratakos up for play (max tick rate 0) at 2015.10.04-15.43.51
[2015.10.04-19.43.51:195][434]LogActor:Warning: GameSession /Game/SSA/Maps/UEDPIE_0_Home_Kratakos.Home_Kratakos:PersistentLevel.GameSession_8 has natively added scene component(s), but none of them were set as the actor's RootComponent - picking one arbitrarily
[2015.10.04-19.43.51:195][434]LogActor:Warning: GameNetworkManager /Game/SSA/Maps/UEDPIE_0_Home_Kratakos.Home_Kratakos:PersistentLevel.GameNetworkManager_8 has natively added scene component(s), but none of them were set as the actor's RootComponent - picking one arbitrarily
[2015.10.04-19.43.51:195][434]LogWorld: Bringing up level for play took: 0.002767
[2015.10.04-19.43.51:197][434]LogBlueprintUserMessages: [Player_Kratakos_C_17] X=270.000 Y=750.000 Z=265.594
[2015.10.04-19.43.51:222][434]PIE: Info Play in editor start time for /Game/SSA/Maps/UEDPIE_0_Home_Kratakos -0.852
[2015.10.04-19.43.51:222][434]LogBlueprintUserMessages: Late PlayInEditor Detection: Level '/Game/SSA/Maps/Home_Kratakos.Home_Kratakos:PersistentLevel' has LevelScriptBlueprint '/Game/SSA/Maps/Home_Kratakos.Home_Kratakos:PersistentLevel.Home_Kratakos' with GeneratedClass '/Game/SSA/Maps/Home_Kratakos.Home_Kratakos_C' with ClassGeneratedBy '/Game/SSA/Maps/Home_Kratakos.Home_Kratakos:PersistentLevel.Home_Kratakos'
[2015.10.04-19.43.51:855][509]LogBlueprintUserMessages: [Player_Kratakos_C_17] 1
[2015.10.04-19.43.52:937][638]LogBlueprintUserMessages: [Player_Kratakos_C_17] 1
[2015.10.04-19.43.52:938][638]LogBlueprintUserMessages: [Player_Human_C_15] 0
[2015.10.04-19.43.52:938][638]LogBlueprintUserMessages: [Player_Human_C_15] 0
[2015.10.04-19.43.54:123][779]LogBlueprintUserMessages: [Player_Human_C_15] 0
[2015.10.04-19.43.54:174][785]LogBlueprintUserMessages: [Player_Human_C_15] 0
[2015.10.04-19.43.54:324][803]LogBlueprintUserMessages: [Player_Human_C_15] 0
[2015.10.04-19.43.57:336][160]LogBlueprintUserMessages: [Player_Human_C_15] 0
[2015.10.04-19.43.57:817][217]LogBlueprintUserMessages: [Player_Human_C_15] 0
[2015.10.04-19.44.00:475][534]LogBlueprintUserMessages: [Player_Human_C_15] 0
[2015.10.04-19.44.00:558][544]LogBlueprintUserMessages: [Player_Human_C_15] 0
[2015.10.04-19.44.00:567][545]LogBlueprintUserMessages: [Player_Human_C_15] 0
[2015.10.04-19.44.02:396][764]LogBlueprintUserMessages: [Player_Human_C_15] 2
[2015.10.04-19.44.02:897][824]LogBlueprintUserMessages: [Player_Human_C_15] 2
[2015.10.04-19.44.02:897][824]LogBlueprintUserMessages: [Player_Human_C_15] 0
[2015.10.04-19.44.02:899][824]LogBlueprintUserMessages: [Player_Human_C_16] 0
[2015.10.04-19.44.02:899][824]LogBlueprintUserMessages: [Player_Human_C_16] 0
[2015.10.04-19.44.02:899][824]LogBlueprintUserMessages: [Player_Human_C_16] 0
[2015.10.04-19.44.02:899][824]LogBlueprintUserMessages: [Player_Human_C_16] 0
[2015.10.04-19.44.02:899][824]LogBlueprintUserMessages: [Player_Human_C_15] 1
[2015.10.04-19.44.06:793][278]LogPhysics:Warning: FConstraintInstance::GetRefFrame : Contained scale.
[2015.10.04-19.44.06:793][278]LogPhysics:Warning: FConstraintInstance::GetRefFrame : Contained scale.
[2015.10.04-19.44.06:793][278]LogPhysics:Warning: FConstraintInstance::GetRefFrame : Contained scale.
[2015.10.04-19.44.10:329][692]LogBlueprintUserMessages: Early EndPlayMap Detection: Level '/Game/SSA/Maps/Home_Kratakos.Home_Kratakos:PersistentLevel' has LevelScriptBlueprint '/Game/SSA/Maps/Home_Kratakos.Home_Kratakos:PersistentLevel.Home_Kratakos' with GeneratedClass '/Game/SSA/Maps/Home_Kratakos.Home_Kratakos_C' with ClassGeneratedBy '/Game/SSA/Maps/Home_Kratakos.Home_Kratakos:PersistentLevel.Home_Kratakos'
[2015.10.04-19.44.10:359][692]LogBlueprintUserMessages: Late EndPlayMap Detection: Level '/Game/SSA/Maps/Home_Kratakos.Home_Kratakos:PersistentLevel' has LevelScriptBlueprint '/Game/SSA/Maps/Home_Kratakos.Home_Kratakos:PersistentLevel.Home_Kratakos' with GeneratedClass '/Game/SSA/Maps/Home_Kratakos.Home_Kratakos_C' with ClassGeneratedBy '/Game/SSA/Maps/Home_Kratakos.Home_Kratakos:PersistentLevel.Home_Kratakos'
[2015.10.04-19.44.10:381][692]LogParticles: Destroying 0 GPU particle simulations for FXSystem 0x000000117AA9BC40
[2015.10.04-19.44.37:603][912]LogSavePackage: Save=181.692490ms
[2015.10.04-19.44.37:603][912]LogSavePackage: Moving '../../../../../../../My Media/UCF Documents/DIG 4725/Game-Files/SuperSpaceArmada/Saved/PlayerC98349C745411499B5BF37BE016AF939.tmp' to '../../../../../../../My Media/UCF Documents/DIG 4725/Game-Files/SuperSpaceArmada/Content/SSA/Blueprints/Player/Player.uasset'
[2015.10.04-19.44.37:604][912]LogSavePackage: Total save time: 186.982293ms
[2015.10.04-19.44.37:604][912]LogSavePackage:Warning: Finished SavePackage ../../../../../../../My Media/UCF Documents/DIG 4725/Game-Files/SuperSpaceArmada/Content/SSA/Blueprints/Player/Player.uasset
[2015.10.04-19.44.37:960][954]BlueprintLog: New page: Compile Player
[2015.10.04-19.44.38:059][954]LogBlueprint:Error: [compiler Player_Kratakos] Error COMPILER ERROR: failed building connection with 'Player Human Reference is not compatible with Player Reference.' at  SpawnActor Player Human 
[2015.10.04-19.44.38:475][954]BlueprintEditorCompileResults: Info [0528.28] Compile of Player successful! [in 515 ms]
[2015.10.04-19.44.41:492][277]LogActorComponent: UnregisterComponent: (/Engine/Transient.EditorFloorComp) Not registered. Aborting.
[2015.10.04-19.44.41:534][277]LogActorComponent: UnregisterComponent: (/Engine/Transient.EditorFloorComp) Not registered. Aborting.
[2015.10.04-19.44.41:642][277]LogWindowsTextInputMethodSystem:Display: IME system now deactivated.
[2015.10.04-19.44.41:876][278]Cmd: QUIT_EDITOR
[2015.10.04-19.44.42:949][278]LogExit: Preparing to exit.
[2015.10.04-19.44.43:830][278]LogExit: Editor shut down
[2015.10.04-19.44.43:830][278]LogExit: Transaction tracking system shut down
[2015.10.04-19.44.43:830][278]LogParticles: Destroying 0 GPU particle simulations for FXSystem 0x000000116C09F600
[2015.10.04-19.44.43:830][278]LogParticles: Destroying 0 GPU particle simulations for FXSystem 0x000000110C803E20
[2015.10.04-19.44.43:832][278]LogParticles: Destroying 0 GPU particle simulations for FXSystem 0x00000011168E2980
[2015.10.04-19.44.43:833][278]LogParticles: Destroying 0 GPU particle simulations for FXSystem 0x000000116C198360
[2015.10.04-19.44.43:835][278]LogParticles: Destroying 0 GPU particle simulations for FXSystem 0x0000001124EDC220
[2015.10.04-19.44.43:835][278]LogParticles: Destroying 0 GPU particle simulations for FXSystem 0x000000112F9668E0
[2015.10.04-19.44.43:835][278]LogParticles: Destroying 0 GPU particle simulations for FXSystem 0x0000001133D27560
[2015.10.04-19.44.43:835][278]LogParticles: Destroying 0 GPU particle simulations for FXSystem 0x0000001133D247C0
[2015.10.04-19.44.43:836][278]LogParticles: Destroying 0 GPU particle simulations for FXSystem 0x0000001138717B00
[2015.10.04-19.44.43:836][278]LogParticles: Destroying 0 GPU particle simulations for FXSystem 0x0000001141101120
[2015.10.04-19.44.43:972][278]LogExit: Object subsystem successfully closed.
[2015.10.04-19.44.43:989][278]LogD3D11RHI: Shutdown
[2015.10.04-19.44.43:989][278]LogD3D11RHI: CleanupD3DDevice
[2015.10.04-19.44.44:039][278]LogD3D11RHI: ~FD3D11DynamicRHI
[2015.10.04-19.44.44:050][278]LogModuleManager: Shutting down and abandoning module StatsViewer (201)
[2015.10.04-19.44.44:050][278]LogModuleManager: Shutting down and abandoning module SequencerWidgets (200)
[2015.10.04-19.44.44:050][278]LogModuleManager: Shutting down and abandoning module BlueprintGraph (199)
[2015.10.04-19.44.44:050][278]LogModuleManager: Shutting down and abandoning module CrashTracker (198)
[2015.10.04-19.44.44:050][278]LogModuleManager: Shutting down and abandoning module SceneOutliner (197)
[2015.10.04-19.44.44:050][278]LogModuleManager: Shutting down and abandoning module SuperSearch (196)
[2015.10.04-19.44.44:050][278]LogModuleManager: Shutting down and abandoning module WidgetCarousel (195)
[2015.10.04-19.44.44:050][278]LogModuleManager: Shutting down and abandoning module AddContentDialog (194)
[2015.10.04-19.44.44:050][278]LogModuleManager: Shutting down and abandoning module EditorWidgets (193)
[2015.10.04-19.44.44:050][278]LogModuleManager: Shutting down and abandoning module CollectionManager (192)
[2015.10.04-19.44.44:051][278]LogModuleManager: Shutting down and abandoning module FoliageEdit (191)
[2015.10.04-19.44.44:051][278]LogModuleManager: Shutting down and abandoning module LandscapeEditor (190)
[2015.10.04-19.44.44:051][278]LogModuleManager: Shutting down and abandoning module ActorPickerMode (189)
[2015.10.04-19.44.44:051][278]LogModuleManager: Shutting down and abandoning module GeometryMode (188)
[2015.10.04-19.44.44:051][278]LogModuleManager: Shutting down and abandoning module TextureAlignMode (187)
[2015.10.04-19.44.44:051][278]LogModuleManager: Shutting down and abandoning module BspMode (186)
[2015.10.04-19.44.44:051][278]LogModuleManager: Shutting down and abandoning module PlacementMode (185)
[2015.10.04-19.44.44:051][278]LogModuleManager: Shutting down and abandoning module AutomationWorker (184)
[2015.10.04-19.44.44:051][278]LogModuleManager: Shutting down and abandoning module CharacterAI (183)
[2015.10.04-19.44.44:051][278]LogModuleManager: Shutting down and abandoning module SmartSnapping (182)
[2015.10.04-19.44.44:051][278]LogModuleManager: Shutting down and abandoning module ViewportSnapping (181)
[2015.10.04-19.44.44:051][278]LogModuleManager: Shutting down and abandoning module LogVisualizer (180)
[2015.10.04-19.44.44:051][278]LogModuleManager: Shutting down and abandoning module GameProjectGeneration (179)
[2015.10.04-19.44.44:051][278]LogModuleManager: Shutting down and abandoning module IntroTutorials (178)
[2015.10.04-19.44.44:051][278]LogModuleManager: Shutting down and abandoning module EditorLiveStreaming (177)
[2015.10.04-19.44.44:051][278]LogModuleManager: Shutting down and abandoning module IOSPlatformEditor (176)
[2015.10.04-19.44.44:051][278]LogModuleManager: Shutting down and abandoning module HTML5PlatformEditor (175)
[2015.10.04-19.44.44:051][278]LogModuleManager: Shutting down and abandoning module AndroidDeviceDetection (174)
[2015.10.04-19.44.44:527][278]LogModuleManager: Shutting down and abandoning module AndroidPlatformEditor (173)
[2015.10.04-19.44.44:527][278]LogModuleManager: Shutting down and abandoning module IOSRuntimeSettings (172)
[2015.10.04-19.44.44:527][278]LogModuleManager: Shutting down and abandoning module AndroidRuntimeSettings (171)
[2015.10.04-19.44.44:527][278]LogModuleManager: Shutting down and abandoning module MergeActors (170)
[2015.10.04-19.44.44:527][278]LogModuleManager: Shutting down and abandoning module SizeMap (169)
[2015.10.04-19.44.44:527][278]LogModuleManager: Shutting down and abandoning module TreeMap (168)
[2015.10.04-19.44.44:527][278]LogModuleManager: Shutting down and abandoning module ReferenceViewer (167)
[2015.10.04-19.44.44:527][278]LogModuleManager: Shutting down and abandoning module LocalizationService (166)
[2015.10.04-19.44.44:527][278]LogModuleManager: Shutting down and abandoning module LocalizationDashboard (165)
[2015.10.04-19.44.44:527][278]LogModuleManager: Shutting down and abandoning module HardwareTargeting (164)
[2015.10.04-19.44.44:527][278]LogModuleManager: Shutting down and abandoning module DeviceProfileEditor (163)
[2015.10.04-19.44.44:527][278]LogModuleManager: Shutting down and abandoning module UndoHistory (162)
[2015.10.04-19.44.44:527][278]LogModuleManager: Shutting down and abandoning module GameplayTagsEditor (161)
[2015.10.04-19.44.44:527][278]LogModuleManager: Shutting down and abandoning module UserFeedback (160)
[2015.10.04-19.44.44:527][278]LogModuleManager: Shutting down and abandoning module XmlParser (159)
[2015.10.04-19.44.44:527][278]LogModuleManager: Shutting down and abandoning module Blutility (158)
[2015.10.04-19.44.44:527][278]LogModuleManager: Shutting down and abandoning module ProjectTargetPlatformEditor (157)
[2015.10.04-19.44.44:527][278]LogModuleManager: Shutting down and abandoning module ProjectSettingsViewer (156)
[2015.10.04-19.44.44:527][278]LogModuleManager: Shutting down and abandoning module InputBindingEditor (155)
[2015.10.04-19.44.44:527][278]LogModuleManager: Shutting down and abandoning module EditorSettingsViewer (154)
[2015.10.04-19.44.44:527][278]LogModuleManager: Shutting down and abandoning module SettingsEditor (153)
[2015.10.04-19.44.44:527][278]LogModuleManager: Shutting down and abandoning module ProjectLauncher (152)
[2015.10.04-19.44.44:527][278]LogModuleManager: Shutting down and abandoning module SessionFrontend (151)
[2015.10.04-19.44.44:527][278]LogModuleManager: Shutting down and abandoning module ProfilerClient (150)
[2015.10.04-19.44.44:527][278]LogModuleManager: Shutting down and abandoning module TargetDeviceServices (149)
[2015.10.04-19.44.44:527][278]LogModuleManager: Shutting down and abandoning module DeviceManager (148)
[2015.10.04-19.44.44:527][278]LogModuleManager: Shutting down and abandoning module AutomationController (147)
[2015.10.04-19.44.44:527][278]LogModuleManager: Shutting down and abandoning module AutomationWindow (146)
[2015.10.04-19.44.44:527][278]LogModuleManager: Shutting down and abandoning module Layers (145)
[2015.10.04-19.44.44:527][278]LogModuleManager: Shutting down and abandoning module ComponentVisualizers (144)
[2015.10.04-19.44.44:527][278]LogModuleManager: Shutting down and abandoning module DetailCustomizations (143)
[2015.10.04-19.44.44:527][278]LogModuleManager: Shutting down and abandoning module PackagesDialog (142)
[2015.10.04-19.44.44:527][278]LogModuleManager: Shutting down and abandoning module Persona (141)
[2015.10.04-19.44.44:527][278]LogModuleManager: Shutting down and abandoning module Kismet (140)
[2015.10.04-19.44.44:527][278]LogModuleManager: Shutting down and abandoning module GraphEditor (139)
[2015.10.04-19.44.44:527][278]LogModuleManager: Shutting down and abandoning module ClassViewer (138)
[2015.10.04-19.44.44:527][278]LogModuleManager: Shutting down and abandoning module Toolbox (137)
[2015.10.04-19.44.44:527][278]LogModuleManager: Shutting down and abandoning module ModuleUI (136)
[2015.10.04-19.44.44:528][278]LogModuleManager: Shutting down and abandoning module MovieSceneTools (135)
[2015.10.04-19.44.44:528][278]LogModuleManager: Shutting down and abandoning module OutputLog (134)
[2015.10.04-19.44.44:528][278]LogModuleManager: Shutting down and abandoning module GammaUI (133)
[2015.10.04-19.44.44:528][278]LogModuleManager: Shutting down and abandoning module Documentation (132)
[2015.10.04-19.44.44:528][278]LogModuleManager: Shutting down and abandoning module GameLiveStreaming (131)
[2015.10.04-19.44.44:528][278]LogModuleManager: Shutting down and abandoning module StreamingPauseRendering (130)
[2015.10.04-19.44.44:528][278]LogModuleManager: Shutting down and abandoning module AnalyticsET (129)
[2015.10.04-19.44.44:528][278]LogModuleManager: Shutting down and abandoning module Analytics (128)
[2015.10.04-19.44.44:528][278]LogModuleManager: Shutting down and abandoning module AITestSuite (127)
[2015.10.04-19.44.44:528][278]LogModuleManager: Shutting down and abandoning module GameplayDebugger (126)
[2015.10.04-19.44.44:528][278]LogModuleManager: Shutting down and abandoning module AIModule (125)
[2015.10.04-19.44.44:528][278]LogModuleManager: Shutting down and abandoning module ProfilerService (124)
[2015.10.04-19.44.44:674][278]LogModuleManager: Shutting down and abandoning module TaskGraph (123)
[2015.10.04-19.44.44:674][278]LogModuleManager: Shutting down and abandoning module SubstanceEditor (122)
[2015.10.04-19.44.44:674][278]LogModuleManager: Shutting down and abandoning module SlateRemote (121)
[2015.10.04-19.44.44:674][278]LogModuleManager: Shutting down and abandoning module SteamVRController (120)
[2015.10.04-19.44.44:674][278]LogModuleManager: Shutting down and abandoning module SteamVR (119)
[2015.10.04-19.44.44:674][278]LogModuleManager: Shutting down and abandoning module ProceduralMeshComponent (118)
[2015.10.04-19.44.44:674][278]LogModuleManager: Shutting down and abandoning module OculusRift (117)
[2015.10.04-19.44.44:674][278]LogModuleManager: Shutting down and abandoning module OculusLibrary (116)
[2015.10.04-19.44.44:674][278]LogModuleManager: Shutting down and abandoning module LeapMotionController (115)
[2015.10.04-19.44.44:689][278]LogModuleManager: Shutting down and abandoning module CustomMeshComponent (114)
[2015.10.04-19.44.44:689][278]LogModuleManager: Shutting down and abandoning module CableComponent (113)
[2015.10.04-19.44.44:689][278]LogModuleManager: Shutting down and abandoning module ArchVisCharacter (112)
[2015.10.04-19.44.44:689][278]LogModuleManager: Shutting down and abandoning module MessagingDebugger (111)
[2015.10.04-19.44.44:689][278]LogModuleManager: Shutting down and abandoning module MediaPlayerEditor (110)
[2015.10.04-19.44.44:689][278]LogModuleManager: Shutting down and abandoning module HTML5Networking (109)
[2015.10.04-19.44.44:689][278]LogModuleManager: Shutting down and abandoning module SpeedTreeImporter (108)
[2015.10.04-19.44.44:689][278]LogModuleManager: Shutting down and abandoning module PluginBrowser (107)
[2015.10.04-19.44.44:689][278]LogModuleManager: Shutting down and abandoning module EpicSurvey (106)
[2015.10.04-19.44.44:689][278]LogModuleManager: Shutting down and abandoning module DesktopPlatform (105)
[2015.10.04-19.44.44:689][278]LogModuleManager: Shutting down and abandoning module VisualStudioSourceCodeAccess (104)
[2015.10.04-19.44.44:689][278]LogModuleManager: Shutting down and abandoning module UObjectPlugin (103)
[2015.10.04-19.44.44:689][278]LogModuleManager: Shutting down and abandoning module SubversionSourceControl (102)
[2015.10.04-19.44.44:689][278]LogModuleManager: Shutting down and abandoning module PerforceSourceControl (101)
[2015.10.04-19.44.44:689][278]LogModuleManager: Shutting down and abandoning module SourceControl (100)
[2015.10.04-19.44.44:689][278]LogModuleManager: Shutting down and abandoning module GitSourceControl (99)
[2015.10.04-19.44.44:689][278]LogModuleManager: Shutting down and abandoning module LightPropagationVolumeEditor (98)
[2015.10.04-19.44.44:689][278]LogModuleManager: Shutting down and abandoning module PaperTiledImporter (97)
[2015.10.04-19.44.44:689][278]LogModuleManager: Shutting down and abandoning module PaperSpriteSheetImporter (96)
[2015.10.04-19.44.44:689][278]LogModuleManager: Shutting down and abandoning module MeshPaint (95)
[2015.10.04-19.44.44:689][278]LogModuleManager: Shutting down and abandoning module SlateReflector (94)
[2015.10.04-19.44.44:689][278]LogModuleManager: Shutting down and abandoning module HotReload (93)
[2015.10.04-19.44.44:689][278]LogModuleManager: Shutting down and abandoning module MainFrame (92)
[2015.10.04-19.44.44:689][278]LogModuleManager: Shutting down and abandoning module LevelEditor (91)
[2015.10.04-19.44.44:690][278]LogModuleManager: Shutting down and abandoning module ContentBrowser (90)
[2015.10.04-19.44.44:690][278]LogModuleManager: Shutting down and abandoning module Paper2DEditor (89)
[2015.10.04-19.44.44:690][278]LogModuleManager: Shutting down and abandoning module UdpMessaging (88)
[2015.10.04-19.44.44:791][278]LogModuleManager: Shutting down and abandoning module DirectoryWatcher (87)
[2015.10.04-19.44.44:791][278]LogModuleManager: Shutting down and abandoning module AssetRegistry (86)
[2015.10.04-19.44.44:828][278]LogModuleManager: Shutting down and abandoning module SubstanceCore (85)
[2015.10.04-19.44.44:828][278]LogModuleManager: Shutting down and abandoning module LightPropagationVolumeRuntime (84)
[2015.10.04-19.44.44:828][278]LogModuleManager: Shutting down and abandoning module Paper2D (83)
[2015.10.04-19.44.44:828][278]LogModuleManager: Shutting down and abandoning module WindowsMoviePlayer (82)
[2015.10.04-19.44.44:831][278]LogModuleManager: Shutting down and abandoning module Media (81)
[2015.10.04-19.44.44:831][278]LogModuleManager: Shutting down and abandoning module WmfMedia (80)
[2015.10.04-19.44.44:831][278]LogModuleManager: Shutting down and abandoning module OnlineBlueprintSupport (79)
[2015.10.04-19.44.44:831][278]LogModuleManager: Shutting down and abandoning module GameplayTasksEditor (78)
[2015.10.04-19.44.44:831][278]LogModuleManager: Shutting down and abandoning module PropertyEditor (77)
[2015.10.04-19.44.44:831][278]LogModuleManager: Shutting down and abandoning module BehaviorTreeEditor (76)
[2015.10.04-19.44.44:831][278]LogModuleManager: Shutting down and abandoning module FunctionalTesting (75)
[2015.10.04-19.44.44:831][278]LogModuleManager: Shutting down and abandoning module CollisionAnalyzer (74)
[2015.10.04-19.44.44:831][278]LogModuleManager: Shutting down and abandoning module WorkspaceMenuStructure (73)
[2015.10.04-19.44.44:831][278]LogModuleManager: Shutting down and abandoning module MessageLog (72)
[2015.10.04-19.44.44:831][278]LogModuleManager: Shutting down and abandoning module Sequencer (71)
[2015.10.04-19.44.44:831][278]LogModuleManager: Shutting down and abandoning module AssetTools (70)
[2015.10.04-19.44.44:831][278]LogModuleManager: Shutting down and abandoning module UMGEditor (69)
[2015.10.04-19.44.44:831][278]LogModuleManager: Shutting down and abandoning module UMG (68)
[2015.10.04-19.44.44:831][278]LogModuleManager: Shutting down and abandoning module Slate (67)
[2015.10.04-19.44.44:831][278]LogModuleManager: Shutting down and abandoning module EditorStyle (66)
[2015.10.04-19.44.44:832][278]LogModuleManager: Shutting down and abandoning module SessionServices (65)
[2015.10.04-19.44.44:832][278]LogModuleManager: Shutting down and abandoning module SourceCodeAccess (64)
[2015.10.04-19.44.44:832][278]LogModuleManager: Shutting down and abandoning module HeadMountedDisplay (63)
[2015.10.04-19.44.44:832][278]LogModuleManager: Shutting down and abandoning module XAudio2 (62)
[2015.10.04-19.44.44:832][278]LogModuleManager: Shutting down and abandoning module Networking (60)
[2015.10.04-19.44.44:832][278]LogModuleManager: Shutting down and abandoning module Core (59)
[2015.10.04-19.44.44:832][278]LogModuleManager: Shutting down and abandoning module KismetCompiler (58)
[2015.10.04-19.44.44:832][278]LogModuleManager: Shutting down and abandoning module PhysXFormats (57)
[2015.10.04-19.44.44:832][278]LogModuleManager: Shutting down and abandoning module MeshUtilities (56)
[2015.10.04-19.44.44:832][278]LogModuleManager: Shutting down and abandoning module CookingStats (55)
[2015.10.04-19.44.44:833][278]LogModuleManager: Shutting down and abandoning module DerivedDataCache (54)
[2015.10.04-19.44.44:871][278]LogDerivedDataCache: Shutdown
[2015.10.04-19.44.44:871][278]LogModuleManager: Shutting down and abandoning module ShaderFormatOpenGL (53)
[2015.10.04-19.44.44:871][278]LogModuleManager: Shutting down and abandoning module ShaderFormatD3D (52)
[2015.10.04-19.44.44:871][278]LogModuleManager: Shutting down and abandoning module MetalShaderFormat (51)
[2015.10.04-19.44.44:871][278]LogModuleManager: Shutting down and abandoning module TextureFormatUncompressed (50)
[2015.10.04-19.44.44:871][278]LogModuleManager: Shutting down and abandoning module TextureFormatPVR (49)
[2015.10.04-19.44.44:871][278]LogModuleManager: Shutting down and abandoning module TextureFormatIntelISPCTexComp (48)
[2015.10.04-19.44.44:871][278]LogModuleManager: Shutting down and abandoning module TextureFormatDXT (47)
[2015.10.04-19.44.44:871][278]LogModuleManager: Shutting down and abandoning module ImageWrapper (46)
[2015.10.04-19.44.44:871][278]LogModuleManager: Shutting down and abandoning module TextureFormatASTC (45)
[2015.10.04-19.44.44:871][278]LogModuleManager: Shutting down and abandoning module TextureFormatAndroid (44)
[2015.10.04-19.44.44:871][278]LogModuleManager: Shutting down and abandoning module AudioFormatOpus (43)
[2015.10.04-19.44.44:871][278]LogModuleManager: Shutting down and abandoning module AudioFormatOgg (42)
[2015.10.04-19.44.44:871][278]LogModuleManager: Shutting down and abandoning module AudioFormatADPCM (41)
[2015.10.04-19.44.44:871][278]LogModuleManager: Shutting down and abandoning module LinuxTargetPlatform (40)
[2015.10.04-19.44.44:871][278]LogModuleManager: Shutting down and abandoning module LinuxServerTargetPlatform (39)
[2015.10.04-19.44.44:871][278]LogModuleManager: Shutting down and abandoning module LinuxNoEditorTargetPlatform (38)
[2015.10.04-19.44.44:871][278]LogModuleManager: Shutting down and abandoning module Messaging (37)
[2015.10.04-19.44.44:871][278]LogModuleManager: Shutting down and abandoning module IOSTargetPlatform (36)
[2015.10.04-19.44.44:871][278]LogModuleManager: Shutting down and abandoning module HTML5TargetPlatform (35)
[2015.10.04-19.44.44:871][278]LogModuleManager: Shutting down and abandoning module Android_PVRTCTargetPlatform (34)
[2015.10.04-19.44.44:871][278]LogModuleManager: Shutting down and abandoning module Android_ETC2TargetPlatform (33)
[2015.10.04-19.44.44:871][278]LogModuleManager: Shutting down and abandoning module Android_ETC1TargetPlatform (32)
[2015.10.04-19.44.44:871][278]LogModuleManager: Shutting down and abandoning module Android_DXTTargetPlatform (31)
[2015.10.04-19.44.44:871][278]LogModuleManager: Shutting down and abandoning module Android_ATCTargetPlatform (30)
[2015.10.04-19.44.44:871][278]LogModuleManager: Shutting down and abandoning module Android_ASTCTargetPlatform (29)
[2015.10.04-19.44.44:871][278]LogModuleManager: Shutting down and abandoning module AndroidTargetPlatform (28)
[2015.10.04-19.44.44:871][278]LogModuleManager: Shutting down and abandoning module WindowsTargetPlatform (27)
[2015.10.04-19.44.44:871][278]LogModuleManager: Shutting down and abandoning module WindowsServerTargetPlatform (26)
[2015.10.04-19.44.44:871][278]LogModuleManager: Shutting down and abandoning module WindowsNoEditorTargetPlatform (25)
[2015.10.04-19.44.44:871][278]LogModuleManager: Shutting down and abandoning module WindowsClientTargetPlatform (24)
[2015.10.04-19.44.44:871][278]LogModuleManager: Shutting down and abandoning module AllDesktopTargetPlatform (23)
[2015.10.04-19.44.44:871][278]LogModuleManager: Shutting down and abandoning module TargetPlatform (22)
[2015.10.04-19.44.44:871][278]LogModuleManager: Shutting down and abandoning module InputCore (21)
[2015.10.04-19.44.44:871][278]LogModuleManager: Shutting down and abandoning module Settings (20)
[2015.10.04-19.44.44:872][278]LogModuleManager: Shutting down and abandoning module OnlineSubsystem (18)
[2015.10.04-19.44.44:872][278]LogModuleManager: Shutting down and abandoning module HTTP (17)
[2015.10.04-19.44.45:872][278]LogModuleManager: Shutting down and abandoning module XMPP (16)
[2015.10.04-19.44.45:872][278]LogModuleManager: Shutting down and abandoning module ExampleDeviceProfileSelector (15)
[2015.10.04-19.44.45:872][278]LogModuleManager: Shutting down and abandoning module TextureCompressor (14)
[2015.10.04-19.44.45:872][278]LogModuleManager: Shutting down and abandoning module ShaderCore (13)
[2015.10.04-19.44.45:872][278]LogModuleManager: Shutting down and abandoning module Landscape (12)
[2015.10.04-19.44.45:872][278]LogModuleManager: Shutting down and abandoning module SlateRHIRenderer (11)
[2015.10.04-19.44.45:873][278]LogModuleManager: Shutting down and abandoning module OpenGLDrv (10)
[2015.10.04-19.44.45:873][278]LogModuleManager: Shutting down and abandoning module D3D11RHI (9)
[2015.10.04-19.44.45:873][278]LogModuleManager: Shutting down and abandoning module AnimGraphRuntime (8)
[2015.10.04-19.44.45:873][278]LogModuleManager: Shutting down and abandoning module Renderer (7)
[2015.10.04-19.44.45:873][278]LogModuleManager: Shutting down and abandoning module Engine (6)
[2015.10.04-19.44.45:873][278]LogModuleManager: Shutting down and abandoning module CoreUObject (5)
[2015.10.04-19.44.45:873][278]LogModuleManager: Shutting down and abandoning module NetworkFile (4)
[2015.10.04-19.44.45:873][278]LogModuleManager: Shutting down and abandoning module StreamingFile (3)
[2015.10.04-19.44.45:873][278]LogModuleManager: Shutting down and abandoning module SandboxFile (2)
[2015.10.04-19.44.45:873][278]LogModuleManager: Shutting down and abandoning module PakFile (1)
[2015.10.04-19.44.45:873][278]LogExit: Exiting.
[2015.10.04-19.44.45:874][278]Log file closed, 10/04/15 15:44:45
