[2015.12.13-17.53.14:991][  0]Log file open, 12/13/15 12:53:14
[2015.12.13-17.53.14:991][  0]LogInit:Display: Running engine for game: SuperSpaceArmada
[2015.12.13-17.53.14:991][  0]LogInit:Display: RandInit(-633168469) SRandInit(-633168469).
[2015.12.13-17.53.14:991][  0]LogTaskGraph: Started task graph with 4 named threads and 7 total threads.
[2015.12.13-17.53.14:991][  0]LogStats: Stats thread started at 0.097116
[2015.12.13-17.53.14:991][  0]LogInit: Version: 4.9.2-2707645+++depot+UE4-Releases+4.9
[2015.12.13-17.53.14:991][  0]LogInit: API Version: 2672455
[2015.12.13-17.53.14:991][  0]LogInit: Compiled (64-bit): Sep 28 2015 10:25:44
[2015.12.13-17.53.14:991][  0]LogInit: Compiled with Visual C++: 18.00.21005.01
[2015.12.13-17.53.14:991][  0]LogInit: Build Configuration: Development
[2015.12.13-17.53.14:991][  0]LogInit: Branch Name: ++depot+UE4-Releases+4.9
[2015.12.13-17.53.14:991][  0]LogInit: Command line:  
[2015.12.13-17.53.14:991][  0]LogInit: Base directory: C:/Program Files/Epic Games/4.9/Engine/Binaries/Win64/
[2015.12.13-17.53.14:991][  0]LogInit: Rocket: 1
[2015.12.13-17.53.15:022][  0]LogInit: Using libcurl 7.41.0
[2015.12.13-17.53.15:022][  0]LogInit:  - built for x86_64-pc-win32
[2015.12.13-17.53.15:022][  0]LogInit:  - supports SSL with WinSSL
[2015.12.13-17.53.15:022][  0]LogInit:  - other features:
[2015.12.13-17.53.15:022][  0]LogInit:      CURL_VERSION_SSL
[2015.12.13-17.53.15:022][  0]LogInit:      CURL_VERSION_IPV6
[2015.12.13-17.53.15:022][  0]LogInit:      CURL_VERSION_ASYNCHDNS
[2015.12.13-17.53.15:022][  0]LogInit:      CURL_VERSION_LARGEFILE
[2015.12.13-17.53.15:022][  0]LogInit:      CURL_VERSION_IDN
[2015.12.13-17.53.15:022][  0]LogInit:  CurlRequestOptions (configurable via config and command line):
[2015.12.13-17.53.15:022][  0]LogInit:  - bVerifyPeer = true  - Libcurl will verify peer certificate
[2015.12.13-17.53.15:022][  0]LogInit:  - bUseHttpProxy = false  - Libcurl will NOT use HTTP proxy
[2015.12.13-17.53.15:022][  0]LogInit:  - bDontReuseConnections = false  - Libcurl will reuse connections
[2015.12.13-17.53.15:022][  0]LogInit:  - CertBundlePath = nullptr  - Libcurl will use whatever was configured at build time.
[2015.12.13-17.53.15:032][  0]LogInit: Presizing for 0 objects not considered by GC, pre-allocating 0 bytes.
[2015.12.13-17.53.15:040][  0]LogInit: Object subsystem initialized
[2015.12.13-17.53.15:042][  0]LogInit: Selected Device Profile: [Windows]
[2015.12.13-17.53.15:042][  0]LogInit: Applying CVar settings loaded from the selected device profile: [Windows]
[2015.12.13-17.53.15:052][  0]LogInit: Computer: EXIA
[2015.12.13-17.53.15:052][  0]LogInit: User: SGJin
[2015.12.13-17.53.15:052][  0]LogInit: CPU Page size=4096, Cores=4
[2015.12.13-17.53.15:052][  0]LogInit: High frequency timer resolution =2.338337 MHz
[2015.12.13-17.53.15:052][  0]LogMemory: Memory total: Physical=7.9GB (8GB approx)
[2015.12.13-17.53.15:052][  0]LogMemory: Platform Memory Stats for Windows
[2015.12.13-17.53.15:052][  0]LogMemory: Process Physical Memory: 56.23 MB used, 56.23 MB peak
[2015.12.13-17.53.15:052][  0]LogMemory: Process Virtual Memory: 58.48 MB used, 58.48 MB peak
[2015.12.13-17.53.15:052][  0]LogMemory: Physical Memory: 4928.97 MB used, 8124.02 MB total
[2015.12.13-17.53.15:052][  0]LogMemory: Virtual Memory: 367.71 MB used, 134217728.00 MB total
[2015.12.13-17.53.15:111][  0]LogTextLocalizationManager: No specific translations for ('en-US') exist, so ('en') translations will be used.
[2015.12.13-17.53.15:925][  0]LogD3D11RHI: Found D3D11 adapter 0: NVIDIA GeForce GT 740M          (Feature Level 11_0)
[2015.12.13-17.53.15:925][  0]LogD3D11RHI: Adapter has 1996MB of dedicated video memory, 0MB of dedicated system memory, and 4062MB of shared system memory, 1 output[s]
[2015.12.13-17.53.15:933][  0]LogD3D11RHI: Found D3D11 adapter 1: Intel(R) HD Graphics 4600 (Feature Level 11_0)
[2015.12.13-17.53.15:933][  0]LogD3D11RHI: Adapter has 112MB of dedicated video memory, 0MB of dedicated system memory, and 4062MB of shared system memory, 0 output[s]
[2015.12.13-17.53.15:936][  0]LogD3D11RHI: Found D3D11 adapter 2: Microsoft Basic Render Driver (Feature Level 11_0)
[2015.12.13-17.53.15:936][  0]LogD3D11RHI: Adapter has 0MB of dedicated video memory, 0MB of dedicated system memory, and 4062MB of shared system memory, 0 output[s]
[2015.12.13-17.53.15:936][  0]LogD3D11RHI: Chosen D3D11 Adapter Id = 0
[2015.12.13-17.53.15:944][  0]LogD3D11RHI: !Direct3DDevice
[2015.12.13-17.53.15:944][  0]LogRHI: Texture pool is 1361 MB (70% of 1945 MB)
[2015.12.13-17.53.15:960][  0]LogD3D11RHI: Async texture creation enabled
[2015.12.13-17.53.15:976][  0]LogShaderCompilers: Guid format shader working directory is 15 characters bigger than the processId version (../../../../../../Users/Jin/Documents/GitHub/Game-Files/SuperSpaceArmada/Intermediate/Shaders/WorkingDirectory/6048/).
[2015.12.13-17.53.15:977][  0]LogShaderCompilers: Cleaned the shader compiler working directory '../../../../../../Users/Jin/Documents/GitHub/Game-Files/SuperSpaceArmada/Intermediate/Shaders/tmp/D61F4F72427D5CD7445B269A22FFF7BA/'.
[2015.12.13-17.53.15:977][  0]LogShaderCompilers:Display: Using Local Shader Compiler.
[2015.12.13-17.53.17:385][  0]LogTemp:Display: Loaded TP AllDesktopTargetPlatform
[2015.12.13-17.53.17:393][  0]LogTemp:Display: Loaded TP WindowsClientTargetPlatform
[2015.12.13-17.53.17:400][  0]LogTemp:Display: Loaded TP WindowsNoEditorTargetPlatform
[2015.12.13-17.53.17:408][  0]LogTemp:Display: Loaded TP WindowsServerTargetPlatform
[2015.12.13-17.53.17:416][  0]LogTemp:Display: Loaded TP WindowsTargetPlatform
[2015.12.13-17.53.17:422][  0]LogTemp:Display: Loaded TP AndroidTargetPlatform
[2015.12.13-17.53.17:429][  0]LogTemp:Display: Loaded TP Android_ASTCTargetPlatform
[2015.12.13-17.53.17:434][  0]LogTemp:Display: Loaded TP Android_ATCTargetPlatform
[2015.12.13-17.53.17:440][  0]LogTemp:Display: Loaded TP Android_DXTTargetPlatform
[2015.12.13-17.53.17:444][  0]LogTemp:Display: Loaded TP Android_ETC1TargetPlatform
[2015.12.13-17.53.17:451][  0]LogTemp:Display: Loaded TP Android_ETC2TargetPlatform
[2015.12.13-17.53.17:456][  0]LogTemp:Display: Loaded TP Android_PVRTCTargetPlatform
[2015.12.13-17.53.17:457][  0]LogTemp:Display: Loaded TP HTML5TargetPlatform
[2015.12.13-17.53.17:477][  0]LogTemp:Display: Loaded TP IOSTargetPlatform
[2015.12.13-17.53.17:481][  0]LogTemp:Display: Loaded TP LinuxNoEditorTargetPlatform
[2015.12.13-17.53.17:485][  0]LogTemp:Display: Loaded TP LinuxServerTargetPlatform
[2015.12.13-17.53.17:489][  0]LogTemp:Display: Loaded TP LinuxTargetPlatform
[2015.12.13-17.53.17:489][  0]LogTargetPlatformManager:Display: Building Assets For Windows
[2015.12.13-17.53.17:615][  0]LogDerivedDataCache:Display: Max Cache Size: 512 MB
[2015.12.13-17.53.17:658][  0]LogDerivedDataCache: Loaded boot cache 0.04s 41MB C:/Users/Jin/AppData/Local/UnrealEngine/4.9/DerivedDataCache/Boot.ddc.
[2015.12.13-17.53.17:658][  0]LogDerivedDataCache:Display: Loaded Boot cache: C:/Users/Jin/AppData/Local/UnrealEngine/4.9/DerivedDataCache/Boot.ddc
[2015.12.13-17.53.17:658][  0]LogDerivedDataCache: FDerivedDataBackendGraph:  Pak pak cache file ../../../../../../Users/Jin/Documents/GitHub/Game-Files/SuperSpaceArmada/DerivedDataCache/DDC.ddp not found, will not use a pak cache.
[2015.12.13-17.53.17:658][  0]LogDerivedDataCache: Unable to find inner node Pak for hierarchical cache Hierarchy.
[2015.12.13-17.53.17:658][  0]LogDerivedDataCache: FDerivedDataBackendGraph:  CompressedPak pak cache file ../../../../../../Users/Jin/Documents/GitHub/Game-Files/SuperSpaceArmada/DerivedDataCache/Compressed.ddp not found, will not use a pak cache.
[2015.12.13-17.53.17:658][  0]LogDerivedDataCache: Unable to find inner node CompressedPak for hierarchical cache Hierarchy.
[2015.12.13-17.53.17:802][  0]LogDerivedDataCache:Display: Pak cache opened for reading ../../../Engine/DerivedDataCache/Compressed.ddp.
[2015.12.13-17.53.17:814][  0]LogDerivedDataCache: Using Local data cache path C:/Users/Jin/AppData/Local/UnrealEngine/Common/DerivedDataCache: Writable
[2015.12.13-17.53.18:030][  0]LogInit: Selected Device Profile: [Windows]
[2015.12.13-17.53.18:033][  0]LogContentStreaming: Texture pool size is 0.000000MB
[2015.12.13-17.53.18:192][  0]LogMeshUtilities: No automatic mesh reduction module available
[2015.12.13-17.53.18:192][  0]LogMeshUtilities: No automatic mesh merging module available
[2015.12.13-17.53.18:539][  0]LogInit: WinSock: version 1.1 (2.2), MaxSocks=32767, MaxUdp=65467
[2015.12.13-17.53.19:675][  0]LogAssetRegistry: FAssetRegistry took 0.0110 seconds to start up
[2015.12.13-17.53.19:704][  0]UdpMessaging: Initializing bridge on interface 0.0.0.0:0 to multicast group 230.0.0.1:6666.
[2015.12.13-17.53.20:007][  0]SourceControl: Info Source control is disabled
[2015.12.13-17.53.20:008][  0]SourceControl: Info Source control is disabled
[2015.12.13-17.53.20:028][  0]SourceControl: Info Source control is disabled
[2015.12.13-17.53.20:048][  0]SourceControl: Info Source control is disabled
[2015.12.13-17.53.20:323][  0]LogLinker:Warning: Asset '../../../Engine/Plugins/Runtime/LeapMotionController/Content/LM_PassthroughMaterial.uasset' has been saved with empty engine version. The asset will be loaded but may be incompatible.
[2015.12.13-17.53.20:459][  0]LogObj: 28528 objects as part of root set at end of initial load.
[2015.12.13-17.53.20:459][  0]LogUObjectAllocator: 6068456 out of 0 bytes used by permanent object pool.
[2015.12.13-17.53.20:533][  0]LogEngine: Initializing Engine...
[2015.12.13-17.53.20:538][  0]LogHMD: Can't find Oculus library dev build: is proper Runtime installed? Version: 0.7.0.0
[2015.12.13-17.53.20:539][  0]LogHMD: SteamVR failed to initialize.  Err: 110
[2015.12.13-17.53.20:669][  0]LogAIModule: Creating AISystem for world NewWorld
[2015.12.13-17.53.20:681][  0]LogInit: XAudio2 using 'Speakers / HP (IDT High Definition Audio CODEC)' : 2 channels at 48 kHz using 16 bits per sample (channel mask 0x3)
[2015.12.13-17.53.20:706][  0]LogInit: FAudioDevice initialized.
[2015.12.13-17.53.20:732][  0]LogDerivedDataCache: Saved boot cache 0.03s 41MB C:/Users/Jin/AppData/Local/UnrealEngine/4.9/DerivedDataCache/Boot.ddc.
[2015.12.13-17.53.20:736][  0]LogInit: Texture streaming: Enabled
[2015.12.13-17.53.20:744][  0]LogAnalytics: Creating configured Analytics provider AnalyticsET
[2015.12.13-17.53.20:744][  0]LogAnalytics: [UEEditor.Rocket.Release] APIServer = http://et2.epicgames.com/ET2/. AppVersion = 4.9.2-2707645+++depot+UE4-Releases+4.9
[2015.12.13-17.53.20:744][  0]LogAnalytics: [UEEditor.Rocket.Release] SetUserId 435ea4a8489b84c6f4feaab84cbae6c8|e03effeb7bdf4ddc9c712682a578c51b|8a2a019e-36d5-4c55-97e1-833141022920
[2015.12.13-17.53.20:744][  0]LogAnalytics: [UEEditor.Rocket.Release] AnalyticsET::StartSession
[2015.12.13-17.53.20:766][  0]LogWindowsTextInputMethodSystem:Display: IME system now deactivated.
[2015.12.13-17.53.20:836][  0]LogInit: Transaction tracking system initialized
[2015.12.13-17.53.20:879][  0]BlueprintLog: New page: Editor Load
[2015.12.13-17.53.21:015][  0]LocalizationService: Info Localization service is disabled
[2015.12.13-17.53.21:123][  0]LogConsoleResponse:Display: 
[2015.12.13-17.53.21:269][  0]LogCook:Display: Done creating registry. It took  0.00s.
[2015.12.13-17.53.21:354][  0]LogFileCache: Scanning file cache for directory 'C:/Users/Jin/Documents/GitHub/Game-Files/SuperSpaceArmada/Content/' took 0.02s
[2015.12.13-17.53.21:354][  0]SourceControl: Info Source control is disabled
[2015.12.13-17.53.21:354][  0]Cmd: MAP LOAD FILE="../../../../../../Users/Jin/Documents/GitHub/Game-Files/SuperSpaceArmada/Content/SSA/Maps/Ship_Selection.umap" TEMPLATE=0 SHOWPROGRESS=1 FEATURELEVEL=3
[2015.12.13-17.53.21:355][  0]LightingResults: New page: Lighting Build
[2015.12.13-17.53.21:361][  0]MapCheck: New page: Map Check
[2015.12.13-17.53.21:361][  0]LightingResults: New page: Lighting Build
[2015.12.13-17.53.21:381][  0]LogParticles: Destroying 0 GPU particle simulations for FXSystem 0x000000F21D5A82C0
[2015.12.13-17.53.22:244][  0]LogLinker:Warning: Asset '../../../../../../Users/Jin/Documents/GitHub/Game-Files/SuperSpaceArmada/Content/Mannequin/Animations/ThirdPerson_AnimBP.uasset' has been saved with empty engine version. The asset will be loaded but may be incompatible.
[2015.12.13-17.53.22:247][  0]LogLinker:Warning: Asset '../../../../../../Users/Jin/Documents/GitHub/Game-Files/SuperSpaceArmada/Content/Mannequin/Animations/ThirdPerson_Jump.uasset' has been saved with empty engine version. The asset will be loaded but may be incompatible.
[2015.12.13-17.53.22:252][  0]LogLinker:Warning: Asset '../../../../../../Users/Jin/Documents/GitHub/Game-Files/SuperSpaceArmada/Content/Mannequin/Animations/ThirdPersonJump_Loop.uasset' has been saved with empty engine version. The asset will be loaded but may be incompatible.
[2015.12.13-17.53.22:254][  0]LogLinker:Warning: Asset '../../../../../../Users/Jin/Documents/GitHub/Game-Files/SuperSpaceArmada/Content/Mannequin/Animations/ThirdPersonJump_Start.uasset' has been saved with empty engine version. The asset will be loaded but may be incompatible.
[2015.12.13-17.53.22:256][  0]LogLinker:Warning: Asset '../../../../../../Users/Jin/Documents/GitHub/Game-Files/SuperSpaceArmada/Content/Mannequin/Animations/ThirdPerson_IdleRun_2D.uasset' has been saved with empty engine version. The asset will be loaded but may be incompatible.
[2015.12.13-17.53.22:257][  0]LogLinker:Warning: Asset '../../../../../../Users/Jin/Documents/GitHub/Game-Files/SuperSpaceArmada/Content/Mannequin/Animations/ThirdPersonIdle.uasset' has been saved with empty engine version. The asset will be loaded but may be incompatible.
[2015.12.13-17.53.22:260][  0]LogLinker:Warning: Asset '../../../../../../Users/Jin/Documents/GitHub/Game-Files/SuperSpaceArmada/Content/Mannequin/Animations/ThirdPersonRun.uasset' has been saved with empty engine version. The asset will be loaded but may be incompatible.
[2015.12.13-17.53.22:262][  0]LogLinker:Warning: Asset '../../../../../../Users/Jin/Documents/GitHub/Game-Files/SuperSpaceArmada/Content/Mannequin/Animations/ThirdPersonWalk.uasset' has been saved with empty engine version. The asset will be loaded but may be incompatible.
[2015.12.13-17.53.31:301][  0]LogAIModule: Creating AISystem for world Ship_Selection
[2015.12.13-17.53.31:309][  0]LogEditorServer: Finished looking for orphan Actors (0.000 secs)
[2015.12.13-17.53.31:310][  0]Cmd: MAP CHECKDEP NOCLEARLOG
[2015.12.13-17.53.31:661][  0]MapCheck: Info Map check complete: 0 Error(s), 0 Warning(s), took 350.248ms to complete.
[2015.12.13-17.53.31:661][  0]LogFileHelpers: Loading map 'Ship_Selection' took 10.306
[2015.12.13-17.53.31:787][  0]LogCollectionManager: Loaded 0 collections in 0.003377 seconds
[2015.12.13-17.53.31:834][  0]LogFileCache: Scanning file cache for directory 'C:/Users/Jin/Documents/GitHub/Game-Files/SuperSpaceArmada/Saved/Collections/' took 0.01s
[2015.12.13-17.53.31:834][  0]LogFileCache: Scanning file cache for directory 'C:/Users/Jin/Documents/GitHub/Game-Files/SuperSpaceArmada/Content/Developers/SGJin/Collections/' took 0.01s
[2015.12.13-17.53.31:834][  0]LogFileCache: Scanning file cache for directory 'C:/Users/Jin/Documents/GitHub/Game-Files/SuperSpaceArmada/Content/Collections/' took 0.01s
[2015.12.13-17.53.31:834][  0]LogContentBrowser: Native class hierarchy populated in 0.0119 seconds. Added 1882 classes and 339 folders.
[2015.12.13-17.53.31:840][  0]LogCollectionManager: Rebuilt the GUID cache for 0 collections in 0.000004 seconds
[2015.12.13-17.53.31:850][  0]LogContentBrowser: Native class hierarchy updated for 'WidgetCarousel' in 0.0004 seconds. Added 0 classes and 0 folders.
[2015.12.13-17.53.31:920][  0]LogContentBrowser: Native class hierarchy updated for 'AddContentDialog' in 0.0004 seconds. Added 0 classes and 0 folders.
[2015.12.13-17.53.31:925][  0]LogContentBrowser: Native class hierarchy updated for 'SceneOutliner' in 0.0003 seconds. Added 1 classes and 2 folders.
[2015.12.13-17.53.32:076][  0]LogCrashTracker: Crashtracker disabled due to settings.
[2015.12.13-17.53.32:081][  0]LogUObjectGlobals:Warning: Failed to find object 'Class None.'
[2015.12.13-17.53.32:103][  0]LogLoad: Full Startup: 17.91 seconds (BP compile: 3.54 seconds)
[2015.12.13-17.53.32:121][  0]LoadErrors:Error: Error /Game/SSA/Blueprints/Player : Failed import for Player_C /Game/SSA/Blueprints/Player/Player.Default__Player_C
[2015.12.13-17.53.32:203][  0]LogContentStreaming: Texture pool size now 1000 MB
[2015.12.13-17.53.32:347][  0]LogRenderer: Reallocating scene render targets to support 1156x564 (Frame:2).
[2015.12.13-17.53.34:271][ 32]LogAssetRegistry: Asset discovery search completed in 14.6059 seconds
[2015.12.13-17.53.34:271][ 32]LogCollectionManager: Rebuilt the object cache for 0 collections in 0.000001 seconds (found 0 objects)
[2015.12.13-17.53.34:271][ 32]LogCollectionManager: Fixed up redirectors for 0 collections in 0.000030 seconds (updated 0 objects)
[2015.12.13-17.53.34:963][ 60]LogActorComponent: UnregisterComponent: (/Engine/Transient.CharMoveComp) Not registered. Aborting.
[2015.12.13-17.53.34:963][ 60]LogActorComponent: UnregisterComponent: (/Engine/Transient.CharacterMovementComponent_0) Not registered. Aborting.
[2015.12.13-17.53.34:963][ 60]LogActorComponent: UnregisterComponent: (/Engine/Transient.CharacterMovementComponent_1) Not registered. Aborting.
[2015.12.13-17.53.34:963][ 60]LogActorComponent: UnregisterComponent: (/Engine/Transient.CharacterMovementComponent_2) Not registered. Aborting.
[2015.12.13-17.53.34:963][ 60]LogActorComponent: UnregisterComponent: (/Engine/Transient.CharacterMovementComponent_3) Not registered. Aborting.
[2015.12.13-17.53.34:963][ 60]LogActorComponent: UnregisterComponent: (/Engine/Transient.CharacterMovementComponent_4) Not registered. Aborting.
[2015.12.13-17.53.34:963][ 60]LogActorComponent: UnregisterComponent: (/Engine/Transient.CharacterMovementComponent_5) Not registered. Aborting.
[2015.12.13-17.53.34:963][ 60]LogActorComponent: UnregisterComponent: (/Engine/Transient.CharacterMovementComponent_6) Not registered. Aborting.
[2015.12.13-17.53.34:964][ 60]LogActorComponent: UnregisterComponent: (/Engine/Transient.CharacterMovementComponent_7) Not registered. Aborting.
[2015.12.13-17.53.34:964][ 60]LogActorComponent: UnregisterComponent: (/Engine/Transient.CharacterMovementComponent_8) Not registered. Aborting.
[2015.12.13-17.53.34:964][ 60]LogActorComponent: UnregisterComponent: (/Engine/Transient.CharacterMovementComponent_9) Not registered. Aborting.
[2015.12.13-17.53.34:965][ 60]LogActorComponent: UnregisterComponent: (/Engine/Transient.CharacterMovementComponent_10) Not registered. Aborting.
[2015.12.13-17.53.35:502][ 60]LogWindowsTextInputMethodSystem:Display: IME system now deactivated.
[2015.12.13-17.53.35:795][ 61]Cmd: QUIT_EDITOR
[2015.12.13-17.53.36:099][ 61]LogExit: Preparing to exit.
[2015.12.13-17.53.36:883][ 61]LogExit: Editor shut down
[2015.12.13-17.53.36:885][ 61]LogExit: Transaction tracking system shut down
[2015.12.13-17.53.36:917][ 61]LogParticles: Destroying 0 GPU particle simulations for FXSystem 0x000000F23F267100
[2015.12.13-17.53.36:917][ 61]LogParticles: Destroying 0 GPU particle simulations for FXSystem 0x000000F230703880
[2015.12.13-17.53.36:918][ 61]LogParticles: Destroying 0 GPU particle simulations for FXSystem 0x000000F21AEAEE80
[2015.12.13-17.53.36:918][ 61]LogParticles: Destroying 0 GPU particle simulations for FXSystem 0x000000F2523D5080
[2015.12.13-17.53.37:233][ 61]LogExit: Object subsystem successfully closed.
[2015.12.13-17.53.37:252][ 61]LogD3D11RHI: Shutdown
[2015.12.13-17.53.37:252][ 61]LogD3D11RHI: CleanupD3DDevice
[2015.12.13-17.53.37:348][ 61]LogD3D11RHI: ~FD3D11DynamicRHI
[2015.12.13-17.53.37:401][ 61]LogModuleManager: Shutting down and abandoning module CrashTracker (199)
[2015.12.13-17.53.37:401][ 61]LogModuleManager: Shutting down and abandoning module SceneOutliner (198)
[2015.12.13-17.53.37:401][ 61]LogModuleManager: Shutting down and abandoning module SuperSearch (197)
[2015.12.13-17.53.37:401][ 61]LogModuleManager: Shutting down and abandoning module WidgetCarousel (196)
[2015.12.13-17.53.37:401][ 61]LogModuleManager: Shutting down and abandoning module AddContentDialog (195)
[2015.12.13-17.53.37:404][ 61]LogModuleManager: Shutting down and abandoning module EditorWidgets (194)
[2015.12.13-17.53.37:404][ 61]LogModuleManager: Shutting down and abandoning module CollectionManager (193)
[2015.12.13-17.53.37:404][ 61]LogModuleManager: Shutting down and abandoning module StatsViewer (192)
[2015.12.13-17.53.37:406][ 61]LogModuleManager: Shutting down and abandoning module FoliageEdit (191)
[2015.12.13-17.53.37:406][ 61]LogModuleManager: Shutting down and abandoning module LandscapeEditor (190)
[2015.12.13-17.53.37:408][ 61]LogModuleManager: Shutting down and abandoning module ActorPickerMode (189)
[2015.12.13-17.53.37:408][ 61]LogModuleManager: Shutting down and abandoning module GeometryMode (188)
[2015.12.13-17.53.37:409][ 61]LogModuleManager: Shutting down and abandoning module TextureAlignMode (187)
[2015.12.13-17.53.37:409][ 61]LogModuleManager: Shutting down and abandoning module BspMode (186)
[2015.12.13-17.53.37:409][ 61]LogModuleManager: Shutting down and abandoning module PlacementMode (185)
[2015.12.13-17.53.37:409][ 61]LogModuleManager: Shutting down and abandoning module AutomationWorker (184)
[2015.12.13-17.53.37:409][ 61]LogModuleManager: Shutting down and abandoning module CharacterAI (183)
[2015.12.13-17.53.37:409][ 61]LogModuleManager: Shutting down and abandoning module SmartSnapping (182)
[2015.12.13-17.53.37:409][ 61]LogModuleManager: Shutting down and abandoning module ViewportSnapping (181)
[2015.12.13-17.53.37:409][ 61]LogModuleManager: Shutting down and abandoning module LogVisualizer (180)
[2015.12.13-17.53.37:410][ 61]LogModuleManager: Shutting down and abandoning module GameProjectGeneration (179)
[2015.12.13-17.53.37:410][ 61]LogModuleManager: Shutting down and abandoning module IntroTutorials (178)
[2015.12.13-17.53.37:413][ 61]LogModuleManager: Shutting down and abandoning module EditorLiveStreaming (177)
[2015.12.13-17.53.37:413][ 61]LogModuleManager: Shutting down and abandoning module IOSPlatformEditor (176)
[2015.12.13-17.53.37:413][ 61]LogModuleManager: Shutting down and abandoning module HTML5PlatformEditor (175)
[2015.12.13-17.53.37:413][ 61]LogModuleManager: Shutting down and abandoning module AndroidDeviceDetection (174)
[2015.12.13-17.53.38:083][ 61]LogModuleManager: Shutting down and abandoning module AndroidPlatformEditor (173)
[2015.12.13-17.53.38:083][ 61]LogModuleManager: Shutting down and abandoning module IOSRuntimeSettings (172)
[2015.12.13-17.53.38:083][ 61]LogModuleManager: Shutting down and abandoning module AndroidRuntimeSettings (171)
[2015.12.13-17.53.38:083][ 61]LogModuleManager: Shutting down and abandoning module MergeActors (170)
[2015.12.13-17.53.38:087][ 61]LogModuleManager: Shutting down and abandoning module SizeMap (169)
[2015.12.13-17.53.38:087][ 61]LogModuleManager: Shutting down and abandoning module TreeMap (168)
[2015.12.13-17.53.38:088][ 61]LogModuleManager: Shutting down and abandoning module ReferenceViewer (167)
[2015.12.13-17.53.38:088][ 61]LogModuleManager: Shutting down and abandoning module LocalizationService (166)
[2015.12.13-17.53.38:088][ 61]LogModuleManager: Shutting down and abandoning module LocalizationDashboard (165)
[2015.12.13-17.53.38:089][ 61]LogModuleManager: Shutting down and abandoning module HardwareTargeting (164)
[2015.12.13-17.53.38:089][ 61]LogModuleManager: Shutting down and abandoning module DeviceProfileEditor (163)
[2015.12.13-17.53.38:089][ 61]LogModuleManager: Shutting down and abandoning module UndoHistory (162)
[2015.12.13-17.53.38:089][ 61]LogModuleManager: Shutting down and abandoning module GameplayTagsEditor (161)
[2015.12.13-17.53.38:089][ 61]LogModuleManager: Shutting down and abandoning module UserFeedback (160)
[2015.12.13-17.53.38:089][ 61]LogModuleManager: Shutting down and abandoning module XmlParser (159)
[2015.12.13-17.53.38:089][ 61]LogModuleManager: Shutting down and abandoning module Blutility (158)
[2015.12.13-17.53.38:089][ 61]LogModuleManager: Shutting down and abandoning module ProjectTargetPlatformEditor (157)
[2015.12.13-17.53.38:089][ 61]LogModuleManager: Shutting down and abandoning module ProjectSettingsViewer (156)
[2015.12.13-17.53.38:089][ 61]LogModuleManager: Shutting down and abandoning module InputBindingEditor (155)
[2015.12.13-17.53.38:090][ 61]LogModuleManager: Shutting down and abandoning module EditorSettingsViewer (154)
[2015.12.13-17.53.38:090][ 61]LogModuleManager: Shutting down and abandoning module SettingsEditor (153)
[2015.12.13-17.53.38:092][ 61]LogModuleManager: Shutting down and abandoning module ProjectLauncher (152)
[2015.12.13-17.53.38:092][ 61]LogModuleManager: Shutting down and abandoning module SessionFrontend (151)
[2015.12.13-17.53.38:093][ 61]LogModuleManager: Shutting down and abandoning module ProfilerClient (150)
[2015.12.13-17.53.38:093][ 61]LogModuleManager: Shutting down and abandoning module TargetDeviceServices (149)
[2015.12.13-17.53.38:093][ 61]LogModuleManager: Shutting down and abandoning module DeviceManager (148)
[2015.12.13-17.53.38:094][ 61]LogModuleManager: Shutting down and abandoning module AutomationController (147)
[2015.12.13-17.53.38:094][ 61]LogModuleManager: Shutting down and abandoning module AutomationWindow (146)
[2015.12.13-17.53.38:095][ 61]LogModuleManager: Shutting down and abandoning module Layers (145)
[2015.12.13-17.53.38:097][ 61]LogModuleManager: Shutting down and abandoning module ComponentVisualizers (144)
[2015.12.13-17.53.38:097][ 61]LogModuleManager: Shutting down and abandoning module DetailCustomizations (143)
[2015.12.13-17.53.38:098][ 61]LogModuleManager: Shutting down and abandoning module PackagesDialog (142)
[2015.12.13-17.53.38:098][ 61]LogModuleManager: Shutting down and abandoning module Persona (141)
[2015.12.13-17.53.38:099][ 61]LogModuleManager: Shutting down and abandoning module Kismet (140)
[2015.12.13-17.53.38:099][ 61]LogModuleManager: Shutting down and abandoning module GraphEditor (139)
[2015.12.13-17.53.38:099][ 61]LogModuleManager: Shutting down and abandoning module ClassViewer (138)
[2015.12.13-17.53.38:100][ 61]LogModuleManager: Shutting down and abandoning module Toolbox (137)
[2015.12.13-17.53.38:100][ 61]LogModuleManager: Shutting down and abandoning module ModuleUI (136)
[2015.12.13-17.53.38:100][ 61]LogModuleManager: Shutting down and abandoning module MovieSceneTools (135)
[2015.12.13-17.53.38:100][ 61]LogModuleManager: Shutting down and abandoning module OutputLog (134)
[2015.12.13-17.53.38:100][ 61]LogModuleManager: Shutting down and abandoning module GammaUI (133)
[2015.12.13-17.53.38:101][ 61]LogModuleManager: Shutting down and abandoning module Documentation (132)
[2015.12.13-17.53.38:101][ 61]LogModuleManager: Shutting down and abandoning module GameLiveStreaming (131)
[2015.12.13-17.53.38:102][ 61]LogModuleManager: Shutting down and abandoning module StreamingPauseRendering (130)
[2015.12.13-17.53.38:102][ 61]LogModuleManager: Shutting down and abandoning module AnalyticsET (129)
[2015.12.13-17.53.38:102][ 61]LogModuleManager: Shutting down and abandoning module Analytics (128)
[2015.12.13-17.53.38:102][ 61]LogModuleManager: Shutting down and abandoning module AITestSuite (127)
[2015.12.13-17.53.38:102][ 61]LogModuleManager: Shutting down and abandoning module GameplayDebugger (126)
[2015.12.13-17.53.38:102][ 61]LogModuleManager: Shutting down and abandoning module AIModule (125)
[2015.12.13-17.53.38:102][ 61]LogModuleManager: Shutting down and abandoning module ProfilerService (124)
[2015.12.13-17.53.38:284][ 61]LogModuleManager: Shutting down and abandoning module TaskGraph (123)
[2015.12.13-17.53.38:286][ 61]LogModuleManager: Shutting down and abandoning module SubstanceEditor (122)
[2015.12.13-17.53.38:286][ 61]LogModuleManager: Shutting down and abandoning module SlateRemote (121)
[2015.12.13-17.53.38:286][ 61]LogModuleManager: Shutting down and abandoning module SteamVRController (120)
[2015.12.13-17.53.38:286][ 61]LogModuleManager: Shutting down and abandoning module SteamVR (119)
[2015.12.13-17.53.38:286][ 61]LogModuleManager: Shutting down and abandoning module ProceduralMeshComponent (118)
[2015.12.13-17.53.38:286][ 61]LogModuleManager: Shutting down and abandoning module OculusRift (117)
[2015.12.13-17.53.38:286][ 61]LogModuleManager: Shutting down and abandoning module OculusLibrary (116)
[2015.12.13-17.53.38:286][ 61]LogModuleManager: Shutting down and abandoning module LeapMotionController (115)
[2015.12.13-17.53.38:306][ 61]LogModuleManager: Shutting down and abandoning module CustomMeshComponent (114)
[2015.12.13-17.53.38:306][ 61]LogModuleManager: Shutting down and abandoning module CableComponent (113)
[2015.12.13-17.53.38:306][ 61]LogModuleManager: Shutting down and abandoning module ArchVisCharacter (112)
[2015.12.13-17.53.38:306][ 61]LogModuleManager: Shutting down and abandoning module MessagingDebugger (111)
[2015.12.13-17.53.38:308][ 61]LogModuleManager: Shutting down and abandoning module MediaPlayerEditor (110)
[2015.12.13-17.53.38:309][ 61]LogModuleManager: Shutting down and abandoning module HTML5Networking (109)
[2015.12.13-17.53.38:309][ 61]LogModuleManager: Shutting down and abandoning module SpeedTreeImporter (108)
[2015.12.13-17.53.38:309][ 61]LogModuleManager: Shutting down and abandoning module PluginBrowser (107)
[2015.12.13-17.53.38:310][ 61]LogModuleManager: Shutting down and abandoning module EpicSurvey (106)
[2015.12.13-17.53.38:310][ 61]LogModuleManager: Shutting down and abandoning module DesktopPlatform (105)
[2015.12.13-17.53.38:311][ 61]LogModuleManager: Shutting down and abandoning module VisualStudioSourceCodeAccess (104)
[2015.12.13-17.53.38:311][ 61]LogModuleManager: Shutting down and abandoning module UObjectPlugin (103)
[2015.12.13-17.53.38:311][ 61]LogModuleManager: Shutting down and abandoning module SubversionSourceControl (102)
[2015.12.13-17.53.38:312][ 61]LogModuleManager: Shutting down and abandoning module PerforceSourceControl (101)
[2015.12.13-17.53.38:313][ 61]LogModuleManager: Shutting down and abandoning module SourceControl (100)
[2015.12.13-17.53.38:314][ 61]LogModuleManager: Shutting down and abandoning module GitSourceControl (99)
[2015.12.13-17.53.38:314][ 61]LogModuleManager: Shutting down and abandoning module LightPropagationVolumeEditor (98)
[2015.12.13-17.53.38:314][ 61]LogModuleManager: Shutting down and abandoning module PaperTiledImporter (97)
[2015.12.13-17.53.38:315][ 61]LogModuleManager: Shutting down and abandoning module PaperSpriteSheetImporter (96)
[2015.12.13-17.53.38:315][ 61]LogModuleManager: Shutting down and abandoning module MeshPaint (95)
[2015.12.13-17.53.38:315][ 61]LogModuleManager: Shutting down and abandoning module SlateReflector (94)
[2015.12.13-17.53.38:316][ 61]LogModuleManager: Shutting down and abandoning module HotReload (93)
[2015.12.13-17.53.38:317][ 61]LogModuleManager: Shutting down and abandoning module MainFrame (92)
[2015.12.13-17.53.38:317][ 61]LogModuleManager: Shutting down and abandoning module LevelEditor (91)
[2015.12.13-17.53.38:319][ 61]LogModuleManager: Shutting down and abandoning module ContentBrowser (90)
[2015.12.13-17.53.38:320][ 61]LogModuleManager: Shutting down and abandoning module Paper2DEditor (89)
[2015.12.13-17.53.38:322][ 61]LogModuleManager: Shutting down and abandoning module UdpMessaging (88)
[2015.12.13-17.53.38:423][ 61]LogModuleManager: Shutting down and abandoning module DirectoryWatcher (87)
[2015.12.13-17.53.38:423][ 61]LogModuleManager: Shutting down and abandoning module AssetRegistry (86)
[2015.12.13-17.53.38:565][ 61]LogModuleManager: Shutting down and abandoning module SubstanceCore (85)
[2015.12.13-17.53.38:568][ 61]LogModuleManager: Shutting down and abandoning module LightPropagationVolumeRuntime (84)
[2015.12.13-17.53.38:568][ 61]LogModuleManager: Shutting down and abandoning module Paper2D (83)
[2015.12.13-17.53.38:568][ 61]LogModuleManager: Shutting down and abandoning module WindowsMoviePlayer (82)
[2015.12.13-17.53.38:576][ 61]LogModuleManager: Shutting down and abandoning module Media (81)
[2015.12.13-17.53.38:576][ 61]LogModuleManager: Shutting down and abandoning module WmfMedia (80)
[2015.12.13-17.53.38:576][ 61]LogModuleManager: Shutting down and abandoning module OnlineBlueprintSupport (79)
[2015.12.13-17.53.38:576][ 61]LogModuleManager: Shutting down and abandoning module GameplayTasksEditor (78)
[2015.12.13-17.53.38:576][ 61]LogModuleManager: Shutting down and abandoning module PropertyEditor (77)
[2015.12.13-17.53.38:576][ 61]LogModuleManager: Shutting down and abandoning module BehaviorTreeEditor (76)
[2015.12.13-17.53.38:578][ 61]LogModuleManager: Shutting down and abandoning module FunctionalTesting (75)
[2015.12.13-17.53.38:578][ 61]LogModuleManager: Shutting down and abandoning module CollisionAnalyzer (74)
[2015.12.13-17.53.38:579][ 61]LogModuleManager: Shutting down and abandoning module WorkspaceMenuStructure (73)
[2015.12.13-17.53.38:579][ 61]LogModuleManager: Shutting down and abandoning module MessageLog (72)
[2015.12.13-17.53.38:579][ 61]LogModuleManager: Shutting down and abandoning module Sequencer (71)
[2015.12.13-17.53.38:580][ 61]LogModuleManager: Shutting down and abandoning module AssetTools (70)
[2015.12.13-17.53.38:582][ 61]LogModuleManager: Shutting down and abandoning module UMGEditor (69)
[2015.12.13-17.53.38:583][ 61]LogModuleManager: Shutting down and abandoning module UMG (68)
[2015.12.13-17.53.38:583][ 61]LogModuleManager: Shutting down and abandoning module Slate (67)
[2015.12.13-17.53.38:583][ 61]LogModuleManager: Shutting down and abandoning module EditorStyle (66)
[2015.12.13-17.53.38:588][ 61]LogModuleManager: Shutting down and abandoning module SessionServices (65)
[2015.12.13-17.53.38:588][ 61]LogModuleManager: Shutting down and abandoning module SourceCodeAccess (64)
[2015.12.13-17.53.38:588][ 61]LogModuleManager: Shutting down and abandoning module HeadMountedDisplay (63)
[2015.12.13-17.53.38:588][ 61]LogModuleManager: Shutting down and abandoning module XAudio2 (62)
[2015.12.13-17.53.38:588][ 61]LogModuleManager: Shutting down and abandoning module Networking (60)
[2015.12.13-17.53.38:588][ 61]LogModuleManager: Shutting down and abandoning module Core (59)
[2015.12.13-17.53.38:588][ 61]LogModuleManager: Shutting down and abandoning module KismetCompiler (58)
[2015.12.13-17.53.38:588][ 61]LogModuleManager: Shutting down and abandoning module PhysXFormats (57)
[2015.12.13-17.53.38:588][ 61]LogModuleManager: Shutting down and abandoning module MeshUtilities (56)
[2015.12.13-17.53.38:589][ 61]LogModuleManager: Shutting down and abandoning module CookingStats (55)
[2015.12.13-17.53.38:593][ 61]LogModuleManager: Shutting down and abandoning module DerivedDataCache (54)
[2015.12.13-17.53.38:846][ 61]LogDerivedDataCache: Shutdown
[2015.12.13-17.53.38:847][ 61]LogModuleManager: Shutting down and abandoning module ShaderFormatOpenGL (53)
[2015.12.13-17.53.38:851][ 61]LogModuleManager: Shutting down and abandoning module ShaderFormatD3D (52)
[2015.12.13-17.53.38:851][ 61]LogModuleManager: Shutting down and abandoning module MetalShaderFormat (51)
[2015.12.13-17.53.38:851][ 61]LogModuleManager: Shutting down and abandoning module TextureFormatUncompressed (50)
[2015.12.13-17.53.38:851][ 61]LogModuleManager: Shutting down and abandoning module TextureFormatPVR (49)
[2015.12.13-17.53.38:851][ 61]LogModuleManager: Shutting down and abandoning module TextureFormatIntelISPCTexComp (48)
[2015.12.13-17.53.38:851][ 61]LogModuleManager: Shutting down and abandoning module TextureFormatDXT (47)
[2015.12.13-17.53.38:851][ 61]LogModuleManager: Shutting down and abandoning module ImageWrapper (46)
[2015.12.13-17.53.38:851][ 61]LogModuleManager: Shutting down and abandoning module TextureFormatASTC (45)
[2015.12.13-17.53.38:851][ 61]LogModuleManager: Shutting down and abandoning module TextureFormatAndroid (44)
[2015.12.13-17.53.38:852][ 61]LogModuleManager: Shutting down and abandoning module AudioFormatOpus (43)
[2015.12.13-17.53.38:852][ 61]LogModuleManager: Shutting down and abandoning module AudioFormatOgg (42)
[2015.12.13-17.53.38:852][ 61]LogModuleManager: Shutting down and abandoning module AudioFormatADPCM (41)
[2015.12.13-17.53.38:852][ 61]LogModuleManager: Shutting down and abandoning module LinuxTargetPlatform (40)
[2015.12.13-17.53.38:852][ 61]LogModuleManager: Shutting down and abandoning module LinuxServerTargetPlatform (39)
[2015.12.13-17.53.38:852][ 61]LogModuleManager: Shutting down and abandoning module LinuxNoEditorTargetPlatform (38)
[2015.12.13-17.53.38:853][ 61]LogModuleManager: Shutting down and abandoning module Messaging (37)
[2015.12.13-17.53.38:853][ 61]LogModuleManager: Shutting down and abandoning module IOSTargetPlatform (36)
[2015.12.13-17.53.38:853][ 61]LogModuleManager: Shutting down and abandoning module HTML5TargetPlatform (35)
[2015.12.13-17.53.38:853][ 61]LogModuleManager: Shutting down and abandoning module Android_PVRTCTargetPlatform (34)
[2015.12.13-17.53.38:853][ 61]LogModuleManager: Shutting down and abandoning module Android_ETC2TargetPlatform (33)
[2015.12.13-17.53.38:854][ 61]LogModuleManager: Shutting down and abandoning module Android_ETC1TargetPlatform (32)
[2015.12.13-17.53.38:854][ 61]LogModuleManager: Shutting down and abandoning module Android_DXTTargetPlatform (31)
[2015.12.13-17.53.38:854][ 61]LogModuleManager: Shutting down and abandoning module Android_ATCTargetPlatform (30)
[2015.12.13-17.53.38:855][ 61]LogModuleManager: Shutting down and abandoning module Android_ASTCTargetPlatform (29)
[2015.12.13-17.53.38:855][ 61]LogModuleManager: Shutting down and abandoning module AndroidTargetPlatform (28)
[2015.12.13-17.53.38:855][ 61]LogModuleManager: Shutting down and abandoning module WindowsTargetPlatform (27)
[2015.12.13-17.53.38:856][ 61]LogModuleManager: Shutting down and abandoning module WindowsServerTargetPlatform (26)
[2015.12.13-17.53.38:856][ 61]LogModuleManager: Shutting down and abandoning module WindowsNoEditorTargetPlatform (25)
[2015.12.13-17.53.38:856][ 61]LogModuleManager: Shutting down and abandoning module WindowsClientTargetPlatform (24)
[2015.12.13-17.53.38:857][ 61]LogModuleManager: Shutting down and abandoning module AllDesktopTargetPlatform (23)
[2015.12.13-17.53.38:857][ 61]LogModuleManager: Shutting down and abandoning module TargetPlatform (22)
[2015.12.13-17.53.38:857][ 61]LogModuleManager: Shutting down and abandoning module InputCore (21)
[2015.12.13-17.53.38:857][ 61]LogModuleManager: Shutting down and abandoning module Settings (20)
[2015.12.13-17.53.38:857][ 61]LogModuleManager: Shutting down and abandoning module OnlineSubsystem (18)
[2015.12.13-17.53.38:857][ 61]LogModuleManager: Shutting down and abandoning module HTTP (17)
[2015.12.13-17.53.41:859][ 61]LogModuleManager: Shutting down and abandoning module XMPP (16)
[2015.12.13-17.53.41:861][ 61]LogModuleManager: Shutting down and abandoning module ExampleDeviceProfileSelector (15)
[2015.12.13-17.53.41:861][ 61]LogModuleManager: Shutting down and abandoning module TextureCompressor (14)
[2015.12.13-17.53.41:861][ 61]LogModuleManager: Shutting down and abandoning module ShaderCore (13)
[2015.12.13-17.53.41:861][ 61]LogModuleManager: Shutting down and abandoning module Landscape (12)
[2015.12.13-17.53.41:861][ 61]LogModuleManager: Shutting down and abandoning module SlateRHIRenderer (11)
[2015.12.13-17.53.41:863][ 61]LogModuleManager: Shutting down and abandoning module OpenGLDrv (10)
[2015.12.13-17.53.41:863][ 61]LogModuleManager: Shutting down and abandoning module D3D11RHI (9)
[2015.12.13-17.53.41:863][ 61]LogModuleManager: Shutting down and abandoning module AnimGraphRuntime (8)
[2015.12.13-17.53.41:863][ 61]LogModuleManager: Shutting down and abandoning module Renderer (7)
[2015.12.13-17.53.41:863][ 61]LogModuleManager: Shutting down and abandoning module Engine (6)
[2015.12.13-17.53.41:863][ 61]LogModuleManager: Shutting down and abandoning module CoreUObject (5)
[2015.12.13-17.53.41:863][ 61]LogModuleManager: Shutting down and abandoning module NetworkFile (4)
[2015.12.13-17.53.41:864][ 61]LogModuleManager: Shutting down and abandoning module StreamingFile (3)
[2015.12.13-17.53.41:864][ 61]LogModuleManager: Shutting down and abandoning module SandboxFile (2)
[2015.12.13-17.53.41:864][ 61]LogModuleManager: Shutting down and abandoning module PakFile (1)
[2015.12.13-17.53.41:865][ 61]LogExit: Exiting.
[2015.12.13-17.53.41:867][ 61]Log file closed, 12/13/15 12:53:41
