[2015.12.11-20.30.59:739][  0]Log file open, 12/11/15 15:30:59
[2015.12.11-20.30.59:739][  0]LogInit:Display: Running engine for game: SuperSpaceArmada
[2015.12.11-20.30.59:739][  0]LogInit:Display: RandInit(468069452) SRandInit(468069452).
[2015.12.11-20.30.59:739][  0]LogTaskGraph: Started task graph with 4 named threads and 7 total threads.
[2015.12.11-20.30.59:739][  0]LogStats: Stats thread started at 0.086881
[2015.12.11-20.30.59:739][  0]LogInit: Version: 4.9.1-2689999+++depot+UE4-Releases+4.9
[2015.12.11-20.30.59:739][  0]LogInit: API Version: 2672455
[2015.12.11-20.30.59:739][  0]LogInit: Compiled (64-bit): Sep 14 2015 04:12:03
[2015.12.11-20.30.59:739][  0]LogInit: Compiled with Visual C++: 18.00.21005.01
[2015.12.11-20.30.59:739][  0]LogInit: Build Configuration: Development
[2015.12.11-20.30.59:739][  0]LogInit: Branch Name: ++depot+UE4-Releases+4.9
[2015.12.11-20.30.59:739][  0]LogInit: Command line:  
[2015.12.11-20.30.59:739][  0]LogInit: Base directory: C:/Program Files/Epic Games/4.9/Engine/Binaries/Win64/
[2015.12.11-20.30.59:739][  0]LogInit: Rocket: 1
[2015.12.11-20.30.59:760][  0]LogInit: Using libcurl 7.41.0
[2015.12.11-20.30.59:760][  0]LogInit:  - built for x86_64-pc-win32
[2015.12.11-20.30.59:760][  0]LogInit:  - supports SSL with WinSSL
[2015.12.11-20.30.59:760][  0]LogInit:  - other features:
[2015.12.11-20.30.59:760][  0]LogInit:      CURL_VERSION_SSL
[2015.12.11-20.30.59:760][  0]LogInit:      CURL_VERSION_IPV6
[2015.12.11-20.30.59:760][  0]LogInit:      CURL_VERSION_ASYNCHDNS
[2015.12.11-20.30.59:760][  0]LogInit:      CURL_VERSION_LARGEFILE
[2015.12.11-20.30.59:760][  0]LogInit:      CURL_VERSION_IDN
[2015.12.11-20.30.59:761][  0]LogInit:  CurlRequestOptions (configurable via config and command line):
[2015.12.11-20.30.59:761][  0]LogInit:  - bVerifyPeer = true  - Libcurl will verify peer certificate
[2015.12.11-20.30.59:761][  0]LogInit:  - bUseHttpProxy = false  - Libcurl will NOT use HTTP proxy
[2015.12.11-20.30.59:761][  0]LogInit:  - bDontReuseConnections = false  - Libcurl will reuse connections
[2015.12.11-20.30.59:761][  0]LogInit:  - CertBundlePath = nullptr  - Libcurl will use whatever was configured at build time.
[2015.12.11-20.30.59:769][  0]LogInit: Presizing for 0 objects not considered by GC, pre-allocating 0 bytes.
[2015.12.11-20.30.59:776][  0]LogInit: Object subsystem initialized
[2015.12.11-20.30.59:777][  0]LogInit: Selected Device Profile: [Windows]
[2015.12.11-20.30.59:777][  0]LogInit: Applying CVar settings loaded from the selected device profile: [Windows]
[2015.12.11-20.30.59:785][  0]LogInit: Computer: EXIA
[2015.12.11-20.30.59:785][  0]LogInit: User: SGJin
[2015.12.11-20.30.59:785][  0]LogInit: CPU Page size=4096, Cores=4
[2015.12.11-20.30.59:785][  0]LogInit: High frequency timer resolution =2.338346 MHz
[2015.12.11-20.30.59:785][  0]LogMemory: Memory total: Physical=7.9GB (8GB approx)
[2015.12.11-20.30.59:785][  0]LogMemory: Platform Memory Stats for Windows
[2015.12.11-20.30.59:785][  0]LogMemory: Process Physical Memory: 55.08 MB used, 55.08 MB peak
[2015.12.11-20.30.59:785][  0]LogMemory: Process Virtual Memory: 59.37 MB used, 59.37 MB peak
[2015.12.11-20.30.59:785][  0]LogMemory: Physical Memory: 5783.66 MB used, 8124.02 MB total
[2015.12.11-20.30.59:785][  0]LogMemory: Virtual Memory: 368.63 MB used, 134217728.00 MB total
[2015.12.11-20.30.59:836][  0]LogTextLocalizationManager: No specific translations for ('en-US') exist, so ('en') translations will be used.
[2015.12.11-20.31.00:676][  0]LogD3D11RHI: Found D3D11 adapter 0: NVIDIA GeForce GT 740M          (Feature Level 11_0)
[2015.12.11-20.31.00:676][  0]LogD3D11RHI: Adapter has 1996MB of dedicated video memory, 0MB of dedicated system memory, and 4062MB of shared system memory, 2 output[s]
[2015.12.11-20.31.00:681][  0]LogD3D11RHI: Found D3D11 adapter 1: Intel(R) HD Graphics 4600 (Feature Level 11_0)
[2015.12.11-20.31.00:681][  0]LogD3D11RHI: Adapter has 112MB of dedicated video memory, 0MB of dedicated system memory, and 4062MB of shared system memory, 0 output[s]
[2015.12.11-20.31.00:683][  0]LogD3D11RHI: Found D3D11 adapter 2: Microsoft Basic Render Driver (Feature Level 11_0)
[2015.12.11-20.31.00:683][  0]LogD3D11RHI: Adapter has 0MB of dedicated video memory, 0MB of dedicated system memory, and 4062MB of shared system memory, 0 output[s]
[2015.12.11-20.31.00:683][  0]LogD3D11RHI: Chosen D3D11 Adapter Id = 0
[2015.12.11-20.31.00:689][  0]LogD3D11RHI: !Direct3DDevice
[2015.12.11-20.31.00:689][  0]LogRHI: Texture pool is 1361 MB (70% of 1945 MB)
[2015.12.11-20.31.00:702][  0]LogD3D11RHI: Async texture creation enabled
[2015.12.11-20.31.00:718][  0]LogShaderCompilers: Guid format shader working directory is 16 characters bigger than the processId version (../../../../../../Users/Jin/Documents/GitHub/Game-Files/SuperSpaceArmada/Intermediate/Shaders/WorkingDirectory/972/).
[2015.12.11-20.31.00:719][  0]LogShaderCompilers: Cleaned the shader compiler working directory '../../../../../../Users/Jin/Documents/GitHub/Game-Files/SuperSpaceArmada/Intermediate/Shaders/tmp/26B007984AC930D30CC953BDA461D23A/'.
[2015.12.11-20.31.00:719][  0]LogShaderCompilers:Display: Using Local Shader Compiler.
[2015.12.11-20.31.02:058][  0]LogTemp:Display: Loaded TP AllDesktopTargetPlatform
[2015.12.11-20.31.02:064][  0]LogTemp:Display: Loaded TP WindowsClientTargetPlatform
[2015.12.11-20.31.02:071][  0]LogTemp:Display: Loaded TP WindowsNoEditorTargetPlatform
[2015.12.11-20.31.02:077][  0]LogTemp:Display: Loaded TP WindowsServerTargetPlatform
[2015.12.11-20.31.02:084][  0]LogTemp:Display: Loaded TP WindowsTargetPlatform
[2015.12.11-20.31.02:088][  0]LogTemp:Display: Loaded TP AndroidTargetPlatform
[2015.12.11-20.31.02:092][  0]LogTemp:Display: Loaded TP Android_ASTCTargetPlatform
[2015.12.11-20.31.02:096][  0]LogTemp:Display: Loaded TP Android_ATCTargetPlatform
[2015.12.11-20.31.02:100][  0]LogTemp:Display: Loaded TP Android_DXTTargetPlatform
[2015.12.11-20.31.02:105][  0]LogTemp:Display: Loaded TP Android_ETC1TargetPlatform
[2015.12.11-20.31.02:109][  0]LogTemp:Display: Loaded TP Android_ETC2TargetPlatform
[2015.12.11-20.31.02:114][  0]LogTemp:Display: Loaded TP Android_PVRTCTargetPlatform
[2015.12.11-20.31.02:115][  0]LogTemp:Display: Loaded TP HTML5TargetPlatform
[2015.12.11-20.31.02:134][  0]LogTemp:Display: Loaded TP IOSTargetPlatform
[2015.12.11-20.31.02:137][  0]LogTemp:Display: Loaded TP LinuxNoEditorTargetPlatform
[2015.12.11-20.31.02:142][  0]LogTemp:Display: Loaded TP LinuxServerTargetPlatform
[2015.12.11-20.31.02:146][  0]LogTemp:Display: Loaded TP LinuxTargetPlatform
[2015.12.11-20.31.02:146][  0]LogTargetPlatformManager:Display: Building Assets For Windows
[2015.12.11-20.31.02:270][  0]LogDerivedDataCache:Display: Max Cache Size: 512 MB
[2015.12.11-20.31.02:476][  0]LogDerivedDataCache: Loaded boot cache 0.20s 41MB C:/Users/Jin/AppData/Local/UnrealEngine/4.9/DerivedDataCache/Boot.ddc.
[2015.12.11-20.31.02:476][  0]LogDerivedDataCache:Display: Loaded Boot cache: C:/Users/Jin/AppData/Local/UnrealEngine/4.9/DerivedDataCache/Boot.ddc
[2015.12.11-20.31.02:477][  0]LogDerivedDataCache: FDerivedDataBackendGraph:  Pak pak cache file ../../../../../../Users/Jin/Documents/GitHub/Game-Files/SuperSpaceArmada/DerivedDataCache/DDC.ddp not found, will not use a pak cache.
[2015.12.11-20.31.02:477][  0]LogDerivedDataCache: Unable to find inner node Pak for hierarchical cache Hierarchy.
[2015.12.11-20.31.02:477][  0]LogDerivedDataCache: FDerivedDataBackendGraph:  CompressedPak pak cache file ../../../../../../Users/Jin/Documents/GitHub/Game-Files/SuperSpaceArmada/DerivedDataCache/Compressed.ddp not found, will not use a pak cache.
[2015.12.11-20.31.02:477][  0]LogDerivedDataCache: Unable to find inner node CompressedPak for hierarchical cache Hierarchy.
[2015.12.11-20.31.02:625][  0]LogDerivedDataCache:Display: Pak cache opened for reading ../../../Engine/DerivedDataCache/Compressed.ddp.
[2015.12.11-20.31.02:638][  0]LogDerivedDataCache: Using Local data cache path C:/Users/Jin/AppData/Local/UnrealEngine/Common/DerivedDataCache: Writable
[2015.12.11-20.31.03:049][  0]LogInit: Selected Device Profile: [Windows]
[2015.12.11-20.31.03:052][  0]LogContentStreaming: Texture pool size is 0.000000MB
[2015.12.11-20.31.03:191][  0]LogMeshUtilities: No automatic mesh reduction module available
[2015.12.11-20.31.03:191][  0]LogMeshUtilities: No automatic mesh merging module available
[2015.12.11-20.31.03:508][  0]LogInit: WinSock: version 1.1 (2.2), MaxSocks=32767, MaxUdp=65467
[2015.12.11-20.31.05:137][  0]LogAssetRegistry: FAssetRegistry took 0.0109 seconds to start up
[2015.12.11-20.31.05:155][  0]UdpMessaging: Initializing bridge on interface 0.0.0.0:0 to multicast group 230.0.0.1:6666.
[2015.12.11-20.31.05:495][  0]SourceControl: Info Source control is disabled
[2015.12.11-20.31.05:496][  0]SourceControl: Info Source control is disabled
[2015.12.11-20.31.05:517][  0]SourceControl: Info Source control is disabled
[2015.12.11-20.31.05:532][  0]SourceControl: Info Source control is disabled
[2015.12.11-20.31.05:786][  0]LogLinker:Warning: Asset '../../../Engine/Plugins/Runtime/LeapMotionController/Content/LM_PassthroughMaterial.uasset' has been saved with empty engine version. The asset will be loaded but may be incompatible.
[2015.12.11-20.31.05:917][  0]LogObj: 28528 objects as part of root set at end of initial load.
[2015.12.11-20.31.05:917][  0]LogUObjectAllocator: 6068464 out of 0 bytes used by permanent object pool.
[2015.12.11-20.31.05:984][  0]LogEngine: Initializing Engine...
[2015.12.11-20.31.05:988][  0]LogHMD: Can't find Oculus library dev build: is proper Runtime installed? Version: 0.7.0.0
[2015.12.11-20.31.05:990][  0]LogHMD: SteamVR failed to initialize.  Err: 110
[2015.12.11-20.31.06:131][  0]LogAIModule: Creating AISystem for world NewWorld
[2015.12.11-20.31.06:140][  0]LogInit: XAudio2 using 'Speakers / HP (IDT High Definition Audio CODEC)' : 2 channels at 48 kHz using 16 bits per sample (channel mask 0x3)
[2015.12.11-20.31.06:158][  0]LogInit: FAudioDevice initialized.
[2015.12.11-20.31.06:179][  0]LogDerivedDataCache: Saved boot cache 0.02s 41MB C:/Users/Jin/AppData/Local/UnrealEngine/4.9/DerivedDataCache/Boot.ddc.
[2015.12.11-20.31.06:183][  0]LogInit: Texture streaming: Enabled
[2015.12.11-20.31.06:190][  0]LogAnalytics: Creating configured Analytics provider AnalyticsET
[2015.12.11-20.31.06:190][  0]LogAnalytics: [UEEditor.Rocket.Release] APIServer = http://et2.epicgames.com/ET2/. AppVersion = 4.9.1-2689999+++depot+UE4-Releases+4.9
[2015.12.11-20.31.06:190][  0]LogAnalytics: [UEEditor.Rocket.Release] SetUserId 435ea4a8489b84c6f4feaab84cbae6c8|e03effeb7bdf4ddc9c712682a578c51b|8a2a019e-36d5-4c55-97e1-833141022920
[2015.12.11-20.31.06:190][  0]LogAnalytics: [UEEditor.Rocket.Release] AnalyticsET::StartSession
[2015.12.11-20.31.06:329][  0]LogInit: Transaction tracking system initialized
[2015.12.11-20.31.06:410][  0]BlueprintLog: New page: Editor Load
[2015.12.11-20.31.06:541][  0]LocalizationService: Info Localization service is disabled
[2015.12.11-20.31.06:649][  0]LogConsoleResponse:Display: 
[2015.12.11-20.31.06:819][  0]LogCook:Display: Done creating registry. It took  0.00s.
[2015.12.11-20.31.06:907][  0]LogFileCache: Scanning file cache for directory 'C:/Users/Jin/Documents/GitHub/Game-Files/SuperSpaceArmada/Content/' took 0.03s
[2015.12.11-20.31.06:907][  0]SourceControl: Info Source control is disabled
[2015.12.11-20.31.06:907][  0]Cmd: MAP LOAD FILE="../../../../../../Users/Jin/Documents/GitHub/Game-Files/SuperSpaceArmada/Content/SSA/Maps/Home_Kratakos.umap" TEMPLATE=0 SHOWPROGRESS=1 FEATURELEVEL=3
[2015.12.11-20.31.06:908][  0]LightingResults: New page: Lighting Build
[2015.12.11-20.31.06:911][  0]MapCheck: New page: Map Check
[2015.12.11-20.31.06:911][  0]LightingResults: New page: Lighting Build
[2015.12.11-20.31.06:925][  0]LogParticles: Destroying 0 GPU particle simulations for FXSystem 0x00000073F76342C0
[2015.12.11-20.31.07:014][  0]LogLinker:Warning: Asset '../../../../../../Users/Jin/Documents/GitHub/Game-Files/SuperSpaceArmada/Content/Mannequin/Animations/ThirdPerson_AnimBP.uasset' has been saved with empty engine version. The asset will be loaded but may be incompatible.
[2015.12.11-20.31.07:017][  0]LogLinker:Warning: Asset '../../../../../../Users/Jin/Documents/GitHub/Game-Files/SuperSpaceArmada/Content/Mannequin/Animations/ThirdPerson_Jump.uasset' has been saved with empty engine version. The asset will be loaded but may be incompatible.
[2015.12.11-20.31.07:019][  0]LogLinker:Warning: Asset '../../../../../../Users/Jin/Documents/GitHub/Game-Files/SuperSpaceArmada/Content/Mannequin/Animations/ThirdPersonJump_Loop.uasset' has been saved with empty engine version. The asset will be loaded but may be incompatible.
[2015.12.11-20.31.07:020][  0]LogLinker:Warning: Asset '../../../../../../Users/Jin/Documents/GitHub/Game-Files/SuperSpaceArmada/Content/Mannequin/Animations/ThirdPersonJump_Start.uasset' has been saved with empty engine version. The asset will be loaded but may be incompatible.
[2015.12.11-20.31.07:022][  0]LogLinker:Warning: Asset '../../../../../../Users/Jin/Documents/GitHub/Game-Files/SuperSpaceArmada/Content/Mannequin/Animations/ThirdPerson_IdleRun_2D.uasset' has been saved with empty engine version. The asset will be loaded but may be incompatible.
[2015.12.11-20.31.07:022][  0]LogLinker:Warning: Asset '../../../../../../Users/Jin/Documents/GitHub/Game-Files/SuperSpaceArmada/Content/Mannequin/Animations/ThirdPersonIdle.uasset' has been saved with empty engine version. The asset will be loaded but may be incompatible.
[2015.12.11-20.31.07:023][  0]LogLinker:Warning: Asset '../../../../../../Users/Jin/Documents/GitHub/Game-Files/SuperSpaceArmada/Content/Mannequin/Animations/ThirdPersonRun.uasset' has been saved with empty engine version. The asset will be loaded but may be incompatible.
[2015.12.11-20.31.07:025][  0]LogLinker:Warning: Asset '../../../../../../Users/Jin/Documents/GitHub/Game-Files/SuperSpaceArmada/Content/Mannequin/Animations/ThirdPersonWalk.uasset' has been saved with empty engine version. The asset will be loaded but may be incompatible.
[2015.12.11-20.31.14:073][  0]LogAIModule: Creating AISystem for world Home_Kratakos
[2015.12.11-20.31.14:081][  0]LogEditorServer: Finished looking for orphan Actors (0.000 secs)
[2015.12.11-20.31.14:081][  0]Cmd: MAP CHECKDEP NOCLEARLOG
[2015.12.11-20.31.14:318][  0]MapCheck: Info Map check complete: 0 Error(s), 0 Warning(s), took 237.166ms to complete.
[2015.12.11-20.31.14:318][  0]LogFileHelpers: Loading map 'Home_Kratakos' took 7.412
[2015.12.11-20.31.14:447][  0]LogCollectionManager: Loaded 0 collections in 0.003158 seconds
[2015.12.11-20.31.14:488][  0]LogFileCache: Scanning file cache for directory 'C:/Users/Jin/Documents/GitHub/Game-Files/SuperSpaceArmada/Saved/Collections/' took 0.01s
[2015.12.11-20.31.14:488][  0]LogFileCache: Scanning file cache for directory 'C:/Users/Jin/Documents/GitHub/Game-Files/SuperSpaceArmada/Content/Developers/SGJin/Collections/' took 0.01s
[2015.12.11-20.31.14:488][  0]LogFileCache: Scanning file cache for directory 'C:/Users/Jin/Documents/GitHub/Game-Files/SuperSpaceArmada/Content/Collections/' took 0.01s
[2015.12.11-20.31.14:488][  0]LogContentBrowser: Native class hierarchy populated in 0.0073 seconds. Added 1882 classes and 339 folders.
[2015.12.11-20.31.14:497][  0]LogCollectionManager: Rebuilt the GUID cache for 0 collections in 0.000003 seconds
[2015.12.11-20.31.14:504][  0]LogContentBrowser: Native class hierarchy updated for 'WidgetCarousel' in 0.0004 seconds. Added 0 classes and 0 folders.
[2015.12.11-20.31.14:616][  0]LogContentBrowser: Native class hierarchy updated for 'AddContentDialog' in 0.0003 seconds. Added 0 classes and 0 folders.
[2015.12.11-20.31.14:621][  0]LogContentBrowser: Native class hierarchy updated for 'SceneOutliner' in 0.0004 seconds. Added 1 classes and 2 folders.
[2015.12.11-20.31.14:748][  0]LogCrashTracker: Crashtracker disabled due to settings.
[2015.12.11-20.31.14:753][  0]LogUObjectGlobals:Warning: Failed to find object 'Class None.'
[2015.12.11-20.31.14:776][  0]LogLoad: Full Startup: 15.71 seconds (BP compile: 2.45 seconds)
[2015.12.11-20.31.15:117][  0]LoadErrors:Error: Error /Game/SSA/Blueprints/Player : Failed import for Player_C /Game/SSA/Blueprints/Player/Player.Default__Player_C
[2015.12.11-20.31.15:226][  0]LogContentStreaming: Texture pool size now 1000 MB
[2015.12.11-20.31.15:395][  0]LogRenderer: Reallocating scene render targets to support 1156x564 (Frame:2).
[2015.12.11-20.31.18:405][ 29]LogAssetRegistry: Asset discovery search completed in 13.2796 seconds
[2015.12.11-20.31.18:405][ 29]LogCollectionManager: Rebuilt the object cache for 0 collections in 0.000001 seconds (found 0 objects)
[2015.12.11-20.31.18:405][ 29]LogCollectionManager: Fixed up redirectors for 0 collections in 0.000021 seconds (updated 0 objects)
[2015.12.11-20.31.19:314][ 41]LogLinker:Warning: Asset '../../../Engine/Content/ArtTools/RenderToTexture/Macros/RenderToTextureMacros.uasset' has been saved with empty engine version. The asset will be loaded but may be incompatible.
[2015.12.11-20.31.19:849][ 41]LogContentBrowser: Native class hierarchy updated for 'BlueprintGraph' in 0.0007 seconds. Added 107 classes and 0 folders.
[2015.12.11-20.31.20:298][ 41]LogPhysics:Warning: FConstraintInstance::GetRefFrame : Contained scale.
[2015.12.11-20.31.20:298][ 41]LogPhysics:Warning: FConstraintInstance::GetRefFrame : Contained scale.
[2015.12.11-20.31.20:298][ 41]LogPhysics:Warning: FConstraintInstance::GetRefFrame : Contained scale.
[2015.12.11-20.31.20:298][ 41]LogPhysics:Warning: FConstraintInstance::GetRefFrame : Contained scale.
[2015.12.11-20.31.34:672][858]LogPhysics:Warning: FConstraintInstance::GetRefFrame : Contained scale.
[2015.12.11-20.31.34:672][858]LogPhysics:Warning: FConstraintInstance::GetRefFrame : Contained scale.
[2015.12.11-20.31.34:672][858]LogPhysics:Warning: FConstraintInstance::GetRefFrame : Contained scale.
[2015.12.11-20.31.34:672][858]LogPhysics:Warning: FConstraintInstance::GetRefFrame : Contained scale.
[2015.12.11-20.31.34:674][858]LogPhysics:Warning: FConstraintInstance::GetRefFrame : Contained scale.
[2015.12.11-20.31.34:674][858]LogPhysics:Warning: FConstraintInstance::GetRefFrame : Contained scale.
[2015.12.11-20.31.34:674][858]LogPhysics:Warning: FConstraintInstance::GetRefFrame : Contained scale.
[2015.12.11-20.31.34:675][858]LogPhysics:Warning: FConstraintInstance::GetRefFrame : Contained scale.
[2015.12.11-20.31.34:676][858]LogActorComponent: UnregisterComponent: (/Engine/Transient.CharMoveComp) Not registered. Aborting.
[2015.12.11-20.31.34:676][858]LogActorComponent: UnregisterComponent: (/Engine/Transient.CharacterMovementComponent_0) Not registered. Aborting.
[2015.12.11-20.31.34:677][858]LogActorComponent: UnregisterComponent: (/Engine/Transient.CharacterMovementComponent_1) Not registered. Aborting.
[2015.12.11-20.31.34:677][858]LogActorComponent: UnregisterComponent: (/Engine/Transient.CharacterMovementComponent_2) Not registered. Aborting.
[2015.12.11-20.31.34:677][858]LogActorComponent: UnregisterComponent: (/Engine/Transient.CharacterMovementComponent_3) Not registered. Aborting.
[2015.12.11-20.31.34:678][858]LogActorComponent: UnregisterComponent: (/Engine/Transient.CharacterMovementComponent_4) Not registered. Aborting.
[2015.12.11-20.31.36:510][967]LogPhysics:Warning: FConstraintInstance::GetRefFrame : Contained scale.
[2015.12.11-20.31.36:510][967]LogPhysics:Warning: FConstraintInstance::GetRefFrame : Contained scale.
[2015.12.11-20.31.36:510][967]LogPhysics:Warning: FConstraintInstance::GetRefFrame : Contained scale.
[2015.12.11-20.31.36:510][967]LogPhysics:Warning: FConstraintInstance::GetRefFrame : Contained scale.
[2015.12.11-20.31.36:513][967]LogPhysics:Warning: FConstraintInstance::GetRefFrame : Contained scale.
[2015.12.11-20.31.36:513][967]LogPhysics:Warning: FConstraintInstance::GetRefFrame : Contained scale.
[2015.12.11-20.31.36:513][967]LogPhysics:Warning: FConstraintInstance::GetRefFrame : Contained scale.
[2015.12.11-20.31.36:513][967]LogPhysics:Warning: FConstraintInstance::GetRefFrame : Contained scale.
[2015.12.11-20.31.36:515][967]LogActorComponent: UnregisterComponent: (/Engine/Transient.CharacterMovementComponent_5) Not registered. Aborting.
[2015.12.11-20.31.40:555][194]LogSavePackage: Save=110.842880ms
[2015.12.11-20.31.40:555][194]LogSavePackage: Moving '../../../../../../Users/Jin/Documents/GitHub/Game-Files/SuperSpaceArmada/Saved/Player_Vultaari6C52EC944C5C208F80B8A88D6665E917.tmp' to '../../../../../../Users/Jin/Documents/GitHub/Game-Files/SuperSpaceArmada/Content/SSA/Blueprints/Player_Ships/Player_Vultaari.uasset'
[2015.12.11-20.31.40:558][194]LogSavePackage: Total save time: 141.146779ms
[2015.12.11-20.31.40:558][194]LogSavePackage:Warning: Finished SavePackage ../../../../../../Users/Jin/Documents/GitHub/Game-Files/SuperSpaceArmada/Content/SSA/Blueprints/Player_Ships/Player_Vultaari.uasset
[2015.12.11-20.31.41:925][272]LogBlueprintUserMessages: Early PlayInEditor Detection: Level '/Game/SSA/Maps/Home_Kratakos.Home_Kratakos:PersistentLevel' has LevelScriptBlueprint '/Game/SSA/Maps/Home_Kratakos.Home_Kratakos:PersistentLevel.Home_Kratakos' with GeneratedClass '/Game/SSA/Maps/Home_Kratakos.Home_Kratakos_C' with ClassGeneratedBy '/Game/SSA/Maps/Home_Kratakos.Home_Kratakos:PersistentLevel.Home_Kratakos'
[2015.12.11-20.31.41:925][272]BlueprintLog: New page: Pre-Play auto-recompile
[2015.12.11-20.31.41:927][272]LogPhysics:Warning: FConstraintInstance::GetRefFrame : Contained scale.
[2015.12.11-20.31.41:927][272]LogPhysics:Warning: FConstraintInstance::GetRefFrame : Contained scale.
[2015.12.11-20.31.41:927][272]LogPhysics:Warning: FConstraintInstance::GetRefFrame : Contained scale.
[2015.12.11-20.31.41:927][272]LogPhysics:Warning: FConstraintInstance::GetRefFrame : Contained scale.
[2015.12.11-20.31.41:929][272]LogActorComponent: UnregisterComponent: (/Engine/Transient.CharacterMovementComponent_6) Not registered. Aborting.
[2015.12.11-20.31.41:938][272]LogPlayLevel: [PlayLevel] Compiling Player_Vultaari before play...
[2015.12.11-20.31.42:154][272]LogPhysics:Warning: FConstraintInstance::GetRefFrame : Contained scale.
[2015.12.11-20.31.42:155][272]LogPhysics:Warning: FConstraintInstance::GetRefFrame : Contained scale.
[2015.12.11-20.31.42:155][272]LogPhysics:Warning: FConstraintInstance::GetRefFrame : Contained scale.
[2015.12.11-20.31.42:155][272]LogPhysics:Warning: FConstraintInstance::GetRefFrame : Contained scale.
[2015.12.11-20.31.42:156][272]LogPhysics:Warning: FConstraintInstance::GetRefFrame : Contained scale.
[2015.12.11-20.31.42:156][272]LogPhysics:Warning: FConstraintInstance::GetRefFrame : Contained scale.
[2015.12.11-20.31.42:156][272]LogPhysics:Warning: FConstraintInstance::GetRefFrame : Contained scale.
[2015.12.11-20.31.42:156][272]LogPhysics:Warning: FConstraintInstance::GetRefFrame : Contained scale.
[2015.12.11-20.31.42:283][272]LogPhysics:Warning: FConstraintInstance::GetRefFrame : Contained scale.
[2015.12.11-20.31.42:283][272]LogPhysics:Warning: FConstraintInstance::GetRefFrame : Contained scale.
[2015.12.11-20.31.42:283][272]LogPhysics:Warning: FConstraintInstance::GetRefFrame : Contained scale.
[2015.12.11-20.31.42:283][272]LogPhysics:Warning: FConstraintInstance::GetRefFrame : Contained scale.
[2015.12.11-20.31.42:297][272]LogPhysics:Warning: FConstraintInstance::GetRefFrame : Contained scale.
[2015.12.11-20.31.42:297][272]LogPhysics:Warning: FConstraintInstance::GetRefFrame : Contained scale.
[2015.12.11-20.31.42:297][272]LogPhysics:Warning: FConstraintInstance::GetRefFrame : Contained scale.
[2015.12.11-20.31.42:297][272]LogPhysics:Warning: FConstraintInstance::GetRefFrame : Contained scale.
[2015.12.11-20.31.42:302][272]LogPlayLevel: PlayLevel: Blueprint regeneration took 377 ms (2 blueprints)
[2015.12.11-20.31.42:305][272]LogPlayLevel: [PlayLevel] Compiling SSAGameInstance before play...
[2015.12.11-20.31.42:510][272]LogPhysics:Warning: FConstraintInstance::GetRefFrame : Contained scale.
[2015.12.11-20.31.42:510][272]LogPhysics:Warning: FConstraintInstance::GetRefFrame : Contained scale.
[2015.12.11-20.31.42:510][272]LogPhysics:Warning: FConstraintInstance::GetRefFrame : Contained scale.
[2015.12.11-20.31.42:510][272]LogPhysics:Warning: FConstraintInstance::GetRefFrame : Contained scale.
[2015.12.11-20.31.42:524][272]LogPlayLevel: PlayLevel: Blueprint regeneration took 598 ms (24 blueprints)
[2015.12.11-20.31.42:524][272]LogPlayLevel: [PlayLevel] Compiling Arena_Boundary before play...
[2015.12.11-20.31.42:630][272]LogPlayLevel: PlayLevel: Blueprint regeneration took 704 ms (24 blueprints)
[2015.12.11-20.31.42:636][272]LogPlayLevel: [PlayLevel] Compiling Player before play...
[2015.12.11-20.31.44:340][272]LogPhysics:Warning: FConstraintInstance::GetRefFrame : Contained scale.
[2015.12.11-20.31.44:340][272]LogPhysics:Warning: FConstraintInstance::GetRefFrame : Contained scale.
[2015.12.11-20.31.44:340][272]LogPhysics:Warning: FConstraintInstance::GetRefFrame : Contained scale.
[2015.12.11-20.31.44:340][272]LogPhysics:Warning: FConstraintInstance::GetRefFrame : Contained scale.
[2015.12.11-20.31.44:341][272]LogPhysics:Warning: FConstraintInstance::GetRefFrame : Contained scale.
[2015.12.11-20.31.44:341][272]LogPhysics:Warning: FConstraintInstance::GetRefFrame : Contained scale.
[2015.12.11-20.31.44:341][272]LogPhysics:Warning: FConstraintInstance::GetRefFrame : Contained scale.
[2015.12.11-20.31.44:341][272]LogPhysics:Warning: FConstraintInstance::GetRefFrame : Contained scale.
[2015.12.11-20.31.44:824][272]LogPhysics:Warning: FConstraintInstance::GetRefFrame : Contained scale.
[2015.12.11-20.31.44:824][272]LogPhysics:Warning: FConstraintInstance::GetRefFrame : Contained scale.
[2015.12.11-20.31.44:825][272]LogPhysics:Warning: FConstraintInstance::GetRefFrame : Contained scale.
[2015.12.11-20.31.44:825][272]LogPhysics:Warning: FConstraintInstance::GetRefFrame : Contained scale.
[2015.12.11-20.31.44:844][272]LogPlayLevel: PlayLevel: Blueprint regeneration took 2919 ms (38 blueprints)
[2015.12.11-20.31.44:846][272]LogPlayLevel: [PlayLevel] Compiling Enemy_Cephalon before play...
[2015.12.11-20.31.45:188][272]LogPhysics:Warning: FConstraintInstance::GetRefFrame : Contained scale.
[2015.12.11-20.31.45:188][272]LogPhysics:Warning: FConstraintInstance::GetRefFrame : Contained scale.
[2015.12.11-20.31.45:188][272]LogPhysics:Warning: FConstraintInstance::GetRefFrame : Contained scale.
[2015.12.11-20.31.45:188][272]LogPhysics:Warning: FConstraintInstance::GetRefFrame : Contained scale.
[2015.12.11-20.31.45:198][272]LogPlayLevel: PlayLevel: Blueprint regeneration took 3272 ms (38 blueprints)
[2015.12.11-20.31.45:199][272]LogPlayLevel: [PlayLevel] Compiling Enemy_Human before play...
[2015.12.11-20.31.45:788][272]LogPhysics:Warning: FConstraintInstance::GetRefFrame : Contained scale.
[2015.12.11-20.31.45:788][272]LogPhysics:Warning: FConstraintInstance::GetRefFrame : Contained scale.
[2015.12.11-20.31.45:788][272]LogPhysics:Warning: FConstraintInstance::GetRefFrame : Contained scale.
[2015.12.11-20.31.45:788][272]LogPhysics:Warning: FConstraintInstance::GetRefFrame : Contained scale.
[2015.12.11-20.31.45:797][272]LogPlayLevel: PlayLevel: Blueprint regeneration took 3872 ms (38 blueprints)
[2015.12.11-20.31.45:799][272]LogPlayLevel: [PlayLevel] Compiling Enemy_Dragomir before play...
[2015.12.11-20.31.46:142][272]LogPhysics:Warning: FConstraintInstance::GetRefFrame : Contained scale.
[2015.12.11-20.31.46:142][272]LogPhysics:Warning: FConstraintInstance::GetRefFrame : Contained scale.
[2015.12.11-20.31.46:142][272]LogPhysics:Warning: FConstraintInstance::GetRefFrame : Contained scale.
[2015.12.11-20.31.46:142][272]LogPhysics:Warning: FConstraintInstance::GetRefFrame : Contained scale.
[2015.12.11-20.31.46:154][272]LogPlayLevel: PlayLevel: Blueprint regeneration took 4228 ms (38 blueprints)
[2015.12.11-20.31.46:155][272]LogPlayLevel: [PlayLevel] Compiling Human_Torpedo before play...
[2015.12.11-20.31.46:287][272]LogPlayLevel: PlayLevel: Blueprint regeneration took 4361 ms (38 blueprints)
[2015.12.11-20.31.46:289][272]LogPlayLevel: [PlayLevel] Compiling Enemy_Kratakos before play...
[2015.12.11-20.31.46:725][272]LogPhysics:Warning: FConstraintInstance::GetRefFrame : Contained scale.
[2015.12.11-20.31.46:725][272]LogPhysics:Warning: FConstraintInstance::GetRefFrame : Contained scale.
[2015.12.11-20.31.46:725][272]LogPhysics:Warning: FConstraintInstance::GetRefFrame : Contained scale.
[2015.12.11-20.31.46:725][272]LogPhysics:Warning: FConstraintInstance::GetRefFrame : Contained scale.
[2015.12.11-20.31.46:734][272]LogPlayLevel: PlayLevel: Blueprint regeneration took 4808 ms (38 blueprints)
[2015.12.11-20.31.46:735][272]LogPlayLevel: [PlayLevel] Compiling Kratakos_Rail_Gun before play...
[2015.12.11-20.31.46:880][272]LogPlayLevel: PlayLevel: Blueprint regeneration took 4954 ms (38 blueprints)
[2015.12.11-20.31.46:881][272]LogPlayLevel: [PlayLevel] Compiling Enemy_Hive before play...
[2015.12.11-20.31.47:205][272]LogPhysics:Warning: FConstraintInstance::GetRefFrame : Contained scale.
[2015.12.11-20.31.47:205][272]LogPhysics:Warning: FConstraintInstance::GetRefFrame : Contained scale.
[2015.12.11-20.31.47:205][272]LogPhysics:Warning: FConstraintInstance::GetRefFrame : Contained scale.
[2015.12.11-20.31.47:205][272]LogPhysics:Warning: FConstraintInstance::GetRefFrame : Contained scale.
[2015.12.11-20.31.47:215][272]LogPlayLevel: PlayLevel: Blueprint regeneration took 5289 ms (38 blueprints)
[2015.12.11-20.31.47:216][272]LogPlayLevel: [PlayLevel] Compiling Enemy_Vultari before play...
[2015.12.11-20.31.47:576][272]LogPhysics:Warning: FConstraintInstance::GetRefFrame : Contained scale.
[2015.12.11-20.31.47:576][272]LogPhysics:Warning: FConstraintInstance::GetRefFrame : Contained scale.
[2015.12.11-20.31.47:576][272]LogPhysics:Warning: FConstraintInstance::GetRefFrame : Contained scale.
[2015.12.11-20.31.47:576][272]LogPhysics:Warning: FConstraintInstance::GetRefFrame : Contained scale.
[2015.12.11-20.31.47:589][272]LogPlayLevel: PlayLevel: Blueprint regeneration took 5664 ms (38 blueprints)
[2015.12.11-20.31.47:590][272]LogPlayLevel: [PlayLevel] Compiling Player_Cephalon before play...
[2015.12.11-20.31.47:838][272]LogPhysics:Warning: FConstraintInstance::GetRefFrame : Contained scale.
[2015.12.11-20.31.47:838][272]LogPhysics:Warning: FConstraintInstance::GetRefFrame : Contained scale.
[2015.12.11-20.31.47:838][272]LogPhysics:Warning: FConstraintInstance::GetRefFrame : Contained scale.
[2015.12.11-20.31.47:838][272]LogPhysics:Warning: FConstraintInstance::GetRefFrame : Contained scale.
[2015.12.11-20.31.47:850][272]LogPlayLevel: PlayLevel: Blueprint regeneration took 5925 ms (38 blueprints)
[2015.12.11-20.31.47:850][272]LogPlayLevel: [PlayLevel] Compiling Player_Human before play...
[2015.12.11-20.31.48:283][272]LogPhysics:Warning: FConstraintInstance::GetRefFrame : Contained scale.
[2015.12.11-20.31.48:283][272]LogPhysics:Warning: FConstraintInstance::GetRefFrame : Contained scale.
[2015.12.11-20.31.48:283][272]LogPhysics:Warning: FConstraintInstance::GetRefFrame : Contained scale.
[2015.12.11-20.31.48:283][272]LogPhysics:Warning: FConstraintInstance::GetRefFrame : Contained scale.
[2015.12.11-20.31.48:306][272]LogPlayLevel: PlayLevel: Blueprint regeneration took 6380 ms (38 blueprints)
[2015.12.11-20.31.48:307][272]LogPlayLevel: [PlayLevel] Compiling Player_Kratakos before play...
[2015.12.11-20.31.48:726][272]LogPhysics:Warning: FConstraintInstance::GetRefFrame : Contained scale.
[2015.12.11-20.31.48:726][272]LogPhysics:Warning: FConstraintInstance::GetRefFrame : Contained scale.
[2015.12.11-20.31.48:726][272]LogPhysics:Warning: FConstraintInstance::GetRefFrame : Contained scale.
[2015.12.11-20.31.48:726][272]LogPhysics:Warning: FConstraintInstance::GetRefFrame : Contained scale.
[2015.12.11-20.31.48:740][272]LogPlayLevel: PlayLevel: Blueprint regeneration took 6815 ms (38 blueprints)
[2015.12.11-20.31.48:741][272]LogPlayLevel: [PlayLevel] Compiling Player_Dragomir before play...
[2015.12.11-20.31.49:006][272]LogPhysics:Warning: FConstraintInstance::GetRefFrame : Contained scale.
[2015.12.11-20.31.49:006][272]LogPhysics:Warning: FConstraintInstance::GetRefFrame : Contained scale.
[2015.12.11-20.31.49:006][272]LogPhysics:Warning: FConstraintInstance::GetRefFrame : Contained scale.
[2015.12.11-20.31.49:006][272]LogPhysics:Warning: FConstraintInstance::GetRefFrame : Contained scale.
[2015.12.11-20.31.49:020][272]LogPlayLevel: PlayLevel: Blueprint regeneration took 7094 ms (38 blueprints)
[2015.12.11-20.31.49:020][272]LogPlayLevel: [PlayLevel] Compiling Hive_Drones before play...
[2015.12.11-20.31.49:196][272]LogPlayLevel: PlayLevel: Blueprint regeneration took 7271 ms (38 blueprints)
[2015.12.11-20.31.49:197][272]LogPlayLevel: [PlayLevel] Compiling Player_Hive before play...
[2015.12.11-20.31.49:497][272]LogPhysics:Warning: FConstraintInstance::GetRefFrame : Contained scale.
[2015.12.11-20.31.49:497][272]LogPhysics:Warning: FConstraintInstance::GetRefFrame : Contained scale.
[2015.12.11-20.31.49:497][272]LogPhysics:Warning: FConstraintInstance::GetRefFrame : Contained scale.
[2015.12.11-20.31.49:497][272]LogPhysics:Warning: FConstraintInstance::GetRefFrame : Contained scale.
[2015.12.11-20.31.49:513][272]LogPlayLevel: PlayLevel: Blueprint regeneration took 7587 ms (38 blueprints)
[2015.12.11-20.31.49:514][272]LogPlayLevel: [PlayLevel] Compiling Vultaari_machine before play...
[2015.12.11-20.31.49:673][272]LogPhysics:Warning: FConstraintInstance::GetRefFrame : Contained scale.
[2015.12.11-20.31.49:673][272]LogPhysics:Warning: FConstraintInstance::GetRefFrame : Contained scale.
[2015.12.11-20.31.49:673][272]LogPhysics:Warning: FConstraintInstance::GetRefFrame : Contained scale.
[2015.12.11-20.31.49:673][272]LogPhysics:Warning: FConstraintInstance::GetRefFrame : Contained scale.
[2015.12.11-20.31.49:681][272]LogPlayLevel: PlayLevel: Blueprint regeneration took 7755 ms (38 blueprints)
[2015.12.11-20.31.49:682][272]LogPlayLevel: [PlayLevel] Compiling Crystal_Spawner before play...
[2015.12.11-20.31.49:868][272]LogPlayLevel: PlayLevel: Blueprint regeneration took 7942 ms (38 blueprints)
[2015.12.11-20.31.49:869][272]LogPlayLevel: [PlayLevel] Compiling Home_Kratakos before play...
[2015.12.11-20.31.50:014][272]LogPlayLevel: PlayLevel: Blueprint regeneration took 8088 ms (38 blueprints)
[2015.12.11-20.31.50:016][272]LogPlayLevel: [PlayLevel] Compiling HUD before play...
[2015.12.11-20.31.50:263][272]LogPlayLevel: PlayLevel: Blueprint regeneration took 8337 ms (38 blueprints)
[2015.12.11-20.31.50:265][272]LogPlayLevel: [PlayLevel] Compiling MainMenu before play...
[2015.12.11-20.31.50:476][272]LogPlayLevel: PlayLevel: Blueprint regeneration took 8550 ms (39 blueprints)
[2015.12.11-20.31.50:478][272]LogPlayLevel: [PlayLevel] Compiling ProfileSelector before play...
[2015.12.11-20.31.50:702][272]LogPlayLevel: PlayLevel: Blueprint regeneration took 8777 ms (39 blueprints)
[2015.12.11-20.31.50:703][272]LogPlayLevel: [PlayLevel] Compiling Debris before play...
[2015.12.11-20.31.50:879][272]LogPlayLevel: PlayLevel: Blueprint regeneration took 8953 ms (39 blueprints)
[2015.12.11-20.31.50:879][272]LogPlayLevel: [PlayLevel] Compiling Player_FireBreath before play...
[2015.12.11-20.31.51:014][272]LogPlayLevel: PlayLevel: Blueprint regeneration took 9088 ms (39 blueprints)
[2015.12.11-20.31.51:014][272]LogPlayLevel: [PlayLevel] Compiling AI_Ram_Trigger before play...
[2015.12.11-20.31.51:152][272]LogPlayLevel: PlayLevel: Blueprint regeneration took 9226 ms (39 blueprints)
[2015.12.11-20.31.51:152][272]LogPlayLevel: [PlayLevel] Compiling Player_PowerWave_Trigger before play...
[2015.12.11-20.31.51:326][272]LogPlayLevel: PlayLevel: Blueprint regeneration took 9400 ms (39 blueprints)
[2015.12.11-20.31.51:327][272]LogPlayLevel: [PlayLevel] Compiling Player_Phaser_Trigger before play...
[2015.12.11-20.31.51:477][272]LogPlayLevel: PlayLevel: Blueprint regeneration took 9552 ms (39 blueprints)
[2015.12.11-20.31.51:478][272]LogPlayLevel: [PlayLevel] Compiling Player_Ram_Trigger before play...
[2015.12.11-20.31.51:601][272]LogPlayLevel: PlayLevel: Blueprint regeneration took 9675 ms (39 blueprints)
[2015.12.11-20.31.51:601][272]LogPlayLevel: [PlayLevel] Compiling Hive_SelfDestruct before play...
[2015.12.11-20.31.51:739][272]LogPlayLevel: PlayLevel: Blueprint regeneration took 9814 ms (39 blueprints)
[2015.12.11-20.31.51:741][272]LogPlayLevel: [PlayLevel] Compiling Player_Mine before play...
[2015.12.11-20.31.51:883][272]LogPhysics:Warning: FConstraintInstance::GetRefFrame : Contained scale.
[2015.12.11-20.31.51:883][272]LogPhysics:Warning: FConstraintInstance::GetRefFrame : Contained scale.
[2015.12.11-20.31.51:883][272]LogPhysics:Warning: FConstraintInstance::GetRefFrame : Contained scale.
[2015.12.11-20.31.51:883][272]LogPhysics:Warning: FConstraintInstance::GetRefFrame : Contained scale.
[2015.12.11-20.31.51:891][272]LogPlayLevel: PlayLevel: Blueprint regeneration took 9965 ms (39 blueprints)
[2015.12.11-20.31.51:891][272]LogPlayLevel: [PlayLevel] Compiling Energy_Crate before play...
[2015.12.11-20.31.52:029][272]LogPlayLevel: PlayLevel: Blueprint regeneration took 10104 ms (39 blueprints)
[2015.12.11-20.31.52:029][272]LogPlayLevel: [PlayLevel] Compiling Health_Crate before play...
[2015.12.11-20.31.52:159][272]LogPlayLevel: PlayLevel: Blueprint regeneration took 10234 ms (39 blueprints)
[2015.12.11-20.31.52:159][272]LogPlayLevel: [PlayLevel] Compiling PP_Crate before play...
[2015.12.11-20.31.52:283][272]LogPlayLevel: PlayLevel: Blueprint regeneration took 10357 ms (39 blueprints)
[2015.12.11-20.31.52:284][272]LogPlayLevel: [PlayLevel] Compiling Crystal before play...
[2015.12.11-20.31.52:463][272]LogPlayLevel: PlayLevel: Blueprint regeneration took 10537 ms (39 blueprints)
[2015.12.11-20.31.52:463][272]LogPlayLevel: [PlayLevel] Compiling Debris_Spawner before play...
[2015.12.11-20.31.52:601][272]LogPlayLevel: PlayLevel: Blueprint regeneration took 10676 ms (39 blueprints)
[2015.12.11-20.31.52:602][272]LogPlayLevel: [PlayLevel] Compiling PauseMenu before play...
[2015.12.11-20.31.52:733][272]LogPlayLevel: PlayLevel: Blueprint regeneration took 10808 ms (39 blueprints)
[2015.12.11-20.31.52:734][272]LogPlayLevel: [PlayLevel] Compiling Controls before play...
[2015.12.11-20.31.52:919][272]LogPlayLevel: PlayLevel: Blueprint regeneration took 10993 ms (39 blueprints)
[2015.12.11-20.31.53:233][272]PIE: New page: PIE session: Home_Kratakos (Dec 11, 2015, 10:31:53 AM)
[2015.12.11-20.31.53:233][272]LogPlayLevel: Creating play world package: /Game/SSA/Maps/UEDPIE_0_Home_Kratakos
[2015.12.11-20.31.53:271][272]LogPlayLevel: PIE: StaticDuplicateObject took: (0.037742s)
[2015.12.11-20.31.53:272][272]LogAIModule: Creating AISystem for world Home_Kratakos
[2015.12.11-20.31.53:272][272]LogPlayLevel: PIE: World Init took: (0.001187s)
[2015.12.11-20.31.53:272][272]LogPlayLevel: PIE: Created PIE world by copying editor world from /Game/SSA/Maps/Home_Kratakos.Home_Kratakos to /Game/SSA/Maps/UEDPIE_0_Home_Kratakos.Home_Kratakos (0.039256s)
[2015.12.11-20.31.53:323][272]LogInit: XAudio2 using 'Speakers / HP (IDT High Definition Audio CODEC)' : 2 channels at 48 kHz using 16 bits per sample (channel mask 0x3)
[2015.12.11-20.31.53:337][272]LogInit: FAudioDevice initialized.
[2015.12.11-20.31.53:401][272]LogWorld: Game class is 'TopDownGameMode_C'
[2015.12.11-20.31.53:407][272]LogWorld:Warning: *** WARNING - PATHS MAY NOT BE VALID ***
[2015.12.11-20.31.53:407][272]LogWorld: Bringing World /Game/SSA/Maps/UEDPIE_0_Home_Kratakos.Home_Kratakos up for play (max tick rate 60) at 2015.12.11-15.31.53
[2015.12.11-20.31.53:408][272]LogActor:Warning: GameSession /Game/SSA/Maps/UEDPIE_0_Home_Kratakos.Home_Kratakos:PersistentLevel.GameSession_0 has natively added scene component(s), but none of them were set as the actor's RootComponent - picking one arbitrarily
[2015.12.11-20.31.53:408][272]LogActor:Warning: GameNetworkManager /Game/SSA/Maps/UEDPIE_0_Home_Kratakos.Home_Kratakos:PersistentLevel.GameNetworkManager_0 has natively added scene component(s), but none of them were set as the actor's RootComponent - picking one arbitrarily
[2015.12.11-20.31.53:408][272]LogWorld: Bringing up level for play took: 0.005904
[2015.12.11-20.31.53:411][272]LogScript:Warning: Accessed None 'HUD Reference'
	Player_Human_C /Game/SSA/Maps/UEDPIE_0_Home_Kratakos.Home_Kratakos:PersistentLevel.Player_Human_C_0
	Function /Game/SSA/Blueprints/Player_Ships/Player.Player_C:ExecuteUbergraph_Player:129A
[2015.12.11-20.31.53:411][272]PIE:Error: Error Accessed None 'HUD Reference' from node Change Portait in graph 'EventGraph' in blueprint Player
[2015.12.11-20.31.53:424][272]PIE: Info Play in editor start time for /Game/SSA/Maps/UEDPIE_0_Home_Kratakos 12.38
[2015.12.11-20.31.53:425][272]LogBlueprintUserMessages: Late PlayInEditor Detection: Level '/Game/SSA/Maps/Home_Kratakos.Home_Kratakos:PersistentLevel' has LevelScriptBlueprint '/Game/SSA/Maps/Home_Kratakos.Home_Kratakos:PersistentLevel.Home_Kratakos' with GeneratedClass '/Game/SSA/Maps/Home_Kratakos.Home_Kratakos_C' with ClassGeneratedBy '/Game/SSA/Maps/Home_Kratakos.Home_Kratakos:PersistentLevel.Home_Kratakos'
[2015.12.11-20.31.53:539][273]LogRenderer: Reallocating scene render targets to support 1280x720 (Frame:82).
[2015.12.11-20.31.54:204][276]LogD3D11RHI: Timed out while waiting for GPU to catch up. (0.5 s)
[2015.12.11-20.31.57:000][352]LogBlueprintUserMessages: Early EndPlayMap Detection: Level '/Game/SSA/Maps/Home_Kratakos.Home_Kratakos:PersistentLevel' has LevelScriptBlueprint '/Game/SSA/Maps/Home_Kratakos.Home_Kratakos:PersistentLevel.Home_Kratakos' with GeneratedClass '/Game/SSA/Maps/Home_Kratakos.Home_Kratakos_C' with ClassGeneratedBy '/Game/SSA/Maps/Home_Kratakos.Home_Kratakos:PersistentLevel.Home_Kratakos'
[2015.12.11-20.31.57:097][352]LogBlueprintUserMessages: Late EndPlayMap Detection: Level '/Game/SSA/Maps/Home_Kratakos.Home_Kratakos:PersistentLevel' has LevelScriptBlueprint '/Game/SSA/Maps/Home_Kratakos.Home_Kratakos:PersistentLevel.Home_Kratakos' with GeneratedClass '/Game/SSA/Maps/Home_Kratakos.Home_Kratakos_C' with ClassGeneratedBy '/Game/SSA/Maps/Home_Kratakos.Home_Kratakos:PersistentLevel.Home_Kratakos'
[2015.12.11-20.31.57:097][352]LogActorComponent: UnregisterComponent: (/Engine/Transient.CharMoveComp) Not registered. Aborting.
[2015.12.11-20.31.57:097][352]LogActorComponent: UnregisterComponent: (/Engine/Transient.CharacterMovementComponent_7) Not registered. Aborting.
[2015.12.11-20.31.57:098][352]LogActorComponent: UnregisterComponent: (/Engine/Transient.CharacterMovementComponent_8) Not registered. Aborting.
[2015.12.11-20.31.57:098][352]LogActorComponent: UnregisterComponent: (/Engine/Transient.CharacterMovementComponent_9) Not registered. Aborting.
[2015.12.11-20.31.57:098][352]LogActorComponent: UnregisterComponent: (/Engine/Transient.CharacterMovementComponent_10) Not registered. Aborting.
[2015.12.11-20.31.57:099][352]LogActorComponent: UnregisterComponent: (/Engine/Transient.CharacterMovementComponent_11) Not registered. Aborting.
[2015.12.11-20.31.57:160][352]LogParticles: Destroying 0 GPU particle simulations for FXSystem 0x000000740239DD00
[2015.12.11-20.33.02:399][938]LogAIModule: Creating AISystem for world Ship_Selection
[2015.12.11-20.33.02:440][938]LogActorComponent: UnregisterComponent: (/Engine/Transient.CharMoveComp) Not registered. Aborting.
[2015.12.11-20.33.02:441][938]LogActorComponent: UnregisterComponent: (/Engine/Transient.CharacterMovementComponent_12) Not registered. Aborting.
[2015.12.11-20.33.02:441][938]LogActorComponent: UnregisterComponent: (/Engine/Transient.CharacterMovementComponent_13) Not registered. Aborting.
[2015.12.11-20.33.02:441][938]LogActorComponent: UnregisterComponent: (/Engine/Transient.CharacterMovementComponent_14) Not registered. Aborting.
[2015.12.11-20.33.02:441][938]LogActorComponent: UnregisterComponent: (/Engine/Transient.CharacterMovementComponent_15) Not registered. Aborting.
[2015.12.11-20.33.02:442][938]LogActorComponent: UnregisterComponent: (/Engine/Transient.CharacterMovementComponent_16) Not registered. Aborting.
[2015.12.11-20.33.04:534][938]Cmd: MAP LOAD FILE="../../../../../../Users/Jin/Documents/GitHub/Game-Files/SuperSpaceArmada/Content/SSA/Maps/Ship_Selection.umap" TEMPLATE=0 SHOWPROGRESS=1 FEATURELEVEL=3
[2015.12.11-20.33.04:535][938]LightingResults: New page: Lighting Build
[2015.12.11-20.33.04:565][938]LoadErrors: New page: Loading map: Ship_Selection.umap
[2015.12.11-20.33.04:566][938]MapCheck: New page: Map Check
[2015.12.11-20.33.04:566][938]LightingResults: New page: Lighting Build
[2015.12.11-20.33.04:603][938]LogParticles: Destroying 0 GPU particle simulations for FXSystem 0x0000007384764C20
[2015.12.11-20.33.04:744][938]LogEditorServer: Finished looking for orphan Actors (0.000 secs)
[2015.12.11-20.33.04:832][938]Cmd: MAP CHECKDEP NOCLEARLOG
[2015.12.11-20.33.05:109][938]MapCheck: Info Map check complete: 0 Error(s), 0 Warning(s), took 276.759ms to complete.
[2015.12.11-20.33.05:110][938]LogFileHelpers: Loading map 'Ship_Selection' took 0.577
[2015.12.11-20.33.07:122][ 11]LogActorComponent: UnregisterComponent: (/Engine/Transient.CharMoveComp) Not registered. Aborting.
[2015.12.11-20.33.07:122][ 11]LogActorComponent: UnregisterComponent: (/Engine/Transient.CharacterMovementComponent_17) Not registered. Aborting.
[2015.12.11-20.33.07:122][ 11]LogActorComponent: UnregisterComponent: (/Engine/Transient.CharacterMovementComponent_18) Not registered. Aborting.
[2015.12.11-20.33.07:288][ 11]LogSavePackage: Save=99.394188ms
[2015.12.11-20.33.07:288][ 11]LogSavePackage: Moving '../../../../../../Users/Jin/Documents/GitHub/Game-Files/SuperSpaceArmada/Saved/Ship_Selection7F9AB3BA47A41CD206A3D69DE8FF1A53.tmp' to '../../../../../../Users/Jin/Documents/GitHub/Game-Files/SuperSpaceArmada/Content/SSA/Maps/Ship_Selection.umap'
[2015.12.11-20.33.07:290][ 11]LogSavePackage: Total save time: 129.207566ms
[2015.12.11-20.33.07:290][ 11]LogSavePackage:Warning: Finished SavePackage ../../../../../../Users/Jin/Documents/GitHub/Game-Files/SuperSpaceArmada/Content/SSA/Maps/Ship_Selection.umap
[2015.12.11-20.33.07:944][ 34]LogBlueprintUserMessages: Early PlayInEditor Detection: Level '/Game/SSA/Maps/Ship_Selection.Ship_Selection:PersistentLevel' has LevelScriptBlueprint '/Game/SSA/Maps/Ship_Selection.Ship_Selection:PersistentLevel.Ship_Selection' with GeneratedClass '/Game/SSA/Maps/Ship_Selection.Ship_Selection_C' with ClassGeneratedBy '/Game/SSA/Maps/Ship_Selection.Ship_Selection:PersistentLevel.Ship_Selection'
[2015.12.11-20.33.07:944][ 34]LogPlayLevel: PlayLevel: No blueprints needed recompiling
[2015.12.11-20.33.07:944][ 34]PIE: New page: PIE session: Ship_Selection (Dec 11, 2015, 10:33:07 AM)
[2015.12.11-20.33.07:944][ 34]LogPlayLevel: Creating play world package: /Game/SSA/Maps/UEDPIE_0_Ship_Selection
[2015.12.11-20.33.07:948][ 34]LogPlayLevel: PIE: StaticDuplicateObject took: (0.003785s)
[2015.12.11-20.33.07:948][ 34]LogAIModule: Creating AISystem for world Ship_Selection
[2015.12.11-20.33.07:948][ 34]LogPlayLevel: PIE: World Init took: (0.000584s)
[2015.12.11-20.33.07:949][ 34]LogPlayLevel: PIE: Created PIE world by copying editor world from /Game/SSA/Maps/Ship_Selection.Ship_Selection to /Game/SSA/Maps/UEDPIE_0_Ship_Selection.Ship_Selection (0.004587s)
[2015.12.11-20.33.08:001][ 34]LogInit: XAudio2 using 'Speakers / HP (IDT High Definition Audio CODEC)' : 2 channels at 48 kHz using 16 bits per sample (channel mask 0x3)
[2015.12.11-20.33.08:016][ 34]LogInit: FAudioDevice initialized.
[2015.12.11-20.33.08:068][ 34]LogWorld: Game class is 'TopDownGameMode_C'
[2015.12.11-20.33.08:070][ 34]LogWorld: Bringing World /Game/SSA/Maps/UEDPIE_0_Ship_Selection.Ship_Selection up for play (max tick rate 60) at 2015.12.11-15.33.08
[2015.12.11-20.33.08:070][ 34]LogActor:Warning: GameSession /Game/SSA/Maps/UEDPIE_0_Ship_Selection.Ship_Selection:PersistentLevel.GameSession_1 has natively added scene component(s), but none of them were set as the actor's RootComponent - picking one arbitrarily
[2015.12.11-20.33.08:070][ 34]LogActor:Warning: GameNetworkManager /Game/SSA/Maps/UEDPIE_0_Ship_Selection.Ship_Selection:PersistentLevel.GameNetworkManager_1 has natively added scene component(s), but none of them were set as the actor's RootComponent - picking one arbitrarily
[2015.12.11-20.33.08:071][ 34]LogWorld: Bringing up level for play took: 0.002106
[2015.12.11-20.33.08:091][ 34]PIE: Info Play in editor start time for /Game/SSA/Maps/UEDPIE_0_Ship_Selection 1.046
[2015.12.11-20.33.08:091][ 34]LogBlueprintUserMessages: Late PlayInEditor Detection: Level '/Game/SSA/Maps/Ship_Selection.Ship_Selection:PersistentLevel' has LevelScriptBlueprint '/Game/SSA/Maps/Ship_Selection.Ship_Selection:PersistentLevel.Ship_Selection' with GeneratedClass '/Game/SSA/Maps/Ship_Selection.Ship_Selection_C' with ClassGeneratedBy '/Game/SSA/Maps/Ship_Selection.Ship_Selection:PersistentLevel.Ship_Selection'
[2015.12.11-20.33.09:850][ 89]LogPhysics:Warning: FConstraintInstance::GetRefFrame : Contained scale.
[2015.12.11-20.33.09:850][ 89]LogPhysics:Warning: FConstraintInstance::GetRefFrame : Contained scale.
[2015.12.11-20.33.09:850][ 89]LogPhysics:Warning: FConstraintInstance::GetRefFrame : Contained scale.
[2015.12.11-20.33.09:850][ 89]LogPhysics:Warning: FConstraintInstance::GetRefFrame : Contained scale.
[2015.12.11-20.33.11:166][129]LogPhysics:Warning: FConstraintInstance::GetRefFrame : Contained scale.
[2015.12.11-20.33.11:166][129]LogPhysics:Warning: FConstraintInstance::GetRefFrame : Contained scale.
[2015.12.11-20.33.11:166][129]LogPhysics:Warning: FConstraintInstance::GetRefFrame : Contained scale.
[2015.12.11-20.33.11:166][129]LogPhysics:Warning: FConstraintInstance::GetRefFrame : Contained scale.
[2015.12.11-20.33.12:588][172]LogPhysics:Warning: FConstraintInstance::GetRefFrame : Contained scale.
[2015.12.11-20.33.12:588][172]LogPhysics:Warning: FConstraintInstance::GetRefFrame : Contained scale.
[2015.12.11-20.33.12:588][172]LogPhysics:Warning: FConstraintInstance::GetRefFrame : Contained scale.
[2015.12.11-20.33.12:588][172]LogPhysics:Warning: FConstraintInstance::GetRefFrame : Contained scale.
[2015.12.11-20.33.12:816][179]LogPhysics:Warning: FConstraintInstance::GetRefFrame : Contained scale.
[2015.12.11-20.33.12:816][179]LogPhysics:Warning: FConstraintInstance::GetRefFrame : Contained scale.
[2015.12.11-20.33.12:816][179]LogPhysics:Warning: FConstraintInstance::GetRefFrame : Contained scale.
[2015.12.11-20.33.12:816][179]LogPhysics:Warning: FConstraintInstance::GetRefFrame : Contained scale.
[2015.12.11-20.33.16:111][275]LogPackageName: SearchForPackageOnDisk took   0.097s to resolve Home_Human.umap.
[2015.12.11-20.33.16:223][276]LogPackageName: SearchForPackageOnDisk took   0.105s to resolve Home_Human.umap.
[2015.12.11-20.33.16:223][276]LogNet: Browse: /Game/SSA/Maps/Home_Human
[2015.12.11-20.33.16:223][276]LogLoad: LoadMap: /Game/SSA/Maps/Home_Human
[2015.12.11-20.33.16:265][276]LogParticles: Destroying 0 GPU particle simulations for FXSystem 0x0000007385E2EAC0
[2015.12.11-20.33.16:272][276]Cmd: MEM
[2015.12.11-20.33.16:317][276]LogMemory: Platform Memory Stats for Windows
[2015.12.11-20.33.16:317][276]LogMemory: Process Physical Memory: 1460.73 MB used, 1478.42 MB peak
[2015.12.11-20.33.16:317][276]LogMemory: Process Virtual Memory: 2721.08 MB used, 2728.46 MB peak
[2015.12.11-20.33.16:317][276]LogMemory: Physical Memory: 5610.86 MB used, 8124.02 MB total
[2015.12.11-20.33.16:317][276]LogMemory: Virtual Memory: 3473.30 MB used, 134217728.00 MB total
[2015.12.11-20.33.16:317][276]LogMemory: 
[2015.12.11-20.33.16:317][276]Allocator Stats for TBB: (not implemented)
[2015.12.11-20.33.19:848][276]LogAIModule: Creating AISystem for world Home_Human
[2015.12.11-20.33.19:848][276]LogWorld: Game class is 'TopDownGameMode_C'
[2015.12.11-20.33.19:856][276]LogWorld:Warning: *** WARNING - PATHS MAY NOT BE VALID ***
[2015.12.11-20.33.19:856][276]LogWorld: Bringing World /Game/SSA/Maps/UEDPIE_0_Home_Human.Home_Human up for play (max tick rate 60) at 2015.12.11-15.33.19
[2015.12.11-20.33.19:856][276]LogActor:Warning: GameSession /Game/SSA/Maps/UEDPIE_0_Home_Human.Home_Human:PersistentLevel.GameSession_2 has natively added scene component(s), but none of them were set as the actor's RootComponent - picking one arbitrarily
[2015.12.11-20.33.19:856][276]LogActor:Warning: GameNetworkManager /Game/SSA/Maps/UEDPIE_0_Home_Human.Home_Human:PersistentLevel.GameNetworkManager_2 has natively added scene component(s), but none of them were set as the actor's RootComponent - picking one arbitrarily
[2015.12.11-20.33.19:857][276]LogWorld: Bringing up level for play took: 0.007589
[2015.12.11-20.33.19:859][276]LogPhysics:Warning: FConstraintInstance::GetRefFrame : Contained scale.
[2015.12.11-20.33.19:859][276]LogPhysics:Warning: FConstraintInstance::GetRefFrame : Contained scale.
[2015.12.11-20.33.19:859][276]LogPhysics:Warning: FConstraintInstance::GetRefFrame : Contained scale.
[2015.12.11-20.33.19:859][276]LogPhysics:Warning: FConstraintInstance::GetRefFrame : Contained scale.
[2015.12.11-20.33.19:860][276]LogScript:Warning: Accessed None 'HUD Reference'
	Player_Vultaari_C /Game/SSA/Maps/UEDPIE_0_Home_Human.Home_Human:PersistentLevel.Player_Vultaari_C_129
	Function /Game/SSA/Blueprints/Player_Ships/Player.Player_C:ExecuteUbergraph_Player:129A
[2015.12.11-20.33.19:860][276]PIE:Error: Error Accessed None 'HUD Reference' from node Change Portait in graph 'EventGraph' in blueprint Player
[2015.12.11-20.33.39:726][903]LogBlueprintUserMessages: Early EndPlayMap Detection: Level '/Game/SSA/Maps/Ship_Selection.Ship_Selection:PersistentLevel' has LevelScriptBlueprint '/Game/SSA/Maps/Ship_Selection.Ship_Selection:PersistentLevel.Ship_Selection' with GeneratedClass '/Game/SSA/Maps/Ship_Selection.Ship_Selection_C' with ClassGeneratedBy '/Game/SSA/Maps/Ship_Selection.Ship_Selection:PersistentLevel.Ship_Selection'
[2015.12.11-20.33.39:823][903]LogBlueprintUserMessages: Late EndPlayMap Detection: Level '/Game/SSA/Maps/Ship_Selection.Ship_Selection:PersistentLevel' has LevelScriptBlueprint '/Game/SSA/Maps/Ship_Selection.Ship_Selection:PersistentLevel.Ship_Selection' with GeneratedClass '/Game/SSA/Maps/Ship_Selection.Ship_Selection_C' with ClassGeneratedBy '/Game/SSA/Maps/Ship_Selection.Ship_Selection:PersistentLevel.Ship_Selection'
[2015.12.11-20.33.39:877][903]LogParticles: Destroying 0 GPU particle simulations for FXSystem 0x0000007383E7DE40
[2015.12.11-20.33.43:502][ 70]LogSavePackage: Save=115.098877ms
[2015.12.11-20.33.43:502][ 70]LogSavePackage: Moving '../../../../../../Users/Jin/Documents/GitHub/Game-Files/SuperSpaceArmada/Saved/Player_VultaariAB873B824129D040095099868784D790.tmp' to '../../../../../../Users/Jin/Documents/GitHub/Game-Files/SuperSpaceArmada/Content/SSA/Blueprints/Player_Ships/Player_Vultaari.uasset'
[2015.12.11-20.33.43:504][ 70]LogSavePackage: Total save time: 147.283591ms
[2015.12.11-20.33.43:504][ 70]LogSavePackage:Warning: Finished SavePackage ../../../../../../Users/Jin/Documents/GitHub/Game-Files/SuperSpaceArmada/Content/SSA/Blueprints/Player_Ships/Player_Vultaari.uasset
[2015.12.11-20.34.01:394][124]LogWindows:Error: Windows GetLastError: The operation completed successfully. (0)
[2015.12.11-20.34.02:130][124]LogCrashTracker: 


[2015.12.11-20.34.02:134][124]LogCrashTracker: 


[2015.12.11-20.34.02:134][124]LogWindows: === Critical error: ===
Assertion failed: ((UObject*)ContainerPtr)->IsA((UClass*)GetOuter()) [File:D:\BuildFarm\buildmachine_++depot+UE4-Releases+4.9\Engine\Source\Runtime\CoreUObject\Public\UObject\UnrealType.h] [Line: 308] 
'Default__Player_Vultaari_C' is of class 'Player_Vultaari_C' however property 'ObjectProperty_2198' belongs to class 'TRASHCLASS_Player_335'




[2015.12.11-20.34.02:262][124]LogExit: Executing StaticShutdownAfterError
[2015.12.11-20.34.02:293][124]LogPhysics:Warning: PHYSX: ..\..\PhysX\src\NpScene.cpp (2946) 8 : PxScene::unlockWrite() called without matching call to PxScene::lockWrite(), behaviour will be undefined.
[2015.12.11-20.34.02:293][124]LogPhysics:Warning: PHYSX: ..\..\PhysX\src\NpScene.cpp (2946) 8 : PxScene::unlockWrite() called without matching call to PxScene::lockWrite(), behaviour will be undefined.
[2015.12.11-20.34.02:293][124]LogPhysics:Warning: PHYSX: ..\..\PhysX\src\NpScene.cpp (2946) 8 : PxScene::unlockWrite() called without matching call to PxScene::lockWrite(), behaviour will be undefined.
[2015.12.11-20.34.02:293][124]LogPhysics:Warning: PHYSX: ..\..\PhysX\src\NpScene.cpp (2946) 8 : PxScene::unlockWrite() called without matching call to PxScene::lockWrite(), behaviour will be undefined.
[2015.12.11-20.34.02:295][124]LogWindows: FPlatformMisc::RequestExit(1)
[2015.12.11-20.34.02:295][124]Log file closed, 12/11/15 15:34:02
