[2015.11.23-05.48.57:328][  0]Log file open, 11/23/15 00:48:57
[2015.11.23-05.48.57:328][  0]LogInit:Display: Running engine for game: SuperSpaceArmada
[2015.11.23-05.48.57:328][  0]LogInit:Display: RandInit(219196640) SRandInit(219196640).
[2015.11.23-05.48.57:328][  0]LogTaskGraph: Started task graph with 4 named threads and 7 total threads.
[2015.11.23-05.48.57:328][  0]LogStats: Stats thread started at 0.083880
[2015.11.23-05.48.57:328][  0]LogInit: Version: 4.9.1-2689999+++depot+UE4-Releases+4.9
[2015.11.23-05.48.57:328][  0]LogInit: API Version: 2672455
[2015.11.23-05.48.57:328][  0]LogInit: Compiled (64-bit): Sep 14 2015 04:12:03
[2015.11.23-05.48.57:328][  0]LogInit: Compiled with Visual C++: 18.00.21005.01
[2015.11.23-05.48.57:328][  0]LogInit: Build Configuration: Development
[2015.11.23-05.48.57:328][  0]LogInit: Branch Name: ++depot+UE4-Releases+4.9
[2015.11.23-05.48.57:328][  0]LogInit: Command line:  
[2015.11.23-05.48.57:328][  0]LogInit: Base directory: C:/Program Files/Epic Games/4.9/Engine/Binaries/Win64/
[2015.11.23-05.48.57:328][  0]LogInit: Rocket: 1
[2015.11.23-05.48.57:348][  0]LogInit: Using libcurl 7.41.0
[2015.11.23-05.48.57:348][  0]LogInit:  - built for x86_64-pc-win32
[2015.11.23-05.48.57:348][  0]LogInit:  - supports SSL with WinSSL
[2015.11.23-05.48.57:348][  0]LogInit:  - other features:
[2015.11.23-05.48.57:348][  0]LogInit:      CURL_VERSION_SSL
[2015.11.23-05.48.57:348][  0]LogInit:      CURL_VERSION_IPV6
[2015.11.23-05.48.57:348][  0]LogInit:      CURL_VERSION_ASYNCHDNS
[2015.11.23-05.48.57:348][  0]LogInit:      CURL_VERSION_LARGEFILE
[2015.11.23-05.48.57:348][  0]LogInit:      CURL_VERSION_IDN
[2015.11.23-05.48.57:348][  0]LogInit:  CurlRequestOptions (configurable via config and command line):
[2015.11.23-05.48.57:348][  0]LogInit:  - bVerifyPeer = true  - Libcurl will verify peer certificate
[2015.11.23-05.48.57:348][  0]LogInit:  - bUseHttpProxy = false  - Libcurl will NOT use HTTP proxy
[2015.11.23-05.48.57:348][  0]LogInit:  - bDontReuseConnections = false  - Libcurl will reuse connections
[2015.11.23-05.48.57:348][  0]LogInit:  - CertBundlePath = nullptr  - Libcurl will use whatever was configured at build time.
[2015.11.23-05.48.57:357][  0]LogInit: Presizing for 0 objects not considered by GC, pre-allocating 0 bytes.
[2015.11.23-05.48.57:364][  0]LogInit: Object subsystem initialized
[2015.11.23-05.48.57:366][  0]LogInit: Selected Device Profile: [Windows]
[2015.11.23-05.48.57:366][  0]LogInit: Applying CVar settings loaded from the selected device profile: [Windows]
[2015.11.23-05.48.57:373][  0]LogInit: Computer: EXIA
[2015.11.23-05.48.57:373][  0]LogInit: User: SGJin
[2015.11.23-05.48.57:373][  0]LogInit: CPU Page size=4096, Cores=4
[2015.11.23-05.48.57:373][  0]LogInit: High frequency timer resolution =2.338349 MHz
[2015.11.23-05.48.57:373][  0]LogMemory: Memory total: Physical=7.9GB (8GB approx)
[2015.11.23-05.48.57:373][  0]LogMemory: Platform Memory Stats for Windows
[2015.11.23-05.48.57:373][  0]LogMemory: Process Physical Memory: 54.98 MB used, 54.98 MB peak
[2015.11.23-05.48.57:373][  0]LogMemory: Process Virtual Memory: 55.36 MB used, 55.36 MB peak
[2015.11.23-05.48.57:373][  0]LogMemory: Physical Memory: 5277.86 MB used, 8124.02 MB total
[2015.11.23-05.48.57:373][  0]LogMemory: Virtual Memory: 364.63 MB used, 134217728.00 MB total
[2015.11.23-05.48.57:419][  0]LogTextLocalizationManager: No specific translations for ('en-US') exist, so ('en') translations will be used.
[2015.11.23-05.48.58:033][  0]LogD3D11RHI: Found D3D11 adapter 0: NVIDIA GeForce GT 740M          (Feature Level 11_0)
[2015.11.23-05.48.58:033][  0]LogD3D11RHI: Adapter has 1996MB of dedicated video memory, 0MB of dedicated system memory, and 4062MB of shared system memory, 1 output[s]
[2015.11.23-05.48.58:039][  0]LogD3D11RHI: Found D3D11 adapter 1: Intel(R) HD Graphics 4600 (Feature Level 11_0)
[2015.11.23-05.48.58:039][  0]LogD3D11RHI: Adapter has 112MB of dedicated video memory, 0MB of dedicated system memory, and 4062MB of shared system memory, 0 output[s]
[2015.11.23-05.48.58:040][  0]LogD3D11RHI: Found D3D11 adapter 2: Microsoft Basic Render Driver (Feature Level 11_0)
[2015.11.23-05.48.58:040][  0]LogD3D11RHI: Adapter has 0MB of dedicated video memory, 0MB of dedicated system memory, and 4062MB of shared system memory, 0 output[s]
[2015.11.23-05.48.58:040][  0]LogD3D11RHI: Chosen D3D11 Adapter Id = 0
[2015.11.23-05.48.58:048][  0]LogD3D11RHI: !Direct3DDevice
[2015.11.23-05.48.58:048][  0]LogRHI: Texture pool is 1361 MB (70% of 1945 MB)
[2015.11.23-05.48.58:062][  0]LogD3D11RHI: Async texture creation enabled
[2015.11.23-05.48.58:079][  0]LogShaderCompilers: Guid format shader working directory is 14 characters bigger than the processId version (../../../../../../Users/Jin/Documents/GitHub/Game-Files/SuperSpaceArmada/Intermediate/Shaders/WorkingDirectory/18264/).
[2015.11.23-05.48.58:079][  0]LogShaderCompilers: Cleaned the shader compiler working directory '../../../../../../Users/Jin/Documents/GitHub/Game-Files/SuperSpaceArmada/Intermediate/Shaders/tmp/5F0F40A449F83510136769AEE4F9A305/'.
[2015.11.23-05.48.58:079][  0]LogShaderCompilers:Display: Using Local Shader Compiler.
[2015.11.23-05.48.59:232][  0]LogTemp:Display: Loaded TP AllDesktopTargetPlatform
[2015.11.23-05.48.59:239][  0]LogTemp:Display: Loaded TP WindowsClientTargetPlatform
[2015.11.23-05.48.59:246][  0]LogTemp:Display: Loaded TP WindowsNoEditorTargetPlatform
[2015.11.23-05.48.59:253][  0]LogTemp:Display: Loaded TP WindowsServerTargetPlatform
[2015.11.23-05.48.59:260][  0]LogTemp:Display: Loaded TP WindowsTargetPlatform
[2015.11.23-05.48.59:265][  0]LogTemp:Display: Loaded TP AndroidTargetPlatform
[2015.11.23-05.48.59:269][  0]LogTemp:Display: Loaded TP Android_ASTCTargetPlatform
[2015.11.23-05.48.59:273][  0]LogTemp:Display: Loaded TP Android_ATCTargetPlatform
[2015.11.23-05.48.59:276][  0]LogTemp:Display: Loaded TP Android_DXTTargetPlatform
[2015.11.23-05.48.59:280][  0]LogTemp:Display: Loaded TP Android_ETC1TargetPlatform
[2015.11.23-05.48.59:284][  0]LogTemp:Display: Loaded TP Android_ETC2TargetPlatform
[2015.11.23-05.48.59:289][  0]LogTemp:Display: Loaded TP Android_PVRTCTargetPlatform
[2015.11.23-05.48.59:290][  0]LogTemp:Display: Loaded TP HTML5TargetPlatform
[2015.11.23-05.48.59:308][  0]LogTemp:Display: Loaded TP IOSTargetPlatform
[2015.11.23-05.48.59:312][  0]LogTemp:Display: Loaded TP LinuxNoEditorTargetPlatform
[2015.11.23-05.48.59:316][  0]LogTemp:Display: Loaded TP LinuxServerTargetPlatform
[2015.11.23-05.48.59:320][  0]LogTemp:Display: Loaded TP LinuxTargetPlatform
[2015.11.23-05.48.59:320][  0]LogTargetPlatformManager:Display: Building Assets For Windows
[2015.11.23-05.48.59:430][  0]LogDerivedDataCache:Display: Max Cache Size: 512 MB
[2015.11.23-05.48.59:472][  0]LogDerivedDataCache: Loaded boot cache 0.04s 41MB C:/Users/Jin/AppData/Local/UnrealEngine/4.9/DerivedDataCache/Boot.ddc.
[2015.11.23-05.48.59:473][  0]LogDerivedDataCache:Display: Loaded Boot cache: C:/Users/Jin/AppData/Local/UnrealEngine/4.9/DerivedDataCache/Boot.ddc
[2015.11.23-05.48.59:473][  0]LogDerivedDataCache: FDerivedDataBackendGraph:  Pak pak cache file ../../../../../../Users/Jin/Documents/GitHub/Game-Files/SuperSpaceArmada/DerivedDataCache/DDC.ddp not found, will not use a pak cache.
[2015.11.23-05.48.59:473][  0]LogDerivedDataCache: Unable to find inner node Pak for hierarchical cache Hierarchy.
[2015.11.23-05.48.59:473][  0]LogDerivedDataCache: FDerivedDataBackendGraph:  CompressedPak pak cache file ../../../../../../Users/Jin/Documents/GitHub/Game-Files/SuperSpaceArmada/DerivedDataCache/Compressed.ddp not found, will not use a pak cache.
[2015.11.23-05.48.59:473][  0]LogDerivedDataCache: Unable to find inner node CompressedPak for hierarchical cache Hierarchy.
[2015.11.23-05.48.59:628][  0]LogDerivedDataCache:Display: Pak cache opened for reading ../../../Engine/DerivedDataCache/Compressed.ddp.
[2015.11.23-05.48.59:641][  0]LogDerivedDataCache: Using Local data cache path C:/Users/Jin/AppData/Local/UnrealEngine/Common/DerivedDataCache: Writable
[2015.11.23-05.48.59:849][  0]LogInit: Selected Device Profile: [Windows]
[2015.11.23-05.48.59:852][  0]LogContentStreaming: Texture pool size is 0.000000MB
[2015.11.23-05.48.59:980][  0]LogMeshUtilities: No automatic mesh reduction module available
[2015.11.23-05.48.59:980][  0]LogMeshUtilities: No automatic mesh merging module available
[2015.11.23-05.49.00:232][  0]LogInit: WinSock: version 1.1 (2.2), MaxSocks=32767, MaxUdp=65467
[2015.11.23-05.49.01:254][  0]LogAssetRegistry: FAssetRegistry took 0.0113 seconds to start up
[2015.11.23-05.49.01:276][  0]UdpMessaging: Initializing bridge on interface 0.0.0.0:0 to multicast group 230.0.0.1:6666.
[2015.11.23-05.49.01:576][  0]SourceControl: Info Source control is disabled
[2015.11.23-05.49.01:612][  0]SourceControl: Info Source control is disabled
[2015.11.23-05.49.01:630][  0]SourceControl: Info Source control is disabled
[2015.11.23-05.49.01:645][  0]SourceControl: Info Source control is disabled
[2015.11.23-05.49.01:865][  0]LogLinker:Warning: Asset '../../../Engine/Plugins/Runtime/LeapMotionController/Content/LM_PassthroughMaterial.uasset' has been saved with empty engine version. The asset will be loaded but may be incompatible.
[2015.11.23-05.49.02:003][  0]LogObj: 28528 objects as part of root set at end of initial load.
[2015.11.23-05.49.02:003][  0]LogUObjectAllocator: 6068456 out of 0 bytes used by permanent object pool.
[2015.11.23-05.49.02:064][  0]LogEngine: Initializing Engine...
[2015.11.23-05.49.02:068][  0]LogHMD: Can't find Oculus library dev build: is proper Runtime installed? Version: 0.7.0.0
[2015.11.23-05.49.02:069][  0]LogHMD: SteamVR failed to initialize.  Err: 110
[2015.11.23-05.49.02:199][  0]LogAIModule: Creating AISystem for world NewWorld
[2015.11.23-05.49.02:208][  0]LogInit: XAudio2 using 'Speakers / HP (IDT High Definition Audio CODEC)' : 2 channels at 48 kHz using 16 bits per sample (channel mask 0x3)
[2015.11.23-05.49.02:637][  0]LogInit: FAudioDevice initialized.
[2015.11.23-05.49.02:659][  0]LogDerivedDataCache: Saved boot cache 0.02s 41MB C:/Users/Jin/AppData/Local/UnrealEngine/4.9/DerivedDataCache/Boot.ddc.
[2015.11.23-05.49.02:662][  0]LogInit: Texture streaming: Enabled
[2015.11.23-05.49.02:669][  0]LogAnalytics: Creating configured Analytics provider AnalyticsET
[2015.11.23-05.49.02:669][  0]LogAnalytics: [UEEditor.Rocket.Release] APIServer = http://et2.epicgames.com/ET2/. AppVersion = 4.9.1-2689999+++depot+UE4-Releases+4.9
[2015.11.23-05.49.02:669][  0]LogAnalytics: [UEEditor.Rocket.Release] SetUserId 435ea4a8489b84c6f4feaab84cbae6c8|e03effeb7bdf4ddc9c712682a578c51b|8a2a019e-36d5-4c55-97e1-833141022920
[2015.11.23-05.49.02:669][  0]LogAnalytics: [UEEditor.Rocket.Release] AnalyticsET::StartSession
[2015.11.23-05.49.03:307][  0]LogInit: Transaction tracking system initialized
[2015.11.23-05.49.03:343][  0]BlueprintLog: New page: Editor Load
[2015.11.23-05.49.03:649][  0]LocalizationService: Info Localization service is disabled
[2015.11.23-05.49.03:757][  0]LogConsoleResponse:Display: 
[2015.11.23-05.49.03:886][  0]LogCook:Display: Done creating registry. It took  0.00s.
[2015.11.23-05.49.03:956][  0]LogFileCache: Scanning file cache for directory 'C:/Users/Jin/Documents/GitHub/Game-Files/SuperSpaceArmada/Content/' took 0.02s
[2015.11.23-05.49.03:956][  0]SourceControl: Info Source control is disabled
[2015.11.23-05.49.03:957][  0]Cmd: MAP LOAD FILE="../../../../../../Users/Jin/Documents/GitHub/Game-Files/SuperSpaceArmada/Content/SSA/Maps/Home_Kratakos.umap" TEMPLATE=0 SHOWPROGRESS=1 FEATURELEVEL=3
[2015.11.23-05.49.03:957][  0]LightingResults: New page: Lighting Build
[2015.11.23-05.49.03:961][  0]MapCheck: New page: Map Check
[2015.11.23-05.49.03:961][  0]LightingResults: New page: Lighting Build
[2015.11.23-05.49.03:971][  0]LogParticles: Destroying 0 GPU particle simulations for FXSystem 0x000000822FD082C0
[2015.11.23-05.49.04:054][  0]LogLinker:Warning: Asset '../../../../../../Users/Jin/Documents/GitHub/Game-Files/SuperSpaceArmada/Content/Mannequin/Animations/ThirdPerson_AnimBP.uasset' has been saved with empty engine version. The asset will be loaded but may be incompatible.
[2015.11.23-05.49.04:057][  0]LogLinker:Warning: Asset '../../../../../../Users/Jin/Documents/GitHub/Game-Files/SuperSpaceArmada/Content/Mannequin/Animations/ThirdPerson_Jump.uasset' has been saved with empty engine version. The asset will be loaded but may be incompatible.
[2015.11.23-05.49.04:060][  0]LogLinker:Warning: Asset '../../../../../../Users/Jin/Documents/GitHub/Game-Files/SuperSpaceArmada/Content/Mannequin/Animations/ThirdPersonJump_Loop.uasset' has been saved with empty engine version. The asset will be loaded but may be incompatible.
[2015.11.23-05.49.04:062][  0]LogLinker:Warning: Asset '../../../../../../Users/Jin/Documents/GitHub/Game-Files/SuperSpaceArmada/Content/Mannequin/Animations/ThirdPersonJump_Start.uasset' has been saved with empty engine version. The asset will be loaded but may be incompatible.
[2015.11.23-05.49.04:063][  0]LogLinker:Warning: Asset '../../../../../../Users/Jin/Documents/GitHub/Game-Files/SuperSpaceArmada/Content/Mannequin/Animations/ThirdPerson_IdleRun_2D.uasset' has been saved with empty engine version. The asset will be loaded but may be incompatible.
[2015.11.23-05.49.04:063][  0]LogLinker:Warning: Asset '../../../../../../Users/Jin/Documents/GitHub/Game-Files/SuperSpaceArmada/Content/Mannequin/Animations/ThirdPersonIdle.uasset' has been saved with empty engine version. The asset will be loaded but may be incompatible.
[2015.11.23-05.49.04:065][  0]LogLinker:Warning: Asset '../../../../../../Users/Jin/Documents/GitHub/Game-Files/SuperSpaceArmada/Content/Mannequin/Animations/ThirdPersonRun.uasset' has been saved with empty engine version. The asset will be loaded but may be incompatible.
[2015.11.23-05.49.04:066][  0]LogLinker:Warning: Asset '../../../../../../Users/Jin/Documents/GitHub/Game-Files/SuperSpaceArmada/Content/Mannequin/Animations/ThirdPersonWalk.uasset' has been saved with empty engine version. The asset will be loaded but may be incompatible.
[2015.11.23-05.49.08:940][  0]LogLinker:Warning: Can't find file '/Game/Geometry/Meshes/1M_Cube'
[2015.11.23-05.49.08:940][  0]LogLinker:Warning: Can't find file for asset '/Game/Geometry/Meshes/1M_Cube' while loading ../../../../../../Users/Jin/Documents/GitHub/Game-Files/SuperSpaceArmada/Content/SSA/Blueprints/Objects/Crystal_Spawner.uasset.
[2015.11.23-05.49.08:940][  0]LoadErrors:Error: Error /Game/SSA/Blueprints/Objects/Crystal_Spawner : Can't find file for asset. /Game/Geometry/Meshes/1M_Cube
[2015.11.23-05.49.08:941][  0]LogLinker:Warning: Can't find file '/Game/Geometry/Meshes/1M_Cube'
[2015.11.23-05.49.08:941][  0]LogLinker:Warning: Can't find file for asset '/Game/Geometry/Meshes/1M_Cube' while loading ../../../../../../Users/Jin/Documents/GitHub/Game-Files/SuperSpaceArmada/Content/SSA/Blueprints/Objects/Crystal_Spawner.uasset.
[2015.11.23-05.49.08:941][  0]LoadErrors:Error: Error /Game/SSA/Blueprints/Objects/Crystal_Spawner : Can't find file for asset. /Game/Geometry/Meshes/1M_Cube
[2015.11.23-05.49.08:943][  0]LogLinker:Warning: Can't find file '/Game/Geometry/Meshes/1M_Cube'
[2015.11.23-05.49.08:943][  0]LogLinker:Warning: Can't find file for asset '/Game/Geometry/Meshes/1M_Cube' while loading ../../../../../../Users/Jin/Documents/GitHub/Game-Files/SuperSpaceArmada/Content/SSA/Maps/Home_Kratakos.umap.
[2015.11.23-05.49.08:943][  0]LoadErrors:Error: Error /Game/SSA/Maps/Home_Kratakos : Can't find file for asset. /Game/Geometry/Meshes/1M_Cube
[2015.11.23-05.49.08:943][  0]LogLinker:Warning: Can't find file '/Game/Geometry/Meshes/1M_Cube'
[2015.11.23-05.49.08:943][  0]LogLinker:Warning: Can't find file for asset '/Game/Geometry/Meshes/1M_Cube' while loading ../../../../../../Users/Jin/Documents/GitHub/Game-Files/SuperSpaceArmada/Content/SSA/Maps/Home_Kratakos.umap.
[2015.11.23-05.49.08:943][  0]LoadErrors:Error: Error /Game/SSA/Maps/Home_Kratakos : Can't find file for asset. /Game/Geometry/Meshes/1M_Cube
[2015.11.23-05.49.08:944][  0]LogLinker:Warning: Can't find file '/Game/Geometry/Meshes/1M_Cube'
[2015.11.23-05.49.08:944][  0]LoadErrors: Info Failed to load /Game/Geometry/Meshes/1M_Cube.1M_Cube Referenced by StaticMeshComponent0
[2015.11.23-05.49.08:944][  0]LogLinker:Warning: Can't find file for asset '/Game/Geometry/Meshes/1M_Cube' while loading ../../../../../../Users/Jin/Documents/GitHub/Game-Files/SuperSpaceArmada/Content/SSA/Maps/Home_Kratakos.umap.
[2015.11.23-05.49.08:944][  0]LoadErrors: Info Failed to load /Game/Geometry/Meshes/1M_Cube.1M_Cube Referenced by StaticMeshComponent0
[2015.11.23-05.49.08:944][  0]LoadErrors:Error: Error /Game/SSA/Maps/Home_Kratakos : Can't find file for asset. /Game/Geometry/Meshes/1M_Cube
[2015.11.23-05.49.21:949][  0]LogTexture:Display: Building textures: hullBooster_Mat_Ambient_occlusion (AutoDXT)
[2015.11.23-05.49.23:174][  0]LogTexture:Display: Building textures: hullBooster_Mat_Base_Color (AutoDXT)
[2015.11.23-05.49.26:880][  0]LogTexture:Display: Building textures: hullBooster_Mat_Metallic (AutoDXT)
[2015.11.23-05.49.29:273][  0]LogTexture:Display: Building textures: hullBooster_Mat_Normal_DirectX (BC5)
[2015.11.23-05.49.30:077][  0]LogTexture:Display: Building textures: hullBooster_Mat_Roughness (AutoDXT)
[2015.11.23-05.49.31:138][  0]LogTexture:Display: Building textures: dragomirAlphaEmissive (AutoDXT)
[2015.11.23-05.49.31:562][  0]LogMaterial: Missing cached shader map for material hullBooster_Mat, compiling. 
[2015.11.23-05.49.31:748][  0]LogTexture:Display: Building textures: frontClaws_Mat_Roughness (AutoDXT)
[2015.11.23-05.49.34:779][  0]LogTexture:Display: Building textures: frontClaws_Mat_Normal_DirectX (BC5)
[2015.11.23-05.49.35:833][  0]LogTexture:Display: Building textures: frontClaws_Mat_Metallic (AutoDXT)
[2015.11.23-05.49.38:509][  0]LogTexture:Display: Building textures: frontClaws_Mat_Base_Color (AutoDXT)
[2015.11.23-05.49.40:537][  0]LogTexture:Display: Building textures: frontClaws_Mat_Ambient_occlusion (AutoDXT)
[2015.11.23-05.49.41:618][  0]LogMaterial: Missing cached shader map for material frontClaws_Mat, compiling. 
[2015.11.23-05.49.41:658][  0]LogTexture:Display: Building textures: cockpit_Mat_Roughness (AutoDXT)
[2015.11.23-05.49.42:862][  0]LogTexture:Display: Building textures: cockpit_Mat_Normal_DirectX (BC5)
[2015.11.23-05.49.43:455][  0]LogTexture:Display: Building textures: cockpit_Mat_Metallic (AutoDXT)
[2015.11.23-05.49.45:204][  0]LogTexture:Display: Building textures: cockpit_Mat_Base_Color (AutoDXT)
[2015.11.23-05.49.46:437][  0]LogTexture:Display: Building textures: cockpit_Mat_Ambient_occlusion (AutoDXT)
[2015.11.23-05.49.47:315][  0]LogMaterial: Missing cached shader map for material cockpit_Mat, compiling. 
[2015.11.23-05.49.47:443][  0]LogTexture:Display: Building textures: kratakosShieldRam_Mat_low_Roughness (AutoDXT)
[2015.11.23-05.49.47:987][  0]LogTexture:Display: Building textures: kratakosShieldRam_Mat_low_Normal_DirectX (BC5)
[2015.11.23-05.49.48:611][  0]LogTexture:Display: Building textures: kratakosShieldRam_Mat_low_Metallic (AutoDXT)
[2015.11.23-05.49.49:490][  0]LogDerivedDataCache: FFileSystemDerivedDataBackend: Move collision, attempt at redundant update, OK C:/Users/Jin/AppData/Local/UnrealEngine/Common/DerivedDataCache/1/7/4/TEXTURE_814DCC3DC72143F49509781513CB9855_BC5_4BC5D19C42DE61B1F1CEA0BBE6134164___2F32251EE450658C1AC4F740C914FE227D2306BB.udd.
[2015.11.23-05.49.49:566][  0]LogTexture:Display: Building textures: kratakosShieldRam_Mat_low_Base_Color (AutoDXT)
[2015.11.23-05.49.50:576][  0]LogTexture:Display: Building textures: kratakosShieldRam_Mat_low_Ambient_occlusion (AutoDXT)
[2015.11.23-05.49.51:049][  0]LogMaterial: Missing cached shader map for material kratakosShieldRam_Mat_low, compiling. 
[2015.11.23-05.49.51:129][  0]LogTexture:Display: Building textures: kratakosHull_Mat_low_Roughness (AutoDXT)
[2015.11.23-05.49.54:015][  0]LogTexture:Display: Building textures: kratakosHull_Mat_low_Normal_DirectX (BC5)
[2015.11.23-05.49.54:804][  0]LogTexture:Display: Building textures: kratakosHull_Mat_low_Metallic (AutoDXT)
[2015.11.23-05.49.55:982][  0]LogTexture:Display: Building textures: kratakosHull_Mat_low_Base_Color (AutoDXT)
[2015.11.23-05.49.58:382][  0]LogTexture:Display: Building textures: kratakosHull_Mat_low_Ambient_occlusion (AutoDXT)
[2015.11.23-05.49.58:805][  0]LogMaterial: Missing cached shader map for material kratakosHull_Mat_low, compiling. 
[2015.11.23-05.49.58:839][  0]LogTexture:Display: Building textures: kratakosEngineandWeaponCrystals_Mat_low_Roughness (AutoDXT)
[2015.11.23-05.49.59:401][  0]LogTexture:Display: Building textures: kratakosEngineandWeaponCrystals_Mat_low_Normal_DirectX (BC5)
[2015.11.23-05.50.00:008][  0]LogTexture:Display: Building textures: kratakosEngineandWeaponCrystals_Mat_low_Metallic (AutoDXT)
[2015.11.23-05.50.01:015][  0]LogTexture:Display: Building textures: kratakosEngineandWeaponCrystals_Mat_low_Base_Color (AutoDXT)
[2015.11.23-05.50.02:148][  0]LogTexture:Display: Building textures: kratakosEngineandWeaponCrystals_Mat_low_Ambient_occlusion (AutoDXT)
[2015.11.23-05.50.02:609][  0]LogMaterial: Missing cached shader map for material kratakosEngineandWeaponCrystals_Mat_low, compiling. 
[2015.11.23-05.50.02:649][  0]LogTexture:Display: Building textures: kratakosCockpit_Mat_low_Roughness (AutoDXT)
[2015.11.23-05.50.03:607][  0]LogTexture:Display: Building textures: kratakosCockpit_Mat_low_Normal_DirectX (BC5)
[2015.11.23-05.50.04:204][  0]LogTexture:Display: Building textures: kratakosCockpit_Mat_low_Metallic (AutoDXT)
[2015.11.23-05.50.05:121][  0]LogTexture:Display: Building textures: kratakosCockpit_Mat_low_Base_Color (AutoDXT)
[2015.11.23-05.50.06:118][  0]LogTexture:Display: Building textures: kratakosCockpit_Mat_low_Ambient_occlusion (AutoDXT)
[2015.11.23-05.50.06:567][  0]LogMaterial: Missing cached shader map for material kratakosCockpit_Mat_low, compiling. 
[2015.11.23-05.50.07:066][  0]LogTexture:Display: Building textures: RearFins_Mat_Roughness (AutoDXT)
[2015.11.23-05.50.08:867][  0]LogTexture:Display: Building textures: RearFins_Mat_Normal_DirectX (BC5)
[2015.11.23-05.50.09:573][  0]LogTexture:Display: Building textures: RearFins_Mat_Metallic (AutoDXT)
[2015.11.23-05.50.10:793][  0]LogTexture:Display: Building textures: RearFins_Mat_Base_Color (AutoDXT)
[2015.11.23-05.50.12:331][  0]LogTexture:Display: Building textures: RearFins_Mat_Ambient_occlusion (AutoDXT)
[2015.11.23-05.50.13:395][  0]LogMaterial: Missing cached shader map for material RearFins_Mat, compiling. 
[2015.11.23-05.50.13:954][  0]LogTexture:Display: Building textures: Profile_DropUP (BGRA8)
[2015.11.23-05.50.14:652][  0]LogTexture:Display: Building textures: ProductionPoints_Base_Color (AutoDXT)
[2015.11.23-05.50.14:947][  0]LogAudioDerivedData:Display: Building compressed audio format OGG wave Kratakos_CombatMusic...
[2015.11.23-05.50.17:017][  0]LogAIModule: Creating AISystem for world Home_Kratakos
[2015.11.23-05.50.17:994][  0]LogEditorServer: Finished looking for orphan Actors (0.009 secs)
[2015.11.23-05.50.18:168][  0]Cmd: MAP CHECKDEP NOCLEARLOG
[2015.11.23-05.50.18:682][  0]MapCheck: Info Map check complete: 0 Error(s), 0 Warning(s), took 484.601ms to complete.
[2015.11.23-05.50.18:683][  0]LogFileHelpers: Loading map 'Home_Kratakos' took 74.726
[2015.11.23-05.50.21:001][  0]LogCollectionManager: Loaded 0 collections in 0.005874 seconds
[2015.11.23-05.50.21:230][  0]LogFileCache: Scanning file cache for directory 'C:/Users/Jin/Documents/GitHub/Game-Files/SuperSpaceArmada/Saved/Collections/' took 0.01s
[2015.11.23-05.50.21:230][  0]LogFileCache: Scanning file cache for directory 'C:/Users/Jin/Documents/GitHub/Game-Files/SuperSpaceArmada/Content/Developers/SGJin/Collections/' took 0.01s
[2015.11.23-05.50.21:230][  0]LogFileCache: Scanning file cache for directory 'C:/Users/Jin/Documents/GitHub/Game-Files/SuperSpaceArmada/Content/Collections/' took 0.01s
[2015.11.23-05.50.21:230][  0]LogContentBrowser: Native class hierarchy populated in 0.0595 seconds. Added 1882 classes and 339 folders.
[2015.11.23-05.50.21:360][  0]LogCollectionManager: Rebuilt the GUID cache for 0 collections in 0.000014 seconds
[2015.11.23-05.50.21:490][  0]LogContentBrowser: Native class hierarchy updated for 'WidgetCarousel' in 0.0005 seconds. Added 0 classes and 0 folders.
[2015.11.23-05.50.24:417][  0]LogContentBrowser: Native class hierarchy updated for 'AddContentDialog' in 0.0006 seconds. Added 0 classes and 0 folders.
[2015.11.23-05.50.24:563][  0]LogContentBrowser: Native class hierarchy updated for 'SceneOutliner' in 0.0006 seconds. Added 1 classes and 2 folders.
[2015.11.23-05.50.25:317][  0]LogCrashTracker: Crashtracker disabled due to settings.
[2015.11.23-05.50.25:535][  0]LogUObjectGlobals:Warning: Failed to find object 'Class None.'
[2015.11.23-05.50.25:606][  0]LogLoad: Full Startup: 89.05 seconds (BP compile: 2.41 seconds)
[2015.11.23-05.50.26:418][  0]LoadErrors:Error: Error /Game/SSA/Blueprints/Player : Failed import for Player_C /Game/SSA/Blueprints/Player/Player.Default__Player_C
[2015.11.23-05.50.27:389][  0]LogContentStreaming: Texture pool size now 1000 MB
[2015.11.23-05.50.28:341][  0]LogRenderer: Reallocating scene render targets to support 1156x564 (Frame:2).
[2015.11.23-05.51.07:724][ 34]LogAssetRegistry: Asset discovery search completed in 126.4811 seconds
[2015.11.23-05.51.07:724][ 34]LogCollectionManager: Rebuilt the object cache for 0 collections in 0.000001 seconds (found 0 objects)
[2015.11.23-05.51.07:724][ 34]LogCollectionManager: Fixed up redirectors for 0 collections in 0.000049 seconds (updated 0 objects)
[2015.11.23-05.51.10:482][ 35]LogEditorViewport: Clicking on Actor (LMB): BP_Sky_Sphere_C (SkySphereBlueprint)
[2015.11.23-05.51.12:848][105]LogActorComponent: UnregisterComponent: (/Engine/Transient.CharMoveComp) Not registered. Aborting.
[2015.11.23-05.51.12:848][105]LogActorComponent: UnregisterComponent: (/Engine/Transient.CharacterMovementComponent_0) Not registered. Aborting.
[2015.11.23-05.51.12:849][105]LogActorComponent: UnregisterComponent: (/Engine/Transient.CharacterMovementComponent_1) Not registered. Aborting.
[2015.11.23-05.51.12:849][105]LogActorComponent: UnregisterComponent: (/Engine/Transient.CharacterMovementComponent_2) Not registered. Aborting.
[2015.11.23-05.51.12:849][105]LogActorComponent: UnregisterComponent: (/Engine/Transient.CharacterMovementComponent_3) Not registered. Aborting.
[2015.11.23-05.51.12:850][105]LogActorComponent: UnregisterComponent: (/Engine/Transient.CharacterMovementComponent_4) Not registered. Aborting.
[2015.11.23-05.51.13:385][105]LogWindowsTextInputMethodSystem:Display: IME system now deactivated.
[2015.11.23-05.51.14:886][106]Cmd: QUIT_EDITOR
[2015.11.23-05.51.15:252][106]LogExit: Preparing to exit.
[2015.11.23-05.51.16:726][106]LogExit: Editor shut down
[2015.11.23-05.51.16:726][106]LogExit: Transaction tracking system shut down
[2015.11.23-05.51.16:775][106]LogParticles: Destroying 0 GPU particle simulations for FXSystem 0x000000824D640B80
[2015.11.23-05.51.16:775][106]LogParticles: Destroying 0 GPU particle simulations for FXSystem 0x000000824C9AF4C0
[2015.11.23-05.51.16:775][106]LogParticles: Destroying 0 GPU particle simulations for FXSystem 0x000000824C931E40
[2015.11.23-05.51.16:775][106]LogParticles: Destroying 0 GPU particle simulations for FXSystem 0x000000824E9380E0
[2015.11.23-05.51.16:776][106]LogParticles: Destroying 0 GPU particle simulations for FXSystem 0x000000824E5E3600
[2015.11.23-05.51.17:517][106]LogExit: Object subsystem successfully closed.
[2015.11.23-05.51.17:726][106]LogD3D11RHI: Shutdown
[2015.11.23-05.51.17:726][106]LogD3D11RHI: CleanupD3DDevice
[2015.11.23-05.51.17:888][106]LogD3D11RHI: ~FD3D11DynamicRHI
[2015.11.23-05.51.18:341][106]LogModuleManager: Shutting down and abandoning module CrashTracker (199)
[2015.11.23-05.51.18:341][106]LogModuleManager: Shutting down and abandoning module SceneOutliner (198)
[2015.11.23-05.51.18:341][106]LogModuleManager: Shutting down and abandoning module SuperSearch (197)
[2015.11.23-05.51.18:341][106]LogModuleManager: Shutting down and abandoning module WidgetCarousel (196)
[2015.11.23-05.51.18:341][106]LogModuleManager: Shutting down and abandoning module AddContentDialog (195)
[2015.11.23-05.51.18:342][106]LogModuleManager: Shutting down and abandoning module EditorWidgets (194)
[2015.11.23-05.51.18:342][106]LogModuleManager: Shutting down and abandoning module CollectionManager (193)
[2015.11.23-05.51.18:342][106]LogModuleManager: Shutting down and abandoning module StatsViewer (192)
[2015.11.23-05.51.18:344][106]LogModuleManager: Shutting down and abandoning module FoliageEdit (191)
[2015.11.23-05.51.18:357][106]LogModuleManager: Shutting down and abandoning module LandscapeEditor (190)
[2015.11.23-05.51.18:359][106]LogModuleManager: Shutting down and abandoning module ActorPickerMode (189)
[2015.11.23-05.51.18:359][106]LogModuleManager: Shutting down and abandoning module GeometryMode (188)
[2015.11.23-05.51.18:359][106]LogModuleManager: Shutting down and abandoning module TextureAlignMode (187)
[2015.11.23-05.51.18:359][106]LogModuleManager: Shutting down and abandoning module BspMode (186)
[2015.11.23-05.51.18:359][106]LogModuleManager: Shutting down and abandoning module PlacementMode (185)
[2015.11.23-05.51.18:359][106]LogModuleManager: Shutting down and abandoning module AutomationWorker (184)
[2015.11.23-05.51.18:375][106]LogModuleManager: Shutting down and abandoning module CharacterAI (183)
[2015.11.23-05.51.18:375][106]LogModuleManager: Shutting down and abandoning module SmartSnapping (182)
[2015.11.23-05.51.18:375][106]LogModuleManager: Shutting down and abandoning module ViewportSnapping (181)
[2015.11.23-05.51.18:375][106]LogModuleManager: Shutting down and abandoning module LogVisualizer (180)
[2015.11.23-05.51.18:394][106]LogModuleManager: Shutting down and abandoning module GameProjectGeneration (179)
[2015.11.23-05.51.18:394][106]LogModuleManager: Shutting down and abandoning module IntroTutorials (178)
[2015.11.23-05.51.18:410][106]LogModuleManager: Shutting down and abandoning module EditorLiveStreaming (177)
[2015.11.23-05.51.18:410][106]LogModuleManager: Shutting down and abandoning module IOSPlatformEditor (176)
[2015.11.23-05.51.18:417][106]LogModuleManager: Shutting down and abandoning module HTML5PlatformEditor (175)
[2015.11.23-05.51.18:417][106]LogModuleManager: Shutting down and abandoning module AndroidDeviceDetection (174)
[2015.11.23-05.51.18:863][106]LogModuleManager: Shutting down and abandoning module AndroidPlatformEditor (173)
[2015.11.23-05.51.18:863][106]LogModuleManager: Shutting down and abandoning module IOSRuntimeSettings (172)
[2015.11.23-05.51.18:863][106]LogModuleManager: Shutting down and abandoning module AndroidRuntimeSettings (171)
[2015.11.23-05.51.18:863][106]LogModuleManager: Shutting down and abandoning module MergeActors (170)
[2015.11.23-05.51.18:897][106]LogModuleManager: Shutting down and abandoning module SizeMap (169)
[2015.11.23-05.51.18:897][106]LogModuleManager: Shutting down and abandoning module TreeMap (168)
[2015.11.23-05.51.18:902][106]LogModuleManager: Shutting down and abandoning module ReferenceViewer (167)
[2015.11.23-05.51.18:902][106]LogModuleManager: Shutting down and abandoning module LocalizationService (166)
[2015.11.23-05.51.18:917][106]LogModuleManager: Shutting down and abandoning module LocalizationDashboard (165)
[2015.11.23-05.51.18:926][106]LogModuleManager: Shutting down and abandoning module HardwareTargeting (164)
[2015.11.23-05.51.18:926][106]LogModuleManager: Shutting down and abandoning module DeviceProfileEditor (163)
[2015.11.23-05.51.18:926][106]LogModuleManager: Shutting down and abandoning module UndoHistory (162)
[2015.11.23-05.51.18:931][106]LogModuleManager: Shutting down and abandoning module GameplayTagsEditor (161)
[2015.11.23-05.51.18:931][106]LogModuleManager: Shutting down and abandoning module UserFeedback (160)
[2015.11.23-05.51.18:931][106]LogModuleManager: Shutting down and abandoning module XmlParser (159)
[2015.11.23-05.51.18:932][106]LogModuleManager: Shutting down and abandoning module Blutility (158)
[2015.11.23-05.51.18:932][106]LogModuleManager: Shutting down and abandoning module ProjectTargetPlatformEditor (157)
[2015.11.23-05.51.18:939][106]LogModuleManager: Shutting down and abandoning module ProjectSettingsViewer (156)
[2015.11.23-05.51.18:939][106]LogModuleManager: Shutting down and abandoning module InputBindingEditor (155)
[2015.11.23-05.51.18:952][106]LogModuleManager: Shutting down and abandoning module EditorSettingsViewer (154)
[2015.11.23-05.51.18:952][106]LogModuleManager: Shutting down and abandoning module SettingsEditor (153)
[2015.11.23-05.51.18:961][106]LogModuleManager: Shutting down and abandoning module ProjectLauncher (152)
[2015.11.23-05.51.18:971][106]LogModuleManager: Shutting down and abandoning module SessionFrontend (151)
[2015.11.23-05.51.18:972][106]LogModuleManager: Shutting down and abandoning module ProfilerClient (150)
[2015.11.23-05.51.18:983][106]LogModuleManager: Shutting down and abandoning module TargetDeviceServices (149)
[2015.11.23-05.51.18:983][106]LogModuleManager: Shutting down and abandoning module DeviceManager (148)
[2015.11.23-05.51.18:984][106]LogModuleManager: Shutting down and abandoning module AutomationController (147)
[2015.11.23-05.51.18:991][106]LogModuleManager: Shutting down and abandoning module AutomationWindow (146)
[2015.11.23-05.51.18:991][106]LogModuleManager: Shutting down and abandoning module Layers (145)
[2015.11.23-05.51.18:998][106]LogModuleManager: Shutting down and abandoning module ComponentVisualizers (144)
[2015.11.23-05.51.18:998][106]LogModuleManager: Shutting down and abandoning module DetailCustomizations (143)
[2015.11.23-05.51.18:998][106]LogModuleManager: Shutting down and abandoning module PackagesDialog (142)
[2015.11.23-05.51.19:004][106]LogModuleManager: Shutting down and abandoning module Persona (141)
[2015.11.23-05.51.19:026][106]LogModuleManager: Shutting down and abandoning module Kismet (140)
[2015.11.23-05.51.19:026][106]LogModuleManager: Shutting down and abandoning module GraphEditor (139)
[2015.11.23-05.51.19:064][106]LogModuleManager: Shutting down and abandoning module ClassViewer (138)
[2015.11.23-05.51.19:065][106]LogModuleManager: Shutting down and abandoning module Toolbox (137)
[2015.11.23-05.51.19:065][106]LogModuleManager: Shutting down and abandoning module ModuleUI (136)
[2015.11.23-05.51.19:065][106]LogModuleManager: Shutting down and abandoning module MovieSceneTools (135)
[2015.11.23-05.51.19:065][106]LogModuleManager: Shutting down and abandoning module OutputLog (134)
[2015.11.23-05.51.19:071][106]LogModuleManager: Shutting down and abandoning module GammaUI (133)
[2015.11.23-05.51.19:071][106]LogModuleManager: Shutting down and abandoning module Documentation (132)
[2015.11.23-05.51.19:071][106]LogModuleManager: Shutting down and abandoning module GameLiveStreaming (131)
[2015.11.23-05.51.19:071][106]LogModuleManager: Shutting down and abandoning module StreamingPauseRendering (130)
[2015.11.23-05.51.19:082][106]LogModuleManager: Shutting down and abandoning module AnalyticsET (129)
[2015.11.23-05.51.19:082][106]LogModuleManager: Shutting down and abandoning module Analytics (128)
[2015.11.23-05.51.19:082][106]LogModuleManager: Shutting down and abandoning module AITestSuite (127)
[2015.11.23-05.51.19:083][106]LogModuleManager: Shutting down and abandoning module GameplayDebugger (126)
[2015.11.23-05.51.19:083][106]LogModuleManager: Shutting down and abandoning module AIModule (125)
[2015.11.23-05.51.19:083][106]LogModuleManager: Shutting down and abandoning module ProfilerService (124)
[2015.11.23-05.51.19:137][106]LogModuleManager: Shutting down and abandoning module TaskGraph (123)
[2015.11.23-05.51.19:147][106]LogModuleManager: Shutting down and abandoning module SubstanceEditor (122)
[2015.11.23-05.51.19:148][106]LogModuleManager: Shutting down and abandoning module SlateRemote (121)
[2015.11.23-05.51.19:148][106]LogModuleManager: Shutting down and abandoning module SteamVRController (120)
[2015.11.23-05.51.19:148][106]LogModuleManager: Shutting down and abandoning module SteamVR (119)
[2015.11.23-05.51.19:148][106]LogModuleManager: Shutting down and abandoning module ProceduralMeshComponent (118)
[2015.11.23-05.51.19:148][106]LogModuleManager: Shutting down and abandoning module OculusRift (117)
[2015.11.23-05.51.19:148][106]LogModuleManager: Shutting down and abandoning module OculusLibrary (116)
[2015.11.23-05.51.19:148][106]LogModuleManager: Shutting down and abandoning module LeapMotionController (115)
[2015.11.23-05.51.19:190][106]LogModuleManager: Shutting down and abandoning module CustomMeshComponent (114)
[2015.11.23-05.51.19:192][106]LogModuleManager: Shutting down and abandoning module CableComponent (113)
[2015.11.23-05.51.19:192][106]LogModuleManager: Shutting down and abandoning module ArchVisCharacter (112)
[2015.11.23-05.51.19:192][106]LogModuleManager: Shutting down and abandoning module MessagingDebugger (111)
[2015.11.23-05.51.19:222][106]LogModuleManager: Shutting down and abandoning module MediaPlayerEditor (110)
[2015.11.23-05.51.19:232][106]LogModuleManager: Shutting down and abandoning module HTML5Networking (109)
[2015.11.23-05.51.19:232][106]LogModuleManager: Shutting down and abandoning module SpeedTreeImporter (108)
[2015.11.23-05.51.19:232][106]LogModuleManager: Shutting down and abandoning module PluginBrowser (107)
[2015.11.23-05.51.19:246][106]LogModuleManager: Shutting down and abandoning module EpicSurvey (106)
[2015.11.23-05.51.19:246][106]LogModuleManager: Shutting down and abandoning module DesktopPlatform (105)
[2015.11.23-05.51.19:253][106]LogModuleManager: Shutting down and abandoning module VisualStudioSourceCodeAccess (104)
[2015.11.23-05.51.19:258][106]LogModuleManager: Shutting down and abandoning module UObjectPlugin (103)
[2015.11.23-05.51.19:258][106]LogModuleManager: Shutting down and abandoning module SubversionSourceControl (102)
[2015.11.23-05.51.19:264][106]LogModuleManager: Shutting down and abandoning module PerforceSourceControl (101)
[2015.11.23-05.51.19:271][106]LogModuleManager: Shutting down and abandoning module SourceControl (100)
[2015.11.23-05.51.19:285][106]LogModuleManager: Shutting down and abandoning module GitSourceControl (99)
[2015.11.23-05.51.19:297][106]LogModuleManager: Shutting down and abandoning module LightPropagationVolumeEditor (98)
[2015.11.23-05.51.19:297][106]LogModuleManager: Shutting down and abandoning module PaperTiledImporter (97)
[2015.11.23-05.51.19:301][106]LogModuleManager: Shutting down and abandoning module PaperSpriteSheetImporter (96)
[2015.11.23-05.51.19:301][106]LogModuleManager: Shutting down and abandoning module MeshPaint (95)
[2015.11.23-05.51.19:307][106]LogModuleManager: Shutting down and abandoning module SlateReflector (94)
[2015.11.23-05.51.19:320][106]LogModuleManager: Shutting down and abandoning module HotReload (93)
[2015.11.23-05.51.19:332][106]LogModuleManager: Shutting down and abandoning module MainFrame (92)
[2015.11.23-05.51.19:333][106]LogModuleManager: Shutting down and abandoning module LevelEditor (91)
[2015.11.23-05.51.19:339][106]LogModuleManager: Shutting down and abandoning module ContentBrowser (90)
[2015.11.23-05.51.19:340][106]LogModuleManager: Shutting down and abandoning module Paper2DEditor (89)
[2015.11.23-05.51.19:358][106]LogModuleManager: Shutting down and abandoning module UdpMessaging (88)
[2015.11.23-05.51.19:459][106]LogModuleManager: Shutting down and abandoning module DirectoryWatcher (87)
[2015.11.23-05.51.19:459][106]LogModuleManager: Shutting down and abandoning module AssetRegistry (86)
[2015.11.23-05.51.19:549][106]LogModuleManager: Shutting down and abandoning module SubstanceCore (85)
[2015.11.23-05.51.19:609][106]LogModuleManager: Shutting down and abandoning module LightPropagationVolumeRuntime (84)
[2015.11.23-05.51.19:609][106]LogModuleManager: Shutting down and abandoning module Paper2D (83)
[2015.11.23-05.51.19:624][106]LogModuleManager: Shutting down and abandoning module WindowsMoviePlayer (82)
[2015.11.23-05.51.19:629][106]LogModuleManager: Shutting down and abandoning module Media (81)
[2015.11.23-05.51.19:629][106]LogModuleManager: Shutting down and abandoning module WmfMedia (80)
[2015.11.23-05.51.19:629][106]LogModuleManager: Shutting down and abandoning module OnlineBlueprintSupport (79)
[2015.11.23-05.51.19:629][106]LogModuleManager: Shutting down and abandoning module GameplayTasksEditor (78)
[2015.11.23-05.51.19:629][106]LogModuleManager: Shutting down and abandoning module PropertyEditor (77)
[2015.11.23-05.51.19:630][106]LogModuleManager: Shutting down and abandoning module BehaviorTreeEditor (76)
[2015.11.23-05.51.19:631][106]LogModuleManager: Shutting down and abandoning module FunctionalTesting (75)
[2015.11.23-05.51.19:631][106]LogModuleManager: Shutting down and abandoning module CollisionAnalyzer (74)
[2015.11.23-05.51.19:654][106]LogModuleManager: Shutting down and abandoning module WorkspaceMenuStructure (73)
[2015.11.23-05.51.19:654][106]LogModuleManager: Shutting down and abandoning module MessageLog (72)
[2015.11.23-05.51.19:654][106]LogModuleManager: Shutting down and abandoning module Sequencer (71)
[2015.11.23-05.51.19:655][106]LogModuleManager: Shutting down and abandoning module AssetTools (70)
[2015.11.23-05.51.19:657][106]LogModuleManager: Shutting down and abandoning module UMGEditor (69)
[2015.11.23-05.51.19:687][106]LogModuleManager: Shutting down and abandoning module UMG (68)
[2015.11.23-05.51.19:688][106]LogModuleManager: Shutting down and abandoning module Slate (67)
[2015.11.23-05.51.19:688][106]LogModuleManager: Shutting down and abandoning module EditorStyle (66)
[2015.11.23-05.51.19:691][106]LogModuleManager: Shutting down and abandoning module SessionServices (65)
[2015.11.23-05.51.19:691][106]LogModuleManager: Shutting down and abandoning module SourceCodeAccess (64)
[2015.11.23-05.51.19:691][106]LogModuleManager: Shutting down and abandoning module HeadMountedDisplay (63)
[2015.11.23-05.51.19:691][106]LogModuleManager: Shutting down and abandoning module XAudio2 (62)
[2015.11.23-05.51.19:691][106]LogModuleManager: Shutting down and abandoning module Networking (60)
[2015.11.23-05.51.19:691][106]LogModuleManager: Shutting down and abandoning module Core (59)
[2015.11.23-05.51.19:691][106]LogModuleManager: Shutting down and abandoning module KismetCompiler (58)
[2015.11.23-05.51.19:691][106]LogModuleManager: Shutting down and abandoning module PhysXFormats (57)
[2015.11.23-05.51.19:703][106]LogModuleManager: Shutting down and abandoning module MeshUtilities (56)
[2015.11.23-05.51.19:718][106]LogModuleManager: Shutting down and abandoning module CookingStats (55)
[2015.11.23-05.51.19:722][106]LogModuleManager: Shutting down and abandoning module DerivedDataCache (54)
[2015.11.23-05.51.19:771][106]LogDerivedDataCache: Shutdown
[2015.11.23-05.51.19:771][106]LogModuleManager: Shutting down and abandoning module ShaderFormatOpenGL (53)
[2015.11.23-05.51.19:772][106]LogModuleManager: Shutting down and abandoning module ShaderFormatD3D (52)
[2015.11.23-05.51.19:785][106]LogModuleManager: Shutting down and abandoning module MetalShaderFormat (51)
[2015.11.23-05.51.19:786][106]LogModuleManager: Shutting down and abandoning module TextureFormatUncompressed (50)
[2015.11.23-05.51.19:786][106]LogModuleManager: Shutting down and abandoning module TextureFormatPVR (49)
[2015.11.23-05.51.19:786][106]LogModuleManager: Shutting down and abandoning module TextureFormatIntelISPCTexComp (48)
[2015.11.23-05.51.19:795][106]LogModuleManager: Shutting down and abandoning module TextureFormatDXT (47)
[2015.11.23-05.51.19:795][106]LogModuleManager: Shutting down and abandoning module ImageWrapper (46)
[2015.11.23-05.51.19:795][106]LogModuleManager: Shutting down and abandoning module TextureFormatASTC (45)
[2015.11.23-05.51.19:795][106]LogModuleManager: Shutting down and abandoning module TextureFormatAndroid (44)
[2015.11.23-05.51.19:795][106]LogModuleManager: Shutting down and abandoning module AudioFormatOpus (43)
[2015.11.23-05.51.19:795][106]LogModuleManager: Shutting down and abandoning module AudioFormatOgg (42)
[2015.11.23-05.51.19:807][106]LogModuleManager: Shutting down and abandoning module AudioFormatADPCM (41)
[2015.11.23-05.51.19:808][106]LogModuleManager: Shutting down and abandoning module LinuxTargetPlatform (40)
[2015.11.23-05.51.19:808][106]LogModuleManager: Shutting down and abandoning module LinuxServerTargetPlatform (39)
[2015.11.23-05.51.19:818][106]LogModuleManager: Shutting down and abandoning module LinuxNoEditorTargetPlatform (38)
[2015.11.23-05.51.19:818][106]LogModuleManager: Shutting down and abandoning module Messaging (37)
[2015.11.23-05.51.19:818][106]LogModuleManager: Shutting down and abandoning module IOSTargetPlatform (36)
[2015.11.23-05.51.19:818][106]LogModuleManager: Shutting down and abandoning module HTML5TargetPlatform (35)
[2015.11.23-05.51.19:818][106]LogModuleManager: Shutting down and abandoning module Android_PVRTCTargetPlatform (34)
[2015.11.23-05.51.19:819][106]LogModuleManager: Shutting down and abandoning module Android_ETC2TargetPlatform (33)
[2015.11.23-05.51.19:819][106]LogModuleManager: Shutting down and abandoning module Android_ETC1TargetPlatform (32)
[2015.11.23-05.51.19:829][106]LogModuleManager: Shutting down and abandoning module Android_DXTTargetPlatform (31)
[2015.11.23-05.51.19:830][106]LogModuleManager: Shutting down and abandoning module Android_ATCTargetPlatform (30)
[2015.11.23-05.51.19:837][106]LogModuleManager: Shutting down and abandoning module Android_ASTCTargetPlatform (29)
[2015.11.23-05.51.19:837][106]LogModuleManager: Shutting down and abandoning module AndroidTargetPlatform (28)
[2015.11.23-05.51.19:845][106]LogModuleManager: Shutting down and abandoning module WindowsTargetPlatform (27)
[2015.11.23-05.51.19:845][106]LogModuleManager: Shutting down and abandoning module WindowsServerTargetPlatform (26)
[2015.11.23-05.51.19:846][106]LogModuleManager: Shutting down and abandoning module WindowsNoEditorTargetPlatform (25)
[2015.11.23-05.51.19:853][106]LogModuleManager: Shutting down and abandoning module WindowsClientTargetPlatform (24)
[2015.11.23-05.51.19:853][106]LogModuleManager: Shutting down and abandoning module AllDesktopTargetPlatform (23)
[2015.11.23-05.51.19:860][106]LogModuleManager: Shutting down and abandoning module TargetPlatform (22)
[2015.11.23-05.51.19:860][106]LogModuleManager: Shutting down and abandoning module InputCore (21)
[2015.11.23-05.51.19:860][106]LogModuleManager: Shutting down and abandoning module Settings (20)
[2015.11.23-05.51.19:860][106]LogModuleManager: Shutting down and abandoning module OnlineSubsystem (18)
[2015.11.23-05.51.19:860][106]LogModuleManager: Shutting down and abandoning module HTTP (17)
[2015.11.23-05.51.21:863][106]LogModuleManager: Shutting down and abandoning module XMPP (16)
[2015.11.23-05.51.21:904][106]LogModuleManager: Shutting down and abandoning module ExampleDeviceProfileSelector (15)
[2015.11.23-05.51.21:904][106]LogModuleManager: Shutting down and abandoning module TextureCompressor (14)
[2015.11.23-05.51.21:904][106]LogModuleManager: Shutting down and abandoning module ShaderCore (13)
[2015.11.23-05.51.21:904][106]LogModuleManager: Shutting down and abandoning module Landscape (12)
[2015.11.23-05.51.21:904][106]LogModuleManager: Shutting down and abandoning module SlateRHIRenderer (11)
[2015.11.23-05.51.21:915][106]LogModuleManager: Shutting down and abandoning module OpenGLDrv (10)
[2015.11.23-05.51.21:915][106]LogModuleManager: Shutting down and abandoning module D3D11RHI (9)
[2015.11.23-05.51.21:915][106]LogModuleManager: Shutting down and abandoning module AnimGraphRuntime (8)
[2015.11.23-05.51.21:916][106]LogModuleManager: Shutting down and abandoning module Renderer (7)
[2015.11.23-05.51.21:916][106]LogModuleManager: Shutting down and abandoning module Engine (6)
[2015.11.23-05.51.21:916][106]LogModuleManager: Shutting down and abandoning module CoreUObject (5)
[2015.11.23-05.51.21:916][106]LogModuleManager: Shutting down and abandoning module NetworkFile (4)
[2015.11.23-05.51.21:929][106]LogModuleManager: Shutting down and abandoning module StreamingFile (3)
[2015.11.23-05.51.21:930][106]LogModuleManager: Shutting down and abandoning module SandboxFile (2)
[2015.11.23-05.51.21:930][106]LogModuleManager: Shutting down and abandoning module PakFile (1)
[2015.11.23-05.51.21:958][106]LogExit: Exiting.
[2015.11.23-05.51.21:963][106]Log file closed, 11/23/15 00:51:21
