[2015.10.19-00.31.10:699][  0]Log file open, 10/18/15 20:31:10
[2015.10.19-00.31.10:699][  0]LogInit:Display: Running engine for game: SuperSpaceArmada
[2015.10.19-00.31.10:699][  0]LogInit:Display: RandInit(-1156833092) SRandInit(-1156833092).
[2015.10.19-00.31.10:699][  0]LogTaskGraph: Started task graph with 4 named threads and 7 total threads.
[2015.10.19-00.31.10:699][  0]LogStats: Stats thread started at 0.079910
[2015.10.19-00.31.10:699][  0]LogInit: Version: 4.9.1-2689999+++depot+UE4-Releases+4.9
[2015.10.19-00.31.10:699][  0]LogInit: API Version: 2672455
[2015.10.19-00.31.10:699][  0]LogInit: Compiled (64-bit): Sep 14 2015 04:12:03
[2015.10.19-00.31.10:699][  0]LogInit: Compiled with Visual C++: 18.00.21005.01
[2015.10.19-00.31.10:699][  0]LogInit: Build Configuration: Development
[2015.10.19-00.31.10:699][  0]LogInit: Branch Name: ++depot+UE4-Releases+4.9
[2015.10.19-00.31.10:699][  0]LogInit: Command line:  
[2015.10.19-00.31.10:699][  0]LogInit: Base directory: C:/Program Files/Epic Games/4.9/Engine/Binaries/Win64/
[2015.10.19-00.31.10:699][  0]LogInit: Rocket: 1
[2015.10.19-00.31.10:711][  0]LogInit: Using libcurl 7.41.0
[2015.10.19-00.31.10:711][  0]LogInit:  - built for x86_64-pc-win32
[2015.10.19-00.31.10:711][  0]LogInit:  - supports SSL with WinSSL
[2015.10.19-00.31.10:711][  0]LogInit:  - other features:
[2015.10.19-00.31.10:711][  0]LogInit:      CURL_VERSION_SSL
[2015.10.19-00.31.10:711][  0]LogInit:      CURL_VERSION_IPV6
[2015.10.19-00.31.10:711][  0]LogInit:      CURL_VERSION_ASYNCHDNS
[2015.10.19-00.31.10:711][  0]LogInit:      CURL_VERSION_LARGEFILE
[2015.10.19-00.31.10:711][  0]LogInit:      CURL_VERSION_IDN
[2015.10.19-00.31.10:711][  0]LogInit:  CurlRequestOptions (configurable via config and command line):
[2015.10.19-00.31.10:711][  0]LogInit:  - bVerifyPeer = true  - Libcurl will verify peer certificate
[2015.10.19-00.31.10:711][  0]LogInit:  - bUseHttpProxy = false  - Libcurl will NOT use HTTP proxy
[2015.10.19-00.31.10:711][  0]LogInit:  - bDontReuseConnections = false  - Libcurl will reuse connections
[2015.10.19-00.31.10:711][  0]LogInit:  - CertBundlePath = nullptr  - Libcurl will use whatever was configured at build time.
[2015.10.19-00.31.10:720][  0]LogInit: Presizing for 0 objects not considered by GC, pre-allocating 0 bytes.
[2015.10.19-00.31.10:727][  0]LogInit: Object subsystem initialized
[2015.10.19-00.31.10:729][  0]LogInit: Selected Device Profile: [Windows]
[2015.10.19-00.31.10:729][  0]LogInit: Applying CVar settings loaded from the selected device profile: [Windows]
[2015.10.19-00.31.10:736][  0]LogInit: Computer: EXIA
[2015.10.19-00.31.10:736][  0]LogInit: User: SGJin
[2015.10.19-00.31.10:736][  0]LogInit: CPU Page size=4096, Cores=4
[2015.10.19-00.31.10:736][  0]LogInit: High frequency timer resolution =2.338346 MHz
[2015.10.19-00.31.10:736][  0]LogMemory: Memory total: Physical=7.9GB (8GB approx)
[2015.10.19-00.31.10:736][  0]LogMemory: Platform Memory Stats for Windows
[2015.10.19-00.31.10:736][  0]LogMemory: Process Physical Memory: 55.19 MB used, 55.19 MB peak
[2015.10.19-00.31.10:736][  0]LogMemory: Process Virtual Memory: 59.40 MB used, 59.40 MB peak
[2015.10.19-00.31.10:736][  0]LogMemory: Physical Memory: 4537.14 MB used, 8124.02 MB total
[2015.10.19-00.31.10:736][  0]LogMemory: Virtual Memory: 368.63 MB used, 134217728.00 MB total
[2015.10.19-00.31.10:782][  0]LogTextLocalizationManager: No specific translations for ('en-US') exist, so ('en') translations will be used.
[2015.10.19-00.31.11:506][  0]LogD3D11RHI: Found D3D11 adapter 0: NVIDIA GeForce GT 740M          (Feature Level 11_0)
[2015.10.19-00.31.11:506][  0]LogD3D11RHI: Adapter has 1997MB of dedicated video memory, 0MB of dedicated system memory, and 4062MB of shared system memory, 2 output[s]
[2015.10.19-00.31.11:512][  0]LogD3D11RHI: Found D3D11 adapter 1: Intel(R) HD Graphics 4600 (Feature Level 11_0)
[2015.10.19-00.31.11:512][  0]LogD3D11RHI: Adapter has 112MB of dedicated video memory, 0MB of dedicated system memory, and 4062MB of shared system memory, 0 output[s]
[2015.10.19-00.31.11:513][  0]LogD3D11RHI: Found D3D11 adapter 2: Microsoft Basic Render Driver (Feature Level 11_0)
[2015.10.19-00.31.11:513][  0]LogD3D11RHI: Adapter has 0MB of dedicated video memory, 0MB of dedicated system memory, and 4062MB of shared system memory, 0 output[s]
[2015.10.19-00.31.11:513][  0]LogD3D11RHI: Chosen D3D11 Adapter Id = 0
[2015.10.19-00.31.11:518][  0]LogD3D11RHI: !Direct3DDevice
[2015.10.19-00.31.11:518][  0]LogRHI: Texture pool is 1361 MB (70% of 1945 MB)
[2015.10.19-00.31.11:532][  0]LogD3D11RHI: Async texture creation enabled
[2015.10.19-00.31.11:548][  0]LogShaderCompilers: Guid format shader working directory is 14 characters bigger than the processId version (../../../../../../Users/Jin/Documents/GitHub/Game-Files/SuperSpaceArmada/Intermediate/Shaders/WorkingDirectory/17660/).
[2015.10.19-00.31.11:548][  0]LogShaderCompilers: Cleaned the shader compiler working directory '../../../../../../Users/Jin/Documents/GitHub/Game-Files/SuperSpaceArmada/Intermediate/Shaders/tmp/8BC9F3434A303CFA85884E85F3D8D5E5/'.
[2015.10.19-00.31.11:548][  0]LogShaderCompilers:Display: Using Local Shader Compiler.
[2015.10.19-00.31.12:780][  0]LogTemp:Display: Loaded TP AllDesktopTargetPlatform
[2015.10.19-00.31.12:786][  0]LogTemp:Display: Loaded TP WindowsClientTargetPlatform
[2015.10.19-00.31.12:793][  0]LogTemp:Display: Loaded TP WindowsNoEditorTargetPlatform
[2015.10.19-00.31.12:799][  0]LogTemp:Display: Loaded TP WindowsServerTargetPlatform
[2015.10.19-00.31.12:805][  0]LogTemp:Display: Loaded TP WindowsTargetPlatform
[2015.10.19-00.31.12:809][  0]LogTemp:Display: Loaded TP AndroidTargetPlatform
[2015.10.19-00.31.12:812][  0]LogTemp:Display: Loaded TP Android_ASTCTargetPlatform
[2015.10.19-00.31.12:816][  0]LogTemp:Display: Loaded TP Android_ATCTargetPlatform
[2015.10.19-00.31.12:820][  0]LogTemp:Display: Loaded TP Android_DXTTargetPlatform
[2015.10.19-00.31.12:823][  0]LogTemp:Display: Loaded TP Android_ETC1TargetPlatform
[2015.10.19-00.31.12:827][  0]LogTemp:Display: Loaded TP Android_ETC2TargetPlatform
[2015.10.19-00.31.12:831][  0]LogTemp:Display: Loaded TP Android_PVRTCTargetPlatform
[2015.10.19-00.31.12:832][  0]LogTemp:Display: Loaded TP HTML5TargetPlatform
[2015.10.19-00.31.12:851][  0]LogTemp:Display: Loaded TP IOSTargetPlatform
[2015.10.19-00.31.12:854][  0]LogTemp:Display: Loaded TP LinuxNoEditorTargetPlatform
[2015.10.19-00.31.12:858][  0]LogTemp:Display: Loaded TP LinuxServerTargetPlatform
[2015.10.19-00.31.12:862][  0]LogTemp:Display: Loaded TP LinuxTargetPlatform
[2015.10.19-00.31.12:862][  0]LogTargetPlatformManager:Display: Building Assets For Windows
[2015.10.19-00.31.13:050][  0]LogDerivedDataCache:Display: Max Cache Size: 512 MB
[2015.10.19-00.31.13:489][  0]LogDerivedDataCache: Loaded boot cache 0.44s 41MB C:/Users/Jin/AppData/Local/UnrealEngine/4.9/DerivedDataCache/Boot.ddc.
[2015.10.19-00.31.13:489][  0]LogDerivedDataCache:Display: Loaded Boot cache: C:/Users/Jin/AppData/Local/UnrealEngine/4.9/DerivedDataCache/Boot.ddc
[2015.10.19-00.31.13:489][  0]LogDerivedDataCache: FDerivedDataBackendGraph:  Pak pak cache file ../../../../../../Users/Jin/Documents/GitHub/Game-Files/SuperSpaceArmada/DerivedDataCache/DDC.ddp not found, will not use a pak cache.
[2015.10.19-00.31.13:489][  0]LogDerivedDataCache: Unable to find inner node Pak for hierarchical cache Hierarchy.
[2015.10.19-00.31.13:489][  0]LogDerivedDataCache: FDerivedDataBackendGraph:  CompressedPak pak cache file ../../../../../../Users/Jin/Documents/GitHub/Game-Files/SuperSpaceArmada/DerivedDataCache/Compressed.ddp not found, will not use a pak cache.
[2015.10.19-00.31.13:489][  0]LogDerivedDataCache: Unable to find inner node CompressedPak for hierarchical cache Hierarchy.
[2015.10.19-00.31.13:624][  0]LogDerivedDataCache:Display: Pak cache opened for reading ../../../Engine/DerivedDataCache/Compressed.ddp.
[2015.10.19-00.31.13:635][  0]LogDerivedDataCache: Using Local data cache path C:/Users/Jin/AppData/Local/UnrealEngine/Common/DerivedDataCache: Writable
[2015.10.19-00.31.15:253][  0]LogInit: Selected Device Profile: [Windows]
[2015.10.19-00.31.15:255][  0]LogContentStreaming: Texture pool size is 0.000000MB
[2015.10.19-00.31.15:378][  0]LogMeshUtilities: No automatic mesh reduction module available
[2015.10.19-00.31.15:378][  0]LogMeshUtilities: No automatic mesh merging module available
[2015.10.19-00.31.15:630][  0]LogInit: WinSock: version 1.1 (2.2), MaxSocks=32767, MaxUdp=65467
[2015.10.19-00.31.36:409][  0]LogAssetRegistry: FAssetRegistry took 0.0110 seconds to start up
[2015.10.19-00.31.36:427][  0]UdpMessaging: Initializing bridge on interface 0.0.0.0:0 to multicast group 230.0.0.1:6666.
[2015.10.19-00.31.37:028][  0]SourceControl: Info Source control is disabled
[2015.10.19-00.31.37:573][  0]SourceControl: Info Source control is disabled
[2015.10.19-00.31.37:587][  0]SourceControl: Info Source control is disabled
[2015.10.19-00.31.37:600][  0]SourceControl: Info Source control is disabled
[2015.10.19-00.31.38:115][  0]LogLinker:Warning: Asset '../../../Engine/Plugins/Runtime/LeapMotionController/Content/LM_PassthroughMaterial.uasset' has been saved with empty engine version. The asset will be loaded but may be incompatible.
[2015.10.19-00.31.38:227][  0]LogObj: 28528 objects as part of root set at end of initial load.
[2015.10.19-00.31.38:227][  0]LogUObjectAllocator: 6068464 out of 0 bytes used by permanent object pool.
[2015.10.19-00.31.38:312][  0]LogEngine: Initializing Engine...
[2015.10.19-00.31.38:316][  0]LogHMD: Can't find Oculus library dev build: is proper Runtime installed? Version: 0.7.0.0
[2015.10.19-00.31.38:316][  0]LogHMD: SteamVR failed to initialize.  Err: 110
[2015.10.19-00.31.38:439][  0]LogAIModule: Creating AISystem for world NewWorld
[2015.10.19-00.31.38:449][  0]LogInit: XAudio2 using 'Panasonic-TV (Intel(R) Display Audio)' : 2 channels at 48 kHz using 16 bits per sample (channel mask 0x3)
[2015.10.19-00.31.38:462][  0]LogInit: FAudioDevice initialized.
[2015.10.19-00.31.38:483][  0]LogDerivedDataCache: Saved boot cache 0.02s 41MB C:/Users/Jin/AppData/Local/UnrealEngine/4.9/DerivedDataCache/Boot.ddc.
[2015.10.19-00.31.38:486][  0]LogInit: Texture streaming: Enabled
[2015.10.19-00.31.38:493][  0]LogAnalytics: Creating configured Analytics provider AnalyticsET
[2015.10.19-00.31.38:493][  0]LogAnalytics: [UEEditor.Rocket.Release] APIServer = http://et2.epicgames.com/ET2/. AppVersion = 4.9.1-2689999+++depot+UE4-Releases+4.9
[2015.10.19-00.31.38:493][  0]LogAnalytics: [UEEditor.Rocket.Release] SetUserId 435ea4a8489b84c6f4feaab84cbae6c8|e03effeb7bdf4ddc9c712682a578c51b|8a2a019e-36d5-4c55-97e1-833141022920
[2015.10.19-00.31.38:493][  0]LogAnalytics: [UEEditor.Rocket.Release] AnalyticsET::StartSession
[2015.10.19-00.31.38:507][  0]LogWindowsTextInputMethodSystem:Display: IME system now deactivated.
[2015.10.19-00.31.38:821][  0]LogInit: Transaction tracking system initialized
[2015.10.19-00.31.38:859][  0]BlueprintLog: New page: Editor Load
[2015.10.19-00.31.38:965][  0]LocalizationService: Info Localization service is disabled
[2015.10.19-00.31.39:314][  0]LogConsoleResponse:Display: 
[2015.10.19-00.31.39:438][  0]LogCook:Display: Done creating registry. It took  0.00s.
[2015.10.19-00.31.39:727][  0]LogFileCache: Scanning file cache for directory 'C:/Users/Jin/Documents/GitHub/Game-Files/SuperSpaceArmada/Content/' took 0.02s
[2015.10.19-00.31.39:727][  0]SourceControl: Info Source control is disabled
[2015.10.19-00.31.39:727][  0]Cmd: MAP LOAD FILE="../../../../../../Users/Jin/Documents/GitHub/Game-Files/SuperSpaceArmada/Content/TopDownBP/Maps/TopDownExampleMap.umap" TEMPLATE=0 SHOWPROGRESS=1 FEATURELEVEL=3
[2015.10.19-00.31.39:728][  0]LogEditorServer:Warning: Can't find file '../../../../../../Users/Jin/Documents/GitHub/Game-Files/SuperSpaceArmada/Content/TopDownBP/Maps/TopDownExampleMap.umap'
[2015.10.19-00.31.39:728][  0]Cmd: MAP CHECKDEP NOCLEARLOG
[2015.10.19-00.31.39:803][  0]MapCheck: Info Map check complete: 0 Error(s), 0 Warning(s), took 75.331ms to complete.
[2015.10.19-00.31.39:803][  0]LogFileHelpers: Loading map 'TopDownExampleMap' took 0.076
[2015.10.19-00.31.39:987][  0]LogCollectionManager: Loaded 0 collections in 0.004614 seconds
[2015.10.19-00.31.40:028][  0]LogFileCache: Scanning file cache for directory 'C:/Users/Jin/Documents/GitHub/Game-Files/SuperSpaceArmada/Saved/Collections/' took 0.01s
[2015.10.19-00.31.40:028][  0]LogFileCache: Scanning file cache for directory 'C:/Users/Jin/Documents/GitHub/Game-Files/SuperSpaceArmada/Content/Developers/SGJin/Collections/' took 0.01s
[2015.10.19-00.31.40:028][  0]LogFileCache: Scanning file cache for directory 'C:/Users/Jin/Documents/GitHub/Game-Files/SuperSpaceArmada/Content/Collections/' took 0.01s
[2015.10.19-00.31.40:028][  0]LogContentBrowser: Native class hierarchy populated in 0.0067 seconds. Added 1882 classes and 339 folders.
[2015.10.19-00.31.40:037][  0]LogCollectionManager: Rebuilt the GUID cache for 0 collections in 0.000003 seconds
[2015.10.19-00.31.40:044][  0]LogContentBrowser: Native class hierarchy updated for 'WidgetCarousel' in 0.0003 seconds. Added 0 classes and 0 folders.
[2015.10.19-00.31.41:117][  0]LogContentBrowser: Native class hierarchy updated for 'AddContentDialog' in 0.0004 seconds. Added 0 classes and 0 folders.
[2015.10.19-00.31.41:122][  0]LogContentBrowser: Native class hierarchy updated for 'SceneOutliner' in 0.0003 seconds. Added 1 classes and 2 folders.
[2015.10.19-00.31.41:143][  0]LogCrashTracker: Crashtracker disabled due to settings.
[2015.10.19-00.31.41:148][  0]LogUObjectGlobals:Warning: Failed to find object 'Class None.'
[2015.10.19-00.31.41:170][  0]LogLoad: Full Startup: 31.06 seconds (BP compile: 0.00 seconds)
[2015.10.19-00.31.41:231][  0]LogContentStreaming: Texture pool size now 1000 MB
[2015.10.19-00.31.41:355][  0]LogRenderer: Reallocating scene render targets to support 1156x564 (Frame:2).
[2015.10.19-00.31.41:548][  3]LogAssetRegistry: Asset discovery search completed in 5.1494 seconds
[2015.10.19-00.31.41:548][  3]LogCollectionManager: Rebuilt the object cache for 0 collections in 0.000001 seconds (found 0 objects)
[2015.10.19-00.31.41:548][  3]LogCollectionManager: Fixed up redirectors for 0 collections in 0.000029 seconds (updated 0 objects)
[2015.10.19-00.32.35:317][540]LogLinker:Warning: Asset '../../../../../../Users/Jin/Documents/GitHub/Game-Files/SuperSpaceArmada/Content/Mannequin/Animations/ThirdPerson_AnimBP.uasset' has been saved with empty engine version. The asset will be loaded but may be incompatible.
[2015.10.19-00.32.35:321][540]LogLinker:Warning: Asset '../../../../../../Users/Jin/Documents/GitHub/Game-Files/SuperSpaceArmada/Content/Mannequin/Animations/ThirdPerson_Jump.uasset' has been saved with empty engine version. The asset will be loaded but may be incompatible.
[2015.10.19-00.32.35:325][540]LogLinker:Warning: Asset '../../../../../../Users/Jin/Documents/GitHub/Game-Files/SuperSpaceArmada/Content/Mannequin/Animations/ThirdPersonJump_Loop.uasset' has been saved with empty engine version. The asset will be loaded but may be incompatible.
[2015.10.19-00.32.35:328][540]LogLinker:Warning: Asset '../../../../../../Users/Jin/Documents/GitHub/Game-Files/SuperSpaceArmada/Content/Mannequin/Animations/ThirdPersonJump_Start.uasset' has been saved with empty engine version. The asset will be loaded but may be incompatible.
[2015.10.19-00.32.35:331][540]LogLinker:Warning: Asset '../../../../../../Users/Jin/Documents/GitHub/Game-Files/SuperSpaceArmada/Content/Mannequin/Animations/ThirdPerson_IdleRun_2D.uasset' has been saved with empty engine version. The asset will be loaded but may be incompatible.
[2015.10.19-00.32.35:332][540]LogLinker:Warning: Asset '../../../../../../Users/Jin/Documents/GitHub/Game-Files/SuperSpaceArmada/Content/Mannequin/Animations/ThirdPersonIdle.uasset' has been saved with empty engine version. The asset will be loaded but may be incompatible.
[2015.10.19-00.32.35:334][540]LogLinker:Warning: Asset '../../../../../../Users/Jin/Documents/GitHub/Game-Files/SuperSpaceArmada/Content/Mannequin/Animations/ThirdPersonRun.uasset' has been saved with empty engine version. The asset will be loaded but may be incompatible.
[2015.10.19-00.32.35:337][540]LogLinker:Warning: Asset '../../../../../../Users/Jin/Documents/GitHub/Game-Files/SuperSpaceArmada/Content/Mannequin/Animations/ThirdPersonWalk.uasset' has been saved with empty engine version. The asset will be loaded but may be incompatible.
[2015.10.19-00.32.38:349][540]LogLinker:Warning: Asset '../../../Engine/Content/ArtTools/RenderToTexture/Macros/RenderToTextureMacros.uasset' has been saved with empty engine version. The asset will be loaded but may be incompatible.
[2015.10.19-00.32.38:823][540]LogContentBrowser: Native class hierarchy updated for 'BlueprintGraph' in 0.0007 seconds. Added 107 classes and 0 folders.
[2015.10.19-00.32.53:633][334]LogActorComponent: UnregisterComponent: (/Engine/Transient.CharMoveComp) Not registered. Aborting.
[2015.10.19-00.32.53:634][334]LogActorComponent: UnregisterComponent: (/Engine/Transient.CharacterMovementComponent_0) Not registered. Aborting.
[2015.10.19-00.32.57:776][477]LogActorComponent: UnregisterComponent: (/Engine/Transient.CharacterMovementComponent_1) Not registered. Aborting.
[2015.10.19-00.33.00:914][477]LogWindowsTextInputMethodSystem:Display: IME system now deactivated.
[2015.10.19-00.33.01:232][478]Cmd: QUIT_EDITOR
[2015.10.19-00.33.01:484][478]LogExit: Preparing to exit.
[2015.10.19-00.33.02:610][478]LogExit: Editor shut down
[2015.10.19-00.33.02:611][478]LogParticles: Destroying 0 GPU particle simulations for FXSystem 0x000000FB25D59620
[2015.10.19-00.33.02:611][478]LogExit: Transaction tracking system shut down
[2015.10.19-00.33.02:612][478]LogParticles: Destroying 0 GPU particle simulations for FXSystem 0x000000FB14683600
[2015.10.19-00.33.02:612][478]LogParticles: Destroying 0 GPU particle simulations for FXSystem 0x000000FB34750F40
[2015.10.19-00.33.02:614][478]LogParticles: Destroying 0 GPU particle simulations for FXSystem 0x000000FB51545A80
[2015.10.19-00.33.02:616][478]LogParticles: Destroying 0 GPU particle simulations for FXSystem 0x000000FB5900BA60
[2015.10.19-00.33.02:618][478]LogParticles: Destroying 0 GPU particle simulations for FXSystem 0x000000FB03481BC0
[2015.10.19-00.33.02:809][478]LogExit: Object subsystem successfully closed.
[2015.10.19-00.33.02:819][478]LogD3D11RHI: Shutdown
[2015.10.19-00.33.02:819][478]LogD3D11RHI: CleanupD3DDevice
[2015.10.19-00.33.02:883][478]LogD3D11RHI: ~FD3D11DynamicRHI
[2015.10.19-00.33.02:924][478]LogModuleManager: Shutting down and abandoning module BlueprintGraph (199)
[2015.10.19-00.33.02:924][478]LogModuleManager: Shutting down and abandoning module CrashTracker (198)
[2015.10.19-00.33.02:924][478]LogModuleManager: Shutting down and abandoning module SceneOutliner (197)
[2015.10.19-00.33.02:924][478]LogModuleManager: Shutting down and abandoning module SuperSearch (196)
[2015.10.19-00.33.02:924][478]LogModuleManager: Shutting down and abandoning module WidgetCarousel (195)
[2015.10.19-00.33.02:924][478]LogModuleManager: Shutting down and abandoning module AddContentDialog (194)
[2015.10.19-00.33.02:925][478]LogModuleManager: Shutting down and abandoning module EditorWidgets (193)
[2015.10.19-00.33.02:925][478]LogModuleManager: Shutting down and abandoning module CollectionManager (192)
[2015.10.19-00.33.02:925][478]LogModuleManager: Shutting down and abandoning module FoliageEdit (191)
[2015.10.19-00.33.02:925][478]LogModuleManager: Shutting down and abandoning module LandscapeEditor (190)
[2015.10.19-00.33.02:925][478]LogModuleManager: Shutting down and abandoning module ActorPickerMode (189)
[2015.10.19-00.33.02:925][478]LogModuleManager: Shutting down and abandoning module GeometryMode (188)
[2015.10.19-00.33.02:925][478]LogModuleManager: Shutting down and abandoning module TextureAlignMode (187)
[2015.10.19-00.33.02:925][478]LogModuleManager: Shutting down and abandoning module BspMode (186)
[2015.10.19-00.33.02:926][478]LogModuleManager: Shutting down and abandoning module PlacementMode (185)
[2015.10.19-00.33.02:926][478]LogModuleManager: Shutting down and abandoning module AutomationWorker (184)
[2015.10.19-00.33.02:926][478]LogModuleManager: Shutting down and abandoning module CharacterAI (183)
[2015.10.19-00.33.02:926][478]LogModuleManager: Shutting down and abandoning module SmartSnapping (182)
[2015.10.19-00.33.02:926][478]LogModuleManager: Shutting down and abandoning module ViewportSnapping (181)
[2015.10.19-00.33.02:926][478]LogModuleManager: Shutting down and abandoning module LogVisualizer (180)
[2015.10.19-00.33.02:940][478]LogModuleManager: Shutting down and abandoning module GameProjectGeneration (179)
[2015.10.19-00.33.02:940][478]LogModuleManager: Shutting down and abandoning module IntroTutorials (178)
[2015.10.19-00.33.02:940][478]LogModuleManager: Shutting down and abandoning module EditorLiveStreaming (177)
[2015.10.19-00.33.02:940][478]LogModuleManager: Shutting down and abandoning module IOSPlatformEditor (176)
[2015.10.19-00.33.02:940][478]LogModuleManager: Shutting down and abandoning module HTML5PlatformEditor (175)
[2015.10.19-00.33.02:940][478]LogModuleManager: Shutting down and abandoning module AndroidDeviceDetection (174)
[2015.10.19-00.33.03:110][478]LogModuleManager: Shutting down and abandoning module AndroidPlatformEditor (173)
[2015.10.19-00.33.03:110][478]LogModuleManager: Shutting down and abandoning module IOSRuntimeSettings (172)
[2015.10.19-00.33.03:110][478]LogModuleManager: Shutting down and abandoning module AndroidRuntimeSettings (171)
[2015.10.19-00.33.03:110][478]LogModuleManager: Shutting down and abandoning module MergeActors (170)
[2015.10.19-00.33.03:110][478]LogModuleManager: Shutting down and abandoning module SizeMap (169)
[2015.10.19-00.33.03:110][478]LogModuleManager: Shutting down and abandoning module TreeMap (168)
[2015.10.19-00.33.03:110][478]LogModuleManager: Shutting down and abandoning module ReferenceViewer (167)
[2015.10.19-00.33.03:110][478]LogModuleManager: Shutting down and abandoning module LocalizationService (166)
[2015.10.19-00.33.03:110][478]LogModuleManager: Shutting down and abandoning module LocalizationDashboard (165)
[2015.10.19-00.33.03:110][478]LogModuleManager: Shutting down and abandoning module HardwareTargeting (164)
[2015.10.19-00.33.03:110][478]LogModuleManager: Shutting down and abandoning module DeviceProfileEditor (163)
[2015.10.19-00.33.03:110][478]LogModuleManager: Shutting down and abandoning module UndoHistory (162)
[2015.10.19-00.33.03:110][478]LogModuleManager: Shutting down and abandoning module GameplayTagsEditor (161)
[2015.10.19-00.33.03:110][478]LogModuleManager: Shutting down and abandoning module UserFeedback (160)
[2015.10.19-00.33.03:110][478]LogModuleManager: Shutting down and abandoning module XmlParser (159)
[2015.10.19-00.33.03:110][478]LogModuleManager: Shutting down and abandoning module Blutility (158)
[2015.10.19-00.33.03:110][478]LogModuleManager: Shutting down and abandoning module ProjectTargetPlatformEditor (157)
[2015.10.19-00.33.03:110][478]LogModuleManager: Shutting down and abandoning module ProjectSettingsViewer (156)
[2015.10.19-00.33.03:110][478]LogModuleManager: Shutting down and abandoning module InputBindingEditor (155)
[2015.10.19-00.33.03:110][478]LogModuleManager: Shutting down and abandoning module EditorSettingsViewer (154)
[2015.10.19-00.33.03:110][478]LogModuleManager: Shutting down and abandoning module SettingsEditor (153)
[2015.10.19-00.33.03:110][478]LogModuleManager: Shutting down and abandoning module ProjectLauncher (152)
[2015.10.19-00.33.03:110][478]LogModuleManager: Shutting down and abandoning module SessionFrontend (151)
[2015.10.19-00.33.03:110][478]LogModuleManager: Shutting down and abandoning module ProfilerClient (150)
[2015.10.19-00.33.03:110][478]LogModuleManager: Shutting down and abandoning module TargetDeviceServices (149)
[2015.10.19-00.33.03:110][478]LogModuleManager: Shutting down and abandoning module DeviceManager (148)
[2015.10.19-00.33.03:111][478]LogModuleManager: Shutting down and abandoning module AutomationController (147)
[2015.10.19-00.33.03:111][478]LogModuleManager: Shutting down and abandoning module AutomationWindow (146)
[2015.10.19-00.33.03:111][478]LogModuleManager: Shutting down and abandoning module Layers (145)
[2015.10.19-00.33.03:111][478]LogModuleManager: Shutting down and abandoning module ComponentVisualizers (144)
[2015.10.19-00.33.03:111][478]LogModuleManager: Shutting down and abandoning module DetailCustomizations (143)
[2015.10.19-00.33.03:111][478]LogModuleManager: Shutting down and abandoning module PackagesDialog (142)
[2015.10.19-00.33.03:111][478]LogModuleManager: Shutting down and abandoning module Persona (141)
[2015.10.19-00.33.03:111][478]LogModuleManager: Shutting down and abandoning module Kismet (140)
[2015.10.19-00.33.03:111][478]LogModuleManager: Shutting down and abandoning module GraphEditor (139)
[2015.10.19-00.33.03:111][478]LogModuleManager: Shutting down and abandoning module ClassViewer (138)
[2015.10.19-00.33.03:111][478]LogModuleManager: Shutting down and abandoning module Toolbox (137)
[2015.10.19-00.33.03:111][478]LogModuleManager: Shutting down and abandoning module ModuleUI (136)
[2015.10.19-00.33.03:111][478]LogModuleManager: Shutting down and abandoning module MovieSceneTools (135)
[2015.10.19-00.33.03:111][478]LogModuleManager: Shutting down and abandoning module OutputLog (134)
[2015.10.19-00.33.03:111][478]LogModuleManager: Shutting down and abandoning module GammaUI (133)
[2015.10.19-00.33.03:111][478]LogModuleManager: Shutting down and abandoning module Documentation (132)
[2015.10.19-00.33.03:111][478]LogModuleManager: Shutting down and abandoning module GameLiveStreaming (131)
[2015.10.19-00.33.03:111][478]LogModuleManager: Shutting down and abandoning module StreamingPauseRendering (130)
[2015.10.19-00.33.03:111][478]LogModuleManager: Shutting down and abandoning module AnalyticsET (129)
[2015.10.19-00.33.03:111][478]LogModuleManager: Shutting down and abandoning module Analytics (128)
[2015.10.19-00.33.03:111][478]LogModuleManager: Shutting down and abandoning module AITestSuite (127)
[2015.10.19-00.33.03:111][478]LogModuleManager: Shutting down and abandoning module GameplayDebugger (126)
[2015.10.19-00.33.03:111][478]LogModuleManager: Shutting down and abandoning module AIModule (125)
[2015.10.19-00.33.03:111][478]LogModuleManager: Shutting down and abandoning module ProfilerService (124)
[2015.10.19-00.33.03:352][478]LogModuleManager: Shutting down and abandoning module TaskGraph (123)
[2015.10.19-00.33.03:352][478]LogModuleManager: Shutting down and abandoning module SubstanceEditor (122)
[2015.10.19-00.33.03:352][478]LogModuleManager: Shutting down and abandoning module SlateRemote (121)
[2015.10.19-00.33.03:352][478]LogModuleManager: Shutting down and abandoning module SteamVRController (120)
[2015.10.19-00.33.03:352][478]LogModuleManager: Shutting down and abandoning module SteamVR (119)
[2015.10.19-00.33.03:352][478]LogModuleManager: Shutting down and abandoning module ProceduralMeshComponent (118)
[2015.10.19-00.33.03:352][478]LogModuleManager: Shutting down and abandoning module OculusRift (117)
[2015.10.19-00.33.03:352][478]LogModuleManager: Shutting down and abandoning module OculusLibrary (116)
[2015.10.19-00.33.03:352][478]LogModuleManager: Shutting down and abandoning module LeapMotionController (115)
[2015.10.19-00.33.03:368][478]LogModuleManager: Shutting down and abandoning module CustomMeshComponent (114)
[2015.10.19-00.33.03:368][478]LogModuleManager: Shutting down and abandoning module CableComponent (113)
[2015.10.19-00.33.03:368][478]LogModuleManager: Shutting down and abandoning module ArchVisCharacter (112)
[2015.10.19-00.33.03:368][478]LogModuleManager: Shutting down and abandoning module MessagingDebugger (111)
[2015.10.19-00.33.03:397][478]LogModuleManager: Shutting down and abandoning module MediaPlayerEditor (110)
[2015.10.19-00.33.03:397][478]LogModuleManager: Shutting down and abandoning module HTML5Networking (109)
[2015.10.19-00.33.03:398][478]LogModuleManager: Shutting down and abandoning module SpeedTreeImporter (108)
[2015.10.19-00.33.03:398][478]LogModuleManager: Shutting down and abandoning module PluginBrowser (107)
[2015.10.19-00.33.03:398][478]LogModuleManager: Shutting down and abandoning module EpicSurvey (106)
[2015.10.19-00.33.03:398][478]LogModuleManager: Shutting down and abandoning module DesktopPlatform (105)
[2015.10.19-00.33.03:398][478]LogModuleManager: Shutting down and abandoning module VisualStudioSourceCodeAccess (104)
[2015.10.19-00.33.03:398][478]LogModuleManager: Shutting down and abandoning module UObjectPlugin (103)
[2015.10.19-00.33.03:398][478]LogModuleManager: Shutting down and abandoning module SubversionSourceControl (102)
[2015.10.19-00.33.03:398][478]LogModuleManager: Shutting down and abandoning module PerforceSourceControl (101)
[2015.10.19-00.33.03:398][478]LogModuleManager: Shutting down and abandoning module SourceControl (100)
[2015.10.19-00.33.03:398][478]LogModuleManager: Shutting down and abandoning module GitSourceControl (99)
[2015.10.19-00.33.03:398][478]LogModuleManager: Shutting down and abandoning module LightPropagationVolumeEditor (98)
[2015.10.19-00.33.03:398][478]LogModuleManager: Shutting down and abandoning module PaperTiledImporter (97)
[2015.10.19-00.33.03:398][478]LogModuleManager: Shutting down and abandoning module PaperSpriteSheetImporter (96)
[2015.10.19-00.33.03:398][478]LogModuleManager: Shutting down and abandoning module MeshPaint (95)
[2015.10.19-00.33.03:398][478]LogModuleManager: Shutting down and abandoning module SlateReflector (94)
[2015.10.19-00.33.03:398][478]LogModuleManager: Shutting down and abandoning module HotReload (93)
[2015.10.19-00.33.03:398][478]LogModuleManager: Shutting down and abandoning module MainFrame (92)
[2015.10.19-00.33.03:398][478]LogModuleManager: Shutting down and abandoning module LevelEditor (91)
[2015.10.19-00.33.03:399][478]LogModuleManager: Shutting down and abandoning module ContentBrowser (90)
[2015.10.19-00.33.03:400][478]LogModuleManager: Shutting down and abandoning module Paper2DEditor (89)
[2015.10.19-00.33.03:400][478]LogModuleManager: Shutting down and abandoning module UdpMessaging (88)
[2015.10.19-00.33.03:501][478]LogModuleManager: Shutting down and abandoning module DirectoryWatcher (87)
[2015.10.19-00.33.03:501][478]LogModuleManager: Shutting down and abandoning module AssetRegistry (86)
[2015.10.19-00.33.03:569][478]LogModuleManager: Shutting down and abandoning module SubstanceCore (85)
[2015.10.19-00.33.03:569][478]LogModuleManager: Shutting down and abandoning module LightPropagationVolumeRuntime (84)
[2015.10.19-00.33.03:569][478]LogModuleManager: Shutting down and abandoning module Paper2D (83)
[2015.10.19-00.33.03:569][478]LogModuleManager: Shutting down and abandoning module WindowsMoviePlayer (82)
[2015.10.19-00.33.03:572][478]LogModuleManager: Shutting down and abandoning module Media (81)
[2015.10.19-00.33.03:572][478]LogModuleManager: Shutting down and abandoning module WmfMedia (80)
[2015.10.19-00.33.03:572][478]LogModuleManager: Shutting down and abandoning module OnlineBlueprintSupport (79)
[2015.10.19-00.33.03:572][478]LogModuleManager: Shutting down and abandoning module GameplayTasksEditor (78)
[2015.10.19-00.33.03:572][478]LogModuleManager: Shutting down and abandoning module PropertyEditor (77)
[2015.10.19-00.33.03:572][478]LogModuleManager: Shutting down and abandoning module BehaviorTreeEditor (76)
[2015.10.19-00.33.03:572][478]LogModuleManager: Shutting down and abandoning module FunctionalTesting (75)
[2015.10.19-00.33.03:572][478]LogModuleManager: Shutting down and abandoning module CollisionAnalyzer (74)
[2015.10.19-00.33.03:572][478]LogModuleManager: Shutting down and abandoning module WorkspaceMenuStructure (73)
[2015.10.19-00.33.03:572][478]LogModuleManager: Shutting down and abandoning module MessageLog (72)
[2015.10.19-00.33.03:572][478]LogModuleManager: Shutting down and abandoning module Sequencer (71)
[2015.10.19-00.33.03:572][478]LogModuleManager: Shutting down and abandoning module AssetTools (70)
[2015.10.19-00.33.03:572][478]LogModuleManager: Shutting down and abandoning module UMGEditor (69)
[2015.10.19-00.33.03:572][478]LogModuleManager: Shutting down and abandoning module UMG (68)
[2015.10.19-00.33.03:572][478]LogModuleManager: Shutting down and abandoning module Slate (67)
[2015.10.19-00.33.03:572][478]LogModuleManager: Shutting down and abandoning module EditorStyle (66)
[2015.10.19-00.33.03:575][478]LogModuleManager: Shutting down and abandoning module SessionServices (65)
[2015.10.19-00.33.03:575][478]LogModuleManager: Shutting down and abandoning module SourceCodeAccess (64)
[2015.10.19-00.33.03:575][478]LogModuleManager: Shutting down and abandoning module HeadMountedDisplay (63)
[2015.10.19-00.33.03:575][478]LogModuleManager: Shutting down and abandoning module XAudio2 (62)
[2015.10.19-00.33.03:575][478]LogModuleManager: Shutting down and abandoning module Networking (60)
[2015.10.19-00.33.03:575][478]LogModuleManager: Shutting down and abandoning module Core (59)
[2015.10.19-00.33.03:575][478]LogModuleManager: Shutting down and abandoning module KismetCompiler (58)
[2015.10.19-00.33.03:575][478]LogModuleManager: Shutting down and abandoning module PhysXFormats (57)
[2015.10.19-00.33.03:575][478]LogModuleManager: Shutting down and abandoning module MeshUtilities (56)
[2015.10.19-00.33.03:575][478]LogModuleManager: Shutting down and abandoning module CookingStats (55)
[2015.10.19-00.33.03:576][478]LogModuleManager: Shutting down and abandoning module DerivedDataCache (54)
[2015.10.19-00.33.03:719][478]LogDerivedDataCache: Shutdown
[2015.10.19-00.33.03:719][478]LogModuleManager: Shutting down and abandoning module ShaderFormatOpenGL (53)
[2015.10.19-00.33.03:719][478]LogModuleManager: Shutting down and abandoning module ShaderFormatD3D (52)
[2015.10.19-00.33.03:719][478]LogModuleManager: Shutting down and abandoning module MetalShaderFormat (51)
[2015.10.19-00.33.03:719][478]LogModuleManager: Shutting down and abandoning module TextureFormatUncompressed (50)
[2015.10.19-00.33.03:719][478]LogModuleManager: Shutting down and abandoning module TextureFormatPVR (49)
[2015.10.19-00.33.03:719][478]LogModuleManager: Shutting down and abandoning module TextureFormatIntelISPCTexComp (48)
[2015.10.19-00.33.03:719][478]LogModuleManager: Shutting down and abandoning module TextureFormatDXT (47)
[2015.10.19-00.33.03:719][478]LogModuleManager: Shutting down and abandoning module ImageWrapper (46)
[2015.10.19-00.33.03:719][478]LogModuleManager: Shutting down and abandoning module TextureFormatASTC (45)
[2015.10.19-00.33.03:719][478]LogModuleManager: Shutting down and abandoning module TextureFormatAndroid (44)
[2015.10.19-00.33.03:719][478]LogModuleManager: Shutting down and abandoning module AudioFormatOpus (43)
[2015.10.19-00.33.03:719][478]LogModuleManager: Shutting down and abandoning module AudioFormatOgg (42)
[2015.10.19-00.33.03:719][478]LogModuleManager: Shutting down and abandoning module AudioFormatADPCM (41)
[2015.10.19-00.33.03:719][478]LogModuleManager: Shutting down and abandoning module LinuxTargetPlatform (40)
[2015.10.19-00.33.03:719][478]LogModuleManager: Shutting down and abandoning module LinuxServerTargetPlatform (39)
[2015.10.19-00.33.03:753][478]LogModuleManager: Shutting down and abandoning module LinuxNoEditorTargetPlatform (38)
[2015.10.19-00.33.03:762][478]LogModuleManager: Shutting down and abandoning module Messaging (37)
[2015.10.19-00.33.03:762][478]LogModuleManager: Shutting down and abandoning module IOSTargetPlatform (36)
[2015.10.19-00.33.03:762][478]LogModuleManager: Shutting down and abandoning module HTML5TargetPlatform (35)
[2015.10.19-00.33.03:762][478]LogModuleManager: Shutting down and abandoning module Android_PVRTCTargetPlatform (34)
[2015.10.19-00.33.03:762][478]LogModuleManager: Shutting down and abandoning module Android_ETC2TargetPlatform (33)
[2015.10.19-00.33.03:762][478]LogModuleManager: Shutting down and abandoning module Android_ETC1TargetPlatform (32)
[2015.10.19-00.33.03:762][478]LogModuleManager: Shutting down and abandoning module Android_DXTTargetPlatform (31)
[2015.10.19-00.33.03:762][478]LogModuleManager: Shutting down and abandoning module Android_ATCTargetPlatform (30)
[2015.10.19-00.33.03:762][478]LogModuleManager: Shutting down and abandoning module Android_ASTCTargetPlatform (29)
[2015.10.19-00.33.03:762][478]LogModuleManager: Shutting down and abandoning module AndroidTargetPlatform (28)
[2015.10.19-00.33.03:762][478]LogModuleManager: Shutting down and abandoning module WindowsTargetPlatform (27)
[2015.10.19-00.33.03:762][478]LogModuleManager: Shutting down and abandoning module WindowsServerTargetPlatform (26)
[2015.10.19-00.33.03:778][478]LogModuleManager: Shutting down and abandoning module WindowsNoEditorTargetPlatform (25)
[2015.10.19-00.33.03:788][478]LogModuleManager: Shutting down and abandoning module WindowsClientTargetPlatform (24)
[2015.10.19-00.33.03:799][478]LogModuleManager: Shutting down and abandoning module AllDesktopTargetPlatform (23)
[2015.10.19-00.33.03:799][478]LogModuleManager: Shutting down and abandoning module TargetPlatform (22)
[2015.10.19-00.33.03:799][478]LogModuleManager: Shutting down and abandoning module InputCore (21)
[2015.10.19-00.33.03:799][478]LogModuleManager: Shutting down and abandoning module Settings (20)
[2015.10.19-00.33.03:799][478]LogModuleManager: Shutting down and abandoning module OnlineSubsystem (18)
[2015.10.19-00.33.03:799][478]LogModuleManager: Shutting down and abandoning module HTTP (17)
[2015.10.19-00.33.04:801][478]LogModuleManager: Shutting down and abandoning module XMPP (16)
[2015.10.19-00.33.04:801][478]LogModuleManager: Shutting down and abandoning module ExampleDeviceProfileSelector (15)
[2015.10.19-00.33.04:801][478]LogModuleManager: Shutting down and abandoning module TextureCompressor (14)
[2015.10.19-00.33.04:801][478]LogModuleManager: Shutting down and abandoning module ShaderCore (13)
[2015.10.19-00.33.04:801][478]LogModuleManager: Shutting down and abandoning module Landscape (12)
[2015.10.19-00.33.04:801][478]LogModuleManager: Shutting down and abandoning module SlateRHIRenderer (11)
[2015.10.19-00.33.04:802][478]LogModuleManager: Shutting down and abandoning module OpenGLDrv (10)
[2015.10.19-00.33.04:802][478]LogModuleManager: Shutting down and abandoning module D3D11RHI (9)
[2015.10.19-00.33.04:802][478]LogModuleManager: Shutting down and abandoning module AnimGraphRuntime (8)
[2015.10.19-00.33.04:802][478]LogModuleManager: Shutting down and abandoning module Renderer (7)
[2015.10.19-00.33.04:802][478]LogModuleManager: Shutting down and abandoning module Engine (6)
[2015.10.19-00.33.04:802][478]LogModuleManager: Shutting down and abandoning module CoreUObject (5)
[2015.10.19-00.33.04:802][478]LogModuleManager: Shutting down and abandoning module NetworkFile (4)
[2015.10.19-00.33.04:802][478]LogModuleManager: Shutting down and abandoning module StreamingFile (3)
[2015.10.19-00.33.04:802][478]LogModuleManager: Shutting down and abandoning module SandboxFile (2)
[2015.10.19-00.33.04:802][478]LogModuleManager: Shutting down and abandoning module PakFile (1)
[2015.10.19-00.33.04:803][478]LogExit: Exiting.
[2015.10.19-00.33.04:804][478]Log file closed, 10/18/15 20:33:04
