[2015.11.23-18.49.00:730][  0]Log file open, 11/23/15 13:49:00
[2015.11.23-18.49.00:730][  0]LogInit:Display: Running engine for game: SuperSpaceArmada
[2015.11.23-18.49.00:730][  0]LogInit:Display: RandInit(-778590660) SRandInit(-778590660).
[2015.11.23-18.49.00:730][  0]LogTaskGraph: Started task graph with 4 named threads and 5 total threads.
[2015.11.23-18.49.00:730][  0]LogStats: Stats thread started at 0.077744
[2015.11.23-18.49.00:730][  0]LogInit: Version: 4.9.1-2689999+++depot+UE4-Releases+4.9
[2015.11.23-18.49.00:730][  0]LogInit: API Version: 2672455
[2015.11.23-18.49.00:730][  0]LogInit: Compiled (64-bit): Sep 14 2015 04:12:03
[2015.11.23-18.49.00:730][  0]LogInit: Compiled with Visual C++: 18.00.21005.01
[2015.11.23-18.49.00:730][  0]LogInit: Build Configuration: Development
[2015.11.23-18.49.00:730][  0]LogInit: Branch Name: ++depot+UE4-Releases+4.9
[2015.11.23-18.49.00:730][  0]LogInit: Command line:  
[2015.11.23-18.49.00:730][  0]LogInit: Base directory: C:/Program Files/Epic Games/4.9/Engine/Binaries/Win64/
[2015.11.23-18.49.00:730][  0]LogInit: Rocket: 1
[2015.11.23-18.49.00:758][  0]LogInit: Using libcurl 7.41.0
[2015.11.23-18.49.00:758][  0]LogInit:  - built for x86_64-pc-win32
[2015.11.23-18.49.00:758][  0]LogInit:  - supports SSL with WinSSL
[2015.11.23-18.49.00:758][  0]LogInit:  - other features:
[2015.11.23-18.49.00:758][  0]LogInit:      CURL_VERSION_SSL
[2015.11.23-18.49.00:758][  0]LogInit:      CURL_VERSION_IPV6
[2015.11.23-18.49.00:758][  0]LogInit:      CURL_VERSION_ASYNCHDNS
[2015.11.23-18.49.00:758][  0]LogInit:      CURL_VERSION_LARGEFILE
[2015.11.23-18.49.00:758][  0]LogInit:      CURL_VERSION_IDN
[2015.11.23-18.49.00:759][  0]LogInit:  CurlRequestOptions (configurable via config and command line):
[2015.11.23-18.49.00:759][  0]LogInit:  - bVerifyPeer = true  - Libcurl will verify peer certificate
[2015.11.23-18.49.00:759][  0]LogInit:  - bUseHttpProxy = false  - Libcurl will NOT use HTTP proxy
[2015.11.23-18.49.00:759][  0]LogInit:  - bDontReuseConnections = false  - Libcurl will reuse connections
[2015.11.23-18.49.00:759][  0]LogInit:  - CertBundlePath = nullptr  - Libcurl will use whatever was configured at build time.
[2015.11.23-18.49.00:771][  0]LogInit: Presizing for 0 objects not considered by GC, pre-allocating 0 bytes.
[2015.11.23-18.49.00:789][  0]LogInit: Object subsystem initialized
[2015.11.23-18.49.00:791][  0]LogInit: Selected Device Profile: [Windows]
[2015.11.23-18.49.00:791][  0]LogInit: Applying CVar settings loaded from the selected device profile: [Windows]
[2015.11.23-18.49.00:805][  0]LogInit: Computer: PERSONAL-PC
[2015.11.23-18.49.00:805][  0]LogInit: User: MEnrique
[2015.11.23-18.49.00:805][  0]LogInit: CPU Page size=4096, Cores=2
[2015.11.23-18.49.00:805][  0]LogInit: High frequency timer resolution =2.338339 MHz
[2015.11.23-18.49.00:805][  0]LogMemory: Memory total: Physical=15.9GB (16GB approx)
[2015.11.23-18.49.00:805][  0]LogMemory: Platform Memory Stats for Windows
[2015.11.23-18.49.00:805][  0]LogMemory: Process Physical Memory: 53.75 MB used, 53.75 MB peak
[2015.11.23-18.49.00:805][  0]LogMemory: Process Virtual Memory: 55.28 MB used, 55.28 MB peak
[2015.11.23-18.49.00:805][  0]LogMemory: Physical Memory: 4552.27 MB used, 16299.39 MB total
[2015.11.23-18.49.00:805][  0]LogMemory: Virtual Memory: 350.72 MB used, 134217728.00 MB total
[2015.11.23-18.49.00:858][  0]LogTextLocalizationManager: No specific translations for ('en-US') exist, so ('en') translations will be used.
[2015.11.23-18.49.01:998][  0]LogD3D11RHI: Found D3D11 adapter 0: NVIDIA GeForce 940M          (Feature Level 11_0)
[2015.11.23-18.49.01:998][  0]LogD3D11RHI: Adapter has 1972MB of dedicated video memory, 0MB of dedicated system memory, and 2048MB of shared system memory, 1 output[s]
[2015.11.23-18.49.02:032][  0]LogD3D11RHI: Found D3D11 adapter 1: Intel(R) HD Graphics 5500 (Feature Level 11_0)
[2015.11.23-18.49.02:032][  0]LogD3D11RHI: Adapter has 0MB of dedicated video memory, 0MB of dedicated system memory, and 3839MB of shared system memory, 0 output[s]
[2015.11.23-18.49.02:034][  0]LogD3D11RHI: Found D3D11 adapter 2: Microsoft Basic Render Driver (Feature Level 11_0)
[2015.11.23-18.49.02:034][  0]LogD3D11RHI: Adapter has 0MB of dedicated video memory, 0MB of dedicated system memory, and 256MB of shared system memory, 0 output[s]
[2015.11.23-18.49.02:034][  0]LogD3D11RHI: Chosen D3D11 Adapter Id = 0
[2015.11.23-18.49.02:040][  0]LogD3D11RHI: !Direct3DDevice
[2015.11.23-18.49.02:040][  0]LogRHI: Texture pool is 1361 MB (70% of 1945 MB)
[2015.11.23-18.49.02:058][  0]LogD3D11RHI: Async texture creation enabled
[2015.11.23-18.49.02:078][  0]LogShaderCompilers: Guid format shader working directory is 15 characters bigger than the processId version (../../../../../../Users/MEnrique/Documents/GitHub/Game-Files/SuperSpaceArmada/Intermediate/Shaders/WorkingDirectory/5932/).
[2015.11.23-18.49.02:078][  0]LogShaderCompilers: Cleaned the shader compiler working directory '../../../../../../Users/MEnrique/Documents/GitHub/Game-Files/SuperSpaceArmada/Intermediate/Shaders/tmp/9CDE0B024C561F3344F52AA7A3640D7A/'.
[2015.11.23-18.49.02:078][  0]LogShaderCompilers:Display: Using Local Shader Compiler.
[2015.11.23-18.49.03:759][  0]LogTemp:Display: Loaded TP AllDesktopTargetPlatform
[2015.11.23-18.49.03:767][  0]LogTemp:Display: Loaded TP WindowsClientTargetPlatform
[2015.11.23-18.49.03:776][  0]LogTemp:Display: Loaded TP WindowsNoEditorTargetPlatform
[2015.11.23-18.49.03:784][  0]LogTemp:Display: Loaded TP WindowsServerTargetPlatform
[2015.11.23-18.49.03:793][  0]LogTemp:Display: Loaded TP WindowsTargetPlatform
[2015.11.23-18.49.03:799][  0]LogTemp:Display: Loaded TP AndroidTargetPlatform
[2015.11.23-18.49.03:806][  0]LogTemp:Display: Loaded TP Android_ASTCTargetPlatform
[2015.11.23-18.49.03:813][  0]LogTemp:Display: Loaded TP Android_ATCTargetPlatform
[2015.11.23-18.49.03:820][  0]LogTemp:Display: Loaded TP Android_DXTTargetPlatform
[2015.11.23-18.49.03:827][  0]LogTemp:Display: Loaded TP Android_ETC1TargetPlatform
[2015.11.23-18.49.03:834][  0]LogTemp:Display: Loaded TP Android_ETC2TargetPlatform
[2015.11.23-18.49.03:841][  0]LogTemp:Display: Loaded TP Android_PVRTCTargetPlatform
[2015.11.23-18.49.03:843][  0]LogTemp:Display: Loaded TP HTML5TargetPlatform
[2015.11.23-18.49.03:869][  0]LogTemp:Display: Loaded TP IOSTargetPlatform
[2015.11.23-18.49.03:878][  0]LogTemp:Display: Loaded TP LinuxNoEditorTargetPlatform
[2015.11.23-18.49.03:884][  0]LogTemp:Display: Loaded TP LinuxServerTargetPlatform
[2015.11.23-18.49.03:892][  0]LogTemp:Display: Loaded TP LinuxTargetPlatform
[2015.11.23-18.49.03:892][  0]LogTargetPlatformManager:Display: Building Assets For Windows
[2015.11.23-18.49.04:057][  0]LogDerivedDataCache:Display: Max Cache Size: 512 MB
[2015.11.23-18.49.04:134][  0]LogDerivedDataCache: Loaded boot cache 0.08s 41MB C:/Users/MEnrique/AppData/Local/UnrealEngine/4.9/DerivedDataCache/Boot.ddc.
[2015.11.23-18.49.04:134][  0]LogDerivedDataCache:Display: Loaded Boot cache: C:/Users/MEnrique/AppData/Local/UnrealEngine/4.9/DerivedDataCache/Boot.ddc
[2015.11.23-18.49.04:134][  0]LogDerivedDataCache: FDerivedDataBackendGraph:  Pak pak cache file ../../../../../../Users/MEnrique/Documents/GitHub/Game-Files/SuperSpaceArmada/DerivedDataCache/DDC.ddp not found, will not use a pak cache.
[2015.11.23-18.49.04:134][  0]LogDerivedDataCache: Unable to find inner node Pak for hierarchical cache Hierarchy.
[2015.11.23-18.49.04:134][  0]LogDerivedDataCache: FDerivedDataBackendGraph:  CompressedPak pak cache file ../../../../../../Users/MEnrique/Documents/GitHub/Game-Files/SuperSpaceArmada/DerivedDataCache/Compressed.ddp not found, will not use a pak cache.
[2015.11.23-18.49.04:134][  0]LogDerivedDataCache: Unable to find inner node CompressedPak for hierarchical cache Hierarchy.
[2015.11.23-18.49.04:400][  0]LogDerivedDataCache:Display: Pak cache opened for reading ../../../Engine/DerivedDataCache/Compressed.ddp.
[2015.11.23-18.49.04:413][  0]LogDerivedDataCache: Using Local data cache path C:/Users/MEnrique/AppData/Local/UnrealEngine/Common/DerivedDataCache: Writable
[2015.11.23-18.49.04:676][  0]LogInit: Selected Device Profile: [Windows]
[2015.11.23-18.49.04:680][  0]LogContentStreaming: Texture pool size is 0.000000MB
[2015.11.23-18.49.04:874][  0]LogMeshUtilities: No automatic mesh reduction module available
[2015.11.23-18.49.04:874][  0]LogMeshUtilities: No automatic mesh merging module available
[2015.11.23-18.49.05:301][  0]LogInit: WinSock: version 1.1 (2.2), MaxSocks=32767, MaxUdp=65467
[2015.11.23-18.49.06:405][  0]LogAssetRegistry: FAssetRegistry took 0.0114 seconds to start up
[2015.11.23-18.49.06:431][  0]UdpMessaging: Initializing bridge on interface 0.0.0.0:0 to multicast group 230.0.0.1:6666.
[2015.11.23-18.49.06:844][  0]SourceControl: Info Source control is disabled
[2015.11.23-18.49.06:867][  0]SourceControl: Info Source control is disabled
[2015.11.23-18.49.06:892][  0]SourceControl: Info Source control is disabled
[2015.11.23-18.49.06:910][  0]SourceControl: Info Source control is disabled
[2015.11.23-18.49.07:163][  0]LogLinker:Warning: Asset '../../../Engine/Plugins/Runtime/LeapMotionController/Content/LM_PassthroughMaterial.uasset' has been saved with empty engine version. The asset will be loaded but may be incompatible.
[2015.11.23-18.49.07:375][  0]LogObj: 28528 objects as part of root set at end of initial load.
[2015.11.23-18.49.07:375][  0]LogUObjectAllocator: 6068456 out of 0 bytes used by permanent object pool.
[2015.11.23-18.49.07:458][  0]LogEngine: Initializing Engine...
[2015.11.23-18.49.07:461][  0]LogHMD: Can't find Oculus library dev build: is proper Runtime installed? Version: 0.7.0.0
[2015.11.23-18.49.07:463][  0]LogHMD: SteamVR failed to initialize.  Err: 110
[2015.11.23-18.49.07:659][  0]LogAIModule: Creating AISystem for world NewWorld
[2015.11.23-18.49.07:665][  0]LogInit: XAudio2 using 'Speaker/HP (Realtek High Definition Audio)' : 2 channels at 48 kHz using 32 bits per sample (channel mask 0x3)
[2015.11.23-18.49.07:894][  0]LogInit: FAudioDevice initialized.
[2015.11.23-18.49.07:920][  0]LogDerivedDataCache: Saved boot cache 0.03s 41MB C:/Users/MEnrique/AppData/Local/UnrealEngine/4.9/DerivedDataCache/Boot.ddc.
[2015.11.23-18.49.07:925][  0]LogInit: Texture streaming: Enabled
[2015.11.23-18.49.07:936][  0]LogAnalytics: Creating configured Analytics provider AnalyticsET
[2015.11.23-18.49.07:936][  0]LogAnalytics: [UEEditor.Rocket.Release] APIServer = http://et2.epicgames.com/ET2/. AppVersion = 4.9.1-2689999+++depot+UE4-Releases+4.9
[2015.11.23-18.49.07:937][  0]LogAnalytics: [UEEditor.Rocket.Release] SetUserId 90a4bcb3439f64e419d9378050b206b3|656f284bf5d54f8f9452234d119bf9d4|9a3458ae-8410-4c63-b423-f9054b45c157
[2015.11.23-18.49.07:937][  0]LogAnalytics: [UEEditor.Rocket.Release] AnalyticsET::StartSession
[2015.11.23-18.49.07:955][  0]LogWindowsTextInputMethodSystem:Display: IME system now deactivated.
[2015.11.23-18.49.07:955][  0]LogWindowsTextInputMethodSystem:Display: IME system now deactivated.
[2015.11.23-18.49.07:984][  0]LogInit: Transaction tracking system initialized
[2015.11.23-18.49.08:073][  0]BlueprintLog: New page: Editor Load
[2015.11.23-18.49.08:256][  0]LocalizationService: Info Localization service is disabled
[2015.11.23-18.49.08:400][  0]LogConsoleResponse:Display: 
[2015.11.23-18.49.08:634][  0]LogCook:Display: Done creating registry. It took  0.00s.
[2015.11.23-18.49.08:757][  0]LogFileCache: Scanning file cache for directory 'C:/Users/MEnrique/Documents/GitHub/Game-Files/SuperSpaceArmada/Content/' took 0.03s
[2015.11.23-18.49.08:757][  0]SourceControl: Info Source control is disabled
[2015.11.23-18.49.08:757][  0]Cmd: MAP LOAD FILE="../../../../../../Users/MEnrique/Documents/GitHub/Game-Files/SuperSpaceArmada/Content/SSA/Maps/Home_Kratakos.umap" TEMPLATE=0 SHOWPROGRESS=1 FEATURELEVEL=3
[2015.11.23-18.49.08:758][  0]LightingResults: New page: Lighting Build
[2015.11.23-18.49.08:765][  0]MapCheck: New page: Map Check
[2015.11.23-18.49.08:765][  0]LightingResults: New page: Lighting Build
[2015.11.23-18.49.08:799][  0]LogParticles: Destroying 0 GPU particle simulations for FXSystem 0x000000CDEB984400
[2015.11.23-18.49.08:977][  0]LogLinker:Warning: Asset '../../../../../../Users/MEnrique/Documents/GitHub/Game-Files/SuperSpaceArmada/Content/Mannequin/Animations/ThirdPerson_AnimBP.uasset' has been saved with empty engine version. The asset will be loaded but may be incompatible.
[2015.11.23-18.49.08:981][  0]LogLinker:Warning: Asset '../../../../../../Users/MEnrique/Documents/GitHub/Game-Files/SuperSpaceArmada/Content/Mannequin/Animations/ThirdPerson_Jump.uasset' has been saved with empty engine version. The asset will be loaded but may be incompatible.
[2015.11.23-18.49.08:984][  0]LogLinker:Warning: Asset '../../../../../../Users/MEnrique/Documents/GitHub/Game-Files/SuperSpaceArmada/Content/Mannequin/Animations/ThirdPersonJump_Loop.uasset' has been saved with empty engine version. The asset will be loaded but may be incompatible.
[2015.11.23-18.49.08:987][  0]LogLinker:Warning: Asset '../../../../../../Users/MEnrique/Documents/GitHub/Game-Files/SuperSpaceArmada/Content/Mannequin/Animations/ThirdPersonJump_Start.uasset' has been saved with empty engine version. The asset will be loaded but may be incompatible.
[2015.11.23-18.49.08:990][  0]LogLinker:Warning: Asset '../../../../../../Users/MEnrique/Documents/GitHub/Game-Files/SuperSpaceArmada/Content/Mannequin/Animations/ThirdPerson_IdleRun_2D.uasset' has been saved with empty engine version. The asset will be loaded but may be incompatible.
[2015.11.23-18.49.08:991][  0]LogLinker:Warning: Asset '../../../../../../Users/MEnrique/Documents/GitHub/Game-Files/SuperSpaceArmada/Content/Mannequin/Animations/ThirdPersonIdle.uasset' has been saved with empty engine version. The asset will be loaded but may be incompatible.
[2015.11.23-18.49.08:994][  0]LogLinker:Warning: Asset '../../../../../../Users/MEnrique/Documents/GitHub/Game-Files/SuperSpaceArmada/Content/Mannequin/Animations/ThirdPersonRun.uasset' has been saved with empty engine version. The asset will be loaded but may be incompatible.
[2015.11.23-18.49.08:996][  0]LogLinker:Warning: Asset '../../../../../../Users/MEnrique/Documents/GitHub/Game-Files/SuperSpaceArmada/Content/Mannequin/Animations/ThirdPersonWalk.uasset' has been saved with empty engine version. The asset will be loaded but may be incompatible.
[2015.11.23-18.49.17:863][  0]LogLinker:Warning: Can't find file '/Game/Geometry/Meshes/1M_Cube'
[2015.11.23-18.49.17:864][  0]LogLinker:Warning: Can't find file for asset '/Game/Geometry/Meshes/1M_Cube' while loading ../../../../../../Users/MEnrique/Documents/GitHub/Game-Files/SuperSpaceArmada/Content/SSA/Blueprints/Objects/Crystal_Spawner.uasset.
[2015.11.23-18.49.17:864][  0]LoadErrors:Error: Error /Game/SSA/Blueprints/Objects/Crystal_Spawner : Can't find file for asset. /Game/Geometry/Meshes/1M_Cube
[2015.11.23-18.49.17:865][  0]LogLinker:Warning: Can't find file '/Game/Geometry/Meshes/1M_Cube'
[2015.11.23-18.49.17:865][  0]LogLinker:Warning: Can't find file for asset '/Game/Geometry/Meshes/1M_Cube' while loading ../../../../../../Users/MEnrique/Documents/GitHub/Game-Files/SuperSpaceArmada/Content/SSA/Blueprints/Objects/Crystal_Spawner.uasset.
[2015.11.23-18.49.17:866][  0]LoadErrors:Error: Error /Game/SSA/Blueprints/Objects/Crystal_Spawner : Can't find file for asset. /Game/Geometry/Meshes/1M_Cube
[2015.11.23-18.49.17:869][  0]LogLinker:Warning: Can't find file '/Game/Geometry/Meshes/1M_Cube'
[2015.11.23-18.49.17:869][  0]LogLinker:Warning: Can't find file for asset '/Game/Geometry/Meshes/1M_Cube' while loading ../../../../../../Users/MEnrique/Documents/GitHub/Game-Files/SuperSpaceArmada/Content/SSA/Maps/Home_Kratakos.umap.
[2015.11.23-18.49.17:870][  0]LoadErrors:Error: Error /Game/SSA/Maps/Home_Kratakos : Can't find file for asset. /Game/Geometry/Meshes/1M_Cube
[2015.11.23-18.49.17:870][  0]LogLinker:Warning: Can't find file '/Game/Geometry/Meshes/1M_Cube'
[2015.11.23-18.49.17:870][  0]LogLinker:Warning: Can't find file for asset '/Game/Geometry/Meshes/1M_Cube' while loading ../../../../../../Users/MEnrique/Documents/GitHub/Game-Files/SuperSpaceArmada/Content/SSA/Maps/Home_Kratakos.umap.
[2015.11.23-18.49.17:870][  0]LoadErrors:Error: Error /Game/SSA/Maps/Home_Kratakos : Can't find file for asset. /Game/Geometry/Meshes/1M_Cube
[2015.11.23-18.49.17:871][  0]LogLinker:Warning: Can't find file '/Game/Geometry/Meshes/1M_Cube'
[2015.11.23-18.49.17:871][  0]LoadErrors: Info Failed to load /Game/Geometry/Meshes/1M_Cube.1M_Cube Referenced by StaticMeshComponent0
[2015.11.23-18.49.17:871][  0]LogLinker:Warning: Can't find file for asset '/Game/Geometry/Meshes/1M_Cube' while loading ../../../../../../Users/MEnrique/Documents/GitHub/Game-Files/SuperSpaceArmada/Content/SSA/Maps/Home_Kratakos.umap.
[2015.11.23-18.49.17:871][  0]LoadErrors: Info Failed to load /Game/Geometry/Meshes/1M_Cube.1M_Cube Referenced by StaticMeshComponent0
[2015.11.23-18.49.17:871][  0]LoadErrors:Error: Error /Game/SSA/Maps/Home_Kratakos : Can't find file for asset. /Game/Geometry/Meshes/1M_Cube
[2015.11.23-18.49.20:619][  0]LogAIModule: Creating AISystem for world Home_Kratakos
[2015.11.23-18.49.20:636][  0]LogEditorServer: Finished looking for orphan Actors (0.000 secs)
[2015.11.23-18.49.20:638][  0]Cmd: MAP CHECKDEP NOCLEARLOG
[2015.11.23-18.49.21:047][  0]MapCheck: Info Map check complete: 0 Error(s), 0 Warning(s), took 408.789ms to complete.
[2015.11.23-18.49.21:047][  0]LogFileHelpers: Loading map 'Home_Kratakos' took 12.291
[2015.11.23-18.49.21:196][  0]LogCollectionManager: Loaded 0 collections in 0.003004 seconds
[2015.11.23-18.49.21:245][  0]LogFileCache: Scanning file cache for directory 'C:/Users/MEnrique/Documents/GitHub/Game-Files/SuperSpaceArmada/Saved/Collections/' took 0.01s
[2015.11.23-18.49.21:245][  0]LogFileCache: Scanning file cache for directory 'C:/Users/MEnrique/Documents/GitHub/Game-Files/SuperSpaceArmada/Content/Developers/MEnrique/Collections/' took 0.01s
[2015.11.23-18.49.21:245][  0]LogFileCache: Scanning file cache for directory 'C:/Users/MEnrique/Documents/GitHub/Game-Files/SuperSpaceArmada/Content/Collections/' took 0.01s
[2015.11.23-18.49.21:245][  0]LogContentBrowser: Native class hierarchy populated in 0.0129 seconds. Added 1882 classes and 339 folders.
[2015.11.23-18.49.21:253][  0]LogCollectionManager: Rebuilt the GUID cache for 0 collections in 0.000003 seconds
[2015.11.23-18.49.21:263][  0]LogContentBrowser: Native class hierarchy updated for 'WidgetCarousel' in 0.0005 seconds. Added 0 classes and 0 folders.
[2015.11.23-18.49.21:326][  0]LogContentBrowser: Native class hierarchy updated for 'AddContentDialog' in 0.0004 seconds. Added 0 classes and 0 folders.
[2015.11.23-18.49.21:332][  0]LogContentBrowser: Native class hierarchy updated for 'SceneOutliner' in 0.0004 seconds. Added 1 classes and 2 folders.
[2015.11.23-18.49.21:585][  0]LogCrashTracker: Crashtracker disabled due to settings.
[2015.11.23-18.49.21:593][  0]LogUObjectGlobals:Warning: Failed to find object 'Class None.'
[2015.11.23-18.49.21:620][  0]LogLoad: Full Startup: 21.77 seconds (BP compile: 4.01 seconds)
[2015.11.23-18.49.21:638][  0]LoadErrors:Error: Error /Game/SSA/Blueprints/Player : Failed import for Player_C /Game/SSA/Blueprints/Player/Player.Default__Player_C
[2015.11.23-18.49.21:748][  0]LogContentStreaming: Texture pool size now 400 MB
[2015.11.23-18.49.21:947][  0]LogRenderer: Reallocating scene render targets to support 1208x576 (Frame:2).
[2015.11.23-18.49.25:061][ 41]LogLinker:Warning: Asset '../../../Engine/Content/ArtTools/RenderToTexture/Macros/RenderToTextureMacros.uasset' has been saved with empty engine version. The asset will be loaded but may be incompatible.
[2015.11.23-18.49.25:812][ 41]LogContentBrowser: Native class hierarchy updated for 'BlueprintGraph' in 0.0009 seconds. Added 107 classes and 0 folders.
[2015.11.23-18.49.26:861][ 41]LogAssetRegistry: Asset discovery search completed in 20.4679 seconds
[2015.11.23-18.49.26:861][ 41]LogCollectionManager: Rebuilt the object cache for 0 collections in 0.000001 seconds (found 0 objects)
[2015.11.23-18.49.26:861][ 41]LogCollectionManager: Fixed up redirectors for 0 collections in 0.000024 seconds (updated 0 objects)
[2015.11.23-18.51.46:099][ 17]LogActorComponent: UnregisterComponent: (/Engine/Transient.CharMoveComp) Not registered. Aborting.
[2015.11.23-18.51.46:099][ 17]LogActorComponent: UnregisterComponent: (/Engine/Transient.CharacterMovementComponent_0) Not registered. Aborting.
[2015.11.23-18.51.46:099][ 17]LogActorComponent: UnregisterComponent: (/Engine/Transient.CharacterMovementComponent_1) Not registered. Aborting.
[2015.11.23-18.51.46:099][ 17]LogActorComponent: UnregisterComponent: (/Engine/Transient.CharacterMovementComponent_2) Not registered. Aborting.
[2015.11.23-18.51.46:099][ 17]LogActorComponent: UnregisterComponent: (/Engine/Transient.CharacterMovementComponent_3) Not registered. Aborting.
[2015.11.23-18.51.46:099][ 17]LogActorComponent: UnregisterComponent: (/Engine/Transient.CharacterMovementComponent_4) Not registered. Aborting.
[2015.11.23-18.51.46:099][ 17]LogActorComponent: UnregisterComponent: (/Engine/Transient.CharacterMovementComponent_5) Not registered. Aborting.
[2015.11.23-18.51.47:139][ 17]LogSavePackage: Save=659.655396ms
[2015.11.23-18.51.47:139][ 17]LogSavePackage: Moving '../../../../../../Users/MEnrique/Documents/GitHub/Game-Files/SuperSpaceArmada/Saved/PlayerD8B8F4FF4BC36F5515184BAB06C0D72B.tmp' to '../../../../../../Users/MEnrique/Documents/GitHub/Game-Files/SuperSpaceArmada/Content/SSA/Blueprints/Player_Ships/Player.uasset'
[2015.11.23-18.51.47:145][ 17]LogSavePackage: Total save time: 694.379214ms
[2015.11.23-18.51.47:145][ 17]LogSavePackage:Warning: Finished SavePackage ../../../../../../Users/MEnrique/Documents/GitHub/Game-Files/SuperSpaceArmada/Content/SSA/Blueprints/Player_Ships/Player.uasset
[2015.11.23-18.52.09:316][209]LogSavePackage: Save=672.964844ms
[2015.11.23-18.52.09:316][209]LogSavePackage: Moving '../../../../../../Users/MEnrique/Documents/GitHub/Game-Files/SuperSpaceArmada/Saved/Player7F9D096844AA468FDD93D3ACFEED0973.tmp' to '../../../../../../Users/MEnrique/Documents/GitHub/Game-Files/SuperSpaceArmada/Content/SSA/Blueprints/Player_Ships/Player.uasset'
[2015.11.23-18.52.09:323][209]LogSavePackage: Total save time: 698.409002ms
[2015.11.23-18.52.09:323][209]LogSavePackage:Warning: Finished SavePackage ../../../../../../Users/MEnrique/Documents/GitHub/Game-Files/SuperSpaceArmada/Content/SSA/Blueprints/Player_Ships/Player.uasset
[2015.11.23-18.52.10:101][254]BlueprintLog: New page: Compile Player
[2015.11.23-18.52.10:318][254]LogBlueprint:Error: [compiler Player] Error The type of  Object  is undetermined.  Connect something to  Cast To HUD  to imply a specific type.
[2015.11.23-18.52.10:319][254]LogBlueprint:Error: [compiler Player] Error The current value of the ' Object ' pin is invalid: Unsupported type Object Wildcard on pin Object
[2015.11.23-18.52.11:547][254]LogBlueprint:Error: [compiler Player] Error The type of  Object  is undetermined.  Connect something to  Cast To HUD  to imply a specific type.
[2015.11.23-18.52.11:548][254]LogBlueprint:Error: [compiler Player] Error The current value of the ' Object ' pin is invalid: Unsupported type Object Wildcard on pin Object
[2015.11.23-18.52.13:621][254]LogBlueprint:Error: [compiler Player] Error The type of  Object  is undetermined.  Connect something to  Cast To HUD  to imply a specific type.
[2015.11.23-18.52.13:622][254]LogBlueprint:Error: [compiler Player] Error The current value of the ' Object ' pin is invalid: Unsupported type Object Wildcard on pin Object
[2015.11.23-18.52.14:198][254]LogUObjectBase:Error: Class pointer is invalid or CDO is invalid.
[2015.11.23-18.52.14:237][254]LogWindows:Error: Windows GetLastError: The operation completed successfully. (0)
[2015.11.23-18.52.14:504][254]LogCrashTracker: 


[2015.11.23-18.52.14:504][254]LogThreadingWindows:Error: Runnable thread TaskGraphThread 0 crashed.
[2015.11.23-18.52.14:505][254]LogCrashTracker: 


[2015.11.23-18.52.14:505][254]LogWindows: === Critical error: ===
Fatal error: [File:D:\BuildFarm\buildmachine_++depot+UE4-Releases+4.9\Engine\Source\Runtime\CoreUObject\Private\UObject\GarbageCollection.cpp] [Line: 412] 
Invalid object in GC: 0x000000cda6714800, ReferencingObject: REINST_Player_Cephalon_C_352 /Engine/Transient.TRASH_Default__Player_Cephalon_C_3, ReferencingProperty: ObjectProperty /Script/Engine.Character:Mesh



Crash in runnable thread TaskGraphThread 0

[2015.11.23-18.52.14:712][254]LogExit: Executing StaticShutdownAfterError
[2015.11.23-18.52.14:712][254]LogWindows: FPlatformMisc::RequestExit(1)
[2015.11.23-18.52.14:712][254]Log file closed, 11/23/15 13:52:14
