[2015.12.11-23.30.47:730][  0]Log file open, 12/11/15 18:30:47
[2015.12.11-23.30.47:730][  0]LogInit:Display: Running engine for game: SuperSpaceArmada
[2015.12.11-23.30.47:730][  0]LogInit:Display: RandInit(-75704003) SRandInit(-75704003).
[2015.12.11-23.30.47:730][  0]LogTaskGraph: Started task graph with 4 named threads and 7 total threads.
[2015.12.11-23.30.47:730][  0]LogStats: Stats thread started at 0.154797
[2015.12.11-23.30.47:730][  0]LogInit: Version: 4.9.2-2707645+++depot+UE4-Releases+4.9
[2015.12.11-23.30.47:730][  0]LogInit: API Version: 2672455
[2015.12.11-23.30.47:730][  0]LogInit: Compiled (64-bit): Sep 28 2015 10:25:44
[2015.12.11-23.30.47:730][  0]LogInit: Compiled with Visual C++: 18.00.21005.01
[2015.12.11-23.30.47:730][  0]LogInit: Build Configuration: Development
[2015.12.11-23.30.47:730][  0]LogInit: Branch Name: ++depot+UE4-Releases+4.9
[2015.12.11-23.30.47:730][  0]LogInit: Command line:  
[2015.12.11-23.30.47:730][  0]LogInit: Base directory: C:/Program Files/Epic Games/4.9/Engine/Binaries/Win64/
[2015.12.11-23.30.47:730][  0]LogInit: Rocket: 1
[2015.12.11-23.30.47:762][  0]LogInit: Using libcurl 7.41.0
[2015.12.11-23.30.47:762][  0]LogInit:  - built for x86_64-pc-win32
[2015.12.11-23.30.47:762][  0]LogInit:  - supports SSL with WinSSL
[2015.12.11-23.30.47:762][  0]LogInit:  - other features:
[2015.12.11-23.30.47:762][  0]LogInit:      CURL_VERSION_SSL
[2015.12.11-23.30.47:762][  0]LogInit:      CURL_VERSION_IPV6
[2015.12.11-23.30.47:762][  0]LogInit:      CURL_VERSION_ASYNCHDNS
[2015.12.11-23.30.47:762][  0]LogInit:      CURL_VERSION_LARGEFILE
[2015.12.11-23.30.47:762][  0]LogInit:      CURL_VERSION_IDN
[2015.12.11-23.30.47:762][  0]LogInit:  CurlRequestOptions (configurable via config and command line):
[2015.12.11-23.30.47:762][  0]LogInit:  - bVerifyPeer = true  - Libcurl will verify peer certificate
[2015.12.11-23.30.47:762][  0]LogInit:  - bUseHttpProxy = false  - Libcurl will NOT use HTTP proxy
[2015.12.11-23.30.47:762][  0]LogInit:  - bDontReuseConnections = false  - Libcurl will reuse connections
[2015.12.11-23.30.47:762][  0]LogInit:  - CertBundlePath = nullptr  - Libcurl will use whatever was configured at build time.
[2015.12.11-23.30.47:772][  0]LogInit: Presizing for 0 objects not considered by GC, pre-allocating 0 bytes.
[2015.12.11-23.30.47:781][  0]LogInit: Object subsystem initialized
[2015.12.11-23.30.47:785][  0]LogInit: Selected Device Profile: [Windows]
[2015.12.11-23.30.47:785][  0]LogInit: Applying CVar settings loaded from the selected device profile: [Windows]
[2015.12.11-23.30.47:793][  0]LogInit: Computer: EXIA
[2015.12.11-23.30.47:793][  0]LogInit: User: SGJin
[2015.12.11-23.30.47:793][  0]LogInit: CPU Page size=4096, Cores=4
[2015.12.11-23.30.47:793][  0]LogInit: High frequency timer resolution =2.338346 MHz
[2015.12.11-23.30.47:793][  0]LogMemory: Memory total: Physical=7.9GB (8GB approx)
[2015.12.11-23.30.47:793][  0]LogMemory: Platform Memory Stats for Windows
[2015.12.11-23.30.47:793][  0]LogMemory: Process Physical Memory: 55.05 MB used, 55.05 MB peak
[2015.12.11-23.30.47:793][  0]LogMemory: Process Virtual Memory: 59.32 MB used, 59.32 MB peak
[2015.12.11-23.30.47:793][  0]LogMemory: Physical Memory: 4419.61 MB used, 8124.02 MB total
[2015.12.11-23.30.47:793][  0]LogMemory: Virtual Memory: 368.65 MB used, 134217728.00 MB total
[2015.12.11-23.30.47:844][  0]LogTextLocalizationManager: No specific translations for ('en-US') exist, so ('en') translations will be used.
[2015.12.11-23.30.48:749][  0]LogD3D11RHI: Found D3D11 adapter 0: NVIDIA GeForce GT 740M          (Feature Level 11_0)
[2015.12.11-23.30.48:749][  0]LogD3D11RHI: Adapter has 1996MB of dedicated video memory, 0MB of dedicated system memory, and 4062MB of shared system memory, 2 output[s]
[2015.12.11-23.30.48:756][  0]LogD3D11RHI: Found D3D11 adapter 1: Intel(R) HD Graphics 4600 (Feature Level 11_0)
[2015.12.11-23.30.48:756][  0]LogD3D11RHI: Adapter has 112MB of dedicated video memory, 0MB of dedicated system memory, and 4062MB of shared system memory, 0 output[s]
[2015.12.11-23.30.48:758][  0]LogD3D11RHI: Found D3D11 adapter 2: Microsoft Basic Render Driver (Feature Level 11_0)
[2015.12.11-23.30.48:758][  0]LogD3D11RHI: Adapter has 0MB of dedicated video memory, 0MB of dedicated system memory, and 4062MB of shared system memory, 0 output[s]
[2015.12.11-23.30.48:758][  0]LogD3D11RHI: Chosen D3D11 Adapter Id = 0
[2015.12.11-23.30.48:765][  0]LogD3D11RHI: !Direct3DDevice
[2015.12.11-23.30.48:765][  0]LogRHI: Texture pool is 1361 MB (70% of 1945 MB)
[2015.12.11-23.30.48:778][  0]LogD3D11RHI: Async texture creation enabled
[2015.12.11-23.30.48:819][  0]LogShaderCompilers: Guid format shader working directory is 14 characters bigger than the processId version (../../../../../../Users/Jin/Documents/GitHub/Game-Files/SuperSpaceArmada/Intermediate/Shaders/WorkingDirectory/11964/).
[2015.12.11-23.30.48:820][  0]LogShaderCompilers: Cleaned the shader compiler working directory '../../../../../../Users/Jin/Documents/GitHub/Game-Files/SuperSpaceArmada/Intermediate/Shaders/tmp/F50C828947E5202D5B09A9B0E744FF63/'.
[2015.12.11-23.30.48:820][  0]LogShaderCompilers:Display: Using Local Shader Compiler.
[2015.12.11-23.30.50:390][  0]LogTemp:Display: Loaded TP AllDesktopTargetPlatform
[2015.12.11-23.30.50:397][  0]LogTemp:Display: Loaded TP WindowsClientTargetPlatform
[2015.12.11-23.30.50:405][  0]LogTemp:Display: Loaded TP WindowsNoEditorTargetPlatform
[2015.12.11-23.30.50:412][  0]LogTemp:Display: Loaded TP WindowsServerTargetPlatform
[2015.12.11-23.30.50:420][  0]LogTemp:Display: Loaded TP WindowsTargetPlatform
[2015.12.11-23.30.50:426][  0]LogTemp:Display: Loaded TP AndroidTargetPlatform
[2015.12.11-23.30.50:431][  0]LogTemp:Display: Loaded TP Android_ASTCTargetPlatform
[2015.12.11-23.30.50:436][  0]LogTemp:Display: Loaded TP Android_ATCTargetPlatform
[2015.12.11-23.30.50:442][  0]LogTemp:Display: Loaded TP Android_DXTTargetPlatform
[2015.12.11-23.30.50:448][  0]LogTemp:Display: Loaded TP Android_ETC1TargetPlatform
[2015.12.11-23.30.50:453][  0]LogTemp:Display: Loaded TP Android_ETC2TargetPlatform
[2015.12.11-23.30.50:460][  0]LogTemp:Display: Loaded TP Android_PVRTCTargetPlatform
[2015.12.11-23.30.50:462][  0]LogTemp:Display: Loaded TP HTML5TargetPlatform
[2015.12.11-23.30.50:489][  0]LogTemp:Display: Loaded TP IOSTargetPlatform
[2015.12.11-23.30.50:495][  0]LogTemp:Display: Loaded TP LinuxNoEditorTargetPlatform
[2015.12.11-23.30.50:500][  0]LogTemp:Display: Loaded TP LinuxServerTargetPlatform
[2015.12.11-23.30.50:506][  0]LogTemp:Display: Loaded TP LinuxTargetPlatform
[2015.12.11-23.30.50:506][  0]LogTargetPlatformManager:Display: Building Assets For Windows
[2015.12.11-23.30.50:668][  0]LogDerivedDataCache:Display: Max Cache Size: 512 MB
[2015.12.11-23.30.50:827][  0]LogDerivedDataCache: Loaded boot cache 0.16s 41MB C:/Users/Jin/AppData/Local/UnrealEngine/4.9/DerivedDataCache/Boot.ddc.
[2015.12.11-23.30.50:827][  0]LogDerivedDataCache:Display: Loaded Boot cache: C:/Users/Jin/AppData/Local/UnrealEngine/4.9/DerivedDataCache/Boot.ddc
[2015.12.11-23.30.50:827][  0]LogDerivedDataCache: FDerivedDataBackendGraph:  Pak pak cache file ../../../../../../Users/Jin/Documents/GitHub/Game-Files/SuperSpaceArmada/DerivedDataCache/DDC.ddp not found, will not use a pak cache.
[2015.12.11-23.30.50:827][  0]LogDerivedDataCache: Unable to find inner node Pak for hierarchical cache Hierarchy.
[2015.12.11-23.30.50:827][  0]LogDerivedDataCache: FDerivedDataBackendGraph:  CompressedPak pak cache file ../../../../../../Users/Jin/Documents/GitHub/Game-Files/SuperSpaceArmada/DerivedDataCache/Compressed.ddp not found, will not use a pak cache.
[2015.12.11-23.30.50:827][  0]LogDerivedDataCache: Unable to find inner node CompressedPak for hierarchical cache Hierarchy.
[2015.12.11-23.30.51:000][  0]LogDerivedDataCache:Display: Pak cache opened for reading ../../../Engine/DerivedDataCache/Compressed.ddp.
[2015.12.11-23.30.51:013][  0]LogDerivedDataCache: Using Local data cache path C:/Users/Jin/AppData/Local/UnrealEngine/Common/DerivedDataCache: Writable
[2015.12.11-23.30.51:854][  0]LogInit: Selected Device Profile: [Windows]
[2015.12.11-23.30.51:869][  0]LogContentStreaming: Texture pool size is 0.000000MB
[2015.12.11-23.30.52:103][  0]LogMeshUtilities: No automatic mesh reduction module available
[2015.12.11-23.30.52:103][  0]LogMeshUtilities: No automatic mesh merging module available
[2015.12.11-23.30.52:649][  0]LogInit: WinSock: version 1.1 (2.2), MaxSocks=32767, MaxUdp=65467
[2015.12.11-23.30.54:655][  0]LogAssetRegistry: FAssetRegistry took 0.0139 seconds to start up
[2015.12.11-23.30.54:692][  0]UdpMessaging: Initializing bridge on interface 0.0.0.0:0 to multicast group 230.0.0.1:6666.
[2015.12.11-23.30.55:177][  0]SourceControl: Info Source control is disabled
[2015.12.11-23.30.55:179][  0]SourceControl: Info Source control is disabled
[2015.12.11-23.30.55:204][  0]SourceControl: Info Source control is disabled
[2015.12.11-23.30.55:224][  0]SourceControl: Info Source control is disabled
[2015.12.11-23.30.55:541][  0]LogLinker:Warning: Asset '../../../Engine/Plugins/Runtime/LeapMotionController/Content/LM_PassthroughMaterial.uasset' has been saved with empty engine version. The asset will be loaded but may be incompatible.
[2015.12.11-23.30.55:712][  0]LogObj: 28528 objects as part of root set at end of initial load.
[2015.12.11-23.30.55:712][  0]LogUObjectAllocator: 6068464 out of 0 bytes used by permanent object pool.
[2015.12.11-23.30.55:835][  0]LogEngine: Initializing Engine...
[2015.12.11-23.30.55:842][  0]LogHMD: Can't find Oculus library dev build: is proper Runtime installed? Version: 0.7.0.0
[2015.12.11-23.30.55:844][  0]LogHMD: SteamVR failed to initialize.  Err: 110
[2015.12.11-23.30.56:055][  0]LogAIModule: Creating AISystem for world NewWorld
[2015.12.11-23.30.56:085][  0]LogInit: XAudio2 using 'Speakers / HP (IDT High Definition Audio CODEC)' : 2 channels at 48 kHz using 16 bits per sample (channel mask 0x3)
[2015.12.11-23.30.56:176][  0]LogInit: FAudioDevice initialized.
[2015.12.11-23.30.56:199][  0]LogDerivedDataCache: Saved boot cache 0.02s 44MB C:/Users/Jin/AppData/Local/UnrealEngine/4.9/DerivedDataCache/Boot.ddc.
[2015.12.11-23.30.56:203][  0]LogInit: Texture streaming: Enabled
[2015.12.11-23.30.56:212][  0]LogAnalytics: Creating configured Analytics provider AnalyticsET
[2015.12.11-23.30.56:213][  0]LogAnalytics: [UEEditor.Rocket.Release] APIServer = http://et2.epicgames.com/ET2/. AppVersion = 4.9.2-2707645+++depot+UE4-Releases+4.9
[2015.12.11-23.30.56:213][  0]LogAnalytics: [UEEditor.Rocket.Release] SetUserId 435ea4a8489b84c6f4feaab84cbae6c8|e03effeb7bdf4ddc9c712682a578c51b|8a2a019e-36d5-4c55-97e1-833141022920
[2015.12.11-23.30.56:213][  0]LogAnalytics: [UEEditor.Rocket.Release] AnalyticsET::StartSession
[2015.12.11-23.30.56:233][  0]LogWindowsTextInputMethodSystem:Display: IME system now deactivated.
[2015.12.11-23.30.56:313][  0]LogInit: Transaction tracking system initialized
[2015.12.11-23.30.56:404][  0]BlueprintLog: New page: Editor Load
[2015.12.11-23.30.56:695][  0]LocalizationService: Info Localization service is disabled
[2015.12.11-23.30.56:874][  0]LogConsoleResponse:Display: 
[2015.12.11-23.30.57:123][  0]LogCook:Display: Done creating registry. It took  0.00s.
[2015.12.11-23.30.57:340][  0]LogFileCache: Scanning file cache for directory 'C:/Users/Jin/Documents/GitHub/Game-Files/SuperSpaceArmada/Content/' took 0.03s
[2015.12.11-23.30.57:340][  0]SourceControl: Info Source control is disabled
[2015.12.11-23.30.57:345][  0]Cmd: MAP LOAD FILE="../../../../../../Users/Jin/Documents/GitHub/Game-Files/SuperSpaceArmada/Content/SSA/Maps/Ship_Selection.umap" TEMPLATE=0 SHOWPROGRESS=1 FEATURELEVEL=3
[2015.12.11-23.30.57:348][  0]LightingResults: New page: Lighting Build
[2015.12.11-23.30.57:364][  0]MapCheck: New page: Map Check
[2015.12.11-23.30.57:364][  0]LightingResults: New page: Lighting Build
[2015.12.11-23.30.57:405][  0]LogParticles: Destroying 0 GPU particle simulations for FXSystem 0x000000E8C98A42C0
[2015.12.11-23.30.58:378][  0]LogLinker:Warning: Asset '../../../../../../Users/Jin/Documents/GitHub/Game-Files/SuperSpaceArmada/Content/Mannequin/Animations/ThirdPerson_AnimBP.uasset' has been saved with empty engine version. The asset will be loaded but may be incompatible.
[2015.12.11-23.30.58:382][  0]LogLinker:Warning: Asset '../../../../../../Users/Jin/Documents/GitHub/Game-Files/SuperSpaceArmada/Content/Mannequin/Animations/ThirdPerson_Jump.uasset' has been saved with empty engine version. The asset will be loaded but may be incompatible.
[2015.12.11-23.30.58:385][  0]LogLinker:Warning: Asset '../../../../../../Users/Jin/Documents/GitHub/Game-Files/SuperSpaceArmada/Content/Mannequin/Animations/ThirdPersonJump_Loop.uasset' has been saved with empty engine version. The asset will be loaded but may be incompatible.
[2015.12.11-23.30.58:387][  0]LogLinker:Warning: Asset '../../../../../../Users/Jin/Documents/GitHub/Game-Files/SuperSpaceArmada/Content/Mannequin/Animations/ThirdPersonJump_Start.uasset' has been saved with empty engine version. The asset will be loaded but may be incompatible.
[2015.12.11-23.30.58:389][  0]LogLinker:Warning: Asset '../../../../../../Users/Jin/Documents/GitHub/Game-Files/SuperSpaceArmada/Content/Mannequin/Animations/ThirdPerson_IdleRun_2D.uasset' has been saved with empty engine version. The asset will be loaded but may be incompatible.
[2015.12.11-23.30.58:391][  0]LogLinker:Warning: Asset '../../../../../../Users/Jin/Documents/GitHub/Game-Files/SuperSpaceArmada/Content/Mannequin/Animations/ThirdPersonIdle.uasset' has been saved with empty engine version. The asset will be loaded but may be incompatible.
[2015.12.11-23.30.58:394][  0]LogLinker:Warning: Asset '../../../../../../Users/Jin/Documents/GitHub/Game-Files/SuperSpaceArmada/Content/Mannequin/Animations/ThirdPersonRun.uasset' has been saved with empty engine version. The asset will be loaded but may be incompatible.
[2015.12.11-23.30.58:396][  0]LogLinker:Warning: Asset '../../../../../../Users/Jin/Documents/GitHub/Game-Files/SuperSpaceArmada/Content/Mannequin/Animations/ThirdPersonWalk.uasset' has been saved with empty engine version. The asset will be loaded but may be incompatible.
[2015.12.11-23.31.06:248][  0]LogAIModule: Creating AISystem for world Ship_Selection
[2015.12.11-23.31.06:297][  0]LogEditorServer: Finished looking for orphan Actors (0.001 secs)
[2015.12.11-23.31.06:305][  0]Cmd: MAP CHECKDEP NOCLEARLOG
[2015.12.11-23.31.06:616][  0]MapCheck: Info Map check complete: 0 Error(s), 0 Warning(s), took 310.967ms to complete.
[2015.12.11-23.31.06:617][  0]LogFileHelpers: Loading map 'Ship_Selection' took 9.274
[2015.12.11-23.31.06:903][  0]LogCollectionManager: Loaded 0 collections in 0.002869 seconds
[2015.12.11-23.31.06:959][  0]LogFileCache: Scanning file cache for directory 'C:/Users/Jin/Documents/GitHub/Game-Files/SuperSpaceArmada/Saved/Collections/' took 0.01s
[2015.12.11-23.31.06:959][  0]LogFileCache: Scanning file cache for directory 'C:/Users/Jin/Documents/GitHub/Game-Files/SuperSpaceArmada/Content/Developers/SGJin/Collections/' took 0.01s
[2015.12.11-23.31.06:959][  0]LogFileCache: Scanning file cache for directory 'C:/Users/Jin/Documents/GitHub/Game-Files/SuperSpaceArmada/Content/Collections/' took 0.01s
[2015.12.11-23.31.06:959][  0]LogContentBrowser: Native class hierarchy populated in 0.0105 seconds. Added 1882 classes and 339 folders.
[2015.12.11-23.31.06:984][  0]LogCollectionManager: Rebuilt the GUID cache for 0 collections in 0.000002 seconds
[2015.12.11-23.31.07:002][  0]LogContentBrowser: Native class hierarchy updated for 'WidgetCarousel' in 0.0004 seconds. Added 0 classes and 0 folders.
[2015.12.11-23.31.07:127][  0]LogContentBrowser: Native class hierarchy updated for 'AddContentDialog' in 0.0004 seconds. Added 0 classes and 0 folders.
[2015.12.11-23.31.07:140][  0]LogContentBrowser: Native class hierarchy updated for 'SceneOutliner' in 0.0004 seconds. Added 1 classes and 2 folders.
[2015.12.11-23.31.07:409][  0]LogCrashTracker: Crashtracker disabled due to settings.
[2015.12.11-23.31.07:437][  0]LogUObjectGlobals:Warning: Failed to find object 'Class None.'
[2015.12.11-23.31.07:467][  0]LogLoad: Full Startup: 20.49 seconds (BP compile: 2.83 seconds)
[2015.12.11-23.31.07:489][  0]LoadErrors:Error: Error /Game/SSA/Blueprints/Player : Failed import for Player_C /Game/SSA/Blueprints/Player/Player.Default__Player_C
[2015.12.11-23.31.07:571][  0]LogContentStreaming: Texture pool size now 1000 MB
[2015.12.11-23.31.07:776][  0]LogRenderer: Reallocating scene render targets to support 1156x564 (Frame:2).
[2015.12.11-23.31.09:599][ 31]LogAssetRegistry: Asset discovery search completed in 14.9565 seconds
[2015.12.11-23.31.09:599][ 31]LogCollectionManager: Rebuilt the object cache for 0 collections in 0.000002 seconds (found 0 objects)
[2015.12.11-23.31.09:599][ 31]LogCollectionManager: Fixed up redirectors for 0 collections in 0.000177 seconds (updated 0 objects)
[2015.12.11-23.31.19:426][433]LogBlueprintUserMessages: Early PlayInEditor Detection: Level '/Game/SSA/Maps/Ship_Selection.Ship_Selection:PersistentLevel' has LevelScriptBlueprint '/Game/SSA/Maps/Ship_Selection.Ship_Selection:PersistentLevel.Ship_Selection' with GeneratedClass '/Game/SSA/Maps/Ship_Selection.Ship_Selection_C' with ClassGeneratedBy '/Game/SSA/Maps/Ship_Selection.Ship_Selection:PersistentLevel.Ship_Selection'
[2015.12.11-23.31.19:426][433]LogPlayLevel: PlayLevel: No blueprints needed recompiling
[2015.12.11-23.31.19:428][433]PIE: New page: PIE session: Ship_Selection (Dec 11, 2015, 1:31:19 PM)
[2015.12.11-23.31.19:428][433]LogPlayLevel: Creating play world package: /Game/SSA/Maps/UEDPIE_0_Ship_Selection
[2015.12.11-23.31.19:434][433]LogPlayLevel: PIE: StaticDuplicateObject took: (0.006378s)
[2015.12.11-23.31.19:435][433]LogAIModule: Creating AISystem for world Ship_Selection
[2015.12.11-23.31.19:435][433]LogPlayLevel: PIE: World Init took: (0.000640s)
[2015.12.11-23.31.19:436][433]LogPlayLevel: PIE: Created PIE world by copying editor world from /Game/SSA/Maps/Ship_Selection.Ship_Selection to /Game/SSA/Maps/UEDPIE_0_Ship_Selection.Ship_Selection (0.007757s)
[2015.12.11-23.31.19:436][433]LogActorComponent: UnregisterComponent: (/Engine/Transient.CharMoveComp) Not registered. Aborting.
[2015.12.11-23.31.19:436][433]LogActorComponent: UnregisterComponent: (/Engine/Transient.CharacterMovementComponent_0) Not registered. Aborting.
[2015.12.11-23.31.19:437][433]LogActorComponent: UnregisterComponent: (/Engine/Transient.CharacterMovementComponent_1) Not registered. Aborting.
[2015.12.11-23.31.19:668][433]LogInit: XAudio2 using 'Speakers / HP (IDT High Definition Audio CODEC)' : 2 channels at 48 kHz using 16 bits per sample (channel mask 0x3)
[2015.12.11-23.31.19:683][433]LogInit: FAudioDevice initialized.
[2015.12.11-23.31.19:794][433]LogWorld: Game class is 'TopDownGameMode_C'
[2015.12.11-23.31.19:803][433]LogWorld: Bringing World /Game/SSA/Maps/UEDPIE_0_Ship_Selection.Ship_Selection up for play (max tick rate 60) at 2015.12.11-18.31.19
[2015.12.11-23.31.19:803][433]LogActor:Warning: GameSession /Game/SSA/Maps/UEDPIE_0_Ship_Selection.Ship_Selection:PersistentLevel.GameSession_0 has natively added scene component(s), but none of them were set as the actor's RootComponent - picking one arbitrarily
[2015.12.11-23.31.19:804][433]LogActor:Warning: GameNetworkManager /Game/SSA/Maps/UEDPIE_0_Ship_Selection.Ship_Selection:PersistentLevel.GameNetworkManager_0 has natively added scene component(s), but none of them were set as the actor's RootComponent - picking one arbitrarily
[2015.12.11-23.31.19:805][433]LogWorld: Bringing up level for play took: 0.003467
[2015.12.11-23.31.19:851][433]PIE: Info Play in editor start time for /Game/SSA/Maps/UEDPIE_0_Ship_Selection 0.806
[2015.12.11-23.31.19:852][433]LogBlueprintUserMessages: Late PlayInEditor Detection: Level '/Game/SSA/Maps/Ship_Selection.Ship_Selection:PersistentLevel' has LevelScriptBlueprint '/Game/SSA/Maps/Ship_Selection.Ship_Selection:PersistentLevel.Ship_Selection' with GeneratedClass '/Game/SSA/Maps/Ship_Selection.Ship_Selection_C' with ClassGeneratedBy '/Game/SSA/Maps/Ship_Selection.Ship_Selection:PersistentLevel.Ship_Selection'
[2015.12.11-23.31.19:885][434]LogRenderer: Reallocating scene render targets to support 1280x720 (Frame:426).
[2015.12.11-23.33.15:750][829]LogPhysics:Warning: FConstraintInstance::GetRefFrame : Contained scale.
[2015.12.11-23.33.15:750][829]LogPhysics:Warning: FConstraintInstance::GetRefFrame : Contained scale.
[2015.12.11-23.33.15:750][829]LogPhysics:Warning: FConstraintInstance::GetRefFrame : Contained scale.
[2015.12.11-23.33.15:750][829]LogPhysics:Warning: FConstraintInstance::GetRefFrame : Contained scale.
[2015.12.11-23.33.28:555][200]LogPhysics:Warning: FConstraintInstance::GetRefFrame : Contained scale.
[2015.12.11-23.33.28:555][200]LogPhysics:Warning: FConstraintInstance::GetRefFrame : Contained scale.
[2015.12.11-23.33.28:555][200]LogPhysics:Warning: FConstraintInstance::GetRefFrame : Contained scale.
[2015.12.11-23.33.28:555][200]LogPhysics:Warning: FConstraintInstance::GetRefFrame : Contained scale.
[2015.12.11-23.34.16:323][605]LogBlueprintUserMessages: Early EndPlayMap Detection: Level '/Game/SSA/Maps/Ship_Selection.Ship_Selection:PersistentLevel' has LevelScriptBlueprint '/Game/SSA/Maps/Ship_Selection.Ship_Selection:PersistentLevel.Ship_Selection' with GeneratedClass '/Game/SSA/Maps/Ship_Selection.Ship_Selection_C' with ClassGeneratedBy '/Game/SSA/Maps/Ship_Selection.Ship_Selection:PersistentLevel.Ship_Selection'
[2015.12.11-23.34.16:415][605]LogBlueprintUserMessages: Late EndPlayMap Detection: Level '/Game/SSA/Maps/Ship_Selection.Ship_Selection:PersistentLevel' has LevelScriptBlueprint '/Game/SSA/Maps/Ship_Selection.Ship_Selection:PersistentLevel.Ship_Selection' with GeneratedClass '/Game/SSA/Maps/Ship_Selection.Ship_Selection_C' with ClassGeneratedBy '/Game/SSA/Maps/Ship_Selection.Ship_Selection:PersistentLevel.Ship_Selection'
[2015.12.11-23.34.16:448][605]LogParticles: Destroying 0 GPU particle simulations for FXSystem 0x000000E89B632FC0
[2015.12.11-23.34.29:391][125]Cmd: MAP LOAD FILE="../../../../../../Users/Jin/Documents/GitHub/Game-Files/SuperSpaceArmada/Content/SSA/Maps/Ship_Selection.umap" TEMPLATE=0 SHOWPROGRESS=1 FEATURELEVEL=3
[2015.12.11-23.34.29:391][125]LightingResults: New page: Lighting Build
[2015.12.11-23.34.29:416][125]LoadErrors: New page: Loading map: Ship_Selection.umap
[2015.12.11-23.34.29:416][125]MapCheck: New page: Map Check
[2015.12.11-23.34.29:416][125]LightingResults: New page: Lighting Build
[2015.12.11-23.34.29:442][125]LogParticles: Destroying 0 GPU particle simulations for FXSystem 0x000000E8D20A1440
[2015.12.11-23.34.29:466][125]LogAIModule: Creating AISystem for world Ship_Selection
[2015.12.11-23.34.29:576][125]LogEditorServer: Finished looking for orphan Actors (0.000 secs)
[2015.12.11-23.34.29:796][125]Cmd: MAP CHECKDEP NOCLEARLOG
[2015.12.11-23.34.30:057][125]MapCheck: Info Map check complete: 0 Error(s), 0 Warning(s), took 259.571ms to complete.
[2015.12.11-23.34.30:058][125]LogFileHelpers: Loading map 'Ship_Selection' took 0.669
[2015.12.11-23.34.31:986][168]LogAIModule: Creating AISystem for world Home_Vultaari
[2015.12.11-23.34.31:990][168]LogParticles:Warning: InitializeSystem called on an unregistered component. Template=/Game/Effects/Particles/P_Radiation_Long.P_Radiation_Long Component=/Game/SSA/Maps/Home_Vultaari.Home_Vultaari:PersistentLevel.P_Radiation_Long_2.ParticleSystemComponent0
[2015.12.11-23.34.31:990][168]LogParticles:Warning: InitializeSystem called on an unregistered component. Template=/Game/Effects/Particles/P_Radiation_Long.P_Radiation_Long Component=/Game/SSA/Maps/Home_Vultaari.Home_Vultaari:PersistentLevel.P_Radiation_Long2.ParticleSystemComponent0
[2015.12.11-23.34.31:990][168]LogParticles:Warning: InitializeSystem called on an unregistered component. Template=/Game/Effects/Particles/P_Radiation_Long.P_Radiation_Long Component=/Game/SSA/Maps/Home_Vultaari.Home_Vultaari:PersistentLevel.P_Radiation_Long3.ParticleSystemComponent0
[2015.12.11-23.34.31:990][168]LogParticles:Warning: InitializeSystem called on an unregistered component. Template=/Game/Effects/Particles/P_Radiation_Long.P_Radiation_Long Component=/Game/SSA/Maps/Home_Vultaari.Home_Vultaari:PersistentLevel.P_Radiation_Long4.ParticleSystemComponent0
[2015.12.11-23.34.31:990][168]LogParticles:Warning: InitializeSystem called on an unregistered component. Template=/Game/Effects/Particles/P_Stars.P_Stars Component=/Game/SSA/Maps/Home_Vultaari.Home_Vultaari:PersistentLevel.P_Stars_2.ParticleSystemComponent0
[2015.12.11-23.34.32:003][168]LogActorComponent: UnregisterComponent: (/Engine/Transient.CharMoveComp) Not registered. Aborting.
[2015.12.11-23.34.32:004][168]LogActorComponent: UnregisterComponent: (/Engine/Transient.CharacterMovementComponent_2) Not registered. Aborting.
[2015.12.11-23.34.32:004][168]LogActorComponent: UnregisterComponent: (/Engine/Transient.CharacterMovementComponent_3) Not registered. Aborting.
[2015.12.11-23.34.32:052][168]Cmd: MAP LOAD FILE="../../../../../../Users/Jin/Documents/GitHub/Game-Files/SuperSpaceArmada/Content/SSA/Maps/Home_Vultaari.umap" TEMPLATE=0 SHOWPROGRESS=1 FEATURELEVEL=3
[2015.12.11-23.34.32:052][168]LightingResults: New page: Lighting Build
[2015.12.11-23.34.32:079][168]LoadErrors: New page: Loading map: Home_Vultaari.umap
[2015.12.11-23.34.32:079][168]MapCheck: New page: Map Check
[2015.12.11-23.34.32:079][168]LightingResults: New page: Lighting Build
[2015.12.11-23.34.32:115][168]LogParticles: Destroying 0 GPU particle simulations for FXSystem 0x000000E8D34FC4A0
[2015.12.11-23.34.32:279][168]LogEditorServer: Finished looking for orphan Actors (0.000 secs)
[2015.12.11-23.34.32:394][168]Cmd: MAP CHECKDEP NOCLEARLOG
[2015.12.11-23.34.32:691][168]MapCheck: Info Map check complete: 0 Error(s), 0 Warning(s), took 296.766ms to complete.
[2015.12.11-23.34.32:692][168]LogFileHelpers: Loading map 'Home_Vultaari' took 0.642
[2015.12.11-23.34.47:391][713]LogAIModule: Creating AISystem for world Home_Human
[2015.12.11-23.34.47:392][713]LogParticles:Warning: InitializeSystem called on an unregistered component. Template=/Game/Effects/Particles/P_Radiation_Long.P_Radiation_Long Component=/Game/SSA/Maps/Home_Human.Home_Human:PersistentLevel.P_Radiation_Long_2.ParticleSystemComponent0
[2015.12.11-23.34.47:392][713]LogParticles:Warning: InitializeSystem called on an unregistered component. Template=/Game/Effects/Particles/P_Radiation_Long.P_Radiation_Long Component=/Game/SSA/Maps/Home_Human.Home_Human:PersistentLevel.P_Radiation_Long2.ParticleSystemComponent0
[2015.12.11-23.34.47:392][713]LogParticles:Warning: InitializeSystem called on an unregistered component. Template=/Game/Effects/Particles/P_Radiation_Long.P_Radiation_Long Component=/Game/SSA/Maps/Home_Human.Home_Human:PersistentLevel.P_Radiation_Long3.ParticleSystemComponent0
[2015.12.11-23.34.47:393][713]LogParticles:Warning: InitializeSystem called on an unregistered component. Template=/Game/Effects/Particles/P_Radiation_Long.P_Radiation_Long Component=/Game/SSA/Maps/Home_Human.Home_Human:PersistentLevel.P_Radiation_Long4.ParticleSystemComponent0
[2015.12.11-23.34.47:393][713]LogParticles:Warning: InitializeSystem called on an unregistered component. Template=/Game/Effects/Particles/P_Stars.P_Stars Component=/Game/SSA/Maps/Home_Human.Home_Human:PersistentLevel.P_Stars_2.ParticleSystemComponent0
[2015.12.11-23.34.47:393][713]LogParticles:Warning: InitializeSystem called on an unregistered component. Template=/Game/Effects/Particles/P_Crystal.P_Crystal Component=/Game/SSA/Maps/Home_Human.Home_Human:PersistentLevel.Crystal_244.ParticleSystem
[2015.12.11-23.34.47:394][713]LogParticles:Warning: InitializeSystem called on an unregistered component. Template=/Game/Effects/Particles/P_Crystal.P_Crystal Component=/Game/SSA/Maps/Home_Human.Home_Human:PersistentLevel.Crystal_244.ParticleSystem
[2015.12.11-23.34.47:394][713]LogParticles:Warning: InitializeSystem called on an unregistered component. Template=/Game/Effects/Particles/P_Crystal.P_Crystal Component=/Game/SSA/Maps/Home_Human.Home_Human:PersistentLevel.Crystal_244.ParticleSystem
[2015.12.11-23.34.47:405][713]LogActorComponent: UnregisterComponent: (/Engine/Transient.CharMoveComp) Not registered. Aborting.
[2015.12.11-23.34.47:406][713]LogActorComponent: UnregisterComponent: (/Engine/Transient.CharacterMovementComponent_4) Not registered. Aborting.
[2015.12.11-23.34.47:406][713]LogActorComponent: UnregisterComponent: (/Engine/Transient.CharacterMovementComponent_5) Not registered. Aborting.
[2015.12.11-23.34.47:448][713]Cmd: MAP LOAD FILE="../../../../../../Users/Jin/Documents/GitHub/Game-Files/SuperSpaceArmada/Content/SSA/Maps/Home_Human.umap" TEMPLATE=0 SHOWPROGRESS=1 FEATURELEVEL=3
[2015.12.11-23.34.47:448][713]LightingResults: New page: Lighting Build
[2015.12.11-23.34.47:481][713]LoadErrors: New page: Loading map: Home_Human.umap
[2015.12.11-23.34.47:482][713]MapCheck: New page: Map Check
[2015.12.11-23.34.47:482][713]LightingResults: New page: Lighting Build
[2015.12.11-23.34.47:510][713]LogParticles: Destroying 0 GPU particle simulations for FXSystem 0x000000E8D2869440
[2015.12.11-23.34.47:706][713]LogEditorServer: Finished looking for orphan Actors (0.000 secs)
[2015.12.11-23.34.47:820][713]Cmd: MAP CHECKDEP NOCLEARLOG
[2015.12.11-23.34.48:110][713]MapCheck: Info Map check complete: 0 Error(s), 0 Warning(s), took 290.358ms to complete.
[2015.12.11-23.34.48:112][713]LogFileHelpers: Loading map 'Home_Human' took 0.666
[2015.12.11-23.34.52:576][881]LogBlueprintUserMessages: Early PlayInEditor Detection: Level '/Game/SSA/Maps/Home_Human.Home_Human:PersistentLevel' has LevelScriptBlueprint '/Game/SSA/Maps/Home_Human.Home_Human:PersistentLevel.Home_Human' with GeneratedClass '/Game/SSA/Maps/Home_Human.Home_Human_C' with ClassGeneratedBy '/Game/SSA/Maps/Home_Human.Home_Human:PersistentLevel.Home_Human'
[2015.12.11-23.34.52:576][881]LogPlayLevel: PlayLevel: No blueprints needed recompiling
[2015.12.11-23.34.52:576][881]PIE: New page: PIE session: Home_Human (Dec 11, 2015, 1:34:52 PM)
[2015.12.11-23.34.52:576][881]LogPlayLevel: Creating play world package: /Game/SSA/Maps/UEDPIE_0_Home_Human
[2015.12.11-23.34.52:612][881]LogPlayLevel: PIE: StaticDuplicateObject took: (0.036025s)
[2015.12.11-23.34.52:613][881]LogAIModule: Creating AISystem for world Home_Human
[2015.12.11-23.34.52:613][881]LogPlayLevel: PIE: World Init took: (0.000878s)
[2015.12.11-23.34.52:613][881]LogPlayLevel: PIE: Created PIE world by copying editor world from /Game/SSA/Maps/Home_Human.Home_Human to /Game/SSA/Maps/UEDPIE_0_Home_Human.Home_Human (0.037154s)
[2015.12.11-23.34.52:613][881]LogActorComponent: UnregisterComponent: (/Engine/Transient.RotatingMovement_GEN_VARIABLE) Not registered. Aborting.
[2015.12.11-23.34.52:613][881]LogActorComponent: UnregisterComponent: (/Engine/Transient.ProjectileMovement_GEN_VARIABLE) Not registered. Aborting.
[2015.12.11-23.34.52:613][881]LogActorComponent: UnregisterComponent: (/Engine/Transient.CharMoveComp) Not registered. Aborting.
[2015.12.11-23.34.52:614][881]LogActorComponent: UnregisterComponent: (/Engine/Transient.CharacterMovementComponent_6) Not registered. Aborting.
[2015.12.11-23.34.52:614][881]LogActorComponent: UnregisterComponent: (/Engine/Transient.CharacterMovementComponent_7) Not registered. Aborting.
[2015.12.11-23.34.52:656][881]LogInit: XAudio2 using 'Speakers / HP (IDT High Definition Audio CODEC)' : 2 channels at 48 kHz using 16 bits per sample (channel mask 0x3)
[2015.12.11-23.34.52:672][881]LogInit: FAudioDevice initialized.
[2015.12.11-23.34.52:720][881]LogWorld: Game class is 'TopDownGameMode_C'
[2015.12.11-23.34.52:727][881]LogWorld:Warning: *** WARNING - PATHS MAY NOT BE VALID ***
[2015.12.11-23.34.52:727][881]LogWorld: Bringing World /Game/SSA/Maps/UEDPIE_0_Home_Human.Home_Human up for play (max tick rate 60) at 2015.12.11-18.34.52
[2015.12.11-23.34.52:727][881]LogActor:Warning: GameSession /Game/SSA/Maps/UEDPIE_0_Home_Human.Home_Human:PersistentLevel.GameSession_1 has natively added scene component(s), but none of them were set as the actor's RootComponent - picking one arbitrarily
[2015.12.11-23.34.52:728][881]LogActor:Warning: GameNetworkManager /Game/SSA/Maps/UEDPIE_0_Home_Human.Home_Human:PersistentLevel.GameNetworkManager_1 has natively added scene component(s), but none of them were set as the actor's RootComponent - picking one arbitrarily
[2015.12.11-23.34.52:730][881]LogWorld: Bringing up level for play took: 0.009068
[2015.12.11-23.34.52:740][881]LogScript:Warning: Accessed None 'HUD Reference'
	Player_Human_C /Game/SSA/Maps/UEDPIE_0_Home_Human.Home_Human:PersistentLevel.Player_Human_C_0
	Function /Game/SSA/Blueprints/Player_Ships/Player.Player_C:ExecuteUbergraph_Player:129A
[2015.12.11-23.34.52:742][881]PIE:Error: Error Accessed None 'HUD Reference' from node Change Portait in graph 'EventGraph' in blueprint Player
[2015.12.11-23.34.52:772][881]PIE: Info Play in editor start time for /Game/SSA/Maps/UEDPIE_0_Home_Human -0.273
[2015.12.11-23.34.52:772][881]LogBlueprintUserMessages: Late PlayInEditor Detection: Level '/Game/SSA/Maps/Home_Human.Home_Human:PersistentLevel' has LevelScriptBlueprint '/Game/SSA/Maps/Home_Human.Home_Human:PersistentLevel.Home_Human' with GeneratedClass '/Game/SSA/Maps/Home_Human.Home_Human_C' with ClassGeneratedBy '/Game/SSA/Maps/Home_Human.Home_Human:PersistentLevel.Home_Human'
[2015.12.11-23.34.58:901][ 63]LogScript:Warning: Cannot access 'Player_Phaser_Trigger_C_1'. It is pending kill. Property: 'CallFunc_FinishSpawningActor_ReturnValue2'
	Player_Human_C /Game/SSA/Maps/UEDPIE_0_Home_Human.Home_Human:PersistentLevel.Player_Human_C_0
	Function /Game/SSA/Blueprints/Player_Ships/Player_Human.Player_Human_C:ExecuteUbergraph_Player_Human:05BE
[2015.12.11-23.34.58:901][ 63]PIE:Error: Error Cannot access 'Player_Phaser_Trigger_C_1'. It is pending kill. Property: 'CallFunc_FinishSpawningActor_ReturnValue2' from node DestroyActor in graph 'EventGraph' in blueprint Player_Human
[2015.12.11-23.35.02:403][167]LogScript:Warning: Cannot access 'Player_Phaser_Trigger_C_2'. It is pending kill. Property: 'CallFunc_FinishSpawningActor_ReturnValue2'
	Player_Human_C /Game/SSA/Maps/UEDPIE_0_Home_Human.Home_Human:PersistentLevel.Player_Human_C_0
	Function /Game/SSA/Blueprints/Player_Ships/Player_Human.Player_Human_C:ExecuteUbergraph_Player_Human:05BE
[2015.12.11-23.35.02:403][167]PIE:Error: Error Cannot access 'Player_Phaser_Trigger_C_2'. It is pending kill. Property: 'CallFunc_FinishSpawningActor_ReturnValue2' from node DestroyActor in graph 'EventGraph' in blueprint Player_Human
[2015.12.11-23.35.03:508][200]LogScript:Warning: Cannot access 'Player_Phaser_Trigger_C_3'. It is pending kill. Property: 'CallFunc_FinishSpawningActor_ReturnValue2'
	Player_Human_C /Game/SSA/Maps/UEDPIE_0_Home_Human.Home_Human:PersistentLevel.Player_Human_C_0
	Function /Game/SSA/Blueprints/Player_Ships/Player_Human.Player_Human_C:ExecuteUbergraph_Player_Human:05BE
[2015.12.11-23.35.03:508][200]PIE:Error: Error Cannot access 'Player_Phaser_Trigger_C_3'. It is pending kill. Property: 'CallFunc_FinishSpawningActor_ReturnValue2' from node DestroyActor in graph 'EventGraph' in blueprint Player_Human
[2015.12.11-23.35.04:183][220]LogScript:Warning: Cannot access 'Player_Phaser_Trigger_C_4'. It is pending kill. Property: 'CallFunc_FinishSpawningActor_ReturnValue2'
	Player_Human_C /Game/SSA/Maps/UEDPIE_0_Home_Human.Home_Human:PersistentLevel.Player_Human_C_0
	Function /Game/SSA/Blueprints/Player_Ships/Player_Human.Player_Human_C:ExecuteUbergraph_Player_Human:05BE
[2015.12.11-23.35.04:183][220]PIE:Error: Error Cannot access 'Player_Phaser_Trigger_C_4'. It is pending kill. Property: 'CallFunc_FinishSpawningActor_ReturnValue2' from node DestroyActor in graph 'EventGraph' in blueprint Player_Human
[2015.12.11-23.35.10:278][401]LogScript:Warning: Cannot access 'Player_Phaser_Trigger_C_5'. It is pending kill. Property: 'CallFunc_FinishSpawningActor_ReturnValue2'
	Player_Human_C /Game/SSA/Maps/UEDPIE_0_Home_Human.Home_Human:PersistentLevel.Player_Human_C_0
	Function /Game/SSA/Blueprints/Player_Ships/Player_Human.Player_Human_C:ExecuteUbergraph_Player_Human:05BE
[2015.12.11-23.35.10:278][401]PIE:Error: Error Cannot access 'Player_Phaser_Trigger_C_5'. It is pending kill. Property: 'CallFunc_FinishSpawningActor_ReturnValue2' from node DestroyActor in graph 'EventGraph' in blueprint Player_Human
[2015.12.11-23.35.13:493][497]LogScript:Warning: Cannot access 'Player_Phaser_Trigger_C_6'. It is pending kill. Property: 'CallFunc_FinishSpawningActor_ReturnValue2'
	Player_Human_C /Game/SSA/Maps/UEDPIE_0_Home_Human.Home_Human:PersistentLevel.Player_Human_C_0
	Function /Game/SSA/Blueprints/Player_Ships/Player_Human.Player_Human_C:ExecuteUbergraph_Player_Human:05BE
[2015.12.11-23.35.13:493][497]PIE:Error: Error Cannot access 'Player_Phaser_Trigger_C_6'. It is pending kill. Property: 'CallFunc_FinishSpawningActor_ReturnValue2' from node DestroyActor in graph 'EventGraph' in blueprint Player_Human
[2015.12.11-23.35.15:673][562]LogScript:Warning: Cannot access 'Player_Phaser_Trigger_C_7'. It is pending kill. Property: 'CallFunc_FinishSpawningActor_ReturnValue2'
	Player_Human_C /Game/SSA/Maps/UEDPIE_0_Home_Human.Home_Human:PersistentLevel.Player_Human_C_0
	Function /Game/SSA/Blueprints/Player_Ships/Player_Human.Player_Human_C:ExecuteUbergraph_Player_Human:05BE
[2015.12.11-23.35.15:673][562]PIE:Error: Error Cannot access 'Player_Phaser_Trigger_C_7'. It is pending kill. Property: 'CallFunc_FinishSpawningActor_ReturnValue2' from node DestroyActor in graph 'EventGraph' in blueprint Player_Human
[2015.12.11-23.35.20:302][699]LogScript:Warning: Cannot access 'Player_Phaser_Trigger_C_8'. It is pending kill. Property: 'CallFunc_FinishSpawningActor_ReturnValue2'
	Player_Human_C /Game/SSA/Maps/UEDPIE_0_Home_Human.Home_Human:PersistentLevel.Player_Human_C_0
	Function /Game/SSA/Blueprints/Player_Ships/Player_Human.Player_Human_C:ExecuteUbergraph_Player_Human:05BE
[2015.12.11-23.35.20:302][699]PIE:Error: Error Cannot access 'Player_Phaser_Trigger_C_8'. It is pending kill. Property: 'CallFunc_FinishSpawningActor_ReturnValue2' from node DestroyActor in graph 'EventGraph' in blueprint Player_Human
[2015.12.11-23.35.20:846][712]LogPackageName: SearchForPackageOnDisk took   0.110s to resolve Ship_Selection.umap.
[2015.12.11-23.35.20:967][713]LogPackageName: SearchForPackageOnDisk took   0.097s to resolve Ship_Selection.umap.
[2015.12.11-23.35.20:967][713]LogNet: Browse: /Game/SSA/Maps/Ship_Selection
[2015.12.11-23.35.20:968][713]LogLoad: LoadMap: /Game/SSA/Maps/Ship_Selection
[2015.12.11-23.35.21:042][713]LogParticles: Destroying 0 GPU particle simulations for FXSystem 0x000000E8D11F6520
[2015.12.11-23.35.21:062][713]Cmd: MEM
[2015.12.11-23.35.21:101][713]LogMemory: Platform Memory Stats for Windows
[2015.12.11-23.35.21:101][713]LogMemory: Process Physical Memory: 1367.34 MB used, 1423.52 MB peak
[2015.12.11-23.35.21:101][713]LogMemory: Process Virtual Memory: 2554.99 MB used, 2607.08 MB peak
[2015.12.11-23.35.21:101][713]LogMemory: Physical Memory: 5582.96 MB used, 8124.02 MB total
[2015.12.11-23.35.21:101][713]LogMemory: Virtual Memory: 3303.95 MB used, 134217728.00 MB total
[2015.12.11-23.35.21:101][713]LogMemory: 
[2015.12.11-23.35.21:101][713]Allocator Stats for TBB: (not implemented)
[2015.12.11-23.35.24:696][713]LogAIModule: Creating AISystem for world Ship_Selection
[2015.12.11-23.35.24:697][713]LogWorld: Game class is 'TopDownGameMode_C'
[2015.12.11-23.35.24:700][713]LogWorld: Bringing World /Game/SSA/Maps/UEDPIE_0_Ship_Selection.Ship_Selection up for play (max tick rate 60) at 2015.12.11-18.35.24
[2015.12.11-23.35.24:700][713]LogActor:Warning: GameSession /Game/SSA/Maps/UEDPIE_0_Ship_Selection.Ship_Selection:PersistentLevel.GameSession_2 has natively added scene component(s), but none of them were set as the actor's RootComponent - picking one arbitrarily
[2015.12.11-23.35.24:700][713]LogActor:Warning: GameNetworkManager /Game/SSA/Maps/UEDPIE_0_Ship_Selection.Ship_Selection:PersistentLevel.GameNetworkManager_2 has natively added scene component(s), but none of them were set as the actor's RootComponent - picking one arbitrarily
[2015.12.11-23.35.24:701][713]LogWorld: Bringing up level for play took: 0.002421
[2015.12.11-23.35.24:701][713]LogGameMode: Warning - PATHS NOT DEFINED or NO PLAYERSTART with positive rating
[2015.12.11-23.35.30:246][875]LogPackageName: SearchForPackageOnDisk took   0.117s to resolve Home_Human.umap.
[2015.12.11-23.35.30:367][876]LogPackageName: SearchForPackageOnDisk took   0.114s to resolve Home_Human.umap.
[2015.12.11-23.35.30:367][876]LogNet: Browse: /Game/SSA/Maps/Home_Human
[2015.12.11-23.35.30:368][876]LogLoad: LoadMap: /Game/SSA/Maps/Home_Human
[2015.12.11-23.35.30:401][876]LogParticles: Destroying 0 GPU particle simulations for FXSystem 0x000000E8D1865760
[2015.12.11-23.35.30:401][876]Cmd: MEM
[2015.12.11-23.35.30:430][876]LogMemory: Platform Memory Stats for Windows
[2015.12.11-23.35.30:430][876]LogMemory: Process Physical Memory: 2245.58 MB used, 2249.84 MB peak
[2015.12.11-23.35.30:430][876]LogMemory: Process Virtual Memory: 3311.92 MB used, 3486.17 MB peak
[2015.12.11-23.35.30:430][876]LogMemory: Physical Memory: 6315.62 MB used, 8124.02 MB total
[2015.12.11-23.35.30:430][876]LogMemory: Virtual Memory: 4272.26 MB used, 134217728.00 MB total
[2015.12.11-23.35.30:430][876]LogMemory: 
[2015.12.11-23.35.30:430][876]Allocator Stats for TBB: (not implemented)
[2015.12.11-23.35.30:430][876]LogPlayLevel: Creating play world package: /Game/SSA/Maps/UEDPIE_0_Home_Human
[2015.12.11-23.35.30:456][876]LogPlayLevel: PIE: StaticDuplicateObject took: (0.025528s)
[2015.12.11-23.35.30:457][876]LogAIModule: Creating AISystem for world Home_Human
[2015.12.11-23.35.30:457][876]LogPlayLevel: PIE: World Init took: (0.001077s)
[2015.12.11-23.35.30:457][876]LogPlayLevel: PIE: Created PIE world by copying editor world from /Game/SSA/Maps/Home_Human.Home_Human to /Game/SSA/Maps/UEDPIE_0_Home_Human.Home_Human (0.026905s)
[2015.12.11-23.35.30:457][876]LogWorld: Game class is 'TopDownGameMode_C'
[2015.12.11-23.35.30:465][876]LogWorld:Warning: *** WARNING - PATHS MAY NOT BE VALID ***
[2015.12.11-23.35.30:465][876]LogWorld: Bringing World /Game/SSA/Maps/UEDPIE_0_Home_Human.Home_Human up for play (max tick rate 60) at 2015.12.11-18.35.30
[2015.12.11-23.35.30:465][876]LogActor:Warning: GameSession /Game/SSA/Maps/UEDPIE_0_Home_Human.Home_Human:PersistentLevel.GameSession_3 has natively added scene component(s), but none of them were set as the actor's RootComponent - picking one arbitrarily
[2015.12.11-23.35.30:465][876]LogActor:Warning: GameNetworkManager /Game/SSA/Maps/UEDPIE_0_Home_Human.Home_Human:PersistentLevel.GameNetworkManager_3 has natively added scene component(s), but none of them were set as the actor's RootComponent - picking one arbitrarily
[2015.12.11-23.35.30:465][876]LogWorld: Bringing up level for play took: 0.006546
[2015.12.11-23.35.30:468][876]LogScript:Warning: Accessed None 'HUD Reference'
	Player_Kratakos_C /Game/SSA/Maps/UEDPIE_0_Home_Human.Home_Human:PersistentLevel.Player_Kratakos_C_0
	Function /Game/SSA/Blueprints/Player_Ships/Player.Player_C:ExecuteUbergraph_Player:129A
[2015.12.11-23.35.30:468][876]PIE:Error: Error Accessed None 'HUD Reference' from node Change Portait in graph 'EventGraph' in blueprint Player
[2015.12.11-23.35.38:150][ 94]LogScript:Warning: Accessed None 'Enemy'
	Player_Kratakos_C /Game/SSA/Maps/UEDPIE_0_Home_Human.Home_Human:PersistentLevel.Player_Kratakos_C_0
	Function /Game/SSA/Blueprints/Player_Ships/Player.Player_C:ExecuteUbergraph_Player:043D
[2015.12.11-23.35.38:150][ 94]PIE:Error: Error Accessed None 'Enemy' from node Spawn Emitter at Location in graph 'EventGraph' in blueprint Player
[2015.12.11-23.35.38:150][ 94]LogScript:Warning: Accessed None 'Enemy'
	Player_Kratakos_C /Game/SSA/Maps/UEDPIE_0_Home_Human.Home_Human:PersistentLevel.Player_Kratakos_C_0
	Function /Game/SSA/Blueprints/Player_Ships/Player.Player_C:ExecuteUbergraph_Player:04AB
[2015.12.11-23.35.38:150][ 94]PIE:Error: Error Accessed None 'Enemy' from node DestroyActor in graph 'EventGraph' in blueprint Player
[2015.12.11-23.35.39:131][121]LogScript:Warning: Accessed None 'CallFunc_K2_GetPawn_ReturnValue'
	EnemyAI1_C /Game/SSA/Maps/UEDPIE_0_Home_Human.Home_Human:PersistentLevel.EnemyAI1_C_2
	Function /Game/SSA/Blueprints/AI/EnemyAI1.EnemyAI1_C:ExecuteUbergraph_EnemyAI1:008C
[2015.12.11-23.35.39:131][121]PIE:Error: Error Accessed None 'CallFunc_K2_GetPawn_ReturnValue' from node Set Value as Vector in graph 'EventGraph' in blueprint EnemyAI1
[2015.12.11-23.35.50:116][454]LogScript:Warning: Accessed None 'K2Node_DynamicCast_AsPlayer3'
	Enemy_Dragomir_C /Game/SSA/Maps/UEDPIE_0_Home_Human.Home_Human:PersistentLevel.Enemy_Dragomir_C_0
	Function /Game/SSA/Blueprints/Enemy_Dragomir.Enemy_Dragomir_C:ExecuteUbergraph_Enemy_Dragomir:0033
[2015.12.11-23.35.50:116][454]PIE:Error: Error Accessed None 'K2Node_DynamicCast_AsPlayer3' from node Branch in graph 'EventGraph' in blueprint Enemy_Dragomir
[2015.12.11-23.35.57:637][680]LogPhysics:Warning: FConstraintInstance::GetRefFrame : Contained scale.
[2015.12.11-23.35.57:637][680]LogPhysics:Warning: FConstraintInstance::GetRefFrame : Contained scale.
[2015.12.11-23.35.57:638][680]LogPhysics:Warning: FConstraintInstance::GetRefFrame : Contained scale.
[2015.12.11-23.35.58:693][710]LogScript:Warning: Accessed None 'K2Node_DynamicCast_AsPlayer3'
	Enemy_Dragomir_C /Game/SSA/Maps/UEDPIE_0_Home_Human.Home_Human:PersistentLevel.Enemy_Dragomir_C_0
	Function /Game/SSA/Blueprints/Enemy_Dragomir.Enemy_Dragomir_C:ExecuteUbergraph_Enemy_Dragomir:0033
[2015.12.11-23.35.58:693][710]PIE:Error: Error Accessed None 'K2Node_DynamicCast_AsPlayer3' from node Branch in graph 'EventGraph' in blueprint Enemy_Dragomir
[2015.12.11-23.36.03:055][835]LogActor:Warning: Debris_C_227 is outside the world bounds!
[2015.12.11-23.36.03:693][854]LogPhysics:Warning: FConstraintInstance::GetRefFrame : Contained scale.
[2015.12.11-23.36.03:693][854]LogPhysics:Warning: FConstraintInstance::GetRefFrame : Contained scale.
[2015.12.11-23.36.03:693][854]LogPhysics:Warning: FConstraintInstance::GetRefFrame : Contained scale.
[2015.12.11-23.36.04:761][885]LogScript:Warning: Accessed None 'K2Node_DynamicCast_AsPlayer3'
	Enemy_Dragomir_C /Game/SSA/Maps/UEDPIE_0_Home_Human.Home_Human:PersistentLevel.Enemy_Dragomir_C_0
	Function /Game/SSA/Blueprints/Enemy_Dragomir.Enemy_Dragomir_C:ExecuteUbergraph_Enemy_Dragomir:0033
[2015.12.11-23.36.04:761][885]PIE:Error: Error Accessed None 'K2Node_DynamicCast_AsPlayer3' from node Branch in graph 'EventGraph' in blueprint Enemy_Dragomir
[2015.12.11-23.36.05:364][903]LogPhysics:Warning: FConstraintInstance::GetRefFrame : Contained scale.
[2015.12.11-23.36.05:364][903]LogPhysics:Warning: FConstraintInstance::GetRefFrame : Contained scale.
[2015.12.11-23.36.05:364][903]LogPhysics:Warning: FConstraintInstance::GetRefFrame : Contained scale.
[2015.12.11-23.36.09:526][ 22]LogPhysics:Warning: FConstraintInstance::GetRefFrame : Contained scale.
[2015.12.11-23.36.09:526][ 22]LogPhysics:Warning: FConstraintInstance::GetRefFrame : Contained scale.
[2015.12.11-23.36.09:526][ 22]LogPhysics:Warning: FConstraintInstance::GetRefFrame : Contained scale.
[2015.12.11-23.36.10:332][ 45]LogScript:Warning: Accessed None 'K2Node_DynamicCast_AsPlayer3'
	Enemy_Dragomir_C /Game/SSA/Maps/UEDPIE_0_Home_Human.Home_Human:PersistentLevel.Enemy_Dragomir_C_0
	Function /Game/SSA/Blueprints/Enemy_Dragomir.Enemy_Dragomir_C:ExecuteUbergraph_Enemy_Dragomir:0033
[2015.12.11-23.36.10:332][ 45]PIE:Error: Error Accessed None 'K2Node_DynamicCast_AsPlayer3' from node Branch in graph 'EventGraph' in blueprint Enemy_Dragomir
[2015.12.11-23.36.12:302][104]LogPhysics:Warning: FConstraintInstance::GetRefFrame : Contained scale.
[2015.12.11-23.36.12:302][104]LogPhysics:Warning: FConstraintInstance::GetRefFrame : Contained scale.
[2015.12.11-23.36.12:302][104]LogPhysics:Warning: FConstraintInstance::GetRefFrame : Contained scale.
[2015.12.11-23.36.16:151][218]LogScript:Warning: Accessed None 'K2Node_DynamicCast_AsPlayer3'
	Enemy_Dragomir_C /Game/SSA/Maps/UEDPIE_0_Home_Human.Home_Human:PersistentLevel.Enemy_Dragomir_C_0
	Function /Game/SSA/Blueprints/Enemy_Dragomir.Enemy_Dragomir_C:ExecuteUbergraph_Enemy_Dragomir:0033
[2015.12.11-23.36.16:151][218]PIE:Error: Error Accessed None 'K2Node_DynamicCast_AsPlayer3' from node Branch in graph 'EventGraph' in blueprint Enemy_Dragomir
[2015.12.11-23.36.21:329][360]LogScript:Warning: Accessed None 'K2Node_DynamicCast_AsPlayer3'
	Enemy_Dragomir_C /Game/SSA/Maps/UEDPIE_0_Home_Human.Home_Human:PersistentLevel.Enemy_Dragomir_C_0
	Function /Game/SSA/Blueprints/Enemy_Dragomir.Enemy_Dragomir_C:ExecuteUbergraph_Enemy_Dragomir:0033
[2015.12.11-23.36.21:329][360]PIE:Error: Error Accessed None 'K2Node_DynamicCast_AsPlayer3' from node Branch in graph 'EventGraph' in blueprint Enemy_Dragomir
[2015.12.11-23.36.34:227][668]LogPackageName: SearchForPackageOnDisk took   0.116s to resolve Menu.umap.
[2015.12.11-23.36.34:230][669]LogBlueprintUserMessages: Early EndPlayMap Detection: Level '/Game/SSA/Maps/Home_Human.Home_Human:PersistentLevel' has LevelScriptBlueprint '/Game/SSA/Maps/Home_Human.Home_Human:PersistentLevel.Home_Human' with GeneratedClass '/Game/SSA/Maps/Home_Human.Home_Human_C' with ClassGeneratedBy '/Game/SSA/Maps/Home_Human.Home_Human:PersistentLevel.Home_Human'
[2015.12.11-23.36.34:340][669]LogBlueprintUserMessages: Late EndPlayMap Detection: Level '/Game/SSA/Maps/Home_Human.Home_Human:PersistentLevel' has LevelScriptBlueprint '/Game/SSA/Maps/Home_Human.Home_Human:PersistentLevel.Home_Human' with GeneratedClass '/Game/SSA/Maps/Home_Human.Home_Human_C' with ClassGeneratedBy '/Game/SSA/Maps/Home_Human.Home_Human:PersistentLevel.Home_Human'
[2015.12.11-23.36.34:396][669]LogParticles: Destroying 0 GPU particle simulations for FXSystem 0x000000E8D1865080
[2015.12.11-23.37.32:189][451]LogWindowsTextInputMethodSystem:Display: IME system now deactivated.
[2015.12.11-23.37.32:494][452]Cmd: QUIT_EDITOR
[2015.12.11-23.37.33:800][452]LogExit: Preparing to exit.
[2015.12.11-23.37.34:920][452]LogExit: Editor shut down
[2015.12.11-23.37.34:920][452]LogExit: Transaction tracking system shut down
[2015.12.11-23.37.34:957][452]LogParticles: Destroying 0 GPU particle simulations for FXSystem 0x000000E8D2B045E0
[2015.12.11-23.37.34:959][452]LogParticles: Destroying 0 GPU particle simulations for FXSystem 0x000000E8D42C5120
[2015.12.11-23.37.34:959][452]LogParticles: Destroying 0 GPU particle simulations for FXSystem 0x000000E8F09894E0
[2015.12.11-23.37.34:959][452]LogParticles: Destroying 0 GPU particle simulations for FXSystem 0x000000E8EF7632E0
[2015.12.11-23.37.34:959][452]LogParticles: Destroying 0 GPU particle simulations for FXSystem 0x000000E8E86439C0
[2015.12.11-23.37.35:424][452]LogExit: Object subsystem successfully closed.
[2015.12.11-23.37.35:455][452]LogD3D11RHI: Shutdown
[2015.12.11-23.37.35:455][452]LogD3D11RHI: CleanupD3DDevice
[2015.12.11-23.37.35:547][452]LogD3D11RHI: ~FD3D11DynamicRHI
[2015.12.11-23.37.35:612][452]LogModuleManager: Shutting down and abandoning module CrashTracker (199)
[2015.12.11-23.37.35:612][452]LogModuleManager: Shutting down and abandoning module SceneOutliner (198)
[2015.12.11-23.37.35:612][452]LogModuleManager: Shutting down and abandoning module SuperSearch (197)
[2015.12.11-23.37.35:612][452]LogModuleManager: Shutting down and abandoning module WidgetCarousel (196)
[2015.12.11-23.37.35:612][452]LogModuleManager: Shutting down and abandoning module AddContentDialog (195)
[2015.12.11-23.37.35:615][452]LogModuleManager: Shutting down and abandoning module EditorWidgets (194)
[2015.12.11-23.37.35:615][452]LogModuleManager: Shutting down and abandoning module CollectionManager (193)
[2015.12.11-23.37.35:616][452]LogModuleManager: Shutting down and abandoning module StatsViewer (192)
[2015.12.11-23.37.35:617][452]LogModuleManager: Shutting down and abandoning module FoliageEdit (191)
[2015.12.11-23.37.35:618][452]LogModuleManager: Shutting down and abandoning module LandscapeEditor (190)
[2015.12.11-23.37.35:620][452]LogModuleManager: Shutting down and abandoning module ActorPickerMode (189)
[2015.12.11-23.37.35:620][452]LogModuleManager: Shutting down and abandoning module GeometryMode (188)
[2015.12.11-23.37.35:620][452]LogModuleManager: Shutting down and abandoning module TextureAlignMode (187)
[2015.12.11-23.37.35:620][452]LogModuleManager: Shutting down and abandoning module BspMode (186)
[2015.12.11-23.37.35:620][452]LogModuleManager: Shutting down and abandoning module PlacementMode (185)
[2015.12.11-23.37.35:620][452]LogModuleManager: Shutting down and abandoning module AutomationWorker (184)
[2015.12.11-23.37.35:620][452]LogModuleManager: Shutting down and abandoning module CharacterAI (183)
[2015.12.11-23.37.35:620][452]LogModuleManager: Shutting down and abandoning module SmartSnapping (182)
[2015.12.11-23.37.35:620][452]LogModuleManager: Shutting down and abandoning module ViewportSnapping (181)
[2015.12.11-23.37.35:620][452]LogModuleManager: Shutting down and abandoning module LogVisualizer (180)
[2015.12.11-23.37.35:622][452]LogModuleManager: Shutting down and abandoning module GameProjectGeneration (179)
[2015.12.11-23.37.35:622][452]LogModuleManager: Shutting down and abandoning module IntroTutorials (178)
[2015.12.11-23.37.35:624][452]LogModuleManager: Shutting down and abandoning module EditorLiveStreaming (177)
[2015.12.11-23.37.35:624][452]LogModuleManager: Shutting down and abandoning module IOSPlatformEditor (176)
[2015.12.11-23.37.35:625][452]LogModuleManager: Shutting down and abandoning module HTML5PlatformEditor (175)
[2015.12.11-23.37.35:625][452]LogModuleManager: Shutting down and abandoning module AndroidDeviceDetection (174)
[2015.12.11-23.37.35:895][452]LogModuleManager: Shutting down and abandoning module AndroidPlatformEditor (173)
[2015.12.11-23.37.35:895][452]LogModuleManager: Shutting down and abandoning module IOSRuntimeSettings (172)
[2015.12.11-23.37.35:895][452]LogModuleManager: Shutting down and abandoning module AndroidRuntimeSettings (171)
[2015.12.11-23.37.35:895][452]LogModuleManager: Shutting down and abandoning module MergeActors (170)
[2015.12.11-23.37.35:896][452]LogModuleManager: Shutting down and abandoning module SizeMap (169)
[2015.12.11-23.37.35:896][452]LogModuleManager: Shutting down and abandoning module TreeMap (168)
[2015.12.11-23.37.35:897][452]LogModuleManager: Shutting down and abandoning module ReferenceViewer (167)
[2015.12.11-23.37.35:897][452]LogModuleManager: Shutting down and abandoning module LocalizationService (166)
[2015.12.11-23.37.35:897][452]LogModuleManager: Shutting down and abandoning module LocalizationDashboard (165)
[2015.12.11-23.37.35:898][452]LogModuleManager: Shutting down and abandoning module HardwareTargeting (164)
[2015.12.11-23.37.35:898][452]LogModuleManager: Shutting down and abandoning module DeviceProfileEditor (163)
[2015.12.11-23.37.35:898][452]LogModuleManager: Shutting down and abandoning module UndoHistory (162)
[2015.12.11-23.37.35:898][452]LogModuleManager: Shutting down and abandoning module GameplayTagsEditor (161)
[2015.12.11-23.37.35:898][452]LogModuleManager: Shutting down and abandoning module UserFeedback (160)
[2015.12.11-23.37.35:898][452]LogModuleManager: Shutting down and abandoning module XmlParser (159)
[2015.12.11-23.37.35:899][452]LogModuleManager: Shutting down and abandoning module Blutility (158)
[2015.12.11-23.37.35:899][452]LogModuleManager: Shutting down and abandoning module ProjectTargetPlatformEditor (157)
[2015.12.11-23.37.35:899][452]LogModuleManager: Shutting down and abandoning module ProjectSettingsViewer (156)
[2015.12.11-23.37.35:899][452]LogModuleManager: Shutting down and abandoning module InputBindingEditor (155)
[2015.12.11-23.37.35:900][452]LogModuleManager: Shutting down and abandoning module EditorSettingsViewer (154)
[2015.12.11-23.37.35:900][452]LogModuleManager: Shutting down and abandoning module SettingsEditor (153)
[2015.12.11-23.37.35:901][452]LogModuleManager: Shutting down and abandoning module ProjectLauncher (152)
[2015.12.11-23.37.35:903][452]LogModuleManager: Shutting down and abandoning module SessionFrontend (151)
[2015.12.11-23.37.35:903][452]LogModuleManager: Shutting down and abandoning module ProfilerClient (150)
[2015.12.11-23.37.35:904][452]LogModuleManager: Shutting down and abandoning module TargetDeviceServices (149)
[2015.12.11-23.37.35:904][452]LogModuleManager: Shutting down and abandoning module DeviceManager (148)
[2015.12.11-23.37.35:904][452]LogModuleManager: Shutting down and abandoning module AutomationController (147)
[2015.12.11-23.37.35:905][452]LogModuleManager: Shutting down and abandoning module AutomationWindow (146)
[2015.12.11-23.37.35:906][452]LogModuleManager: Shutting down and abandoning module Layers (145)
[2015.12.11-23.37.35:909][452]LogModuleManager: Shutting down and abandoning module ComponentVisualizers (144)
[2015.12.11-23.37.35:909][452]LogModuleManager: Shutting down and abandoning module DetailCustomizations (143)
[2015.12.11-23.37.35:910][452]LogModuleManager: Shutting down and abandoning module PackagesDialog (142)
[2015.12.11-23.37.35:912][452]LogModuleManager: Shutting down and abandoning module Persona (141)
[2015.12.11-23.37.35:913][452]LogModuleManager: Shutting down and abandoning module Kismet (140)
[2015.12.11-23.37.35:914][452]LogModuleManager: Shutting down and abandoning module GraphEditor (139)
[2015.12.11-23.37.35:916][452]LogModuleManager: Shutting down and abandoning module ClassViewer (138)
[2015.12.11-23.37.35:917][452]LogModuleManager: Shutting down and abandoning module Toolbox (137)
[2015.12.11-23.37.35:917][452]LogModuleManager: Shutting down and abandoning module ModuleUI (136)
[2015.12.11-23.37.35:917][452]LogModuleManager: Shutting down and abandoning module MovieSceneTools (135)
[2015.12.11-23.37.35:917][452]LogModuleManager: Shutting down and abandoning module OutputLog (134)
[2015.12.11-23.37.35:917][452]LogModuleManager: Shutting down and abandoning module GammaUI (133)
[2015.12.11-23.37.35:918][452]LogModuleManager: Shutting down and abandoning module Documentation (132)
[2015.12.11-23.37.35:918][452]LogModuleManager: Shutting down and abandoning module GameLiveStreaming (131)
[2015.12.11-23.37.35:918][452]LogModuleManager: Shutting down and abandoning module StreamingPauseRendering (130)
[2015.12.11-23.37.35:919][452]LogModuleManager: Shutting down and abandoning module AnalyticsET (129)
[2015.12.11-23.37.35:919][452]LogModuleManager: Shutting down and abandoning module Analytics (128)
[2015.12.11-23.37.35:919][452]LogModuleManager: Shutting down and abandoning module AITestSuite (127)
[2015.12.11-23.37.35:919][452]LogModuleManager: Shutting down and abandoning module GameplayDebugger (126)
[2015.12.11-23.37.35:919][452]LogModuleManager: Shutting down and abandoning module AIModule (125)
[2015.12.11-23.37.35:919][452]LogModuleManager: Shutting down and abandoning module ProfilerService (124)
[2015.12.11-23.37.36:061][452]LogModuleManager: Shutting down and abandoning module TaskGraph (123)
[2015.12.11-23.37.36:062][452]LogModuleManager: Shutting down and abandoning module SubstanceEditor (122)
[2015.12.11-23.37.36:062][452]LogModuleManager: Shutting down and abandoning module SlateRemote (121)
[2015.12.11-23.37.36:062][452]LogModuleManager: Shutting down and abandoning module SteamVRController (120)
[2015.12.11-23.37.36:062][452]LogModuleManager: Shutting down and abandoning module SteamVR (119)
[2015.12.11-23.37.36:062][452]LogModuleManager: Shutting down and abandoning module ProceduralMeshComponent (118)
[2015.12.11-23.37.36:062][452]LogModuleManager: Shutting down and abandoning module OculusRift (117)
[2015.12.11-23.37.36:062][452]LogModuleManager: Shutting down and abandoning module OculusLibrary (116)
[2015.12.11-23.37.36:062][452]LogModuleManager: Shutting down and abandoning module LeapMotionController (115)
[2015.12.11-23.37.36:077][452]LogModuleManager: Shutting down and abandoning module CustomMeshComponent (114)
[2015.12.11-23.37.36:078][452]LogModuleManager: Shutting down and abandoning module CableComponent (113)
[2015.12.11-23.37.36:078][452]LogModuleManager: Shutting down and abandoning module ArchVisCharacter (112)
[2015.12.11-23.37.36:078][452]LogModuleManager: Shutting down and abandoning module MessagingDebugger (111)
[2015.12.11-23.37.36:080][452]LogModuleManager: Shutting down and abandoning module MediaPlayerEditor (110)
[2015.12.11-23.37.36:081][452]LogModuleManager: Shutting down and abandoning module HTML5Networking (109)
[2015.12.11-23.37.36:081][452]LogModuleManager: Shutting down and abandoning module SpeedTreeImporter (108)
[2015.12.11-23.37.36:081][452]LogModuleManager: Shutting down and abandoning module PluginBrowser (107)
[2015.12.11-23.37.36:082][452]LogModuleManager: Shutting down and abandoning module EpicSurvey (106)
[2015.12.11-23.37.36:082][452]LogModuleManager: Shutting down and abandoning module DesktopPlatform (105)
[2015.12.11-23.37.36:082][452]LogModuleManager: Shutting down and abandoning module VisualStudioSourceCodeAccess (104)
[2015.12.11-23.37.36:082][452]LogModuleManager: Shutting down and abandoning module UObjectPlugin (103)
[2015.12.11-23.37.36:082][452]LogModuleManager: Shutting down and abandoning module SubversionSourceControl (102)
[2015.12.11-23.37.36:083][452]LogModuleManager: Shutting down and abandoning module PerforceSourceControl (101)
[2015.12.11-23.37.36:085][452]LogModuleManager: Shutting down and abandoning module SourceControl (100)
[2015.12.11-23.37.36:085][452]LogModuleManager: Shutting down and abandoning module GitSourceControl (99)
[2015.12.11-23.37.36:085][452]LogModuleManager: Shutting down and abandoning module LightPropagationVolumeEditor (98)
[2015.12.11-23.37.36:085][452]LogModuleManager: Shutting down and abandoning module PaperTiledImporter (97)
[2015.12.11-23.37.36:086][452]LogModuleManager: Shutting down and abandoning module PaperSpriteSheetImporter (96)
[2015.12.11-23.37.36:086][452]LogModuleManager: Shutting down and abandoning module MeshPaint (95)
[2015.12.11-23.37.36:086][452]LogModuleManager: Shutting down and abandoning module SlateReflector (94)
[2015.12.11-23.37.36:087][452]LogModuleManager: Shutting down and abandoning module HotReload (93)
[2015.12.11-23.37.36:088][452]LogModuleManager: Shutting down and abandoning module MainFrame (92)
[2015.12.11-23.37.36:088][452]LogModuleManager: Shutting down and abandoning module LevelEditor (91)
[2015.12.11-23.37.36:089][452]LogModuleManager: Shutting down and abandoning module ContentBrowser (90)
[2015.12.11-23.37.36:090][452]LogModuleManager: Shutting down and abandoning module Paper2DEditor (89)
[2015.12.11-23.37.36:091][452]LogModuleManager: Shutting down and abandoning module UdpMessaging (88)
[2015.12.11-23.37.36:192][452]LogModuleManager: Shutting down and abandoning module DirectoryWatcher (87)
[2015.12.11-23.37.36:194][452]LogModuleManager: Shutting down and abandoning module AssetRegistry (86)
[2015.12.11-23.37.36:330][452]LogModuleManager: Shutting down and abandoning module SubstanceCore (85)
[2015.12.11-23.37.36:332][452]LogModuleManager: Shutting down and abandoning module LightPropagationVolumeRuntime (84)
[2015.12.11-23.37.36:332][452]LogModuleManager: Shutting down and abandoning module Paper2D (83)
[2015.12.11-23.37.36:333][452]LogModuleManager: Shutting down and abandoning module WindowsMoviePlayer (82)
[2015.12.11-23.37.36:340][452]LogModuleManager: Shutting down and abandoning module Media (81)
[2015.12.11-23.37.36:340][452]LogModuleManager: Shutting down and abandoning module WmfMedia (80)
[2015.12.11-23.37.36:342][452]LogModuleManager: Shutting down and abandoning module OnlineBlueprintSupport (79)
[2015.12.11-23.37.36:342][452]LogModuleManager: Shutting down and abandoning module GameplayTasksEditor (78)
[2015.12.11-23.37.36:342][452]LogModuleManager: Shutting down and abandoning module PropertyEditor (77)
[2015.12.11-23.37.36:342][452]LogModuleManager: Shutting down and abandoning module BehaviorTreeEditor (76)
[2015.12.11-23.37.36:343][452]LogModuleManager: Shutting down and abandoning module FunctionalTesting (75)
[2015.12.11-23.37.36:343][452]LogModuleManager: Shutting down and abandoning module CollisionAnalyzer (74)
[2015.12.11-23.37.36:344][452]LogModuleManager: Shutting down and abandoning module WorkspaceMenuStructure (73)
[2015.12.11-23.37.36:344][452]LogModuleManager: Shutting down and abandoning module MessageLog (72)
[2015.12.11-23.37.36:344][452]LogModuleManager: Shutting down and abandoning module Sequencer (71)
[2015.12.11-23.37.36:345][452]LogModuleManager: Shutting down and abandoning module AssetTools (70)
[2015.12.11-23.37.36:349][452]LogModuleManager: Shutting down and abandoning module UMGEditor (69)
[2015.12.11-23.37.36:350][452]LogModuleManager: Shutting down and abandoning module UMG (68)
[2015.12.11-23.37.36:350][452]LogModuleManager: Shutting down and abandoning module Slate (67)
[2015.12.11-23.37.36:350][452]LogModuleManager: Shutting down and abandoning module EditorStyle (66)
[2015.12.11-23.37.36:354][452]LogModuleManager: Shutting down and abandoning module SessionServices (65)
[2015.12.11-23.37.36:354][452]LogModuleManager: Shutting down and abandoning module SourceCodeAccess (64)
[2015.12.11-23.37.36:354][452]LogModuleManager: Shutting down and abandoning module HeadMountedDisplay (63)
[2015.12.11-23.37.36:354][452]LogModuleManager: Shutting down and abandoning module XAudio2 (62)
[2015.12.11-23.37.36:354][452]LogModuleManager: Shutting down and abandoning module Networking (60)
[2015.12.11-23.37.36:354][452]LogModuleManager: Shutting down and abandoning module Core (59)
[2015.12.11-23.37.36:354][452]LogModuleManager: Shutting down and abandoning module KismetCompiler (58)
[2015.12.11-23.37.36:354][452]LogModuleManager: Shutting down and abandoning module PhysXFormats (57)
[2015.12.11-23.37.36:355][452]LogModuleManager: Shutting down and abandoning module MeshUtilities (56)
[2015.12.11-23.37.36:356][452]LogModuleManager: Shutting down and abandoning module CookingStats (55)
[2015.12.11-23.37.36:361][452]LogModuleManager: Shutting down and abandoning module DerivedDataCache (54)
[2015.12.11-23.37.36:389][452]LogDerivedDataCache: Shutdown
[2015.12.11-23.37.36:389][452]LogModuleManager: Shutting down and abandoning module ShaderFormatOpenGL (53)
[2015.12.11-23.37.36:389][452]LogModuleManager: Shutting down and abandoning module ShaderFormatD3D (52)
[2015.12.11-23.37.36:389][452]LogModuleManager: Shutting down and abandoning module MetalShaderFormat (51)
[2015.12.11-23.37.36:390][452]LogModuleManager: Shutting down and abandoning module TextureFormatUncompressed (50)
[2015.12.11-23.37.36:390][452]LogModuleManager: Shutting down and abandoning module TextureFormatPVR (49)
[2015.12.11-23.37.36:390][452]LogModuleManager: Shutting down and abandoning module TextureFormatIntelISPCTexComp (48)
[2015.12.11-23.37.36:391][452]LogModuleManager: Shutting down and abandoning module TextureFormatDXT (47)
[2015.12.11-23.37.36:391][452]LogModuleManager: Shutting down and abandoning module ImageWrapper (46)
[2015.12.11-23.37.36:391][452]LogModuleManager: Shutting down and abandoning module TextureFormatASTC (45)
[2015.12.11-23.37.36:391][452]LogModuleManager: Shutting down and abandoning module TextureFormatAndroid (44)
[2015.12.11-23.37.36:391][452]LogModuleManager: Shutting down and abandoning module AudioFormatOpus (43)
[2015.12.11-23.37.36:392][452]LogModuleManager: Shutting down and abandoning module AudioFormatOgg (42)
[2015.12.11-23.37.36:392][452]LogModuleManager: Shutting down and abandoning module AudioFormatADPCM (41)
[2015.12.11-23.37.36:392][452]LogModuleManager: Shutting down and abandoning module LinuxTargetPlatform (40)
[2015.12.11-23.37.36:392][452]LogModuleManager: Shutting down and abandoning module LinuxServerTargetPlatform (39)
[2015.12.11-23.37.36:393][452]LogModuleManager: Shutting down and abandoning module LinuxNoEditorTargetPlatform (38)
[2015.12.11-23.37.36:393][452]LogModuleManager: Shutting down and abandoning module Messaging (37)
[2015.12.11-23.37.36:393][452]LogModuleManager: Shutting down and abandoning module IOSTargetPlatform (36)
[2015.12.11-23.37.36:393][452]LogModuleManager: Shutting down and abandoning module HTML5TargetPlatform (35)
[2015.12.11-23.37.36:393][452]LogModuleManager: Shutting down and abandoning module Android_PVRTCTargetPlatform (34)
[2015.12.11-23.37.36:394][452]LogModuleManager: Shutting down and abandoning module Android_ETC2TargetPlatform (33)
[2015.12.11-23.37.36:395][452]LogModuleManager: Shutting down and abandoning module Android_ETC1TargetPlatform (32)
[2015.12.11-23.37.36:395][452]LogModuleManager: Shutting down and abandoning module Android_DXTTargetPlatform (31)
[2015.12.11-23.37.36:396][452]LogModuleManager: Shutting down and abandoning module Android_ATCTargetPlatform (30)
[2015.12.11-23.37.36:396][452]LogModuleManager: Shutting down and abandoning module Android_ASTCTargetPlatform (29)
[2015.12.11-23.37.36:396][452]LogModuleManager: Shutting down and abandoning module AndroidTargetPlatform (28)
[2015.12.11-23.37.36:397][452]LogModuleManager: Shutting down and abandoning module WindowsTargetPlatform (27)
[2015.12.11-23.37.36:397][452]LogModuleManager: Shutting down and abandoning module WindowsServerTargetPlatform (26)
[2015.12.11-23.37.36:397][452]LogModuleManager: Shutting down and abandoning module WindowsNoEditorTargetPlatform (25)
[2015.12.11-23.37.36:398][452]LogModuleManager: Shutting down and abandoning module WindowsClientTargetPlatform (24)
[2015.12.11-23.37.36:398][452]LogModuleManager: Shutting down and abandoning module AllDesktopTargetPlatform (23)
[2015.12.11-23.37.36:399][452]LogModuleManager: Shutting down and abandoning module TargetPlatform (22)
[2015.12.11-23.37.36:399][452]LogModuleManager: Shutting down and abandoning module InputCore (21)
[2015.12.11-23.37.36:399][452]LogModuleManager: Shutting down and abandoning module Settings (20)
[2015.12.11-23.37.36:399][452]LogModuleManager: Shutting down and abandoning module OnlineSubsystem (18)
[2015.12.11-23.37.36:399][452]LogModuleManager: Shutting down and abandoning module HTTP (17)
[2015.12.11-23.37.37:400][452]LogModuleManager: Shutting down and abandoning module XMPP (16)
[2015.12.11-23.37.37:402][452]LogModuleManager: Shutting down and abandoning module ExampleDeviceProfileSelector (15)
[2015.12.11-23.37.37:402][452]LogModuleManager: Shutting down and abandoning module TextureCompressor (14)
[2015.12.11-23.37.37:403][452]LogModuleManager: Shutting down and abandoning module ShaderCore (13)
[2015.12.11-23.37.37:403][452]LogModuleManager: Shutting down and abandoning module Landscape (12)
[2015.12.11-23.37.37:403][452]LogModuleManager: Shutting down and abandoning module SlateRHIRenderer (11)
[2015.12.11-23.37.37:404][452]LogModuleManager: Shutting down and abandoning module OpenGLDrv (10)
[2015.12.11-23.37.37:405][452]LogModuleManager: Shutting down and abandoning module D3D11RHI (9)
[2015.12.11-23.37.37:405][452]LogModuleManager: Shutting down and abandoning module AnimGraphRuntime (8)
[2015.12.11-23.37.37:405][452]LogModuleManager: Shutting down and abandoning module Renderer (7)
[2015.12.11-23.37.37:405][452]LogModuleManager: Shutting down and abandoning module Engine (6)
[2015.12.11-23.37.37:405][452]LogModuleManager: Shutting down and abandoning module CoreUObject (5)
[2015.12.11-23.37.37:405][452]LogModuleManager: Shutting down and abandoning module NetworkFile (4)
[2015.12.11-23.37.37:406][452]LogModuleManager: Shutting down and abandoning module StreamingFile (3)
[2015.12.11-23.37.37:406][452]LogModuleManager: Shutting down and abandoning module SandboxFile (2)
[2015.12.11-23.37.37:407][452]LogModuleManager: Shutting down and abandoning module PakFile (1)
[2015.12.11-23.37.37:408][452]LogExit: Exiting.
[2015.12.11-23.37.37:452][452]Log file closed, 12/11/15 18:37:37
