[2015.11.05-00.39.04:273][  0]Log file open, 11/04/15 19:39:04
[2015.11.05-00.39.04:273][  0]LogInit:Display: Running engine for game: SuperSpaceArmada
[2015.11.05-00.39.04:273][  0]LogInit:Display: RandInit(-815561736) SRandInit(-815561735).
[2015.11.05-00.39.04:273][  0]LogTaskGraph: Started task graph with 4 named threads and 7 total threads.
[2015.11.05-00.39.04:273][  0]LogStats: Stats thread started at 0.081931
[2015.11.05-00.39.04:273][  0]LogInit: Version: 4.9.1-2689999+++depot+UE4-Releases+4.9
[2015.11.05-00.39.04:273][  0]LogInit: API Version: 2672455
[2015.11.05-00.39.04:273][  0]LogInit: Compiled (64-bit): Sep 14 2015 04:12:03
[2015.11.05-00.39.04:273][  0]LogInit: Compiled with Visual C++: 18.00.21005.01
[2015.11.05-00.39.04:273][  0]LogInit: Build Configuration: Development
[2015.11.05-00.39.04:273][  0]LogInit: Branch Name: ++depot+UE4-Releases+4.9
[2015.11.05-00.39.04:273][  0]LogInit: Command line:  
[2015.11.05-00.39.04:273][  0]LogInit: Base directory: C:/Program Files/Epic Games/4.9/Engine/Binaries/Win64/
[2015.11.05-00.39.04:273][  0]LogInit: Rocket: 1
[2015.11.05-00.39.04:289][  0]LogInit: Using libcurl 7.41.0
[2015.11.05-00.39.04:289][  0]LogInit:  - built for x86_64-pc-win32
[2015.11.05-00.39.04:289][  0]LogInit:  - supports SSL with WinSSL
[2015.11.05-00.39.04:289][  0]LogInit:  - other features:
[2015.11.05-00.39.04:289][  0]LogInit:      CURL_VERSION_SSL
[2015.11.05-00.39.04:289][  0]LogInit:      CURL_VERSION_IPV6
[2015.11.05-00.39.04:289][  0]LogInit:      CURL_VERSION_ASYNCHDNS
[2015.11.05-00.39.04:289][  0]LogInit:      CURL_VERSION_LARGEFILE
[2015.11.05-00.39.04:289][  0]LogInit:      CURL_VERSION_IDN
[2015.11.05-00.39.04:289][  0]LogInit:  CurlRequestOptions (configurable via config and command line):
[2015.11.05-00.39.04:289][  0]LogInit:  - bVerifyPeer = true  - Libcurl will verify peer certificate
[2015.11.05-00.39.04:289][  0]LogInit:  - bUseHttpProxy = false  - Libcurl will NOT use HTTP proxy
[2015.11.05-00.39.04:289][  0]LogInit:  - bDontReuseConnections = false  - Libcurl will reuse connections
[2015.11.05-00.39.04:289][  0]LogInit:  - CertBundlePath = nullptr  - Libcurl will use whatever was configured at build time.
[2015.11.05-00.39.04:298][  0]LogInit: Presizing for 0 objects not considered by GC, pre-allocating 0 bytes.
[2015.11.05-00.39.04:304][  0]LogInit: Object subsystem initialized
[2015.11.05-00.39.04:306][  0]LogInit: Selected Device Profile: [Windows]
[2015.11.05-00.39.04:306][  0]LogInit: Applying CVar settings loaded from the selected device profile: [Windows]
[2015.11.05-00.39.04:313][  0]LogInit: Computer: EXIA
[2015.11.05-00.39.04:313][  0]LogInit: User: SGJin
[2015.11.05-00.39.04:313][  0]LogInit: CPU Page size=4096, Cores=4
[2015.11.05-00.39.04:313][  0]LogInit: High frequency timer resolution =2.338347 MHz
[2015.11.05-00.39.04:313][  0]LogMemory: Memory total: Physical=7.9GB (8GB approx)
[2015.11.05-00.39.04:313][  0]LogMemory: Platform Memory Stats for Windows
[2015.11.05-00.39.04:313][  0]LogMemory: Process Physical Memory: 54.29 MB used, 54.29 MB peak
[2015.11.05-00.39.04:313][  0]LogMemory: Process Virtual Memory: 55.23 MB used, 55.23 MB peak
[2015.11.05-00.39.04:313][  0]LogMemory: Physical Memory: 3311.18 MB used, 8124.02 MB total
[2015.11.05-00.39.04:313][  0]LogMemory: Virtual Memory: 350.18 MB used, 134217728.00 MB total
[2015.11.05-00.39.04:359][  0]LogTextLocalizationManager: No specific translations for ('en-US') exist, so ('en') translations will be used.
[2015.11.05-00.39.05:070][  0]LogD3D11RHI: Found D3D11 adapter 0: NVIDIA GeForce GT 740M          (Feature Level 11_0)
[2015.11.05-00.39.05:070][  0]LogD3D11RHI: Adapter has 1996MB of dedicated video memory, 0MB of dedicated system memory, and 4062MB of shared system memory, 1 output[s]
[2015.11.05-00.39.05:076][  0]LogD3D11RHI: Found D3D11 adapter 1: Intel(R) HD Graphics 4600 (Feature Level 11_0)
[2015.11.05-00.39.05:076][  0]LogD3D11RHI: Adapter has 112MB of dedicated video memory, 0MB of dedicated system memory, and 4062MB of shared system memory, 0 output[s]
[2015.11.05-00.39.05:077][  0]LogD3D11RHI: Found D3D11 adapter 2: Microsoft Basic Render Driver (Feature Level 11_0)
[2015.11.05-00.39.05:077][  0]LogD3D11RHI: Adapter has 0MB of dedicated video memory, 0MB of dedicated system memory, and 4062MB of shared system memory, 0 output[s]
[2015.11.05-00.39.05:077][  0]LogD3D11RHI: Chosen D3D11 Adapter Id = 0
[2015.11.05-00.39.05:082][  0]LogD3D11RHI: !Direct3DDevice
[2015.11.05-00.39.05:082][  0]LogRHI: Texture pool is 1361 MB (70% of 1945 MB)
[2015.11.05-00.39.05:094][  0]LogD3D11RHI: Async texture creation enabled
[2015.11.05-00.39.05:109][  0]LogShaderCompilers: Guid format shader working directory is 14 characters bigger than the processId version (../../../../../../Users/Jin/Documents/GitHub/Game-Files/SuperSpaceArmada/Intermediate/Shaders/WorkingDirectory/12196/).
[2015.11.05-00.39.05:110][  0]LogShaderCompilers: Cleaned the shader compiler working directory '../../../../../../Users/Jin/Documents/GitHub/Game-Files/SuperSpaceArmada/Intermediate/Shaders/tmp/7A3336784E3108AFD3DAE199BF24EAFB/'.
[2015.11.05-00.39.05:110][  0]LogShaderCompilers:Display: Using Local Shader Compiler.
[2015.11.05-00.39.06:179][  0]LogTemp:Display: Loaded TP AllDesktopTargetPlatform
[2015.11.05-00.39.06:185][  0]LogTemp:Display: Loaded TP WindowsClientTargetPlatform
[2015.11.05-00.39.06:191][  0]LogTemp:Display: Loaded TP WindowsNoEditorTargetPlatform
[2015.11.05-00.39.06:197][  0]LogTemp:Display: Loaded TP WindowsServerTargetPlatform
[2015.11.05-00.39.06:203][  0]LogTemp:Display: Loaded TP WindowsTargetPlatform
[2015.11.05-00.39.06:207][  0]LogTemp:Display: Loaded TP AndroidTargetPlatform
[2015.11.05-00.39.06:211][  0]LogTemp:Display: Loaded TP Android_ASTCTargetPlatform
[2015.11.05-00.39.06:214][  0]LogTemp:Display: Loaded TP Android_ATCTargetPlatform
[2015.11.05-00.39.06:218][  0]LogTemp:Display: Loaded TP Android_DXTTargetPlatform
[2015.11.05-00.39.06:222][  0]LogTemp:Display: Loaded TP Android_ETC1TargetPlatform
[2015.11.05-00.39.06:225][  0]LogTemp:Display: Loaded TP Android_ETC2TargetPlatform
[2015.11.05-00.39.06:229][  0]LogTemp:Display: Loaded TP Android_PVRTCTargetPlatform
[2015.11.05-00.39.06:231][  0]LogTemp:Display: Loaded TP HTML5TargetPlatform
[2015.11.05-00.39.06:249][  0]LogTemp:Display: Loaded TP IOSTargetPlatform
[2015.11.05-00.39.06:252][  0]LogTemp:Display: Loaded TP LinuxNoEditorTargetPlatform
[2015.11.05-00.39.06:256][  0]LogTemp:Display: Loaded TP LinuxServerTargetPlatform
[2015.11.05-00.39.06:260][  0]LogTemp:Display: Loaded TP LinuxTargetPlatform
[2015.11.05-00.39.06:260][  0]LogTargetPlatformManager:Display: Building Assets For Windows
[2015.11.05-00.39.06:363][  0]LogDerivedDataCache:Display: Max Cache Size: 512 MB
[2015.11.05-00.39.06:404][  0]LogDerivedDataCache: Loaded boot cache 0.04s 41MB C:/Users/Jin/AppData/Local/UnrealEngine/4.9/DerivedDataCache/Boot.ddc.
[2015.11.05-00.39.06:404][  0]LogDerivedDataCache:Display: Loaded Boot cache: C:/Users/Jin/AppData/Local/UnrealEngine/4.9/DerivedDataCache/Boot.ddc
[2015.11.05-00.39.06:404][  0]LogDerivedDataCache: FDerivedDataBackendGraph:  Pak pak cache file ../../../../../../Users/Jin/Documents/GitHub/Game-Files/SuperSpaceArmada/DerivedDataCache/DDC.ddp not found, will not use a pak cache.
[2015.11.05-00.39.06:404][  0]LogDerivedDataCache: Unable to find inner node Pak for hierarchical cache Hierarchy.
[2015.11.05-00.39.06:404][  0]LogDerivedDataCache: FDerivedDataBackendGraph:  CompressedPak pak cache file ../../../../../../Users/Jin/Documents/GitHub/Game-Files/SuperSpaceArmada/DerivedDataCache/Compressed.ddp not found, will not use a pak cache.
[2015.11.05-00.39.06:404][  0]LogDerivedDataCache: Unable to find inner node CompressedPak for hierarchical cache Hierarchy.
[2015.11.05-00.39.06:542][  0]LogDerivedDataCache:Display: Pak cache opened for reading ../../../Engine/DerivedDataCache/Compressed.ddp.
[2015.11.05-00.39.06:554][  0]LogDerivedDataCache: Using Local data cache path C:/Users/Jin/AppData/Local/UnrealEngine/Common/DerivedDataCache: Writable
[2015.11.05-00.39.06:742][  0]LogInit: Selected Device Profile: [Windows]
[2015.11.05-00.39.06:745][  0]LogContentStreaming: Texture pool size is 0.000000MB
[2015.11.05-00.39.06:869][  0]LogMeshUtilities: No automatic mesh reduction module available
[2015.11.05-00.39.06:869][  0]LogMeshUtilities: No automatic mesh merging module available
[2015.11.05-00.39.07:107][  0]LogInit: WinSock: version 1.1 (2.2), MaxSocks=32767, MaxUdp=65467
[2015.11.05-00.39.08:040][  0]LogAssetRegistry: FAssetRegistry took 0.0107 seconds to start up
[2015.11.05-00.39.08:058][  0]UdpMessaging: Initializing bridge on interface 0.0.0.0:0 to multicast group 230.0.0.1:6666.
[2015.11.05-00.39.08:330][  0]SourceControl: Info Source control is disabled
[2015.11.05-00.39.08:559][  0]SourceControl: Info Source control is disabled
[2015.11.05-00.39.08:572][  0]SourceControl: Info Source control is disabled
[2015.11.05-00.39.08:585][  0]SourceControl: Info Source control is disabled
[2015.11.05-00.39.08:767][  0]LogLinker:Warning: Asset '../../../Engine/Plugins/Runtime/LeapMotionController/Content/LM_PassthroughMaterial.uasset' has been saved with empty engine version. The asset will be loaded but may be incompatible.
[2015.11.05-00.39.08:877][  0]LogObj: 28528 objects as part of root set at end of initial load.
[2015.11.05-00.39.08:877][  0]LogUObjectAllocator: 6068464 out of 0 bytes used by permanent object pool.
[2015.11.05-00.39.08:933][  0]LogEngine: Initializing Engine...
[2015.11.05-00.39.08:937][  0]LogHMD: Can't find Oculus library dev build: is proper Runtime installed? Version: 0.7.0.0
[2015.11.05-00.39.08:938][  0]LogHMD: SteamVR failed to initialize.  Err: 110
[2015.11.05-00.39.09:053][  0]LogAIModule: Creating AISystem for world NewWorld
[2015.11.05-00.39.09:061][  0]LogInit: XAudio2 using 'Speakers / HP (IDT High Definition Audio CODEC)' : 2 channels at 48 kHz using 16 bits per sample (channel mask 0x3)
[2015.11.05-00.39.09:079][  0]LogInit: FAudioDevice initialized.
[2015.11.05-00.39.09:099][  0]LogDerivedDataCache: Saved boot cache 0.02s 41MB C:/Users/Jin/AppData/Local/UnrealEngine/4.9/DerivedDataCache/Boot.ddc.
[2015.11.05-00.39.09:101][  0]LogInit: Texture streaming: Enabled
[2015.11.05-00.39.09:108][  0]LogAnalytics: Creating configured Analytics provider AnalyticsET
[2015.11.05-00.39.09:108][  0]LogAnalytics: [UEEditor.Rocket.Release] APIServer = http://et2.epicgames.com/ET2/. AppVersion = 4.9.1-2689999+++depot+UE4-Releases+4.9
[2015.11.05-00.39.09:108][  0]LogAnalytics: [UEEditor.Rocket.Release] SetUserId 435ea4a8489b84c6f4feaab84cbae6c8|e03effeb7bdf4ddc9c712682a578c51b|8a2a019e-36d5-4c55-97e1-833141022920
[2015.11.05-00.39.09:108][  0]LogAnalytics: [UEEditor.Rocket.Release] AnalyticsET::StartSession
[2015.11.05-00.39.09:122][  0]LogWindowsTextInputMethodSystem:Display: IME system now deactivated.
[2015.11.05-00.39.09:177][  0]LogInit: Transaction tracking system initialized
[2015.11.05-00.39.09:214][  0]BlueprintLog: New page: Editor Load
[2015.11.05-00.39.09:316][  0]LocalizationService: Info Localization service is disabled
[2015.11.05-00.39.09:409][  0]LogConsoleResponse:Display: 
[2015.11.05-00.39.09:541][  0]LogCook:Display: Done creating registry. It took  0.00s.
[2015.11.05-00.39.09:607][  0]LogFileCache: Scanning file cache for directory 'C:/Users/Jin/Documents/GitHub/Game-Files/SuperSpaceArmada/Content/' took 0.02s
[2015.11.05-00.39.09:614][  0]SourceControl: Info Source control is disabled
[2015.11.05-00.39.09:614][  0]Cmd: MAP LOAD FILE="../../../../../../Users/Jin/Documents/GitHub/Game-Files/SuperSpaceArmada/Content/SSA/Maps/Home_Kratakos.umap" TEMPLATE=0 SHOWPROGRESS=1 FEATURELEVEL=3
[2015.11.05-00.39.09:615][  0]LightingResults: New page: Lighting Build
[2015.11.05-00.39.09:618][  0]MapCheck: New page: Map Check
[2015.11.05-00.39.09:618][  0]LightingResults: New page: Lighting Build
[2015.11.05-00.39.09:630][  0]LogParticles: Destroying 0 GPU particle simulations for FXSystem 0x000000B440CCD620
[2015.11.05-00.39.09:734][  0]LogLinker:Warning: Asset '../../../../../../Users/Jin/Documents/GitHub/Game-Files/SuperSpaceArmada/Content/Mannequin/Animations/ThirdPerson_AnimBP.uasset' has been saved with empty engine version. The asset will be loaded but may be incompatible.
[2015.11.05-00.39.09:736][  0]LogLinker:Warning: Asset '../../../../../../Users/Jin/Documents/GitHub/Game-Files/SuperSpaceArmada/Content/Mannequin/Animations/ThirdPerson_Jump.uasset' has been saved with empty engine version. The asset will be loaded but may be incompatible.
[2015.11.05-00.39.09:739][  0]LogLinker:Warning: Asset '../../../../../../Users/Jin/Documents/GitHub/Game-Files/SuperSpaceArmada/Content/Mannequin/Animations/ThirdPersonJump_Loop.uasset' has been saved with empty engine version. The asset will be loaded but may be incompatible.
[2015.11.05-00.39.09:740][  0]LogLinker:Warning: Asset '../../../../../../Users/Jin/Documents/GitHub/Game-Files/SuperSpaceArmada/Content/Mannequin/Animations/ThirdPersonJump_Start.uasset' has been saved with empty engine version. The asset will be loaded but may be incompatible.
[2015.11.05-00.39.09:742][  0]LogLinker:Warning: Asset '../../../../../../Users/Jin/Documents/GitHub/Game-Files/SuperSpaceArmada/Content/Mannequin/Animations/ThirdPerson_IdleRun_2D.uasset' has been saved with empty engine version. The asset will be loaded but may be incompatible.
[2015.11.05-00.39.09:743][  0]LogLinker:Warning: Asset '../../../../../../Users/Jin/Documents/GitHub/Game-Files/SuperSpaceArmada/Content/Mannequin/Animations/ThirdPersonIdle.uasset' has been saved with empty engine version. The asset will be loaded but may be incompatible.
[2015.11.05-00.39.09:745][  0]LogLinker:Warning: Asset '../../../../../../Users/Jin/Documents/GitHub/Game-Files/SuperSpaceArmada/Content/Mannequin/Animations/ThirdPersonRun.uasset' has been saved with empty engine version. The asset will be loaded but may be incompatible.
[2015.11.05-00.39.09:746][  0]LogLinker:Warning: Asset '../../../../../../Users/Jin/Documents/GitHub/Game-Files/SuperSpaceArmada/Content/Mannequin/Animations/ThirdPersonWalk.uasset' has been saved with empty engine version. The asset will be loaded but may be incompatible.
[2015.11.05-00.39.11:385][  0]LogBlueprint:Error: Broken Node: K2Node_CallFunction /Game/SSA/Blueprints/Objects/Debris.Debris:Debris Collision func.K2Node_CallFunction_3036 keeps removed/invalid pin: EdGraphPin /Game/SSA/Blueprints/Objects/Debris.Debris:Debris Collision func.K2Node_CallFunction_3036.EdGraphPin_189478. Try refresh all nodes.
[2015.11.05-00.39.11:385][  0]LogBlueprint:Error: Broken Node: K2Node_CallFunction /Game/SSA/Blueprints/Objects/Debris.Debris:Debris Collision func.K2Node_CallFunction_2761 keeps removed/invalid pin: EdGraphPin /Game/SSA/Blueprints/Objects/Debris.Debris:Debris Collision func.K2Node_CallFunction_2761.EdGraphPin_189448. Try refresh all nodes.
[2015.11.05-00.39.11:712][  0]LogBlueprint:Error: Broken Node: K2Node_CallFunction /Game/SSA/Blueprints/Objects/Debris.Debris:Debris Collision func.K2Node_CallFunction_2761 keeps removed/invalid pin: EdGraphPin /Game/SSA/Blueprints/Objects/Debris.Debris:Debris Collision func.K2Node_CallFunction_2761.EdGraphPin_189448. Try refresh all nodes.
[2015.11.05-00.39.11:712][  0]LogBlueprint:Error: Broken Node: K2Node_CallFunction /Game/SSA/Blueprints/Objects/Debris.Debris:Debris Collision func.K2Node_CallFunction_3036 keeps removed/invalid pin: EdGraphPin /Game/SSA/Blueprints/Objects/Debris.Debris:Debris Collision func.K2Node_CallFunction_3036.EdGraphPin_189478. Try refresh all nodes.
[2015.11.05-00.39.12:390][  0]LogLinker:Warning: Can't find file '/Game/Geometry/Meshes/1M_Cube'
[2015.11.05-00.39.12:390][  0]LogLinker:Warning: Can't find file for asset '/Game/Geometry/Meshes/1M_Cube' while loading ../../../../../../Users/Jin/Documents/GitHub/Game-Files/SuperSpaceArmada/Content/SSA/Blueprints/Objects/Crystal_Spawner.uasset.
[2015.11.05-00.39.12:390][  0]LoadErrors:Error: Error /Game/SSA/Blueprints/Objects/Crystal_Spawner : Can't find file for asset. /Game/Geometry/Meshes/1M_Cube
[2015.11.05-00.39.12:391][  0]LogLinker:Warning: Can't find file '/Game/Geometry/Meshes/1M_Cube'
[2015.11.05-00.39.12:391][  0]LogLinker:Warning: Can't find file for asset '/Game/Geometry/Meshes/1M_Cube' while loading ../../../../../../Users/Jin/Documents/GitHub/Game-Files/SuperSpaceArmada/Content/SSA/Blueprints/Objects/Crystal_Spawner.uasset.
[2015.11.05-00.39.12:391][  0]LoadErrors:Error: Error /Game/SSA/Blueprints/Objects/Crystal_Spawner : Can't find file for asset. /Game/Geometry/Meshes/1M_Cube
[2015.11.05-00.39.12:393][  0]LogLinker:Warning: Can't find file '/Game/Geometry/Meshes/1M_Cube'
[2015.11.05-00.39.12:393][  0]LogLinker:Warning: Can't find file for asset '/Game/Geometry/Meshes/1M_Cube' while loading ../../../../../../Users/Jin/Documents/GitHub/Game-Files/SuperSpaceArmada/Content/SSA/Maps/Home_Kratakos.umap.
[2015.11.05-00.39.12:393][  0]LoadErrors:Error: Error /Game/SSA/Maps/Home_Kratakos : Can't find file for asset. /Game/Geometry/Meshes/1M_Cube
[2015.11.05-00.39.12:393][  0]LogLinker:Warning: Can't find file '/Game/Geometry/Meshes/1M_Cube'
[2015.11.05-00.39.12:393][  0]LogLinker:Warning: Can't find file for asset '/Game/Geometry/Meshes/1M_Cube' while loading ../../../../../../Users/Jin/Documents/GitHub/Game-Files/SuperSpaceArmada/Content/SSA/Maps/Home_Kratakos.umap.
[2015.11.05-00.39.12:393][  0]LoadErrors:Error: Error /Game/SSA/Maps/Home_Kratakos : Can't find file for asset. /Game/Geometry/Meshes/1M_Cube
[2015.11.05-00.39.12:394][  0]LogLinker:Warning: Can't find file '/Game/Geometry/Meshes/1M_Cube'
[2015.11.05-00.39.12:394][  0]LoadErrors: Info Failed to load /Game/Geometry/Meshes/1M_Cube.1M_Cube Referenced by StaticMeshComponent0
[2015.11.05-00.39.12:394][  0]LogLinker:Warning: Can't find file for asset '/Game/Geometry/Meshes/1M_Cube' while loading ../../../../../../Users/Jin/Documents/GitHub/Game-Files/SuperSpaceArmada/Content/SSA/Maps/Home_Kratakos.umap.
[2015.11.05-00.39.12:394][  0]LoadErrors: Info Failed to load /Game/Geometry/Meshes/1M_Cube.1M_Cube Referenced by StaticMeshComponent0
[2015.11.05-00.39.12:394][  0]LoadErrors:Error: Error /Game/SSA/Maps/Home_Kratakos : Can't find file for asset. /Game/Geometry/Meshes/1M_Cube
[2015.11.05-00.39.13:205][  0]LogMaterial: Missing cached shader map for material lambert1, compiling. 
[2015.11.05-00.39.13:205][  0]LogMaterial:Warning: Failed to compile Material /Game/Geometry/Meshes/KratakosFrigate/lambert1.lambert1 for platform PCD3D_SM5, Default Material will be used in game.
[2015.11.05-00.39.13:205][  0]LogMaterial:Warning: 	(Node TextureSample) TextureSample> Missing input texture
[2015.11.05-00.39.13:551][  0]LogAIModule: Creating AISystem for world Home_Kratakos
[2015.11.05-00.39.13:557][  0]LogEditorServer: Finished looking for orphan Actors (0.000 secs)
[2015.11.05-00.39.13:557][  0]Cmd: MAP CHECKDEP NOCLEARLOG
[2015.11.05-00.39.13:737][  0]MapCheck: Info Map check complete: 0 Error(s), 0 Warning(s), took 179.928ms to complete.
[2015.11.05-00.39.13:737][  0]LogFileHelpers: Loading map 'Home_Kratakos' took 4.123
[2015.11.05-00.39.13:849][  0]LogCollectionManager: Loaded 0 collections in 0.002780 seconds
[2015.11.05-00.39.13:890][  0]LogFileCache: Scanning file cache for directory 'C:/Users/Jin/Documents/GitHub/Game-Files/SuperSpaceArmada/Saved/Collections/' took 0.01s
[2015.11.05-00.39.13:890][  0]LogFileCache: Scanning file cache for directory 'C:/Users/Jin/Documents/GitHub/Game-Files/SuperSpaceArmada/Content/Developers/SGJin/Collections/' took 0.01s
[2015.11.05-00.39.13:890][  0]LogFileCache: Scanning file cache for directory 'C:/Users/Jin/Documents/GitHub/Game-Files/SuperSpaceArmada/Content/Collections/' took 0.01s
[2015.11.05-00.39.13:890][  0]LogContentBrowser: Native class hierarchy populated in 0.0072 seconds. Added 1882 classes and 339 folders.
[2015.11.05-00.39.13:896][  0]LogCollectionManager: Rebuilt the GUID cache for 0 collections in 0.000003 seconds
[2015.11.05-00.39.13:903][  0]LogContentBrowser: Native class hierarchy updated for 'WidgetCarousel' in 0.0003 seconds. Added 0 classes and 0 folders.
[2015.11.05-00.39.13:968][  0]LogContentBrowser: Native class hierarchy updated for 'AddContentDialog' in 0.0003 seconds. Added 0 classes and 0 folders.
[2015.11.05-00.39.13:972][  0]LogContentBrowser: Native class hierarchy updated for 'SceneOutliner' in 0.0003 seconds. Added 1 classes and 2 folders.
[2015.11.05-00.39.14:005][  0]LogCrashTracker: Crashtracker disabled due to settings.
[2015.11.05-00.39.14:010][  0]LogUObjectGlobals:Warning: Failed to find object 'Class None.'
[2015.11.05-00.39.14:033][  0]LogLoad: Full Startup: 10.32 seconds (BP compile: 1.32 seconds)
[2015.11.05-00.39.14:050][  0]LoadErrors:Error: Error /Game/SSA/Blueprints/Player : Failed import for Player_C /Game/SSA/Blueprints/Player/Player.Default__Player_C
[2015.11.05-00.39.14:114][  0]LogContentStreaming: Texture pool size now 1000 MB
[2015.11.05-00.39.14:263][  0]LogRenderer: Reallocating scene render targets to support 1156x564 (Frame:2).
[2015.11.05-00.39.15:186][ 18]LogAssetRegistry: Asset discovery search completed in 7.1575 seconds
[2015.11.05-00.39.15:186][ 18]LogCollectionManager: Rebuilt the object cache for 0 collections in 0.000001 seconds (found 0 objects)
[2015.11.05-00.39.15:186][ 18]LogCollectionManager: Fixed up redirectors for 0 collections in 0.000022 seconds (updated 0 objects)
[2015.11.05-00.39.37:558][762]LogLinker:Warning: Asset '../../../Engine/Content/ArtTools/RenderToTexture/Macros/RenderToTextureMacros.uasset' has been saved with empty engine version. The asset will be loaded but may be incompatible.
[2015.11.05-00.39.38:351][762]LogContentBrowser: Native class hierarchy updated for 'BlueprintGraph' in 0.0008 seconds. Added 107 classes and 0 folders.
[2015.11.05-00.39.38:755][762]LogPhysics:Warning: FConstraintInstance::GetRefFrame : Contained scale.
[2015.11.05-00.39.38:755][762]LogPhysics:Warning: FConstraintInstance::GetRefFrame : Contained scale.
[2015.11.05-00.39.38:755][762]LogPhysics:Warning: FConstraintInstance::GetRefFrame : Contained scale.
[2015.11.05-00.39.38:755][762]LogPhysics:Warning: FConstraintInstance::GetRefFrame : Contained scale.
[2015.11.05-00.39.40:957][883]LogPhysics:Warning: FConstraintInstance::GetRefFrame : Contained scale.
[2015.11.05-00.39.40:957][883]LogPhysics:Warning: FConstraintInstance::GetRefFrame : Contained scale.
[2015.11.05-00.39.40:957][883]LogPhysics:Warning: FConstraintInstance::GetRefFrame : Contained scale.
[2015.11.05-00.39.40:957][883]LogPhysics:Warning: FConstraintInstance::GetRefFrame : Contained scale.
[2015.11.05-00.39.41:130][893]LogRenderer: Reallocating scene render targets to support 1156x712 (Frame:798).
[2015.11.05-00.39.45:628][  0]LogPhysics:Warning: FConstraintInstance::GetRefFrame : Contained scale.
[2015.11.05-00.39.45:628][  0]LogPhysics:Warning: FConstraintInstance::GetRefFrame : Contained scale.
[2015.11.05-00.39.45:628][  0]LogPhysics:Warning: FConstraintInstance::GetRefFrame : Contained scale.
[2015.11.05-00.39.45:628][  0]LogPhysics:Warning: FConstraintInstance::GetRefFrame : Contained scale.
[2015.11.05-00.39.45:629][  0]LogPhysics:Warning: FConstraintInstance::GetRefFrame : Contained scale.
[2015.11.05-00.39.45:629][  0]LogPhysics:Warning: FConstraintInstance::GetRefFrame : Contained scale.
[2015.11.05-00.39.45:629][  0]LogPhysics:Warning: FConstraintInstance::GetRefFrame : Contained scale.
[2015.11.05-00.39.45:629][  0]LogPhysics:Warning: FConstraintInstance::GetRefFrame : Contained scale.
[2015.11.05-00.39.45:630][  0]LogActorComponent: UnregisterComponent: (/Engine/Transient.CharMoveComp) Not registered. Aborting.
[2015.11.05-00.39.45:630][  0]LogActorComponent: UnregisterComponent: (/Engine/Transient.CharacterMovementComponent_0) Not registered. Aborting.
[2015.11.05-00.39.45:630][  0]LogActorComponent: UnregisterComponent: (/Engine/Transient.CharacterMovementComponent_1) Not registered. Aborting.
[2015.11.05-00.39.45:630][  0]LogActorComponent: UnregisterComponent: (/Engine/Transient.CharacterMovementComponent_2) Not registered. Aborting.
[2015.11.05-00.39.45:631][  0]LogActorComponent: UnregisterComponent: (/Engine/Transient.CharacterMovementComponent_3) Not registered. Aborting.
[2015.11.05-00.39.45:631][  0]LogActorComponent: UnregisterComponent: (/Engine/Transient.CharacterMovementComponent_4) Not registered. Aborting.
[2015.11.05-00.39.45:631][  0]LogActorComponent: UnregisterComponent: (/Engine/Transient.CharacterMovementComponent_5) Not registered. Aborting.
[2015.11.05-00.39.45:636][  0]LogPhysics:Warning: FConstraintInstance::GetRefFrame : Contained scale.
[2015.11.05-00.39.45:636][  0]LogPhysics:Warning: FConstraintInstance::GetRefFrame : Contained scale.
[2015.11.05-00.39.45:636][  0]LogPhysics:Warning: FConstraintInstance::GetRefFrame : Contained scale.
[2015.11.05-00.39.45:636][  0]LogPhysics:Warning: FConstraintInstance::GetRefFrame : Contained scale.
[2015.11.05-00.39.51:194][ 98]LogPhysics:Warning: FConstraintInstance::GetRefFrame : Contained scale.
[2015.11.05-00.39.51:194][ 98]LogPhysics:Warning: FConstraintInstance::GetRefFrame : Contained scale.
[2015.11.05-00.39.51:194][ 98]LogPhysics:Warning: FConstraintInstance::GetRefFrame : Contained scale.
[2015.11.05-00.39.51:194][ 98]LogPhysics:Warning: FConstraintInstance::GetRefFrame : Contained scale.
[2015.11.05-00.39.51:195][ 98]LogPhysics:Warning: FConstraintInstance::GetRefFrame : Contained scale.
[2015.11.05-00.39.51:195][ 98]LogPhysics:Warning: FConstraintInstance::GetRefFrame : Contained scale.
[2015.11.05-00.39.51:195][ 98]LogPhysics:Warning: FConstraintInstance::GetRefFrame : Contained scale.
[2015.11.05-00.39.51:195][ 98]LogPhysics:Warning: FConstraintInstance::GetRefFrame : Contained scale.
[2015.11.05-00.39.51:196][ 98]LogActorComponent: UnregisterComponent: (/Engine/Transient.CharacterMovementComponent_6) Not registered. Aborting.
[2015.11.05-00.39.51:205][ 98]LogPhysics:Warning: FConstraintInstance::GetRefFrame : Contained scale.
[2015.11.05-00.39.51:205][ 98]LogPhysics:Warning: FConstraintInstance::GetRefFrame : Contained scale.
[2015.11.05-00.39.51:205][ 98]LogPhysics:Warning: FConstraintInstance::GetRefFrame : Contained scale.
[2015.11.05-00.39.51:205][ 98]LogPhysics:Warning: FConstraintInstance::GetRefFrame : Contained scale.
[2015.11.05-00.39.53:046][129]LogPhysics:Warning: FConstraintInstance::GetRefFrame : Contained scale.
[2015.11.05-00.39.53:046][129]LogPhysics:Warning: FConstraintInstance::GetRefFrame : Contained scale.
[2015.11.05-00.39.53:046][129]LogPhysics:Warning: FConstraintInstance::GetRefFrame : Contained scale.
[2015.11.05-00.39.53:046][129]LogPhysics:Warning: FConstraintInstance::GetRefFrame : Contained scale.
[2015.11.05-00.39.53:047][129]LogPhysics:Warning: FConstraintInstance::GetRefFrame : Contained scale.
[2015.11.05-00.39.53:047][129]LogPhysics:Warning: FConstraintInstance::GetRefFrame : Contained scale.
[2015.11.05-00.39.53:047][129]LogPhysics:Warning: FConstraintInstance::GetRefFrame : Contained scale.
[2015.11.05-00.39.53:047][129]LogPhysics:Warning: FConstraintInstance::GetRefFrame : Contained scale.
[2015.11.05-00.39.53:049][129]LogActorComponent: UnregisterComponent: (/Engine/Transient.CharacterMovementComponent_7) Not registered. Aborting.
[2015.11.05-00.39.53:060][129]LogPhysics:Warning: FConstraintInstance::GetRefFrame : Contained scale.
[2015.11.05-00.39.53:060][129]LogPhysics:Warning: FConstraintInstance::GetRefFrame : Contained scale.
[2015.11.05-00.39.53:060][129]LogPhysics:Warning: FConstraintInstance::GetRefFrame : Contained scale.
[2015.11.05-00.39.53:060][129]LogPhysics:Warning: FConstraintInstance::GetRefFrame : Contained scale.
[2015.11.05-00.39.54:144][147]LogPhysics:Warning: FConstraintInstance::GetRefFrame : Contained scale.
[2015.11.05-00.39.54:144][147]LogPhysics:Warning: FConstraintInstance::GetRefFrame : Contained scale.
[2015.11.05-00.39.54:144][147]LogPhysics:Warning: FConstraintInstance::GetRefFrame : Contained scale.
[2015.11.05-00.39.54:144][147]LogPhysics:Warning: FConstraintInstance::GetRefFrame : Contained scale.
[2015.11.05-00.39.54:145][147]LogPhysics:Warning: FConstraintInstance::GetRefFrame : Contained scale.
[2015.11.05-00.39.54:145][147]LogPhysics:Warning: FConstraintInstance::GetRefFrame : Contained scale.
[2015.11.05-00.39.54:145][147]LogPhysics:Warning: FConstraintInstance::GetRefFrame : Contained scale.
[2015.11.05-00.39.54:145][147]LogPhysics:Warning: FConstraintInstance::GetRefFrame : Contained scale.
[2015.11.05-00.39.54:146][147]LogActorComponent: UnregisterComponent: (/Engine/Transient.CharacterMovementComponent_8) Not registered. Aborting.
[2015.11.05-00.39.54:152][147]LogPhysics:Warning: FConstraintInstance::GetRefFrame : Contained scale.
[2015.11.05-00.39.54:152][147]LogPhysics:Warning: FConstraintInstance::GetRefFrame : Contained scale.
[2015.11.05-00.39.54:152][147]LogPhysics:Warning: FConstraintInstance::GetRefFrame : Contained scale.
[2015.11.05-00.39.54:152][147]LogPhysics:Warning: FConstraintInstance::GetRefFrame : Contained scale.
[2015.11.05-00.40.02:813][565]LogSavePackage: Save=103.180580ms
[2015.11.05-00.40.02:813][565]LogSavePackage: Moving '../../../../../../Users/Jin/Documents/GitHub/Game-Files/SuperSpaceArmada/Saved/Player_Vultaari22D3C3DB4DDC2DE0561BAAA80B59CCCC.tmp' to '../../../../../../Users/Jin/Documents/GitHub/Game-Files/SuperSpaceArmada/Content/SSA/Blueprints/Player_Ships/Player_Vultaari.uasset'
[2015.11.05-00.40.02:816][565]LogSavePackage: Total save time: 118.117198ms
[2015.11.05-00.40.02:816][565]LogSavePackage:Warning: Finished SavePackage ../../../../../../Users/Jin/Documents/GitHub/Game-Files/SuperSpaceArmada/Content/SSA/Blueprints/Player_Ships/Player_Vultaari.uasset
[2015.11.05-00.41.26:836][479]LogPhysics:Warning: FConstraintInstance::GetRefFrame : Contained scale.
[2015.11.05-00.41.26:836][479]LogPhysics:Warning: FConstraintInstance::GetRefFrame : Contained scale.
[2015.11.05-00.41.26:836][479]LogPhysics:Warning: FConstraintInstance::GetRefFrame : Contained scale.
[2015.11.05-00.41.26:836][479]LogPhysics:Warning: FConstraintInstance::GetRefFrame : Contained scale.
[2015.11.05-00.41.26:836][479]LogSkeletalMesh: InitArticulated: Bodies already created (/Engine/Transient.DebugSkelMeshComponent_0) - call TermArticulated first.
[2015.11.05-00.41.26:862][479]LogUObjectGlobals:Warning: Failed to find object 'Object /Engine/Tutorial/SubEditors/PersonaAnimEditorTutorial.PersonaAnimEditorTutorial_C'
[2015.11.05-00.41.26:915][480]LogRenderer: Reallocating scene render targets to support 1156x880 (Frame:2936).
[2015.11.05-00.41.44:750][127]LogSavePackage: Save=26.802694ms
[2015.11.05-00.41.44:750][127]LogSavePackage: Moving '../../../../../../Users/Jin/Documents/GitHub/Game-Files/SuperSpaceArmada/Saved/Vultaari_ShipD56DCD814527086B6415C4A1F800A894.tmp' to '../../../../../../Users/Jin/Documents/GitHub/Game-Files/SuperSpaceArmada/Content/Geometry/Meshes/Vultaari_Ship/Vultaari_Ship.uasset'
[2015.11.05-00.41.44:752][127]LogSavePackage: Total save time: 50.583165ms
[2015.11.05-00.41.44:752][127]LogSavePackage:Warning: Finished SavePackage ../../../../../../Users/Jin/Documents/GitHub/Game-Files/SuperSpaceArmada/Content/Geometry/Meshes/Vultaari_Ship/Vultaari_Ship.uasset
[2015.11.05-00.41.46:408][189]LogBlueprintUserMessages: Early PlayInEditor Detection: Level '/Game/SSA/Maps/Home_Kratakos.Home_Kratakos:PersistentLevel' has LevelScriptBlueprint '/Game/SSA/Maps/Home_Kratakos.Home_Kratakos:PersistentLevel.Home_Kratakos' with GeneratedClass '/Game/SSA/Maps/Home_Kratakos.Home_Kratakos_C' with ClassGeneratedBy '/Game/SSA/Maps/Home_Kratakos.Home_Kratakos:PersistentLevel.Home_Kratakos'
[2015.11.05-00.41.46:408][189]BlueprintLog: New page: Pre-Play auto-recompile
[2015.11.05-00.41.46:413][189]LogPhysics:Warning: FConstraintInstance::GetRefFrame : Contained scale.
[2015.11.05-00.41.46:413][189]LogPhysics:Warning: FConstraintInstance::GetRefFrame : Contained scale.
[2015.11.05-00.41.46:413][189]LogPhysics:Warning: FConstraintInstance::GetRefFrame : Contained scale.
[2015.11.05-00.41.46:413][189]LogPhysics:Warning: FConstraintInstance::GetRefFrame : Contained scale.
[2015.11.05-00.41.46:416][189]LogActorComponent: UnregisterComponent: (/Engine/Transient.CharacterMovementComponent_9) Not registered. Aborting.
[2015.11.05-00.41.46:417][189]LogActorComponent: UnregisterComponent: (/Engine/Transient.CharacterMovementComponent_10) Not registered. Aborting.
[2015.11.05-00.41.46:418][189]LogActorComponent: UnregisterComponent: (/Engine/Transient.CharacterMovementComponent_11) Not registered. Aborting.
[2015.11.05-00.41.46:419][189]LogActorComponent: UnregisterComponent: (/Engine/Transient.CharacterMovementComponent_12) Not registered. Aborting.
[2015.11.05-00.41.46:419][189]LogActorComponent: UnregisterComponent: (/Engine/Transient.CharacterMovementComponent_13) Not registered. Aborting.
[2015.11.05-00.41.46:442][189]LogPlayLevel: [PlayLevel] Compiling Player_Vultaari before play...
[2015.11.05-00.41.46:854][189]LogPhysics:Warning: FConstraintInstance::GetRefFrame : Contained scale.
[2015.11.05-00.41.46:854][189]LogPhysics:Warning: FConstraintInstance::GetRefFrame : Contained scale.
[2015.11.05-00.41.46:854][189]LogPhysics:Warning: FConstraintInstance::GetRefFrame : Contained scale.
[2015.11.05-00.41.46:854][189]LogPhysics:Warning: FConstraintInstance::GetRefFrame : Contained scale.
[2015.11.05-00.41.46:856][189]LogPhysics:Warning: FConstraintInstance::GetRefFrame : Contained scale.
[2015.11.05-00.41.46:856][189]LogPhysics:Warning: FConstraintInstance::GetRefFrame : Contained scale.
[2015.11.05-00.41.46:856][189]LogPhysics:Warning: FConstraintInstance::GetRefFrame : Contained scale.
[2015.11.05-00.41.46:856][189]LogPhysics:Warning: FConstraintInstance::GetRefFrame : Contained scale.
[2015.11.05-00.41.47:042][189]LogPhysics:Warning: FConstraintInstance::GetRefFrame : Contained scale.
[2015.11.05-00.41.47:042][189]LogPhysics:Warning: FConstraintInstance::GetRefFrame : Contained scale.
[2015.11.05-00.41.47:042][189]LogPhysics:Warning: FConstraintInstance::GetRefFrame : Contained scale.
[2015.11.05-00.41.47:042][189]LogPhysics:Warning: FConstraintInstance::GetRefFrame : Contained scale.
[2015.11.05-00.41.47:056][189]LogPhysics:Warning: FConstraintInstance::GetRefFrame : Contained scale.
[2015.11.05-00.41.47:056][189]LogPhysics:Warning: FConstraintInstance::GetRefFrame : Contained scale.
[2015.11.05-00.41.47:056][189]LogPhysics:Warning: FConstraintInstance::GetRefFrame : Contained scale.
[2015.11.05-00.41.47:056][189]LogPhysics:Warning: FConstraintInstance::GetRefFrame : Contained scale.
[2015.11.05-00.41.47:066][189]LogPlayLevel: PlayLevel: Blueprint regeneration took 658 ms (2 blueprints)
[2015.11.05-00.41.47:069][189]LogPlayLevel: [PlayLevel] Compiling SSAGameInstance before play...
[2015.11.05-00.41.47:341][189]LogPhysics:Warning: FConstraintInstance::GetRefFrame : Contained scale.
[2015.11.05-00.41.47:341][189]LogPhysics:Warning: FConstraintInstance::GetRefFrame : Contained scale.
[2015.11.05-00.41.47:341][189]LogPhysics:Warning: FConstraintInstance::GetRefFrame : Contained scale.
[2015.11.05-00.41.47:341][189]LogPhysics:Warning: FConstraintInstance::GetRefFrame : Contained scale.
[2015.11.05-00.41.47:359][189]LogPlayLevel: PlayLevel: Blueprint regeneration took 951 ms (15 blueprints)
[2015.11.05-00.41.47:359][189]LogPlayLevel: [PlayLevel] Compiling Arena_Boundary before play...
[2015.11.05-00.41.47:439][189]LogPlayLevel: PlayLevel: Blueprint regeneration took 1031 ms (15 blueprints)
[2015.11.05-00.41.47:443][189]LogPlayLevel: [PlayLevel] Compiling Player before play...
[2015.11.05-00.41.47:609][189]LogBlueprint:Error: Broken Node: K2Node_CallFunction /Game/SSA/Blueprints/Objects/Debris.Debris:Debris Collision func.K2Node_CallFunction_2761 keeps removed/invalid pin: EdGraphPin /Game/SSA/Blueprints/Objects/Debris.Debris:Debris Collision func.K2Node_CallFunction_2761.EdGraphPin_189448. Try refresh all nodes.
[2015.11.05-00.41.47:609][189]LogBlueprint:Error: Broken Node: K2Node_CallFunction /Game/SSA/Blueprints/Objects/Debris.Debris:Debris Collision func.K2Node_CallFunction_3036 keeps removed/invalid pin: EdGraphPin /Game/SSA/Blueprints/Objects/Debris.Debris:Debris Collision func.K2Node_CallFunction_3036.EdGraphPin_189478. Try refresh all nodes.
[2015.11.05-00.41.48:659][189]LogPhysics:Warning: FConstraintInstance::GetRefFrame : Contained scale.
[2015.11.05-00.41.48:659][189]LogPhysics:Warning: FConstraintInstance::GetRefFrame : Contained scale.
[2015.11.05-00.41.48:659][189]LogPhysics:Warning: FConstraintInstance::GetRefFrame : Contained scale.
[2015.11.05-00.41.48:659][189]LogPhysics:Warning: FConstraintInstance::GetRefFrame : Contained scale.
[2015.11.05-00.41.48:659][189]LogPhysics:Warning: FConstraintInstance::GetRefFrame : Contained scale.
[2015.11.05-00.41.48:659][189]LogPhysics:Warning: FConstraintInstance::GetRefFrame : Contained scale.
[2015.11.05-00.41.48:659][189]LogPhysics:Warning: FConstraintInstance::GetRefFrame : Contained scale.
[2015.11.05-00.41.48:659][189]LogPhysics:Warning: FConstraintInstance::GetRefFrame : Contained scale.
[2015.11.05-00.41.49:029][189]LogPhysics:Warning: FConstraintInstance::GetRefFrame : Contained scale.
[2015.11.05-00.41.49:029][189]LogPhysics:Warning: FConstraintInstance::GetRefFrame : Contained scale.
[2015.11.05-00.41.49:029][189]LogPhysics:Warning: FConstraintInstance::GetRefFrame : Contained scale.
[2015.11.05-00.41.49:029][189]LogPhysics:Warning: FConstraintInstance::GetRefFrame : Contained scale.
[2015.11.05-00.41.49:038][189]LogPlayLevel: PlayLevel: Blueprint regeneration took 2630 ms (28 blueprints)
[2015.11.05-00.41.49:039][189]LogPlayLevel: [PlayLevel] Compiling Enemy_Human before play...
[2015.11.05-00.41.49:151][189]LogPlayLevel: PlayLevel: Blueprint regeneration took 2743 ms (28 blueprints)
[2015.11.05-00.41.49:152][189]LogPlayLevel: [PlayLevel] Compiling Human_Torpedo before play...
[2015.11.05-00.41.49:245][189]LogPlayLevel: PlayLevel: Blueprint regeneration took 2837 ms (28 blueprints)
[2015.11.05-00.41.49:247][189]LogPlayLevel: [PlayLevel] Compiling Enemy_Kratakos before play...
[2015.11.05-00.41.49:382][189]LogPlayLevel: PlayLevel: Blueprint regeneration took 2974 ms (28 blueprints)
[2015.11.05-00.41.49:382][189]LogPlayLevel: [PlayLevel] Compiling Player_Human before play...
[2015.11.05-00.41.49:676][189]LogPhysics:Warning: FConstraintInstance::GetRefFrame : Contained scale.
[2015.11.05-00.41.49:676][189]LogPhysics:Warning: FConstraintInstance::GetRefFrame : Contained scale.
[2015.11.05-00.41.49:676][189]LogPhysics:Warning: FConstraintInstance::GetRefFrame : Contained scale.
[2015.11.05-00.41.49:676][189]LogPhysics:Warning: FConstraintInstance::GetRefFrame : Contained scale.
[2015.11.05-00.41.49:684][189]LogPlayLevel: PlayLevel: Blueprint regeneration took 3276 ms (28 blueprints)
[2015.11.05-00.41.49:685][189]LogPlayLevel: [PlayLevel] Compiling Player_Kratakos before play...
[2015.11.05-00.41.49:965][189]LogPhysics:Warning: FConstraintInstance::GetRefFrame : Contained scale.
[2015.11.05-00.41.49:965][189]LogPhysics:Warning: FConstraintInstance::GetRefFrame : Contained scale.
[2015.11.05-00.41.49:965][189]LogPhysics:Warning: FConstraintInstance::GetRefFrame : Contained scale.
[2015.11.05-00.41.49:965][189]LogPhysics:Warning: FConstraintInstance::GetRefFrame : Contained scale.
[2015.11.05-00.41.49:973][189]LogPlayLevel: PlayLevel: Blueprint regeneration took 3565 ms (28 blueprints)
[2015.11.05-00.41.49:973][189]LogPlayLevel: [PlayLevel] Compiling Player_Cephalon before play...
[2015.11.05-00.41.50:124][189]LogPhysics:Warning: FConstraintInstance::GetRefFrame : Contained scale.
[2015.11.05-00.41.50:124][189]LogPhysics:Warning: FConstraintInstance::GetRefFrame : Contained scale.
[2015.11.05-00.41.50:124][189]LogPhysics:Warning: FConstraintInstance::GetRefFrame : Contained scale.
[2015.11.05-00.41.50:124][189]LogPhysics:Warning: FConstraintInstance::GetRefFrame : Contained scale.
[2015.11.05-00.41.50:130][189]LogPlayLevel: PlayLevel: Blueprint regeneration took 3722 ms (28 blueprints)
[2015.11.05-00.41.50:131][189]LogPlayLevel: [PlayLevel] Compiling Player_Dragomir before play...
[2015.11.05-00.41.50:273][189]LogPhysics:Warning: FConstraintInstance::GetRefFrame : Contained scale.
[2015.11.05-00.41.50:273][189]LogPhysics:Warning: FConstraintInstance::GetRefFrame : Contained scale.
[2015.11.05-00.41.50:273][189]LogPhysics:Warning: FConstraintInstance::GetRefFrame : Contained scale.
[2015.11.05-00.41.50:273][189]LogPhysics:Warning: FConstraintInstance::GetRefFrame : Contained scale.
[2015.11.05-00.41.50:279][189]LogPlayLevel: PlayLevel: Blueprint regeneration took 3872 ms (28 blueprints)
[2015.11.05-00.41.50:280][189]LogPlayLevel: [PlayLevel] Compiling Hive_Drones before play...
[2015.11.05-00.41.50:367][189]LogPlayLevel: PlayLevel: Blueprint regeneration took 3960 ms (28 blueprints)
[2015.11.05-00.41.50:368][189]LogPlayLevel: [PlayLevel] Compiling Player_Hive before play...
[2015.11.05-00.41.50:505][189]LogPhysics:Warning: FConstraintInstance::GetRefFrame : Contained scale.
[2015.11.05-00.41.50:505][189]LogPhysics:Warning: FConstraintInstance::GetRefFrame : Contained scale.
[2015.11.05-00.41.50:505][189]LogPhysics:Warning: FConstraintInstance::GetRefFrame : Contained scale.
[2015.11.05-00.41.50:505][189]LogPhysics:Warning: FConstraintInstance::GetRefFrame : Contained scale.
[2015.11.05-00.41.50:512][189]LogPlayLevel: PlayLevel: Blueprint regeneration took 4103 ms (28 blueprints)
[2015.11.05-00.41.50:512][189]LogPlayLevel: [PlayLevel] Compiling Home_Kratakos before play...
[2015.11.05-00.41.50:583][189]LogPlayLevel: PlayLevel: Blueprint regeneration took 4175 ms (28 blueprints)
[2015.11.05-00.41.50:584][189]LogPlayLevel: [PlayLevel] Compiling HUD before play...
[2015.11.05-00.41.50:682][189]LogPlayLevel: PlayLevel: Blueprint regeneration took 4274 ms (28 blueprints)
[2015.11.05-00.41.50:683][189]LogPlayLevel: [PlayLevel] Compiling Debris before play...
[2015.11.05-00.41.50:794][189]LogPlayLevel: PlayLevel: Blueprint regeneration took 4386 ms (28 blueprints)
[2015.11.05-00.41.50:794][189]LogPlayLevel: [PlayLevel] Compiling AI_Ram_Trigger before play...
[2015.11.05-00.41.50:880][189]LogPlayLevel: PlayLevel: Blueprint regeneration took 4472 ms (28 blueprints)
[2015.11.05-00.41.50:880][189]LogPlayLevel: [PlayLevel] Compiling Player_Phaser_Trigger before play...
[2015.11.05-00.41.50:972][189]LogPlayLevel: PlayLevel: Blueprint regeneration took 4564 ms (28 blueprints)
[2015.11.05-00.41.50:973][189]LogPlayLevel: [PlayLevel] Compiling Kratakos_Rail_Gun before play...
[2015.11.05-00.41.51:074][189]LogPhysics:Warning: FConstraintInstance::GetRefFrame : Contained scale.
[2015.11.05-00.41.51:074][189]LogPhysics:Warning: FConstraintInstance::GetRefFrame : Contained scale.
[2015.11.05-00.41.51:074][189]LogPhysics:Warning: FConstraintInstance::GetRefFrame : Contained scale.
[2015.11.05-00.41.51:074][189]LogPhysics:Warning: FConstraintInstance::GetRefFrame : Contained scale.
[2015.11.05-00.41.51:079][189]LogPlayLevel: PlayLevel: Blueprint regeneration took 4671 ms (28 blueprints)
[2015.11.05-00.41.51:079][189]LogPlayLevel: [PlayLevel] Compiling Player_Ram_Trigger before play...
[2015.11.05-00.41.51:165][189]LogPhysics:Warning: FConstraintInstance::GetRefFrame : Contained scale.
[2015.11.05-00.41.51:165][189]LogPhysics:Warning: FConstraintInstance::GetRefFrame : Contained scale.
[2015.11.05-00.41.51:165][189]LogPhysics:Warning: FConstraintInstance::GetRefFrame : Contained scale.
[2015.11.05-00.41.51:165][189]LogPhysics:Warning: FConstraintInstance::GetRefFrame : Contained scale.
[2015.11.05-00.41.51:170][189]LogPlayLevel: PlayLevel: Blueprint regeneration took 4762 ms (28 blueprints)
[2015.11.05-00.41.51:170][189]LogPlayLevel: [PlayLevel] Compiling Player_PowerWave_Trigger before play...
[2015.11.05-00.41.51:263][189]LogPlayLevel: PlayLevel: Blueprint regeneration took 4855 ms (28 blueprints)
[2015.11.05-00.41.51:263][189]LogPlayLevel: [PlayLevel] Compiling Hive_SelfDestruct before play...
[2015.11.05-00.41.51:342][189]LogPlayLevel: PlayLevel: Blueprint regeneration took 4934 ms (28 blueprints)
[2015.11.05-00.41.51:342][189]LogPlayLevel: [PlayLevel] Compiling Energy_Crate before play...
[2015.11.05-00.41.51:419][189]LogPlayLevel: PlayLevel: Blueprint regeneration took 5011 ms (28 blueprints)
[2015.11.05-00.41.51:419][189]LogPlayLevel: [PlayLevel] Compiling Health_Crate before play...
[2015.11.05-00.41.51:497][189]LogPlayLevel: PlayLevel: Blueprint regeneration took 5089 ms (28 blueprints)
[2015.11.05-00.41.51:497][189]LogPlayLevel: [PlayLevel] Compiling PP_Crate before play...
[2015.11.05-00.41.51:576][189]LogPlayLevel: PlayLevel: Blueprint regeneration took 5169 ms (28 blueprints)
[2015.11.05-00.41.51:577][189]LogPlayLevel: [PlayLevel] Compiling Crystal before play...
[2015.11.05-00.41.51:676][189]LogPlayLevel: PlayLevel: Blueprint regeneration took 5269 ms (28 blueprints)
[2015.11.05-00.41.51:677][189]LogPlayLevel: [PlayLevel] Compiling Crystal_Spawner before play...
[2015.11.05-00.41.51:770][189]LogPlayLevel: PlayLevel: Blueprint regeneration took 5363 ms (28 blueprints)
[2015.11.05-00.41.51:771][189]LogPlayLevel: [PlayLevel] Compiling Debris_Spawner before play...
[2015.11.05-00.41.51:856][189]LogPlayLevel: PlayLevel: Blueprint regeneration took 5448 ms (28 blueprints)
[2015.11.05-00.41.51:962][189]PIE: New page: PIE session: Home_Kratakos (Nov 4, 2015, 2:41:51 PM)
[2015.11.05-00.41.51:962][189]LogPlayLevel: Creating play world package: /Game/SSA/Maps/UEDPIE_0_Home_Kratakos
[2015.11.05-00.41.51:987][189]LogPlayLevel: PIE: StaticDuplicateObject took: (0.025228s)
[2015.11.05-00.41.51:988][189]LogAIModule: Creating AISystem for world Home_Kratakos
[2015.11.05-00.41.51:988][189]LogPlayLevel: PIE: World Init took: (0.000918s)
[2015.11.05-00.41.51:988][189]LogPlayLevel: PIE: Created PIE world by copying editor world from /Game/SSA/Maps/Home_Kratakos.Home_Kratakos to /Game/SSA/Maps/UEDPIE_0_Home_Kratakos.Home_Kratakos (0.026412s)
[2015.11.05-00.41.52:029][189]LogInit: XAudio2 using 'Speakers / HP (IDT High Definition Audio CODEC)' : 2 channels at 48 kHz using 16 bits per sample (channel mask 0x3)
[2015.11.05-00.41.52:044][189]LogInit: FAudioDevice initialized.
[2015.11.05-00.41.52:091][189]LogWorld: Game class is 'TopDownGameMode_C'
[2015.11.05-00.41.52:097][189]LogWorld:Warning: *** WARNING - PATHS MAY NOT BE VALID ***
[2015.11.05-00.41.52:097][189]LogWorld: Bringing World /Game/SSA/Maps/UEDPIE_0_Home_Kratakos.Home_Kratakos up for play (max tick rate 60) at 2015.11.04-19.41.52
[2015.11.05-00.41.52:098][189]LogActor:Warning: GameSession /Game/SSA/Maps/UEDPIE_0_Home_Kratakos.Home_Kratakos:PersistentLevel.GameSession_0 has natively added scene component(s), but none of them were set as the actor's RootComponent - picking one arbitrarily
[2015.11.05-00.41.52:098][189]LogActor:Warning: GameNetworkManager /Game/SSA/Maps/UEDPIE_0_Home_Kratakos.Home_Kratakos:PersistentLevel.GameNetworkManager_0 has natively added scene component(s), but none of them were set as the actor's RootComponent - picking one arbitrarily
[2015.11.05-00.41.52:098][189]LogWorld: Bringing up level for play took: 0.005842
[2015.11.05-00.41.52:101][189]LogBlueprintUserMessages: [Player_Human_C_0] Hello
[2015.11.05-00.41.52:101][189]LogScript:Warning: Accessed None 'Enemy Ref'
	Player_Human_C /Game/SSA/Maps/UEDPIE_0_Home_Kratakos.Home_Kratakos:PersistentLevel.Player_Human_C_0
	Function /Game/SSA/Blueprints/Player_Ships/Player.Player_C:ExecuteUbergraph_Player:1098
[2015.11.05-00.41.52:101][189]PIE:Error: Error Accessed None 'Enemy Ref' from node DestroyActor in graph 'EventGraph' in blueprint Player
[2015.11.05-00.41.52:103][189]PIE: Info Play in editor start time for /Game/SSA/Maps/UEDPIE_0_Home_Kratakos 6.095
[2015.11.05-00.41.52:104][189]LogBlueprintUserMessages: Late PlayInEditor Detection: Level '/Game/SSA/Maps/Home_Kratakos.Home_Kratakos:PersistentLevel' has LevelScriptBlueprint '/Game/SSA/Maps/Home_Kratakos.Home_Kratakos:PersistentLevel.Home_Kratakos' with GeneratedClass '/Game/SSA/Maps/Home_Kratakos.Home_Kratakos_C' with ClassGeneratedBy '/Game/SSA/Maps/Home_Kratakos.Home_Kratakos:PersistentLevel.Home_Kratakos'
[2015.11.05-00.41.54:563][303]LogBlueprintUserMessages: Early EndPlayMap Detection: Level '/Game/SSA/Maps/Home_Kratakos.Home_Kratakos:PersistentLevel' has LevelScriptBlueprint '/Game/SSA/Maps/Home_Kratakos.Home_Kratakos:PersistentLevel.Home_Kratakos' with GeneratedClass '/Game/SSA/Maps/Home_Kratakos.Home_Kratakos_C' with ClassGeneratedBy '/Game/SSA/Maps/Home_Kratakos.Home_Kratakos:PersistentLevel.Home_Kratakos'
[2015.11.05-00.41.54:612][303]LogBlueprintUserMessages: Late EndPlayMap Detection: Level '/Game/SSA/Maps/Home_Kratakos.Home_Kratakos:PersistentLevel' has LevelScriptBlueprint '/Game/SSA/Maps/Home_Kratakos.Home_Kratakos:PersistentLevel.Home_Kratakos' with GeneratedClass '/Game/SSA/Maps/Home_Kratakos.Home_Kratakos_C' with ClassGeneratedBy '/Game/SSA/Maps/Home_Kratakos.Home_Kratakos:PersistentLevel.Home_Kratakos'
[2015.11.05-00.41.54:660][303]LogParticles: Destroying 0 GPU particle simulations for FXSystem 0x000000B49300CF40
[2015.11.05-00.41.56:915][339]LogPhysics:Warning: FConstraintInstance::GetRefFrame : Contained scale.
[2015.11.05-00.41.56:915][339]LogPhysics:Warning: FConstraintInstance::GetRefFrame : Contained scale.
[2015.11.05-00.41.56:915][339]LogPhysics:Warning: FConstraintInstance::GetRefFrame : Contained scale.
[2015.11.05-00.41.56:915][339]LogPhysics:Warning: FConstraintInstance::GetRefFrame : Contained scale.
[2015.11.05-00.41.57:015][339]LogContentBrowser:Verbose: The majority of assets in the view are of type: AnimSequence
[2015.11.05-00.42.00:218][500]LogPhysics:Warning: FConstraintInstance::GetRefFrame : Contained scale.
[2015.11.05-00.42.00:218][500]LogPhysics:Warning: FConstraintInstance::GetRefFrame : Contained scale.
[2015.11.05-00.42.00:218][500]LogPhysics:Warning: FConstraintInstance::GetRefFrame : Contained scale.
[2015.11.05-00.42.00:218][500]LogPhysics:Warning: FConstraintInstance::GetRefFrame : Contained scale.
[2015.11.05-00.42.09:135][748]LogWindows:Error: Windows GetLastError: The operation completed successfully. (0)
[2015.11.05-00.42.09:469][748]LogCrashTracker: 


[2015.11.05-00.42.09:516][748]LogCrashTracker: 


[2015.11.05-00.42.09:516][748]LogWindows: === Critical error: ===
Assertion failed: ((UObject*)ContainerPtr)->IsA((UClass*)GetOuter()) [File:D:\BuildFarm\buildmachine_++depot+UE4-Releases+4.9\Engine\Source\Runtime\CoreUObject\Public\UObject\UnrealType.h] [Line: 308] 
'Default__Player_Vultaari_C' is of class 'Player_Vultaari_C' however property 'ObjectProperty_1365' belongs to class 'TRASHCLASS_Player_265'




[2015.11.05-00.42.09:656][748]LogExit: Executing StaticShutdownAfterError
[2015.11.05-00.42.09:662][748]LogPhysics:Warning: PHYSX: ..\..\PhysX\src\NpScene.cpp (2946) 8 : PxScene::unlockWrite() called without matching call to PxScene::lockWrite(), behaviour will be undefined.
[2015.11.05-00.42.09:663][748]LogPhysics:Warning: PHYSX: ..\..\PhysX\src\NpScene.cpp (2946) 8 : PxScene::unlockWrite() called without matching call to PxScene::lockWrite(), behaviour will be undefined.
[2015.11.05-00.42.09:663][748]LogPhysics:Warning: PHYSX: ..\..\PhysX\src\NpScene.cpp (2946) 8 : PxScene::unlockWrite() called without matching call to PxScene::lockWrite(), behaviour will be undefined.
[2015.11.05-00.42.09:663][748]LogPhysics:Warning: PHYSX: ..\..\PhysX\src\NpScene.cpp (2946) 8 : PxScene::unlockWrite() called without matching call to PxScene::lockWrite(), behaviour will be undefined.
[2015.11.05-00.42.09:663][748]LogPhysics:Warning: PHYSX: ..\..\PhysX\src\NpScene.cpp (2946) 8 : PxScene::unlockWrite() called without matching call to PxScene::lockWrite(), behaviour will be undefined.
[2015.11.05-00.42.09:663][748]LogPhysics:Warning: PHYSX: ..\..\PhysX\src\NpScene.cpp (2946) 8 : PxScene::unlockWrite() called without matching call to PxScene::lockWrite(), behaviour will be undefined.
[2015.11.05-00.42.09:663][748]LogPhysics:Warning: PHYSX: ..\..\PhysX\src\NpScene.cpp (2946) 8 : PxScene::unlockWrite() called without matching call to PxScene::lockWrite(), behaviour will be undefined.
[2015.11.05-00.42.09:663][748]LogPhysics:Warning: PHYSX: ..\..\PhysX\src\NpScene.cpp (2946) 8 : PxScene::unlockWrite() called without matching call to PxScene::lockWrite(), behaviour will be undefined.
[2015.11.05-00.42.09:664][748]LogPhysics:Warning: PHYSX: ..\..\PhysX\src\NpScene.cpp (2946) 8 : PxScene::unlockWrite() called without matching call to PxScene::lockWrite(), behaviour will be undefined.
[2015.11.05-00.42.09:664][748]LogPhysics:Warning: PHYSX: ..\..\PhysX\src\NpScene.cpp (2946) 8 : PxScene::unlockWrite() called without matching call to PxScene::lockWrite(), behaviour will be undefined.
[2015.11.05-00.42.09:664][748]LogPhysics:Warning: PHYSX: ..\..\PhysX\src\NpScene.cpp (2946) 8 : PxScene::unlockWrite() called without matching call to PxScene::lockWrite(), behaviour will be undefined.
[2015.11.05-00.42.09:664][748]LogPhysics:Warning: PHYSX: ..\..\PhysX\src\NpScene.cpp (2946) 8 : PxScene::unlockWrite() called without matching call to PxScene::lockWrite(), behaviour will be undefined.
[2015.11.05-00.42.09:664][748]LogWindows: FPlatformMisc::RequestExit(1)
[2015.11.05-00.42.09:664][748]Log file closed, 11/04/15 19:42:09
