[2015.11.16-22.30.06:451][  0]Log file open, 11/16/15 17:30:06
[2015.11.16-22.30.06:451][  0]LogInit:Display: Running engine for game: SuperSpaceArmada
[2015.11.16-22.30.06:451][  0]LogInit:Display: RandInit(1995585060) SRandInit(1995585060).
[2015.11.16-22.30.06:451][  0]LogTaskGraph: Started task graph with 4 named threads and 7 total threads.
[2015.11.16-22.30.06:451][  0]LogStats: Stats thread started at 0.081524
[2015.11.16-22.30.06:451][  0]LogInit: Version: 4.9.1-2689999+++depot+UE4-Releases+4.9
[2015.11.16-22.30.06:451][  0]LogInit: API Version: 2672455
[2015.11.16-22.30.06:451][  0]LogInit: Compiled (64-bit): Sep 14 2015 04:12:03
[2015.11.16-22.30.06:451][  0]LogInit: Compiled with Visual C++: 18.00.21005.01
[2015.11.16-22.30.06:451][  0]LogInit: Build Configuration: Development
[2015.11.16-22.30.06:451][  0]LogInit: Branch Name: ++depot+UE4-Releases+4.9
[2015.11.16-22.30.06:451][  0]LogInit: Command line:  
[2015.11.16-22.30.06:451][  0]LogInit: Base directory: C:/Program Files/Epic Games/4.9/Engine/Binaries/Win64/
[2015.11.16-22.30.06:451][  0]LogInit: Rocket: 1
[2015.11.16-22.30.06:468][  0]LogInit: Using libcurl 7.41.0
[2015.11.16-22.30.06:469][  0]LogInit:  - built for x86_64-pc-win32
[2015.11.16-22.30.06:469][  0]LogInit:  - supports SSL with WinSSL
[2015.11.16-22.30.06:469][  0]LogInit:  - other features:
[2015.11.16-22.30.06:469][  0]LogInit:      CURL_VERSION_SSL
[2015.11.16-22.30.06:469][  0]LogInit:      CURL_VERSION_IPV6
[2015.11.16-22.30.06:469][  0]LogInit:      CURL_VERSION_ASYNCHDNS
[2015.11.16-22.30.06:469][  0]LogInit:      CURL_VERSION_LARGEFILE
[2015.11.16-22.30.06:469][  0]LogInit:      CURL_VERSION_IDN
[2015.11.16-22.30.06:469][  0]LogInit:  CurlRequestOptions (configurable via config and command line):
[2015.11.16-22.30.06:469][  0]LogInit:  - bVerifyPeer = true  - Libcurl will verify peer certificate
[2015.11.16-22.30.06:469][  0]LogInit:  - bUseHttpProxy = false  - Libcurl will NOT use HTTP proxy
[2015.11.16-22.30.06:469][  0]LogInit:  - bDontReuseConnections = false  - Libcurl will reuse connections
[2015.11.16-22.30.06:469][  0]LogInit:  - CertBundlePath = nullptr  - Libcurl will use whatever was configured at build time.
[2015.11.16-22.30.06:478][  0]LogInit: Presizing for 0 objects not considered by GC, pre-allocating 0 bytes.
[2015.11.16-22.30.06:484][  0]LogInit: Object subsystem initialized
[2015.11.16-22.30.06:486][  0]LogInit: Selected Device Profile: [Windows]
[2015.11.16-22.30.06:486][  0]LogInit: Applying CVar settings loaded from the selected device profile: [Windows]
[2015.11.16-22.30.06:493][  0]LogInit: Computer: EXIA
[2015.11.16-22.30.06:493][  0]LogInit: User: SGJin
[2015.11.16-22.30.06:493][  0]LogInit: CPU Page size=4096, Cores=4
[2015.11.16-22.30.06:493][  0]LogInit: High frequency timer resolution =2.338349 MHz
[2015.11.16-22.30.06:493][  0]LogMemory: Memory total: Physical=7.9GB (8GB approx)
[2015.11.16-22.30.06:493][  0]LogMemory: Platform Memory Stats for Windows
[2015.11.16-22.30.06:493][  0]LogMemory: Process Physical Memory: 54.84 MB used, 54.84 MB peak
[2015.11.16-22.30.06:493][  0]LogMemory: Process Virtual Memory: 55.29 MB used, 55.29 MB peak
[2015.11.16-22.30.06:493][  0]LogMemory: Physical Memory: 4326.11 MB used, 8124.02 MB total
[2015.11.16-22.30.06:493][  0]LogMemory: Virtual Memory: 350.18 MB used, 134217728.00 MB total
[2015.11.16-22.30.06:538][  0]LogTextLocalizationManager: No specific translations for ('en-US') exist, so ('en') translations will be used.
[2015.11.16-22.30.07:264][  0]LogD3D11RHI: Found D3D11 adapter 0: NVIDIA GeForce GT 740M          (Feature Level 11_0)
[2015.11.16-22.30.07:264][  0]LogD3D11RHI: Adapter has 1996MB of dedicated video memory, 0MB of dedicated system memory, and 4062MB of shared system memory, 1 output[s]
[2015.11.16-22.30.07:270][  0]LogD3D11RHI: Found D3D11 adapter 1: Intel(R) HD Graphics 4600 (Feature Level 11_0)
[2015.11.16-22.30.07:270][  0]LogD3D11RHI: Adapter has 112MB of dedicated video memory, 0MB of dedicated system memory, and 4062MB of shared system memory, 0 output[s]
[2015.11.16-22.30.07:271][  0]LogD3D11RHI: Found D3D11 adapter 2: Microsoft Basic Render Driver (Feature Level 11_0)
[2015.11.16-22.30.07:271][  0]LogD3D11RHI: Adapter has 0MB of dedicated video memory, 0MB of dedicated system memory, and 4062MB of shared system memory, 0 output[s]
[2015.11.16-22.30.07:271][  0]LogD3D11RHI: Chosen D3D11 Adapter Id = 0
[2015.11.16-22.30.07:280][  0]LogD3D11RHI: !Direct3DDevice
[2015.11.16-22.30.07:280][  0]LogRHI: Texture pool is 1361 MB (70% of 1945 MB)
[2015.11.16-22.30.07:293][  0]LogD3D11RHI: Async texture creation enabled
[2015.11.16-22.30.07:310][  0]LogShaderCompilers: Guid format shader working directory is 14 characters bigger than the processId version (../../../../../../Users/Jin/Documents/GitHub/Game-Files/SuperSpaceArmada/Intermediate/Shaders/WorkingDirectory/32544/).
[2015.11.16-22.30.07:311][  0]LogShaderCompilers: Cleaned the shader compiler working directory '../../../../../../Users/Jin/Documents/GitHub/Game-Files/SuperSpaceArmada/Intermediate/Shaders/tmp/52DD2B1A40AC028750CAB2B22988D339/'.
[2015.11.16-22.30.07:311][  0]LogShaderCompilers:Display: Using Local Shader Compiler.
[2015.11.16-22.30.08:539][  0]LogTemp:Display: Loaded TP AllDesktopTargetPlatform
[2015.11.16-22.30.08:546][  0]LogTemp:Display: Loaded TP WindowsClientTargetPlatform
[2015.11.16-22.30.08:552][  0]LogTemp:Display: Loaded TP WindowsNoEditorTargetPlatform
[2015.11.16-22.30.08:559][  0]LogTemp:Display: Loaded TP WindowsServerTargetPlatform
[2015.11.16-22.30.08:565][  0]LogTemp:Display: Loaded TP WindowsTargetPlatform
[2015.11.16-22.30.08:569][  0]LogTemp:Display: Loaded TP AndroidTargetPlatform
[2015.11.16-22.30.08:573][  0]LogTemp:Display: Loaded TP Android_ASTCTargetPlatform
[2015.11.16-22.30.08:577][  0]LogTemp:Display: Loaded TP Android_ATCTargetPlatform
[2015.11.16-22.30.08:580][  0]LogTemp:Display: Loaded TP Android_DXTTargetPlatform
[2015.11.16-22.30.08:585][  0]LogTemp:Display: Loaded TP Android_ETC1TargetPlatform
[2015.11.16-22.30.08:590][  0]LogTemp:Display: Loaded TP Android_ETC2TargetPlatform
[2015.11.16-22.30.08:595][  0]LogTemp:Display: Loaded TP Android_PVRTCTargetPlatform
[2015.11.16-22.30.08:596][  0]LogTemp:Display: Loaded TP HTML5TargetPlatform
[2015.11.16-22.30.08:615][  0]LogTemp:Display: Loaded TP IOSTargetPlatform
[2015.11.16-22.30.08:621][  0]LogTemp:Display: Loaded TP LinuxNoEditorTargetPlatform
[2015.11.16-22.30.08:626][  0]LogTemp:Display: Loaded TP LinuxServerTargetPlatform
[2015.11.16-22.30.08:631][  0]LogTemp:Display: Loaded TP LinuxTargetPlatform
[2015.11.16-22.30.08:631][  0]LogTargetPlatformManager:Display: Building Assets For Windows
[2015.11.16-22.30.08:740][  0]LogDerivedDataCache:Display: Max Cache Size: 512 MB
[2015.11.16-22.30.08:782][  0]LogDerivedDataCache: Loaded boot cache 0.04s 41MB C:/Users/Jin/AppData/Local/UnrealEngine/4.9/DerivedDataCache/Boot.ddc.
[2015.11.16-22.30.08:782][  0]LogDerivedDataCache:Display: Loaded Boot cache: C:/Users/Jin/AppData/Local/UnrealEngine/4.9/DerivedDataCache/Boot.ddc
[2015.11.16-22.30.08:783][  0]LogDerivedDataCache: FDerivedDataBackendGraph:  Pak pak cache file ../../../../../../Users/Jin/Documents/GitHub/Game-Files/SuperSpaceArmada/DerivedDataCache/DDC.ddp not found, will not use a pak cache.
[2015.11.16-22.30.08:783][  0]LogDerivedDataCache: Unable to find inner node Pak for hierarchical cache Hierarchy.
[2015.11.16-22.30.08:783][  0]LogDerivedDataCache: FDerivedDataBackendGraph:  CompressedPak pak cache file ../../../../../../Users/Jin/Documents/GitHub/Game-Files/SuperSpaceArmada/DerivedDataCache/Compressed.ddp not found, will not use a pak cache.
[2015.11.16-22.30.08:783][  0]LogDerivedDataCache: Unable to find inner node CompressedPak for hierarchical cache Hierarchy.
[2015.11.16-22.30.08:937][  0]LogDerivedDataCache:Display: Pak cache opened for reading ../../../Engine/DerivedDataCache/Compressed.ddp.
[2015.11.16-22.30.08:950][  0]LogDerivedDataCache: Using Local data cache path C:/Users/Jin/AppData/Local/UnrealEngine/Common/DerivedDataCache: Writable
[2015.11.16-22.30.09:158][  0]LogInit: Selected Device Profile: [Windows]
[2015.11.16-22.30.09:161][  0]LogContentStreaming: Texture pool size is 0.000000MB
[2015.11.16-22.30.09:288][  0]LogMeshUtilities: No automatic mesh reduction module available
[2015.11.16-22.30.09:288][  0]LogMeshUtilities: No automatic mesh merging module available
[2015.11.16-22.30.09:530][  0]LogInit: WinSock: version 1.1 (2.2), MaxSocks=32767, MaxUdp=65467
[2015.11.16-22.30.10:494][  0]LogAssetRegistry: FAssetRegistry took 0.0111 seconds to start up
[2015.11.16-22.30.10:512][  0]UdpMessaging: Initializing bridge on interface 0.0.0.0:0 to multicast group 230.0.0.1:6666.
[2015.11.16-22.30.10:513][  0]FUdpSocketBuilder: Failed to create the socket UdpMessageMulticastSocket as configured
[2015.11.16-22.30.10:513][  0]UdpMessageTransport.StartTransport: Failed to create multicast socket on 0.0.0.0:0, joined to 230.0.0.1:6666 with TTL 1
[2015.11.16-22.30.10:774][  0]SourceControl: Info Source control is disabled
[2015.11.16-22.30.11:011][  0]SourceControl: Info Source control is disabled
[2015.11.16-22.30.11:025][  0]SourceControl: Info Source control is disabled
[2015.11.16-22.30.11:039][  0]SourceControl: Info Source control is disabled
[2015.11.16-22.30.11:224][  0]LogLinker:Warning: Asset '../../../Engine/Plugins/Runtime/LeapMotionController/Content/LM_PassthroughMaterial.uasset' has been saved with empty engine version. The asset will be loaded but may be incompatible.
[2015.11.16-22.30.11:335][  0]LogObj: 28528 objects as part of root set at end of initial load.
[2015.11.16-22.30.11:335][  0]LogUObjectAllocator: 6068464 out of 0 bytes used by permanent object pool.
[2015.11.16-22.30.11:390][  0]LogEngine: Initializing Engine...
[2015.11.16-22.30.11:394][  0]LogHMD: Can't find Oculus library dev build: is proper Runtime installed? Version: 0.7.0.0
[2015.11.16-22.30.11:395][  0]LogHMD: SteamVR failed to initialize.  Err: 110
[2015.11.16-22.30.11:509][  0]LogAIModule: Creating AISystem for world NewWorld
[2015.11.16-22.30.11:517][  0]LogInit: XAudio2 using 'Speakers / HP (IDT High Definition Audio CODEC)' : 2 channels at 48 kHz using 16 bits per sample (channel mask 0x3)
[2015.11.16-22.30.11:533][  0]LogInit: FAudioDevice initialized.
[2015.11.16-22.30.11:553][  0]LogDerivedDataCache: Saved boot cache 0.02s 41MB C:/Users/Jin/AppData/Local/UnrealEngine/4.9/DerivedDataCache/Boot.ddc.
[2015.11.16-22.30.11:556][  0]LogInit: Texture streaming: Enabled
[2015.11.16-22.30.11:563][  0]LogAnalytics: Creating configured Analytics provider AnalyticsET
[2015.11.16-22.30.11:563][  0]LogAnalytics: [UEEditor.Rocket.Release] APIServer = http://et2.epicgames.com/ET2/. AppVersion = 4.9.1-2689999+++depot+UE4-Releases+4.9
[2015.11.16-22.30.11:563][  0]LogAnalytics: [UEEditor.Rocket.Release] SetUserId 435ea4a8489b84c6f4feaab84cbae6c8|e03effeb7bdf4ddc9c712682a578c51b|8a2a019e-36d5-4c55-97e1-833141022920
[2015.11.16-22.30.11:563][  0]LogAnalytics: [UEEditor.Rocket.Release] AnalyticsET::StartSession
[2015.11.16-22.30.11:589][  0]LogWindowsTextInputMethodSystem:Display: IME system now deactivated.
[2015.11.16-22.30.11:694][  0]LogInit: Transaction tracking system initialized
[2015.11.16-22.30.11:730][  0]BlueprintLog: New page: Editor Load
[2015.11.16-22.30.11:840][  0]LocalizationService: Info Localization service is disabled
[2015.11.16-22.30.11:931][  0]LogConsoleResponse:Display: 
[2015.11.16-22.30.12:054][  0]LogCook:Display: Done creating registry. It took  0.00s.
[2015.11.16-22.30.12:121][  0]LogFileCache: Scanning file cache for directory 'C:/Users/Jin/Documents/GitHub/Game-Files/SuperSpaceArmada/Content/' took 0.02s
[2015.11.16-22.30.12:128][  0]SourceControl: Info Source control is disabled
[2015.11.16-22.30.12:128][  0]Cmd: MAP LOAD FILE="../../../../../../Users/Jin/Documents/GitHub/Game-Files/SuperSpaceArmada/Content/SSA/Maps/Home_Kratakos.umap" TEMPLATE=0 SHOWPROGRESS=1 FEATURELEVEL=3
[2015.11.16-22.30.12:128][  0]LightingResults: New page: Lighting Build
[2015.11.16-22.30.12:132][  0]MapCheck: New page: Map Check
[2015.11.16-22.30.12:132][  0]LightingResults: New page: Lighting Build
[2015.11.16-22.30.12:142][  0]LogParticles: Destroying 0 GPU particle simulations for FXSystem 0x000000F21A011620
[2015.11.16-22.30.12:229][  0]LogLinker:Warning: Asset '../../../../../../Users/Jin/Documents/GitHub/Game-Files/SuperSpaceArmada/Content/Mannequin/Animations/ThirdPerson_AnimBP.uasset' has been saved with empty engine version. The asset will be loaded but may be incompatible.
[2015.11.16-22.30.12:232][  0]LogLinker:Warning: Asset '../../../../../../Users/Jin/Documents/GitHub/Game-Files/SuperSpaceArmada/Content/Mannequin/Animations/ThirdPerson_Jump.uasset' has been saved with empty engine version. The asset will be loaded but may be incompatible.
[2015.11.16-22.30.12:234][  0]LogLinker:Warning: Asset '../../../../../../Users/Jin/Documents/GitHub/Game-Files/SuperSpaceArmada/Content/Mannequin/Animations/ThirdPersonJump_Loop.uasset' has been saved with empty engine version. The asset will be loaded but may be incompatible.
[2015.11.16-22.30.12:236][  0]LogLinker:Warning: Asset '../../../../../../Users/Jin/Documents/GitHub/Game-Files/SuperSpaceArmada/Content/Mannequin/Animations/ThirdPersonJump_Start.uasset' has been saved with empty engine version. The asset will be loaded but may be incompatible.
[2015.11.16-22.30.12:238][  0]LogLinker:Warning: Asset '../../../../../../Users/Jin/Documents/GitHub/Game-Files/SuperSpaceArmada/Content/Mannequin/Animations/ThirdPerson_IdleRun_2D.uasset' has been saved with empty engine version. The asset will be loaded but may be incompatible.
[2015.11.16-22.30.12:239][  0]LogLinker:Warning: Asset '../../../../../../Users/Jin/Documents/GitHub/Game-Files/SuperSpaceArmada/Content/Mannequin/Animations/ThirdPersonIdle.uasset' has been saved with empty engine version. The asset will be loaded but may be incompatible.
[2015.11.16-22.30.12:240][  0]LogLinker:Warning: Asset '../../../../../../Users/Jin/Documents/GitHub/Game-Files/SuperSpaceArmada/Content/Mannequin/Animations/ThirdPersonRun.uasset' has been saved with empty engine version. The asset will be loaded but may be incompatible.
[2015.11.16-22.30.12:242][  0]LogLinker:Warning: Asset '../../../../../../Users/Jin/Documents/GitHub/Game-Files/SuperSpaceArmada/Content/Mannequin/Animations/ThirdPersonWalk.uasset' has been saved with empty engine version. The asset will be loaded but may be incompatible.
[2015.11.16-22.30.15:558][  0]LogLinker:Warning: Can't find file '/Game/Geometry/Meshes/1M_Cube'
[2015.11.16-22.30.15:558][  0]LogLinker:Warning: Can't find file for asset '/Game/Geometry/Meshes/1M_Cube' while loading ../../../../../../Users/Jin/Documents/GitHub/Game-Files/SuperSpaceArmada/Content/SSA/Blueprints/Objects/Crystal_Spawner.uasset.
[2015.11.16-22.30.15:558][  0]LoadErrors:Error: Error /Game/SSA/Blueprints/Objects/Crystal_Spawner : Can't find file for asset. /Game/Geometry/Meshes/1M_Cube
[2015.11.16-22.30.15:559][  0]LogLinker:Warning: Can't find file '/Game/Geometry/Meshes/1M_Cube'
[2015.11.16-22.30.15:559][  0]LogLinker:Warning: Can't find file for asset '/Game/Geometry/Meshes/1M_Cube' while loading ../../../../../../Users/Jin/Documents/GitHub/Game-Files/SuperSpaceArmada/Content/SSA/Blueprints/Objects/Crystal_Spawner.uasset.
[2015.11.16-22.30.15:559][  0]LoadErrors:Error: Error /Game/SSA/Blueprints/Objects/Crystal_Spawner : Can't find file for asset. /Game/Geometry/Meshes/1M_Cube
[2015.11.16-22.30.15:561][  0]LogLinker:Warning: Can't find file '/Game/Geometry/Meshes/1M_Cube'
[2015.11.16-22.30.15:562][  0]LogLinker:Warning: Can't find file for asset '/Game/Geometry/Meshes/1M_Cube' while loading ../../../../../../Users/Jin/Documents/GitHub/Game-Files/SuperSpaceArmada/Content/SSA/Maps/Home_Kratakos.umap.
[2015.11.16-22.30.15:562][  0]LoadErrors:Error: Error /Game/SSA/Maps/Home_Kratakos : Can't find file for asset. /Game/Geometry/Meshes/1M_Cube
[2015.11.16-22.30.15:562][  0]LogLinker:Warning: Can't find file '/Game/Geometry/Meshes/1M_Cube'
[2015.11.16-22.30.15:562][  0]LogLinker:Warning: Can't find file for asset '/Game/Geometry/Meshes/1M_Cube' while loading ../../../../../../Users/Jin/Documents/GitHub/Game-Files/SuperSpaceArmada/Content/SSA/Maps/Home_Kratakos.umap.
[2015.11.16-22.30.15:562][  0]LoadErrors:Error: Error /Game/SSA/Maps/Home_Kratakos : Can't find file for asset. /Game/Geometry/Meshes/1M_Cube
[2015.11.16-22.30.15:563][  0]LogLinker:Warning: Can't find file '/Game/Geometry/Meshes/1M_Cube'
[2015.11.16-22.30.15:563][  0]LoadErrors: Info Failed to load /Game/Geometry/Meshes/1M_Cube.1M_Cube Referenced by StaticMeshComponent0
[2015.11.16-22.30.15:563][  0]LogLinker:Warning: Can't find file for asset '/Game/Geometry/Meshes/1M_Cube' while loading ../../../../../../Users/Jin/Documents/GitHub/Game-Files/SuperSpaceArmada/Content/SSA/Maps/Home_Kratakos.umap.
[2015.11.16-22.30.15:563][  0]LoadErrors: Info Failed to load /Game/Geometry/Meshes/1M_Cube.1M_Cube Referenced by StaticMeshComponent0
[2015.11.16-22.30.15:563][  0]LoadErrors:Error: Error /Game/SSA/Maps/Home_Kratakos : Can't find file for asset. /Game/Geometry/Meshes/1M_Cube
[2015.11.16-22.30.16:495][  0]LogMaterial: Missing cached shader map for material lambert1, compiling. 
[2015.11.16-22.30.16:495][  0]LogMaterial:Warning: Failed to compile Material /Game/Geometry/Meshes/KratakosFrigate/lambert1.lambert1 for platform PCD3D_SM5, Default Material will be used in game.
[2015.11.16-22.30.16:495][  0]LogMaterial:Warning: 	(Node TextureSample) TextureSample> Missing input texture
[2015.11.16-22.30.16:817][  0]LogAIModule: Creating AISystem for world Home_Kratakos
[2015.11.16-22.30.16:824][  0]LogEditorServer: Finished looking for orphan Actors (0.000 secs)
[2015.11.16-22.30.16:824][  0]Cmd: MAP CHECKDEP NOCLEARLOG
[2015.11.16-22.30.17:014][  0]MapCheck: Info Map check complete: 0 Error(s), 0 Warning(s), took 190.057ms to complete.
[2015.11.16-22.30.17:014][  0]LogFileHelpers: Loading map 'Home_Kratakos' took 4.886
[2015.11.16-22.30.17:124][  0]LogCollectionManager: Loaded 0 collections in 0.002580 seconds
[2015.11.16-22.30.17:165][  0]LogFileCache: Scanning file cache for directory 'C:/Users/Jin/Documents/GitHub/Game-Files/SuperSpaceArmada/Saved/Collections/' took 0.01s
[2015.11.16-22.30.17:165][  0]LogFileCache: Scanning file cache for directory 'C:/Users/Jin/Documents/GitHub/Game-Files/SuperSpaceArmada/Content/Developers/SGJin/Collections/' took 0.01s
[2015.11.16-22.30.17:165][  0]LogFileCache: Scanning file cache for directory 'C:/Users/Jin/Documents/GitHub/Game-Files/SuperSpaceArmada/Content/Collections/' took 0.01s
[2015.11.16-22.30.17:165][  0]LogContentBrowser: Native class hierarchy populated in 0.0070 seconds. Added 1882 classes and 339 folders.
[2015.11.16-22.30.17:171][  0]LogCollectionManager: Rebuilt the GUID cache for 0 collections in 0.000003 seconds
[2015.11.16-22.30.17:178][  0]LogContentBrowser: Native class hierarchy updated for 'WidgetCarousel' in 0.0003 seconds. Added 0 classes and 0 folders.
[2015.11.16-22.30.17:236][  0]LogContentBrowser: Native class hierarchy updated for 'AddContentDialog' in 0.0003 seconds. Added 0 classes and 0 folders.
[2015.11.16-22.30.17:242][  0]LogContentBrowser: Native class hierarchy updated for 'SceneOutliner' in 0.0003 seconds. Added 1 classes and 2 folders.
[2015.11.16-22.30.17:343][  0]LogCrashTracker: Crashtracker disabled due to settings.
[2015.11.16-22.30.17:347][  0]LogUObjectGlobals:Warning: Failed to find object 'Class None.'
[2015.11.16-22.30.17:370][  0]LogLoad: Full Startup: 11.50 seconds (BP compile: 1.64 seconds)
[2015.11.16-22.30.17:387][  0]LoadErrors:Error: Error /Game/SSA/Blueprints/Player : Failed import for Player_C /Game/SSA/Blueprints/Player/Player.Default__Player_C
[2015.11.16-22.30.17:448][  0]LogContentStreaming: Texture pool size now 1000 MB
[2015.11.16-22.30.17:581][  0]LogRenderer: Reallocating scene render targets to support 1156x564 (Frame:2).
[2015.11.16-22.30.18:643][ 19]LogAssetRegistry: Asset discovery search completed in 8.1598 seconds
[2015.11.16-22.30.18:643][ 19]LogCollectionManager: Rebuilt the object cache for 0 collections in 0.000000 seconds (found 0 objects)
[2015.11.16-22.30.18:643][ 19]LogCollectionManager: Fixed up redirectors for 0 collections in 0.000020 seconds (updated 0 objects)
[2015.11.16-22.30.31:997][396]LogLinker:Warning: Asset '../../../Engine/Content/ArtTools/RenderToTexture/Macros/RenderToTextureMacros.uasset' has been saved with empty engine version. The asset will be loaded but may be incompatible.
[2015.11.16-22.30.32:552][396]LogContentBrowser: Native class hierarchy updated for 'BlueprintGraph' in 0.0007 seconds. Added 107 classes and 0 folders.
[2015.11.16-22.30.49:109][325]LogActorComponent: UnregisterComponent: (/Engine/Transient.CharMoveComp) Not registered. Aborting.
[2015.11.16-22.30.49:109][325]LogActorComponent: UnregisterComponent: (/Engine/Transient.CharacterMovementComponent_0) Not registered. Aborting.
[2015.11.16-22.30.49:109][325]LogActorComponent: UnregisterComponent: (/Engine/Transient.CharacterMovementComponent_1) Not registered. Aborting.
[2015.11.16-22.30.49:110][325]LogActorComponent: UnregisterComponent: (/Engine/Transient.CharacterMovementComponent_2) Not registered. Aborting.
[2015.11.16-22.30.49:110][325]LogActorComponent: UnregisterComponent: (/Engine/Transient.CharacterMovementComponent_3) Not registered. Aborting.
[2015.11.16-22.30.49:110][325]LogActorComponent: UnregisterComponent: (/Engine/Transient.CharacterMovementComponent_4) Not registered. Aborting.
[2015.11.16-22.30.49:111][325]LogActorComponent: UnregisterComponent: (/Engine/Transient.CharacterMovementComponent_5) Not registered. Aborting.
[2015.11.16-22.31.18:507][843]LogEditorViewport: Clicking on Actor (LMB): SphereReflectionCapture (SphereReflectionCapture)
[2015.11.16-22.31.21:672][952]LogEditorViewport: Clicking on Actor (LMB): Arena_Boundary_C (Arena_Boundary)
[2015.11.16-22.31.24:000][ 32]LogEditorViewport: Clicking on Actor (LMB): TargetPoint (TargetPoint)
[2015.11.16-22.31.37:165][478]LogEditorViewport: Clicking on Actor (LMB): DirectionalLight (Light Source)
[2015.11.16-22.31.41:999][631]LogEditorViewport: Clicking on Actor (LMB): AtmosphericFog (AtmosphericFog)
[2015.11.16-22.32.01:032][318]LogUnrealMath: Expression Error : Unrecognized Operator
[2015.11.16-22.32.01:064][318]LogActorComponent: UnregisterComponent: (/Engine/Transient.CharacterMovementComponent_6) Not registered. Aborting.
[2015.11.16-22.32.03:753][479]LogUnrealMath: Expression Error : Unrecognized Operator
[2015.11.16-22.32.03:759][479]LogActorComponent: UnregisterComponent: (/Engine/Transient.CharacterMovementComponent_7) Not registered. Aborting.
[2015.11.16-22.32.36:805][458]LogActorComponent: UnregisterComponent: (/Engine/Transient.CharacterMovementComponent_8) Not registered. Aborting.
[2015.11.16-22.32.37:281][486]LogActorComponent: UnregisterComponent: (/Engine/Transient.CharacterMovementComponent_9) Not registered. Aborting.
[2015.11.16-22.32.49:723][227]LogUnrealMath: Expression Error : Unrecognized Operator
[2015.11.16-22.32.49:728][227]LogActorComponent: UnregisterComponent: (/Engine/Transient.CharacterMovementComponent_10) Not registered. Aborting.
[2015.11.16-22.32.51:551][318]LogSavePackage: Save=153.204254ms
[2015.11.16-22.32.51:551][318]LogSavePackage: Moving '../../../../../../Users/Jin/Documents/GitHub/Game-Files/SuperSpaceArmada/Saved/Player_Cephalon41A31E3946CA7DAF75B7E8970AD1DAC1.tmp' to '../../../../../../Users/Jin/Documents/GitHub/Game-Files/SuperSpaceArmada/Content/SSA/Blueprints/Player_Ships/Player_Cephalon.uasset'
[2015.11.16-22.32.51:554][318]LogSavePackage: Total save time: 171.741687ms
[2015.11.16-22.32.51:554][318]LogSavePackage:Warning: Finished SavePackage ../../../../../../Users/Jin/Documents/GitHub/Game-Files/SuperSpaceArmada/Content/SSA/Blueprints/Player_Ships/Player_Cephalon.uasset
[2015.11.16-22.32.52:212][355]LogBlueprintUserMessages: Early PlayInEditor Detection: Level '/Game/SSA/Maps/Home_Kratakos.Home_Kratakos:PersistentLevel' has LevelScriptBlueprint '/Game/SSA/Maps/Home_Kratakos.Home_Kratakos:PersistentLevel.Home_Kratakos' with GeneratedClass '/Game/SSA/Maps/Home_Kratakos.Home_Kratakos_C' with ClassGeneratedBy '/Game/SSA/Maps/Home_Kratakos.Home_Kratakos:PersistentLevel.Home_Kratakos'
[2015.11.16-22.32.52:212][355]BlueprintLog: New page: Pre-Play auto-recompile
[2015.11.16-22.32.52:215][355]LogActorComponent: UnregisterComponent: (/Engine/Transient.CharacterMovementComponent_11) Not registered. Aborting.
[2015.11.16-22.32.52:227][355]LogPlayLevel: [PlayLevel] Compiling Player_Cephalon before play...
[2015.11.16-22.32.52:535][355]LogPlayLevel: PlayLevel: Blueprint regeneration took 323 ms (2 blueprints)
[2015.11.16-22.32.52:537][355]LogPlayLevel: [PlayLevel] Compiling SSAGameInstance before play...
[2015.11.16-22.32.52:703][355]LogPlayLevel: PlayLevel: Blueprint regeneration took 491 ms (17 blueprints)
[2015.11.16-22.32.52:703][355]LogPlayLevel: [PlayLevel] Compiling Arena_Boundary before play...
[2015.11.16-22.32.52:787][355]LogPlayLevel: PlayLevel: Blueprint regeneration took 575 ms (17 blueprints)
[2015.11.16-22.32.52:791][355]LogPlayLevel: [PlayLevel] Compiling Player before play...
[2015.11.16-22.32.54:433][355]LogPlayLevel: PlayLevel: Blueprint regeneration took 2222 ms (32 blueprints)
[2015.11.16-22.32.54:434][355]LogPlayLevel: [PlayLevel] Compiling Enemy_Human before play...
[2015.11.16-22.32.54:552][355]LogPlayLevel: PlayLevel: Blueprint regeneration took 2341 ms (32 blueprints)
[2015.11.16-22.32.54:553][355]LogPlayLevel: [PlayLevel] Compiling Human_Torpedo before play...
[2015.11.16-22.32.54:649][355]LogPlayLevel: PlayLevel: Blueprint regeneration took 2438 ms (32 blueprints)
[2015.11.16-22.32.54:650][355]LogPlayLevel: [PlayLevel] Compiling Enemy_Kratakos before play...
[2015.11.16-22.32.54:787][355]LogPlayLevel: PlayLevel: Blueprint regeneration took 2575 ms (32 blueprints)
[2015.11.16-22.32.54:787][355]LogPlayLevel: [PlayLevel] Compiling Player_Human before play...
[2015.11.16-22.32.55:112][355]LogPlayLevel: PlayLevel: Blueprint regeneration took 2899 ms (32 blueprints)
[2015.11.16-22.32.55:112][355]LogPlayLevel: [PlayLevel] Compiling Player_Kratakos before play...
[2015.11.16-22.32.55:402][355]LogPlayLevel: PlayLevel: Blueprint regeneration took 3190 ms (32 blueprints)
[2015.11.16-22.32.55:402][355]LogPlayLevel: [PlayLevel] Compiling Player_Dragomir before play...
[2015.11.16-22.32.55:583][355]LogPlayLevel: PlayLevel: Blueprint regeneration took 3371 ms (32 blueprints)
[2015.11.16-22.32.55:584][355]LogPlayLevel: [PlayLevel] Compiling Hive_Drones before play...
[2015.11.16-22.32.55:673][355]LogPlayLevel: PlayLevel: Blueprint regeneration took 3461 ms (32 blueprints)
[2015.11.16-22.32.55:673][355]LogPlayLevel: [PlayLevel] Compiling Player_Hive before play...
[2015.11.16-22.32.55:838][355]LogPlayLevel: PlayLevel: Blueprint regeneration took 3626 ms (32 blueprints)
[2015.11.16-22.32.55:839][355]LogPlayLevel: [PlayLevel] Compiling Player_Vultaari before play...
[2015.11.16-22.32.56:012][355]LogPlayLevel: PlayLevel: Blueprint regeneration took 3800 ms (32 blueprints)
[2015.11.16-22.32.56:013][355]LogPlayLevel: [PlayLevel] Compiling Home_Kratakos before play...
[2015.11.16-22.32.56:085][355]LogPlayLevel: PlayLevel: Blueprint regeneration took 3873 ms (32 blueprints)
[2015.11.16-22.32.56:086][355]LogPlayLevel: [PlayLevel] Compiling HUD before play...
[2015.11.16-22.32.56:190][355]LogPlayLevel: PlayLevel: Blueprint regeneration took 3978 ms (32 blueprints)
[2015.11.16-22.32.56:192][355]LogPlayLevel: [PlayLevel] Compiling MainMenu before play...
[2015.11.16-22.32.56:327][355]LogPlayLevel: PlayLevel: Blueprint regeneration took 4115 ms (32 blueprints)
[2015.11.16-22.32.56:329][355]LogPlayLevel: [PlayLevel] Compiling ProfileSelector before play...
[2015.11.16-22.32.56:464][355]LogPlayLevel: PlayLevel: Blueprint regeneration took 4251 ms (32 blueprints)
[2015.11.16-22.32.56:465][355]LogPlayLevel: [PlayLevel] Compiling Debris before play...
[2015.11.16-22.32.56:585][355]LogPlayLevel: PlayLevel: Blueprint regeneration took 4373 ms (32 blueprints)
[2015.11.16-22.32.56:586][355]LogPlayLevel: [PlayLevel] Compiling AI_Ram_Trigger before play...
[2015.11.16-22.32.56:677][355]LogPlayLevel: PlayLevel: Blueprint regeneration took 4465 ms (32 blueprints)
[2015.11.16-22.32.56:678][355]LogPlayLevel: [PlayLevel] Compiling Player_Phaser_Trigger before play...
[2015.11.16-22.32.56:776][355]LogPlayLevel: PlayLevel: Blueprint regeneration took 4564 ms (32 blueprints)
[2015.11.16-22.32.56:777][355]LogPlayLevel: [PlayLevel] Compiling Kratakos_Rail_Gun before play...
[2015.11.16-22.32.56:880][355]LogPlayLevel: PlayLevel: Blueprint regeneration took 4668 ms (32 blueprints)
[2015.11.16-22.32.56:881][355]LogPlayLevel: [PlayLevel] Compiling Player_Ram_Trigger before play...
[2015.11.16-22.32.56:966][355]LogPlayLevel: PlayLevel: Blueprint regeneration took 4754 ms (32 blueprints)
[2015.11.16-22.32.56:966][355]LogPlayLevel: [PlayLevel] Compiling Player_PowerWave_Trigger before play...
[2015.11.16-22.32.57:069][355]LogPlayLevel: PlayLevel: Blueprint regeneration took 4857 ms (32 blueprints)
[2015.11.16-22.32.57:069][355]LogPlayLevel: [PlayLevel] Compiling Player_FireBreath before play...
[2015.11.16-22.32.57:159][355]LogPlayLevel: PlayLevel: Blueprint regeneration took 4947 ms (32 blueprints)
[2015.11.16-22.32.57:160][355]LogPlayLevel: [PlayLevel] Compiling Hive_SelfDestruct before play...
[2015.11.16-22.32.57:245][355]LogPlayLevel: PlayLevel: Blueprint regeneration took 5033 ms (32 blueprints)
[2015.11.16-22.32.57:246][355]LogPlayLevel: [PlayLevel] Compiling Player_Mine before play...
[2015.11.16-22.32.57:336][355]LogPlayLevel: PlayLevel: Blueprint regeneration took 5124 ms (32 blueprints)
[2015.11.16-22.32.57:336][355]LogPlayLevel: [PlayLevel] Compiling Energy_Crate before play...
[2015.11.16-22.32.57:419][355]LogPlayLevel: PlayLevel: Blueprint regeneration took 5207 ms (32 blueprints)
[2015.11.16-22.32.57:419][355]LogPlayLevel: [PlayLevel] Compiling Health_Crate before play...
[2015.11.16-22.32.57:502][355]LogPlayLevel: PlayLevel: Blueprint regeneration took 5290 ms (32 blueprints)
[2015.11.16-22.32.57:502][355]LogPlayLevel: [PlayLevel] Compiling PP_Crate before play...
[2015.11.16-22.32.57:585][355]LogPlayLevel: PlayLevel: Blueprint regeneration took 5373 ms (32 blueprints)
[2015.11.16-22.32.57:585][355]LogPlayLevel: [PlayLevel] Compiling Crystal before play...
[2015.11.16-22.32.57:691][355]LogPlayLevel: PlayLevel: Blueprint regeneration took 5480 ms (32 blueprints)
[2015.11.16-22.32.57:692][355]LogPlayLevel: [PlayLevel] Compiling Crystal_Spawner before play...
[2015.11.16-22.32.57:790][355]LogPlayLevel: PlayLevel: Blueprint regeneration took 5579 ms (32 blueprints)
[2015.11.16-22.32.57:791][355]LogPlayLevel: [PlayLevel] Compiling Debris_Spawner before play...
[2015.11.16-22.32.57:881][355]LogPlayLevel: PlayLevel: Blueprint regeneration took 5669 ms (32 blueprints)
[2015.11.16-22.32.58:010][355]PIE: New page: PIE session: Home_Kratakos (Nov 16, 2015, 12:32:58 PM)
[2015.11.16-22.32.58:010][355]LogPlayLevel: Creating play world package: /Game/SSA/Maps/UEDPIE_0_Home_Kratakos
[2015.11.16-22.32.58:034][355]LogPlayLevel: PIE: StaticDuplicateObject took: (0.024624s)
[2015.11.16-22.32.58:035][355]LogAIModule: Creating AISystem for world Home_Kratakos
[2015.11.16-22.32.58:036][355]LogPlayLevel: PIE: World Init took: (0.000963s)
[2015.11.16-22.32.58:036][355]LogPlayLevel: PIE: Created PIE world by copying editor world from /Game/SSA/Maps/Home_Kratakos.Home_Kratakos to /Game/SSA/Maps/UEDPIE_0_Home_Kratakos.Home_Kratakos (0.025876s)
[2015.11.16-22.32.58:077][355]LogInit: XAudio2 using 'Speakers / HP (IDT High Definition Audio CODEC)' : 2 channels at 48 kHz using 16 bits per sample (channel mask 0x3)
[2015.11.16-22.32.58:091][355]LogInit: FAudioDevice initialized.
[2015.11.16-22.32.58:139][355]LogWorld: Game class is 'TopDownGameMode_C'
[2015.11.16-22.32.58:145][355]LogWorld:Warning: *** WARNING - PATHS MAY NOT BE VALID ***
[2015.11.16-22.32.58:145][355]LogWorld: Bringing World /Game/SSA/Maps/UEDPIE_0_Home_Kratakos.Home_Kratakos up for play (max tick rate 60) at 2015.11.16-17.32.58
[2015.11.16-22.32.58:145][355]LogActor:Warning: GameSession /Game/SSA/Maps/UEDPIE_0_Home_Kratakos.Home_Kratakos:PersistentLevel.GameSession_0 has natively added scene component(s), but none of them were set as the actor's RootComponent - picking one arbitrarily
[2015.11.16-22.32.58:146][355]LogActor:Warning: GameNetworkManager /Game/SSA/Maps/UEDPIE_0_Home_Kratakos.Home_Kratakos:PersistentLevel.GameNetworkManager_0 has natively added scene component(s), but none of them were set as the actor's RootComponent - picking one arbitrarily
[2015.11.16-22.32.58:146][355]LogWorld: Bringing up level for play took: 0.005740
[2015.11.16-22.32.58:162][355]PIE: Info Play in editor start time for /Game/SSA/Maps/UEDPIE_0_Home_Kratakos 5.891
[2015.11.16-22.32.58:162][355]LogBlueprintUserMessages: Late PlayInEditor Detection: Level '/Game/SSA/Maps/Home_Kratakos.Home_Kratakos:PersistentLevel' has LevelScriptBlueprint '/Game/SSA/Maps/Home_Kratakos.Home_Kratakos:PersistentLevel.Home_Kratakos' with GeneratedClass '/Game/SSA/Maps/Home_Kratakos.Home_Kratakos_C' with ClassGeneratedBy '/Game/SSA/Maps/Home_Kratakos.Home_Kratakos:PersistentLevel.Home_Kratakos'
[2015.11.16-22.32.58:298][356]LogRenderer: Reallocating scene render targets to support 1280x720 (Frame:2134).
[2015.11.16-22.33.03:732][502]LogPhysics:Warning: FConstraintInstance::GetRefFrame : Contained scale.
[2015.11.16-22.33.03:732][502]LogPhysics:Warning: FConstraintInstance::GetRefFrame : Contained scale.
[2015.11.16-22.33.03:732][502]LogPhysics:Warning: FConstraintInstance::GetRefFrame : Contained scale.
[2015.11.16-22.33.04:546][525]LogScript:Warning: Cannot access 'Player_Phaser_Trigger_C_6'. It is pending kill. Property: 'CallFunc_FinishSpawningActor_ReturnValue'
	Player_Human_C /Game/SSA/Maps/UEDPIE_0_Home_Kratakos.Home_Kratakos:PersistentLevel.Player_Human_C_0
	Function /Game/SSA/Blueprints/Player_Ships/Player_Human.Player_Human_C:ExecuteUbergraph_Player_Human:0460
[2015.11.16-22.33.04:546][525]PIE:Error: Error Cannot access 'Player_Phaser_Trigger_C_6'. It is pending kill. Property: 'CallFunc_FinishSpawningActor_ReturnValue' from node DestroyActor in graph 'EventGraph' in blueprint Player_Human
[2015.11.16-22.33.05:806][561]LogScript:Warning: Cannot access 'Player_Phaser_Trigger_C_7'. It is pending kill. Property: 'CallFunc_FinishSpawningActor_ReturnValue'
	Player_Human_C /Game/SSA/Maps/UEDPIE_0_Home_Kratakos.Home_Kratakos:PersistentLevel.Player_Human_C_0
	Function /Game/SSA/Blueprints/Player_Ships/Player_Human.Player_Human_C:ExecuteUbergraph_Player_Human:0460
[2015.11.16-22.33.05:806][561]PIE:Error: Error Cannot access 'Player_Phaser_Trigger_C_7'. It is pending kill. Property: 'CallFunc_FinishSpawningActor_ReturnValue' from node DestroyActor in graph 'EventGraph' in blueprint Player_Human
[2015.11.16-22.33.06:927][593]LogScript:Warning: Cannot access 'Player_Phaser_Trigger_C_7'. It is pending kill. Property: 'CallFunc_FinishSpawningActor_ReturnValue'
	Player_Human_C /Game/SSA/Maps/UEDPIE_0_Home_Kratakos.Home_Kratakos:PersistentLevel.Player_Human_C_0
	Function /Game/SSA/Blueprints/Player_Ships/Player_Human.Player_Human_C:ExecuteUbergraph_Player_Human:0460
[2015.11.16-22.33.06:927][593]PIE:Error: Error Cannot access 'Player_Phaser_Trigger_C_7'. It is pending kill. Property: 'CallFunc_FinishSpawningActor_ReturnValue' from node DestroyActor in graph 'EventGraph' in blueprint Player_Human
[2015.11.16-22.33.08:082][626]LogScript:Warning: Cannot access 'Player_Phaser_Trigger_C_8'. It is pending kill. Property: 'CallFunc_FinishSpawningActor_ReturnValue'
	Player_Human_C /Game/SSA/Maps/UEDPIE_0_Home_Kratakos.Home_Kratakos:PersistentLevel.Player_Human_C_0
	Function /Game/SSA/Blueprints/Player_Ships/Player_Human.Player_Human_C:ExecuteUbergraph_Player_Human:0460
[2015.11.16-22.33.08:082][626]PIE:Error: Error Cannot access 'Player_Phaser_Trigger_C_8'. It is pending kill. Property: 'CallFunc_FinishSpawningActor_ReturnValue' from node DestroyActor in graph 'EventGraph' in blueprint Player_Human
[2015.11.16-22.33.08:330][633]LogScript:Warning: Cannot access 'Player_Phaser_Trigger_C_9'. It is pending kill. Property: 'CallFunc_FinishSpawningActor_ReturnValue'
	Player_Human_C /Game/SSA/Maps/UEDPIE_0_Home_Kratakos.Home_Kratakos:PersistentLevel.Player_Human_C_0
	Function /Game/SSA/Blueprints/Player_Ships/Player_Human.Player_Human_C:ExecuteUbergraph_Player_Human:0460
[2015.11.16-22.33.08:331][633]PIE:Error: Error Cannot access 'Player_Phaser_Trigger_C_9'. It is pending kill. Property: 'CallFunc_FinishSpawningActor_ReturnValue' from node DestroyActor in graph 'EventGraph' in blueprint Player_Human
[2015.11.16-22.33.08:543][639]LogScript:Warning: Cannot access 'Player_Phaser_Trigger_C_10'. It is pending kill. Property: 'CallFunc_FinishSpawningActor_ReturnValue'
	Player_Human_C /Game/SSA/Maps/UEDPIE_0_Home_Kratakos.Home_Kratakos:PersistentLevel.Player_Human_C_0
	Function /Game/SSA/Blueprints/Player_Ships/Player_Human.Player_Human_C:ExecuteUbergraph_Player_Human:0460
[2015.11.16-22.33.08:543][639]PIE:Error: Error Cannot access 'Player_Phaser_Trigger_C_10'. It is pending kill. Property: 'CallFunc_FinishSpawningActor_ReturnValue' from node DestroyActor in graph 'EventGraph' in blueprint Player_Human
[2015.11.16-22.33.08:720][644]LogScript:Warning: Cannot access 'Player_Phaser_Trigger_C_10'. It is pending kill. Property: 'CallFunc_FinishSpawningActor_ReturnValue'
	Player_Human_C /Game/SSA/Maps/UEDPIE_0_Home_Kratakos.Home_Kratakos:PersistentLevel.Player_Human_C_0
	Function /Game/SSA/Blueprints/Player_Ships/Player_Human.Player_Human_C:ExecuteUbergraph_Player_Human:0460
[2015.11.16-22.33.08:720][644]PIE:Error: Error Cannot access 'Player_Phaser_Trigger_C_10'. It is pending kill. Property: 'CallFunc_FinishSpawningActor_ReturnValue' from node DestroyActor in graph 'EventGraph' in blueprint Player_Human
[2015.11.16-22.33.08:935][650]LogScript:Warning: Cannot access 'Player_Phaser_Trigger_C_10'. It is pending kill. Property: 'CallFunc_FinishSpawningActor_ReturnValue'
	Player_Human_C /Game/SSA/Maps/UEDPIE_0_Home_Kratakos.Home_Kratakos:PersistentLevel.Player_Human_C_0
	Function /Game/SSA/Blueprints/Player_Ships/Player_Human.Player_Human_C:ExecuteUbergraph_Player_Human:0460
[2015.11.16-22.33.08:935][650]PIE:Error: Error Cannot access 'Player_Phaser_Trigger_C_10'. It is pending kill. Property: 'CallFunc_FinishSpawningActor_ReturnValue' from node DestroyActor in graph 'EventGraph' in blueprint Player_Human
[2015.11.16-22.33.09:181][657]LogScript:Warning: Cannot access 'Player_Phaser_Trigger_C_10'. It is pending kill. Property: 'CallFunc_FinishSpawningActor_ReturnValue'
	Player_Human_C /Game/SSA/Maps/UEDPIE_0_Home_Kratakos.Home_Kratakos:PersistentLevel.Player_Human_C_0
	Function /Game/SSA/Blueprints/Player_Ships/Player_Human.Player_Human_C:ExecuteUbergraph_Player_Human:0460
[2015.11.16-22.33.09:181][657]PIE:Error: Error Cannot access 'Player_Phaser_Trigger_C_10'. It is pending kill. Property: 'CallFunc_FinishSpawningActor_ReturnValue' from node DestroyActor in graph 'EventGraph' in blueprint Player_Human
[2015.11.16-22.33.09:498][666]LogScript:Warning: Cannot access 'Player_Phaser_Trigger_C_11'. It is pending kill. Property: 'CallFunc_FinishSpawningActor_ReturnValue'
	Player_Human_C /Game/SSA/Maps/UEDPIE_0_Home_Kratakos.Home_Kratakos:PersistentLevel.Player_Human_C_0
	Function /Game/SSA/Blueprints/Player_Ships/Player_Human.Player_Human_C:ExecuteUbergraph_Player_Human:0460
[2015.11.16-22.33.09:498][666]PIE:Error: Error Cannot access 'Player_Phaser_Trigger_C_11'. It is pending kill. Property: 'CallFunc_FinishSpawningActor_ReturnValue' from node DestroyActor in graph 'EventGraph' in blueprint Player_Human
[2015.11.16-22.33.09:747][673]LogScript:Warning: Cannot access 'Player_Phaser_Trigger_C_11'. It is pending kill. Property: 'CallFunc_FinishSpawningActor_ReturnValue'
	Player_Human_C /Game/SSA/Maps/UEDPIE_0_Home_Kratakos.Home_Kratakos:PersistentLevel.Player_Human_C_0
	Function /Game/SSA/Blueprints/Player_Ships/Player_Human.Player_Human_C:ExecuteUbergraph_Player_Human:0460
[2015.11.16-22.33.09:747][673]PIE:Error: Error Cannot access 'Player_Phaser_Trigger_C_11'. It is pending kill. Property: 'CallFunc_FinishSpawningActor_ReturnValue' from node DestroyActor in graph 'EventGraph' in blueprint Player_Human
[2015.11.16-22.33.09:990][680]LogScript:Warning: Cannot access 'Player_Phaser_Trigger_C_11'. It is pending kill. Property: 'CallFunc_FinishSpawningActor_ReturnValue'
	Player_Human_C /Game/SSA/Maps/UEDPIE_0_Home_Kratakos.Home_Kratakos:PersistentLevel.Player_Human_C_0
	Function /Game/SSA/Blueprints/Player_Ships/Player_Human.Player_Human_C:ExecuteUbergraph_Player_Human:0460
[2015.11.16-22.33.09:990][680]PIE:Error: Error Cannot access 'Player_Phaser_Trigger_C_11'. It is pending kill. Property: 'CallFunc_FinishSpawningActor_ReturnValue' from node DestroyActor in graph 'EventGraph' in blueprint Player_Human
[2015.11.16-22.33.10:446][693]LogScript:Warning: Cannot access 'Player_Phaser_Trigger_C_11'. It is pending kill. Property: 'CallFunc_FinishSpawningActor_ReturnValue'
	Player_Human_C /Game/SSA/Maps/UEDPIE_0_Home_Kratakos.Home_Kratakos:PersistentLevel.Player_Human_C_0
	Function /Game/SSA/Blueprints/Player_Ships/Player_Human.Player_Human_C:ExecuteUbergraph_Player_Human:0460
[2015.11.16-22.33.10:446][693]PIE:Error: Error Cannot access 'Player_Phaser_Trigger_C_11'. It is pending kill. Property: 'CallFunc_FinishSpawningActor_ReturnValue' from node DestroyActor in graph 'EventGraph' in blueprint Player_Human
[2015.11.16-22.33.10:623][698]LogScript:Warning: Accessed None 'CallFunc_K2_GetPawn_ReturnValue'
	EnemyAI1_C /Game/SSA/Maps/UEDPIE_0_Home_Kratakos.Home_Kratakos:PersistentLevel.EnemyAI1_C_0
	Function /Game/SSA/Blueprints/AI/EnemyAI1.EnemyAI1_C:ExecuteUbergraph_EnemyAI1:008C
[2015.11.16-22.33.10:623][698]PIE:Error: Error Accessed None 'CallFunc_K2_GetPawn_ReturnValue' from node Set Value as Vector in graph 'EventGraph' in blueprint EnemyAI1
[2015.11.16-22.33.10:624][698]LogBlueprintUserMessages: [Player_Human_C_0] X=763.420 Y=-934.935 Z=312.525
[2015.11.16-22.33.11:181][714]LogScript:Warning: Cannot access 'Player_Phaser_Trigger_C_12'. It is pending kill. Property: 'CallFunc_FinishSpawningActor_ReturnValue'
	Player_Human_C /Game/SSA/Maps/UEDPIE_0_Home_Kratakos.Home_Kratakos:PersistentLevel.Player_Human_C_0
	Function /Game/SSA/Blueprints/Player_Ships/Player_Human.Player_Human_C:ExecuteUbergraph_Player_Human:0460
[2015.11.16-22.33.11:181][714]PIE:Error: Error Cannot access 'Player_Phaser_Trigger_C_12'. It is pending kill. Property: 'CallFunc_FinishSpawningActor_ReturnValue' from node DestroyActor in graph 'EventGraph' in blueprint Player_Human
[2015.11.16-22.33.12:170][742]LogPhysics:Warning: FConstraintInstance::GetRefFrame : Contained scale.
[2015.11.16-22.33.12:170][742]LogPhysics:Warning: FConstraintInstance::GetRefFrame : Contained scale.
[2015.11.16-22.33.12:170][742]LogPhysics:Warning: FConstraintInstance::GetRefFrame : Contained scale.
[2015.11.16-22.33.13:551][781]LogScript:Warning: Cannot access 'Player_Phaser_Trigger_C_13'. It is pending kill. Property: 'CallFunc_FinishSpawningActor_ReturnValue'
	Player_Human_C /Game/SSA/Maps/UEDPIE_0_Home_Kratakos.Home_Kratakos:PersistentLevel.Player_Human_C_0
	Function /Game/SSA/Blueprints/Player_Ships/Player_Human.Player_Human_C:ExecuteUbergraph_Player_Human:0460
[2015.11.16-22.33.13:551][781]PIE:Error: Error Cannot access 'Player_Phaser_Trigger_C_13'. It is pending kill. Property: 'CallFunc_FinishSpawningActor_ReturnValue' from node DestroyActor in graph 'EventGraph' in blueprint Player_Human
[2015.11.16-22.33.16:876][873]LogScript:Warning: Cannot access 'Player_Phaser_Trigger_C_14'. It is pending kill. Property: 'CallFunc_FinishSpawningActor_ReturnValue'
	Player_Human_C /Game/SSA/Maps/UEDPIE_0_Home_Kratakos.Home_Kratakos:PersistentLevel.Player_Human_C_0
	Function /Game/SSA/Blueprints/Player_Ships/Player_Human.Player_Human_C:ExecuteUbergraph_Player_Human:0460
[2015.11.16-22.33.16:876][873]PIE:Error: Error Cannot access 'Player_Phaser_Trigger_C_14'. It is pending kill. Property: 'CallFunc_FinishSpawningActor_ReturnValue' from node DestroyActor in graph 'EventGraph' in blueprint Player_Human
[2015.11.16-22.33.23:193][ 51]LogScript:Warning: Cannot access 'Player_Phaser_Trigger_C_16'. It is pending kill. Property: 'CallFunc_FinishSpawningActor_ReturnValue'
	Player_Human_C /Game/SSA/Maps/UEDPIE_0_Home_Kratakos.Home_Kratakos:PersistentLevel.Player_Human_C_0
	Function /Game/SSA/Blueprints/Player_Ships/Player_Human.Player_Human_C:ExecuteUbergraph_Player_Human:0460
[2015.11.16-22.33.23:193][ 51]PIE:Error: Error Cannot access 'Player_Phaser_Trigger_C_16'. It is pending kill. Property: 'CallFunc_FinishSpawningActor_ReturnValue' from node DestroyActor in graph 'EventGraph' in blueprint Player_Human
[2015.11.16-22.33.24:371][ 84]PIE:Error: Error Cannot access 'Player_Phaser_Trigger_C_17'. It is pending kill. Property: 'CallFunc_FinishSpawningActor_ReturnValue' from node DestroyActor in graph 'EventGraph' in blueprint Player_Human
[2015.11.16-22.33.26:619][148]PIE:Error: Error Cannot access 'Player_Phaser_Trigger_C_18'. It is pending kill. Property: 'CallFunc_FinishSpawningActor_ReturnValue' from node DestroyActor in graph 'EventGraph' in blueprint Player_Human
[2015.11.16-22.33.30:865][268]PIE:Error: Error Cannot access 'Player_Phaser_Trigger_C_20'. It is pending kill. Property: 'CallFunc_FinishSpawningActor_ReturnValue' from node DestroyActor in graph 'EventGraph' in blueprint Player_Human
[2015.11.16-22.33.32:275][308]LogBlueprintUserMessages: Early EndPlayMap Detection: Level '/Game/SSA/Maps/Home_Kratakos.Home_Kratakos:PersistentLevel' has LevelScriptBlueprint '/Game/SSA/Maps/Home_Kratakos.Home_Kratakos:PersistentLevel.Home_Kratakos' with GeneratedClass '/Game/SSA/Maps/Home_Kratakos.Home_Kratakos_C' with ClassGeneratedBy '/Game/SSA/Maps/Home_Kratakos.Home_Kratakos:PersistentLevel.Home_Kratakos'
[2015.11.16-22.33.32:363][308]LogBlueprintUserMessages: Late EndPlayMap Detection: Level '/Game/SSA/Maps/Home_Kratakos.Home_Kratakos:PersistentLevel' has LevelScriptBlueprint '/Game/SSA/Maps/Home_Kratakos.Home_Kratakos:PersistentLevel.Home_Kratakos' with GeneratedClass '/Game/SSA/Maps/Home_Kratakos.Home_Kratakos_C' with ClassGeneratedBy '/Game/SSA/Maps/Home_Kratakos.Home_Kratakos:PersistentLevel.Home_Kratakos'
[2015.11.16-22.33.32:363][308]LogActorComponent: UnregisterComponent: (/Engine/Transient.CharMoveComp) Not registered. Aborting.
[2015.11.16-22.33.32:364][308]LogActorComponent: UnregisterComponent: (/Engine/Transient.CharacterMovementComponent_12) Not registered. Aborting.
[2015.11.16-22.33.32:364][308]LogActorComponent: UnregisterComponent: (/Engine/Transient.CharacterMovementComponent_13) Not registered. Aborting.
[2015.11.16-22.33.32:365][308]LogActorComponent: UnregisterComponent: (/Engine/Transient.CharacterMovementComponent_14) Not registered. Aborting.
[2015.11.16-22.33.32:365][308]LogActorComponent: UnregisterComponent: (/Engine/Transient.CharacterMovementComponent_15) Not registered. Aborting.
[2015.11.16-22.33.32:432][308]LogParticles: Destroying 0 GPU particle simulations for FXSystem 0x000000F28DE6DDA0
[2015.11.16-22.33.59:149][673]LogWindows:Error: Windows GetLastError: The operation completed successfully. (0)
[2015.11.16-22.33.59:475][673]LogCrashTracker: 


[2015.11.16-22.33.59:476][673]LogCrashTracker: 


[2015.11.16-22.33.59:476][673]LogWindows: === Critical error: ===
Assertion failed: ((UObject*)ContainerPtr)->IsA((UClass*)GetOuter()) [File:D:\BuildFarm\buildmachine_++depot+UE4-Releases+4.9\Engine\Source\Runtime\CoreUObject\Public\UObject\UnrealType.h] [Line: 308] 
'Default__Player_Human_C' is of class 'Player_Human_C' however property 'ObjectProperty_1891' belongs to class 'TRASHCLASS_Player_331'




[2015.11.16-22.33.59:603][673]LogExit: Executing StaticShutdownAfterError
[2015.11.16-22.33.59:610][673]LogPhysics:Warning: PHYSX: ..\..\PhysX\src\NpScene.cpp (2946) 8 : PxScene::unlockWrite() called without matching call to PxScene::lockWrite(), behaviour will be undefined.
[2015.11.16-22.33.59:610][673]LogPhysics:Warning: PHYSX: ..\..\PhysX\src\NpScene.cpp (2946) 8 : PxScene::unlockWrite() called without matching call to PxScene::lockWrite(), behaviour will be undefined.
[2015.11.16-22.33.59:610][673]LogPhysics:Warning: PHYSX: ..\..\PhysX\src\NpScene.cpp (2946) 8 : PxScene::unlockWrite() called without matching call to PxScene::lockWrite(), behaviour will be undefined.
[2015.11.16-22.33.59:610][673]LogPhysics:Warning: PHYSX: ..\..\PhysX\src\NpScene.cpp (2946) 8 : PxScene::unlockWrite() called without matching call to PxScene::lockWrite(), behaviour will be undefined.
[2015.11.16-22.33.59:610][673]LogPhysics:Warning: PHYSX: ..\..\PhysX\src\NpScene.cpp (2946) 8 : PxScene::unlockWrite() called without matching call to PxScene::lockWrite(), behaviour will be undefined.
[2015.11.16-22.33.59:610][673]LogPhysics:Warning: PHYSX: ..\..\PhysX\src\NpScene.cpp (2946) 8 : PxScene::unlockWrite() called without matching call to PxScene::lockWrite(), behaviour will be undefined.
[2015.11.16-22.33.59:611][673]LogWindows: FPlatformMisc::RequestExit(1)
[2015.11.16-22.33.59:611][673]Log file closed, 11/16/15 17:33:59
