[2015.11.01-19.09.23:106][  0]Log file open, 11/01/15 14:09:23
[2015.11.01-19.09.23:106][  0]LogInit:Display: Running engine for game: SuperSpaceArmada
[2015.11.01-19.09.23:106][  0]LogInit:Display: RandInit(1900714988) SRandInit(1900714988).
[2015.11.01-19.09.23:106][  0]LogTaskGraph: Started task graph with 4 named threads and 7 total threads.
[2015.11.01-19.09.23:106][  0]LogStats: Stats thread started at 0.062317
[2015.11.01-19.09.23:106][  0]LogInit: Version: 4.9.1-2689999+++depot+UE4-Releases+4.9
[2015.11.01-19.09.23:106][  0]LogInit: API Version: 2672455
[2015.11.01-19.09.23:106][  0]LogInit: Compiled (64-bit): Sep 14 2015 04:12:03
[2015.11.01-19.09.23:106][  0]LogInit: Compiled with Visual C++: 18.00.21005.01
[2015.11.01-19.09.23:107][  0]LogInit: Build Configuration: Development
[2015.11.01-19.09.23:107][  0]LogInit: Branch Name: ++depot+UE4-Releases+4.9
[2015.11.01-19.09.23:107][  0]LogInit: Command line:  
[2015.11.01-19.09.23:107][  0]LogInit: Base directory: F:/Program Files/Unreal/Epic Games/4.9/Engine/Binaries/Win64/
[2015.11.01-19.09.23:107][  0]LogInit: Rocket: 1
[2015.11.01-19.09.23:114][  0]LogInit: Using libcurl 7.41.0
[2015.11.01-19.09.23:114][  0]LogInit:  - built for x86_64-pc-win32
[2015.11.01-19.09.23:114][  0]LogInit:  - supports SSL with WinSSL
[2015.11.01-19.09.23:114][  0]LogInit:  - other features:
[2015.11.01-19.09.23:114][  0]LogInit:      CURL_VERSION_SSL
[2015.11.01-19.09.23:114][  0]LogInit:      CURL_VERSION_IPV6
[2015.11.01-19.09.23:114][  0]LogInit:      CURL_VERSION_ASYNCHDNS
[2015.11.01-19.09.23:114][  0]LogInit:      CURL_VERSION_LARGEFILE
[2015.11.01-19.09.23:114][  0]LogInit:      CURL_VERSION_IDN
[2015.11.01-19.09.23:114][  0]LogInit:  CurlRequestOptions (configurable via config and command line):
[2015.11.01-19.09.23:114][  0]LogInit:  - bVerifyPeer = true  - Libcurl will verify peer certificate
[2015.11.01-19.09.23:114][  0]LogInit:  - bUseHttpProxy = false  - Libcurl will NOT use HTTP proxy
[2015.11.01-19.09.23:114][  0]LogInit:  - bDontReuseConnections = false  - Libcurl will reuse connections
[2015.11.01-19.09.23:114][  0]LogInit:  - CertBundlePath = nullptr  - Libcurl will use whatever was configured at build time.
[2015.11.01-19.09.23:121][  0]LogInit: Presizing for 0 objects not considered by GC, pre-allocating 0 bytes.
[2015.11.01-19.09.23:126][  0]LogInit: Object subsystem initialized
[2015.11.01-19.09.23:127][  0]LogInit: Selected Device Profile: [Windows]
[2015.11.01-19.09.23:127][  0]LogInit: Applying CVar settings loaded from the selected device profile: [Windows]
[2015.11.01-19.09.23:133][  0]LogInit: Computer: ANDREW_2015
[2015.11.01-19.09.23:133][  0]LogInit: User: aehrlich92
[2015.11.01-19.09.23:133][  0]LogInit: CPU Page size=4096, Cores=4
[2015.11.01-19.09.23:133][  0]LogInit: High frequency timer resolution =3.984654 MHz
[2015.11.01-19.09.23:133][  0]LogMemory: Memory total: Physical=15.9GB (16GB approx)
[2015.11.01-19.09.23:133][  0]LogMemory: Platform Memory Stats for Windows
[2015.11.01-19.09.23:133][  0]LogMemory: Process Physical Memory: 53.86 MB used, 53.86 MB peak
[2015.11.01-19.09.23:133][  0]LogMemory: Process Virtual Memory: 55.40 MB used, 55.40 MB peak
[2015.11.01-19.09.23:133][  0]LogMemory: Physical Memory: 4656.11 MB used, 16322.88 MB total
[2015.11.01-19.09.23:133][  0]LogMemory: Virtual Memory: 364.35 MB used, 134217728.00 MB total
[2015.11.01-19.09.23:170][  0]LogTextLocalizationManager: No specific translations for ('en-US') exist, so ('en') translations will be used.
[2015.11.01-19.09.23:691][  0]LogD3D11RHI: Found D3D11 adapter 0: NVIDIA GeForce GTX 960 (Feature Level 11_0)
[2015.11.01-19.09.23:691][  0]LogD3D11RHI: Adapter has 1969MB of dedicated video memory, 0MB of dedicated system memory, and 8161MB of shared system memory, 2 output[s]
[2015.11.01-19.09.23:693][  0]LogD3D11RHI: Found D3D11 adapter 1: Microsoft Basic Render Driver (Feature Level 11_0)
[2015.11.01-19.09.23:693][  0]LogD3D11RHI: Adapter has 0MB of dedicated video memory, 0MB of dedicated system memory, and 8161MB of shared system memory, 0 output[s]
[2015.11.01-19.09.23:693][  0]LogD3D11RHI: Chosen D3D11 Adapter Id = 0
[2015.11.01-19.09.23:696][  0]LogD3D11RHI: !Direct3DDevice
[2015.11.01-19.09.23:696][  0]LogRHI: Texture pool is 1361 MB (70% of 1945 MB)
[2015.11.01-19.09.23:705][  0]LogD3D11RHI: Async texture creation enabled
[2015.11.01-19.09.23:719][  0]LogShaderCompilers: Guid format shader working directory is 14 characters bigger than the processId version (../../../../../../../My Media/UCF Documents/DIG 4725/Game-Files/SuperSpaceArmada/Intermediate/Shaders/WorkingDirectory/11436/).
[2015.11.01-19.09.23:720][  0]LogShaderCompilers: Cleaned the shader compiler working directory '../../../../../../../My Media/UCF Documents/DIG 4725/Game-Files/SuperSpaceArmada/Intermediate/Shaders/tmp/AB80619F4F61A778ADC9E2BDE1E81917/'.
[2015.11.01-19.09.23:720][  0]LogShaderCompilers:Display: Using Local Shader Compiler.
[2015.11.01-19.09.24:864][  0]LogTemp:Display: Loaded TP AllDesktopTargetPlatform
[2015.11.01-19.09.24:868][  0]LogTemp:Display: Loaded TP WindowsClientTargetPlatform
[2015.11.01-19.09.24:872][  0]LogTemp:Display: Loaded TP WindowsNoEditorTargetPlatform
[2015.11.01-19.09.24:876][  0]LogTemp:Display: Loaded TP WindowsServerTargetPlatform
[2015.11.01-19.09.24:879][  0]LogTemp:Display: Loaded TP WindowsTargetPlatform
[2015.11.01-19.09.24:882][  0]LogTemp:Display: Loaded TP AndroidTargetPlatform
[2015.11.01-19.09.24:885][  0]LogTemp:Display: Loaded TP Android_ASTCTargetPlatform
[2015.11.01-19.09.24:888][  0]LogTemp:Display: Loaded TP Android_ATCTargetPlatform
[2015.11.01-19.09.24:891][  0]LogTemp:Display: Loaded TP Android_DXTTargetPlatform
[2015.11.01-19.09.24:894][  0]LogTemp:Display: Loaded TP Android_ETC1TargetPlatform
[2015.11.01-19.09.24:897][  0]LogTemp:Display: Loaded TP Android_ETC2TargetPlatform
[2015.11.01-19.09.24:899][  0]LogTemp:Display: Loaded TP Android_PVRTCTargetPlatform
[2015.11.01-19.09.24:901][  0]LogTemp:Display: Loaded TP HTML5TargetPlatform
[2015.11.01-19.09.24:916][  0]LogTemp:Display: Loaded TP IOSTargetPlatform
[2015.11.01-19.09.24:919][  0]LogTemp:Display: Loaded TP LinuxNoEditorTargetPlatform
[2015.11.01-19.09.24:922][  0]LogTemp:Display: Loaded TP LinuxServerTargetPlatform
[2015.11.01-19.09.24:926][  0]LogTemp:Display: Loaded TP LinuxTargetPlatform
[2015.11.01-19.09.24:926][  0]LogTargetPlatformManager:Display: Building Assets For Windows
[2015.11.01-19.09.24:984][  0]LogDerivedDataCache:Display: Max Cache Size: 512 MB
[2015.11.01-19.09.25:014][  0]LogDerivedDataCache: Loaded boot cache 0.03s 41MB C:/Users/aehrlich92/AppData/Local/UnrealEngine/4.9/DerivedDataCache/Boot.ddc.
[2015.11.01-19.09.25:014][  0]LogDerivedDataCache:Display: Loaded Boot cache: C:/Users/aehrlich92/AppData/Local/UnrealEngine/4.9/DerivedDataCache/Boot.ddc
[2015.11.01-19.09.25:014][  0]LogDerivedDataCache: FDerivedDataBackendGraph:  Pak pak cache file ../../../../../../../My Media/UCF Documents/DIG 4725/Game-Files/SuperSpaceArmada/DerivedDataCache/DDC.ddp not found, will not use a pak cache.
[2015.11.01-19.09.25:014][  0]LogDerivedDataCache: Unable to find inner node Pak for hierarchical cache Hierarchy.
[2015.11.01-19.09.25:014][  0]LogDerivedDataCache: FDerivedDataBackendGraph:  CompressedPak pak cache file ../../../../../../../My Media/UCF Documents/DIG 4725/Game-Files/SuperSpaceArmada/DerivedDataCache/Compressed.ddp not found, will not use a pak cache.
[2015.11.01-19.09.25:014][  0]LogDerivedDataCache: Unable to find inner node CompressedPak for hierarchical cache Hierarchy.
[2015.11.01-19.09.25:111][  0]LogDerivedDataCache:Display: Pak cache opened for reading ../../../Engine/DerivedDataCache/Compressed.ddp.
[2015.11.01-19.09.25:122][  0]LogDerivedDataCache: Using Local data cache path C:/Users/aehrlich92/AppData/Local/UnrealEngine/Common/DerivedDataCache: Writable
[2015.11.01-19.09.25:236][  0]LogInit: Selected Device Profile: [Windows]
[2015.11.01-19.09.25:237][  0]LogContentStreaming: Texture pool size is 0.000000MB
[2015.11.01-19.09.25:317][  0]LogMeshUtilities: No automatic mesh reduction module available
[2015.11.01-19.09.25:317][  0]LogMeshUtilities: No automatic mesh merging module available
[2015.11.01-19.09.25:482][  0]LogInit: WinSock: version 1.1 (2.2), MaxSocks=32767, MaxUdp=65467
[2015.11.01-19.09.25:959][  0]LogAssetRegistry: FAssetRegistry took 0.0104 seconds to start up
[2015.11.01-19.09.25:967][  0]UdpMessaging: Initializing bridge on interface 0.0.0.0:0 to multicast group 230.0.0.1:6666.
[2015.11.01-19.09.26:140][  0]SourceControl: Info Source control is disabled
[2015.11.01-19.09.26:147][  0]SourceControl: Info Source control is disabled
[2015.11.01-19.09.26:154][  0]SourceControl: Info Source control is disabled
[2015.11.01-19.09.26:160][  0]SourceControl: Info Source control is disabled
[2015.11.01-19.09.26:243][  0]LogLinker:Warning: Asset '../../../Engine/Plugins/Runtime/LeapMotionController/Content/LM_PassthroughMaterial.uasset' has been saved with empty engine version. The asset will be loaded but may be incompatible.
[2015.11.01-19.09.26:296][  0]LogObj: 28528 objects as part of root set at end of initial load.
[2015.11.01-19.09.26:296][  0]LogUObjectAllocator: 6068464 out of 0 bytes used by permanent object pool.
[2015.11.01-19.09.26:339][  0]LogEngine: Initializing Engine...
[2015.11.01-19.09.26:341][  0]LogHMD: Can't find Oculus library dev build: is proper Runtime installed? Version: 0.7.0.0
[2015.11.01-19.09.26:342][  0]LogHMD: SteamVR failed to initialize.  Err: 110
[2015.11.01-19.09.26:423][  0]LogAIModule: Creating AISystem for world NewWorld
[2015.11.01-19.09.26:430][  0]LogInit: XAudio2 using 'Speakers (Realtek High Definition Audio)' : 8 channels at 48 kHz using 32 bits per sample (channel mask 0x63f)
[2015.11.01-19.09.26:439][  0]LogInit: FAudioDevice initialized.
[2015.11.01-19.09.26:453][  0]LogDerivedDataCache: Saved boot cache 0.01s 41MB C:/Users/aehrlich92/AppData/Local/UnrealEngine/4.9/DerivedDataCache/Boot.ddc.
[2015.11.01-19.09.26:456][  0]LogInit: Texture streaming: Enabled
[2015.11.01-19.09.26:460][  0]LogAnalytics: Creating configured Analytics provider AnalyticsET
[2015.11.01-19.09.26:460][  0]LogAnalytics: [UEEditor.Rocket.Release] APIServer = http://et2.epicgames.com/ET2/. AppVersion = 4.9.1-2689999+++depot+UE4-Releases+4.9
[2015.11.01-19.09.26:460][  0]LogAnalytics: [UEEditor.Rocket.Release] SetUserId 7bdbd2584788e6e37f918c9187bab22c|b300224d71e64562a5bff06c2aaa78f8|45aed112-7b58-41bf-9eba-b8dcb7f9dd12
[2015.11.01-19.09.26:460][  0]LogAnalytics: [UEEditor.Rocket.Release] AnalyticsET::StartSession
[2015.11.01-19.09.26:487][  0]LogInit: Transaction tracking system initialized
[2015.11.01-19.09.26:507][  0]BlueprintLog: New page: Editor Load
[2015.11.01-19.09.26:563][  0]LocalizationService: Info Localization service is disabled
[2015.11.01-19.09.26:616][  0]LogConsoleResponse:Display: 
[2015.11.01-19.09.26:695][  0]LogCook:Display: Done creating registry. It took  0.00s.
[2015.11.01-19.09.26:729][  0]LogFileCache: Scanning file cache for directory 'F:/My Media/UCF Documents/DIG 4725/Game-Files/SuperSpaceArmada/Content/' took 0.01s
[2015.11.01-19.09.26:729][  0]SourceControl: Info Source control is disabled
[2015.11.01-19.09.26:729][  0]Cmd: MAP LOAD FILE="../../../../../../../My Media/UCF Documents/DIG 4725/Game-Files/SuperSpaceArmada/Content/SSA/Maps/Home_Kratakos.umap" TEMPLATE=0 SHOWPROGRESS=1 FEATURELEVEL=3
[2015.11.01-19.09.26:729][  0]LightingResults: New page: Lighting Build
[2015.11.01-19.09.26:731][  0]MapCheck: New page: Map Check
[2015.11.01-19.09.26:731][  0]LightingResults: New page: Lighting Build
[2015.11.01-19.09.26:740][  0]LogParticles: Destroying 0 GPU particle simulations for FXSystem 0x000000648F595620
[2015.11.01-19.09.26:788][  0]LogLinker:Warning: Asset '../../../../../../../My Media/UCF Documents/DIG 4725/Game-Files/SuperSpaceArmada/Content/Mannequin/Animations/ThirdPerson_AnimBP.uasset' has been saved with empty engine version. The asset will be loaded but may be incompatible.
[2015.11.01-19.09.26:789][  0]LogLinker:Warning: Asset '../../../../../../../My Media/UCF Documents/DIG 4725/Game-Files/SuperSpaceArmada/Content/Mannequin/Animations/ThirdPerson_Jump.uasset' has been saved with empty engine version. The asset will be loaded but may be incompatible.
[2015.11.01-19.09.26:790][  0]LogLinker:Warning: Asset '../../../../../../../My Media/UCF Documents/DIG 4725/Game-Files/SuperSpaceArmada/Content/Mannequin/Animations/ThirdPersonJump_Loop.uasset' has been saved with empty engine version. The asset will be loaded but may be incompatible.
[2015.11.01-19.09.26:791][  0]LogLinker:Warning: Asset '../../../../../../../My Media/UCF Documents/DIG 4725/Game-Files/SuperSpaceArmada/Content/Mannequin/Animations/ThirdPersonJump_Start.uasset' has been saved with empty engine version. The asset will be loaded but may be incompatible.
[2015.11.01-19.09.26:792][  0]LogLinker:Warning: Asset '../../../../../../../My Media/UCF Documents/DIG 4725/Game-Files/SuperSpaceArmada/Content/Mannequin/Animations/ThirdPerson_IdleRun_2D.uasset' has been saved with empty engine version. The asset will be loaded but may be incompatible.
[2015.11.01-19.09.26:792][  0]LogLinker:Warning: Asset '../../../../../../../My Media/UCF Documents/DIG 4725/Game-Files/SuperSpaceArmada/Content/Mannequin/Animations/ThirdPersonIdle.uasset' has been saved with empty engine version. The asset will be loaded but may be incompatible.
[2015.11.01-19.09.26:793][  0]LogLinker:Warning: Asset '../../../../../../../My Media/UCF Documents/DIG 4725/Game-Files/SuperSpaceArmada/Content/Mannequin/Animations/ThirdPersonRun.uasset' has been saved with empty engine version. The asset will be loaded but may be incompatible.
[2015.11.01-19.09.26:794][  0]LogLinker:Warning: Asset '../../../../../../../My Media/UCF Documents/DIG 4725/Game-Files/SuperSpaceArmada/Content/Mannequin/Animations/ThirdPersonWalk.uasset' has been saved with empty engine version. The asset will be loaded but may be incompatible.
[2015.11.01-19.09.27:652][  0]LogBlueprint:Warning: [HUD] CreatePinForVariable: 'ReloadVariables' variable not found. Base class was probably changed.
[2015.11.01-19.09.27:652][  0]LogBlueprint:Warning: [HUD] CreatePinForVariable: 'ReloadVariables' variable not found. Base class was probably changed.
[2015.11.01-19.09.27:652][  0]LogBlueprint:Warning: [HUD] CreatePinForVariable: 'ReloadVariables' variable not found. Base class was probably changed.
[2015.11.01-19.09.27:652][  0]LogBlueprint:Warning: [HUD] CreatePinForVariable: 'ReloadVariables' variable not found. Base class was probably changed.
[2015.11.01-19.09.27:657][  0]LogBlueprint:Warning: [compiler HUD] Warning Could not find a variable named "ReloadVariables" in 'SSAGameInstance_C'.
Make sure 'SSAGameInstance_C' has been compiled for  Set ReloadVariables 
[2015.11.01-19.09.27:657][  0]LogBlueprint:Warning: [compiler HUD] Warning Could not find a variable named "ReloadVariables" in 'SSAGameInstance_C'.
Make sure 'SSAGameInstance_C' has been compiled for  Set ReloadVariables 
[2015.11.01-19.09.27:658][  0]LogBlueprint:Error: [compiler HUD] Error The property associated with  Reload Variables  could not be found
[2015.11.01-19.09.27:658][  0]LogBlueprint:Error: [compiler HUD] Error The property associated with  Reload Variables  could not be found
[2015.11.01-19.09.27:665][  0]LogBlueprint:Warning: [compiler HUD] Warning [0004.99] Compile of HUD failed. 2 Fatal Issue(s) 2 Warning(s) [in 11 ms]
[2015.11.01-19.09.27:667][  0]LogBlueprint:Warning: [compiler HUD] Warning [0005.00] Compile of HUD failed. 2 Fatal Issue(s) 3 Warning(s) [in 1 ms]
[2015.11.01-19.09.27:667][  0]LogBlueprint:Warning: [compiler HUD] Warning [0005.00] Compile of HUD failed. 2 Fatal Issue(s) 4 Warning(s) [in 0 ms]
[2015.11.01-19.09.27:740][  0]LogBlueprint:Error: Broken Node: K2Node_CallFunction /Game/SSA/Blueprints/Objects/Debris.Debris:Debris Collision func.K2Node_CallFunction_3036 keeps removed/invalid pin: EdGraphPin /Game/SSA/Blueprints/Objects/Debris.Debris:Debris Collision func.K2Node_CallFunction_3036.EdGraphPin_189478. Try refresh all nodes.
[2015.11.01-19.09.27:740][  0]LogBlueprint:Error: Broken Node: K2Node_CallFunction /Game/SSA/Blueprints/Objects/Debris.Debris:Debris Collision func.K2Node_CallFunction_2761 keeps removed/invalid pin: EdGraphPin /Game/SSA/Blueprints/Objects/Debris.Debris:Debris Collision func.K2Node_CallFunction_2761.EdGraphPin_189448. Try refresh all nodes.
[2015.11.01-19.09.27:967][  0]LogBlueprint:Error: Broken Node: K2Node_CallFunction /Game/SSA/Blueprints/Objects/Debris.Debris:Debris Collision func.K2Node_CallFunction_2761 keeps removed/invalid pin: EdGraphPin /Game/SSA/Blueprints/Objects/Debris.Debris:Debris Collision func.K2Node_CallFunction_2761.EdGraphPin_189448. Try refresh all nodes.
[2015.11.01-19.09.27:968][  0]LogBlueprint:Error: Broken Node: K2Node_CallFunction /Game/SSA/Blueprints/Objects/Debris.Debris:Debris Collision func.K2Node_CallFunction_3036 keeps removed/invalid pin: EdGraphPin /Game/SSA/Blueprints/Objects/Debris.Debris:Debris Collision func.K2Node_CallFunction_3036.EdGraphPin_189478. Try refresh all nodes.
[2015.11.01-19.09.28:406][  0]LogLinker:Warning: Can't find file '/Game/Geometry/Meshes/1M_Cube'
[2015.11.01-19.09.28:406][  0]LogLinker:Warning: Can't find file for asset '/Game/Geometry/Meshes/1M_Cube' while loading ../../../../../../../My Media/UCF Documents/DIG 4725/Game-Files/SuperSpaceArmada/Content/SSA/Blueprints/Objects/Crystal_Spawner.uasset.
[2015.11.01-19.09.28:406][  0]LoadErrors:Error: Error /Game/SSA/Blueprints/Objects/Crystal_Spawner : Can't find file for asset. /Game/Geometry/Meshes/1M_Cube
[2015.11.01-19.09.28:406][  0]LogLinker:Warning: Can't find file '/Game/Geometry/Meshes/1M_Cube'
[2015.11.01-19.09.28:407][  0]LogLinker:Warning: Can't find file for asset '/Game/Geometry/Meshes/1M_Cube' while loading ../../../../../../../My Media/UCF Documents/DIG 4725/Game-Files/SuperSpaceArmada/Content/SSA/Blueprints/Objects/Crystal_Spawner.uasset.
[2015.11.01-19.09.28:407][  0]LoadErrors:Error: Error /Game/SSA/Blueprints/Objects/Crystal_Spawner : Can't find file for asset. /Game/Geometry/Meshes/1M_Cube
[2015.11.01-19.09.28:408][  0]LogLinker:Warning: Can't find file '/Game/Geometry/Meshes/1M_Cube'
[2015.11.01-19.09.28:408][  0]LogLinker:Warning: Can't find file for asset '/Game/Geometry/Meshes/1M_Cube' while loading ../../../../../../../My Media/UCF Documents/DIG 4725/Game-Files/SuperSpaceArmada/Content/SSA/Maps/Home_Kratakos.umap.
[2015.11.01-19.09.28:408][  0]LoadErrors:Error: Error /Game/SSA/Maps/Home_Kratakos : Can't find file for asset. /Game/Geometry/Meshes/1M_Cube
[2015.11.01-19.09.28:408][  0]LogLinker:Warning: Can't find file '/Game/Geometry/Meshes/1M_Cube'
[2015.11.01-19.09.28:408][  0]LogLinker:Warning: Can't find file for asset '/Game/Geometry/Meshes/1M_Cube' while loading ../../../../../../../My Media/UCF Documents/DIG 4725/Game-Files/SuperSpaceArmada/Content/SSA/Maps/Home_Kratakos.umap.
[2015.11.01-19.09.28:408][  0]LoadErrors:Error: Error /Game/SSA/Maps/Home_Kratakos : Can't find file for asset. /Game/Geometry/Meshes/1M_Cube
[2015.11.01-19.09.28:408][  0]LogLinker:Warning: Can't find file '/Game/Geometry/Meshes/1M_Cube'
[2015.11.01-19.09.28:408][  0]LoadErrors: Info Failed to load /Game/Geometry/Meshes/1M_Cube.1M_Cube Referenced by StaticMeshComponent0
[2015.11.01-19.09.28:408][  0]LogLinker:Warning: Can't find file for asset '/Game/Geometry/Meshes/1M_Cube' while loading ../../../../../../../My Media/UCF Documents/DIG 4725/Game-Files/SuperSpaceArmada/Content/SSA/Maps/Home_Kratakos.umap.
[2015.11.01-19.09.28:408][  0]LoadErrors: Info Failed to load /Game/Geometry/Meshes/1M_Cube.1M_Cube Referenced by StaticMeshComponent0
[2015.11.01-19.09.28:408][  0]LoadErrors:Error: Error /Game/SSA/Maps/Home_Kratakos : Can't find file for asset. /Game/Geometry/Meshes/1M_Cube
[2015.11.01-19.09.29:075][  0]LogAIModule: Creating AISystem for world Home_Kratakos
[2015.11.01-19.09.29:080][  0]LogEditorServer: Finished looking for orphan Actors (0.000 secs)
[2015.11.01-19.09.29:080][  0]Cmd: MAP CHECKDEP NOCLEARLOG
[2015.11.01-19.09.29:133][  0]MapCheck: Info Map check complete: 0 Error(s), 0 Warning(s), took 53.007ms to complete.
[2015.11.01-19.09.29:133][  0]LogFileHelpers: Loading map 'Home_Kratakos' took 2.404
[2015.11.01-19.09.29:224][  0]LogCollectionManager: Loaded 0 collections in 0.001045 seconds
[2015.11.01-19.09.29:264][  0]LogFileCache: Scanning file cache for directory 'F:/My Media/UCF Documents/DIG 4725/Game-Files/SuperSpaceArmada/Saved/Collections/' took 0.01s
[2015.11.01-19.09.29:264][  0]LogFileCache: Scanning file cache for directory 'F:/My Media/UCF Documents/DIG 4725/Game-Files/SuperSpaceArmada/Content/Developers/aehrlich92/Collections/' took 0.01s
[2015.11.01-19.09.29:264][  0]LogFileCache: Scanning file cache for directory 'F:/My Media/UCF Documents/DIG 4725/Game-Files/SuperSpaceArmada/Content/Collections/' took 0.01s
[2015.11.01-19.09.29:264][  0]LogContentBrowser: Native class hierarchy populated in 0.0056 seconds. Added 1882 classes and 339 folders.
[2015.11.01-19.09.29:268][  0]LogCollectionManager: Rebuilt the GUID cache for 0 collections in 0.000002 seconds
[2015.11.01-19.09.29:271][  0]LogContentBrowser: Native class hierarchy updated for 'WidgetCarousel' in 0.0002 seconds. Added 0 classes and 0 folders.
[2015.11.01-19.09.29:297][  0]LogContentBrowser: Native class hierarchy updated for 'AddContentDialog' in 0.0002 seconds. Added 0 classes and 0 folders.
[2015.11.01-19.09.29:300][  0]LogContentBrowser: Native class hierarchy updated for 'SceneOutliner' in 0.0002 seconds. Added 1 classes and 2 folders.
[2015.11.01-19.09.29:322][  0]LogCrashTracker: Crashtracker disabled due to settings.
[2015.11.01-19.09.29:325][  0]LogUObjectGlobals:Warning: Failed to find object 'Class None.'
[2015.11.01-19.09.29:346][  0]LogLoad: Full Startup: 6.68 seconds (BP compile: 0.78 seconds)
[2015.11.01-19.09.29:355][  0]LoadErrors:Error: Error /Game/SSA/Blueprints/Player : Failed import for Player_C /Game/SSA/Blueprints/Player/Player.Default__Player_C
[2015.11.01-19.09.29:397][  0]LogContentStreaming: Texture pool size now 1000 MB
[2015.11.01-19.09.29:495][  0]LogRenderer: Reallocating scene render targets to support 1208x584 (Frame:2).
[2015.11.01-19.09.29:904][ 13]LogAssetRegistry: Asset discovery search completed in 3.9554 seconds
[2015.11.01-19.09.29:904][ 13]LogCollectionManager: Rebuilt the object cache for 0 collections in 0.000000 seconds (found 0 objects)
[2015.11.01-19.09.29:904][ 13]LogCollectionManager: Fixed up redirectors for 0 collections in 0.000015 seconds (updated 0 objects)
[2015.11.01-19.09.36:745][655]LogLinker:Warning: Asset '../../../Engine/Content/ArtTools/RenderToTexture/Macros/RenderToTextureMacros.uasset' has been saved with empty engine version. The asset will be loaded but may be incompatible.
[2015.11.01-19.09.37:089][655]LogContentBrowser: Native class hierarchy updated for 'BlueprintGraph' in 0.0005 seconds. Added 107 classes and 0 folders.
[2015.11.01-19.09.41:244][  0]LogSlate:Warning: Prevented a slow task dialog from being summoned while a context menu was open
[2015.11.01-19.09.42:737][129]LogActorComponent: UnregisterComponent: (/Engine/Transient.CharMoveComp) Not registered. Aborting.
[2015.11.01-19.09.42:738][129]LogActorComponent: UnregisterComponent: (/Engine/Transient.CharacterMovementComponent_0) Not registered. Aborting.
[2015.11.01-19.09.42:738][129]LogActorComponent: UnregisterComponent: (/Engine/Transient.CharacterMovementComponent_1) Not registered. Aborting.
[2015.11.01-19.09.42:738][129]LogActorComponent: UnregisterComponent: (/Engine/Transient.CharacterMovementComponent_2) Not registered. Aborting.
[2015.11.01-19.09.42:738][129]LogActorComponent: UnregisterComponent: (/Engine/Transient.CharacterMovementComponent_3) Not registered. Aborting.
[2015.11.01-19.09.42:738][129]LogActorComponent: UnregisterComponent: (/Engine/Transient.CharacterMovementComponent_4) Not registered. Aborting.
[2015.11.01-19.09.42:738][129]LogActorComponent: UnregisterComponent: (/Engine/Transient.CharacterMovementComponent_5) Not registered. Aborting.
[2015.11.01-19.09.42:959][129]LogSavePackage: Save=108.222694ms
[2015.11.01-19.09.42:959][129]LogSavePackage: Moving '../../../../../../../My Media/UCF Documents/DIG 4725/Game-Files/SuperSpaceArmada/Saved/Player_Cephalon6E8749A2462035E56C11C08913B260FD.tmp' to '../../../../../../../My Media/UCF Documents/DIG 4725/Game-Files/SuperSpaceArmada/Content/SSA/Blueprints/Player_Ships/Player_Cephalon.uasset'
[2015.11.01-19.09.42:960][129]LogSavePackage: Total save time: 109.959610ms
[2015.11.01-19.09.42:960][129]LogSavePackage:Warning: Finished SavePackage ../../../../../../../My Media/UCF Documents/DIG 4725/Game-Files/SuperSpaceArmada/Content/SSA/Blueprints/Player_Ships/Player_Cephalon.uasset
[2015.11.01-19.09.57:694][722]LogActorComponent: UnregisterComponent: (/Engine/Transient.CharMoveComp) Not registered. Aborting.
[2015.11.01-19.09.58:905][853]LogActorComponent: UnregisterComponent: (/Engine/Transient.CharacterMovementComponent_6) Not registered. Aborting.
[2015.11.01-19.09.59:073][853]LogSavePackage: Save=107.267029ms
[2015.11.01-19.09.59:073][853]LogSavePackage: Moving '../../../../../../../My Media/UCF Documents/DIG 4725/Game-Files/SuperSpaceArmada/Saved/Player_CephalonE2CBD4DA437D60301BE498A317330B0C.tmp' to '../../../../../../../My Media/UCF Documents/DIG 4725/Game-Files/SuperSpaceArmada/Content/SSA/Blueprints/Player_Ships/Player_Cephalon.uasset'
[2015.11.01-19.09.59:074][853]LogSavePackage: Total save time: 109.185390ms
[2015.11.01-19.09.59:075][853]LogSavePackage:Warning: Finished SavePackage ../../../../../../../My Media/UCF Documents/DIG 4725/Game-Files/SuperSpaceArmada/Content/SSA/Blueprints/Player_Ships/Player_Cephalon.uasset
[2015.11.01-19.09.59:579][911]BlueprintLog: New page: Compile Player_Cephalon
[2015.11.01-19.09.59:688][911]LogActorComponent: UnregisterComponent: (/Engine/Transient.CharMoveComp) Not registered. Aborting.
[2015.11.01-19.09.59:718][911]BlueprintEditorCompileResults: Info [0037.05] Compile of Player_Cephalon successful! [in 138 ms]
[2015.11.01-19.10.06:361][658]LogBlueprintUserMessages: Early PlayInEditor Detection: Level '/Game/SSA/Maps/Home_Kratakos.Home_Kratakos:PersistentLevel' has LevelScriptBlueprint '/Game/SSA/Maps/Home_Kratakos.Home_Kratakos:PersistentLevel.Home_Kratakos' with GeneratedClass '/Game/SSA/Maps/Home_Kratakos.Home_Kratakos_C' with ClassGeneratedBy '/Game/SSA/Maps/Home_Kratakos.Home_Kratakos:PersistentLevel.Home_Kratakos'
[2015.11.01-19.10.06:361][658]LogPlayLevel: PlayLevel: No blueprints needed recompiling
[2015.11.01-19.10.07:634][658]PIE: New page: PIE session: Home_Kratakos (Nov 1, 2015, 9:10:07 AM)
[2015.11.01-19.10.07:634][658]LogPlayLevel: Creating play world package: /Game/SSA/Maps/UEDPIE_0_Home_Kratakos
[2015.11.01-19.10.07:650][658]LogPlayLevel: PIE: StaticDuplicateObject took: (0.015791s)
[2015.11.01-19.10.07:650][658]LogAIModule: Creating AISystem for world Home_Kratakos
[2015.11.01-19.10.07:650][658]LogPlayLevel: PIE: World Init took: (0.000707s)
[2015.11.01-19.10.07:651][658]LogPlayLevel: PIE: Created PIE world by copying editor world from /Game/SSA/Maps/Home_Kratakos.Home_Kratakos to /Game/SSA/Maps/UEDPIE_0_Home_Kratakos.Home_Kratakos (0.016710s)
[2015.11.01-19.10.07:651][658]LogActorComponent: UnregisterComponent: (/Engine/Transient.CharMoveComp) Not registered. Aborting.
[2015.11.01-19.10.07:651][658]LogActorComponent: UnregisterComponent: (/Engine/Transient.CharacterMovementComponent_7) Not registered. Aborting.
[2015.11.01-19.10.07:651][658]LogActorComponent: UnregisterComponent: (/Engine/Transient.CharacterMovementComponent_8) Not registered. Aborting.
[2015.11.01-19.10.07:652][658]LogActorComponent: UnregisterComponent: (/Engine/Transient.CharacterMovementComponent_9) Not registered. Aborting.
[2015.11.01-19.10.07:652][658]LogActorComponent: UnregisterComponent: (/Engine/Transient.CharacterMovementComponent_10) Not registered. Aborting.
[2015.11.01-19.10.07:679][658]LogInit: XAudio2 using 'Speakers (Realtek High Definition Audio)' : 8 channels at 48 kHz using 32 bits per sample (channel mask 0x63f)
[2015.11.01-19.10.07:685][658]LogInit: FAudioDevice initialized.
[2015.11.01-19.10.07:728][658]LogWorld: Game class is 'TopDownGameMode_C'
[2015.11.01-19.10.07:732][658]LogWorld:Warning: *** WARNING - PATHS MAY NOT BE VALID ***
[2015.11.01-19.10.07:732][658]LogWorld: Bringing World /Game/SSA/Maps/UEDPIE_0_Home_Kratakos.Home_Kratakos up for play (max tick rate 0) at 2015.11.01-14.10.07
[2015.11.01-19.10.07:732][658]LogActor:Warning: GameSession /Game/SSA/Maps/UEDPIE_0_Home_Kratakos.Home_Kratakos:PersistentLevel.GameSession_0 has natively added scene component(s), but none of them were set as the actor's RootComponent - picking one arbitrarily
[2015.11.01-19.10.07:732][658]LogActor:Warning: GameNetworkManager /Game/SSA/Maps/UEDPIE_0_Home_Kratakos.Home_Kratakos:PersistentLevel.GameNetworkManager_0 has natively added scene component(s), but none of them were set as the actor's RootComponent - picking one arbitrarily
[2015.11.01-19.10.07:733][658]LogWorld: Bringing up level for play took: 0.003819
[2015.11.01-19.10.07:736][658]PIE: Info Play in editor start time for /Game/SSA/Maps/UEDPIE_0_Home_Kratakos 1.563
[2015.11.01-19.10.07:736][658]LogBlueprintUserMessages: Late PlayInEditor Detection: Level '/Game/SSA/Maps/Home_Kratakos.Home_Kratakos:PersistentLevel' has LevelScriptBlueprint '/Game/SSA/Maps/Home_Kratakos.Home_Kratakos:PersistentLevel.Home_Kratakos' with GeneratedClass '/Game/SSA/Maps/Home_Kratakos.Home_Kratakos_C' with ClassGeneratedBy '/Game/SSA/Maps/Home_Kratakos.Home_Kratakos:PersistentLevel.Home_Kratakos'
[2015.11.01-19.10.09:346][849]LogScript:Warning: Divide by zero: Divide_FloatFloat
[2015.11.01-19.10.09:780][901]LogBlueprintUserMessages: Early EndPlayMap Detection: Level '/Game/SSA/Maps/Home_Kratakos.Home_Kratakos:PersistentLevel' has LevelScriptBlueprint '/Game/SSA/Maps/Home_Kratakos.Home_Kratakos:PersistentLevel.Home_Kratakos' with GeneratedClass '/Game/SSA/Maps/Home_Kratakos.Home_Kratakos_C' with ClassGeneratedBy '/Game/SSA/Maps/Home_Kratakos.Home_Kratakos:PersistentLevel.Home_Kratakos'
[2015.11.01-19.10.09:813][901]LogBlueprintUserMessages: Late EndPlayMap Detection: Level '/Game/SSA/Maps/Home_Kratakos.Home_Kratakos:PersistentLevel' has LevelScriptBlueprint '/Game/SSA/Maps/Home_Kratakos.Home_Kratakos:PersistentLevel.Home_Kratakos' with GeneratedClass '/Game/SSA/Maps/Home_Kratakos.Home_Kratakos_C' with ClassGeneratedBy '/Game/SSA/Maps/Home_Kratakos.Home_Kratakos:PersistentLevel.Home_Kratakos'
[2015.11.01-19.10.09:833][901]LogParticles: Destroying 0 GPU particle simulations for FXSystem 0x00000064D4FDA8E0
[2015.11.01-19.10.26:658][674]LogBlueprintUserMessages: CustomizeDetails for Blueprint 'HUD', cached variable property's owner is '/Game/SSA/Blueprints/SSAGameInstance.SSAGameInstance_C'
[2015.11.01-19.10.28:424][884]LogBlueprintUserMessages: CustomizeDetails for Blueprint 'HUD', cached variable property's owner is '/Game/SSA/Blueprints/SSAGameInstance.SSAGameInstance_C'
[2015.11.01-19.10.34:430][579]LogBlueprintUserMessages: CustomizeDetails for Blueprint 'HUD', cached variable property's owner is '/Game/SSA/Blueprints/SSAGameInstance.SSAGameInstance_C'
[2015.11.01-19.10.46:450][978]LogBlueprintUserMessages: CustomizeDetails for Blueprint 'HUD', cached variable property's owner is '/Game/SSA/Blueprints/SSAGameInstance.SSAGameInstance_C'
[2015.11.01-19.10.53:312][792]LogActorComponent: UnregisterComponent: (/Engine/Transient.CharMoveComp) Not registered. Aborting.
[2015.11.01-19.10.53:312][792]LogActorComponent: UnregisterComponent: (/Engine/Transient.CharacterMovementComponent_11) Not registered. Aborting.
[2015.11.01-19.10.53:312][792]LogActorComponent: UnregisterComponent: (/Engine/Transient.CharacterMovementComponent_12) Not registered. Aborting.
[2015.11.01-19.10.53:312][792]LogActorComponent: UnregisterComponent: (/Engine/Transient.CharacterMovementComponent_13) Not registered. Aborting.
[2015.11.01-19.10.53:312][792]LogActorComponent: UnregisterComponent: (/Engine/Transient.CharacterMovementComponent_14) Not registered. Aborting.
[2015.11.01-19.10.53:313][792]LogActorComponent: UnregisterComponent: (/Engine/Transient.CharacterMovementComponent_15) Not registered. Aborting.
[2015.11.01-19.10.53:313][792]LogActorComponent: UnregisterComponent: (/Engine/Transient.CharacterMovementComponent_16) Not registered. Aborting.
[2015.11.01-19.10.53:354][792]Cmd: OBJ SAVEPACKAGE PACKAGE="/Game/SSA/Blueprints/Menues/HUD" FILE="../../../../../../../My Media/UCF Documents/DIG 4725/Game-Files/SuperSpaceArmada/Content/SSA/Blueprints/Menues/HUD.uasset" SILENT=true
[2015.11.01-19.10.53:393][792]LogSavePackage: Save=36.396885ms
[2015.11.01-19.10.53:393][792]LogSavePackage: Moving '../../../../../../../My Media/UCF Documents/DIG 4725/Game-Files/SuperSpaceArmada/Saved/HUDA8ADB7D8496A8A582334AE8F3830C0AB.tmp' to '../../../../../../../My Media/UCF Documents/DIG 4725/Game-Files/SuperSpaceArmada/Content/SSA/Blueprints/Menues/HUD.uasset'
[2015.11.01-19.10.53:394][792]LogSavePackage: Total save time: 40.063702ms
[2015.11.01-19.10.53:394][792]LogSavePackage:Warning: Finished SavePackage ../../../../../../../My Media/UCF Documents/DIG 4725/Game-Files/SuperSpaceArmada/Content/SSA/Blueprints/Menues/HUD.uasset
[2015.11.01-19.10.54:205][888]BlueprintLog: New page: Compile HUD
[2015.11.01-19.10.54:286][888]BlueprintEditorCompileResults: Info [0091.62] Compile of HUD successful! [in 81 ms]
[2015.11.01-19.11.02:737][839]LoadErrors:Error: Error /Game/SSA/Blueprints/Player_Ships/Player_Cephalon : Failed import for ObjectProperty /Game/SSA/Blueprints/Player_Ships/Player.Player_C:FirstAtk
[2015.11.01-19.11.13:341][974]LogParticles: Destroying 0 GPU particle simulations for FXSystem 0x00000064952A9A80
[2015.11.01-19.11.13:352][975]LogParticles: Destroying 0 GPU particle simulations for FXSystem 0x00000064952A9F80
[2015.11.01-19.11.14:043][ 55]LogBlueprintUserMessages: Early PlayInEditor Detection: Level '/Game/SSA/Maps/Home_Kratakos.Home_Kratakos:PersistentLevel' has LevelScriptBlueprint '/Game/SSA/Maps/Home_Kratakos.Home_Kratakos:PersistentLevel.Home_Kratakos' with GeneratedClass '/Game/SSA/Maps/Home_Kratakos.Home_Kratakos_C' with ClassGeneratedBy '/Game/SSA/Maps/Home_Kratakos.Home_Kratakos:PersistentLevel.Home_Kratakos'
[2015.11.01-19.11.14:043][ 55]LogPlayLevel: PlayLevel: No blueprints needed recompiling
[2015.11.01-19.11.14:043][ 55]PIE: New page: PIE session: Home_Kratakos (Nov 1, 2015, 9:11:14 AM)
[2015.11.01-19.11.14:043][ 55]LogPlayLevel: Creating play world package: /Game/SSA/Maps/UEDPIE_0_Home_Kratakos
[2015.11.01-19.11.14:060][ 55]LogPlayLevel: PIE: StaticDuplicateObject took: (0.015895s)
[2015.11.01-19.11.14:060][ 55]LogAIModule: Creating AISystem for world Home_Kratakos
[2015.11.01-19.11.14:060][ 55]LogPlayLevel: PIE: World Init took: (0.000583s)
[2015.11.01-19.11.14:061][ 55]LogPlayLevel: PIE: Created PIE world by copying editor world from /Game/SSA/Maps/Home_Kratakos.Home_Kratakos to /Game/SSA/Maps/UEDPIE_0_Home_Kratakos.Home_Kratakos (0.016665s)
[2015.11.01-19.11.14:088][ 55]LogInit: XAudio2 using 'Speakers (Realtek High Definition Audio)' : 8 channels at 48 kHz using 32 bits per sample (channel mask 0x63f)
[2015.11.01-19.11.14:093][ 55]LogInit: FAudioDevice initialized.
[2015.11.01-19.11.14:132][ 55]LogWorld: Game class is 'TopDownGameMode_C'
[2015.11.01-19.11.14:135][ 55]LogWorld:Warning: *** WARNING - PATHS MAY NOT BE VALID ***
[2015.11.01-19.11.14:135][ 55]LogWorld: Bringing World /Game/SSA/Maps/UEDPIE_0_Home_Kratakos.Home_Kratakos up for play (max tick rate 0) at 2015.11.01-14.11.14
[2015.11.01-19.11.14:135][ 55]LogActor:Warning: GameSession /Game/SSA/Maps/UEDPIE_0_Home_Kratakos.Home_Kratakos:PersistentLevel.GameSession_1 has natively added scene component(s), but none of them were set as the actor's RootComponent - picking one arbitrarily
[2015.11.01-19.11.14:135][ 55]LogActor:Warning: GameNetworkManager /Game/SSA/Maps/UEDPIE_0_Home_Kratakos.Home_Kratakos:PersistentLevel.GameNetworkManager_1 has natively added scene component(s), but none of them were set as the actor's RootComponent - picking one arbitrarily
[2015.11.01-19.11.14:136][ 55]LogWorld: Bringing up level for play took: 0.003509
[2015.11.01-19.11.14:150][ 55]PIE: Info Play in editor start time for /Game/SSA/Maps/UEDPIE_0_Home_Kratakos -0.022
[2015.11.01-19.11.14:151][ 55]LogBlueprintUserMessages: Late PlayInEditor Detection: Level '/Game/SSA/Maps/Home_Kratakos.Home_Kratakos:PersistentLevel' has LevelScriptBlueprint '/Game/SSA/Maps/Home_Kratakos.Home_Kratakos:PersistentLevel.Home_Kratakos' with GeneratedClass '/Game/SSA/Maps/Home_Kratakos.Home_Kratakos_C' with ClassGeneratedBy '/Game/SSA/Maps/Home_Kratakos.Home_Kratakos:PersistentLevel.Home_Kratakos'
[2015.11.01-19.11.14:164][ 57]LogRenderer: Reallocating scene render targets to support 1280x720 (Frame:10337).
[2015.11.01-19.11.16:504][331]LogPackageName: SearchForPackageOnDisk took   0.035s to resolve Ship_Selection.umap.
[2015.11.01-19.11.16:541][332]LogPackageName: SearchForPackageOnDisk took   0.033s to resolve Ship_Selection.umap.
[2015.11.01-19.11.16:541][332]LogNet: Browse: /Game/SSA/Maps/Ship_Selection
[2015.11.01-19.11.16:563][332]LogLoad: LoadMap: /Game/SSA/Maps/Ship_Selection
[2015.11.01-19.11.16:583][332]LogParticles: Destroying 0 GPU particle simulations for FXSystem 0x00000064A0620F40
[2015.11.01-19.11.16:584][332]LogParticles: Destroying 0 GPU particle simulations for FXSystem 0x00000064FD45EDE0
[2015.11.01-19.11.16:588][332]Cmd: MEM
[2015.11.01-19.11.16:608][332]LogMemory: Platform Memory Stats for Windows
[2015.11.01-19.11.16:608][332]LogMemory: Process Physical Memory: 1128.11 MB used, 1133.33 MB peak
[2015.11.01-19.11.16:608][332]LogMemory: Process Virtual Memory: 2049.31 MB used, 2051.46 MB peak
[2015.11.01-19.11.16:608][332]LogMemory: Physical Memory: 5400.32 MB used, 16322.88 MB total
[2015.11.01-19.11.16:608][332]LogMemory: Virtual Memory: 2780.00 MB used, 134217728.00 MB total
[2015.11.01-19.11.16:608][332]LogMemory: 
[2015.11.01-19.11.16:608][332]Allocator Stats for TBB: (not implemented)
[2015.11.01-19.11.17:443][332]LogAIModule: Creating AISystem for world Ship_Selection
[2015.11.01-19.11.17:444][332]LogLinker:Warning: Can't find file '/Game/TopDownBP/Blueprints/TopDownGameMode'
[2015.11.01-19.11.17:444][332]LogLinker:Warning: Can't find file '/Game/TopDownBP/Blueprints/TopDownGameMode'
[2015.11.01-19.11.17:444][332]LogUObjectGlobals:Warning: Failed to find object 'Class /Game/TopDownBP/Blueprints/TopDownGameMode.TopDownGameMode_C'
[2015.11.01-19.11.17:444][332]LogWorld: Game class is 'GameMode'
[2015.11.01-19.11.17:446][332]LogPhysics:Warning: FConstraintInstance::GetRefFrame : Contained scale.
[2015.11.01-19.11.17:446][332]LogPhysics:Warning: FConstraintInstance::GetRefFrame : Contained scale.
[2015.11.01-19.11.17:446][332]LogPhysics:Warning: FConstraintInstance::GetRefFrame : Contained scale.
[2015.11.01-19.11.17:446][332]LogPhysics:Warning: FConstraintInstance::GetRefFrame : Contained scale.
[2015.11.01-19.11.17:448][332]LogWorld: Bringing World /Game/SSA/Maps/UEDPIE_0_Ship_Selection.Ship_Selection up for play (max tick rate 0) at 2015.11.01-14.11.17
[2015.11.01-19.11.17:448][332]LogActor:Warning: GameSession /Game/SSA/Maps/UEDPIE_0_Ship_Selection.Ship_Selection:PersistentLevel.GameSession_2 has natively added scene component(s), but none of them were set as the actor's RootComponent - picking one arbitrarily
[2015.11.01-19.11.17:448][332]LogActor:Warning: GameNetworkManager /Game/SSA/Maps/UEDPIE_0_Ship_Selection.Ship_Selection:PersistentLevel.GameNetworkManager_2 has natively added scene component(s), but none of them were set as the actor's RootComponent - picking one arbitrarily
[2015.11.01-19.11.17:449][332]LogWorld: Bringing up level for play took: 0.004174
[2015.11.01-19.11.17:449][332]LogGameMode: Warning - PATHS NOT DEFINED or NO PLAYERSTART with positive rating
[2015.11.01-19.11.21:650][834]LogBlueprintUserMessages: [Ship_Selection_C_5] Opening now
[2015.11.01-19.11.22:177][893]LogPackageName: SearchForPackageOnDisk took   0.031s to resolve Home_Kratakos.umap.
[2015.11.01-19.11.22:213][894]LogPackageName: SearchForPackageOnDisk took   0.031s to resolve Home_Kratakos.umap.
[2015.11.01-19.11.22:213][894]LogNet: Browse: /Game/SSA/Maps/Home_Kratakos
[2015.11.01-19.11.22:213][894]LogLoad: LoadMap: /Game/SSA/Maps/Home_Kratakos
[2015.11.01-19.11.22:234][894]LogParticles: Destroying 0 GPU particle simulations for FXSystem 0x00000064FD64EC00
[2015.11.01-19.11.22:238][894]Cmd: MEM
[2015.11.01-19.11.22:258][894]LogMemory: Platform Memory Stats for Windows
[2015.11.01-19.11.22:258][894]LogMemory: Process Physical Memory: 1523.69 MB used, 1586.37 MB peak
[2015.11.01-19.11.22:258][894]LogMemory: Process Virtual Memory: 2214.02 MB used, 2394.38 MB peak
[2015.11.01-19.11.22:258][894]LogMemory: Physical Memory: 5794.90 MB used, 16322.88 MB total
[2015.11.01-19.11.22:258][894]LogMemory: Virtual Memory: 3045.50 MB used, 134217728.00 MB total
[2015.11.01-19.11.22:258][894]LogMemory: 
[2015.11.01-19.11.22:258][894]Allocator Stats for TBB: (not implemented)
[2015.11.01-19.11.22:258][894]LogPlayLevel: Creating play world package: /Game/SSA/Maps/UEDPIE_0_Home_Kratakos
[2015.11.01-19.11.22:274][894]LogPlayLevel: PIE: StaticDuplicateObject took: (0.015291s)
[2015.11.01-19.11.22:274][894]LogAIModule: Creating AISystem for world Home_Kratakos
[2015.11.01-19.11.22:274][894]LogPlayLevel: PIE: World Init took: (0.000555s)
[2015.11.01-19.11.22:274][894]LogPlayLevel: PIE: Created PIE world by copying editor world from /Game/SSA/Maps/Home_Kratakos.Home_Kratakos to /Game/SSA/Maps/UEDPIE_0_Home_Kratakos.Home_Kratakos (0.016046s)
[2015.11.01-19.11.22:275][894]LogWorld: Game class is 'TopDownGameMode_C'
[2015.11.01-19.11.22:278][894]LogWorld:Warning: *** WARNING - PATHS MAY NOT BE VALID ***
[2015.11.01-19.11.22:278][894]LogWorld: Bringing World /Game/SSA/Maps/UEDPIE_0_Home_Kratakos.Home_Kratakos up for play (max tick rate 0) at 2015.11.01-14.11.22
[2015.11.01-19.11.22:278][894]LogActor:Warning: GameSession /Game/SSA/Maps/UEDPIE_0_Home_Kratakos.Home_Kratakos:PersistentLevel.GameSession_3 has natively added scene component(s), but none of them were set as the actor's RootComponent - picking one arbitrarily
[2015.11.01-19.11.22:279][894]LogActor:Warning: GameNetworkManager /Game/SSA/Maps/UEDPIE_0_Home_Kratakos.Home_Kratakos:PersistentLevel.GameNetworkManager_3 has natively added scene component(s), but none of them were set as the actor's RootComponent - picking one arbitrarily
[2015.11.01-19.11.22:279][894]LogWorld: Bringing up level for play took: 0.003873
[2015.11.01-19.11.23:613][ 53]LogScript:Warning: Divide by zero: Divide_FloatFloat
[2015.11.01-19.11.24:005][100]LogScript:Warning: Divide by zero: Divide_FloatFloat
[2015.11.01-19.11.25:961][331]LogPackageName: SearchForPackageOnDisk took   0.031s to resolve Ship_Selection.umap.
[2015.11.01-19.11.25:997][332]LogPackageName: SearchForPackageOnDisk took   0.031s to resolve Ship_Selection.umap.
[2015.11.01-19.11.25:997][332]LogNet: Browse: /Game/SSA/Maps/Ship_Selection
[2015.11.01-19.11.25:997][332]LogLoad: LoadMap: /Game/SSA/Maps/Ship_Selection
[2015.11.01-19.11.26:021][332]LogParticles: Destroying 0 GPU particle simulations for FXSystem 0x0000006496689A80
[2015.11.01-19.11.26:021][332]Cmd: MEM
[2015.11.01-19.11.26:043][332]LogMemory: Platform Memory Stats for Windows
[2015.11.01-19.11.26:043][332]LogMemory: Process Physical Memory: 1495.84 MB used, 1586.37 MB peak
[2015.11.01-19.11.26:043][332]LogMemory: Process Virtual Memory: 2192.00 MB used, 2394.38 MB peak
[2015.11.01-19.11.26:043][332]LogMemory: Physical Memory: 5779.15 MB used, 16322.88 MB total
[2015.11.01-19.11.26:043][332]LogMemory: Virtual Memory: 3029.00 MB used, 134217728.00 MB total
[2015.11.01-19.11.26:043][332]LogMemory: 
[2015.11.01-19.11.26:043][332]Allocator Stats for TBB: (not implemented)
[2015.11.01-19.11.26:070][332]LogLinker:Warning: Asset '../../../../../../../My Media/UCF Documents/DIG 4725/Game-Files/SuperSpaceArmada/Content/Mannequin/Animations/ThirdPerson_AnimBP.uasset' has been saved with empty engine version. The asset will be loaded but may be incompatible.
[2015.11.01-19.11.26:071][332]LogLinker:Warning: Asset '../../../../../../../My Media/UCF Documents/DIG 4725/Game-Files/SuperSpaceArmada/Content/Mannequin/Animations/ThirdPerson_Jump.uasset' has been saved with empty engine version. The asset will be loaded but may be incompatible.
[2015.11.01-19.11.26:072][332]LogLinker:Warning: Asset '../../../../../../../My Media/UCF Documents/DIG 4725/Game-Files/SuperSpaceArmada/Content/Mannequin/Animations/ThirdPersonJump_Loop.uasset' has been saved with empty engine version. The asset will be loaded but may be incompatible.
[2015.11.01-19.11.26:073][332]LogLinker:Warning: Asset '../../../../../../../My Media/UCF Documents/DIG 4725/Game-Files/SuperSpaceArmada/Content/Mannequin/Animations/ThirdPersonJump_Start.uasset' has been saved with empty engine version. The asset will be loaded but may be incompatible.
[2015.11.01-19.11.26:073][332]LogLinker:Warning: Asset '../../../../../../../My Media/UCF Documents/DIG 4725/Game-Files/SuperSpaceArmada/Content/Mannequin/Animations/ThirdPerson_IdleRun_2D.uasset' has been saved with empty engine version. The asset will be loaded but may be incompatible.
[2015.11.01-19.11.26:073][332]LogLinker:Warning: Asset '../../../../../../../My Media/UCF Documents/DIG 4725/Game-Files/SuperSpaceArmada/Content/Mannequin/Animations/ThirdPersonIdle.uasset' has been saved with empty engine version. The asset will be loaded but may be incompatible.
[2015.11.01-19.11.26:074][332]LogLinker:Warning: Asset '../../../../../../../My Media/UCF Documents/DIG 4725/Game-Files/SuperSpaceArmada/Content/Mannequin/Animations/ThirdPersonRun.uasset' has been saved with empty engine version. The asset will be loaded but may be incompatible.
[2015.11.01-19.11.26:074][332]LogLinker:Warning: Asset '../../../../../../../My Media/UCF Documents/DIG 4725/Game-Files/SuperSpaceArmada/Content/Mannequin/Animations/ThirdPersonWalk.uasset' has been saved with empty engine version. The asset will be loaded but may be incompatible.
[2015.11.01-19.11.26:300][332]LogAIModule: Creating AISystem for world Ship_Selection
[2015.11.01-19.11.26:300][332]LogLinker:Warning: Can't find file '/Game/TopDownBP/Blueprints/TopDownGameMode'
[2015.11.01-19.11.26:301][332]LogLinker:Warning: Can't find file '/Game/TopDownBP/Blueprints/TopDownGameMode'
[2015.11.01-19.11.26:301][332]LogUObjectGlobals:Warning: Failed to find object 'Class /Game/TopDownBP/Blueprints/TopDownGameMode.TopDownGameMode_C'
[2015.11.01-19.11.26:301][332]LogWorld: Game class is 'GameMode'
[2015.11.01-19.11.26:303][332]LogPhysics:Warning: FConstraintInstance::GetRefFrame : Contained scale.
[2015.11.01-19.11.26:303][332]LogPhysics:Warning: FConstraintInstance::GetRefFrame : Contained scale.
[2015.11.01-19.11.26:303][332]LogPhysics:Warning: FConstraintInstance::GetRefFrame : Contained scale.
[2015.11.01-19.11.26:303][332]LogPhysics:Warning: FConstraintInstance::GetRefFrame : Contained scale.
[2015.11.01-19.11.26:305][332]LogWorld: Bringing World /Game/SSA/Maps/UEDPIE_0_Ship_Selection.Ship_Selection up for play (max tick rate 0) at 2015.11.01-14.11.26
[2015.11.01-19.11.26:305][332]LogActor:Warning: GameSession /Game/SSA/Maps/UEDPIE_0_Ship_Selection.Ship_Selection:PersistentLevel.GameSession_4 has natively added scene component(s), but none of them were set as the actor's RootComponent - picking one arbitrarily
[2015.11.01-19.11.26:305][332]LogActor:Warning: GameNetworkManager /Game/SSA/Maps/UEDPIE_0_Ship_Selection.Ship_Selection:PersistentLevel.GameNetworkManager_4 has natively added scene component(s), but none of them were set as the actor's RootComponent - picking one arbitrarily
[2015.11.01-19.11.26:306][332]LogWorld: Bringing up level for play took: 0.004559
[2015.11.01-19.11.26:306][332]LogGameMode: Warning - PATHS NOT DEFINED or NO PLAYERSTART with positive rating
[2015.11.01-19.11.27:819][513]LogBlueprintUserMessages: [Ship_Selection_C_9] Opening now
[2015.11.01-19.11.28:345][572]LogPackageName: SearchForPackageOnDisk took   0.031s to resolve Home_Kratakos.umap.
[2015.11.01-19.11.28:381][573]LogPackageName: SearchForPackageOnDisk took   0.031s to resolve Home_Kratakos.umap.
[2015.11.01-19.11.28:381][573]LogNet: Browse: /Game/SSA/Maps/Home_Kratakos
[2015.11.01-19.11.28:381][573]LogLoad: LoadMap: /Game/SSA/Maps/Home_Kratakos
[2015.11.01-19.11.28:404][573]LogParticles: Destroying 0 GPU particle simulations for FXSystem 0x0000006496067A60
[2015.11.01-19.11.28:404][573]Cmd: MEM
[2015.11.01-19.11.28:424][573]LogMemory: Platform Memory Stats for Windows
[2015.11.01-19.11.28:424][573]LogMemory: Process Physical Memory: 1542.60 MB used, 1586.37 MB peak
[2015.11.01-19.11.28:424][573]LogMemory: Process Virtual Memory: 2313.07 MB used, 2394.38 MB peak
[2015.11.01-19.11.28:424][573]LogMemory: Physical Memory: 5860.42 MB used, 16322.88 MB total
[2015.11.01-19.11.28:424][573]LogMemory: Virtual Memory: 3115.93 MB used, 134217728.00 MB total
[2015.11.01-19.11.28:424][573]LogMemory: 
[2015.11.01-19.11.28:424][573]Allocator Stats for TBB: (not implemented)
[2015.11.01-19.11.28:424][573]LogPlayLevel: Creating play world package: /Game/SSA/Maps/UEDPIE_0_Home_Kratakos
[2015.11.01-19.11.28:440][573]LogPlayLevel: PIE: StaticDuplicateObject took: (0.016001s)
[2015.11.01-19.11.28:441][573]LogAIModule: Creating AISystem for world Home_Kratakos
[2015.11.01-19.11.28:441][573]LogPlayLevel: PIE: World Init took: (0.000670s)
[2015.11.01-19.11.28:441][573]LogPlayLevel: PIE: Created PIE world by copying editor world from /Game/SSA/Maps/Home_Kratakos.Home_Kratakos to /Game/SSA/Maps/UEDPIE_0_Home_Kratakos.Home_Kratakos (0.016862s)
[2015.11.01-19.11.28:441][573]LogWorld: Game class is 'TopDownGameMode_C'
[2015.11.01-19.11.28:444][573]LogWorld:Warning: *** WARNING - PATHS MAY NOT BE VALID ***
[2015.11.01-19.11.28:444][573]LogWorld: Bringing World /Game/SSA/Maps/UEDPIE_0_Home_Kratakos.Home_Kratakos up for play (max tick rate 0) at 2015.11.01-14.11.28
[2015.11.01-19.11.28:445][573]LogActor:Warning: GameSession /Game/SSA/Maps/UEDPIE_0_Home_Kratakos.Home_Kratakos:PersistentLevel.GameSession_5 has natively added scene component(s), but none of them were set as the actor's RootComponent - picking one arbitrarily
[2015.11.01-19.11.28:445][573]LogActor:Warning: GameNetworkManager /Game/SSA/Maps/UEDPIE_0_Home_Kratakos.Home_Kratakos:PersistentLevel.GameNetworkManager_5 has natively added scene component(s), but none of them were set as the actor's RootComponent - picking one arbitrarily
[2015.11.01-19.11.28:445][573]LogWorld: Bringing up level for play took: 0.003455
[2015.11.01-19.11.29:534][702]LogBlueprintUserMessages: [HUD_C_8] Hello
[2015.11.01-19.11.31:569][942]LogPackageName: SearchForPackageOnDisk took   0.030s to resolve Menu.umap.
[2015.11.01-19.11.31:600][943]LogPackageName: SearchForPackageOnDisk took   0.030s to resolve Menu.umap.
[2015.11.01-19.11.31:600][943]LogNet: Browse: /Game/SSA/Maps/Menu
[2015.11.01-19.11.31:600][943]LogLoad: LoadMap: /Game/SSA/Maps/Menu
[2015.11.01-19.11.31:668][943]LogParticles: Destroying 0 GPU particle simulations for FXSystem 0x00000064960662A0
[2015.11.01-19.11.31:668][943]Cmd: MEM
[2015.11.01-19.11.31:688][943]LogMemory: Platform Memory Stats for Windows
[2015.11.01-19.11.31:688][943]LogMemory: Process Physical Memory: 1555.48 MB used, 1586.37 MB peak
[2015.11.01-19.11.31:688][943]LogMemory: Process Virtual Memory: 2236.79 MB used, 2394.38 MB peak
[2015.11.01-19.11.31:688][943]LogMemory: Physical Memory: 5836.86 MB used, 16322.88 MB total
[2015.11.01-19.11.31:688][943]LogMemory: Virtual Memory: 3107.75 MB used, 134217728.00 MB total
[2015.11.01-19.11.31:688][943]LogMemory: 
[2015.11.01-19.11.31:688][943]Allocator Stats for TBB: (not implemented)
[2015.11.01-19.11.31:712][943]LogLinker:Warning: Asset '../../../../../../../My Media/UCF Documents/DIG 4725/Game-Files/SuperSpaceArmada/Content/Mannequin/Animations/ThirdPerson_AnimBP.uasset' has been saved with empty engine version. The asset will be loaded but may be incompatible.
[2015.11.01-19.11.31:713][943]LogLinker:Warning: Asset '../../../../../../../My Media/UCF Documents/DIG 4725/Game-Files/SuperSpaceArmada/Content/Mannequin/Animations/ThirdPerson_Jump.uasset' has been saved with empty engine version. The asset will be loaded but may be incompatible.
[2015.11.01-19.11.31:714][943]LogLinker:Warning: Asset '../../../../../../../My Media/UCF Documents/DIG 4725/Game-Files/SuperSpaceArmada/Content/Mannequin/Animations/ThirdPersonJump_Loop.uasset' has been saved with empty engine version. The asset will be loaded but may be incompatible.
[2015.11.01-19.11.31:714][943]LogLinker:Warning: Asset '../../../../../../../My Media/UCF Documents/DIG 4725/Game-Files/SuperSpaceArmada/Content/Mannequin/Animations/ThirdPersonJump_Start.uasset' has been saved with empty engine version. The asset will be loaded but may be incompatible.
[2015.11.01-19.11.31:715][943]LogLinker:Warning: Asset '../../../../../../../My Media/UCF Documents/DIG 4725/Game-Files/SuperSpaceArmada/Content/Mannequin/Animations/ThirdPerson_IdleRun_2D.uasset' has been saved with empty engine version. The asset will be loaded but may be incompatible.
[2015.11.01-19.11.31:716][943]LogLinker:Warning: Asset '../../../../../../../My Media/UCF Documents/DIG 4725/Game-Files/SuperSpaceArmada/Content/Mannequin/Animations/ThirdPersonIdle.uasset' has been saved with empty engine version. The asset will be loaded but may be incompatible.
[2015.11.01-19.11.31:716][943]LogLinker:Warning: Asset '../../../../../../../My Media/UCF Documents/DIG 4725/Game-Files/SuperSpaceArmada/Content/Mannequin/Animations/ThirdPersonRun.uasset' has been saved with empty engine version. The asset will be loaded but may be incompatible.
[2015.11.01-19.11.31:717][943]LogLinker:Warning: Asset '../../../../../../../My Media/UCF Documents/DIG 4725/Game-Files/SuperSpaceArmada/Content/Mannequin/Animations/ThirdPersonWalk.uasset' has been saved with empty engine version. The asset will be loaded but may be incompatible.
[2015.11.01-19.11.32:204][943]LogAIModule: Creating AISystem for world Menu
[2015.11.01-19.11.32:204][943]LogWorld: Game class is 'TopDownGameMode_C'
[2015.11.01-19.11.32:205][943]LogWorld: Bringing World /Game/SSA/Maps/UEDPIE_0_Menu.Menu up for play (max tick rate 0) at 2015.11.01-14.11.32
[2015.11.01-19.11.32:205][943]LogActor:Warning: GameSession /Game/SSA/Maps/UEDPIE_0_Menu.Menu:PersistentLevel.GameSession_6 has natively added scene component(s), but none of them were set as the actor's RootComponent - picking one arbitrarily
[2015.11.01-19.11.32:205][943]LogActor:Warning: GameNetworkManager /Game/SSA/Maps/UEDPIE_0_Menu.Menu:PersistentLevel.GameNetworkManager_6 has natively added scene component(s), but none of them were set as the actor's RootComponent - picking one arbitrarily
[2015.11.01-19.11.32:205][943]LogWorld: Bringing up level for play took: 0.000628
[2015.11.01-19.11.32:206][943]LogGameMode: Warning - PATHS NOT DEFINED or NO PLAYERSTART with positive rating
[2015.11.01-19.11.32:207][943]LogBlueprintUserMessages: [MainMenu_C_0] Not Happening
[2015.11.01-19.11.33:243][ 67]LogBlueprintUserMessages: Early EndPlayMap Detection: Level '/Game/SSA/Maps/Home_Kratakos.Home_Kratakos:PersistentLevel' has LevelScriptBlueprint '/Game/SSA/Maps/Home_Kratakos.Home_Kratakos:PersistentLevel.Home_Kratakos' with GeneratedClass '/Game/SSA/Maps/Home_Kratakos.Home_Kratakos_C' with ClassGeneratedBy '/Game/SSA/Maps/Home_Kratakos.Home_Kratakos:PersistentLevel.Home_Kratakos'
[2015.11.01-19.11.33:282][ 67]LogBlueprintUserMessages: Late EndPlayMap Detection: Level '/Game/SSA/Maps/Home_Kratakos.Home_Kratakos:PersistentLevel' has LevelScriptBlueprint '/Game/SSA/Maps/Home_Kratakos.Home_Kratakos:PersistentLevel.Home_Kratakos' with GeneratedClass '/Game/SSA/Maps/Home_Kratakos.Home_Kratakos_C' with ClassGeneratedBy '/Game/SSA/Maps/Home_Kratakos.Home_Kratakos:PersistentLevel.Home_Kratakos'
[2015.11.01-19.11.33:304][ 67]LogParticles: Destroying 0 GPU particle simulations for FXSystem 0x00000064D51372E0
[2015.11.01-19.11.45:042][462]LogParticles: Destroying 0 GPU particle simulations for FXSystem 0x00000064CAFE7060
[2015.11.01-19.11.45:107][462]LogParticles: Destroying 0 GPU particle simulations for FXSystem 0x00000064CAFE5D00
[2015.11.01-19.11.45:107][462]LogWindowsTextInputMethodSystem:Display: IME system now deactivated.
[2015.11.01-19.11.45:322][463]Cmd: QUIT_EDITOR
[2015.11.01-19.11.46:352][463]LogExit: Preparing to exit.
[2015.11.01-19.11.47:071][463]LogExit: Editor shut down
[2015.11.01-19.11.47:072][463]LogExit: Transaction tracking system shut down
[2015.11.01-19.11.47:079][463]LogParticles: Destroying 0 GPU particle simulations for FXSystem 0x0000006495972FC0
[2015.11.01-19.11.47:080][463]LogParticles: Destroying 0 GPU particle simulations for FXSystem 0x00000064A02F34C0
[2015.11.01-19.11.47:080][463]LogParticles: Destroying 0 GPU particle simulations for FXSystem 0x00000064A1F519E0
[2015.11.01-19.11.47:263][463]LogExit: Object subsystem successfully closed.
[2015.11.01-19.11.47:279][463]LogD3D11RHI: Shutdown
[2015.11.01-19.11.47:279][463]LogD3D11RHI: CleanupD3DDevice
[2015.11.01-19.11.47:322][463]LogD3D11RHI: ~FD3D11DynamicRHI
[2015.11.01-19.11.47:332][463]LogModuleManager: Shutting down and abandoning module SequencerWidgets (201)
[2015.11.01-19.11.47:332][463]LogModuleManager: Shutting down and abandoning module BlueprintGraph (200)
[2015.11.01-19.11.47:332][463]LogModuleManager: Shutting down and abandoning module CrashTracker (199)
[2015.11.01-19.11.47:332][463]LogModuleManager: Shutting down and abandoning module SceneOutliner (198)
[2015.11.01-19.11.47:332][463]LogModuleManager: Shutting down and abandoning module SuperSearch (197)
[2015.11.01-19.11.47:332][463]LogModuleManager: Shutting down and abandoning module WidgetCarousel (196)
[2015.11.01-19.11.47:332][463]LogModuleManager: Shutting down and abandoning module AddContentDialog (195)
[2015.11.01-19.11.47:335][463]LogModuleManager: Shutting down and abandoning module EditorWidgets (194)
[2015.11.01-19.11.47:335][463]LogModuleManager: Shutting down and abandoning module CollectionManager (193)
[2015.11.01-19.11.47:335][463]LogModuleManager: Shutting down and abandoning module StatsViewer (192)
[2015.11.01-19.11.47:335][463]LogModuleManager: Shutting down and abandoning module FoliageEdit (191)
[2015.11.01-19.11.47:335][463]LogModuleManager: Shutting down and abandoning module LandscapeEditor (190)
[2015.11.01-19.11.47:335][463]LogModuleManager: Shutting down and abandoning module ActorPickerMode (189)
[2015.11.01-19.11.47:335][463]LogModuleManager: Shutting down and abandoning module GeometryMode (188)
[2015.11.01-19.11.47:335][463]LogModuleManager: Shutting down and abandoning module TextureAlignMode (187)
[2015.11.01-19.11.47:335][463]LogModuleManager: Shutting down and abandoning module BspMode (186)
[2015.11.01-19.11.47:335][463]LogModuleManager: Shutting down and abandoning module PlacementMode (185)
[2015.11.01-19.11.47:335][463]LogModuleManager: Shutting down and abandoning module AutomationWorker (184)
[2015.11.01-19.11.47:335][463]LogModuleManager: Shutting down and abandoning module CharacterAI (183)
[2015.11.01-19.11.47:335][463]LogModuleManager: Shutting down and abandoning module SmartSnapping (182)
[2015.11.01-19.11.47:335][463]LogModuleManager: Shutting down and abandoning module ViewportSnapping (181)
[2015.11.01-19.11.47:335][463]LogModuleManager: Shutting down and abandoning module LogVisualizer (180)
[2015.11.01-19.11.47:335][463]LogModuleManager: Shutting down and abandoning module GameProjectGeneration (179)
[2015.11.01-19.11.47:335][463]LogModuleManager: Shutting down and abandoning module IntroTutorials (178)
[2015.11.01-19.11.47:335][463]LogModuleManager: Shutting down and abandoning module EditorLiveStreaming (177)
[2015.11.01-19.11.47:335][463]LogModuleManager: Shutting down and abandoning module IOSPlatformEditor (176)
[2015.11.01-19.11.47:335][463]LogModuleManager: Shutting down and abandoning module HTML5PlatformEditor (175)
[2015.11.01-19.11.47:335][463]LogModuleManager: Shutting down and abandoning module AndroidDeviceDetection (174)
[2015.11.01-19.11.47:632][463]LogModuleManager: Shutting down and abandoning module AndroidPlatformEditor (173)
[2015.11.01-19.11.47:632][463]LogModuleManager: Shutting down and abandoning module IOSRuntimeSettings (172)
[2015.11.01-19.11.47:632][463]LogModuleManager: Shutting down and abandoning module AndroidRuntimeSettings (171)
[2015.11.01-19.11.47:632][463]LogModuleManager: Shutting down and abandoning module MergeActors (170)
[2015.11.01-19.11.47:632][463]LogModuleManager: Shutting down and abandoning module SizeMap (169)
[2015.11.01-19.11.47:632][463]LogModuleManager: Shutting down and abandoning module TreeMap (168)
[2015.11.01-19.11.47:632][463]LogModuleManager: Shutting down and abandoning module ReferenceViewer (167)
[2015.11.01-19.11.47:632][463]LogModuleManager: Shutting down and abandoning module LocalizationService (166)
[2015.11.01-19.11.47:632][463]LogModuleManager: Shutting down and abandoning module LocalizationDashboard (165)
[2015.11.01-19.11.47:632][463]LogModuleManager: Shutting down and abandoning module HardwareTargeting (164)
[2015.11.01-19.11.47:632][463]LogModuleManager: Shutting down and abandoning module DeviceProfileEditor (163)
[2015.11.01-19.11.47:632][463]LogModuleManager: Shutting down and abandoning module UndoHistory (162)
[2015.11.01-19.11.47:632][463]LogModuleManager: Shutting down and abandoning module GameplayTagsEditor (161)
[2015.11.01-19.11.47:632][463]LogModuleManager: Shutting down and abandoning module UserFeedback (160)
[2015.11.01-19.11.47:632][463]LogModuleManager: Shutting down and abandoning module XmlParser (159)
[2015.11.01-19.11.47:632][463]LogModuleManager: Shutting down and abandoning module Blutility (158)
[2015.11.01-19.11.47:632][463]LogModuleManager: Shutting down and abandoning module ProjectTargetPlatformEditor (157)
[2015.11.01-19.11.47:632][463]LogModuleManager: Shutting down and abandoning module ProjectSettingsViewer (156)
[2015.11.01-19.11.47:632][463]LogModuleManager: Shutting down and abandoning module InputBindingEditor (155)
[2015.11.01-19.11.47:633][463]LogModuleManager: Shutting down and abandoning module EditorSettingsViewer (154)
[2015.11.01-19.11.47:633][463]LogModuleManager: Shutting down and abandoning module SettingsEditor (153)
[2015.11.01-19.11.47:633][463]LogModuleManager: Shutting down and abandoning module ProjectLauncher (152)
[2015.11.01-19.11.47:633][463]LogModuleManager: Shutting down and abandoning module SessionFrontend (151)
[2015.11.01-19.11.47:633][463]LogModuleManager: Shutting down and abandoning module ProfilerClient (150)
[2015.11.01-19.11.47:633][463]LogModuleManager: Shutting down and abandoning module TargetDeviceServices (149)
[2015.11.01-19.11.47:633][463]LogModuleManager: Shutting down and abandoning module DeviceManager (148)
[2015.11.01-19.11.47:633][463]LogModuleManager: Shutting down and abandoning module AutomationController (147)
[2015.11.01-19.11.47:633][463]LogModuleManager: Shutting down and abandoning module AutomationWindow (146)
[2015.11.01-19.11.47:633][463]LogModuleManager: Shutting down and abandoning module Layers (145)
[2015.11.01-19.11.47:633][463]LogModuleManager: Shutting down and abandoning module ComponentVisualizers (144)
[2015.11.01-19.11.47:633][463]LogModuleManager: Shutting down and abandoning module DetailCustomizations (143)
[2015.11.01-19.11.47:633][463]LogModuleManager: Shutting down and abandoning module PackagesDialog (142)
[2015.11.01-19.11.47:633][463]LogModuleManager: Shutting down and abandoning module Persona (141)
[2015.11.01-19.11.47:633][463]LogModuleManager: Shutting down and abandoning module Kismet (140)
[2015.11.01-19.11.47:633][463]LogModuleManager: Shutting down and abandoning module GraphEditor (139)
[2015.11.01-19.11.47:633][463]LogModuleManager: Shutting down and abandoning module ClassViewer (138)
[2015.11.01-19.11.47:634][463]LogModuleManager: Shutting down and abandoning module Toolbox (137)
[2015.11.01-19.11.47:634][463]LogModuleManager: Shutting down and abandoning module ModuleUI (136)
[2015.11.01-19.11.47:634][463]LogModuleManager: Shutting down and abandoning module MovieSceneTools (135)
[2015.11.01-19.11.47:634][463]LogModuleManager: Shutting down and abandoning module OutputLog (134)
[2015.11.01-19.11.47:634][463]LogModuleManager: Shutting down and abandoning module GammaUI (133)
[2015.11.01-19.11.47:634][463]LogModuleManager: Shutting down and abandoning module Documentation (132)
[2015.11.01-19.11.47:634][463]LogModuleManager: Shutting down and abandoning module GameLiveStreaming (131)
[2015.11.01-19.11.47:634][463]LogModuleManager: Shutting down and abandoning module StreamingPauseRendering (130)
[2015.11.01-19.11.47:634][463]LogModuleManager: Shutting down and abandoning module AnalyticsET (129)
[2015.11.01-19.11.47:634][463]LogModuleManager: Shutting down and abandoning module Analytics (128)
[2015.11.01-19.11.47:634][463]LogModuleManager: Shutting down and abandoning module AITestSuite (127)
[2015.11.01-19.11.47:634][463]LogModuleManager: Shutting down and abandoning module GameplayDebugger (126)
[2015.11.01-19.11.47:634][463]LogModuleManager: Shutting down and abandoning module AIModule (125)
[2015.11.01-19.11.47:634][463]LogModuleManager: Shutting down and abandoning module ProfilerService (124)
[2015.11.01-19.11.47:725][463]LogModuleManager: Shutting down and abandoning module TaskGraph (123)
[2015.11.01-19.11.47:725][463]LogModuleManager: Shutting down and abandoning module SubstanceEditor (122)
[2015.11.01-19.11.47:725][463]LogModuleManager: Shutting down and abandoning module SlateRemote (121)
[2015.11.01-19.11.47:725][463]LogModuleManager: Shutting down and abandoning module SteamVRController (120)
[2015.11.01-19.11.47:725][463]LogModuleManager: Shutting down and abandoning module SteamVR (119)
[2015.11.01-19.11.47:725][463]LogModuleManager: Shutting down and abandoning module ProceduralMeshComponent (118)
[2015.11.01-19.11.47:725][463]LogModuleManager: Shutting down and abandoning module OculusRift (117)
[2015.11.01-19.11.47:725][463]LogModuleManager: Shutting down and abandoning module OculusLibrary (116)
[2015.11.01-19.11.47:725][463]LogModuleManager: Shutting down and abandoning module LeapMotionController (115)
[2015.11.01-19.11.47:741][463]LogModuleManager: Shutting down and abandoning module CustomMeshComponent (114)
[2015.11.01-19.11.47:741][463]LogModuleManager: Shutting down and abandoning module CableComponent (113)
[2015.11.01-19.11.47:741][463]LogModuleManager: Shutting down and abandoning module ArchVisCharacter (112)
[2015.11.01-19.11.47:741][463]LogModuleManager: Shutting down and abandoning module MessagingDebugger (111)
[2015.11.01-19.11.47:741][463]LogModuleManager: Shutting down and abandoning module MediaPlayerEditor (110)
[2015.11.01-19.11.47:741][463]LogModuleManager: Shutting down and abandoning module HTML5Networking (109)
[2015.11.01-19.11.47:741][463]LogModuleManager: Shutting down and abandoning module SpeedTreeImporter (108)
[2015.11.01-19.11.47:741][463]LogModuleManager: Shutting down and abandoning module PluginBrowser (107)
[2015.11.01-19.11.47:741][463]LogModuleManager: Shutting down and abandoning module EpicSurvey (106)
[2015.11.01-19.11.47:741][463]LogModuleManager: Shutting down and abandoning module DesktopPlatform (105)
[2015.11.01-19.11.47:741][463]LogModuleManager: Shutting down and abandoning module VisualStudioSourceCodeAccess (104)
[2015.11.01-19.11.47:741][463]LogModuleManager: Shutting down and abandoning module UObjectPlugin (103)
[2015.11.01-19.11.47:741][463]LogModuleManager: Shutting down and abandoning module SubversionSourceControl (102)
[2015.11.01-19.11.47:741][463]LogModuleManager: Shutting down and abandoning module PerforceSourceControl (101)
[2015.11.01-19.11.47:741][463]LogModuleManager: Shutting down and abandoning module SourceControl (100)
[2015.11.01-19.11.47:741][463]LogModuleManager: Shutting down and abandoning module GitSourceControl (99)
[2015.11.01-19.11.47:741][463]LogModuleManager: Shutting down and abandoning module LightPropagationVolumeEditor (98)
[2015.11.01-19.11.47:741][463]LogModuleManager: Shutting down and abandoning module PaperTiledImporter (97)
[2015.11.01-19.11.47:741][463]LogModuleManager: Shutting down and abandoning module PaperSpriteSheetImporter (96)
[2015.11.01-19.11.47:741][463]LogModuleManager: Shutting down and abandoning module MeshPaint (95)
[2015.11.01-19.11.47:741][463]LogModuleManager: Shutting down and abandoning module SlateReflector (94)
[2015.11.01-19.11.47:741][463]LogModuleManager: Shutting down and abandoning module HotReload (93)
[2015.11.01-19.11.47:741][463]LogModuleManager: Shutting down and abandoning module MainFrame (92)
[2015.11.01-19.11.47:741][463]LogModuleManager: Shutting down and abandoning module LevelEditor (91)
[2015.11.01-19.11.47:742][463]LogModuleManager: Shutting down and abandoning module ContentBrowser (90)
[2015.11.01-19.11.47:743][463]LogModuleManager: Shutting down and abandoning module Paper2DEditor (89)
[2015.11.01-19.11.47:743][463]LogModuleManager: Shutting down and abandoning module UdpMessaging (88)
[2015.11.01-19.11.47:843][463]LogModuleManager: Shutting down and abandoning module DirectoryWatcher (87)
[2015.11.01-19.11.47:844][463]LogModuleManager: Shutting down and abandoning module AssetRegistry (86)
[2015.11.01-19.11.47:954][463]LogModuleManager: Shutting down and abandoning module SubstanceCore (85)
[2015.11.01-19.11.47:954][463]LogModuleManager: Shutting down and abandoning module LightPropagationVolumeRuntime (84)
[2015.11.01-19.11.47:954][463]LogModuleManager: Shutting down and abandoning module Paper2D (83)
[2015.11.01-19.11.47:954][463]LogModuleManager: Shutting down and abandoning module WindowsMoviePlayer (82)
[2015.11.01-19.11.47:956][463]LogModuleManager: Shutting down and abandoning module Media (81)
[2015.11.01-19.11.47:956][463]LogModuleManager: Shutting down and abandoning module WmfMedia (80)
[2015.11.01-19.11.47:957][463]LogModuleManager: Shutting down and abandoning module OnlineBlueprintSupport (79)
[2015.11.01-19.11.47:957][463]LogModuleManager: Shutting down and abandoning module GameplayTasksEditor (78)
[2015.11.01-19.11.47:957][463]LogModuleManager: Shutting down and abandoning module PropertyEditor (77)
[2015.11.01-19.11.47:957][463]LogModuleManager: Shutting down and abandoning module BehaviorTreeEditor (76)
[2015.11.01-19.11.47:957][463]LogModuleManager: Shutting down and abandoning module FunctionalTesting (75)
[2015.11.01-19.11.47:957][463]LogModuleManager: Shutting down and abandoning module CollisionAnalyzer (74)
[2015.11.01-19.11.47:957][463]LogModuleManager: Shutting down and abandoning module WorkspaceMenuStructure (73)
[2015.11.01-19.11.47:957][463]LogModuleManager: Shutting down and abandoning module MessageLog (72)
[2015.11.01-19.11.47:957][463]LogModuleManager: Shutting down and abandoning module Sequencer (71)
[2015.11.01-19.11.47:957][463]LogModuleManager: Shutting down and abandoning module AssetTools (70)
[2015.11.01-19.11.47:957][463]LogModuleManager: Shutting down and abandoning module UMGEditor (69)
[2015.11.01-19.11.47:957][463]LogModuleManager: Shutting down and abandoning module UMG (68)
[2015.11.01-19.11.47:957][463]LogModuleManager: Shutting down and abandoning module Slate (67)
[2015.11.01-19.11.47:957][463]LogModuleManager: Shutting down and abandoning module EditorStyle (66)
[2015.11.01-19.11.47:958][463]LogModuleManager: Shutting down and abandoning module SessionServices (65)
[2015.11.01-19.11.47:958][463]LogModuleManager: Shutting down and abandoning module SourceCodeAccess (64)
[2015.11.01-19.11.47:958][463]LogModuleManager: Shutting down and abandoning module HeadMountedDisplay (63)
[2015.11.01-19.11.47:958][463]LogModuleManager: Shutting down and abandoning module XAudio2 (62)
[2015.11.01-19.11.47:958][463]LogModuleManager: Shutting down and abandoning module Networking (60)
[2015.11.01-19.11.47:958][463]LogModuleManager: Shutting down and abandoning module Core (59)
[2015.11.01-19.11.47:958][463]LogModuleManager: Shutting down and abandoning module KismetCompiler (58)
[2015.11.01-19.11.47:958][463]LogModuleManager: Shutting down and abandoning module PhysXFormats (57)
[2015.11.01-19.11.47:958][463]LogModuleManager: Shutting down and abandoning module MeshUtilities (56)
[2015.11.01-19.11.47:958][463]LogModuleManager: Shutting down and abandoning module CookingStats (55)
[2015.11.01-19.11.47:960][463]LogModuleManager: Shutting down and abandoning module DerivedDataCache (54)
[2015.11.01-19.11.48:048][463]LogDerivedDataCache: Shutdown
[2015.11.01-19.11.48:048][463]LogModuleManager: Shutting down and abandoning module ShaderFormatOpenGL (53)
[2015.11.01-19.11.48:048][463]LogModuleManager: Shutting down and abandoning module ShaderFormatD3D (52)
[2015.11.01-19.11.48:048][463]LogModuleManager: Shutting down and abandoning module MetalShaderFormat (51)
[2015.11.01-19.11.48:048][463]LogModuleManager: Shutting down and abandoning module TextureFormatUncompressed (50)
[2015.11.01-19.11.48:048][463]LogModuleManager: Shutting down and abandoning module TextureFormatPVR (49)
[2015.11.01-19.11.48:048][463]LogModuleManager: Shutting down and abandoning module TextureFormatIntelISPCTexComp (48)
[2015.11.01-19.11.48:048][463]LogModuleManager: Shutting down and abandoning module TextureFormatDXT (47)
[2015.11.01-19.11.48:048][463]LogModuleManager: Shutting down and abandoning module ImageWrapper (46)
[2015.11.01-19.11.48:048][463]LogModuleManager: Shutting down and abandoning module TextureFormatASTC (45)
[2015.11.01-19.11.48:048][463]LogModuleManager: Shutting down and abandoning module TextureFormatAndroid (44)
[2015.11.01-19.11.48:048][463]LogModuleManager: Shutting down and abandoning module AudioFormatOpus (43)
[2015.11.01-19.11.48:048][463]LogModuleManager: Shutting down and abandoning module AudioFormatOgg (42)
[2015.11.01-19.11.48:048][463]LogModuleManager: Shutting down and abandoning module AudioFormatADPCM (41)
[2015.11.01-19.11.48:048][463]LogModuleManager: Shutting down and abandoning module LinuxTargetPlatform (40)
[2015.11.01-19.11.48:048][463]LogModuleManager: Shutting down and abandoning module LinuxServerTargetPlatform (39)
[2015.11.01-19.11.48:048][463]LogModuleManager: Shutting down and abandoning module LinuxNoEditorTargetPlatform (38)
[2015.11.01-19.11.48:048][463]LogModuleManager: Shutting down and abandoning module Messaging (37)
[2015.11.01-19.11.48:048][463]LogModuleManager: Shutting down and abandoning module IOSTargetPlatform (36)
[2015.11.01-19.11.48:048][463]LogModuleManager: Shutting down and abandoning module HTML5TargetPlatform (35)
[2015.11.01-19.11.48:048][463]LogModuleManager: Shutting down and abandoning module Android_PVRTCTargetPlatform (34)
[2015.11.01-19.11.48:048][463]LogModuleManager: Shutting down and abandoning module Android_ETC2TargetPlatform (33)
[2015.11.01-19.11.48:048][463]LogModuleManager: Shutting down and abandoning module Android_ETC1TargetPlatform (32)
[2015.11.01-19.11.48:048][463]LogModuleManager: Shutting down and abandoning module Android_DXTTargetPlatform (31)
[2015.11.01-19.11.48:048][463]LogModuleManager: Shutting down and abandoning module Android_ATCTargetPlatform (30)
[2015.11.01-19.11.48:048][463]LogModuleManager: Shutting down and abandoning module Android_ASTCTargetPlatform (29)
[2015.11.01-19.11.48:048][463]LogModuleManager: Shutting down and abandoning module AndroidTargetPlatform (28)
[2015.11.01-19.11.48:048][463]LogModuleManager: Shutting down and abandoning module WindowsTargetPlatform (27)
[2015.11.01-19.11.48:048][463]LogModuleManager: Shutting down and abandoning module WindowsServerTargetPlatform (26)
[2015.11.01-19.11.48:048][463]LogModuleManager: Shutting down and abandoning module WindowsNoEditorTargetPlatform (25)
[2015.11.01-19.11.48:048][463]LogModuleManager: Shutting down and abandoning module WindowsClientTargetPlatform (24)
[2015.11.01-19.11.48:048][463]LogModuleManager: Shutting down and abandoning module AllDesktopTargetPlatform (23)
[2015.11.01-19.11.48:048][463]LogModuleManager: Shutting down and abandoning module TargetPlatform (22)
[2015.11.01-19.11.48:048][463]LogModuleManager: Shutting down and abandoning module InputCore (21)
[2015.11.01-19.11.48:048][463]LogModuleManager: Shutting down and abandoning module Settings (20)
[2015.11.01-19.11.48:048][463]LogModuleManager: Shutting down and abandoning module OnlineSubsystem (18)
[2015.11.01-19.11.48:048][463]LogModuleManager: Shutting down and abandoning module HTTP (17)
[2015.11.01-19.11.49:050][463]LogModuleManager: Shutting down and abandoning module XMPP (16)
[2015.11.01-19.11.49:050][463]LogModuleManager: Shutting down and abandoning module ExampleDeviceProfileSelector (15)
[2015.11.01-19.11.49:050][463]LogModuleManager: Shutting down and abandoning module TextureCompressor (14)
[2015.11.01-19.11.49:050][463]LogModuleManager: Shutting down and abandoning module ShaderCore (13)
[2015.11.01-19.11.49:050][463]LogModuleManager: Shutting down and abandoning module Landscape (12)
[2015.11.01-19.11.49:050][463]LogModuleManager: Shutting down and abandoning module SlateRHIRenderer (11)
[2015.11.01-19.11.49:053][463]LogModuleManager: Shutting down and abandoning module OpenGLDrv (10)
[2015.11.01-19.11.49:053][463]LogModuleManager: Shutting down and abandoning module D3D11RHI (9)
[2015.11.01-19.11.49:053][463]LogModuleManager: Shutting down and abandoning module AnimGraphRuntime (8)
[2015.11.01-19.11.49:053][463]LogModuleManager: Shutting down and abandoning module Renderer (7)
[2015.11.01-19.11.49:053][463]LogModuleManager: Shutting down and abandoning module Engine (6)
[2015.11.01-19.11.49:053][463]LogModuleManager: Shutting down and abandoning module CoreUObject (5)
[2015.11.01-19.11.49:053][463]LogModuleManager: Shutting down and abandoning module NetworkFile (4)
[2015.11.01-19.11.49:053][463]LogModuleManager: Shutting down and abandoning module StreamingFile (3)
[2015.11.01-19.11.49:053][463]LogModuleManager: Shutting down and abandoning module SandboxFile (2)
[2015.11.01-19.11.49:053][463]LogModuleManager: Shutting down and abandoning module PakFile (1)
[2015.11.01-19.11.49:054][463]LogExit: Exiting.
[2015.11.01-19.11.49:055][463]Log file closed, 11/01/15 14:11:49
