"F:/My Media/UCF Documents/DIG 4725/Game-Files/SuperSpaceArmada/SuperSpaceArmada.uproject" 1
"../../../Engine/Plugins/2D/Paper2D/Paper2D.uplugin" 2
"../../../Engine/Plugins/Blendables/LightPropagationVolume/LightPropagationVolume.uplugin" 3
"../../../Engine/Plugins/Developer/BlankPlugin/BlankPlugin.uplugin" 4
"../../../Engine/Plugins/Developer/CodeLiteSourceCodeAccess/CodeLiteSourceCodeAccess.uplugin" 5
"../../../Engine/Plugins/Developer/GitSourceControl/GitSourceControl.uplugin" 6
"../../../Engine/Plugins/Developer/KDevelopSourceCodeAccess/KDevelopSourceCodeAccess.uplugin" 7
"../../../Engine/Plugins/Developer/NullSourceCodeAccess/NullSourceCodeAccess.uplugin" 8
"../../../Engine/Plugins/Developer/OneSkyLocalizationService/OneSkyLocalizationService.uplugin" 9
"../../../Engine/Plugins/Developer/PerforceSourceControl/PerforceSourceControl.uplugin" 10
"../../../Engine/Plugins/Developer/SubversionSourceControl/SubversionSourceControl.uplugin" 11
"../../../Engine/Plugins/Developer/UObjectPlugin/UObjectPlugin.uplugin" 12
"../../../Engine/Plugins/Developer/VisualStudioSourceCodeAccess/VisualStudioSourceCodeAccess.uplugin" 13
"../../../Engine/Plugins/Developer/XCodeSourceCodeAccess/XCodeSourceCodeAccess.uplugin" 14
"../../../Engine/Plugins/Editor/EpicSurvey/EpicSurvey.uplugin" 15
"../../../Engine/Plugins/Editor/MacGraphicsSwitching/MacGraphicsSwitching.uplugin" 16
"../../../Engine/Plugins/Editor/PluginBrowser/PluginBrowser.uplugin" 17
"../../../Engine/Plugins/Editor/SpeedTreeImporter/SpeedTreeImporter.uplugin" 18
"../../../Engine/Plugins/Experimental/BlueprintStats/BlueprintStats.uplugin" 19
"../../../Engine/Plugins/Experimental/CharacterAI/CharacterAI.uplugin" 20
"../../../Engine/Plugins/Experimental/CodeEditor/CodeEditor.uplugin" 21
"../../../Engine/Plugins/Experimental/CodeView/CodeView.uplugin" 22
"../../../Engine/Plugins/Experimental/HTML5Networking/HTML5Networking.uplugin" 23
"../../../Engine/Plugins/Experimental/LiveEditor/LiveEditor.uplugin" 24
"../../../Engine/Plugins/Experimental/Phya/Phya.uplugin" 25
"../../../Engine/Plugins/Experimental/SimpleHMD/SimpleHMD.uplugin" 26
"../../../Engine/Plugins/Experimental/StructBox/StructBox.uplugin" 27
"../../../Engine/Plugins/Marketplace/Substance/Substance.uplugin" 28
"../../../Engine/Plugins/Media/AndroidMedia/AndroidMedia.uplugin" 29
"../../../Engine/Plugins/Media/AvfMedia/AvfMedia.uplugin" 30
"../../../Engine/Plugins/Media/MediaPlayerEditor/MediaPlayerEditor.uplugin" 31
"../../../Engine/Plugins/Media/WmfMedia/WmfMedia.uplugin" 32
"../../../Engine/Plugins/Messaging/MessagingDebugger/MessagingDebugger.uplugin" 33
"../../../Engine/Plugins/Messaging/UdpMessaging/UdpMessaging.uplugin" 34
"../../../Engine/Plugins/NetcodeUnitTest/NetcodeUnitTest/NetcodeUnitTest.uplugin" 35
"../../../Engine/Plugins/NetcodeUnitTest/NUTUnrealEngine4/NUTUnrealEngine4.uplugin" 36
"../../../Engine/Plugins/Runtime/Advertising/IOSTapJoy/IOSTapJoy.uplugin" 37
"../../../Engine/Plugins/Runtime/Analytics/AnalyticsBlueprintLibrary/AnalyticsBlueprintLibrary.uplugin" 38
"../../../Engine/Plugins/Runtime/Analytics/AnalyticsMulticast/AnalyticsMulticast.uplugin" 39
"../../../Engine/Plugins/Runtime/Analytics/Apsalar/IOSApsalar/IOSApsalar.uplugin" 40
"../../../Engine/Plugins/Runtime/Analytics/FileLogging/FileLogging.uplugin" 41
"../../../Engine/Plugins/Runtime/Analytics/Flurry/IOSFlurry/IOSFlurry.uplugin" 42
"../../../Engine/Plugins/Runtime/AndroidDeviceProfileSelector/AndroidDeviceProfileSelector.uplugin" 43
"../../../Engine/Plugins/Runtime/AndroidMoviePlayer/AndroidMoviePlayer.uplugin" 44
"../../../Engine/Plugins/Runtime/AppleMoviePlayer/AppleMoviePlayer.uplugin" 45
"../../../Engine/Plugins/Runtime/ArchVisCharacter/ArchVisCharacter.uplugin" 46
"../../../Engine/Plugins/Runtime/CableComponent/CableComponent.uplugin" 47
"../../../Engine/Plugins/Runtime/CustomMeshComponent/CustomMeshComponent.uplugin" 48
"../../../Engine/Plugins/Runtime/ExampleDeviceProfileSelector/ExampleDeviceProfileSelector.uplugin" 49
"../../../Engine/Plugins/Runtime/GearVR/GearVR.uplugin" 50
"../../../Engine/Plugins/Runtime/IOSDeviceProfileSelector/IOSDeviceProfileSelector.uplugin" 51
"../../../Engine/Plugins/Runtime/LeapMotionController/LeapMotionController.uplugin" 52
"../../../Engine/Plugins/Runtime/LiveEditorListenServer/LiveEditorListenServer.uplugin" 53
"../../../Engine/Plugins/Runtime/OculusAudio/OculusAudio.uplugin" 54
"../../../Engine/Plugins/Runtime/OculusLibrary/OculusLibrary.uplugin" 55
"../../../Engine/Plugins/Runtime/OculusRift/OculusRift.uplugin" 56
"../../../Engine/Plugins/Runtime/ProceduralMeshComponent/ProceduralMeshComponent.uplugin" 57
"../../../Engine/Plugins/Runtime/SoundMod/SoundMod.uplugin" 58
"../../../Engine/Plugins/Runtime/SoundVisualizations/SoundVisualizations.uplugin" 59
"../../../Engine/Plugins/Runtime/Steam/SteamController/SteamController.uplugin" 60
"../../../Engine/Plugins/Runtime/Steam/SteamVR/SteamVR.uplugin" 61
"../../../Engine/Plugins/Runtime/WebBrowserWidget/WebBrowserWidget.uplugin" 62
"../../../Engine/Plugins/Runtime/WindowsDeviceProfileSelector/WindowsDeviceProfileSelector.uplugin" 63
"../../../Engine/Plugins/Runtime/WindowsMoviePlayer/WindowsMoviePlayer.uplugin" 64
"../../../Engine/Plugins/ScriptGeneratorPlugin/ScriptGeneratorPlugin.uplugin" 65
"../../../Engine/Plugins/ScriptPlugin/ScriptPlugin.uplugin" 66
"../../../Engine/Plugins/Slate/SlateRemote/SlateRemote.uplugin" 67
"..\..\..\Engine\Content\Internationalization\icudt53l\cnvalias.icu" 68
"..\..\..\Engine\Content\Internationalization\icudt53l\en_US_POSIX.res" 69
"..\..\..\Engine\Content\Internationalization\icudt53l\pool.res" 70
"..\..\..\Engine\Content\Internationalization\icudt53l\en_US.res" 71
"..\..\..\Engine\Content\Internationalization\icudt53l\en.res" 72
"..\..\..\Engine\Content\Internationalization\icudt53l\root.res" 73
"C:/Users/aehrlich92/AppData/Local/UnrealEngine/4.9/Saved/Config/Windows/Manifest.ini" 74
"../../../Engine/Config/Base.ini" 75
"../../../Engine/Config/BaseEngine.ini" 76
"F:/My Media/UCF Documents/DIG 4725/Game-Files/SuperSpaceArmada/Config/DefaultEngine.ini" 77
"../../../Engine/Config/Windows/WindowsEngine.ini" 78
"F:/My Media/UCF Documents/DIG 4725/Game-Files/SuperSpaceArmada/Saved/Config/Windows/Engine.ini" 79
"../../../../../../../My Media/UCF Documents/DIG 4725/Game-Files/SuperSpaceArmada/Intermediate/Config/CoalescedSourceConfigs/Engine.ini" 80
"../../../Engine/Config/BaseGame.ini" 81
"F:/My Media/UCF Documents/DIG 4725/Game-Files/SuperSpaceArmada/Config/DefaultGame.ini" 82
"F:/My Media/UCF Documents/DIG 4725/Game-Files/SuperSpaceArmada/Saved/Config/Windows/Game.ini" 83
"../../../../../../../My Media/UCF Documents/DIG 4725/Game-Files/SuperSpaceArmada/Intermediate/Config/CoalescedSourceConfigs/Game.ini" 84
"../../../Engine/Config/BaseInput.ini" 85
"F:/My Media/UCF Documents/DIG 4725/Game-Files/SuperSpaceArmada/Config/DefaultInput.ini" 86
"F:/My Media/UCF Documents/DIG 4725/Game-Files/SuperSpaceArmada/Saved/Config/Windows/Input.ini" 87
"../../../../../../../My Media/UCF Documents/DIG 4725/Game-Files/SuperSpaceArmada/Intermediate/Config/CoalescedSourceConfigs/Input.ini" 88
"../../../Engine/Config/BaseEditor.ini" 89
"F:/My Media/UCF Documents/DIG 4725/Game-Files/SuperSpaceArmada/Config/DefaultEditor.ini" 90
"F:/My Media/UCF Documents/DIG 4725/Game-Files/SuperSpaceArmada/Saved/Config/Windows/Editor.ini" 91
"../../../../../../../My Media/UCF Documents/DIG 4725/Game-Files/SuperSpaceArmada/Intermediate/Config/CoalescedSourceConfigs/Editor.ini" 92
"../../../../../../../My Media/UCF Documents/DIG 4725/Game-Files/SuperSpaceArmada/Saved/Config/Windows/EditorUserSettings.ini" 93
"../../../Engine/Config/BaseEditorPerProjectUserSettings.ini" 94
"F:/My Media/UCF Documents/DIG 4725/Game-Files/SuperSpaceArmada/Config/DefaultEditorPerProjectUserSettings.ini" 95
"F:/My Media/UCF Documents/DIG 4725/Game-Files/SuperSpaceArmada/Saved/Config/Windows/EditorPerProjectUserSettings.ini" 96
"../../../../../../../My Media/UCF Documents/DIG 4725/Game-Files/SuperSpaceArmada/Intermediate/Config/CoalescedSourceConfigs/EditorPerProjectUserSettings.ini" 97
"../../../Engine/Config/BaseEditorSettings.ini" 98
"C:/Users/aehrlich92/AppData/Local/UnrealEngine/4.9/Saved/Config/Windows/EditorSettings.ini" 99
"../../../../../../../My Media/UCF Documents/DIG 4725/Game-Files/SuperSpaceArmada/Intermediate/Config/CoalescedSourceConfigs/EditorSettings.ini" 100
"../../../Engine/Config/BaseEditorLayout.ini" 101
"C:/Users/aehrlich92/AppData/Local/UnrealEngine/4.9/Saved/Config/Windows/EditorLayout.ini" 102
"../../../../../../../My Media/UCF Documents/DIG 4725/Game-Files/SuperSpaceArmada/Intermediate/Config/CoalescedSourceConfigs/EditorLayout.ini" 103
"../../../Engine/Config/BaseEditorKeyBindings.ini" 104
"C:/Users/aehrlich92/AppData/Local/UnrealEngine/4.9/Saved/Config/Windows/EditorKeyBindings.ini" 105
"../../../../../../../My Media/UCF Documents/DIG 4725/Game-Files/SuperSpaceArmada/Intermediate/Config/CoalescedSourceConfigs/EditorKeyBindings.ini" 106
"../../../Engine/Config/BaseCompat.ini" 107
"F:/My Media/UCF Documents/DIG 4725/Game-Files/SuperSpaceArmada/Saved/Config/Windows/Compat.ini" 108
"../../../../../../../My Media/UCF Documents/DIG 4725/Game-Files/SuperSpaceArmada/Intermediate/Config/CoalescedSourceConfigs/Compat.ini" 109
"../../../Engine/Config/BaseLightmass.ini" 110
"F:/My Media/UCF Documents/DIG 4725/Game-Files/SuperSpaceArmada/Saved/Config/Windows/Lightmass.ini" 111
"../../../../../../../My Media/UCF Documents/DIG 4725/Game-Files/SuperSpaceArmada/Intermediate/Config/CoalescedSourceConfigs/Lightmass.ini" 112
"../../../Engine/Config/BaseScalability.ini" 113
"F:/My Media/UCF Documents/DIG 4725/Game-Files/SuperSpaceArmada/Saved/Config/Windows/Scalability.ini" 114
"../../../../../../../My Media/UCF Documents/DIG 4725/Game-Files/SuperSpaceArmada/Intermediate/Config/CoalescedSourceConfigs/Scalability.ini" 115
"F:/My Media/UCF Documents/DIG 4725/Game-Files/SuperSpaceArmada/Saved/Config/Windows/GameUserSettings.ini" 116
"../../../../../../../My Media/UCF Documents/DIG 4725/Game-Files/SuperSpaceArmada/Intermediate/Config/CoalescedSourceConfigs/GameUserSettings.ini" 117
"../../../Engine/Config/BaseDeviceProfiles.ini" 118
"F:/My Media/UCF Documents/DIG 4725/Game-Files/SuperSpaceArmada/Saved/Config/Windows/DeviceProfiles.ini" 119
"../../../../../../../My Media/UCF Documents/DIG 4725/Game-Files/SuperSpaceArmada/Intermediate/Config/CoalescedSourceConfigs/DeviceProfiles.ini" 120
"../../../Engine/Config/ConsoleVariables.ini" 121
"..\..\..\Engine\Content\Internationalization\icudt53l\es.res" 122
"..\..\..\Engine\Content\Internationalization\icudt53l\ja.res" 123
"..\..\..\Engine\Content\Internationalization\icudt53l\ko.res" 124
"..\..\..\Engine\Content\Internationalization\icudt53l\pt_BR.res" 125
"..\..\..\Engine\Content\Internationalization\icudt53l\pt.res" 126
"..\..\..\Engine\Content\Internationalization\icudt53l\zh_CN.res" 127
"..\..\..\Engine\Content\Internationalization\icudt53l\zh_Hans_CN.res" 128
"..\..\..\Engine\Content\Internationalization\icudt53l\zh_Hans.res" 129
"..\..\..\Engine\Content\Internationalization\icudt53l\zh.res" 130
"F:/Program Files/Unreal/Epic Games/4.9/Engine/Content/Localization/Editor/en/Editor.locres" 131
"F:/Program Files/Unreal/Epic Games/4.9/Engine/Content/Localization/EditorTutorials/en/EditorTutorials.locres" 132
"F:/Program Files/Unreal/Epic Games/4.9/Engine/Content/Localization/Keywords/en/Keywords.locres" 133
"F:/Program Files/Unreal/Epic Games/4.9/Engine/Content/Localization/Category/en/Category.locres" 134
"F:/Program Files/Unreal/Epic Games/4.9/Engine/Content/Localization/ToolTips/en/ToolTips.locres" 135
"F:/Program Files/Unreal/Epic Games/4.9/Engine/Content/Localization/PropertyNames/en/PropertyNames.locres" 136
"F:/Program Files/Unreal/Epic Games/4.9/Engine/Content/Localization/Engine/en/Engine.locres" 137
"../../../Engine/Content/Slate/Fonts/Roboto-Regular.ttf" 138
"../../../Engine/Content/Slate/Fonts/DroidSansMono.ttf" 139
"../../../Engine/Content/Slate/Fonts/Roboto-Bold.ttf" 140
"../../../Engine/Content/Slate/Fonts/Roboto-Light.ttf" 141
"F:/Program Files/Unreal/Epic Games/4.9/Engine/Binaries/Win64/../../../Engine/Shaders/ParticleSpriteVertexFactory.usf" 142
"F:/Program Files/Unreal/Epic Games/4.9/Engine/Binaries/Win64/../../../Engine/Shaders/VertexFactoryCommon.usf" 143
"F:/Program Files/Unreal/Epic Games/4.9/Engine/Binaries/Win64/../../../Engine/Shaders/Common.usf" 144
"F:/Program Files/Unreal/Epic Games/4.9/Engine/Binaries/Win64/../../../Engine/Shaders/MetalCommon.usf" 145
"F:/Program Files/Unreal/Epic Games/4.9/Engine/Binaries/Win64/../../../Engine/Shaders/ShaderVersion.usf" 146
"F:/Program Files/Unreal/Epic Games/4.9/Engine/Binaries/Win64/../../../Engine/Shaders/CommonViewUniformBuffer.usf" 147
"F:/Program Files/Unreal/Epic Games/4.9/Engine/Binaries/Win64/../../../Engine/Shaders/Definitions.usf" 148
"F:/Program Files/Unreal/Epic Games/4.9/Engine/Binaries/Win64/../../../Engine/Shaders/Random.usf" 149
"F:/Program Files/Unreal/Epic Games/4.9/Engine/Binaries/Win64/../../../Engine/Shaders/ParticleVertexFactoryCommon.usf" 150
"F:/Program Files/Unreal/Epic Games/4.9/Engine/Binaries/Win64/../../../Engine/Shaders/ParticleGPUSpriteVertexFactory.usf" 151
"F:/Program Files/Unreal/Epic Games/4.9/Engine/Binaries/Win64/../../../Engine/Shaders/ParticleBeamTrailVertexFactory.usf" 152
"F:/Program Files/Unreal/Epic Games/4.9/Engine/Binaries/Win64/../../../Engine/Shaders/LocalVertexFactory.usf" 153
"F:/Program Files/Unreal/Epic Games/4.9/Engine/Binaries/Win64/../../../Engine/Shaders/LocalVertexFactoryCommon.usf" 154
"F:/Program Files/Unreal/Epic Games/4.9/Engine/Binaries/Win64/../../../Engine/Shaders/VectorFieldVisualizationVertexFactory.usf" 155
"F:/Program Files/Unreal/Epic Games/4.9/Engine/Binaries/Win64/../../../Engine/Shaders/MeshParticleVertexFactory.usf" 156
"F:/Program Files/Unreal/Epic Games/4.9/Engine/Binaries/Win64/../../../Engine/Shaders/GpuSkinVertexFactory.usf" 157
"F:/Program Files/Unreal/Epic Games/4.9/Engine/Binaries/Win64/../../../Engine/Shaders/GpuSkinCacheCommon.usf" 158
"F:/Program Files/Unreal/Epic Games/4.9/Engine/Binaries/Win64/../../../Engine/Shaders/LandscapeVertexFactory.usf" 159
"F:/Program Files/Unreal/Epic Games/4.9/Engine/Binaries/Win64/../../../Engine/Shaders/SlateElementPixelShader.usf" 160
"F:/Program Files/Unreal/Epic Games/4.9/Engine/Binaries/Win64/../../../Engine/Shaders/GammaCorrectionCommon.usf" 161
"F:/Program Files/Unreal/Epic Games/4.9/Engine/Binaries/Win64/../../../Engine/Shaders/MaterialTemplate.usf" 162
"F:/Program Files/Unreal/Epic Games/4.9/Engine/Binaries/Win64/../../../Engine/Shaders/DepthOfFieldCommon.usf" 163
"F:/Program Files/Unreal/Epic Games/4.9/Engine/Binaries/Win64/../../../Engine/Shaders/GlobalDistanceFieldShared.usf" 164
"F:/Program Files/Unreal/Epic Games/4.9/Engine/Binaries/Win64/../../../Engine/Shaders/SpeedTreeCommon.usf" 165
"F:/Program Files/Unreal/Epic Games/4.9/Engine/Binaries/Win64/../../../Engine/Shaders/AtmosphereCommon.usf" 166
"F:/Program Files/Unreal/Epic Games/4.9/Engine/Binaries/Win64/../../../Engine/Shaders/PaniniProjection.usf" 167
"F:/Program Files/Unreal/Epic Games/4.9/Engine/Binaries/Win64/../../../Engine/Shaders/EyeAdaptationCommon.usf" 168
"F:/Program Files/Unreal/Epic Games/4.9/Engine/Binaries/Win64/../../../Engine/Shaders/PostProcessCommon.usf" 169
"F:/Program Files/Unreal/Epic Games/4.9/Engine/Binaries/Win64/../../../Engine/Shaders/DeferredShadingCommon.usf" 170
"F:/Program Files/Unreal/Epic Games/4.9/Engine/Binaries/Win64/../../../Engine/Shaders/LightAccumulator.usf" 171
"F:/Program Files/Unreal/Epic Games/4.9/Engine/Binaries/Win64/../../../Engine/Shaders/SlateVertexShader.usf" 172
"F:/Program Files/Unreal/Epic Games/4.9/Engine/Binaries/Win64/../../../Engine/Shaders/ParticleSortKeyGen.usf" 173
"F:/Program Files/Unreal/Epic Games/4.9/Engine/Binaries/Win64/../../../Engine/Shaders/ParticleBoundsShader.usf" 174
"F:/Program Files/Unreal/Epic Games/4.9/Engine/Binaries/Win64/../../../Engine/Shaders/ParticleSimVisualizeShader.usf" 175
"F:/Program Files/Unreal/Epic Games/4.9/Engine/Binaries/Win64/../../../Engine/Shaders/ParticleInjectionShader.usf" 176
"F:/Program Files/Unreal/Epic Games/4.9/Engine/Binaries/Win64/../../../Engine/Shaders/ParticleSimulationShader.usf" 177
"F:/Program Files/Unreal/Epic Games/4.9/Engine/Binaries/Win64/../../../Engine/Shaders/ParticleCurveInjectionShader.usf" 178
"F:/Program Files/Unreal/Epic Games/4.9/Engine/Binaries/Win64/../../../Engine/Shaders/VectorFieldCompositeShaders.usf" 179
"F:/Program Files/Unreal/Epic Games/4.9/Engine/Binaries/Win64/../../../Engine/Shaders/UpdateTextureShaders.usf" 180
"F:/Program Files/Unreal/Epic Games/4.9/Engine/Binaries/Win64/../../../Engine/Shaders/SimpleElementColorChannelMaskPixelShader.usf" 181
"F:/Program Files/Unreal/Epic Games/4.9/Engine/Binaries/Win64/../../../Engine/Shaders/SimpleElementPixelShader.usf" 182
"F:/Program Files/Unreal/Epic Games/4.9/Engine/Binaries/Win64/../../../Engine/Shaders/ColorUtils.usf" 183
"F:/Program Files/Unreal/Epic Games/4.9/Engine/Binaries/Win64/../../../Engine/Shaders/IESLightProfilesCommon.usf" 184
"F:/Program Files/Unreal/Epic Games/4.9/Engine/Binaries/Win64/../../../Engine/Shaders/SimpleElementHitProxyPixelShader.usf" 185
"F:/Program Files/Unreal/Epic Games/4.9/Engine/Binaries/Win64/../../../Engine/Shaders/SimpleElementVertexShader.usf" 186
"F:/Program Files/Unreal/Epic Games/4.9/Engine/Binaries/Win64/../../../Engine/Shaders/ScreenVertexShader.usf" 187
"F:/Program Files/Unreal/Epic Games/4.9/Engine/Binaries/Win64/../../../Engine/Shaders/ScreenPixelShader.usf" 188
"F:/Program Files/Unreal/Epic Games/4.9/Engine/Binaries/Win64/../../../Engine/Shaders/RadixSortShaders.usf" 189
"F:/Program Files/Unreal/Epic Games/4.9/Engine/Binaries/Win64/../../../Engine/Shaders/GpuSkinCacheComputeShader.usf" 190
"F:/Program Files/Unreal/Epic Games/4.9/Engine/Binaries/Win64/../../../Engine/Shaders/NullPixelShader.usf" 191
"F:/Program Files/Unreal/Epic Games/4.9/Engine/Binaries/Win64/../../../Engine/Shaders/LandscapeGrassWeight.usf" 192
"F:/Program Files/Unreal/Epic Games/4.9/Engine/Binaries/Win64/../../../Engine/Shaders/VisualizeTexture.usf" 193
"F:/Program Files/Unreal/Epic Games/4.9/Engine/Binaries/Win64/../../../Engine/Shaders/ScreenSpaceReflections.usf" 194
"F:/Program Files/Unreal/Epic Games/4.9/Engine/Binaries/Win64/../../../Engine/Shaders/BRDF.usf" 195
"F:/Program Files/Unreal/Epic Games/4.9/Engine/Binaries/Win64/../../../Engine/Shaders/MonteCarlo.usf" 196
"F:/Program Files/Unreal/Epic Games/4.9/Engine/Binaries/Win64/../../../Engine/Shaders/ScreenSpaceRayCast.usf" 197
"F:/Program Files/Unreal/Epic Games/4.9/Engine/Binaries/Win64/../../../Engine/Shaders/FilterVertexShader.usf" 198
"F:/Program Files/Unreal/Epic Games/4.9/Engine/Binaries/Win64/../../../Engine/Shaders/FilterPixelShader.usf" 199
"F:/Program Files/Unreal/Epic Games/4.9/Engine/Binaries/Win64/../../../Engine/Shaders/PostProcessVisualizeHDR.usf" 200
"F:/Program Files/Unreal/Epic Games/4.9/Engine/Binaries/Win64/../../../Engine/Shaders/PostProcessHistogramCommon.usf" 201
"F:/Program Files/Unreal/Epic Games/4.9/Engine/Binaries/Win64/../../../Engine/Shaders/TonemapCommon.usf" 202
"F:/Program Files/Unreal/Epic Games/4.9/Engine/Binaries/Win64/../../../Engine/Shaders/ACES.usf" 203
"F:/Program Files/Unreal/Epic Games/4.9/Engine/Binaries/Win64/../../../Engine/Shaders/MiniFontCommon.usf" 204
"F:/Program Files/Unreal/Epic Games/4.9/Engine/Binaries/Win64/../../../Engine/Shaders/PostProcessVisualizeBuffer.usf" 205
"F:/Program Files/Unreal/Epic Games/4.9/Engine/Binaries/Win64/../../../Engine/Shaders/PostProcessUpscale.usf" 206
"F:/Program Files/Unreal/Epic Games/4.9/Engine/Binaries/Win64/../../../Engine/Shaders/PostProcessTonemap.usf" 207
"F:/Program Files/Unreal/Epic Games/4.9/Engine/Binaries/Win64/../../../Engine/Shaders/PostProcessTestImage.usf" 208
"F:/Program Files/Unreal/Epic Games/4.9/Engine/Binaries/Win64/../../../Engine/Shaders/PostProcessTemporalAA.usf" 209
"F:/Program Files/Unreal/Epic Games/4.9/Engine/Binaries/Win64/../../../Engine/Shaders/PostProcessTemporalCommon.usf" 210
"F:/Program Files/Unreal/Epic Games/4.9/Engine/Binaries/Win64/../../../Engine/Shaders/PostProcessSubsurface.usf" 211
"F:/Program Files/Unreal/Epic Games/4.9/Engine/Binaries/Win64/../../../Engine/Shaders/SeparableSSS.usf" 212
"F:/Program Files/Unreal/Epic Games/4.9/Engine/Binaries/Win64/../../../Engine/Shaders/PostProcessSelectionOutline.usf" 213
"F:/Program Files/Unreal/Epic Games/4.9/Engine/Binaries/Win64/../../../Engine/Shaders/PostProcessSceneColorFringe.usf" 214
"F:/Program Files/Unreal/Epic Games/4.9/Engine/Binaries/Win64/../../../Engine/Shaders/PostProcessNoiseBlur.usf" 215
"F:/Program Files/Unreal/Epic Games/4.9/Engine/Binaries/Win64/../../../Engine/Shaders/PostProcessMotionBlur.usf" 216
"F:/Program Files/Unreal/Epic Games/4.9/Engine/Binaries/Win64/../../../Engine/Shaders/FastMath.usf" 217
"F:/Program Files/Unreal/Epic Games/4.9/Engine/Binaries/Win64/../../../Engine/Shaders/PostProcessVelocityFlatten.usf" 218
"F:/Program Files/Unreal/Epic Games/4.9/Engine/Binaries/Win64/../../../Engine/Shaders/MorpheusInclude.usf" 219
"F:/Program Files/Unreal/Epic Games/4.9/Engine/Binaries/Win64/../../../Engine/Shaders/PostProcessMobile.usf" 220
"F:/Program Files/Unreal/Epic Games/4.9/Engine/Binaries/Win64/../../../Engine/Shaders/PostProcessMaterialShaders.usf" 221
"F:/Program Files/Unreal/Epic Games/4.9/Engine/Binaries/Win64/../../../Engine/Shaders/PostProcessLensFlares.usf" 222
"F:/Program Files/Unreal/Epic Games/4.9/Engine/Binaries/Win64/../../../Engine/Shaders/PostProcessLensBlur.usf" 223
"F:/Program Files/Unreal/Epic Games/4.9/Engine/Binaries/Win64/../../../Engine/Shaders/PostProcessBloom.usf" 224
"F:/Program Files/Unreal/Epic Games/4.9/Engine/Binaries/Win64/../../../Engine/Shaders/PostProcessHMD.usf" 225
"F:/Program Files/Unreal/Epic Games/4.9/Engine/Binaries/Win64/../../../Engine/Shaders/PostProcessHistogramReduce.usf" 226
"F:/Program Files/Unreal/Epic Games/4.9/Engine/Binaries/Win64/../../../Engine/Shaders/PostProcessHistogram.usf" 227
"F:/Program Files/Unreal/Epic Games/4.9/Engine/Binaries/Win64/../../../Engine/Shaders/PostProcessHierarchical.usf" 228
"F:/Program Files/Unreal/Epic Games/4.9/Engine/Binaries/Win64/../../../Engine/Shaders/PostProcessGBufferHints.usf" 229
"F:/Program Files/Unreal/Epic Games/4.9/Engine/Binaries/Win64/../../../Engine/Shaders/PostProcessEyeAdaptation.usf" 230
"F:/Program Files/Unreal/Epic Games/4.9/Engine/Binaries/Win64/../../../Engine/Shaders/PostProcessDownsample.usf" 231
"F:/Program Files/Unreal/Epic Games/4.9/Engine/Binaries/Win64/../../../Engine/Shaders/PostProcessDOF.usf" 232
"F:/Program Files/Unreal/Epic Games/4.9/Engine/Binaries/Win64/../../../Engine/Shaders/PostProcessCompositeEditorPrimitives.usf" 233
"F:/Program Files/Unreal/Epic Games/4.9/Engine/Binaries/Win64/../../../Engine/Shaders/PostProcessCombineLUTs.usf" 234
"F:/Program Files/Unreal/Epic Games/4.9/Engine/Binaries/Win64/../../../Engine/Shaders/PostProcessCircleDOF.usf" 235
"F:/Program Files/Unreal/Epic Games/4.9/Engine/Binaries/Win64/../../../Engine/Shaders/CircleDOFCommon.usf" 236
"F:/Program Files/Unreal/Epic Games/4.9/Engine/Binaries/Win64/../../../Engine/Shaders/PostProcessBusyWait.usf" 237
"F:/Program Files/Unreal/Epic Games/4.9/Engine/Binaries/Win64/../../../Engine/Shaders/PostProcessBokehDOF.usf" 238
"F:/Program Files/Unreal/Epic Games/4.9/Engine/Binaries/Win64/../../../Engine/Shaders/PostProcessVisualizeDOF.usf" 239
"F:/Program Files/Unreal/Epic Games/4.9/Engine/Binaries/Win64/../../../Engine/Shaders/FXAAShader.usf" 240
"F:/Program Files/Unreal/Epic Games/4.9/Engine/Binaries/Win64/../../../Engine/Shaders/Fxaa3_11.usf" 241
"F:/Program Files/Unreal/Epic Games/4.9/Engine/Binaries/Win64/../../../Engine/Shaders/PostProcessPassThrough.usf" 242
"F:/Program Files/Unreal/Epic Games/4.9/Engine/Binaries/Win64/../../../Engine/Shaders/PostProcessLpvIndirect.usf" 243
"F:/Program Files/Unreal/Epic Games/4.9/Engine/Binaries/Win64/../../../Engine/Shaders/DeferredLightingCommon.usf" 244
"F:/Program Files/Unreal/Epic Games/4.9/Engine/Binaries/Win64/../../../Engine/Shaders/DynamicLightingCommon.usf" 245
"F:/Program Files/Unreal/Epic Games/4.9/Engine/Binaries/Win64/../../../Engine/Shaders/ShadingModels.usf" 246
"F:/Program Files/Unreal/Epic Games/4.9/Engine/Binaries/Win64/../../../Engine/Shaders/LPVFinalPass.usf" 247
"F:/Program Files/Unreal/Epic Games/4.9/Engine/Binaries/Win64/../../../Engine/Shaders/LPVCommon.usf" 248
"F:/Program Files/Unreal/Epic Games/4.9/Engine/Binaries/Win64/../../../Engine/Shaders/DeferredDecal.usf" 249
"F:/Program Files/Unreal/Epic Games/4.9/Engine/Binaries/Win64/../../../Engine/Shaders/PostProcessAmbientOcclusion.usf" 250
"F:/Program Files/Unreal/Epic Games/4.9/Engine/Binaries/Win64/../../../Engine/Shaders/PostProcessAmbient.usf" 251
"F:/Program Files/Unreal/Epic Games/4.9/Engine/Binaries/Win64/../../../Engine/Shaders/CubemapCommon.usf" 252
"F:/Program Files/Unreal/Epic Games/4.9/Engine/Binaries/Win64/../../../Engine/Shaders/VelocityShader.usf" 253
"F:/Program Files/Unreal/Epic Games/4.9/Engine/Binaries/Win64/../../../Engine/Shaders/VelocityCommon.usf" 254
"F:/Program Files/Unreal/Epic Games/4.9/Engine/Binaries/Win64/../../../Engine/Shaders/Tessellation.usf" 255
"F:/Program Files/Unreal/Epic Games/4.9/Engine/Binaries/Win64/../../../Engine/Shaders/FlatTessellation.usf" 256
"F:/Program Files/Unreal/Epic Games/4.9/Engine/Binaries/Win64/../../../Engine/Shaders/PNTriangles.usf" 257
"F:/Program Files/Unreal/Epic Games/4.9/Engine/Binaries/Win64/../../../Engine/Shaders/TranslucentLightingShaders.usf" 258
"F:/Program Files/Unreal/Epic Games/4.9/Engine/Binaries/Win64/../../../Engine/Shaders/SHCommon.usf" 259
"F:/Program Files/Unreal/Epic Games/4.9/Engine/Binaries/Win64/../../../Engine/Shaders/ShadowProjectionCommon.usf" 260
"F:/Program Files/Unreal/Epic Games/4.9/Engine/Binaries/Win64/../../../Engine/Shaders/TranslucentLightInjectionShaders.usf" 261
"F:/Program Files/Unreal/Epic Games/4.9/Engine/Binaries/Win64/../../../Engine/Shaders/LightFunctionCommon.usf" 262
"F:/Program Files/Unreal/Epic Games/4.9/Engine/Binaries/Win64/../../../Engine/Shaders/TranslucentShadowDepthShaders.usf" 263
"F:/Program Files/Unreal/Epic Games/4.9/Engine/Binaries/Win64/../../../Engine/Shaders/ShadowDepthCommon.usf" 264
"F:/Program Files/Unreal/Epic Games/4.9/Engine/Binaries/Win64/../../../Engine/Shaders/TiledDeferredLightShaders.usf" 265
"F:/Program Files/Unreal/Epic Games/4.9/Engine/Binaries/Win64/../../../Engine/Shaders/SurfelTree.usf" 266
"F:/Program Files/Unreal/Epic Games/4.9/Engine/Binaries/Win64/../../../Engine/Shaders/DistanceFieldLightingShared.usf" 267
"F:/Program Files/Unreal/Epic Games/4.9/Engine/Binaries/Win64/../../../Engine/Shaders/SurfelMaterialShared.usf" 268
"F:/Program Files/Unreal/Epic Games/4.9/Engine/Binaries/Win64/../../../Engine/Shaders/DistanceFieldAOShared.usf" 269
"F:/Program Files/Unreal/Epic Games/4.9/Engine/Binaries/Win64/../../../Engine/Shaders/ShadowProjectionPixelShader.usf" 270
"F:/Program Files/Unreal/Epic Games/4.9/Engine/Binaries/Win64/../../../Engine/Shaders/ShadowFilteringCommon.usf" 271
"F:/Program Files/Unreal/Epic Games/4.9/Engine/Binaries/Win64/../../../Engine/Shaders/ShadowProjectionVertexShader.usf" 272
"F:/Program Files/Unreal/Epic Games/4.9/Engine/Binaries/Win64/../../../Engine/Shaders/ShadowDepthPixelShader.usf" 273
"F:/Program Files/Unreal/Epic Games/4.9/Engine/Binaries/Win64/../../../Engine/Shaders/LPVWriteVplCommon.usf" 274
"F:/Program Files/Unreal/Epic Games/4.9/Engine/Binaries/Win64/../../../Engine/Shaders/LPVWriteCommon.usf" 275
"F:/Program Files/Unreal/Epic Games/4.9/Engine/Binaries/Win64/../../../Engine/Shaders/ShadowDepthVertexShader.usf" 276
"F:/Program Files/Unreal/Epic Games/4.9/Engine/Binaries/Win64/../../../Engine/Shaders/ShaderComplexityApplyPixelShader.usf" 277
"F:/Program Files/Unreal/Epic Games/4.9/Engine/Binaries/Win64/../../../Engine/Shaders/ShaderComplexityApplyVertexShader.usf" 278
"F:/Program Files/Unreal/Epic Games/4.9/Engine/Binaries/Win64/../../../Engine/Shaders/ShaderComplexityAccumulatePixelShader.usf" 279
"F:/Program Files/Unreal/Epic Games/4.9/Engine/Binaries/Win64/../../../Engine/Shaders/HZBOcclusion.usf" 280
"F:/Program Files/Unreal/Epic Games/4.9/Engine/Binaries/Win64/../../../Engine/Shaders/OcclusionQueryVertexShader.usf" 281
"F:/Program Files/Unreal/Epic Games/4.9/Engine/Binaries/Win64/../../../Engine/Shaders/HitProxyPixelShader.usf" 282
"F:/Program Files/Unreal/Epic Games/4.9/Engine/Binaries/Win64/../../../Engine/Shaders/HitProxyVertexShader.usf" 283
"F:/Program Files/Unreal/Epic Games/4.9/Engine/Binaries/Win64/../../../Engine/Shaders/ReflectionEnvironmentShaders.usf" 284
"F:/Program Files/Unreal/Epic Games/4.9/Engine/Binaries/Win64/../../../Engine/Shaders/ReflectionEnvironmentShared.usf" 285
"F:/Program Files/Unreal/Epic Games/4.9/Engine/Binaries/Win64/../../../Engine/Shaders/SkyLightingShared.usf" 286
"F:/Program Files/Unreal/Epic Games/4.9/Engine/Binaries/Win64/../../../Engine/Shaders/ReflectionEnvironmentComputeShaders.usf" 287
"F:/Program Files/Unreal/Epic Games/4.9/Engine/Binaries/Win64/../../../Engine/Shaders/LightShaftShader.usf" 288
"F:/Program Files/Unreal/Epic Games/4.9/Engine/Binaries/Win64/../../../Engine/Shaders/StationaryLightOverlapShaders.usf" 289
"F:/Program Files/Unreal/Epic Games/4.9/Engine/Binaries/Win64/../../../Engine/Shaders/DeferredLightPixelShaders.usf" 290
"F:/Program Files/Unreal/Epic Games/4.9/Engine/Binaries/Win64/../../../Engine/Shaders/DeferredLightVertexShaders.usf" 291
"F:/Program Files/Unreal/Epic Games/4.9/Engine/Binaries/Win64/../../../Engine/Shaders/LPVVisualise.usf" 292
"F:/Program Files/Unreal/Epic Games/4.9/Engine/Binaries/Win64/../../../Engine/Shaders/LPVGeometryVolumeCommon.usf" 293
"F:/Program Files/Unreal/Epic Games/4.9/Engine/Binaries/Win64/../../../Engine/Shaders/LPVDirectLightInject.usf" 294
"F:/Program Files/Unreal/Epic Games/4.9/Engine/Binaries/Win64/../../../Engine/Shaders/LPVPropagate.usf" 295
"F:/Program Files/Unreal/Epic Games/4.9/Engine/Binaries/Win64/../../../Engine/Shaders/LPVPacking.usf" 296
"F:/Program Files/Unreal/Epic Games/4.9/Engine/Binaries/Win64/../../../Engine/Shaders/LPVBuildGeometryVolume.usf" 297
"F:/Program Files/Unreal/Epic Games/4.9/Engine/Binaries/Win64/../../../Engine/Shaders/LpvDirectionalOcclusion.usf" 298
"F:/Program Files/Unreal/Epic Games/4.9/Engine/Binaries/Win64/../../../Engine/Shaders/LPVInject_AccumulateVplLists.usf" 299
"F:/Program Files/Unreal/Epic Games/4.9/Engine/Binaries/Win64/../../../Engine/Shaders/LPVInject_GenerateVplLists.usf" 300
"F:/Program Files/Unreal/Epic Games/4.9/Engine/Binaries/Win64/../../../Engine/Shaders/LPVClearLists.usf" 301
"F:/Program Files/Unreal/Epic Games/4.9/Engine/Binaries/Win64/../../../Engine/Shaders/LPVClear.usf" 302
"F:/Program Files/Unreal/Epic Games/4.9/Engine/Binaries/Win64/../../../Engine/Shaders/LightMapDensityShader.usf" 303
"F:/Program Files/Unreal/Epic Games/4.9/Engine/Binaries/Win64/../../../Engine/Shaders/LightFunctionPixelShader.usf" 304
"F:/Program Files/Unreal/Epic Games/4.9/Engine/Binaries/Win64/../../../Engine/Shaders/LightFunctionVertexShader.usf" 305
"F:/Program Files/Unreal/Epic Games/4.9/Engine/Binaries/Win64/../../../Engine/Shaders/HeightfieldLighting.usf" 306
"F:/Program Files/Unreal/Epic Games/4.9/Engine/Binaries/Win64/../../../Engine/Shaders/DistanceFieldShadowingShared.usf" 307
"F:/Program Files/Unreal/Epic Games/4.9/Engine/Binaries/Win64/../../../Engine/Shaders/HdrCustomResolveShaders.usf" 308
"F:/Program Files/Unreal/Epic Games/4.9/Engine/Binaries/Win64/../../../Engine/Shaders/GPUBenchmark.usf" 309
"F:/Program Files/Unreal/Epic Games/4.9/Engine/Binaries/Win64/../../../Engine/Shaders/GlobalDistanceField.usf" 310
"F:/Program Files/Unreal/Epic Games/4.9/Engine/Binaries/Win64/../../../Engine/Shaders/GammaCorrection.usf" 311
"F:/Program Files/Unreal/Epic Games/4.9/Engine/Binaries/Win64/../../../Engine/Shaders/BasePassForForwardShadingPixelShader.usf" 312
"F:/Program Files/Unreal/Epic Games/4.9/Engine/Binaries/Win64/../../../Engine/Shaders/BasePassForForwardShadingCommon.usf" 313
"F:/Program Files/Unreal/Epic Games/4.9/Engine/Binaries/Win64/../../../Engine/Shaders/LightmapCommon.usf" 314
"F:/Program Files/Unreal/Epic Games/4.9/Engine/Binaries/Win64/../../../Engine/Shaders/BasePassForForwardShadingVertexShader.usf" 315
"F:/Program Files/Unreal/Epic Games/4.9/Engine/Binaries/Win64/../../../Engine/Shaders/HeightFogCommon.usf" 316
"F:/Program Files/Unreal/Epic Games/4.9/Engine/Binaries/Win64/../../../Engine/Shaders/HeightFogPixelShader.usf" 317
"F:/Program Files/Unreal/Epic Games/4.9/Engine/Binaries/Win64/../../../Engine/Shaders/HeightFogVertexShader.usf" 318
"F:/Program Files/Unreal/Epic Games/4.9/Engine/Binaries/Win64/../../../Engine/Shaders/DistortAccumulatePS.usf" 319
"F:/Program Files/Unreal/Epic Games/4.9/Engine/Binaries/Win64/../../../Engine/Shaders/DistortAccumulateVS.usf" 320
"F:/Program Files/Unreal/Epic Games/4.9/Engine/Binaries/Win64/../../../Engine/Shaders/DistortApplyScreenPS.usf" 321
"F:/Program Files/Unreal/Epic Games/4.9/Engine/Binaries/Win64/../../../Engine/Shaders/DistanceFieldSurfaceCacheLighting.usf" 322
"F:/Program Files/Unreal/Epic Games/4.9/Engine/Binaries/Win64/../../../Engine/Shaders/SkyLighting.usf" 323
"F:/Program Files/Unreal/Epic Games/4.9/Engine/Binaries/Win64/../../../Engine/Shaders/DistanceFieldSurfaceCacheLightingCompute.usf" 324
"F:/Program Files/Unreal/Epic Games/4.9/Engine/Binaries/Win64/../../../Engine/Shaders/DistanceFieldShadowing.usf" 325
"F:/Program Files/Unreal/Epic Games/4.9/Engine/Binaries/Win64/../../../Engine/Shaders/DistanceFieldScreenGridLighting.usf" 326
"F:/Program Files/Unreal/Epic Games/4.9/Engine/Binaries/Win64/../../../Engine/Shaders/DistanceFieldLightingPost.usf" 327
"F:/Program Files/Unreal/Epic Games/4.9/Engine/Binaries/Win64/../../../Engine/Shaders/DistanceFieldGlobalIllumination.usf" 328
"F:/Program Files/Unreal/Epic Games/4.9/Engine/Binaries/Win64/../../../Engine/Shaders/DepthOnlyPixelShader.usf" 329
"F:/Program Files/Unreal/Epic Games/4.9/Engine/Binaries/Win64/../../../Engine/Shaders/DepthOnlyVertexShader.usf" 330
"F:/Program Files/Unreal/Epic Games/4.9/Engine/Binaries/Win64/../../../Engine/Shaders/PositionOnlyDepthVertexShader.usf" 331
"F:/Program Files/Unreal/Epic Games/4.9/Engine/Binaries/Win64/../../../Engine/Shaders/DownsampleDepthPixelShader.usf" 332
"F:/Program Files/Unreal/Epic Games/4.9/Engine/Binaries/Win64/../../../Engine/Shaders/EvaluateSurfelMaterial.usf" 333
"F:/Program Files/Unreal/Epic Games/4.9/Engine/Binaries/Win64/../../../Engine/Shaders/ConvertToUniformMesh.usf" 334
"F:/Program Files/Unreal/Epic Games/4.9/Engine/Binaries/Win64/../../../Engine/Shaders/BasePassPixelShader.usf" 335
"F:/Program Files/Unreal/Epic Games/4.9/Engine/Binaries/Win64/../../../Engine/Shaders/BasePassCommon.usf" 336
"F:/Program Files/Unreal/Epic Games/4.9/Engine/Binaries/Win64/../../../Engine/Shaders/ForEachLight.usf" 337
"F:/Program Files/Unreal/Epic Games/4.9/Engine/Binaries/Win64/../../../Engine/Shaders/BasePassVertexShader.usf" 338
"F:/Program Files/Unreal/Epic Games/4.9/Engine/Binaries/Win64/../../../Engine/Shaders/BasePassVertexCommon.usf" 339
"F:/Program Files/Unreal/Epic Games/4.9/Engine/Binaries/Win64/../../../Engine/Shaders/BasePassTessellationShaders.usf" 340
"F:/Program Files/Unreal/Epic Games/4.9/Engine/Binaries/Win64/../../../Engine/Shaders/AtmospherePrecompute.usf" 341
"F:/Program Files/Unreal/Epic Games/4.9/Engine/Binaries/Win64/../../../Engine/Shaders/AtmospherePrecomputeCommon.usf" 342
"F:/Program Files/Unreal/Epic Games/4.9/Engine/Binaries/Win64/../../../Engine/Shaders/AtmospherePrecomputeInscatter.usf" 343
"F:/Program Files/Unreal/Epic Games/4.9/Engine/Binaries/Win64/../../../Engine/Shaders/AtmosphericFogShader.usf" 344
"F:/Program Files/Unreal/Epic Games/4.9/Engine/Binaries/Win64/../../../Engine/Shaders/ResolveVertexShader.usf" 345
"F:/Program Files/Unreal/Epic Games/4.9/Engine/Binaries/Win64/../../../Engine/Shaders/ResolvePixelShader.usf" 346
"F:/Program Files/Unreal/Epic Games/4.9/Engine/Binaries/Win64/../../../Engine/Shaders/OneColorShader.usf" 347
"F:/Program Files/Unreal/Epic Games/4.9/Engine/Binaries/Win64/../../../Engine/Shaders/MediaShaders.usf" 348
"F:/Program Files/Unreal/Epic Games/4.9/Engine/Binaries/Win64/../../../Engine/Shaders/ClearReplacementShaders.usf" 349
"F:/Program Files/Unreal/Epic Games/4.9/Engine/Binaries/Win64/../../../Engine/Shaders/SimpleElementTexture2DPreviewPixelShader.usf" 350
"F:/Program Files/Unreal/Epic Games/4.9/Engine/Binaries/Win64/../../../Engine/Shaders/SimpleElementNormalMapPixelShader.usf" 351
"F:/Program Files/Unreal/Epic Games/4.9/Engine/Binaries/Win64/../../../Engine/Shaders/meshpaintdilatepixelshader.usf" 352
"F:/Program Files/Unreal/Epic Games/4.9/Engine/Binaries/Win64/../../../Engine/Shaders/meshpaintdilatevertexshader.usf" 353
"F:/Program Files/Unreal/Epic Games/4.9/Engine/Binaries/Win64/../../../Engine/Shaders/MeshPaintPixelShader.usf" 354
"F:/Program Files/Unreal/Epic Games/4.9/Engine/Binaries/Win64/../../../Engine/Shaders/MeshPaintVertexShader.usf" 355
"../../../Engine/Config/Android/AndroidEngine.ini" 356
"../../../Engine/Config/IOS/IOSEngine.ini" 357
"../../../Engine/Config/Linux/LinuxEngine.ini" 358
"C:/Users/aehrlich92/AppData/Local/UnrealEngine/4.9/DerivedDataCache/Boot.ddc" 359
"../../../Engine/DerivedDataCache/Compressed.ddp" 360
"../../../Engine/Content/EngineFonts/Roboto.uasset" 361
"../../../Engine/Content/EngineMaterials/Widget3DPassThrough_Translucent.uasset" 362
"../../../Engine/Content/EngineMaterials/Widget3DPassThrough.uasset" 363
"../../../Engine/Content/Functions/Engine_MaterialFunctions02/Texturing/ScreenAlignedUVs.uasset" 364
"../../../Engine/Content/EngineResources/WhiteSquareTexture.uasset" 365
"../../../Engine/Content/Functions/Engine_MaterialFunctions01/Shading/PowerToRoughness.uasset" 366
"../../../Engine/Content/Functions/Engine_MaterialFunctions01/Shading/ConvertFromDiffSpec.uasset" 367
"../../../Engine/Content/EngineMaterials/WorldGridMaterial.uasset" 368
"../../../Engine/Content/Functions/Engine_MaterialFunctions01/Opacity/CameraDepthFade.uasset" 369
"../../../Engine/Content/EngineMaterials/T_Default_Material_Grid_M.uasset" 370
"../../../Engine/Content/EngineMaterials/T_Default_Material_Grid_N.uasset" 371
"../../../Engine/Content/EngineMaterials/DefaultDeferredDecalMaterial.uasset" 372
"../../../Engine/Content/EngineMaterials/DefaultDiffuse.uasset" 373
"../../../Engine/Content/EngineMaterials/DefaultLightFunctionMaterial.uasset" 374
"../../../Engine/Content/EngineMaterials/DefaultPostProcessMaterial.uasset" 375
"../../../Engine/Content/Functions/Engine_MaterialFunctions02/Utility/BreakOutFloat2Components.uasset" 376
"../../../Engine/Content/EngineResources/DefaultTexture.uasset" 377
"../../../Engine/Content/EngineMaterials/Widget3DPassThrough_Translucent_OneSided.uasset" 378
"../../../Engine/Content/EngineMaterials/Widget3DPassThrough_Opaque.uasset" 379
"../../../Engine/Content/EngineMaterials/Widget3DPassThrough_Opaque_OneSided.uasset" 380
"../../../Engine/Content/EngineMaterials/Widget3DPassThrough_Masked.uasset" 381
"../../../Engine/Content/EngineMaterials/Widget3DPassThrough_Masked_OneSided.uasset" 382
"../../../Engine/Content/EditorResources/S_Actor.uasset" 383
"F:/My Media/UCF Documents/DIG 4725/Game-Files/SuperSpaceArmada/Saved/Config/Windows/TemplateDefs.ini" 384
"../../../../../../../My Media/UCF Documents/DIG 4725/Game-Files/SuperSpaceArmada/Intermediate/Config/CoalescedSourceConfigs/TemplateDefs.ini" 385
"F:/My Media/UCF Documents/DIG 4725/Game-Files/SuperSpaceArmada/Saved/Config/Windows/GameplayTags.ini" 386
"../../../../../../../My Media/UCF Documents/DIG 4725/Game-Files/SuperSpaceArmada/Intermediate/Config/CoalescedSourceConfigs/GameplayTags.ini" 387
"../../../Engine/Content/Maps/Templates/Thumbnails/Default.uasset" 388
"../../../Engine/Content/EditorMaterials/ParticleSystems/PSysThumbnail_NoImage.uasset" 389
"../../../Engine/Content/EditorMaterials/ParticleSystems/PSysThumbnail_OOD.uasset" 390
"../../../Engine/Content/EditorLandscapeResources/DataLayer.uasset" 391
"../../../Engine/Content/EngineDamageTypes/DmgTypeBP_Environmental.uasset" 392
"..\..\..\Engine\Content\Internationalization\icudt53l\numberingSystems.res" 393
"..\..\..\Engine\Content\Internationalization\icudt53l\curr\supplementalData.res" 394
"..\..\..\Engine\Content\Internationalization\icudt53l\curr\pool.res" 395
"..\..\..\Engine\Content\Internationalization\icudt53l\curr\en.res" 396
"..\..\..\Engine\Content\Internationalization\icudt53l\curr\root.res" 397
"../../../Engine/Content/EngineMeshes/Sphere.uasset" 398
"../../../Engine/Content/EngineFonts/RobotoDistanceField.uasset" 399
"../../../Engine/Content/EngineMaterials/DefaultTextMaterialOpaque.uasset" 400
"../../../Engine/Content/EditorResources/S_Trigger.uasset" 401
"../../../Engine/Content/EngineResources/GradientTexture0.uasset" 402
"../../../Engine/Content/EngineResources/Black.uasset" 403
"../../../Engine/Content/EditorMaterials/MatineeGroups/MAT_Groups_Float.uasset" 404
"../../../Engine/Content/EditorMaterials/MatineeGroups/MAT_Groups_Director.uasset" 405
"../../../Engine/Content/EditorMaterials/MatineeGroups/MAT_Groups_Event.uasset" 406
"../../../Engine/Content/EditorMaterials/MatineeGroups/MAT_Groups_Anim.uasset" 407
"../../../Engine/Content/EditorMaterials/MatineeGroups/MAT_Groups_Fade.uasset" 408
"../../../Engine/Content/EditorMaterials/MatineeGroups/MAT_Groups_Move.uasset" 409
"../../../Engine/Content/EditorMaterials/MatineeGroups/MAT_Groups_Slomo.uasset" 410
"../../../Engine/Content/EditorMaterials/MatineeGroups/MAT_ColorTrack.uasset" 411
"../../../Engine/Content/EditorMaterials/MAT_Groups_Toggle.uasset" 412
"../../../Engine/Content/EditorMaterials/MatineeGroups/MAT_Groups_AudioMaster.uasset" 413
"../../../Engine/Content/EditorMaterials/MatineeGroups/MAT_Groups_Sound.uasset" 414
"../../../Engine/Content/EditorMaterials/MatineeGroups/MAT_Groups_Vector.uasset" 415
"../../../Engine/Content/EditorMaterials/MAT_Groups_Visibility.uasset" 416
"../../../Engine/Content/EngineResources/DefaultTextureCube.uasset" 417
"../../../Engine/Content/EngineSounds/Master.uasset" 418
"../../../Engine/Content/EngineSounds/Music.uasset" 419
"../../../Engine/Content/EngineSounds/SFX.uasset" 420
"../../../Engine/Content/EngineSounds/Normal_Attack.uasset" 421
"../../../Engine/Content/EngineSounds/Special_Attack_PSM.uasset" 422
"../../../Engine/Content/EngineSounds/Duck_Normal_Attack_MixMod.uasset" 423
"../../../Engine/Content/EngineSounds/Voice.uasset" 424
"../../../Engine/Content/EngineMeshes/Cylinder.uasset" 425
"../../../Engine/Content/EngineMaterials/DefaultMaterial.uasset" 426
"../../../Engine/Content/EngineTireTypes/DefaultTireType.uasset" 427
"../../../Engine/Content/Editor/Slate/Fonts/FontAwesome.ttf" 428
"../../../Engine/Content/Editor/Slate/Fonts/DroidSansMono.ttf" 429
"../../../Engine/Content/Editor/Slate/Fonts/Roboto-BoldCondensed.ttf" 430
"../../../Engine/Content/Editor/Slate/Fonts/Roboto-Black.ttf" 431
"../../../Engine/Content/Editor/Slate/Fonts/Roboto-Italic.ttf" 432
"../../../Engine/Content/Editor/Slate/Fonts/Roboto-BoldCondensedItalic.ttf" 433
"..\..\..\Engine\Content\Internationalization\icudt53l\coll\ucadata.icu" 434
"..\..\..\Engine\Content\Internationalization\icudt53l\nfc.nrm" 435
"..\..\..\Engine\Content\Internationalization\icudt53l\coll\en_US.res" 436
"..\..\..\Engine\Content\Internationalization\icudt53l\coll\en.res" 437
"..\..\..\Engine\Content\Internationalization\icudt53l\coll\root.res" 438
"../../../Engine/Content/EngineResources/AICON-Red.uasset" 439
"../../../Engine/Content/EngineResources/AICON-Green.uasset" 440
"../../../Engine/Content/Tutorial/Basics/LevelEditorAttract.uasset" 441
"../../../Engine/Content/Tutorial/BlueprintTutorials/BlueprintEditorTutorial.uasset" 442
"../../../Engine/Content/Tutorial/BlueprintTutorials/TutorialAssets/Blueprint_64x.uasset" 443
"../../../Engine/Content/Tutorial/Basics/LevelEditorOverview.uasset" 444
"../../../Engine/Content/Tutorial/Basics/TutorialAssets/icon_tab_Levels_40x.uasset" 445
"../../../Engine/Content/Tutorial/ContentIntroCurve.uasset" 446
"../../../Engine/Plugins/2D/Paper2D/Content/MaskedUnlitSpriteMaterial.uasset" 447
"../../../Engine/Plugins/2D/Paper2D/Content/DefaultSpriteMaterial.uasset" 448
"../../../Engine/Plugins/2D/Paper2D/Content/DummySpriteTexture.uasset" 449
"../../../Engine/Plugins/2D/Paper2D/Content/PlaceholderTextures/DummySpriteTexture.uasset" 450
"../../../Engine/Plugins/2D/Paper2D/Content/OpaqueUnlitSpriteMaterial.uasset" 451
"../../../Engine/Plugins/2D/Paper2D/Content/DefaultPaperTerrainMaterial.uasset" 452
"../../../Engine/Plugins/2D/Paper2D/Content/DummySprite.uasset" 453
"C:/Users/aehrlich92/AppData/Local/UnrealEngine/4.9/Saved/Config/Windows/SourceControlSettings.ini" 454
"../../../../../../../My Media/UCF Documents/DIG 4725/Game-Files/SuperSpaceArmada/Intermediate/Config/CoalescedSourceConfigs/SourceControlSettings.ini" 455
"F:/My Media/UCF Documents/DIG 4725/Game-Files/SuperSpaceArmada/Saved/Config/Windows/SourceControlSettings.ini" 456
"../../../Engine/Plugins/Runtime/LeapMotionController/Content/LM_CapsuleMesh.uasset" 457
"../../../Engine/Plugins/Runtime/LeapMotionController/Content/LM_TorusMesh.uasset" 458
"../../../Engine/Plugins/Runtime/LeapMotionController/Content/LM_HandColor.uasset" 459
"../../../Engine/Plugins/Runtime/LeapMotionController/Content/LM_PassthroughMaterial.uasset" 460
"../../../Engine/Plugins/Runtime/LeapMotionController/Content/LM_SampleDistortion.uasset" 461
"../../../Engine/Plugins/Runtime/LeapMotionController/Content/LM_TestTexture.uasset" 462
"../../../Engine/Content/BasicShapes/Cube.uasset" 463
"../../../../../../../My Media/UCF Documents/DIG 4725/Game-Files/SuperSpaceArmada/Intermediate/Config/CoalescedSourceConfigs/EditorUserSettings.ini" 464
"../../../Engine/Content/EngineMaterials/RemoveSurfaceMaterial.uasset" 465
"../../../Engine/Content/EngineDebugMaterials/DebugMeshMaterial.uasset" 466
"../../../Engine/Content/EngineMaterials/M_InvalidLightmapSettings.uasset" 467
"../../../Engine/Content/EngineMaterials/InvalidLightmapSettings.uasset" 468
"../../../Engine/Content/EditorMaterials/GizmoMaterial.uasset" 469
"../../../Engine/Content/EngineMaterials/Good64x64TilingNoiseHighFreq.uasset" 470
"../../../Engine/Content/EngineMaterials/DefaultBokeh.uasset" 471
"../../../Engine/Content/EngineMaterials/PreintegratedSkinBRDF.uasset" 472
"../../../Engine/Content/EngineMaterials/MiniFont.uasset" 473
"../../../Engine/Content/EngineMaterials/WeightMapPlaceholderTexture.uasset" 474
"../../../Engine/Content/EngineMaterials/DefaultWhiteGrid.uasset" 475
"../../../Engine/Content/EngineMaterials/DefaultPhysicalMaterial.uasset" 476
"../../../Engine/Content/EngineFonts/RobotoTiny.uasset" 477
"C:/Users/aehrlich92/AppData/Local/UnrealEngine/4.9/Saved/AutoLoadProject.txt" 478
"../../../../../../../My Media/UCF Documents/DIG 4725/Game-Files/SuperSpaceArmada/Intermediate/CachedAssetRegistry.bin" 479
"../../../../../../../My Media/UCF Documents/DIG 4725/Game-Files/SuperSpaceArmada/Saved/Autosaves/Engine/EngineSky/M_Sky_Panning_Clouds3_Auto1.uasset" 480
"../../../../../../../My Media/UCF Documents/DIG 4725/Game-Files/SuperSpaceArmada/Saved/Autosaves/Engine/EngineSky/SM_SkySphere2_Auto1.uasset" 481
"../../../../../../../My Media/UCF Documents/DIG 4725/Game-Files/SuperSpaceArmada/Saved/Autosaves/Game/Health_Crate_Auto1.uasset" 482
"../../../../../../../My Media/UCF Documents/DIG 4725/Game-Files/SuperSpaceArmada/Saved/Autosaves/Game/Spawning_Auto3.uasset" 483
"../../../../../../../My Media/UCF Documents/DIG 4725/Game-Files/SuperSpaceArmada/Saved/Autosaves/Game/Effects/Particles/P_Bullet_Impact_Auto2.uasset" 484
"../../../../../../../My Media/UCF Documents/DIG 4725/Game-Files/SuperSpaceArmada/Saved/Autosaves/Game/Effects/Particles/P_LaserBeam_Blue_Auto2.uasset" 485
"../../../../../../../My Media/UCF Documents/DIG 4725/Game-Files/SuperSpaceArmada/Saved/Autosaves/Game/Effects/Particles/P_Missile_Explosion_Auto2.uasset" 486
"../../../../../../../My Media/UCF Documents/DIG 4725/Game-Files/SuperSpaceArmada/Saved/Autosaves/Game/Effects/Particles/P_Phaser_Auto1.uasset" 487
"../../../../../../../My Media/UCF Documents/DIG 4725/Game-Files/SuperSpaceArmada/Saved/Autosaves/Game/Effects/Particles/P_Phaser_Auto2.uasset" 488
"../../../../../../../My Media/UCF Documents/DIG 4725/Game-Files/SuperSpaceArmada/Saved/Autosaves/Game/Effects/Particles/P_Ship_Explosion_Auto1.uasset" 489
"../../../../../../../My Media/UCF Documents/DIG 4725/Game-Files/SuperSpaceArmada/Saved/Autosaves/Game/Effects/Particles/P_Thruster_Auto1.uasset" 490
"../../../../../../../My Media/UCF Documents/DIG 4725/Game-Files/SuperSpaceArmada/Saved/Autosaves/Game/Effects/Particles/P_Thruster_Auto2.uasset" 491
"../../../../../../../My Media/UCF Documents/DIG 4725/Game-Files/SuperSpaceArmada/Saved/Autosaves/Game/Geometry/Meshes/Emissive_Auto1.uasset" 492
"../../../../../../../My Media/UCF Documents/DIG 4725/Game-Files/SuperSpaceArmada/Saved/Autosaves/Game/Geometry/Meshes/missile_WithBone_Auto1.uasset" 493
"../../../../../../../My Media/UCF Documents/DIG 4725/Game-Files/SuperSpaceArmada/Saved/Autosaves/Game/Geometry/Meshes/missile_WithBone_PhysicsAsset_Auto1.uasset" 494
"../../../../../../../My Media/UCF Documents/DIG 4725/Game-Files/SuperSpaceArmada/Saved/Autosaves/Game/Geometry/Meshes/missile_WithBone_Skeleton_Auto1.uasset" 495
"../../../../../../../My Media/UCF Documents/DIG 4725/Game-Files/SuperSpaceArmada/Saved/Autosaves/Game/Geometry/Meshes/Shape_Wedge_A_DM_Auto2.uasset" 496
"../../../../../../../My Media/UCF Documents/DIG 4725/Game-Files/SuperSpaceArmada/Saved/Autosaves/Game/Geometry/Meshes/Ship1Movement_Auto1.uasset" 497
"../../../../../../../My Media/UCF Documents/DIG 4725/Game-Files/SuperSpaceArmada/Saved/Autosaves/Game/Geometry/Meshes/CrystalPowerUpHolder/crystalPowerUp_Mat_Auto1.uasset" 498
"../../../../../../../My Media/UCF Documents/DIG 4725/Game-Files/SuperSpaceArmada/Saved/Autosaves/Game/Geometry/Meshes/KratakosPlanet/darkclouds_Auto1.uasset" 499
"../../../../../../../My Media/UCF Documents/DIG 4725/Game-Files/SuperSpaceArmada/Saved/Autosaves/Game/Geometry/Meshes/KratakosPlanet/KratakosPlanet_Clouds_Transparent_Auto2.uasset" 500
"../../../../../../../My Media/UCF Documents/DIG 4725/Game-Files/SuperSpaceArmada/Saved/Autosaves/Game/Geometry/Meshes/KratakosPlanet/KratakosPlanet_Color_Auto1.uasset" 501
"../../../../../../../My Media/UCF Documents/DIG 4725/Game-Files/SuperSpaceArmada/Saved/Autosaves/Game/Geometry/Meshes/KratakosPlanet/kratakosPlanet_final_Auto1.uasset" 502
"../../../../../../../My Media/UCF Documents/DIG 4725/Game-Files/SuperSpaceArmada/Saved/Autosaves/Game/Geometry/Meshes/KratakosPlanet/kratakosPlanet_final_cloud1_Anim_Auto1.uasset" 503
"../../../../../../../My Media/UCF Documents/DIG 4725/Game-Files/SuperSpaceArmada/Saved/Autosaves/Game/Geometry/Meshes/KratakosPlanet/kratakosPlanet_final_cloud1_PhysicsAsset_Auto1.uasset" 504
"../../../../../../../My Media/UCF Documents/DIG 4725/Game-Files/SuperSpaceArmada/Saved/Autosaves/Game/Geometry/Meshes/KratakosPlanet/kratakosPlanet_final_cloud1_Skeleton_Auto1.uasset" 505
"../../../../../../../My Media/UCF Documents/DIG 4725/Game-Files/SuperSpaceArmada/Saved/Autosaves/Game/Geometry/Meshes/KratakosPlanet/kratakosPlanet_final_cloud_Anim_Auto1.uasset" 506
"../../../../../../../My Media/UCF Documents/DIG 4725/Game-Files/SuperSpaceArmada/Saved/Autosaves/Game/Geometry/Meshes/KratakosPlanet/kratakosPlanet_final_cloud_PhysicsAsset_Auto1.uasset" 507
"../../../../../../../My Media/UCF Documents/DIG 4725/Game-Files/SuperSpaceArmada/Saved/Autosaves/Game/Geometry/Meshes/KratakosPlanet/kratakosPlanet_final_cloud_Skeleton_Auto1.uasset" 508
"../../../../../../../My Media/UCF Documents/DIG 4725/Game-Files/SuperSpaceArmada/Saved/Autosaves/Game/Geometry/Meshes/KratakosPlanet/kratakosPlanet_final_NmrDup_Anim_Auto1.uasset" 509
"../../../../../../../My Media/UCF Documents/DIG 4725/Game-Files/SuperSpaceArmada/Saved/Autosaves/Game/Geometry/Meshes/KratakosPlanet/kratakosPlanet_final_NmrDup_PhysicsAsset_Auto1.uasset" 510
"../../../../../../../My Media/UCF Documents/DIG 4725/Game-Files/SuperSpaceArmada/Saved/Autosaves/Game/Geometry/Meshes/KratakosPlanet/kratakosPlanet_final_NmrDup_Skeleton_Auto1.uasset" 511
"../../../../../../../My Media/UCF Documents/DIG 4725/Game-Files/SuperSpaceArmada/Saved/Autosaves/Game/Geometry/Meshes/KratakosPlanet/kratakosPlanet_Mat_Auto1.uasset" 512
"../../../../../../../My Media/UCF Documents/DIG 4725/Game-Files/SuperSpaceArmada/Saved/Autosaves/Game/Geometry/Meshes/KratakosPlanet/KratakosPlanet_Normal_Map_Auto1.uasset" 513
"../../../../../../../My Media/UCF Documents/DIG 4725/Game-Files/SuperSpaceArmada/Saved/Autosaves/Game/Geometry/Meshes/KratakosPlanet/light_clouds_Auto1.uasset" 514
"../../../../../../../My Media/UCF Documents/DIG 4725/Game-Files/SuperSpaceArmada/Saved/Autosaves/Game/Geometry/Meshes/KratakosPlanet/light_clouds_Auto3.uasset" 515
"../../../../../../../My Media/UCF Documents/DIG 4725/Game-Files/SuperSpaceArmada/Saved/Autosaves/Game/Geometry/Textures/humanShip_emissionmask_Auto2.uasset" 516
"../../../../../../../My Media/UCF Documents/DIG 4725/Game-Files/SuperSpaceArmada/Saved/Autosaves/Game/Geometry/Textures/PowerUpCrateTraditional_emissive_Auto1.uasset" 517
"../../../../../../../My Media/UCF Documents/DIG 4725/Game-Files/SuperSpaceArmada/Saved/Autosaves/Game/SSA/Blueprints/AgroCheck_Auto5.uasset" 518
"../../../../../../../My Media/UCF Documents/DIG 4725/Game-Files/SuperSpaceArmada/Saved/Autosaves/Game/SSA/Blueprints/AgroCheck_Auto6.uasset" 519
"../../../../../../../My Media/UCF Documents/DIG 4725/Game-Files/SuperSpaceArmada/Saved/Autosaves/Game/SSA/Blueprints/BTDecorator_BlueprintBase_New_Auto9.uasset" 520
"../../../../../../../My Media/UCF Documents/DIG 4725/Game-Files/SuperSpaceArmada/Saved/Autosaves/Game/SSA/Blueprints/BTService_BlueprintBase_New_Auto5.uasset" 521
"../../../../../../../My Media/UCF Documents/DIG 4725/Game-Files/SuperSpaceArmada/Saved/Autosaves/Game/SSA/Blueprints/BTTask_BlueprintBase_New_Auto7.uasset" 522
"../../../../../../../My Media/UCF Documents/DIG 4725/Game-Files/SuperSpaceArmada/Saved/Autosaves/Game/SSA/Blueprints/Bullet_Auto1.uasset" 523
"../../../../../../../My Media/UCF Documents/DIG 4725/Game-Files/SuperSpaceArmada/Saved/Autosaves/Game/SSA/Blueprints/EnemyAI1_Auto0.uasset" 524
"../../../../../../../My Media/UCF Documents/DIG 4725/Game-Files/SuperSpaceArmada/Saved/Autosaves/Game/SSA/Blueprints/EnemyAI1_Auto3.uasset" 525
"../../../../../../../My Media/UCF Documents/DIG 4725/Game-Files/SuperSpaceArmada/Saved/Autosaves/Game/SSA/Blueprints/EnemyAIBehavior_Auto4.uasset" 526
"../../../../../../../My Media/UCF Documents/DIG 4725/Game-Files/SuperSpaceArmada/Saved/Autosaves/Game/SSA/Blueprints/EnemyAIBehavior_Auto5.uasset" 527
"../../../../../../../My Media/UCF Documents/DIG 4725/Game-Files/SuperSpaceArmada/Saved/Autosaves/Game/SSA/Blueprints/Enemy_Human_Auto1.uasset" 528
"../../../../../../../My Media/UCF Documents/DIG 4725/Game-Files/SuperSpaceArmada/Saved/Autosaves/Game/SSA/Blueprints/Enemy_Human_Auto2.uasset" 529
"../../../../../../../My Media/UCF Documents/DIG 4725/Game-Files/SuperSpaceArmada/Saved/Autosaves/Game/SSA/Blueprints/Enemy_Human_Auto5.uasset" 530
"../../../../../../../My Media/UCF Documents/DIG 4725/Game-Files/SuperSpaceArmada/Saved/Autosaves/Game/SSA/Blueprints/Enemy_Kratakos_Auto1.uasset" 531
"../../../../../../../My Media/UCF Documents/DIG 4725/Game-Files/SuperSpaceArmada/Saved/Autosaves/Game/SSA/Blueprints/NewBlackboardData_Auto3.uasset" 532
"../../../../../../../My Media/UCF Documents/DIG 4725/Game-Files/SuperSpaceArmada/Saved/Autosaves/Game/SSA/Blueprints/Player_Auto1.uasset" 533
"../../../../../../../My Media/UCF Documents/DIG 4725/Game-Files/SuperSpaceArmada/Saved/Autosaves/Game/SSA/Blueprints/Player_Auto3.uasset" 534
"../../../../../../../My Media/UCF Documents/DIG 4725/Game-Files/SuperSpaceArmada/Saved/Autosaves/Game/SSA/Blueprints/RapidMoveTo_Auto0.uasset" 535
"../../../../../../../My Media/UCF Documents/DIG 4725/Game-Files/SuperSpaceArmada/Saved/Autosaves/Game/SSA/Blueprints/RapidMoveTo_Auto8.uasset" 536
"../../../../../../../My Media/UCF Documents/DIG 4725/Game-Files/SuperSpaceArmada/Saved/Autosaves/Game/SSA/Blueprints/RapidMoveTo_Auto9.uasset" 537
"../../../../../../../My Media/UCF Documents/DIG 4725/Game-Files/SuperSpaceArmada/Saved/Autosaves/Game/SSA/Blueprints/SSAGameInstance_Auto2.uasset" 538
"../../../../../../../My Media/UCF Documents/DIG 4725/Game-Files/SuperSpaceArmada/Saved/Autosaves/Game/SSA/Blueprints/SSAGameInstance_Auto3.uasset" 539
"../../../../../../../My Media/UCF Documents/DIG 4725/Game-Files/SuperSpaceArmada/Saved/Autosaves/Game/SSA/Blueprints/TopDownCharacter_Auto1.uasset" 540
"../../../../../../../My Media/UCF Documents/DIG 4725/Game-Files/SuperSpaceArmada/Saved/Autosaves/Game/SSA/Blueprints/TopDownCharacter_Auto2.uasset" 541
"../../../../../../../My Media/UCF Documents/DIG 4725/Game-Files/SuperSpaceArmada/Saved/Autosaves/Game/SSA/Blueprints/TopDownCharacter_Auto3.uasset" 542
"../../../../../../../My Media/UCF Documents/DIG 4725/Game-Files/SuperSpaceArmada/Saved/Autosaves/Game/SSA/Blueprints/TopDownCharacter_Auto4.uasset" 543
"../../../../../../../My Media/UCF Documents/DIG 4725/Game-Files/SuperSpaceArmada/Saved/Autosaves/Game/SSA/Blueprints/TopDownController_Auto4.uasset" 544
"../../../../../../../My Media/UCF Documents/DIG 4725/Game-Files/SuperSpaceArmada/Saved/Autosaves/Game/SSA/Blueprints/TopDownGameMode_Auto1.uasset" 545
"../../../../../../../My Media/UCF Documents/DIG 4725/Game-Files/SuperSpaceArmada/Saved/Autosaves/Game/SSA/Blueprints/AI/AgroCheck_Auto4.uasset" 546
"../../../../../../../My Media/UCF Documents/DIG 4725/Game-Files/SuperSpaceArmada/Saved/Autosaves/Game/SSA/Blueprints/AI/BTTask_BlueprintBase_New_Auto1.uasset" 547
"../../../../../../../My Media/UCF Documents/DIG 4725/Game-Files/SuperSpaceArmada/Saved/Autosaves/Game/SSA/Blueprints/AI/EnemyAI1_Auto1.uasset" 548
"../../../../../../../My Media/UCF Documents/DIG 4725/Game-Files/SuperSpaceArmada/Saved/Autosaves/Game/SSA/Blueprints/AI/EnemyAI1_Auto2.uasset" 549
"../../../../../../../My Media/UCF Documents/DIG 4725/Game-Files/SuperSpaceArmada/Saved/Autosaves/Game/SSA/Blueprints/AI/EnemyAIBehavior_Auto1.uasset" 550
"../../../../../../../My Media/UCF Documents/DIG 4725/Game-Files/SuperSpaceArmada/Saved/Autosaves/Game/SSA/Blueprints/AI/EnemyAIBehavior_Auto4.uasset" 551
"../../../../../../../My Media/UCF Documents/DIG 4725/Game-Files/SuperSpaceArmada/Saved/Autosaves/Game/SSA/Blueprints/AI/EnemyAIBlackboard_Auto1.uasset" 552
"../../../../../../../My Media/UCF Documents/DIG 4725/Game-Files/SuperSpaceArmada/Saved/Autosaves/Game/SSA/Blueprints/AI/HumanAiTree_Auto1.uasset" 553
"../../../../../../../My Media/UCF Documents/DIG 4725/Game-Files/SuperSpaceArmada/Saved/Autosaves/Game/SSA/Blueprints/AI/HumanAiTree_Auto3.uasset" 554
"../../../../../../../My Media/UCF Documents/DIG 4725/Game-Files/SuperSpaceArmada/Saved/Autosaves/Game/SSA/Blueprints/AI/HumanAiTree_Auto4.uasset" 555
"../../../../../../../My Media/UCF Documents/DIG 4725/Game-Files/SuperSpaceArmada/Saved/Autosaves/Game/SSA/Blueprints/AI/RapidMoveTo_Auto1.uasset" 556
"../../../../../../../My Media/UCF Documents/DIG 4725/Game-Files/SuperSpaceArmada/Saved/Autosaves/Game/SSA/Blueprints/AI/RapidMoveTo_Auto4.uasset" 557
"../../../../../../../My Media/UCF Documents/DIG 4725/Game-Files/SuperSpaceArmada/Saved/Autosaves/Game/SSA/Blueprints/Debris/Debris_collider_Auto1.uasset" 558
"../../../../../../../My Media/UCF Documents/DIG 4725/Game-Files/SuperSpaceArmada/Saved/Autosaves/Game/SSA/Blueprints/Debris/Debris_collider_Auto2.uasset" 559
"../../../../../../../My Media/UCF Documents/DIG 4725/Game-Files/SuperSpaceArmada/Saved/Autosaves/Game/SSA/Blueprints/Menu/MainMenu_Auto1.uasset" 560
"../../../../../../../My Media/UCF Documents/DIG 4725/Game-Files/SuperSpaceArmada/Saved/Autosaves/Game/SSA/Blueprints/Menues/ArmadaSelection_Auto1.uasset" 561
"../../../../../../../My Media/UCF Documents/DIG 4725/Game-Files/SuperSpaceArmada/Saved/Autosaves/Game/SSA/Blueprints/Menues/GameOver_Auto3.uasset" 562
"../../../../../../../My Media/UCF Documents/DIG 4725/Game-Files/SuperSpaceArmada/Saved/Autosaves/Game/SSA/Blueprints/Menues/GameOver_Auto4.uasset" 563
"../../../../../../../My Media/UCF Documents/DIG 4725/Game-Files/SuperSpaceArmada/Saved/Autosaves/Game/SSA/Blueprints/Menues/Game_Beat_Auto2.uasset" 564
"../../../../../../../My Media/UCF Documents/DIG 4725/Game-Files/SuperSpaceArmada/Saved/Autosaves/Game/SSA/Blueprints/Menues/HUD_Auto1.uasset" 565
"../../../../../../../My Media/UCF Documents/DIG 4725/Game-Files/SuperSpaceArmada/Saved/Autosaves/Game/SSA/Blueprints/Menues/HUD_Auto2.uasset" 566
"../../../../../../../My Media/UCF Documents/DIG 4725/Game-Files/SuperSpaceArmada/Saved/Autosaves/Game/SSA/Blueprints/Menues/HUD_Auto3.uasset" 567
"../../../../../../../My Media/UCF Documents/DIG 4725/Game-Files/SuperSpaceArmada/Saved/Autosaves/Game/SSA/Blueprints/Menues/HUD_Auto4.uasset" 568
"../../../../../../../My Media/UCF Documents/DIG 4725/Game-Files/SuperSpaceArmada/Saved/Autosaves/Game/SSA/Blueprints/Menues/MainMenu_Auto1.uasset" 569
"../../../../../../../My Media/UCF Documents/DIG 4725/Game-Files/SuperSpaceArmada/Saved/Autosaves/Game/SSA/Blueprints/Menues/MainMenu_Auto2.uasset" 570
"../../../../../../../My Media/UCF Documents/DIG 4725/Game-Files/SuperSpaceArmada/Saved/Autosaves/Game/SSA/Blueprints/Menues/MainMenu_Auto3.uasset" 571
"../../../../../../../My Media/UCF Documents/DIG 4725/Game-Files/SuperSpaceArmada/Saved/Autosaves/Game/SSA/Blueprints/Menues/Ship_Selection_Auto2.uasset" 572
"../../../../../../../My Media/UCF Documents/DIG 4725/Game-Files/SuperSpaceArmada/Saved/Autosaves/Game/SSA/Blueprints/Menues/Ship_Selection/Ship_Selection_Auto1.uasset" 573
"../../../../../../../My Media/UCF Documents/DIG 4725/Game-Files/SuperSpaceArmada/Saved/Autosaves/Game/SSA/Blueprints/Menues/Ship_Selection/Ship_Selection_Auto2.uasset" 574
"../../../../../../../My Media/UCF Documents/DIG 4725/Game-Files/SuperSpaceArmada/Saved/Autosaves/Game/SSA/Blueprints/Menues/Ship_Selection/Ship_Selection_Auto3.uasset" 575
"../../../../../../../My Media/UCF Documents/DIG 4725/Game-Files/SuperSpaceArmada/Saved/Autosaves/Game/SSA/Blueprints/Objects/Crystal_Auto1.uasset" 576
"../../../../../../../My Media/UCF Documents/DIG 4725/Game-Files/SuperSpaceArmada/Saved/Autosaves/Game/SSA/Blueprints/Objects/Crystal_Auto2.uasset" 577
"../../../../../../../My Media/UCF Documents/DIG 4725/Game-Files/SuperSpaceArmada/Saved/Autosaves/Game/SSA/Blueprints/Objects/Debris_Auto1.uasset" 578
"../../../../../../../My Media/UCF Documents/DIG 4725/Game-Files/SuperSpaceArmada/Saved/Autosaves/Game/SSA/Blueprints/Objects/Debris_Auto2.uasset" 579
"../../../../../../../My Media/UCF Documents/DIG 4725/Game-Files/SuperSpaceArmada/Saved/Autosaves/Game/SSA/Blueprints/Objects/Debris_Auto3.uasset" 580
"../../../../../../../My Media/UCF Documents/DIG 4725/Game-Files/SuperSpaceArmada/Saved/Autosaves/Game/SSA/Blueprints/Objects/Health_Crate_Auto1.uasset" 581
"../../../../../../../My Media/UCF Documents/DIG 4725/Game-Files/SuperSpaceArmada/Saved/Autosaves/Game/SSA/Blueprints/Objects/Spawning_Auto1.uasset" 582
"../../../../../../../My Media/UCF Documents/DIG 4725/Game-Files/SuperSpaceArmada/Saved/Autosaves/Game/SSA/Blueprints/Objects/Spawning_Auto3.uasset" 583
"../../../../../../../My Media/UCF Documents/DIG 4725/Game-Files/SuperSpaceArmada/Saved/Autosaves/Game/SSA/Blueprints/Player/Player_Auto1.uasset" 584
"../../../../../../../My Media/UCF Documents/DIG 4725/Game-Files/SuperSpaceArmada/Saved/Autosaves/Game/SSA/Blueprints/Player/Player_Kratakos_Auto1.uasset" 585
"../../../../../../../My Media/UCF Documents/DIG 4725/Game-Files/SuperSpaceArmada/Saved/Autosaves/Game/SSA/Blueprints/Player/Player_Kratakos_Auto2.uasset" 586
"../../../../../../../My Media/UCF Documents/DIG 4725/Game-Files/SuperSpaceArmada/Saved/Autosaves/Game/SSA/Blueprints/Player_Ships/Player_Auto1.uasset" 587
"../../../../../../../My Media/UCF Documents/DIG 4725/Game-Files/SuperSpaceArmada/Saved/Autosaves/Game/SSA/Blueprints/Player_Ships/Player_Kratakos_Auto1.uasset" 588
"../../../../../../../My Media/UCF Documents/DIG 4725/Game-Files/SuperSpaceArmada/Saved/Autosaves/Game/SSA/Blueprints/Weapons/Kratakos_Rail_Gun_Auto1.uasset" 589
"../../../../../../../My Media/UCF Documents/DIG 4725/Game-Files/SuperSpaceArmada/Saved/Autosaves/Game/SSA/Blueprints/Weapons/Kratakos_Rail_Gun_Auto2.uasset" 590
"../../../../../../../My Media/UCF Documents/DIG 4725/Game-Files/SuperSpaceArmada/Saved/Autosaves/Game/SSA/Maps/Home_Kratakos_Auto1.umap" 591
"../../../../../../../My Media/UCF Documents/DIG 4725/Game-Files/SuperSpaceArmada/Saved/Autosaves/Game/SSA/Maps/Home_Kratakos_Auto2.umap" 592
"../../../../../../../My Media/UCF Documents/DIG 4725/Game-Files/SuperSpaceArmada/Saved/Autosaves/Game/SSA/Maps/Menu_Auto1.umap" 593
"../../../../../../../My Media/UCF Documents/DIG 4725/Game-Files/SuperSpaceArmada/Saved/Autosaves/Game/SSA/Maps/Menu_Auto2.umap" 594
"../../../../../../../My Media/UCF Documents/DIG 4725/Game-Files/SuperSpaceArmada/Saved/Autosaves/Game/SSA/Maps/PrototypeLevel_Auto1.umap" 595
"../../../../../../../My Media/UCF Documents/DIG 4725/Game-Files/SuperSpaceArmada/Saved/Autosaves/Game/SSA/Maps/PrototypeLevel_Auto2.umap" 596
"../../../../../../../My Media/UCF Documents/DIG 4725/Game-Files/SuperSpaceArmada/Saved/Autosaves/Game/SSA/Maps/PrototypeLevel_Auto3.umap" 597
"../../../../../../../My Media/UCF Documents/DIG 4725/Game-Files/SuperSpaceArmada/Saved/Autosaves/Game/SSA/Maps/PrototypeLevel_Auto4.umap" 598
"../../../../../../../My Media/UCF Documents/DIG 4725/Game-Files/SuperSpaceArmada/Saved/Autosaves/Game/SSA/Maps/TopDownExampleMap_Auto3.umap" 599
"../../../../../../../My Media/UCF Documents/DIG 4725/Game-Files/SuperSpaceArmada/Saved/Autosaves/Game/SSA/Music/Take_a_Chance_Auto1.uasset" 600
"../../../../../../../My Media/UCF Documents/DIG 4725/Game-Files/SuperSpaceArmada/Saved/Autosaves/Game/StarterContent/Materials/M_Basic_Wall_Auto1.uasset" 601
"../../../../../../../My Media/UCF Documents/DIG 4725/Game-Files/SuperSpaceArmada/Saved/Autosaves/Game/StarterContent/Materials/M_Brick_Clay_Old_Auto1.uasset" 602
"../../../../../../../My Media/UCF Documents/DIG 4725/Game-Files/SuperSpaceArmada/Saved/Autosaves/Game/StarterContent/Materials/M_Rock_Basalt_Auto1.uasset" 603
"../../../../../../../My Media/UCF Documents/DIG 4725/Game-Files/SuperSpaceArmada/Saved/Autosaves/Game/StarterContent/Props/Materials/M_Rock_Auto1.uasset" 604
"../../../../../../../My Media/UCF Documents/DIG 4725/Game-Files/SuperSpaceArmada/Saved/Autosaves/Game/TopDownBP/Blueprints/EnemyAI1_Auto3.uasset" 605
"../../../../../../../My Media/UCF Documents/DIG 4725/Game-Files/SuperSpaceArmada/Saved/Autosaves/Game/TopDownBP/Blueprints/EnemyBot_Auto2.uasset" 606
"../../../../../../../My Media/UCF Documents/DIG 4725/Game-Files/SuperSpaceArmada/Saved/Autosaves/Game/TopDownBP/Blueprints/EnemyBot_Auto3.uasset" 607
"../../../../../../../My Media/UCF Documents/DIG 4725/Game-Files/SuperSpaceArmada/Saved/Autosaves/Game/TopDownBP/Blueprints/NewBehaviorTree_Auto3.uasset" 608
"../../../../../../../My Media/UCF Documents/DIG 4725/Game-Files/SuperSpaceArmada/Saved/Autosaves/Game/TopDownBP/Blueprints/TopDownCharacter_Auto1.uasset" 609
"../../../../../../../My Media/UCF Documents/DIG 4725/Game-Files/SuperSpaceArmada/Saved/Autosaves/Game/TopDownBP/Blueprints/TopDownCharacter_Auto2.uasset" 610
"../../../../../../../My Media/UCF Documents/DIG 4725/Game-Files/SuperSpaceArmada/Saved/Autosaves/Game/TopDownBP/Blueprints/TopDownController_Auto1.uasset" 611
"../../../../../../../My Media/UCF Documents/DIG 4725/Game-Files/SuperSpaceArmada/Saved/Autosaves/Game/TopDownBP/Maps/TopDownExampleMap_Auto1.umap" 612
"../../../../../../../My Media/UCF Documents/DIG 4725/Game-Files/SuperSpaceArmada/Saved/Autosaves/Game/TopDownBP/Maps/TopDownExampleMap_Auto2.umap" 613
"../../../Engine/Config/HTML5/HTML5Engine.ini" 614
"../../../Engine/Content/MobileResources/HUD/VirtualJoystick_Thumb.uasset" 615
"../../../../../../../My Media/UCF Documents/DIG 4725/Game-Files/SuperSpaceArmada/Content/SSA/Blueprints/SSAGameInstance.uasset" 616
"../../../../../../../My Media/UCF Documents/DIG 4725/Game-Files/SuperSpaceArmada/Content/SSA/Blueprints/Player_Ships/Player.uasset" 617
"../../../../../../../My Media/UCF Documents/DIG 4725/Game-Files/SuperSpaceArmada/Content/Mannequin/Animations/ThirdPerson_AnimBP.uasset" 618
"../../../../../../../My Media/UCF Documents/DIG 4725/Game-Files/SuperSpaceArmada/Content/Mannequin/Animations/ThirdPerson_Jump.uasset" 619
"../../../../../../../My Media/UCF Documents/DIG 4725/Game-Files/SuperSpaceArmada/Content/Mannequin/Character/Mesh/UE4_Mannequin_Skeleton.uasset" 620
"../../../../../../../My Media/UCF Documents/DIG 4725/Game-Files/SuperSpaceArmada/Content/Mannequin/Animations/ThirdPersonJump_Loop.uasset" 621
"../../../../../../../My Media/UCF Documents/DIG 4725/Game-Files/SuperSpaceArmada/Content/Mannequin/Animations/ThirdPersonJump_Start.uasset" 622
"../../../../../../../My Media/UCF Documents/DIG 4725/Game-Files/SuperSpaceArmada/Content/Mannequin/Animations/ThirdPerson_IdleRun_2D.uasset" 623
"../../../../../../../My Media/UCF Documents/DIG 4725/Game-Files/SuperSpaceArmada/Content/Mannequin/Animations/ThirdPersonIdle.uasset" 624
"../../../../../../../My Media/UCF Documents/DIG 4725/Game-Files/SuperSpaceArmada/Content/Mannequin/Animations/ThirdPersonRun.uasset" 625
"../../../../../../../My Media/UCF Documents/DIG 4725/Game-Files/SuperSpaceArmada/Content/Mannequin/Animations/ThirdPersonWalk.uasset" 626
"../../../Engine/Content/EditorBlueprintResources/StandardMacros.uasset" 627
"../../../../../../../My Media/UCF Documents/DIG 4725/Game-Files/SuperSpaceArmada/Content/SSA/Blueprints/Enemy_Human.uasset" 628
"../../../../../../../My Media/UCF Documents/DIG 4725/Game-Files/SuperSpaceArmada/Content/Geometry/Meshes/HumanFrigate/Ship1Movement.uasset" 629
"../../../../../../../My Media/UCF Documents/DIG 4725/Game-Files/SuperSpaceArmada/Content/Effects/Particles/P_Thruster.uasset" 630
"../../../../../../../My Media/UCF Documents/DIG 4725/Game-Files/SuperSpaceArmada/Content/Effects/Materials/Mat_Sphere.uasset" 631
"../../../Engine/Content/Functions/Engine_MaterialFunctions01/Density/ExponentialDensity.uasset" 632
"../../../Engine/Content/Functions/Engine_MaterialFunctions01/Gradient/RadialGradientExponential.uasset" 633
"../../../../../../../My Media/UCF Documents/DIG 4725/Game-Files/SuperSpaceArmada/Content/Effects/Materials/Mat_Thruster.uasset" 634
"../../../../../../../My Media/UCF Documents/DIG 4725/Game-Files/SuperSpaceArmada/Content/Geometry/Meshes/HumanFrigate/humanShip_withBones_Skeleton.uasset" 635
"../../../../../../../My Media/UCF Documents/DIG 4725/Game-Files/SuperSpaceArmada/Content/SSA/Blueprints/HUD/Arena_Boundary.uasset" 636
"../../../../../../../My Media/UCF Documents/DIG 4725/Game-Files/SuperSpaceArmada/Content/SSA/Blueprints/Player_Human.uasset" 637
"../../../../../../../My Media/UCF Documents/DIG 4725/Game-Files/SuperSpaceArmada/Content/SSA/Blueprints/Player/Player_Human.uasset" 638
"../../../../../../../My Media/UCF Documents/DIG 4725/Game-Files/SuperSpaceArmada/Content/SSA/Blueprints/Player_Ships/Player_Human.uasset" 639
"../../../../../../../My Media/UCF Documents/DIG 4725/Game-Files/SuperSpaceArmada/Content/Mannequin/Character/Mesh/SK_Mannequin.uasset" 640
"../../../../../../../My Media/UCF Documents/DIG 4725/Game-Files/SuperSpaceArmada/Content/Mannequin/Character/Materials/M_UE4Man_Body.uasset" 641
"../../../Engine/Content/Functions/Engine_MaterialFunctions02/Utility/BlendAngleCorrectedNormals.uasset" 642
"../../../Engine/Content/Functions/MaterialLayerFunctions/MatLayerBlend_NormalBlend.uasset" 643
"../../../Engine/Content/Functions/MaterialLayerFunctions/MatLayerBlend_Simple.uasset" 644
"../../../../../../../My Media/UCF Documents/DIG 4725/Game-Files/SuperSpaceArmada/Content/Mannequin/Character/Materials/MaterialLayers/ML_GlossyBlack_Latex_UE4.uasset" 645
"../../../../../../../My Media/UCF Documents/DIG 4725/Game-Files/SuperSpaceArmada/Content/Mannequin/Character/Materials/MaterialLayers/T_ML_Rubber_Blue_01_D.uasset" 646
"../../../../../../../My Media/UCF Documents/DIG 4725/Game-Files/SuperSpaceArmada/Content/Mannequin/Character/Materials/MaterialLayers/T_ML_Rubber_Blue_01_N.uasset" 647
"../../../../../../../My Media/UCF Documents/DIG 4725/Game-Files/SuperSpaceArmada/Content/Mannequin/Character/Materials/MaterialLayers/ML_Plastic_Shiny_Beige.uasset" 648
"../../../../../../../My Media/UCF Documents/DIG 4725/Game-Files/SuperSpaceArmada/Content/Mannequin/Character/Materials/MaterialLayers/ML_Plastic_Shiny_Beige_LOGO.uasset" 649
"../../../../../../../My Media/UCF Documents/DIG 4725/Game-Files/SuperSpaceArmada/Content/Mannequin/Character/Textures/UE4_LOGO_CARD.uasset" 650
"../../../../../../../My Media/UCF Documents/DIG 4725/Game-Files/SuperSpaceArmada/Content/Mannequin/Character/Materials/MaterialLayers/ML_SoftMetal_UE4.uasset" 651
"../../../../../../../My Media/UCF Documents/DIG 4725/Game-Files/SuperSpaceArmada/Content/Mannequin/Character/Materials/MaterialLayers/T_ML_Aluminum01.uasset" 652
"../../../../../../../My Media/UCF Documents/DIG 4725/Game-Files/SuperSpaceArmada/Content/Mannequin/Character/Materials/MaterialLayers/T_ML_Aluminum01_N.uasset" 653
"../../../../../../../My Media/UCF Documents/DIG 4725/Game-Files/SuperSpaceArmada/Content/Mannequin/Character/Textures/UE4_Mannequin__normals.uasset" 654
"../../../../../../../My Media/UCF Documents/DIG 4725/Game-Files/SuperSpaceArmada/Content/Mannequin/Character/Textures/UE4_Mannequin_MAT_MASKA.uasset" 655
"../../../../../../../My Media/UCF Documents/DIG 4725/Game-Files/SuperSpaceArmada/Content/Mannequin/Character/Materials/M_UE4Man_ChestLogo.uasset" 656
"../../../../../../../My Media/UCF Documents/DIG 4725/Game-Files/SuperSpaceArmada/Content/Mannequin/Character/Textures/UE4Man_Logo_N.uasset" 657
"../../../../../../../My Media/UCF Documents/DIG 4725/Game-Files/SuperSpaceArmada/Content/Geometry/Meshes/HumanFrigate/humanShip.uasset" 658
"../../../../../../../My Media/UCF Documents/DIG 4725/Game-Files/SuperSpaceArmada/Content/Geometry/Meshes/HumanFrigate/cockpitGlass_low.uasset" 659
"../../../../../../../My Media/UCF Documents/DIG 4725/Game-Files/SuperSpaceArmada/Content/Geometry/Textures/HumanFrigate/cockpitGlass_low_Base_Color.uasset" 660
"../../../../../../../My Media/UCF Documents/DIG 4725/Game-Files/SuperSpaceArmada/Content/Geometry/Textures/HumanFrigate/cockpitGlass_low_Metallic.uasset" 661
"../../../../../../../My Media/UCF Documents/DIG 4725/Game-Files/SuperSpaceArmada/Content/Geometry/Textures/HumanFrigate/cockpitGlass_low_Normal_DirectX.uasset" 662
"../../../../../../../My Media/UCF Documents/DIG 4725/Game-Files/SuperSpaceArmada/Content/Geometry/Textures/HumanFrigate/cockpitGlass_low_Roughness.uasset" 663
"../../../../../../../My Media/UCF Documents/DIG 4725/Game-Files/SuperSpaceArmada/Content/Geometry/Meshes/HumanFrigate/guns_low.uasset" 664
"../../../../../../../My Media/UCF Documents/DIG 4725/Game-Files/SuperSpaceArmada/Content/Geometry/Textures/HumanFrigate/guns_low_Ambient_occlusion.uasset" 665
"../../../../../../../My Media/UCF Documents/DIG 4725/Game-Files/SuperSpaceArmada/Content/Geometry/Textures/HumanFrigate/guns_low_Base_Color.uasset" 666
"../../../../../../../My Media/UCF Documents/DIG 4725/Game-Files/SuperSpaceArmada/Content/Geometry/Textures/HumanFrigate/guns_low_Metallic.uasset" 667
"../../../../../../../My Media/UCF Documents/DIG 4725/Game-Files/SuperSpaceArmada/Content/Geometry/Textures/HumanFrigate/guns_low_Normal_DirectX.uasset" 668
"../../../../../../../My Media/UCF Documents/DIG 4725/Game-Files/SuperSpaceArmada/Content/Geometry/Textures/HumanFrigate/guns_low_Roughness.uasset" 669
"../../../../../../../My Media/UCF Documents/DIG 4725/Game-Files/SuperSpaceArmada/Content/Geometry/Textures/HumanFrigate/humanShip_emissionmaskGuns.uasset" 670
"../../../../../../../My Media/UCF Documents/DIG 4725/Game-Files/SuperSpaceArmada/Content/Geometry/Meshes/HumanFrigate/mainShip_low.uasset" 671
"../../../../../../../My Media/UCF Documents/DIG 4725/Game-Files/SuperSpaceArmada/Content/Geometry/Textures/HumanFrigate/emissioncolor.uasset" 672
"../../../../../../../My Media/UCF Documents/DIG 4725/Game-Files/SuperSpaceArmada/Content/Geometry/Textures/HumanFrigate/humanShip_emissionmask.uasset" 673
"../../../../../../../My Media/UCF Documents/DIG 4725/Game-Files/SuperSpaceArmada/Content/Geometry/Textures/HumanFrigate/mainShip_low_Ambient_occlusion.uasset" 674
"../../../../../../../My Media/UCF Documents/DIG 4725/Game-Files/SuperSpaceArmada/Content/Geometry/Textures/HumanFrigate/mainShip_low_Base_Color.uasset" 675
"../../../../../../../My Media/UCF Documents/DIG 4725/Game-Files/SuperSpaceArmada/Content/Geometry/Textures/HumanFrigate/mainShip_low_Metallic.uasset" 676
"../../../../../../../My Media/UCF Documents/DIG 4725/Game-Files/SuperSpaceArmada/Content/Geometry/Textures/HumanFrigate/mainShip_low_Normal_DirectX.uasset" 677
"../../../../../../../My Media/UCF Documents/DIG 4725/Game-Files/SuperSpaceArmada/Content/Geometry/Textures/HumanFrigate/mainShip_low_Roughness.uasset" 678
"../../../../../../../My Media/UCF Documents/DIG 4725/Game-Files/SuperSpaceArmada/Content/Geometry/Textures/HumanFrigate/mainShip_low_Specular.uasset" 679
"../../../../../../../My Media/UCF Documents/DIG 4725/Game-Files/SuperSpaceArmada/Content/SSA/Blueprints/Weapons/Human_Torpedo.uasset" 680
"../../../../../../../My Media/UCF Documents/DIG 4725/Game-Files/SuperSpaceArmada/Content/SSA/Blueprints/Objects/Debris.uasset" 681
"../../../../../../../My Media/UCF Documents/DIG 4725/Game-Files/SuperSpaceArmada/Content/SSA/Blueprints/Player/Player.uasset" 682
"../../../../../../../My Media/UCF Documents/DIG 4725/Game-Files/SuperSpaceArmada/Content/Geometry/Meshes/HumanFrigate/humanShip_withBones.uasset" 683
"../../../../../../../My Media/UCF Documents/DIG 4725/Game-Files/SuperSpaceArmada/Content/Geometry/Meshes/HumanFrigate/humanShip_withBones_PhysicsAsset.uasset" 684
"../../../../../../../My Media/UCF Documents/DIG 4725/Game-Files/SuperSpaceArmada/Content/SSA/Blueprints/Enemy_Kratakos.uasset" 685
"../../../../../../../My Media/UCF Documents/DIG 4725/Game-Files/SuperSpaceArmada/Content/SSA/Blueprints/AI/EnemyAI1.uasset" 686
"../../../../../../../My Media/UCF Documents/DIG 4725/Game-Files/SuperSpaceArmada/Content/SSA/Blueprints/AI/EnemyAIBehavior.uasset" 687
"../../../../../../../My Media/UCF Documents/DIG 4725/Game-Files/SuperSpaceArmada/Content/SSA/Blueprints/AI/EnemyAIBlackboard.uasset" 688
"../../../../../../../My Media/UCF Documents/DIG 4725/Game-Files/SuperSpaceArmada/Content/SSA/Blueprints/AI/AgroCheck.uasset" 689
"../../../../../../../My Media/UCF Documents/DIG 4725/Game-Files/SuperSpaceArmada/Content/Effects/Particles/P_LaserBeam_Blue.uasset" 690
"../../../Engine/Content/BasicShapes/Sphere.uasset" 691
"../../../../../../../My Media/UCF Documents/DIG 4725/Game-Files/SuperSpaceArmada/Content/HDRI_Space_Mat.uasset" 692
"../../../../../../../My Media/UCF Documents/DIG 4725/Game-Files/SuperSpaceArmada/Content/HDRI_Space.uasset" 693
"../../../../../../../My Media/UCF Documents/DIG 4725/Game-Files/SuperSpaceArmada/Content/SSA/Blueprints/Menues/HUD.uasset" 694
"../../../../../../../My Media/UCF Documents/DIG 4725/Game-Files/SuperSpaceArmada/Content/SSA/Blueprints/Menues/Game_Beat.uasset" 695
"../../../../../../../My Media/UCF Documents/DIG 4725/Game-Files/SuperSpaceArmada/Content/SSA/Blueprints/Menues/GameOver.uasset" 696
"../../../../../../../My Media/UCF Documents/DIG 4725/Game-Files/SuperSpaceArmada/Content/SSA/Blueprints/Weapons/AI_Ram_Trigger.uasset" 697
"../../../../../../../My Media/UCF Documents/DIG 4725/Game-Files/SuperSpaceArmada/Content/Geometry/Meshes/Asteroid/asteroid.uasset" 698
"../../../../../../../My Media/UCF Documents/DIG 4725/Game-Files/SuperSpaceArmada/Content/Geometry/Meshes/Asteroid/lambert1.uasset" 699
"../../../../../../../My Media/UCF Documents/DIG 4725/Game-Files/SuperSpaceArmada/Content/Geometry/Textures/Asteroid/lambert1_Ambient_occlusion.uasset" 700
"../../../../../../../My Media/UCF Documents/DIG 4725/Game-Files/SuperSpaceArmada/Content/Geometry/Textures/Asteroid/lambert1_Base_Color.uasset" 701
"../../../../../../../My Media/UCF Documents/DIG 4725/Game-Files/SuperSpaceArmada/Content/Geometry/Textures/Asteroid/lambert1_Metallic.uasset" 702
"../../../../../../../My Media/UCF Documents/DIG 4725/Game-Files/SuperSpaceArmada/Content/Geometry/Textures/Asteroid/lambert1_Normal_DirectX.uasset" 703
"../../../../../../../My Media/UCF Documents/DIG 4725/Game-Files/SuperSpaceArmada/Content/Geometry/Textures/Asteroid/lambert1_Roughness.uasset" 704
"../../../../../../../My Media/UCF Documents/DIG 4725/Game-Files/SuperSpaceArmada/Content/SSA/Blueprints/Player.uasset" 705
"../../../../../../../My Media/UCF Documents/DIG 4725/Game-Files/SuperSpaceArmada/Content/SSA/Blueprints/Player_Ships/Player_Kratakos.uasset" 706
"../../../../../../../My Media/UCF Documents/DIG 4725/Game-Files/SuperSpaceArmada/Content/Effects/ScreenShakeKratakosBoost.uasset" 707
"../../../../../../../My Media/UCF Documents/DIG 4725/Game-Files/SuperSpaceArmada/Content/Effects/ScreenShakeWeapons.uasset" 708
"../../../../../../../My Media/UCF Documents/DIG 4725/Game-Files/SuperSpaceArmada/Content/SSA/Blueprints/Weapons/Kratakos_Rail_Gun.uasset" 709
"../../../../../../../My Media/UCF Documents/DIG 4725/Game-Files/SuperSpaceArmada/Content/Effects/Particles/P_Missile_Explosion.uasset" 710
"../../../../../../../My Media/UCF Documents/DIG 4725/Game-Files/SuperSpaceArmada/Content/Effects/Materials/Fire/Mat_Fire.uasset" 711
"../../../../../../../My Media/UCF Documents/DIG 4725/Game-Files/SuperSpaceArmada/Content/Effects/Textures/Fire/T_FireSubUV_11X11_32.uasset" 712
"../../../../../../../My Media/UCF Documents/DIG 4725/Game-Files/SuperSpaceArmada/Content/Effects/Materials/Flares/M_FlareRound.uasset" 713
"../../../../../../../My Media/UCF Documents/DIG 4725/Game-Files/SuperSpaceArmada/Content/Effects/Textures/Flares/T_FlareRound_Noise.uasset" 714
"../../../../../../../My Media/UCF Documents/DIG 4725/Game-Files/SuperSpaceArmada/Content/Effects/VectorFields/VF_RandomNoise_01_90.uasset" 715
"../../../../../../../My Media/UCF Documents/DIG 4725/Game-Files/SuperSpaceArmada/Content/Effects/Particles/P_Railgun.uasset" 716
"../../../../../../../My Media/UCF Documents/DIG 4725/Game-Files/SuperSpaceArmada/Content/Effects/Particles/P_Railgun_Impact.uasset" 717
"../../../../../../../My Media/UCF Documents/DIG 4725/Game-Files/SuperSpaceArmada/Content/SSA/Blueprints/Weapons/Player_Ram_Trigger.uasset" 718
"../../../../../../../My Media/UCF Documents/DIG 4725/Game-Files/SuperSpaceArmada/Content/Effects/Particles/P_Bullet.uasset" 719
"../../../../../../../My Media/UCF Documents/DIG 4725/Game-Files/SuperSpaceArmada/Content/SSA/Blueprints/Menues/Asteroid_Event.uasset" 720
"../../../../../../../My Media/UCF Documents/DIG 4725/Game-Files/SuperSpaceArmada/Content/SSA/Blueprints/Menues/Bonanza.uasset" 721
"../../../../../../../My Media/UCF Documents/DIG 4725/Game-Files/SuperSpaceArmada/Content/SSA/Blueprints/Weapons/Player_Phaser_Trigger.uasset" 722
"../../../../../../../My Media/UCF Documents/DIG 4725/Game-Files/SuperSpaceArmada/Content/Effects/Particles/P_Railgun_charge.uasset" 723
"../../../../../../../My Media/UCF Documents/DIG 4725/Game-Files/SuperSpaceArmada/Content/Effects/Particles/P_Thruster_Old.uasset" 724
"../../../../../../../My Media/UCF Documents/DIG 4725/Game-Files/SuperSpaceArmada/Content/SSA/Music/Sound_Effects/Rail_Gun_Cue.uasset" 725
"../../../../../../../My Media/UCF Documents/DIG 4725/Game-Files/SuperSpaceArmada/Content/SSA/Music/Sound_Effects/Ram_Lunge_Cue.uasset" 726
"../../../../../../../My Media/UCF Documents/DIG 4725/Game-Files/SuperSpaceArmada/Content/SSA/Blueprints/AI/CloseEnough.uasset" 727
"../../../../../../../My Media/UCF Documents/DIG 4725/Game-Files/SuperSpaceArmada/Content/SSA/Blueprints/AI/RapidMoveTo.uasset" 728
"../../../../../../../My Media/UCF Documents/DIG 4725/Game-Files/SuperSpaceArmada/Content/SSA/Blueprints/AI/HumanEnemyAi.uasset" 729
"../../../../../../../My Media/UCF Documents/DIG 4725/Game-Files/SuperSpaceArmada/Content/Effects/Particles/P_Bullet_Impact.uasset" 730
"../../../../../../../My Media/UCF Documents/DIG 4725/Game-Files/SuperSpaceArmada/Content/StarterContent/Particles/Materials/M_Spark.uasset" 731
"../../../../../../../My Media/UCF Documents/DIG 4725/Game-Files/SuperSpaceArmada/Content/StarterContent/Textures/T_Spark_Core.uasset" 732
"../../../../../../../My Media/UCF Documents/DIG 4725/Game-Files/SuperSpaceArmada/Content/Effects/Particles/P_Impact_Explosion.uasset" 733
"../../../../../../../My Media/UCF Documents/DIG 4725/Game-Files/SuperSpaceArmada/Content/SSA/Music/Sound_Effects/Laser_Cue.uasset" 734
"../../../../../../../My Media/UCF Documents/DIG 4725/Game-Files/SuperSpaceArmada/Content/SSA/Music/Sound_Effects/Phasers.uasset" 735
